[2025-12-16T16:39:37.275+0000] {taskinstance.py:1956} INFO - Dependencies all met for dep_context=non-requeueable deps ti=<TaskInstance: etl_airflow.extract scheduled__2024-10-03T00:00:00+00:00 [queued]>
[2025-12-16T16:39:37.296+0000] {taskinstance.py:1956} INFO - Dependencies all met for dep_context=requeueable deps ti=<TaskInstance: etl_airflow.extract scheduled__2024-10-03T00:00:00+00:00 [queued]>
[2025-12-16T16:39:37.297+0000] {taskinstance.py:2170} INFO - Starting attempt 1 of 3
[2025-12-16T16:39:37.373+0000] {taskinstance.py:2191} INFO - Executing <Task(PythonOperator): extract> on 2024-10-03 00:00:00+00:00
[2025-12-16T16:39:37.386+0000] {standard_task_runner.py:60} INFO - Started process 1625 to run task
[2025-12-16T16:39:37.393+0000] {standard_task_runner.py:87} INFO - Running: ['***', 'tasks', 'run', 'etl_***', 'extract', 'scheduled__2024-10-03T00:00:00+00:00', '--job-id', '823', '--raw', '--subdir', 'DAGS_FOLDER/etl_dag.py', '--cfg-path', '/tmp/tmpc77rluzx']
[2025-12-16T16:39:37.398+0000] {standard_task_runner.py:88} INFO - Job 823: Subtask extract
[2025-12-16T16:39:37.539+0000] {task_command.py:423} INFO - Running <TaskInstance: etl_airflow.extract scheduled__2024-10-03T00:00:00+00:00 [running]> on host 02b83863a69a
[2025-12-16T16:39:37.682+0000] {taskinstance.py:2480} INFO - Exporting env vars: AIRFLOW_CTX_DAG_OWNER='***' AIRFLOW_CTX_DAG_ID='etl_***' AIRFLOW_CTX_TASK_ID='extract' AIRFLOW_CTX_EXECUTION_DATE='2024-10-03T00:00:00+00:00' AIRFLOW_CTX_TRY_NUMBER='1' AIRFLOW_CTX_DAG_RUN_ID='scheduled__2024-10-03T00:00:00+00:00'
[2025-12-16T16:39:37.686+0000] {logging_mixin.py:188} INFO - Extracting data from /opt/***/data/input.csv
[2025-12-16T16:39:37.693+0000] {taskinstance.py:2698} ERROR - Task failed with exception
Traceback (most recent call last):
  File "/home/airflow/.local/lib/python3.8/site-packages/airflow/models/taskinstance.py", line 433, in _execute_task
    result = execute_callable(context=context, **execute_callable_kwargs)
  File "/home/airflow/.local/lib/python3.8/site-packages/airflow/operators/python.py", line 199, in execute
    return_value = self.execute_callable()
  File "/home/airflow/.local/lib/python3.8/site-packages/airflow/operators/python.py", line 216, in execute_callable
    return self.python_callable(*self.op_args, **self.op_kwargs)
  File "/opt/airflow/etl_logic/pipeline.py", line 97, in extract_data
    df = pd.read_csv(input_path)
  File "/home/airflow/.local/lib/python3.8/site-packages/pandas/io/parsers/readers.py", line 912, in read_csv
    return _read(filepath_or_buffer, kwds)
  File "/home/airflow/.local/lib/python3.8/site-packages/pandas/io/parsers/readers.py", line 577, in _read
    parser = TextFileReader(filepath_or_buffer, **kwds)
  File "/home/airflow/.local/lib/python3.8/site-packages/pandas/io/parsers/readers.py", line 1407, in __init__
    self._engine = self._make_engine(f, self.engine)
  File "/home/airflow/.local/lib/python3.8/site-packages/pandas/io/parsers/readers.py", line 1661, in _make_engine
    self.handles = get_handle(
  File "/home/airflow/.local/lib/python3.8/site-packages/pandas/io/common.py", line 859, in get_handle
    handle = open(
FileNotFoundError: [Errno 2] No such file or directory: '/opt/airflow/data/input.csv'
[2025-12-16T16:39:37.727+0000] {taskinstance.py:1138} INFO - Marking task as UP_FOR_RETRY. dag_id=etl_***, task_id=extract, execution_date=20241003T000000, start_date=20251216T163937, end_date=20251216T163937
[2025-12-16T16:39:37.755+0000] {standard_task_runner.py:107} ERROR - Failed to execute job 823 for task extract ([Errno 2] No such file or directory: '/opt/airflow/data/input.csv'; 1625)
[2025-12-16T16:39:37.808+0000] {local_task_job_runner.py:234} INFO - Task exited with return code 1
[2025-12-16T16:39:38.165+0000] {taskinstance.py:3280} INFO - 0 downstream tasks scheduled from follow-on schedule check
[2025-12-17T01:55:05.064+0000] {taskinstance.py:1956} INFO - Dependencies all met for dep_context=non-requeueable deps ti=<TaskInstance: etl_airflow.extract scheduled__2024-10-03T00:00:00+00:00 [queued]>
[2025-12-17T01:55:05.097+0000] {taskinstance.py:1956} INFO - Dependencies all met for dep_context=requeueable deps ti=<TaskInstance: etl_airflow.extract scheduled__2024-10-03T00:00:00+00:00 [queued]>
[2025-12-17T01:55:05.100+0000] {taskinstance.py:2170} INFO - Starting attempt 1 of 3
[2025-12-17T01:55:05.186+0000] {taskinstance.py:2191} INFO - Executing <Task(PythonOperator): extract> on 2024-10-03 00:00:00+00:00
[2025-12-17T01:55:05.207+0000] {standard_task_runner.py:60} INFO - Started process 2897 to run task
[2025-12-17T01:55:05.222+0000] {standard_task_runner.py:87} INFO - Running: ['***', 'tasks', 'run', 'etl_***', 'extract', 'scheduled__2024-10-03T00:00:00+00:00', '--job-id', '847', '--raw', '--subdir', 'DAGS_FOLDER/etl_dag.py', '--cfg-path', '/tmp/tmpj4fpmr_d']
[2025-12-17T01:55:05.233+0000] {standard_task_runner.py:88} INFO - Job 847: Subtask extract
[2025-12-17T01:55:05.471+0000] {task_command.py:423} INFO - Running <TaskInstance: etl_airflow.extract scheduled__2024-10-03T00:00:00+00:00 [running]> on host 571e042550da
[2025-12-17T01:55:06.018+0000] {taskinstance.py:2480} INFO - Exporting env vars: AIRFLOW_CTX_DAG_OWNER='***' AIRFLOW_CTX_DAG_ID='etl_***' AIRFLOW_CTX_TASK_ID='extract' AIRFLOW_CTX_EXECUTION_DATE='2024-10-03T00:00:00+00:00' AIRFLOW_CTX_TRY_NUMBER='1' AIRFLOW_CTX_DAG_RUN_ID='scheduled__2024-10-03T00:00:00+00:00'
[2025-12-17T01:55:06.021+0000] {logging_mixin.py:188} INFO - [EXTRACT] Reading /opt/***/data/synthetic_events.csv
[2025-12-17T01:55:06.050+0000] {logging_mixin.py:188} INFO - [EXTRACT] done
[2025-12-17T01:55:06.051+0000] {python.py:201} INFO - Done. Returned value was: None
[2025-12-17T01:55:06.069+0000] {taskinstance.py:1138} INFO - Marking task as SUCCESS. dag_id=etl_***, task_id=extract, execution_date=20241003T000000, start_date=20251217T015505, end_date=20251217T015506
[2025-12-17T01:55:06.295+0000] {local_task_job_runner.py:234} INFO - Task exited with return code 0
[2025-12-17T01:55:06.348+0000] {taskinstance.py:3280} INFO - 1 downstream tasks scheduled from follow-on schedule check
[2025-12-17T04:52:14.635+0000] {taskinstance.py:1956} INFO - Dependencies all met for dep_context=non-requeueable deps ti=<TaskInstance: etl_airflow.extract scheduled__2024-10-03T00:00:00+00:00 [queued]>
[2025-12-17T04:52:14.649+0000] {taskinstance.py:1956} INFO - Dependencies all met for dep_context=requeueable deps ti=<TaskInstance: etl_airflow.extract scheduled__2024-10-03T00:00:00+00:00 [queued]>
[2025-12-17T04:52:14.650+0000] {taskinstance.py:2170} INFO - Starting attempt 1 of 3
[2025-12-17T04:52:14.673+0000] {taskinstance.py:2191} INFO - Executing <Task(PythonOperator): extract> on 2024-10-03 00:00:00+00:00
[2025-12-17T04:52:14.680+0000] {standard_task_runner.py:60} INFO - Started process 3837 to run task
[2025-12-17T04:52:14.687+0000] {standard_task_runner.py:87} INFO - Running: ['***', 'tasks', 'run', 'etl_***', 'extract', 'scheduled__2024-10-03T00:00:00+00:00', '--job-id', '1095', '--raw', '--subdir', 'DAGS_FOLDER/etl_***.py', '--cfg-path', '/tmp/tmpwwpefrfy']
[2025-12-17T04:52:14.691+0000] {standard_task_runner.py:88} INFO - Job 1095: Subtask extract
[2025-12-17T04:52:14.825+0000] {task_command.py:423} INFO - Running <TaskInstance: etl_airflow.extract scheduled__2024-10-03T00:00:00+00:00 [running]> on host b3426f05ac70
[2025-12-17T04:52:15.177+0000] {taskinstance.py:2480} INFO - Exporting env vars: AIRFLOW_CTX_DAG_OWNER='***' AIRFLOW_CTX_DAG_ID='etl_***' AIRFLOW_CTX_TASK_ID='extract' AIRFLOW_CTX_EXECUTION_DATE='2024-10-03T00:00:00+00:00' AIRFLOW_CTX_TRY_NUMBER='1' AIRFLOW_CTX_DAG_RUN_ID='scheduled__2024-10-03T00:00:00+00:00'
[2025-12-17T04:52:15.205+0000] {python.py:201} INFO - Done. Returned value was:    user_id event_type           timestamp country
0        1      login 2025-01-01 09:00:00      IN
1        1      click 2025-01-01 09:05:00      IN
2        1     logout 2025-01-01 09:15:00      IN
3        2      login 2025-01-01 10:00:00      US
4        2      click 2025-01-01 10:10:00      US
5        2     logout 2025-01-01 10:20:00      US
6        3      login 2025-01-02 08:00:00      FR
7        3      click 2025-01-02 08:05:00      FR
8        3     logout 2025-01-02 08:30:00      FR
[2025-12-17T04:52:15.264+0000] {taskinstance.py:1138} INFO - Marking task as SUCCESS. dag_id=etl_***, task_id=extract, execution_date=20241003T000000, start_date=20251217T045214, end_date=20251217T045215
[2025-12-17T04:52:15.422+0000] {local_task_job_runner.py:234} INFO - Task exited with return code 0
[2025-12-17T04:52:15.469+0000] {taskinstance.py:3280} INFO - 1 downstream tasks scheduled from follow-on schedule check
[2025-12-17T07:57:14.688+0000] {taskinstance.py:1956} INFO - Dependencies all met for dep_context=non-requeueable deps ti=<TaskInstance: etl_airflow.extract scheduled__2024-10-03T00:00:00+00:00 [queued]>
[2025-12-17T07:57:14.712+0000] {taskinstance.py:1956} INFO - Dependencies all met for dep_context=requeueable deps ti=<TaskInstance: etl_airflow.extract scheduled__2024-10-03T00:00:00+00:00 [queued]>
[2025-12-17T07:57:14.713+0000] {taskinstance.py:2170} INFO - Starting attempt 1 of 3
[2025-12-17T07:57:14.754+0000] {taskinstance.py:2191} INFO - Executing <Task(PythonOperator): extract> on 2024-10-03 00:00:00+00:00
[2025-12-17T07:57:14.777+0000] {standard_task_runner.py:60} INFO - Started process 3923 to run task
[2025-12-17T07:57:14.786+0000] {standard_task_runner.py:87} INFO - Running: ['***', 'tasks', 'run', 'etl_***', 'extract', 'scheduled__2024-10-03T00:00:00+00:00', '--job-id', '1097', '--raw', '--subdir', 'DAGS_FOLDER/etl_***.py', '--cfg-path', '/tmp/tmpmwxqgylf']
[2025-12-17T07:57:14.795+0000] {standard_task_runner.py:88} INFO - Job 1097: Subtask extract
[2025-12-17T07:57:14.986+0000] {task_command.py:423} INFO - Running <TaskInstance: etl_airflow.extract scheduled__2024-10-03T00:00:00+00:00 [running]> on host 2a0de06c8905
[2025-12-17T07:57:15.534+0000] {taskinstance.py:2480} INFO - Exporting env vars: AIRFLOW_CTX_DAG_OWNER='***' AIRFLOW_CTX_DAG_ID='etl_***' AIRFLOW_CTX_TASK_ID='extract' AIRFLOW_CTX_EXECUTION_DATE='2024-10-03T00:00:00+00:00' AIRFLOW_CTX_TRY_NUMBER='1' AIRFLOW_CTX_DAG_RUN_ID='scheduled__2024-10-03T00:00:00+00:00'
[2025-12-17T07:57:15.579+0000] {python.py:201} INFO - Done. Returned value was:    user_id event_type           timestamp country
0        1      login 2025-01-01 09:00:00      IN
1        1      click 2025-01-01 09:05:00      IN
2        1     logout 2025-01-01 09:15:00      IN
3        2      login 2025-01-01 10:00:00      US
4        2      click 2025-01-01 10:10:00      US
5        2     logout 2025-01-01 10:20:00      US
6        3      login 2025-01-02 08:00:00      FR
7        3      click 2025-01-02 08:05:00      FR
8        3     logout 2025-01-02 08:30:00      FR
[2025-12-17T07:57:15.717+0000] {taskinstance.py:1138} INFO - Marking task as SUCCESS. dag_id=etl_***, task_id=extract, execution_date=20241003T000000, start_date=20251217T075714, end_date=20251217T075715
[2025-12-17T07:57:15.789+0000] {local_task_job_runner.py:234} INFO - Task exited with return code 0
[2025-12-17T07:57:15.872+0000] {taskinstance.py:3280} INFO - 1 downstream tasks scheduled from follow-on schedule check
