[2025-12-16T17:22:34.623+0000] {taskinstance.py:1956} INFO - Dependencies all met for dep_context=non-requeueable deps ti=<TaskInstance: etl_airflow.transform scheduled__2024-04-23T00:00:00+00:00 [queued]>
[2025-12-16T17:22:34.647+0000] {taskinstance.py:1956} INFO - Dependencies all met for dep_context=requeueable deps ti=<TaskInstance: etl_airflow.transform scheduled__2024-04-23T00:00:00+00:00 [queued]>
[2025-12-16T17:22:34.648+0000] {taskinstance.py:2170} INFO - Starting attempt 3 of 5
[2025-12-16T17:22:34.691+0000] {taskinstance.py:2191} INFO - Executing <Task(PythonOperator): transform> on 2024-04-23 00:00:00+00:00
[2025-12-16T17:22:34.711+0000] {standard_task_runner.py:60} INFO - Started process 6594 to run task
[2025-12-16T17:22:34.716+0000] {standard_task_runner.py:87} INFO - Running: ['***', 'tasks', 'run', 'etl_***', 'transform', 'scheduled__2024-04-23T00:00:00+00:00', '--job-id', '6171', '--raw', '--subdir', 'DAGS_FOLDER/etl_dag.py', '--cfg-path', '/tmp/tmp68ig0dic']
[2025-12-16T17:22:34.725+0000] {standard_task_runner.py:88} INFO - Job 6171: Subtask transform
[2025-12-16T17:22:34.929+0000] {task_command.py:423} INFO - Running <TaskInstance: etl_airflow.transform scheduled__2024-04-23T00:00:00+00:00 [running]> on host 3b89cfee50e9
[2025-12-16T17:22:35.276+0000] {taskinstance.py:2480} INFO - Exporting env vars: AIRFLOW_CTX_DAG_OWNER='***' AIRFLOW_CTX_DAG_ID='etl_***' AIRFLOW_CTX_TASK_ID='transform' AIRFLOW_CTX_EXECUTION_DATE='2024-04-23T00:00:00+00:00' AIRFLOW_CTX_TRY_NUMBER='3' AIRFLOW_CTX_DAG_RUN_ID='scheduled__2024-04-23T00:00:00+00:00'
[2025-12-16T17:22:35.280+0000] {logging_mixin.py:188} INFO - [TRANSFORM]
[2025-12-16T17:22:35.707+0000] {logging_mixin.py:188} INFO - [TRANSFORM] done
[2025-12-16T17:22:35.709+0000] {python.py:201} INFO - Done. Returned value was: None
[2025-12-16T17:22:35.731+0000] {taskinstance.py:1138} INFO - Marking task as SUCCESS. dag_id=etl_***, task_id=transform, execution_date=20240423T000000, start_date=20251216T172234, end_date=20251216T172235
[2025-12-16T17:22:35.818+0000] {local_task_job_runner.py:234} INFO - Task exited with return code 0
[2025-12-16T17:22:35.865+0000] {taskinstance.py:3280} INFO - 1 downstream tasks scheduled from follow-on schedule check
[2025-12-17T04:46:53.434+0000] {taskinstance.py:1956} INFO - Dependencies all met for dep_context=non-requeueable deps ti=<TaskInstance: etl_airflow.transform scheduled__2024-04-23T00:00:00+00:00 [queued]>
[2025-12-17T04:46:53.447+0000] {taskinstance.py:1956} INFO - Dependencies all met for dep_context=requeueable deps ti=<TaskInstance: etl_airflow.transform scheduled__2024-04-23T00:00:00+00:00 [queued]>
[2025-12-17T04:46:53.448+0000] {taskinstance.py:2170} INFO - Starting attempt 3 of 3
[2025-12-17T04:46:53.574+0000] {taskinstance.py:2191} INFO - Executing <Task(PythonOperator): transform> on 2024-04-23 00:00:00+00:00
[2025-12-17T04:46:53.583+0000] {standard_task_runner.py:60} INFO - Started process 1877 to run task
[2025-12-17T04:46:53.587+0000] {standard_task_runner.py:87} INFO - Running: ['***', 'tasks', 'run', 'etl_***', 'transform', 'scheduled__2024-04-23T00:00:00+00:00', '--job-id', '498', '--raw', '--subdir', 'DAGS_FOLDER/etl_***.py', '--cfg-path', '/tmp/tmpm1vvn0wp']
[2025-12-17T04:46:53.590+0000] {standard_task_runner.py:88} INFO - Job 498: Subtask transform
[2025-12-17T04:46:53.698+0000] {task_command.py:423} INFO - Running <TaskInstance: etl_airflow.transform scheduled__2024-04-23T00:00:00+00:00 [running]> on host b3426f05ac70
[2025-12-17T04:46:54.051+0000] {taskinstance.py:2480} INFO - Exporting env vars: AIRFLOW_CTX_DAG_OWNER='***' AIRFLOW_CTX_DAG_ID='etl_***' AIRFLOW_CTX_TASK_ID='transform' AIRFLOW_CTX_EXECUTION_DATE='2024-04-23T00:00:00+00:00' AIRFLOW_CTX_TRY_NUMBER='3' AIRFLOW_CTX_DAG_RUN_ID='scheduled__2024-04-23T00:00:00+00:00'
[2025-12-17T04:46:54.056+0000] {taskinstance.py:2698} ERROR - Task failed with exception
Traceback (most recent call last):
  File "/home/airflow/.local/lib/python3.8/site-packages/airflow/models/taskinstance.py", line 433, in _execute_task
    result = execute_callable(context=context, **execute_callable_kwargs)
  File "/home/airflow/.local/lib/python3.8/site-packages/airflow/operators/python.py", line 199, in execute
    return_value = self.execute_callable()
  File "/home/airflow/.local/lib/python3.8/site-packages/airflow/operators/python.py", line 216, in execute_callable
    return self.python_callable(*self.op_args, **self.op_kwargs)
TypeError: transform_data() missing 1 required positional argument: 'df'
[2025-12-17T04:46:54.069+0000] {taskinstance.py:1138} INFO - Marking task as FAILED. dag_id=etl_***, task_id=transform, execution_date=20240423T000000, start_date=20251217T044653, end_date=20251217T044654
[2025-12-17T04:46:54.128+0000] {standard_task_runner.py:107} ERROR - Failed to execute job 498 for task transform (transform_data() missing 1 required positional argument: 'df'; 1877)
[2025-12-17T04:46:54.164+0000] {local_task_job_runner.py:234} INFO - Task exited with return code 1
[2025-12-17T04:46:54.206+0000] {taskinstance.py:3280} INFO - 0 downstream tasks scheduled from follow-on schedule check
[2025-12-17T07:40:17.043+0000] {taskinstance.py:1956} INFO - Dependencies all met for dep_context=non-requeueable deps ti=<TaskInstance: etl_airflow.transform scheduled__2024-04-23T00:00:00+00:00 [queued]>
[2025-12-17T07:40:17.066+0000] {taskinstance.py:1956} INFO - Dependencies all met for dep_context=requeueable deps ti=<TaskInstance: etl_airflow.transform scheduled__2024-04-23T00:00:00+00:00 [queued]>
[2025-12-17T07:40:17.067+0000] {taskinstance.py:2170} INFO - Starting attempt 3 of 3
[2025-12-17T07:40:17.090+0000] {taskinstance.py:2191} INFO - Executing <Task(PythonOperator): transform> on 2024-04-23 00:00:00+00:00
[2025-12-17T07:40:17.103+0000] {standard_task_runner.py:60} INFO - Started process 1935 to run task
[2025-12-17T07:40:17.109+0000] {standard_task_runner.py:87} INFO - Running: ['***', 'tasks', 'run', 'etl_***', 'transform', 'scheduled__2024-04-23T00:00:00+00:00', '--job-id', '500', '--raw', '--subdir', 'DAGS_FOLDER/etl_***.py', '--cfg-path', '/tmp/tmpoj6ga4bu']
[2025-12-17T07:40:17.114+0000] {standard_task_runner.py:88} INFO - Job 500: Subtask transform
[2025-12-17T07:40:17.249+0000] {task_command.py:423} INFO - Running <TaskInstance: etl_airflow.transform scheduled__2024-04-23T00:00:00+00:00 [running]> on host 2a0de06c8905
[2025-12-17T07:40:17.805+0000] {taskinstance.py:2480} INFO - Exporting env vars: AIRFLOW_CTX_DAG_OWNER='***' AIRFLOW_CTX_DAG_ID='etl_***' AIRFLOW_CTX_TASK_ID='transform' AIRFLOW_CTX_EXECUTION_DATE='2024-04-23T00:00:00+00:00' AIRFLOW_CTX_TRY_NUMBER='3' AIRFLOW_CTX_DAG_RUN_ID='scheduled__2024-04-23T00:00:00+00:00'
[2025-12-17T07:40:17.811+0000] {taskinstance.py:2698} ERROR - Task failed with exception
Traceback (most recent call last):
  File "/home/airflow/.local/lib/python3.8/site-packages/airflow/models/taskinstance.py", line 433, in _execute_task
    result = execute_callable(context=context, **execute_callable_kwargs)
  File "/home/airflow/.local/lib/python3.8/site-packages/airflow/operators/python.py", line 199, in execute
    return_value = self.execute_callable()
  File "/home/airflow/.local/lib/python3.8/site-packages/airflow/operators/python.py", line 216, in execute_callable
    return self.python_callable(*self.op_args, **self.op_kwargs)
TypeError: transform_data() missing 1 required positional argument: 'df'
[2025-12-17T07:40:17.841+0000] {taskinstance.py:1138} INFO - Marking task as FAILED. dag_id=etl_***, task_id=transform, execution_date=20240423T000000, start_date=20251217T074017, end_date=20251217T074017
[2025-12-17T07:40:17.864+0000] {standard_task_runner.py:107} ERROR - Failed to execute job 500 for task transform (transform_data() missing 1 required positional argument: 'df'; 1935)
[2025-12-17T07:40:17.928+0000] {local_task_job_runner.py:234} INFO - Task exited with return code 1
[2025-12-17T07:40:17.965+0000] {taskinstance.py:3280} INFO - 0 downstream tasks scheduled from follow-on schedule check
