[2025-12-16T17:16:48.179+0000] {taskinstance.py:1956} INFO - Dependencies all met for dep_context=non-requeueable deps ti=<TaskInstance: etl_airflow.load scheduled__2025-03-24T00:00:00+00:00 [queued]>
[2025-12-16T17:16:48.208+0000] {taskinstance.py:1956} INFO - Dependencies all met for dep_context=requeueable deps ti=<TaskInstance: etl_airflow.load scheduled__2025-03-24T00:00:00+00:00 [queued]>
[2025-12-16T17:16:48.211+0000] {taskinstance.py:2170} INFO - Starting attempt 1 of 3
[2025-12-16T17:16:48.251+0000] {taskinstance.py:2191} INFO - Executing <Task(PythonOperator): load> on 2025-03-24 00:00:00+00:00
[2025-12-16T17:16:48.268+0000] {standard_task_runner.py:60} INFO - Started process 2968 to run task
[2025-12-16T17:16:48.276+0000] {standard_task_runner.py:87} INFO - Running: ['***', 'tasks', 'run', 'etl_***', 'load', 'scheduled__2025-03-24T00:00:00+00:00', '--job-id', '5014', '--raw', '--subdir', 'DAGS_FOLDER/etl_dag.py', '--cfg-path', '/tmp/tmp12djjc1w']
[2025-12-16T17:16:48.285+0000] {standard_task_runner.py:88} INFO - Job 5014: Subtask load
[2025-12-16T17:16:48.461+0000] {task_command.py:423} INFO - Running <TaskInstance: etl_airflow.load scheduled__2025-03-24T00:00:00+00:00 [running]> on host 3b89cfee50e9
[2025-12-16T17:16:48.719+0000] {taskinstance.py:2480} INFO - Exporting env vars: AIRFLOW_CTX_DAG_OWNER='***' AIRFLOW_CTX_DAG_ID='etl_***' AIRFLOW_CTX_TASK_ID='load' AIRFLOW_CTX_EXECUTION_DATE='2025-03-24T00:00:00+00:00' AIRFLOW_CTX_TRY_NUMBER='1' AIRFLOW_CTX_DAG_RUN_ID='scheduled__2025-03-24T00:00:00+00:00'
[2025-12-16T17:16:48.724+0000] {logging_mixin.py:188} INFO - [LOAD]
[2025-12-16T17:16:49.124+0000] {logging_mixin.py:188} INFO -    user_id event_type            timestamp country
0        1      login  2025-01-01T09:00:00      IN
1        1      click  2025-01-01T09:05:00      IN
2        1     logout  2025-01-01T09:15:00      IN
3        3      login  2025-01-02T08:00:00      FR
4        3      click  2025-01-02T08:05:00      FR
[2025-12-16T17:16:49.126+0000] {logging_mixin.py:188} INFO - [LOAD] done
[2025-12-16T17:16:49.128+0000] {python.py:201} INFO - Done. Returned value was: None
[2025-12-16T17:16:49.170+0000] {taskinstance.py:1138} INFO - Marking task as SUCCESS. dag_id=etl_***, task_id=load, execution_date=20250324T000000, start_date=20251216T171648, end_date=20251216T171649
[2025-12-16T17:16:49.244+0000] {local_task_job_runner.py:234} INFO - Task exited with return code 0
[2025-12-16T17:16:49.412+0000] {taskinstance.py:3280} INFO - 0 downstream tasks scheduled from follow-on schedule check
[2025-12-17T01:57:57.072+0000] {taskinstance.py:1956} INFO - Dependencies all met for dep_context=non-requeueable deps ti=<TaskInstance: etl_airflow.load scheduled__2025-03-24T00:00:00+00:00 [queued]>
[2025-12-17T01:57:57.095+0000] {taskinstance.py:1956} INFO - Dependencies all met for dep_context=requeueable deps ti=<TaskInstance: etl_airflow.load scheduled__2025-03-24T00:00:00+00:00 [queued]>
[2025-12-17T01:57:57.098+0000] {taskinstance.py:2170} INFO - Starting attempt 1 of 3
[2025-12-17T01:57:57.130+0000] {taskinstance.py:2191} INFO - Executing <Task(PythonOperator): load> on 2025-03-24 00:00:00+00:00
[2025-12-17T01:57:57.143+0000] {standard_task_runner.py:60} INFO - Started process 4586 to run task
[2025-12-17T01:57:57.152+0000] {standard_task_runner.py:87} INFO - Running: ['***', 'tasks', 'run', 'etl_***', 'load', 'scheduled__2025-03-24T00:00:00+00:00', '--job-id', '1380', '--raw', '--subdir', 'DAGS_FOLDER/etl_dag.py', '--cfg-path', '/tmp/tmpozppb6yu']
[2025-12-17T01:57:57.157+0000] {standard_task_runner.py:88} INFO - Job 1380: Subtask load
[2025-12-17T01:57:57.320+0000] {task_command.py:423} INFO - Running <TaskInstance: etl_airflow.load scheduled__2025-03-24T00:00:00+00:00 [running]> on host 571e042550da
[2025-12-17T01:57:57.898+0000] {taskinstance.py:2480} INFO - Exporting env vars: AIRFLOW_CTX_DAG_OWNER='***' AIRFLOW_CTX_DAG_ID='etl_***' AIRFLOW_CTX_TASK_ID='load' AIRFLOW_CTX_EXECUTION_DATE='2025-03-24T00:00:00+00:00' AIRFLOW_CTX_TRY_NUMBER='1' AIRFLOW_CTX_DAG_RUN_ID='scheduled__2025-03-24T00:00:00+00:00'
[2025-12-17T01:57:57.905+0000] {logging_mixin.py:188} INFO - [LOAD]
[2025-12-17T01:57:57.971+0000] {logging_mixin.py:188} INFO -    user_id event_type            timestamp country
0        1      login  2025-01-01T09:00:00      IN
1        1      click  2025-01-01T09:05:00      IN
2        1     logout  2025-01-01T09:15:00      IN
3        3      login  2025-01-02T08:00:00      FR
4        3      click  2025-01-02T08:05:00      FR
[2025-12-17T01:57:57.973+0000] {logging_mixin.py:188} INFO - [LOAD] done
[2025-12-17T01:57:57.976+0000] {python.py:201} INFO - Done. Returned value was: None
[2025-12-17T01:57:58.014+0000] {taskinstance.py:1138} INFO - Marking task as SUCCESS. dag_id=etl_***, task_id=load, execution_date=20250324T000000, start_date=20251217T015757, end_date=20251217T015758
[2025-12-17T01:57:58.091+0000] {local_task_job_runner.py:234} INFO - Task exited with return code 0
[2025-12-17T01:57:58.125+0000] {taskinstance.py:3280} INFO - 0 downstream tasks scheduled from follow-on schedule check
