[2025-12-16T17:14:32.891+0000] {taskinstance.py:1956} INFO - Dependencies all met for dep_context=non-requeueable deps ti=<TaskInstance: etl_airflow.transform scheduled__2024-10-20T00:00:00+00:00 [queued]>
[2025-12-16T17:14:32.940+0000] {taskinstance.py:1956} INFO - Dependencies all met for dep_context=requeueable deps ti=<TaskInstance: etl_airflow.transform scheduled__2024-10-20T00:00:00+00:00 [queued]>
[2025-12-16T17:14:32.942+0000] {taskinstance.py:2170} INFO - Starting attempt 1 of 3
[2025-12-16T17:14:32.988+0000] {taskinstance.py:2191} INFO - Executing <Task(PythonOperator): transform> on 2024-10-20 00:00:00+00:00
[2025-12-16T17:14:33.007+0000] {standard_task_runner.py:60} INFO - Started process 1340 to run task
[2025-12-16T17:14:33.021+0000] {standard_task_runner.py:87} INFO - Running: ['***', 'tasks', 'run', 'etl_***', 'transform', 'scheduled__2024-10-20T00:00:00+00:00', '--job-id', '4496', '--raw', '--subdir', 'DAGS_FOLDER/etl_dag.py', '--cfg-path', '/tmp/tmp43nfwiwp']
[2025-12-16T17:14:33.027+0000] {standard_task_runner.py:88} INFO - Job 4496: Subtask transform
[2025-12-16T17:14:33.218+0000] {task_command.py:423} INFO - Running <TaskInstance: etl_airflow.transform scheduled__2024-10-20T00:00:00+00:00 [running]> on host 3b89cfee50e9
[2025-12-16T17:14:33.532+0000] {taskinstance.py:2480} INFO - Exporting env vars: AIRFLOW_CTX_DAG_OWNER='***' AIRFLOW_CTX_DAG_ID='etl_***' AIRFLOW_CTX_TASK_ID='transform' AIRFLOW_CTX_EXECUTION_DATE='2024-10-20T00:00:00+00:00' AIRFLOW_CTX_TRY_NUMBER='1' AIRFLOW_CTX_DAG_RUN_ID='scheduled__2024-10-20T00:00:00+00:00'
[2025-12-16T17:14:33.535+0000] {logging_mixin.py:188} INFO - [TRANSFORM]
[2025-12-16T17:14:33.929+0000] {logging_mixin.py:188} INFO - [TRANSFORM] done
[2025-12-16T17:14:33.931+0000] {python.py:201} INFO - Done. Returned value was: None
[2025-12-16T17:14:33.952+0000] {taskinstance.py:1138} INFO - Marking task as SUCCESS. dag_id=etl_***, task_id=transform, execution_date=20241020T000000, start_date=20251216T171432, end_date=20251216T171433
[2025-12-16T17:14:34.027+0000] {local_task_job_runner.py:234} INFO - Task exited with return code 0
[2025-12-16T17:14:34.137+0000] {taskinstance.py:3280} INFO - 1 downstream tasks scheduled from follow-on schedule check
[2025-12-17T01:55:25.593+0000] {taskinstance.py:1956} INFO - Dependencies all met for dep_context=non-requeueable deps ti=<TaskInstance: etl_airflow.transform scheduled__2024-10-20T00:00:00+00:00 [queued]>
[2025-12-17T01:55:25.608+0000] {taskinstance.py:1956} INFO - Dependencies all met for dep_context=requeueable deps ti=<TaskInstance: etl_airflow.transform scheduled__2024-10-20T00:00:00+00:00 [queued]>
[2025-12-17T01:55:25.613+0000] {taskinstance.py:2170} INFO - Starting attempt 1 of 3
[2025-12-17T01:55:25.634+0000] {taskinstance.py:2191} INFO - Executing <Task(PythonOperator): transform> on 2024-10-20 00:00:00+00:00
[2025-12-17T01:55:25.643+0000] {standard_task_runner.py:60} INFO - Started process 3086 to run task
[2025-12-17T01:55:25.647+0000] {standard_task_runner.py:87} INFO - Running: ['***', 'tasks', 'run', 'etl_***', 'transform', 'scheduled__2024-10-20T00:00:00+00:00', '--job-id', '907', '--raw', '--subdir', 'DAGS_FOLDER/etl_dag.py', '--cfg-path', '/tmp/tmpu6i4l5hz']
[2025-12-17T01:55:25.650+0000] {standard_task_runner.py:88} INFO - Job 907: Subtask transform
[2025-12-17T01:55:25.769+0000] {task_command.py:423} INFO - Running <TaskInstance: etl_airflow.transform scheduled__2024-10-20T00:00:00+00:00 [running]> on host 571e042550da
[2025-12-17T01:55:26.138+0000] {taskinstance.py:2480} INFO - Exporting env vars: AIRFLOW_CTX_DAG_OWNER='***' AIRFLOW_CTX_DAG_ID='etl_***' AIRFLOW_CTX_TASK_ID='transform' AIRFLOW_CTX_EXECUTION_DATE='2024-10-20T00:00:00+00:00' AIRFLOW_CTX_TRY_NUMBER='1' AIRFLOW_CTX_DAG_RUN_ID='scheduled__2024-10-20T00:00:00+00:00'
[2025-12-17T01:55:26.141+0000] {logging_mixin.py:188} INFO - [TRANSFORM]
[2025-12-17T01:55:26.171+0000] {logging_mixin.py:188} INFO - [TRANSFORM] done
[2025-12-17T01:55:26.173+0000] {python.py:201} INFO - Done. Returned value was: None
[2025-12-17T01:55:26.189+0000] {taskinstance.py:1138} INFO - Marking task as SUCCESS. dag_id=etl_***, task_id=transform, execution_date=20241020T000000, start_date=20251217T015525, end_date=20251217T015526
[2025-12-17T01:55:26.225+0000] {local_task_job_runner.py:234} INFO - Task exited with return code 0
[2025-12-17T01:55:26.263+0000] {taskinstance.py:3280} INFO - 1 downstream tasks scheduled from follow-on schedule check
[2025-12-17T04:52:51.600+0000] {taskinstance.py:1956} INFO - Dependencies all met for dep_context=non-requeueable deps ti=<TaskInstance: etl_airflow.transform scheduled__2024-10-20T00:00:00+00:00 [queued]>
[2025-12-17T04:52:51.618+0000] {taskinstance.py:1956} INFO - Dependencies all met for dep_context=requeueable deps ti=<TaskInstance: etl_airflow.transform scheduled__2024-10-20T00:00:00+00:00 [queued]>
[2025-12-17T04:52:51.622+0000] {taskinstance.py:2170} INFO - Starting attempt 1 of 3
[2025-12-17T04:52:51.649+0000] {taskinstance.py:2191} INFO - Executing <Task(PythonOperator): transform> on 2024-10-20 00:00:00+00:00
[2025-12-17T04:52:51.661+0000] {standard_task_runner.py:60} INFO - Started process 4083 to run task
[2025-12-17T04:52:51.666+0000] {standard_task_runner.py:87} INFO - Running: ['***', 'tasks', 'run', 'etl_***', 'transform', 'scheduled__2024-10-20T00:00:00+00:00', '--job-id', '1171', '--raw', '--subdir', 'DAGS_FOLDER/etl_***.py', '--cfg-path', '/tmp/tmpc00ih8oc']
[2025-12-17T04:52:51.671+0000] {standard_task_runner.py:88} INFO - Job 1171: Subtask transform
[2025-12-17T04:52:51.811+0000] {task_command.py:423} INFO - Running <TaskInstance: etl_airflow.transform scheduled__2024-10-20T00:00:00+00:00 [running]> on host b3426f05ac70
[2025-12-17T04:52:52.222+0000] {taskinstance.py:2480} INFO - Exporting env vars: AIRFLOW_CTX_DAG_OWNER='***' AIRFLOW_CTX_DAG_ID='etl_***' AIRFLOW_CTX_TASK_ID='transform' AIRFLOW_CTX_EXECUTION_DATE='2024-10-20T00:00:00+00:00' AIRFLOW_CTX_TRY_NUMBER='1' AIRFLOW_CTX_DAG_RUN_ID='scheduled__2024-10-20T00:00:00+00:00'
[2025-12-17T04:52:52.224+0000] {taskinstance.py:2698} ERROR - Task failed with exception
Traceback (most recent call last):
  File "/home/airflow/.local/lib/python3.8/site-packages/airflow/models/taskinstance.py", line 433, in _execute_task
    result = execute_callable(context=context, **execute_callable_kwargs)
  File "/home/airflow/.local/lib/python3.8/site-packages/airflow/operators/python.py", line 199, in execute
    return_value = self.execute_callable()
  File "/home/airflow/.local/lib/python3.8/site-packages/airflow/operators/python.py", line 216, in execute_callable
    return self.python_callable(*self.op_args, **self.op_kwargs)
TypeError: transform_data() missing 1 required positional argument: 'df'
[2025-12-17T04:52:52.245+0000] {taskinstance.py:1138} INFO - Marking task as UP_FOR_RETRY. dag_id=etl_***, task_id=transform, execution_date=20241020T000000, start_date=20251217T045251, end_date=20251217T045252
[2025-12-17T04:52:52.269+0000] {standard_task_runner.py:107} ERROR - Failed to execute job 1171 for task transform (transform_data() missing 1 required positional argument: 'df'; 4083)
[2025-12-17T04:52:52.330+0000] {local_task_job_runner.py:234} INFO - Task exited with return code 1
[2025-12-17T04:52:52.523+0000] {taskinstance.py:3280} INFO - 0 downstream tasks scheduled from follow-on schedule check
[2025-12-17T07:57:58.612+0000] {taskinstance.py:1956} INFO - Dependencies all met for dep_context=non-requeueable deps ti=<TaskInstance: etl_airflow.transform scheduled__2024-10-20T00:00:00+00:00 [queued]>
[2025-12-17T07:57:58.668+0000] {taskinstance.py:1956} INFO - Dependencies all met for dep_context=requeueable deps ti=<TaskInstance: etl_airflow.transform scheduled__2024-10-20T00:00:00+00:00 [queued]>
[2025-12-17T07:57:58.671+0000] {taskinstance.py:2170} INFO - Starting attempt 1 of 3
[2025-12-17T07:57:58.947+0000] {taskinstance.py:2191} INFO - Executing <Task(PythonOperator): transform> on 2024-10-20 00:00:00+00:00
[2025-12-17T07:57:58.961+0000] {standard_task_runner.py:60} INFO - Started process 4197 to run task
[2025-12-17T07:57:58.969+0000] {standard_task_runner.py:87} INFO - Running: ['***', 'tasks', 'run', 'etl_***', 'transform', 'scheduled__2024-10-20T00:00:00+00:00', '--job-id', '1178', '--raw', '--subdir', 'DAGS_FOLDER/etl_***.py', '--cfg-path', '/tmp/tmp62kmlke1']
[2025-12-17T07:57:58.976+0000] {standard_task_runner.py:88} INFO - Job 1178: Subtask transform
[2025-12-17T07:57:59.137+0000] {task_command.py:423} INFO - Running <TaskInstance: etl_airflow.transform scheduled__2024-10-20T00:00:00+00:00 [running]> on host 2a0de06c8905
[2025-12-17T07:57:59.571+0000] {taskinstance.py:2480} INFO - Exporting env vars: AIRFLOW_CTX_DAG_OWNER='***' AIRFLOW_CTX_DAG_ID='etl_***' AIRFLOW_CTX_TASK_ID='transform' AIRFLOW_CTX_EXECUTION_DATE='2024-10-20T00:00:00+00:00' AIRFLOW_CTX_TRY_NUMBER='1' AIRFLOW_CTX_DAG_RUN_ID='scheduled__2024-10-20T00:00:00+00:00'
[2025-12-17T07:57:59.577+0000] {taskinstance.py:2698} ERROR - Task failed with exception
Traceback (most recent call last):
  File "/home/airflow/.local/lib/python3.8/site-packages/airflow/models/taskinstance.py", line 433, in _execute_task
    result = execute_callable(context=context, **execute_callable_kwargs)
  File "/home/airflow/.local/lib/python3.8/site-packages/airflow/operators/python.py", line 199, in execute
    return_value = self.execute_callable()
  File "/home/airflow/.local/lib/python3.8/site-packages/airflow/operators/python.py", line 216, in execute_callable
    return self.python_callable(*self.op_args, **self.op_kwargs)
TypeError: transform_data() missing 1 required positional argument: 'df'
[2025-12-17T07:57:59.592+0000] {taskinstance.py:1138} INFO - Marking task as UP_FOR_RETRY. dag_id=etl_***, task_id=transform, execution_date=20241020T000000, start_date=20251217T075758, end_date=20251217T075759
[2025-12-17T07:57:59.618+0000] {standard_task_runner.py:107} ERROR - Failed to execute job 1178 for task transform (transform_data() missing 1 required positional argument: 'df'; 4197)
[2025-12-17T07:57:59.668+0000] {local_task_job_runner.py:234} INFO - Task exited with return code 1
[2025-12-17T07:57:59.746+0000] {taskinstance.py:3280} INFO - 0 downstream tasks scheduled from follow-on schedule check
