[2025-12-17T04:53:04.000+0000] {taskinstance.py:1956} INFO - Dependencies all met for dep_context=non-requeueable deps ti=<TaskInstance: etl_airflow.transform scheduled__2024-10-20T00:00:00+00:00 [queued]>
[2025-12-17T04:53:04.016+0000] {taskinstance.py:1956} INFO - Dependencies all met for dep_context=requeueable deps ti=<TaskInstance: etl_airflow.transform scheduled__2024-10-20T00:00:00+00:00 [queued]>
[2025-12-17T04:53:04.017+0000] {taskinstance.py:2170} INFO - Starting attempt 2 of 3
[2025-12-17T04:53:04.080+0000] {taskinstance.py:2191} INFO - Executing <Task(PythonOperator): transform> on 2024-10-20 00:00:00+00:00
[2025-12-17T04:53:04.091+0000] {standard_task_runner.py:60} INFO - Started process 4151 to run task
[2025-12-17T04:53:04.100+0000] {standard_task_runner.py:87} INFO - Running: ['***', 'tasks', 'run', 'etl_***', 'transform', 'scheduled__2024-10-20T00:00:00+00:00', '--job-id', '1189', '--raw', '--subdir', 'DAGS_FOLDER/etl_***.py', '--cfg-path', '/tmp/tmpxvc7zyor']
[2025-12-17T04:53:04.107+0000] {standard_task_runner.py:88} INFO - Job 1189: Subtask transform
[2025-12-17T04:53:04.242+0000] {task_command.py:423} INFO - Running <TaskInstance: etl_airflow.transform scheduled__2024-10-20T00:00:00+00:00 [running]> on host b3426f05ac70
[2025-12-17T04:53:04.671+0000] {taskinstance.py:2480} INFO - Exporting env vars: AIRFLOW_CTX_DAG_OWNER='***' AIRFLOW_CTX_DAG_ID='etl_***' AIRFLOW_CTX_TASK_ID='transform' AIRFLOW_CTX_EXECUTION_DATE='2024-10-20T00:00:00+00:00' AIRFLOW_CTX_TRY_NUMBER='2' AIRFLOW_CTX_DAG_RUN_ID='scheduled__2024-10-20T00:00:00+00:00'
[2025-12-17T04:53:04.674+0000] {taskinstance.py:2698} ERROR - Task failed with exception
Traceback (most recent call last):
  File "/home/airflow/.local/lib/python3.8/site-packages/airflow/models/taskinstance.py", line 433, in _execute_task
    result = execute_callable(context=context, **execute_callable_kwargs)
  File "/home/airflow/.local/lib/python3.8/site-packages/airflow/operators/python.py", line 199, in execute
    return_value = self.execute_callable()
  File "/home/airflow/.local/lib/python3.8/site-packages/airflow/operators/python.py", line 216, in execute_callable
    return self.python_callable(*self.op_args, **self.op_kwargs)
TypeError: transform_data() missing 1 required positional argument: 'df'
[2025-12-17T04:53:04.691+0000] {taskinstance.py:1138} INFO - Marking task as UP_FOR_RETRY. dag_id=etl_***, task_id=transform, execution_date=20241020T000000, start_date=20251217T045304, end_date=20251217T045304
[2025-12-17T04:53:04.713+0000] {standard_task_runner.py:107} ERROR - Failed to execute job 1189 for task transform (transform_data() missing 1 required positional argument: 'df'; 4151)
[2025-12-17T04:53:04.756+0000] {local_task_job_runner.py:234} INFO - Task exited with return code 1
[2025-12-17T04:53:04.800+0000] {taskinstance.py:3280} INFO - 0 downstream tasks scheduled from follow-on schedule check
[2025-12-17T07:58:10.991+0000] {taskinstance.py:1956} INFO - Dependencies all met for dep_context=non-requeueable deps ti=<TaskInstance: etl_airflow.transform scheduled__2024-10-20T00:00:00+00:00 [queued]>
[2025-12-17T07:58:11.018+0000] {taskinstance.py:1956} INFO - Dependencies all met for dep_context=requeueable deps ti=<TaskInstance: etl_airflow.transform scheduled__2024-10-20T00:00:00+00:00 [queued]>
[2025-12-17T07:58:11.020+0000] {taskinstance.py:2170} INFO - Starting attempt 2 of 3
[2025-12-17T07:58:11.310+0000] {taskinstance.py:2191} INFO - Executing <Task(PythonOperator): transform> on 2024-10-20 00:00:00+00:00
[2025-12-17T07:58:11.322+0000] {standard_task_runner.py:60} INFO - Started process 4245 to run task
[2025-12-17T07:58:11.336+0000] {standard_task_runner.py:87} INFO - Running: ['***', 'tasks', 'run', 'etl_***', 'transform', 'scheduled__2024-10-20T00:00:00+00:00', '--job-id', '1194', '--raw', '--subdir', 'DAGS_FOLDER/etl_***.py', '--cfg-path', '/tmp/tmp0efrxa36']
[2025-12-17T07:58:11.341+0000] {standard_task_runner.py:88} INFO - Job 1194: Subtask transform
[2025-12-17T07:58:11.473+0000] {task_command.py:423} INFO - Running <TaskInstance: etl_airflow.transform scheduled__2024-10-20T00:00:00+00:00 [running]> on host 2a0de06c8905
[2025-12-17T07:58:11.922+0000] {taskinstance.py:2480} INFO - Exporting env vars: AIRFLOW_CTX_DAG_OWNER='***' AIRFLOW_CTX_DAG_ID='etl_***' AIRFLOW_CTX_TASK_ID='transform' AIRFLOW_CTX_EXECUTION_DATE='2024-10-20T00:00:00+00:00' AIRFLOW_CTX_TRY_NUMBER='2' AIRFLOW_CTX_DAG_RUN_ID='scheduled__2024-10-20T00:00:00+00:00'
[2025-12-17T07:58:11.931+0000] {taskinstance.py:2698} ERROR - Task failed with exception
Traceback (most recent call last):
  File "/home/airflow/.local/lib/python3.8/site-packages/airflow/models/taskinstance.py", line 433, in _execute_task
    result = execute_callable(context=context, **execute_callable_kwargs)
  File "/home/airflow/.local/lib/python3.8/site-packages/airflow/operators/python.py", line 199, in execute
    return_value = self.execute_callable()
  File "/home/airflow/.local/lib/python3.8/site-packages/airflow/operators/python.py", line 216, in execute_callable
    return self.python_callable(*self.op_args, **self.op_kwargs)
TypeError: transform_data() missing 1 required positional argument: 'df'
[2025-12-17T07:58:11.967+0000] {taskinstance.py:1138} INFO - Marking task as UP_FOR_RETRY. dag_id=etl_***, task_id=transform, execution_date=20241020T000000, start_date=20251217T075810, end_date=20251217T075811
[2025-12-17T07:58:11.996+0000] {standard_task_runner.py:107} ERROR - Failed to execute job 1194 for task transform (transform_data() missing 1 required positional argument: 'df'; 4245)
[2025-12-17T07:58:12.033+0000] {local_task_job_runner.py:234} INFO - Task exited with return code 1
[2025-12-17T07:58:12.075+0000] {taskinstance.py:3280} INFO - 0 downstream tasks scheduled from follow-on schedule check
