[2025-12-17T02:00:37.095+0000] {taskinstance.py:1956} INFO - Dependencies all met for dep_context=non-requeueable deps ti=<TaskInstance: etl_airflow.transform scheduled__2025-09-04T00:00:00+00:00 [queued]>
[2025-12-17T02:00:37.117+0000] {taskinstance.py:1956} INFO - Dependencies all met for dep_context=requeueable deps ti=<TaskInstance: etl_airflow.transform scheduled__2025-09-04T00:00:00+00:00 [queued]>
[2025-12-17T02:00:37.119+0000] {taskinstance.py:2170} INFO - Starting attempt 2 of 3
[2025-12-17T02:00:37.156+0000] {taskinstance.py:2191} INFO - Executing <Task(PythonOperator): transform> on 2025-09-04 00:00:00+00:00
[2025-12-17T02:00:37.178+0000] {standard_task_runner.py:60} INFO - Started process 6264 to run task
[2025-12-17T02:00:37.194+0000] {standard_task_runner.py:87} INFO - Running: ['***', 'tasks', 'run', 'etl_***', 'transform', 'scheduled__2025-09-04T00:00:00+00:00', '--job-id', '1908', '--raw', '--subdir', 'DAGS_FOLDER/etl_dag.py', '--cfg-path', '/tmp/tmpzzmwv9uh']
[2025-12-17T02:00:37.209+0000] {standard_task_runner.py:88} INFO - Job 1908: Subtask transform
[2025-12-17T02:00:37.378+0000] {task_command.py:423} INFO - Running <TaskInstance: etl_airflow.transform scheduled__2025-09-04T00:00:00+00:00 [running]> on host 571e042550da
[2025-12-17T02:00:37.910+0000] {taskinstance.py:2480} INFO - Exporting env vars: AIRFLOW_CTX_DAG_OWNER='***' AIRFLOW_CTX_DAG_ID='etl_***' AIRFLOW_CTX_TASK_ID='transform' AIRFLOW_CTX_EXECUTION_DATE='2025-09-04T00:00:00+00:00' AIRFLOW_CTX_TRY_NUMBER='2' AIRFLOW_CTX_DAG_RUN_ID='scheduled__2025-09-04T00:00:00+00:00'
[2025-12-17T02:00:37.915+0000] {logging_mixin.py:188} INFO - [TRANSFORM]
[2025-12-17T02:00:37.966+0000] {logging_mixin.py:188} INFO - [TRANSFORM] done
[2025-12-17T02:00:37.970+0000] {python.py:201} INFO - Done. Returned value was: None
[2025-12-17T02:00:37.998+0000] {taskinstance.py:1138} INFO - Marking task as SUCCESS. dag_id=etl_***, task_id=transform, execution_date=20250904T000000, start_date=20251217T020037, end_date=20251217T020037
[2025-12-17T02:00:38.072+0000] {local_task_job_runner.py:234} INFO - Task exited with return code 0
[2025-12-17T02:00:38.118+0000] {taskinstance.py:3280} INFO - 1 downstream tasks scheduled from follow-on schedule check
[2025-12-17T05:04:31.514+0000] {taskinstance.py:1956} INFO - Dependencies all met for dep_context=non-requeueable deps ti=<TaskInstance: etl_airflow.transform scheduled__2025-09-04T00:00:00+00:00 [queued]>
[2025-12-17T05:04:31.530+0000] {taskinstance.py:1956} INFO - Dependencies all met for dep_context=requeueable deps ti=<TaskInstance: etl_airflow.transform scheduled__2025-09-04T00:00:00+00:00 [queued]>
[2025-12-17T05:04:31.531+0000] {taskinstance.py:2170} INFO - Starting attempt 2 of 3
[2025-12-17T05:04:31.601+0000] {taskinstance.py:2191} INFO - Executing <Task(PythonOperator): transform> on 2025-09-04 00:00:00+00:00
[2025-12-17T05:04:31.607+0000] {standard_task_runner.py:60} INFO - Started process 8362 to run task
[2025-12-17T05:04:31.613+0000] {standard_task_runner.py:87} INFO - Running: ['***', 'tasks', 'run', 'etl_***', 'transform', 'scheduled__2025-09-04T00:00:00+00:00', '--job-id', '2469', '--raw', '--subdir', 'DAGS_FOLDER/etl_***.py', '--cfg-path', '/tmp/tmp_v8w2wmu']
[2025-12-17T05:04:31.616+0000] {standard_task_runner.py:88} INFO - Job 2469: Subtask transform
[2025-12-17T05:04:31.718+0000] {task_command.py:423} INFO - Running <TaskInstance: etl_airflow.transform scheduled__2025-09-04T00:00:00+00:00 [running]> on host b3426f05ac70
[2025-12-17T05:04:32.087+0000] {taskinstance.py:2480} INFO - Exporting env vars: AIRFLOW_CTX_DAG_OWNER='***' AIRFLOW_CTX_DAG_ID='etl_***' AIRFLOW_CTX_TASK_ID='transform' AIRFLOW_CTX_EXECUTION_DATE='2025-09-04T00:00:00+00:00' AIRFLOW_CTX_TRY_NUMBER='2' AIRFLOW_CTX_DAG_RUN_ID='scheduled__2025-09-04T00:00:00+00:00'
[2025-12-17T05:04:32.089+0000] {taskinstance.py:2698} ERROR - Task failed with exception
Traceback (most recent call last):
  File "/home/airflow/.local/lib/python3.8/site-packages/airflow/models/taskinstance.py", line 433, in _execute_task
    result = execute_callable(context=context, **execute_callable_kwargs)
  File "/home/airflow/.local/lib/python3.8/site-packages/airflow/operators/python.py", line 199, in execute
    return_value = self.execute_callable()
  File "/home/airflow/.local/lib/python3.8/site-packages/airflow/operators/python.py", line 216, in execute_callable
    return self.python_callable(*self.op_args, **self.op_kwargs)
TypeError: transform_data() missing 1 required positional argument: 'df'
[2025-12-17T05:04:32.100+0000] {taskinstance.py:1138} INFO - Marking task as UP_FOR_RETRY. dag_id=etl_***, task_id=transform, execution_date=20250904T000000, start_date=20251217T050431, end_date=20251217T050432
[2025-12-17T05:04:32.123+0000] {standard_task_runner.py:107} ERROR - Failed to execute job 2469 for task transform (transform_data() missing 1 required positional argument: 'df'; 8362)
[2025-12-17T05:04:32.148+0000] {local_task_job_runner.py:234} INFO - Task exited with return code 1
[2025-12-17T05:04:32.211+0000] {taskinstance.py:3280} INFO - 0 downstream tasks scheduled from follow-on schedule check
