[2025-12-16T17:11:30.787+0000] {taskinstance.py:1956} INFO - Dependencies all met for dep_context=non-requeueable deps ti=<TaskInstance: etl_airflow.transform scheduled__2024-05-08T00:00:00+00:00 [queued]>
[2025-12-16T17:11:30.818+0000] {taskinstance.py:1956} INFO - Dependencies all met for dep_context=requeueable deps ti=<TaskInstance: etl_airflow.transform scheduled__2024-05-08T00:00:00+00:00 [queued]>
[2025-12-16T17:11:30.819+0000] {taskinstance.py:2170} INFO - Starting attempt 1 of 3
[2025-12-16T17:11:31.013+0000] {taskinstance.py:2191} INFO - Executing <Task(PythonOperator): transform> on 2024-05-08 00:00:00+00:00
[2025-12-16T17:11:31.033+0000] {standard_task_runner.py:60} INFO - Started process 1491 to run task
[2025-12-16T17:11:31.050+0000] {standard_task_runner.py:87} INFO - Running: ['***', 'tasks', 'run', 'etl_***', 'transform', 'scheduled__2024-05-08T00:00:00+00:00', '--job-id', '3971', '--raw', '--subdir', 'DAGS_FOLDER/etl_dag.py', '--cfg-path', '/tmp/tmpi7w_br4d']
[2025-12-16T17:11:31.060+0000] {standard_task_runner.py:88} INFO - Job 3971: Subtask transform
[2025-12-16T17:11:31.287+0000] {task_command.py:423} INFO - Running <TaskInstance: etl_airflow.transform scheduled__2024-05-08T00:00:00+00:00 [running]> on host 3b89cfee50e9
[2025-12-16T17:11:31.537+0000] {taskinstance.py:2480} INFO - Exporting env vars: AIRFLOW_CTX_DAG_OWNER='***' AIRFLOW_CTX_DAG_ID='etl_***' AIRFLOW_CTX_TASK_ID='transform' AIRFLOW_CTX_EXECUTION_DATE='2024-05-08T00:00:00+00:00' AIRFLOW_CTX_TRY_NUMBER='1' AIRFLOW_CTX_DAG_RUN_ID='scheduled__2024-05-08T00:00:00+00:00'
[2025-12-16T17:11:31.546+0000] {logging_mixin.py:188} INFO - [TRANSFORM]
[2025-12-16T17:11:31.958+0000] {logging_mixin.py:188} INFO - [TRANSFORM] done
[2025-12-16T17:11:31.962+0000] {python.py:201} INFO - Done. Returned value was: None
[2025-12-16T17:11:31.983+0000] {taskinstance.py:1138} INFO - Marking task as SUCCESS. dag_id=etl_***, task_id=transform, execution_date=20240508T000000, start_date=20251216T171130, end_date=20251216T171131
[2025-12-16T17:11:32.064+0000] {local_task_job_runner.py:234} INFO - Task exited with return code 0
[2025-12-16T17:11:32.135+0000] {taskinstance.py:3280} INFO - 1 downstream tasks scheduled from follow-on schedule check
[2025-12-17T01:52:22.673+0000] {taskinstance.py:1956} INFO - Dependencies all met for dep_context=non-requeueable deps ti=<TaskInstance: etl_airflow.transform scheduled__2024-05-08T00:00:00+00:00 [queued]>
[2025-12-17T01:52:22.703+0000] {taskinstance.py:1956} INFO - Dependencies all met for dep_context=requeueable deps ti=<TaskInstance: etl_airflow.transform scheduled__2024-05-08T00:00:00+00:00 [queued]>
[2025-12-17T01:52:22.706+0000] {taskinstance.py:2170} INFO - Starting attempt 1 of 3
[2025-12-17T01:52:22.781+0000] {taskinstance.py:2191} INFO - Executing <Task(PythonOperator): transform> on 2024-05-08 00:00:00+00:00
[2025-12-17T01:52:22.797+0000] {standard_task_runner.py:60} INFO - Started process 1453 to run task
[2025-12-17T01:52:22.834+0000] {standard_task_runner.py:87} INFO - Running: ['***', 'tasks', 'run', 'etl_***', 'transform', 'scheduled__2024-05-08T00:00:00+00:00', '--job-id', '392', '--raw', '--subdir', 'DAGS_FOLDER/etl_dag.py', '--cfg-path', '/tmp/tmp69vm9a_7']
[2025-12-17T01:52:22.856+0000] {standard_task_runner.py:88} INFO - Job 392: Subtask transform
[2025-12-17T01:52:23.186+0000] {task_command.py:423} INFO - Running <TaskInstance: etl_airflow.transform scheduled__2024-05-08T00:00:00+00:00 [running]> on host 571e042550da
[2025-12-17T01:52:23.856+0000] {taskinstance.py:2480} INFO - Exporting env vars: AIRFLOW_CTX_DAG_OWNER='***' AIRFLOW_CTX_DAG_ID='etl_***' AIRFLOW_CTX_TASK_ID='transform' AIRFLOW_CTX_EXECUTION_DATE='2024-05-08T00:00:00+00:00' AIRFLOW_CTX_TRY_NUMBER='1' AIRFLOW_CTX_DAG_RUN_ID='scheduled__2024-05-08T00:00:00+00:00'
[2025-12-17T01:52:23.862+0000] {logging_mixin.py:188} INFO - [TRANSFORM]
[2025-12-17T01:52:23.919+0000] {logging_mixin.py:188} INFO - [TRANSFORM] done
[2025-12-17T01:52:23.921+0000] {python.py:201} INFO - Done. Returned value was: None
[2025-12-17T01:52:23.985+0000] {taskinstance.py:1138} INFO - Marking task as SUCCESS. dag_id=etl_***, task_id=transform, execution_date=20240508T000000, start_date=20251217T015222, end_date=20251217T015223
[2025-12-17T01:52:24.098+0000] {local_task_job_runner.py:234} INFO - Task exited with return code 0
[2025-12-17T01:52:24.161+0000] {taskinstance.py:3280} INFO - 1 downstream tasks scheduled from follow-on schedule check
[2025-12-17T04:47:01.372+0000] {taskinstance.py:1956} INFO - Dependencies all met for dep_context=non-requeueable deps ti=<TaskInstance: etl_airflow.transform scheduled__2024-05-08T00:00:00+00:00 [queued]>
[2025-12-17T04:47:01.395+0000] {taskinstance.py:1956} INFO - Dependencies all met for dep_context=requeueable deps ti=<TaskInstance: etl_airflow.transform scheduled__2024-05-08T00:00:00+00:00 [queued]>
[2025-12-17T04:47:01.397+0000] {taskinstance.py:2170} INFO - Starting attempt 1 of 3
[2025-12-17T04:47:01.424+0000] {taskinstance.py:2191} INFO - Executing <Task(PythonOperator): transform> on 2024-05-08 00:00:00+00:00
[2025-12-17T04:47:01.436+0000] {standard_task_runner.py:60} INFO - Started process 1920 to run task
[2025-12-17T04:47:01.441+0000] {standard_task_runner.py:87} INFO - Running: ['***', 'tasks', 'run', 'etl_***', 'transform', 'scheduled__2024-05-08T00:00:00+00:00', '--job-id', '515', '--raw', '--subdir', 'DAGS_FOLDER/etl_***.py', '--cfg-path', '/tmp/tmpccmg9eam']
[2025-12-17T04:47:01.448+0000] {standard_task_runner.py:88} INFO - Job 515: Subtask transform
[2025-12-17T04:47:01.622+0000] {task_command.py:423} INFO - Running <TaskInstance: etl_airflow.transform scheduled__2024-05-08T00:00:00+00:00 [running]> on host b3426f05ac70
[2025-12-17T04:47:02.047+0000] {taskinstance.py:2480} INFO - Exporting env vars: AIRFLOW_CTX_DAG_OWNER='***' AIRFLOW_CTX_DAG_ID='etl_***' AIRFLOW_CTX_TASK_ID='transform' AIRFLOW_CTX_EXECUTION_DATE='2024-05-08T00:00:00+00:00' AIRFLOW_CTX_TRY_NUMBER='1' AIRFLOW_CTX_DAG_RUN_ID='scheduled__2024-05-08T00:00:00+00:00'
[2025-12-17T04:47:02.051+0000] {taskinstance.py:2698} ERROR - Task failed with exception
Traceback (most recent call last):
  File "/home/airflow/.local/lib/python3.8/site-packages/airflow/models/taskinstance.py", line 433, in _execute_task
    result = execute_callable(context=context, **execute_callable_kwargs)
  File "/home/airflow/.local/lib/python3.8/site-packages/airflow/operators/python.py", line 199, in execute
    return_value = self.execute_callable()
  File "/home/airflow/.local/lib/python3.8/site-packages/airflow/operators/python.py", line 216, in execute_callable
    return self.python_callable(*self.op_args, **self.op_kwargs)
TypeError: transform_data() missing 1 required positional argument: 'df'
[2025-12-17T04:47:02.075+0000] {taskinstance.py:1138} INFO - Marking task as UP_FOR_RETRY. dag_id=etl_***, task_id=transform, execution_date=20240508T000000, start_date=20251217T044701, end_date=20251217T044702
[2025-12-17T04:47:02.238+0000] {standard_task_runner.py:107} ERROR - Failed to execute job 515 for task transform (transform_data() missing 1 required positional argument: 'df'; 1920)
[2025-12-17T04:47:02.303+0000] {local_task_job_runner.py:234} INFO - Task exited with return code 1
[2025-12-17T04:47:02.356+0000] {taskinstance.py:3280} INFO - 0 downstream tasks scheduled from follow-on schedule check
[2025-12-17T07:40:31.963+0000] {taskinstance.py:1956} INFO - Dependencies all met for dep_context=non-requeueable deps ti=<TaskInstance: etl_airflow.transform scheduled__2024-05-08T00:00:00+00:00 [queued]>
[2025-12-17T07:40:31.986+0000] {taskinstance.py:1956} INFO - Dependencies all met for dep_context=requeueable deps ti=<TaskInstance: etl_airflow.transform scheduled__2024-05-08T00:00:00+00:00 [queued]>
[2025-12-17T07:40:31.987+0000] {taskinstance.py:2170} INFO - Starting attempt 1 of 3
[2025-12-17T07:40:32.200+0000] {taskinstance.py:2191} INFO - Executing <Task(PythonOperator): transform> on 2024-05-08 00:00:00+00:00
[2025-12-17T07:40:32.238+0000] {standard_task_runner.py:87} INFO - Running: ['***', 'tasks', 'run', 'etl_***', 'transform', 'scheduled__2024-05-08T00:00:00+00:00', '--job-id', '526', '--raw', '--subdir', 'DAGS_FOLDER/etl_***.py', '--cfg-path', '/tmp/tmprxd_9cxa']
[2025-12-17T07:40:32.227+0000] {standard_task_runner.py:60} INFO - Started process 2033 to run task
[2025-12-17T07:40:32.250+0000] {standard_task_runner.py:88} INFO - Job 526: Subtask transform
[2025-12-17T07:40:32.472+0000] {task_command.py:423} INFO - Running <TaskInstance: etl_airflow.transform scheduled__2024-05-08T00:00:00+00:00 [running]> on host 2a0de06c8905
[2025-12-17T07:40:33.057+0000] {taskinstance.py:2480} INFO - Exporting env vars: AIRFLOW_CTX_DAG_OWNER='***' AIRFLOW_CTX_DAG_ID='etl_***' AIRFLOW_CTX_TASK_ID='transform' AIRFLOW_CTX_EXECUTION_DATE='2024-05-08T00:00:00+00:00' AIRFLOW_CTX_TRY_NUMBER='1' AIRFLOW_CTX_DAG_RUN_ID='scheduled__2024-05-08T00:00:00+00:00'
[2025-12-17T07:40:33.063+0000] {taskinstance.py:2698} ERROR - Task failed with exception
Traceback (most recent call last):
  File "/home/airflow/.local/lib/python3.8/site-packages/airflow/models/taskinstance.py", line 433, in _execute_task
    result = execute_callable(context=context, **execute_callable_kwargs)
  File "/home/airflow/.local/lib/python3.8/site-packages/airflow/operators/python.py", line 199, in execute
    return_value = self.execute_callable()
  File "/home/airflow/.local/lib/python3.8/site-packages/airflow/operators/python.py", line 216, in execute_callable
    return self.python_callable(*self.op_args, **self.op_kwargs)
TypeError: transform_data() missing 1 required positional argument: 'df'
[2025-12-17T07:40:33.105+0000] {taskinstance.py:1138} INFO - Marking task as UP_FOR_RETRY. dag_id=etl_***, task_id=transform, execution_date=20240508T000000, start_date=20251217T074031, end_date=20251217T074033
[2025-12-17T07:40:33.247+0000] {standard_task_runner.py:107} ERROR - Failed to execute job 526 for task transform (transform_data() missing 1 required positional argument: 'df'; 2033)
[2025-12-17T07:40:33.319+0000] {local_task_job_runner.py:234} INFO - Task exited with return code 1
[2025-12-17T07:40:33.387+0000] {taskinstance.py:3280} INFO - 0 downstream tasks scheduled from follow-on schedule check
