[2025-12-17T05:04:34.284+0000] {taskinstance.py:1956} INFO - Dependencies all met for dep_context=non-requeueable deps ti=<TaskInstance: etl_airflow.transform scheduled__2025-09-14T00:00:00+00:00 [queued]>
[2025-12-17T05:04:34.309+0000] {taskinstance.py:1956} INFO - Dependencies all met for dep_context=requeueable deps ti=<TaskInstance: etl_airflow.transform scheduled__2025-09-14T00:00:00+00:00 [queued]>
[2025-12-17T05:04:34.311+0000] {taskinstance.py:2170} INFO - Starting attempt 2 of 3
[2025-12-17T05:04:34.352+0000] {taskinstance.py:2191} INFO - Executing <Task(PythonOperator): transform> on 2025-09-14 00:00:00+00:00
[2025-12-17T05:04:34.361+0000] {standard_task_runner.py:60} INFO - Started process 8390 to run task
[2025-12-17T05:04:34.369+0000] {standard_task_runner.py:87} INFO - Running: ['***', 'tasks', 'run', 'etl_***', 'transform', 'scheduled__2025-09-14T00:00:00+00:00', '--job-id', '2481', '--raw', '--subdir', 'DAGS_FOLDER/etl_***.py', '--cfg-path', '/tmp/tmpl1mb8cpn']
[2025-12-17T05:04:34.381+0000] {standard_task_runner.py:88} INFO - Job 2481: Subtask transform
[2025-12-17T05:04:34.517+0000] {task_command.py:423} INFO - Running <TaskInstance: etl_airflow.transform scheduled__2025-09-14T00:00:00+00:00 [running]> on host b3426f05ac70
[2025-12-17T05:04:34.840+0000] {taskinstance.py:2480} INFO - Exporting env vars: AIRFLOW_CTX_DAG_OWNER='***' AIRFLOW_CTX_DAG_ID='etl_***' AIRFLOW_CTX_TASK_ID='transform' AIRFLOW_CTX_EXECUTION_DATE='2025-09-14T00:00:00+00:00' AIRFLOW_CTX_TRY_NUMBER='2' AIRFLOW_CTX_DAG_RUN_ID='scheduled__2025-09-14T00:00:00+00:00'
[2025-12-17T05:04:34.842+0000] {taskinstance.py:2698} ERROR - Task failed with exception
Traceback (most recent call last):
  File "/home/airflow/.local/lib/python3.8/site-packages/airflow/models/taskinstance.py", line 433, in _execute_task
    result = execute_callable(context=context, **execute_callable_kwargs)
  File "/home/airflow/.local/lib/python3.8/site-packages/airflow/operators/python.py", line 199, in execute
    return_value = self.execute_callable()
  File "/home/airflow/.local/lib/python3.8/site-packages/airflow/operators/python.py", line 216, in execute_callable
    return self.python_callable(*self.op_args, **self.op_kwargs)
TypeError: transform_data() missing 1 required positional argument: 'df'
[2025-12-17T05:04:34.856+0000] {taskinstance.py:1138} INFO - Marking task as UP_FOR_RETRY. dag_id=etl_***, task_id=transform, execution_date=20250914T000000, start_date=20251217T050434, end_date=20251217T050434
[2025-12-17T05:04:34.876+0000] {standard_task_runner.py:107} ERROR - Failed to execute job 2481 for task transform (transform_data() missing 1 required positional argument: 'df'; 8390)
[2025-12-17T05:04:34.906+0000] {local_task_job_runner.py:234} INFO - Task exited with return code 1
[2025-12-17T05:04:35.001+0000] {taskinstance.py:3280} INFO - 0 downstream tasks scheduled from follow-on schedule check
