[2025-12-16T16:45:01.267+0000] {taskinstance.py:1956} INFO - Dependencies all met for dep_context=non-requeueable deps ti=<TaskInstance: etl_airflow.extract scheduled__2025-02-05T00:00:00+00:00 [queued]>
[2025-12-16T16:45:01.284+0000] {taskinstance.py:1956} INFO - Dependencies all met for dep_context=requeueable deps ti=<TaskInstance: etl_airflow.extract scheduled__2025-02-05T00:00:00+00:00 [queued]>
[2025-12-16T16:45:01.285+0000] {taskinstance.py:2170} INFO - Starting attempt 1 of 3
[2025-12-16T16:45:01.309+0000] {taskinstance.py:2191} INFO - Executing <Task(PythonOperator): extract> on 2025-02-05 00:00:00+00:00
[2025-12-16T16:45:01.317+0000] {standard_task_runner.py:60} INFO - Started process 1283 to run task
[2025-12-16T16:45:01.323+0000] {standard_task_runner.py:87} INFO - Running: ['***', 'tasks', 'run', 'etl_***', 'extract', 'scheduled__2025-02-05T00:00:00+00:00', '--job-id', '1206', '--raw', '--subdir', 'DAGS_FOLDER/etl_dag.py', '--cfg-path', '/tmp/tmp6hxpsmiw']
[2025-12-16T16:45:01.327+0000] {standard_task_runner.py:88} INFO - Job 1206: Subtask extract
[2025-12-16T16:45:01.430+0000] {task_command.py:423} INFO - Running <TaskInstance: etl_airflow.extract scheduled__2025-02-05T00:00:00+00:00 [running]> on host db658e834d9d
[2025-12-16T16:45:01.560+0000] {taskinstance.py:2480} INFO - Exporting env vars: AIRFLOW_CTX_DAG_OWNER='***' AIRFLOW_CTX_DAG_ID='etl_***' AIRFLOW_CTX_TASK_ID='extract' AIRFLOW_CTX_EXECUTION_DATE='2025-02-05T00:00:00+00:00' AIRFLOW_CTX_TRY_NUMBER='1' AIRFLOW_CTX_DAG_RUN_ID='scheduled__2025-02-05T00:00:00+00:00'
[2025-12-16T16:45:01.563+0000] {logging_mixin.py:188} INFO - Extracting data from /opt/***/data/input.csv
[2025-12-16T16:45:01.568+0000] {taskinstance.py:2698} ERROR - Task failed with exception
Traceback (most recent call last):
  File "/home/airflow/.local/lib/python3.8/site-packages/airflow/models/taskinstance.py", line 433, in _execute_task
    result = execute_callable(context=context, **execute_callable_kwargs)
  File "/home/airflow/.local/lib/python3.8/site-packages/airflow/operators/python.py", line 199, in execute
    return_value = self.execute_callable()
  File "/home/airflow/.local/lib/python3.8/site-packages/airflow/operators/python.py", line 216, in execute_callable
    return self.python_callable(*self.op_args, **self.op_kwargs)
  File "/opt/airflow/etl_logic/pipeline.py", line 97, in extract_data
    df = pd.read_csv(input_path)
  File "/home/airflow/.local/lib/python3.8/site-packages/pandas/io/parsers/readers.py", line 912, in read_csv
    return _read(filepath_or_buffer, kwds)
  File "/home/airflow/.local/lib/python3.8/site-packages/pandas/io/parsers/readers.py", line 577, in _read
    parser = TextFileReader(filepath_or_buffer, **kwds)
  File "/home/airflow/.local/lib/python3.8/site-packages/pandas/io/parsers/readers.py", line 1407, in __init__
    self._engine = self._make_engine(f, self.engine)
  File "/home/airflow/.local/lib/python3.8/site-packages/pandas/io/parsers/readers.py", line 1661, in _make_engine
    self.handles = get_handle(
  File "/home/airflow/.local/lib/python3.8/site-packages/pandas/io/common.py", line 859, in get_handle
    handle = open(
FileNotFoundError: [Errno 2] No such file or directory: '/opt/airflow/data/input.csv'
[2025-12-16T16:45:01.590+0000] {taskinstance.py:1138} INFO - Marking task as UP_FOR_RETRY. dag_id=etl_***, task_id=extract, execution_date=20250205T000000, start_date=20251216T164501, end_date=20251216T164501
[2025-12-16T16:45:01.612+0000] {standard_task_runner.py:107} ERROR - Failed to execute job 1206 for task extract ([Errno 2] No such file or directory: '/opt/airflow/data/input.csv'; 1283)
[2025-12-16T16:45:01.657+0000] {local_task_job_runner.py:234} INFO - Task exited with return code 1
[2025-12-16T16:45:01.697+0000] {taskinstance.py:3280} INFO - 0 downstream tasks scheduled from follow-on schedule check
[2025-12-17T01:57:02.685+0000] {taskinstance.py:1956} INFO - Dependencies all met for dep_context=non-requeueable deps ti=<TaskInstance: etl_airflow.extract scheduled__2025-02-05T00:00:00+00:00 [queued]>
[2025-12-17T01:57:02.702+0000] {taskinstance.py:1956} INFO - Dependencies all met for dep_context=requeueable deps ti=<TaskInstance: etl_airflow.extract scheduled__2025-02-05T00:00:00+00:00 [queued]>
[2025-12-17T01:57:02.703+0000] {taskinstance.py:2170} INFO - Starting attempt 1 of 3
[2025-12-17T01:57:02.737+0000] {taskinstance.py:2191} INFO - Executing <Task(PythonOperator): extract> on 2025-02-05 00:00:00+00:00
[2025-12-17T01:57:02.748+0000] {standard_task_runner.py:60} INFO - Started process 4047 to run task
[2025-12-17T01:57:02.756+0000] {standard_task_runner.py:87} INFO - Running: ['***', 'tasks', 'run', 'etl_***', 'extract', 'scheduled__2025-02-05T00:00:00+00:00', '--job-id', '1207', '--raw', '--subdir', 'DAGS_FOLDER/etl_dag.py', '--cfg-path', '/tmp/tmp4k49b1yr']
[2025-12-17T01:57:02.762+0000] {standard_task_runner.py:88} INFO - Job 1207: Subtask extract
[2025-12-17T01:57:03.016+0000] {task_command.py:423} INFO - Running <TaskInstance: etl_airflow.extract scheduled__2025-02-05T00:00:00+00:00 [running]> on host 571e042550da
[2025-12-17T01:57:03.745+0000] {taskinstance.py:2480} INFO - Exporting env vars: AIRFLOW_CTX_DAG_OWNER='***' AIRFLOW_CTX_DAG_ID='etl_***' AIRFLOW_CTX_TASK_ID='extract' AIRFLOW_CTX_EXECUTION_DATE='2025-02-05T00:00:00+00:00' AIRFLOW_CTX_TRY_NUMBER='1' AIRFLOW_CTX_DAG_RUN_ID='scheduled__2025-02-05T00:00:00+00:00'
[2025-12-17T01:57:03.753+0000] {logging_mixin.py:188} INFO - [EXTRACT] Reading /opt/***/data/synthetic_events.csv
[2025-12-17T01:57:03.861+0000] {logging_mixin.py:188} INFO - [EXTRACT] done
[2025-12-17T01:57:03.865+0000] {python.py:201} INFO - Done. Returned value was: None
[2025-12-17T01:57:03.886+0000] {taskinstance.py:1138} INFO - Marking task as SUCCESS. dag_id=etl_***, task_id=extract, execution_date=20250205T000000, start_date=20251217T015702, end_date=20251217T015703
[2025-12-17T01:57:04.211+0000] {local_task_job_runner.py:234} INFO - Task exited with return code 0
[2025-12-17T01:57:04.291+0000] {taskinstance.py:3280} INFO - 1 downstream tasks scheduled from follow-on schedule check
[2025-12-17T04:56:51.762+0000] {taskinstance.py:1956} INFO - Dependencies all met for dep_context=non-requeueable deps ti=<TaskInstance: etl_airflow.extract scheduled__2025-02-05T00:00:00+00:00 [queued]>
[2025-12-17T04:56:51.778+0000] {taskinstance.py:1956} INFO - Dependencies all met for dep_context=requeueable deps ti=<TaskInstance: etl_airflow.extract scheduled__2025-02-05T00:00:00+00:00 [queued]>
[2025-12-17T04:56:51.779+0000] {taskinstance.py:2170} INFO - Starting attempt 1 of 3
[2025-12-17T04:56:51.797+0000] {taskinstance.py:2191} INFO - Executing <Task(PythonOperator): extract> on 2025-02-05 00:00:00+00:00
[2025-12-17T04:56:51.805+0000] {standard_task_runner.py:60} INFO - Started process 5509 to run task
[2025-12-17T04:56:51.811+0000] {standard_task_runner.py:87} INFO - Running: ['***', 'tasks', 'run', 'etl_***', 'extract', 'scheduled__2025-02-05T00:00:00+00:00', '--job-id', '1603', '--raw', '--subdir', 'DAGS_FOLDER/etl_***.py', '--cfg-path', '/tmp/tmpt0bw8ymg']
[2025-12-17T04:56:51.815+0000] {standard_task_runner.py:88} INFO - Job 1603: Subtask extract
[2025-12-17T04:56:51.936+0000] {task_command.py:423} INFO - Running <TaskInstance: etl_airflow.extract scheduled__2025-02-05T00:00:00+00:00 [running]> on host b3426f05ac70
[2025-12-17T04:56:52.268+0000] {taskinstance.py:2480} INFO - Exporting env vars: AIRFLOW_CTX_DAG_OWNER='***' AIRFLOW_CTX_DAG_ID='etl_***' AIRFLOW_CTX_TASK_ID='extract' AIRFLOW_CTX_EXECUTION_DATE='2025-02-05T00:00:00+00:00' AIRFLOW_CTX_TRY_NUMBER='1' AIRFLOW_CTX_DAG_RUN_ID='scheduled__2025-02-05T00:00:00+00:00'
[2025-12-17T04:56:52.291+0000] {python.py:201} INFO - Done. Returned value was:    user_id event_type           timestamp country
0        1      login 2025-01-01 09:00:00      IN
1        1      click 2025-01-01 09:05:00      IN
2        1     logout 2025-01-01 09:15:00      IN
3        2      login 2025-01-01 10:00:00      US
4        2      click 2025-01-01 10:10:00      US
5        2     logout 2025-01-01 10:20:00      US
6        3      login 2025-01-02 08:00:00      FR
7        3      click 2025-01-02 08:05:00      FR
8        3     logout 2025-01-02 08:30:00      FR
[2025-12-17T04:56:52.352+0000] {taskinstance.py:1138} INFO - Marking task as SUCCESS. dag_id=etl_***, task_id=extract, execution_date=20250205T000000, start_date=20251217T045651, end_date=20251217T045652
[2025-12-17T04:56:52.427+0000] {local_task_job_runner.py:234} INFO - Task exited with return code 0
[2025-12-17T04:56:52.488+0000] {taskinstance.py:3280} INFO - 1 downstream tasks scheduled from follow-on schedule check
