[2025-12-16T17:11:14.302+0000] {taskinstance.py:1956} INFO - Dependencies all met for dep_context=non-requeueable deps ti=<TaskInstance: etl_airflow.transform scheduled__2024-04-12T00:00:00+00:00 [queued]>
[2025-12-16T17:11:14.376+0000] {taskinstance.py:1956} INFO - Dependencies all met for dep_context=requeueable deps ti=<TaskInstance: etl_airflow.transform scheduled__2024-04-12T00:00:00+00:00 [queued]>
[2025-12-16T17:11:14.402+0000] {taskinstance.py:2170} INFO - Starting attempt 1 of 3
[2025-12-16T17:11:14.949+0000] {taskinstance.py:2191} INFO - Executing <Task(PythonOperator): transform> on 2024-04-12 00:00:00+00:00
[2025-12-16T17:11:14.976+0000] {standard_task_runner.py:87} INFO - Running: ['***', 'tasks', 'run', 'etl_***', 'transform', 'scheduled__2024-04-12T00:00:00+00:00', '--job-id', '3927', '--raw', '--subdir', 'DAGS_FOLDER/etl_dag.py', '--cfg-path', '/tmp/tmpm3kw0v6h']
[2025-12-16T17:11:14.971+0000] {standard_task_runner.py:60} INFO - Started process 1350 to run task
[2025-12-16T17:11:14.993+0000] {standard_task_runner.py:88} INFO - Job 3927: Subtask transform
[2025-12-16T17:11:15.369+0000] {task_command.py:423} INFO - Running <TaskInstance: etl_airflow.transform scheduled__2024-04-12T00:00:00+00:00 [running]> on host 3b89cfee50e9
[2025-12-16T17:11:15.744+0000] {taskinstance.py:2480} INFO - Exporting env vars: AIRFLOW_CTX_DAG_OWNER='***' AIRFLOW_CTX_DAG_ID='etl_***' AIRFLOW_CTX_TASK_ID='transform' AIRFLOW_CTX_EXECUTION_DATE='2024-04-12T00:00:00+00:00' AIRFLOW_CTX_TRY_NUMBER='1' AIRFLOW_CTX_DAG_RUN_ID='scheduled__2024-04-12T00:00:00+00:00'
[2025-12-16T17:11:15.754+0000] {logging_mixin.py:188} INFO - [TRANSFORM]
[2025-12-16T17:11:16.168+0000] {logging_mixin.py:188} INFO - [TRANSFORM] done
[2025-12-16T17:11:16.177+0000] {python.py:201} INFO - Done. Returned value was: None
[2025-12-16T17:11:16.204+0000] {taskinstance.py:1138} INFO - Marking task as SUCCESS. dag_id=etl_***, task_id=transform, execution_date=20240412T000000, start_date=20251216T171114, end_date=20251216T171116
[2025-12-16T17:11:16.311+0000] {local_task_job_runner.py:234} INFO - Task exited with return code 0
[2025-12-16T17:11:16.562+0000] {taskinstance.py:3280} INFO - 0 downstream tasks scheduled from follow-on schedule check
[2025-12-17T01:52:01.215+0000] {taskinstance.py:1956} INFO - Dependencies all met for dep_context=non-requeueable deps ti=<TaskInstance: etl_airflow.transform scheduled__2024-04-12T00:00:00+00:00 [queued]>
[2025-12-17T01:52:01.247+0000] {taskinstance.py:1956} INFO - Dependencies all met for dep_context=requeueable deps ti=<TaskInstance: etl_airflow.transform scheduled__2024-04-12T00:00:00+00:00 [queued]>
[2025-12-17T01:52:01.252+0000] {taskinstance.py:2170} INFO - Starting attempt 1 of 3
[2025-12-17T01:52:01.481+0000] {taskinstance.py:2191} INFO - Executing <Task(PythonOperator): transform> on 2024-04-12 00:00:00+00:00
[2025-12-17T01:52:01.509+0000] {standard_task_runner.py:60} INFO - Started process 1253 to run task
[2025-12-17T01:52:01.515+0000] {standard_task_runner.py:87} INFO - Running: ['***', 'tasks', 'run', 'etl_***', 'transform', 'scheduled__2024-04-12T00:00:00+00:00', '--job-id', '325', '--raw', '--subdir', 'DAGS_FOLDER/etl_dag.py', '--cfg-path', '/tmp/tmp88wyldwg']
[2025-12-17T01:52:01.526+0000] {standard_task_runner.py:88} INFO - Job 325: Subtask transform
[2025-12-17T01:52:01.737+0000] {task_command.py:423} INFO - Running <TaskInstance: etl_airflow.transform scheduled__2024-04-12T00:00:00+00:00 [running]> on host 571e042550da
[2025-12-17T01:52:02.324+0000] {taskinstance.py:2480} INFO - Exporting env vars: AIRFLOW_CTX_DAG_OWNER='***' AIRFLOW_CTX_DAG_ID='etl_***' AIRFLOW_CTX_TASK_ID='transform' AIRFLOW_CTX_EXECUTION_DATE='2024-04-12T00:00:00+00:00' AIRFLOW_CTX_TRY_NUMBER='1' AIRFLOW_CTX_DAG_RUN_ID='scheduled__2024-04-12T00:00:00+00:00'
[2025-12-17T01:52:02.330+0000] {logging_mixin.py:188} INFO - [TRANSFORM]
[2025-12-17T01:52:02.407+0000] {logging_mixin.py:188} INFO - [TRANSFORM] done
[2025-12-17T01:52:02.411+0000] {python.py:201} INFO - Done. Returned value was: None
[2025-12-17T01:52:02.478+0000] {taskinstance.py:1138} INFO - Marking task as SUCCESS. dag_id=etl_***, task_id=transform, execution_date=20240412T000000, start_date=20251217T015201, end_date=20251217T015202
[2025-12-17T01:52:02.610+0000] {local_task_job_runner.py:234} INFO - Task exited with return code 0
[2025-12-17T01:52:02.706+0000] {taskinstance.py:3280} INFO - 1 downstream tasks scheduled from follow-on schedule check
[2025-12-17T04:45:57.244+0000] {taskinstance.py:1956} INFO - Dependencies all met for dep_context=non-requeueable deps ti=<TaskInstance: etl_airflow.transform scheduled__2024-04-12T00:00:00+00:00 [queued]>
[2025-12-17T04:45:57.269+0000] {taskinstance.py:1956} INFO - Dependencies all met for dep_context=requeueable deps ti=<TaskInstance: etl_airflow.transform scheduled__2024-04-12T00:00:00+00:00 [queued]>
[2025-12-17T04:45:57.271+0000] {taskinstance.py:2170} INFO - Starting attempt 1 of 3
[2025-12-17T04:45:57.555+0000] {taskinstance.py:2191} INFO - Executing <Task(PythonOperator): transform> on 2024-04-12 00:00:00+00:00
[2025-12-17T04:45:57.579+0000] {standard_task_runner.py:60} INFO - Started process 1574 to run task
[2025-12-17T04:45:57.590+0000] {standard_task_runner.py:87} INFO - Running: ['***', 'tasks', 'run', 'etl_***', 'transform', 'scheduled__2024-04-12T00:00:00+00:00', '--job-id', '405', '--raw', '--subdir', 'DAGS_FOLDER/etl_***.py', '--cfg-path', '/tmp/tmps03rpqno']
[2025-12-17T04:45:57.597+0000] {standard_task_runner.py:88} INFO - Job 405: Subtask transform
[2025-12-17T04:45:57.763+0000] {task_command.py:423} INFO - Running <TaskInstance: etl_airflow.transform scheduled__2024-04-12T00:00:00+00:00 [running]> on host b3426f05ac70
[2025-12-17T04:45:58.298+0000] {taskinstance.py:2480} INFO - Exporting env vars: AIRFLOW_CTX_DAG_OWNER='***' AIRFLOW_CTX_DAG_ID='etl_***' AIRFLOW_CTX_TASK_ID='transform' AIRFLOW_CTX_EXECUTION_DATE='2024-04-12T00:00:00+00:00' AIRFLOW_CTX_TRY_NUMBER='1' AIRFLOW_CTX_DAG_RUN_ID='scheduled__2024-04-12T00:00:00+00:00'
[2025-12-17T04:45:58.301+0000] {taskinstance.py:2698} ERROR - Task failed with exception
Traceback (most recent call last):
  File "/home/airflow/.local/lib/python3.8/site-packages/airflow/models/taskinstance.py", line 433, in _execute_task
    result = execute_callable(context=context, **execute_callable_kwargs)
  File "/home/airflow/.local/lib/python3.8/site-packages/airflow/operators/python.py", line 199, in execute
    return_value = self.execute_callable()
  File "/home/airflow/.local/lib/python3.8/site-packages/airflow/operators/python.py", line 216, in execute_callable
    return self.python_callable(*self.op_args, **self.op_kwargs)
TypeError: transform_data() missing 1 required positional argument: 'df'
[2025-12-17T04:45:58.325+0000] {taskinstance.py:1138} INFO - Marking task as UP_FOR_RETRY. dag_id=etl_***, task_id=transform, execution_date=20240412T000000, start_date=20251217T044557, end_date=20251217T044558
[2025-12-17T04:45:58.354+0000] {standard_task_runner.py:107} ERROR - Failed to execute job 405 for task transform (transform_data() missing 1 required positional argument: 'df'; 1574)
[2025-12-17T04:45:58.408+0000] {local_task_job_runner.py:234} INFO - Task exited with return code 1
[2025-12-17T04:45:58.471+0000] {taskinstance.py:3280} INFO - 0 downstream tasks scheduled from follow-on schedule check
[2025-12-17T07:39:17.629+0000] {taskinstance.py:1956} INFO - Dependencies all met for dep_context=non-requeueable deps ti=<TaskInstance: etl_airflow.transform scheduled__2024-04-12T00:00:00+00:00 [queued]>
[2025-12-17T07:39:17.660+0000] {taskinstance.py:1956} INFO - Dependencies all met for dep_context=requeueable deps ti=<TaskInstance: etl_airflow.transform scheduled__2024-04-12T00:00:00+00:00 [queued]>
[2025-12-17T07:39:17.667+0000] {taskinstance.py:2170} INFO - Starting attempt 1 of 3
[2025-12-17T07:39:17.715+0000] {taskinstance.py:2191} INFO - Executing <Task(PythonOperator): transform> on 2024-04-12 00:00:00+00:00
[2025-12-17T07:39:17.734+0000] {standard_task_runner.py:60} INFO - Started process 1628 to run task
[2025-12-17T07:39:17.742+0000] {standard_task_runner.py:87} INFO - Running: ['***', 'tasks', 'run', 'etl_***', 'transform', 'scheduled__2024-04-12T00:00:00+00:00', '--job-id', '408', '--raw', '--subdir', 'DAGS_FOLDER/etl_***.py', '--cfg-path', '/tmp/tmp9bvdbcql']
[2025-12-17T07:39:17.749+0000] {standard_task_runner.py:88} INFO - Job 408: Subtask transform
[2025-12-17T07:39:17.940+0000] {task_command.py:423} INFO - Running <TaskInstance: etl_airflow.transform scheduled__2024-04-12T00:00:00+00:00 [running]> on host 2a0de06c8905
[2025-12-17T07:39:18.412+0000] {taskinstance.py:2480} INFO - Exporting env vars: AIRFLOW_CTX_DAG_OWNER='***' AIRFLOW_CTX_DAG_ID='etl_***' AIRFLOW_CTX_TASK_ID='transform' AIRFLOW_CTX_EXECUTION_DATE='2024-04-12T00:00:00+00:00' AIRFLOW_CTX_TRY_NUMBER='1' AIRFLOW_CTX_DAG_RUN_ID='scheduled__2024-04-12T00:00:00+00:00'
[2025-12-17T07:39:18.421+0000] {taskinstance.py:2698} ERROR - Task failed with exception
Traceback (most recent call last):
  File "/home/airflow/.local/lib/python3.8/site-packages/airflow/models/taskinstance.py", line 433, in _execute_task
    result = execute_callable(context=context, **execute_callable_kwargs)
  File "/home/airflow/.local/lib/python3.8/site-packages/airflow/operators/python.py", line 199, in execute
    return_value = self.execute_callable()
  File "/home/airflow/.local/lib/python3.8/site-packages/airflow/operators/python.py", line 216, in execute_callable
    return self.python_callable(*self.op_args, **self.op_kwargs)
TypeError: transform_data() missing 1 required positional argument: 'df'
[2025-12-17T07:39:18.439+0000] {taskinstance.py:1138} INFO - Marking task as UP_FOR_RETRY. dag_id=etl_***, task_id=transform, execution_date=20240412T000000, start_date=20251217T073917, end_date=20251217T073918
[2025-12-17T07:39:18.468+0000] {standard_task_runner.py:107} ERROR - Failed to execute job 408 for task transform (transform_data() missing 1 required positional argument: 'df'; 1628)
[2025-12-17T07:39:18.521+0000] {local_task_job_runner.py:234} INFO - Task exited with return code 1
[2025-12-17T07:39:18.567+0000] {taskinstance.py:3280} INFO - 0 downstream tasks scheduled from follow-on schedule check
