[2025-12-16T16:29:30.590+0000] {taskinstance.py:1956} INFO - Dependencies all met for dep_context=non-requeueable deps ti=<TaskInstance: etl_airflow.extract scheduled__2024-01-19T00:00:00+00:00 [queued]>
[2025-12-16T16:29:30.612+0000] {taskinstance.py:1956} INFO - Dependencies all met for dep_context=requeueable deps ti=<TaskInstance: etl_airflow.extract scheduled__2024-01-19T00:00:00+00:00 [queued]>
[2025-12-16T16:29:30.613+0000] {taskinstance.py:2170} INFO - Starting attempt 1 of 3
[2025-12-16T16:29:30.641+0000] {taskinstance.py:2191} INFO - Executing <Task(PythonOperator): extract> on 2024-01-19 00:00:00+00:00
[2025-12-16T16:29:30.651+0000] {standard_task_runner.py:60} INFO - Started process 556 to run task
[2025-12-16T16:29:30.659+0000] {standard_task_runner.py:87} INFO - Running: ['***', 'tasks', 'run', 'etl_***', 'extract', 'scheduled__2024-01-19T00:00:00+00:00', '--job-id', '52', '--raw', '--subdir', 'DAGS_FOLDER/etl_dag.py', '--cfg-path', '/tmp/tmpcom2jvvs']
[2025-12-16T16:29:30.663+0000] {standard_task_runner.py:88} INFO - Job 52: Subtask extract
[2025-12-16T16:29:30.794+0000] {task_command.py:423} INFO - Running <TaskInstance: etl_airflow.extract scheduled__2024-01-19T00:00:00+00:00 [running]> on host 528de643acfe
[2025-12-16T16:29:31.201+0000] {taskinstance.py:2480} INFO - Exporting env vars: AIRFLOW_CTX_DAG_OWNER='***' AIRFLOW_CTX_DAG_ID='etl_***' AIRFLOW_CTX_TASK_ID='extract' AIRFLOW_CTX_EXECUTION_DATE='2024-01-19T00:00:00+00:00' AIRFLOW_CTX_TRY_NUMBER='1' AIRFLOW_CTX_DAG_RUN_ID='scheduled__2024-01-19T00:00:00+00:00'
[2025-12-16T16:29:31.203+0000] {logging_mixin.py:188} INFO - Extracting data from /opt/***/data/input.csv
[2025-12-16T16:29:31.208+0000] {taskinstance.py:2698} ERROR - Task failed with exception
Traceback (most recent call last):
  File "/home/airflow/.local/lib/python3.8/site-packages/airflow/models/taskinstance.py", line 433, in _execute_task
    result = execute_callable(context=context, **execute_callable_kwargs)
  File "/home/airflow/.local/lib/python3.8/site-packages/airflow/operators/python.py", line 199, in execute
    return_value = self.execute_callable()
  File "/home/airflow/.local/lib/python3.8/site-packages/airflow/operators/python.py", line 216, in execute_callable
    return self.python_callable(*self.op_args, **self.op_kwargs)
  File "/opt/airflow/dags/etl_logic/pipeline.py", line 92, in extract_data
    return pd.read_csv(input_path)
  File "/home/airflow/.local/lib/python3.8/site-packages/pandas/io/parsers/readers.py", line 912, in read_csv
    return _read(filepath_or_buffer, kwds)
  File "/home/airflow/.local/lib/python3.8/site-packages/pandas/io/parsers/readers.py", line 577, in _read
    parser = TextFileReader(filepath_or_buffer, **kwds)
  File "/home/airflow/.local/lib/python3.8/site-packages/pandas/io/parsers/readers.py", line 1407, in __init__
    self._engine = self._make_engine(f, self.engine)
  File "/home/airflow/.local/lib/python3.8/site-packages/pandas/io/parsers/readers.py", line 1661, in _make_engine
    self.handles = get_handle(
  File "/home/airflow/.local/lib/python3.8/site-packages/pandas/io/common.py", line 859, in get_handle
    handle = open(
FileNotFoundError: [Errno 2] No such file or directory: '/opt/airflow/data/input.csv'
[2025-12-16T16:29:31.236+0000] {taskinstance.py:1138} INFO - Marking task as UP_FOR_RETRY. dag_id=etl_***, task_id=extract, execution_date=20240119T000000, start_date=20251216T162930, end_date=20251216T162931
[2025-12-16T16:29:31.357+0000] {standard_task_runner.py:107} ERROR - Failed to execute job 52 for task extract ([Errno 2] No such file or directory: '/opt/airflow/data/input.csv'; 556)
[2025-12-16T16:29:31.394+0000] {local_task_job_runner.py:234} INFO - Task exited with return code 1
[2025-12-16T16:29:31.447+0000] {taskinstance.py:3280} INFO - 0 downstream tasks scheduled from follow-on schedule check
[2025-12-17T01:50:19.142+0000] {taskinstance.py:1956} INFO - Dependencies all met for dep_context=non-requeueable deps ti=<TaskInstance: etl_airflow.extract scheduled__2024-01-19T00:00:00+00:00 [queued]>
[2025-12-17T01:50:19.169+0000] {taskinstance.py:1956} INFO - Dependencies all met for dep_context=requeueable deps ti=<TaskInstance: etl_airflow.extract scheduled__2024-01-19T00:00:00+00:00 [queued]>
[2025-12-17T01:50:19.170+0000] {taskinstance.py:2170} INFO - Starting attempt 1 of 3
[2025-12-17T01:50:19.206+0000] {taskinstance.py:2191} INFO - Executing <Task(PythonOperator): extract> on 2024-01-19 00:00:00+00:00
[2025-12-17T01:50:19.216+0000] {standard_task_runner.py:60} INFO - Started process 361 to run task
[2025-12-17T01:50:19.222+0000] {standard_task_runner.py:87} INFO - Running: ['***', 'tasks', 'run', 'etl_***', 'extract', 'scheduled__2024-01-19T00:00:00+00:00', '--job-id', '50', '--raw', '--subdir', 'DAGS_FOLDER/etl_dag.py', '--cfg-path', '/tmp/tmp5csbp7b9']
[2025-12-17T01:50:19.226+0000] {standard_task_runner.py:88} INFO - Job 50: Subtask extract
[2025-12-17T01:50:19.352+0000] {task_command.py:423} INFO - Running <TaskInstance: etl_airflow.extract scheduled__2024-01-19T00:00:00+00:00 [running]> on host 571e042550da
[2025-12-17T01:50:19.809+0000] {taskinstance.py:2480} INFO - Exporting env vars: AIRFLOW_CTX_DAG_OWNER='***' AIRFLOW_CTX_DAG_ID='etl_***' AIRFLOW_CTX_TASK_ID='extract' AIRFLOW_CTX_EXECUTION_DATE='2024-01-19T00:00:00+00:00' AIRFLOW_CTX_TRY_NUMBER='1' AIRFLOW_CTX_DAG_RUN_ID='scheduled__2024-01-19T00:00:00+00:00'
[2025-12-17T01:50:19.812+0000] {logging_mixin.py:188} INFO - [EXTRACT] Reading /opt/***/data/synthetic_events.csv
[2025-12-17T01:50:19.855+0000] {logging_mixin.py:188} INFO - [EXTRACT] done
[2025-12-17T01:50:19.856+0000] {python.py:201} INFO - Done. Returned value was: None
[2025-12-17T01:50:19.877+0000] {taskinstance.py:1138} INFO - Marking task as SUCCESS. dag_id=etl_***, task_id=extract, execution_date=20240119T000000, start_date=20251217T015019, end_date=20251217T015019
[2025-12-17T01:50:20.081+0000] {local_task_job_runner.py:234} INFO - Task exited with return code 0
[2025-12-17T01:50:20.151+0000] {taskinstance.py:3280} INFO - 1 downstream tasks scheduled from follow-on schedule check
[2025-12-17T04:18:40.371+0000] {taskinstance.py:1956} INFO - Dependencies all met for dep_context=non-requeueable deps ti=<TaskInstance: etl_airflow.extract scheduled__2024-01-19T00:00:00+00:00 [queued]>
[2025-12-17T04:18:40.396+0000] {taskinstance.py:1956} INFO - Dependencies all met for dep_context=requeueable deps ti=<TaskInstance: etl_airflow.extract scheduled__2024-01-19T00:00:00+00:00 [queued]>
[2025-12-17T04:18:40.399+0000] {taskinstance.py:2170} INFO - Starting attempt 1 of 3
[2025-12-17T04:18:40.426+0000] {taskinstance.py:2191} INFO - Executing <Task(PythonOperator): extract> on 2024-01-19 00:00:00+00:00
[2025-12-17T04:18:40.439+0000] {standard_task_runner.py:60} INFO - Started process 340 to run task
[2025-12-17T04:18:40.447+0000] {standard_task_runner.py:87} INFO - Running: ['***', 'tasks', 'run', 'etl_***', 'extract', 'scheduled__2024-01-19T00:00:00+00:00', '--job-id', '36', '--raw', '--subdir', 'DAGS_FOLDER/etl_***.py', '--cfg-path', '/tmp/tmp2bqm31h3']
[2025-12-17T04:18:40.452+0000] {standard_task_runner.py:88} INFO - Job 36: Subtask extract
[2025-12-17T04:18:40.605+0000] {task_command.py:423} INFO - Running <TaskInstance: etl_airflow.extract scheduled__2024-01-19T00:00:00+00:00 [running]> on host c5811fe183ca
[2025-12-17T04:18:41.317+0000] {taskinstance.py:2480} INFO - Exporting env vars: AIRFLOW_CTX_DAG_OWNER='***' AIRFLOW_CTX_DAG_ID='etl_***' AIRFLOW_CTX_TASK_ID='extract' AIRFLOW_CTX_EXECUTION_DATE='2024-01-19T00:00:00+00:00' AIRFLOW_CTX_TRY_NUMBER='1' AIRFLOW_CTX_DAG_RUN_ID='scheduled__2024-01-19T00:00:00+00:00'
[2025-12-17T04:18:41.358+0000] {python.py:201} INFO - Done. Returned value was:    user_id event_type           timestamp country
0        1      login 2025-01-01 09:00:00      IN
1        1      click 2025-01-01 09:05:00      IN
2        1     logout 2025-01-01 09:15:00      IN
3        2      login 2025-01-01 10:00:00      US
4        2      click 2025-01-01 10:10:00      US
5        2     logout 2025-01-01 10:20:00      US
6        3      login 2025-01-02 08:00:00      FR
7        3      click 2025-01-02 08:05:00      FR
8        3     logout 2025-01-02 08:30:00      FR
[2025-12-17T04:18:41.447+0000] {taskinstance.py:1138} INFO - Marking task as SUCCESS. dag_id=etl_***, task_id=extract, execution_date=20240119T000000, start_date=20251217T041840, end_date=20251217T041841
[2025-12-17T04:18:41.517+0000] {local_task_job_runner.py:234} INFO - Task exited with return code 0
[2025-12-17T04:18:41.734+0000] {taskinstance.py:3280} INFO - 0 downstream tasks scheduled from follow-on schedule check
[2025-12-17T04:42:56.808+0000] {taskinstance.py:1956} INFO - Dependencies all met for dep_context=non-requeueable deps ti=<TaskInstance: etl_airflow.extract scheduled__2024-01-19T00:00:00+00:00 [queued]>
[2025-12-17T04:42:56.828+0000] {taskinstance.py:1956} INFO - Dependencies all met for dep_context=requeueable deps ti=<TaskInstance: etl_airflow.extract scheduled__2024-01-19T00:00:00+00:00 [queued]>
[2025-12-17T04:42:56.834+0000] {taskinstance.py:2170} INFO - Starting attempt 1 of 3
[2025-12-17T04:42:56.895+0000] {taskinstance.py:2191} INFO - Executing <Task(PythonOperator): extract> on 2024-01-19 00:00:00+00:00
[2025-12-17T04:42:56.904+0000] {standard_task_runner.py:60} INFO - Started process 453 to run task
[2025-12-17T04:42:56.910+0000] {standard_task_runner.py:87} INFO - Running: ['***', 'tasks', 'run', 'etl_***', 'extract', 'scheduled__2024-01-19T00:00:00+00:00', '--job-id', '68', '--raw', '--subdir', 'DAGS_FOLDER/etl_***.py', '--cfg-path', '/tmp/tmp11m9j0pt']
[2025-12-17T04:42:56.914+0000] {standard_task_runner.py:88} INFO - Job 68: Subtask extract
[2025-12-17T04:42:57.035+0000] {task_command.py:423} INFO - Running <TaskInstance: etl_airflow.extract scheduled__2024-01-19T00:00:00+00:00 [running]> on host b3426f05ac70
[2025-12-17T04:42:57.488+0000] {taskinstance.py:2480} INFO - Exporting env vars: AIRFLOW_CTX_DAG_OWNER='***' AIRFLOW_CTX_DAG_ID='etl_***' AIRFLOW_CTX_TASK_ID='extract' AIRFLOW_CTX_EXECUTION_DATE='2024-01-19T00:00:00+00:00' AIRFLOW_CTX_TRY_NUMBER='1' AIRFLOW_CTX_DAG_RUN_ID='scheduled__2024-01-19T00:00:00+00:00'
[2025-12-17T04:42:57.517+0000] {python.py:201} INFO - Done. Returned value was:    user_id event_type           timestamp country
0        1      login 2025-01-01 09:00:00      IN
1        1      click 2025-01-01 09:05:00      IN
2        1     logout 2025-01-01 09:15:00      IN
3        2      login 2025-01-01 10:00:00      US
4        2      click 2025-01-01 10:10:00      US
5        2     logout 2025-01-01 10:20:00      US
6        3      login 2025-01-02 08:00:00      FR
7        3      click 2025-01-02 08:05:00      FR
8        3     logout 2025-01-02 08:30:00      FR
[2025-12-17T04:42:57.584+0000] {taskinstance.py:1138} INFO - Marking task as SUCCESS. dag_id=etl_***, task_id=extract, execution_date=20240119T000000, start_date=20251217T044256, end_date=20251217T044257
[2025-12-17T04:42:57.732+0000] {local_task_job_runner.py:234} INFO - Task exited with return code 0
[2025-12-17T04:42:57.801+0000] {taskinstance.py:3280} INFO - 1 downstream tasks scheduled from follow-on schedule check
[2025-12-17T07:35:57.120+0000] {taskinstance.py:1956} INFO - Dependencies all met for dep_context=non-requeueable deps ti=<TaskInstance: etl_airflow.extract scheduled__2024-01-19T00:00:00+00:00 [queued]>
[2025-12-17T07:35:57.144+0000] {taskinstance.py:1956} INFO - Dependencies all met for dep_context=requeueable deps ti=<TaskInstance: etl_airflow.extract scheduled__2024-01-19T00:00:00+00:00 [queued]>
[2025-12-17T07:35:57.146+0000] {taskinstance.py:2170} INFO - Starting attempt 1 of 3
[2025-12-17T07:35:57.238+0000] {taskinstance.py:2191} INFO - Executing <Task(PythonOperator): extract> on 2024-01-19 00:00:00+00:00
[2025-12-17T07:35:57.250+0000] {standard_task_runner.py:60} INFO - Started process 506 to run task
[2025-12-17T07:35:57.256+0000] {standard_task_runner.py:87} INFO - Running: ['***', 'tasks', 'run', 'etl_***', 'extract', 'scheduled__2024-01-19T00:00:00+00:00', '--job-id', '68', '--raw', '--subdir', 'DAGS_FOLDER/etl_***.py', '--cfg-path', '/tmp/tmp_ztdn4xs']
[2025-12-17T07:35:57.262+0000] {standard_task_runner.py:88} INFO - Job 68: Subtask extract
[2025-12-17T07:35:57.396+0000] {task_command.py:423} INFO - Running <TaskInstance: etl_airflow.extract scheduled__2024-01-19T00:00:00+00:00 [running]> on host 2a0de06c8905
[2025-12-17T07:35:57.815+0000] {taskinstance.py:2480} INFO - Exporting env vars: AIRFLOW_CTX_DAG_OWNER='***' AIRFLOW_CTX_DAG_ID='etl_***' AIRFLOW_CTX_TASK_ID='extract' AIRFLOW_CTX_EXECUTION_DATE='2024-01-19T00:00:00+00:00' AIRFLOW_CTX_TRY_NUMBER='1' AIRFLOW_CTX_DAG_RUN_ID='scheduled__2024-01-19T00:00:00+00:00'
[2025-12-17T07:35:57.856+0000] {python.py:201} INFO - Done. Returned value was:    user_id event_type           timestamp country
0        1      login 2025-01-01 09:00:00      IN
1        1      click 2025-01-01 09:05:00      IN
2        1     logout 2025-01-01 09:15:00      IN
3        2      login 2025-01-01 10:00:00      US
4        2      click 2025-01-01 10:10:00      US
5        2     logout 2025-01-01 10:20:00      US
6        3      login 2025-01-02 08:00:00      FR
7        3      click 2025-01-02 08:05:00      FR
8        3     logout 2025-01-02 08:30:00      FR
[2025-12-17T07:35:57.933+0000] {taskinstance.py:1138} INFO - Marking task as SUCCESS. dag_id=etl_***, task_id=extract, execution_date=20240119T000000, start_date=20251217T073557, end_date=20251217T073557
[2025-12-17T07:35:57.993+0000] {local_task_job_runner.py:234} INFO - Task exited with return code 0
[2025-12-17T07:35:58.042+0000] {taskinstance.py:3280} INFO - 1 downstream tasks scheduled from follow-on schedule check
