[2025-12-16T17:11:44.352+0000] {taskinstance.py:1956} INFO - Dependencies all met for dep_context=non-requeueable deps ti=<TaskInstance: etl_airflow.transform scheduled__2024-05-24T00:00:00+00:00 [queued]>
[2025-12-16T17:11:44.377+0000] {taskinstance.py:1956} INFO - Dependencies all met for dep_context=requeueable deps ti=<TaskInstance: etl_airflow.transform scheduled__2024-05-24T00:00:00+00:00 [queued]>
[2025-12-16T17:11:44.378+0000] {taskinstance.py:2170} INFO - Starting attempt 1 of 3
[2025-12-16T17:11:44.412+0000] {taskinstance.py:2191} INFO - Executing <Task(PythonOperator): transform> on 2024-05-24 00:00:00+00:00
[2025-12-16T17:11:44.433+0000] {standard_task_runner.py:60} INFO - Started process 1652 to run task
[2025-12-16T17:11:44.445+0000] {standard_task_runner.py:87} INFO - Running: ['***', 'tasks', 'run', 'etl_***', 'transform', 'scheduled__2024-05-24T00:00:00+00:00', '--job-id', '4021', '--raw', '--subdir', 'DAGS_FOLDER/etl_dag.py', '--cfg-path', '/tmp/tmp6ukaiz6a']
[2025-12-16T17:11:44.454+0000] {standard_task_runner.py:88} INFO - Job 4021: Subtask transform
[2025-12-16T17:11:44.688+0000] {task_command.py:423} INFO - Running <TaskInstance: etl_airflow.transform scheduled__2024-05-24T00:00:00+00:00 [running]> on host 3b89cfee50e9
[2025-12-16T17:11:45.297+0000] {taskinstance.py:2480} INFO - Exporting env vars: AIRFLOW_CTX_DAG_OWNER='***' AIRFLOW_CTX_DAG_ID='etl_***' AIRFLOW_CTX_TASK_ID='transform' AIRFLOW_CTX_EXECUTION_DATE='2024-05-24T00:00:00+00:00' AIRFLOW_CTX_TRY_NUMBER='1' AIRFLOW_CTX_DAG_RUN_ID='scheduled__2024-05-24T00:00:00+00:00'
[2025-12-16T17:11:45.307+0000] {logging_mixin.py:188} INFO - [TRANSFORM]
[2025-12-16T17:11:46.021+0000] {logging_mixin.py:188} INFO - [TRANSFORM] done
[2025-12-16T17:11:46.023+0000] {python.py:201} INFO - Done. Returned value was: None
[2025-12-16T17:11:46.057+0000] {taskinstance.py:1138} INFO - Marking task as SUCCESS. dag_id=etl_***, task_id=transform, execution_date=20240524T000000, start_date=20251216T171144, end_date=20251216T171146
[2025-12-16T17:11:46.396+0000] {local_task_job_runner.py:234} INFO - Task exited with return code 0
[2025-12-16T17:11:46.539+0000] {taskinstance.py:3280} INFO - 1 downstream tasks scheduled from follow-on schedule check
[2025-12-17T01:52:39.529+0000] {taskinstance.py:1956} INFO - Dependencies all met for dep_context=non-requeueable deps ti=<TaskInstance: etl_airflow.transform scheduled__2024-05-24T00:00:00+00:00 [queued]>
[2025-12-17T01:52:39.552+0000] {taskinstance.py:1956} INFO - Dependencies all met for dep_context=requeueable deps ti=<TaskInstance: etl_airflow.transform scheduled__2024-05-24T00:00:00+00:00 [queued]>
[2025-12-17T01:52:39.554+0000] {taskinstance.py:2170} INFO - Starting attempt 1 of 3
[2025-12-17T01:52:39.575+0000] {taskinstance.py:2191} INFO - Executing <Task(PythonOperator): transform> on 2024-05-24 00:00:00+00:00
[2025-12-17T01:52:39.585+0000] {standard_task_runner.py:60} INFO - Started process 1616 to run task
[2025-12-17T01:52:39.590+0000] {standard_task_runner.py:87} INFO - Running: ['***', 'tasks', 'run', 'etl_***', 'transform', 'scheduled__2024-05-24T00:00:00+00:00', '--job-id', '445', '--raw', '--subdir', 'DAGS_FOLDER/etl_dag.py', '--cfg-path', '/tmp/tmpeng2mtxa']
[2025-12-17T01:52:39.595+0000] {standard_task_runner.py:88} INFO - Job 445: Subtask transform
[2025-12-17T01:52:39.802+0000] {task_command.py:423} INFO - Running <TaskInstance: etl_airflow.transform scheduled__2024-05-24T00:00:00+00:00 [running]> on host 571e042550da
[2025-12-17T01:52:40.217+0000] {taskinstance.py:2480} INFO - Exporting env vars: AIRFLOW_CTX_DAG_OWNER='***' AIRFLOW_CTX_DAG_ID='etl_***' AIRFLOW_CTX_TASK_ID='transform' AIRFLOW_CTX_EXECUTION_DATE='2024-05-24T00:00:00+00:00' AIRFLOW_CTX_TRY_NUMBER='1' AIRFLOW_CTX_DAG_RUN_ID='scheduled__2024-05-24T00:00:00+00:00'
[2025-12-17T01:52:40.222+0000] {logging_mixin.py:188} INFO - [TRANSFORM]
[2025-12-17T01:52:40.264+0000] {logging_mixin.py:188} INFO - [TRANSFORM] done
[2025-12-17T01:52:40.267+0000] {python.py:201} INFO - Done. Returned value was: None
[2025-12-17T01:52:40.295+0000] {taskinstance.py:1138} INFO - Marking task as SUCCESS. dag_id=etl_***, task_id=transform, execution_date=20240524T000000, start_date=20251217T015239, end_date=20251217T015240
[2025-12-17T01:52:40.361+0000] {local_task_job_runner.py:234} INFO - Task exited with return code 0
[2025-12-17T01:52:40.418+0000] {taskinstance.py:3280} INFO - 1 downstream tasks scheduled from follow-on schedule check
[2025-12-17T04:20:13.973+0000] {taskinstance.py:1956} INFO - Dependencies all met for dep_context=non-requeueable deps ti=<TaskInstance: etl_airflow.transform scheduled__2024-05-24T00:00:00+00:00 [queued]>
[2025-12-17T04:20:13.993+0000] {taskinstance.py:1956} INFO - Dependencies all met for dep_context=requeueable deps ti=<TaskInstance: etl_airflow.transform scheduled__2024-05-24T00:00:00+00:00 [queued]>
[2025-12-17T04:20:13.994+0000] {taskinstance.py:2170} INFO - Starting attempt 1 of 3
[2025-12-17T04:20:14.070+0000] {taskinstance.py:2191} INFO - Executing <Task(PythonOperator): transform> on 2024-05-24 00:00:00+00:00
[2025-12-17T04:20:14.084+0000] {standard_task_runner.py:60} INFO - Started process 932 to run task
[2025-12-17T04:20:14.093+0000] {standard_task_runner.py:87} INFO - Running: ['***', 'tasks', 'run', 'etl_***', 'transform', 'scheduled__2024-05-24T00:00:00+00:00', '--job-id', '212', '--raw', '--subdir', 'DAGS_FOLDER/etl_***.py', '--cfg-path', '/tmp/tmpexh02c9v']
[2025-12-17T04:20:14.098+0000] {standard_task_runner.py:88} INFO - Job 212: Subtask transform
[2025-12-17T04:20:14.231+0000] {task_command.py:423} INFO - Running <TaskInstance: etl_airflow.transform scheduled__2024-05-24T00:00:00+00:00 [running]> on host c5811fe183ca
[2025-12-17T04:20:14.758+0000] {taskinstance.py:2480} INFO - Exporting env vars: AIRFLOW_CTX_DAG_OWNER='***' AIRFLOW_CTX_DAG_ID='etl_***' AIRFLOW_CTX_TASK_ID='transform' AIRFLOW_CTX_EXECUTION_DATE='2024-05-24T00:00:00+00:00' AIRFLOW_CTX_TRY_NUMBER='1' AIRFLOW_CTX_DAG_RUN_ID='scheduled__2024-05-24T00:00:00+00:00'
[2025-12-17T04:20:14.766+0000] {taskinstance.py:2698} ERROR - Task failed with exception
Traceback (most recent call last):
  File "/home/airflow/.local/lib/python3.8/site-packages/airflow/models/taskinstance.py", line 433, in _execute_task
    result = execute_callable(context=context, **execute_callable_kwargs)
  File "/home/airflow/.local/lib/python3.8/site-packages/airflow/operators/python.py", line 199, in execute
    return_value = self.execute_callable()
  File "/home/airflow/.local/lib/python3.8/site-packages/airflow/operators/python.py", line 216, in execute_callable
    return self.python_callable(*self.op_args, **self.op_kwargs)
TypeError: transform_data() missing 1 required positional argument: 'df'
[2025-12-17T04:20:14.781+0000] {taskinstance.py:1138} INFO - Marking task as UP_FOR_RETRY. dag_id=etl_***, task_id=transform, execution_date=20240524T000000, start_date=20251217T042013, end_date=20251217T042014
[2025-12-17T04:20:14.954+0000] {standard_task_runner.py:107} ERROR - Failed to execute job 212 for task transform (transform_data() missing 1 required positional argument: 'df'; 932)
[2025-12-17T04:20:15.017+0000] {local_task_job_runner.py:234} INFO - Task exited with return code 1
[2025-12-17T04:20:15.049+0000] {taskinstance.py:3280} INFO - 0 downstream tasks scheduled from follow-on schedule check
[2025-12-17T04:47:38.734+0000] {taskinstance.py:1956} INFO - Dependencies all met for dep_context=non-requeueable deps ti=<TaskInstance: etl_airflow.transform scheduled__2024-05-24T00:00:00+00:00 [queued]>
[2025-12-17T04:47:38.764+0000] {taskinstance.py:1956} INFO - Dependencies all met for dep_context=requeueable deps ti=<TaskInstance: etl_airflow.transform scheduled__2024-05-24T00:00:00+00:00 [queued]>
[2025-12-17T04:47:38.766+0000] {taskinstance.py:2170} INFO - Starting attempt 1 of 3
[2025-12-17T04:47:38.795+0000] {taskinstance.py:2191} INFO - Executing <Task(PythonOperator): transform> on 2024-05-24 00:00:00+00:00
[2025-12-17T04:47:38.804+0000] {standard_task_runner.py:60} INFO - Started process 2173 to run task
[2025-12-17T04:47:38.818+0000] {standard_task_runner.py:87} INFO - Running: ['***', 'tasks', 'run', 'etl_***', 'transform', 'scheduled__2024-05-24T00:00:00+00:00', '--job-id', '588', '--raw', '--subdir', 'DAGS_FOLDER/etl_***.py', '--cfg-path', '/tmp/tmpx3q0yp8z']
[2025-12-17T04:47:38.826+0000] {standard_task_runner.py:88} INFO - Job 588: Subtask transform
[2025-12-17T04:47:38.984+0000] {task_command.py:423} INFO - Running <TaskInstance: etl_airflow.transform scheduled__2024-05-24T00:00:00+00:00 [running]> on host b3426f05ac70
[2025-12-17T04:47:39.468+0000] {taskinstance.py:2480} INFO - Exporting env vars: AIRFLOW_CTX_DAG_OWNER='***' AIRFLOW_CTX_DAG_ID='etl_***' AIRFLOW_CTX_TASK_ID='transform' AIRFLOW_CTX_EXECUTION_DATE='2024-05-24T00:00:00+00:00' AIRFLOW_CTX_TRY_NUMBER='1' AIRFLOW_CTX_DAG_RUN_ID='scheduled__2024-05-24T00:00:00+00:00'
[2025-12-17T04:47:39.471+0000] {taskinstance.py:2698} ERROR - Task failed with exception
Traceback (most recent call last):
  File "/home/airflow/.local/lib/python3.8/site-packages/airflow/models/taskinstance.py", line 433, in _execute_task
    result = execute_callable(context=context, **execute_callable_kwargs)
  File "/home/airflow/.local/lib/python3.8/site-packages/airflow/operators/python.py", line 199, in execute
    return_value = self.execute_callable()
  File "/home/airflow/.local/lib/python3.8/site-packages/airflow/operators/python.py", line 216, in execute_callable
    return self.python_callable(*self.op_args, **self.op_kwargs)
TypeError: transform_data() missing 1 required positional argument: 'df'
[2025-12-17T04:47:39.487+0000] {taskinstance.py:1138} INFO - Marking task as UP_FOR_RETRY. dag_id=etl_***, task_id=transform, execution_date=20240524T000000, start_date=20251217T044738, end_date=20251217T044739
[2025-12-17T04:47:39.722+0000] {standard_task_runner.py:107} ERROR - Failed to execute job 588 for task transform (transform_data() missing 1 required positional argument: 'df'; 2173)
[2025-12-17T04:47:39.779+0000] {local_task_job_runner.py:234} INFO - Task exited with return code 1
[2025-12-17T04:47:39.829+0000] {taskinstance.py:3280} INFO - 0 downstream tasks scheduled from follow-on schedule check
[2025-12-17T07:41:07.838+0000] {taskinstance.py:1956} INFO - Dependencies all met for dep_context=non-requeueable deps ti=<TaskInstance: etl_airflow.transform scheduled__2024-05-24T00:00:00+00:00 [queued]>
[2025-12-17T07:41:07.863+0000] {taskinstance.py:1956} INFO - Dependencies all met for dep_context=requeueable deps ti=<TaskInstance: etl_airflow.transform scheduled__2024-05-24T00:00:00+00:00 [queued]>
[2025-12-17T07:41:07.865+0000] {taskinstance.py:2170} INFO - Starting attempt 1 of 3
[2025-12-17T07:41:07.903+0000] {taskinstance.py:2191} INFO - Executing <Task(PythonOperator): transform> on 2024-05-24 00:00:00+00:00
[2025-12-17T07:41:07.919+0000] {standard_task_runner.py:60} INFO - Started process 2237 to run task
[2025-12-17T07:41:07.932+0000] {standard_task_runner.py:87} INFO - Running: ['***', 'tasks', 'run', 'etl_***', 'transform', 'scheduled__2024-05-24T00:00:00+00:00', '--job-id', '591', '--raw', '--subdir', 'DAGS_FOLDER/etl_***.py', '--cfg-path', '/tmp/tmprw95km1m']
[2025-12-17T07:41:07.941+0000] {standard_task_runner.py:88} INFO - Job 591: Subtask transform
[2025-12-17T07:41:08.183+0000] {task_command.py:423} INFO - Running <TaskInstance: etl_airflow.transform scheduled__2024-05-24T00:00:00+00:00 [running]> on host 2a0de06c8905
[2025-12-17T07:41:08.733+0000] {taskinstance.py:2480} INFO - Exporting env vars: AIRFLOW_CTX_DAG_OWNER='***' AIRFLOW_CTX_DAG_ID='etl_***' AIRFLOW_CTX_TASK_ID='transform' AIRFLOW_CTX_EXECUTION_DATE='2024-05-24T00:00:00+00:00' AIRFLOW_CTX_TRY_NUMBER='1' AIRFLOW_CTX_DAG_RUN_ID='scheduled__2024-05-24T00:00:00+00:00'
[2025-12-17T07:41:08.738+0000] {taskinstance.py:2698} ERROR - Task failed with exception
Traceback (most recent call last):
  File "/home/airflow/.local/lib/python3.8/site-packages/airflow/models/taskinstance.py", line 433, in _execute_task
    result = execute_callable(context=context, **execute_callable_kwargs)
  File "/home/airflow/.local/lib/python3.8/site-packages/airflow/operators/python.py", line 199, in execute
    return_value = self.execute_callable()
  File "/home/airflow/.local/lib/python3.8/site-packages/airflow/operators/python.py", line 216, in execute_callable
    return self.python_callable(*self.op_args, **self.op_kwargs)
TypeError: transform_data() missing 1 required positional argument: 'df'
[2025-12-17T07:41:08.763+0000] {taskinstance.py:1138} INFO - Marking task as UP_FOR_RETRY. dag_id=etl_***, task_id=transform, execution_date=20240524T000000, start_date=20251217T074107, end_date=20251217T074108
[2025-12-17T07:41:08.911+0000] {standard_task_runner.py:107} ERROR - Failed to execute job 591 for task transform (transform_data() missing 1 required positional argument: 'df'; 2237)
[2025-12-17T07:41:08.971+0000] {local_task_job_runner.py:234} INFO - Task exited with return code 1
[2025-12-17T07:41:09.045+0000] {taskinstance.py:3280} INFO - 0 downstream tasks scheduled from follow-on schedule check
