[2025-12-17T04:55:38.502+0000] {taskinstance.py:1956} INFO - Dependencies all met for dep_context=non-requeueable deps ti=<TaskInstance: etl_airflow.transform scheduled__2024-12-28T00:00:00+00:00 [queued]>
[2025-12-17T04:55:38.515+0000] {taskinstance.py:1956} INFO - Dependencies all met for dep_context=requeueable deps ti=<TaskInstance: etl_airflow.transform scheduled__2024-12-28T00:00:00+00:00 [queued]>
[2025-12-17T04:55:38.515+0000] {taskinstance.py:2170} INFO - Starting attempt 3 of 3
[2025-12-17T04:55:38.533+0000] {taskinstance.py:2191} INFO - Executing <Task(PythonOperator): transform> on 2024-12-28 00:00:00+00:00
[2025-12-17T04:55:38.542+0000] {standard_task_runner.py:60} INFO - Started process 5052 to run task
[2025-12-17T04:55:38.547+0000] {standard_task_runner.py:87} INFO - Running: ['***', 'tasks', 'run', 'etl_***', 'transform', 'scheduled__2024-12-28T00:00:00+00:00', '--job-id', '1466', '--raw', '--subdir', 'DAGS_FOLDER/etl_***.py', '--cfg-path', '/tmp/tmpk9lukp27']
[2025-12-17T04:55:38.552+0000] {standard_task_runner.py:88} INFO - Job 1466: Subtask transform
[2025-12-17T04:55:38.696+0000] {task_command.py:423} INFO - Running <TaskInstance: etl_airflow.transform scheduled__2024-12-28T00:00:00+00:00 [running]> on host b3426f05ac70
[2025-12-17T04:55:39.106+0000] {taskinstance.py:2480} INFO - Exporting env vars: AIRFLOW_CTX_DAG_OWNER='***' AIRFLOW_CTX_DAG_ID='etl_***' AIRFLOW_CTX_TASK_ID='transform' AIRFLOW_CTX_EXECUTION_DATE='2024-12-28T00:00:00+00:00' AIRFLOW_CTX_TRY_NUMBER='3' AIRFLOW_CTX_DAG_RUN_ID='scheduled__2024-12-28T00:00:00+00:00'
[2025-12-17T04:55:39.109+0000] {taskinstance.py:2698} ERROR - Task failed with exception
Traceback (most recent call last):
  File "/home/airflow/.local/lib/python3.8/site-packages/airflow/models/taskinstance.py", line 433, in _execute_task
    result = execute_callable(context=context, **execute_callable_kwargs)
  File "/home/airflow/.local/lib/python3.8/site-packages/airflow/operators/python.py", line 199, in execute
    return_value = self.execute_callable()
  File "/home/airflow/.local/lib/python3.8/site-packages/airflow/operators/python.py", line 216, in execute_callable
    return self.python_callable(*self.op_args, **self.op_kwargs)
TypeError: transform_data() missing 1 required positional argument: 'df'
[2025-12-17T04:55:39.126+0000] {taskinstance.py:1138} INFO - Marking task as FAILED. dag_id=etl_***, task_id=transform, execution_date=20241228T000000, start_date=20251217T045538, end_date=20251217T045539
[2025-12-17T04:55:39.170+0000] {standard_task_runner.py:107} ERROR - Failed to execute job 1466 for task transform (transform_data() missing 1 required positional argument: 'df'; 5052)
[2025-12-17T04:55:39.213+0000] {local_task_job_runner.py:234} INFO - Task exited with return code 1
[2025-12-17T04:55:39.300+0000] {taskinstance.py:3280} INFO - 0 downstream tasks scheduled from follow-on schedule check
[2025-12-17T08:01:07.412+0000] {taskinstance.py:1956} INFO - Dependencies all met for dep_context=non-requeueable deps ti=<TaskInstance: etl_airflow.transform scheduled__2024-12-28T00:00:00+00:00 [queued]>
[2025-12-17T08:01:07.436+0000] {taskinstance.py:1956} INFO - Dependencies all met for dep_context=requeueable deps ti=<TaskInstance: etl_airflow.transform scheduled__2024-12-28T00:00:00+00:00 [queued]>
[2025-12-17T08:01:07.437+0000] {taskinstance.py:2170} INFO - Starting attempt 3 of 3
[2025-12-17T08:01:07.462+0000] {taskinstance.py:2191} INFO - Executing <Task(PythonOperator): transform> on 2024-12-28 00:00:00+00:00
[2025-12-17T08:01:07.473+0000] {standard_task_runner.py:60} INFO - Started process 5170 to run task
[2025-12-17T08:01:07.479+0000] {standard_task_runner.py:87} INFO - Running: ['***', 'tasks', 'run', 'etl_***', 'transform', 'scheduled__2024-12-28T00:00:00+00:00', '--job-id', '1473', '--raw', '--subdir', 'DAGS_FOLDER/etl_***.py', '--cfg-path', '/tmp/tmpksiejz6m']
[2025-12-17T08:01:07.483+0000] {standard_task_runner.py:88} INFO - Job 1473: Subtask transform
[2025-12-17T08:01:07.652+0000] {task_command.py:423} INFO - Running <TaskInstance: etl_airflow.transform scheduled__2024-12-28T00:00:00+00:00 [running]> on host 2a0de06c8905
[2025-12-17T08:01:08.279+0000] {taskinstance.py:2480} INFO - Exporting env vars: AIRFLOW_CTX_DAG_OWNER='***' AIRFLOW_CTX_DAG_ID='etl_***' AIRFLOW_CTX_TASK_ID='transform' AIRFLOW_CTX_EXECUTION_DATE='2024-12-28T00:00:00+00:00' AIRFLOW_CTX_TRY_NUMBER='3' AIRFLOW_CTX_DAG_RUN_ID='scheduled__2024-12-28T00:00:00+00:00'
[2025-12-17T08:01:08.287+0000] {taskinstance.py:2698} ERROR - Task failed with exception
Traceback (most recent call last):
  File "/home/airflow/.local/lib/python3.8/site-packages/airflow/models/taskinstance.py", line 433, in _execute_task
    result = execute_callable(context=context, **execute_callable_kwargs)
  File "/home/airflow/.local/lib/python3.8/site-packages/airflow/operators/python.py", line 199, in execute
    return_value = self.execute_callable()
  File "/home/airflow/.local/lib/python3.8/site-packages/airflow/operators/python.py", line 216, in execute_callable
    return self.python_callable(*self.op_args, **self.op_kwargs)
TypeError: transform_data() missing 1 required positional argument: 'df'
[2025-12-17T08:01:08.310+0000] {taskinstance.py:1138} INFO - Marking task as FAILED. dag_id=etl_***, task_id=transform, execution_date=20241228T000000, start_date=20251217T080107, end_date=20251217T080108
[2025-12-17T08:01:08.353+0000] {standard_task_runner.py:107} ERROR - Failed to execute job 1473 for task transform (transform_data() missing 1 required positional argument: 'df'; 5170)
[2025-12-17T08:01:08.379+0000] {local_task_job_runner.py:234} INFO - Task exited with return code 1
[2025-12-17T08:01:08.420+0000] {taskinstance.py:3280} INFO - 0 downstream tasks scheduled from follow-on schedule check
