[2025-12-16T17:10:08.564+0000] {taskinstance.py:1956} INFO - Dependencies all met for dep_context=non-requeueable deps ti=<TaskInstance: etl_airflow.transform scheduled__2024-02-02T00:00:00+00:00 [queued]>
[2025-12-16T17:10:08.593+0000] {taskinstance.py:1956} INFO - Dependencies all met for dep_context=requeueable deps ti=<TaskInstance: etl_airflow.transform scheduled__2024-02-02T00:00:00+00:00 [queued]>
[2025-12-16T17:10:08.594+0000] {taskinstance.py:2170} INFO - Starting attempt 1 of 3
[2025-12-16T17:10:08.631+0000] {taskinstance.py:2191} INFO - Executing <Task(PythonOperator): transform> on 2024-02-02 00:00:00+00:00
[2025-12-16T17:10:08.651+0000] {standard_task_runner.py:60} INFO - Started process 601 to run task
[2025-12-16T17:10:08.666+0000] {standard_task_runner.py:87} INFO - Running: ['***', 'tasks', 'run', 'etl_***', 'transform', 'scheduled__2024-02-02T00:00:00+00:00', '--job-id', '3688', '--raw', '--subdir', 'DAGS_FOLDER/etl_dag.py', '--cfg-path', '/tmp/tmp7xb9m__g']
[2025-12-16T17:10:08.670+0000] {standard_task_runner.py:88} INFO - Job 3688: Subtask transform
[2025-12-16T17:10:08.836+0000] {task_command.py:423} INFO - Running <TaskInstance: etl_airflow.transform scheduled__2024-02-02T00:00:00+00:00 [running]> on host 3b89cfee50e9
[2025-12-16T17:10:09.156+0000] {taskinstance.py:2480} INFO - Exporting env vars: AIRFLOW_CTX_DAG_OWNER='***' AIRFLOW_CTX_DAG_ID='etl_***' AIRFLOW_CTX_TASK_ID='transform' AIRFLOW_CTX_EXECUTION_DATE='2024-02-02T00:00:00+00:00' AIRFLOW_CTX_TRY_NUMBER='1' AIRFLOW_CTX_DAG_RUN_ID='scheduled__2024-02-02T00:00:00+00:00'
[2025-12-16T17:10:09.158+0000] {logging_mixin.py:188} INFO - [TRANSFORM]
[2025-12-16T17:10:09.592+0000] {logging_mixin.py:188} INFO - [TRANSFORM] done
[2025-12-16T17:10:09.593+0000] {python.py:201} INFO - Done. Returned value was: None
[2025-12-16T17:10:09.622+0000] {taskinstance.py:1138} INFO - Marking task as SUCCESS. dag_id=etl_***, task_id=transform, execution_date=20240202T000000, start_date=20251216T171008, end_date=20251216T171009
[2025-12-16T17:10:09.737+0000] {local_task_job_runner.py:234} INFO - Task exited with return code 0
[2025-12-16T17:10:09.787+0000] {taskinstance.py:3280} INFO - 1 downstream tasks scheduled from follow-on schedule check
[2025-12-17T01:50:35.953+0000] {taskinstance.py:1956} INFO - Dependencies all met for dep_context=non-requeueable deps ti=<TaskInstance: etl_airflow.transform scheduled__2024-02-02T00:00:00+00:00 [queued]>
[2025-12-17T01:50:35.974+0000] {taskinstance.py:1956} INFO - Dependencies all met for dep_context=requeueable deps ti=<TaskInstance: etl_airflow.transform scheduled__2024-02-02T00:00:00+00:00 [queued]>
[2025-12-17T01:50:35.977+0000] {taskinstance.py:2170} INFO - Starting attempt 1 of 3
[2025-12-17T01:50:36.022+0000] {taskinstance.py:2191} INFO - Executing <Task(PythonOperator): transform> on 2024-02-02 00:00:00+00:00
[2025-12-17T01:50:36.034+0000] {standard_task_runner.py:60} INFO - Started process 537 to run task
[2025-12-17T01:50:36.039+0000] {standard_task_runner.py:87} INFO - Running: ['***', 'tasks', 'run', 'etl_***', 'transform', 'scheduled__2024-02-02T00:00:00+00:00', '--job-id', '104', '--raw', '--subdir', 'DAGS_FOLDER/etl_dag.py', '--cfg-path', '/tmp/tmpsq3tikho']
[2025-12-17T01:50:36.043+0000] {standard_task_runner.py:88} INFO - Job 104: Subtask transform
[2025-12-17T01:50:36.187+0000] {task_command.py:423} INFO - Running <TaskInstance: etl_airflow.transform scheduled__2024-02-02T00:00:00+00:00 [running]> on host 571e042550da
[2025-12-17T01:50:36.789+0000] {taskinstance.py:2480} INFO - Exporting env vars: AIRFLOW_CTX_DAG_OWNER='***' AIRFLOW_CTX_DAG_ID='etl_***' AIRFLOW_CTX_TASK_ID='transform' AIRFLOW_CTX_EXECUTION_DATE='2024-02-02T00:00:00+00:00' AIRFLOW_CTX_TRY_NUMBER='1' AIRFLOW_CTX_DAG_RUN_ID='scheduled__2024-02-02T00:00:00+00:00'
[2025-12-17T01:50:36.792+0000] {logging_mixin.py:188} INFO - [TRANSFORM]
[2025-12-17T01:50:36.829+0000] {logging_mixin.py:188} INFO - [TRANSFORM] done
[2025-12-17T01:50:36.832+0000] {python.py:201} INFO - Done. Returned value was: None
[2025-12-17T01:50:36.871+0000] {taskinstance.py:1138} INFO - Marking task as SUCCESS. dag_id=etl_***, task_id=transform, execution_date=20240202T000000, start_date=20251217T015035, end_date=20251217T015036
[2025-12-17T01:50:36.981+0000] {local_task_job_runner.py:234} INFO - Task exited with return code 0
[2025-12-17T01:50:37.022+0000] {taskinstance.py:3280} INFO - 1 downstream tasks scheduled from follow-on schedule check
[2025-12-17T04:43:31.917+0000] {taskinstance.py:1956} INFO - Dependencies all met for dep_context=non-requeueable deps ti=<TaskInstance: etl_airflow.transform scheduled__2024-02-02T00:00:00+00:00 [queued]>
[2025-12-17T04:43:31.930+0000] {taskinstance.py:1956} INFO - Dependencies all met for dep_context=requeueable deps ti=<TaskInstance: etl_airflow.transform scheduled__2024-02-02T00:00:00+00:00 [queued]>
[2025-12-17T04:43:31.931+0000] {taskinstance.py:2170} INFO - Starting attempt 1 of 3
[2025-12-17T04:43:31.970+0000] {taskinstance.py:2191} INFO - Executing <Task(PythonOperator): transform> on 2024-02-02 00:00:00+00:00
[2025-12-17T04:43:31.978+0000] {standard_task_runner.py:60} INFO - Started process 658 to run task
[2025-12-17T04:43:31.985+0000] {standard_task_runner.py:87} INFO - Running: ['***', 'tasks', 'run', 'etl_***', 'transform', 'scheduled__2024-02-02T00:00:00+00:00', '--job-id', '131', '--raw', '--subdir', 'DAGS_FOLDER/etl_***.py', '--cfg-path', '/tmp/tmpqt5iyfd0']
[2025-12-17T04:43:31.989+0000] {standard_task_runner.py:88} INFO - Job 131: Subtask transform
[2025-12-17T04:43:32.094+0000] {task_command.py:423} INFO - Running <TaskInstance: etl_airflow.transform scheduled__2024-02-02T00:00:00+00:00 [running]> on host b3426f05ac70
[2025-12-17T04:43:32.455+0000] {taskinstance.py:2480} INFO - Exporting env vars: AIRFLOW_CTX_DAG_OWNER='***' AIRFLOW_CTX_DAG_ID='etl_***' AIRFLOW_CTX_TASK_ID='transform' AIRFLOW_CTX_EXECUTION_DATE='2024-02-02T00:00:00+00:00' AIRFLOW_CTX_TRY_NUMBER='1' AIRFLOW_CTX_DAG_RUN_ID='scheduled__2024-02-02T00:00:00+00:00'
[2025-12-17T04:43:32.456+0000] {taskinstance.py:2698} ERROR - Task failed with exception
Traceback (most recent call last):
  File "/home/airflow/.local/lib/python3.8/site-packages/airflow/models/taskinstance.py", line 433, in _execute_task
    result = execute_callable(context=context, **execute_callable_kwargs)
  File "/home/airflow/.local/lib/python3.8/site-packages/airflow/operators/python.py", line 199, in execute
    return_value = self.execute_callable()
  File "/home/airflow/.local/lib/python3.8/site-packages/airflow/operators/python.py", line 216, in execute_callable
    return self.python_callable(*self.op_args, **self.op_kwargs)
TypeError: transform_data() missing 1 required positional argument: 'df'
[2025-12-17T04:43:32.470+0000] {taskinstance.py:1138} INFO - Marking task as UP_FOR_RETRY. dag_id=etl_***, task_id=transform, execution_date=20240202T000000, start_date=20251217T044331, end_date=20251217T044332
[2025-12-17T04:43:32.615+0000] {standard_task_runner.py:107} ERROR - Failed to execute job 131 for task transform (transform_data() missing 1 required positional argument: 'df'; 658)
[2025-12-17T04:43:32.640+0000] {local_task_job_runner.py:234} INFO - Task exited with return code 1
[2025-12-17T04:43:32.683+0000] {taskinstance.py:3280} INFO - 0 downstream tasks scheduled from follow-on schedule check
[2025-12-17T07:36:33.886+0000] {taskinstance.py:1956} INFO - Dependencies all met for dep_context=non-requeueable deps ti=<TaskInstance: etl_airflow.transform scheduled__2024-02-02T00:00:00+00:00 [queued]>
[2025-12-17T07:36:33.906+0000] {taskinstance.py:1956} INFO - Dependencies all met for dep_context=requeueable deps ti=<TaskInstance: etl_airflow.transform scheduled__2024-02-02T00:00:00+00:00 [queued]>
[2025-12-17T07:36:33.908+0000] {taskinstance.py:2170} INFO - Starting attempt 1 of 3
[2025-12-17T07:36:33.930+0000] {taskinstance.py:2191} INFO - Executing <Task(PythonOperator): transform> on 2024-02-02 00:00:00+00:00
[2025-12-17T07:36:33.942+0000] {standard_task_runner.py:60} INFO - Started process 722 to run task
[2025-12-17T07:36:33.948+0000] {standard_task_runner.py:87} INFO - Running: ['***', 'tasks', 'run', 'etl_***', 'transform', 'scheduled__2024-02-02T00:00:00+00:00', '--job-id', '134', '--raw', '--subdir', 'DAGS_FOLDER/etl_***.py', '--cfg-path', '/tmp/tmpyjocbabk']
[2025-12-17T07:36:33.954+0000] {standard_task_runner.py:88} INFO - Job 134: Subtask transform
[2025-12-17T07:36:34.093+0000] {task_command.py:423} INFO - Running <TaskInstance: etl_airflow.transform scheduled__2024-02-02T00:00:00+00:00 [running]> on host 2a0de06c8905
[2025-12-17T07:36:34.561+0000] {taskinstance.py:2480} INFO - Exporting env vars: AIRFLOW_CTX_DAG_OWNER='***' AIRFLOW_CTX_DAG_ID='etl_***' AIRFLOW_CTX_TASK_ID='transform' AIRFLOW_CTX_EXECUTION_DATE='2024-02-02T00:00:00+00:00' AIRFLOW_CTX_TRY_NUMBER='1' AIRFLOW_CTX_DAG_RUN_ID='scheduled__2024-02-02T00:00:00+00:00'
[2025-12-17T07:36:34.567+0000] {taskinstance.py:2698} ERROR - Task failed with exception
Traceback (most recent call last):
  File "/home/airflow/.local/lib/python3.8/site-packages/airflow/models/taskinstance.py", line 433, in _execute_task
    result = execute_callable(context=context, **execute_callable_kwargs)
  File "/home/airflow/.local/lib/python3.8/site-packages/airflow/operators/python.py", line 199, in execute
    return_value = self.execute_callable()
  File "/home/airflow/.local/lib/python3.8/site-packages/airflow/operators/python.py", line 216, in execute_callable
    return self.python_callable(*self.op_args, **self.op_kwargs)
TypeError: transform_data() missing 1 required positional argument: 'df'
[2025-12-17T07:36:34.594+0000] {taskinstance.py:1138} INFO - Marking task as UP_FOR_RETRY. dag_id=etl_***, task_id=transform, execution_date=20240202T000000, start_date=20251217T073633, end_date=20251217T073634
[2025-12-17T07:36:34.629+0000] {standard_task_runner.py:107} ERROR - Failed to execute job 134 for task transform (transform_data() missing 1 required positional argument: 'df'; 722)
[2025-12-17T07:36:34.690+0000] {local_task_job_runner.py:234} INFO - Task exited with return code 1
[2025-12-17T07:36:34.833+0000] {taskinstance.py:3280} INFO - 0 downstream tasks scheduled from follow-on schedule check
