[2025-12-16T17:18:37.450+0000] {taskinstance.py:1956} INFO - Dependencies all met for dep_context=non-requeueable deps ti=<TaskInstance: etl_airflow.transform scheduled__2024-02-02T00:00:00+00:00 [queued]>
[2025-12-16T17:18:37.475+0000] {taskinstance.py:1956} INFO - Dependencies all met for dep_context=requeueable deps ti=<TaskInstance: etl_airflow.transform scheduled__2024-02-02T00:00:00+00:00 [queued]>
[2025-12-16T17:18:37.479+0000] {taskinstance.py:2170} INFO - Starting attempt 2 of 4
[2025-12-16T17:18:37.513+0000] {taskinstance.py:2191} INFO - Executing <Task(PythonOperator): transform> on 2024-02-02 00:00:00+00:00
[2025-12-16T17:18:37.530+0000] {standard_task_runner.py:60} INFO - Started process 3705 to run task
[2025-12-16T17:18:37.553+0000] {standard_task_runner.py:87} INFO - Running: ['***', 'tasks', 'run', 'etl_***', 'transform', 'scheduled__2024-02-02T00:00:00+00:00', '--job-id', '5241', '--raw', '--subdir', 'DAGS_FOLDER/etl_dag.py', '--cfg-path', '/tmp/tmprn1sn2dk']
[2025-12-16T17:18:37.574+0000] {standard_task_runner.py:88} INFO - Job 5241: Subtask transform
[2025-12-16T17:18:37.812+0000] {task_command.py:423} INFO - Running <TaskInstance: etl_airflow.transform scheduled__2024-02-02T00:00:00+00:00 [running]> on host 3b89cfee50e9
[2025-12-16T17:18:38.174+0000] {taskinstance.py:2480} INFO - Exporting env vars: AIRFLOW_CTX_DAG_OWNER='***' AIRFLOW_CTX_DAG_ID='etl_***' AIRFLOW_CTX_TASK_ID='transform' AIRFLOW_CTX_EXECUTION_DATE='2024-02-02T00:00:00+00:00' AIRFLOW_CTX_TRY_NUMBER='2' AIRFLOW_CTX_DAG_RUN_ID='scheduled__2024-02-02T00:00:00+00:00'
[2025-12-16T17:18:38.177+0000] {logging_mixin.py:188} INFO - [TRANSFORM]
[2025-12-16T17:18:38.611+0000] {logging_mixin.py:188} INFO - [TRANSFORM] done
[2025-12-16T17:18:38.613+0000] {python.py:201} INFO - Done. Returned value was: None
[2025-12-16T17:18:38.645+0000] {taskinstance.py:1138} INFO - Marking task as SUCCESS. dag_id=etl_***, task_id=transform, execution_date=20240202T000000, start_date=20251216T171837, end_date=20251216T171838
[2025-12-16T17:18:38.729+0000] {local_task_job_runner.py:234} INFO - Task exited with return code 0
[2025-12-16T17:18:38.827+0000] {taskinstance.py:3280} INFO - 1 downstream tasks scheduled from follow-on schedule check
[2025-12-17T04:43:43.671+0000] {taskinstance.py:1956} INFO - Dependencies all met for dep_context=non-requeueable deps ti=<TaskInstance: etl_airflow.transform scheduled__2024-02-02T00:00:00+00:00 [queued]>
[2025-12-17T04:43:43.701+0000] {taskinstance.py:1956} INFO - Dependencies all met for dep_context=requeueable deps ti=<TaskInstance: etl_airflow.transform scheduled__2024-02-02T00:00:00+00:00 [queued]>
[2025-12-17T04:43:43.703+0000] {taskinstance.py:2170} INFO - Starting attempt 2 of 3
[2025-12-17T04:43:43.724+0000] {taskinstance.py:2191} INFO - Executing <Task(PythonOperator): transform> on 2024-02-02 00:00:00+00:00
[2025-12-17T04:43:43.733+0000] {standard_task_runner.py:60} INFO - Started process 742 to run task
[2025-12-17T04:43:43.737+0000] {standard_task_runner.py:87} INFO - Running: ['***', 'tasks', 'run', 'etl_***', 'transform', 'scheduled__2024-02-02T00:00:00+00:00', '--job-id', '162', '--raw', '--subdir', 'DAGS_FOLDER/etl_***.py', '--cfg-path', '/tmp/tmp35xewdl7']
[2025-12-17T04:43:43.740+0000] {standard_task_runner.py:88} INFO - Job 162: Subtask transform
[2025-12-17T04:43:43.849+0000] {task_command.py:423} INFO - Running <TaskInstance: etl_airflow.transform scheduled__2024-02-02T00:00:00+00:00 [running]> on host b3426f05ac70
[2025-12-17T04:43:44.105+0000] {taskinstance.py:2480} INFO - Exporting env vars: AIRFLOW_CTX_DAG_OWNER='***' AIRFLOW_CTX_DAG_ID='etl_***' AIRFLOW_CTX_TASK_ID='transform' AIRFLOW_CTX_EXECUTION_DATE='2024-02-02T00:00:00+00:00' AIRFLOW_CTX_TRY_NUMBER='2' AIRFLOW_CTX_DAG_RUN_ID='scheduled__2024-02-02T00:00:00+00:00'
[2025-12-17T04:43:44.108+0000] {taskinstance.py:2698} ERROR - Task failed with exception
Traceback (most recent call last):
  File "/home/airflow/.local/lib/python3.8/site-packages/airflow/models/taskinstance.py", line 433, in _execute_task
    result = execute_callable(context=context, **execute_callable_kwargs)
  File "/home/airflow/.local/lib/python3.8/site-packages/airflow/operators/python.py", line 199, in execute
    return_value = self.execute_callable()
  File "/home/airflow/.local/lib/python3.8/site-packages/airflow/operators/python.py", line 216, in execute_callable
    return self.python_callable(*self.op_args, **self.op_kwargs)
TypeError: transform_data() missing 1 required positional argument: 'df'
[2025-12-17T04:43:44.119+0000] {taskinstance.py:1138} INFO - Marking task as UP_FOR_RETRY. dag_id=etl_***, task_id=transform, execution_date=20240202T000000, start_date=20251217T044343, end_date=20251217T044344
[2025-12-17T04:43:44.139+0000] {standard_task_runner.py:107} ERROR - Failed to execute job 162 for task transform (transform_data() missing 1 required positional argument: 'df'; 742)
[2025-12-17T04:43:44.192+0000] {local_task_job_runner.py:234} INFO - Task exited with return code 1
[2025-12-17T04:43:44.219+0000] {taskinstance.py:3280} INFO - 0 downstream tasks scheduled from follow-on schedule check
[2025-12-17T07:36:46.851+0000] {taskinstance.py:1956} INFO - Dependencies all met for dep_context=non-requeueable deps ti=<TaskInstance: etl_airflow.transform scheduled__2024-02-02T00:00:00+00:00 [queued]>
[2025-12-17T07:36:46.882+0000] {taskinstance.py:1956} INFO - Dependencies all met for dep_context=requeueable deps ti=<TaskInstance: etl_airflow.transform scheduled__2024-02-02T00:00:00+00:00 [queued]>
[2025-12-17T07:36:46.886+0000] {taskinstance.py:2170} INFO - Starting attempt 2 of 3
[2025-12-17T07:36:46.920+0000] {taskinstance.py:2191} INFO - Executing <Task(PythonOperator): transform> on 2024-02-02 00:00:00+00:00
[2025-12-17T07:36:46.935+0000] {standard_task_runner.py:60} INFO - Started process 798 to run task
[2025-12-17T07:36:46.942+0000] {standard_task_runner.py:87} INFO - Running: ['***', 'tasks', 'run', 'etl_***', 'transform', 'scheduled__2024-02-02T00:00:00+00:00', '--job-id', '157', '--raw', '--subdir', 'DAGS_FOLDER/etl_***.py', '--cfg-path', '/tmp/tmpj1nk6dug']
[2025-12-17T07:36:46.948+0000] {standard_task_runner.py:88} INFO - Job 157: Subtask transform
[2025-12-17T07:36:47.118+0000] {task_command.py:423} INFO - Running <TaskInstance: etl_airflow.transform scheduled__2024-02-02T00:00:00+00:00 [running]> on host 2a0de06c8905
[2025-12-17T07:36:47.738+0000] {taskinstance.py:2480} INFO - Exporting env vars: AIRFLOW_CTX_DAG_OWNER='***' AIRFLOW_CTX_DAG_ID='etl_***' AIRFLOW_CTX_TASK_ID='transform' AIRFLOW_CTX_EXECUTION_DATE='2024-02-02T00:00:00+00:00' AIRFLOW_CTX_TRY_NUMBER='2' AIRFLOW_CTX_DAG_RUN_ID='scheduled__2024-02-02T00:00:00+00:00'
[2025-12-17T07:36:47.742+0000] {taskinstance.py:2698} ERROR - Task failed with exception
Traceback (most recent call last):
  File "/home/airflow/.local/lib/python3.8/site-packages/airflow/models/taskinstance.py", line 433, in _execute_task
    result = execute_callable(context=context, **execute_callable_kwargs)
  File "/home/airflow/.local/lib/python3.8/site-packages/airflow/operators/python.py", line 199, in execute
    return_value = self.execute_callable()
  File "/home/airflow/.local/lib/python3.8/site-packages/airflow/operators/python.py", line 216, in execute_callable
    return self.python_callable(*self.op_args, **self.op_kwargs)
TypeError: transform_data() missing 1 required positional argument: 'df'
[2025-12-17T07:36:47.770+0000] {taskinstance.py:1138} INFO - Marking task as UP_FOR_RETRY. dag_id=etl_***, task_id=transform, execution_date=20240202T000000, start_date=20251217T073646, end_date=20251217T073647
[2025-12-17T07:36:47.798+0000] {standard_task_runner.py:107} ERROR - Failed to execute job 157 for task transform (transform_data() missing 1 required positional argument: 'df'; 798)
[2025-12-17T07:36:47.838+0000] {local_task_job_runner.py:234} INFO - Task exited with return code 1
[2025-12-17T07:36:47.982+0000] {taskinstance.py:3280} INFO - 0 downstream tasks scheduled from follow-on schedule check
