[2025-12-16T17:15:26.309+0000] {taskinstance.py:1956} INFO - Dependencies all met for dep_context=non-requeueable deps ti=<TaskInstance: etl_airflow.load scheduled__2024-12-20T00:00:00+00:00 [queued]>
[2025-12-16T17:15:26.342+0000] {taskinstance.py:1956} INFO - Dependencies all met for dep_context=requeueable deps ti=<TaskInstance: etl_airflow.load scheduled__2024-12-20T00:00:00+00:00 [queued]>
[2025-12-16T17:15:26.345+0000] {taskinstance.py:2170} INFO - Starting attempt 1 of 3
[2025-12-16T17:15:26.622+0000] {taskinstance.py:2191} INFO - Executing <Task(PythonOperator): load> on 2024-12-20 00:00:00+00:00
[2025-12-16T17:15:26.642+0000] {standard_task_runner.py:60} INFO - Started process 2001 to run task
[2025-12-16T17:15:26.648+0000] {standard_task_runner.py:87} INFO - Running: ['***', 'tasks', 'run', 'etl_***', 'load', 'scheduled__2024-12-20T00:00:00+00:00', '--job-id', '4711', '--raw', '--subdir', 'DAGS_FOLDER/etl_dag.py', '--cfg-path', '/tmp/tmp3rn7fw8d']
[2025-12-16T17:15:26.653+0000] {standard_task_runner.py:88} INFO - Job 4711: Subtask load
[2025-12-16T17:15:26.818+0000] {task_command.py:423} INFO - Running <TaskInstance: etl_airflow.load scheduled__2024-12-20T00:00:00+00:00 [running]> on host 3b89cfee50e9
[2025-12-16T17:15:27.025+0000] {taskinstance.py:2480} INFO - Exporting env vars: AIRFLOW_CTX_DAG_OWNER='***' AIRFLOW_CTX_DAG_ID='etl_***' AIRFLOW_CTX_TASK_ID='load' AIRFLOW_CTX_EXECUTION_DATE='2024-12-20T00:00:00+00:00' AIRFLOW_CTX_TRY_NUMBER='1' AIRFLOW_CTX_DAG_RUN_ID='scheduled__2024-12-20T00:00:00+00:00'
[2025-12-16T17:15:27.030+0000] {logging_mixin.py:188} INFO - [LOAD]
[2025-12-16T17:15:27.380+0000] {logging_mixin.py:188} INFO -    user_id event_type            timestamp country
0        1      login  2025-01-01T09:00:00      IN
1        1      click  2025-01-01T09:05:00      IN
2        1     logout  2025-01-01T09:15:00      IN
3        3      login  2025-01-02T08:00:00      FR
4        3      click  2025-01-02T08:05:00      FR
[2025-12-16T17:15:27.381+0000] {logging_mixin.py:188} INFO - [LOAD] done
[2025-12-16T17:15:27.382+0000] {python.py:201} INFO - Done. Returned value was: None
[2025-12-16T17:15:27.401+0000] {taskinstance.py:1138} INFO - Marking task as SUCCESS. dag_id=etl_***, task_id=load, execution_date=20241220T000000, start_date=20251216T171526, end_date=20251216T171527
[2025-12-16T17:15:27.472+0000] {local_task_job_runner.py:234} INFO - Task exited with return code 0
[2025-12-16T17:15:27.517+0000] {taskinstance.py:3280} INFO - 0 downstream tasks scheduled from follow-on schedule check
[2025-12-17T01:56:20.798+0000] {taskinstance.py:1956} INFO - Dependencies all met for dep_context=non-requeueable deps ti=<TaskInstance: etl_airflow.load scheduled__2024-12-20T00:00:00+00:00 [queued]>
[2025-12-17T01:56:20.815+0000] {taskinstance.py:1956} INFO - Dependencies all met for dep_context=requeueable deps ti=<TaskInstance: etl_airflow.load scheduled__2024-12-20T00:00:00+00:00 [queued]>
[2025-12-17T01:56:20.816+0000] {taskinstance.py:2170} INFO - Starting attempt 1 of 3
[2025-12-17T01:56:20.847+0000] {taskinstance.py:2191} INFO - Executing <Task(PythonOperator): load> on 2024-12-20 00:00:00+00:00
[2025-12-17T01:56:20.861+0000] {standard_task_runner.py:60} INFO - Started process 3645 to run task
[2025-12-17T01:56:20.870+0000] {standard_task_runner.py:87} INFO - Running: ['***', 'tasks', 'run', 'etl_***', 'load', 'scheduled__2024-12-20T00:00:00+00:00', '--job-id', '1083', '--raw', '--subdir', 'DAGS_FOLDER/etl_dag.py', '--cfg-path', '/tmp/tmp_gutle0j']
[2025-12-17T01:56:20.879+0000] {standard_task_runner.py:88} INFO - Job 1083: Subtask load
[2025-12-17T01:56:21.052+0000] {task_command.py:423} INFO - Running <TaskInstance: etl_airflow.load scheduled__2024-12-20T00:00:00+00:00 [running]> on host 571e042550da
[2025-12-17T01:56:21.518+0000] {taskinstance.py:2480} INFO - Exporting env vars: AIRFLOW_CTX_DAG_OWNER='***' AIRFLOW_CTX_DAG_ID='etl_***' AIRFLOW_CTX_TASK_ID='load' AIRFLOW_CTX_EXECUTION_DATE='2024-12-20T00:00:00+00:00' AIRFLOW_CTX_TRY_NUMBER='1' AIRFLOW_CTX_DAG_RUN_ID='scheduled__2024-12-20T00:00:00+00:00'
[2025-12-17T01:56:21.520+0000] {logging_mixin.py:188} INFO - [LOAD]
[2025-12-17T01:56:21.561+0000] {logging_mixin.py:188} INFO -    user_id event_type            timestamp country
0        1      login  2025-01-01T09:00:00      IN
1        1      click  2025-01-01T09:05:00      IN
2        1     logout  2025-01-01T09:15:00      IN
3        3      login  2025-01-02T08:00:00      FR
4        3      click  2025-01-02T08:05:00      FR
[2025-12-17T01:56:21.563+0000] {logging_mixin.py:188} INFO - [LOAD] done
[2025-12-17T01:56:21.565+0000] {python.py:201} INFO - Done. Returned value was: None
[2025-12-17T01:56:21.597+0000] {taskinstance.py:1138} INFO - Marking task as SUCCESS. dag_id=etl_***, task_id=load, execution_date=20241220T000000, start_date=20251217T015620, end_date=20251217T015621
[2025-12-17T01:56:21.693+0000] {local_task_job_runner.py:234} INFO - Task exited with return code 0
[2025-12-17T01:56:21.756+0000] {taskinstance.py:3280} INFO - 0 downstream tasks scheduled from follow-on schedule check
