[2025-12-16T17:07:37.990+0000] {taskinstance.py:1956} INFO - Dependencies all met for dep_context=non-requeueable deps ti=<TaskInstance: etl_airflow.transform scheduled__2025-03-03T00:00:00+00:00 [queued]>
[2025-12-16T17:07:38.009+0000] {taskinstance.py:1956} INFO - Dependencies all met for dep_context=requeueable deps ti=<TaskInstance: etl_airflow.transform scheduled__2025-03-03T00:00:00+00:00 [queued]>
[2025-12-16T17:07:38.010+0000] {taskinstance.py:2170} INFO - Starting attempt 1 of 3
[2025-12-16T17:07:38.033+0000] {taskinstance.py:2191} INFO - Executing <Task(PythonOperator): transform> on 2025-03-03 00:00:00+00:00
[2025-12-16T17:07:38.042+0000] {standard_task_runner.py:60} INFO - Started process 1637 to run task
[2025-12-16T17:07:38.051+0000] {standard_task_runner.py:87} INFO - Running: ['***', 'tasks', 'run', 'etl_***', 'transform', 'scheduled__2025-03-03T00:00:00+00:00', '--job-id', '3419', '--raw', '--subdir', 'DAGS_FOLDER/etl_dag.py', '--cfg-path', '/tmp/tmpsbh5wgwk']
[2025-12-16T17:07:38.058+0000] {standard_task_runner.py:88} INFO - Job 3419: Subtask transform
[2025-12-16T17:07:38.195+0000] {task_command.py:423} INFO - Running <TaskInstance: etl_airflow.transform scheduled__2025-03-03T00:00:00+00:00 [running]> on host db658e834d9d
[2025-12-16T17:07:38.439+0000] {taskinstance.py:2480} INFO - Exporting env vars: AIRFLOW_CTX_DAG_OWNER='***' AIRFLOW_CTX_DAG_ID='etl_***' AIRFLOW_CTX_TASK_ID='transform' AIRFLOW_CTX_EXECUTION_DATE='2025-03-03T00:00:00+00:00' AIRFLOW_CTX_TRY_NUMBER='1' AIRFLOW_CTX_DAG_RUN_ID='scheduled__2025-03-03T00:00:00+00:00'
[2025-12-16T17:07:38.443+0000] {logging_mixin.py:188} INFO - [TRANSFORM]
[2025-12-16T17:07:38.470+0000] {taskinstance.py:2698} ERROR - Task failed with exception
Traceback (most recent call last):
  File "/home/airflow/.local/lib/python3.8/site-packages/airflow/models/taskinstance.py", line 433, in _execute_task
    result = execute_callable(context=context, **execute_callable_kwargs)
  File "/home/airflow/.local/lib/python3.8/site-packages/airflow/operators/python.py", line 199, in execute
    return_value = self.execute_callable()
  File "/home/airflow/.local/lib/python3.8/site-packages/airflow/operators/python.py", line 216, in execute_callable
    return self.python_callable(*self.op_args, **self.op_kwargs)
  File "/opt/airflow/etl_logic/pipeline.py", line 113, in transform_data
    df.to_csv(OUTPUT_PATH, index=False)
  File "/home/airflow/.local/lib/python3.8/site-packages/pandas/core/generic.py", line 3772, in to_csv
    return DataFrameRenderer(formatter).to_csv(
  File "/home/airflow/.local/lib/python3.8/site-packages/pandas/io/formats/format.py", line 1186, in to_csv
    csv_formatter.save()
  File "/home/airflow/.local/lib/python3.8/site-packages/pandas/io/formats/csvs.py", line 240, in save
    with get_handle(
  File "/home/airflow/.local/lib/python3.8/site-packages/pandas/io/common.py", line 737, in get_handle
    check_parent_directory(str(handle))
  File "/home/airflow/.local/lib/python3.8/site-packages/pandas/io/common.py", line 600, in check_parent_directory
    raise OSError(rf"Cannot save file into a non-existent directory: '{parent}'")
OSError: Cannot save file into a non-existent directory: 'E:\GPP\Task_4\comparative-data-orchestrationirflow\data'
[2025-12-16T17:07:38.498+0000] {taskinstance.py:1138} INFO - Marking task as UP_FOR_RETRY. dag_id=etl_***, task_id=transform, execution_date=20250303T000000, start_date=20251216T170737, end_date=20251216T170738
[2025-12-16T17:07:38.523+0000] {standard_task_runner.py:107} ERROR - Failed to execute job 3419 for task transform (Cannot save file into a non-existent directory: 'E:\GPP\Task_4\comparative-data-orchestrationirflow\data'; 1637)
[2025-12-16T17:07:38.559+0000] {local_task_job_runner.py:234} INFO - Task exited with return code 1
[2025-12-16T17:07:38.604+0000] {taskinstance.py:3280} INFO - 0 downstream tasks scheduled from follow-on schedule check
[2025-12-17T01:57:36.268+0000] {taskinstance.py:1956} INFO - Dependencies all met for dep_context=non-requeueable deps ti=<TaskInstance: etl_airflow.transform scheduled__2025-03-03T00:00:00+00:00 [queued]>
[2025-12-17T01:57:36.299+0000] {taskinstance.py:1956} INFO - Dependencies all met for dep_context=requeueable deps ti=<TaskInstance: etl_airflow.transform scheduled__2025-03-03T00:00:00+00:00 [queued]>
[2025-12-17T01:57:36.301+0000] {taskinstance.py:2170} INFO - Starting attempt 1 of 3
[2025-12-17T01:57:36.509+0000] {taskinstance.py:2191} INFO - Executing <Task(PythonOperator): transform> on 2025-03-03 00:00:00+00:00
[2025-12-17T01:57:36.529+0000] {standard_task_runner.py:60} INFO - Started process 4377 to run task
[2025-12-17T01:57:36.549+0000] {standard_task_runner.py:87} INFO - Running: ['***', 'tasks', 'run', 'etl_***', 'transform', 'scheduled__2025-03-03T00:00:00+00:00', '--job-id', '1310', '--raw', '--subdir', 'DAGS_FOLDER/etl_dag.py', '--cfg-path', '/tmp/tmpy4ctkvn9']
[2025-12-17T01:57:36.555+0000] {standard_task_runner.py:88} INFO - Job 1310: Subtask transform
[2025-12-17T01:57:36.772+0000] {task_command.py:423} INFO - Running <TaskInstance: etl_airflow.transform scheduled__2025-03-03T00:00:00+00:00 [running]> on host 571e042550da
[2025-12-17T01:57:37.467+0000] {taskinstance.py:2480} INFO - Exporting env vars: AIRFLOW_CTX_DAG_OWNER='***' AIRFLOW_CTX_DAG_ID='etl_***' AIRFLOW_CTX_TASK_ID='transform' AIRFLOW_CTX_EXECUTION_DATE='2025-03-03T00:00:00+00:00' AIRFLOW_CTX_TRY_NUMBER='1' AIRFLOW_CTX_DAG_RUN_ID='scheduled__2025-03-03T00:00:00+00:00'
[2025-12-17T01:57:37.472+0000] {logging_mixin.py:188} INFO - [TRANSFORM]
[2025-12-17T01:57:37.552+0000] {logging_mixin.py:188} INFO - [TRANSFORM] done
[2025-12-17T01:57:37.558+0000] {python.py:201} INFO - Done. Returned value was: None
[2025-12-17T01:57:37.586+0000] {taskinstance.py:1138} INFO - Marking task as SUCCESS. dag_id=etl_***, task_id=transform, execution_date=20250303T000000, start_date=20251217T015736, end_date=20251217T015737
[2025-12-17T01:57:37.689+0000] {local_task_job_runner.py:234} INFO - Task exited with return code 0
[2025-12-17T01:57:37.815+0000] {taskinstance.py:3280} INFO - 1 downstream tasks scheduled from follow-on schedule check
[2025-12-17T04:57:33.934+0000] {taskinstance.py:1956} INFO - Dependencies all met for dep_context=non-requeueable deps ti=<TaskInstance: etl_airflow.transform scheduled__2025-03-03T00:00:00+00:00 [queued]>
[2025-12-17T04:57:33.949+0000] {taskinstance.py:1956} INFO - Dependencies all met for dep_context=requeueable deps ti=<TaskInstance: etl_airflow.transform scheduled__2025-03-03T00:00:00+00:00 [queued]>
[2025-12-17T04:57:33.951+0000] {taskinstance.py:2170} INFO - Starting attempt 1 of 3
[2025-12-17T04:57:33.973+0000] {taskinstance.py:2191} INFO - Executing <Task(PythonOperator): transform> on 2025-03-03 00:00:00+00:00
[2025-12-17T04:57:33.980+0000] {standard_task_runner.py:60} INFO - Started process 5798 to run task
[2025-12-17T04:57:33.985+0000] {standard_task_runner.py:87} INFO - Running: ['***', 'tasks', 'run', 'etl_***', 'transform', 'scheduled__2025-03-03T00:00:00+00:00', '--job-id', '1693', '--raw', '--subdir', 'DAGS_FOLDER/etl_***.py', '--cfg-path', '/tmp/tmp2x3v_e4l']
[2025-12-17T04:57:33.988+0000] {standard_task_runner.py:88} INFO - Job 1693: Subtask transform
[2025-12-17T04:57:34.106+0000] {task_command.py:423} INFO - Running <TaskInstance: etl_airflow.transform scheduled__2025-03-03T00:00:00+00:00 [running]> on host b3426f05ac70
[2025-12-17T04:57:34.470+0000] {taskinstance.py:2480} INFO - Exporting env vars: AIRFLOW_CTX_DAG_OWNER='***' AIRFLOW_CTX_DAG_ID='etl_***' AIRFLOW_CTX_TASK_ID='transform' AIRFLOW_CTX_EXECUTION_DATE='2025-03-03T00:00:00+00:00' AIRFLOW_CTX_TRY_NUMBER='1' AIRFLOW_CTX_DAG_RUN_ID='scheduled__2025-03-03T00:00:00+00:00'
[2025-12-17T04:57:34.475+0000] {taskinstance.py:2698} ERROR - Task failed with exception
Traceback (most recent call last):
  File "/home/airflow/.local/lib/python3.8/site-packages/airflow/models/taskinstance.py", line 433, in _execute_task
    result = execute_callable(context=context, **execute_callable_kwargs)
  File "/home/airflow/.local/lib/python3.8/site-packages/airflow/operators/python.py", line 199, in execute
    return_value = self.execute_callable()
  File "/home/airflow/.local/lib/python3.8/site-packages/airflow/operators/python.py", line 216, in execute_callable
    return self.python_callable(*self.op_args, **self.op_kwargs)
TypeError: transform_data() missing 1 required positional argument: 'df'
[2025-12-17T04:57:34.501+0000] {taskinstance.py:1138} INFO - Marking task as UP_FOR_RETRY. dag_id=etl_***, task_id=transform, execution_date=20250303T000000, start_date=20251217T045733, end_date=20251217T045734
[2025-12-17T04:57:34.516+0000] {standard_task_runner.py:107} ERROR - Failed to execute job 1693 for task transform (transform_data() missing 1 required positional argument: 'df'; 5798)
[2025-12-17T04:57:34.561+0000] {local_task_job_runner.py:234} INFO - Task exited with return code 1
[2025-12-17T04:57:34.684+0000] {taskinstance.py:3280} INFO - 0 downstream tasks scheduled from follow-on schedule check
