[2025-12-17T04:55:05.688+0000] {taskinstance.py:1956} INFO - Dependencies all met for dep_context=non-requeueable deps ti=<TaskInstance: etl_airflow.transform scheduled__2024-12-08T00:00:00+00:00 [queued]>
[2025-12-17T04:55:05.702+0000] {taskinstance.py:1956} INFO - Dependencies all met for dep_context=requeueable deps ti=<TaskInstance: etl_airflow.transform scheduled__2024-12-08T00:00:00+00:00 [queued]>
[2025-12-17T04:55:05.706+0000] {taskinstance.py:2170} INFO - Starting attempt 3 of 3
[2025-12-17T04:55:05.731+0000] {taskinstance.py:2191} INFO - Executing <Task(PythonOperator): transform> on 2024-12-08 00:00:00+00:00
[2025-12-17T04:55:05.744+0000] {standard_task_runner.py:60} INFO - Started process 4843 to run task
[2025-12-17T04:55:05.758+0000] {standard_task_runner.py:87} INFO - Running: ['***', 'tasks', 'run', 'etl_***', 'transform', 'scheduled__2024-12-08T00:00:00+00:00', '--job-id', '1396', '--raw', '--subdir', 'DAGS_FOLDER/etl_***.py', '--cfg-path', '/tmp/tmp_pni1hqy']
[2025-12-17T04:55:05.771+0000] {standard_task_runner.py:88} INFO - Job 1396: Subtask transform
[2025-12-17T04:55:05.909+0000] {task_command.py:423} INFO - Running <TaskInstance: etl_airflow.transform scheduled__2024-12-08T00:00:00+00:00 [running]> on host b3426f05ac70
[2025-12-17T04:55:06.453+0000] {taskinstance.py:2480} INFO - Exporting env vars: AIRFLOW_CTX_DAG_OWNER='***' AIRFLOW_CTX_DAG_ID='etl_***' AIRFLOW_CTX_TASK_ID='transform' AIRFLOW_CTX_EXECUTION_DATE='2024-12-08T00:00:00+00:00' AIRFLOW_CTX_TRY_NUMBER='3' AIRFLOW_CTX_DAG_RUN_ID='scheduled__2024-12-08T00:00:00+00:00'
[2025-12-17T04:55:06.462+0000] {taskinstance.py:2698} ERROR - Task failed with exception
Traceback (most recent call last):
  File "/home/airflow/.local/lib/python3.8/site-packages/airflow/models/taskinstance.py", line 433, in _execute_task
    result = execute_callable(context=context, **execute_callable_kwargs)
  File "/home/airflow/.local/lib/python3.8/site-packages/airflow/operators/python.py", line 199, in execute
    return_value = self.execute_callable()
  File "/home/airflow/.local/lib/python3.8/site-packages/airflow/operators/python.py", line 216, in execute_callable
    return self.python_callable(*self.op_args, **self.op_kwargs)
TypeError: transform_data() missing 1 required positional argument: 'df'
[2025-12-17T04:55:06.486+0000] {taskinstance.py:1138} INFO - Marking task as FAILED. dag_id=etl_***, task_id=transform, execution_date=20241208T000000, start_date=20251217T045505, end_date=20251217T045506
[2025-12-17T04:55:06.528+0000] {standard_task_runner.py:107} ERROR - Failed to execute job 1396 for task transform (transform_data() missing 1 required positional argument: 'df'; 4843)
[2025-12-17T04:55:06.557+0000] {local_task_job_runner.py:234} INFO - Task exited with return code 1
[2025-12-17T04:55:06.610+0000] {taskinstance.py:3280} INFO - 0 downstream tasks scheduled from follow-on schedule check
[2025-12-17T08:00:21.166+0000] {taskinstance.py:1956} INFO - Dependencies all met for dep_context=non-requeueable deps ti=<TaskInstance: etl_airflow.transform scheduled__2024-12-08T00:00:00+00:00 [queued]>
[2025-12-17T08:00:21.189+0000] {taskinstance.py:1956} INFO - Dependencies all met for dep_context=requeueable deps ti=<TaskInstance: etl_airflow.transform scheduled__2024-12-08T00:00:00+00:00 [queued]>
[2025-12-17T08:00:21.191+0000] {taskinstance.py:2170} INFO - Starting attempt 3 of 3
[2025-12-17T08:00:21.223+0000] {taskinstance.py:2191} INFO - Executing <Task(PythonOperator): transform> on 2024-12-08 00:00:00+00:00
[2025-12-17T08:00:21.237+0000] {standard_task_runner.py:60} INFO - Started process 4932 to run task
[2025-12-17T08:00:21.243+0000] {standard_task_runner.py:87} INFO - Running: ['***', 'tasks', 'run', 'etl_***', 'transform', 'scheduled__2024-12-08T00:00:00+00:00', '--job-id', '1403', '--raw', '--subdir', 'DAGS_FOLDER/etl_***.py', '--cfg-path', '/tmp/tmpjtdc7ykg']
[2025-12-17T08:00:21.248+0000] {standard_task_runner.py:88} INFO - Job 1403: Subtask transform
[2025-12-17T08:00:21.392+0000] {task_command.py:423} INFO - Running <TaskInstance: etl_airflow.transform scheduled__2024-12-08T00:00:00+00:00 [running]> on host 2a0de06c8905
[2025-12-17T08:00:21.930+0000] {taskinstance.py:2480} INFO - Exporting env vars: AIRFLOW_CTX_DAG_OWNER='***' AIRFLOW_CTX_DAG_ID='etl_***' AIRFLOW_CTX_TASK_ID='transform' AIRFLOW_CTX_EXECUTION_DATE='2024-12-08T00:00:00+00:00' AIRFLOW_CTX_TRY_NUMBER='3' AIRFLOW_CTX_DAG_RUN_ID='scheduled__2024-12-08T00:00:00+00:00'
[2025-12-17T08:00:21.936+0000] {taskinstance.py:2698} ERROR - Task failed with exception
Traceback (most recent call last):
  File "/home/airflow/.local/lib/python3.8/site-packages/airflow/models/taskinstance.py", line 433, in _execute_task
    result = execute_callable(context=context, **execute_callable_kwargs)
  File "/home/airflow/.local/lib/python3.8/site-packages/airflow/operators/python.py", line 199, in execute
    return_value = self.execute_callable()
  File "/home/airflow/.local/lib/python3.8/site-packages/airflow/operators/python.py", line 216, in execute_callable
    return self.python_callable(*self.op_args, **self.op_kwargs)
TypeError: transform_data() missing 1 required positional argument: 'df'
[2025-12-17T08:00:21.955+0000] {taskinstance.py:1138} INFO - Marking task as FAILED. dag_id=etl_***, task_id=transform, execution_date=20241208T000000, start_date=20251217T080021, end_date=20251217T080021
[2025-12-17T08:00:22.148+0000] {standard_task_runner.py:107} ERROR - Failed to execute job 1403 for task transform (transform_data() missing 1 required positional argument: 'df'; 4932)
[2025-12-17T08:00:22.216+0000] {local_task_job_runner.py:234} INFO - Task exited with return code 1
[2025-12-17T08:00:22.343+0000] {taskinstance.py:3280} INFO - 0 downstream tasks scheduled from follow-on schedule check
