[2025-12-16T16:30:05.307+0000] {taskinstance.py:1956} INFO - Dependencies all met for dep_context=non-requeueable deps ti=<TaskInstance: etl_airflow.extract scheduled__2024-02-10T00:00:00+00:00 [queued]>
[2025-12-16T16:30:05.328+0000] {taskinstance.py:1956} INFO - Dependencies all met for dep_context=requeueable deps ti=<TaskInstance: etl_airflow.extract scheduled__2024-02-10T00:00:00+00:00 [queued]>
[2025-12-16T16:30:05.330+0000] {taskinstance.py:2170} INFO - Starting attempt 1 of 3
[2025-12-16T16:30:05.523+0000] {taskinstance.py:2191} INFO - Executing <Task(PythonOperator): extract> on 2024-02-10 00:00:00+00:00
[2025-12-16T16:30:05.537+0000] {standard_task_runner.py:60} INFO - Started process 737 to run task
[2025-12-16T16:30:05.546+0000] {standard_task_runner.py:87} INFO - Running: ['***', 'tasks', 'run', 'etl_***', 'extract', 'scheduled__2024-02-10T00:00:00+00:00', '--job-id', '106', '--raw', '--subdir', 'DAGS_FOLDER/etl_dag.py', '--cfg-path', '/tmp/tmp0s62amvj']
[2025-12-16T16:30:05.551+0000] {standard_task_runner.py:88} INFO - Job 106: Subtask extract
[2025-12-16T16:30:05.747+0000] {task_command.py:423} INFO - Running <TaskInstance: etl_airflow.extract scheduled__2024-02-10T00:00:00+00:00 [running]> on host 528de643acfe
[2025-12-16T16:30:06.201+0000] {taskinstance.py:2480} INFO - Exporting env vars: AIRFLOW_CTX_DAG_OWNER='***' AIRFLOW_CTX_DAG_ID='etl_***' AIRFLOW_CTX_TASK_ID='extract' AIRFLOW_CTX_EXECUTION_DATE='2024-02-10T00:00:00+00:00' AIRFLOW_CTX_TRY_NUMBER='1' AIRFLOW_CTX_DAG_RUN_ID='scheduled__2024-02-10T00:00:00+00:00'
[2025-12-16T16:30:06.205+0000] {logging_mixin.py:188} INFO - Extracting data from /opt/***/data/input.csv
[2025-12-16T16:30:06.213+0000] {taskinstance.py:2698} ERROR - Task failed with exception
Traceback (most recent call last):
  File "/home/airflow/.local/lib/python3.8/site-packages/airflow/models/taskinstance.py", line 433, in _execute_task
    result = execute_callable(context=context, **execute_callable_kwargs)
  File "/home/airflow/.local/lib/python3.8/site-packages/airflow/operators/python.py", line 199, in execute
    return_value = self.execute_callable()
  File "/home/airflow/.local/lib/python3.8/site-packages/airflow/operators/python.py", line 216, in execute_callable
    return self.python_callable(*self.op_args, **self.op_kwargs)
  File "/opt/airflow/dags/etl_logic/pipeline.py", line 92, in extract_data
    return pd.read_csv(input_path)
  File "/home/airflow/.local/lib/python3.8/site-packages/pandas/io/parsers/readers.py", line 912, in read_csv
    return _read(filepath_or_buffer, kwds)
  File "/home/airflow/.local/lib/python3.8/site-packages/pandas/io/parsers/readers.py", line 577, in _read
    parser = TextFileReader(filepath_or_buffer, **kwds)
  File "/home/airflow/.local/lib/python3.8/site-packages/pandas/io/parsers/readers.py", line 1407, in __init__
    self._engine = self._make_engine(f, self.engine)
  File "/home/airflow/.local/lib/python3.8/site-packages/pandas/io/parsers/readers.py", line 1661, in _make_engine
    self.handles = get_handle(
  File "/home/airflow/.local/lib/python3.8/site-packages/pandas/io/common.py", line 859, in get_handle
    handle = open(
FileNotFoundError: [Errno 2] No such file or directory: '/opt/airflow/data/input.csv'
[2025-12-16T16:30:06.246+0000] {taskinstance.py:1138} INFO - Marking task as UP_FOR_RETRY. dag_id=etl_***, task_id=extract, execution_date=20240210T000000, start_date=20251216T163005, end_date=20251216T163006
[2025-12-16T16:30:06.420+0000] {standard_task_runner.py:107} ERROR - Failed to execute job 106 for task extract ([Errno 2] No such file or directory: '/opt/airflow/data/input.csv'; 737)
[2025-12-16T16:30:06.453+0000] {local_task_job_runner.py:234} INFO - Task exited with return code 1
[2025-12-16T16:30:06.510+0000] {taskinstance.py:3280} INFO - 0 downstream tasks scheduled from follow-on schedule check
[2025-12-17T01:50:40.770+0000] {taskinstance.py:1956} INFO - Dependencies all met for dep_context=non-requeueable deps ti=<TaskInstance: etl_airflow.extract scheduled__2024-02-10T00:00:00+00:00 [queued]>
[2025-12-17T01:50:40.795+0000] {taskinstance.py:1956} INFO - Dependencies all met for dep_context=requeueable deps ti=<TaskInstance: etl_airflow.extract scheduled__2024-02-10T00:00:00+00:00 [queued]>
[2025-12-17T01:50:40.796+0000] {taskinstance.py:2170} INFO - Starting attempt 1 of 3
[2025-12-17T01:50:40.826+0000] {taskinstance.py:2191} INFO - Executing <Task(PythonOperator): extract> on 2024-02-10 00:00:00+00:00
[2025-12-17T01:50:40.840+0000] {standard_task_runner.py:60} INFO - Started process 577 to run task
[2025-12-17T01:50:40.846+0000] {standard_task_runner.py:87} INFO - Running: ['***', 'tasks', 'run', 'etl_***', 'extract', 'scheduled__2024-02-10T00:00:00+00:00', '--job-id', '120', '--raw', '--subdir', 'DAGS_FOLDER/etl_dag.py', '--cfg-path', '/tmp/tmpcpck5fsr']
[2025-12-17T01:50:40.853+0000] {standard_task_runner.py:88} INFO - Job 120: Subtask extract
[2025-12-17T01:50:40.986+0000] {task_command.py:423} INFO - Running <TaskInstance: etl_airflow.extract scheduled__2024-02-10T00:00:00+00:00 [running]> on host 571e042550da
[2025-12-17T01:50:41.736+0000] {taskinstance.py:2480} INFO - Exporting env vars: AIRFLOW_CTX_DAG_OWNER='***' AIRFLOW_CTX_DAG_ID='etl_***' AIRFLOW_CTX_TASK_ID='extract' AIRFLOW_CTX_EXECUTION_DATE='2024-02-10T00:00:00+00:00' AIRFLOW_CTX_TRY_NUMBER='1' AIRFLOW_CTX_DAG_RUN_ID='scheduled__2024-02-10T00:00:00+00:00'
[2025-12-17T01:50:41.743+0000] {logging_mixin.py:188} INFO - [EXTRACT] Reading /opt/***/data/synthetic_events.csv
[2025-12-17T01:50:41.787+0000] {logging_mixin.py:188} INFO - [EXTRACT] done
[2025-12-17T01:50:41.789+0000] {python.py:201} INFO - Done. Returned value was: None
[2025-12-17T01:50:41.816+0000] {taskinstance.py:1138} INFO - Marking task as SUCCESS. dag_id=etl_***, task_id=extract, execution_date=20240210T000000, start_date=20251217T015040, end_date=20251217T015041
[2025-12-17T01:50:41.910+0000] {local_task_job_runner.py:234} INFO - Task exited with return code 0
[2025-12-17T01:50:42.063+0000] {taskinstance.py:3280} INFO - 0 downstream tasks scheduled from follow-on schedule check
[2025-12-17T04:18:48.900+0000] {taskinstance.py:1956} INFO - Dependencies all met for dep_context=non-requeueable deps ti=<TaskInstance: etl_airflow.extract scheduled__2024-02-10T00:00:00+00:00 [queued]>
[2025-12-17T04:18:48.918+0000] {taskinstance.py:1956} INFO - Dependencies all met for dep_context=requeueable deps ti=<TaskInstance: etl_airflow.extract scheduled__2024-02-10T00:00:00+00:00 [queued]>
[2025-12-17T04:18:48.920+0000] {taskinstance.py:2170} INFO - Starting attempt 1 of 3
[2025-12-17T04:18:48.945+0000] {taskinstance.py:2191} INFO - Executing <Task(PythonOperator): extract> on 2024-02-10 00:00:00+00:00
[2025-12-17T04:18:48.957+0000] {standard_task_runner.py:60} INFO - Started process 398 to run task
[2025-12-17T04:18:48.963+0000] {standard_task_runner.py:87} INFO - Running: ['***', 'tasks', 'run', 'etl_***', 'extract', 'scheduled__2024-02-10T00:00:00+00:00', '--job-id', '58', '--raw', '--subdir', 'DAGS_FOLDER/etl_***.py', '--cfg-path', '/tmp/tmpw1pwfhho']
[2025-12-17T04:18:48.969+0000] {standard_task_runner.py:88} INFO - Job 58: Subtask extract
[2025-12-17T04:18:49.080+0000] {task_command.py:423} INFO - Running <TaskInstance: etl_airflow.extract scheduled__2024-02-10T00:00:00+00:00 [running]> on host c5811fe183ca
[2025-12-17T04:18:49.780+0000] {taskinstance.py:2480} INFO - Exporting env vars: AIRFLOW_CTX_DAG_OWNER='***' AIRFLOW_CTX_DAG_ID='etl_***' AIRFLOW_CTX_TASK_ID='extract' AIRFLOW_CTX_EXECUTION_DATE='2024-02-10T00:00:00+00:00' AIRFLOW_CTX_TRY_NUMBER='1' AIRFLOW_CTX_DAG_RUN_ID='scheduled__2024-02-10T00:00:00+00:00'
[2025-12-17T04:18:49.814+0000] {python.py:201} INFO - Done. Returned value was:    user_id event_type           timestamp country
0        1      login 2025-01-01 09:00:00      IN
1        1      click 2025-01-01 09:05:00      IN
2        1     logout 2025-01-01 09:15:00      IN
3        2      login 2025-01-01 10:00:00      US
4        2      click 2025-01-01 10:10:00      US
5        2     logout 2025-01-01 10:20:00      US
6        3      login 2025-01-02 08:00:00      FR
7        3      click 2025-01-02 08:05:00      FR
8        3     logout 2025-01-02 08:30:00      FR
[2025-12-17T04:18:49.925+0000] {taskinstance.py:1138} INFO - Marking task as SUCCESS. dag_id=etl_***, task_id=extract, execution_date=20240210T000000, start_date=20251217T041848, end_date=20251217T041849
[2025-12-17T04:18:49.985+0000] {local_task_job_runner.py:234} INFO - Task exited with return code 0
[2025-12-17T04:18:50.036+0000] {taskinstance.py:3280} INFO - 0 downstream tasks scheduled from follow-on schedule check
[2025-12-17T04:43:33.227+0000] {taskinstance.py:1956} INFO - Dependencies all met for dep_context=non-requeueable deps ti=<TaskInstance: etl_airflow.extract scheduled__2024-02-10T00:00:00+00:00 [queued]>
[2025-12-17T04:43:33.243+0000] {taskinstance.py:1956} INFO - Dependencies all met for dep_context=requeueable deps ti=<TaskInstance: etl_airflow.extract scheduled__2024-02-10T00:00:00+00:00 [queued]>
[2025-12-17T04:43:33.246+0000] {taskinstance.py:2170} INFO - Starting attempt 1 of 3
[2025-12-17T04:43:33.400+0000] {taskinstance.py:2191} INFO - Executing <Task(PythonOperator): extract> on 2024-02-10 00:00:00+00:00
[2025-12-17T04:43:33.409+0000] {standard_task_runner.py:60} INFO - Started process 683 to run task
[2025-12-17T04:43:33.413+0000] {standard_task_runner.py:87} INFO - Running: ['***', 'tasks', 'run', 'etl_***', 'extract', 'scheduled__2024-02-10T00:00:00+00:00', '--job-id', '139', '--raw', '--subdir', 'DAGS_FOLDER/etl_***.py', '--cfg-path', '/tmp/tmp3p0em9y4']
[2025-12-17T04:43:33.417+0000] {standard_task_runner.py:88} INFO - Job 139: Subtask extract
[2025-12-17T04:43:33.541+0000] {task_command.py:423} INFO - Running <TaskInstance: etl_airflow.extract scheduled__2024-02-10T00:00:00+00:00 [running]> on host b3426f05ac70
[2025-12-17T04:43:33.924+0000] {taskinstance.py:2480} INFO - Exporting env vars: AIRFLOW_CTX_DAG_OWNER='***' AIRFLOW_CTX_DAG_ID='etl_***' AIRFLOW_CTX_TASK_ID='extract' AIRFLOW_CTX_EXECUTION_DATE='2024-02-10T00:00:00+00:00' AIRFLOW_CTX_TRY_NUMBER='1' AIRFLOW_CTX_DAG_RUN_ID='scheduled__2024-02-10T00:00:00+00:00'
[2025-12-17T04:43:33.950+0000] {python.py:201} INFO - Done. Returned value was:    user_id event_type           timestamp country
0        1      login 2025-01-01 09:00:00      IN
1        1      click 2025-01-01 09:05:00      IN
2        1     logout 2025-01-01 09:15:00      IN
3        2      login 2025-01-01 10:00:00      US
4        2      click 2025-01-01 10:10:00      US
5        2     logout 2025-01-01 10:20:00      US
6        3      login 2025-01-02 08:00:00      FR
7        3      click 2025-01-02 08:05:00      FR
8        3     logout 2025-01-02 08:30:00      FR
[2025-12-17T04:43:34.014+0000] {taskinstance.py:1138} INFO - Marking task as SUCCESS. dag_id=etl_***, task_id=extract, execution_date=20240210T000000, start_date=20251217T044333, end_date=20251217T044334
[2025-12-17T04:43:34.119+0000] {local_task_job_runner.py:234} INFO - Task exited with return code 0
[2025-12-17T04:43:34.200+0000] {taskinstance.py:3280} INFO - 1 downstream tasks scheduled from follow-on schedule check
[2025-12-17T07:36:42.120+0000] {taskinstance.py:1956} INFO - Dependencies all met for dep_context=non-requeueable deps ti=<TaskInstance: etl_airflow.extract scheduled__2024-02-10T00:00:00+00:00 [queued]>
[2025-12-17T07:36:42.146+0000] {taskinstance.py:1956} INFO - Dependencies all met for dep_context=requeueable deps ti=<TaskInstance: etl_airflow.extract scheduled__2024-02-10T00:00:00+00:00 [queued]>
[2025-12-17T07:36:42.147+0000] {taskinstance.py:2170} INFO - Starting attempt 1 of 3
[2025-12-17T07:36:42.425+0000] {taskinstance.py:2191} INFO - Executing <Task(PythonOperator): extract> on 2024-02-10 00:00:00+00:00
[2025-12-17T07:36:42.438+0000] {standard_task_runner.py:60} INFO - Started process 751 to run task
[2025-12-17T07:36:42.445+0000] {standard_task_runner.py:87} INFO - Running: ['***', 'tasks', 'run', 'etl_***', 'extract', 'scheduled__2024-02-10T00:00:00+00:00', '--job-id', '142', '--raw', '--subdir', 'DAGS_FOLDER/etl_***.py', '--cfg-path', '/tmp/tmphu2abqnz']
[2025-12-17T07:36:42.457+0000] {standard_task_runner.py:88} INFO - Job 142: Subtask extract
[2025-12-17T07:36:42.691+0000] {task_command.py:423} INFO - Running <TaskInstance: etl_airflow.extract scheduled__2024-02-10T00:00:00+00:00 [running]> on host 2a0de06c8905
[2025-12-17T07:36:43.222+0000] {taskinstance.py:2480} INFO - Exporting env vars: AIRFLOW_CTX_DAG_OWNER='***' AIRFLOW_CTX_DAG_ID='etl_***' AIRFLOW_CTX_TASK_ID='extract' AIRFLOW_CTX_EXECUTION_DATE='2024-02-10T00:00:00+00:00' AIRFLOW_CTX_TRY_NUMBER='1' AIRFLOW_CTX_DAG_RUN_ID='scheduled__2024-02-10T00:00:00+00:00'
[2025-12-17T07:36:43.270+0000] {python.py:201} INFO - Done. Returned value was:    user_id event_type           timestamp country
0        1      login 2025-01-01 09:00:00      IN
1        1      click 2025-01-01 09:05:00      IN
2        1     logout 2025-01-01 09:15:00      IN
3        2      login 2025-01-01 10:00:00      US
4        2      click 2025-01-01 10:10:00      US
5        2     logout 2025-01-01 10:20:00      US
6        3      login 2025-01-02 08:00:00      FR
7        3      click 2025-01-02 08:05:00      FR
8        3     logout 2025-01-02 08:30:00      FR
[2025-12-17T07:36:43.461+0000] {taskinstance.py:1138} INFO - Marking task as SUCCESS. dag_id=etl_***, task_id=extract, execution_date=20240210T000000, start_date=20251217T073642, end_date=20251217T073643
[2025-12-17T07:36:44.015+0000] {local_task_job_runner.py:234} INFO - Task exited with return code 0
[2025-12-17T07:36:44.095+0000] {taskinstance.py:3280} INFO - 1 downstream tasks scheduled from follow-on schedule check
