[2025-12-16T17:16:04.342+0000] {taskinstance.py:1956} INFO - Dependencies all met for dep_context=non-requeueable deps ti=<TaskInstance: etl_airflow.load scheduled__2025-02-03T00:00:00+00:00 [queued]>
[2025-12-16T17:16:04.366+0000] {taskinstance.py:1956} INFO - Dependencies all met for dep_context=requeueable deps ti=<TaskInstance: etl_airflow.load scheduled__2025-02-03T00:00:00+00:00 [queued]>
[2025-12-16T17:16:04.369+0000] {taskinstance.py:2170} INFO - Starting attempt 1 of 3
[2025-12-16T17:16:04.410+0000] {taskinstance.py:2191} INFO - Executing <Task(PythonOperator): load> on 2025-02-03 00:00:00+00:00
[2025-12-16T17:16:04.423+0000] {standard_task_runner.py:60} INFO - Started process 2413 to run task
[2025-12-16T17:16:04.431+0000] {standard_task_runner.py:87} INFO - Running: ['***', 'tasks', 'run', 'etl_***', 'load', 'scheduled__2025-02-03T00:00:00+00:00', '--job-id', '4842', '--raw', '--subdir', 'DAGS_FOLDER/etl_dag.py', '--cfg-path', '/tmp/tmpsjiyt5hw']
[2025-12-16T17:16:04.436+0000] {standard_task_runner.py:88} INFO - Job 4842: Subtask load
[2025-12-16T17:16:04.609+0000] {task_command.py:423} INFO - Running <TaskInstance: etl_airflow.load scheduled__2025-02-03T00:00:00+00:00 [running]> on host 3b89cfee50e9
[2025-12-16T17:16:04.799+0000] {taskinstance.py:2480} INFO - Exporting env vars: AIRFLOW_CTX_DAG_OWNER='***' AIRFLOW_CTX_DAG_ID='etl_***' AIRFLOW_CTX_TASK_ID='load' AIRFLOW_CTX_EXECUTION_DATE='2025-02-03T00:00:00+00:00' AIRFLOW_CTX_TRY_NUMBER='1' AIRFLOW_CTX_DAG_RUN_ID='scheduled__2025-02-03T00:00:00+00:00'
[2025-12-16T17:16:04.803+0000] {logging_mixin.py:188} INFO - [LOAD]
[2025-12-16T17:16:05.097+0000] {logging_mixin.py:188} INFO -    user_id event_type            timestamp country
0        1      login  2025-01-01T09:00:00      IN
1        1      click  2025-01-01T09:05:00      IN
2        1     logout  2025-01-01T09:15:00      IN
3        3      login  2025-01-02T08:00:00      FR
4        3      click  2025-01-02T08:05:00      FR
[2025-12-16T17:16:05.099+0000] {logging_mixin.py:188} INFO - [LOAD] done
[2025-12-16T17:16:05.104+0000] {python.py:201} INFO - Done. Returned value was: None
[2025-12-16T17:16:05.127+0000] {taskinstance.py:1138} INFO - Marking task as SUCCESS. dag_id=etl_***, task_id=load, execution_date=20250203T000000, start_date=20251216T171604, end_date=20251216T171605
[2025-12-16T17:16:05.209+0000] {local_task_job_runner.py:234} INFO - Task exited with return code 0
[2025-12-16T17:16:05.515+0000] {taskinstance.py:3280} INFO - 0 downstream tasks scheduled from follow-on schedule check
[2025-12-17T01:57:09.112+0000] {taskinstance.py:1956} INFO - Dependencies all met for dep_context=non-requeueable deps ti=<TaskInstance: etl_airflow.load scheduled__2025-02-03T00:00:00+00:00 [queued]>
[2025-12-17T01:57:09.138+0000] {taskinstance.py:1956} INFO - Dependencies all met for dep_context=requeueable deps ti=<TaskInstance: etl_airflow.load scheduled__2025-02-03T00:00:00+00:00 [queued]>
[2025-12-17T01:57:09.140+0000] {taskinstance.py:2170} INFO - Starting attempt 1 of 3
[2025-12-17T01:57:09.169+0000] {taskinstance.py:2191} INFO - Executing <Task(PythonOperator): load> on 2025-02-03 00:00:00+00:00
[2025-12-17T01:57:09.182+0000] {standard_task_runner.py:60} INFO - Started process 4118 to run task
[2025-12-17T01:57:09.189+0000] {standard_task_runner.py:87} INFO - Running: ['***', 'tasks', 'run', 'etl_***', 'load', 'scheduled__2025-02-03T00:00:00+00:00', '--job-id', '1231', '--raw', '--subdir', 'DAGS_FOLDER/etl_dag.py', '--cfg-path', '/tmp/tmprca7s6gm']
[2025-12-17T01:57:09.195+0000] {standard_task_runner.py:88} INFO - Job 1231: Subtask load
[2025-12-17T01:57:09.343+0000] {task_command.py:423} INFO - Running <TaskInstance: etl_airflow.load scheduled__2025-02-03T00:00:00+00:00 [running]> on host 571e042550da
[2025-12-17T01:57:09.818+0000] {taskinstance.py:2480} INFO - Exporting env vars: AIRFLOW_CTX_DAG_OWNER='***' AIRFLOW_CTX_DAG_ID='etl_***' AIRFLOW_CTX_TASK_ID='load' AIRFLOW_CTX_EXECUTION_DATE='2025-02-03T00:00:00+00:00' AIRFLOW_CTX_TRY_NUMBER='1' AIRFLOW_CTX_DAG_RUN_ID='scheduled__2025-02-03T00:00:00+00:00'
[2025-12-17T01:57:09.823+0000] {logging_mixin.py:188} INFO - [LOAD]
[2025-12-17T01:57:09.866+0000] {logging_mixin.py:188} INFO -    user_id event_type            timestamp country
0        1      login  2025-01-01T09:00:00      IN
1        1      click  2025-01-01T09:05:00      IN
2        1     logout  2025-01-01T09:15:00      IN
3        3      login  2025-01-02T08:00:00      FR
4        3      click  2025-01-02T08:05:00      FR
[2025-12-17T01:57:09.867+0000] {logging_mixin.py:188} INFO - [LOAD] done
[2025-12-17T01:57:09.868+0000] {python.py:201} INFO - Done. Returned value was: None
[2025-12-17T01:57:09.891+0000] {taskinstance.py:1138} INFO - Marking task as SUCCESS. dag_id=etl_***, task_id=load, execution_date=20250203T000000, start_date=20251217T015709, end_date=20251217T015709
[2025-12-17T01:57:09.968+0000] {local_task_job_runner.py:234} INFO - Task exited with return code 0
[2025-12-17T01:57:10.011+0000] {taskinstance.py:3280} INFO - 0 downstream tasks scheduled from follow-on schedule check
