[2025-12-17T04:55:06.515+0000] {taskinstance.py:1956} INFO - Dependencies all met for dep_context=non-requeueable deps ti=<TaskInstance: etl_airflow.transform scheduled__2024-12-14T00:00:00+00:00 [queued]>
[2025-12-17T04:55:06.538+0000] {taskinstance.py:1956} INFO - Dependencies all met for dep_context=requeueable deps ti=<TaskInstance: etl_airflow.transform scheduled__2024-12-14T00:00:00+00:00 [queued]>
[2025-12-17T04:55:06.539+0000] {taskinstance.py:2170} INFO - Starting attempt 3 of 3
[2025-12-17T04:55:06.568+0000] {taskinstance.py:2191} INFO - Executing <Task(PythonOperator): transform> on 2024-12-14 00:00:00+00:00
[2025-12-17T04:55:06.585+0000] {standard_task_runner.py:60} INFO - Started process 4856 to run task
[2025-12-17T04:55:06.596+0000] {standard_task_runner.py:87} INFO - Running: ['***', 'tasks', 'run', 'etl_***', 'transform', 'scheduled__2024-12-14T00:00:00+00:00', '--job-id', '1407', '--raw', '--subdir', 'DAGS_FOLDER/etl_***.py', '--cfg-path', '/tmp/tmp9e47sl0p']
[2025-12-17T04:55:06.602+0000] {standard_task_runner.py:88} INFO - Job 1407: Subtask transform
[2025-12-17T04:55:06.758+0000] {task_command.py:423} INFO - Running <TaskInstance: etl_airflow.transform scheduled__2024-12-14T00:00:00+00:00 [running]> on host b3426f05ac70
[2025-12-17T04:55:07.058+0000] {taskinstance.py:2480} INFO - Exporting env vars: AIRFLOW_CTX_DAG_OWNER='***' AIRFLOW_CTX_DAG_ID='etl_***' AIRFLOW_CTX_TASK_ID='transform' AIRFLOW_CTX_EXECUTION_DATE='2024-12-14T00:00:00+00:00' AIRFLOW_CTX_TRY_NUMBER='3' AIRFLOW_CTX_DAG_RUN_ID='scheduled__2024-12-14T00:00:00+00:00'
[2025-12-17T04:55:07.061+0000] {taskinstance.py:2698} ERROR - Task failed with exception
Traceback (most recent call last):
  File "/home/airflow/.local/lib/python3.8/site-packages/airflow/models/taskinstance.py", line 433, in _execute_task
    result = execute_callable(context=context, **execute_callable_kwargs)
  File "/home/airflow/.local/lib/python3.8/site-packages/airflow/operators/python.py", line 199, in execute
    return_value = self.execute_callable()
  File "/home/airflow/.local/lib/python3.8/site-packages/airflow/operators/python.py", line 216, in execute_callable
    return self.python_callable(*self.op_args, **self.op_kwargs)
TypeError: transform_data() missing 1 required positional argument: 'df'
[2025-12-17T04:55:07.081+0000] {taskinstance.py:1138} INFO - Marking task as FAILED. dag_id=etl_***, task_id=transform, execution_date=20241214T000000, start_date=20251217T045506, end_date=20251217T045507
[2025-12-17T04:55:07.188+0000] {standard_task_runner.py:107} ERROR - Failed to execute job 1407 for task transform (transform_data() missing 1 required positional argument: 'df'; 4856)
[2025-12-17T04:55:07.222+0000] {local_task_job_runner.py:234} INFO - Task exited with return code 1
[2025-12-17T04:55:07.248+0000] {taskinstance.py:3280} INFO - 0 downstream tasks scheduled from follow-on schedule check
[2025-12-17T08:00:23.061+0000] {taskinstance.py:1956} INFO - Dependencies all met for dep_context=non-requeueable deps ti=<TaskInstance: etl_airflow.transform scheduled__2024-12-14T00:00:00+00:00 [queued]>
[2025-12-17T08:00:23.081+0000] {taskinstance.py:1956} INFO - Dependencies all met for dep_context=requeueable deps ti=<TaskInstance: etl_airflow.transform scheduled__2024-12-14T00:00:00+00:00 [queued]>
[2025-12-17T08:00:23.082+0000] {taskinstance.py:2170} INFO - Starting attempt 3 of 3
[2025-12-17T08:00:23.107+0000] {taskinstance.py:2191} INFO - Executing <Task(PythonOperator): transform> on 2024-12-14 00:00:00+00:00
[2025-12-17T08:00:23.119+0000] {standard_task_runner.py:60} INFO - Started process 4952 to run task
[2025-12-17T08:00:23.126+0000] {standard_task_runner.py:87} INFO - Running: ['***', 'tasks', 'run', 'etl_***', 'transform', 'scheduled__2024-12-14T00:00:00+00:00', '--job-id', '1407', '--raw', '--subdir', 'DAGS_FOLDER/etl_***.py', '--cfg-path', '/tmp/tmp558w1pzj']
[2025-12-17T08:00:23.133+0000] {standard_task_runner.py:88} INFO - Job 1407: Subtask transform
[2025-12-17T08:00:23.264+0000] {task_command.py:423} INFO - Running <TaskInstance: etl_airflow.transform scheduled__2024-12-14T00:00:00+00:00 [running]> on host 2a0de06c8905
[2025-12-17T08:00:23.655+0000] {taskinstance.py:2480} INFO - Exporting env vars: AIRFLOW_CTX_DAG_OWNER='***' AIRFLOW_CTX_DAG_ID='etl_***' AIRFLOW_CTX_TASK_ID='transform' AIRFLOW_CTX_EXECUTION_DATE='2024-12-14T00:00:00+00:00' AIRFLOW_CTX_TRY_NUMBER='3' AIRFLOW_CTX_DAG_RUN_ID='scheduled__2024-12-14T00:00:00+00:00'
[2025-12-17T08:00:23.658+0000] {taskinstance.py:2698} ERROR - Task failed with exception
Traceback (most recent call last):
  File "/home/airflow/.local/lib/python3.8/site-packages/airflow/models/taskinstance.py", line 433, in _execute_task
    result = execute_callable(context=context, **execute_callable_kwargs)
  File "/home/airflow/.local/lib/python3.8/site-packages/airflow/operators/python.py", line 199, in execute
    return_value = self.execute_callable()
  File "/home/airflow/.local/lib/python3.8/site-packages/airflow/operators/python.py", line 216, in execute_callable
    return self.python_callable(*self.op_args, **self.op_kwargs)
TypeError: transform_data() missing 1 required positional argument: 'df'
[2025-12-17T08:00:23.674+0000] {taskinstance.py:1138} INFO - Marking task as FAILED. dag_id=etl_***, task_id=transform, execution_date=20241214T000000, start_date=20251217T080023, end_date=20251217T080023
[2025-12-17T08:00:23.698+0000] {standard_task_runner.py:107} ERROR - Failed to execute job 1407 for task transform (transform_data() missing 1 required positional argument: 'df'; 4952)
[2025-12-17T08:00:23.745+0000] {local_task_job_runner.py:234} INFO - Task exited with return code 1
[2025-12-17T08:00:23.809+0000] {taskinstance.py:3280} INFO - 0 downstream tasks scheduled from follow-on schedule check
