[2025-12-16T17:15:09.962+0000] {taskinstance.py:1956} INFO - Dependencies all met for dep_context=non-requeueable deps ti=<TaskInstance: etl_airflow.load scheduled__2024-12-01T00:00:00+00:00 [queued]>
[2025-12-16T17:15:09.994+0000] {taskinstance.py:1956} INFO - Dependencies all met for dep_context=requeueable deps ti=<TaskInstance: etl_airflow.load scheduled__2024-12-01T00:00:00+00:00 [queued]>
[2025-12-16T17:15:09.995+0000] {taskinstance.py:2170} INFO - Starting attempt 1 of 3
[2025-12-16T17:15:10.034+0000] {taskinstance.py:2191} INFO - Executing <Task(PythonOperator): load> on 2024-12-01 00:00:00+00:00
[2025-12-16T17:15:10.050+0000] {standard_task_runner.py:60} INFO - Started process 1799 to run task
[2025-12-16T17:15:10.063+0000] {standard_task_runner.py:87} INFO - Running: ['***', 'tasks', 'run', 'etl_***', 'load', 'scheduled__2024-12-01T00:00:00+00:00', '--job-id', '4648', '--raw', '--subdir', 'DAGS_FOLDER/etl_dag.py', '--cfg-path', '/tmp/tmpnpdsg0oo']
[2025-12-16T17:15:10.069+0000] {standard_task_runner.py:88} INFO - Job 4648: Subtask load
[2025-12-16T17:15:10.283+0000] {task_command.py:423} INFO - Running <TaskInstance: etl_airflow.load scheduled__2024-12-01T00:00:00+00:00 [running]> on host 3b89cfee50e9
[2025-12-16T17:15:10.488+0000] {taskinstance.py:2480} INFO - Exporting env vars: AIRFLOW_CTX_DAG_OWNER='***' AIRFLOW_CTX_DAG_ID='etl_***' AIRFLOW_CTX_TASK_ID='load' AIRFLOW_CTX_EXECUTION_DATE='2024-12-01T00:00:00+00:00' AIRFLOW_CTX_TRY_NUMBER='1' AIRFLOW_CTX_DAG_RUN_ID='scheduled__2024-12-01T00:00:00+00:00'
[2025-12-16T17:15:10.495+0000] {logging_mixin.py:188} INFO - [LOAD]
[2025-12-16T17:15:10.803+0000] {logging_mixin.py:188} INFO -    user_id event_type            timestamp country
0        1      login  2025-01-01T09:00:00      IN
1        1      click  2025-01-01T09:05:00      IN
2        1     logout  2025-01-01T09:15:00      IN
3        3      login  2025-01-02T08:00:00      FR
4        3      click  2025-01-02T08:05:00      FR
[2025-12-16T17:15:10.804+0000] {logging_mixin.py:188} INFO - [LOAD] done
[2025-12-16T17:15:10.805+0000] {python.py:201} INFO - Done. Returned value was: None
[2025-12-16T17:15:10.826+0000] {taskinstance.py:1138} INFO - Marking task as SUCCESS. dag_id=etl_***, task_id=load, execution_date=20241201T000000, start_date=20251216T171509, end_date=20251216T171510
[2025-12-16T17:15:10.888+0000] {local_task_job_runner.py:234} INFO - Task exited with return code 0
[2025-12-16T17:15:11.175+0000] {taskinstance.py:3280} INFO - 0 downstream tasks scheduled from follow-on schedule check
[2025-12-17T01:56:05.522+0000] {taskinstance.py:1956} INFO - Dependencies all met for dep_context=non-requeueable deps ti=<TaskInstance: etl_airflow.load scheduled__2024-12-01T00:00:00+00:00 [queued]>
[2025-12-17T01:56:05.537+0000] {taskinstance.py:1956} INFO - Dependencies all met for dep_context=requeueable deps ti=<TaskInstance: etl_airflow.load scheduled__2024-12-01T00:00:00+00:00 [queued]>
[2025-12-17T01:56:05.538+0000] {taskinstance.py:2170} INFO - Starting attempt 1 of 3
[2025-12-17T01:56:05.555+0000] {taskinstance.py:2191} INFO - Executing <Task(PythonOperator): load> on 2024-12-01 00:00:00+00:00
[2025-12-17T01:56:05.564+0000] {standard_task_runner.py:60} INFO - Started process 3488 to run task
[2025-12-17T01:56:05.571+0000] {standard_task_runner.py:87} INFO - Running: ['***', 'tasks', 'run', 'etl_***', 'load', 'scheduled__2024-12-01T00:00:00+00:00', '--job-id', '1033', '--raw', '--subdir', 'DAGS_FOLDER/etl_dag.py', '--cfg-path', '/tmp/tmp1l6gs8pl']
[2025-12-17T01:56:05.576+0000] {standard_task_runner.py:88} INFO - Job 1033: Subtask load
[2025-12-17T01:56:05.734+0000] {task_command.py:423} INFO - Running <TaskInstance: etl_airflow.load scheduled__2024-12-01T00:00:00+00:00 [running]> on host 571e042550da
[2025-12-17T01:56:06.227+0000] {taskinstance.py:2480} INFO - Exporting env vars: AIRFLOW_CTX_DAG_OWNER='***' AIRFLOW_CTX_DAG_ID='etl_***' AIRFLOW_CTX_TASK_ID='load' AIRFLOW_CTX_EXECUTION_DATE='2024-12-01T00:00:00+00:00' AIRFLOW_CTX_TRY_NUMBER='1' AIRFLOW_CTX_DAG_RUN_ID='scheduled__2024-12-01T00:00:00+00:00'
[2025-12-17T01:56:06.229+0000] {logging_mixin.py:188} INFO - [LOAD]
[2025-12-17T01:56:06.261+0000] {logging_mixin.py:188} INFO -    user_id event_type            timestamp country
0        1      login  2025-01-01T09:00:00      IN
1        1      click  2025-01-01T09:05:00      IN
2        1     logout  2025-01-01T09:15:00      IN
3        3      login  2025-01-02T08:00:00      FR
4        3      click  2025-01-02T08:05:00      FR
[2025-12-17T01:56:06.263+0000] {logging_mixin.py:188} INFO - [LOAD] done
[2025-12-17T01:56:06.264+0000] {python.py:201} INFO - Done. Returned value was: None
[2025-12-17T01:56:06.289+0000] {taskinstance.py:1138} INFO - Marking task as SUCCESS. dag_id=etl_***, task_id=load, execution_date=20241201T000000, start_date=20251217T015605, end_date=20251217T015606
[2025-12-17T01:56:06.351+0000] {local_task_job_runner.py:234} INFO - Task exited with return code 0
[2025-12-17T01:56:06.380+0000] {taskinstance.py:3280} INFO - 0 downstream tasks scheduled from follow-on schedule check
