[2025-12-16T16:28:57.848+0000] {taskinstance.py:1956} INFO - Dependencies all met for dep_context=non-requeueable deps ti=<TaskInstance: etl_airflow.extract scheduled__2024-01-15T00:00:00+00:00 [queued]>
[2025-12-16T16:28:57.880+0000] {taskinstance.py:1956} INFO - Dependencies all met for dep_context=requeueable deps ti=<TaskInstance: etl_airflow.extract scheduled__2024-01-15T00:00:00+00:00 [queued]>
[2025-12-16T16:28:57.882+0000] {taskinstance.py:2170} INFO - Starting attempt 1 of 3
[2025-12-16T16:28:57.930+0000] {taskinstance.py:2191} INFO - Executing <Task(PythonOperator): extract> on 2024-01-15 00:00:00+00:00
[2025-12-16T16:28:57.949+0000] {standard_task_runner.py:60} INFO - Started process 420 to run task
[2025-12-16T16:28:57.965+0000] {standard_task_runner.py:87} INFO - Running: ['***', 'tasks', 'run', 'etl_***', 'extract', 'scheduled__2024-01-15T00:00:00+00:00', '--job-id', '17', '--raw', '--subdir', 'DAGS_FOLDER/etl_dag.py', '--cfg-path', '/tmp/tmpsqm7z5z9']
[2025-12-16T16:28:57.976+0000] {standard_task_runner.py:88} INFO - Job 17: Subtask extract
[2025-12-16T16:28:58.215+0000] {task_command.py:423} INFO - Running <TaskInstance: etl_airflow.extract scheduled__2024-01-15T00:00:00+00:00 [running]> on host 528de643acfe
[2025-12-16T16:28:58.706+0000] {taskinstance.py:2480} INFO - Exporting env vars: AIRFLOW_CTX_DAG_OWNER='***' AIRFLOW_CTX_DAG_ID='etl_***' AIRFLOW_CTX_TASK_ID='extract' AIRFLOW_CTX_EXECUTION_DATE='2024-01-15T00:00:00+00:00' AIRFLOW_CTX_TRY_NUMBER='1' AIRFLOW_CTX_DAG_RUN_ID='scheduled__2024-01-15T00:00:00+00:00'
[2025-12-16T16:28:58.708+0000] {logging_mixin.py:188} INFO - Extracting data from /opt/***/data/input.csv
[2025-12-16T16:28:58.713+0000] {taskinstance.py:2698} ERROR - Task failed with exception
Traceback (most recent call last):
  File "/home/airflow/.local/lib/python3.8/site-packages/airflow/models/taskinstance.py", line 433, in _execute_task
    result = execute_callable(context=context, **execute_callable_kwargs)
  File "/home/airflow/.local/lib/python3.8/site-packages/airflow/operators/python.py", line 199, in execute
    return_value = self.execute_callable()
  File "/home/airflow/.local/lib/python3.8/site-packages/airflow/operators/python.py", line 216, in execute_callable
    return self.python_callable(*self.op_args, **self.op_kwargs)
  File "/opt/airflow/dags/etl_logic/pipeline.py", line 92, in extract_data
    return pd.read_csv(input_path)
  File "/home/airflow/.local/lib/python3.8/site-packages/pandas/io/parsers/readers.py", line 912, in read_csv
    return _read(filepath_or_buffer, kwds)
  File "/home/airflow/.local/lib/python3.8/site-packages/pandas/io/parsers/readers.py", line 577, in _read
    parser = TextFileReader(filepath_or_buffer, **kwds)
  File "/home/airflow/.local/lib/python3.8/site-packages/pandas/io/parsers/readers.py", line 1407, in __init__
    self._engine = self._make_engine(f, self.engine)
  File "/home/airflow/.local/lib/python3.8/site-packages/pandas/io/parsers/readers.py", line 1661, in _make_engine
    self.handles = get_handle(
  File "/home/airflow/.local/lib/python3.8/site-packages/pandas/io/common.py", line 859, in get_handle
    handle = open(
FileNotFoundError: [Errno 2] No such file or directory: '/opt/airflow/data/input.csv'
[2025-12-16T16:28:58.748+0000] {taskinstance.py:1138} INFO - Marking task as UP_FOR_RETRY. dag_id=etl_***, task_id=extract, execution_date=20240115T000000, start_date=20251216T162857, end_date=20251216T162858
[2025-12-16T16:28:58.780+0000] {standard_task_runner.py:107} ERROR - Failed to execute job 17 for task extract ([Errno 2] No such file or directory: '/opt/airflow/data/input.csv'; 420)
[2025-12-16T16:28:58.854+0000] {local_task_job_runner.py:234} INFO - Task exited with return code 1
[2025-12-16T16:28:58.909+0000] {taskinstance.py:3280} INFO - 0 downstream tasks scheduled from follow-on schedule check
[2025-12-17T01:50:07.777+0000] {taskinstance.py:1956} INFO - Dependencies all met for dep_context=non-requeueable deps ti=<TaskInstance: etl_airflow.extract scheduled__2024-01-15T00:00:00+00:00 [queued]>
[2025-12-17T01:50:07.815+0000] {taskinstance.py:1956} INFO - Dependencies all met for dep_context=requeueable deps ti=<TaskInstance: etl_airflow.extract scheduled__2024-01-15T00:00:00+00:00 [queued]>
[2025-12-17T01:50:07.818+0000] {taskinstance.py:2170} INFO - Starting attempt 1 of 3
[2025-12-17T01:50:07.861+0000] {taskinstance.py:2191} INFO - Executing <Task(PythonOperator): extract> on 2024-01-15 00:00:00+00:00
[2025-12-17T01:50:07.883+0000] {standard_task_runner.py:60} INFO - Started process 276 to run task
[2025-12-17T01:50:07.896+0000] {standard_task_runner.py:87} INFO - Running: ['***', 'tasks', 'run', 'etl_***', 'extract', 'scheduled__2024-01-15T00:00:00+00:00', '--job-id', '21', '--raw', '--subdir', 'DAGS_FOLDER/etl_dag.py', '--cfg-path', '/tmp/tmpbx9gak7r']
[2025-12-17T01:50:07.908+0000] {standard_task_runner.py:88} INFO - Job 21: Subtask extract
[2025-12-17T01:50:08.208+0000] {task_command.py:423} INFO - Running <TaskInstance: etl_airflow.extract scheduled__2024-01-15T00:00:00+00:00 [running]> on host 571e042550da
[2025-12-17T01:50:08.783+0000] {taskinstance.py:2480} INFO - Exporting env vars: AIRFLOW_CTX_DAG_OWNER='***' AIRFLOW_CTX_DAG_ID='etl_***' AIRFLOW_CTX_TASK_ID='extract' AIRFLOW_CTX_EXECUTION_DATE='2024-01-15T00:00:00+00:00' AIRFLOW_CTX_TRY_NUMBER='1' AIRFLOW_CTX_DAG_RUN_ID='scheduled__2024-01-15T00:00:00+00:00'
[2025-12-17T01:50:08.787+0000] {logging_mixin.py:188} INFO - [EXTRACT] Reading /opt/***/data/synthetic_events.csv
[2025-12-17T01:50:08.893+0000] {logging_mixin.py:188} INFO - [EXTRACT] done
[2025-12-17T01:50:08.895+0000] {python.py:201} INFO - Done. Returned value was: None
[2025-12-17T01:50:08.921+0000] {taskinstance.py:1138} INFO - Marking task as SUCCESS. dag_id=etl_***, task_id=extract, execution_date=20240115T000000, start_date=20251217T015007, end_date=20251217T015008
[2025-12-17T01:50:09.146+0000] {local_task_job_runner.py:234} INFO - Task exited with return code 0
[2025-12-17T01:50:09.252+0000] {taskinstance.py:3280} INFO - 1 downstream tasks scheduled from follow-on schedule check
[2025-12-17T03:58:34.267+0000] {taskinstance.py:1956} INFO - Dependencies all met for dep_context=non-requeueable deps ti=<TaskInstance: etl_airflow.extract scheduled__2024-01-15T00:00:00+00:00 [queued]>
[2025-12-17T03:58:34.288+0000] {taskinstance.py:1956} INFO - Dependencies all met for dep_context=requeueable deps ti=<TaskInstance: etl_airflow.extract scheduled__2024-01-15T00:00:00+00:00 [queued]>
[2025-12-17T03:58:34.289+0000] {taskinstance.py:2170} INFO - Starting attempt 1 of 3
[2025-12-17T03:58:34.323+0000] {taskinstance.py:2191} INFO - Executing <Task(PythonOperator): extract> on 2024-01-15 00:00:00+00:00
[2025-12-17T03:58:34.334+0000] {standard_task_runner.py:60} INFO - Started process 253 to run task
[2025-12-17T03:58:34.344+0000] {standard_task_runner.py:87} INFO - Running: ['***', 'tasks', 'run', 'etl_***', 'extract', 'scheduled__2024-01-15T00:00:00+00:00', '--job-id', '16', '--raw', '--subdir', 'DAGS_FOLDER/etl_dag.py', '--cfg-path', '/tmp/tmpa9v0zux1']
[2025-12-17T03:58:34.349+0000] {standard_task_runner.py:88} INFO - Job 16: Subtask extract
[2025-12-17T03:58:34.480+0000] {task_command.py:423} INFO - Running <TaskInstance: etl_airflow.extract scheduled__2024-01-15T00:00:00+00:00 [running]> on host 29a134c3fa9b
[2025-12-17T03:58:34.891+0000] {taskinstance.py:2480} INFO - Exporting env vars: AIRFLOW_CTX_DAG_OWNER='***' AIRFLOW_CTX_DAG_ID='etl_***' AIRFLOW_CTX_TASK_ID='extract' AIRFLOW_CTX_EXECUTION_DATE='2024-01-15T00:00:00+00:00' AIRFLOW_CTX_TRY_NUMBER='1' AIRFLOW_CTX_DAG_RUN_ID='scheduled__2024-01-15T00:00:00+00:00'
[2025-12-17T03:58:34.894+0000] {taskinstance.py:2698} ERROR - Task failed with exception
Traceback (most recent call last):
  File "/home/airflow/.local/lib/python3.8/site-packages/airflow/models/taskinstance.py", line 433, in _execute_task
    result = execute_callable(context=context, **execute_callable_kwargs)
  File "/home/airflow/.local/lib/python3.8/site-packages/airflow/operators/python.py", line 199, in execute
    return_value = self.execute_callable()
  File "/home/airflow/.local/lib/python3.8/site-packages/airflow/operators/python.py", line 216, in execute_callable
    return self.python_callable(*self.op_args, **self.op_kwargs)
TypeError: extract_data() missing 1 required positional argument: 'tmp_path'
[2025-12-17T03:58:34.909+0000] {taskinstance.py:1138} INFO - Marking task as UP_FOR_RETRY. dag_id=etl_***, task_id=extract, execution_date=20240115T000000, start_date=20251217T035834, end_date=20251217T035834
[2025-12-17T03:58:34.939+0000] {standard_task_runner.py:107} ERROR - Failed to execute job 16 for task extract (extract_data() missing 1 required positional argument: 'tmp_path'; 253)
[2025-12-17T03:58:35.000+0000] {local_task_job_runner.py:234} INFO - Task exited with return code 1
[2025-12-17T03:58:35.032+0000] {taskinstance.py:3280} INFO - 0 downstream tasks scheduled from follow-on schedule check
[2025-12-17T04:18:29.673+0000] {taskinstance.py:1956} INFO - Dependencies all met for dep_context=non-requeueable deps ti=<TaskInstance: etl_airflow.extract scheduled__2024-01-15T00:00:00+00:00 [queued]>
[2025-12-17T04:18:29.715+0000] {taskinstance.py:1956} INFO - Dependencies all met for dep_context=requeueable deps ti=<TaskInstance: etl_airflow.extract scheduled__2024-01-15T00:00:00+00:00 [queued]>
[2025-12-17T04:18:29.718+0000] {taskinstance.py:2170} INFO - Starting attempt 1 of 3
[2025-12-17T04:18:30.184+0000] {taskinstance.py:2191} INFO - Executing <Task(PythonOperator): extract> on 2024-01-15 00:00:00+00:00
[2025-12-17T04:18:30.237+0000] {standard_task_runner.py:60} INFO - Started process 280 to run task
[2025-12-17T04:18:30.310+0000] {standard_task_runner.py:87} INFO - Running: ['***', 'tasks', 'run', 'etl_***', 'extract', 'scheduled__2024-01-15T00:00:00+00:00', '--job-id', '19', '--raw', '--subdir', 'DAGS_FOLDER/etl_***.py', '--cfg-path', '/tmp/tmpmj1p0bvi']
[2025-12-17T04:18:30.346+0000] {standard_task_runner.py:88} INFO - Job 19: Subtask extract
[2025-12-17T04:18:30.605+0000] {task_command.py:423} INFO - Running <TaskInstance: etl_airflow.extract scheduled__2024-01-15T00:00:00+00:00 [running]> on host c5811fe183ca
[2025-12-17T04:18:31.194+0000] {taskinstance.py:2480} INFO - Exporting env vars: AIRFLOW_CTX_DAG_OWNER='***' AIRFLOW_CTX_DAG_ID='etl_***' AIRFLOW_CTX_TASK_ID='extract' AIRFLOW_CTX_EXECUTION_DATE='2024-01-15T00:00:00+00:00' AIRFLOW_CTX_TRY_NUMBER='1' AIRFLOW_CTX_DAG_RUN_ID='scheduled__2024-01-15T00:00:00+00:00'
[2025-12-17T04:18:31.229+0000] {python.py:201} INFO - Done. Returned value was:    user_id event_type           timestamp country
0        1      login 2025-01-01 09:00:00      IN
1        1      click 2025-01-01 09:05:00      IN
2        1     logout 2025-01-01 09:15:00      IN
3        2      login 2025-01-01 10:00:00      US
4        2      click 2025-01-01 10:10:00      US
5        2     logout 2025-01-01 10:20:00      US
6        3      login 2025-01-02 08:00:00      FR
7        3      click 2025-01-02 08:05:00      FR
8        3     logout 2025-01-02 08:30:00      FR
[2025-12-17T04:18:31.324+0000] {taskinstance.py:1138} INFO - Marking task as SUCCESS. dag_id=etl_***, task_id=extract, execution_date=20240115T000000, start_date=20251217T041829, end_date=20251217T041831
[2025-12-17T04:18:31.380+0000] {local_task_job_runner.py:234} INFO - Task exited with return code 0
[2025-12-17T04:18:31.532+0000] {taskinstance.py:3280} INFO - 0 downstream tasks scheduled from follow-on schedule check
[2025-12-17T04:42:23.201+0000] {taskinstance.py:1956} INFO - Dependencies all met for dep_context=non-requeueable deps ti=<TaskInstance: etl_airflow.extract scheduled__2024-01-15T00:00:00+00:00 [queued]>
[2025-12-17T04:42:23.232+0000] {taskinstance.py:1956} INFO - Dependencies all met for dep_context=requeueable deps ti=<TaskInstance: etl_airflow.extract scheduled__2024-01-15T00:00:00+00:00 [queued]>
[2025-12-17T04:42:23.235+0000] {taskinstance.py:2170} INFO - Starting attempt 1 of 3
[2025-12-17T04:42:23.277+0000] {taskinstance.py:2191} INFO - Executing <Task(PythonOperator): extract> on 2024-01-15 00:00:00+00:00
[2025-12-17T04:42:23.384+0000] {standard_task_runner.py:60} INFO - Started process 290 to run task
[2025-12-17T04:42:23.434+0000] {standard_task_runner.py:87} INFO - Running: ['***', 'tasks', 'run', 'etl_***', 'extract', 'scheduled__2024-01-15T00:00:00+00:00', '--job-id', '19', '--raw', '--subdir', 'DAGS_FOLDER/etl_***.py', '--cfg-path', '/tmp/tmpayxv0hr8']
[2025-12-17T04:42:23.439+0000] {standard_task_runner.py:88} INFO - Job 19: Subtask extract
[2025-12-17T04:42:23.811+0000] {task_command.py:423} INFO - Running <TaskInstance: etl_airflow.extract scheduled__2024-01-15T00:00:00+00:00 [running]> on host b3426f05ac70
[2025-12-17T04:42:24.775+0000] {taskinstance.py:2480} INFO - Exporting env vars: AIRFLOW_CTX_DAG_OWNER='***' AIRFLOW_CTX_DAG_ID='etl_***' AIRFLOW_CTX_TASK_ID='extract' AIRFLOW_CTX_EXECUTION_DATE='2024-01-15T00:00:00+00:00' AIRFLOW_CTX_TRY_NUMBER='1' AIRFLOW_CTX_DAG_RUN_ID='scheduled__2024-01-15T00:00:00+00:00'
[2025-12-17T04:42:24.856+0000] {python.py:201} INFO - Done. Returned value was:    user_id event_type           timestamp country
0        1      login 2025-01-01 09:00:00      IN
1        1      click 2025-01-01 09:05:00      IN
2        1     logout 2025-01-01 09:15:00      IN
3        2      login 2025-01-01 10:00:00      US
4        2      click 2025-01-01 10:10:00      US
5        2     logout 2025-01-01 10:20:00      US
6        3      login 2025-01-02 08:00:00      FR
7        3      click 2025-01-02 08:05:00      FR
8        3     logout 2025-01-02 08:30:00      FR
[2025-12-17T04:42:25.011+0000] {taskinstance.py:1138} INFO - Marking task as SUCCESS. dag_id=etl_***, task_id=extract, execution_date=20240115T000000, start_date=20251217T044223, end_date=20251217T044225
[2025-12-17T04:42:25.416+0000] {local_task_job_runner.py:234} INFO - Task exited with return code 0
[2025-12-17T04:42:25.791+0000] {taskinstance.py:3280} INFO - 0 downstream tasks scheduled from follow-on schedule check
[2025-12-17T07:35:16.747+0000] {taskinstance.py:1956} INFO - Dependencies all met for dep_context=non-requeueable deps ti=<TaskInstance: etl_airflow.extract scheduled__2024-01-15T00:00:00+00:00 [queued]>
[2025-12-17T07:35:16.783+0000] {taskinstance.py:1956} INFO - Dependencies all met for dep_context=requeueable deps ti=<TaskInstance: etl_airflow.extract scheduled__2024-01-15T00:00:00+00:00 [queued]>
[2025-12-17T07:35:16.806+0000] {taskinstance.py:2170} INFO - Starting attempt 1 of 3
[2025-12-17T07:35:16.874+0000] {taskinstance.py:2191} INFO - Executing <Task(PythonOperator): extract> on 2024-01-15 00:00:00+00:00
[2025-12-17T07:35:16.946+0000] {standard_task_runner.py:60} INFO - Started process 320 to run task
[2025-12-17T07:35:16.987+0000] {standard_task_runner.py:87} INFO - Running: ['***', 'tasks', 'run', 'etl_***', 'extract', 'scheduled__2024-01-15T00:00:00+00:00', '--job-id', '17', '--raw', '--subdir', 'DAGS_FOLDER/etl_***.py', '--cfg-path', '/tmp/tmpyhdx8tel']
[2025-12-17T07:35:17.015+0000] {standard_task_runner.py:88} INFO - Job 17: Subtask extract
[2025-12-17T07:35:17.504+0000] {task_command.py:423} INFO - Running <TaskInstance: etl_airflow.extract scheduled__2024-01-15T00:00:00+00:00 [running]> on host 2a0de06c8905
[2025-12-17T07:35:19.141+0000] {taskinstance.py:2480} INFO - Exporting env vars: AIRFLOW_CTX_DAG_OWNER='***' AIRFLOW_CTX_DAG_ID='etl_***' AIRFLOW_CTX_TASK_ID='extract' AIRFLOW_CTX_EXECUTION_DATE='2024-01-15T00:00:00+00:00' AIRFLOW_CTX_TRY_NUMBER='1' AIRFLOW_CTX_DAG_RUN_ID='scheduled__2024-01-15T00:00:00+00:00'
[2025-12-17T07:35:19.264+0000] {python.py:201} INFO - Done. Returned value was:    user_id event_type           timestamp country
0        1      login 2025-01-01 09:00:00      IN
1        1      click 2025-01-01 09:05:00      IN
2        1     logout 2025-01-01 09:15:00      IN
3        2      login 2025-01-01 10:00:00      US
4        2      click 2025-01-01 10:10:00      US
5        2     logout 2025-01-01 10:20:00      US
6        3      login 2025-01-02 08:00:00      FR
7        3      click 2025-01-02 08:05:00      FR
8        3     logout 2025-01-02 08:30:00      FR
[2025-12-17T07:35:19.466+0000] {taskinstance.py:1138} INFO - Marking task as SUCCESS. dag_id=etl_***, task_id=extract, execution_date=20240115T000000, start_date=20251217T073516, end_date=20251217T073519
[2025-12-17T07:35:19.589+0000] {local_task_job_runner.py:234} INFO - Task exited with return code 0
[2025-12-17T07:35:19.687+0000] {taskinstance.py:3280} INFO - 1 downstream tasks scheduled from follow-on schedule check
