[2025-12-16T17:19:34.597+0000] {taskinstance.py:1956} INFO - Dependencies all met for dep_context=non-requeueable deps ti=<TaskInstance: etl_airflow.transform scheduled__2024-04-17T00:00:00+00:00 [queued]>
[2025-12-16T17:19:34.623+0000] {taskinstance.py:1956} INFO - Dependencies all met for dep_context=requeueable deps ti=<TaskInstance: etl_airflow.transform scheduled__2024-04-17T00:00:00+00:00 [queued]>
[2025-12-16T17:19:34.625+0000] {taskinstance.py:2170} INFO - Starting attempt 2 of 4
[2025-12-16T17:19:34.660+0000] {taskinstance.py:2191} INFO - Executing <Task(PythonOperator): transform> on 2024-04-17 00:00:00+00:00
[2025-12-16T17:19:34.682+0000] {standard_task_runner.py:60} INFO - Started process 4425 to run task
[2025-12-16T17:19:34.699+0000] {standard_task_runner.py:87} INFO - Running: ['***', 'tasks', 'run', 'etl_***', 'transform', 'scheduled__2024-04-17T00:00:00+00:00', '--job-id', '5471', '--raw', '--subdir', 'DAGS_FOLDER/etl_dag.py', '--cfg-path', '/tmp/tmpj5d5tsz3']
[2025-12-16T17:19:34.709+0000] {standard_task_runner.py:88} INFO - Job 5471: Subtask transform
[2025-12-16T17:19:34.920+0000] {task_command.py:423} INFO - Running <TaskInstance: etl_airflow.transform scheduled__2024-04-17T00:00:00+00:00 [running]> on host 3b89cfee50e9
[2025-12-16T17:19:35.193+0000] {taskinstance.py:2480} INFO - Exporting env vars: AIRFLOW_CTX_DAG_OWNER='***' AIRFLOW_CTX_DAG_ID='etl_***' AIRFLOW_CTX_TASK_ID='transform' AIRFLOW_CTX_EXECUTION_DATE='2024-04-17T00:00:00+00:00' AIRFLOW_CTX_TRY_NUMBER='2' AIRFLOW_CTX_DAG_RUN_ID='scheduled__2024-04-17T00:00:00+00:00'
[2025-12-16T17:19:35.197+0000] {logging_mixin.py:188} INFO - [TRANSFORM]
[2025-12-16T17:19:35.634+0000] {logging_mixin.py:188} INFO - [TRANSFORM] done
[2025-12-16T17:19:35.637+0000] {python.py:201} INFO - Done. Returned value was: None
[2025-12-16T17:19:35.659+0000] {taskinstance.py:1138} INFO - Marking task as SUCCESS. dag_id=etl_***, task_id=transform, execution_date=20240417T000000, start_date=20251216T171934, end_date=20251216T171935
[2025-12-16T17:19:35.744+0000] {local_task_job_runner.py:234} INFO - Task exited with return code 0
[2025-12-16T17:19:36.062+0000] {taskinstance.py:3280} INFO - 0 downstream tasks scheduled from follow-on schedule check
[2025-12-17T04:46:10.404+0000] {taskinstance.py:1956} INFO - Dependencies all met for dep_context=non-requeueable deps ti=<TaskInstance: etl_airflow.transform scheduled__2024-04-17T00:00:00+00:00 [queued]>
[2025-12-17T04:46:10.422+0000] {taskinstance.py:1956} INFO - Dependencies all met for dep_context=requeueable deps ti=<TaskInstance: etl_airflow.transform scheduled__2024-04-17T00:00:00+00:00 [queued]>
[2025-12-17T04:46:10.427+0000] {taskinstance.py:2170} INFO - Starting attempt 2 of 3
[2025-12-17T04:46:10.451+0000] {taskinstance.py:2191} INFO - Executing <Task(PythonOperator): transform> on 2024-04-17 00:00:00+00:00
[2025-12-17T04:46:10.458+0000] {standard_task_runner.py:60} INFO - Started process 1628 to run task
[2025-12-17T04:46:10.463+0000] {standard_task_runner.py:87} INFO - Running: ['***', 'tasks', 'run', 'etl_***', 'transform', 'scheduled__2024-04-17T00:00:00+00:00', '--job-id', '429', '--raw', '--subdir', 'DAGS_FOLDER/etl_***.py', '--cfg-path', '/tmp/tmps2ebf4wy']
[2025-12-17T04:46:10.467+0000] {standard_task_runner.py:88} INFO - Job 429: Subtask transform
[2025-12-17T04:46:10.567+0000] {task_command.py:423} INFO - Running <TaskInstance: etl_airflow.transform scheduled__2024-04-17T00:00:00+00:00 [running]> on host b3426f05ac70
[2025-12-17T04:46:10.902+0000] {taskinstance.py:2480} INFO - Exporting env vars: AIRFLOW_CTX_DAG_OWNER='***' AIRFLOW_CTX_DAG_ID='etl_***' AIRFLOW_CTX_TASK_ID='transform' AIRFLOW_CTX_EXECUTION_DATE='2024-04-17T00:00:00+00:00' AIRFLOW_CTX_TRY_NUMBER='2' AIRFLOW_CTX_DAG_RUN_ID='scheduled__2024-04-17T00:00:00+00:00'
[2025-12-17T04:46:10.904+0000] {taskinstance.py:2698} ERROR - Task failed with exception
Traceback (most recent call last):
  File "/home/airflow/.local/lib/python3.8/site-packages/airflow/models/taskinstance.py", line 433, in _execute_task
    result = execute_callable(context=context, **execute_callable_kwargs)
  File "/home/airflow/.local/lib/python3.8/site-packages/airflow/operators/python.py", line 199, in execute
    return_value = self.execute_callable()
  File "/home/airflow/.local/lib/python3.8/site-packages/airflow/operators/python.py", line 216, in execute_callable
    return self.python_callable(*self.op_args, **self.op_kwargs)
TypeError: transform_data() missing 1 required positional argument: 'df'
[2025-12-17T04:46:10.918+0000] {taskinstance.py:1138} INFO - Marking task as UP_FOR_RETRY. dag_id=etl_***, task_id=transform, execution_date=20240417T000000, start_date=20251217T044610, end_date=20251217T044610
[2025-12-17T04:46:10.933+0000] {standard_task_runner.py:107} ERROR - Failed to execute job 429 for task transform (transform_data() missing 1 required positional argument: 'df'; 1628)
[2025-12-17T04:46:10.959+0000] {local_task_job_runner.py:234} INFO - Task exited with return code 1
[2025-12-17T04:46:10.983+0000] {taskinstance.py:3280} INFO - 0 downstream tasks scheduled from follow-on schedule check
[2025-12-17T07:39:32.561+0000] {taskinstance.py:1956} INFO - Dependencies all met for dep_context=non-requeueable deps ti=<TaskInstance: etl_airflow.transform scheduled__2024-04-17T00:00:00+00:00 [queued]>
[2025-12-17T07:39:32.581+0000] {taskinstance.py:1956} INFO - Dependencies all met for dep_context=requeueable deps ti=<TaskInstance: etl_airflow.transform scheduled__2024-04-17T00:00:00+00:00 [queued]>
[2025-12-17T07:39:32.582+0000] {taskinstance.py:2170} INFO - Starting attempt 2 of 3
[2025-12-17T07:39:32.607+0000] {taskinstance.py:2191} INFO - Executing <Task(PythonOperator): transform> on 2024-04-17 00:00:00+00:00
[2025-12-17T07:39:32.617+0000] {standard_task_runner.py:60} INFO - Started process 1702 to run task
[2025-12-17T07:39:32.621+0000] {standard_task_runner.py:87} INFO - Running: ['***', 'tasks', 'run', 'etl_***', 'transform', 'scheduled__2024-04-17T00:00:00+00:00', '--job-id', '431', '--raw', '--subdir', 'DAGS_FOLDER/etl_***.py', '--cfg-path', '/tmp/tmp4l0_wnth']
[2025-12-17T07:39:32.625+0000] {standard_task_runner.py:88} INFO - Job 431: Subtask transform
[2025-12-17T07:39:32.749+0000] {task_command.py:423} INFO - Running <TaskInstance: etl_airflow.transform scheduled__2024-04-17T00:00:00+00:00 [running]> on host 2a0de06c8905
[2025-12-17T07:39:33.152+0000] {taskinstance.py:2480} INFO - Exporting env vars: AIRFLOW_CTX_DAG_OWNER='***' AIRFLOW_CTX_DAG_ID='etl_***' AIRFLOW_CTX_TASK_ID='transform' AIRFLOW_CTX_EXECUTION_DATE='2024-04-17T00:00:00+00:00' AIRFLOW_CTX_TRY_NUMBER='2' AIRFLOW_CTX_DAG_RUN_ID='scheduled__2024-04-17T00:00:00+00:00'
[2025-12-17T07:39:33.156+0000] {taskinstance.py:2698} ERROR - Task failed with exception
Traceback (most recent call last):
  File "/home/airflow/.local/lib/python3.8/site-packages/airflow/models/taskinstance.py", line 433, in _execute_task
    result = execute_callable(context=context, **execute_callable_kwargs)
  File "/home/airflow/.local/lib/python3.8/site-packages/airflow/operators/python.py", line 199, in execute
    return_value = self.execute_callable()
  File "/home/airflow/.local/lib/python3.8/site-packages/airflow/operators/python.py", line 216, in execute_callable
    return self.python_callable(*self.op_args, **self.op_kwargs)
TypeError: transform_data() missing 1 required positional argument: 'df'
[2025-12-17T07:39:33.195+0000] {taskinstance.py:1138} INFO - Marking task as UP_FOR_RETRY. dag_id=etl_***, task_id=transform, execution_date=20240417T000000, start_date=20251217T073932, end_date=20251217T073933
[2025-12-17T07:39:33.225+0000] {standard_task_runner.py:107} ERROR - Failed to execute job 431 for task transform (transform_data() missing 1 required positional argument: 'df'; 1702)
[2025-12-17T07:39:33.283+0000] {local_task_job_runner.py:234} INFO - Task exited with return code 1
[2025-12-17T07:39:33.734+0000] {taskinstance.py:3280} INFO - 0 downstream tasks scheduled from follow-on schedule check
