[2025-12-16T17:10:22.127+0000] {taskinstance.py:1956} INFO - Dependencies all met for dep_context=non-requeueable deps ti=<TaskInstance: etl_airflow.transform scheduled__2024-02-14T00:00:00+00:00 [queued]>
[2025-12-16T17:10:22.156+0000] {taskinstance.py:1956} INFO - Dependencies all met for dep_context=requeueable deps ti=<TaskInstance: etl_airflow.transform scheduled__2024-02-14T00:00:00+00:00 [queued]>
[2025-12-16T17:10:22.160+0000] {taskinstance.py:2170} INFO - Starting attempt 1 of 3
[2025-12-16T17:10:22.201+0000] {taskinstance.py:2191} INFO - Executing <Task(PythonOperator): transform> on 2024-02-14 00:00:00+00:00
[2025-12-16T17:10:22.215+0000] {standard_task_runner.py:60} INFO - Started process 738 to run task
[2025-12-16T17:10:22.236+0000] {standard_task_runner.py:87} INFO - Running: ['***', 'tasks', 'run', 'etl_***', 'transform', 'scheduled__2024-02-14T00:00:00+00:00', '--job-id', '3728', '--raw', '--subdir', 'DAGS_FOLDER/etl_dag.py', '--cfg-path', '/tmp/tmpe10jfjem']
[2025-12-16T17:10:22.244+0000] {standard_task_runner.py:88} INFO - Job 3728: Subtask transform
[2025-12-16T17:10:22.431+0000] {task_command.py:423} INFO - Running <TaskInstance: etl_airflow.transform scheduled__2024-02-14T00:00:00+00:00 [running]> on host 3b89cfee50e9
[2025-12-16T17:10:22.693+0000] {taskinstance.py:2480} INFO - Exporting env vars: AIRFLOW_CTX_DAG_OWNER='***' AIRFLOW_CTX_DAG_ID='etl_***' AIRFLOW_CTX_TASK_ID='transform' AIRFLOW_CTX_EXECUTION_DATE='2024-02-14T00:00:00+00:00' AIRFLOW_CTX_TRY_NUMBER='1' AIRFLOW_CTX_DAG_RUN_ID='scheduled__2024-02-14T00:00:00+00:00'
[2025-12-16T17:10:22.696+0000] {logging_mixin.py:188} INFO - [TRANSFORM]
[2025-12-16T17:10:23.051+0000] {logging_mixin.py:188} INFO - [TRANSFORM] done
[2025-12-16T17:10:23.052+0000] {python.py:201} INFO - Done. Returned value was: None
[2025-12-16T17:10:23.075+0000] {taskinstance.py:1138} INFO - Marking task as SUCCESS. dag_id=etl_***, task_id=transform, execution_date=20240214T000000, start_date=20251216T171022, end_date=20251216T171023
[2025-12-16T17:10:23.171+0000] {local_task_job_runner.py:234} INFO - Task exited with return code 0
[2025-12-16T17:10:23.223+0000] {taskinstance.py:3280} INFO - 1 downstream tasks scheduled from follow-on schedule check
[2025-12-17T01:50:48.561+0000] {taskinstance.py:1956} INFO - Dependencies all met for dep_context=non-requeueable deps ti=<TaskInstance: etl_airflow.transform scheduled__2024-02-14T00:00:00+00:00 [queued]>
[2025-12-17T01:50:48.584+0000] {taskinstance.py:1956} INFO - Dependencies all met for dep_context=requeueable deps ti=<TaskInstance: etl_airflow.transform scheduled__2024-02-14T00:00:00+00:00 [queued]>
[2025-12-17T01:50:48.588+0000] {taskinstance.py:2170} INFO - Starting attempt 1 of 3
[2025-12-17T01:50:48.629+0000] {taskinstance.py:2191} INFO - Executing <Task(PythonOperator): transform> on 2024-02-14 00:00:00+00:00
[2025-12-17T01:50:48.643+0000] {standard_task_runner.py:60} INFO - Started process 648 to run task
[2025-12-17T01:50:48.652+0000] {standard_task_runner.py:87} INFO - Running: ['***', 'tasks', 'run', 'etl_***', 'transform', 'scheduled__2024-02-14T00:00:00+00:00', '--job-id', '141', '--raw', '--subdir', 'DAGS_FOLDER/etl_dag.py', '--cfg-path', '/tmp/tmpg6v1ubvy']
[2025-12-17T01:50:48.657+0000] {standard_task_runner.py:88} INFO - Job 141: Subtask transform
[2025-12-17T01:50:48.822+0000] {task_command.py:423} INFO - Running <TaskInstance: etl_airflow.transform scheduled__2024-02-14T00:00:00+00:00 [running]> on host 571e042550da
[2025-12-17T01:50:49.309+0000] {taskinstance.py:2480} INFO - Exporting env vars: AIRFLOW_CTX_DAG_OWNER='***' AIRFLOW_CTX_DAG_ID='etl_***' AIRFLOW_CTX_TASK_ID='transform' AIRFLOW_CTX_EXECUTION_DATE='2024-02-14T00:00:00+00:00' AIRFLOW_CTX_TRY_NUMBER='1' AIRFLOW_CTX_DAG_RUN_ID='scheduled__2024-02-14T00:00:00+00:00'
[2025-12-17T01:50:49.314+0000] {logging_mixin.py:188} INFO - [TRANSFORM]
[2025-12-17T01:50:49.350+0000] {logging_mixin.py:188} INFO - [TRANSFORM] done
[2025-12-17T01:50:49.351+0000] {python.py:201} INFO - Done. Returned value was: None
[2025-12-17T01:50:49.371+0000] {taskinstance.py:1138} INFO - Marking task as SUCCESS. dag_id=etl_***, task_id=transform, execution_date=20240214T000000, start_date=20251217T015048, end_date=20251217T015049
[2025-12-17T01:50:49.432+0000] {local_task_job_runner.py:234} INFO - Task exited with return code 0
[2025-12-17T01:50:49.663+0000] {taskinstance.py:3280} INFO - 0 downstream tasks scheduled from follow-on schedule check
[2025-12-17T04:43:37.121+0000] {taskinstance.py:1956} INFO - Dependencies all met for dep_context=non-requeueable deps ti=<TaskInstance: etl_airflow.transform scheduled__2024-02-14T00:00:00+00:00 [queued]>
[2025-12-17T04:43:37.134+0000] {taskinstance.py:1956} INFO - Dependencies all met for dep_context=requeueable deps ti=<TaskInstance: etl_airflow.transform scheduled__2024-02-14T00:00:00+00:00 [queued]>
[2025-12-17T04:43:37.135+0000] {taskinstance.py:2170} INFO - Starting attempt 1 of 3
[2025-12-17T04:43:37.155+0000] {taskinstance.py:2191} INFO - Executing <Task(PythonOperator): transform> on 2024-02-14 00:00:00+00:00
[2025-12-17T04:43:37.162+0000] {standard_task_runner.py:60} INFO - Started process 735 to run task
[2025-12-17T04:43:37.166+0000] {standard_task_runner.py:87} INFO - Running: ['***', 'tasks', 'run', 'etl_***', 'transform', 'scheduled__2024-02-14T00:00:00+00:00', '--job-id', '158', '--raw', '--subdir', 'DAGS_FOLDER/etl_***.py', '--cfg-path', '/tmp/tmpka26g19b']
[2025-12-17T04:43:37.169+0000] {standard_task_runner.py:88} INFO - Job 158: Subtask transform
[2025-12-17T04:43:37.270+0000] {task_command.py:423} INFO - Running <TaskInstance: etl_airflow.transform scheduled__2024-02-14T00:00:00+00:00 [running]> on host b3426f05ac70
[2025-12-17T04:43:37.590+0000] {taskinstance.py:2480} INFO - Exporting env vars: AIRFLOW_CTX_DAG_OWNER='***' AIRFLOW_CTX_DAG_ID='etl_***' AIRFLOW_CTX_TASK_ID='transform' AIRFLOW_CTX_EXECUTION_DATE='2024-02-14T00:00:00+00:00' AIRFLOW_CTX_TRY_NUMBER='1' AIRFLOW_CTX_DAG_RUN_ID='scheduled__2024-02-14T00:00:00+00:00'
[2025-12-17T04:43:37.592+0000] {taskinstance.py:2698} ERROR - Task failed with exception
Traceback (most recent call last):
  File "/home/airflow/.local/lib/python3.8/site-packages/airflow/models/taskinstance.py", line 433, in _execute_task
    result = execute_callable(context=context, **execute_callable_kwargs)
  File "/home/airflow/.local/lib/python3.8/site-packages/airflow/operators/python.py", line 199, in execute
    return_value = self.execute_callable()
  File "/home/airflow/.local/lib/python3.8/site-packages/airflow/operators/python.py", line 216, in execute_callable
    return self.python_callable(*self.op_args, **self.op_kwargs)
TypeError: transform_data() missing 1 required positional argument: 'df'
[2025-12-17T04:43:37.603+0000] {taskinstance.py:1138} INFO - Marking task as UP_FOR_RETRY. dag_id=etl_***, task_id=transform, execution_date=20240214T000000, start_date=20251217T044337, end_date=20251217T044337
[2025-12-17T04:43:37.622+0000] {standard_task_runner.py:107} ERROR - Failed to execute job 158 for task transform (transform_data() missing 1 required positional argument: 'df'; 735)
[2025-12-17T04:43:37.663+0000] {local_task_job_runner.py:234} INFO - Task exited with return code 1
[2025-12-17T04:43:37.690+0000] {taskinstance.py:3280} INFO - 0 downstream tasks scheduled from follow-on schedule check
[2025-12-17T07:36:47.147+0000] {taskinstance.py:1956} INFO - Dependencies all met for dep_context=non-requeueable deps ti=<TaskInstance: etl_airflow.transform scheduled__2024-02-14T00:00:00+00:00 [queued]>
[2025-12-17T07:36:47.173+0000] {taskinstance.py:1956} INFO - Dependencies all met for dep_context=requeueable deps ti=<TaskInstance: etl_airflow.transform scheduled__2024-02-14T00:00:00+00:00 [queued]>
[2025-12-17T07:36:47.176+0000] {taskinstance.py:2170} INFO - Starting attempt 1 of 3
[2025-12-17T07:36:47.209+0000] {taskinstance.py:2191} INFO - Executing <Task(PythonOperator): transform> on 2024-02-14 00:00:00+00:00
[2025-12-17T07:36:47.224+0000] {standard_task_runner.py:60} INFO - Started process 802 to run task
[2025-12-17T07:36:47.231+0000] {standard_task_runner.py:87} INFO - Running: ['***', 'tasks', 'run', 'etl_***', 'transform', 'scheduled__2024-02-14T00:00:00+00:00', '--job-id', '161', '--raw', '--subdir', 'DAGS_FOLDER/etl_***.py', '--cfg-path', '/tmp/tmp6m90alsp']
[2025-12-17T07:36:47.237+0000] {standard_task_runner.py:88} INFO - Job 161: Subtask transform
[2025-12-17T07:36:47.408+0000] {task_command.py:423} INFO - Running <TaskInstance: etl_airflow.transform scheduled__2024-02-14T00:00:00+00:00 [running]> on host 2a0de06c8905
[2025-12-17T07:36:48.001+0000] {taskinstance.py:2480} INFO - Exporting env vars: AIRFLOW_CTX_DAG_OWNER='***' AIRFLOW_CTX_DAG_ID='etl_***' AIRFLOW_CTX_TASK_ID='transform' AIRFLOW_CTX_EXECUTION_DATE='2024-02-14T00:00:00+00:00' AIRFLOW_CTX_TRY_NUMBER='1' AIRFLOW_CTX_DAG_RUN_ID='scheduled__2024-02-14T00:00:00+00:00'
[2025-12-17T07:36:48.005+0000] {taskinstance.py:2698} ERROR - Task failed with exception
Traceback (most recent call last):
  File "/home/airflow/.local/lib/python3.8/site-packages/airflow/models/taskinstance.py", line 433, in _execute_task
    result = execute_callable(context=context, **execute_callable_kwargs)
  File "/home/airflow/.local/lib/python3.8/site-packages/airflow/operators/python.py", line 199, in execute
    return_value = self.execute_callable()
  File "/home/airflow/.local/lib/python3.8/site-packages/airflow/operators/python.py", line 216, in execute_callable
    return self.python_callable(*self.op_args, **self.op_kwargs)
TypeError: transform_data() missing 1 required positional argument: 'df'
[2025-12-17T07:36:48.027+0000] {taskinstance.py:1138} INFO - Marking task as UP_FOR_RETRY. dag_id=etl_***, task_id=transform, execution_date=20240214T000000, start_date=20251217T073647, end_date=20251217T073648
[2025-12-17T07:36:48.063+0000] {standard_task_runner.py:107} ERROR - Failed to execute job 161 for task transform (transform_data() missing 1 required positional argument: 'df'; 802)
[2025-12-17T07:36:48.093+0000] {local_task_job_runner.py:234} INFO - Task exited with return code 1
[2025-12-17T07:36:48.432+0000] {taskinstance.py:3280} INFO - 0 downstream tasks scheduled from follow-on schedule check
