[2025-12-17T01:59:58.003+0000] {taskinstance.py:1956} INFO - Dependencies all met for dep_context=non-requeueable deps ti=<TaskInstance: etl_airflow.transform scheduled__2025-08-09T00:00:00+00:00 [queued]>
[2025-12-17T01:59:58.022+0000] {taskinstance.py:1956} INFO - Dependencies all met for dep_context=requeueable deps ti=<TaskInstance: etl_airflow.transform scheduled__2025-08-09T00:00:00+00:00 [queued]>
[2025-12-17T01:59:58.023+0000] {taskinstance.py:2170} INFO - Starting attempt 1 of 3
[2025-12-17T01:59:58.051+0000] {taskinstance.py:2191} INFO - Executing <Task(PythonOperator): transform> on 2025-08-09 00:00:00+00:00
[2025-12-17T01:59:58.066+0000] {standard_task_runner.py:60} INFO - Started process 5867 to run task
[2025-12-17T01:59:58.074+0000] {standard_task_runner.py:87} INFO - Running: ['***', 'tasks', 'run', 'etl_***', 'transform', 'scheduled__2025-08-09T00:00:00+00:00', '--job-id', '1786', '--raw', '--subdir', 'DAGS_FOLDER/etl_dag.py', '--cfg-path', '/tmp/tmp992g2uyz']
[2025-12-17T01:59:58.080+0000] {standard_task_runner.py:88} INFO - Job 1786: Subtask transform
[2025-12-17T01:59:58.247+0000] {task_command.py:423} INFO - Running <TaskInstance: etl_airflow.transform scheduled__2025-08-09T00:00:00+00:00 [running]> on host 571e042550da
[2025-12-17T01:59:58.709+0000] {taskinstance.py:2480} INFO - Exporting env vars: AIRFLOW_CTX_DAG_OWNER='***' AIRFLOW_CTX_DAG_ID='etl_***' AIRFLOW_CTX_TASK_ID='transform' AIRFLOW_CTX_EXECUTION_DATE='2025-08-09T00:00:00+00:00' AIRFLOW_CTX_TRY_NUMBER='1' AIRFLOW_CTX_DAG_RUN_ID='scheduled__2025-08-09T00:00:00+00:00'
[2025-12-17T01:59:58.714+0000] {logging_mixin.py:188} INFO - [TRANSFORM]
[2025-12-17T01:59:58.755+0000] {logging_mixin.py:188} INFO - [TRANSFORM] done
[2025-12-17T01:59:58.757+0000] {python.py:201} INFO - Done. Returned value was: None
[2025-12-17T01:59:58.770+0000] {taskinstance.py:1138} INFO - Marking task as SUCCESS. dag_id=etl_***, task_id=transform, execution_date=20250809T000000, start_date=20251217T015958, end_date=20251217T015958
[2025-12-17T01:59:58.820+0000] {local_task_job_runner.py:234} INFO - Task exited with return code 0
[2025-12-17T01:59:58.912+0000] {taskinstance.py:3280} INFO - 0 downstream tasks scheduled from follow-on schedule check
[2025-12-17T05:03:13.382+0000] {taskinstance.py:1956} INFO - Dependencies all met for dep_context=non-requeueable deps ti=<TaskInstance: etl_airflow.transform scheduled__2025-08-09T00:00:00+00:00 [queued]>
[2025-12-17T05:03:13.400+0000] {taskinstance.py:1956} INFO - Dependencies all met for dep_context=requeueable deps ti=<TaskInstance: etl_airflow.transform scheduled__2025-08-09T00:00:00+00:00 [queued]>
[2025-12-17T05:03:13.402+0000] {taskinstance.py:2170} INFO - Starting attempt 1 of 3
[2025-12-17T05:03:13.425+0000] {taskinstance.py:2191} INFO - Executing <Task(PythonOperator): transform> on 2025-08-09 00:00:00+00:00
[2025-12-17T05:03:13.436+0000] {standard_task_runner.py:60} INFO - Started process 7903 to run task
[2025-12-17T05:03:13.443+0000] {standard_task_runner.py:87} INFO - Running: ['***', 'tasks', 'run', 'etl_***', 'transform', 'scheduled__2025-08-09T00:00:00+00:00', '--job-id', '2332', '--raw', '--subdir', 'DAGS_FOLDER/etl_***.py', '--cfg-path', '/tmp/tmpy4lvat9s']
[2025-12-17T05:03:13.447+0000] {standard_task_runner.py:88} INFO - Job 2332: Subtask transform
[2025-12-17T05:03:13.559+0000] {task_command.py:423} INFO - Running <TaskInstance: etl_airflow.transform scheduled__2025-08-09T00:00:00+00:00 [running]> on host b3426f05ac70
[2025-12-17T05:03:13.926+0000] {taskinstance.py:2480} INFO - Exporting env vars: AIRFLOW_CTX_DAG_OWNER='***' AIRFLOW_CTX_DAG_ID='etl_***' AIRFLOW_CTX_TASK_ID='transform' AIRFLOW_CTX_EXECUTION_DATE='2025-08-09T00:00:00+00:00' AIRFLOW_CTX_TRY_NUMBER='1' AIRFLOW_CTX_DAG_RUN_ID='scheduled__2025-08-09T00:00:00+00:00'
[2025-12-17T05:03:13.929+0000] {taskinstance.py:2698} ERROR - Task failed with exception
Traceback (most recent call last):
  File "/home/airflow/.local/lib/python3.8/site-packages/airflow/models/taskinstance.py", line 433, in _execute_task
    result = execute_callable(context=context, **execute_callable_kwargs)
  File "/home/airflow/.local/lib/python3.8/site-packages/airflow/operators/python.py", line 199, in execute
    return_value = self.execute_callable()
  File "/home/airflow/.local/lib/python3.8/site-packages/airflow/operators/python.py", line 216, in execute_callable
    return self.python_callable(*self.op_args, **self.op_kwargs)
TypeError: transform_data() missing 1 required positional argument: 'df'
[2025-12-17T05:03:13.942+0000] {taskinstance.py:1138} INFO - Marking task as UP_FOR_RETRY. dag_id=etl_***, task_id=transform, execution_date=20250809T000000, start_date=20251217T050313, end_date=20251217T050313
[2025-12-17T05:03:13.962+0000] {standard_task_runner.py:107} ERROR - Failed to execute job 2332 for task transform (transform_data() missing 1 required positional argument: 'df'; 7903)
[2025-12-17T05:03:14.016+0000] {local_task_job_runner.py:234} INFO - Task exited with return code 1
[2025-12-17T05:03:14.049+0000] {taskinstance.py:3280} INFO - 0 downstream tasks scheduled from follow-on schedule check
