[2025-12-17T02:01:56.175+0000] {taskinstance.py:1956} INFO - Dependencies all met for dep_context=non-requeueable deps ti=<TaskInstance: etl_airflow.transform scheduled__2025-12-12T00:00:00+00:00 [queued]>
[2025-12-17T02:01:56.193+0000] {taskinstance.py:1956} INFO - Dependencies all met for dep_context=requeueable deps ti=<TaskInstance: etl_airflow.transform scheduled__2025-12-12T00:00:00+00:00 [queued]>
[2025-12-17T02:01:56.194+0000] {taskinstance.py:2170} INFO - Starting attempt 1 of 3
[2025-12-17T02:01:56.220+0000] {taskinstance.py:2191} INFO - Executing <Task(PythonOperator): transform> on 2025-12-12 00:00:00+00:00
[2025-12-17T02:01:56.231+0000] {standard_task_runner.py:60} INFO - Started process 7082 to run task
[2025-12-17T02:01:56.237+0000] {standard_task_runner.py:87} INFO - Running: ['***', 'tasks', 'run', 'etl_***', 'transform', 'scheduled__2025-12-12T00:00:00+00:00', '--job-id', '2172', '--raw', '--subdir', 'DAGS_FOLDER/etl_dag.py', '--cfg-path', '/tmp/tmpwe7fyr_m']
[2025-12-17T02:01:56.241+0000] {standard_task_runner.py:88} INFO - Job 2172: Subtask transform
[2025-12-17T02:01:56.486+0000] {task_command.py:423} INFO - Running <TaskInstance: etl_airflow.transform scheduled__2025-12-12T00:00:00+00:00 [running]> on host 571e042550da
[2025-12-17T02:01:56.949+0000] {taskinstance.py:2480} INFO - Exporting env vars: AIRFLOW_CTX_DAG_OWNER='***' AIRFLOW_CTX_DAG_ID='etl_***' AIRFLOW_CTX_TASK_ID='transform' AIRFLOW_CTX_EXECUTION_DATE='2025-12-12T00:00:00+00:00' AIRFLOW_CTX_TRY_NUMBER='1' AIRFLOW_CTX_DAG_RUN_ID='scheduled__2025-12-12T00:00:00+00:00'
[2025-12-17T02:01:56.954+0000] {logging_mixin.py:188} INFO - [TRANSFORM]
[2025-12-17T02:01:56.985+0000] {logging_mixin.py:188} INFO - [TRANSFORM] done
[2025-12-17T02:01:56.986+0000] {python.py:201} INFO - Done. Returned value was: None
[2025-12-17T02:01:57.006+0000] {taskinstance.py:1138} INFO - Marking task as SUCCESS. dag_id=etl_***, task_id=transform, execution_date=20251212T000000, start_date=20251217T020156, end_date=20251217T020157
[2025-12-17T02:01:57.055+0000] {local_task_job_runner.py:234} INFO - Task exited with return code 0
[2025-12-17T02:01:57.092+0000] {taskinstance.py:3280} INFO - 1 downstream tasks scheduled from follow-on schedule check
[2025-12-17T05:07:51.484+0000] {taskinstance.py:1956} INFO - Dependencies all met for dep_context=non-requeueable deps ti=<TaskInstance: etl_airflow.transform scheduled__2025-12-12T00:00:00+00:00 [queued]>
[2025-12-17T05:07:51.500+0000] {taskinstance.py:1956} INFO - Dependencies all met for dep_context=requeueable deps ti=<TaskInstance: etl_airflow.transform scheduled__2025-12-12T00:00:00+00:00 [queued]>
[2025-12-17T05:07:51.501+0000] {taskinstance.py:2170} INFO - Starting attempt 1 of 3
[2025-12-17T05:07:51.547+0000] {taskinstance.py:2191} INFO - Executing <Task(PythonOperator): transform> on 2025-12-12 00:00:00+00:00
[2025-12-17T05:07:51.555+0000] {standard_task_runner.py:60} INFO - Started process 9583 to run task
[2025-12-17T05:07:51.561+0000] {standard_task_runner.py:87} INFO - Running: ['***', 'tasks', 'run', 'etl_***', 'transform', 'scheduled__2025-12-12T00:00:00+00:00', '--job-id', '2839', '--raw', '--subdir', 'DAGS_FOLDER/etl_***.py', '--cfg-path', '/tmp/tmp66uwoc4x']
[2025-12-17T05:07:51.566+0000] {standard_task_runner.py:88} INFO - Job 2839: Subtask transform
[2025-12-17T05:07:51.678+0000] {task_command.py:423} INFO - Running <TaskInstance: etl_airflow.transform scheduled__2025-12-12T00:00:00+00:00 [running]> on host b3426f05ac70
[2025-12-17T05:07:51.982+0000] {taskinstance.py:2480} INFO - Exporting env vars: AIRFLOW_CTX_DAG_OWNER='***' AIRFLOW_CTX_DAG_ID='etl_***' AIRFLOW_CTX_TASK_ID='transform' AIRFLOW_CTX_EXECUTION_DATE='2025-12-12T00:00:00+00:00' AIRFLOW_CTX_TRY_NUMBER='1' AIRFLOW_CTX_DAG_RUN_ID='scheduled__2025-12-12T00:00:00+00:00'
[2025-12-17T05:07:51.985+0000] {taskinstance.py:2698} ERROR - Task failed with exception
Traceback (most recent call last):
  File "/home/airflow/.local/lib/python3.8/site-packages/airflow/models/taskinstance.py", line 433, in _execute_task
    result = execute_callable(context=context, **execute_callable_kwargs)
  File "/home/airflow/.local/lib/python3.8/site-packages/airflow/operators/python.py", line 199, in execute
    return_value = self.execute_callable()
  File "/home/airflow/.local/lib/python3.8/site-packages/airflow/operators/python.py", line 216, in execute_callable
    return self.python_callable(*self.op_args, **self.op_kwargs)
TypeError: transform_data() missing 1 required positional argument: 'df'
[2025-12-17T05:07:51.996+0000] {taskinstance.py:1138} INFO - Marking task as UP_FOR_RETRY. dag_id=etl_***, task_id=transform, execution_date=20251212T000000, start_date=20251217T050751, end_date=20251217T050751
[2025-12-17T05:07:52.012+0000] {standard_task_runner.py:107} ERROR - Failed to execute job 2839 for task transform (transform_data() missing 1 required positional argument: 'df'; 9583)
[2025-12-17T05:07:52.058+0000] {local_task_job_runner.py:234} INFO - Task exited with return code 1
[2025-12-17T05:07:52.100+0000] {taskinstance.py:3280} INFO - 0 downstream tasks scheduled from follow-on schedule check
