[2025-12-16T16:33:29.089+0000] {taskinstance.py:1956} INFO - Dependencies all met for dep_context=non-requeueable deps ti=<TaskInstance: etl_airflow.extract scheduled__2024-05-06T00:00:00+00:00 [queued]>
[2025-12-16T16:33:29.110+0000] {taskinstance.py:1956} INFO - Dependencies all met for dep_context=requeueable deps ti=<TaskInstance: etl_airflow.extract scheduled__2024-05-06T00:00:00+00:00 [queued]>
[2025-12-16T16:33:29.111+0000] {taskinstance.py:2170} INFO - Starting attempt 1 of 3
[2025-12-16T16:33:29.143+0000] {taskinstance.py:2191} INFO - Executing <Task(PythonOperator): extract> on 2024-05-06 00:00:00+00:00
[2025-12-16T16:33:29.154+0000] {standard_task_runner.py:60} INFO - Started process 1699 to run task
[2025-12-16T16:33:29.161+0000] {standard_task_runner.py:87} INFO - Running: ['***', 'tasks', 'run', 'etl_***', 'extract', 'scheduled__2024-05-06T00:00:00+00:00', '--job-id', '376', '--raw', '--subdir', 'DAGS_FOLDER/etl_dag.py', '--cfg-path', '/tmp/tmpihve5_zj']
[2025-12-16T16:33:29.165+0000] {standard_task_runner.py:88} INFO - Job 376: Subtask extract
[2025-12-16T16:33:29.308+0000] {task_command.py:423} INFO - Running <TaskInstance: etl_airflow.extract scheduled__2024-05-06T00:00:00+00:00 [running]> on host 528de643acfe
[2025-12-16T16:33:29.714+0000] {taskinstance.py:2480} INFO - Exporting env vars: AIRFLOW_CTX_DAG_OWNER='***' AIRFLOW_CTX_DAG_ID='etl_***' AIRFLOW_CTX_TASK_ID='extract' AIRFLOW_CTX_EXECUTION_DATE='2024-05-06T00:00:00+00:00' AIRFLOW_CTX_TRY_NUMBER='1' AIRFLOW_CTX_DAG_RUN_ID='scheduled__2024-05-06T00:00:00+00:00'
[2025-12-16T16:33:29.716+0000] {logging_mixin.py:188} INFO - Extracting data from /opt/***/data/input.csv
[2025-12-16T16:33:29.721+0000] {taskinstance.py:2698} ERROR - Task failed with exception
Traceback (most recent call last):
  File "/home/airflow/.local/lib/python3.8/site-packages/airflow/models/taskinstance.py", line 433, in _execute_task
    result = execute_callable(context=context, **execute_callable_kwargs)
  File "/home/airflow/.local/lib/python3.8/site-packages/airflow/operators/python.py", line 199, in execute
    return_value = self.execute_callable()
  File "/home/airflow/.local/lib/python3.8/site-packages/airflow/operators/python.py", line 216, in execute_callable
    return self.python_callable(*self.op_args, **self.op_kwargs)
  File "/opt/airflow/dags/etl_logic/pipeline.py", line 97, in extract_data
    df = pd.read_csv(input_path)
  File "/home/airflow/.local/lib/python3.8/site-packages/pandas/io/parsers/readers.py", line 912, in read_csv
    return _read(filepath_or_buffer, kwds)
  File "/home/airflow/.local/lib/python3.8/site-packages/pandas/io/parsers/readers.py", line 577, in _read
    parser = TextFileReader(filepath_or_buffer, **kwds)
  File "/home/airflow/.local/lib/python3.8/site-packages/pandas/io/parsers/readers.py", line 1407, in __init__
    self._engine = self._make_engine(f, self.engine)
  File "/home/airflow/.local/lib/python3.8/site-packages/pandas/io/parsers/readers.py", line 1661, in _make_engine
    self.handles = get_handle(
  File "/home/airflow/.local/lib/python3.8/site-packages/pandas/io/common.py", line 859, in get_handle
    handle = open(
FileNotFoundError: [Errno 2] No such file or directory: '/opt/airflow/data/input.csv'
[2025-12-16T16:33:29.746+0000] {taskinstance.py:1138} INFO - Marking task as UP_FOR_RETRY. dag_id=etl_***, task_id=extract, execution_date=20240506T000000, start_date=20251216T163329, end_date=20251216T163329
[2025-12-16T16:33:29.850+0000] {standard_task_runner.py:107} ERROR - Failed to execute job 376 for task extract ([Errno 2] No such file or directory: '/opt/airflow/data/input.csv'; 1699)
[2025-12-16T16:33:29.897+0000] {local_task_job_runner.py:234} INFO - Task exited with return code 1
[2025-12-16T16:33:29.934+0000] {taskinstance.py:3280} INFO - 0 downstream tasks scheduled from follow-on schedule check
[2025-12-17T01:52:17.719+0000] {taskinstance.py:1956} INFO - Dependencies all met for dep_context=non-requeueable deps ti=<TaskInstance: etl_airflow.extract scheduled__2024-05-06T00:00:00+00:00 [queued]>
[2025-12-17T01:52:17.743+0000] {taskinstance.py:1956} INFO - Dependencies all met for dep_context=requeueable deps ti=<TaskInstance: etl_airflow.extract scheduled__2024-05-06T00:00:00+00:00 [queued]>
[2025-12-17T01:52:17.745+0000] {taskinstance.py:2170} INFO - Starting attempt 1 of 3
[2025-12-17T01:52:17.785+0000] {taskinstance.py:2191} INFO - Executing <Task(PythonOperator): extract> on 2024-05-06 00:00:00+00:00
[2025-12-17T01:52:17.802+0000] {standard_task_runner.py:60} INFO - Started process 1395 to run task
[2025-12-17T01:52:17.822+0000] {standard_task_runner.py:87} INFO - Running: ['***', 'tasks', 'run', 'etl_***', 'extract', 'scheduled__2024-05-06T00:00:00+00:00', '--job-id', '372', '--raw', '--subdir', 'DAGS_FOLDER/etl_dag.py', '--cfg-path', '/tmp/tmp_q7bcvw_']
[2025-12-17T01:52:17.832+0000] {standard_task_runner.py:88} INFO - Job 372: Subtask extract
[2025-12-17T01:52:18.014+0000] {task_command.py:423} INFO - Running <TaskInstance: etl_airflow.extract scheduled__2024-05-06T00:00:00+00:00 [running]> on host 571e042550da
[2025-12-17T01:52:18.643+0000] {taskinstance.py:2480} INFO - Exporting env vars: AIRFLOW_CTX_DAG_OWNER='***' AIRFLOW_CTX_DAG_ID='etl_***' AIRFLOW_CTX_TASK_ID='extract' AIRFLOW_CTX_EXECUTION_DATE='2024-05-06T00:00:00+00:00' AIRFLOW_CTX_TRY_NUMBER='1' AIRFLOW_CTX_DAG_RUN_ID='scheduled__2024-05-06T00:00:00+00:00'
[2025-12-17T01:52:18.645+0000] {logging_mixin.py:188} INFO - [EXTRACT] Reading /opt/***/data/synthetic_events.csv
[2025-12-17T01:52:18.732+0000] {logging_mixin.py:188} INFO - [EXTRACT] done
[2025-12-17T01:52:18.735+0000] {python.py:201} INFO - Done. Returned value was: None
[2025-12-17T01:52:18.769+0000] {taskinstance.py:1138} INFO - Marking task as SUCCESS. dag_id=etl_***, task_id=extract, execution_date=20240506T000000, start_date=20251217T015217, end_date=20251217T015218
[2025-12-17T01:52:18.848+0000] {local_task_job_runner.py:234} INFO - Task exited with return code 0
[2025-12-17T01:52:18.905+0000] {taskinstance.py:3280} INFO - 1 downstream tasks scheduled from follow-on schedule check
[2025-12-17T04:20:00.710+0000] {taskinstance.py:1956} INFO - Dependencies all met for dep_context=non-requeueable deps ti=<TaskInstance: etl_airflow.extract scheduled__2024-05-06T00:00:00+00:00 [queued]>
[2025-12-17T04:20:00.725+0000] {taskinstance.py:1956} INFO - Dependencies all met for dep_context=requeueable deps ti=<TaskInstance: etl_airflow.extract scheduled__2024-05-06T00:00:00+00:00 [queued]>
[2025-12-17T04:20:00.726+0000] {taskinstance.py:2170} INFO - Starting attempt 1 of 3
[2025-12-17T04:20:00.750+0000] {taskinstance.py:2191} INFO - Executing <Task(PythonOperator): extract> on 2024-05-06 00:00:00+00:00
[2025-12-17T04:20:00.758+0000] {standard_task_runner.py:60} INFO - Started process 832 to run task
[2025-12-17T04:20:00.763+0000] {standard_task_runner.py:87} INFO - Running: ['***', 'tasks', 'run', 'etl_***', 'extract', 'scheduled__2024-05-06T00:00:00+00:00', '--job-id', '190', '--raw', '--subdir', 'DAGS_FOLDER/etl_***.py', '--cfg-path', '/tmp/tmpn0eodmxq']
[2025-12-17T04:20:00.766+0000] {standard_task_runner.py:88} INFO - Job 190: Subtask extract
[2025-12-17T04:20:00.867+0000] {task_command.py:423} INFO - Running <TaskInstance: etl_airflow.extract scheduled__2024-05-06T00:00:00+00:00 [running]> on host c5811fe183ca
[2025-12-17T04:20:01.265+0000] {taskinstance.py:2480} INFO - Exporting env vars: AIRFLOW_CTX_DAG_OWNER='***' AIRFLOW_CTX_DAG_ID='etl_***' AIRFLOW_CTX_TASK_ID='extract' AIRFLOW_CTX_EXECUTION_DATE='2024-05-06T00:00:00+00:00' AIRFLOW_CTX_TRY_NUMBER='1' AIRFLOW_CTX_DAG_RUN_ID='scheduled__2024-05-06T00:00:00+00:00'
[2025-12-17T04:20:01.295+0000] {python.py:201} INFO - Done. Returned value was:    user_id event_type           timestamp country
0        1      login 2025-01-01 09:00:00      IN
1        1      click 2025-01-01 09:05:00      IN
2        1     logout 2025-01-01 09:15:00      IN
3        2      login 2025-01-01 10:00:00      US
4        2      click 2025-01-01 10:10:00      US
5        2     logout 2025-01-01 10:20:00      US
6        3      login 2025-01-02 08:00:00      FR
7        3      click 2025-01-02 08:05:00      FR
8        3     logout 2025-01-02 08:30:00      FR
[2025-12-17T04:20:01.371+0000] {taskinstance.py:1138} INFO - Marking task as SUCCESS. dag_id=etl_***, task_id=extract, execution_date=20240506T000000, start_date=20251217T042000, end_date=20251217T042001
[2025-12-17T04:20:01.459+0000] {local_task_job_runner.py:234} INFO - Task exited with return code 0
[2025-12-17T04:20:01.562+0000] {taskinstance.py:3280} INFO - 0 downstream tasks scheduled from follow-on schedule check
[2025-12-17T04:46:31.528+0000] {taskinstance.py:1956} INFO - Dependencies all met for dep_context=non-requeueable deps ti=<TaskInstance: etl_airflow.extract scheduled__2024-05-06T00:00:00+00:00 [queued]>
[2025-12-17T04:46:31.550+0000] {taskinstance.py:1956} INFO - Dependencies all met for dep_context=requeueable deps ti=<TaskInstance: etl_airflow.extract scheduled__2024-05-06T00:00:00+00:00 [queued]>
[2025-12-17T04:46:31.551+0000] {taskinstance.py:2170} INFO - Starting attempt 1 of 3
[2025-12-17T04:46:31.577+0000] {taskinstance.py:2191} INFO - Executing <Task(PythonOperator): extract> on 2024-05-06 00:00:00+00:00
[2025-12-17T04:46:31.586+0000] {standard_task_runner.py:60} INFO - Started process 1781 to run task
[2025-12-17T04:46:31.605+0000] {standard_task_runner.py:87} INFO - Running: ['***', 'tasks', 'run', 'etl_***', 'extract', 'scheduled__2024-05-06T00:00:00+00:00', '--job-id', '471', '--raw', '--subdir', 'DAGS_FOLDER/etl_***.py', '--cfg-path', '/tmp/tmpvu104sk6']
[2025-12-17T04:46:31.609+0000] {standard_task_runner.py:88} INFO - Job 471: Subtask extract
[2025-12-17T04:46:31.771+0000] {task_command.py:423} INFO - Running <TaskInstance: etl_airflow.extract scheduled__2024-05-06T00:00:00+00:00 [running]> on host b3426f05ac70
[2025-12-17T04:46:32.103+0000] {taskinstance.py:2480} INFO - Exporting env vars: AIRFLOW_CTX_DAG_OWNER='***' AIRFLOW_CTX_DAG_ID='etl_***' AIRFLOW_CTX_TASK_ID='extract' AIRFLOW_CTX_EXECUTION_DATE='2024-05-06T00:00:00+00:00' AIRFLOW_CTX_TRY_NUMBER='1' AIRFLOW_CTX_DAG_RUN_ID='scheduled__2024-05-06T00:00:00+00:00'
[2025-12-17T04:46:32.124+0000] {python.py:201} INFO - Done. Returned value was:    user_id event_type           timestamp country
0        1      login 2025-01-01 09:00:00      IN
1        1      click 2025-01-01 09:05:00      IN
2        1     logout 2025-01-01 09:15:00      IN
3        2      login 2025-01-01 10:00:00      US
4        2      click 2025-01-01 10:10:00      US
5        2     logout 2025-01-01 10:20:00      US
6        3      login 2025-01-02 08:00:00      FR
7        3      click 2025-01-02 08:05:00      FR
8        3     logout 2025-01-02 08:30:00      FR
[2025-12-17T04:46:32.179+0000] {taskinstance.py:1138} INFO - Marking task as SUCCESS. dag_id=etl_***, task_id=extract, execution_date=20240506T000000, start_date=20251217T044631, end_date=20251217T044632
[2025-12-17T04:46:32.226+0000] {local_task_job_runner.py:234} INFO - Task exited with return code 0
[2025-12-17T04:46:32.263+0000] {taskinstance.py:3280} INFO - 1 downstream tasks scheduled from follow-on schedule check
[2025-12-17T07:39:57.152+0000] {taskinstance.py:1956} INFO - Dependencies all met for dep_context=non-requeueable deps ti=<TaskInstance: etl_airflow.extract scheduled__2024-05-06T00:00:00+00:00 [queued]>
[2025-12-17T07:39:57.182+0000] {taskinstance.py:1956} INFO - Dependencies all met for dep_context=requeueable deps ti=<TaskInstance: etl_airflow.extract scheduled__2024-05-06T00:00:00+00:00 [queued]>
[2025-12-17T07:39:57.184+0000] {taskinstance.py:2170} INFO - Starting attempt 1 of 3
[2025-12-17T07:39:57.501+0000] {taskinstance.py:2191} INFO - Executing <Task(PythonOperator): extract> on 2024-05-06 00:00:00+00:00
[2025-12-17T07:39:57.520+0000] {standard_task_runner.py:60} INFO - Started process 1849 to run task
[2025-12-17T07:39:57.531+0000] {standard_task_runner.py:87} INFO - Running: ['***', 'tasks', 'run', 'etl_***', 'extract', 'scheduled__2024-05-06T00:00:00+00:00', '--job-id', '474', '--raw', '--subdir', 'DAGS_FOLDER/etl_***.py', '--cfg-path', '/tmp/tmpsvgjq3p9']
[2025-12-17T07:39:57.540+0000] {standard_task_runner.py:88} INFO - Job 474: Subtask extract
[2025-12-17T07:39:57.686+0000] {task_command.py:423} INFO - Running <TaskInstance: etl_airflow.extract scheduled__2024-05-06T00:00:00+00:00 [running]> on host 2a0de06c8905
[2025-12-17T07:39:58.094+0000] {taskinstance.py:2480} INFO - Exporting env vars: AIRFLOW_CTX_DAG_OWNER='***' AIRFLOW_CTX_DAG_ID='etl_***' AIRFLOW_CTX_TASK_ID='extract' AIRFLOW_CTX_EXECUTION_DATE='2024-05-06T00:00:00+00:00' AIRFLOW_CTX_TRY_NUMBER='1' AIRFLOW_CTX_DAG_RUN_ID='scheduled__2024-05-06T00:00:00+00:00'
[2025-12-17T07:39:58.143+0000] {python.py:201} INFO - Done. Returned value was:    user_id event_type           timestamp country
0        1      login 2025-01-01 09:00:00      IN
1        1      click 2025-01-01 09:05:00      IN
2        1     logout 2025-01-01 09:15:00      IN
3        2      login 2025-01-01 10:00:00      US
4        2      click 2025-01-01 10:10:00      US
5        2     logout 2025-01-01 10:20:00      US
6        3      login 2025-01-02 08:00:00      FR
7        3      click 2025-01-02 08:05:00      FR
8        3     logout 2025-01-02 08:30:00      FR
[2025-12-17T07:39:58.218+0000] {taskinstance.py:1138} INFO - Marking task as SUCCESS. dag_id=etl_***, task_id=extract, execution_date=20240506T000000, start_date=20251217T073957, end_date=20251217T073958
[2025-12-17T07:39:58.281+0000] {local_task_job_runner.py:234} INFO - Task exited with return code 0
[2025-12-17T07:39:58.355+0000] {taskinstance.py:3280} INFO - 1 downstream tasks scheduled from follow-on schedule check
