[2025-12-16T16:29:30.891+0000] {taskinstance.py:1956} INFO - Dependencies all met for dep_context=non-requeueable deps ti=<TaskInstance: etl_airflow.extract scheduled__2024-01-21T00:00:00+00:00 [queued]>
[2025-12-16T16:29:30.912+0000] {taskinstance.py:1956} INFO - Dependencies all met for dep_context=requeueable deps ti=<TaskInstance: etl_airflow.extract scheduled__2024-01-21T00:00:00+00:00 [queued]>
[2025-12-16T16:29:30.914+0000] {taskinstance.py:2170} INFO - Starting attempt 1 of 3
[2025-12-16T16:29:31.061+0000] {taskinstance.py:2191} INFO - Executing <Task(PythonOperator): extract> on 2024-01-21 00:00:00+00:00
[2025-12-16T16:29:31.074+0000] {standard_task_runner.py:60} INFO - Started process 560 to run task
[2025-12-16T16:29:31.085+0000] {standard_task_runner.py:87} INFO - Running: ['***', 'tasks', 'run', 'etl_***', 'extract', 'scheduled__2024-01-21T00:00:00+00:00', '--job-id', '54', '--raw', '--subdir', 'DAGS_FOLDER/etl_dag.py', '--cfg-path', '/tmp/tmpakqri_l1']
[2025-12-16T16:29:31.089+0000] {standard_task_runner.py:88} INFO - Job 54: Subtask extract
[2025-12-16T16:29:31.228+0000] {task_command.py:423} INFO - Running <TaskInstance: etl_airflow.extract scheduled__2024-01-21T00:00:00+00:00 [running]> on host 528de643acfe
[2025-12-16T16:29:31.650+0000] {taskinstance.py:2480} INFO - Exporting env vars: AIRFLOW_CTX_DAG_OWNER='***' AIRFLOW_CTX_DAG_ID='etl_***' AIRFLOW_CTX_TASK_ID='extract' AIRFLOW_CTX_EXECUTION_DATE='2024-01-21T00:00:00+00:00' AIRFLOW_CTX_TRY_NUMBER='1' AIRFLOW_CTX_DAG_RUN_ID='scheduled__2024-01-21T00:00:00+00:00'
[2025-12-16T16:29:31.654+0000] {logging_mixin.py:188} INFO - Extracting data from /opt/***/data/input.csv
[2025-12-16T16:29:31.660+0000] {taskinstance.py:2698} ERROR - Task failed with exception
Traceback (most recent call last):
  File "/home/airflow/.local/lib/python3.8/site-packages/airflow/models/taskinstance.py", line 433, in _execute_task
    result = execute_callable(context=context, **execute_callable_kwargs)
  File "/home/airflow/.local/lib/python3.8/site-packages/airflow/operators/python.py", line 199, in execute
    return_value = self.execute_callable()
  File "/home/airflow/.local/lib/python3.8/site-packages/airflow/operators/python.py", line 216, in execute_callable
    return self.python_callable(*self.op_args, **self.op_kwargs)
  File "/opt/airflow/dags/etl_logic/pipeline.py", line 92, in extract_data
    return pd.read_csv(input_path)
  File "/home/airflow/.local/lib/python3.8/site-packages/pandas/io/parsers/readers.py", line 912, in read_csv
    return _read(filepath_or_buffer, kwds)
  File "/home/airflow/.local/lib/python3.8/site-packages/pandas/io/parsers/readers.py", line 577, in _read
    parser = TextFileReader(filepath_or_buffer, **kwds)
  File "/home/airflow/.local/lib/python3.8/site-packages/pandas/io/parsers/readers.py", line 1407, in __init__
    self._engine = self._make_engine(f, self.engine)
  File "/home/airflow/.local/lib/python3.8/site-packages/pandas/io/parsers/readers.py", line 1661, in _make_engine
    self.handles = get_handle(
  File "/home/airflow/.local/lib/python3.8/site-packages/pandas/io/common.py", line 859, in get_handle
    handle = open(
FileNotFoundError: [Errno 2] No such file or directory: '/opt/airflow/data/input.csv'
[2025-12-16T16:29:31.691+0000] {taskinstance.py:1138} INFO - Marking task as UP_FOR_RETRY. dag_id=etl_***, task_id=extract, execution_date=20240121T000000, start_date=20251216T162930, end_date=20251216T162931
[2025-12-16T16:29:31.744+0000] {standard_task_runner.py:107} ERROR - Failed to execute job 54 for task extract ([Errno 2] No such file or directory: '/opt/airflow/data/input.csv'; 560)
[2025-12-16T16:29:31.783+0000] {local_task_job_runner.py:234} INFO - Task exited with return code 1
[2025-12-16T16:29:31.842+0000] {taskinstance.py:3280} INFO - 0 downstream tasks scheduled from follow-on schedule check
[2025-12-17T01:50:19.616+0000] {taskinstance.py:1956} INFO - Dependencies all met for dep_context=non-requeueable deps ti=<TaskInstance: etl_airflow.extract scheduled__2024-01-21T00:00:00+00:00 [queued]>
[2025-12-17T01:50:19.642+0000] {taskinstance.py:1956} INFO - Dependencies all met for dep_context=requeueable deps ti=<TaskInstance: etl_airflow.extract scheduled__2024-01-21T00:00:00+00:00 [queued]>
[2025-12-17T01:50:19.644+0000] {taskinstance.py:2170} INFO - Starting attempt 1 of 3
[2025-12-17T01:50:19.723+0000] {taskinstance.py:2191} INFO - Executing <Task(PythonOperator): extract> on 2024-01-21 00:00:00+00:00
[2025-12-17T01:50:19.732+0000] {standard_task_runner.py:60} INFO - Started process 368 to run task
[2025-12-17T01:50:19.739+0000] {standard_task_runner.py:87} INFO - Running: ['***', 'tasks', 'run', 'etl_***', 'extract', 'scheduled__2024-01-21T00:00:00+00:00', '--job-id', '53', '--raw', '--subdir', 'DAGS_FOLDER/etl_dag.py', '--cfg-path', '/tmp/tmprg84m2wu']
[2025-12-17T01:50:19.743+0000] {standard_task_runner.py:88} INFO - Job 53: Subtask extract
[2025-12-17T01:50:19.900+0000] {task_command.py:423} INFO - Running <TaskInstance: etl_airflow.extract scheduled__2024-01-21T00:00:00+00:00 [running]> on host 571e042550da
[2025-12-17T01:50:20.364+0000] {taskinstance.py:2480} INFO - Exporting env vars: AIRFLOW_CTX_DAG_OWNER='***' AIRFLOW_CTX_DAG_ID='etl_***' AIRFLOW_CTX_TASK_ID='extract' AIRFLOW_CTX_EXECUTION_DATE='2024-01-21T00:00:00+00:00' AIRFLOW_CTX_TRY_NUMBER='1' AIRFLOW_CTX_DAG_RUN_ID='scheduled__2024-01-21T00:00:00+00:00'
[2025-12-17T01:50:20.366+0000] {logging_mixin.py:188} INFO - [EXTRACT] Reading /opt/***/data/synthetic_events.csv
[2025-12-17T01:50:20.404+0000] {logging_mixin.py:188} INFO - [EXTRACT] done
[2025-12-17T01:50:20.405+0000] {python.py:201} INFO - Done. Returned value was: None
[2025-12-17T01:50:20.425+0000] {taskinstance.py:1138} INFO - Marking task as SUCCESS. dag_id=etl_***, task_id=extract, execution_date=20240121T000000, start_date=20251217T015019, end_date=20251217T015020
[2025-12-17T01:50:20.520+0000] {local_task_job_runner.py:234} INFO - Task exited with return code 0
[2025-12-17T01:50:20.629+0000] {taskinstance.py:3280} INFO - 1 downstream tasks scheduled from follow-on schedule check
[2025-12-17T04:18:40.755+0000] {taskinstance.py:1956} INFO - Dependencies all met for dep_context=non-requeueable deps ti=<TaskInstance: etl_airflow.extract scheduled__2024-01-21T00:00:00+00:00 [queued]>
[2025-12-17T04:18:40.778+0000] {taskinstance.py:1956} INFO - Dependencies all met for dep_context=requeueable deps ti=<TaskInstance: etl_airflow.extract scheduled__2024-01-21T00:00:00+00:00 [queued]>
[2025-12-17T04:18:40.781+0000] {taskinstance.py:2170} INFO - Starting attempt 1 of 3
[2025-12-17T04:18:40.845+0000] {taskinstance.py:2191} INFO - Executing <Task(PythonOperator): extract> on 2024-01-21 00:00:00+00:00
[2025-12-17T04:18:40.867+0000] {standard_task_runner.py:60} INFO - Started process 345 to run task
[2025-12-17T04:18:40.883+0000] {standard_task_runner.py:87} INFO - Running: ['***', 'tasks', 'run', 'etl_***', 'extract', 'scheduled__2024-01-21T00:00:00+00:00', '--job-id', '38', '--raw', '--subdir', 'DAGS_FOLDER/etl_***.py', '--cfg-path', '/tmp/tmpplulu6d7']
[2025-12-17T04:18:40.890+0000] {standard_task_runner.py:88} INFO - Job 38: Subtask extract
[2025-12-17T04:18:41.076+0000] {task_command.py:423} INFO - Running <TaskInstance: etl_airflow.extract scheduled__2024-01-21T00:00:00+00:00 [running]> on host c5811fe183ca
[2025-12-17T04:18:41.595+0000] {taskinstance.py:2480} INFO - Exporting env vars: AIRFLOW_CTX_DAG_OWNER='***' AIRFLOW_CTX_DAG_ID='etl_***' AIRFLOW_CTX_TASK_ID='extract' AIRFLOW_CTX_EXECUTION_DATE='2024-01-21T00:00:00+00:00' AIRFLOW_CTX_TRY_NUMBER='1' AIRFLOW_CTX_DAG_RUN_ID='scheduled__2024-01-21T00:00:00+00:00'
[2025-12-17T04:18:41.625+0000] {python.py:201} INFO - Done. Returned value was:    user_id event_type           timestamp country
0        1      login 2025-01-01 09:00:00      IN
1        1      click 2025-01-01 09:05:00      IN
2        1     logout 2025-01-01 09:15:00      IN
3        2      login 2025-01-01 10:00:00      US
4        2      click 2025-01-01 10:10:00      US
5        2     logout 2025-01-01 10:20:00      US
6        3      login 2025-01-02 08:00:00      FR
7        3      click 2025-01-02 08:05:00      FR
8        3     logout 2025-01-02 08:30:00      FR
[2025-12-17T04:18:41.694+0000] {taskinstance.py:1138} INFO - Marking task as SUCCESS. dag_id=etl_***, task_id=extract, execution_date=20240121T000000, start_date=20251217T041840, end_date=20251217T041841
[2025-12-17T04:18:41.786+0000] {local_task_job_runner.py:234} INFO - Task exited with return code 0
[2025-12-17T04:18:41.833+0000] {taskinstance.py:3280} INFO - 0 downstream tasks scheduled from follow-on schedule check
[2025-12-17T04:42:57.076+0000] {taskinstance.py:1956} INFO - Dependencies all met for dep_context=non-requeueable deps ti=<TaskInstance: etl_airflow.extract scheduled__2024-01-21T00:00:00+00:00 [queued]>
[2025-12-17T04:42:57.101+0000] {taskinstance.py:1956} INFO - Dependencies all met for dep_context=requeueable deps ti=<TaskInstance: etl_airflow.extract scheduled__2024-01-21T00:00:00+00:00 [queued]>
[2025-12-17T04:42:57.103+0000] {taskinstance.py:2170} INFO - Starting attempt 1 of 3
[2025-12-17T04:42:57.143+0000] {taskinstance.py:2191} INFO - Executing <Task(PythonOperator): extract> on 2024-01-21 00:00:00+00:00
[2025-12-17T04:42:57.156+0000] {standard_task_runner.py:60} INFO - Started process 456 to run task
[2025-12-17T04:42:57.167+0000] {standard_task_runner.py:87} INFO - Running: ['***', 'tasks', 'run', 'etl_***', 'extract', 'scheduled__2024-01-21T00:00:00+00:00', '--job-id', '70', '--raw', '--subdir', 'DAGS_FOLDER/etl_***.py', '--cfg-path', '/tmp/tmpumqmnnkn']
[2025-12-17T04:42:57.171+0000] {standard_task_runner.py:88} INFO - Job 70: Subtask extract
[2025-12-17T04:42:57.346+0000] {task_command.py:423} INFO - Running <TaskInstance: etl_airflow.extract scheduled__2024-01-21T00:00:00+00:00 [running]> on host b3426f05ac70
[2025-12-17T04:42:57.736+0000] {taskinstance.py:2480} INFO - Exporting env vars: AIRFLOW_CTX_DAG_OWNER='***' AIRFLOW_CTX_DAG_ID='etl_***' AIRFLOW_CTX_TASK_ID='extract' AIRFLOW_CTX_EXECUTION_DATE='2024-01-21T00:00:00+00:00' AIRFLOW_CTX_TRY_NUMBER='1' AIRFLOW_CTX_DAG_RUN_ID='scheduled__2024-01-21T00:00:00+00:00'
[2025-12-17T04:42:57.759+0000] {python.py:201} INFO - Done. Returned value was:    user_id event_type           timestamp country
0        1      login 2025-01-01 09:00:00      IN
1        1      click 2025-01-01 09:05:00      IN
2        1     logout 2025-01-01 09:15:00      IN
3        2      login 2025-01-01 10:00:00      US
4        2      click 2025-01-01 10:10:00      US
5        2     logout 2025-01-01 10:20:00      US
6        3      login 2025-01-02 08:00:00      FR
7        3      click 2025-01-02 08:05:00      FR
8        3     logout 2025-01-02 08:30:00      FR
[2025-12-17T04:42:57.824+0000] {taskinstance.py:1138} INFO - Marking task as SUCCESS. dag_id=etl_***, task_id=extract, execution_date=20240121T000000, start_date=20251217T044257, end_date=20251217T044257
[2025-12-17T04:42:57.985+0000] {local_task_job_runner.py:234} INFO - Task exited with return code 0
[2025-12-17T04:42:58.041+0000] {taskinstance.py:3280} INFO - 1 downstream tasks scheduled from follow-on schedule check
[2025-12-17T07:35:58.323+0000] {taskinstance.py:1956} INFO - Dependencies all met for dep_context=non-requeueable deps ti=<TaskInstance: etl_airflow.extract scheduled__2024-01-21T00:00:00+00:00 [queued]>
[2025-12-17T07:35:58.346+0000] {taskinstance.py:1956} INFO - Dependencies all met for dep_context=requeueable deps ti=<TaskInstance: etl_airflow.extract scheduled__2024-01-21T00:00:00+00:00 [queued]>
[2025-12-17T07:35:58.348+0000] {taskinstance.py:2170} INFO - Starting attempt 1 of 3
[2025-12-17T07:35:58.526+0000] {taskinstance.py:2191} INFO - Executing <Task(PythonOperator): extract> on 2024-01-21 00:00:00+00:00
[2025-12-17T07:35:58.540+0000] {standard_task_runner.py:60} INFO - Started process 523 to run task
[2025-12-17T07:35:58.555+0000] {standard_task_runner.py:87} INFO - Running: ['***', 'tasks', 'run', 'etl_***', 'extract', 'scheduled__2024-01-21T00:00:00+00:00', '--job-id', '70', '--raw', '--subdir', 'DAGS_FOLDER/etl_***.py', '--cfg-path', '/tmp/tmple1u5pg5']
[2025-12-17T07:35:58.562+0000] {standard_task_runner.py:88} INFO - Job 70: Subtask extract
[2025-12-17T07:35:58.766+0000] {task_command.py:423} INFO - Running <TaskInstance: etl_airflow.extract scheduled__2024-01-21T00:00:00+00:00 [running]> on host 2a0de06c8905
[2025-12-17T07:35:59.388+0000] {taskinstance.py:2480} INFO - Exporting env vars: AIRFLOW_CTX_DAG_OWNER='***' AIRFLOW_CTX_DAG_ID='etl_***' AIRFLOW_CTX_TASK_ID='extract' AIRFLOW_CTX_EXECUTION_DATE='2024-01-21T00:00:00+00:00' AIRFLOW_CTX_TRY_NUMBER='1' AIRFLOW_CTX_DAG_RUN_ID='scheduled__2024-01-21T00:00:00+00:00'
[2025-12-17T07:35:59.426+0000] {python.py:201} INFO - Done. Returned value was:    user_id event_type           timestamp country
0        1      login 2025-01-01 09:00:00      IN
1        1      click 2025-01-01 09:05:00      IN
2        1     logout 2025-01-01 09:15:00      IN
3        2      login 2025-01-01 10:00:00      US
4        2      click 2025-01-01 10:10:00      US
5        2     logout 2025-01-01 10:20:00      US
6        3      login 2025-01-02 08:00:00      FR
7        3      click 2025-01-02 08:05:00      FR
8        3     logout 2025-01-02 08:30:00      FR
[2025-12-17T07:35:59.530+0000] {taskinstance.py:1138} INFO - Marking task as SUCCESS. dag_id=etl_***, task_id=extract, execution_date=20240121T000000, start_date=20251217T073558, end_date=20251217T073559
[2025-12-17T07:35:59.865+0000] {local_task_job_runner.py:234} INFO - Task exited with return code 0
[2025-12-17T07:35:59.923+0000] {taskinstance.py:3280} INFO - 1 downstream tasks scheduled from follow-on schedule check
