[2025-12-16T17:10:12.139+0000] {taskinstance.py:1956} INFO - Dependencies all met for dep_context=non-requeueable deps ti=<TaskInstance: etl_airflow.load scheduled__2024-02-02T00:00:00+00:00 [queued]>
[2025-12-16T17:10:12.197+0000] {taskinstance.py:1956} INFO - Dependencies all met for dep_context=requeueable deps ti=<TaskInstance: etl_airflow.load scheduled__2024-02-02T00:00:00+00:00 [queued]>
[2025-12-16T17:10:12.199+0000] {taskinstance.py:2170} INFO - Starting attempt 1 of 3
[2025-12-16T17:10:12.260+0000] {taskinstance.py:2191} INFO - Executing <Task(PythonOperator): load> on 2024-02-02 00:00:00+00:00
[2025-12-16T17:10:12.295+0000] {standard_task_runner.py:60} INFO - Started process 646 to run task
[2025-12-16T17:10:12.308+0000] {standard_task_runner.py:87} INFO - Running: ['***', 'tasks', 'run', 'etl_***', 'load', 'scheduled__2024-02-02T00:00:00+00:00', '--job-id', '3699', '--raw', '--subdir', 'DAGS_FOLDER/etl_dag.py', '--cfg-path', '/tmp/tmpc1ae6xdw']
[2025-12-16T17:10:12.325+0000] {standard_task_runner.py:88} INFO - Job 3699: Subtask load
[2025-12-16T17:10:12.743+0000] {task_command.py:423} INFO - Running <TaskInstance: etl_airflow.load scheduled__2024-02-02T00:00:00+00:00 [running]> on host 3b89cfee50e9
[2025-12-16T17:10:13.119+0000] {taskinstance.py:2480} INFO - Exporting env vars: AIRFLOW_CTX_DAG_OWNER='***' AIRFLOW_CTX_DAG_ID='etl_***' AIRFLOW_CTX_TASK_ID='load' AIRFLOW_CTX_EXECUTION_DATE='2024-02-02T00:00:00+00:00' AIRFLOW_CTX_TRY_NUMBER='1' AIRFLOW_CTX_DAG_RUN_ID='scheduled__2024-02-02T00:00:00+00:00'
[2025-12-16T17:10:13.134+0000] {logging_mixin.py:188} INFO - [LOAD]
[2025-12-16T17:10:13.749+0000] {logging_mixin.py:188} INFO -    user_id event_type            timestamp country
0        1      login  2025-01-01T09:00:00      IN
1        1      click  2025-01-01T09:05:00      IN
2        1     logout  2025-01-01T09:15:00      IN
3        3      login  2025-01-02T08:00:00      FR
4        3      click  2025-01-02T08:05:00      FR
[2025-12-16T17:10:13.752+0000] {logging_mixin.py:188} INFO - [LOAD] done
[2025-12-16T17:10:13.756+0000] {python.py:201} INFO - Done. Returned value was: None
[2025-12-16T17:10:13.849+0000] {taskinstance.py:1138} INFO - Marking task as SUCCESS. dag_id=etl_***, task_id=load, execution_date=20240202T000000, start_date=20251216T171012, end_date=20251216T171013
[2025-12-16T17:10:14.007+0000] {local_task_job_runner.py:234} INFO - Task exited with return code 0
[2025-12-16T17:10:14.084+0000] {taskinstance.py:3280} INFO - 0 downstream tasks scheduled from follow-on schedule check
[2025-12-17T01:50:38.746+0000] {taskinstance.py:1956} INFO - Dependencies all met for dep_context=non-requeueable deps ti=<TaskInstance: etl_airflow.load scheduled__2024-02-02T00:00:00+00:00 [queued]>
[2025-12-17T01:50:38.762+0000] {taskinstance.py:1956} INFO - Dependencies all met for dep_context=requeueable deps ti=<TaskInstance: etl_airflow.load scheduled__2024-02-02T00:00:00+00:00 [queued]>
[2025-12-17T01:50:38.764+0000] {taskinstance.py:2170} INFO - Starting attempt 1 of 3
[2025-12-17T01:50:38.786+0000] {taskinstance.py:2191} INFO - Executing <Task(PythonOperator): load> on 2024-02-02 00:00:00+00:00
[2025-12-17T01:50:38.799+0000] {standard_task_runner.py:60} INFO - Started process 560 to run task
[2025-12-17T01:50:38.806+0000] {standard_task_runner.py:87} INFO - Running: ['***', 'tasks', 'run', 'etl_***', 'load', 'scheduled__2024-02-02T00:00:00+00:00', '--job-id', '112', '--raw', '--subdir', 'DAGS_FOLDER/etl_dag.py', '--cfg-path', '/tmp/tmp5lxd3kjx']
[2025-12-17T01:50:38.810+0000] {standard_task_runner.py:88} INFO - Job 112: Subtask load
[2025-12-17T01:50:38.934+0000] {task_command.py:423} INFO - Running <TaskInstance: etl_airflow.load scheduled__2024-02-02T00:00:00+00:00 [running]> on host 571e042550da
[2025-12-17T01:50:39.428+0000] {taskinstance.py:2480} INFO - Exporting env vars: AIRFLOW_CTX_DAG_OWNER='***' AIRFLOW_CTX_DAG_ID='etl_***' AIRFLOW_CTX_TASK_ID='load' AIRFLOW_CTX_EXECUTION_DATE='2024-02-02T00:00:00+00:00' AIRFLOW_CTX_TRY_NUMBER='1' AIRFLOW_CTX_DAG_RUN_ID='scheduled__2024-02-02T00:00:00+00:00'
[2025-12-17T01:50:39.432+0000] {logging_mixin.py:188} INFO - [LOAD]
[2025-12-17T01:50:39.464+0000] {logging_mixin.py:188} INFO -    user_id event_type            timestamp country
0        1      login  2025-01-01T09:00:00      IN
1        1      click  2025-01-01T09:05:00      IN
2        1     logout  2025-01-01T09:15:00      IN
3        3      login  2025-01-02T08:00:00      FR
4        3      click  2025-01-02T08:05:00      FR
[2025-12-17T01:50:39.465+0000] {logging_mixin.py:188} INFO - [LOAD] done
[2025-12-17T01:50:39.466+0000] {python.py:201} INFO - Done. Returned value was: None
[2025-12-17T01:50:39.484+0000] {taskinstance.py:1138} INFO - Marking task as SUCCESS. dag_id=etl_***, task_id=load, execution_date=20240202T000000, start_date=20251217T015038, end_date=20251217T015039
[2025-12-17T01:50:39.543+0000] {local_task_job_runner.py:234} INFO - Task exited with return code 0
[2025-12-17T01:50:39.597+0000] {taskinstance.py:3280} INFO - 0 downstream tasks scheduled from follow-on schedule check
