[2025-12-16T17:07:08.444+0000] {taskinstance.py:1956} INFO - Dependencies all met for dep_context=non-requeueable deps ti=<TaskInstance: etl_airflow.transform scheduled__2025-02-20T00:00:00+00:00 [queued]>
[2025-12-16T17:07:08.462+0000] {taskinstance.py:1956} INFO - Dependencies all met for dep_context=requeueable deps ti=<TaskInstance: etl_airflow.transform scheduled__2025-02-20T00:00:00+00:00 [queued]>
[2025-12-16T17:07:08.463+0000] {taskinstance.py:2170} INFO - Starting attempt 1 of 3
[2025-12-16T17:07:08.524+0000] {taskinstance.py:2191} INFO - Executing <Task(PythonOperator): transform> on 2025-02-20 00:00:00+00:00
[2025-12-16T17:07:08.547+0000] {standard_task_runner.py:60} INFO - Started process 1427 to run task
[2025-12-16T17:07:08.564+0000] {standard_task_runner.py:87} INFO - Running: ['***', 'tasks', 'run', 'etl_***', 'transform', 'scheduled__2025-02-20T00:00:00+00:00', '--job-id', '3354', '--raw', '--subdir', 'DAGS_FOLDER/etl_dag.py', '--cfg-path', '/tmp/tmphz2jlxlz']
[2025-12-16T17:07:08.571+0000] {standard_task_runner.py:88} INFO - Job 3354: Subtask transform
[2025-12-16T17:07:08.703+0000] {task_command.py:423} INFO - Running <TaskInstance: etl_airflow.transform scheduled__2025-02-20T00:00:00+00:00 [running]> on host db658e834d9d
[2025-12-16T17:07:08.831+0000] {taskinstance.py:2480} INFO - Exporting env vars: AIRFLOW_CTX_DAG_OWNER='***' AIRFLOW_CTX_DAG_ID='etl_***' AIRFLOW_CTX_TASK_ID='transform' AIRFLOW_CTX_EXECUTION_DATE='2025-02-20T00:00:00+00:00' AIRFLOW_CTX_TRY_NUMBER='1' AIRFLOW_CTX_DAG_RUN_ID='scheduled__2025-02-20T00:00:00+00:00'
[2025-12-16T17:07:08.834+0000] {logging_mixin.py:188} INFO - [TRANSFORM]
[2025-12-16T17:07:08.851+0000] {taskinstance.py:2698} ERROR - Task failed with exception
Traceback (most recent call last):
  File "/home/airflow/.local/lib/python3.8/site-packages/airflow/models/taskinstance.py", line 433, in _execute_task
    result = execute_callable(context=context, **execute_callable_kwargs)
  File "/home/airflow/.local/lib/python3.8/site-packages/airflow/operators/python.py", line 199, in execute
    return_value = self.execute_callable()
  File "/home/airflow/.local/lib/python3.8/site-packages/airflow/operators/python.py", line 216, in execute_callable
    return self.python_callable(*self.op_args, **self.op_kwargs)
  File "/opt/airflow/etl_logic/pipeline.py", line 113, in transform_data
    df.to_csv(OUTPUT_PATH, index=False)
  File "/home/airflow/.local/lib/python3.8/site-packages/pandas/core/generic.py", line 3772, in to_csv
    return DataFrameRenderer(formatter).to_csv(
  File "/home/airflow/.local/lib/python3.8/site-packages/pandas/io/formats/format.py", line 1186, in to_csv
    csv_formatter.save()
  File "/home/airflow/.local/lib/python3.8/site-packages/pandas/io/formats/csvs.py", line 240, in save
    with get_handle(
  File "/home/airflow/.local/lib/python3.8/site-packages/pandas/io/common.py", line 737, in get_handle
    check_parent_directory(str(handle))
  File "/home/airflow/.local/lib/python3.8/site-packages/pandas/io/common.py", line 600, in check_parent_directory
    raise OSError(rf"Cannot save file into a non-existent directory: '{parent}'")
OSError: Cannot save file into a non-existent directory: 'E:\GPP\Task_4\comparative-data-orchestrationirflow\data'
[2025-12-16T17:07:08.874+0000] {taskinstance.py:1138} INFO - Marking task as UP_FOR_RETRY. dag_id=etl_***, task_id=transform, execution_date=20250220T000000, start_date=20251216T170708, end_date=20251216T170708
[2025-12-16T17:07:08.893+0000] {standard_task_runner.py:107} ERROR - Failed to execute job 3354 for task transform (Cannot save file into a non-existent directory: 'E:\GPP\Task_4\comparative-data-orchestrationirflow\data'; 1427)
[2025-12-16T17:07:08.936+0000] {local_task_job_runner.py:234} INFO - Task exited with return code 1
[2025-12-16T17:07:08.976+0000] {taskinstance.py:3280} INFO - 0 downstream tasks scheduled from follow-on schedule check
[2025-12-17T01:57:21.756+0000] {taskinstance.py:1956} INFO - Dependencies all met for dep_context=non-requeueable deps ti=<TaskInstance: etl_airflow.transform scheduled__2025-02-20T00:00:00+00:00 [queued]>
[2025-12-17T01:57:21.789+0000] {taskinstance.py:1956} INFO - Dependencies all met for dep_context=requeueable deps ti=<TaskInstance: etl_airflow.transform scheduled__2025-02-20T00:00:00+00:00 [queued]>
[2025-12-17T01:57:21.794+0000] {taskinstance.py:2170} INFO - Starting attempt 1 of 3
[2025-12-17T01:57:21.864+0000] {taskinstance.py:2191} INFO - Executing <Task(PythonOperator): transform> on 2025-02-20 00:00:00+00:00
[2025-12-17T01:57:21.890+0000] {standard_task_runner.py:60} INFO - Started process 4243 to run task
[2025-12-17T01:57:21.925+0000] {standard_task_runner.py:87} INFO - Running: ['***', 'tasks', 'run', 'etl_***', 'transform', 'scheduled__2025-02-20T00:00:00+00:00', '--job-id', '1269', '--raw', '--subdir', 'DAGS_FOLDER/etl_dag.py', '--cfg-path', '/tmp/tmpnl65u448']
[2025-12-17T01:57:21.946+0000] {standard_task_runner.py:88} INFO - Job 1269: Subtask transform
[2025-12-17T01:57:22.171+0000] {task_command.py:423} INFO - Running <TaskInstance: etl_airflow.transform scheduled__2025-02-20T00:00:00+00:00 [running]> on host 571e042550da
[2025-12-17T01:57:22.844+0000] {taskinstance.py:2480} INFO - Exporting env vars: AIRFLOW_CTX_DAG_OWNER='***' AIRFLOW_CTX_DAG_ID='etl_***' AIRFLOW_CTX_TASK_ID='transform' AIRFLOW_CTX_EXECUTION_DATE='2025-02-20T00:00:00+00:00' AIRFLOW_CTX_TRY_NUMBER='1' AIRFLOW_CTX_DAG_RUN_ID='scheduled__2025-02-20T00:00:00+00:00'
[2025-12-17T01:57:22.848+0000] {logging_mixin.py:188} INFO - [TRANSFORM]
[2025-12-17T01:57:22.936+0000] {logging_mixin.py:188} INFO - [TRANSFORM] done
[2025-12-17T01:57:22.937+0000] {python.py:201} INFO - Done. Returned value was: None
[2025-12-17T01:57:22.976+0000] {taskinstance.py:1138} INFO - Marking task as SUCCESS. dag_id=etl_***, task_id=transform, execution_date=20250220T000000, start_date=20251217T015721, end_date=20251217T015722
[2025-12-17T01:57:23.065+0000] {local_task_job_runner.py:234} INFO - Task exited with return code 0
[2025-12-17T01:57:23.153+0000] {taskinstance.py:3280} INFO - 1 downstream tasks scheduled from follow-on schedule check
[2025-12-17T04:57:26.271+0000] {taskinstance.py:1956} INFO - Dependencies all met for dep_context=non-requeueable deps ti=<TaskInstance: etl_airflow.transform scheduled__2025-02-20T00:00:00+00:00 [queued]>
[2025-12-17T04:57:26.288+0000] {taskinstance.py:1956} INFO - Dependencies all met for dep_context=requeueable deps ti=<TaskInstance: etl_airflow.transform scheduled__2025-02-20T00:00:00+00:00 [queued]>
[2025-12-17T04:57:26.289+0000] {taskinstance.py:2170} INFO - Starting attempt 1 of 3
[2025-12-17T04:57:26.320+0000] {taskinstance.py:2191} INFO - Executing <Task(PythonOperator): transform> on 2025-02-20 00:00:00+00:00
[2025-12-17T04:57:26.329+0000] {standard_task_runner.py:60} INFO - Started process 5716 to run task
[2025-12-17T04:57:26.337+0000] {standard_task_runner.py:87} INFO - Running: ['***', 'tasks', 'run', 'etl_***', 'transform', 'scheduled__2025-02-20T00:00:00+00:00', '--job-id', '1667', '--raw', '--subdir', 'DAGS_FOLDER/etl_***.py', '--cfg-path', '/tmp/tmpekv8jq3s']
[2025-12-17T04:57:26.343+0000] {standard_task_runner.py:88} INFO - Job 1667: Subtask transform
[2025-12-17T04:57:26.491+0000] {task_command.py:423} INFO - Running <TaskInstance: etl_airflow.transform scheduled__2025-02-20T00:00:00+00:00 [running]> on host b3426f05ac70
[2025-12-17T04:57:26.882+0000] {taskinstance.py:2480} INFO - Exporting env vars: AIRFLOW_CTX_DAG_OWNER='***' AIRFLOW_CTX_DAG_ID='etl_***' AIRFLOW_CTX_TASK_ID='transform' AIRFLOW_CTX_EXECUTION_DATE='2025-02-20T00:00:00+00:00' AIRFLOW_CTX_TRY_NUMBER='1' AIRFLOW_CTX_DAG_RUN_ID='scheduled__2025-02-20T00:00:00+00:00'
[2025-12-17T04:57:26.885+0000] {taskinstance.py:2698} ERROR - Task failed with exception
Traceback (most recent call last):
  File "/home/airflow/.local/lib/python3.8/site-packages/airflow/models/taskinstance.py", line 433, in _execute_task
    result = execute_callable(context=context, **execute_callable_kwargs)
  File "/home/airflow/.local/lib/python3.8/site-packages/airflow/operators/python.py", line 199, in execute
    return_value = self.execute_callable()
  File "/home/airflow/.local/lib/python3.8/site-packages/airflow/operators/python.py", line 216, in execute_callable
    return self.python_callable(*self.op_args, **self.op_kwargs)
TypeError: transform_data() missing 1 required positional argument: 'df'
[2025-12-17T04:57:26.904+0000] {taskinstance.py:1138} INFO - Marking task as UP_FOR_RETRY. dag_id=etl_***, task_id=transform, execution_date=20250220T000000, start_date=20251217T045726, end_date=20251217T045726
[2025-12-17T04:57:26.923+0000] {standard_task_runner.py:107} ERROR - Failed to execute job 1667 for task transform (transform_data() missing 1 required positional argument: 'df'; 5716)
[2025-12-17T04:57:26.955+0000] {local_task_job_runner.py:234} INFO - Task exited with return code 1
[2025-12-17T04:57:26.996+0000] {taskinstance.py:3280} INFO - 0 downstream tasks scheduled from follow-on schedule check
