[2025-12-16T16:30:42.055+0000] {taskinstance.py:1956} INFO - Dependencies all met for dep_context=non-requeueable deps ti=<TaskInstance: etl_airflow.extract scheduled__2024-02-27T00:00:00+00:00 [queued]>
[2025-12-16T16:30:42.073+0000] {taskinstance.py:1956} INFO - Dependencies all met for dep_context=requeueable deps ti=<TaskInstance: etl_airflow.extract scheduled__2024-02-27T00:00:00+00:00 [queued]>
[2025-12-16T16:30:42.075+0000] {taskinstance.py:2170} INFO - Starting attempt 1 of 3
[2025-12-16T16:30:42.096+0000] {taskinstance.py:2191} INFO - Executing <Task(PythonOperator): extract> on 2024-02-27 00:00:00+00:00
[2025-12-16T16:30:42.110+0000] {standard_task_runner.py:60} INFO - Started process 922 to run task
[2025-12-16T16:30:42.119+0000] {standard_task_runner.py:87} INFO - Running: ['***', 'tasks', 'run', 'etl_***', 'extract', 'scheduled__2024-02-27T00:00:00+00:00', '--job-id', '157', '--raw', '--subdir', 'DAGS_FOLDER/etl_dag.py', '--cfg-path', '/tmp/tmpdtr6ys_w']
[2025-12-16T16:30:42.125+0000] {standard_task_runner.py:88} INFO - Job 157: Subtask extract
[2025-12-16T16:30:42.282+0000] {task_command.py:423} INFO - Running <TaskInstance: etl_airflow.extract scheduled__2024-02-27T00:00:00+00:00 [running]> on host 528de643acfe
[2025-12-16T16:30:42.430+0000] {taskinstance.py:2480} INFO - Exporting env vars: AIRFLOW_CTX_DAG_OWNER='***' AIRFLOW_CTX_DAG_ID='etl_***' AIRFLOW_CTX_TASK_ID='extract' AIRFLOW_CTX_EXECUTION_DATE='2024-02-27T00:00:00+00:00' AIRFLOW_CTX_TRY_NUMBER='1' AIRFLOW_CTX_DAG_RUN_ID='scheduled__2024-02-27T00:00:00+00:00'
[2025-12-16T16:30:42.433+0000] {logging_mixin.py:188} INFO - Extracting data from /opt/***/data/input.csv
[2025-12-16T16:30:42.440+0000] {taskinstance.py:2698} ERROR - Task failed with exception
Traceback (most recent call last):
  File "/home/airflow/.local/lib/python3.8/site-packages/airflow/models/taskinstance.py", line 433, in _execute_task
    result = execute_callable(context=context, **execute_callable_kwargs)
  File "/home/airflow/.local/lib/python3.8/site-packages/airflow/operators/python.py", line 199, in execute
    return_value = self.execute_callable()
  File "/home/airflow/.local/lib/python3.8/site-packages/airflow/operators/python.py", line 216, in execute_callable
    return self.python_callable(*self.op_args, **self.op_kwargs)
  File "/opt/airflow/dags/etl_logic/pipeline.py", line 92, in extract_data
    return pd.read_csv(input_path)
  File "/home/airflow/.local/lib/python3.8/site-packages/pandas/io/parsers/readers.py", line 912, in read_csv
    return _read(filepath_or_buffer, kwds)
  File "/home/airflow/.local/lib/python3.8/site-packages/pandas/io/parsers/readers.py", line 577, in _read
    parser = TextFileReader(filepath_or_buffer, **kwds)
  File "/home/airflow/.local/lib/python3.8/site-packages/pandas/io/parsers/readers.py", line 1407, in __init__
    self._engine = self._make_engine(f, self.engine)
  File "/home/airflow/.local/lib/python3.8/site-packages/pandas/io/parsers/readers.py", line 1661, in _make_engine
    self.handles = get_handle(
  File "/home/airflow/.local/lib/python3.8/site-packages/pandas/io/common.py", line 859, in get_handle
    handle = open(
FileNotFoundError: [Errno 2] No such file or directory: '/opt/airflow/data/input.csv'
[2025-12-16T16:30:42.756+0000] {taskinstance.py:1138} INFO - Marking task as UP_FOR_RETRY. dag_id=etl_***, task_id=extract, execution_date=20240227T000000, start_date=20251216T163042, end_date=20251216T163042
[2025-12-16T16:30:42.777+0000] {standard_task_runner.py:107} ERROR - Failed to execute job 157 for task extract ([Errno 2] No such file or directory: '/opt/airflow/data/input.csv'; 922)
[2025-12-16T16:30:42.822+0000] {local_task_job_runner.py:234} INFO - Task exited with return code 1
[2025-12-16T16:30:42.886+0000] {taskinstance.py:3280} INFO - 0 downstream tasks scheduled from follow-on schedule check
[2025-12-17T01:50:59.177+0000] {taskinstance.py:1956} INFO - Dependencies all met for dep_context=non-requeueable deps ti=<TaskInstance: etl_airflow.extract scheduled__2024-02-27T00:00:00+00:00 [queued]>
[2025-12-17T01:50:59.200+0000] {taskinstance.py:1956} INFO - Dependencies all met for dep_context=requeueable deps ti=<TaskInstance: etl_airflow.extract scheduled__2024-02-27T00:00:00+00:00 [queued]>
[2025-12-17T01:50:59.202+0000] {taskinstance.py:2170} INFO - Starting attempt 1 of 3
[2025-12-17T01:50:59.233+0000] {taskinstance.py:2191} INFO - Executing <Task(PythonOperator): extract> on 2024-02-27 00:00:00+00:00
[2025-12-17T01:50:59.245+0000] {standard_task_runner.py:60} INFO - Started process 741 to run task
[2025-12-17T01:50:59.251+0000] {standard_task_runner.py:87} INFO - Running: ['***', 'tasks', 'run', 'etl_***', 'extract', 'scheduled__2024-02-27T00:00:00+00:00', '--job-id', '167', '--raw', '--subdir', 'DAGS_FOLDER/etl_dag.py', '--cfg-path', '/tmp/tmpmhu0xwkc']
[2025-12-17T01:50:59.256+0000] {standard_task_runner.py:88} INFO - Job 167: Subtask extract
[2025-12-17T01:50:59.394+0000] {task_command.py:423} INFO - Running <TaskInstance: etl_airflow.extract scheduled__2024-02-27T00:00:00+00:00 [running]> on host 571e042550da
[2025-12-17T01:50:59.878+0000] {taskinstance.py:2480} INFO - Exporting env vars: AIRFLOW_CTX_DAG_OWNER='***' AIRFLOW_CTX_DAG_ID='etl_***' AIRFLOW_CTX_TASK_ID='extract' AIRFLOW_CTX_EXECUTION_DATE='2024-02-27T00:00:00+00:00' AIRFLOW_CTX_TRY_NUMBER='1' AIRFLOW_CTX_DAG_RUN_ID='scheduled__2024-02-27T00:00:00+00:00'
[2025-12-17T01:50:59.882+0000] {logging_mixin.py:188} INFO - [EXTRACT] Reading /opt/***/data/synthetic_events.csv
[2025-12-17T01:50:59.923+0000] {logging_mixin.py:188} INFO - [EXTRACT] done
[2025-12-17T01:50:59.925+0000] {python.py:201} INFO - Done. Returned value was: None
[2025-12-17T01:50:59.942+0000] {taskinstance.py:1138} INFO - Marking task as SUCCESS. dag_id=etl_***, task_id=extract, execution_date=20240227T000000, start_date=20251217T015059, end_date=20251217T015059
[2025-12-17T01:51:00.034+0000] {local_task_job_runner.py:234} INFO - Task exited with return code 0
[2025-12-17T01:51:00.115+0000] {taskinstance.py:3280} INFO - 1 downstream tasks scheduled from follow-on schedule check
[2025-12-17T04:19:01.216+0000] {taskinstance.py:1956} INFO - Dependencies all met for dep_context=non-requeueable deps ti=<TaskInstance: etl_airflow.extract scheduled__2024-02-27T00:00:00+00:00 [queued]>
[2025-12-17T04:19:01.238+0000] {taskinstance.py:1956} INFO - Dependencies all met for dep_context=requeueable deps ti=<TaskInstance: etl_airflow.extract scheduled__2024-02-27T00:00:00+00:00 [queued]>
[2025-12-17T04:19:01.239+0000] {taskinstance.py:2170} INFO - Starting attempt 1 of 3
[2025-12-17T04:19:01.384+0000] {taskinstance.py:2191} INFO - Executing <Task(PythonOperator): extract> on 2024-02-27 00:00:00+00:00
[2025-12-17T04:19:01.397+0000] {standard_task_runner.py:60} INFO - Started process 456 to run task
[2025-12-17T04:19:01.404+0000] {standard_task_runner.py:87} INFO - Running: ['***', 'tasks', 'run', 'etl_***', 'extract', 'scheduled__2024-02-27T00:00:00+00:00', '--job-id', '75', '--raw', '--subdir', 'DAGS_FOLDER/etl_***.py', '--cfg-path', '/tmp/tmpgvmim27m']
[2025-12-17T04:19:01.409+0000] {standard_task_runner.py:88} INFO - Job 75: Subtask extract
[2025-12-17T04:19:01.580+0000] {task_command.py:423} INFO - Running <TaskInstance: etl_airflow.extract scheduled__2024-02-27T00:00:00+00:00 [running]> on host c5811fe183ca
[2025-12-17T04:19:02.028+0000] {taskinstance.py:2480} INFO - Exporting env vars: AIRFLOW_CTX_DAG_OWNER='***' AIRFLOW_CTX_DAG_ID='etl_***' AIRFLOW_CTX_TASK_ID='extract' AIRFLOW_CTX_EXECUTION_DATE='2024-02-27T00:00:00+00:00' AIRFLOW_CTX_TRY_NUMBER='1' AIRFLOW_CTX_DAG_RUN_ID='scheduled__2024-02-27T00:00:00+00:00'
[2025-12-17T04:19:02.059+0000] {python.py:201} INFO - Done. Returned value was:    user_id event_type           timestamp country
0        1      login 2025-01-01 09:00:00      IN
1        1      click 2025-01-01 09:05:00      IN
2        1     logout 2025-01-01 09:15:00      IN
3        2      login 2025-01-01 10:00:00      US
4        2      click 2025-01-01 10:10:00      US
5        2     logout 2025-01-01 10:20:00      US
6        3      login 2025-01-02 08:00:00      FR
7        3      click 2025-01-02 08:05:00      FR
8        3     logout 2025-01-02 08:30:00      FR
[2025-12-17T04:19:02.136+0000] {taskinstance.py:1138} INFO - Marking task as SUCCESS. dag_id=etl_***, task_id=extract, execution_date=20240227T000000, start_date=20251217T041901, end_date=20251217T041902
[2025-12-17T04:19:02.224+0000] {local_task_job_runner.py:234} INFO - Task exited with return code 0
[2025-12-17T04:19:02.264+0000] {taskinstance.py:3280} INFO - 0 downstream tasks scheduled from follow-on schedule check
[2025-12-17T04:44:05.688+0000] {taskinstance.py:1956} INFO - Dependencies all met for dep_context=non-requeueable deps ti=<TaskInstance: etl_airflow.extract scheduled__2024-02-27T00:00:00+00:00 [queued]>
[2025-12-17T04:44:05.708+0000] {taskinstance.py:1956} INFO - Dependencies all met for dep_context=requeueable deps ti=<TaskInstance: etl_airflow.extract scheduled__2024-02-27T00:00:00+00:00 [queued]>
[2025-12-17T04:44:05.709+0000] {taskinstance.py:2170} INFO - Starting attempt 1 of 3
[2025-12-17T04:44:05.736+0000] {taskinstance.py:2191} INFO - Executing <Task(PythonOperator): extract> on 2024-02-27 00:00:00+00:00
[2025-12-17T04:44:05.750+0000] {standard_task_runner.py:60} INFO - Started process 896 to run task
[2025-12-17T04:44:05.757+0000] {standard_task_runner.py:87} INFO - Running: ['***', 'tasks', 'run', 'etl_***', 'extract', 'scheduled__2024-02-27T00:00:00+00:00', '--job-id', '203', '--raw', '--subdir', 'DAGS_FOLDER/etl_***.py', '--cfg-path', '/tmp/tmpubqn7k3q']
[2025-12-17T04:44:05.761+0000] {standard_task_runner.py:88} INFO - Job 203: Subtask extract
[2025-12-17T04:44:05.881+0000] {task_command.py:423} INFO - Running <TaskInstance: etl_airflow.extract scheduled__2024-02-27T00:00:00+00:00 [running]> on host b3426f05ac70
[2025-12-17T04:44:06.297+0000] {taskinstance.py:2480} INFO - Exporting env vars: AIRFLOW_CTX_DAG_OWNER='***' AIRFLOW_CTX_DAG_ID='etl_***' AIRFLOW_CTX_TASK_ID='extract' AIRFLOW_CTX_EXECUTION_DATE='2024-02-27T00:00:00+00:00' AIRFLOW_CTX_TRY_NUMBER='1' AIRFLOW_CTX_DAG_RUN_ID='scheduled__2024-02-27T00:00:00+00:00'
[2025-12-17T04:44:06.339+0000] {python.py:201} INFO - Done. Returned value was:    user_id event_type           timestamp country
0        1      login 2025-01-01 09:00:00      IN
1        1      click 2025-01-01 09:05:00      IN
2        1     logout 2025-01-01 09:15:00      IN
3        2      login 2025-01-01 10:00:00      US
4        2      click 2025-01-01 10:10:00      US
5        2     logout 2025-01-01 10:20:00      US
6        3      login 2025-01-02 08:00:00      FR
7        3      click 2025-01-02 08:05:00      FR
8        3     logout 2025-01-02 08:30:00      FR
[2025-12-17T04:44:06.418+0000] {taskinstance.py:1138} INFO - Marking task as SUCCESS. dag_id=etl_***, task_id=extract, execution_date=20240227T000000, start_date=20251217T044405, end_date=20251217T044406
[2025-12-17T04:44:06.743+0000] {local_task_job_runner.py:234} INFO - Task exited with return code 0
[2025-12-17T04:44:07.025+0000] {taskinstance.py:3280} INFO - 0 downstream tasks scheduled from follow-on schedule check
[2025-12-17T07:37:21.193+0000] {taskinstance.py:1956} INFO - Dependencies all met for dep_context=non-requeueable deps ti=<TaskInstance: etl_airflow.extract scheduled__2024-02-27T00:00:00+00:00 [queued]>
[2025-12-17T07:37:21.225+0000] {taskinstance.py:1956} INFO - Dependencies all met for dep_context=requeueable deps ti=<TaskInstance: etl_airflow.extract scheduled__2024-02-27T00:00:00+00:00 [queued]>
[2025-12-17T07:37:21.227+0000] {taskinstance.py:2170} INFO - Starting attempt 1 of 3
[2025-12-17T07:37:21.628+0000] {taskinstance.py:2191} INFO - Executing <Task(PythonOperator): extract> on 2024-02-27 00:00:00+00:00
[2025-12-17T07:37:21.678+0000] {standard_task_runner.py:60} INFO - Started process 968 to run task
[2025-12-17T07:37:21.684+0000] {standard_task_runner.py:87} INFO - Running: ['***', 'tasks', 'run', 'etl_***', 'extract', 'scheduled__2024-02-27T00:00:00+00:00', '--job-id', '205', '--raw', '--subdir', 'DAGS_FOLDER/etl_***.py', '--cfg-path', '/tmp/tmpg4nim2_j']
[2025-12-17T07:37:21.690+0000] {standard_task_runner.py:88} INFO - Job 205: Subtask extract
[2025-12-17T07:37:21.971+0000] {task_command.py:423} INFO - Running <TaskInstance: etl_airflow.extract scheduled__2024-02-27T00:00:00+00:00 [running]> on host 2a0de06c8905
[2025-12-17T07:37:22.569+0000] {taskinstance.py:2480} INFO - Exporting env vars: AIRFLOW_CTX_DAG_OWNER='***' AIRFLOW_CTX_DAG_ID='etl_***' AIRFLOW_CTX_TASK_ID='extract' AIRFLOW_CTX_EXECUTION_DATE='2024-02-27T00:00:00+00:00' AIRFLOW_CTX_TRY_NUMBER='1' AIRFLOW_CTX_DAG_RUN_ID='scheduled__2024-02-27T00:00:00+00:00'
[2025-12-17T07:37:22.607+0000] {python.py:201} INFO - Done. Returned value was:    user_id event_type           timestamp country
0        1      login 2025-01-01 09:00:00      IN
1        1      click 2025-01-01 09:05:00      IN
2        1     logout 2025-01-01 09:15:00      IN
3        2      login 2025-01-01 10:00:00      US
4        2      click 2025-01-01 10:10:00      US
5        2     logout 2025-01-01 10:20:00      US
6        3      login 2025-01-02 08:00:00      FR
7        3      click 2025-01-02 08:05:00      FR
8        3     logout 2025-01-02 08:30:00      FR
[2025-12-17T07:37:22.704+0000] {taskinstance.py:1138} INFO - Marking task as SUCCESS. dag_id=etl_***, task_id=extract, execution_date=20240227T000000, start_date=20251217T073721, end_date=20251217T073722
[2025-12-17T07:37:22.810+0000] {local_task_job_runner.py:234} INFO - Task exited with return code 0
[2025-12-17T07:37:22.869+0000] {taskinstance.py:3280} INFO - 1 downstream tasks scheduled from follow-on schedule check
