[2025-12-16T17:15:39.725+0000] {taskinstance.py:1956} INFO - Dependencies all met for dep_context=non-requeueable deps ti=<TaskInstance: etl_airflow.transform scheduled__2025-01-09T00:00:00+00:00 [queued]>
[2025-12-16T17:15:39.749+0000] {taskinstance.py:1956} INFO - Dependencies all met for dep_context=requeueable deps ti=<TaskInstance: etl_airflow.transform scheduled__2025-01-09T00:00:00+00:00 [queued]>
[2025-12-16T17:15:39.750+0000] {taskinstance.py:2170} INFO - Starting attempt 1 of 3
[2025-12-16T17:15:39.790+0000] {taskinstance.py:2191} INFO - Executing <Task(PythonOperator): transform> on 2025-01-09 00:00:00+00:00
[2025-12-16T17:15:39.803+0000] {standard_task_runner.py:60} INFO - Started process 2143 to run task
[2025-12-16T17:15:39.816+0000] {standard_task_runner.py:87} INFO - Running: ['***', 'tasks', 'run', 'etl_***', 'transform', 'scheduled__2025-01-09T00:00:00+00:00', '--job-id', '4760', '--raw', '--subdir', 'DAGS_FOLDER/etl_dag.py', '--cfg-path', '/tmp/tmp6d3002yz']
[2025-12-16T17:15:39.822+0000] {standard_task_runner.py:88} INFO - Job 4760: Subtask transform
[2025-12-16T17:15:39.971+0000] {task_command.py:423} INFO - Running <TaskInstance: etl_airflow.transform scheduled__2025-01-09T00:00:00+00:00 [running]> on host 3b89cfee50e9
[2025-12-16T17:15:40.213+0000] {taskinstance.py:2480} INFO - Exporting env vars: AIRFLOW_CTX_DAG_OWNER='***' AIRFLOW_CTX_DAG_ID='etl_***' AIRFLOW_CTX_TASK_ID='transform' AIRFLOW_CTX_EXECUTION_DATE='2025-01-09T00:00:00+00:00' AIRFLOW_CTX_TRY_NUMBER='1' AIRFLOW_CTX_DAG_RUN_ID='scheduled__2025-01-09T00:00:00+00:00'
[2025-12-16T17:15:40.217+0000] {logging_mixin.py:188} INFO - [TRANSFORM]
[2025-12-16T17:15:40.604+0000] {logging_mixin.py:188} INFO - [TRANSFORM] done
[2025-12-16T17:15:40.605+0000] {python.py:201} INFO - Done. Returned value was: None
[2025-12-16T17:15:40.627+0000] {taskinstance.py:1138} INFO - Marking task as SUCCESS. dag_id=etl_***, task_id=transform, execution_date=20250109T000000, start_date=20251216T171539, end_date=20251216T171540
[2025-12-16T17:15:40.731+0000] {local_task_job_runner.py:234} INFO - Task exited with return code 0
[2025-12-16T17:15:40.964+0000] {taskinstance.py:3280} INFO - 0 downstream tasks scheduled from follow-on schedule check
[2025-12-17T01:56:40.056+0000] {taskinstance.py:1956} INFO - Dependencies all met for dep_context=non-requeueable deps ti=<TaskInstance: etl_airflow.transform scheduled__2025-01-09T00:00:00+00:00 [queued]>
[2025-12-17T01:56:40.077+0000] {taskinstance.py:1956} INFO - Dependencies all met for dep_context=requeueable deps ti=<TaskInstance: etl_airflow.transform scheduled__2025-01-09T00:00:00+00:00 [queued]>
[2025-12-17T01:56:40.078+0000] {taskinstance.py:2170} INFO - Starting attempt 1 of 3
[2025-12-17T01:56:40.181+0000] {taskinstance.py:2191} INFO - Executing <Task(PythonOperator): transform> on 2025-01-09 00:00:00+00:00
[2025-12-17T01:56:40.192+0000] {standard_task_runner.py:60} INFO - Started process 3834 to run task
[2025-12-17T01:56:40.202+0000] {standard_task_runner.py:87} INFO - Running: ['***', 'tasks', 'run', 'etl_***', 'transform', 'scheduled__2025-01-09T00:00:00+00:00', '--job-id', '1140', '--raw', '--subdir', 'DAGS_FOLDER/etl_dag.py', '--cfg-path', '/tmp/tmp_ehccuwj']
[2025-12-17T01:56:40.208+0000] {standard_task_runner.py:88} INFO - Job 1140: Subtask transform
[2025-12-17T01:56:40.355+0000] {task_command.py:423} INFO - Running <TaskInstance: etl_airflow.transform scheduled__2025-01-09T00:00:00+00:00 [running]> on host 571e042550da
[2025-12-17T01:56:40.846+0000] {taskinstance.py:2480} INFO - Exporting env vars: AIRFLOW_CTX_DAG_OWNER='***' AIRFLOW_CTX_DAG_ID='etl_***' AIRFLOW_CTX_TASK_ID='transform' AIRFLOW_CTX_EXECUTION_DATE='2025-01-09T00:00:00+00:00' AIRFLOW_CTX_TRY_NUMBER='1' AIRFLOW_CTX_DAG_RUN_ID='scheduled__2025-01-09T00:00:00+00:00'
[2025-12-17T01:56:40.850+0000] {logging_mixin.py:188} INFO - [TRANSFORM]
[2025-12-17T01:56:40.900+0000] {logging_mixin.py:188} INFO - [TRANSFORM] done
[2025-12-17T01:56:40.902+0000] {python.py:201} INFO - Done. Returned value was: None
[2025-12-17T01:56:40.934+0000] {taskinstance.py:1138} INFO - Marking task as SUCCESS. dag_id=etl_***, task_id=transform, execution_date=20250109T000000, start_date=20251217T015640, end_date=20251217T015640
[2025-12-17T01:56:41.020+0000] {local_task_job_runner.py:234} INFO - Task exited with return code 0
[2025-12-17T01:56:41.079+0000] {taskinstance.py:3280} INFO - 1 downstream tasks scheduled from follow-on schedule check
[2025-12-17T04:55:51.408+0000] {taskinstance.py:1956} INFO - Dependencies all met for dep_context=non-requeueable deps ti=<TaskInstance: etl_airflow.transform scheduled__2025-01-09T00:00:00+00:00 [queued]>
[2025-12-17T04:55:51.426+0000] {taskinstance.py:1956} INFO - Dependencies all met for dep_context=requeueable deps ti=<TaskInstance: etl_airflow.transform scheduled__2025-01-09T00:00:00+00:00 [queued]>
[2025-12-17T04:55:51.427+0000] {taskinstance.py:2170} INFO - Starting attempt 1 of 3
[2025-12-17T04:55:51.532+0000] {taskinstance.py:2191} INFO - Executing <Task(PythonOperator): transform> on 2025-01-09 00:00:00+00:00
[2025-12-17T04:55:51.545+0000] {standard_task_runner.py:60} INFO - Started process 5155 to run task
[2025-12-17T04:55:51.559+0000] {standard_task_runner.py:87} INFO - Running: ['***', 'tasks', 'run', 'etl_***', 'transform', 'scheduled__2025-01-09T00:00:00+00:00', '--job-id', '1494', '--raw', '--subdir', 'DAGS_FOLDER/etl_***.py', '--cfg-path', '/tmp/tmp9ip0n5vx']
[2025-12-17T04:55:51.566+0000] {standard_task_runner.py:88} INFO - Job 1494: Subtask transform
[2025-12-17T04:55:51.719+0000] {task_command.py:423} INFO - Running <TaskInstance: etl_airflow.transform scheduled__2025-01-09T00:00:00+00:00 [running]> on host b3426f05ac70
[2025-12-17T04:55:52.167+0000] {taskinstance.py:2480} INFO - Exporting env vars: AIRFLOW_CTX_DAG_OWNER='***' AIRFLOW_CTX_DAG_ID='etl_***' AIRFLOW_CTX_TASK_ID='transform' AIRFLOW_CTX_EXECUTION_DATE='2025-01-09T00:00:00+00:00' AIRFLOW_CTX_TRY_NUMBER='1' AIRFLOW_CTX_DAG_RUN_ID='scheduled__2025-01-09T00:00:00+00:00'
[2025-12-17T04:55:52.171+0000] {taskinstance.py:2698} ERROR - Task failed with exception
Traceback (most recent call last):
  File "/home/airflow/.local/lib/python3.8/site-packages/airflow/models/taskinstance.py", line 433, in _execute_task
    result = execute_callable(context=context, **execute_callable_kwargs)
  File "/home/airflow/.local/lib/python3.8/site-packages/airflow/operators/python.py", line 199, in execute
    return_value = self.execute_callable()
  File "/home/airflow/.local/lib/python3.8/site-packages/airflow/operators/python.py", line 216, in execute_callable
    return self.python_callable(*self.op_args, **self.op_kwargs)
TypeError: transform_data() missing 1 required positional argument: 'df'
[2025-12-17T04:55:52.189+0000] {taskinstance.py:1138} INFO - Marking task as UP_FOR_RETRY. dag_id=etl_***, task_id=transform, execution_date=20250109T000000, start_date=20251217T045551, end_date=20251217T045552
[2025-12-17T04:55:52.246+0000] {standard_task_runner.py:107} ERROR - Failed to execute job 1494 for task transform (transform_data() missing 1 required positional argument: 'df'; 5155)
[2025-12-17T04:55:52.305+0000] {local_task_job_runner.py:234} INFO - Task exited with return code 1
[2025-12-17T04:55:52.623+0000] {taskinstance.py:3280} INFO - 0 downstream tasks scheduled from follow-on schedule check
[2025-12-17T08:01:19.361+0000] {taskinstance.py:1956} INFO - Dependencies all met for dep_context=non-requeueable deps ti=<TaskInstance: etl_airflow.transform scheduled__2025-01-09T00:00:00+00:00 [queued]>
[2025-12-17T08:01:19.384+0000] {taskinstance.py:1956} INFO - Dependencies all met for dep_context=requeueable deps ti=<TaskInstance: etl_airflow.transform scheduled__2025-01-09T00:00:00+00:00 [queued]>
[2025-12-17T08:01:19.386+0000] {taskinstance.py:2170} INFO - Starting attempt 1 of 3
[2025-12-17T08:01:19.423+0000] {taskinstance.py:2191} INFO - Executing <Task(PythonOperator): transform> on 2025-01-09 00:00:00+00:00
[2025-12-17T08:01:19.437+0000] {standard_task_runner.py:60} INFO - Started process 5261 to run task
[2025-12-17T08:01:19.444+0000] {standard_task_runner.py:87} INFO - Running: ['***', 'tasks', 'run', 'etl_***', 'transform', 'scheduled__2025-01-09T00:00:00+00:00', '--job-id', '1500', '--raw', '--subdir', 'DAGS_FOLDER/etl_***.py', '--cfg-path', '/tmp/tmpc9454yjf']
[2025-12-17T08:01:19.450+0000] {standard_task_runner.py:88} INFO - Job 1500: Subtask transform
[2025-12-17T08:01:19.608+0000] {task_command.py:423} INFO - Running <TaskInstance: etl_airflow.transform scheduled__2025-01-09T00:00:00+00:00 [running]> on host 2a0de06c8905
[2025-12-17T08:01:19.991+0000] {taskinstance.py:2480} INFO - Exporting env vars: AIRFLOW_CTX_DAG_OWNER='***' AIRFLOW_CTX_DAG_ID='etl_***' AIRFLOW_CTX_TASK_ID='transform' AIRFLOW_CTX_EXECUTION_DATE='2025-01-09T00:00:00+00:00' AIRFLOW_CTX_TRY_NUMBER='1' AIRFLOW_CTX_DAG_RUN_ID='scheduled__2025-01-09T00:00:00+00:00'
[2025-12-17T08:01:19.994+0000] {taskinstance.py:2698} ERROR - Task failed with exception
Traceback (most recent call last):
  File "/home/airflow/.local/lib/python3.8/site-packages/airflow/models/taskinstance.py", line 433, in _execute_task
    result = execute_callable(context=context, **execute_callable_kwargs)
  File "/home/airflow/.local/lib/python3.8/site-packages/airflow/operators/python.py", line 199, in execute
    return_value = self.execute_callable()
  File "/home/airflow/.local/lib/python3.8/site-packages/airflow/operators/python.py", line 216, in execute_callable
    return self.python_callable(*self.op_args, **self.op_kwargs)
TypeError: transform_data() missing 1 required positional argument: 'df'
[2025-12-17T08:01:20.008+0000] {taskinstance.py:1138} INFO - Marking task as UP_FOR_RETRY. dag_id=etl_***, task_id=transform, execution_date=20250109T000000, start_date=20251217T080119, end_date=20251217T080120
[2025-12-17T08:01:20.045+0000] {standard_task_runner.py:107} ERROR - Failed to execute job 1500 for task transform (transform_data() missing 1 required positional argument: 'df'; 5261)
[2025-12-17T08:01:20.101+0000] {local_task_job_runner.py:234} INFO - Task exited with return code 1
[2025-12-17T08:01:20.174+0000] {taskinstance.py:3280} INFO - 0 downstream tasks scheduled from follow-on schedule check
