[2025-12-16T16:44:31.926+0000] {taskinstance.py:1956} INFO - Dependencies all met for dep_context=non-requeueable deps ti=<TaskInstance: etl_airflow.extract scheduled__2025-01-29T00:00:00+00:00 [queued]>
[2025-12-16T16:44:31.950+0000] {taskinstance.py:1956} INFO - Dependencies all met for dep_context=requeueable deps ti=<TaskInstance: etl_airflow.extract scheduled__2025-01-29T00:00:00+00:00 [queued]>
[2025-12-16T16:44:31.951+0000] {taskinstance.py:2170} INFO - Starting attempt 1 of 3
[2025-12-16T16:44:32.028+0000] {taskinstance.py:2191} INFO - Executing <Task(PythonOperator): extract> on 2025-01-29 00:00:00+00:00
[2025-12-16T16:44:32.041+0000] {standard_task_runner.py:60} INFO - Started process 1149 to run task
[2025-12-16T16:44:32.047+0000] {standard_task_runner.py:87} INFO - Running: ['***', 'tasks', 'run', 'etl_***', 'extract', 'scheduled__2025-01-29T00:00:00+00:00', '--job-id', '1168', '--raw', '--subdir', 'DAGS_FOLDER/etl_dag.py', '--cfg-path', '/tmp/tmpvbkvdjn7']
[2025-12-16T16:44:32.051+0000] {standard_task_runner.py:88} INFO - Job 1168: Subtask extract
[2025-12-16T16:44:32.183+0000] {task_command.py:423} INFO - Running <TaskInstance: etl_airflow.extract scheduled__2025-01-29T00:00:00+00:00 [running]> on host db658e834d9d
[2025-12-16T16:44:32.309+0000] {taskinstance.py:2480} INFO - Exporting env vars: AIRFLOW_CTX_DAG_OWNER='***' AIRFLOW_CTX_DAG_ID='etl_***' AIRFLOW_CTX_TASK_ID='extract' AIRFLOW_CTX_EXECUTION_DATE='2025-01-29T00:00:00+00:00' AIRFLOW_CTX_TRY_NUMBER='1' AIRFLOW_CTX_DAG_RUN_ID='scheduled__2025-01-29T00:00:00+00:00'
[2025-12-16T16:44:32.312+0000] {logging_mixin.py:188} INFO - Extracting data from /opt/***/data/input.csv
[2025-12-16T16:44:32.317+0000] {taskinstance.py:2698} ERROR - Task failed with exception
Traceback (most recent call last):
  File "/home/airflow/.local/lib/python3.8/site-packages/airflow/models/taskinstance.py", line 433, in _execute_task
    result = execute_callable(context=context, **execute_callable_kwargs)
  File "/home/airflow/.local/lib/python3.8/site-packages/airflow/operators/python.py", line 199, in execute
    return_value = self.execute_callable()
  File "/home/airflow/.local/lib/python3.8/site-packages/airflow/operators/python.py", line 216, in execute_callable
    return self.python_callable(*self.op_args, **self.op_kwargs)
  File "/opt/airflow/etl_logic/pipeline.py", line 97, in extract_data
    df = pd.read_csv(input_path)
  File "/home/airflow/.local/lib/python3.8/site-packages/pandas/io/parsers/readers.py", line 912, in read_csv
    return _read(filepath_or_buffer, kwds)
  File "/home/airflow/.local/lib/python3.8/site-packages/pandas/io/parsers/readers.py", line 577, in _read
    parser = TextFileReader(filepath_or_buffer, **kwds)
  File "/home/airflow/.local/lib/python3.8/site-packages/pandas/io/parsers/readers.py", line 1407, in __init__
    self._engine = self._make_engine(f, self.engine)
  File "/home/airflow/.local/lib/python3.8/site-packages/pandas/io/parsers/readers.py", line 1661, in _make_engine
    self.handles = get_handle(
  File "/home/airflow/.local/lib/python3.8/site-packages/pandas/io/common.py", line 859, in get_handle
    handle = open(
FileNotFoundError: [Errno 2] No such file or directory: '/opt/airflow/data/input.csv'
[2025-12-16T16:44:32.342+0000] {taskinstance.py:1138} INFO - Marking task as UP_FOR_RETRY. dag_id=etl_***, task_id=extract, execution_date=20250129T000000, start_date=20251216T164431, end_date=20251216T164432
[2025-12-16T16:44:32.365+0000] {standard_task_runner.py:107} ERROR - Failed to execute job 1168 for task extract ([Errno 2] No such file or directory: '/opt/airflow/data/input.csv'; 1149)
[2025-12-16T16:44:32.423+0000] {local_task_job_runner.py:234} INFO - Task exited with return code 1
[2025-12-16T16:44:32.481+0000] {taskinstance.py:3280} INFO - 0 downstream tasks scheduled from follow-on schedule check
[2025-12-17T01:57:00.655+0000] {taskinstance.py:1956} INFO - Dependencies all met for dep_context=non-requeueable deps ti=<TaskInstance: etl_airflow.extract scheduled__2025-01-29T00:00:00+00:00 [queued]>
[2025-12-17T01:57:00.676+0000] {taskinstance.py:1956} INFO - Dependencies all met for dep_context=requeueable deps ti=<TaskInstance: etl_airflow.extract scheduled__2025-01-29T00:00:00+00:00 [queued]>
[2025-12-17T01:57:00.677+0000] {taskinstance.py:2170} INFO - Starting attempt 1 of 3
[2025-12-17T01:57:00.729+0000] {taskinstance.py:2191} INFO - Executing <Task(PythonOperator): extract> on 2025-01-29 00:00:00+00:00
[2025-12-17T01:57:00.738+0000] {standard_task_runner.py:60} INFO - Started process 4011 to run task
[2025-12-17T01:57:00.744+0000] {standard_task_runner.py:87} INFO - Running: ['***', 'tasks', 'run', 'etl_***', 'extract', 'scheduled__2025-01-29T00:00:00+00:00', '--job-id', '1197', '--raw', '--subdir', 'DAGS_FOLDER/etl_dag.py', '--cfg-path', '/tmp/tmp0zu844xo']
[2025-12-17T01:57:00.748+0000] {standard_task_runner.py:88} INFO - Job 1197: Subtask extract
[2025-12-17T01:57:00.876+0000] {task_command.py:423} INFO - Running <TaskInstance: etl_airflow.extract scheduled__2025-01-29T00:00:00+00:00 [running]> on host 571e042550da
[2025-12-17T01:57:01.269+0000] {taskinstance.py:2480} INFO - Exporting env vars: AIRFLOW_CTX_DAG_OWNER='***' AIRFLOW_CTX_DAG_ID='etl_***' AIRFLOW_CTX_TASK_ID='extract' AIRFLOW_CTX_EXECUTION_DATE='2025-01-29T00:00:00+00:00' AIRFLOW_CTX_TRY_NUMBER='1' AIRFLOW_CTX_DAG_RUN_ID='scheduled__2025-01-29T00:00:00+00:00'
[2025-12-17T01:57:01.272+0000] {logging_mixin.py:188} INFO - [EXTRACT] Reading /opt/***/data/synthetic_events.csv
[2025-12-17T01:57:01.327+0000] {logging_mixin.py:188} INFO - [EXTRACT] done
[2025-12-17T01:57:01.328+0000] {python.py:201} INFO - Done. Returned value was: None
[2025-12-17T01:57:01.350+0000] {taskinstance.py:1138} INFO - Marking task as SUCCESS. dag_id=etl_***, task_id=extract, execution_date=20250129T000000, start_date=20251217T015700, end_date=20251217T015701
[2025-12-17T01:57:01.602+0000] {local_task_job_runner.py:234} INFO - Task exited with return code 0
[2025-12-17T01:57:01.647+0000] {taskinstance.py:3280} INFO - 1 downstream tasks scheduled from follow-on schedule check
[2025-12-17T04:56:23.584+0000] {taskinstance.py:1956} INFO - Dependencies all met for dep_context=non-requeueable deps ti=<TaskInstance: etl_airflow.extract scheduled__2025-01-29T00:00:00+00:00 [queued]>
[2025-12-17T04:56:23.600+0000] {taskinstance.py:1956} INFO - Dependencies all met for dep_context=requeueable deps ti=<TaskInstance: etl_airflow.extract scheduled__2025-01-29T00:00:00+00:00 [queued]>
[2025-12-17T04:56:23.602+0000] {taskinstance.py:2170} INFO - Starting attempt 1 of 3
[2025-12-17T04:56:23.625+0000] {taskinstance.py:2191} INFO - Executing <Task(PythonOperator): extract> on 2025-01-29 00:00:00+00:00
[2025-12-17T04:56:23.638+0000] {standard_task_runner.py:60} INFO - Started process 5342 to run task
[2025-12-17T04:56:23.644+0000] {standard_task_runner.py:87} INFO - Running: ['***', 'tasks', 'run', 'etl_***', 'extract', 'scheduled__2025-01-29T00:00:00+00:00', '--job-id', '1549', '--raw', '--subdir', 'DAGS_FOLDER/etl_***.py', '--cfg-path', '/tmp/tmpj7wu79sy']
[2025-12-17T04:56:23.649+0000] {standard_task_runner.py:88} INFO - Job 1549: Subtask extract
[2025-12-17T04:56:23.802+0000] {task_command.py:423} INFO - Running <TaskInstance: etl_airflow.extract scheduled__2025-01-29T00:00:00+00:00 [running]> on host b3426f05ac70
[2025-12-17T04:56:24.263+0000] {taskinstance.py:2480} INFO - Exporting env vars: AIRFLOW_CTX_DAG_OWNER='***' AIRFLOW_CTX_DAG_ID='etl_***' AIRFLOW_CTX_TASK_ID='extract' AIRFLOW_CTX_EXECUTION_DATE='2025-01-29T00:00:00+00:00' AIRFLOW_CTX_TRY_NUMBER='1' AIRFLOW_CTX_DAG_RUN_ID='scheduled__2025-01-29T00:00:00+00:00'
[2025-12-17T04:56:24.288+0000] {python.py:201} INFO - Done. Returned value was:    user_id event_type           timestamp country
0        1      login 2025-01-01 09:00:00      IN
1        1      click 2025-01-01 09:05:00      IN
2        1     logout 2025-01-01 09:15:00      IN
3        2      login 2025-01-01 10:00:00      US
4        2      click 2025-01-01 10:10:00      US
5        2     logout 2025-01-01 10:20:00      US
6        3      login 2025-01-02 08:00:00      FR
7        3      click 2025-01-02 08:05:00      FR
8        3     logout 2025-01-02 08:30:00      FR
[2025-12-17T04:56:24.361+0000] {taskinstance.py:1138} INFO - Marking task as SUCCESS. dag_id=etl_***, task_id=extract, execution_date=20250129T000000, start_date=20251217T045623, end_date=20251217T045624
[2025-12-17T04:56:24.433+0000] {local_task_job_runner.py:234} INFO - Task exited with return code 0
[2025-12-17T04:56:24.478+0000] {taskinstance.py:3280} INFO - 1 downstream tasks scheduled from follow-on schedule check
