[2025-12-16T16:30:42.791+0000] {taskinstance.py:1956} INFO - Dependencies all met for dep_context=non-requeueable deps ti=<TaskInstance: etl_airflow.extract scheduled__2024-02-29T00:00:00+00:00 [queued]>
[2025-12-16T16:30:42.808+0000] {taskinstance.py:1956} INFO - Dependencies all met for dep_context=requeueable deps ti=<TaskInstance: etl_airflow.extract scheduled__2024-02-29T00:00:00+00:00 [queued]>
[2025-12-16T16:30:42.809+0000] {taskinstance.py:2170} INFO - Starting attempt 1 of 3
[2025-12-16T16:30:42.833+0000] {taskinstance.py:2191} INFO - Executing <Task(PythonOperator): extract> on 2024-02-29 00:00:00+00:00
[2025-12-16T16:30:42.854+0000] {standard_task_runner.py:60} INFO - Started process 927 to run task
[2025-12-16T16:30:42.866+0000] {standard_task_runner.py:87} INFO - Running: ['***', 'tasks', 'run', 'etl_***', 'extract', 'scheduled__2024-02-29T00:00:00+00:00', '--job-id', '159', '--raw', '--subdir', 'DAGS_FOLDER/etl_dag.py', '--cfg-path', '/tmp/tmpqe5tjffm']
[2025-12-16T16:30:42.870+0000] {standard_task_runner.py:88} INFO - Job 159: Subtask extract
[2025-12-16T16:30:43.104+0000] {task_command.py:423} INFO - Running <TaskInstance: etl_airflow.extract scheduled__2024-02-29T00:00:00+00:00 [running]> on host 528de643acfe
[2025-12-16T16:30:43.456+0000] {taskinstance.py:2480} INFO - Exporting env vars: AIRFLOW_CTX_DAG_OWNER='***' AIRFLOW_CTX_DAG_ID='etl_***' AIRFLOW_CTX_TASK_ID='extract' AIRFLOW_CTX_EXECUTION_DATE='2024-02-29T00:00:00+00:00' AIRFLOW_CTX_TRY_NUMBER='1' AIRFLOW_CTX_DAG_RUN_ID='scheduled__2024-02-29T00:00:00+00:00'
[2025-12-16T16:30:43.469+0000] {logging_mixin.py:188} INFO - Extracting data from /opt/***/data/input.csv
[2025-12-16T16:30:43.483+0000] {taskinstance.py:2698} ERROR - Task failed with exception
Traceback (most recent call last):
  File "/home/airflow/.local/lib/python3.8/site-packages/airflow/models/taskinstance.py", line 433, in _execute_task
    result = execute_callable(context=context, **execute_callable_kwargs)
  File "/home/airflow/.local/lib/python3.8/site-packages/airflow/operators/python.py", line 199, in execute
    return_value = self.execute_callable()
  File "/home/airflow/.local/lib/python3.8/site-packages/airflow/operators/python.py", line 216, in execute_callable
    return self.python_callable(*self.op_args, **self.op_kwargs)
  File "/opt/airflow/dags/etl_logic/pipeline.py", line 92, in extract_data
    return pd.read_csv(input_path)
  File "/home/airflow/.local/lib/python3.8/site-packages/pandas/io/parsers/readers.py", line 912, in read_csv
    return _read(filepath_or_buffer, kwds)
  File "/home/airflow/.local/lib/python3.8/site-packages/pandas/io/parsers/readers.py", line 577, in _read
    parser = TextFileReader(filepath_or_buffer, **kwds)
  File "/home/airflow/.local/lib/python3.8/site-packages/pandas/io/parsers/readers.py", line 1407, in __init__
    self._engine = self._make_engine(f, self.engine)
  File "/home/airflow/.local/lib/python3.8/site-packages/pandas/io/parsers/readers.py", line 1661, in _make_engine
    self.handles = get_handle(
  File "/home/airflow/.local/lib/python3.8/site-packages/pandas/io/common.py", line 859, in get_handle
    handle = open(
FileNotFoundError: [Errno 2] No such file or directory: '/opt/airflow/data/input.csv'
[2025-12-16T16:30:43.894+0000] {taskinstance.py:1138} INFO - Marking task as UP_FOR_RETRY. dag_id=etl_***, task_id=extract, execution_date=20240229T000000, start_date=20251216T163042, end_date=20251216T163043
[2025-12-16T16:30:43.929+0000] {standard_task_runner.py:107} ERROR - Failed to execute job 159 for task extract ([Errno 2] No such file or directory: '/opt/airflow/data/input.csv'; 927)
[2025-12-16T16:30:43.968+0000] {local_task_job_runner.py:234} INFO - Task exited with return code 1
[2025-12-16T16:30:44.005+0000] {taskinstance.py:3280} INFO - 0 downstream tasks scheduled from follow-on schedule check
[2025-12-17T01:50:59.808+0000] {taskinstance.py:1956} INFO - Dependencies all met for dep_context=non-requeueable deps ti=<TaskInstance: etl_airflow.extract scheduled__2024-02-29T00:00:00+00:00 [queued]>
[2025-12-17T01:50:59.834+0000] {taskinstance.py:1956} INFO - Dependencies all met for dep_context=requeueable deps ti=<TaskInstance: etl_airflow.extract scheduled__2024-02-29T00:00:00+00:00 [queued]>
[2025-12-17T01:50:59.835+0000] {taskinstance.py:2170} INFO - Starting attempt 1 of 3
[2025-12-17T01:50:59.975+0000] {taskinstance.py:2191} INFO - Executing <Task(PythonOperator): extract> on 2024-02-29 00:00:00+00:00
[2025-12-17T01:50:59.985+0000] {standard_task_runner.py:60} INFO - Started process 748 to run task
[2025-12-17T01:50:59.992+0000] {standard_task_runner.py:87} INFO - Running: ['***', 'tasks', 'run', 'etl_***', 'extract', 'scheduled__2024-02-29T00:00:00+00:00', '--job-id', '169', '--raw', '--subdir', 'DAGS_FOLDER/etl_dag.py', '--cfg-path', '/tmp/tmp1qa3qyf9']
[2025-12-17T01:50:59.997+0000] {standard_task_runner.py:88} INFO - Job 169: Subtask extract
[2025-12-17T01:51:00.192+0000] {task_command.py:423} INFO - Running <TaskInstance: etl_airflow.extract scheduled__2024-02-29T00:00:00+00:00 [running]> on host 571e042550da
[2025-12-17T01:51:00.680+0000] {taskinstance.py:2480} INFO - Exporting env vars: AIRFLOW_CTX_DAG_OWNER='***' AIRFLOW_CTX_DAG_ID='etl_***' AIRFLOW_CTX_TASK_ID='extract' AIRFLOW_CTX_EXECUTION_DATE='2024-02-29T00:00:00+00:00' AIRFLOW_CTX_TRY_NUMBER='1' AIRFLOW_CTX_DAG_RUN_ID='scheduled__2024-02-29T00:00:00+00:00'
[2025-12-17T01:51:00.683+0000] {logging_mixin.py:188} INFO - [EXTRACT] Reading /opt/***/data/synthetic_events.csv
[2025-12-17T01:51:00.744+0000] {logging_mixin.py:188} INFO - [EXTRACT] done
[2025-12-17T01:51:00.746+0000] {python.py:201} INFO - Done. Returned value was: None
[2025-12-17T01:51:00.779+0000] {taskinstance.py:1138} INFO - Marking task as SUCCESS. dag_id=etl_***, task_id=extract, execution_date=20240229T000000, start_date=20251217T015059, end_date=20251217T015100
[2025-12-17T01:51:00.902+0000] {local_task_job_runner.py:234} INFO - Task exited with return code 0
[2025-12-17T01:51:00.953+0000] {taskinstance.py:3280} INFO - 1 downstream tasks scheduled from follow-on schedule check
[2025-12-17T04:19:01.566+0000] {taskinstance.py:1956} INFO - Dependencies all met for dep_context=non-requeueable deps ti=<TaskInstance: etl_airflow.extract scheduled__2024-02-29T00:00:00+00:00 [queued]>
[2025-12-17T04:19:01.583+0000] {taskinstance.py:1956} INFO - Dependencies all met for dep_context=requeueable deps ti=<TaskInstance: etl_airflow.extract scheduled__2024-02-29T00:00:00+00:00 [queued]>
[2025-12-17T04:19:01.585+0000] {taskinstance.py:2170} INFO - Starting attempt 1 of 3
[2025-12-17T04:19:01.624+0000] {taskinstance.py:2191} INFO - Executing <Task(PythonOperator): extract> on 2024-02-29 00:00:00+00:00
[2025-12-17T04:19:01.635+0000] {standard_task_runner.py:60} INFO - Started process 460 to run task
[2025-12-17T04:19:01.640+0000] {standard_task_runner.py:87} INFO - Running: ['***', 'tasks', 'run', 'etl_***', 'extract', 'scheduled__2024-02-29T00:00:00+00:00', '--job-id', '77', '--raw', '--subdir', 'DAGS_FOLDER/etl_***.py', '--cfg-path', '/tmp/tmp4kh6yueu']
[2025-12-17T04:19:01.646+0000] {standard_task_runner.py:88} INFO - Job 77: Subtask extract
[2025-12-17T04:19:01.808+0000] {task_command.py:423} INFO - Running <TaskInstance: etl_airflow.extract scheduled__2024-02-29T00:00:00+00:00 [running]> on host c5811fe183ca
[2025-12-17T04:19:02.273+0000] {taskinstance.py:2480} INFO - Exporting env vars: AIRFLOW_CTX_DAG_OWNER='***' AIRFLOW_CTX_DAG_ID='etl_***' AIRFLOW_CTX_TASK_ID='extract' AIRFLOW_CTX_EXECUTION_DATE='2024-02-29T00:00:00+00:00' AIRFLOW_CTX_TRY_NUMBER='1' AIRFLOW_CTX_DAG_RUN_ID='scheduled__2024-02-29T00:00:00+00:00'
[2025-12-17T04:19:02.298+0000] {python.py:201} INFO - Done. Returned value was:    user_id event_type           timestamp country
0        1      login 2025-01-01 09:00:00      IN
1        1      click 2025-01-01 09:05:00      IN
2        1     logout 2025-01-01 09:15:00      IN
3        2      login 2025-01-01 10:00:00      US
4        2      click 2025-01-01 10:10:00      US
5        2     logout 2025-01-01 10:20:00      US
6        3      login 2025-01-02 08:00:00      FR
7        3      click 2025-01-02 08:05:00      FR
8        3     logout 2025-01-02 08:30:00      FR
[2025-12-17T04:19:02.373+0000] {taskinstance.py:1138} INFO - Marking task as SUCCESS. dag_id=etl_***, task_id=extract, execution_date=20240229T000000, start_date=20251217T041901, end_date=20251217T041902
[2025-12-17T04:19:02.421+0000] {local_task_job_runner.py:234} INFO - Task exited with return code 0
[2025-12-17T04:19:02.470+0000] {taskinstance.py:3280} INFO - 0 downstream tasks scheduled from follow-on schedule check
[2025-12-17T04:44:06.267+0000] {taskinstance.py:1956} INFO - Dependencies all met for dep_context=non-requeueable deps ti=<TaskInstance: etl_airflow.extract scheduled__2024-02-29T00:00:00+00:00 [queued]>
[2025-12-17T04:44:06.299+0000] {taskinstance.py:1956} INFO - Dependencies all met for dep_context=requeueable deps ti=<TaskInstance: etl_airflow.extract scheduled__2024-02-29T00:00:00+00:00 [queued]>
[2025-12-17T04:44:06.301+0000] {taskinstance.py:2170} INFO - Starting attempt 1 of 3
[2025-12-17T04:44:06.335+0000] {taskinstance.py:2191} INFO - Executing <Task(PythonOperator): extract> on 2024-02-29 00:00:00+00:00
[2025-12-17T04:44:06.354+0000] {standard_task_runner.py:60} INFO - Started process 909 to run task
[2025-12-17T04:44:06.369+0000] {standard_task_runner.py:87} INFO - Running: ['***', 'tasks', 'run', 'etl_***', 'extract', 'scheduled__2024-02-29T00:00:00+00:00', '--job-id', '208', '--raw', '--subdir', 'DAGS_FOLDER/etl_***.py', '--cfg-path', '/tmp/tmpj60irye4']
[2025-12-17T04:44:06.375+0000] {standard_task_runner.py:88} INFO - Job 208: Subtask extract
[2025-12-17T04:44:06.546+0000] {task_command.py:423} INFO - Running <TaskInstance: etl_airflow.extract scheduled__2024-02-29T00:00:00+00:00 [running]> on host b3426f05ac70
[2025-12-17T04:44:06.954+0000] {taskinstance.py:2480} INFO - Exporting env vars: AIRFLOW_CTX_DAG_OWNER='***' AIRFLOW_CTX_DAG_ID='etl_***' AIRFLOW_CTX_TASK_ID='extract' AIRFLOW_CTX_EXECUTION_DATE='2024-02-29T00:00:00+00:00' AIRFLOW_CTX_TRY_NUMBER='1' AIRFLOW_CTX_DAG_RUN_ID='scheduled__2024-02-29T00:00:00+00:00'
[2025-12-17T04:44:06.976+0000] {python.py:201} INFO - Done. Returned value was:    user_id event_type           timestamp country
0        1      login 2025-01-01 09:00:00      IN
1        1      click 2025-01-01 09:05:00      IN
2        1     logout 2025-01-01 09:15:00      IN
3        2      login 2025-01-01 10:00:00      US
4        2      click 2025-01-01 10:10:00      US
5        2     logout 2025-01-01 10:20:00      US
6        3      login 2025-01-02 08:00:00      FR
7        3      click 2025-01-02 08:05:00      FR
8        3     logout 2025-01-02 08:30:00      FR
[2025-12-17T04:44:07.047+0000] {taskinstance.py:1138} INFO - Marking task as SUCCESS. dag_id=etl_***, task_id=extract, execution_date=20240229T000000, start_date=20251217T044406, end_date=20251217T044407
[2025-12-17T04:44:07.115+0000] {local_task_job_runner.py:234} INFO - Task exited with return code 0
[2025-12-17T04:44:07.374+0000] {taskinstance.py:3280} INFO - 0 downstream tasks scheduled from follow-on schedule check
[2025-12-17T07:37:22.035+0000] {taskinstance.py:1956} INFO - Dependencies all met for dep_context=non-requeueable deps ti=<TaskInstance: etl_airflow.extract scheduled__2024-02-29T00:00:00+00:00 [queued]>
[2025-12-17T07:37:22.075+0000] {taskinstance.py:1956} INFO - Dependencies all met for dep_context=requeueable deps ti=<TaskInstance: etl_airflow.extract scheduled__2024-02-29T00:00:00+00:00 [queued]>
[2025-12-17T07:37:22.087+0000] {taskinstance.py:2170} INFO - Starting attempt 1 of 3
[2025-12-17T07:37:22.139+0000] {taskinstance.py:2191} INFO - Executing <Task(PythonOperator): extract> on 2024-02-29 00:00:00+00:00
[2025-12-17T07:37:22.172+0000] {standard_task_runner.py:60} INFO - Started process 972 to run task
[2025-12-17T07:37:22.180+0000] {standard_task_runner.py:87} INFO - Running: ['***', 'tasks', 'run', 'etl_***', 'extract', 'scheduled__2024-02-29T00:00:00+00:00', '--job-id', '209', '--raw', '--subdir', 'DAGS_FOLDER/etl_***.py', '--cfg-path', '/tmp/tmp7xnmt_lw']
[2025-12-17T07:37:22.213+0000] {standard_task_runner.py:88} INFO - Job 209: Subtask extract
[2025-12-17T07:37:22.414+0000] {task_command.py:423} INFO - Running <TaskInstance: etl_airflow.extract scheduled__2024-02-29T00:00:00+00:00 [running]> on host 2a0de06c8905
[2025-12-17T07:37:22.951+0000] {taskinstance.py:2480} INFO - Exporting env vars: AIRFLOW_CTX_DAG_OWNER='***' AIRFLOW_CTX_DAG_ID='etl_***' AIRFLOW_CTX_TASK_ID='extract' AIRFLOW_CTX_EXECUTION_DATE='2024-02-29T00:00:00+00:00' AIRFLOW_CTX_TRY_NUMBER='1' AIRFLOW_CTX_DAG_RUN_ID='scheduled__2024-02-29T00:00:00+00:00'
[2025-12-17T07:37:22.997+0000] {python.py:201} INFO - Done. Returned value was:    user_id event_type           timestamp country
0        1      login 2025-01-01 09:00:00      IN
1        1      click 2025-01-01 09:05:00      IN
2        1     logout 2025-01-01 09:15:00      IN
3        2      login 2025-01-01 10:00:00      US
4        2      click 2025-01-01 10:10:00      US
5        2     logout 2025-01-01 10:20:00      US
6        3      login 2025-01-02 08:00:00      FR
7        3      click 2025-01-02 08:05:00      FR
8        3     logout 2025-01-02 08:30:00      FR
[2025-12-17T07:37:23.095+0000] {taskinstance.py:1138} INFO - Marking task as SUCCESS. dag_id=etl_***, task_id=extract, execution_date=20240229T000000, start_date=20251217T073722, end_date=20251217T073723
[2025-12-17T07:37:23.178+0000] {local_task_job_runner.py:234} INFO - Task exited with return code 0
[2025-12-17T07:37:23.653+0000] {taskinstance.py:3280} INFO - 0 downstream tasks scheduled from follow-on schedule check
