[2025-12-16T16:38:00.446+0000] {taskinstance.py:1956} INFO - Dependencies all met for dep_context=non-requeueable deps ti=<TaskInstance: etl_airflow.extract scheduled__2024-08-24T00:00:00+00:00 [queued]>
[2025-12-16T16:38:00.473+0000] {taskinstance.py:1956} INFO - Dependencies all met for dep_context=requeueable deps ti=<TaskInstance: etl_airflow.extract scheduled__2024-08-24T00:00:00+00:00 [queued]>
[2025-12-16T16:38:00.475+0000] {taskinstance.py:2170} INFO - Starting attempt 1 of 3
[2025-12-16T16:38:00.519+0000] {taskinstance.py:2191} INFO - Executing <Task(PythonOperator): extract> on 2024-08-24 00:00:00+00:00
[2025-12-16T16:38:00.536+0000] {standard_task_runner.py:60} INFO - Started process 1163 to run task
[2025-12-16T16:38:00.548+0000] {standard_task_runner.py:87} INFO - Running: ['***', 'tasks', 'run', 'etl_***', 'extract', 'scheduled__2024-08-24T00:00:00+00:00', '--job-id', '687', '--raw', '--subdir', 'DAGS_FOLDER/etl_dag.py', '--cfg-path', '/tmp/tmpcl1edksj']
[2025-12-16T16:38:00.559+0000] {standard_task_runner.py:88} INFO - Job 687: Subtask extract
[2025-12-16T16:38:00.790+0000] {task_command.py:423} INFO - Running <TaskInstance: etl_airflow.extract scheduled__2024-08-24T00:00:00+00:00 [running]> on host 02b83863a69a
[2025-12-16T16:38:01.012+0000] {taskinstance.py:2480} INFO - Exporting env vars: AIRFLOW_CTX_DAG_OWNER='***' AIRFLOW_CTX_DAG_ID='etl_***' AIRFLOW_CTX_TASK_ID='extract' AIRFLOW_CTX_EXECUTION_DATE='2024-08-24T00:00:00+00:00' AIRFLOW_CTX_TRY_NUMBER='1' AIRFLOW_CTX_DAG_RUN_ID='scheduled__2024-08-24T00:00:00+00:00'
[2025-12-16T16:38:01.015+0000] {logging_mixin.py:188} INFO - Extracting data from /opt/***/data/input.csv
[2025-12-16T16:38:01.023+0000] {taskinstance.py:2698} ERROR - Task failed with exception
Traceback (most recent call last):
  File "/home/airflow/.local/lib/python3.8/site-packages/airflow/models/taskinstance.py", line 433, in _execute_task
    result = execute_callable(context=context, **execute_callable_kwargs)
  File "/home/airflow/.local/lib/python3.8/site-packages/airflow/operators/python.py", line 199, in execute
    return_value = self.execute_callable()
  File "/home/airflow/.local/lib/python3.8/site-packages/airflow/operators/python.py", line 216, in execute_callable
    return self.python_callable(*self.op_args, **self.op_kwargs)
  File "/opt/airflow/etl_logic/pipeline.py", line 97, in extract_data
    df = pd.read_csv(input_path)
  File "/home/airflow/.local/lib/python3.8/site-packages/pandas/io/parsers/readers.py", line 912, in read_csv
    return _read(filepath_or_buffer, kwds)
  File "/home/airflow/.local/lib/python3.8/site-packages/pandas/io/parsers/readers.py", line 577, in _read
    parser = TextFileReader(filepath_or_buffer, **kwds)
  File "/home/airflow/.local/lib/python3.8/site-packages/pandas/io/parsers/readers.py", line 1407, in __init__
    self._engine = self._make_engine(f, self.engine)
  File "/home/airflow/.local/lib/python3.8/site-packages/pandas/io/parsers/readers.py", line 1661, in _make_engine
    self.handles = get_handle(
  File "/home/airflow/.local/lib/python3.8/site-packages/pandas/io/common.py", line 859, in get_handle
    handle = open(
FileNotFoundError: [Errno 2] No such file or directory: '/opt/airflow/data/input.csv'
[2025-12-16T16:38:01.059+0000] {taskinstance.py:1138} INFO - Marking task as UP_FOR_RETRY. dag_id=etl_***, task_id=extract, execution_date=20240824T000000, start_date=20251216T163800, end_date=20251216T163801
[2025-12-16T16:38:01.095+0000] {standard_task_runner.py:107} ERROR - Failed to execute job 687 for task extract ([Errno 2] No such file or directory: '/opt/airflow/data/input.csv'; 1163)
[2025-12-16T16:38:01.169+0000] {local_task_job_runner.py:234} INFO - Task exited with return code 1
[2025-12-16T16:38:01.263+0000] {taskinstance.py:3280} INFO - 0 downstream tasks scheduled from follow-on schedule check
[2025-12-17T01:54:20.838+0000] {taskinstance.py:1956} INFO - Dependencies all met for dep_context=non-requeueable deps ti=<TaskInstance: etl_airflow.extract scheduled__2024-08-24T00:00:00+00:00 [queued]>
[2025-12-17T01:54:20.855+0000] {taskinstance.py:1956} INFO - Dependencies all met for dep_context=requeueable deps ti=<TaskInstance: etl_airflow.extract scheduled__2024-08-24T00:00:00+00:00 [queued]>
[2025-12-17T01:54:20.856+0000] {taskinstance.py:2170} INFO - Starting attempt 1 of 3
[2025-12-17T01:54:20.888+0000] {taskinstance.py:2191} INFO - Executing <Task(PythonOperator): extract> on 2024-08-24 00:00:00+00:00
[2025-12-17T01:54:20.900+0000] {standard_task_runner.py:60} INFO - Started process 2502 to run task
[2025-12-17T01:54:20.907+0000] {standard_task_runner.py:87} INFO - Running: ['***', 'tasks', 'run', 'etl_***', 'extract', 'scheduled__2024-08-24T00:00:00+00:00', '--job-id', '722', '--raw', '--subdir', 'DAGS_FOLDER/etl_dag.py', '--cfg-path', '/tmp/tmpy5d5egub']
[2025-12-17T01:54:20.912+0000] {standard_task_runner.py:88} INFO - Job 722: Subtask extract
[2025-12-17T01:54:21.049+0000] {task_command.py:423} INFO - Running <TaskInstance: etl_airflow.extract scheduled__2024-08-24T00:00:00+00:00 [running]> on host 571e042550da
[2025-12-17T01:54:21.462+0000] {taskinstance.py:2480} INFO - Exporting env vars: AIRFLOW_CTX_DAG_OWNER='***' AIRFLOW_CTX_DAG_ID='etl_***' AIRFLOW_CTX_TASK_ID='extract' AIRFLOW_CTX_EXECUTION_DATE='2024-08-24T00:00:00+00:00' AIRFLOW_CTX_TRY_NUMBER='1' AIRFLOW_CTX_DAG_RUN_ID='scheduled__2024-08-24T00:00:00+00:00'
[2025-12-17T01:54:21.464+0000] {logging_mixin.py:188} INFO - [EXTRACT] Reading /opt/***/data/synthetic_events.csv
[2025-12-17T01:54:21.506+0000] {logging_mixin.py:188} INFO - [EXTRACT] done
[2025-12-17T01:54:21.507+0000] {python.py:201} INFO - Done. Returned value was: None
[2025-12-17T01:54:21.525+0000] {taskinstance.py:1138} INFO - Marking task as SUCCESS. dag_id=etl_***, task_id=extract, execution_date=20240824T000000, start_date=20251217T015420, end_date=20251217T015421
[2025-12-17T01:54:21.725+0000] {local_task_job_runner.py:234} INFO - Task exited with return code 0
[2025-12-17T01:54:21.784+0000] {taskinstance.py:3280} INFO - 1 downstream tasks scheduled from follow-on schedule check
[2025-12-17T04:50:31.749+0000] {taskinstance.py:1956} INFO - Dependencies all met for dep_context=non-requeueable deps ti=<TaskInstance: etl_airflow.extract scheduled__2024-08-24T00:00:00+00:00 [queued]>
[2025-12-17T04:50:31.769+0000] {taskinstance.py:1956} INFO - Dependencies all met for dep_context=requeueable deps ti=<TaskInstance: etl_airflow.extract scheduled__2024-08-24T00:00:00+00:00 [queued]>
[2025-12-17T04:50:31.770+0000] {taskinstance.py:2170} INFO - Starting attempt 1 of 3
[2025-12-17T04:50:32.032+0000] {taskinstance.py:2191} INFO - Executing <Task(PythonOperator): extract> on 2024-08-24 00:00:00+00:00
[2025-12-17T04:50:32.053+0000] {standard_task_runner.py:60} INFO - Started process 3249 to run task
[2025-12-17T04:50:32.088+0000] {standard_task_runner.py:87} INFO - Running: ['***', 'tasks', 'run', 'etl_***', 'extract', 'scheduled__2024-08-24T00:00:00+00:00', '--job-id', '916', '--raw', '--subdir', 'DAGS_FOLDER/etl_***.py', '--cfg-path', '/tmp/tmpa3hze06w']
[2025-12-17T04:50:32.093+0000] {standard_task_runner.py:88} INFO - Job 916: Subtask extract
[2025-12-17T04:50:32.307+0000] {task_command.py:423} INFO - Running <TaskInstance: etl_airflow.extract scheduled__2024-08-24T00:00:00+00:00 [running]> on host b3426f05ac70
[2025-12-17T04:50:32.725+0000] {taskinstance.py:2480} INFO - Exporting env vars: AIRFLOW_CTX_DAG_OWNER='***' AIRFLOW_CTX_DAG_ID='etl_***' AIRFLOW_CTX_TASK_ID='extract' AIRFLOW_CTX_EXECUTION_DATE='2024-08-24T00:00:00+00:00' AIRFLOW_CTX_TRY_NUMBER='1' AIRFLOW_CTX_DAG_RUN_ID='scheduled__2024-08-24T00:00:00+00:00'
[2025-12-17T04:50:32.750+0000] {python.py:201} INFO - Done. Returned value was:    user_id event_type           timestamp country
0        1      login 2025-01-01 09:00:00      IN
1        1      click 2025-01-01 09:05:00      IN
2        1     logout 2025-01-01 09:15:00      IN
3        2      login 2025-01-01 10:00:00      US
4        2      click 2025-01-01 10:10:00      US
5        2     logout 2025-01-01 10:20:00      US
6        3      login 2025-01-02 08:00:00      FR
7        3      click 2025-01-02 08:05:00      FR
8        3     logout 2025-01-02 08:30:00      FR
[2025-12-17T04:50:32.847+0000] {taskinstance.py:1138} INFO - Marking task as SUCCESS. dag_id=etl_***, task_id=extract, execution_date=20240824T000000, start_date=20251217T045031, end_date=20251217T045032
[2025-12-17T04:50:32.937+0000] {local_task_job_runner.py:234} INFO - Task exited with return code 0
[2025-12-17T04:50:32.997+0000] {taskinstance.py:3280} INFO - 1 downstream tasks scheduled from follow-on schedule check
[2025-12-17T07:44:23.351+0000] {taskinstance.py:1956} INFO - Dependencies all met for dep_context=non-requeueable deps ti=<TaskInstance: etl_airflow.extract scheduled__2024-08-24T00:00:00+00:00 [queued]>
[2025-12-17T07:44:23.380+0000] {taskinstance.py:1956} INFO - Dependencies all met for dep_context=requeueable deps ti=<TaskInstance: etl_airflow.extract scheduled__2024-08-24T00:00:00+00:00 [queued]>
[2025-12-17T07:44:23.385+0000] {taskinstance.py:2170} INFO - Starting attempt 1 of 3
[2025-12-17T07:44:23.769+0000] {taskinstance.py:2191} INFO - Executing <Task(PythonOperator): extract> on 2024-08-24 00:00:00+00:00
[2025-12-17T07:44:23.787+0000] {standard_task_runner.py:60} INFO - Started process 3325 to run task
[2025-12-17T07:44:23.802+0000] {standard_task_runner.py:87} INFO - Running: ['***', 'tasks', 'run', 'etl_***', 'extract', 'scheduled__2024-08-24T00:00:00+00:00', '--job-id', '919', '--raw', '--subdir', 'DAGS_FOLDER/etl_***.py', '--cfg-path', '/tmp/tmpiz9r80s9']
[2025-12-17T07:44:23.813+0000] {standard_task_runner.py:88} INFO - Job 919: Subtask extract
[2025-12-17T07:44:24.068+0000] {task_command.py:423} INFO - Running <TaskInstance: etl_airflow.extract scheduled__2024-08-24T00:00:00+00:00 [running]> on host 2a0de06c8905
[2025-12-17T07:44:24.554+0000] {taskinstance.py:2480} INFO - Exporting env vars: AIRFLOW_CTX_DAG_OWNER='***' AIRFLOW_CTX_DAG_ID='etl_***' AIRFLOW_CTX_TASK_ID='extract' AIRFLOW_CTX_EXECUTION_DATE='2024-08-24T00:00:00+00:00' AIRFLOW_CTX_TRY_NUMBER='1' AIRFLOW_CTX_DAG_RUN_ID='scheduled__2024-08-24T00:00:00+00:00'
[2025-12-17T07:44:24.575+0000] {python.py:201} INFO - Done. Returned value was:    user_id event_type           timestamp country
0        1      login 2025-01-01 09:00:00      IN
1        1      click 2025-01-01 09:05:00      IN
2        1     logout 2025-01-01 09:15:00      IN
3        2      login 2025-01-01 10:00:00      US
4        2      click 2025-01-01 10:10:00      US
5        2     logout 2025-01-01 10:20:00      US
6        3      login 2025-01-02 08:00:00      FR
7        3      click 2025-01-02 08:05:00      FR
8        3     logout 2025-01-02 08:30:00      FR
[2025-12-17T07:44:24.636+0000] {taskinstance.py:1138} INFO - Marking task as SUCCESS. dag_id=etl_***, task_id=extract, execution_date=20240824T000000, start_date=20251217T074423, end_date=20251217T074424
[2025-12-17T07:44:24.689+0000] {local_task_job_runner.py:234} INFO - Task exited with return code 0
[2025-12-17T07:44:24.733+0000] {taskinstance.py:3280} INFO - 1 downstream tasks scheduled from follow-on schedule check
