[2025-12-16T17:12:13.282+0000] {taskinstance.py:1956} INFO - Dependencies all met for dep_context=non-requeueable deps ti=<TaskInstance: etl_airflow.load scheduled__2024-06-12T00:00:00+00:00 [queued]>
[2025-12-16T17:12:13.331+0000] {taskinstance.py:1956} INFO - Dependencies all met for dep_context=requeueable deps ti=<TaskInstance: etl_airflow.load scheduled__2024-06-12T00:00:00+00:00 [queued]>
[2025-12-16T17:12:13.352+0000] {taskinstance.py:2170} INFO - Starting attempt 1 of 3
[2025-12-16T17:12:13.664+0000] {taskinstance.py:2191} INFO - Executing <Task(PythonOperator): load> on 2024-06-12 00:00:00+00:00
[2025-12-16T17:12:13.674+0000] {standard_task_runner.py:60} INFO - Started process 1997 to run task
[2025-12-16T17:12:13.686+0000] {standard_task_runner.py:87} INFO - Running: ['***', 'tasks', 'run', 'etl_***', 'load', 'scheduled__2024-06-12T00:00:00+00:00', '--job-id', '4128', '--raw', '--subdir', 'DAGS_FOLDER/etl_dag.py', '--cfg-path', '/tmp/tmpwezl_zsx']
[2025-12-16T17:12:13.701+0000] {standard_task_runner.py:88} INFO - Job 4128: Subtask load
[2025-12-16T17:12:13.932+0000] {task_command.py:423} INFO - Running <TaskInstance: etl_airflow.load scheduled__2024-06-12T00:00:00+00:00 [running]> on host 3b89cfee50e9
[2025-12-16T17:12:14.467+0000] {taskinstance.py:2480} INFO - Exporting env vars: AIRFLOW_CTX_DAG_OWNER='***' AIRFLOW_CTX_DAG_ID='etl_***' AIRFLOW_CTX_TASK_ID='load' AIRFLOW_CTX_EXECUTION_DATE='2024-06-12T00:00:00+00:00' AIRFLOW_CTX_TRY_NUMBER='1' AIRFLOW_CTX_DAG_RUN_ID='scheduled__2024-06-12T00:00:00+00:00'
[2025-12-16T17:12:14.471+0000] {logging_mixin.py:188} INFO - [LOAD]
[2025-12-16T17:12:14.959+0000] {logging_mixin.py:188} INFO -    user_id event_type            timestamp country
0        1      login  2025-01-01T09:00:00      IN
1        1      click  2025-01-01T09:05:00      IN
2        1     logout  2025-01-01T09:15:00      IN
3        3      login  2025-01-02T08:00:00      FR
4        3      click  2025-01-02T08:05:00      FR
[2025-12-16T17:12:14.999+0000] {logging_mixin.py:188} INFO - [LOAD] done
[2025-12-16T17:12:15.011+0000] {python.py:201} INFO - Done. Returned value was: None
[2025-12-16T17:12:15.074+0000] {taskinstance.py:1138} INFO - Marking task as SUCCESS. dag_id=etl_***, task_id=load, execution_date=20240612T000000, start_date=20251216T171213, end_date=20251216T171215
[2025-12-16T17:12:15.209+0000] {local_task_job_runner.py:234} INFO - Task exited with return code 0
[2025-12-16T17:12:15.299+0000] {taskinstance.py:3280} INFO - 0 downstream tasks scheduled from follow-on schedule check
[2025-12-17T01:53:10.414+0000] {taskinstance.py:1956} INFO - Dependencies all met for dep_context=non-requeueable deps ti=<TaskInstance: etl_airflow.load scheduled__2024-06-12T00:00:00+00:00 [queued]>
[2025-12-17T01:53:10.440+0000] {taskinstance.py:1956} INFO - Dependencies all met for dep_context=requeueable deps ti=<TaskInstance: etl_airflow.load scheduled__2024-06-12T00:00:00+00:00 [queued]>
[2025-12-17T01:53:10.444+0000] {taskinstance.py:2170} INFO - Starting attempt 1 of 3
[2025-12-17T01:53:10.494+0000] {taskinstance.py:2191} INFO - Executing <Task(PythonOperator): load> on 2024-06-12 00:00:00+00:00
[2025-12-17T01:53:10.517+0000] {standard_task_runner.py:60} INFO - Started process 1873 to run task
[2025-12-17T01:53:10.535+0000] {standard_task_runner.py:87} INFO - Running: ['***', 'tasks', 'run', 'etl_***', 'load', 'scheduled__2024-06-12T00:00:00+00:00', '--job-id', '520', '--raw', '--subdir', 'DAGS_FOLDER/etl_dag.py', '--cfg-path', '/tmp/tmp91rkx5bx']
[2025-12-17T01:53:10.541+0000] {standard_task_runner.py:88} INFO - Job 520: Subtask load
[2025-12-17T01:53:10.773+0000] {task_command.py:423} INFO - Running <TaskInstance: etl_airflow.load scheduled__2024-06-12T00:00:00+00:00 [running]> on host 571e042550da
[2025-12-17T01:53:11.558+0000] {taskinstance.py:2480} INFO - Exporting env vars: AIRFLOW_CTX_DAG_OWNER='***' AIRFLOW_CTX_DAG_ID='etl_***' AIRFLOW_CTX_TASK_ID='load' AIRFLOW_CTX_EXECUTION_DATE='2024-06-12T00:00:00+00:00' AIRFLOW_CTX_TRY_NUMBER='1' AIRFLOW_CTX_DAG_RUN_ID='scheduled__2024-06-12T00:00:00+00:00'
[2025-12-17T01:53:11.568+0000] {logging_mixin.py:188} INFO - [LOAD]
[2025-12-17T01:53:11.653+0000] {logging_mixin.py:188} INFO -    user_id event_type            timestamp country
0        1      login  2025-01-01T09:00:00      IN
1        1      click  2025-01-01T09:05:00      IN
2        1     logout  2025-01-01T09:15:00      IN
3        3      login  2025-01-02T08:00:00      FR
4        3      click  2025-01-02T08:05:00      FR
[2025-12-17T01:53:11.655+0000] {logging_mixin.py:188} INFO - [LOAD] done
[2025-12-17T01:53:11.661+0000] {python.py:201} INFO - Done. Returned value was: None
[2025-12-17T01:53:11.771+0000] {taskinstance.py:1138} INFO - Marking task as SUCCESS. dag_id=etl_***, task_id=load, execution_date=20240612T000000, start_date=20251217T015310, end_date=20251217T015311
[2025-12-17T01:53:11.921+0000] {local_task_job_runner.py:234} INFO - Task exited with return code 0
[2025-12-17T01:53:11.987+0000] {taskinstance.py:3280} INFO - 0 downstream tasks scheduled from follow-on schedule check
