[2025-12-16T17:17:11.193+0000] {taskinstance.py:1956} INFO - Dependencies all met for dep_context=non-requeueable deps ti=<TaskInstance: etl_airflow.transform scheduled__2025-05-11T00:00:00+00:00 [queued]>
[2025-12-16T17:17:11.217+0000] {taskinstance.py:1956} INFO - Dependencies all met for dep_context=requeueable deps ti=<TaskInstance: etl_airflow.transform scheduled__2025-05-11T00:00:00+00:00 [queued]>
[2025-12-16T17:17:11.218+0000] {taskinstance.py:2170} INFO - Starting attempt 1 of 3
[2025-12-16T17:17:11.251+0000] {taskinstance.py:2191} INFO - Executing <Task(PythonOperator): transform> on 2025-05-11 00:00:00+00:00
[2025-12-16T17:17:11.262+0000] {standard_task_runner.py:60} INFO - Started process 3229 to run task
[2025-12-16T17:17:11.268+0000] {standard_task_runner.py:87} INFO - Running: ['***', 'tasks', 'run', 'etl_***', 'transform', 'scheduled__2025-05-11T00:00:00+00:00', '--job-id', '5107', '--raw', '--subdir', 'DAGS_FOLDER/etl_dag.py', '--cfg-path', '/tmp/tmp07ckmiqt']
[2025-12-16T17:17:11.273+0000] {standard_task_runner.py:88} INFO - Job 5107: Subtask transform
[2025-12-16T17:17:11.404+0000] {task_command.py:423} INFO - Running <TaskInstance: etl_airflow.transform scheduled__2025-05-11T00:00:00+00:00 [running]> on host 3b89cfee50e9
[2025-12-16T17:17:11.599+0000] {taskinstance.py:2480} INFO - Exporting env vars: AIRFLOW_CTX_DAG_OWNER='***' AIRFLOW_CTX_DAG_ID='etl_***' AIRFLOW_CTX_TASK_ID='transform' AIRFLOW_CTX_EXECUTION_DATE='2025-05-11T00:00:00+00:00' AIRFLOW_CTX_TRY_NUMBER='1' AIRFLOW_CTX_DAG_RUN_ID='scheduled__2025-05-11T00:00:00+00:00'
[2025-12-16T17:17:11.602+0000] {logging_mixin.py:188} INFO - [TRANSFORM]
[2025-12-16T17:17:11.870+0000] {logging_mixin.py:188} INFO - [TRANSFORM] done
[2025-12-16T17:17:11.874+0000] {python.py:201} INFO - Done. Returned value was: None
[2025-12-16T17:17:11.895+0000] {taskinstance.py:1138} INFO - Marking task as SUCCESS. dag_id=etl_***, task_id=transform, execution_date=20250511T000000, start_date=20251216T171711, end_date=20251216T171711
[2025-12-16T17:17:12.207+0000] {local_task_job_runner.py:234} INFO - Task exited with return code 0
[2025-12-16T17:17:12.246+0000] {taskinstance.py:3280} INFO - 1 downstream tasks scheduled from follow-on schedule check
[2025-12-17T01:58:40.636+0000] {taskinstance.py:1956} INFO - Dependencies all met for dep_context=non-requeueable deps ti=<TaskInstance: etl_airflow.transform scheduled__2025-05-11T00:00:00+00:00 [queued]>
[2025-12-17T01:58:40.652+0000] {taskinstance.py:1956} INFO - Dependencies all met for dep_context=requeueable deps ti=<TaskInstance: etl_airflow.transform scheduled__2025-05-11T00:00:00+00:00 [queued]>
[2025-12-17T01:58:40.654+0000] {taskinstance.py:2170} INFO - Starting attempt 1 of 3
[2025-12-17T01:58:40.672+0000] {taskinstance.py:2191} INFO - Executing <Task(PythonOperator): transform> on 2025-05-11 00:00:00+00:00
[2025-12-17T01:58:40.681+0000] {standard_task_runner.py:60} INFO - Started process 5024 to run task
[2025-12-17T01:58:40.688+0000] {standard_task_runner.py:87} INFO - Running: ['***', 'tasks', 'run', 'etl_***', 'transform', 'scheduled__2025-05-11T00:00:00+00:00', '--job-id', '1519', '--raw', '--subdir', 'DAGS_FOLDER/etl_dag.py', '--cfg-path', '/tmp/tmpaw6ndh8d']
[2025-12-17T01:58:40.693+0000] {standard_task_runner.py:88} INFO - Job 1519: Subtask transform
[2025-12-17T01:58:40.807+0000] {task_command.py:423} INFO - Running <TaskInstance: etl_airflow.transform scheduled__2025-05-11T00:00:00+00:00 [running]> on host 571e042550da
[2025-12-17T01:58:41.232+0000] {taskinstance.py:2480} INFO - Exporting env vars: AIRFLOW_CTX_DAG_OWNER='***' AIRFLOW_CTX_DAG_ID='etl_***' AIRFLOW_CTX_TASK_ID='transform' AIRFLOW_CTX_EXECUTION_DATE='2025-05-11T00:00:00+00:00' AIRFLOW_CTX_TRY_NUMBER='1' AIRFLOW_CTX_DAG_RUN_ID='scheduled__2025-05-11T00:00:00+00:00'
[2025-12-17T01:58:41.236+0000] {logging_mixin.py:188} INFO - [TRANSFORM]
[2025-12-17T01:58:41.274+0000] {logging_mixin.py:188} INFO - [TRANSFORM] done
[2025-12-17T01:58:41.276+0000] {python.py:201} INFO - Done. Returned value was: None
[2025-12-17T01:58:41.296+0000] {taskinstance.py:1138} INFO - Marking task as SUCCESS. dag_id=etl_***, task_id=transform, execution_date=20250511T000000, start_date=20251217T015840, end_date=20251217T015841
[2025-12-17T01:58:41.348+0000] {local_task_job_runner.py:234} INFO - Task exited with return code 0
[2025-12-17T01:58:41.397+0000] {taskinstance.py:3280} INFO - 1 downstream tasks scheduled from follow-on schedule check
[2025-12-17T05:00:14.683+0000] {taskinstance.py:1956} INFO - Dependencies all met for dep_context=non-requeueable deps ti=<TaskInstance: etl_airflow.transform scheduled__2025-05-11T00:00:00+00:00 [queued]>
[2025-12-17T05:00:14.697+0000] {taskinstance.py:1956} INFO - Dependencies all met for dep_context=requeueable deps ti=<TaskInstance: etl_airflow.transform scheduled__2025-05-11T00:00:00+00:00 [queued]>
[2025-12-17T05:00:14.698+0000] {taskinstance.py:2170} INFO - Starting attempt 1 of 3
[2025-12-17T05:00:14.717+0000] {taskinstance.py:2191} INFO - Executing <Task(PythonOperator): transform> on 2025-05-11 00:00:00+00:00
[2025-12-17T05:00:14.725+0000] {standard_task_runner.py:60} INFO - Started process 6763 to run task
[2025-12-17T05:00:14.730+0000] {standard_task_runner.py:87} INFO - Running: ['***', 'tasks', 'run', 'etl_***', 'transform', 'scheduled__2025-05-11T00:00:00+00:00', '--job-id', '1986', '--raw', '--subdir', 'DAGS_FOLDER/etl_***.py', '--cfg-path', '/tmp/tmpwq4pyu1b']
[2025-12-17T05:00:14.733+0000] {standard_task_runner.py:88} INFO - Job 1986: Subtask transform
[2025-12-17T05:00:14.836+0000] {task_command.py:423} INFO - Running <TaskInstance: etl_airflow.transform scheduled__2025-05-11T00:00:00+00:00 [running]> on host b3426f05ac70
[2025-12-17T05:00:15.119+0000] {taskinstance.py:2480} INFO - Exporting env vars: AIRFLOW_CTX_DAG_OWNER='***' AIRFLOW_CTX_DAG_ID='etl_***' AIRFLOW_CTX_TASK_ID='transform' AIRFLOW_CTX_EXECUTION_DATE='2025-05-11T00:00:00+00:00' AIRFLOW_CTX_TRY_NUMBER='1' AIRFLOW_CTX_DAG_RUN_ID='scheduled__2025-05-11T00:00:00+00:00'
[2025-12-17T05:00:15.122+0000] {taskinstance.py:2698} ERROR - Task failed with exception
Traceback (most recent call last):
  File "/home/airflow/.local/lib/python3.8/site-packages/airflow/models/taskinstance.py", line 433, in _execute_task
    result = execute_callable(context=context, **execute_callable_kwargs)
  File "/home/airflow/.local/lib/python3.8/site-packages/airflow/operators/python.py", line 199, in execute
    return_value = self.execute_callable()
  File "/home/airflow/.local/lib/python3.8/site-packages/airflow/operators/python.py", line 216, in execute_callable
    return self.python_callable(*self.op_args, **self.op_kwargs)
TypeError: transform_data() missing 1 required positional argument: 'df'
[2025-12-17T05:00:15.135+0000] {taskinstance.py:1138} INFO - Marking task as UP_FOR_RETRY. dag_id=etl_***, task_id=transform, execution_date=20250511T000000, start_date=20251217T050014, end_date=20251217T050015
[2025-12-17T05:00:15.155+0000] {standard_task_runner.py:107} ERROR - Failed to execute job 1986 for task transform (transform_data() missing 1 required positional argument: 'df'; 6763)
[2025-12-17T05:00:15.187+0000] {local_task_job_runner.py:234} INFO - Task exited with return code 1
[2025-12-17T05:00:15.216+0000] {taskinstance.py:3280} INFO - 0 downstream tasks scheduled from follow-on schedule check
