[2025-12-16T17:09:40.322+0000] {taskinstance.py:1956} INFO - Dependencies all met for dep_context=non-requeueable deps ti=<TaskInstance: etl_airflow.transform scheduled__2025-04-01T00:00:00+00:00 [queued]>
[2025-12-16T17:09:40.353+0000] {taskinstance.py:1956} INFO - Dependencies all met for dep_context=requeueable deps ti=<TaskInstance: etl_airflow.transform scheduled__2025-04-01T00:00:00+00:00 [queued]>
[2025-12-16T17:09:40.357+0000] {taskinstance.py:2170} INFO - Starting attempt 3 of 5
[2025-12-16T17:09:40.386+0000] {taskinstance.py:2191} INFO - Executing <Task(PythonOperator): transform> on 2025-04-01 00:00:00+00:00
[2025-12-16T17:09:40.402+0000] {standard_task_runner.py:60} INFO - Started process 295 to run task
[2025-12-16T17:09:40.416+0000] {standard_task_runner.py:87} INFO - Running: ['***', 'tasks', 'run', 'etl_***', 'transform', 'scheduled__2025-04-01T00:00:00+00:00', '--job-id', '3597', '--raw', '--subdir', 'DAGS_FOLDER/etl_dag.py', '--cfg-path', '/tmp/tmpusko3h4y']
[2025-12-16T17:09:40.426+0000] {standard_task_runner.py:88} INFO - Job 3597: Subtask transform
[2025-12-16T17:09:40.767+0000] {task_command.py:423} INFO - Running <TaskInstance: etl_airflow.transform scheduled__2025-04-01T00:00:00+00:00 [running]> on host 3b89cfee50e9
[2025-12-16T17:09:41.171+0000] {taskinstance.py:2480} INFO - Exporting env vars: AIRFLOW_CTX_DAG_OWNER='***' AIRFLOW_CTX_DAG_ID='etl_***' AIRFLOW_CTX_TASK_ID='transform' AIRFLOW_CTX_EXECUTION_DATE='2025-04-01T00:00:00+00:00' AIRFLOW_CTX_TRY_NUMBER='3' AIRFLOW_CTX_DAG_RUN_ID='scheduled__2025-04-01T00:00:00+00:00'
[2025-12-16T17:09:41.187+0000] {logging_mixin.py:188} INFO - [TRANSFORM]
[2025-12-16T17:09:41.321+0000] {logging_mixin.py:188} INFO - [TRANSFORM] done
[2025-12-16T17:09:41.338+0000] {python.py:201} INFO - Done. Returned value was: None
[2025-12-16T17:09:42.052+0000] {taskinstance.py:1138} INFO - Marking task as SUCCESS. dag_id=etl_***, task_id=transform, execution_date=20250401T000000, start_date=20251216T170940, end_date=20251216T170942
[2025-12-16T17:09:42.176+0000] {local_task_job_runner.py:234} INFO - Task exited with return code 0
[2025-12-16T17:09:42.227+0000] {taskinstance.py:3280} INFO - 1 downstream tasks scheduled from follow-on schedule check
[2025-12-17T04:59:04.653+0000] {taskinstance.py:1956} INFO - Dependencies all met for dep_context=non-requeueable deps ti=<TaskInstance: etl_airflow.transform scheduled__2025-04-01T00:00:00+00:00 [queued]>
[2025-12-17T04:59:04.668+0000] {taskinstance.py:1956} INFO - Dependencies all met for dep_context=requeueable deps ti=<TaskInstance: etl_airflow.transform scheduled__2025-04-01T00:00:00+00:00 [queued]>
[2025-12-17T04:59:04.672+0000] {taskinstance.py:2170} INFO - Starting attempt 3 of 3
[2025-12-17T04:59:04.763+0000] {taskinstance.py:2191} INFO - Executing <Task(PythonOperator): transform> on 2025-04-01 00:00:00+00:00
[2025-12-17T04:59:04.775+0000] {standard_task_runner.py:60} INFO - Started process 6326 to run task
[2025-12-17T04:59:04.782+0000] {standard_task_runner.py:87} INFO - Running: ['***', 'tasks', 'run', 'etl_***', 'transform', 'scheduled__2025-04-01T00:00:00+00:00', '--job-id', '1851', '--raw', '--subdir', 'DAGS_FOLDER/etl_***.py', '--cfg-path', '/tmp/tmpbpo4b6fa']
[2025-12-17T04:59:04.789+0000] {standard_task_runner.py:88} INFO - Job 1851: Subtask transform
[2025-12-17T04:59:04.920+0000] {task_command.py:423} INFO - Running <TaskInstance: etl_airflow.transform scheduled__2025-04-01T00:00:00+00:00 [running]> on host b3426f05ac70
[2025-12-17T04:59:05.281+0000] {taskinstance.py:2480} INFO - Exporting env vars: AIRFLOW_CTX_DAG_OWNER='***' AIRFLOW_CTX_DAG_ID='etl_***' AIRFLOW_CTX_TASK_ID='transform' AIRFLOW_CTX_EXECUTION_DATE='2025-04-01T00:00:00+00:00' AIRFLOW_CTX_TRY_NUMBER='3' AIRFLOW_CTX_DAG_RUN_ID='scheduled__2025-04-01T00:00:00+00:00'
[2025-12-17T04:59:05.283+0000] {taskinstance.py:2698} ERROR - Task failed with exception
Traceback (most recent call last):
  File "/home/airflow/.local/lib/python3.8/site-packages/airflow/models/taskinstance.py", line 433, in _execute_task
    result = execute_callable(context=context, **execute_callable_kwargs)
  File "/home/airflow/.local/lib/python3.8/site-packages/airflow/operators/python.py", line 199, in execute
    return_value = self.execute_callable()
  File "/home/airflow/.local/lib/python3.8/site-packages/airflow/operators/python.py", line 216, in execute_callable
    return self.python_callable(*self.op_args, **self.op_kwargs)
TypeError: transform_data() missing 1 required positional argument: 'df'
[2025-12-17T04:59:05.293+0000] {taskinstance.py:1138} INFO - Marking task as FAILED. dag_id=etl_***, task_id=transform, execution_date=20250401T000000, start_date=20251217T045904, end_date=20251217T045905
[2025-12-17T04:59:05.311+0000] {standard_task_runner.py:107} ERROR - Failed to execute job 1851 for task transform (transform_data() missing 1 required positional argument: 'df'; 6326)
[2025-12-17T04:59:05.358+0000] {local_task_job_runner.py:234} INFO - Task exited with return code 1
[2025-12-17T04:59:05.397+0000] {taskinstance.py:3280} INFO - 0 downstream tasks scheduled from follow-on schedule check
