[2025-12-16T17:07:37.779+0000] {taskinstance.py:1956} INFO - Dependencies all met for dep_context=non-requeueable deps ti=<TaskInstance: etl_airflow.transform scheduled__2025-03-09T00:00:00+00:00 [queued]>
[2025-12-16T17:07:37.799+0000] {taskinstance.py:1956} INFO - Dependencies all met for dep_context=requeueable deps ti=<TaskInstance: etl_airflow.transform scheduled__2025-03-09T00:00:00+00:00 [queued]>
[2025-12-16T17:07:37.800+0000] {taskinstance.py:2170} INFO - Starting attempt 1 of 3
[2025-12-16T17:07:37.823+0000] {taskinstance.py:2191} INFO - Executing <Task(PythonOperator): transform> on 2025-03-09 00:00:00+00:00
[2025-12-16T17:07:37.833+0000] {standard_task_runner.py:60} INFO - Started process 1635 to run task
[2025-12-16T17:07:37.837+0000] {standard_task_runner.py:87} INFO - Running: ['***', 'tasks', 'run', 'etl_***', 'transform', 'scheduled__2025-03-09T00:00:00+00:00', '--job-id', '3417', '--raw', '--subdir', 'DAGS_FOLDER/etl_dag.py', '--cfg-path', '/tmp/tmpfjumm8n4']
[2025-12-16T17:07:37.839+0000] {standard_task_runner.py:88} INFO - Job 3417: Subtask transform
[2025-12-16T17:07:37.940+0000] {task_command.py:423} INFO - Running <TaskInstance: etl_airflow.transform scheduled__2025-03-09T00:00:00+00:00 [running]> on host db658e834d9d
[2025-12-16T17:07:38.080+0000] {taskinstance.py:2480} INFO - Exporting env vars: AIRFLOW_CTX_DAG_OWNER='***' AIRFLOW_CTX_DAG_ID='etl_***' AIRFLOW_CTX_TASK_ID='transform' AIRFLOW_CTX_EXECUTION_DATE='2025-03-09T00:00:00+00:00' AIRFLOW_CTX_TRY_NUMBER='1' AIRFLOW_CTX_DAG_RUN_ID='scheduled__2025-03-09T00:00:00+00:00'
[2025-12-16T17:07:38.083+0000] {logging_mixin.py:188} INFO - [TRANSFORM]
[2025-12-16T17:07:38.103+0000] {taskinstance.py:2698} ERROR - Task failed with exception
Traceback (most recent call last):
  File "/home/airflow/.local/lib/python3.8/site-packages/airflow/models/taskinstance.py", line 433, in _execute_task
    result = execute_callable(context=context, **execute_callable_kwargs)
  File "/home/airflow/.local/lib/python3.8/site-packages/airflow/operators/python.py", line 199, in execute
    return_value = self.execute_callable()
  File "/home/airflow/.local/lib/python3.8/site-packages/airflow/operators/python.py", line 216, in execute_callable
    return self.python_callable(*self.op_args, **self.op_kwargs)
  File "/opt/airflow/etl_logic/pipeline.py", line 113, in transform_data
    df.to_csv(OUTPUT_PATH, index=False)
  File "/home/airflow/.local/lib/python3.8/site-packages/pandas/core/generic.py", line 3772, in to_csv
    return DataFrameRenderer(formatter).to_csv(
  File "/home/airflow/.local/lib/python3.8/site-packages/pandas/io/formats/format.py", line 1186, in to_csv
    csv_formatter.save()
  File "/home/airflow/.local/lib/python3.8/site-packages/pandas/io/formats/csvs.py", line 240, in save
    with get_handle(
  File "/home/airflow/.local/lib/python3.8/site-packages/pandas/io/common.py", line 737, in get_handle
    check_parent_directory(str(handle))
  File "/home/airflow/.local/lib/python3.8/site-packages/pandas/io/common.py", line 600, in check_parent_directory
    raise OSError(rf"Cannot save file into a non-existent directory: '{parent}'")
OSError: Cannot save file into a non-existent directory: 'E:\GPP\Task_4\comparative-data-orchestrationirflow\data'
[2025-12-16T17:07:38.143+0000] {taskinstance.py:1138} INFO - Marking task as UP_FOR_RETRY. dag_id=etl_***, task_id=transform, execution_date=20250309T000000, start_date=20251216T170737, end_date=20251216T170738
[2025-12-16T17:07:38.494+0000] {standard_task_runner.py:107} ERROR - Failed to execute job 3417 for task transform (Cannot save file into a non-existent directory: 'E:\GPP\Task_4\comparative-data-orchestrationirflow\data'; 1635)
[2025-12-16T17:07:38.535+0000] {local_task_job_runner.py:234} INFO - Task exited with return code 1
[2025-12-16T17:07:38.582+0000] {taskinstance.py:3280} INFO - 0 downstream tasks scheduled from follow-on schedule check
[2025-12-17T01:57:39.231+0000] {taskinstance.py:1956} INFO - Dependencies all met for dep_context=non-requeueable deps ti=<TaskInstance: etl_airflow.transform scheduled__2025-03-09T00:00:00+00:00 [queued]>
[2025-12-17T01:57:39.266+0000] {taskinstance.py:1956} INFO - Dependencies all met for dep_context=requeueable deps ti=<TaskInstance: etl_airflow.transform scheduled__2025-03-09T00:00:00+00:00 [queued]>
[2025-12-17T01:57:39.267+0000] {taskinstance.py:2170} INFO - Starting attempt 1 of 3
[2025-12-17T01:57:39.311+0000] {taskinstance.py:2191} INFO - Executing <Task(PythonOperator): transform> on 2025-03-09 00:00:00+00:00
[2025-12-17T01:57:39.329+0000] {standard_task_runner.py:60} INFO - Started process 4406 to run task
[2025-12-17T01:57:39.340+0000] {standard_task_runner.py:87} INFO - Running: ['***', 'tasks', 'run', 'etl_***', 'transform', 'scheduled__2025-03-09T00:00:00+00:00', '--job-id', '1320', '--raw', '--subdir', 'DAGS_FOLDER/etl_dag.py', '--cfg-path', '/tmp/tmpmhmw4pbg']
[2025-12-17T01:57:39.361+0000] {standard_task_runner.py:88} INFO - Job 1320: Subtask transform
[2025-12-17T01:57:39.646+0000] {task_command.py:423} INFO - Running <TaskInstance: etl_airflow.transform scheduled__2025-03-09T00:00:00+00:00 [running]> on host 571e042550da
[2025-12-17T01:57:40.216+0000] {taskinstance.py:2480} INFO - Exporting env vars: AIRFLOW_CTX_DAG_OWNER='***' AIRFLOW_CTX_DAG_ID='etl_***' AIRFLOW_CTX_TASK_ID='transform' AIRFLOW_CTX_EXECUTION_DATE='2025-03-09T00:00:00+00:00' AIRFLOW_CTX_TRY_NUMBER='1' AIRFLOW_CTX_DAG_RUN_ID='scheduled__2025-03-09T00:00:00+00:00'
[2025-12-17T01:57:40.220+0000] {logging_mixin.py:188} INFO - [TRANSFORM]
[2025-12-17T01:57:40.269+0000] {logging_mixin.py:188} INFO - [TRANSFORM] done
[2025-12-17T01:57:40.271+0000] {python.py:201} INFO - Done. Returned value was: None
[2025-12-17T01:57:40.302+0000] {taskinstance.py:1138} INFO - Marking task as SUCCESS. dag_id=etl_***, task_id=transform, execution_date=20250309T000000, start_date=20251217T015739, end_date=20251217T015740
[2025-12-17T01:57:40.365+0000] {local_task_job_runner.py:234} INFO - Task exited with return code 0
[2025-12-17T01:57:40.450+0000] {taskinstance.py:3280} INFO - 1 downstream tasks scheduled from follow-on schedule check
[2025-12-17T04:58:06.223+0000] {taskinstance.py:1956} INFO - Dependencies all met for dep_context=non-requeueable deps ti=<TaskInstance: etl_airflow.transform scheduled__2025-03-09T00:00:00+00:00 [queued]>
[2025-12-17T04:58:06.245+0000] {taskinstance.py:1956} INFO - Dependencies all met for dep_context=requeueable deps ti=<TaskInstance: etl_airflow.transform scheduled__2025-03-09T00:00:00+00:00 [queued]>
[2025-12-17T04:58:06.246+0000] {taskinstance.py:2170} INFO - Starting attempt 1 of 3
[2025-12-17T04:58:06.308+0000] {taskinstance.py:2191} INFO - Executing <Task(PythonOperator): transform> on 2025-03-09 00:00:00+00:00
[2025-12-17T04:58:06.318+0000] {standard_task_runner.py:60} INFO - Started process 5974 to run task
[2025-12-17T04:58:06.328+0000] {standard_task_runner.py:87} INFO - Running: ['***', 'tasks', 'run', 'etl_***', 'transform', 'scheduled__2025-03-09T00:00:00+00:00', '--job-id', '1742', '--raw', '--subdir', 'DAGS_FOLDER/etl_***.py', '--cfg-path', '/tmp/tmptdxco3gf']
[2025-12-17T04:58:06.332+0000] {standard_task_runner.py:88} INFO - Job 1742: Subtask transform
[2025-12-17T04:58:06.486+0000] {task_command.py:423} INFO - Running <TaskInstance: etl_airflow.transform scheduled__2025-03-09T00:00:00+00:00 [running]> on host b3426f05ac70
[2025-12-17T04:58:06.912+0000] {taskinstance.py:2480} INFO - Exporting env vars: AIRFLOW_CTX_DAG_OWNER='***' AIRFLOW_CTX_DAG_ID='etl_***' AIRFLOW_CTX_TASK_ID='transform' AIRFLOW_CTX_EXECUTION_DATE='2025-03-09T00:00:00+00:00' AIRFLOW_CTX_TRY_NUMBER='1' AIRFLOW_CTX_DAG_RUN_ID='scheduled__2025-03-09T00:00:00+00:00'
[2025-12-17T04:58:06.917+0000] {taskinstance.py:2698} ERROR - Task failed with exception
Traceback (most recent call last):
  File "/home/airflow/.local/lib/python3.8/site-packages/airflow/models/taskinstance.py", line 433, in _execute_task
    result = execute_callable(context=context, **execute_callable_kwargs)
  File "/home/airflow/.local/lib/python3.8/site-packages/airflow/operators/python.py", line 199, in execute
    return_value = self.execute_callable()
  File "/home/airflow/.local/lib/python3.8/site-packages/airflow/operators/python.py", line 216, in execute_callable
    return self.python_callable(*self.op_args, **self.op_kwargs)
TypeError: transform_data() missing 1 required positional argument: 'df'
[2025-12-17T04:58:06.932+0000] {taskinstance.py:1138} INFO - Marking task as UP_FOR_RETRY. dag_id=etl_***, task_id=transform, execution_date=20250309T000000, start_date=20251217T045806, end_date=20251217T045806
[2025-12-17T04:58:07.099+0000] {standard_task_runner.py:107} ERROR - Failed to execute job 1742 for task transform (transform_data() missing 1 required positional argument: 'df'; 5974)
[2025-12-17T04:58:07.151+0000] {local_task_job_runner.py:234} INFO - Task exited with return code 1
[2025-12-17T04:58:07.223+0000] {taskinstance.py:3280} INFO - 0 downstream tasks scheduled from follow-on schedule check
