[2025-12-16T17:10:50.339+0000] {taskinstance.py:1956} INFO - Dependencies all met for dep_context=non-requeueable deps ti=<TaskInstance: etl_airflow.load scheduled__2024-03-09T00:00:00+00:00 [queued]>
[2025-12-16T17:10:50.403+0000] {taskinstance.py:1956} INFO - Dependencies all met for dep_context=requeueable deps ti=<TaskInstance: etl_airflow.load scheduled__2024-03-09T00:00:00+00:00 [queued]>
[2025-12-16T17:10:50.409+0000] {taskinstance.py:2170} INFO - Starting attempt 1 of 3
[2025-12-16T17:10:50.449+0000] {taskinstance.py:2191} INFO - Executing <Task(PythonOperator): load> on 2024-03-09 00:00:00+00:00
[2025-12-16T17:10:50.463+0000] {standard_task_runner.py:60} INFO - Started process 1095 to run task
[2025-12-16T17:10:50.479+0000] {standard_task_runner.py:87} INFO - Running: ['***', 'tasks', 'run', 'etl_***', 'load', 'scheduled__2024-03-09T00:00:00+00:00', '--job-id', '3844', '--raw', '--subdir', 'DAGS_FOLDER/etl_dag.py', '--cfg-path', '/tmp/tmpto5izze1']
[2025-12-16T17:10:50.488+0000] {standard_task_runner.py:88} INFO - Job 3844: Subtask load
[2025-12-16T17:10:50.724+0000] {task_command.py:423} INFO - Running <TaskInstance: etl_airflow.load scheduled__2024-03-09T00:00:00+00:00 [running]> on host 3b89cfee50e9
[2025-12-16T17:10:51.053+0000] {taskinstance.py:2480} INFO - Exporting env vars: AIRFLOW_CTX_DAG_OWNER='***' AIRFLOW_CTX_DAG_ID='etl_***' AIRFLOW_CTX_TASK_ID='load' AIRFLOW_CTX_EXECUTION_DATE='2024-03-09T00:00:00+00:00' AIRFLOW_CTX_TRY_NUMBER='1' AIRFLOW_CTX_DAG_RUN_ID='scheduled__2024-03-09T00:00:00+00:00'
[2025-12-16T17:10:51.057+0000] {logging_mixin.py:188} INFO - [LOAD]
[2025-12-16T17:10:52.440+0000] {logging_mixin.py:188} INFO -    user_id event_type            timestamp country
0        1      login  2025-01-01T09:00:00      IN
1        1      click  2025-01-01T09:05:00      IN
2        1     logout  2025-01-01T09:15:00      IN
3        3      login  2025-01-02T08:00:00      FR
4        3      click  2025-01-02T08:05:00      FR
[2025-12-16T17:10:52.453+0000] {logging_mixin.py:188} INFO - [LOAD] done
[2025-12-16T17:10:52.455+0000] {python.py:201} INFO - Done. Returned value was: None
[2025-12-16T17:10:52.496+0000] {taskinstance.py:1138} INFO - Marking task as SUCCESS. dag_id=etl_***, task_id=load, execution_date=20240309T000000, start_date=20251216T171050, end_date=20251216T171052
[2025-12-16T17:10:52.621+0000] {local_task_job_runner.py:234} INFO - Task exited with return code 0
[2025-12-16T17:10:52.664+0000] {taskinstance.py:3280} INFO - 0 downstream tasks scheduled from follow-on schedule check
[2025-12-17T01:51:20.523+0000] {taskinstance.py:1956} INFO - Dependencies all met for dep_context=non-requeueable deps ti=<TaskInstance: etl_airflow.load scheduled__2024-03-09T00:00:00+00:00 [queued]>
[2025-12-17T01:51:20.558+0000] {taskinstance.py:1956} INFO - Dependencies all met for dep_context=requeueable deps ti=<TaskInstance: etl_airflow.load scheduled__2024-03-09T00:00:00+00:00 [queued]>
[2025-12-17T01:51:20.562+0000] {taskinstance.py:2170} INFO - Starting attempt 1 of 3
[2025-12-17T01:51:20.595+0000] {taskinstance.py:2191} INFO - Executing <Task(PythonOperator): load> on 2024-03-09 00:00:00+00:00
[2025-12-17T01:51:20.606+0000] {standard_task_runner.py:60} INFO - Started process 895 to run task
[2025-12-17T01:51:20.611+0000] {standard_task_runner.py:87} INFO - Running: ['***', 'tasks', 'run', 'etl_***', 'load', 'scheduled__2024-03-09T00:00:00+00:00', '--job-id', '220', '--raw', '--subdir', 'DAGS_FOLDER/etl_dag.py', '--cfg-path', '/tmp/tmp8lr762u0']
[2025-12-17T01:51:20.615+0000] {standard_task_runner.py:88} INFO - Job 220: Subtask load
[2025-12-17T01:51:20.782+0000] {task_command.py:423} INFO - Running <TaskInstance: etl_airflow.load scheduled__2024-03-09T00:00:00+00:00 [running]> on host 571e042550da
[2025-12-17T01:51:21.202+0000] {taskinstance.py:2480} INFO - Exporting env vars: AIRFLOW_CTX_DAG_OWNER='***' AIRFLOW_CTX_DAG_ID='etl_***' AIRFLOW_CTX_TASK_ID='load' AIRFLOW_CTX_EXECUTION_DATE='2024-03-09T00:00:00+00:00' AIRFLOW_CTX_TRY_NUMBER='1' AIRFLOW_CTX_DAG_RUN_ID='scheduled__2024-03-09T00:00:00+00:00'
[2025-12-17T01:51:21.205+0000] {logging_mixin.py:188} INFO - [LOAD]
[2025-12-17T01:51:21.233+0000] {logging_mixin.py:188} INFO -    user_id event_type            timestamp country
0        1      login  2025-01-01T09:00:00      IN
1        1      click  2025-01-01T09:05:00      IN
2        1     logout  2025-01-01T09:15:00      IN
3        3      login  2025-01-02T08:00:00      FR
4        3      click  2025-01-02T08:05:00      FR
[2025-12-17T01:51:21.234+0000] {logging_mixin.py:188} INFO - [LOAD] done
[2025-12-17T01:51:21.236+0000] {python.py:201} INFO - Done. Returned value was: None
[2025-12-17T01:51:21.251+0000] {taskinstance.py:1138} INFO - Marking task as SUCCESS. dag_id=etl_***, task_id=load, execution_date=20240309T000000, start_date=20251217T015120, end_date=20251217T015121
[2025-12-17T01:51:21.350+0000] {local_task_job_runner.py:234} INFO - Task exited with return code 0
[2025-12-17T01:51:21.411+0000] {taskinstance.py:3280} INFO - 0 downstream tasks scheduled from follow-on schedule check
