[2025-12-17T01:59:17.074+0000] {taskinstance.py:1956} INFO - Dependencies all met for dep_context=non-requeueable deps ti=<TaskInstance: etl_airflow.transform scheduled__2025-06-15T00:00:00+00:00 [queued]>
[2025-12-17T01:59:17.092+0000] {taskinstance.py:1956} INFO - Dependencies all met for dep_context=requeueable deps ti=<TaskInstance: etl_airflow.transform scheduled__2025-06-15T00:00:00+00:00 [queued]>
[2025-12-17T01:59:17.096+0000] {taskinstance.py:2170} INFO - Starting attempt 1 of 3
[2025-12-17T01:59:17.127+0000] {taskinstance.py:2191} INFO - Executing <Task(PythonOperator): transform> on 2025-06-15 00:00:00+00:00
[2025-12-17T01:59:17.138+0000] {standard_task_runner.py:60} INFO - Started process 5387 to run task
[2025-12-17T01:59:17.148+0000] {standard_task_runner.py:87} INFO - Running: ['***', 'tasks', 'run', 'etl_***', 'transform', 'scheduled__2025-06-15T00:00:00+00:00', '--job-id', '1632', '--raw', '--subdir', 'DAGS_FOLDER/etl_dag.py', '--cfg-path', '/tmp/tmpqefaam7v']
[2025-12-17T01:59:17.153+0000] {standard_task_runner.py:88} INFO - Job 1632: Subtask transform
[2025-12-17T01:59:17.311+0000] {task_command.py:423} INFO - Running <TaskInstance: etl_airflow.transform scheduled__2025-06-15T00:00:00+00:00 [running]> on host 571e042550da
[2025-12-17T01:59:17.887+0000] {taskinstance.py:2480} INFO - Exporting env vars: AIRFLOW_CTX_DAG_OWNER='***' AIRFLOW_CTX_DAG_ID='etl_***' AIRFLOW_CTX_TASK_ID='transform' AIRFLOW_CTX_EXECUTION_DATE='2025-06-15T00:00:00+00:00' AIRFLOW_CTX_TRY_NUMBER='1' AIRFLOW_CTX_DAG_RUN_ID='scheduled__2025-06-15T00:00:00+00:00'
[2025-12-17T01:59:17.896+0000] {logging_mixin.py:188} INFO - [TRANSFORM]
[2025-12-17T01:59:17.986+0000] {logging_mixin.py:188} INFO - [TRANSFORM] done
[2025-12-17T01:59:17.992+0000] {python.py:201} INFO - Done. Returned value was: None
[2025-12-17T01:59:18.021+0000] {taskinstance.py:1138} INFO - Marking task as SUCCESS. dag_id=etl_***, task_id=transform, execution_date=20250615T000000, start_date=20251217T015917, end_date=20251217T015918
[2025-12-17T01:59:18.098+0000] {local_task_job_runner.py:234} INFO - Task exited with return code 0
[2025-12-17T01:59:18.367+0000] {taskinstance.py:3280} INFO - 0 downstream tasks scheduled from follow-on schedule check
[2025-12-17T05:01:30.685+0000] {taskinstance.py:1956} INFO - Dependencies all met for dep_context=non-requeueable deps ti=<TaskInstance: etl_airflow.transform scheduled__2025-06-15T00:00:00+00:00 [queued]>
[2025-12-17T05:01:30.706+0000] {taskinstance.py:1956} INFO - Dependencies all met for dep_context=requeueable deps ti=<TaskInstance: etl_airflow.transform scheduled__2025-06-15T00:00:00+00:00 [queued]>
[2025-12-17T05:01:30.708+0000] {taskinstance.py:2170} INFO - Starting attempt 1 of 3
[2025-12-17T05:01:30.743+0000] {taskinstance.py:2191} INFO - Executing <Task(PythonOperator): transform> on 2025-06-15 00:00:00+00:00
[2025-12-17T05:01:30.767+0000] {standard_task_runner.py:60} INFO - Started process 7248 to run task
[2025-12-17T05:01:30.774+0000] {standard_task_runner.py:87} INFO - Running: ['***', 'tasks', 'run', 'etl_***', 'transform', 'scheduled__2025-06-15T00:00:00+00:00', '--job-id', '2129', '--raw', '--subdir', 'DAGS_FOLDER/etl_***.py', '--cfg-path', '/tmp/tmpcjlxxq71']
[2025-12-17T05:01:30.786+0000] {standard_task_runner.py:88} INFO - Job 2129: Subtask transform
[2025-12-17T05:01:30.957+0000] {task_command.py:423} INFO - Running <TaskInstance: etl_airflow.transform scheduled__2025-06-15T00:00:00+00:00 [running]> on host b3426f05ac70
[2025-12-17T05:01:31.437+0000] {taskinstance.py:2480} INFO - Exporting env vars: AIRFLOW_CTX_DAG_OWNER='***' AIRFLOW_CTX_DAG_ID='etl_***' AIRFLOW_CTX_TASK_ID='transform' AIRFLOW_CTX_EXECUTION_DATE='2025-06-15T00:00:00+00:00' AIRFLOW_CTX_TRY_NUMBER='1' AIRFLOW_CTX_DAG_RUN_ID='scheduled__2025-06-15T00:00:00+00:00'
[2025-12-17T05:01:31.440+0000] {taskinstance.py:2698} ERROR - Task failed with exception
Traceback (most recent call last):
  File "/home/airflow/.local/lib/python3.8/site-packages/airflow/models/taskinstance.py", line 433, in _execute_task
    result = execute_callable(context=context, **execute_callable_kwargs)
  File "/home/airflow/.local/lib/python3.8/site-packages/airflow/operators/python.py", line 199, in execute
    return_value = self.execute_callable()
  File "/home/airflow/.local/lib/python3.8/site-packages/airflow/operators/python.py", line 216, in execute_callable
    return self.python_callable(*self.op_args, **self.op_kwargs)
TypeError: transform_data() missing 1 required positional argument: 'df'
[2025-12-17T05:01:31.461+0000] {taskinstance.py:1138} INFO - Marking task as UP_FOR_RETRY. dag_id=etl_***, task_id=transform, execution_date=20250615T000000, start_date=20251217T050130, end_date=20251217T050131
[2025-12-17T05:01:31.509+0000] {standard_task_runner.py:107} ERROR - Failed to execute job 2129 for task transform (transform_data() missing 1 required positional argument: 'df'; 7248)
[2025-12-17T05:01:31.573+0000] {local_task_job_runner.py:234} INFO - Task exited with return code 1
[2025-12-17T05:01:31.817+0000] {taskinstance.py:3280} INFO - 0 downstream tasks scheduled from follow-on schedule check
