[2025-12-16T17:11:05.801+0000] {taskinstance.py:1956} INFO - Dependencies all met for dep_context=non-requeueable deps ti=<TaskInstance: etl_airflow.load scheduled__2024-04-01T00:00:00+00:00 [queued]>
[2025-12-16T17:11:05.870+0000] {taskinstance.py:1956} INFO - Dependencies all met for dep_context=requeueable deps ti=<TaskInstance: etl_airflow.load scheduled__2024-04-01T00:00:00+00:00 [queued]>
[2025-12-16T17:11:05.896+0000] {taskinstance.py:2170} INFO - Starting attempt 1 of 3
[2025-12-16T17:11:06.008+0000] {taskinstance.py:2191} INFO - Executing <Task(PythonOperator): load> on 2024-04-01 00:00:00+00:00
[2025-12-16T17:11:06.062+0000] {standard_task_runner.py:60} INFO - Started process 1256 to run task
[2025-12-16T17:11:06.090+0000] {standard_task_runner.py:87} INFO - Running: ['***', 'tasks', 'run', 'etl_***', 'load', 'scheduled__2024-04-01T00:00:00+00:00', '--job-id', '3901', '--raw', '--subdir', 'DAGS_FOLDER/etl_dag.py', '--cfg-path', '/tmp/tmpq8xg2en8']
[2025-12-16T17:11:06.120+0000] {standard_task_runner.py:88} INFO - Job 3901: Subtask load
[2025-12-16T17:11:06.515+0000] {task_command.py:423} INFO - Running <TaskInstance: etl_airflow.load scheduled__2024-04-01T00:00:00+00:00 [running]> on host 3b89cfee50e9
[2025-12-16T17:11:06.716+0000] {taskinstance.py:2480} INFO - Exporting env vars: AIRFLOW_CTX_DAG_OWNER='***' AIRFLOW_CTX_DAG_ID='etl_***' AIRFLOW_CTX_TASK_ID='load' AIRFLOW_CTX_EXECUTION_DATE='2024-04-01T00:00:00+00:00' AIRFLOW_CTX_TRY_NUMBER='1' AIRFLOW_CTX_DAG_RUN_ID='scheduled__2024-04-01T00:00:00+00:00'
[2025-12-16T17:11:06.720+0000] {logging_mixin.py:188} INFO - [LOAD]
[2025-12-16T17:11:06.992+0000] {logging_mixin.py:188} INFO -    user_id event_type            timestamp country
0        1      login  2025-01-01T09:00:00      IN
1        1      click  2025-01-01T09:05:00      IN
2        1     logout  2025-01-01T09:15:00      IN
3        3      login  2025-01-02T08:00:00      FR
4        3      click  2025-01-02T08:05:00      FR
[2025-12-16T17:11:06.994+0000] {logging_mixin.py:188} INFO - [LOAD] done
[2025-12-16T17:11:06.996+0000] {python.py:201} INFO - Done. Returned value was: None
[2025-12-16T17:11:07.023+0000] {taskinstance.py:1138} INFO - Marking task as SUCCESS. dag_id=etl_***, task_id=load, execution_date=20240401T000000, start_date=20251216T171105, end_date=20251216T171107
[2025-12-16T17:11:07.119+0000] {local_task_job_runner.py:234} INFO - Task exited with return code 0
[2025-12-16T17:11:07.276+0000] {taskinstance.py:3280} INFO - 0 downstream tasks scheduled from follow-on schedule check
[2025-12-17T01:52:02.142+0000] {taskinstance.py:1956} INFO - Dependencies all met for dep_context=non-requeueable deps ti=<TaskInstance: etl_airflow.load scheduled__2024-04-01T00:00:00+00:00 [queued]>
[2025-12-17T01:52:02.192+0000] {taskinstance.py:1956} INFO - Dependencies all met for dep_context=requeueable deps ti=<TaskInstance: etl_airflow.load scheduled__2024-04-01T00:00:00+00:00 [queued]>
[2025-12-17T01:52:02.201+0000] {taskinstance.py:2170} INFO - Starting attempt 1 of 3
[2025-12-17T01:52:02.451+0000] {taskinstance.py:2191} INFO - Executing <Task(PythonOperator): load> on 2024-04-01 00:00:00+00:00
[2025-12-17T01:52:02.471+0000] {standard_task_runner.py:60} INFO - Started process 1265 to run task
[2025-12-17T01:52:02.507+0000] {standard_task_runner.py:87} INFO - Running: ['***', 'tasks', 'run', 'etl_***', 'load', 'scheduled__2024-04-01T00:00:00+00:00', '--job-id', '330', '--raw', '--subdir', 'DAGS_FOLDER/etl_dag.py', '--cfg-path', '/tmp/tmpuqi9z8w4']
[2025-12-17T01:52:02.531+0000] {standard_task_runner.py:88} INFO - Job 330: Subtask load
[2025-12-17T01:52:02.825+0000] {task_command.py:423} INFO - Running <TaskInstance: etl_airflow.load scheduled__2024-04-01T00:00:00+00:00 [running]> on host 571e042550da
[2025-12-17T01:52:03.869+0000] {taskinstance.py:2480} INFO - Exporting env vars: AIRFLOW_CTX_DAG_OWNER='***' AIRFLOW_CTX_DAG_ID='etl_***' AIRFLOW_CTX_TASK_ID='load' AIRFLOW_CTX_EXECUTION_DATE='2024-04-01T00:00:00+00:00' AIRFLOW_CTX_TRY_NUMBER='1' AIRFLOW_CTX_DAG_RUN_ID='scheduled__2024-04-01T00:00:00+00:00'
[2025-12-17T01:52:03.873+0000] {logging_mixin.py:188} INFO - [LOAD]
[2025-12-17T01:52:03.945+0000] {logging_mixin.py:188} INFO -    user_id event_type            timestamp country
0        1      login  2025-01-01T09:00:00      IN
1        1      click  2025-01-01T09:05:00      IN
2        1     logout  2025-01-01T09:15:00      IN
3        3      login  2025-01-02T08:00:00      FR
4        3      click  2025-01-02T08:05:00      FR
[2025-12-17T01:52:03.947+0000] {logging_mixin.py:188} INFO - [LOAD] done
[2025-12-17T01:52:03.949+0000] {python.py:201} INFO - Done. Returned value was: None
[2025-12-17T01:52:03.987+0000] {taskinstance.py:1138} INFO - Marking task as SUCCESS. dag_id=etl_***, task_id=load, execution_date=20240401T000000, start_date=20251217T015202, end_date=20251217T015203
[2025-12-17T01:52:04.137+0000] {local_task_job_runner.py:234} INFO - Task exited with return code 0
[2025-12-17T01:52:04.263+0000] {taskinstance.py:3280} INFO - 0 downstream tasks scheduled from follow-on schedule check
