[2025-12-17T04:20:39.882+0000] {taskinstance.py:1956} INFO - Dependencies all met for dep_context=non-requeueable deps ti=<TaskInstance: etl_airflow.transform scheduled__2024-05-30T00:00:00+00:00 [queued]>
[2025-12-17T04:20:39.896+0000] {taskinstance.py:1956} INFO - Dependencies all met for dep_context=requeueable deps ti=<TaskInstance: etl_airflow.transform scheduled__2024-05-30T00:00:00+00:00 [queued]>
[2025-12-17T04:20:39.897+0000] {taskinstance.py:2170} INFO - Starting attempt 3 of 3
[2025-12-17T04:20:39.918+0000] {taskinstance.py:2191} INFO - Executing <Task(PythonOperator): transform> on 2024-05-30 00:00:00+00:00
[2025-12-17T04:20:39.927+0000] {standard_task_runner.py:60} INFO - Started process 1072 to run task
[2025-12-17T04:20:39.934+0000] {standard_task_runner.py:87} INFO - Running: ['***', 'tasks', 'run', 'etl_***', 'transform', 'scheduled__2024-05-30T00:00:00+00:00', '--job-id', '260', '--raw', '--subdir', 'DAGS_FOLDER/etl_***.py', '--cfg-path', '/tmp/tmpb90au0ku']
[2025-12-17T04:20:39.937+0000] {standard_task_runner.py:88} INFO - Job 260: Subtask transform
[2025-12-17T04:20:40.040+0000] {task_command.py:423} INFO - Running <TaskInstance: etl_airflow.transform scheduled__2024-05-30T00:00:00+00:00 [running]> on host c5811fe183ca
[2025-12-17T04:20:40.426+0000] {taskinstance.py:2480} INFO - Exporting env vars: AIRFLOW_CTX_DAG_OWNER='***' AIRFLOW_CTX_DAG_ID='etl_***' AIRFLOW_CTX_TASK_ID='transform' AIRFLOW_CTX_EXECUTION_DATE='2024-05-30T00:00:00+00:00' AIRFLOW_CTX_TRY_NUMBER='3' AIRFLOW_CTX_DAG_RUN_ID='scheduled__2024-05-30T00:00:00+00:00'
[2025-12-17T04:20:40.428+0000] {taskinstance.py:2698} ERROR - Task failed with exception
Traceback (most recent call last):
  File "/home/airflow/.local/lib/python3.8/site-packages/airflow/models/taskinstance.py", line 433, in _execute_task
    result = execute_callable(context=context, **execute_callable_kwargs)
  File "/home/airflow/.local/lib/python3.8/site-packages/airflow/operators/python.py", line 199, in execute
    return_value = self.execute_callable()
  File "/home/airflow/.local/lib/python3.8/site-packages/airflow/operators/python.py", line 216, in execute_callable
    return self.python_callable(*self.op_args, **self.op_kwargs)
TypeError: transform_data() missing 1 required positional argument: 'df'
[2025-12-17T04:20:40.442+0000] {taskinstance.py:1138} INFO - Marking task as FAILED. dag_id=etl_***, task_id=transform, execution_date=20240530T000000, start_date=20251217T042039, end_date=20251217T042040
[2025-12-17T04:20:40.458+0000] {standard_task_runner.py:107} ERROR - Failed to execute job 260 for task transform (transform_data() missing 1 required positional argument: 'df'; 1072)
[2025-12-17T04:20:40.508+0000] {local_task_job_runner.py:234} INFO - Task exited with return code 1
[2025-12-17T04:20:40.542+0000] {taskinstance.py:3280} INFO - 0 downstream tasks scheduled from follow-on schedule check
[2025-12-17T04:48:05.401+0000] {taskinstance.py:1956} INFO - Dependencies all met for dep_context=non-requeueable deps ti=<TaskInstance: etl_airflow.transform scheduled__2024-05-30T00:00:00+00:00 [queued]>
[2025-12-17T04:48:05.422+0000] {taskinstance.py:1956} INFO - Dependencies all met for dep_context=requeueable deps ti=<TaskInstance: etl_airflow.transform scheduled__2024-05-30T00:00:00+00:00 [queued]>
[2025-12-17T04:48:05.435+0000] {taskinstance.py:2170} INFO - Starting attempt 3 of 3
[2025-12-17T04:48:05.468+0000] {taskinstance.py:2191} INFO - Executing <Task(PythonOperator): transform> on 2024-05-30 00:00:00+00:00
[2025-12-17T04:48:05.494+0000] {standard_task_runner.py:60} INFO - Started process 2324 to run task
[2025-12-17T04:48:05.500+0000] {standard_task_runner.py:87} INFO - Running: ['***', 'tasks', 'run', 'etl_***', 'transform', 'scheduled__2024-05-30T00:00:00+00:00', '--job-id', '634', '--raw', '--subdir', 'DAGS_FOLDER/etl_***.py', '--cfg-path', '/tmp/tmp3ucp2mfd']
[2025-12-17T04:48:05.522+0000] {standard_task_runner.py:88} INFO - Job 634: Subtask transform
[2025-12-17T04:48:05.789+0000] {task_command.py:423} INFO - Running <TaskInstance: etl_airflow.transform scheduled__2024-05-30T00:00:00+00:00 [running]> on host b3426f05ac70
[2025-12-17T04:48:06.351+0000] {taskinstance.py:2480} INFO - Exporting env vars: AIRFLOW_CTX_DAG_OWNER='***' AIRFLOW_CTX_DAG_ID='etl_***' AIRFLOW_CTX_TASK_ID='transform' AIRFLOW_CTX_EXECUTION_DATE='2024-05-30T00:00:00+00:00' AIRFLOW_CTX_TRY_NUMBER='3' AIRFLOW_CTX_DAG_RUN_ID='scheduled__2024-05-30T00:00:00+00:00'
[2025-12-17T04:48:06.356+0000] {taskinstance.py:2698} ERROR - Task failed with exception
Traceback (most recent call last):
  File "/home/airflow/.local/lib/python3.8/site-packages/airflow/models/taskinstance.py", line 433, in _execute_task
    result = execute_callable(context=context, **execute_callable_kwargs)
  File "/home/airflow/.local/lib/python3.8/site-packages/airflow/operators/python.py", line 199, in execute
    return_value = self.execute_callable()
  File "/home/airflow/.local/lib/python3.8/site-packages/airflow/operators/python.py", line 216, in execute_callable
    return self.python_callable(*self.op_args, **self.op_kwargs)
TypeError: transform_data() missing 1 required positional argument: 'df'
[2025-12-17T04:48:06.381+0000] {taskinstance.py:1138} INFO - Marking task as FAILED. dag_id=etl_***, task_id=transform, execution_date=20240530T000000, start_date=20251217T044805, end_date=20251217T044806
[2025-12-17T04:48:06.570+0000] {standard_task_runner.py:107} ERROR - Failed to execute job 634 for task transform (transform_data() missing 1 required positional argument: 'df'; 2324)
[2025-12-17T04:48:06.611+0000] {local_task_job_runner.py:234} INFO - Task exited with return code 1
[2025-12-17T04:48:06.647+0000] {taskinstance.py:3280} INFO - 0 downstream tasks scheduled from follow-on schedule check
[2025-12-17T07:41:35.522+0000] {taskinstance.py:1956} INFO - Dependencies all met for dep_context=non-requeueable deps ti=<TaskInstance: etl_airflow.transform scheduled__2024-05-30T00:00:00+00:00 [queued]>
[2025-12-17T07:41:35.545+0000] {taskinstance.py:1956} INFO - Dependencies all met for dep_context=requeueable deps ti=<TaskInstance: etl_airflow.transform scheduled__2024-05-30T00:00:00+00:00 [queued]>
[2025-12-17T07:41:35.546+0000] {taskinstance.py:2170} INFO - Starting attempt 3 of 3
[2025-12-17T07:41:35.572+0000] {taskinstance.py:2191} INFO - Executing <Task(PythonOperator): transform> on 2024-05-30 00:00:00+00:00
[2025-12-17T07:41:35.588+0000] {standard_task_runner.py:60} INFO - Started process 2372 to run task
[2025-12-17T07:41:35.596+0000] {standard_task_runner.py:87} INFO - Running: ['***', 'tasks', 'run', 'etl_***', 'transform', 'scheduled__2024-05-30T00:00:00+00:00', '--job-id', '633', '--raw', '--subdir', 'DAGS_FOLDER/etl_***.py', '--cfg-path', '/tmp/tmpdz85axu5']
[2025-12-17T07:41:35.604+0000] {standard_task_runner.py:88} INFO - Job 633: Subtask transform
[2025-12-17T07:41:35.739+0000] {task_command.py:423} INFO - Running <TaskInstance: etl_airflow.transform scheduled__2024-05-30T00:00:00+00:00 [running]> on host 2a0de06c8905
[2025-12-17T07:41:36.199+0000] {taskinstance.py:2480} INFO - Exporting env vars: AIRFLOW_CTX_DAG_OWNER='***' AIRFLOW_CTX_DAG_ID='etl_***' AIRFLOW_CTX_TASK_ID='transform' AIRFLOW_CTX_EXECUTION_DATE='2024-05-30T00:00:00+00:00' AIRFLOW_CTX_TRY_NUMBER='3' AIRFLOW_CTX_DAG_RUN_ID='scheduled__2024-05-30T00:00:00+00:00'
[2025-12-17T07:41:36.203+0000] {taskinstance.py:2698} ERROR - Task failed with exception
Traceback (most recent call last):
  File "/home/airflow/.local/lib/python3.8/site-packages/airflow/models/taskinstance.py", line 433, in _execute_task
    result = execute_callable(context=context, **execute_callable_kwargs)
  File "/home/airflow/.local/lib/python3.8/site-packages/airflow/operators/python.py", line 199, in execute
    return_value = self.execute_callable()
  File "/home/airflow/.local/lib/python3.8/site-packages/airflow/operators/python.py", line 216, in execute_callable
    return self.python_callable(*self.op_args, **self.op_kwargs)
TypeError: transform_data() missing 1 required positional argument: 'df'
[2025-12-17T07:41:36.219+0000] {taskinstance.py:1138} INFO - Marking task as FAILED. dag_id=etl_***, task_id=transform, execution_date=20240530T000000, start_date=20251217T074135, end_date=20251217T074136
[2025-12-17T07:41:36.336+0000] {standard_task_runner.py:107} ERROR - Failed to execute job 633 for task transform (transform_data() missing 1 required positional argument: 'df'; 2372)
[2025-12-17T07:41:36.377+0000] {local_task_job_runner.py:234} INFO - Task exited with return code 1
[2025-12-17T07:41:36.428+0000] {taskinstance.py:3280} INFO - 0 downstream tasks scheduled from follow-on schedule check
