[2025-12-16T17:20:10.183+0000] {taskinstance.py:1956} INFO - Dependencies all met for dep_context=non-requeueable deps ti=<TaskInstance: etl_airflow.transform scheduled__2024-05-30T00:00:00+00:00 [queued]>
[2025-12-16T17:20:10.237+0000] {taskinstance.py:1956} INFO - Dependencies all met for dep_context=requeueable deps ti=<TaskInstance: etl_airflow.transform scheduled__2024-05-30T00:00:00+00:00 [queued]>
[2025-12-16T17:20:10.242+0000] {taskinstance.py:2170} INFO - Starting attempt 2 of 4
[2025-12-16T17:20:10.316+0000] {taskinstance.py:2191} INFO - Executing <Task(PythonOperator): transform> on 2024-05-30 00:00:00+00:00
[2025-12-16T17:20:10.335+0000] {standard_task_runner.py:60} INFO - Started process 4867 to run task
[2025-12-16T17:20:10.346+0000] {standard_task_runner.py:87} INFO - Running: ['***', 'tasks', 'run', 'etl_***', 'transform', 'scheduled__2024-05-30T00:00:00+00:00', '--job-id', '5620', '--raw', '--subdir', 'DAGS_FOLDER/etl_dag.py', '--cfg-path', '/tmp/tmp3sqgwfop']
[2025-12-16T17:20:10.353+0000] {standard_task_runner.py:88} INFO - Job 5620: Subtask transform
[2025-12-16T17:20:10.572+0000] {task_command.py:423} INFO - Running <TaskInstance: etl_airflow.transform scheduled__2024-05-30T00:00:00+00:00 [running]> on host 3b89cfee50e9
[2025-12-16T17:20:10.915+0000] {taskinstance.py:2480} INFO - Exporting env vars: AIRFLOW_CTX_DAG_OWNER='***' AIRFLOW_CTX_DAG_ID='etl_***' AIRFLOW_CTX_TASK_ID='transform' AIRFLOW_CTX_EXECUTION_DATE='2024-05-30T00:00:00+00:00' AIRFLOW_CTX_TRY_NUMBER='2' AIRFLOW_CTX_DAG_RUN_ID='scheduled__2024-05-30T00:00:00+00:00'
[2025-12-16T17:20:10.921+0000] {logging_mixin.py:188} INFO - [TRANSFORM]
[2025-12-16T17:20:11.325+0000] {logging_mixin.py:188} INFO - [TRANSFORM] done
[2025-12-16T17:20:11.327+0000] {python.py:201} INFO - Done. Returned value was: None
[2025-12-16T17:20:11.350+0000] {taskinstance.py:1138} INFO - Marking task as SUCCESS. dag_id=etl_***, task_id=transform, execution_date=20240530T000000, start_date=20251216T172010, end_date=20251216T172011
[2025-12-16T17:20:11.431+0000] {local_task_job_runner.py:234} INFO - Task exited with return code 0
[2025-12-16T17:20:11.540+0000] {taskinstance.py:3280} INFO - 0 downstream tasks scheduled from follow-on schedule check
[2025-12-17T04:20:28.043+0000] {taskinstance.py:1956} INFO - Dependencies all met for dep_context=non-requeueable deps ti=<TaskInstance: etl_airflow.transform scheduled__2024-05-30T00:00:00+00:00 [queued]>
[2025-12-17T04:20:28.055+0000] {taskinstance.py:1956} INFO - Dependencies all met for dep_context=requeueable deps ti=<TaskInstance: etl_airflow.transform scheduled__2024-05-30T00:00:00+00:00 [queued]>
[2025-12-17T04:20:28.056+0000] {taskinstance.py:2170} INFO - Starting attempt 2 of 3
[2025-12-17T04:20:28.101+0000] {taskinstance.py:2191} INFO - Executing <Task(PythonOperator): transform> on 2024-05-30 00:00:00+00:00
[2025-12-17T04:20:28.111+0000] {standard_task_runner.py:60} INFO - Started process 1013 to run task
[2025-12-17T04:20:28.119+0000] {standard_task_runner.py:87} INFO - Running: ['***', 'tasks', 'run', 'etl_***', 'transform', 'scheduled__2024-05-30T00:00:00+00:00', '--job-id', '246', '--raw', '--subdir', 'DAGS_FOLDER/etl_***.py', '--cfg-path', '/tmp/tmph5n77jix']
[2025-12-17T04:20:28.126+0000] {standard_task_runner.py:88} INFO - Job 246: Subtask transform
[2025-12-17T04:20:28.289+0000] {task_command.py:423} INFO - Running <TaskInstance: etl_airflow.transform scheduled__2024-05-30T00:00:00+00:00 [running]> on host c5811fe183ca
[2025-12-17T04:20:28.648+0000] {taskinstance.py:2480} INFO - Exporting env vars: AIRFLOW_CTX_DAG_OWNER='***' AIRFLOW_CTX_DAG_ID='etl_***' AIRFLOW_CTX_TASK_ID='transform' AIRFLOW_CTX_EXECUTION_DATE='2024-05-30T00:00:00+00:00' AIRFLOW_CTX_TRY_NUMBER='2' AIRFLOW_CTX_DAG_RUN_ID='scheduled__2024-05-30T00:00:00+00:00'
[2025-12-17T04:20:28.650+0000] {taskinstance.py:2698} ERROR - Task failed with exception
Traceback (most recent call last):
  File "/home/airflow/.local/lib/python3.8/site-packages/airflow/models/taskinstance.py", line 433, in _execute_task
    result = execute_callable(context=context, **execute_callable_kwargs)
  File "/home/airflow/.local/lib/python3.8/site-packages/airflow/operators/python.py", line 199, in execute
    return_value = self.execute_callable()
  File "/home/airflow/.local/lib/python3.8/site-packages/airflow/operators/python.py", line 216, in execute_callable
    return self.python_callable(*self.op_args, **self.op_kwargs)
TypeError: transform_data() missing 1 required positional argument: 'df'
[2025-12-17T04:20:28.666+0000] {taskinstance.py:1138} INFO - Marking task as UP_FOR_RETRY. dag_id=etl_***, task_id=transform, execution_date=20240530T000000, start_date=20251217T042028, end_date=20251217T042028
[2025-12-17T04:20:28.737+0000] {standard_task_runner.py:107} ERROR - Failed to execute job 246 for task transform (transform_data() missing 1 required positional argument: 'df'; 1013)
[2025-12-17T04:20:28.775+0000] {local_task_job_runner.py:234} INFO - Task exited with return code 1
[2025-12-17T04:20:29.013+0000] {taskinstance.py:3280} INFO - 0 downstream tasks scheduled from follow-on schedule check
[2025-12-17T04:47:53.064+0000] {taskinstance.py:1956} INFO - Dependencies all met for dep_context=non-requeueable deps ti=<TaskInstance: etl_airflow.transform scheduled__2024-05-30T00:00:00+00:00 [queued]>
[2025-12-17T04:47:53.077+0000] {taskinstance.py:1956} INFO - Dependencies all met for dep_context=requeueable deps ti=<TaskInstance: etl_airflow.transform scheduled__2024-05-30T00:00:00+00:00 [queued]>
[2025-12-17T04:47:53.078+0000] {taskinstance.py:2170} INFO - Starting attempt 2 of 3
[2025-12-17T04:47:53.176+0000] {taskinstance.py:2191} INFO - Executing <Task(PythonOperator): transform> on 2024-05-30 00:00:00+00:00
[2025-12-17T04:47:53.200+0000] {standard_task_runner.py:60} INFO - Started process 2258 to run task
[2025-12-17T04:47:53.224+0000] {standard_task_runner.py:87} INFO - Running: ['***', 'tasks', 'run', 'etl_***', 'transform', 'scheduled__2024-05-30T00:00:00+00:00', '--job-id', '620', '--raw', '--subdir', 'DAGS_FOLDER/etl_***.py', '--cfg-path', '/tmp/tmp7e1dptpb']
[2025-12-17T04:47:53.234+0000] {standard_task_runner.py:88} INFO - Job 620: Subtask transform
[2025-12-17T04:47:53.367+0000] {task_command.py:423} INFO - Running <TaskInstance: etl_airflow.transform scheduled__2024-05-30T00:00:00+00:00 [running]> on host b3426f05ac70
[2025-12-17T04:47:53.704+0000] {taskinstance.py:2480} INFO - Exporting env vars: AIRFLOW_CTX_DAG_OWNER='***' AIRFLOW_CTX_DAG_ID='etl_***' AIRFLOW_CTX_TASK_ID='transform' AIRFLOW_CTX_EXECUTION_DATE='2024-05-30T00:00:00+00:00' AIRFLOW_CTX_TRY_NUMBER='2' AIRFLOW_CTX_DAG_RUN_ID='scheduled__2024-05-30T00:00:00+00:00'
[2025-12-17T04:47:53.706+0000] {taskinstance.py:2698} ERROR - Task failed with exception
Traceback (most recent call last):
  File "/home/airflow/.local/lib/python3.8/site-packages/airflow/models/taskinstance.py", line 433, in _execute_task
    result = execute_callable(context=context, **execute_callable_kwargs)
  File "/home/airflow/.local/lib/python3.8/site-packages/airflow/operators/python.py", line 199, in execute
    return_value = self.execute_callable()
  File "/home/airflow/.local/lib/python3.8/site-packages/airflow/operators/python.py", line 216, in execute_callable
    return self.python_callable(*self.op_args, **self.op_kwargs)
TypeError: transform_data() missing 1 required positional argument: 'df'
[2025-12-17T04:47:53.719+0000] {taskinstance.py:1138} INFO - Marking task as UP_FOR_RETRY. dag_id=etl_***, task_id=transform, execution_date=20240530T000000, start_date=20251217T044753, end_date=20251217T044753
[2025-12-17T04:47:53.736+0000] {standard_task_runner.py:107} ERROR - Failed to execute job 620 for task transform (transform_data() missing 1 required positional argument: 'df'; 2258)
[2025-12-17T04:47:53.755+0000] {local_task_job_runner.py:234} INFO - Task exited with return code 1
[2025-12-17T04:47:53.788+0000] {taskinstance.py:3280} INFO - 0 downstream tasks scheduled from follow-on schedule check
[2025-12-17T07:41:23.143+0000] {taskinstance.py:1956} INFO - Dependencies all met for dep_context=non-requeueable deps ti=<TaskInstance: etl_airflow.transform scheduled__2024-05-30T00:00:00+00:00 [queued]>
[2025-12-17T07:41:23.162+0000] {taskinstance.py:1956} INFO - Dependencies all met for dep_context=requeueable deps ti=<TaskInstance: etl_airflow.transform scheduled__2024-05-30T00:00:00+00:00 [queued]>
[2025-12-17T07:41:23.164+0000] {taskinstance.py:2170} INFO - Starting attempt 2 of 3
[2025-12-17T07:41:23.188+0000] {taskinstance.py:2191} INFO - Executing <Task(PythonOperator): transform> on 2024-05-30 00:00:00+00:00
[2025-12-17T07:41:23.200+0000] {standard_task_runner.py:60} INFO - Started process 2313 to run task
[2025-12-17T07:41:23.206+0000] {standard_task_runner.py:87} INFO - Running: ['***', 'tasks', 'run', 'etl_***', 'transform', 'scheduled__2024-05-30T00:00:00+00:00', '--job-id', '614', '--raw', '--subdir', 'DAGS_FOLDER/etl_***.py', '--cfg-path', '/tmp/tmpo2e3dlnc']
[2025-12-17T07:41:23.210+0000] {standard_task_runner.py:88} INFO - Job 614: Subtask transform
[2025-12-17T07:41:23.332+0000] {task_command.py:423} INFO - Running <TaskInstance: etl_airflow.transform scheduled__2024-05-30T00:00:00+00:00 [running]> on host 2a0de06c8905
[2025-12-17T07:41:23.904+0000] {taskinstance.py:2480} INFO - Exporting env vars: AIRFLOW_CTX_DAG_OWNER='***' AIRFLOW_CTX_DAG_ID='etl_***' AIRFLOW_CTX_TASK_ID='transform' AIRFLOW_CTX_EXECUTION_DATE='2024-05-30T00:00:00+00:00' AIRFLOW_CTX_TRY_NUMBER='2' AIRFLOW_CTX_DAG_RUN_ID='scheduled__2024-05-30T00:00:00+00:00'
[2025-12-17T07:41:23.909+0000] {taskinstance.py:2698} ERROR - Task failed with exception
Traceback (most recent call last):
  File "/home/airflow/.local/lib/python3.8/site-packages/airflow/models/taskinstance.py", line 433, in _execute_task
    result = execute_callable(context=context, **execute_callable_kwargs)
  File "/home/airflow/.local/lib/python3.8/site-packages/airflow/operators/python.py", line 199, in execute
    return_value = self.execute_callable()
  File "/home/airflow/.local/lib/python3.8/site-packages/airflow/operators/python.py", line 216, in execute_callable
    return self.python_callable(*self.op_args, **self.op_kwargs)
TypeError: transform_data() missing 1 required positional argument: 'df'
[2025-12-17T07:41:23.928+0000] {taskinstance.py:1138} INFO - Marking task as UP_FOR_RETRY. dag_id=etl_***, task_id=transform, execution_date=20240530T000000, start_date=20251217T074123, end_date=20251217T074123
[2025-12-17T07:41:23.955+0000] {standard_task_runner.py:107} ERROR - Failed to execute job 614 for task transform (transform_data() missing 1 required positional argument: 'df'; 2313)
[2025-12-17T07:41:23.986+0000] {local_task_job_runner.py:234} INFO - Task exited with return code 1
[2025-12-17T07:41:24.033+0000] {taskinstance.py:3280} INFO - 0 downstream tasks scheduled from follow-on schedule check
