[2025-12-16T17:00:26.826+0000] {taskinstance.py:1956} INFO - Dependencies all met for dep_context=non-requeueable deps ti=<TaskInstance: etl_airflow.extract scheduled__2024-08-13T00:00:00+00:00 [queued]>
[2025-12-16T17:00:26.847+0000] {taskinstance.py:1956} INFO - Dependencies all met for dep_context=requeueable deps ti=<TaskInstance: etl_airflow.extract scheduled__2024-08-13T00:00:00+00:00 [queued]>
[2025-12-16T17:00:26.849+0000] {taskinstance.py:2170} INFO - Starting attempt 4 of 6
[2025-12-16T17:00:26.877+0000] {taskinstance.py:2191} INFO - Executing <Task(PythonOperator): extract> on 2024-08-13 00:00:00+00:00
[2025-12-16T17:00:26.887+0000] {standard_task_runner.py:60} INFO - Started process 6297 to run task
[2025-12-16T17:00:26.897+0000] {standard_task_runner.py:87} INFO - Running: ['***', 'tasks', 'run', 'etl_***', 'extract', 'scheduled__2024-08-13T00:00:00+00:00', '--job-id', '2711', '--raw', '--subdir', 'DAGS_FOLDER/etl_dag.py', '--cfg-path', '/tmp/tmpjzxltjri']
[2025-12-16T17:00:26.905+0000] {standard_task_runner.py:88} INFO - Job 2711: Subtask extract
[2025-12-16T17:00:27.071+0000] {task_command.py:423} INFO - Running <TaskInstance: etl_airflow.extract scheduled__2024-08-13T00:00:00+00:00 [running]> on host db658e834d9d
[2025-12-16T17:00:27.233+0000] {taskinstance.py:2480} INFO - Exporting env vars: AIRFLOW_CTX_DAG_OWNER='***' AIRFLOW_CTX_DAG_ID='etl_***' AIRFLOW_CTX_TASK_ID='extract' AIRFLOW_CTX_EXECUTION_DATE='2024-08-13T00:00:00+00:00' AIRFLOW_CTX_TRY_NUMBER='4' AIRFLOW_CTX_DAG_RUN_ID='scheduled__2024-08-13T00:00:00+00:00'
[2025-12-16T17:00:27.237+0000] {logging_mixin.py:188} INFO - [EXTRACT] E:\GPP\Task_4\comparative-data-orchestrationirflow\data\synthetic_events.csv
[2025-12-16T17:00:27.238+0000] {taskinstance.py:2698} ERROR - Task failed with exception
Traceback (most recent call last):
  File "/home/airflow/.local/lib/python3.8/site-packages/airflow/models/taskinstance.py", line 433, in _execute_task
    result = execute_callable(context=context, **execute_callable_kwargs)
  File "/home/airflow/.local/lib/python3.8/site-packages/airflow/operators/python.py", line 199, in execute
    return_value = self.execute_callable()
  File "/home/airflow/.local/lib/python3.8/site-packages/airflow/operators/python.py", line 216, in execute_callable
    return self.python_callable(*self.op_args, **self.op_kwargs)
  File "/opt/airflow/etl_logic/pipeline.py", line 100, in extract_data
    raise FileNotFoundError(f"{input_path} not found")
FileNotFoundError: E:\GPP\Task_4\comparative-data-orchestrationirflow\data\synthetic_events.csv not found
[2025-12-16T17:00:27.274+0000] {taskinstance.py:1138} INFO - Marking task as UP_FOR_RETRY. dag_id=etl_***, task_id=extract, execution_date=20240813T000000, start_date=20251216T170026, end_date=20251216T170027
[2025-12-16T17:00:27.302+0000] {standard_task_runner.py:107} ERROR - Failed to execute job 2711 for task extract (E:\GPP\Task_4\comparative-data-orchestrationirflow\data\synthetic_events.csv not found; 6297)
[2025-12-16T17:00:27.361+0000] {local_task_job_runner.py:234} INFO - Task exited with return code 1
[2025-12-16T17:00:27.405+0000] {taskinstance.py:3280} INFO - 0 downstream tasks scheduled from follow-on schedule check
