[2025-12-16T17:20:32.640+0000] {taskinstance.py:1956} INFO - Dependencies all met for dep_context=non-requeueable deps ti=<TaskInstance: etl_airflow.transform scheduled__2024-06-24T00:00:00+00:00 [queued]>
[2025-12-16T17:20:32.679+0000] {taskinstance.py:1956} INFO - Dependencies all met for dep_context=requeueable deps ti=<TaskInstance: etl_airflow.transform scheduled__2024-06-24T00:00:00+00:00 [queued]>
[2025-12-16T17:20:32.682+0000] {taskinstance.py:2170} INFO - Starting attempt 2 of 4
[2025-12-16T17:20:32.721+0000] {taskinstance.py:2191} INFO - Executing <Task(PythonOperator): transform> on 2024-06-24 00:00:00+00:00
[2025-12-16T17:20:32.741+0000] {standard_task_runner.py:60} INFO - Started process 5143 to run task
[2025-12-16T17:20:32.751+0000] {standard_task_runner.py:87} INFO - Running: ['***', 'tasks', 'run', 'etl_***', 'transform', 'scheduled__2024-06-24T00:00:00+00:00', '--job-id', '5701', '--raw', '--subdir', 'DAGS_FOLDER/etl_dag.py', '--cfg-path', '/tmp/tmpvdh6l7n0']
[2025-12-16T17:20:32.758+0000] {standard_task_runner.py:88} INFO - Job 5701: Subtask transform
[2025-12-16T17:20:32.913+0000] {task_command.py:423} INFO - Running <TaskInstance: etl_airflow.transform scheduled__2024-06-24T00:00:00+00:00 [running]> on host 3b89cfee50e9
[2025-12-16T17:20:33.171+0000] {taskinstance.py:2480} INFO - Exporting env vars: AIRFLOW_CTX_DAG_OWNER='***' AIRFLOW_CTX_DAG_ID='etl_***' AIRFLOW_CTX_TASK_ID='transform' AIRFLOW_CTX_EXECUTION_DATE='2024-06-24T00:00:00+00:00' AIRFLOW_CTX_TRY_NUMBER='2' AIRFLOW_CTX_DAG_RUN_ID='scheduled__2024-06-24T00:00:00+00:00'
[2025-12-16T17:20:33.175+0000] {logging_mixin.py:188} INFO - [TRANSFORM]
[2025-12-16T17:20:33.572+0000] {logging_mixin.py:188} INFO - [TRANSFORM] done
[2025-12-16T17:20:33.573+0000] {python.py:201} INFO - Done. Returned value was: None
[2025-12-16T17:20:33.601+0000] {taskinstance.py:1138} INFO - Marking task as SUCCESS. dag_id=etl_***, task_id=transform, execution_date=20240624T000000, start_date=20251216T172032, end_date=20251216T172033
[2025-12-16T17:20:33.669+0000] {local_task_job_runner.py:234} INFO - Task exited with return code 0
[2025-12-16T17:20:33.979+0000] {taskinstance.py:3280} INFO - 1 downstream tasks scheduled from follow-on schedule check
[2025-12-17T04:48:29.380+0000] {taskinstance.py:1956} INFO - Dependencies all met for dep_context=non-requeueable deps ti=<TaskInstance: etl_airflow.transform scheduled__2024-06-24T00:00:00+00:00 [queued]>
[2025-12-17T04:48:29.402+0000] {taskinstance.py:1956} INFO - Dependencies all met for dep_context=requeueable deps ti=<TaskInstance: etl_airflow.transform scheduled__2024-06-24T00:00:00+00:00 [queued]>
[2025-12-17T04:48:29.404+0000] {taskinstance.py:2170} INFO - Starting attempt 2 of 3
[2025-12-17T04:48:29.445+0000] {taskinstance.py:2191} INFO - Executing <Task(PythonOperator): transform> on 2024-06-24 00:00:00+00:00
[2025-12-17T04:48:29.458+0000] {standard_task_runner.py:60} INFO - Started process 2486 to run task
[2025-12-17T04:48:29.465+0000] {standard_task_runner.py:87} INFO - Running: ['***', 'tasks', 'run', 'etl_***', 'transform', 'scheduled__2024-06-24T00:00:00+00:00', '--job-id', '688', '--raw', '--subdir', 'DAGS_FOLDER/etl_***.py', '--cfg-path', '/tmp/tmpmaw0mp8m']
[2025-12-17T04:48:29.475+0000] {standard_task_runner.py:88} INFO - Job 688: Subtask transform
[2025-12-17T04:48:29.591+0000] {task_command.py:423} INFO - Running <TaskInstance: etl_airflow.transform scheduled__2024-06-24T00:00:00+00:00 [running]> on host b3426f05ac70
[2025-12-17T04:48:29.964+0000] {taskinstance.py:2480} INFO - Exporting env vars: AIRFLOW_CTX_DAG_OWNER='***' AIRFLOW_CTX_DAG_ID='etl_***' AIRFLOW_CTX_TASK_ID='transform' AIRFLOW_CTX_EXECUTION_DATE='2024-06-24T00:00:00+00:00' AIRFLOW_CTX_TRY_NUMBER='2' AIRFLOW_CTX_DAG_RUN_ID='scheduled__2024-06-24T00:00:00+00:00'
[2025-12-17T04:48:29.966+0000] {taskinstance.py:2698} ERROR - Task failed with exception
Traceback (most recent call last):
  File "/home/airflow/.local/lib/python3.8/site-packages/airflow/models/taskinstance.py", line 433, in _execute_task
    result = execute_callable(context=context, **execute_callable_kwargs)
  File "/home/airflow/.local/lib/python3.8/site-packages/airflow/operators/python.py", line 199, in execute
    return_value = self.execute_callable()
  File "/home/airflow/.local/lib/python3.8/site-packages/airflow/operators/python.py", line 216, in execute_callable
    return self.python_callable(*self.op_args, **self.op_kwargs)
TypeError: transform_data() missing 1 required positional argument: 'df'
[2025-12-17T04:48:29.976+0000] {taskinstance.py:1138} INFO - Marking task as UP_FOR_RETRY. dag_id=etl_***, task_id=transform, execution_date=20240624T000000, start_date=20251217T044829, end_date=20251217T044829
[2025-12-17T04:48:29.993+0000] {standard_task_runner.py:107} ERROR - Failed to execute job 688 for task transform (transform_data() missing 1 required positional argument: 'df'; 2486)
[2025-12-17T04:48:30.045+0000] {local_task_job_runner.py:234} INFO - Task exited with return code 1
[2025-12-17T04:48:30.109+0000] {taskinstance.py:3280} INFO - 0 downstream tasks scheduled from follow-on schedule check
[2025-12-17T07:42:38.209+0000] {taskinstance.py:1956} INFO - Dependencies all met for dep_context=non-requeueable deps ti=<TaskInstance: etl_airflow.transform scheduled__2024-06-24T00:00:00+00:00 [queued]>
[2025-12-17T07:42:38.229+0000] {taskinstance.py:1956} INFO - Dependencies all met for dep_context=requeueable deps ti=<TaskInstance: etl_airflow.transform scheduled__2024-06-24T00:00:00+00:00 [queued]>
[2025-12-17T07:42:38.231+0000] {taskinstance.py:2170} INFO - Starting attempt 2 of 3
[2025-12-17T07:42:38.263+0000] {taskinstance.py:2191} INFO - Executing <Task(PythonOperator): transform> on 2024-06-24 00:00:00+00:00
[2025-12-17T07:42:38.274+0000] {standard_task_runner.py:60} INFO - Started process 2732 to run task
[2025-12-17T07:42:38.282+0000] {standard_task_runner.py:87} INFO - Running: ['***', 'tasks', 'run', 'etl_***', 'transform', 'scheduled__2024-06-24T00:00:00+00:00', '--job-id', '739', '--raw', '--subdir', 'DAGS_FOLDER/etl_***.py', '--cfg-path', '/tmp/tmpkcjd4ne_']
[2025-12-17T07:42:38.286+0000] {standard_task_runner.py:88} INFO - Job 739: Subtask transform
[2025-12-17T07:42:38.427+0000] {task_command.py:423} INFO - Running <TaskInstance: etl_airflow.transform scheduled__2024-06-24T00:00:00+00:00 [running]> on host 2a0de06c8905
[2025-12-17T07:42:38.923+0000] {taskinstance.py:2480} INFO - Exporting env vars: AIRFLOW_CTX_DAG_OWNER='***' AIRFLOW_CTX_DAG_ID='etl_***' AIRFLOW_CTX_TASK_ID='transform' AIRFLOW_CTX_EXECUTION_DATE='2024-06-24T00:00:00+00:00' AIRFLOW_CTX_TRY_NUMBER='2' AIRFLOW_CTX_DAG_RUN_ID='scheduled__2024-06-24T00:00:00+00:00'
[2025-12-17T07:42:38.931+0000] {taskinstance.py:2698} ERROR - Task failed with exception
Traceback (most recent call last):
  File "/home/airflow/.local/lib/python3.8/site-packages/airflow/models/taskinstance.py", line 433, in _execute_task
    result = execute_callable(context=context, **execute_callable_kwargs)
  File "/home/airflow/.local/lib/python3.8/site-packages/airflow/operators/python.py", line 199, in execute
    return_value = self.execute_callable()
  File "/home/airflow/.local/lib/python3.8/site-packages/airflow/operators/python.py", line 216, in execute_callable
    return self.python_callable(*self.op_args, **self.op_kwargs)
TypeError: transform_data() missing 1 required positional argument: 'df'
[2025-12-17T07:42:38.951+0000] {taskinstance.py:1138} INFO - Marking task as UP_FOR_RETRY. dag_id=etl_***, task_id=transform, execution_date=20240624T000000, start_date=20251217T074238, end_date=20251217T074238
[2025-12-17T07:42:38.978+0000] {standard_task_runner.py:107} ERROR - Failed to execute job 739 for task transform (transform_data() missing 1 required positional argument: 'df'; 2732)
[2025-12-17T07:42:39.023+0000] {local_task_job_runner.py:234} INFO - Task exited with return code 1
[2025-12-17T07:42:39.080+0000] {taskinstance.py:3280} INFO - 0 downstream tasks scheduled from follow-on schedule check
