[2025-12-16T17:20:21.491+0000] {taskinstance.py:1956} INFO - Dependencies all met for dep_context=non-requeueable deps ti=<TaskInstance: etl_airflow.transform scheduled__2024-06-20T00:00:00+00:00 [queued]>
[2025-12-16T17:20:21.571+0000] {taskinstance.py:1956} INFO - Dependencies all met for dep_context=requeueable deps ti=<TaskInstance: etl_airflow.transform scheduled__2024-06-20T00:00:00+00:00 [queued]>
[2025-12-16T17:20:21.574+0000] {taskinstance.py:2170} INFO - Starting attempt 2 of 4
[2025-12-16T17:20:21.617+0000] {taskinstance.py:2191} INFO - Executing <Task(PythonOperator): transform> on 2024-06-20 00:00:00+00:00
[2025-12-16T17:20:21.637+0000] {standard_task_runner.py:60} INFO - Started process 5002 to run task
[2025-12-16T17:20:21.647+0000] {standard_task_runner.py:87} INFO - Running: ['***', 'tasks', 'run', 'etl_***', 'transform', 'scheduled__2024-06-20T00:00:00+00:00', '--job-id', '5660', '--raw', '--subdir', 'DAGS_FOLDER/etl_dag.py', '--cfg-path', '/tmp/tmpo00myw12']
[2025-12-16T17:20:21.655+0000] {standard_task_runner.py:88} INFO - Job 5660: Subtask transform
[2025-12-16T17:20:21.849+0000] {task_command.py:423} INFO - Running <TaskInstance: etl_airflow.transform scheduled__2024-06-20T00:00:00+00:00 [running]> on host 3b89cfee50e9
[2025-12-16T17:20:22.172+0000] {taskinstance.py:2480} INFO - Exporting env vars: AIRFLOW_CTX_DAG_OWNER='***' AIRFLOW_CTX_DAG_ID='etl_***' AIRFLOW_CTX_TASK_ID='transform' AIRFLOW_CTX_EXECUTION_DATE='2024-06-20T00:00:00+00:00' AIRFLOW_CTX_TRY_NUMBER='2' AIRFLOW_CTX_DAG_RUN_ID='scheduled__2024-06-20T00:00:00+00:00'
[2025-12-16T17:20:22.188+0000] {logging_mixin.py:188} INFO - [TRANSFORM]
[2025-12-16T17:20:22.873+0000] {logging_mixin.py:188} INFO - [TRANSFORM] done
[2025-12-16T17:20:22.874+0000] {python.py:201} INFO - Done. Returned value was: None
[2025-12-16T17:20:22.895+0000] {taskinstance.py:1138} INFO - Marking task as SUCCESS. dag_id=etl_***, task_id=transform, execution_date=20240620T000000, start_date=20251216T172021, end_date=20251216T172022
[2025-12-16T17:20:23.272+0000] {local_task_job_runner.py:234} INFO - Task exited with return code 0
[2025-12-16T17:20:23.558+0000] {taskinstance.py:3280} INFO - 0 downstream tasks scheduled from follow-on schedule check
[2025-12-17T04:48:27.559+0000] {taskinstance.py:1956} INFO - Dependencies all met for dep_context=non-requeueable deps ti=<TaskInstance: etl_airflow.transform scheduled__2024-06-20T00:00:00+00:00 [queued]>
[2025-12-17T04:48:27.581+0000] {taskinstance.py:1956} INFO - Dependencies all met for dep_context=requeueable deps ti=<TaskInstance: etl_airflow.transform scheduled__2024-06-20T00:00:00+00:00 [queued]>
[2025-12-17T04:48:27.582+0000] {taskinstance.py:2170} INFO - Starting attempt 2 of 3
[2025-12-17T04:48:27.607+0000] {taskinstance.py:2191} INFO - Executing <Task(PythonOperator): transform> on 2024-06-20 00:00:00+00:00
[2025-12-17T04:48:27.621+0000] {standard_task_runner.py:60} INFO - Started process 2474 to run task
[2025-12-17T04:48:27.628+0000] {standard_task_runner.py:87} INFO - Running: ['***', 'tasks', 'run', 'etl_***', 'transform', 'scheduled__2024-06-20T00:00:00+00:00', '--job-id', '684', '--raw', '--subdir', 'DAGS_FOLDER/etl_***.py', '--cfg-path', '/tmp/tmpwa18nela']
[2025-12-17T04:48:27.633+0000] {standard_task_runner.py:88} INFO - Job 684: Subtask transform
[2025-12-17T04:48:27.751+0000] {task_command.py:423} INFO - Running <TaskInstance: etl_airflow.transform scheduled__2024-06-20T00:00:00+00:00 [running]> on host b3426f05ac70
[2025-12-17T04:48:28.177+0000] {taskinstance.py:2480} INFO - Exporting env vars: AIRFLOW_CTX_DAG_OWNER='***' AIRFLOW_CTX_DAG_ID='etl_***' AIRFLOW_CTX_TASK_ID='transform' AIRFLOW_CTX_EXECUTION_DATE='2024-06-20T00:00:00+00:00' AIRFLOW_CTX_TRY_NUMBER='2' AIRFLOW_CTX_DAG_RUN_ID='scheduled__2024-06-20T00:00:00+00:00'
[2025-12-17T04:48:28.182+0000] {taskinstance.py:2698} ERROR - Task failed with exception
Traceback (most recent call last):
  File "/home/airflow/.local/lib/python3.8/site-packages/airflow/models/taskinstance.py", line 433, in _execute_task
    result = execute_callable(context=context, **execute_callable_kwargs)
  File "/home/airflow/.local/lib/python3.8/site-packages/airflow/operators/python.py", line 199, in execute
    return_value = self.execute_callable()
  File "/home/airflow/.local/lib/python3.8/site-packages/airflow/operators/python.py", line 216, in execute_callable
    return self.python_callable(*self.op_args, **self.op_kwargs)
TypeError: transform_data() missing 1 required positional argument: 'df'
[2025-12-17T04:48:28.195+0000] {taskinstance.py:1138} INFO - Marking task as UP_FOR_RETRY. dag_id=etl_***, task_id=transform, execution_date=20240620T000000, start_date=20251217T044827, end_date=20251217T044828
[2025-12-17T04:48:28.226+0000] {standard_task_runner.py:107} ERROR - Failed to execute job 684 for task transform (transform_data() missing 1 required positional argument: 'df'; 2474)
[2025-12-17T04:48:28.288+0000] {local_task_job_runner.py:234} INFO - Task exited with return code 1
[2025-12-17T04:48:28.488+0000] {taskinstance.py:3280} INFO - 0 downstream tasks scheduled from follow-on schedule check
[2025-12-17T07:42:03.105+0000] {taskinstance.py:1956} INFO - Dependencies all met for dep_context=non-requeueable deps ti=<TaskInstance: etl_airflow.transform scheduled__2024-06-20T00:00:00+00:00 [queued]>
[2025-12-17T07:42:03.127+0000] {taskinstance.py:1956} INFO - Dependencies all met for dep_context=requeueable deps ti=<TaskInstance: etl_airflow.transform scheduled__2024-06-20T00:00:00+00:00 [queued]>
[2025-12-17T07:42:03.128+0000] {taskinstance.py:2170} INFO - Starting attempt 2 of 3
[2025-12-17T07:42:03.163+0000] {taskinstance.py:2191} INFO - Executing <Task(PythonOperator): transform> on 2024-06-20 00:00:00+00:00
[2025-12-17T07:42:03.174+0000] {standard_task_runner.py:60} INFO - Started process 2552 to run task
[2025-12-17T07:42:03.184+0000] {standard_task_runner.py:87} INFO - Running: ['***', 'tasks', 'run', 'etl_***', 'transform', 'scheduled__2024-06-20T00:00:00+00:00', '--job-id', '687', '--raw', '--subdir', 'DAGS_FOLDER/etl_***.py', '--cfg-path', '/tmp/tmpaedobxie']
[2025-12-17T07:42:03.188+0000] {standard_task_runner.py:88} INFO - Job 687: Subtask transform
[2025-12-17T07:42:03.328+0000] {task_command.py:423} INFO - Running <TaskInstance: etl_airflow.transform scheduled__2024-06-20T00:00:00+00:00 [running]> on host 2a0de06c8905
[2025-12-17T07:42:03.823+0000] {taskinstance.py:2480} INFO - Exporting env vars: AIRFLOW_CTX_DAG_OWNER='***' AIRFLOW_CTX_DAG_ID='etl_***' AIRFLOW_CTX_TASK_ID='transform' AIRFLOW_CTX_EXECUTION_DATE='2024-06-20T00:00:00+00:00' AIRFLOW_CTX_TRY_NUMBER='2' AIRFLOW_CTX_DAG_RUN_ID='scheduled__2024-06-20T00:00:00+00:00'
[2025-12-17T07:42:03.831+0000] {taskinstance.py:2698} ERROR - Task failed with exception
Traceback (most recent call last):
  File "/home/airflow/.local/lib/python3.8/site-packages/airflow/models/taskinstance.py", line 433, in _execute_task
    result = execute_callable(context=context, **execute_callable_kwargs)
  File "/home/airflow/.local/lib/python3.8/site-packages/airflow/operators/python.py", line 199, in execute
    return_value = self.execute_callable()
  File "/home/airflow/.local/lib/python3.8/site-packages/airflow/operators/python.py", line 216, in execute_callable
    return self.python_callable(*self.op_args, **self.op_kwargs)
TypeError: transform_data() missing 1 required positional argument: 'df'
[2025-12-17T07:42:03.866+0000] {taskinstance.py:1138} INFO - Marking task as UP_FOR_RETRY. dag_id=etl_***, task_id=transform, execution_date=20240620T000000, start_date=20251217T074203, end_date=20251217T074203
[2025-12-17T07:42:03.900+0000] {standard_task_runner.py:107} ERROR - Failed to execute job 687 for task transform (transform_data() missing 1 required positional argument: 'df'; 2552)
[2025-12-17T07:42:03.960+0000] {local_task_job_runner.py:234} INFO - Task exited with return code 1
[2025-12-17T07:42:04.470+0000] {taskinstance.py:3280} INFO - 0 downstream tasks scheduled from follow-on schedule check
