[2025-12-16T17:13:13.482+0000] {taskinstance.py:1956} INFO - Dependencies all met for dep_context=non-requeueable deps ti=<TaskInstance: etl_airflow.load scheduled__2024-08-01T00:00:00+00:00 [queued]>
[2025-12-16T17:13:13.526+0000] {taskinstance.py:1956} INFO - Dependencies all met for dep_context=requeueable deps ti=<TaskInstance: etl_airflow.load scheduled__2024-08-01T00:00:00+00:00 [queued]>
[2025-12-16T17:13:13.527+0000] {taskinstance.py:2170} INFO - Starting attempt 1 of 3
[2025-12-16T17:13:13.566+0000] {taskinstance.py:2191} INFO - Executing <Task(PythonOperator): load> on 2024-08-01 00:00:00+00:00
[2025-12-16T17:13:13.581+0000] {standard_task_runner.py:60} INFO - Started process 588 to run task
[2025-12-16T17:13:13.589+0000] {standard_task_runner.py:87} INFO - Running: ['***', 'tasks', 'run', 'etl_***', 'load', 'scheduled__2024-08-01T00:00:00+00:00', '--job-id', '4259', '--raw', '--subdir', 'DAGS_FOLDER/etl_dag.py', '--cfg-path', '/tmp/tmpfncgkfut']
[2025-12-16T17:13:13.596+0000] {standard_task_runner.py:88} INFO - Job 4259: Subtask load
[2025-12-16T17:13:13.818+0000] {task_command.py:423} INFO - Running <TaskInstance: etl_airflow.load scheduled__2024-08-01T00:00:00+00:00 [running]> on host 3b89cfee50e9
[2025-12-16T17:13:14.203+0000] {taskinstance.py:2480} INFO - Exporting env vars: AIRFLOW_CTX_DAG_OWNER='***' AIRFLOW_CTX_DAG_ID='etl_***' AIRFLOW_CTX_TASK_ID='load' AIRFLOW_CTX_EXECUTION_DATE='2024-08-01T00:00:00+00:00' AIRFLOW_CTX_TRY_NUMBER='1' AIRFLOW_CTX_DAG_RUN_ID='scheduled__2024-08-01T00:00:00+00:00'
[2025-12-16T17:13:14.208+0000] {logging_mixin.py:188} INFO - [LOAD]
[2025-12-16T17:13:14.674+0000] {logging_mixin.py:188} INFO -    user_id event_type            timestamp country
0        1      login  2025-01-01T09:00:00      IN
1        1      click  2025-01-01T09:05:00      IN
2        1     logout  2025-01-01T09:15:00      IN
3        3      login  2025-01-02T08:00:00      FR
4        3      click  2025-01-02T08:05:00      FR
[2025-12-16T17:13:14.680+0000] {logging_mixin.py:188} INFO - [LOAD] done
[2025-12-16T17:13:14.686+0000] {python.py:201} INFO - Done. Returned value was: None
[2025-12-16T17:13:14.715+0000] {taskinstance.py:1138} INFO - Marking task as SUCCESS. dag_id=etl_***, task_id=load, execution_date=20240801T000000, start_date=20251216T171313, end_date=20251216T171314
[2025-12-16T17:13:14.802+0000] {local_task_job_runner.py:234} INFO - Task exited with return code 0
[2025-12-16T17:13:14.847+0000] {taskinstance.py:3280} INFO - 0 downstream tasks scheduled from follow-on schedule check
[2025-12-17T01:53:55.585+0000] {taskinstance.py:1956} INFO - Dependencies all met for dep_context=non-requeueable deps ti=<TaskInstance: etl_airflow.load scheduled__2024-08-01T00:00:00+00:00 [queued]>
[2025-12-17T01:53:55.611+0000] {taskinstance.py:1956} INFO - Dependencies all met for dep_context=requeueable deps ti=<TaskInstance: etl_airflow.load scheduled__2024-08-01T00:00:00+00:00 [queued]>
[2025-12-17T01:53:55.613+0000] {taskinstance.py:2170} INFO - Starting attempt 1 of 3
[2025-12-17T01:53:55.646+0000] {taskinstance.py:2191} INFO - Executing <Task(PythonOperator): load> on 2024-08-01 00:00:00+00:00
[2025-12-17T01:53:55.658+0000] {standard_task_runner.py:60} INFO - Started process 2304 to run task
[2025-12-17T01:53:55.667+0000] {standard_task_runner.py:87} INFO - Running: ['***', 'tasks', 'run', 'etl_***', 'load', 'scheduled__2024-08-01T00:00:00+00:00', '--job-id', '663', '--raw', '--subdir', 'DAGS_FOLDER/etl_dag.py', '--cfg-path', '/tmp/tmpwbkxn_a_']
[2025-12-17T01:53:55.675+0000] {standard_task_runner.py:88} INFO - Job 663: Subtask load
[2025-12-17T01:53:55.897+0000] {task_command.py:423} INFO - Running <TaskInstance: etl_airflow.load scheduled__2024-08-01T00:00:00+00:00 [running]> on host 571e042550da
[2025-12-17T01:53:56.655+0000] {taskinstance.py:2480} INFO - Exporting env vars: AIRFLOW_CTX_DAG_OWNER='***' AIRFLOW_CTX_DAG_ID='etl_***' AIRFLOW_CTX_TASK_ID='load' AIRFLOW_CTX_EXECUTION_DATE='2024-08-01T00:00:00+00:00' AIRFLOW_CTX_TRY_NUMBER='1' AIRFLOW_CTX_DAG_RUN_ID='scheduled__2024-08-01T00:00:00+00:00'
[2025-12-17T01:53:56.659+0000] {logging_mixin.py:188} INFO - [LOAD]
[2025-12-17T01:53:56.726+0000] {logging_mixin.py:188} INFO -    user_id event_type            timestamp country
0        1      login  2025-01-01T09:00:00      IN
1        1      click  2025-01-01T09:05:00      IN
2        1     logout  2025-01-01T09:15:00      IN
3        3      login  2025-01-02T08:00:00      FR
4        3      click  2025-01-02T08:05:00      FR
[2025-12-17T01:53:56.728+0000] {logging_mixin.py:188} INFO - [LOAD] done
[2025-12-17T01:53:56.733+0000] {python.py:201} INFO - Done. Returned value was: None
[2025-12-17T01:53:56.761+0000] {taskinstance.py:1138} INFO - Marking task as SUCCESS. dag_id=etl_***, task_id=load, execution_date=20240801T000000, start_date=20251217T015355, end_date=20251217T015356
[2025-12-17T01:53:56.931+0000] {local_task_job_runner.py:234} INFO - Task exited with return code 0
[2025-12-17T01:53:56.982+0000] {taskinstance.py:3280} INFO - 0 downstream tasks scheduled from follow-on schedule check
