[2025-12-17T04:55:38.512+0000] {taskinstance.py:1956} INFO - Dependencies all met for dep_context=non-requeueable deps ti=<TaskInstance: etl_airflow.transform scheduled__2024-12-24T00:00:00+00:00 [queued]>
[2025-12-17T04:55:38.523+0000] {taskinstance.py:1956} INFO - Dependencies all met for dep_context=requeueable deps ti=<TaskInstance: etl_airflow.transform scheduled__2024-12-24T00:00:00+00:00 [queued]>
[2025-12-17T04:55:38.524+0000] {taskinstance.py:2170} INFO - Starting attempt 3 of 3
[2025-12-17T04:55:38.547+0000] {taskinstance.py:2191} INFO - Executing <Task(PythonOperator): transform> on 2024-12-24 00:00:00+00:00
[2025-12-17T04:55:38.558+0000] {standard_task_runner.py:60} INFO - Started process 5055 to run task
[2025-12-17T04:55:38.565+0000] {standard_task_runner.py:87} INFO - Running: ['***', 'tasks', 'run', 'etl_***', 'transform', 'scheduled__2024-12-24T00:00:00+00:00', '--job-id', '1467', '--raw', '--subdir', 'DAGS_FOLDER/etl_***.py', '--cfg-path', '/tmp/tmpdhmxb1vv']
[2025-12-17T04:55:38.569+0000] {standard_task_runner.py:88} INFO - Job 1467: Subtask transform
[2025-12-17T04:55:38.710+0000] {task_command.py:423} INFO - Running <TaskInstance: etl_airflow.transform scheduled__2024-12-24T00:00:00+00:00 [running]> on host b3426f05ac70
[2025-12-17T04:55:39.110+0000] {taskinstance.py:2480} INFO - Exporting env vars: AIRFLOW_CTX_DAG_OWNER='***' AIRFLOW_CTX_DAG_ID='etl_***' AIRFLOW_CTX_TASK_ID='transform' AIRFLOW_CTX_EXECUTION_DATE='2024-12-24T00:00:00+00:00' AIRFLOW_CTX_TRY_NUMBER='3' AIRFLOW_CTX_DAG_RUN_ID='scheduled__2024-12-24T00:00:00+00:00'
[2025-12-17T04:55:39.112+0000] {taskinstance.py:2698} ERROR - Task failed with exception
Traceback (most recent call last):
  File "/home/airflow/.local/lib/python3.8/site-packages/airflow/models/taskinstance.py", line 433, in _execute_task
    result = execute_callable(context=context, **execute_callable_kwargs)
  File "/home/airflow/.local/lib/python3.8/site-packages/airflow/operators/python.py", line 199, in execute
    return_value = self.execute_callable()
  File "/home/airflow/.local/lib/python3.8/site-packages/airflow/operators/python.py", line 216, in execute_callable
    return self.python_callable(*self.op_args, **self.op_kwargs)
TypeError: transform_data() missing 1 required positional argument: 'df'
[2025-12-17T04:55:39.140+0000] {taskinstance.py:1138} INFO - Marking task as FAILED. dag_id=etl_***, task_id=transform, execution_date=20241224T000000, start_date=20251217T045538, end_date=20251217T045539
[2025-12-17T04:55:39.185+0000] {standard_task_runner.py:107} ERROR - Failed to execute job 1467 for task transform (transform_data() missing 1 required positional argument: 'df'; 5055)
[2025-12-17T04:55:39.225+0000] {local_task_job_runner.py:234} INFO - Task exited with return code 1
[2025-12-17T04:55:39.302+0000] {taskinstance.py:3280} INFO - 0 downstream tasks scheduled from follow-on schedule check
[2025-12-17T08:01:04.024+0000] {taskinstance.py:1956} INFO - Dependencies all met for dep_context=non-requeueable deps ti=<TaskInstance: etl_airflow.transform scheduled__2024-12-24T00:00:00+00:00 [queued]>
[2025-12-17T08:01:04.050+0000] {taskinstance.py:1956} INFO - Dependencies all met for dep_context=requeueable deps ti=<TaskInstance: etl_airflow.transform scheduled__2024-12-24T00:00:00+00:00 [queued]>
[2025-12-17T08:01:04.052+0000] {taskinstance.py:2170} INFO - Starting attempt 3 of 3
[2025-12-17T08:01:04.081+0000] {taskinstance.py:2191} INFO - Executing <Task(PythonOperator): transform> on 2024-12-24 00:00:00+00:00
[2025-12-17T08:01:04.095+0000] {standard_task_runner.py:60} INFO - Started process 5156 to run task
[2025-12-17T08:01:04.103+0000] {standard_task_runner.py:87} INFO - Running: ['***', 'tasks', 'run', 'etl_***', 'transform', 'scheduled__2024-12-24T00:00:00+00:00', '--job-id', '1465', '--raw', '--subdir', 'DAGS_FOLDER/etl_***.py', '--cfg-path', '/tmp/tmpzgaq5uvw']
[2025-12-17T08:01:04.112+0000] {standard_task_runner.py:88} INFO - Job 1465: Subtask transform
[2025-12-17T08:01:04.298+0000] {task_command.py:423} INFO - Running <TaskInstance: etl_airflow.transform scheduled__2024-12-24T00:00:00+00:00 [running]> on host 2a0de06c8905
[2025-12-17T08:01:05.039+0000] {taskinstance.py:2480} INFO - Exporting env vars: AIRFLOW_CTX_DAG_OWNER='***' AIRFLOW_CTX_DAG_ID='etl_***' AIRFLOW_CTX_TASK_ID='transform' AIRFLOW_CTX_EXECUTION_DATE='2024-12-24T00:00:00+00:00' AIRFLOW_CTX_TRY_NUMBER='3' AIRFLOW_CTX_DAG_RUN_ID='scheduled__2024-12-24T00:00:00+00:00'
[2025-12-17T08:01:05.043+0000] {taskinstance.py:2698} ERROR - Task failed with exception
Traceback (most recent call last):
  File "/home/airflow/.local/lib/python3.8/site-packages/airflow/models/taskinstance.py", line 433, in _execute_task
    result = execute_callable(context=context, **execute_callable_kwargs)
  File "/home/airflow/.local/lib/python3.8/site-packages/airflow/operators/python.py", line 199, in execute
    return_value = self.execute_callable()
  File "/home/airflow/.local/lib/python3.8/site-packages/airflow/operators/python.py", line 216, in execute_callable
    return self.python_callable(*self.op_args, **self.op_kwargs)
TypeError: transform_data() missing 1 required positional argument: 'df'
[2025-12-17T08:01:05.071+0000] {taskinstance.py:1138} INFO - Marking task as FAILED. dag_id=etl_***, task_id=transform, execution_date=20241224T000000, start_date=20251217T080104, end_date=20251217T080105
[2025-12-17T08:01:05.114+0000] {standard_task_runner.py:107} ERROR - Failed to execute job 1465 for task transform (transform_data() missing 1 required positional argument: 'df'; 5156)
[2025-12-17T08:01:05.170+0000] {local_task_job_runner.py:234} INFO - Task exited with return code 1
[2025-12-17T08:01:05.228+0000] {taskinstance.py:3280} INFO - 0 downstream tasks scheduled from follow-on schedule check
