[2025-12-16T17:12:10.434+0000] {taskinstance.py:1956} INFO - Dependencies all met for dep_context=non-requeueable deps ti=<TaskInstance: etl_airflow.transform scheduled__2024-06-25T00:00:00+00:00 [queued]>
[2025-12-16T17:12:10.468+0000] {taskinstance.py:1956} INFO - Dependencies all met for dep_context=requeueable deps ti=<TaskInstance: etl_airflow.transform scheduled__2024-06-25T00:00:00+00:00 [queued]>
[2025-12-16T17:12:10.478+0000] {taskinstance.py:2170} INFO - Starting attempt 1 of 3
[2025-12-16T17:12:10.527+0000] {taskinstance.py:2191} INFO - Executing <Task(PythonOperator): transform> on 2024-06-25 00:00:00+00:00
[2025-12-16T17:12:10.570+0000] {standard_task_runner.py:60} INFO - Started process 1955 to run task
[2025-12-16T17:12:10.604+0000] {standard_task_runner.py:87} INFO - Running: ['***', 'tasks', 'run', 'etl_***', 'transform', 'scheduled__2024-06-25T00:00:00+00:00', '--job-id', '4120', '--raw', '--subdir', 'DAGS_FOLDER/etl_dag.py', '--cfg-path', '/tmp/tmpauq3y442']
[2025-12-16T17:12:10.620+0000] {standard_task_runner.py:88} INFO - Job 4120: Subtask transform
[2025-12-16T17:12:10.976+0000] {task_command.py:423} INFO - Running <TaskInstance: etl_airflow.transform scheduled__2024-06-25T00:00:00+00:00 [running]> on host 3b89cfee50e9
[2025-12-16T17:12:11.517+0000] {taskinstance.py:2480} INFO - Exporting env vars: AIRFLOW_CTX_DAG_OWNER='***' AIRFLOW_CTX_DAG_ID='etl_***' AIRFLOW_CTX_TASK_ID='transform' AIRFLOW_CTX_EXECUTION_DATE='2024-06-25T00:00:00+00:00' AIRFLOW_CTX_TRY_NUMBER='1' AIRFLOW_CTX_DAG_RUN_ID='scheduled__2024-06-25T00:00:00+00:00'
[2025-12-16T17:12:11.522+0000] {logging_mixin.py:188} INFO - [TRANSFORM]
[2025-12-16T17:12:12.092+0000] {logging_mixin.py:188} INFO - [TRANSFORM] done
[2025-12-16T17:12:12.097+0000] {python.py:201} INFO - Done. Returned value was: None
[2025-12-16T17:12:12.147+0000] {taskinstance.py:1138} INFO - Marking task as SUCCESS. dag_id=etl_***, task_id=transform, execution_date=20240625T000000, start_date=20251216T171210, end_date=20251216T171212
[2025-12-16T17:12:12.355+0000] {local_task_job_runner.py:234} INFO - Task exited with return code 0
[2025-12-16T17:12:12.750+0000] {taskinstance.py:3280} INFO - 0 downstream tasks scheduled from follow-on schedule check
[2025-12-17T01:53:14.223+0000] {taskinstance.py:1956} INFO - Dependencies all met for dep_context=non-requeueable deps ti=<TaskInstance: etl_airflow.transform scheduled__2024-06-25T00:00:00+00:00 [queued]>
[2025-12-17T01:53:14.248+0000] {taskinstance.py:1956} INFO - Dependencies all met for dep_context=requeueable deps ti=<TaskInstance: etl_airflow.transform scheduled__2024-06-25T00:00:00+00:00 [queued]>
[2025-12-17T01:53:14.249+0000] {taskinstance.py:2170} INFO - Starting attempt 1 of 3
[2025-12-17T01:53:14.288+0000] {taskinstance.py:2191} INFO - Executing <Task(PythonOperator): transform> on 2024-06-25 00:00:00+00:00
[2025-12-17T01:53:14.301+0000] {standard_task_runner.py:60} INFO - Started process 1910 to run task
[2025-12-17T01:53:14.315+0000] {standard_task_runner.py:87} INFO - Running: ['***', 'tasks', 'run', 'etl_***', 'transform', 'scheduled__2024-06-25T00:00:00+00:00', '--job-id', '535', '--raw', '--subdir', 'DAGS_FOLDER/etl_dag.py', '--cfg-path', '/tmp/tmp_28w7l54']
[2025-12-17T01:53:14.321+0000] {standard_task_runner.py:88} INFO - Job 535: Subtask transform
[2025-12-17T01:53:14.506+0000] {task_command.py:423} INFO - Running <TaskInstance: etl_airflow.transform scheduled__2024-06-25T00:00:00+00:00 [running]> on host 571e042550da
[2025-12-17T01:53:15.037+0000] {taskinstance.py:2480} INFO - Exporting env vars: AIRFLOW_CTX_DAG_OWNER='***' AIRFLOW_CTX_DAG_ID='etl_***' AIRFLOW_CTX_TASK_ID='transform' AIRFLOW_CTX_EXECUTION_DATE='2024-06-25T00:00:00+00:00' AIRFLOW_CTX_TRY_NUMBER='1' AIRFLOW_CTX_DAG_RUN_ID='scheduled__2024-06-25T00:00:00+00:00'
[2025-12-17T01:53:15.040+0000] {logging_mixin.py:188} INFO - [TRANSFORM]
[2025-12-17T01:53:15.075+0000] {logging_mixin.py:188} INFO - [TRANSFORM] done
[2025-12-17T01:53:15.076+0000] {python.py:201} INFO - Done. Returned value was: None
[2025-12-17T01:53:15.110+0000] {taskinstance.py:1138} INFO - Marking task as SUCCESS. dag_id=etl_***, task_id=transform, execution_date=20240625T000000, start_date=20251217T015314, end_date=20251217T015315
[2025-12-17T01:53:15.213+0000] {local_task_job_runner.py:234} INFO - Task exited with return code 0
[2025-12-17T01:53:15.263+0000] {taskinstance.py:3280} INFO - 1 downstream tasks scheduled from follow-on schedule check
[2025-12-17T04:48:48.250+0000] {taskinstance.py:1956} INFO - Dependencies all met for dep_context=non-requeueable deps ti=<TaskInstance: etl_airflow.transform scheduled__2024-06-25T00:00:00+00:00 [queued]>
[2025-12-17T04:48:48.268+0000] {taskinstance.py:1956} INFO - Dependencies all met for dep_context=requeueable deps ti=<TaskInstance: etl_airflow.transform scheduled__2024-06-25T00:00:00+00:00 [queued]>
[2025-12-17T04:48:48.269+0000] {taskinstance.py:2170} INFO - Starting attempt 1 of 3
[2025-12-17T04:48:48.303+0000] {taskinstance.py:2191} INFO - Executing <Task(PythonOperator): transform> on 2024-06-25 00:00:00+00:00
[2025-12-17T04:48:48.314+0000] {standard_task_runner.py:60} INFO - Started process 2598 to run task
[2025-12-17T04:48:48.325+0000] {standard_task_runner.py:87} INFO - Running: ['***', 'tasks', 'run', 'etl_***', 'transform', 'scheduled__2024-06-25T00:00:00+00:00', '--job-id', '722', '--raw', '--subdir', 'DAGS_FOLDER/etl_***.py', '--cfg-path', '/tmp/tmpidr1v0ih']
[2025-12-17T04:48:48.332+0000] {standard_task_runner.py:88} INFO - Job 722: Subtask transform
[2025-12-17T04:48:48.464+0000] {task_command.py:423} INFO - Running <TaskInstance: etl_airflow.transform scheduled__2024-06-25T00:00:00+00:00 [running]> on host b3426f05ac70
[2025-12-17T04:48:48.885+0000] {taskinstance.py:2480} INFO - Exporting env vars: AIRFLOW_CTX_DAG_OWNER='***' AIRFLOW_CTX_DAG_ID='etl_***' AIRFLOW_CTX_TASK_ID='transform' AIRFLOW_CTX_EXECUTION_DATE='2024-06-25T00:00:00+00:00' AIRFLOW_CTX_TRY_NUMBER='1' AIRFLOW_CTX_DAG_RUN_ID='scheduled__2024-06-25T00:00:00+00:00'
[2025-12-17T04:48:48.887+0000] {taskinstance.py:2698} ERROR - Task failed with exception
Traceback (most recent call last):
  File "/home/airflow/.local/lib/python3.8/site-packages/airflow/models/taskinstance.py", line 433, in _execute_task
    result = execute_callable(context=context, **execute_callable_kwargs)
  File "/home/airflow/.local/lib/python3.8/site-packages/airflow/operators/python.py", line 199, in execute
    return_value = self.execute_callable()
  File "/home/airflow/.local/lib/python3.8/site-packages/airflow/operators/python.py", line 216, in execute_callable
    return self.python_callable(*self.op_args, **self.op_kwargs)
TypeError: transform_data() missing 1 required positional argument: 'df'
[2025-12-17T04:48:48.904+0000] {taskinstance.py:1138} INFO - Marking task as UP_FOR_RETRY. dag_id=etl_***, task_id=transform, execution_date=20240625T000000, start_date=20251217T044848, end_date=20251217T044848
[2025-12-17T04:48:48.971+0000] {standard_task_runner.py:107} ERROR - Failed to execute job 722 for task transform (transform_data() missing 1 required positional argument: 'df'; 2598)
[2025-12-17T04:48:49.039+0000] {local_task_job_runner.py:234} INFO - Task exited with return code 1
[2025-12-17T04:48:49.092+0000] {taskinstance.py:3280} INFO - 0 downstream tasks scheduled from follow-on schedule check
[2025-12-17T07:42:24.845+0000] {taskinstance.py:1956} INFO - Dependencies all met for dep_context=non-requeueable deps ti=<TaskInstance: etl_airflow.transform scheduled__2024-06-25T00:00:00+00:00 [queued]>
[2025-12-17T07:42:24.864+0000] {taskinstance.py:1956} INFO - Dependencies all met for dep_context=requeueable deps ti=<TaskInstance: etl_airflow.transform scheduled__2024-06-25T00:00:00+00:00 [queued]>
[2025-12-17T07:42:24.866+0000] {taskinstance.py:2170} INFO - Starting attempt 1 of 3
[2025-12-17T07:42:25.117+0000] {taskinstance.py:2191} INFO - Executing <Task(PythonOperator): transform> on 2024-06-25 00:00:00+00:00
[2025-12-17T07:42:25.141+0000] {standard_task_runner.py:60} INFO - Started process 2671 to run task
[2025-12-17T07:42:25.161+0000] {standard_task_runner.py:87} INFO - Running: ['***', 'tasks', 'run', 'etl_***', 'transform', 'scheduled__2024-06-25T00:00:00+00:00', '--job-id', '719', '--raw', '--subdir', 'DAGS_FOLDER/etl_***.py', '--cfg-path', '/tmp/tmplbpapzfg']
[2025-12-17T07:42:25.166+0000] {standard_task_runner.py:88} INFO - Job 719: Subtask transform
[2025-12-17T07:42:25.403+0000] {task_command.py:423} INFO - Running <TaskInstance: etl_airflow.transform scheduled__2024-06-25T00:00:00+00:00 [running]> on host 2a0de06c8905
[2025-12-17T07:42:25.967+0000] {taskinstance.py:2480} INFO - Exporting env vars: AIRFLOW_CTX_DAG_OWNER='***' AIRFLOW_CTX_DAG_ID='etl_***' AIRFLOW_CTX_TASK_ID='transform' AIRFLOW_CTX_EXECUTION_DATE='2024-06-25T00:00:00+00:00' AIRFLOW_CTX_TRY_NUMBER='1' AIRFLOW_CTX_DAG_RUN_ID='scheduled__2024-06-25T00:00:00+00:00'
[2025-12-17T07:42:25.971+0000] {taskinstance.py:2698} ERROR - Task failed with exception
Traceback (most recent call last):
  File "/home/airflow/.local/lib/python3.8/site-packages/airflow/models/taskinstance.py", line 433, in _execute_task
    result = execute_callable(context=context, **execute_callable_kwargs)
  File "/home/airflow/.local/lib/python3.8/site-packages/airflow/operators/python.py", line 199, in execute
    return_value = self.execute_callable()
  File "/home/airflow/.local/lib/python3.8/site-packages/airflow/operators/python.py", line 216, in execute_callable
    return self.python_callable(*self.op_args, **self.op_kwargs)
TypeError: transform_data() missing 1 required positional argument: 'df'
[2025-12-17T07:42:25.998+0000] {taskinstance.py:1138} INFO - Marking task as UP_FOR_RETRY. dag_id=etl_***, task_id=transform, execution_date=20240625T000000, start_date=20251217T074224, end_date=20251217T074225
[2025-12-17T07:42:26.341+0000] {standard_task_runner.py:107} ERROR - Failed to execute job 719 for task transform (transform_data() missing 1 required positional argument: 'df'; 2671)
[2025-12-17T07:42:26.426+0000] {local_task_job_runner.py:234} INFO - Task exited with return code 1
[2025-12-17T07:42:27.500+0000] {taskinstance.py:3280} INFO - 0 downstream tasks scheduled from follow-on schedule check
