[2025-12-16T17:21:49.399+0000] {taskinstance.py:1956} INFO - Dependencies all met for dep_context=non-requeueable deps ti=<TaskInstance: etl_airflow.transform scheduled__2024-02-23T00:00:00+00:00 [queued]>
[2025-12-16T17:21:49.424+0000] {taskinstance.py:1956} INFO - Dependencies all met for dep_context=requeueable deps ti=<TaskInstance: etl_airflow.transform scheduled__2024-02-23T00:00:00+00:00 [queued]>
[2025-12-16T17:21:49.429+0000] {taskinstance.py:2170} INFO - Starting attempt 3 of 5
[2025-12-16T17:21:49.467+0000] {taskinstance.py:2191} INFO - Executing <Task(PythonOperator): transform> on 2024-02-23 00:00:00+00:00
[2025-12-16T17:21:49.485+0000] {standard_task_runner.py:60} INFO - Started process 6030 to run task
[2025-12-16T17:21:49.492+0000] {standard_task_runner.py:87} INFO - Running: ['***', 'tasks', 'run', 'etl_***', 'transform', 'scheduled__2024-02-23T00:00:00+00:00', '--job-id', '5987', '--raw', '--subdir', 'DAGS_FOLDER/etl_dag.py', '--cfg-path', '/tmp/tmpx6x7xc9r']
[2025-12-16T17:21:49.500+0000] {standard_task_runner.py:88} INFO - Job 5987: Subtask transform
[2025-12-16T17:21:49.730+0000] {task_command.py:423} INFO - Running <TaskInstance: etl_airflow.transform scheduled__2024-02-23T00:00:00+00:00 [running]> on host 3b89cfee50e9
[2025-12-16T17:21:50.150+0000] {taskinstance.py:2480} INFO - Exporting env vars: AIRFLOW_CTX_DAG_OWNER='***' AIRFLOW_CTX_DAG_ID='etl_***' AIRFLOW_CTX_TASK_ID='transform' AIRFLOW_CTX_EXECUTION_DATE='2024-02-23T00:00:00+00:00' AIRFLOW_CTX_TRY_NUMBER='3' AIRFLOW_CTX_DAG_RUN_ID='scheduled__2024-02-23T00:00:00+00:00'
[2025-12-16T17:21:50.154+0000] {logging_mixin.py:188} INFO - [TRANSFORM]
[2025-12-16T17:21:50.641+0000] {logging_mixin.py:188} INFO - [TRANSFORM] done
[2025-12-16T17:21:50.644+0000] {python.py:201} INFO - Done. Returned value was: None
[2025-12-16T17:21:50.675+0000] {taskinstance.py:1138} INFO - Marking task as SUCCESS. dag_id=etl_***, task_id=transform, execution_date=20240223T000000, start_date=20251216T172149, end_date=20251216T172150
[2025-12-16T17:21:50.738+0000] {local_task_job_runner.py:234} INFO - Task exited with return code 0
[2025-12-16T17:21:50.792+0000] {taskinstance.py:3280} INFO - 1 downstream tasks scheduled from follow-on schedule check
[2025-12-17T04:44:31.942+0000] {taskinstance.py:1956} INFO - Dependencies all met for dep_context=non-requeueable deps ti=<TaskInstance: etl_airflow.transform scheduled__2024-02-23T00:00:00+00:00 [queued]>
[2025-12-17T04:44:31.958+0000] {taskinstance.py:1956} INFO - Dependencies all met for dep_context=requeueable deps ti=<TaskInstance: etl_airflow.transform scheduled__2024-02-23T00:00:00+00:00 [queued]>
[2025-12-17T04:44:31.960+0000] {taskinstance.py:2170} INFO - Starting attempt 3 of 3
[2025-12-17T04:44:31.981+0000] {taskinstance.py:2191} INFO - Executing <Task(PythonOperator): transform> on 2024-02-23 00:00:00+00:00
[2025-12-17T04:44:31.991+0000] {standard_task_runner.py:60} INFO - Started process 1049 to run task
[2025-12-17T04:44:31.997+0000] {standard_task_runner.py:87} INFO - Running: ['***', 'tasks', 'run', 'etl_***', 'transform', 'scheduled__2024-02-23T00:00:00+00:00', '--job-id', '250', '--raw', '--subdir', 'DAGS_FOLDER/etl_***.py', '--cfg-path', '/tmp/tmpd2akjr0d']
[2025-12-17T04:44:32.002+0000] {standard_task_runner.py:88} INFO - Job 250: Subtask transform
[2025-12-17T04:44:32.132+0000] {task_command.py:423} INFO - Running <TaskInstance: etl_airflow.transform scheduled__2024-02-23T00:00:00+00:00 [running]> on host b3426f05ac70
[2025-12-17T04:44:32.632+0000] {taskinstance.py:2480} INFO - Exporting env vars: AIRFLOW_CTX_DAG_OWNER='***' AIRFLOW_CTX_DAG_ID='etl_***' AIRFLOW_CTX_TASK_ID='transform' AIRFLOW_CTX_EXECUTION_DATE='2024-02-23T00:00:00+00:00' AIRFLOW_CTX_TRY_NUMBER='3' AIRFLOW_CTX_DAG_RUN_ID='scheduled__2024-02-23T00:00:00+00:00'
[2025-12-17T04:44:32.636+0000] {taskinstance.py:2698} ERROR - Task failed with exception
Traceback (most recent call last):
  File "/home/airflow/.local/lib/python3.8/site-packages/airflow/models/taskinstance.py", line 433, in _execute_task
    result = execute_callable(context=context, **execute_callable_kwargs)
  File "/home/airflow/.local/lib/python3.8/site-packages/airflow/operators/python.py", line 199, in execute
    return_value = self.execute_callable()
  File "/home/airflow/.local/lib/python3.8/site-packages/airflow/operators/python.py", line 216, in execute_callable
    return self.python_callable(*self.op_args, **self.op_kwargs)
TypeError: transform_data() missing 1 required positional argument: 'df'
[2025-12-17T04:44:32.651+0000] {taskinstance.py:1138} INFO - Marking task as FAILED. dag_id=etl_***, task_id=transform, execution_date=20240223T000000, start_date=20251217T044431, end_date=20251217T044432
[2025-12-17T04:44:32.670+0000] {standard_task_runner.py:107} ERROR - Failed to execute job 250 for task transform (transform_data() missing 1 required positional argument: 'df'; 1049)
[2025-12-17T04:44:32.695+0000] {local_task_job_runner.py:234} INFO - Task exited with return code 1
[2025-12-17T04:44:32.745+0000] {taskinstance.py:3280} INFO - 0 downstream tasks scheduled from follow-on schedule check
[2025-12-17T07:37:48.842+0000] {taskinstance.py:1956} INFO - Dependencies all met for dep_context=non-requeueable deps ti=<TaskInstance: etl_airflow.transform scheduled__2024-02-23T00:00:00+00:00 [queued]>
[2025-12-17T07:37:48.861+0000] {taskinstance.py:1956} INFO - Dependencies all met for dep_context=requeueable deps ti=<TaskInstance: etl_airflow.transform scheduled__2024-02-23T00:00:00+00:00 [queued]>
[2025-12-17T07:37:48.862+0000] {taskinstance.py:2170} INFO - Starting attempt 3 of 3
[2025-12-17T07:37:48.890+0000] {taskinstance.py:2191} INFO - Executing <Task(PythonOperator): transform> on 2024-02-23 00:00:00+00:00
[2025-12-17T07:37:48.904+0000] {standard_task_runner.py:60} INFO - Started process 1100 to run task
[2025-12-17T07:37:48.914+0000] {standard_task_runner.py:87} INFO - Running: ['***', 'tasks', 'run', 'etl_***', 'transform', 'scheduled__2024-02-23T00:00:00+00:00', '--job-id', '247', '--raw', '--subdir', 'DAGS_FOLDER/etl_***.py', '--cfg-path', '/tmp/tmp_z813wdy']
[2025-12-17T07:37:48.918+0000] {standard_task_runner.py:88} INFO - Job 247: Subtask transform
[2025-12-17T07:37:49.078+0000] {task_command.py:423} INFO - Running <TaskInstance: etl_airflow.transform scheduled__2024-02-23T00:00:00+00:00 [running]> on host 2a0de06c8905
[2025-12-17T07:37:49.640+0000] {taskinstance.py:2480} INFO - Exporting env vars: AIRFLOW_CTX_DAG_OWNER='***' AIRFLOW_CTX_DAG_ID='etl_***' AIRFLOW_CTX_TASK_ID='transform' AIRFLOW_CTX_EXECUTION_DATE='2024-02-23T00:00:00+00:00' AIRFLOW_CTX_TRY_NUMBER='3' AIRFLOW_CTX_DAG_RUN_ID='scheduled__2024-02-23T00:00:00+00:00'
[2025-12-17T07:37:49.650+0000] {taskinstance.py:2698} ERROR - Task failed with exception
Traceback (most recent call last):
  File "/home/airflow/.local/lib/python3.8/site-packages/airflow/models/taskinstance.py", line 433, in _execute_task
    result = execute_callable(context=context, **execute_callable_kwargs)
  File "/home/airflow/.local/lib/python3.8/site-packages/airflow/operators/python.py", line 199, in execute
    return_value = self.execute_callable()
  File "/home/airflow/.local/lib/python3.8/site-packages/airflow/operators/python.py", line 216, in execute_callable
    return self.python_callable(*self.op_args, **self.op_kwargs)
TypeError: transform_data() missing 1 required positional argument: 'df'
[2025-12-17T07:37:49.670+0000] {taskinstance.py:1138} INFO - Marking task as FAILED. dag_id=etl_***, task_id=transform, execution_date=20240223T000000, start_date=20251217T073748, end_date=20251217T073749
[2025-12-17T07:37:49.701+0000] {standard_task_runner.py:107} ERROR - Failed to execute job 247 for task transform (transform_data() missing 1 required positional argument: 'df'; 1100)
[2025-12-17T07:37:49.732+0000] {local_task_job_runner.py:234} INFO - Task exited with return code 1
[2025-12-17T07:37:49.787+0000] {taskinstance.py:3280} INFO - 0 downstream tasks scheduled from follow-on schedule check
