[2025-12-16T16:35:00.725+0000] {taskinstance.py:1956} INFO - Dependencies all met for dep_context=non-requeueable deps ti=<TaskInstance: etl_airflow.extract scheduled__2024-05-26T00:00:00+00:00 [queued]>
[2025-12-16T16:35:00.745+0000] {taskinstance.py:1956} INFO - Dependencies all met for dep_context=requeueable deps ti=<TaskInstance: etl_airflow.extract scheduled__2024-05-26T00:00:00+00:00 [queued]>
[2025-12-16T16:35:00.746+0000] {taskinstance.py:2170} INFO - Starting attempt 1 of 3
[2025-12-16T16:35:00.876+0000] {taskinstance.py:2191} INFO - Executing <Task(PythonOperator): extract> on 2024-05-26 00:00:00+00:00
[2025-12-16T16:35:00.885+0000] {standard_task_runner.py:60} INFO - Started process 284 to run task
[2025-12-16T16:35:00.891+0000] {standard_task_runner.py:87} INFO - Running: ['***', 'tasks', 'run', 'etl_***', 'extract', 'scheduled__2024-05-26T00:00:00+00:00', '--job-id', '434', '--raw', '--subdir', 'DAGS_FOLDER/etl_dag.py', '--cfg-path', '/tmp/tmpq0ao0g1x']
[2025-12-16T16:35:00.896+0000] {standard_task_runner.py:88} INFO - Job 434: Subtask extract
[2025-12-16T16:35:01.019+0000] {task_command.py:423} INFO - Running <TaskInstance: etl_airflow.extract scheduled__2024-05-26T00:00:00+00:00 [running]> on host 02b83863a69a
[2025-12-16T16:35:01.156+0000] {taskinstance.py:2480} INFO - Exporting env vars: AIRFLOW_CTX_DAG_OWNER='***' AIRFLOW_CTX_DAG_ID='etl_***' AIRFLOW_CTX_TASK_ID='extract' AIRFLOW_CTX_EXECUTION_DATE='2024-05-26T00:00:00+00:00' AIRFLOW_CTX_TRY_NUMBER='1' AIRFLOW_CTX_DAG_RUN_ID='scheduled__2024-05-26T00:00:00+00:00'
[2025-12-16T16:35:01.158+0000] {logging_mixin.py:188} INFO - Extracting data from /opt/***/data/input.csv
[2025-12-16T16:35:01.165+0000] {taskinstance.py:2698} ERROR - Task failed with exception
Traceback (most recent call last):
  File "/home/airflow/.local/lib/python3.8/site-packages/airflow/models/taskinstance.py", line 433, in _execute_task
    result = execute_callable(context=context, **execute_callable_kwargs)
  File "/home/airflow/.local/lib/python3.8/site-packages/airflow/operators/python.py", line 199, in execute
    return_value = self.execute_callable()
  File "/home/airflow/.local/lib/python3.8/site-packages/airflow/operators/python.py", line 216, in execute_callable
    return self.python_callable(*self.op_args, **self.op_kwargs)
  File "/opt/airflow/dags/etl_logic/pipeline.py", line 97, in extract_data
    df = pd.read_csv(input_path)
  File "/home/airflow/.local/lib/python3.8/site-packages/pandas/io/parsers/readers.py", line 912, in read_csv
    return _read(filepath_or_buffer, kwds)
  File "/home/airflow/.local/lib/python3.8/site-packages/pandas/io/parsers/readers.py", line 577, in _read
    parser = TextFileReader(filepath_or_buffer, **kwds)
  File "/home/airflow/.local/lib/python3.8/site-packages/pandas/io/parsers/readers.py", line 1407, in __init__
    self._engine = self._make_engine(f, self.engine)
  File "/home/airflow/.local/lib/python3.8/site-packages/pandas/io/parsers/readers.py", line 1661, in _make_engine
    self.handles = get_handle(
  File "/home/airflow/.local/lib/python3.8/site-packages/pandas/io/common.py", line 859, in get_handle
    handle = open(
FileNotFoundError: [Errno 2] No such file or directory: '/opt/airflow/data/input.csv'
[2025-12-16T16:35:01.195+0000] {taskinstance.py:1138} INFO - Marking task as UP_FOR_RETRY. dag_id=etl_***, task_id=extract, execution_date=20240526T000000, start_date=20251216T163500, end_date=20251216T163501
[2025-12-16T16:35:01.222+0000] {standard_task_runner.py:107} ERROR - Failed to execute job 434 for task extract ([Errno 2] No such file or directory: '/opt/airflow/data/input.csv'; 284)
[2025-12-16T16:35:01.265+0000] {local_task_job_runner.py:234} INFO - Task exited with return code 1
[2025-12-16T16:35:01.517+0000] {taskinstance.py:3280} INFO - 0 downstream tasks scheduled from follow-on schedule check
[2025-12-17T01:52:46.666+0000] {taskinstance.py:1956} INFO - Dependencies all met for dep_context=non-requeueable deps ti=<TaskInstance: etl_airflow.extract scheduled__2024-05-26T00:00:00+00:00 [queued]>
[2025-12-17T01:52:46.685+0000] {taskinstance.py:1956} INFO - Dependencies all met for dep_context=requeueable deps ti=<TaskInstance: etl_airflow.extract scheduled__2024-05-26T00:00:00+00:00 [queued]>
[2025-12-17T01:52:46.690+0000] {taskinstance.py:2170} INFO - Starting attempt 1 of 3
[2025-12-17T01:52:46.722+0000] {taskinstance.py:2191} INFO - Executing <Task(PythonOperator): extract> on 2024-05-26 00:00:00+00:00
[2025-12-17T01:52:46.731+0000] {standard_task_runner.py:60} INFO - Started process 1646 to run task
[2025-12-17T01:52:46.737+0000] {standard_task_runner.py:87} INFO - Running: ['***', 'tasks', 'run', 'etl_***', 'extract', 'scheduled__2024-05-26T00:00:00+00:00', '--job-id', '452', '--raw', '--subdir', 'DAGS_FOLDER/etl_dag.py', '--cfg-path', '/tmp/tmpef05_zpn']
[2025-12-17T01:52:46.741+0000] {standard_task_runner.py:88} INFO - Job 452: Subtask extract
[2025-12-17T01:52:46.948+0000] {task_command.py:423} INFO - Running <TaskInstance: etl_airflow.extract scheduled__2024-05-26T00:00:00+00:00 [running]> on host 571e042550da
[2025-12-17T01:52:47.392+0000] {taskinstance.py:2480} INFO - Exporting env vars: AIRFLOW_CTX_DAG_OWNER='***' AIRFLOW_CTX_DAG_ID='etl_***' AIRFLOW_CTX_TASK_ID='extract' AIRFLOW_CTX_EXECUTION_DATE='2024-05-26T00:00:00+00:00' AIRFLOW_CTX_TRY_NUMBER='1' AIRFLOW_CTX_DAG_RUN_ID='scheduled__2024-05-26T00:00:00+00:00'
[2025-12-17T01:52:47.395+0000] {logging_mixin.py:188} INFO - [EXTRACT] Reading /opt/***/data/synthetic_events.csv
[2025-12-17T01:52:47.428+0000] {logging_mixin.py:188} INFO - [EXTRACT] done
[2025-12-17T01:52:47.429+0000] {python.py:201} INFO - Done. Returned value was: None
[2025-12-17T01:52:47.449+0000] {taskinstance.py:1138} INFO - Marking task as SUCCESS. dag_id=etl_***, task_id=extract, execution_date=20240526T000000, start_date=20251217T015246, end_date=20251217T015247
[2025-12-17T01:52:47.636+0000] {local_task_job_runner.py:234} INFO - Task exited with return code 0
[2025-12-17T01:52:47.693+0000] {taskinstance.py:3280} INFO - 1 downstream tasks scheduled from follow-on schedule check
[2025-12-17T04:20:12.265+0000] {taskinstance.py:1956} INFO - Dependencies all met for dep_context=non-requeueable deps ti=<TaskInstance: etl_airflow.extract scheduled__2024-05-26T00:00:00+00:00 [queued]>
[2025-12-17T04:20:12.279+0000] {taskinstance.py:1956} INFO - Dependencies all met for dep_context=requeueable deps ti=<TaskInstance: etl_airflow.extract scheduled__2024-05-26T00:00:00+00:00 [queued]>
[2025-12-17T04:20:12.280+0000] {taskinstance.py:2170} INFO - Starting attempt 1 of 3
[2025-12-17T04:20:12.299+0000] {taskinstance.py:2191} INFO - Executing <Task(PythonOperator): extract> on 2024-05-26 00:00:00+00:00
[2025-12-17T04:20:12.307+0000] {standard_task_runner.py:60} INFO - Started process 905 to run task
[2025-12-17T04:20:12.314+0000] {standard_task_runner.py:87} INFO - Running: ['***', 'tasks', 'run', 'etl_***', 'extract', 'scheduled__2024-05-26T00:00:00+00:00', '--job-id', '210', '--raw', '--subdir', 'DAGS_FOLDER/etl_dag.py', '--cfg-path', '/tmp/tmpdmxaqlyw']
[2025-12-17T04:20:12.318+0000] {standard_task_runner.py:88} INFO - Job 210: Subtask extract
[2025-12-17T04:20:12.428+0000] {task_command.py:423} INFO - Running <TaskInstance: etl_airflow.extract scheduled__2024-05-26T00:00:00+00:00 [running]> on host c5811fe183ca
[2025-12-17T04:20:12.721+0000] {taskinstance.py:2480} INFO - Exporting env vars: AIRFLOW_CTX_DAG_OWNER='***' AIRFLOW_CTX_DAG_ID='etl_***' AIRFLOW_CTX_TASK_ID='extract' AIRFLOW_CTX_EXECUTION_DATE='2024-05-26T00:00:00+00:00' AIRFLOW_CTX_TRY_NUMBER='1' AIRFLOW_CTX_DAG_RUN_ID='scheduled__2024-05-26T00:00:00+00:00'
[2025-12-17T04:20:12.739+0000] {python.py:201} INFO - Done. Returned value was:    user_id event_type           timestamp country
0        1      login 2025-01-01 09:00:00      IN
1        1      click 2025-01-01 09:05:00      IN
2        1     logout 2025-01-01 09:15:00      IN
3        2      login 2025-01-01 10:00:00      US
4        2      click 2025-01-01 10:10:00      US
5        2     logout 2025-01-01 10:20:00      US
6        3      login 2025-01-02 08:00:00      FR
7        3      click 2025-01-02 08:05:00      FR
8        3     logout 2025-01-02 08:30:00      FR
[2025-12-17T04:20:12.789+0000] {taskinstance.py:1138} INFO - Marking task as SUCCESS. dag_id=etl_***, task_id=extract, execution_date=20240526T000000, start_date=20251217T042012, end_date=20251217T042012
[2025-12-17T04:20:12.847+0000] {local_task_job_runner.py:234} INFO - Task exited with return code 0
[2025-12-17T04:20:12.875+0000] {taskinstance.py:3280} INFO - 0 downstream tasks scheduled from follow-on schedule check
[2025-12-17T04:47:36.912+0000] {taskinstance.py:1956} INFO - Dependencies all met for dep_context=non-requeueable deps ti=<TaskInstance: etl_airflow.extract scheduled__2024-05-26T00:00:00+00:00 [queued]>
[2025-12-17T04:47:36.929+0000] {taskinstance.py:1956} INFO - Dependencies all met for dep_context=requeueable deps ti=<TaskInstance: etl_airflow.extract scheduled__2024-05-26T00:00:00+00:00 [queued]>
[2025-12-17T04:47:36.931+0000] {taskinstance.py:2170} INFO - Starting attempt 1 of 3
[2025-12-17T04:47:36.985+0000] {taskinstance.py:2191} INFO - Executing <Task(PythonOperator): extract> on 2024-05-26 00:00:00+00:00
[2025-12-17T04:47:36.994+0000] {standard_task_runner.py:60} INFO - Started process 2139 to run task
[2025-12-17T04:47:37.003+0000] {standard_task_runner.py:87} INFO - Running: ['***', 'tasks', 'run', 'etl_***', 'extract', 'scheduled__2024-05-26T00:00:00+00:00', '--job-id', '580', '--raw', '--subdir', 'DAGS_FOLDER/etl_***.py', '--cfg-path', '/tmp/tmpsaysd6l9']
[2025-12-17T04:47:37.007+0000] {standard_task_runner.py:88} INFO - Job 580: Subtask extract
[2025-12-17T04:47:37.134+0000] {task_command.py:423} INFO - Running <TaskInstance: etl_airflow.extract scheduled__2024-05-26T00:00:00+00:00 [running]> on host b3426f05ac70
[2025-12-17T04:47:37.556+0000] {taskinstance.py:2480} INFO - Exporting env vars: AIRFLOW_CTX_DAG_OWNER='***' AIRFLOW_CTX_DAG_ID='etl_***' AIRFLOW_CTX_TASK_ID='extract' AIRFLOW_CTX_EXECUTION_DATE='2024-05-26T00:00:00+00:00' AIRFLOW_CTX_TRY_NUMBER='1' AIRFLOW_CTX_DAG_RUN_ID='scheduled__2024-05-26T00:00:00+00:00'
[2025-12-17T04:47:37.577+0000] {python.py:201} INFO - Done. Returned value was:    user_id event_type           timestamp country
0        1      login 2025-01-01 09:00:00      IN
1        1      click 2025-01-01 09:05:00      IN
2        1     logout 2025-01-01 09:15:00      IN
3        2      login 2025-01-01 10:00:00      US
4        2      click 2025-01-01 10:10:00      US
5        2     logout 2025-01-01 10:20:00      US
6        3      login 2025-01-02 08:00:00      FR
7        3      click 2025-01-02 08:05:00      FR
8        3     logout 2025-01-02 08:30:00      FR
[2025-12-17T04:47:37.641+0000] {taskinstance.py:1138} INFO - Marking task as SUCCESS. dag_id=etl_***, task_id=extract, execution_date=20240526T000000, start_date=20251217T044736, end_date=20251217T044737
[2025-12-17T04:47:37.776+0000] {local_task_job_runner.py:234} INFO - Task exited with return code 0
[2025-12-17T04:47:37.824+0000] {taskinstance.py:3280} INFO - 1 downstream tasks scheduled from follow-on schedule check
[2025-12-17T07:41:05.201+0000] {taskinstance.py:1956} INFO - Dependencies all met for dep_context=non-requeueable deps ti=<TaskInstance: etl_airflow.extract scheduled__2024-05-26T00:00:00+00:00 [queued]>
[2025-12-17T07:41:05.220+0000] {taskinstance.py:1956} INFO - Dependencies all met for dep_context=requeueable deps ti=<TaskInstance: etl_airflow.extract scheduled__2024-05-26T00:00:00+00:00 [queued]>
[2025-12-17T07:41:05.222+0000] {taskinstance.py:2170} INFO - Starting attempt 1 of 3
[2025-12-17T07:41:05.303+0000] {taskinstance.py:2191} INFO - Executing <Task(PythonOperator): extract> on 2024-05-26 00:00:00+00:00
[2025-12-17T07:41:05.314+0000] {standard_task_runner.py:60} INFO - Started process 2206 to run task
[2025-12-17T07:41:05.321+0000] {standard_task_runner.py:87} INFO - Running: ['***', 'tasks', 'run', 'etl_***', 'extract', 'scheduled__2024-05-26T00:00:00+00:00', '--job-id', '581', '--raw', '--subdir', 'DAGS_FOLDER/etl_***.py', '--cfg-path', '/tmp/tmpphxnj6_k']
[2025-12-17T07:41:05.328+0000] {standard_task_runner.py:88} INFO - Job 581: Subtask extract
[2025-12-17T07:41:05.625+0000] {task_command.py:423} INFO - Running <TaskInstance: etl_airflow.extract scheduled__2024-05-26T00:00:00+00:00 [running]> on host 2a0de06c8905
[2025-12-17T07:41:06.089+0000] {taskinstance.py:2480} INFO - Exporting env vars: AIRFLOW_CTX_DAG_OWNER='***' AIRFLOW_CTX_DAG_ID='etl_***' AIRFLOW_CTX_TASK_ID='extract' AIRFLOW_CTX_EXECUTION_DATE='2024-05-26T00:00:00+00:00' AIRFLOW_CTX_TRY_NUMBER='1' AIRFLOW_CTX_DAG_RUN_ID='scheduled__2024-05-26T00:00:00+00:00'
[2025-12-17T07:41:06.249+0000] {python.py:201} INFO - Done. Returned value was:    user_id event_type           timestamp country
0        1      login 2025-01-01 09:00:00      IN
1        1      click 2025-01-01 09:05:00      IN
2        1     logout 2025-01-01 09:15:00      IN
3        2      login 2025-01-01 10:00:00      US
4        2      click 2025-01-01 10:10:00      US
5        2     logout 2025-01-01 10:20:00      US
6        3      login 2025-01-02 08:00:00      FR
7        3      click 2025-01-02 08:05:00      FR
8        3     logout 2025-01-02 08:30:00      FR
[2025-12-17T07:41:06.340+0000] {taskinstance.py:1138} INFO - Marking task as SUCCESS. dag_id=etl_***, task_id=extract, execution_date=20240526T000000, start_date=20251217T074105, end_date=20251217T074106
[2025-12-17T07:41:06.435+0000] {local_task_job_runner.py:234} INFO - Task exited with return code 0
[2025-12-17T07:41:06.512+0000] {taskinstance.py:3280} INFO - 1 downstream tasks scheduled from follow-on schedule check
