[2025-12-16T16:35:00.245+0000] {taskinstance.py:1956} INFO - Dependencies all met for dep_context=non-requeueable deps ti=<TaskInstance: etl_airflow.extract scheduled__2024-05-24T00:00:00+00:00 [queued]>
[2025-12-16T16:35:00.265+0000] {taskinstance.py:1956} INFO - Dependencies all met for dep_context=requeueable deps ti=<TaskInstance: etl_airflow.extract scheduled__2024-05-24T00:00:00+00:00 [queued]>
[2025-12-16T16:35:00.267+0000] {taskinstance.py:2170} INFO - Starting attempt 1 of 3
[2025-12-16T16:35:00.299+0000] {taskinstance.py:2191} INFO - Executing <Task(PythonOperator): extract> on 2024-05-24 00:00:00+00:00
[2025-12-16T16:35:00.311+0000] {standard_task_runner.py:60} INFO - Started process 278 to run task
[2025-12-16T16:35:00.317+0000] {standard_task_runner.py:87} INFO - Running: ['***', 'tasks', 'run', 'etl_***', 'extract', 'scheduled__2024-05-24T00:00:00+00:00', '--job-id', '432', '--raw', '--subdir', 'DAGS_FOLDER/etl_dag.py', '--cfg-path', '/tmp/tmplz5p5i9p']
[2025-12-16T16:35:00.327+0000] {standard_task_runner.py:88} INFO - Job 432: Subtask extract
[2025-12-16T16:35:00.460+0000] {task_command.py:423} INFO - Running <TaskInstance: etl_airflow.extract scheduled__2024-05-24T00:00:00+00:00 [running]> on host 02b83863a69a
[2025-12-16T16:35:00.610+0000] {taskinstance.py:2480} INFO - Exporting env vars: AIRFLOW_CTX_DAG_OWNER='***' AIRFLOW_CTX_DAG_ID='etl_***' AIRFLOW_CTX_TASK_ID='extract' AIRFLOW_CTX_EXECUTION_DATE='2024-05-24T00:00:00+00:00' AIRFLOW_CTX_TRY_NUMBER='1' AIRFLOW_CTX_DAG_RUN_ID='scheduled__2024-05-24T00:00:00+00:00'
[2025-12-16T16:35:00.614+0000] {logging_mixin.py:188} INFO - Extracting data from /opt/***/data/input.csv
[2025-12-16T16:35:00.623+0000] {taskinstance.py:2698} ERROR - Task failed with exception
Traceback (most recent call last):
  File "/home/airflow/.local/lib/python3.8/site-packages/airflow/models/taskinstance.py", line 433, in _execute_task
    result = execute_callable(context=context, **execute_callable_kwargs)
  File "/home/airflow/.local/lib/python3.8/site-packages/airflow/operators/python.py", line 199, in execute
    return_value = self.execute_callable()
  File "/home/airflow/.local/lib/python3.8/site-packages/airflow/operators/python.py", line 216, in execute_callable
    return self.python_callable(*self.op_args, **self.op_kwargs)
  File "/opt/airflow/dags/etl_logic/pipeline.py", line 97, in extract_data
    df = pd.read_csv(input_path)
  File "/home/airflow/.local/lib/python3.8/site-packages/pandas/io/parsers/readers.py", line 912, in read_csv
    return _read(filepath_or_buffer, kwds)
  File "/home/airflow/.local/lib/python3.8/site-packages/pandas/io/parsers/readers.py", line 577, in _read
    parser = TextFileReader(filepath_or_buffer, **kwds)
  File "/home/airflow/.local/lib/python3.8/site-packages/pandas/io/parsers/readers.py", line 1407, in __init__
    self._engine = self._make_engine(f, self.engine)
  File "/home/airflow/.local/lib/python3.8/site-packages/pandas/io/parsers/readers.py", line 1661, in _make_engine
    self.handles = get_handle(
  File "/home/airflow/.local/lib/python3.8/site-packages/pandas/io/common.py", line 859, in get_handle
    handle = open(
FileNotFoundError: [Errno 2] No such file or directory: '/opt/airflow/data/input.csv'
[2025-12-16T16:35:00.663+0000] {taskinstance.py:1138} INFO - Marking task as UP_FOR_RETRY. dag_id=etl_***, task_id=extract, execution_date=20240524T000000, start_date=20251216T163500, end_date=20251216T163500
[2025-12-16T16:35:00.693+0000] {standard_task_runner.py:107} ERROR - Failed to execute job 432 for task extract ([Errno 2] No such file or directory: '/opt/airflow/data/input.csv'; 278)
[2025-12-16T16:35:00.736+0000] {local_task_job_runner.py:234} INFO - Task exited with return code 1
[2025-12-16T16:35:00.781+0000] {taskinstance.py:3280} INFO - 0 downstream tasks scheduled from follow-on schedule check
[2025-12-17T01:52:35.634+0000] {taskinstance.py:1956} INFO - Dependencies all met for dep_context=non-requeueable deps ti=<TaskInstance: etl_airflow.extract scheduled__2024-05-24T00:00:00+00:00 [queued]>
[2025-12-17T01:52:35.663+0000] {taskinstance.py:1956} INFO - Dependencies all met for dep_context=requeueable deps ti=<TaskInstance: etl_airflow.extract scheduled__2024-05-24T00:00:00+00:00 [queued]>
[2025-12-17T01:52:35.667+0000] {taskinstance.py:2170} INFO - Starting attempt 1 of 3
[2025-12-17T01:52:35.906+0000] {taskinstance.py:2191} INFO - Executing <Task(PythonOperator): extract> on 2024-05-24 00:00:00+00:00
[2025-12-17T01:52:35.919+0000] {standard_task_runner.py:60} INFO - Started process 1580 to run task
[2025-12-17T01:52:35.926+0000] {standard_task_runner.py:87} INFO - Running: ['***', 'tasks', 'run', 'etl_***', 'extract', 'scheduled__2024-05-24T00:00:00+00:00', '--job-id', '428', '--raw', '--subdir', 'DAGS_FOLDER/etl_dag.py', '--cfg-path', '/tmp/tmpk0s7ximx']
[2025-12-17T01:52:35.940+0000] {standard_task_runner.py:88} INFO - Job 428: Subtask extract
[2025-12-17T01:52:36.134+0000] {task_command.py:423} INFO - Running <TaskInstance: etl_airflow.extract scheduled__2024-05-24T00:00:00+00:00 [running]> on host 571e042550da
[2025-12-17T01:52:36.695+0000] {taskinstance.py:2480} INFO - Exporting env vars: AIRFLOW_CTX_DAG_OWNER='***' AIRFLOW_CTX_DAG_ID='etl_***' AIRFLOW_CTX_TASK_ID='extract' AIRFLOW_CTX_EXECUTION_DATE='2024-05-24T00:00:00+00:00' AIRFLOW_CTX_TRY_NUMBER='1' AIRFLOW_CTX_DAG_RUN_ID='scheduled__2024-05-24T00:00:00+00:00'
[2025-12-17T01:52:36.701+0000] {logging_mixin.py:188} INFO - [EXTRACT] Reading /opt/***/data/synthetic_events.csv
[2025-12-17T01:52:36.758+0000] {logging_mixin.py:188} INFO - [EXTRACT] done
[2025-12-17T01:52:36.760+0000] {python.py:201} INFO - Done. Returned value was: None
[2025-12-17T01:52:36.782+0000] {taskinstance.py:1138} INFO - Marking task as SUCCESS. dag_id=etl_***, task_id=extract, execution_date=20240524T000000, start_date=20251217T015235, end_date=20251217T015236
[2025-12-17T01:52:37.147+0000] {local_task_job_runner.py:234} INFO - Task exited with return code 0
[2025-12-17T01:52:37.237+0000] {taskinstance.py:3280} INFO - 1 downstream tasks scheduled from follow-on schedule check
[2025-12-17T04:20:11.996+0000] {taskinstance.py:1956} INFO - Dependencies all met for dep_context=non-requeueable deps ti=<TaskInstance: etl_airflow.extract scheduled__2024-05-24T00:00:00+00:00 [queued]>
[2025-12-17T04:20:12.010+0000] {taskinstance.py:1956} INFO - Dependencies all met for dep_context=requeueable deps ti=<TaskInstance: etl_airflow.extract scheduled__2024-05-24T00:00:00+00:00 [queued]>
[2025-12-17T04:20:12.011+0000] {taskinstance.py:2170} INFO - Starting attempt 1 of 3
[2025-12-17T04:20:12.028+0000] {taskinstance.py:2191} INFO - Executing <Task(PythonOperator): extract> on 2024-05-24 00:00:00+00:00
[2025-12-17T04:20:12.035+0000] {standard_task_runner.py:60} INFO - Started process 903 to run task
[2025-12-17T04:20:12.040+0000] {standard_task_runner.py:87} INFO - Running: ['***', 'tasks', 'run', 'etl_***', 'extract', 'scheduled__2024-05-24T00:00:00+00:00', '--job-id', '208', '--raw', '--subdir', 'DAGS_FOLDER/etl_dag.py', '--cfg-path', '/tmp/tmpjlqce1pt']
[2025-12-17T04:20:12.043+0000] {standard_task_runner.py:88} INFO - Job 208: Subtask extract
[2025-12-17T04:20:12.142+0000] {task_command.py:423} INFO - Running <TaskInstance: etl_airflow.extract scheduled__2024-05-24T00:00:00+00:00 [running]> on host c5811fe183ca
[2025-12-17T04:20:12.462+0000] {taskinstance.py:2480} INFO - Exporting env vars: AIRFLOW_CTX_DAG_OWNER='***' AIRFLOW_CTX_DAG_ID='etl_***' AIRFLOW_CTX_TASK_ID='extract' AIRFLOW_CTX_EXECUTION_DATE='2024-05-24T00:00:00+00:00' AIRFLOW_CTX_TRY_NUMBER='1' AIRFLOW_CTX_DAG_RUN_ID='scheduled__2024-05-24T00:00:00+00:00'
[2025-12-17T04:20:12.477+0000] {python.py:201} INFO - Done. Returned value was:    user_id event_type           timestamp country
0        1      login 2025-01-01 09:00:00      IN
1        1      click 2025-01-01 09:05:00      IN
2        1     logout 2025-01-01 09:15:00      IN
3        2      login 2025-01-01 10:00:00      US
4        2      click 2025-01-01 10:10:00      US
5        2     logout 2025-01-01 10:20:00      US
6        3      login 2025-01-02 08:00:00      FR
7        3      click 2025-01-02 08:05:00      FR
8        3     logout 2025-01-02 08:30:00      FR
[2025-12-17T04:20:12.526+0000] {taskinstance.py:1138} INFO - Marking task as SUCCESS. dag_id=etl_***, task_id=extract, execution_date=20240524T000000, start_date=20251217T042011, end_date=20251217T042012
[2025-12-17T04:20:12.576+0000] {local_task_job_runner.py:234} INFO - Task exited with return code 0
[2025-12-17T04:20:12.595+0000] {taskinstance.py:3280} INFO - 0 downstream tasks scheduled from follow-on schedule check
[2025-12-17T04:47:36.732+0000] {taskinstance.py:1956} INFO - Dependencies all met for dep_context=non-requeueable deps ti=<TaskInstance: etl_airflow.extract scheduled__2024-05-24T00:00:00+00:00 [queued]>
[2025-12-17T04:47:36.747+0000] {taskinstance.py:1956} INFO - Dependencies all met for dep_context=requeueable deps ti=<TaskInstance: etl_airflow.extract scheduled__2024-05-24T00:00:00+00:00 [queued]>
[2025-12-17T04:47:36.748+0000] {taskinstance.py:2170} INFO - Starting attempt 1 of 3
[2025-12-17T04:47:36.793+0000] {taskinstance.py:2191} INFO - Executing <Task(PythonOperator): extract> on 2024-05-24 00:00:00+00:00
[2025-12-17T04:47:36.803+0000] {standard_task_runner.py:60} INFO - Started process 2135 to run task
[2025-12-17T04:47:36.809+0000] {standard_task_runner.py:87} INFO - Running: ['***', 'tasks', 'run', 'etl_***', 'extract', 'scheduled__2024-05-24T00:00:00+00:00', '--job-id', '578', '--raw', '--subdir', 'DAGS_FOLDER/etl_***.py', '--cfg-path', '/tmp/tmp6vx8ik29']
[2025-12-17T04:47:36.812+0000] {standard_task_runner.py:88} INFO - Job 578: Subtask extract
[2025-12-17T04:47:36.922+0000] {task_command.py:423} INFO - Running <TaskInstance: etl_airflow.extract scheduled__2024-05-24T00:00:00+00:00 [running]> on host b3426f05ac70
[2025-12-17T04:47:37.301+0000] {taskinstance.py:2480} INFO - Exporting env vars: AIRFLOW_CTX_DAG_OWNER='***' AIRFLOW_CTX_DAG_ID='etl_***' AIRFLOW_CTX_TASK_ID='extract' AIRFLOW_CTX_EXECUTION_DATE='2024-05-24T00:00:00+00:00' AIRFLOW_CTX_TRY_NUMBER='1' AIRFLOW_CTX_DAG_RUN_ID='scheduled__2024-05-24T00:00:00+00:00'
[2025-12-17T04:47:37.329+0000] {python.py:201} INFO - Done. Returned value was:    user_id event_type           timestamp country
0        1      login 2025-01-01 09:00:00      IN
1        1      click 2025-01-01 09:05:00      IN
2        1     logout 2025-01-01 09:15:00      IN
3        2      login 2025-01-01 10:00:00      US
4        2      click 2025-01-01 10:10:00      US
5        2     logout 2025-01-01 10:20:00      US
6        3      login 2025-01-02 08:00:00      FR
7        3      click 2025-01-02 08:05:00      FR
8        3     logout 2025-01-02 08:30:00      FR
[2025-12-17T04:47:37.398+0000] {taskinstance.py:1138} INFO - Marking task as SUCCESS. dag_id=etl_***, task_id=extract, execution_date=20240524T000000, start_date=20251217T044736, end_date=20251217T044737
[2025-12-17T04:47:37.505+0000] {local_task_job_runner.py:234} INFO - Task exited with return code 0
[2025-12-17T04:47:37.563+0000] {taskinstance.py:3280} INFO - 1 downstream tasks scheduled from follow-on schedule check
[2025-12-17T07:41:04.880+0000] {taskinstance.py:1956} INFO - Dependencies all met for dep_context=non-requeueable deps ti=<TaskInstance: etl_airflow.extract scheduled__2024-05-24T00:00:00+00:00 [queued]>
[2025-12-17T07:41:04.900+0000] {taskinstance.py:1956} INFO - Dependencies all met for dep_context=requeueable deps ti=<TaskInstance: etl_airflow.extract scheduled__2024-05-24T00:00:00+00:00 [queued]>
[2025-12-17T07:41:04.902+0000] {taskinstance.py:2170} INFO - Starting attempt 1 of 3
[2025-12-17T07:41:05.008+0000] {taskinstance.py:2191} INFO - Executing <Task(PythonOperator): extract> on 2024-05-24 00:00:00+00:00
[2025-12-17T07:41:05.017+0000] {standard_task_runner.py:60} INFO - Started process 2201 to run task
[2025-12-17T07:41:05.024+0000] {standard_task_runner.py:87} INFO - Running: ['***', 'tasks', 'run', 'etl_***', 'extract', 'scheduled__2024-05-24T00:00:00+00:00', '--job-id', '579', '--raw', '--subdir', 'DAGS_FOLDER/etl_***.py', '--cfg-path', '/tmp/tmpcpe_q_0a']
[2025-12-17T07:41:05.029+0000] {standard_task_runner.py:88} INFO - Job 579: Subtask extract
[2025-12-17T07:41:05.172+0000] {task_command.py:423} INFO - Running <TaskInstance: etl_airflow.extract scheduled__2024-05-24T00:00:00+00:00 [running]> on host 2a0de06c8905
[2025-12-17T07:41:05.679+0000] {taskinstance.py:2480} INFO - Exporting env vars: AIRFLOW_CTX_DAG_OWNER='***' AIRFLOW_CTX_DAG_ID='etl_***' AIRFLOW_CTX_TASK_ID='extract' AIRFLOW_CTX_EXECUTION_DATE='2024-05-24T00:00:00+00:00' AIRFLOW_CTX_TRY_NUMBER='1' AIRFLOW_CTX_DAG_RUN_ID='scheduled__2024-05-24T00:00:00+00:00'
[2025-12-17T07:41:05.841+0000] {python.py:201} INFO - Done. Returned value was:    user_id event_type           timestamp country
0        1      login 2025-01-01 09:00:00      IN
1        1      click 2025-01-01 09:05:00      IN
2        1     logout 2025-01-01 09:15:00      IN
3        2      login 2025-01-01 10:00:00      US
4        2      click 2025-01-01 10:10:00      US
5        2     logout 2025-01-01 10:20:00      US
6        3      login 2025-01-02 08:00:00      FR
7        3      click 2025-01-02 08:05:00      FR
8        3     logout 2025-01-02 08:30:00      FR
[2025-12-17T07:41:05.936+0000] {taskinstance.py:1138} INFO - Marking task as SUCCESS. dag_id=etl_***, task_id=extract, execution_date=20240524T000000, start_date=20251217T074104, end_date=20251217T074105
[2025-12-17T07:41:06.055+0000] {local_task_job_runner.py:234} INFO - Task exited with return code 0
[2025-12-17T07:41:06.112+0000] {taskinstance.py:3280} INFO - 1 downstream tasks scheduled from follow-on schedule check
