[2025-12-16T16:32:10.236+0000] {taskinstance.py:1956} INFO - Dependencies all met for dep_context=non-requeueable deps ti=<TaskInstance: etl_airflow.extract scheduled__2024-04-03T00:00:00+00:00 [queued]>
[2025-12-16T16:32:10.257+0000] {taskinstance.py:1956} INFO - Dependencies all met for dep_context=requeueable deps ti=<TaskInstance: etl_airflow.extract scheduled__2024-04-03T00:00:00+00:00 [queued]>
[2025-12-16T16:32:10.258+0000] {taskinstance.py:2170} INFO - Starting attempt 1 of 3
[2025-12-16T16:32:10.278+0000] {taskinstance.py:2191} INFO - Executing <Task(PythonOperator): extract> on 2024-04-03 00:00:00+00:00
[2025-12-16T16:32:10.289+0000] {standard_task_runner.py:60} INFO - Started process 1304 to run task
[2025-12-16T16:32:10.295+0000] {standard_task_runner.py:87} INFO - Running: ['***', 'tasks', 'run', 'etl_***', 'extract', 'scheduled__2024-04-03T00:00:00+00:00', '--job-id', '267', '--raw', '--subdir', 'DAGS_FOLDER/etl_dag.py', '--cfg-path', '/tmp/tmpe8idyigy']
[2025-12-16T16:32:10.301+0000] {standard_task_runner.py:88} INFO - Job 267: Subtask extract
[2025-12-16T16:32:10.459+0000] {task_command.py:423} INFO - Running <TaskInstance: etl_airflow.extract scheduled__2024-04-03T00:00:00+00:00 [running]> on host 528de643acfe
[2025-12-16T16:32:10.899+0000] {taskinstance.py:2480} INFO - Exporting env vars: AIRFLOW_CTX_DAG_OWNER='***' AIRFLOW_CTX_DAG_ID='etl_***' AIRFLOW_CTX_TASK_ID='extract' AIRFLOW_CTX_EXECUTION_DATE='2024-04-03T00:00:00+00:00' AIRFLOW_CTX_TRY_NUMBER='1' AIRFLOW_CTX_DAG_RUN_ID='scheduled__2024-04-03T00:00:00+00:00'
[2025-12-16T16:32:10.903+0000] {logging_mixin.py:188} INFO - Extracting data from /opt/***/data/input.csv
[2025-12-16T16:32:10.912+0000] {taskinstance.py:2698} ERROR - Task failed with exception
Traceback (most recent call last):
  File "/home/airflow/.local/lib/python3.8/site-packages/airflow/models/taskinstance.py", line 433, in _execute_task
    result = execute_callable(context=context, **execute_callable_kwargs)
  File "/home/airflow/.local/lib/python3.8/site-packages/airflow/operators/python.py", line 199, in execute
    return_value = self.execute_callable()
  File "/home/airflow/.local/lib/python3.8/site-packages/airflow/operators/python.py", line 216, in execute_callable
    return self.python_callable(*self.op_args, **self.op_kwargs)
  File "/opt/airflow/dags/etl_logic/pipeline.py", line 92, in extract_data
    return pd.read_csv(input_path)
  File "/home/airflow/.local/lib/python3.8/site-packages/pandas/io/parsers/readers.py", line 912, in read_csv
    return _read(filepath_or_buffer, kwds)
  File "/home/airflow/.local/lib/python3.8/site-packages/pandas/io/parsers/readers.py", line 577, in _read
    parser = TextFileReader(filepath_or_buffer, **kwds)
  File "/home/airflow/.local/lib/python3.8/site-packages/pandas/io/parsers/readers.py", line 1407, in __init__
    self._engine = self._make_engine(f, self.engine)
  File "/home/airflow/.local/lib/python3.8/site-packages/pandas/io/parsers/readers.py", line 1661, in _make_engine
    self.handles = get_handle(
  File "/home/airflow/.local/lib/python3.8/site-packages/pandas/io/common.py", line 859, in get_handle
    handle = open(
FileNotFoundError: [Errno 2] No such file or directory: '/opt/airflow/data/input.csv'
[2025-12-16T16:32:10.954+0000] {taskinstance.py:1138} INFO - Marking task as UP_FOR_RETRY. dag_id=etl_***, task_id=extract, execution_date=20240403T000000, start_date=20251216T163210, end_date=20251216T163210
[2025-12-16T16:32:10.982+0000] {standard_task_runner.py:107} ERROR - Failed to execute job 267 for task extract ([Errno 2] No such file or directory: '/opt/airflow/data/input.csv'; 1304)
[2025-12-16T16:32:11.035+0000] {local_task_job_runner.py:234} INFO - Task exited with return code 1
[2025-12-16T16:32:11.083+0000] {taskinstance.py:3280} INFO - 0 downstream tasks scheduled from follow-on schedule check
[2025-12-17T01:51:41.186+0000] {taskinstance.py:1956} INFO - Dependencies all met for dep_context=non-requeueable deps ti=<TaskInstance: etl_airflow.extract scheduled__2024-04-03T00:00:00+00:00 [queued]>
[2025-12-17T01:51:41.207+0000] {taskinstance.py:1956} INFO - Dependencies all met for dep_context=requeueable deps ti=<TaskInstance: etl_airflow.extract scheduled__2024-04-03T00:00:00+00:00 [queued]>
[2025-12-17T01:51:41.209+0000] {taskinstance.py:2170} INFO - Starting attempt 1 of 3
[2025-12-17T01:51:41.263+0000] {taskinstance.py:2191} INFO - Executing <Task(PythonOperator): extract> on 2024-04-03 00:00:00+00:00
[2025-12-17T01:51:41.273+0000] {standard_task_runner.py:60} INFO - Started process 1085 to run task
[2025-12-17T01:51:41.282+0000] {standard_task_runner.py:87} INFO - Running: ['***', 'tasks', 'run', 'etl_***', 'extract', 'scheduled__2024-04-03T00:00:00+00:00', '--job-id', '276', '--raw', '--subdir', 'DAGS_FOLDER/etl_dag.py', '--cfg-path', '/tmp/tmpdmtfvos5']
[2025-12-17T01:51:41.301+0000] {standard_task_runner.py:88} INFO - Job 276: Subtask extract
[2025-12-17T01:51:41.636+0000] {task_command.py:423} INFO - Running <TaskInstance: etl_airflow.extract scheduled__2024-04-03T00:00:00+00:00 [running]> on host 571e042550da
[2025-12-17T01:51:42.301+0000] {taskinstance.py:2480} INFO - Exporting env vars: AIRFLOW_CTX_DAG_OWNER='***' AIRFLOW_CTX_DAG_ID='etl_***' AIRFLOW_CTX_TASK_ID='extract' AIRFLOW_CTX_EXECUTION_DATE='2024-04-03T00:00:00+00:00' AIRFLOW_CTX_TRY_NUMBER='1' AIRFLOW_CTX_DAG_RUN_ID='scheduled__2024-04-03T00:00:00+00:00'
[2025-12-17T01:51:42.389+0000] {logging_mixin.py:188} INFO - [EXTRACT] Reading /opt/***/data/synthetic_events.csv
[2025-12-17T01:51:43.160+0000] {logging_mixin.py:188} INFO - [EXTRACT] done
[2025-12-17T01:51:43.221+0000] {python.py:201} INFO - Done. Returned value was: None
[2025-12-17T01:51:43.309+0000] {taskinstance.py:1138} INFO - Marking task as SUCCESS. dag_id=etl_***, task_id=extract, execution_date=20240403T000000, start_date=20251217T015141, end_date=20251217T015143
[2025-12-17T01:51:43.471+0000] {local_task_job_runner.py:234} INFO - Task exited with return code 0
[2025-12-17T01:51:43.572+0000] {taskinstance.py:3280} INFO - 1 downstream tasks scheduled from follow-on schedule check
[2025-12-17T04:19:48.588+0000] {taskinstance.py:1956} INFO - Dependencies all met for dep_context=non-requeueable deps ti=<TaskInstance: etl_airflow.extract scheduled__2024-04-03T00:00:00+00:00 [queued]>
[2025-12-17T04:19:48.604+0000] {taskinstance.py:1956} INFO - Dependencies all met for dep_context=requeueable deps ti=<TaskInstance: etl_airflow.extract scheduled__2024-04-03T00:00:00+00:00 [queued]>
[2025-12-17T04:19:48.605+0000] {taskinstance.py:2170} INFO - Starting attempt 1 of 3
[2025-12-17T04:19:48.645+0000] {taskinstance.py:2191} INFO - Executing <Task(PythonOperator): extract> on 2024-04-03 00:00:00+00:00
[2025-12-17T04:19:48.654+0000] {standard_task_runner.py:60} INFO - Started process 738 to run task
[2025-12-17T04:19:48.661+0000] {standard_task_runner.py:87} INFO - Running: ['***', 'tasks', 'run', 'etl_***', 'extract', 'scheduled__2024-04-03T00:00:00+00:00', '--job-id', '157', '--raw', '--subdir', 'DAGS_FOLDER/etl_***.py', '--cfg-path', '/tmp/tmpvg399uht']
[2025-12-17T04:19:48.664+0000] {standard_task_runner.py:88} INFO - Job 157: Subtask extract
[2025-12-17T04:19:48.773+0000] {task_command.py:423} INFO - Running <TaskInstance: etl_airflow.extract scheduled__2024-04-03T00:00:00+00:00 [running]> on host c5811fe183ca
[2025-12-17T04:19:49.116+0000] {taskinstance.py:2480} INFO - Exporting env vars: AIRFLOW_CTX_DAG_OWNER='***' AIRFLOW_CTX_DAG_ID='etl_***' AIRFLOW_CTX_TASK_ID='extract' AIRFLOW_CTX_EXECUTION_DATE='2024-04-03T00:00:00+00:00' AIRFLOW_CTX_TRY_NUMBER='1' AIRFLOW_CTX_DAG_RUN_ID='scheduled__2024-04-03T00:00:00+00:00'
[2025-12-17T04:19:49.151+0000] {python.py:201} INFO - Done. Returned value was:    user_id event_type           timestamp country
0        1      login 2025-01-01 09:00:00      IN
1        1      click 2025-01-01 09:05:00      IN
2        1     logout 2025-01-01 09:15:00      IN
3        2      login 2025-01-01 10:00:00      US
4        2      click 2025-01-01 10:10:00      US
5        2     logout 2025-01-01 10:20:00      US
6        3      login 2025-01-02 08:00:00      FR
7        3      click 2025-01-02 08:05:00      FR
8        3     logout 2025-01-02 08:30:00      FR
[2025-12-17T04:19:49.230+0000] {taskinstance.py:1138} INFO - Marking task as SUCCESS. dag_id=etl_***, task_id=extract, execution_date=20240403T000000, start_date=20251217T041948, end_date=20251217T041949
[2025-12-17T04:19:49.354+0000] {local_task_job_runner.py:234} INFO - Task exited with return code 0
[2025-12-17T04:19:49.394+0000] {taskinstance.py:3280} INFO - 0 downstream tasks scheduled from follow-on schedule check
[2025-12-17T04:45:15.121+0000] {taskinstance.py:1956} INFO - Dependencies all met for dep_context=non-requeueable deps ti=<TaskInstance: etl_airflow.extract scheduled__2024-04-03T00:00:00+00:00 [queued]>
[2025-12-17T04:45:15.144+0000] {taskinstance.py:1956} INFO - Dependencies all met for dep_context=requeueable deps ti=<TaskInstance: etl_airflow.extract scheduled__2024-04-03T00:00:00+00:00 [queued]>
[2025-12-17T04:45:15.153+0000] {taskinstance.py:2170} INFO - Starting attempt 1 of 3
[2025-12-17T04:45:15.236+0000] {taskinstance.py:2191} INFO - Executing <Task(PythonOperator): extract> on 2024-04-03 00:00:00+00:00
[2025-12-17T04:45:15.285+0000] {standard_task_runner.py:60} INFO - Started process 1342 to run task
[2025-12-17T04:45:15.305+0000] {standard_task_runner.py:87} INFO - Running: ['***', 'tasks', 'run', 'etl_***', 'extract', 'scheduled__2024-04-03T00:00:00+00:00', '--job-id', '341', '--raw', '--subdir', 'DAGS_FOLDER/etl_***.py', '--cfg-path', '/tmp/tmp6j7aoe3s']
[2025-12-17T04:45:15.334+0000] {standard_task_runner.py:88} INFO - Job 341: Subtask extract
[2025-12-17T04:45:15.741+0000] {task_command.py:423} INFO - Running <TaskInstance: etl_airflow.extract scheduled__2024-04-03T00:00:00+00:00 [running]> on host b3426f05ac70
[2025-12-17T04:45:16.263+0000] {taskinstance.py:2480} INFO - Exporting env vars: AIRFLOW_CTX_DAG_OWNER='***' AIRFLOW_CTX_DAG_ID='etl_***' AIRFLOW_CTX_TASK_ID='extract' AIRFLOW_CTX_EXECUTION_DATE='2024-04-03T00:00:00+00:00' AIRFLOW_CTX_TRY_NUMBER='1' AIRFLOW_CTX_DAG_RUN_ID='scheduled__2024-04-03T00:00:00+00:00'
[2025-12-17T04:45:16.318+0000] {python.py:201} INFO - Done. Returned value was:    user_id event_type           timestamp country
0        1      login 2025-01-01 09:00:00      IN
1        1      click 2025-01-01 09:05:00      IN
2        1     logout 2025-01-01 09:15:00      IN
3        2      login 2025-01-01 10:00:00      US
4        2      click 2025-01-01 10:10:00      US
5        2     logout 2025-01-01 10:20:00      US
6        3      login 2025-01-02 08:00:00      FR
7        3      click 2025-01-02 08:05:00      FR
8        3     logout 2025-01-02 08:30:00      FR
[2025-12-17T04:45:16.389+0000] {taskinstance.py:1138} INFO - Marking task as SUCCESS. dag_id=etl_***, task_id=extract, execution_date=20240403T000000, start_date=20251217T044515, end_date=20251217T044516
[2025-12-17T04:45:16.438+0000] {local_task_job_runner.py:234} INFO - Task exited with return code 0
[2025-12-17T04:45:16.509+0000] {taskinstance.py:3280} INFO - 1 downstream tasks scheduled from follow-on schedule check
[2025-12-17T07:38:41.198+0000] {taskinstance.py:1956} INFO - Dependencies all met for dep_context=non-requeueable deps ti=<TaskInstance: etl_airflow.extract scheduled__2024-04-03T00:00:00+00:00 [queued]>
[2025-12-17T07:38:41.221+0000] {taskinstance.py:1956} INFO - Dependencies all met for dep_context=requeueable deps ti=<TaskInstance: etl_airflow.extract scheduled__2024-04-03T00:00:00+00:00 [queued]>
[2025-12-17T07:38:41.225+0000] {taskinstance.py:2170} INFO - Starting attempt 1 of 3
[2025-12-17T07:38:41.264+0000] {taskinstance.py:2191} INFO - Executing <Task(PythonOperator): extract> on 2024-04-03 00:00:00+00:00
[2025-12-17T07:38:41.278+0000] {standard_task_runner.py:60} INFO - Started process 1419 to run task
[2025-12-17T07:38:41.285+0000] {standard_task_runner.py:87} INFO - Running: ['***', 'tasks', 'run', 'etl_***', 'extract', 'scheduled__2024-04-03T00:00:00+00:00', '--job-id', '343', '--raw', '--subdir', 'DAGS_FOLDER/etl_***.py', '--cfg-path', '/tmp/tmpot6vuh8j']
[2025-12-17T07:38:41.293+0000] {standard_task_runner.py:88} INFO - Job 343: Subtask extract
[2025-12-17T07:38:41.486+0000] {task_command.py:423} INFO - Running <TaskInstance: etl_airflow.extract scheduled__2024-04-03T00:00:00+00:00 [running]> on host 2a0de06c8905
[2025-12-17T07:38:41.917+0000] {taskinstance.py:2480} INFO - Exporting env vars: AIRFLOW_CTX_DAG_OWNER='***' AIRFLOW_CTX_DAG_ID='etl_***' AIRFLOW_CTX_TASK_ID='extract' AIRFLOW_CTX_EXECUTION_DATE='2024-04-03T00:00:00+00:00' AIRFLOW_CTX_TRY_NUMBER='1' AIRFLOW_CTX_DAG_RUN_ID='scheduled__2024-04-03T00:00:00+00:00'
[2025-12-17T07:38:41.944+0000] {python.py:201} INFO - Done. Returned value was:    user_id event_type           timestamp country
0        1      login 2025-01-01 09:00:00      IN
1        1      click 2025-01-01 09:05:00      IN
2        1     logout 2025-01-01 09:15:00      IN
3        2      login 2025-01-01 10:00:00      US
4        2      click 2025-01-01 10:10:00      US
5        2     logout 2025-01-01 10:20:00      US
6        3      login 2025-01-02 08:00:00      FR
7        3      click 2025-01-02 08:05:00      FR
8        3     logout 2025-01-02 08:30:00      FR
[2025-12-17T07:38:42.016+0000] {taskinstance.py:1138} INFO - Marking task as SUCCESS. dag_id=etl_***, task_id=extract, execution_date=20240403T000000, start_date=20251217T073841, end_date=20251217T073842
[2025-12-17T07:38:42.067+0000] {local_task_job_runner.py:234} INFO - Task exited with return code 0
[2025-12-17T07:38:42.232+0000] {taskinstance.py:3280} INFO - 0 downstream tasks scheduled from follow-on schedule check
