[2025-12-16T17:19:00.507+0000] {taskinstance.py:1956} INFO - Dependencies all met for dep_context=non-requeueable deps ti=<TaskInstance: etl_airflow.transform scheduled__2024-02-26T00:00:00+00:00 [queued]>
[2025-12-16T17:19:00.541+0000] {taskinstance.py:1956} INFO - Dependencies all met for dep_context=requeueable deps ti=<TaskInstance: etl_airflow.transform scheduled__2024-02-26T00:00:00+00:00 [queued]>
[2025-12-16T17:19:00.543+0000] {taskinstance.py:2170} INFO - Starting attempt 2 of 4
[2025-12-16T17:19:00.589+0000] {taskinstance.py:2191} INFO - Executing <Task(PythonOperator): transform> on 2024-02-26 00:00:00+00:00
[2025-12-16T17:19:00.612+0000] {standard_task_runner.py:60} INFO - Started process 4006 to run task
[2025-12-16T17:19:00.626+0000] {standard_task_runner.py:87} INFO - Running: ['***', 'tasks', 'run', 'etl_***', 'transform', 'scheduled__2024-02-26T00:00:00+00:00', '--job-id', '5343', '--raw', '--subdir', 'DAGS_FOLDER/etl_dag.py', '--cfg-path', '/tmp/tmpqo84vnjj']
[2025-12-16T17:19:00.642+0000] {standard_task_runner.py:88} INFO - Job 5343: Subtask transform
[2025-12-16T17:19:00.861+0000] {task_command.py:423} INFO - Running <TaskInstance: etl_airflow.transform scheduled__2024-02-26T00:00:00+00:00 [running]> on host 3b89cfee50e9
[2025-12-16T17:19:01.146+0000] {taskinstance.py:2480} INFO - Exporting env vars: AIRFLOW_CTX_DAG_OWNER='***' AIRFLOW_CTX_DAG_ID='etl_***' AIRFLOW_CTX_TASK_ID='transform' AIRFLOW_CTX_EXECUTION_DATE='2024-02-26T00:00:00+00:00' AIRFLOW_CTX_TRY_NUMBER='2' AIRFLOW_CTX_DAG_RUN_ID='scheduled__2024-02-26T00:00:00+00:00'
[2025-12-16T17:19:01.149+0000] {logging_mixin.py:188} INFO - [TRANSFORM]
[2025-12-16T17:19:01.524+0000] {logging_mixin.py:188} INFO - [TRANSFORM] done
[2025-12-16T17:19:01.525+0000] {python.py:201} INFO - Done. Returned value was: None
[2025-12-16T17:19:01.537+0000] {taskinstance.py:1138} INFO - Marking task as SUCCESS. dag_id=etl_***, task_id=transform, execution_date=20240226T000000, start_date=20251216T171900, end_date=20251216T171901
[2025-12-16T17:19:01.588+0000] {local_task_job_runner.py:234} INFO - Task exited with return code 0
[2025-12-16T17:19:01.612+0000] {taskinstance.py:3280} INFO - 1 downstream tasks scheduled from follow-on schedule check
[2025-12-17T04:44:19.717+0000] {taskinstance.py:1956} INFO - Dependencies all met for dep_context=non-requeueable deps ti=<TaskInstance: etl_airflow.transform scheduled__2024-02-26T00:00:00+00:00 [queued]>
[2025-12-17T04:44:19.741+0000] {taskinstance.py:1956} INFO - Dependencies all met for dep_context=requeueable deps ti=<TaskInstance: etl_airflow.transform scheduled__2024-02-26T00:00:00+00:00 [queued]>
[2025-12-17T04:44:19.743+0000] {taskinstance.py:2170} INFO - Starting attempt 2 of 3
[2025-12-17T04:44:19.773+0000] {taskinstance.py:2191} INFO - Executing <Task(PythonOperator): transform> on 2024-02-26 00:00:00+00:00
[2025-12-17T04:44:19.790+0000] {standard_task_runner.py:60} INFO - Started process 995 to run task
[2025-12-17T04:44:19.790+0000] {standard_task_runner.py:87} INFO - Running: ['***', 'tasks', 'run', 'etl_***', 'transform', 'scheduled__2024-02-26T00:00:00+00:00', '--job-id', '230', '--raw', '--subdir', 'DAGS_FOLDER/etl_***.py', '--cfg-path', '/tmp/tmpcvqv_lpu']
[2025-12-17T04:44:19.799+0000] {standard_task_runner.py:88} INFO - Job 230: Subtask transform
[2025-12-17T04:44:19.951+0000] {task_command.py:423} INFO - Running <TaskInstance: etl_airflow.transform scheduled__2024-02-26T00:00:00+00:00 [running]> on host b3426f05ac70
[2025-12-17T04:44:20.398+0000] {taskinstance.py:2480} INFO - Exporting env vars: AIRFLOW_CTX_DAG_OWNER='***' AIRFLOW_CTX_DAG_ID='etl_***' AIRFLOW_CTX_TASK_ID='transform' AIRFLOW_CTX_EXECUTION_DATE='2024-02-26T00:00:00+00:00' AIRFLOW_CTX_TRY_NUMBER='2' AIRFLOW_CTX_DAG_RUN_ID='scheduled__2024-02-26T00:00:00+00:00'
[2025-12-17T04:44:20.400+0000] {taskinstance.py:2698} ERROR - Task failed with exception
Traceback (most recent call last):
  File "/home/airflow/.local/lib/python3.8/site-packages/airflow/models/taskinstance.py", line 433, in _execute_task
    result = execute_callable(context=context, **execute_callable_kwargs)
  File "/home/airflow/.local/lib/python3.8/site-packages/airflow/operators/python.py", line 199, in execute
    return_value = self.execute_callable()
  File "/home/airflow/.local/lib/python3.8/site-packages/airflow/operators/python.py", line 216, in execute_callable
    return self.python_callable(*self.op_args, **self.op_kwargs)
TypeError: transform_data() missing 1 required positional argument: 'df'
[2025-12-17T04:44:20.418+0000] {taskinstance.py:1138} INFO - Marking task as UP_FOR_RETRY. dag_id=etl_***, task_id=transform, execution_date=20240226T000000, start_date=20251217T044419, end_date=20251217T044420
[2025-12-17T04:44:20.440+0000] {standard_task_runner.py:107} ERROR - Failed to execute job 230 for task transform (transform_data() missing 1 required positional argument: 'df'; 995)
[2025-12-17T04:44:20.497+0000] {local_task_job_runner.py:234} INFO - Task exited with return code 1
[2025-12-17T04:44:20.536+0000] {taskinstance.py:3280} INFO - 0 downstream tasks scheduled from follow-on schedule check
[2025-12-17T07:37:36.481+0000] {taskinstance.py:1956} INFO - Dependencies all met for dep_context=non-requeueable deps ti=<TaskInstance: etl_airflow.transform scheduled__2024-02-26T00:00:00+00:00 [queued]>
[2025-12-17T07:37:36.505+0000] {taskinstance.py:1956} INFO - Dependencies all met for dep_context=requeueable deps ti=<TaskInstance: etl_airflow.transform scheduled__2024-02-26T00:00:00+00:00 [queued]>
[2025-12-17T07:37:36.506+0000] {taskinstance.py:2170} INFO - Starting attempt 2 of 3
[2025-12-17T07:37:36.535+0000] {taskinstance.py:2191} INFO - Executing <Task(PythonOperator): transform> on 2024-02-26 00:00:00+00:00
[2025-12-17T07:37:36.546+0000] {standard_task_runner.py:60} INFO - Started process 1056 to run task
[2025-12-17T07:37:36.554+0000] {standard_task_runner.py:87} INFO - Running: ['***', 'tasks', 'run', 'etl_***', 'transform', 'scheduled__2024-02-26T00:00:00+00:00', '--job-id', '235', '--raw', '--subdir', 'DAGS_FOLDER/etl_***.py', '--cfg-path', '/tmp/tmpd_kn0hpa']
[2025-12-17T07:37:36.562+0000] {standard_task_runner.py:88} INFO - Job 235: Subtask transform
[2025-12-17T07:37:36.691+0000] {task_command.py:423} INFO - Running <TaskInstance: etl_airflow.transform scheduled__2024-02-26T00:00:00+00:00 [running]> on host 2a0de06c8905
[2025-12-17T07:37:37.158+0000] {taskinstance.py:2480} INFO - Exporting env vars: AIRFLOW_CTX_DAG_OWNER='***' AIRFLOW_CTX_DAG_ID='etl_***' AIRFLOW_CTX_TASK_ID='transform' AIRFLOW_CTX_EXECUTION_DATE='2024-02-26T00:00:00+00:00' AIRFLOW_CTX_TRY_NUMBER='2' AIRFLOW_CTX_DAG_RUN_ID='scheduled__2024-02-26T00:00:00+00:00'
[2025-12-17T07:37:37.164+0000] {taskinstance.py:2698} ERROR - Task failed with exception
Traceback (most recent call last):
  File "/home/airflow/.local/lib/python3.8/site-packages/airflow/models/taskinstance.py", line 433, in _execute_task
    result = execute_callable(context=context, **execute_callable_kwargs)
  File "/home/airflow/.local/lib/python3.8/site-packages/airflow/operators/python.py", line 199, in execute
    return_value = self.execute_callable()
  File "/home/airflow/.local/lib/python3.8/site-packages/airflow/operators/python.py", line 216, in execute_callable
    return self.python_callable(*self.op_args, **self.op_kwargs)
TypeError: transform_data() missing 1 required positional argument: 'df'
[2025-12-17T07:37:37.195+0000] {taskinstance.py:1138} INFO - Marking task as UP_FOR_RETRY. dag_id=etl_***, task_id=transform, execution_date=20240226T000000, start_date=20251217T073736, end_date=20251217T073737
[2025-12-17T07:37:37.444+0000] {standard_task_runner.py:107} ERROR - Failed to execute job 235 for task transform (transform_data() missing 1 required positional argument: 'df'; 1056)
[2025-12-17T07:37:37.497+0000] {local_task_job_runner.py:234} INFO - Task exited with return code 1
[2025-12-17T07:37:37.534+0000] {taskinstance.py:3280} INFO - 0 downstream tasks scheduled from follow-on schedule check
