[2025-12-16T17:21:49.239+0000] {taskinstance.py:1956} INFO - Dependencies all met for dep_context=non-requeueable deps ti=<TaskInstance: etl_airflow.transform scheduled__2024-02-26T00:00:00+00:00 [queued]>
[2025-12-16T17:21:49.266+0000] {taskinstance.py:1956} INFO - Dependencies all met for dep_context=requeueable deps ti=<TaskInstance: etl_airflow.transform scheduled__2024-02-26T00:00:00+00:00 [queued]>
[2025-12-16T17:21:49.267+0000] {taskinstance.py:2170} INFO - Starting attempt 3 of 5
[2025-12-16T17:21:49.322+0000] {taskinstance.py:2191} INFO - Executing <Task(PythonOperator): transform> on 2024-02-26 00:00:00+00:00
[2025-12-16T17:21:49.339+0000] {standard_task_runner.py:60} INFO - Started process 6025 to run task
[2025-12-16T17:21:49.349+0000] {standard_task_runner.py:87} INFO - Running: ['***', 'tasks', 'run', 'etl_***', 'transform', 'scheduled__2024-02-26T00:00:00+00:00', '--job-id', '5983', '--raw', '--subdir', 'DAGS_FOLDER/etl_dag.py', '--cfg-path', '/tmp/tmp2iayrfkl']
[2025-12-16T17:21:49.355+0000] {standard_task_runner.py:88} INFO - Job 5983: Subtask transform
[2025-12-16T17:21:49.569+0000] {task_command.py:423} INFO - Running <TaskInstance: etl_airflow.transform scheduled__2024-02-26T00:00:00+00:00 [running]> on host 3b89cfee50e9
[2025-12-16T17:21:49.967+0000] {taskinstance.py:2480} INFO - Exporting env vars: AIRFLOW_CTX_DAG_OWNER='***' AIRFLOW_CTX_DAG_ID='etl_***' AIRFLOW_CTX_TASK_ID='transform' AIRFLOW_CTX_EXECUTION_DATE='2024-02-26T00:00:00+00:00' AIRFLOW_CTX_TRY_NUMBER='3' AIRFLOW_CTX_DAG_RUN_ID='scheduled__2024-02-26T00:00:00+00:00'
[2025-12-16T17:21:49.971+0000] {logging_mixin.py:188} INFO - [TRANSFORM]
[2025-12-16T17:21:50.538+0000] {logging_mixin.py:188} INFO - [TRANSFORM] done
[2025-12-16T17:21:50.539+0000] {python.py:201} INFO - Done. Returned value was: None
[2025-12-16T17:21:50.563+0000] {taskinstance.py:1138} INFO - Marking task as SUCCESS. dag_id=etl_***, task_id=transform, execution_date=20240226T000000, start_date=20251216T172149, end_date=20251216T172150
[2025-12-16T17:21:50.641+0000] {local_task_job_runner.py:234} INFO - Task exited with return code 0
[2025-12-16T17:21:50.715+0000] {taskinstance.py:3280} INFO - 1 downstream tasks scheduled from follow-on schedule check
[2025-12-17T04:44:31.932+0000] {taskinstance.py:1956} INFO - Dependencies all met for dep_context=non-requeueable deps ti=<TaskInstance: etl_airflow.transform scheduled__2024-02-26T00:00:00+00:00 [queued]>
[2025-12-17T04:44:31.951+0000] {taskinstance.py:1956} INFO - Dependencies all met for dep_context=requeueable deps ti=<TaskInstance: etl_airflow.transform scheduled__2024-02-26T00:00:00+00:00 [queued]>
[2025-12-17T04:44:31.953+0000] {taskinstance.py:2170} INFO - Starting attempt 3 of 3
[2025-12-17T04:44:31.974+0000] {taskinstance.py:2191} INFO - Executing <Task(PythonOperator): transform> on 2024-02-26 00:00:00+00:00
[2025-12-17T04:44:31.986+0000] {standard_task_runner.py:60} INFO - Started process 1047 to run task
[2025-12-17T04:44:31.992+0000] {standard_task_runner.py:87} INFO - Running: ['***', 'tasks', 'run', 'etl_***', 'transform', 'scheduled__2024-02-26T00:00:00+00:00', '--job-id', '249', '--raw', '--subdir', 'DAGS_FOLDER/etl_***.py', '--cfg-path', '/tmp/tmp3vunje91']
[2025-12-17T04:44:31.997+0000] {standard_task_runner.py:88} INFO - Job 249: Subtask transform
[2025-12-17T04:44:32.132+0000] {task_command.py:423} INFO - Running <TaskInstance: etl_airflow.transform scheduled__2024-02-26T00:00:00+00:00 [running]> on host b3426f05ac70
[2025-12-17T04:44:32.619+0000] {taskinstance.py:2480} INFO - Exporting env vars: AIRFLOW_CTX_DAG_OWNER='***' AIRFLOW_CTX_DAG_ID='etl_***' AIRFLOW_CTX_TASK_ID='transform' AIRFLOW_CTX_EXECUTION_DATE='2024-02-26T00:00:00+00:00' AIRFLOW_CTX_TRY_NUMBER='3' AIRFLOW_CTX_DAG_RUN_ID='scheduled__2024-02-26T00:00:00+00:00'
[2025-12-17T04:44:32.622+0000] {taskinstance.py:2698} ERROR - Task failed with exception
Traceback (most recent call last):
  File "/home/airflow/.local/lib/python3.8/site-packages/airflow/models/taskinstance.py", line 433, in _execute_task
    result = execute_callable(context=context, **execute_callable_kwargs)
  File "/home/airflow/.local/lib/python3.8/site-packages/airflow/operators/python.py", line 199, in execute
    return_value = self.execute_callable()
  File "/home/airflow/.local/lib/python3.8/site-packages/airflow/operators/python.py", line 216, in execute_callable
    return self.python_callable(*self.op_args, **self.op_kwargs)
TypeError: transform_data() missing 1 required positional argument: 'df'
[2025-12-17T04:44:32.640+0000] {taskinstance.py:1138} INFO - Marking task as FAILED. dag_id=etl_***, task_id=transform, execution_date=20240226T000000, start_date=20251217T044431, end_date=20251217T044432
[2025-12-17T04:44:32.660+0000] {standard_task_runner.py:107} ERROR - Failed to execute job 249 for task transform (transform_data() missing 1 required positional argument: 'df'; 1047)
[2025-12-17T04:44:32.696+0000] {local_task_job_runner.py:234} INFO - Task exited with return code 1
[2025-12-17T04:44:32.740+0000] {taskinstance.py:3280} INFO - 0 downstream tasks scheduled from follow-on schedule check
[2025-12-17T07:37:48.848+0000] {taskinstance.py:1956} INFO - Dependencies all met for dep_context=non-requeueable deps ti=<TaskInstance: etl_airflow.transform scheduled__2024-02-26T00:00:00+00:00 [queued]>
[2025-12-17T07:37:48.868+0000] {taskinstance.py:1956} INFO - Dependencies all met for dep_context=requeueable deps ti=<TaskInstance: etl_airflow.transform scheduled__2024-02-26T00:00:00+00:00 [queued]>
[2025-12-17T07:37:48.869+0000] {taskinstance.py:2170} INFO - Starting attempt 3 of 3
[2025-12-17T07:37:48.895+0000] {taskinstance.py:2191} INFO - Executing <Task(PythonOperator): transform> on 2024-02-26 00:00:00+00:00
[2025-12-17T07:37:48.907+0000] {standard_task_runner.py:60} INFO - Started process 1101 to run task
[2025-12-17T07:37:48.914+0000] {standard_task_runner.py:87} INFO - Running: ['***', 'tasks', 'run', 'etl_***', 'transform', 'scheduled__2024-02-26T00:00:00+00:00', '--job-id', '248', '--raw', '--subdir', 'DAGS_FOLDER/etl_***.py', '--cfg-path', '/tmp/tmpora4ofq1']
[2025-12-17T07:37:48.918+0000] {standard_task_runner.py:88} INFO - Job 248: Subtask transform
[2025-12-17T07:37:49.063+0000] {task_command.py:423} INFO - Running <TaskInstance: etl_airflow.transform scheduled__2024-02-26T00:00:00+00:00 [running]> on host 2a0de06c8905
[2025-12-17T07:37:49.590+0000] {taskinstance.py:2480} INFO - Exporting env vars: AIRFLOW_CTX_DAG_OWNER='***' AIRFLOW_CTX_DAG_ID='etl_***' AIRFLOW_CTX_TASK_ID='transform' AIRFLOW_CTX_EXECUTION_DATE='2024-02-26T00:00:00+00:00' AIRFLOW_CTX_TRY_NUMBER='3' AIRFLOW_CTX_DAG_RUN_ID='scheduled__2024-02-26T00:00:00+00:00'
[2025-12-17T07:37:49.595+0000] {taskinstance.py:2698} ERROR - Task failed with exception
Traceback (most recent call last):
  File "/home/airflow/.local/lib/python3.8/site-packages/airflow/models/taskinstance.py", line 433, in _execute_task
    result = execute_callable(context=context, **execute_callable_kwargs)
  File "/home/airflow/.local/lib/python3.8/site-packages/airflow/operators/python.py", line 199, in execute
    return_value = self.execute_callable()
  File "/home/airflow/.local/lib/python3.8/site-packages/airflow/operators/python.py", line 216, in execute_callable
    return self.python_callable(*self.op_args, **self.op_kwargs)
TypeError: transform_data() missing 1 required positional argument: 'df'
[2025-12-17T07:37:49.615+0000] {taskinstance.py:1138} INFO - Marking task as FAILED. dag_id=etl_***, task_id=transform, execution_date=20240226T000000, start_date=20251217T073748, end_date=20251217T073749
[2025-12-17T07:37:49.648+0000] {standard_task_runner.py:107} ERROR - Failed to execute job 248 for task transform (transform_data() missing 1 required positional argument: 'df'; 1101)
[2025-12-17T07:37:49.694+0000] {local_task_job_runner.py:234} INFO - Task exited with return code 1
[2025-12-17T07:37:49.746+0000] {taskinstance.py:3280} INFO - 0 downstream tasks scheduled from follow-on schedule check
