[2025-12-16T17:16:33.180+0000] {taskinstance.py:1956} INFO - Dependencies all met for dep_context=non-requeueable deps ti=<TaskInstance: etl_airflow.load scheduled__2025-02-18T00:00:00+00:00 [queued]>
[2025-12-16T17:16:33.205+0000] {taskinstance.py:1956} INFO - Dependencies all met for dep_context=requeueable deps ti=<TaskInstance: etl_airflow.load scheduled__2025-02-18T00:00:00+00:00 [queued]>
[2025-12-16T17:16:33.209+0000] {taskinstance.py:2170} INFO - Starting attempt 1 of 3
[2025-12-16T17:16:33.498+0000] {taskinstance.py:2191} INFO - Executing <Task(PythonOperator): load> on 2025-02-18 00:00:00+00:00
[2025-12-16T17:16:33.515+0000] {standard_task_runner.py:60} INFO - Started process 2771 to run task
[2025-12-16T17:16:33.541+0000] {standard_task_runner.py:87} INFO - Running: ['***', 'tasks', 'run', 'etl_***', 'load', 'scheduled__2025-02-18T00:00:00+00:00', '--job-id', '4953', '--raw', '--subdir', 'DAGS_FOLDER/etl_dag.py', '--cfg-path', '/tmp/tmpmov27gtg']
[2025-12-16T17:16:33.550+0000] {standard_task_runner.py:88} INFO - Job 4953: Subtask load
[2025-12-16T17:16:33.785+0000] {task_command.py:423} INFO - Running <TaskInstance: etl_airflow.load scheduled__2025-02-18T00:00:00+00:00 [running]> on host 3b89cfee50e9
[2025-12-16T17:16:34.028+0000] {taskinstance.py:2480} INFO - Exporting env vars: AIRFLOW_CTX_DAG_OWNER='***' AIRFLOW_CTX_DAG_ID='etl_***' AIRFLOW_CTX_TASK_ID='load' AIRFLOW_CTX_EXECUTION_DATE='2025-02-18T00:00:00+00:00' AIRFLOW_CTX_TRY_NUMBER='1' AIRFLOW_CTX_DAG_RUN_ID='scheduled__2025-02-18T00:00:00+00:00'
[2025-12-16T17:16:34.034+0000] {logging_mixin.py:188} INFO - [LOAD]
[2025-12-16T17:16:34.425+0000] {logging_mixin.py:188} INFO -    user_id event_type            timestamp country
0        1      login  2025-01-01T09:00:00      IN
1        1      click  2025-01-01T09:05:00      IN
2        1     logout  2025-01-01T09:15:00      IN
3        3      login  2025-01-02T08:00:00      FR
4        3      click  2025-01-02T08:05:00      FR
[2025-12-16T17:16:34.426+0000] {logging_mixin.py:188} INFO - [LOAD] done
[2025-12-16T17:16:34.428+0000] {python.py:201} INFO - Done. Returned value was: None
[2025-12-16T17:16:34.456+0000] {taskinstance.py:1138} INFO - Marking task as SUCCESS. dag_id=etl_***, task_id=load, execution_date=20250218T000000, start_date=20251216T171633, end_date=20251216T171634
[2025-12-16T17:16:34.728+0000] {local_task_job_runner.py:234} INFO - Task exited with return code 0
[2025-12-16T17:16:34.785+0000] {taskinstance.py:3280} INFO - 0 downstream tasks scheduled from follow-on schedule check
[2025-12-17T01:57:24.757+0000] {taskinstance.py:1956} INFO - Dependencies all met for dep_context=non-requeueable deps ti=<TaskInstance: etl_airflow.load scheduled__2025-02-18T00:00:00+00:00 [queued]>
[2025-12-17T01:57:24.784+0000] {taskinstance.py:1956} INFO - Dependencies all met for dep_context=requeueable deps ti=<TaskInstance: etl_airflow.load scheduled__2025-02-18T00:00:00+00:00 [queued]>
[2025-12-17T01:57:24.789+0000] {taskinstance.py:2170} INFO - Starting attempt 1 of 3
[2025-12-17T01:57:24.826+0000] {taskinstance.py:2191} INFO - Executing <Task(PythonOperator): load> on 2025-02-18 00:00:00+00:00
[2025-12-17T01:57:24.841+0000] {standard_task_runner.py:60} INFO - Started process 4273 to run task
[2025-12-17T01:57:24.851+0000] {standard_task_runner.py:87} INFO - Running: ['***', 'tasks', 'run', 'etl_***', 'load', 'scheduled__2025-02-18T00:00:00+00:00', '--job-id', '1282', '--raw', '--subdir', 'DAGS_FOLDER/etl_dag.py', '--cfg-path', '/tmp/tmpcq23v1qh']
[2025-12-17T01:57:24.857+0000] {standard_task_runner.py:88} INFO - Job 1282: Subtask load
[2025-12-17T01:57:25.017+0000] {task_command.py:423} INFO - Running <TaskInstance: etl_airflow.load scheduled__2025-02-18T00:00:00+00:00 [running]> on host 571e042550da
[2025-12-17T01:57:25.494+0000] {taskinstance.py:2480} INFO - Exporting env vars: AIRFLOW_CTX_DAG_OWNER='***' AIRFLOW_CTX_DAG_ID='etl_***' AIRFLOW_CTX_TASK_ID='load' AIRFLOW_CTX_EXECUTION_DATE='2025-02-18T00:00:00+00:00' AIRFLOW_CTX_TRY_NUMBER='1' AIRFLOW_CTX_DAG_RUN_ID='scheduled__2025-02-18T00:00:00+00:00'
[2025-12-17T01:57:25.497+0000] {logging_mixin.py:188} INFO - [LOAD]
[2025-12-17T01:57:25.528+0000] {logging_mixin.py:188} INFO -    user_id event_type            timestamp country
0        1      login  2025-01-01T09:00:00      IN
1        1      click  2025-01-01T09:05:00      IN
2        1     logout  2025-01-01T09:15:00      IN
3        3      login  2025-01-02T08:00:00      FR
4        3      click  2025-01-02T08:05:00      FR
[2025-12-17T01:57:25.530+0000] {logging_mixin.py:188} INFO - [LOAD] done
[2025-12-17T01:57:25.532+0000] {python.py:201} INFO - Done. Returned value was: None
[2025-12-17T01:57:25.550+0000] {taskinstance.py:1138} INFO - Marking task as SUCCESS. dag_id=etl_***, task_id=load, execution_date=20250218T000000, start_date=20251217T015724, end_date=20251217T015725
[2025-12-17T01:57:25.668+0000] {local_task_job_runner.py:234} INFO - Task exited with return code 0
[2025-12-17T01:57:25.713+0000] {taskinstance.py:3280} INFO - 0 downstream tasks scheduled from follow-on schedule check
