[2025-12-16T17:14:23.748+0000] {taskinstance.py:1956} INFO - Dependencies all met for dep_context=non-requeueable deps ti=<TaskInstance: etl_airflow.load scheduled__2024-10-01T00:00:00+00:00 [queued]>
[2025-12-16T17:14:23.786+0000] {taskinstance.py:1956} INFO - Dependencies all met for dep_context=requeueable deps ti=<TaskInstance: etl_airflow.load scheduled__2024-10-01T00:00:00+00:00 [queued]>
[2025-12-16T17:14:23.790+0000] {taskinstance.py:2170} INFO - Starting attempt 1 of 3
[2025-12-16T17:14:24.058+0000] {taskinstance.py:2191} INFO - Executing <Task(PythonOperator): load> on 2024-10-01 00:00:00+00:00
[2025-12-16T17:14:24.080+0000] {standard_task_runner.py:60} INFO - Started process 1258 to run task
[2025-12-16T17:14:24.101+0000] {standard_task_runner.py:87} INFO - Running: ['***', 'tasks', 'run', 'etl_***', 'load', 'scheduled__2024-10-01T00:00:00+00:00', '--job-id', '4471', '--raw', '--subdir', 'DAGS_FOLDER/etl_dag.py', '--cfg-path', '/tmp/tmpolkngqoo']
[2025-12-16T17:14:24.141+0000] {standard_task_runner.py:88} INFO - Job 4471: Subtask load
[2025-12-16T17:14:24.532+0000] {task_command.py:423} INFO - Running <TaskInstance: etl_airflow.load scheduled__2024-10-01T00:00:00+00:00 [running]> on host 3b89cfee50e9
[2025-12-16T17:14:24.786+0000] {taskinstance.py:2480} INFO - Exporting env vars: AIRFLOW_CTX_DAG_OWNER='***' AIRFLOW_CTX_DAG_ID='etl_***' AIRFLOW_CTX_TASK_ID='load' AIRFLOW_CTX_EXECUTION_DATE='2024-10-01T00:00:00+00:00' AIRFLOW_CTX_TRY_NUMBER='1' AIRFLOW_CTX_DAG_RUN_ID='scheduled__2024-10-01T00:00:00+00:00'
[2025-12-16T17:14:24.803+0000] {logging_mixin.py:188} INFO - [LOAD]
[2025-12-16T17:14:25.395+0000] {logging_mixin.py:188} INFO -    user_id event_type            timestamp country
0        1      login  2025-01-01T09:00:00      IN
1        1      click  2025-01-01T09:05:00      IN
2        1     logout  2025-01-01T09:15:00      IN
3        3      login  2025-01-02T08:00:00      FR
4        3      click  2025-01-02T08:05:00      FR
[2025-12-16T17:14:25.398+0000] {logging_mixin.py:188} INFO - [LOAD] done
[2025-12-16T17:14:25.400+0000] {python.py:201} INFO - Done. Returned value was: None
[2025-12-16T17:14:25.453+0000] {taskinstance.py:1138} INFO - Marking task as SUCCESS. dag_id=etl_***, task_id=load, execution_date=20241001T000000, start_date=20251216T171423, end_date=20251216T171425
[2025-12-16T17:14:25.539+0000] {local_task_job_runner.py:234} INFO - Task exited with return code 0
[2025-12-16T17:14:26.031+0000] {taskinstance.py:3280} INFO - 0 downstream tasks scheduled from follow-on schedule check
[2025-12-17T01:54:59.912+0000] {taskinstance.py:1956} INFO - Dependencies all met for dep_context=non-requeueable deps ti=<TaskInstance: etl_airflow.load scheduled__2024-10-01T00:00:00+00:00 [queued]>
[2025-12-17T01:54:59.936+0000] {taskinstance.py:1956} INFO - Dependencies all met for dep_context=requeueable deps ti=<TaskInstance: etl_airflow.load scheduled__2024-10-01T00:00:00+00:00 [queued]>
[2025-12-17T01:54:59.938+0000] {taskinstance.py:2170} INFO - Starting attempt 1 of 3
[2025-12-17T01:54:59.969+0000] {taskinstance.py:2191} INFO - Executing <Task(PythonOperator): load> on 2024-10-01 00:00:00+00:00
[2025-12-17T01:54:59.979+0000] {standard_task_runner.py:60} INFO - Started process 2889 to run task
[2025-12-17T01:54:59.985+0000] {standard_task_runner.py:87} INFO - Running: ['***', 'tasks', 'run', 'etl_***', 'load', 'scheduled__2024-10-01T00:00:00+00:00', '--job-id', '844', '--raw', '--subdir', 'DAGS_FOLDER/etl_dag.py', '--cfg-path', '/tmp/tmppye3tyqd']
[2025-12-17T01:54:59.989+0000] {standard_task_runner.py:88} INFO - Job 844: Subtask load
[2025-12-17T01:55:00.245+0000] {task_command.py:423} INFO - Running <TaskInstance: etl_airflow.load scheduled__2024-10-01T00:00:00+00:00 [running]> on host 571e042550da
[2025-12-17T01:55:00.916+0000] {taskinstance.py:2480} INFO - Exporting env vars: AIRFLOW_CTX_DAG_OWNER='***' AIRFLOW_CTX_DAG_ID='etl_***' AIRFLOW_CTX_TASK_ID='load' AIRFLOW_CTX_EXECUTION_DATE='2024-10-01T00:00:00+00:00' AIRFLOW_CTX_TRY_NUMBER='1' AIRFLOW_CTX_DAG_RUN_ID='scheduled__2024-10-01T00:00:00+00:00'
[2025-12-17T01:55:00.920+0000] {logging_mixin.py:188} INFO - [LOAD]
[2025-12-17T01:55:00.975+0000] {logging_mixin.py:188} INFO -    user_id event_type            timestamp country
0        1      login  2025-01-01T09:00:00      IN
1        1      click  2025-01-01T09:05:00      IN
2        1     logout  2025-01-01T09:15:00      IN
3        3      login  2025-01-02T08:00:00      FR
4        3      click  2025-01-02T08:05:00      FR
[2025-12-17T01:55:00.977+0000] {logging_mixin.py:188} INFO - [LOAD] done
[2025-12-17T01:55:00.979+0000] {python.py:201} INFO - Done. Returned value was: None
[2025-12-17T01:55:01.010+0000] {taskinstance.py:1138} INFO - Marking task as SUCCESS. dag_id=etl_***, task_id=load, execution_date=20241001T000000, start_date=20251217T015459, end_date=20251217T015501
[2025-12-17T01:55:01.089+0000] {local_task_job_runner.py:234} INFO - Task exited with return code 0
[2025-12-17T01:55:01.131+0000] {taskinstance.py:3280} INFO - 0 downstream tasks scheduled from follow-on schedule check
