[2025-12-17T01:59:44.522+0000] {taskinstance.py:1956} INFO - Dependencies all met for dep_context=non-requeueable deps ti=<TaskInstance: etl_airflow.transform scheduled__2025-07-24T00:00:00+00:00 [queued]>
[2025-12-17T01:59:44.551+0000] {taskinstance.py:1956} INFO - Dependencies all met for dep_context=requeueable deps ti=<TaskInstance: etl_airflow.transform scheduled__2025-07-24T00:00:00+00:00 [queued]>
[2025-12-17T01:59:44.560+0000] {taskinstance.py:2170} INFO - Starting attempt 1 of 3
[2025-12-17T01:59:44.795+0000] {taskinstance.py:2191} INFO - Executing <Task(PythonOperator): transform> on 2025-07-24 00:00:00+00:00
[2025-12-17T01:59:44.811+0000] {standard_task_runner.py:60} INFO - Started process 5732 to run task
[2025-12-17T01:59:44.838+0000] {standard_task_runner.py:87} INFO - Running: ['***', 'tasks', 'run', 'etl_***', 'transform', 'scheduled__2025-07-24T00:00:00+00:00', '--job-id', '1738', '--raw', '--subdir', 'DAGS_FOLDER/etl_dag.py', '--cfg-path', '/tmp/tmpraurcuzv']
[2025-12-17T01:59:44.848+0000] {standard_task_runner.py:88} INFO - Job 1738: Subtask transform
[2025-12-17T01:59:45.096+0000] {task_command.py:423} INFO - Running <TaskInstance: etl_airflow.transform scheduled__2025-07-24T00:00:00+00:00 [running]> on host 571e042550da
[2025-12-17T01:59:45.801+0000] {taskinstance.py:2480} INFO - Exporting env vars: AIRFLOW_CTX_DAG_OWNER='***' AIRFLOW_CTX_DAG_ID='etl_***' AIRFLOW_CTX_TASK_ID='transform' AIRFLOW_CTX_EXECUTION_DATE='2025-07-24T00:00:00+00:00' AIRFLOW_CTX_TRY_NUMBER='1' AIRFLOW_CTX_DAG_RUN_ID='scheduled__2025-07-24T00:00:00+00:00'
[2025-12-17T01:59:45.806+0000] {logging_mixin.py:188} INFO - [TRANSFORM]
[2025-12-17T01:59:45.873+0000] {logging_mixin.py:188} INFO - [TRANSFORM] done
[2025-12-17T01:59:45.874+0000] {python.py:201} INFO - Done. Returned value was: None
[2025-12-17T01:59:45.908+0000] {taskinstance.py:1138} INFO - Marking task as SUCCESS. dag_id=etl_***, task_id=transform, execution_date=20250724T000000, start_date=20251217T015944, end_date=20251217T015945
[2025-12-17T01:59:46.205+0000] {local_task_job_runner.py:234} INFO - Task exited with return code 0
[2025-12-17T01:59:46.269+0000] {taskinstance.py:3280} INFO - 1 downstream tasks scheduled from follow-on schedule check
[2025-12-17T05:02:39.284+0000] {taskinstance.py:1956} INFO - Dependencies all met for dep_context=non-requeueable deps ti=<TaskInstance: etl_airflow.transform scheduled__2025-07-24T00:00:00+00:00 [queued]>
[2025-12-17T05:02:39.300+0000] {taskinstance.py:1956} INFO - Dependencies all met for dep_context=requeueable deps ti=<TaskInstance: etl_airflow.transform scheduled__2025-07-24T00:00:00+00:00 [queued]>
[2025-12-17T05:02:39.301+0000] {taskinstance.py:2170} INFO - Starting attempt 1 of 3
[2025-12-17T05:02:39.318+0000] {taskinstance.py:2191} INFO - Executing <Task(PythonOperator): transform> on 2025-07-24 00:00:00+00:00
[2025-12-17T05:02:39.326+0000] {standard_task_runner.py:60} INFO - Started process 7691 to run task
[2025-12-17T05:02:39.333+0000] {standard_task_runner.py:87} INFO - Running: ['***', 'tasks', 'run', 'etl_***', 'transform', 'scheduled__2025-07-24T00:00:00+00:00', '--job-id', '2268', '--raw', '--subdir', 'DAGS_FOLDER/etl_***.py', '--cfg-path', '/tmp/tmptndtfm_r']
[2025-12-17T05:02:39.338+0000] {standard_task_runner.py:88} INFO - Job 2268: Subtask transform
[2025-12-17T05:02:39.446+0000] {task_command.py:423} INFO - Running <TaskInstance: etl_airflow.transform scheduled__2025-07-24T00:00:00+00:00 [running]> on host b3426f05ac70
[2025-12-17T05:02:39.733+0000] {taskinstance.py:2480} INFO - Exporting env vars: AIRFLOW_CTX_DAG_OWNER='***' AIRFLOW_CTX_DAG_ID='etl_***' AIRFLOW_CTX_TASK_ID='transform' AIRFLOW_CTX_EXECUTION_DATE='2025-07-24T00:00:00+00:00' AIRFLOW_CTX_TRY_NUMBER='1' AIRFLOW_CTX_DAG_RUN_ID='scheduled__2025-07-24T00:00:00+00:00'
[2025-12-17T05:02:39.735+0000] {taskinstance.py:2698} ERROR - Task failed with exception
Traceback (most recent call last):
  File "/home/airflow/.local/lib/python3.8/site-packages/airflow/models/taskinstance.py", line 433, in _execute_task
    result = execute_callable(context=context, **execute_callable_kwargs)
  File "/home/airflow/.local/lib/python3.8/site-packages/airflow/operators/python.py", line 199, in execute
    return_value = self.execute_callable()
  File "/home/airflow/.local/lib/python3.8/site-packages/airflow/operators/python.py", line 216, in execute_callable
    return self.python_callable(*self.op_args, **self.op_kwargs)
TypeError: transform_data() missing 1 required positional argument: 'df'
[2025-12-17T05:02:39.746+0000] {taskinstance.py:1138} INFO - Marking task as UP_FOR_RETRY. dag_id=etl_***, task_id=transform, execution_date=20250724T000000, start_date=20251217T050239, end_date=20251217T050239
[2025-12-17T05:02:39.763+0000] {standard_task_runner.py:107} ERROR - Failed to execute job 2268 for task transform (transform_data() missing 1 required positional argument: 'df'; 7691)
[2025-12-17T05:02:39.786+0000] {local_task_job_runner.py:234} INFO - Task exited with return code 1
[2025-12-17T05:02:39.823+0000] {taskinstance.py:3280} INFO - 0 downstream tasks scheduled from follow-on schedule check
