[2025-12-16T17:15:23.587+0000] {taskinstance.py:1956} INFO - Dependencies all met for dep_context=non-requeueable deps ti=<TaskInstance: etl_airflow.transform scheduled__2024-12-23T00:00:00+00:00 [queued]>
[2025-12-16T17:15:23.624+0000] {taskinstance.py:1956} INFO - Dependencies all met for dep_context=requeueable deps ti=<TaskInstance: etl_airflow.transform scheduled__2024-12-23T00:00:00+00:00 [queued]>
[2025-12-16T17:15:23.631+0000] {taskinstance.py:2170} INFO - Starting attempt 1 of 3
[2025-12-16T17:15:23.672+0000] {taskinstance.py:2191} INFO - Executing <Task(PythonOperator): transform> on 2024-12-23 00:00:00+00:00
[2025-12-16T17:15:23.690+0000] {standard_task_runner.py:60} INFO - Started process 1967 to run task
[2025-12-16T17:15:23.702+0000] {standard_task_runner.py:87} INFO - Running: ['***', 'tasks', 'run', 'etl_***', 'transform', 'scheduled__2024-12-23T00:00:00+00:00', '--job-id', '4697', '--raw', '--subdir', 'DAGS_FOLDER/etl_dag.py', '--cfg-path', '/tmp/tmp9n52xycr']
[2025-12-16T17:15:23.709+0000] {standard_task_runner.py:88} INFO - Job 4697: Subtask transform
[2025-12-16T17:15:23.881+0000] {task_command.py:423} INFO - Running <TaskInstance: etl_airflow.transform scheduled__2024-12-23T00:00:00+00:00 [running]> on host 3b89cfee50e9
[2025-12-16T17:15:24.165+0000] {taskinstance.py:2480} INFO - Exporting env vars: AIRFLOW_CTX_DAG_OWNER='***' AIRFLOW_CTX_DAG_ID='etl_***' AIRFLOW_CTX_TASK_ID='transform' AIRFLOW_CTX_EXECUTION_DATE='2024-12-23T00:00:00+00:00' AIRFLOW_CTX_TRY_NUMBER='1' AIRFLOW_CTX_DAG_RUN_ID='scheduled__2024-12-23T00:00:00+00:00'
[2025-12-16T17:15:24.171+0000] {logging_mixin.py:188} INFO - [TRANSFORM]
[2025-12-16T17:15:24.189+0000] {taskinstance.py:2698} ERROR - Task failed with exception
Traceback (most recent call last):
  File "/home/airflow/.local/lib/python3.8/site-packages/airflow/models/taskinstance.py", line 433, in _execute_task
    result = execute_callable(context=context, **execute_callable_kwargs)
  File "/home/airflow/.local/lib/python3.8/site-packages/airflow/operators/python.py", line 199, in execute
    return_value = self.execute_callable()
  File "/home/airflow/.local/lib/python3.8/site-packages/airflow/operators/python.py", line 216, in execute_callable
    return self.python_callable(*self.op_args, **self.op_kwargs)
  File "/opt/airflow/etl_logic/pipeline.py", line 111, in transform_data
    df = pd.read_csv(TRANSFORMED_PATH)
  File "/home/airflow/.local/lib/python3.8/site-packages/pandas/io/parsers/readers.py", line 912, in read_csv
    return _read(filepath_or_buffer, kwds)
  File "/home/airflow/.local/lib/python3.8/site-packages/pandas/io/parsers/readers.py", line 577, in _read
    parser = TextFileReader(filepath_or_buffer, **kwds)
  File "/home/airflow/.local/lib/python3.8/site-packages/pandas/io/parsers/readers.py", line 1407, in __init__
    self._engine = self._make_engine(f, self.engine)
  File "/home/airflow/.local/lib/python3.8/site-packages/pandas/io/parsers/readers.py", line 1679, in _make_engine
    return mapping[engine](f, **self.options)
  File "/home/airflow/.local/lib/python3.8/site-packages/pandas/io/parsers/c_parser_wrapper.py", line 93, in __init__
    self._reader = parsers.TextReader(src, **kwds)
  File "pandas/_libs/parsers.pyx", line 557, in pandas._libs.parsers.TextReader.__cinit__
pandas.errors.EmptyDataError: No columns to parse from file
[2025-12-16T17:15:24.230+0000] {taskinstance.py:1138} INFO - Marking task as UP_FOR_RETRY. dag_id=etl_***, task_id=transform, execution_date=20241223T000000, start_date=20251216T171523, end_date=20251216T171524
[2025-12-16T17:15:24.581+0000] {standard_task_runner.py:107} ERROR - Failed to execute job 4697 for task transform (No columns to parse from file; 1967)
[2025-12-16T17:15:24.698+0000] {local_task_job_runner.py:234} INFO - Task exited with return code 1
[2025-12-16T17:15:24.975+0000] {taskinstance.py:3280} INFO - 0 downstream tasks scheduled from follow-on schedule check
[2025-12-17T01:56:27.966+0000] {taskinstance.py:1956} INFO - Dependencies all met for dep_context=non-requeueable deps ti=<TaskInstance: etl_airflow.transform scheduled__2024-12-23T00:00:00+00:00 [queued]>
[2025-12-17T01:56:27.987+0000] {taskinstance.py:1956} INFO - Dependencies all met for dep_context=requeueable deps ti=<TaskInstance: etl_airflow.transform scheduled__2024-12-23T00:00:00+00:00 [queued]>
[2025-12-17T01:56:27.988+0000] {taskinstance.py:2170} INFO - Starting attempt 1 of 3
[2025-12-17T01:56:28.023+0000] {taskinstance.py:2191} INFO - Executing <Task(PythonOperator): transform> on 2024-12-23 00:00:00+00:00
[2025-12-17T01:56:28.039+0000] {standard_task_runner.py:60} INFO - Started process 3697 to run task
[2025-12-17T01:56:28.046+0000] {standard_task_runner.py:87} INFO - Running: ['***', 'tasks', 'run', 'etl_***', 'transform', 'scheduled__2024-12-23T00:00:00+00:00', '--job-id', '1099', '--raw', '--subdir', 'DAGS_FOLDER/etl_dag.py', '--cfg-path', '/tmp/tmpeau5wm0z']
[2025-12-17T01:56:28.051+0000] {standard_task_runner.py:88} INFO - Job 1099: Subtask transform
[2025-12-17T01:56:28.221+0000] {task_command.py:423} INFO - Running <TaskInstance: etl_airflow.transform scheduled__2024-12-23T00:00:00+00:00 [running]> on host 571e042550da
[2025-12-17T01:56:28.658+0000] {taskinstance.py:2480} INFO - Exporting env vars: AIRFLOW_CTX_DAG_OWNER='***' AIRFLOW_CTX_DAG_ID='etl_***' AIRFLOW_CTX_TASK_ID='transform' AIRFLOW_CTX_EXECUTION_DATE='2024-12-23T00:00:00+00:00' AIRFLOW_CTX_TRY_NUMBER='1' AIRFLOW_CTX_DAG_RUN_ID='scheduled__2024-12-23T00:00:00+00:00'
[2025-12-17T01:56:28.661+0000] {logging_mixin.py:188} INFO - [TRANSFORM]
[2025-12-17T01:56:28.688+0000] {logging_mixin.py:188} INFO - [TRANSFORM] done
[2025-12-17T01:56:28.690+0000] {python.py:201} INFO - Done. Returned value was: None
[2025-12-17T01:56:28.708+0000] {taskinstance.py:1138} INFO - Marking task as SUCCESS. dag_id=etl_***, task_id=transform, execution_date=20241223T000000, start_date=20251217T015627, end_date=20251217T015628
[2025-12-17T01:56:28.906+0000] {local_task_job_runner.py:234} INFO - Task exited with return code 0
[2025-12-17T01:56:29.094+0000] {taskinstance.py:3280} INFO - 0 downstream tasks scheduled from follow-on schedule check
[2025-12-17T04:55:12.969+0000] {taskinstance.py:1956} INFO - Dependencies all met for dep_context=non-requeueable deps ti=<TaskInstance: etl_airflow.transform scheduled__2024-12-23T00:00:00+00:00 [queued]>
[2025-12-17T04:55:12.985+0000] {taskinstance.py:1956} INFO - Dependencies all met for dep_context=requeueable deps ti=<TaskInstance: etl_airflow.transform scheduled__2024-12-23T00:00:00+00:00 [queued]>
[2025-12-17T04:55:12.986+0000] {taskinstance.py:2170} INFO - Starting attempt 1 of 3
[2025-12-17T04:55:13.007+0000] {taskinstance.py:2191} INFO - Executing <Task(PythonOperator): transform> on 2024-12-23 00:00:00+00:00
[2025-12-17T04:55:13.015+0000] {standard_task_runner.py:60} INFO - Started process 4919 to run task
[2025-12-17T04:55:13.020+0000] {standard_task_runner.py:87} INFO - Running: ['***', 'tasks', 'run', 'etl_***', 'transform', 'scheduled__2024-12-23T00:00:00+00:00', '--job-id', '1426', '--raw', '--subdir', 'DAGS_FOLDER/etl_***.py', '--cfg-path', '/tmp/tmp987oq1jd']
[2025-12-17T04:55:13.024+0000] {standard_task_runner.py:88} INFO - Job 1426: Subtask transform
[2025-12-17T04:55:13.140+0000] {task_command.py:423} INFO - Running <TaskInstance: etl_airflow.transform scheduled__2024-12-23T00:00:00+00:00 [running]> on host b3426f05ac70
[2025-12-17T04:55:13.573+0000] {taskinstance.py:2480} INFO - Exporting env vars: AIRFLOW_CTX_DAG_OWNER='***' AIRFLOW_CTX_DAG_ID='etl_***' AIRFLOW_CTX_TASK_ID='transform' AIRFLOW_CTX_EXECUTION_DATE='2024-12-23T00:00:00+00:00' AIRFLOW_CTX_TRY_NUMBER='1' AIRFLOW_CTX_DAG_RUN_ID='scheduled__2024-12-23T00:00:00+00:00'
[2025-12-17T04:55:13.577+0000] {taskinstance.py:2698} ERROR - Task failed with exception
Traceback (most recent call last):
  File "/home/airflow/.local/lib/python3.8/site-packages/airflow/models/taskinstance.py", line 433, in _execute_task
    result = execute_callable(context=context, **execute_callable_kwargs)
  File "/home/airflow/.local/lib/python3.8/site-packages/airflow/operators/python.py", line 199, in execute
    return_value = self.execute_callable()
  File "/home/airflow/.local/lib/python3.8/site-packages/airflow/operators/python.py", line 216, in execute_callable
    return self.python_callable(*self.op_args, **self.op_kwargs)
TypeError: transform_data() missing 1 required positional argument: 'df'
[2025-12-17T04:55:13.594+0000] {taskinstance.py:1138} INFO - Marking task as UP_FOR_RETRY. dag_id=etl_***, task_id=transform, execution_date=20241223T000000, start_date=20251217T045512, end_date=20251217T045513
[2025-12-17T04:55:13.612+0000] {standard_task_runner.py:107} ERROR - Failed to execute job 1426 for task transform (transform_data() missing 1 required positional argument: 'df'; 4919)
[2025-12-17T04:55:13.638+0000] {local_task_job_runner.py:234} INFO - Task exited with return code 1
[2025-12-17T04:55:13.680+0000] {taskinstance.py:3280} INFO - 0 downstream tasks scheduled from follow-on schedule check
[2025-12-17T08:00:36.733+0000] {taskinstance.py:1956} INFO - Dependencies all met for dep_context=non-requeueable deps ti=<TaskInstance: etl_airflow.transform scheduled__2024-12-23T00:00:00+00:00 [queued]>
[2025-12-17T08:00:36.825+0000] {taskinstance.py:1956} INFO - Dependencies all met for dep_context=requeueable deps ti=<TaskInstance: etl_airflow.transform scheduled__2024-12-23T00:00:00+00:00 [queued]>
[2025-12-17T08:00:36.829+0000] {taskinstance.py:2170} INFO - Starting attempt 1 of 3
[2025-12-17T08:00:37.235+0000] {taskinstance.py:2191} INFO - Executing <Task(PythonOperator): transform> on 2024-12-23 00:00:00+00:00
[2025-12-17T08:00:37.273+0000] {standard_task_runner.py:60} INFO - Started process 5041 to run task
[2025-12-17T08:00:37.294+0000] {standard_task_runner.py:87} INFO - Running: ['***', 'tasks', 'run', 'etl_***', 'transform', 'scheduled__2024-12-23T00:00:00+00:00', '--job-id', '1429', '--raw', '--subdir', 'DAGS_FOLDER/etl_***.py', '--cfg-path', '/tmp/tmppd065p3p']
[2025-12-17T08:00:37.301+0000] {standard_task_runner.py:88} INFO - Job 1429: Subtask transform
[2025-12-17T08:00:37.694+0000] {task_command.py:423} INFO - Running <TaskInstance: etl_airflow.transform scheduled__2024-12-23T00:00:00+00:00 [running]> on host 2a0de06c8905
[2025-12-17T08:00:38.454+0000] {taskinstance.py:2480} INFO - Exporting env vars: AIRFLOW_CTX_DAG_OWNER='***' AIRFLOW_CTX_DAG_ID='etl_***' AIRFLOW_CTX_TASK_ID='transform' AIRFLOW_CTX_EXECUTION_DATE='2024-12-23T00:00:00+00:00' AIRFLOW_CTX_TRY_NUMBER='1' AIRFLOW_CTX_DAG_RUN_ID='scheduled__2024-12-23T00:00:00+00:00'
[2025-12-17T08:00:38.462+0000] {taskinstance.py:2698} ERROR - Task failed with exception
Traceback (most recent call last):
  File "/home/airflow/.local/lib/python3.8/site-packages/airflow/models/taskinstance.py", line 433, in _execute_task
    result = execute_callable(context=context, **execute_callable_kwargs)
  File "/home/airflow/.local/lib/python3.8/site-packages/airflow/operators/python.py", line 199, in execute
    return_value = self.execute_callable()
  File "/home/airflow/.local/lib/python3.8/site-packages/airflow/operators/python.py", line 216, in execute_callable
    return self.python_callable(*self.op_args, **self.op_kwargs)
TypeError: transform_data() missing 1 required positional argument: 'df'
[2025-12-17T08:00:38.483+0000] {taskinstance.py:1138} INFO - Marking task as UP_FOR_RETRY. dag_id=etl_***, task_id=transform, execution_date=20241223T000000, start_date=20251217T080036, end_date=20251217T080038
[2025-12-17T08:00:38.523+0000] {standard_task_runner.py:107} ERROR - Failed to execute job 1429 for task transform (transform_data() missing 1 required positional argument: 'df'; 5041)
[2025-12-17T08:00:38.590+0000] {local_task_job_runner.py:234} INFO - Task exited with return code 1
[2025-12-17T08:00:38.808+0000] {taskinstance.py:3280} INFO - 0 downstream tasks scheduled from follow-on schedule check
