[2025-12-16T16:30:05.031+0000] {taskinstance.py:1956} INFO - Dependencies all met for dep_context=non-requeueable deps ti=<TaskInstance: etl_airflow.extract scheduled__2024-02-09T00:00:00+00:00 [queued]>
[2025-12-16T16:30:05.051+0000] {taskinstance.py:1956} INFO - Dependencies all met for dep_context=requeueable deps ti=<TaskInstance: etl_airflow.extract scheduled__2024-02-09T00:00:00+00:00 [queued]>
[2025-12-16T16:30:05.052+0000] {taskinstance.py:2170} INFO - Starting attempt 1 of 3
[2025-12-16T16:30:05.148+0000] {taskinstance.py:2191} INFO - Executing <Task(PythonOperator): extract> on 2024-02-09 00:00:00+00:00
[2025-12-16T16:30:05.162+0000] {standard_task_runner.py:60} INFO - Started process 734 to run task
[2025-12-16T16:30:05.168+0000] {standard_task_runner.py:87} INFO - Running: ['***', 'tasks', 'run', 'etl_***', 'extract', 'scheduled__2024-02-09T00:00:00+00:00', '--job-id', '105', '--raw', '--subdir', 'DAGS_FOLDER/etl_dag.py', '--cfg-path', '/tmp/tmp8a2ebd72']
[2025-12-16T16:30:05.175+0000] {standard_task_runner.py:88} INFO - Job 105: Subtask extract
[2025-12-16T16:30:05.324+0000] {task_command.py:423} INFO - Running <TaskInstance: etl_airflow.extract scheduled__2024-02-09T00:00:00+00:00 [running]> on host 528de643acfe
[2025-12-16T16:30:05.754+0000] {taskinstance.py:2480} INFO - Exporting env vars: AIRFLOW_CTX_DAG_OWNER='***' AIRFLOW_CTX_DAG_ID='etl_***' AIRFLOW_CTX_TASK_ID='extract' AIRFLOW_CTX_EXECUTION_DATE='2024-02-09T00:00:00+00:00' AIRFLOW_CTX_TRY_NUMBER='1' AIRFLOW_CTX_DAG_RUN_ID='scheduled__2024-02-09T00:00:00+00:00'
[2025-12-16T16:30:05.756+0000] {logging_mixin.py:188} INFO - Extracting data from /opt/***/data/input.csv
[2025-12-16T16:30:05.764+0000] {taskinstance.py:2698} ERROR - Task failed with exception
Traceback (most recent call last):
  File "/home/airflow/.local/lib/python3.8/site-packages/airflow/models/taskinstance.py", line 433, in _execute_task
    result = execute_callable(context=context, **execute_callable_kwargs)
  File "/home/airflow/.local/lib/python3.8/site-packages/airflow/operators/python.py", line 199, in execute
    return_value = self.execute_callable()
  File "/home/airflow/.local/lib/python3.8/site-packages/airflow/operators/python.py", line 216, in execute_callable
    return self.python_callable(*self.op_args, **self.op_kwargs)
  File "/opt/airflow/dags/etl_logic/pipeline.py", line 92, in extract_data
    return pd.read_csv(input_path)
  File "/home/airflow/.local/lib/python3.8/site-packages/pandas/io/parsers/readers.py", line 912, in read_csv
    return _read(filepath_or_buffer, kwds)
  File "/home/airflow/.local/lib/python3.8/site-packages/pandas/io/parsers/readers.py", line 577, in _read
    parser = TextFileReader(filepath_or_buffer, **kwds)
  File "/home/airflow/.local/lib/python3.8/site-packages/pandas/io/parsers/readers.py", line 1407, in __init__
    self._engine = self._make_engine(f, self.engine)
  File "/home/airflow/.local/lib/python3.8/site-packages/pandas/io/parsers/readers.py", line 1661, in _make_engine
    self.handles = get_handle(
  File "/home/airflow/.local/lib/python3.8/site-packages/pandas/io/common.py", line 859, in get_handle
    handle = open(
FileNotFoundError: [Errno 2] No such file or directory: '/opt/airflow/data/input.csv'
[2025-12-16T16:30:05.793+0000] {taskinstance.py:1138} INFO - Marking task as UP_FOR_RETRY. dag_id=etl_***, task_id=extract, execution_date=20240209T000000, start_date=20251216T163005, end_date=20251216T163005
[2025-12-16T16:30:05.989+0000] {standard_task_runner.py:107} ERROR - Failed to execute job 105 for task extract ([Errno 2] No such file or directory: '/opt/airflow/data/input.csv'; 734)
[2025-12-16T16:30:06.030+0000] {local_task_job_runner.py:234} INFO - Task exited with return code 1
[2025-12-16T16:30:06.093+0000] {taskinstance.py:3280} INFO - 0 downstream tasks scheduled from follow-on schedule check
[2025-12-17T01:50:40.506+0000] {taskinstance.py:1956} INFO - Dependencies all met for dep_context=non-requeueable deps ti=<TaskInstance: etl_airflow.extract scheduled__2024-02-09T00:00:00+00:00 [queued]>
[2025-12-17T01:50:40.537+0000] {taskinstance.py:1956} INFO - Dependencies all met for dep_context=requeueable deps ti=<TaskInstance: etl_airflow.extract scheduled__2024-02-09T00:00:00+00:00 [queued]>
[2025-12-17T01:50:40.541+0000] {taskinstance.py:2170} INFO - Starting attempt 1 of 3
[2025-12-17T01:50:40.572+0000] {taskinstance.py:2191} INFO - Executing <Task(PythonOperator): extract> on 2024-02-09 00:00:00+00:00
[2025-12-17T01:50:40.585+0000] {standard_task_runner.py:60} INFO - Started process 576 to run task
[2025-12-17T01:50:40.591+0000] {standard_task_runner.py:87} INFO - Running: ['***', 'tasks', 'run', 'etl_***', 'extract', 'scheduled__2024-02-09T00:00:00+00:00', '--job-id', '119', '--raw', '--subdir', 'DAGS_FOLDER/etl_dag.py', '--cfg-path', '/tmp/tmp176zhy8y']
[2025-12-17T01:50:40.598+0000] {standard_task_runner.py:88} INFO - Job 119: Subtask extract
[2025-12-17T01:50:40.731+0000] {task_command.py:423} INFO - Running <TaskInstance: etl_airflow.extract scheduled__2024-02-09T00:00:00+00:00 [running]> on host 571e042550da
[2025-12-17T01:50:41.272+0000] {taskinstance.py:2480} INFO - Exporting env vars: AIRFLOW_CTX_DAG_OWNER='***' AIRFLOW_CTX_DAG_ID='etl_***' AIRFLOW_CTX_TASK_ID='extract' AIRFLOW_CTX_EXECUTION_DATE='2024-02-09T00:00:00+00:00' AIRFLOW_CTX_TRY_NUMBER='1' AIRFLOW_CTX_DAG_RUN_ID='scheduled__2024-02-09T00:00:00+00:00'
[2025-12-17T01:50:41.279+0000] {logging_mixin.py:188} INFO - [EXTRACT] Reading /opt/***/data/synthetic_events.csv
[2025-12-17T01:50:41.343+0000] {logging_mixin.py:188} INFO - [EXTRACT] done
[2025-12-17T01:50:41.346+0000] {python.py:201} INFO - Done. Returned value was: None
[2025-12-17T01:50:41.386+0000] {taskinstance.py:1138} INFO - Marking task as SUCCESS. dag_id=etl_***, task_id=extract, execution_date=20240209T000000, start_date=20251217T015040, end_date=20251217T015041
[2025-12-17T01:50:41.492+0000] {local_task_job_runner.py:234} INFO - Task exited with return code 0
[2025-12-17T01:50:41.591+0000] {taskinstance.py:3280} INFO - 1 downstream tasks scheduled from follow-on schedule check
[2025-12-17T04:18:48.714+0000] {taskinstance.py:1956} INFO - Dependencies all met for dep_context=non-requeueable deps ti=<TaskInstance: etl_airflow.extract scheduled__2024-02-09T00:00:00+00:00 [queued]>
[2025-12-17T04:18:48.729+0000] {taskinstance.py:1956} INFO - Dependencies all met for dep_context=requeueable deps ti=<TaskInstance: etl_airflow.extract scheduled__2024-02-09T00:00:00+00:00 [queued]>
[2025-12-17T04:18:48.730+0000] {taskinstance.py:2170} INFO - Starting attempt 1 of 3
[2025-12-17T04:18:48.757+0000] {taskinstance.py:2191} INFO - Executing <Task(PythonOperator): extract> on 2024-02-09 00:00:00+00:00
[2025-12-17T04:18:48.766+0000] {standard_task_runner.py:60} INFO - Started process 397 to run task
[2025-12-17T04:18:48.772+0000] {standard_task_runner.py:87} INFO - Running: ['***', 'tasks', 'run', 'etl_***', 'extract', 'scheduled__2024-02-09T00:00:00+00:00', '--job-id', '57', '--raw', '--subdir', 'DAGS_FOLDER/etl_***.py', '--cfg-path', '/tmp/tmpr4rz5mfl']
[2025-12-17T04:18:48.777+0000] {standard_task_runner.py:88} INFO - Job 57: Subtask extract
[2025-12-17T04:18:48.913+0000] {task_command.py:423} INFO - Running <TaskInstance: etl_airflow.extract scheduled__2024-02-09T00:00:00+00:00 [running]> on host c5811fe183ca
[2025-12-17T04:18:49.475+0000] {taskinstance.py:2480} INFO - Exporting env vars: AIRFLOW_CTX_DAG_OWNER='***' AIRFLOW_CTX_DAG_ID='etl_***' AIRFLOW_CTX_TASK_ID='extract' AIRFLOW_CTX_EXECUTION_DATE='2024-02-09T00:00:00+00:00' AIRFLOW_CTX_TRY_NUMBER='1' AIRFLOW_CTX_DAG_RUN_ID='scheduled__2024-02-09T00:00:00+00:00'
[2025-12-17T04:18:49.522+0000] {python.py:201} INFO - Done. Returned value was:    user_id event_type           timestamp country
0        1      login 2025-01-01 09:00:00      IN
1        1      click 2025-01-01 09:05:00      IN
2        1     logout 2025-01-01 09:15:00      IN
3        2      login 2025-01-01 10:00:00      US
4        2      click 2025-01-01 10:10:00      US
5        2     logout 2025-01-01 10:20:00      US
6        3      login 2025-01-02 08:00:00      FR
7        3      click 2025-01-02 08:05:00      FR
8        3     logout 2025-01-02 08:30:00      FR
[2025-12-17T04:18:49.652+0000] {taskinstance.py:1138} INFO - Marking task as SUCCESS. dag_id=etl_***, task_id=extract, execution_date=20240209T000000, start_date=20251217T041848, end_date=20251217T041849
[2025-12-17T04:18:49.752+0000] {local_task_job_runner.py:234} INFO - Task exited with return code 0
[2025-12-17T04:18:49.829+0000] {taskinstance.py:3280} INFO - 0 downstream tasks scheduled from follow-on schedule check
[2025-12-17T04:43:32.986+0000] {taskinstance.py:1956} INFO - Dependencies all met for dep_context=non-requeueable deps ti=<TaskInstance: etl_airflow.extract scheduled__2024-02-09T00:00:00+00:00 [queued]>
[2025-12-17T04:43:33.002+0000] {taskinstance.py:1956} INFO - Dependencies all met for dep_context=requeueable deps ti=<TaskInstance: etl_airflow.extract scheduled__2024-02-09T00:00:00+00:00 [queued]>
[2025-12-17T04:43:33.003+0000] {taskinstance.py:2170} INFO - Starting attempt 1 of 3
[2025-12-17T04:43:33.107+0000] {taskinstance.py:2191} INFO - Executing <Task(PythonOperator): extract> on 2024-02-09 00:00:00+00:00
[2025-12-17T04:43:33.117+0000] {standard_task_runner.py:60} INFO - Started process 678 to run task
[2025-12-17T04:43:33.123+0000] {standard_task_runner.py:87} INFO - Running: ['***', 'tasks', 'run', 'etl_***', 'extract', 'scheduled__2024-02-09T00:00:00+00:00', '--job-id', '138', '--raw', '--subdir', 'DAGS_FOLDER/etl_***.py', '--cfg-path', '/tmp/tmpz1noay12']
[2025-12-17T04:43:33.128+0000] {standard_task_runner.py:88} INFO - Job 138: Subtask extract
[2025-12-17T04:43:33.260+0000] {task_command.py:423} INFO - Running <TaskInstance: etl_airflow.extract scheduled__2024-02-09T00:00:00+00:00 [running]> on host b3426f05ac70
[2025-12-17T04:43:33.602+0000] {taskinstance.py:2480} INFO - Exporting env vars: AIRFLOW_CTX_DAG_OWNER='***' AIRFLOW_CTX_DAG_ID='etl_***' AIRFLOW_CTX_TASK_ID='extract' AIRFLOW_CTX_EXECUTION_DATE='2024-02-09T00:00:00+00:00' AIRFLOW_CTX_TRY_NUMBER='1' AIRFLOW_CTX_DAG_RUN_ID='scheduled__2024-02-09T00:00:00+00:00'
[2025-12-17T04:43:33.622+0000] {python.py:201} INFO - Done. Returned value was:    user_id event_type           timestamp country
0        1      login 2025-01-01 09:00:00      IN
1        1      click 2025-01-01 09:05:00      IN
2        1     logout 2025-01-01 09:15:00      IN
3        2      login 2025-01-01 10:00:00      US
4        2      click 2025-01-01 10:10:00      US
5        2     logout 2025-01-01 10:20:00      US
6        3      login 2025-01-02 08:00:00      FR
7        3      click 2025-01-02 08:05:00      FR
8        3     logout 2025-01-02 08:30:00      FR
[2025-12-17T04:43:33.684+0000] {taskinstance.py:1138} INFO - Marking task as SUCCESS. dag_id=etl_***, task_id=extract, execution_date=20240209T000000, start_date=20251217T044332, end_date=20251217T044333
[2025-12-17T04:43:33.740+0000] {local_task_job_runner.py:234} INFO - Task exited with return code 0
[2025-12-17T04:43:33.790+0000] {taskinstance.py:3280} INFO - 1 downstream tasks scheduled from follow-on schedule check
[2025-12-17T07:36:41.891+0000] {taskinstance.py:1956} INFO - Dependencies all met for dep_context=non-requeueable deps ti=<TaskInstance: etl_airflow.extract scheduled__2024-02-09T00:00:00+00:00 [queued]>
[2025-12-17T07:36:41.913+0000] {taskinstance.py:1956} INFO - Dependencies all met for dep_context=requeueable deps ti=<TaskInstance: etl_airflow.extract scheduled__2024-02-09T00:00:00+00:00 [queued]>
[2025-12-17T07:36:41.915+0000] {taskinstance.py:2170} INFO - Starting attempt 1 of 3
[2025-12-17T07:36:41.973+0000] {taskinstance.py:2191} INFO - Executing <Task(PythonOperator): extract> on 2024-02-09 00:00:00+00:00
[2025-12-17T07:36:41.987+0000] {standard_task_runner.py:60} INFO - Started process 746 to run task
[2025-12-17T07:36:41.997+0000] {standard_task_runner.py:87} INFO - Running: ['***', 'tasks', 'run', 'etl_***', 'extract', 'scheduled__2024-02-09T00:00:00+00:00', '--job-id', '141', '--raw', '--subdir', 'DAGS_FOLDER/etl_***.py', '--cfg-path', '/tmp/tmpqbdmim4l']
[2025-12-17T07:36:42.004+0000] {standard_task_runner.py:88} INFO - Job 141: Subtask extract
[2025-12-17T07:36:42.189+0000] {task_command.py:423} INFO - Running <TaskInstance: etl_airflow.extract scheduled__2024-02-09T00:00:00+00:00 [running]> on host 2a0de06c8905
[2025-12-17T07:36:42.698+0000] {taskinstance.py:2480} INFO - Exporting env vars: AIRFLOW_CTX_DAG_OWNER='***' AIRFLOW_CTX_DAG_ID='etl_***' AIRFLOW_CTX_TASK_ID='extract' AIRFLOW_CTX_EXECUTION_DATE='2024-02-09T00:00:00+00:00' AIRFLOW_CTX_TRY_NUMBER='1' AIRFLOW_CTX_DAG_RUN_ID='scheduled__2024-02-09T00:00:00+00:00'
[2025-12-17T07:36:42.728+0000] {python.py:201} INFO - Done. Returned value was:    user_id event_type           timestamp country
0        1      login 2025-01-01 09:00:00      IN
1        1      click 2025-01-01 09:05:00      IN
2        1     logout 2025-01-01 09:15:00      IN
3        2      login 2025-01-01 10:00:00      US
4        2      click 2025-01-01 10:10:00      US
5        2     logout 2025-01-01 10:20:00      US
6        3      login 2025-01-02 08:00:00      FR
7        3      click 2025-01-02 08:05:00      FR
8        3     logout 2025-01-02 08:30:00      FR
[2025-12-17T07:36:42.800+0000] {taskinstance.py:1138} INFO - Marking task as SUCCESS. dag_id=etl_***, task_id=extract, execution_date=20240209T000000, start_date=20251217T073641, end_date=20251217T073642
[2025-12-17T07:36:42.916+0000] {local_task_job_runner.py:234} INFO - Task exited with return code 0
[2025-12-17T07:36:42.975+0000] {taskinstance.py:3280} INFO - 1 downstream tasks scheduled from follow-on schedule check
