[2025-12-16T17:20:44.974+0000] {taskinstance.py:1956} INFO - Dependencies all met for dep_context=non-requeueable deps ti=<TaskInstance: etl_airflow.transform scheduled__2024-07-22T00:00:00+00:00 [queued]>
[2025-12-16T17:20:44.996+0000] {taskinstance.py:1956} INFO - Dependencies all met for dep_context=requeueable deps ti=<TaskInstance: etl_airflow.transform scheduled__2024-07-22T00:00:00+00:00 [queued]>
[2025-12-16T17:20:44.998+0000] {taskinstance.py:2170} INFO - Starting attempt 2 of 4
[2025-12-16T17:20:45.027+0000] {taskinstance.py:2191} INFO - Executing <Task(PythonOperator): transform> on 2024-07-22 00:00:00+00:00
[2025-12-16T17:20:45.045+0000] {standard_task_runner.py:60} INFO - Started process 5292 to run task
[2025-12-16T17:20:45.061+0000] {standard_task_runner.py:87} INFO - Running: ['***', 'tasks', 'run', 'etl_***', 'transform', 'scheduled__2024-07-22T00:00:00+00:00', '--job-id', '5748', '--raw', '--subdir', 'DAGS_FOLDER/etl_dag.py', '--cfg-path', '/tmp/tmp1y7e6n9c']
[2025-12-16T17:20:45.066+0000] {standard_task_runner.py:88} INFO - Job 5748: Subtask transform
[2025-12-16T17:20:45.245+0000] {task_command.py:423} INFO - Running <TaskInstance: etl_airflow.transform scheduled__2024-07-22T00:00:00+00:00 [running]> on host 3b89cfee50e9
[2025-12-16T17:20:45.546+0000] {taskinstance.py:2480} INFO - Exporting env vars: AIRFLOW_CTX_DAG_OWNER='***' AIRFLOW_CTX_DAG_ID='etl_***' AIRFLOW_CTX_TASK_ID='transform' AIRFLOW_CTX_EXECUTION_DATE='2024-07-22T00:00:00+00:00' AIRFLOW_CTX_TRY_NUMBER='2' AIRFLOW_CTX_DAG_RUN_ID='scheduled__2024-07-22T00:00:00+00:00'
[2025-12-16T17:20:45.553+0000] {logging_mixin.py:188} INFO - [TRANSFORM]
[2025-12-16T17:20:46.076+0000] {logging_mixin.py:188} INFO - [TRANSFORM] done
[2025-12-16T17:20:46.081+0000] {python.py:201} INFO - Done. Returned value was: None
[2025-12-16T17:20:46.118+0000] {taskinstance.py:1138} INFO - Marking task as SUCCESS. dag_id=etl_***, task_id=transform, execution_date=20240722T000000, start_date=20251216T172044, end_date=20251216T172046
[2025-12-16T17:20:46.242+0000] {local_task_job_runner.py:234} INFO - Task exited with return code 0
[2025-12-16T17:20:46.306+0000] {taskinstance.py:3280} INFO - 1 downstream tasks scheduled from follow-on schedule check
[2025-12-17T04:21:28.528+0000] {taskinstance.py:1956} INFO - Dependencies all met for dep_context=non-requeueable deps ti=<TaskInstance: etl_airflow.transform scheduled__2024-07-22T00:00:00+00:00 [queued]>
[2025-12-17T04:21:28.543+0000] {taskinstance.py:1956} INFO - Dependencies all met for dep_context=requeueable deps ti=<TaskInstance: etl_airflow.transform scheduled__2024-07-22T00:00:00+00:00 [queued]>
[2025-12-17T04:21:28.545+0000] {taskinstance.py:2170} INFO - Starting attempt 2 of 3
[2025-12-17T04:21:28.560+0000] {taskinstance.py:2191} INFO - Executing <Task(PythonOperator): transform> on 2024-07-22 00:00:00+00:00
[2025-12-17T04:21:28.566+0000] {standard_task_runner.py:60} INFO - Started process 1349 to run task
[2025-12-17T04:21:28.571+0000] {standard_task_runner.py:87} INFO - Running: ['***', 'tasks', 'run', 'etl_***', 'transform', 'scheduled__2024-07-22T00:00:00+00:00', '--job-id', '346', '--raw', '--subdir', 'DAGS_FOLDER/etl_***.py', '--cfg-path', '/tmp/tmpyv604ud2']
[2025-12-17T04:21:28.574+0000] {standard_task_runner.py:88} INFO - Job 346: Subtask transform
[2025-12-17T04:21:28.670+0000] {task_command.py:423} INFO - Running <TaskInstance: etl_airflow.transform scheduled__2024-07-22T00:00:00+00:00 [running]> on host c5811fe183ca
[2025-12-17T04:21:29.091+0000] {taskinstance.py:2480} INFO - Exporting env vars: AIRFLOW_CTX_DAG_OWNER='***' AIRFLOW_CTX_DAG_ID='etl_***' AIRFLOW_CTX_TASK_ID='transform' AIRFLOW_CTX_EXECUTION_DATE='2024-07-22T00:00:00+00:00' AIRFLOW_CTX_TRY_NUMBER='2' AIRFLOW_CTX_DAG_RUN_ID='scheduled__2024-07-22T00:00:00+00:00'
[2025-12-17T04:21:29.097+0000] {taskinstance.py:2698} ERROR - Task failed with exception
Traceback (most recent call last):
  File "/home/airflow/.local/lib/python3.8/site-packages/airflow/models/taskinstance.py", line 433, in _execute_task
    result = execute_callable(context=context, **execute_callable_kwargs)
  File "/home/airflow/.local/lib/python3.8/site-packages/airflow/operators/python.py", line 199, in execute
    return_value = self.execute_callable()
  File "/home/airflow/.local/lib/python3.8/site-packages/airflow/operators/python.py", line 216, in execute_callable
    return self.python_callable(*self.op_args, **self.op_kwargs)
TypeError: transform_data() missing 1 required positional argument: 'df'
[2025-12-17T04:21:29.116+0000] {taskinstance.py:1138} INFO - Marking task as UP_FOR_RETRY. dag_id=etl_***, task_id=transform, execution_date=20240722T000000, start_date=20251217T042128, end_date=20251217T042129
[2025-12-17T04:21:29.165+0000] {standard_task_runner.py:107} ERROR - Failed to execute job 346 for task transform (transform_data() missing 1 required positional argument: 'df'; 1349)
[2025-12-17T04:21:29.229+0000] {local_task_job_runner.py:234} INFO - Task exited with return code 1
[2025-12-17T04:21:29.329+0000] {taskinstance.py:3280} INFO - 0 downstream tasks scheduled from follow-on schedule check
[2025-12-17T04:49:37.436+0000] {taskinstance.py:1956} INFO - Dependencies all met for dep_context=non-requeueable deps ti=<TaskInstance: etl_airflow.transform scheduled__2024-07-22T00:00:00+00:00 [queued]>
[2025-12-17T04:49:37.456+0000] {taskinstance.py:1956} INFO - Dependencies all met for dep_context=requeueable deps ti=<TaskInstance: etl_airflow.transform scheduled__2024-07-22T00:00:00+00:00 [queued]>
[2025-12-17T04:49:37.457+0000] {taskinstance.py:2170} INFO - Starting attempt 2 of 3
[2025-12-17T04:49:37.477+0000] {taskinstance.py:2191} INFO - Executing <Task(PythonOperator): transform> on 2024-07-22 00:00:00+00:00
[2025-12-17T04:49:37.484+0000] {standard_task_runner.py:60} INFO - Started process 2905 to run task
[2025-12-17T04:49:37.488+0000] {standard_task_runner.py:87} INFO - Running: ['***', 'tasks', 'run', 'etl_***', 'transform', 'scheduled__2024-07-22T00:00:00+00:00', '--job-id', '812', '--raw', '--subdir', 'DAGS_FOLDER/etl_***.py', '--cfg-path', '/tmp/tmpz07_a3f0']
[2025-12-17T04:49:37.491+0000] {standard_task_runner.py:88} INFO - Job 812: Subtask transform
[2025-12-17T04:49:37.609+0000] {task_command.py:423} INFO - Running <TaskInstance: etl_airflow.transform scheduled__2024-07-22T00:00:00+00:00 [running]> on host b3426f05ac70
[2025-12-17T04:49:37.991+0000] {taskinstance.py:2480} INFO - Exporting env vars: AIRFLOW_CTX_DAG_OWNER='***' AIRFLOW_CTX_DAG_ID='etl_***' AIRFLOW_CTX_TASK_ID='transform' AIRFLOW_CTX_EXECUTION_DATE='2024-07-22T00:00:00+00:00' AIRFLOW_CTX_TRY_NUMBER='2' AIRFLOW_CTX_DAG_RUN_ID='scheduled__2024-07-22T00:00:00+00:00'
[2025-12-17T04:49:37.994+0000] {taskinstance.py:2698} ERROR - Task failed with exception
Traceback (most recent call last):
  File "/home/airflow/.local/lib/python3.8/site-packages/airflow/models/taskinstance.py", line 433, in _execute_task
    result = execute_callable(context=context, **execute_callable_kwargs)
  File "/home/airflow/.local/lib/python3.8/site-packages/airflow/operators/python.py", line 199, in execute
    return_value = self.execute_callable()
  File "/home/airflow/.local/lib/python3.8/site-packages/airflow/operators/python.py", line 216, in execute_callable
    return self.python_callable(*self.op_args, **self.op_kwargs)
TypeError: transform_data() missing 1 required positional argument: 'df'
[2025-12-17T04:49:38.004+0000] {taskinstance.py:1138} INFO - Marking task as UP_FOR_RETRY. dag_id=etl_***, task_id=transform, execution_date=20240722T000000, start_date=20251217T044937, end_date=20251217T044938
[2025-12-17T04:49:38.022+0000] {standard_task_runner.py:107} ERROR - Failed to execute job 812 for task transform (transform_data() missing 1 required positional argument: 'df'; 2905)
[2025-12-17T04:49:38.069+0000] {local_task_job_runner.py:234} INFO - Task exited with return code 1
[2025-12-17T04:49:38.400+0000] {taskinstance.py:3280} INFO - 0 downstream tasks scheduled from follow-on schedule check
[2025-12-17T07:43:21.348+0000] {taskinstance.py:1956} INFO - Dependencies all met for dep_context=non-requeueable deps ti=<TaskInstance: etl_airflow.transform scheduled__2024-07-22T00:00:00+00:00 [queued]>
[2025-12-17T07:43:21.365+0000] {taskinstance.py:1956} INFO - Dependencies all met for dep_context=requeueable deps ti=<TaskInstance: etl_airflow.transform scheduled__2024-07-22T00:00:00+00:00 [queued]>
[2025-12-17T07:43:21.366+0000] {taskinstance.py:2170} INFO - Starting attempt 2 of 3
[2025-12-17T07:43:21.397+0000] {taskinstance.py:2191} INFO - Executing <Task(PythonOperator): transform> on 2024-07-22 00:00:00+00:00
[2025-12-17T07:43:21.408+0000] {standard_task_runner.py:60} INFO - Started process 2973 to run task
[2025-12-17T07:43:21.414+0000] {standard_task_runner.py:87} INFO - Running: ['***', 'tasks', 'run', 'etl_***', 'transform', 'scheduled__2024-07-22T00:00:00+00:00', '--job-id', '814', '--raw', '--subdir', 'DAGS_FOLDER/etl_***.py', '--cfg-path', '/tmp/tmpndmlb5w9']
[2025-12-17T07:43:21.419+0000] {standard_task_runner.py:88} INFO - Job 814: Subtask transform
[2025-12-17T07:43:21.569+0000] {task_command.py:423} INFO - Running <TaskInstance: etl_airflow.transform scheduled__2024-07-22T00:00:00+00:00 [running]> on host 2a0de06c8905
[2025-12-17T07:43:21.965+0000] {taskinstance.py:2480} INFO - Exporting env vars: AIRFLOW_CTX_DAG_OWNER='***' AIRFLOW_CTX_DAG_ID='etl_***' AIRFLOW_CTX_TASK_ID='transform' AIRFLOW_CTX_EXECUTION_DATE='2024-07-22T00:00:00+00:00' AIRFLOW_CTX_TRY_NUMBER='2' AIRFLOW_CTX_DAG_RUN_ID='scheduled__2024-07-22T00:00:00+00:00'
[2025-12-17T07:43:21.967+0000] {taskinstance.py:2698} ERROR - Task failed with exception
Traceback (most recent call last):
  File "/home/airflow/.local/lib/python3.8/site-packages/airflow/models/taskinstance.py", line 433, in _execute_task
    result = execute_callable(context=context, **execute_callable_kwargs)
  File "/home/airflow/.local/lib/python3.8/site-packages/airflow/operators/python.py", line 199, in execute
    return_value = self.execute_callable()
  File "/home/airflow/.local/lib/python3.8/site-packages/airflow/operators/python.py", line 216, in execute_callable
    return self.python_callable(*self.op_args, **self.op_kwargs)
TypeError: transform_data() missing 1 required positional argument: 'df'
[2025-12-17T07:43:21.980+0000] {taskinstance.py:1138} INFO - Marking task as UP_FOR_RETRY. dag_id=etl_***, task_id=transform, execution_date=20240722T000000, start_date=20251217T074321, end_date=20251217T074321
[2025-12-17T07:43:22.000+0000] {standard_task_runner.py:107} ERROR - Failed to execute job 814 for task transform (transform_data() missing 1 required positional argument: 'df'; 2973)
[2025-12-17T07:43:22.031+0000] {local_task_job_runner.py:234} INFO - Task exited with return code 1
[2025-12-17T07:43:22.107+0000] {taskinstance.py:3280} INFO - 0 downstream tasks scheduled from follow-on schedule check
