[2025-12-16T17:06:29.584+0000] {taskinstance.py:1956} INFO - Dependencies all met for dep_context=non-requeueable deps ti=<TaskInstance: etl_airflow.transform scheduled__2025-02-02T00:00:00+00:00 [queued]>
[2025-12-16T17:06:29.605+0000] {taskinstance.py:1956} INFO - Dependencies all met for dep_context=requeueable deps ti=<TaskInstance: etl_airflow.transform scheduled__2025-02-02T00:00:00+00:00 [queued]>
[2025-12-16T17:06:29.606+0000] {taskinstance.py:2170} INFO - Starting attempt 1 of 3
[2025-12-16T17:06:29.632+0000] {taskinstance.py:2191} INFO - Executing <Task(PythonOperator): transform> on 2025-02-02 00:00:00+00:00
[2025-12-16T17:06:29.646+0000] {standard_task_runner.py:60} INFO - Started process 1174 to run task
[2025-12-16T17:06:29.653+0000] {standard_task_runner.py:87} INFO - Running: ['***', 'tasks', 'run', 'etl_***', 'transform', 'scheduled__2025-02-02T00:00:00+00:00', '--job-id', '3274', '--raw', '--subdir', 'DAGS_FOLDER/etl_dag.py', '--cfg-path', '/tmp/tmpbupqya74']
[2025-12-16T17:06:29.658+0000] {standard_task_runner.py:88} INFO - Job 3274: Subtask transform
[2025-12-16T17:06:29.791+0000] {task_command.py:423} INFO - Running <TaskInstance: etl_airflow.transform scheduled__2025-02-02T00:00:00+00:00 [running]> on host db658e834d9d
[2025-12-16T17:06:29.960+0000] {taskinstance.py:2480} INFO - Exporting env vars: AIRFLOW_CTX_DAG_OWNER='***' AIRFLOW_CTX_DAG_ID='etl_***' AIRFLOW_CTX_TASK_ID='transform' AIRFLOW_CTX_EXECUTION_DATE='2025-02-02T00:00:00+00:00' AIRFLOW_CTX_TRY_NUMBER='1' AIRFLOW_CTX_DAG_RUN_ID='scheduled__2025-02-02T00:00:00+00:00'
[2025-12-16T17:06:29.962+0000] {logging_mixin.py:188} INFO - [TRANSFORM]
[2025-12-16T17:06:29.982+0000] {taskinstance.py:2698} ERROR - Task failed with exception
Traceback (most recent call last):
  File "/home/airflow/.local/lib/python3.8/site-packages/airflow/models/taskinstance.py", line 433, in _execute_task
    result = execute_callable(context=context, **execute_callable_kwargs)
  File "/home/airflow/.local/lib/python3.8/site-packages/airflow/operators/python.py", line 199, in execute
    return_value = self.execute_callable()
  File "/home/airflow/.local/lib/python3.8/site-packages/airflow/operators/python.py", line 216, in execute_callable
    return self.python_callable(*self.op_args, **self.op_kwargs)
  File "/opt/airflow/etl_logic/pipeline.py", line 113, in transform_data
    df.to_csv(OUTPUT_PATH, index=False)
  File "/home/airflow/.local/lib/python3.8/site-packages/pandas/core/generic.py", line 3772, in to_csv
    return DataFrameRenderer(formatter).to_csv(
  File "/home/airflow/.local/lib/python3.8/site-packages/pandas/io/formats/format.py", line 1186, in to_csv
    csv_formatter.save()
  File "/home/airflow/.local/lib/python3.8/site-packages/pandas/io/formats/csvs.py", line 240, in save
    with get_handle(
  File "/home/airflow/.local/lib/python3.8/site-packages/pandas/io/common.py", line 737, in get_handle
    check_parent_directory(str(handle))
  File "/home/airflow/.local/lib/python3.8/site-packages/pandas/io/common.py", line 600, in check_parent_directory
    raise OSError(rf"Cannot save file into a non-existent directory: '{parent}'")
OSError: Cannot save file into a non-existent directory: 'E:\GPP\Task_4\comparative-data-orchestrationirflow\data'
[2025-12-16T17:06:30.011+0000] {taskinstance.py:1138} INFO - Marking task as UP_FOR_RETRY. dag_id=etl_***, task_id=transform, execution_date=20250202T000000, start_date=20251216T170629, end_date=20251216T170630
[2025-12-16T17:06:30.034+0000] {standard_task_runner.py:107} ERROR - Failed to execute job 3274 for task transform (Cannot save file into a non-existent directory: 'E:\GPP\Task_4\comparative-data-orchestrationirflow\data'; 1174)
[2025-12-16T17:06:30.069+0000] {local_task_job_runner.py:234} INFO - Task exited with return code 1
[2025-12-16T17:06:30.112+0000] {taskinstance.py:3280} INFO - 0 downstream tasks scheduled from follow-on schedule check
[2025-12-17T01:57:04.913+0000] {taskinstance.py:1956} INFO - Dependencies all met for dep_context=non-requeueable deps ti=<TaskInstance: etl_airflow.transform scheduled__2025-02-02T00:00:00+00:00 [queued]>
[2025-12-17T01:57:04.942+0000] {taskinstance.py:1956} INFO - Dependencies all met for dep_context=requeueable deps ti=<TaskInstance: etl_airflow.transform scheduled__2025-02-02T00:00:00+00:00 [queued]>
[2025-12-17T01:57:04.944+0000] {taskinstance.py:2170} INFO - Starting attempt 1 of 3
[2025-12-17T01:57:05.191+0000] {taskinstance.py:2191} INFO - Executing <Task(PythonOperator): transform> on 2025-02-02 00:00:00+00:00
[2025-12-17T01:57:05.217+0000] {standard_task_runner.py:60} INFO - Started process 4085 to run task
[2025-12-17T01:57:05.228+0000] {standard_task_runner.py:87} INFO - Running: ['***', 'tasks', 'run', 'etl_***', 'transform', 'scheduled__2025-02-02T00:00:00+00:00', '--job-id', '1217', '--raw', '--subdir', 'DAGS_FOLDER/etl_dag.py', '--cfg-path', '/tmp/tmpt1f8ee9s']
[2025-12-17T01:57:05.238+0000] {standard_task_runner.py:88} INFO - Job 1217: Subtask transform
[2025-12-17T01:57:05.524+0000] {task_command.py:423} INFO - Running <TaskInstance: etl_airflow.transform scheduled__2025-02-02T00:00:00+00:00 [running]> on host 571e042550da
[2025-12-17T01:57:06.195+0000] {taskinstance.py:2480} INFO - Exporting env vars: AIRFLOW_CTX_DAG_OWNER='***' AIRFLOW_CTX_DAG_ID='etl_***' AIRFLOW_CTX_TASK_ID='transform' AIRFLOW_CTX_EXECUTION_DATE='2025-02-02T00:00:00+00:00' AIRFLOW_CTX_TRY_NUMBER='1' AIRFLOW_CTX_DAG_RUN_ID='scheduled__2025-02-02T00:00:00+00:00'
[2025-12-17T01:57:06.201+0000] {logging_mixin.py:188} INFO - [TRANSFORM]
[2025-12-17T01:57:06.298+0000] {logging_mixin.py:188} INFO - [TRANSFORM] done
[2025-12-17T01:57:06.299+0000] {python.py:201} INFO - Done. Returned value was: None
[2025-12-17T01:57:06.325+0000] {taskinstance.py:1138} INFO - Marking task as SUCCESS. dag_id=etl_***, task_id=transform, execution_date=20250202T000000, start_date=20251217T015704, end_date=20251217T015706
[2025-12-17T01:57:06.482+0000] {local_task_job_runner.py:234} INFO - Task exited with return code 0
[2025-12-17T01:57:06.566+0000] {taskinstance.py:3280} INFO - 1 downstream tasks scheduled from follow-on schedule check
[2025-12-17T04:56:27.391+0000] {taskinstance.py:1956} INFO - Dependencies all met for dep_context=non-requeueable deps ti=<TaskInstance: etl_airflow.transform scheduled__2025-02-02T00:00:00+00:00 [queued]>
[2025-12-17T04:56:27.402+0000] {taskinstance.py:1956} INFO - Dependencies all met for dep_context=requeueable deps ti=<TaskInstance: etl_airflow.transform scheduled__2025-02-02T00:00:00+00:00 [queued]>
[2025-12-17T04:56:27.403+0000] {taskinstance.py:2170} INFO - Starting attempt 1 of 3
[2025-12-17T04:56:27.419+0000] {taskinstance.py:2191} INFO - Executing <Task(PythonOperator): transform> on 2025-02-02 00:00:00+00:00
[2025-12-17T04:56:27.427+0000] {standard_task_runner.py:60} INFO - Started process 5385 to run task
[2025-12-17T04:56:27.432+0000] {standard_task_runner.py:87} INFO - Running: ['***', 'tasks', 'run', 'etl_***', 'transform', 'scheduled__2025-02-02T00:00:00+00:00', '--job-id', '1567', '--raw', '--subdir', 'DAGS_FOLDER/etl_***.py', '--cfg-path', '/tmp/tmpcytpf_ep']
[2025-12-17T04:56:27.434+0000] {standard_task_runner.py:88} INFO - Job 1567: Subtask transform
[2025-12-17T04:56:27.548+0000] {task_command.py:423} INFO - Running <TaskInstance: etl_airflow.transform scheduled__2025-02-02T00:00:00+00:00 [running]> on host b3426f05ac70
[2025-12-17T04:56:27.827+0000] {taskinstance.py:2480} INFO - Exporting env vars: AIRFLOW_CTX_DAG_OWNER='***' AIRFLOW_CTX_DAG_ID='etl_***' AIRFLOW_CTX_TASK_ID='transform' AIRFLOW_CTX_EXECUTION_DATE='2025-02-02T00:00:00+00:00' AIRFLOW_CTX_TRY_NUMBER='1' AIRFLOW_CTX_DAG_RUN_ID='scheduled__2025-02-02T00:00:00+00:00'
[2025-12-17T04:56:27.830+0000] {taskinstance.py:2698} ERROR - Task failed with exception
Traceback (most recent call last):
  File "/home/airflow/.local/lib/python3.8/site-packages/airflow/models/taskinstance.py", line 433, in _execute_task
    result = execute_callable(context=context, **execute_callable_kwargs)
  File "/home/airflow/.local/lib/python3.8/site-packages/airflow/operators/python.py", line 199, in execute
    return_value = self.execute_callable()
  File "/home/airflow/.local/lib/python3.8/site-packages/airflow/operators/python.py", line 216, in execute_callable
    return self.python_callable(*self.op_args, **self.op_kwargs)
TypeError: transform_data() missing 1 required positional argument: 'df'
[2025-12-17T04:56:27.839+0000] {taskinstance.py:1138} INFO - Marking task as UP_FOR_RETRY. dag_id=etl_***, task_id=transform, execution_date=20250202T000000, start_date=20251217T045627, end_date=20251217T045627
[2025-12-17T04:56:27.856+0000] {standard_task_runner.py:107} ERROR - Failed to execute job 1567 for task transform (transform_data() missing 1 required positional argument: 'df'; 5385)
[2025-12-17T04:56:27.887+0000] {local_task_job_runner.py:234} INFO - Task exited with return code 1
[2025-12-17T04:56:27.949+0000] {taskinstance.py:3280} INFO - 0 downstream tasks scheduled from follow-on schedule check
