[2025-12-17T01:58:48.754+0000] {taskinstance.py:1956} INFO - Dependencies all met for dep_context=non-requeueable deps ti=<TaskInstance: etl_airflow.extract scheduled__2025-05-25T00:00:00+00:00 [queued]>
[2025-12-17T01:58:48.777+0000] {taskinstance.py:1956} INFO - Dependencies all met for dep_context=requeueable deps ti=<TaskInstance: etl_airflow.extract scheduled__2025-05-25T00:00:00+00:00 [queued]>
[2025-12-17T01:58:48.778+0000] {taskinstance.py:2170} INFO - Starting attempt 1 of 3
[2025-12-17T01:58:48.806+0000] {taskinstance.py:2191} INFO - Executing <Task(PythonOperator): extract> on 2025-05-25 00:00:00+00:00
[2025-12-17T01:58:48.820+0000] {standard_task_runner.py:60} INFO - Started process 5098 to run task
[2025-12-17T01:58:48.832+0000] {standard_task_runner.py:87} INFO - Running: ['***', 'tasks', 'run', 'etl_***', 'extract', 'scheduled__2025-05-25T00:00:00+00:00', '--job-id', '1539', '--raw', '--subdir', 'DAGS_FOLDER/etl_dag.py', '--cfg-path', '/tmp/tmp49xdsim0']
[2025-12-17T01:58:48.837+0000] {standard_task_runner.py:88} INFO - Job 1539: Subtask extract
[2025-12-17T01:58:48.995+0000] {task_command.py:423} INFO - Running <TaskInstance: etl_airflow.extract scheduled__2025-05-25T00:00:00+00:00 [running]> on host 571e042550da
[2025-12-17T01:58:49.503+0000] {taskinstance.py:2480} INFO - Exporting env vars: AIRFLOW_CTX_DAG_OWNER='***' AIRFLOW_CTX_DAG_ID='etl_***' AIRFLOW_CTX_TASK_ID='extract' AIRFLOW_CTX_EXECUTION_DATE='2025-05-25T00:00:00+00:00' AIRFLOW_CTX_TRY_NUMBER='1' AIRFLOW_CTX_DAG_RUN_ID='scheduled__2025-05-25T00:00:00+00:00'
[2025-12-17T01:58:49.505+0000] {logging_mixin.py:188} INFO - [EXTRACT] Reading /opt/***/data/synthetic_events.csv
[2025-12-17T01:58:49.541+0000] {logging_mixin.py:188} INFO - [EXTRACT] done
[2025-12-17T01:58:49.543+0000] {python.py:201} INFO - Done. Returned value was: None
[2025-12-17T01:58:49.564+0000] {taskinstance.py:1138} INFO - Marking task as SUCCESS. dag_id=etl_***, task_id=extract, execution_date=20250525T000000, start_date=20251217T015848, end_date=20251217T015849
[2025-12-17T01:58:49.668+0000] {local_task_job_runner.py:234} INFO - Task exited with return code 0
[2025-12-17T01:58:50.005+0000] {taskinstance.py:3280} INFO - 0 downstream tasks scheduled from follow-on schedule check
[2025-12-17T05:00:23.217+0000] {taskinstance.py:1956} INFO - Dependencies all met for dep_context=non-requeueable deps ti=<TaskInstance: etl_airflow.extract scheduled__2025-05-25T00:00:00+00:00 [queued]>
[2025-12-17T05:00:23.236+0000] {taskinstance.py:1956} INFO - Dependencies all met for dep_context=requeueable deps ti=<TaskInstance: etl_airflow.extract scheduled__2025-05-25T00:00:00+00:00 [queued]>
[2025-12-17T05:00:23.239+0000] {taskinstance.py:2170} INFO - Starting attempt 1 of 3
[2025-12-17T05:00:23.266+0000] {taskinstance.py:2191} INFO - Executing <Task(PythonOperator): extract> on 2025-05-25 00:00:00+00:00
[2025-12-17T05:00:23.278+0000] {standard_task_runner.py:60} INFO - Started process 6843 to run task
[2025-12-17T05:00:23.287+0000] {standard_task_runner.py:87} INFO - Running: ['***', 'tasks', 'run', 'etl_***', 'extract', 'scheduled__2025-05-25T00:00:00+00:00', '--job-id', '2007', '--raw', '--subdir', 'DAGS_FOLDER/etl_***.py', '--cfg-path', '/tmp/tmpltxlnkix']
[2025-12-17T05:00:23.294+0000] {standard_task_runner.py:88} INFO - Job 2007: Subtask extract
[2025-12-17T05:00:23.433+0000] {task_command.py:423} INFO - Running <TaskInstance: etl_airflow.extract scheduled__2025-05-25T00:00:00+00:00 [running]> on host b3426f05ac70
[2025-12-17T05:00:23.831+0000] {taskinstance.py:2480} INFO - Exporting env vars: AIRFLOW_CTX_DAG_OWNER='***' AIRFLOW_CTX_DAG_ID='etl_***' AIRFLOW_CTX_TASK_ID='extract' AIRFLOW_CTX_EXECUTION_DATE='2025-05-25T00:00:00+00:00' AIRFLOW_CTX_TRY_NUMBER='1' AIRFLOW_CTX_DAG_RUN_ID='scheduled__2025-05-25T00:00:00+00:00'
[2025-12-17T05:00:23.858+0000] {python.py:201} INFO - Done. Returned value was:    user_id event_type           timestamp country
0        1      login 2025-01-01 09:00:00      IN
1        1      click 2025-01-01 09:05:00      IN
2        1     logout 2025-01-01 09:15:00      IN
3        2      login 2025-01-01 10:00:00      US
4        2      click 2025-01-01 10:10:00      US
5        2     logout 2025-01-01 10:20:00      US
6        3      login 2025-01-02 08:00:00      FR
7        3      click 2025-01-02 08:05:00      FR
8        3     logout 2025-01-02 08:30:00      FR
[2025-12-17T05:00:23.921+0000] {taskinstance.py:1138} INFO - Marking task as SUCCESS. dag_id=etl_***, task_id=extract, execution_date=20250525T000000, start_date=20251217T050023, end_date=20251217T050023
[2025-12-17T05:00:23.986+0000] {local_task_job_runner.py:234} INFO - Task exited with return code 0
[2025-12-17T05:00:24.053+0000] {taskinstance.py:3280} INFO - 1 downstream tasks scheduled from follow-on schedule check
