[2025-12-16T17:07:28.332+0000] {taskinstance.py:1956} INFO - Dependencies all met for dep_context=non-requeueable deps ti=<TaskInstance: etl_airflow.transform scheduled__2025-02-28T00:00:00+00:00 [queued]>
[2025-12-16T17:07:28.350+0000] {taskinstance.py:1956} INFO - Dependencies all met for dep_context=requeueable deps ti=<TaskInstance: etl_airflow.transform scheduled__2025-02-28T00:00:00+00:00 [queued]>
[2025-12-16T17:07:28.351+0000] {taskinstance.py:2170} INFO - Starting attempt 1 of 3
[2025-12-16T17:07:28.370+0000] {taskinstance.py:2191} INFO - Executing <Task(PythonOperator): transform> on 2025-02-28 00:00:00+00:00
[2025-12-16T17:07:28.378+0000] {standard_task_runner.py:60} INFO - Started process 1559 to run task
[2025-12-16T17:07:28.382+0000] {standard_task_runner.py:87} INFO - Running: ['***', 'tasks', 'run', 'etl_***', 'transform', 'scheduled__2025-02-28T00:00:00+00:00', '--job-id', '3391', '--raw', '--subdir', 'DAGS_FOLDER/etl_dag.py', '--cfg-path', '/tmp/tmp649uec6h']
[2025-12-16T17:07:28.386+0000] {standard_task_runner.py:88} INFO - Job 3391: Subtask transform
[2025-12-16T17:07:28.499+0000] {task_command.py:423} INFO - Running <TaskInstance: etl_airflow.transform scheduled__2025-02-28T00:00:00+00:00 [running]> on host db658e834d9d
[2025-12-16T17:07:28.638+0000] {taskinstance.py:2480} INFO - Exporting env vars: AIRFLOW_CTX_DAG_OWNER='***' AIRFLOW_CTX_DAG_ID='etl_***' AIRFLOW_CTX_TASK_ID='transform' AIRFLOW_CTX_EXECUTION_DATE='2025-02-28T00:00:00+00:00' AIRFLOW_CTX_TRY_NUMBER='1' AIRFLOW_CTX_DAG_RUN_ID='scheduled__2025-02-28T00:00:00+00:00'
[2025-12-16T17:07:28.643+0000] {logging_mixin.py:188} INFO - [TRANSFORM]
[2025-12-16T17:07:28.665+0000] {taskinstance.py:2698} ERROR - Task failed with exception
Traceback (most recent call last):
  File "/home/airflow/.local/lib/python3.8/site-packages/airflow/models/taskinstance.py", line 433, in _execute_task
    result = execute_callable(context=context, **execute_callable_kwargs)
  File "/home/airflow/.local/lib/python3.8/site-packages/airflow/operators/python.py", line 199, in execute
    return_value = self.execute_callable()
  File "/home/airflow/.local/lib/python3.8/site-packages/airflow/operators/python.py", line 216, in execute_callable
    return self.python_callable(*self.op_args, **self.op_kwargs)
  File "/opt/airflow/etl_logic/pipeline.py", line 113, in transform_data
    df.to_csv(OUTPUT_PATH, index=False)
  File "/home/airflow/.local/lib/python3.8/site-packages/pandas/core/generic.py", line 3772, in to_csv
    return DataFrameRenderer(formatter).to_csv(
  File "/home/airflow/.local/lib/python3.8/site-packages/pandas/io/formats/format.py", line 1186, in to_csv
    csv_formatter.save()
  File "/home/airflow/.local/lib/python3.8/site-packages/pandas/io/formats/csvs.py", line 240, in save
    with get_handle(
  File "/home/airflow/.local/lib/python3.8/site-packages/pandas/io/common.py", line 737, in get_handle
    check_parent_directory(str(handle))
  File "/home/airflow/.local/lib/python3.8/site-packages/pandas/io/common.py", line 600, in check_parent_directory
    raise OSError(rf"Cannot save file into a non-existent directory: '{parent}'")
OSError: Cannot save file into a non-existent directory: 'E:\GPP\Task_4\comparative-data-orchestrationirflow\data'
[2025-12-16T17:07:28.692+0000] {taskinstance.py:1138} INFO - Marking task as UP_FOR_RETRY. dag_id=etl_***, task_id=transform, execution_date=20250228T000000, start_date=20251216T170728, end_date=20251216T170728
[2025-12-16T17:07:28.715+0000] {standard_task_runner.py:107} ERROR - Failed to execute job 3391 for task transform (Cannot save file into a non-existent directory: 'E:\GPP\Task_4\comparative-data-orchestrationirflow\data'; 1559)
[2025-12-16T17:07:28.753+0000] {local_task_job_runner.py:234} INFO - Task exited with return code 1
[2025-12-16T17:07:28.822+0000] {taskinstance.py:3280} INFO - 0 downstream tasks scheduled from follow-on schedule check
[2025-12-17T01:57:35.007+0000] {taskinstance.py:1956} INFO - Dependencies all met for dep_context=non-requeueable deps ti=<TaskInstance: etl_airflow.transform scheduled__2025-02-28T00:00:00+00:00 [queued]>
[2025-12-17T01:57:35.037+0000] {taskinstance.py:1956} INFO - Dependencies all met for dep_context=requeueable deps ti=<TaskInstance: etl_airflow.transform scheduled__2025-02-28T00:00:00+00:00 [queued]>
[2025-12-17T01:57:35.041+0000] {taskinstance.py:2170} INFO - Starting attempt 1 of 3
[2025-12-17T01:57:35.074+0000] {taskinstance.py:2191} INFO - Executing <Task(PythonOperator): transform> on 2025-02-28 00:00:00+00:00
[2025-12-17T01:57:35.088+0000] {standard_task_runner.py:60} INFO - Started process 4355 to run task
[2025-12-17T01:57:35.108+0000] {standard_task_runner.py:87} INFO - Running: ['***', 'tasks', 'run', 'etl_***', 'transform', 'scheduled__2025-02-28T00:00:00+00:00', '--job-id', '1302', '--raw', '--subdir', 'DAGS_FOLDER/etl_dag.py', '--cfg-path', '/tmp/tmpx_1ohniy']
[2025-12-17T01:57:35.124+0000] {standard_task_runner.py:88} INFO - Job 1302: Subtask transform
[2025-12-17T01:57:35.396+0000] {task_command.py:423} INFO - Running <TaskInstance: etl_airflow.transform scheduled__2025-02-28T00:00:00+00:00 [running]> on host 571e042550da
[2025-12-17T01:57:36.087+0000] {taskinstance.py:2480} INFO - Exporting env vars: AIRFLOW_CTX_DAG_OWNER='***' AIRFLOW_CTX_DAG_ID='etl_***' AIRFLOW_CTX_TASK_ID='transform' AIRFLOW_CTX_EXECUTION_DATE='2025-02-28T00:00:00+00:00' AIRFLOW_CTX_TRY_NUMBER='1' AIRFLOW_CTX_DAG_RUN_ID='scheduled__2025-02-28T00:00:00+00:00'
[2025-12-17T01:57:36.090+0000] {logging_mixin.py:188} INFO - [TRANSFORM]
[2025-12-17T01:57:36.170+0000] {logging_mixin.py:188} INFO - [TRANSFORM] done
[2025-12-17T01:57:36.171+0000] {python.py:201} INFO - Done. Returned value was: None
[2025-12-17T01:57:36.199+0000] {taskinstance.py:1138} INFO - Marking task as SUCCESS. dag_id=etl_***, task_id=transform, execution_date=20250228T000000, start_date=20251217T015735, end_date=20251217T015736
[2025-12-17T01:57:36.593+0000] {local_task_job_runner.py:234} INFO - Task exited with return code 0
[2025-12-17T01:57:37.064+0000] {taskinstance.py:3280} INFO - 0 downstream tasks scheduled from follow-on schedule check
[2025-12-17T04:57:33.450+0000] {taskinstance.py:1956} INFO - Dependencies all met for dep_context=non-requeueable deps ti=<TaskInstance: etl_airflow.transform scheduled__2025-02-28T00:00:00+00:00 [queued]>
[2025-12-17T04:57:33.467+0000] {taskinstance.py:1956} INFO - Dependencies all met for dep_context=requeueable deps ti=<TaskInstance: etl_airflow.transform scheduled__2025-02-28T00:00:00+00:00 [queued]>
[2025-12-17T04:57:33.468+0000] {taskinstance.py:2170} INFO - Starting attempt 1 of 3
[2025-12-17T04:57:33.499+0000] {taskinstance.py:2191} INFO - Executing <Task(PythonOperator): transform> on 2025-02-28 00:00:00+00:00
[2025-12-17T04:57:33.510+0000] {standard_task_runner.py:60} INFO - Started process 5791 to run task
[2025-12-17T04:57:33.518+0000] {standard_task_runner.py:87} INFO - Running: ['***', 'tasks', 'run', 'etl_***', 'transform', 'scheduled__2025-02-28T00:00:00+00:00', '--job-id', '1689', '--raw', '--subdir', 'DAGS_FOLDER/etl_***.py', '--cfg-path', '/tmp/tmpaqxjbwzw']
[2025-12-17T04:57:33.525+0000] {standard_task_runner.py:88} INFO - Job 1689: Subtask transform
[2025-12-17T04:57:33.630+0000] {task_command.py:423} INFO - Running <TaskInstance: etl_airflow.transform scheduled__2025-02-28T00:00:00+00:00 [running]> on host b3426f05ac70
[2025-12-17T04:57:33.966+0000] {taskinstance.py:2480} INFO - Exporting env vars: AIRFLOW_CTX_DAG_OWNER='***' AIRFLOW_CTX_DAG_ID='etl_***' AIRFLOW_CTX_TASK_ID='transform' AIRFLOW_CTX_EXECUTION_DATE='2025-02-28T00:00:00+00:00' AIRFLOW_CTX_TRY_NUMBER='1' AIRFLOW_CTX_DAG_RUN_ID='scheduled__2025-02-28T00:00:00+00:00'
[2025-12-17T04:57:33.968+0000] {taskinstance.py:2698} ERROR - Task failed with exception
Traceback (most recent call last):
  File "/home/airflow/.local/lib/python3.8/site-packages/airflow/models/taskinstance.py", line 433, in _execute_task
    result = execute_callable(context=context, **execute_callable_kwargs)
  File "/home/airflow/.local/lib/python3.8/site-packages/airflow/operators/python.py", line 199, in execute
    return_value = self.execute_callable()
  File "/home/airflow/.local/lib/python3.8/site-packages/airflow/operators/python.py", line 216, in execute_callable
    return self.python_callable(*self.op_args, **self.op_kwargs)
TypeError: transform_data() missing 1 required positional argument: 'df'
[2025-12-17T04:57:33.984+0000] {taskinstance.py:1138} INFO - Marking task as UP_FOR_RETRY. dag_id=etl_***, task_id=transform, execution_date=20250228T000000, start_date=20251217T045733, end_date=20251217T045733
[2025-12-17T04:57:34.010+0000] {standard_task_runner.py:107} ERROR - Failed to execute job 1689 for task transform (transform_data() missing 1 required positional argument: 'df'; 5791)
[2025-12-17T04:57:34.054+0000] {local_task_job_runner.py:234} INFO - Task exited with return code 1
[2025-12-17T04:57:34.099+0000] {taskinstance.py:3280} INFO - 0 downstream tasks scheduled from follow-on schedule check
