[2025-12-16T17:12:50.011+0000] {taskinstance.py:1956} INFO - Dependencies all met for dep_context=non-requeueable deps ti=<TaskInstance: etl_airflow.load scheduled__2024-07-07T00:00:00+00:00 [queued]>
[2025-12-16T17:12:50.071+0000] {taskinstance.py:1956} INFO - Dependencies all met for dep_context=requeueable deps ti=<TaskInstance: etl_airflow.load scheduled__2024-07-07T00:00:00+00:00 [queued]>
[2025-12-16T17:12:50.079+0000] {taskinstance.py:2170} INFO - Starting attempt 1 of 3
[2025-12-16T17:12:50.134+0000] {taskinstance.py:2191} INFO - Executing <Task(PythonOperator): load> on 2024-07-07 00:00:00+00:00
[2025-12-16T17:12:50.162+0000] {standard_task_runner.py:60} INFO - Started process 333 to run task
[2025-12-16T17:12:50.178+0000] {standard_task_runner.py:87} INFO - Running: ['***', 'tasks', 'run', 'etl_***', 'load', 'scheduled__2024-07-07T00:00:00+00:00', '--job-id', '4181', '--raw', '--subdir', 'DAGS_FOLDER/etl_dag.py', '--cfg-path', '/tmp/tmps7f1df0h']
[2025-12-16T17:12:50.201+0000] {standard_task_runner.py:88} INFO - Job 4181: Subtask load
[2025-12-16T17:12:50.590+0000] {task_command.py:423} INFO - Running <TaskInstance: etl_airflow.load scheduled__2024-07-07T00:00:00+00:00 [running]> on host 3b89cfee50e9
[2025-12-16T17:12:51.093+0000] {taskinstance.py:2480} INFO - Exporting env vars: AIRFLOW_CTX_DAG_OWNER='***' AIRFLOW_CTX_DAG_ID='etl_***' AIRFLOW_CTX_TASK_ID='load' AIRFLOW_CTX_EXECUTION_DATE='2024-07-07T00:00:00+00:00' AIRFLOW_CTX_TRY_NUMBER='1' AIRFLOW_CTX_DAG_RUN_ID='scheduled__2024-07-07T00:00:00+00:00'
[2025-12-16T17:12:51.097+0000] {logging_mixin.py:188} INFO - [LOAD]
[2025-12-16T17:12:51.443+0000] {logging_mixin.py:188} INFO -    user_id event_type            timestamp country
0        1      login  2025-01-01T09:00:00      IN
1        1      click  2025-01-01T09:05:00      IN
2        1     logout  2025-01-01T09:15:00      IN
3        3      login  2025-01-02T08:00:00      FR
4        3      click  2025-01-02T08:05:00      FR
[2025-12-16T17:12:51.444+0000] {logging_mixin.py:188} INFO - [LOAD] done
[2025-12-16T17:12:51.446+0000] {python.py:201} INFO - Done. Returned value was: None
[2025-12-16T17:12:51.468+0000] {taskinstance.py:1138} INFO - Marking task as SUCCESS. dag_id=etl_***, task_id=load, execution_date=20240707T000000, start_date=20251216T171250, end_date=20251216T171251
[2025-12-16T17:12:51.521+0000] {local_task_job_runner.py:234} INFO - Task exited with return code 0
[2025-12-16T17:12:51.648+0000] {taskinstance.py:3280} INFO - 0 downstream tasks scheduled from follow-on schedule check
[2025-12-17T01:53:36.178+0000] {taskinstance.py:1956} INFO - Dependencies all met for dep_context=non-requeueable deps ti=<TaskInstance: etl_airflow.load scheduled__2024-07-07T00:00:00+00:00 [queued]>
[2025-12-17T01:53:36.207+0000] {taskinstance.py:1956} INFO - Dependencies all met for dep_context=requeueable deps ti=<TaskInstance: etl_airflow.load scheduled__2024-07-07T00:00:00+00:00 [queued]>
[2025-12-17T01:53:36.209+0000] {taskinstance.py:2170} INFO - Starting attempt 1 of 3
[2025-12-17T01:53:36.492+0000] {taskinstance.py:2191} INFO - Executing <Task(PythonOperator): load> on 2024-07-07 00:00:00+00:00
[2025-12-17T01:53:36.514+0000] {standard_task_runner.py:60} INFO - Started process 2140 to run task
[2025-12-17T01:53:36.534+0000] {standard_task_runner.py:87} INFO - Running: ['***', 'tasks', 'run', 'etl_***', 'load', 'scheduled__2024-07-07T00:00:00+00:00', '--job-id', '605', '--raw', '--subdir', 'DAGS_FOLDER/etl_dag.py', '--cfg-path', '/tmp/tmphs6sf5tb']
[2025-12-17T01:53:36.548+0000] {standard_task_runner.py:88} INFO - Job 605: Subtask load
[2025-12-17T01:53:36.747+0000] {task_command.py:423} INFO - Running <TaskInstance: etl_airflow.load scheduled__2024-07-07T00:00:00+00:00 [running]> on host 571e042550da
[2025-12-17T01:53:37.367+0000] {taskinstance.py:2480} INFO - Exporting env vars: AIRFLOW_CTX_DAG_OWNER='***' AIRFLOW_CTX_DAG_ID='etl_***' AIRFLOW_CTX_TASK_ID='load' AIRFLOW_CTX_EXECUTION_DATE='2024-07-07T00:00:00+00:00' AIRFLOW_CTX_TRY_NUMBER='1' AIRFLOW_CTX_DAG_RUN_ID='scheduled__2024-07-07T00:00:00+00:00'
[2025-12-17T01:53:37.372+0000] {logging_mixin.py:188} INFO - [LOAD]
[2025-12-17T01:53:37.438+0000] {logging_mixin.py:188} INFO -    user_id event_type            timestamp country
0        1      login  2025-01-01T09:00:00      IN
1        1      click  2025-01-01T09:05:00      IN
2        1     logout  2025-01-01T09:15:00      IN
3        3      login  2025-01-02T08:00:00      FR
4        3      click  2025-01-02T08:05:00      FR
[2025-12-17T01:53:37.443+0000] {logging_mixin.py:188} INFO - [LOAD] done
[2025-12-17T01:53:37.446+0000] {python.py:201} INFO - Done. Returned value was: None
[2025-12-17T01:53:37.479+0000] {taskinstance.py:1138} INFO - Marking task as SUCCESS. dag_id=etl_***, task_id=load, execution_date=20240707T000000, start_date=20251217T015336, end_date=20251217T015337
[2025-12-17T01:53:37.827+0000] {local_task_job_runner.py:234} INFO - Task exited with return code 0
[2025-12-17T01:53:37.894+0000] {taskinstance.py:3280} INFO - 0 downstream tasks scheduled from follow-on schedule check
