[2025-12-17T05:06:23.098+0000] {taskinstance.py:1956} INFO - Dependencies all met for dep_context=non-requeueable deps ti=<TaskInstance: etl_airflow.transform scheduled__2025-10-24T00:00:00+00:00 [queued]>
[2025-12-17T05:06:23.121+0000] {taskinstance.py:1956} INFO - Dependencies all met for dep_context=requeueable deps ti=<TaskInstance: etl_airflow.transform scheduled__2025-10-24T00:00:00+00:00 [queued]>
[2025-12-17T05:06:23.130+0000] {taskinstance.py:2170} INFO - Starting attempt 2 of 3
[2025-12-17T05:06:23.219+0000] {taskinstance.py:2191} INFO - Executing <Task(PythonOperator): transform> on 2025-10-24 00:00:00+00:00
[2025-12-17T05:06:23.234+0000] {standard_task_runner.py:60} INFO - Started process 9017 to run task
[2025-12-17T05:06:23.246+0000] {standard_task_runner.py:87} INFO - Running: ['***', 'tasks', 'run', 'etl_***', 'transform', 'scheduled__2025-10-24T00:00:00+00:00', '--job-id', '2663', '--raw', '--subdir', 'DAGS_FOLDER/etl_***.py', '--cfg-path', '/tmp/tmp2omfuc87']
[2025-12-17T05:06:23.256+0000] {standard_task_runner.py:88} INFO - Job 2663: Subtask transform
[2025-12-17T05:06:23.442+0000] {task_command.py:423} INFO - Running <TaskInstance: etl_airflow.transform scheduled__2025-10-24T00:00:00+00:00 [running]> on host b3426f05ac70
[2025-12-17T05:06:23.947+0000] {taskinstance.py:2480} INFO - Exporting env vars: AIRFLOW_CTX_DAG_OWNER='***' AIRFLOW_CTX_DAG_ID='etl_***' AIRFLOW_CTX_TASK_ID='transform' AIRFLOW_CTX_EXECUTION_DATE='2025-10-24T00:00:00+00:00' AIRFLOW_CTX_TRY_NUMBER='2' AIRFLOW_CTX_DAG_RUN_ID='scheduled__2025-10-24T00:00:00+00:00'
[2025-12-17T05:06:23.952+0000] {taskinstance.py:2698} ERROR - Task failed with exception
Traceback (most recent call last):
  File "/home/airflow/.local/lib/python3.8/site-packages/airflow/models/taskinstance.py", line 433, in _execute_task
    result = execute_callable(context=context, **execute_callable_kwargs)
  File "/home/airflow/.local/lib/python3.8/site-packages/airflow/operators/python.py", line 199, in execute
    return_value = self.execute_callable()
  File "/home/airflow/.local/lib/python3.8/site-packages/airflow/operators/python.py", line 216, in execute_callable
    return self.python_callable(*self.op_args, **self.op_kwargs)
TypeError: transform_data() missing 1 required positional argument: 'df'
[2025-12-17T05:06:23.972+0000] {taskinstance.py:1138} INFO - Marking task as UP_FOR_RETRY. dag_id=etl_***, task_id=transform, execution_date=20251024T000000, start_date=20251217T050623, end_date=20251217T050623
[2025-12-17T05:06:24.229+0000] {standard_task_runner.py:107} ERROR - Failed to execute job 2663 for task transform (transform_data() missing 1 required positional argument: 'df'; 9017)
[2025-12-17T05:06:24.268+0000] {local_task_job_runner.py:234} INFO - Task exited with return code 1
[2025-12-17T05:06:24.321+0000] {taskinstance.py:3280} INFO - 0 downstream tasks scheduled from follow-on schedule check
