[2025-12-16T17:18:37.460+0000] {taskinstance.py:1956} INFO - Dependencies all met for dep_context=non-requeueable deps ti=<TaskInstance: etl_airflow.transform scheduled__2024-02-05T00:00:00+00:00 [queued]>
[2025-12-16T17:18:37.480+0000] {taskinstance.py:1956} INFO - Dependencies all met for dep_context=requeueable deps ti=<TaskInstance: etl_airflow.transform scheduled__2024-02-05T00:00:00+00:00 [queued]>
[2025-12-16T17:18:37.491+0000] {taskinstance.py:2170} INFO - Starting attempt 2 of 4
[2025-12-16T17:18:37.527+0000] {taskinstance.py:2191} INFO - Executing <Task(PythonOperator): transform> on 2024-02-05 00:00:00+00:00
[2025-12-16T17:18:37.543+0000] {standard_task_runner.py:60} INFO - Started process 3706 to run task
[2025-12-16T17:18:37.554+0000] {standard_task_runner.py:87} INFO - Running: ['***', 'tasks', 'run', 'etl_***', 'transform', 'scheduled__2024-02-05T00:00:00+00:00', '--job-id', '5242', '--raw', '--subdir', 'DAGS_FOLDER/etl_dag.py', '--cfg-path', '/tmp/tmppebb2svl']
[2025-12-16T17:18:37.561+0000] {standard_task_runner.py:88} INFO - Job 5242: Subtask transform
[2025-12-16T17:18:37.822+0000] {task_command.py:423} INFO - Running <TaskInstance: etl_airflow.transform scheduled__2024-02-05T00:00:00+00:00 [running]> on host 3b89cfee50e9
[2025-12-16T17:18:38.189+0000] {taskinstance.py:2480} INFO - Exporting env vars: AIRFLOW_CTX_DAG_OWNER='***' AIRFLOW_CTX_DAG_ID='etl_***' AIRFLOW_CTX_TASK_ID='transform' AIRFLOW_CTX_EXECUTION_DATE='2024-02-05T00:00:00+00:00' AIRFLOW_CTX_TRY_NUMBER='2' AIRFLOW_CTX_DAG_RUN_ID='scheduled__2024-02-05T00:00:00+00:00'
[2025-12-16T17:18:38.196+0000] {logging_mixin.py:188} INFO - [TRANSFORM]
[2025-12-16T17:18:38.699+0000] {logging_mixin.py:188} INFO - [TRANSFORM] done
[2025-12-16T17:18:38.701+0000] {python.py:201} INFO - Done. Returned value was: None
[2025-12-16T17:18:38.733+0000] {taskinstance.py:1138} INFO - Marking task as SUCCESS. dag_id=etl_***, task_id=transform, execution_date=20240205T000000, start_date=20251216T171837, end_date=20251216T171838
[2025-12-16T17:18:38.855+0000] {local_task_job_runner.py:234} INFO - Task exited with return code 0
[2025-12-16T17:18:38.925+0000] {taskinstance.py:3280} INFO - 1 downstream tasks scheduled from follow-on schedule check
[2025-12-17T04:43:46.473+0000] {taskinstance.py:1956} INFO - Dependencies all met for dep_context=non-requeueable deps ti=<TaskInstance: etl_airflow.transform scheduled__2024-02-05T00:00:00+00:00 [queued]>
[2025-12-17T04:43:46.488+0000] {taskinstance.py:1956} INFO - Dependencies all met for dep_context=requeueable deps ti=<TaskInstance: etl_airflow.transform scheduled__2024-02-05T00:00:00+00:00 [queued]>
[2025-12-17T04:43:46.489+0000] {taskinstance.py:2170} INFO - Starting attempt 2 of 3
[2025-12-17T04:43:46.572+0000] {taskinstance.py:2191} INFO - Executing <Task(PythonOperator): transform> on 2024-02-05 00:00:00+00:00
[2025-12-17T04:43:46.580+0000] {standard_task_runner.py:60} INFO - Started process 771 to run task
[2025-12-17T04:43:46.587+0000] {standard_task_runner.py:87} INFO - Running: ['***', 'tasks', 'run', 'etl_***', 'transform', 'scheduled__2024-02-05T00:00:00+00:00', '--job-id', '166', '--raw', '--subdir', 'DAGS_FOLDER/etl_***.py', '--cfg-path', '/tmp/tmp0u09uznv']
[2025-12-17T04:43:46.591+0000] {standard_task_runner.py:88} INFO - Job 166: Subtask transform
[2025-12-17T04:43:46.721+0000] {task_command.py:423} INFO - Running <TaskInstance: etl_airflow.transform scheduled__2024-02-05T00:00:00+00:00 [running]> on host b3426f05ac70
[2025-12-17T04:43:47.039+0000] {taskinstance.py:2480} INFO - Exporting env vars: AIRFLOW_CTX_DAG_OWNER='***' AIRFLOW_CTX_DAG_ID='etl_***' AIRFLOW_CTX_TASK_ID='transform' AIRFLOW_CTX_EXECUTION_DATE='2024-02-05T00:00:00+00:00' AIRFLOW_CTX_TRY_NUMBER='2' AIRFLOW_CTX_DAG_RUN_ID='scheduled__2024-02-05T00:00:00+00:00'
[2025-12-17T04:43:47.041+0000] {taskinstance.py:2698} ERROR - Task failed with exception
Traceback (most recent call last):
  File "/home/airflow/.local/lib/python3.8/site-packages/airflow/models/taskinstance.py", line 433, in _execute_task
    result = execute_callable(context=context, **execute_callable_kwargs)
  File "/home/airflow/.local/lib/python3.8/site-packages/airflow/operators/python.py", line 199, in execute
    return_value = self.execute_callable()
  File "/home/airflow/.local/lib/python3.8/site-packages/airflow/operators/python.py", line 216, in execute_callable
    return self.python_callable(*self.op_args, **self.op_kwargs)
TypeError: transform_data() missing 1 required positional argument: 'df'
[2025-12-17T04:43:47.055+0000] {taskinstance.py:1138} INFO - Marking task as UP_FOR_RETRY. dag_id=etl_***, task_id=transform, execution_date=20240205T000000, start_date=20251217T044346, end_date=20251217T044347
[2025-12-17T04:43:47.075+0000] {standard_task_runner.py:107} ERROR - Failed to execute job 166 for task transform (transform_data() missing 1 required positional argument: 'df'; 771)
[2025-12-17T04:43:47.122+0000] {local_task_job_runner.py:234} INFO - Task exited with return code 1
[2025-12-17T04:43:47.152+0000] {taskinstance.py:3280} INFO - 0 downstream tasks scheduled from follow-on schedule check
[2025-12-17T07:36:56.970+0000] {taskinstance.py:1956} INFO - Dependencies all met for dep_context=non-requeueable deps ti=<TaskInstance: etl_airflow.transform scheduled__2024-02-05T00:00:00+00:00 [queued]>
[2025-12-17T07:36:56.985+0000] {taskinstance.py:1956} INFO - Dependencies all met for dep_context=requeueable deps ti=<TaskInstance: etl_airflow.transform scheduled__2024-02-05T00:00:00+00:00 [queued]>
[2025-12-17T07:36:56.986+0000] {taskinstance.py:2170} INFO - Starting attempt 2 of 3
[2025-12-17T07:36:57.008+0000] {taskinstance.py:2191} INFO - Executing <Task(PythonOperator): transform> on 2024-02-05 00:00:00+00:00
[2025-12-17T07:36:57.016+0000] {standard_task_runner.py:60} INFO - Started process 834 to run task
[2025-12-17T07:36:57.022+0000] {standard_task_runner.py:87} INFO - Running: ['***', 'tasks', 'run', 'etl_***', 'transform', 'scheduled__2024-02-05T00:00:00+00:00', '--job-id', '167', '--raw', '--subdir', 'DAGS_FOLDER/etl_***.py', '--cfg-path', '/tmp/tmp88rnq7eh']
[2025-12-17T07:36:57.026+0000] {standard_task_runner.py:88} INFO - Job 167: Subtask transform
[2025-12-17T07:36:57.225+0000] {task_command.py:423} INFO - Running <TaskInstance: etl_airflow.transform scheduled__2024-02-05T00:00:00+00:00 [running]> on host 2a0de06c8905
[2025-12-17T07:36:57.645+0000] {taskinstance.py:2480} INFO - Exporting env vars: AIRFLOW_CTX_DAG_OWNER='***' AIRFLOW_CTX_DAG_ID='etl_***' AIRFLOW_CTX_TASK_ID='transform' AIRFLOW_CTX_EXECUTION_DATE='2024-02-05T00:00:00+00:00' AIRFLOW_CTX_TRY_NUMBER='2' AIRFLOW_CTX_DAG_RUN_ID='scheduled__2024-02-05T00:00:00+00:00'
[2025-12-17T07:36:57.647+0000] {taskinstance.py:2698} ERROR - Task failed with exception
Traceback (most recent call last):
  File "/home/airflow/.local/lib/python3.8/site-packages/airflow/models/taskinstance.py", line 433, in _execute_task
    result = execute_callable(context=context, **execute_callable_kwargs)
  File "/home/airflow/.local/lib/python3.8/site-packages/airflow/operators/python.py", line 199, in execute
    return_value = self.execute_callable()
  File "/home/airflow/.local/lib/python3.8/site-packages/airflow/operators/python.py", line 216, in execute_callable
    return self.python_callable(*self.op_args, **self.op_kwargs)
TypeError: transform_data() missing 1 required positional argument: 'df'
[2025-12-17T07:36:57.665+0000] {taskinstance.py:1138} INFO - Marking task as UP_FOR_RETRY. dag_id=etl_***, task_id=transform, execution_date=20240205T000000, start_date=20251217T073656, end_date=20251217T073657
[2025-12-17T07:36:57.687+0000] {standard_task_runner.py:107} ERROR - Failed to execute job 167 for task transform (transform_data() missing 1 required positional argument: 'df'; 834)
[2025-12-17T07:36:57.719+0000] {local_task_job_runner.py:234} INFO - Task exited with return code 1
[2025-12-17T07:36:57.759+0000] {taskinstance.py:3280} INFO - 0 downstream tasks scheduled from follow-on schedule check
