[2025-12-16T17:10:22.220+0000] {taskinstance.py:1956} INFO - Dependencies all met for dep_context=non-requeueable deps ti=<TaskInstance: etl_airflow.transform scheduled__2024-02-05T00:00:00+00:00 [queued]>
[2025-12-16T17:10:22.249+0000] {taskinstance.py:1956} INFO - Dependencies all met for dep_context=requeueable deps ti=<TaskInstance: etl_airflow.transform scheduled__2024-02-05T00:00:00+00:00 [queued]>
[2025-12-16T17:10:22.251+0000] {taskinstance.py:2170} INFO - Starting attempt 1 of 3
[2025-12-16T17:10:22.294+0000] {taskinstance.py:2191} INFO - Executing <Task(PythonOperator): transform> on 2024-02-05 00:00:00+00:00
[2025-12-16T17:10:22.317+0000] {standard_task_runner.py:60} INFO - Started process 743 to run task
[2025-12-16T17:10:22.330+0000] {standard_task_runner.py:87} INFO - Running: ['***', 'tasks', 'run', 'etl_***', 'transform', 'scheduled__2024-02-05T00:00:00+00:00', '--job-id', '3730', '--raw', '--subdir', 'DAGS_FOLDER/etl_dag.py', '--cfg-path', '/tmp/tmpvjc65h8b']
[2025-12-16T17:10:22.334+0000] {standard_task_runner.py:88} INFO - Job 3730: Subtask transform
[2025-12-16T17:10:22.527+0000] {task_command.py:423} INFO - Running <TaskInstance: etl_airflow.transform scheduled__2024-02-05T00:00:00+00:00 [running]> on host 3b89cfee50e9
[2025-12-16T17:10:22.761+0000] {taskinstance.py:2480} INFO - Exporting env vars: AIRFLOW_CTX_DAG_OWNER='***' AIRFLOW_CTX_DAG_ID='etl_***' AIRFLOW_CTX_TASK_ID='transform' AIRFLOW_CTX_EXECUTION_DATE='2024-02-05T00:00:00+00:00' AIRFLOW_CTX_TRY_NUMBER='1' AIRFLOW_CTX_DAG_RUN_ID='scheduled__2024-02-05T00:00:00+00:00'
[2025-12-16T17:10:22.767+0000] {logging_mixin.py:188} INFO - [TRANSFORM]
[2025-12-16T17:10:23.181+0000] {logging_mixin.py:188} INFO - [TRANSFORM] done
[2025-12-16T17:10:23.184+0000] {python.py:201} INFO - Done. Returned value was: None
[2025-12-16T17:10:23.215+0000] {taskinstance.py:1138} INFO - Marking task as SUCCESS. dag_id=etl_***, task_id=transform, execution_date=20240205T000000, start_date=20251216T171022, end_date=20251216T171023
[2025-12-16T17:10:23.311+0000] {local_task_job_runner.py:234} INFO - Task exited with return code 0
[2025-12-16T17:10:23.378+0000] {taskinstance.py:3280} INFO - 1 downstream tasks scheduled from follow-on schedule check
[2025-12-17T01:50:35.986+0000] {taskinstance.py:1956} INFO - Dependencies all met for dep_context=non-requeueable deps ti=<TaskInstance: etl_airflow.transform scheduled__2024-02-05T00:00:00+00:00 [queued]>
[2025-12-17T01:50:36.020+0000] {taskinstance.py:1956} INFO - Dependencies all met for dep_context=requeueable deps ti=<TaskInstance: etl_airflow.transform scheduled__2024-02-05T00:00:00+00:00 [queued]>
[2025-12-17T01:50:36.022+0000] {taskinstance.py:2170} INFO - Starting attempt 1 of 3
[2025-12-17T01:50:36.046+0000] {taskinstance.py:2191} INFO - Executing <Task(PythonOperator): transform> on 2024-02-05 00:00:00+00:00
[2025-12-17T01:50:36.056+0000] {standard_task_runner.py:60} INFO - Started process 539 to run task
[2025-12-17T01:50:36.063+0000] {standard_task_runner.py:87} INFO - Running: ['***', 'tasks', 'run', 'etl_***', 'transform', 'scheduled__2024-02-05T00:00:00+00:00', '--job-id', '105', '--raw', '--subdir', 'DAGS_FOLDER/etl_dag.py', '--cfg-path', '/tmp/tmpeixrfeol']
[2025-12-17T01:50:36.066+0000] {standard_task_runner.py:88} INFO - Job 105: Subtask transform
[2025-12-17T01:50:36.204+0000] {task_command.py:423} INFO - Running <TaskInstance: etl_airflow.transform scheduled__2024-02-05T00:00:00+00:00 [running]> on host 571e042550da
[2025-12-17T01:50:36.690+0000] {taskinstance.py:2480} INFO - Exporting env vars: AIRFLOW_CTX_DAG_OWNER='***' AIRFLOW_CTX_DAG_ID='etl_***' AIRFLOW_CTX_TASK_ID='transform' AIRFLOW_CTX_EXECUTION_DATE='2024-02-05T00:00:00+00:00' AIRFLOW_CTX_TRY_NUMBER='1' AIRFLOW_CTX_DAG_RUN_ID='scheduled__2024-02-05T00:00:00+00:00'
[2025-12-17T01:50:36.695+0000] {logging_mixin.py:188} INFO - [TRANSFORM]
[2025-12-17T01:50:36.735+0000] {logging_mixin.py:188} INFO - [TRANSFORM] done
[2025-12-17T01:50:36.737+0000] {python.py:201} INFO - Done. Returned value was: None
[2025-12-17T01:50:36.777+0000] {taskinstance.py:1138} INFO - Marking task as SUCCESS. dag_id=etl_***, task_id=transform, execution_date=20240205T000000, start_date=20251217T015035, end_date=20251217T015036
[2025-12-17T01:50:36.842+0000] {local_task_job_runner.py:234} INFO - Task exited with return code 0
[2025-12-17T01:50:36.924+0000] {taskinstance.py:3280} INFO - 1 downstream tasks scheduled from follow-on schedule check
[2025-12-17T04:43:34.416+0000] {taskinstance.py:1956} INFO - Dependencies all met for dep_context=non-requeueable deps ti=<TaskInstance: etl_airflow.transform scheduled__2024-02-05T00:00:00+00:00 [queued]>
[2025-12-17T04:43:34.439+0000] {taskinstance.py:1956} INFO - Dependencies all met for dep_context=requeueable deps ti=<TaskInstance: etl_airflow.transform scheduled__2024-02-05T00:00:00+00:00 [queued]>
[2025-12-17T04:43:34.443+0000] {taskinstance.py:2170} INFO - Starting attempt 1 of 3
[2025-12-17T04:43:34.496+0000] {taskinstance.py:2191} INFO - Executing <Task(PythonOperator): transform> on 2024-02-05 00:00:00+00:00
[2025-12-17T04:43:34.512+0000] {standard_task_runner.py:60} INFO - Started process 709 to run task
[2025-12-17T04:43:34.515+0000] {standard_task_runner.py:87} INFO - Running: ['***', 'tasks', 'run', 'etl_***', 'transform', 'scheduled__2024-02-05T00:00:00+00:00', '--job-id', '146', '--raw', '--subdir', 'DAGS_FOLDER/etl_***.py', '--cfg-path', '/tmp/tmpb0afejz3']
[2025-12-17T04:43:34.522+0000] {standard_task_runner.py:88} INFO - Job 146: Subtask transform
[2025-12-17T04:43:34.767+0000] {task_command.py:423} INFO - Running <TaskInstance: etl_airflow.transform scheduled__2024-02-05T00:00:00+00:00 [running]> on host b3426f05ac70
[2025-12-17T04:43:35.375+0000] {taskinstance.py:2480} INFO - Exporting env vars: AIRFLOW_CTX_DAG_OWNER='***' AIRFLOW_CTX_DAG_ID='etl_***' AIRFLOW_CTX_TASK_ID='transform' AIRFLOW_CTX_EXECUTION_DATE='2024-02-05T00:00:00+00:00' AIRFLOW_CTX_TRY_NUMBER='1' AIRFLOW_CTX_DAG_RUN_ID='scheduled__2024-02-05T00:00:00+00:00'
[2025-12-17T04:43:35.383+0000] {taskinstance.py:2698} ERROR - Task failed with exception
Traceback (most recent call last):
  File "/home/airflow/.local/lib/python3.8/site-packages/airflow/models/taskinstance.py", line 433, in _execute_task
    result = execute_callable(context=context, **execute_callable_kwargs)
  File "/home/airflow/.local/lib/python3.8/site-packages/airflow/operators/python.py", line 199, in execute
    return_value = self.execute_callable()
  File "/home/airflow/.local/lib/python3.8/site-packages/airflow/operators/python.py", line 216, in execute_callable
    return self.python_callable(*self.op_args, **self.op_kwargs)
TypeError: transform_data() missing 1 required positional argument: 'df'
[2025-12-17T04:43:35.408+0000] {taskinstance.py:1138} INFO - Marking task as UP_FOR_RETRY. dag_id=etl_***, task_id=transform, execution_date=20240205T000000, start_date=20251217T044334, end_date=20251217T044335
[2025-12-17T04:43:35.434+0000] {standard_task_runner.py:107} ERROR - Failed to execute job 146 for task transform (transform_data() missing 1 required positional argument: 'df'; 709)
[2025-12-17T04:43:35.473+0000] {local_task_job_runner.py:234} INFO - Task exited with return code 1
[2025-12-17T04:43:35.513+0000] {taskinstance.py:3280} INFO - 0 downstream tasks scheduled from follow-on schedule check
[2025-12-17T07:36:44.001+0000] {taskinstance.py:1956} INFO - Dependencies all met for dep_context=non-requeueable deps ti=<TaskInstance: etl_airflow.transform scheduled__2024-02-05T00:00:00+00:00 [queued]>
[2025-12-17T07:36:44.028+0000] {taskinstance.py:1956} INFO - Dependencies all met for dep_context=requeueable deps ti=<TaskInstance: etl_airflow.transform scheduled__2024-02-05T00:00:00+00:00 [queued]>
[2025-12-17T07:36:44.034+0000] {taskinstance.py:2170} INFO - Starting attempt 1 of 3
[2025-12-17T07:36:44.068+0000] {taskinstance.py:2191} INFO - Executing <Task(PythonOperator): transform> on 2024-02-05 00:00:00+00:00
[2025-12-17T07:36:44.085+0000] {standard_task_runner.py:60} INFO - Started process 773 to run task
[2025-12-17T07:36:44.101+0000] {standard_task_runner.py:87} INFO - Running: ['***', 'tasks', 'run', 'etl_***', 'transform', 'scheduled__2024-02-05T00:00:00+00:00', '--job-id', '148', '--raw', '--subdir', 'DAGS_FOLDER/etl_***.py', '--cfg-path', '/tmp/tmp6c9xylxj']
[2025-12-17T07:36:44.120+0000] {standard_task_runner.py:88} INFO - Job 148: Subtask transform
[2025-12-17T07:36:44.344+0000] {task_command.py:423} INFO - Running <TaskInstance: etl_airflow.transform scheduled__2024-02-05T00:00:00+00:00 [running]> on host 2a0de06c8905
[2025-12-17T07:36:45.072+0000] {taskinstance.py:2480} INFO - Exporting env vars: AIRFLOW_CTX_DAG_OWNER='***' AIRFLOW_CTX_DAG_ID='etl_***' AIRFLOW_CTX_TASK_ID='transform' AIRFLOW_CTX_EXECUTION_DATE='2024-02-05T00:00:00+00:00' AIRFLOW_CTX_TRY_NUMBER='1' AIRFLOW_CTX_DAG_RUN_ID='scheduled__2024-02-05T00:00:00+00:00'
[2025-12-17T07:36:45.078+0000] {taskinstance.py:2698} ERROR - Task failed with exception
Traceback (most recent call last):
  File "/home/airflow/.local/lib/python3.8/site-packages/airflow/models/taskinstance.py", line 433, in _execute_task
    result = execute_callable(context=context, **execute_callable_kwargs)
  File "/home/airflow/.local/lib/python3.8/site-packages/airflow/operators/python.py", line 199, in execute
    return_value = self.execute_callable()
  File "/home/airflow/.local/lib/python3.8/site-packages/airflow/operators/python.py", line 216, in execute_callable
    return self.python_callable(*self.op_args, **self.op_kwargs)
TypeError: transform_data() missing 1 required positional argument: 'df'
[2025-12-17T07:36:45.097+0000] {taskinstance.py:1138} INFO - Marking task as UP_FOR_RETRY. dag_id=etl_***, task_id=transform, execution_date=20240205T000000, start_date=20251217T073644, end_date=20251217T073645
[2025-12-17T07:36:45.357+0000] {standard_task_runner.py:107} ERROR - Failed to execute job 148 for task transform (transform_data() missing 1 required positional argument: 'df'; 773)
[2025-12-17T07:36:45.508+0000] {local_task_job_runner.py:234} INFO - Task exited with return code 1
[2025-12-17T07:36:45.620+0000] {taskinstance.py:3280} INFO - 0 downstream tasks scheduled from follow-on schedule check
