[2025-12-16T16:47:57.549+0000] {taskinstance.py:1956} INFO - Dependencies all met for dep_context=non-requeueable deps ti=<TaskInstance: etl_airflow.extract scheduled__2025-05-08T00:00:00+00:00 [queued]>
[2025-12-16T16:47:57.563+0000] {taskinstance.py:1956} INFO - Dependencies all met for dep_context=requeueable deps ti=<TaskInstance: etl_airflow.extract scheduled__2025-05-08T00:00:00+00:00 [queued]>
[2025-12-16T16:47:57.564+0000] {taskinstance.py:2170} INFO - Starting attempt 1 of 3
[2025-12-16T16:47:57.755+0000] {taskinstance.py:2191} INFO - Executing <Task(PythonOperator): extract> on 2025-05-08 00:00:00+00:00
[2025-12-16T16:47:57.767+0000] {standard_task_runner.py:60} INFO - Started process 2178 to run task
[2025-12-16T16:47:57.776+0000] {standard_task_runner.py:87} INFO - Running: ['***', 'tasks', 'run', 'etl_***', 'extract', 'scheduled__2025-05-08T00:00:00+00:00', '--job-id', '1475', '--raw', '--subdir', 'DAGS_FOLDER/etl_dag.py', '--cfg-path', '/tmp/tmpoc39gov0']
[2025-12-16T16:47:57.781+0000] {standard_task_runner.py:88} INFO - Job 1475: Subtask extract
[2025-12-16T16:47:57.910+0000] {task_command.py:423} INFO - Running <TaskInstance: etl_airflow.extract scheduled__2025-05-08T00:00:00+00:00 [running]> on host db658e834d9d
[2025-12-16T16:47:58.110+0000] {taskinstance.py:2480} INFO - Exporting env vars: AIRFLOW_CTX_DAG_OWNER='***' AIRFLOW_CTX_DAG_ID='etl_***' AIRFLOW_CTX_TASK_ID='extract' AIRFLOW_CTX_EXECUTION_DATE='2025-05-08T00:00:00+00:00' AIRFLOW_CTX_TRY_NUMBER='1' AIRFLOW_CTX_DAG_RUN_ID='scheduled__2025-05-08T00:00:00+00:00'
[2025-12-16T16:47:58.115+0000] {logging_mixin.py:188} INFO - Extracting data from /opt/***/data/input.csv
[2025-12-16T16:47:58.125+0000] {taskinstance.py:2698} ERROR - Task failed with exception
Traceback (most recent call last):
  File "/home/airflow/.local/lib/python3.8/site-packages/airflow/models/taskinstance.py", line 433, in _execute_task
    result = execute_callable(context=context, **execute_callable_kwargs)
  File "/home/airflow/.local/lib/python3.8/site-packages/airflow/operators/python.py", line 199, in execute
    return_value = self.execute_callable()
  File "/home/airflow/.local/lib/python3.8/site-packages/airflow/operators/python.py", line 216, in execute_callable
    return self.python_callable(*self.op_args, **self.op_kwargs)
  File "/opt/airflow/etl_logic/pipeline.py", line 97, in extract_data
    df = pd.read_csv(input_path)
  File "/home/airflow/.local/lib/python3.8/site-packages/pandas/io/parsers/readers.py", line 912, in read_csv
    return _read(filepath_or_buffer, kwds)
  File "/home/airflow/.local/lib/python3.8/site-packages/pandas/io/parsers/readers.py", line 577, in _read
    parser = TextFileReader(filepath_or_buffer, **kwds)
  File "/home/airflow/.local/lib/python3.8/site-packages/pandas/io/parsers/readers.py", line 1407, in __init__
    self._engine = self._make_engine(f, self.engine)
  File "/home/airflow/.local/lib/python3.8/site-packages/pandas/io/parsers/readers.py", line 1661, in _make_engine
    self.handles = get_handle(
  File "/home/airflow/.local/lib/python3.8/site-packages/pandas/io/common.py", line 859, in get_handle
    handle = open(
FileNotFoundError: [Errno 2] No such file or directory: '/opt/airflow/data/input.csv'
[2025-12-16T16:47:58.166+0000] {taskinstance.py:1138} INFO - Marking task as UP_FOR_RETRY. dag_id=etl_***, task_id=extract, execution_date=20250508T000000, start_date=20251216T164757, end_date=20251216T164758
[2025-12-16T16:47:58.217+0000] {standard_task_runner.py:107} ERROR - Failed to execute job 1475 for task extract ([Errno 2] No such file or directory: '/opt/airflow/data/input.csv'; 2178)
[2025-12-16T16:47:58.272+0000] {local_task_job_runner.py:234} INFO - Task exited with return code 1
[2025-12-16T16:47:58.318+0000] {taskinstance.py:3280} INFO - 0 downstream tasks scheduled from follow-on schedule check
[2025-12-17T01:58:34.347+0000] {taskinstance.py:1956} INFO - Dependencies all met for dep_context=non-requeueable deps ti=<TaskInstance: etl_airflow.extract scheduled__2025-05-08T00:00:00+00:00 [queued]>
[2025-12-17T01:58:34.368+0000] {taskinstance.py:1956} INFO - Dependencies all met for dep_context=requeueable deps ti=<TaskInstance: etl_airflow.extract scheduled__2025-05-08T00:00:00+00:00 [queued]>
[2025-12-17T01:58:34.369+0000] {taskinstance.py:2170} INFO - Starting attempt 1 of 3
[2025-12-17T01:58:34.409+0000] {taskinstance.py:2191} INFO - Executing <Task(PythonOperator): extract> on 2025-05-08 00:00:00+00:00
[2025-12-17T01:58:34.422+0000] {standard_task_runner.py:60} INFO - Started process 4936 to run task
[2025-12-17T01:58:34.429+0000] {standard_task_runner.py:87} INFO - Running: ['***', 'tasks', 'run', 'etl_***', 'extract', 'scheduled__2025-05-08T00:00:00+00:00', '--job-id', '1488', '--raw', '--subdir', 'DAGS_FOLDER/etl_dag.py', '--cfg-path', '/tmp/tmpzo9blz4j']
[2025-12-17T01:58:34.438+0000] {standard_task_runner.py:88} INFO - Job 1488: Subtask extract
[2025-12-17T01:58:34.573+0000] {task_command.py:423} INFO - Running <TaskInstance: etl_airflow.extract scheduled__2025-05-08T00:00:00+00:00 [running]> on host 571e042550da
[2025-12-17T01:58:34.974+0000] {taskinstance.py:2480} INFO - Exporting env vars: AIRFLOW_CTX_DAG_OWNER='***' AIRFLOW_CTX_DAG_ID='etl_***' AIRFLOW_CTX_TASK_ID='extract' AIRFLOW_CTX_EXECUTION_DATE='2025-05-08T00:00:00+00:00' AIRFLOW_CTX_TRY_NUMBER='1' AIRFLOW_CTX_DAG_RUN_ID='scheduled__2025-05-08T00:00:00+00:00'
[2025-12-17T01:58:34.977+0000] {logging_mixin.py:188} INFO - [EXTRACT] Reading /opt/***/data/synthetic_events.csv
[2025-12-17T01:58:35.018+0000] {logging_mixin.py:188} INFO - [EXTRACT] done
[2025-12-17T01:58:35.020+0000] {python.py:201} INFO - Done. Returned value was: None
[2025-12-17T01:58:35.040+0000] {taskinstance.py:1138} INFO - Marking task as SUCCESS. dag_id=etl_***, task_id=extract, execution_date=20250508T000000, start_date=20251217T015834, end_date=20251217T015835
[2025-12-17T01:58:35.248+0000] {local_task_job_runner.py:234} INFO - Task exited with return code 0
[2025-12-17T01:58:35.306+0000] {taskinstance.py:3280} INFO - 1 downstream tasks scheduled from follow-on schedule check
[2025-12-17T04:59:48.117+0000] {taskinstance.py:1956} INFO - Dependencies all met for dep_context=non-requeueable deps ti=<TaskInstance: etl_airflow.extract scheduled__2025-05-08T00:00:00+00:00 [queued]>
[2025-12-17T04:59:48.135+0000] {taskinstance.py:1956} INFO - Dependencies all met for dep_context=requeueable deps ti=<TaskInstance: etl_airflow.extract scheduled__2025-05-08T00:00:00+00:00 [queued]>
[2025-12-17T04:59:48.136+0000] {taskinstance.py:2170} INFO - Starting attempt 1 of 3
[2025-12-17T04:59:48.195+0000] {taskinstance.py:2191} INFO - Executing <Task(PythonOperator): extract> on 2025-05-08 00:00:00+00:00
[2025-12-17T04:59:48.206+0000] {standard_task_runner.py:60} INFO - Started process 6633 to run task
[2025-12-17T04:59:48.214+0000] {standard_task_runner.py:87} INFO - Running: ['***', 'tasks', 'run', 'etl_***', 'extract', 'scheduled__2025-05-08T00:00:00+00:00', '--job-id', '1942', '--raw', '--subdir', 'DAGS_FOLDER/etl_***.py', '--cfg-path', '/tmp/tmpfj0ejfun']
[2025-12-17T04:59:48.223+0000] {standard_task_runner.py:88} INFO - Job 1942: Subtask extract
[2025-12-17T04:59:48.345+0000] {task_command.py:423} INFO - Running <TaskInstance: etl_airflow.extract scheduled__2025-05-08T00:00:00+00:00 [running]> on host b3426f05ac70
[2025-12-17T04:59:48.697+0000] {taskinstance.py:2480} INFO - Exporting env vars: AIRFLOW_CTX_DAG_OWNER='***' AIRFLOW_CTX_DAG_ID='etl_***' AIRFLOW_CTX_TASK_ID='extract' AIRFLOW_CTX_EXECUTION_DATE='2025-05-08T00:00:00+00:00' AIRFLOW_CTX_TRY_NUMBER='1' AIRFLOW_CTX_DAG_RUN_ID='scheduled__2025-05-08T00:00:00+00:00'
[2025-12-17T04:59:48.716+0000] {python.py:201} INFO - Done. Returned value was:    user_id event_type           timestamp country
0        1      login 2025-01-01 09:00:00      IN
1        1      click 2025-01-01 09:05:00      IN
2        1     logout 2025-01-01 09:15:00      IN
3        2      login 2025-01-01 10:00:00      US
4        2      click 2025-01-01 10:10:00      US
5        2     logout 2025-01-01 10:20:00      US
6        3      login 2025-01-02 08:00:00      FR
7        3      click 2025-01-02 08:05:00      FR
8        3     logout 2025-01-02 08:30:00      FR
[2025-12-17T04:59:48.785+0000] {taskinstance.py:1138} INFO - Marking task as SUCCESS. dag_id=etl_***, task_id=extract, execution_date=20250508T000000, start_date=20251217T045948, end_date=20251217T045948
[2025-12-17T04:59:48.844+0000] {local_task_job_runner.py:234} INFO - Task exited with return code 0
[2025-12-17T04:59:49.032+0000] {taskinstance.py:3280} INFO - 0 downstream tasks scheduled from follow-on schedule check
