[2025-12-16T17:11:31.557+0000] {taskinstance.py:1956} INFO - Dependencies all met for dep_context=non-requeueable deps ti=<TaskInstance: etl_airflow.transform scheduled__2024-05-01T00:00:00+00:00 [queued]>
[2025-12-16T17:11:31.582+0000] {taskinstance.py:1956} INFO - Dependencies all met for dep_context=requeueable deps ti=<TaskInstance: etl_airflow.transform scheduled__2024-05-01T00:00:00+00:00 [queued]>
[2025-12-16T17:11:31.584+0000] {taskinstance.py:2170} INFO - Starting attempt 1 of 3
[2025-12-16T17:11:31.624+0000] {taskinstance.py:2191} INFO - Executing <Task(PythonOperator): transform> on 2024-05-01 00:00:00+00:00
[2025-12-16T17:11:31.641+0000] {standard_task_runner.py:60} INFO - Started process 1499 to run task
[2025-12-16T17:11:31.652+0000] {standard_task_runner.py:87} INFO - Running: ['***', 'tasks', 'run', 'etl_***', 'transform', 'scheduled__2024-05-01T00:00:00+00:00', '--job-id', '3978', '--raw', '--subdir', 'DAGS_FOLDER/etl_dag.py', '--cfg-path', '/tmp/tmp2o7p0cl7']
[2025-12-16T17:11:31.660+0000] {standard_task_runner.py:88} INFO - Job 3978: Subtask transform
[2025-12-16T17:11:31.876+0000] {task_command.py:423} INFO - Running <TaskInstance: etl_airflow.transform scheduled__2024-05-01T00:00:00+00:00 [running]> on host 3b89cfee50e9
[2025-12-16T17:11:32.113+0000] {taskinstance.py:2480} INFO - Exporting env vars: AIRFLOW_CTX_DAG_OWNER='***' AIRFLOW_CTX_DAG_ID='etl_***' AIRFLOW_CTX_TASK_ID='transform' AIRFLOW_CTX_EXECUTION_DATE='2024-05-01T00:00:00+00:00' AIRFLOW_CTX_TRY_NUMBER='1' AIRFLOW_CTX_DAG_RUN_ID='scheduled__2024-05-01T00:00:00+00:00'
[2025-12-16T17:11:32.118+0000] {logging_mixin.py:188} INFO - [TRANSFORM]
[2025-12-16T17:11:32.553+0000] {logging_mixin.py:188} INFO - [TRANSFORM] done
[2025-12-16T17:11:32.555+0000] {python.py:201} INFO - Done. Returned value was: None
[2025-12-16T17:11:32.592+0000] {taskinstance.py:1138} INFO - Marking task as SUCCESS. dag_id=etl_***, task_id=transform, execution_date=20240501T000000, start_date=20251216T171131, end_date=20251216T171132
[2025-12-16T17:11:32.896+0000] {local_task_job_runner.py:234} INFO - Task exited with return code 0
[2025-12-16T17:11:32.995+0000] {taskinstance.py:3280} INFO - 1 downstream tasks scheduled from follow-on schedule check
[2025-12-17T01:52:18.909+0000] {taskinstance.py:1956} INFO - Dependencies all met for dep_context=non-requeueable deps ti=<TaskInstance: etl_airflow.transform scheduled__2024-05-01T00:00:00+00:00 [queued]>
[2025-12-17T01:52:18.939+0000] {taskinstance.py:1956} INFO - Dependencies all met for dep_context=requeueable deps ti=<TaskInstance: etl_airflow.transform scheduled__2024-05-01T00:00:00+00:00 [queued]>
[2025-12-17T01:52:18.944+0000] {taskinstance.py:2170} INFO - Starting attempt 1 of 3
[2025-12-17T01:52:19.091+0000] {taskinstance.py:2191} INFO - Executing <Task(PythonOperator): transform> on 2024-05-01 00:00:00+00:00
[2025-12-17T01:52:19.110+0000] {standard_task_runner.py:60} INFO - Started process 1408 to run task
[2025-12-17T01:52:19.136+0000] {standard_task_runner.py:87} INFO - Running: ['***', 'tasks', 'run', 'etl_***', 'transform', 'scheduled__2024-05-01T00:00:00+00:00', '--job-id', '378', '--raw', '--subdir', 'DAGS_FOLDER/etl_dag.py', '--cfg-path', '/tmp/tmpnrpi0ssl']
[2025-12-17T01:52:19.153+0000] {standard_task_runner.py:88} INFO - Job 378: Subtask transform
[2025-12-17T01:52:19.388+0000] {task_command.py:423} INFO - Running <TaskInstance: etl_airflow.transform scheduled__2024-05-01T00:00:00+00:00 [running]> on host 571e042550da
[2025-12-17T01:52:19.914+0000] {taskinstance.py:2480} INFO - Exporting env vars: AIRFLOW_CTX_DAG_OWNER='***' AIRFLOW_CTX_DAG_ID='etl_***' AIRFLOW_CTX_TASK_ID='transform' AIRFLOW_CTX_EXECUTION_DATE='2024-05-01T00:00:00+00:00' AIRFLOW_CTX_TRY_NUMBER='1' AIRFLOW_CTX_DAG_RUN_ID='scheduled__2024-05-01T00:00:00+00:00'
[2025-12-17T01:52:19.916+0000] {logging_mixin.py:188} INFO - [TRANSFORM]
[2025-12-17T01:52:19.988+0000] {logging_mixin.py:188} INFO - [TRANSFORM] done
[2025-12-17T01:52:19.989+0000] {python.py:201} INFO - Done. Returned value was: None
[2025-12-17T01:52:20.023+0000] {taskinstance.py:1138} INFO - Marking task as SUCCESS. dag_id=etl_***, task_id=transform, execution_date=20240501T000000, start_date=20251217T015218, end_date=20251217T015220
[2025-12-17T01:52:20.489+0000] {local_task_job_runner.py:234} INFO - Task exited with return code 0
[2025-12-17T01:52:20.818+0000] {taskinstance.py:3280} INFO - 0 downstream tasks scheduled from follow-on schedule check
[2025-12-17T04:46:32.071+0000] {taskinstance.py:1956} INFO - Dependencies all met for dep_context=non-requeueable deps ti=<TaskInstance: etl_airflow.transform scheduled__2024-05-01T00:00:00+00:00 [queued]>
[2025-12-17T04:46:32.084+0000] {taskinstance.py:1956} INFO - Dependencies all met for dep_context=requeueable deps ti=<TaskInstance: etl_airflow.transform scheduled__2024-05-01T00:00:00+00:00 [queued]>
[2025-12-17T04:46:32.085+0000] {taskinstance.py:2170} INFO - Starting attempt 1 of 3
[2025-12-17T04:46:32.105+0000] {taskinstance.py:2191} INFO - Executing <Task(PythonOperator): transform> on 2024-05-01 00:00:00+00:00
[2025-12-17T04:46:32.113+0000] {standard_task_runner.py:60} INFO - Started process 1785 to run task
[2025-12-17T04:46:32.117+0000] {standard_task_runner.py:87} INFO - Running: ['***', 'tasks', 'run', 'etl_***', 'transform', 'scheduled__2024-05-01T00:00:00+00:00', '--job-id', '475', '--raw', '--subdir', 'DAGS_FOLDER/etl_***.py', '--cfg-path', '/tmp/tmp1vn8jsrl']
[2025-12-17T04:46:32.121+0000] {standard_task_runner.py:88} INFO - Job 475: Subtask transform
[2025-12-17T04:46:32.222+0000] {task_command.py:423} INFO - Running <TaskInstance: etl_airflow.transform scheduled__2024-05-01T00:00:00+00:00 [running]> on host b3426f05ac70
[2025-12-17T04:46:32.610+0000] {taskinstance.py:2480} INFO - Exporting env vars: AIRFLOW_CTX_DAG_OWNER='***' AIRFLOW_CTX_DAG_ID='etl_***' AIRFLOW_CTX_TASK_ID='transform' AIRFLOW_CTX_EXECUTION_DATE='2024-05-01T00:00:00+00:00' AIRFLOW_CTX_TRY_NUMBER='1' AIRFLOW_CTX_DAG_RUN_ID='scheduled__2024-05-01T00:00:00+00:00'
[2025-12-17T04:46:32.614+0000] {taskinstance.py:2698} ERROR - Task failed with exception
Traceback (most recent call last):
  File "/home/airflow/.local/lib/python3.8/site-packages/airflow/models/taskinstance.py", line 433, in _execute_task
    result = execute_callable(context=context, **execute_callable_kwargs)
  File "/home/airflow/.local/lib/python3.8/site-packages/airflow/operators/python.py", line 199, in execute
    return_value = self.execute_callable()
  File "/home/airflow/.local/lib/python3.8/site-packages/airflow/operators/python.py", line 216, in execute_callable
    return self.python_callable(*self.op_args, **self.op_kwargs)
TypeError: transform_data() missing 1 required positional argument: 'df'
[2025-12-17T04:46:32.639+0000] {taskinstance.py:1138} INFO - Marking task as UP_FOR_RETRY. dag_id=etl_***, task_id=transform, execution_date=20240501T000000, start_date=20251217T044632, end_date=20251217T044632
[2025-12-17T04:46:32.667+0000] {standard_task_runner.py:107} ERROR - Failed to execute job 475 for task transform (transform_data() missing 1 required positional argument: 'df'; 1785)
[2025-12-17T04:46:32.735+0000] {local_task_job_runner.py:234} INFO - Task exited with return code 1
[2025-12-17T04:46:32.930+0000] {taskinstance.py:3280} INFO - 0 downstream tasks scheduled from follow-on schedule check
[2025-12-17T07:39:57.868+0000] {taskinstance.py:1956} INFO - Dependencies all met for dep_context=non-requeueable deps ti=<TaskInstance: etl_airflow.transform scheduled__2024-05-01T00:00:00+00:00 [queued]>
[2025-12-17T07:39:57.890+0000] {taskinstance.py:1956} INFO - Dependencies all met for dep_context=requeueable deps ti=<TaskInstance: etl_airflow.transform scheduled__2024-05-01T00:00:00+00:00 [queued]>
[2025-12-17T07:39:57.897+0000] {taskinstance.py:2170} INFO - Starting attempt 1 of 3
[2025-12-17T07:39:57.934+0000] {taskinstance.py:2191} INFO - Executing <Task(PythonOperator): transform> on 2024-05-01 00:00:00+00:00
[2025-12-17T07:39:57.951+0000] {standard_task_runner.py:60} INFO - Started process 1858 to run task
[2025-12-17T07:39:57.960+0000] {standard_task_runner.py:87} INFO - Running: ['***', 'tasks', 'run', 'etl_***', 'transform', 'scheduled__2024-05-01T00:00:00+00:00', '--job-id', '477', '--raw', '--subdir', 'DAGS_FOLDER/etl_***.py', '--cfg-path', '/tmp/tmp3qegrq2h']
[2025-12-17T07:39:57.969+0000] {standard_task_runner.py:88} INFO - Job 477: Subtask transform
[2025-12-17T07:39:58.122+0000] {task_command.py:423} INFO - Running <TaskInstance: etl_airflow.transform scheduled__2024-05-01T00:00:00+00:00 [running]> on host 2a0de06c8905
[2025-12-17T07:39:58.544+0000] {taskinstance.py:2480} INFO - Exporting env vars: AIRFLOW_CTX_DAG_OWNER='***' AIRFLOW_CTX_DAG_ID='etl_***' AIRFLOW_CTX_TASK_ID='transform' AIRFLOW_CTX_EXECUTION_DATE='2024-05-01T00:00:00+00:00' AIRFLOW_CTX_TRY_NUMBER='1' AIRFLOW_CTX_DAG_RUN_ID='scheduled__2024-05-01T00:00:00+00:00'
[2025-12-17T07:39:58.548+0000] {taskinstance.py:2698} ERROR - Task failed with exception
Traceback (most recent call last):
  File "/home/airflow/.local/lib/python3.8/site-packages/airflow/models/taskinstance.py", line 433, in _execute_task
    result = execute_callable(context=context, **execute_callable_kwargs)
  File "/home/airflow/.local/lib/python3.8/site-packages/airflow/operators/python.py", line 199, in execute
    return_value = self.execute_callable()
  File "/home/airflow/.local/lib/python3.8/site-packages/airflow/operators/python.py", line 216, in execute_callable
    return self.python_callable(*self.op_args, **self.op_kwargs)
TypeError: transform_data() missing 1 required positional argument: 'df'
[2025-12-17T07:39:58.564+0000] {taskinstance.py:1138} INFO - Marking task as UP_FOR_RETRY. dag_id=etl_***, task_id=transform, execution_date=20240501T000000, start_date=20251217T073957, end_date=20251217T073958
[2025-12-17T07:39:58.588+0000] {standard_task_runner.py:107} ERROR - Failed to execute job 477 for task transform (transform_data() missing 1 required positional argument: 'df'; 1858)
[2025-12-17T07:39:58.614+0000] {local_task_job_runner.py:234} INFO - Task exited with return code 1
[2025-12-17T07:39:58.655+0000] {taskinstance.py:3280} INFO - 0 downstream tasks scheduled from follow-on schedule check
