[2025-12-17T04:50:55.549+0000] {taskinstance.py:1956} INFO - Dependencies all met for dep_context=non-requeueable deps ti=<TaskInstance: etl_airflow.transform scheduled__2024-08-17T00:00:00+00:00 [queued]>
[2025-12-17T04:50:55.561+0000] {taskinstance.py:1956} INFO - Dependencies all met for dep_context=requeueable deps ti=<TaskInstance: etl_airflow.transform scheduled__2024-08-17T00:00:00+00:00 [queued]>
[2025-12-17T04:50:55.562+0000] {taskinstance.py:2170} INFO - Starting attempt 3 of 3
[2025-12-17T04:50:55.580+0000] {taskinstance.py:2191} INFO - Executing <Task(PythonOperator): transform> on 2024-08-17 00:00:00+00:00
[2025-12-17T04:50:55.588+0000] {standard_task_runner.py:60} INFO - Started process 3348 to run task
[2025-12-17T04:50:55.593+0000] {standard_task_runner.py:87} INFO - Running: ['***', 'tasks', 'run', 'etl_***', 'transform', 'scheduled__2024-08-17T00:00:00+00:00', '--job-id', '950', '--raw', '--subdir', 'DAGS_FOLDER/etl_***.py', '--cfg-path', '/tmp/tmptf0n0l79']
[2025-12-17T04:50:55.597+0000] {standard_task_runner.py:88} INFO - Job 950: Subtask transform
[2025-12-17T04:50:55.701+0000] {task_command.py:423} INFO - Running <TaskInstance: etl_airflow.transform scheduled__2024-08-17T00:00:00+00:00 [running]> on host b3426f05ac70
[2025-12-17T04:50:56.124+0000] {taskinstance.py:2480} INFO - Exporting env vars: AIRFLOW_CTX_DAG_OWNER='***' AIRFLOW_CTX_DAG_ID='etl_***' AIRFLOW_CTX_TASK_ID='transform' AIRFLOW_CTX_EXECUTION_DATE='2024-08-17T00:00:00+00:00' AIRFLOW_CTX_TRY_NUMBER='3' AIRFLOW_CTX_DAG_RUN_ID='scheduled__2024-08-17T00:00:00+00:00'
[2025-12-17T04:50:56.127+0000] {taskinstance.py:2698} ERROR - Task failed with exception
Traceback (most recent call last):
  File "/home/airflow/.local/lib/python3.8/site-packages/airflow/models/taskinstance.py", line 433, in _execute_task
    result = execute_callable(context=context, **execute_callable_kwargs)
  File "/home/airflow/.local/lib/python3.8/site-packages/airflow/operators/python.py", line 199, in execute
    return_value = self.execute_callable()
  File "/home/airflow/.local/lib/python3.8/site-packages/airflow/operators/python.py", line 216, in execute_callable
    return self.python_callable(*self.op_args, **self.op_kwargs)
TypeError: transform_data() missing 1 required positional argument: 'df'
[2025-12-17T04:50:56.140+0000] {taskinstance.py:1138} INFO - Marking task as FAILED. dag_id=etl_***, task_id=transform, execution_date=20240817T000000, start_date=20251217T045055, end_date=20251217T045056
[2025-12-17T04:50:56.160+0000] {standard_task_runner.py:107} ERROR - Failed to execute job 950 for task transform (transform_data() missing 1 required positional argument: 'df'; 3348)
[2025-12-17T04:50:56.208+0000] {local_task_job_runner.py:234} INFO - Task exited with return code 1
[2025-12-17T04:50:56.338+0000] {taskinstance.py:3280} INFO - 0 downstream tasks scheduled from follow-on schedule check
[2025-12-17T07:44:48.078+0000] {taskinstance.py:1956} INFO - Dependencies all met for dep_context=non-requeueable deps ti=<TaskInstance: etl_airflow.transform scheduled__2024-08-17T00:00:00+00:00 [queued]>
[2025-12-17T07:44:48.095+0000] {taskinstance.py:1956} INFO - Dependencies all met for dep_context=requeueable deps ti=<TaskInstance: etl_airflow.transform scheduled__2024-08-17T00:00:00+00:00 [queued]>
[2025-12-17T07:44:48.096+0000] {taskinstance.py:2170} INFO - Starting attempt 3 of 3
[2025-12-17T07:44:48.117+0000] {taskinstance.py:2191} INFO - Executing <Task(PythonOperator): transform> on 2024-08-17 00:00:00+00:00
[2025-12-17T07:44:48.132+0000] {standard_task_runner.py:60} INFO - Started process 3431 to run task
[2025-12-17T07:44:48.139+0000] {standard_task_runner.py:87} INFO - Running: ['***', 'tasks', 'run', 'etl_***', 'transform', 'scheduled__2024-08-17T00:00:00+00:00', '--job-id', '952', '--raw', '--subdir', 'DAGS_FOLDER/etl_***.py', '--cfg-path', '/tmp/tmplb1loisf']
[2025-12-17T07:44:48.144+0000] {standard_task_runner.py:88} INFO - Job 952: Subtask transform
[2025-12-17T07:44:48.289+0000] {task_command.py:423} INFO - Running <TaskInstance: etl_airflow.transform scheduled__2024-08-17T00:00:00+00:00 [running]> on host 2a0de06c8905
[2025-12-17T07:44:48.792+0000] {taskinstance.py:2480} INFO - Exporting env vars: AIRFLOW_CTX_DAG_OWNER='***' AIRFLOW_CTX_DAG_ID='etl_***' AIRFLOW_CTX_TASK_ID='transform' AIRFLOW_CTX_EXECUTION_DATE='2024-08-17T00:00:00+00:00' AIRFLOW_CTX_TRY_NUMBER='3' AIRFLOW_CTX_DAG_RUN_ID='scheduled__2024-08-17T00:00:00+00:00'
[2025-12-17T07:44:48.794+0000] {taskinstance.py:2698} ERROR - Task failed with exception
Traceback (most recent call last):
  File "/home/airflow/.local/lib/python3.8/site-packages/airflow/models/taskinstance.py", line 433, in _execute_task
    result = execute_callable(context=context, **execute_callable_kwargs)
  File "/home/airflow/.local/lib/python3.8/site-packages/airflow/operators/python.py", line 199, in execute
    return_value = self.execute_callable()
  File "/home/airflow/.local/lib/python3.8/site-packages/airflow/operators/python.py", line 216, in execute_callable
    return self.python_callable(*self.op_args, **self.op_kwargs)
TypeError: transform_data() missing 1 required positional argument: 'df'
[2025-12-17T07:44:48.808+0000] {taskinstance.py:1138} INFO - Marking task as FAILED. dag_id=etl_***, task_id=transform, execution_date=20240817T000000, start_date=20251217T074448, end_date=20251217T074448
[2025-12-17T07:44:48.839+0000] {standard_task_runner.py:107} ERROR - Failed to execute job 952 for task transform (transform_data() missing 1 required positional argument: 'df'; 3431)
[2025-12-17T07:44:48.880+0000] {local_task_job_runner.py:234} INFO - Task exited with return code 1
[2025-12-17T07:44:50.055+0000] {taskinstance.py:3280} INFO - 0 downstream tasks scheduled from follow-on schedule check
