[2025-12-16T17:07:08.449+0000] {taskinstance.py:1956} INFO - Dependencies all met for dep_context=non-requeueable deps ti=<TaskInstance: etl_airflow.transform scheduled__2025-02-16T00:00:00+00:00 [queued]>
[2025-12-16T17:07:08.466+0000] {taskinstance.py:1956} INFO - Dependencies all met for dep_context=requeueable deps ti=<TaskInstance: etl_airflow.transform scheduled__2025-02-16T00:00:00+00:00 [queued]>
[2025-12-16T17:07:08.467+0000] {taskinstance.py:2170} INFO - Starting attempt 1 of 3
[2025-12-16T17:07:08.535+0000] {taskinstance.py:2191} INFO - Executing <Task(PythonOperator): transform> on 2025-02-16 00:00:00+00:00
[2025-12-16T17:07:08.556+0000] {standard_task_runner.py:60} INFO - Started process 1428 to run task
[2025-12-16T17:07:08.562+0000] {standard_task_runner.py:87} INFO - Running: ['***', 'tasks', 'run', 'etl_***', 'transform', 'scheduled__2025-02-16T00:00:00+00:00', '--job-id', '3353', '--raw', '--subdir', 'DAGS_FOLDER/etl_dag.py', '--cfg-path', '/tmp/tmpf0lc7cx_']
[2025-12-16T17:07:08.567+0000] {standard_task_runner.py:88} INFO - Job 3353: Subtask transform
[2025-12-16T17:07:08.688+0000] {task_command.py:423} INFO - Running <TaskInstance: etl_airflow.transform scheduled__2025-02-16T00:00:00+00:00 [running]> on host db658e834d9d
[2025-12-16T17:07:08.821+0000] {taskinstance.py:2480} INFO - Exporting env vars: AIRFLOW_CTX_DAG_OWNER='***' AIRFLOW_CTX_DAG_ID='etl_***' AIRFLOW_CTX_TASK_ID='transform' AIRFLOW_CTX_EXECUTION_DATE='2025-02-16T00:00:00+00:00' AIRFLOW_CTX_TRY_NUMBER='1' AIRFLOW_CTX_DAG_RUN_ID='scheduled__2025-02-16T00:00:00+00:00'
[2025-12-16T17:07:08.824+0000] {logging_mixin.py:188} INFO - [TRANSFORM]
[2025-12-16T17:07:08.841+0000] {taskinstance.py:2698} ERROR - Task failed with exception
Traceback (most recent call last):
  File "/home/airflow/.local/lib/python3.8/site-packages/airflow/models/taskinstance.py", line 433, in _execute_task
    result = execute_callable(context=context, **execute_callable_kwargs)
  File "/home/airflow/.local/lib/python3.8/site-packages/airflow/operators/python.py", line 199, in execute
    return_value = self.execute_callable()
  File "/home/airflow/.local/lib/python3.8/site-packages/airflow/operators/python.py", line 216, in execute_callable
    return self.python_callable(*self.op_args, **self.op_kwargs)
  File "/opt/airflow/etl_logic/pipeline.py", line 113, in transform_data
    df.to_csv(OUTPUT_PATH, index=False)
  File "/home/airflow/.local/lib/python3.8/site-packages/pandas/core/generic.py", line 3772, in to_csv
    return DataFrameRenderer(formatter).to_csv(
  File "/home/airflow/.local/lib/python3.8/site-packages/pandas/io/formats/format.py", line 1186, in to_csv
    csv_formatter.save()
  File "/home/airflow/.local/lib/python3.8/site-packages/pandas/io/formats/csvs.py", line 240, in save
    with get_handle(
  File "/home/airflow/.local/lib/python3.8/site-packages/pandas/io/common.py", line 737, in get_handle
    check_parent_directory(str(handle))
  File "/home/airflow/.local/lib/python3.8/site-packages/pandas/io/common.py", line 600, in check_parent_directory
    raise OSError(rf"Cannot save file into a non-existent directory: '{parent}'")
OSError: Cannot save file into a non-existent directory: 'E:\GPP\Task_4\comparative-data-orchestrationirflow\data'
[2025-12-16T17:07:08.866+0000] {taskinstance.py:1138} INFO - Marking task as UP_FOR_RETRY. dag_id=etl_***, task_id=transform, execution_date=20250216T000000, start_date=20251216T170708, end_date=20251216T170708
[2025-12-16T17:07:08.885+0000] {standard_task_runner.py:107} ERROR - Failed to execute job 3353 for task transform (Cannot save file into a non-existent directory: 'E:\GPP\Task_4\comparative-data-orchestrationirflow\data'; 1428)
[2025-12-16T17:07:08.903+0000] {local_task_job_runner.py:234} INFO - Task exited with return code 1
[2025-12-16T17:07:08.938+0000] {taskinstance.py:3280} INFO - 0 downstream tasks scheduled from follow-on schedule check
[2025-12-17T01:57:19.019+0000] {taskinstance.py:1956} INFO - Dependencies all met for dep_context=non-requeueable deps ti=<TaskInstance: etl_airflow.transform scheduled__2025-02-16T00:00:00+00:00 [queued]>
[2025-12-17T01:57:19.057+0000] {taskinstance.py:1956} INFO - Dependencies all met for dep_context=requeueable deps ti=<TaskInstance: etl_airflow.transform scheduled__2025-02-16T00:00:00+00:00 [queued]>
[2025-12-17T01:57:19.063+0000] {taskinstance.py:2170} INFO - Starting attempt 1 of 3
[2025-12-17T01:57:19.457+0000] {taskinstance.py:2191} INFO - Executing <Task(PythonOperator): transform> on 2025-02-16 00:00:00+00:00
[2025-12-17T01:57:19.477+0000] {standard_task_runner.py:60} INFO - Started process 4214 to run task
[2025-12-17T01:57:19.492+0000] {standard_task_runner.py:87} INFO - Running: ['***', 'tasks', 'run', 'etl_***', 'transform', 'scheduled__2025-02-16T00:00:00+00:00', '--job-id', '1261', '--raw', '--subdir', 'DAGS_FOLDER/etl_dag.py', '--cfg-path', '/tmp/tmpgesndpu9']
[2025-12-17T01:57:19.506+0000] {standard_task_runner.py:88} INFO - Job 1261: Subtask transform
[2025-12-17T01:57:19.785+0000] {task_command.py:423} INFO - Running <TaskInstance: etl_airflow.transform scheduled__2025-02-16T00:00:00+00:00 [running]> on host 571e042550da
[2025-12-17T01:57:20.573+0000] {taskinstance.py:2480} INFO - Exporting env vars: AIRFLOW_CTX_DAG_OWNER='***' AIRFLOW_CTX_DAG_ID='etl_***' AIRFLOW_CTX_TASK_ID='transform' AIRFLOW_CTX_EXECUTION_DATE='2025-02-16T00:00:00+00:00' AIRFLOW_CTX_TRY_NUMBER='1' AIRFLOW_CTX_DAG_RUN_ID='scheduled__2025-02-16T00:00:00+00:00'
[2025-12-17T01:57:20.576+0000] {logging_mixin.py:188} INFO - [TRANSFORM]
[2025-12-17T01:57:20.642+0000] {logging_mixin.py:188} INFO - [TRANSFORM] done
[2025-12-17T01:57:20.644+0000] {python.py:201} INFO - Done. Returned value was: None
[2025-12-17T01:57:20.683+0000] {taskinstance.py:1138} INFO - Marking task as SUCCESS. dag_id=etl_***, task_id=transform, execution_date=20250216T000000, start_date=20251217T015719, end_date=20251217T015720
[2025-12-17T01:57:20.768+0000] {local_task_job_runner.py:234} INFO - Task exited with return code 0
[2025-12-17T01:57:20.863+0000] {taskinstance.py:3280} INFO - 1 downstream tasks scheduled from follow-on schedule check
[2025-12-17T04:57:00.288+0000] {taskinstance.py:1956} INFO - Dependencies all met for dep_context=non-requeueable deps ti=<TaskInstance: etl_airflow.transform scheduled__2025-02-16T00:00:00+00:00 [queued]>
[2025-12-17T04:57:00.301+0000] {taskinstance.py:1956} INFO - Dependencies all met for dep_context=requeueable deps ti=<TaskInstance: etl_airflow.transform scheduled__2025-02-16T00:00:00+00:00 [queued]>
[2025-12-17T04:57:00.302+0000] {taskinstance.py:2170} INFO - Starting attempt 1 of 3
[2025-12-17T04:57:00.322+0000] {taskinstance.py:2191} INFO - Executing <Task(PythonOperator): transform> on 2025-02-16 00:00:00+00:00
[2025-12-17T04:57:00.329+0000] {standard_task_runner.py:60} INFO - Started process 5592 to run task
[2025-12-17T04:57:00.333+0000] {standard_task_runner.py:87} INFO - Running: ['***', 'tasks', 'run', 'etl_***', 'transform', 'scheduled__2025-02-16T00:00:00+00:00', '--job-id', '1630', '--raw', '--subdir', 'DAGS_FOLDER/etl_***.py', '--cfg-path', '/tmp/tmpgk16t1lc']
[2025-12-17T04:57:00.337+0000] {standard_task_runner.py:88} INFO - Job 1630: Subtask transform
[2025-12-17T04:57:00.443+0000] {task_command.py:423} INFO - Running <TaskInstance: etl_airflow.transform scheduled__2025-02-16T00:00:00+00:00 [running]> on host b3426f05ac70
[2025-12-17T04:57:00.838+0000] {taskinstance.py:2480} INFO - Exporting env vars: AIRFLOW_CTX_DAG_OWNER='***' AIRFLOW_CTX_DAG_ID='etl_***' AIRFLOW_CTX_TASK_ID='transform' AIRFLOW_CTX_EXECUTION_DATE='2025-02-16T00:00:00+00:00' AIRFLOW_CTX_TRY_NUMBER='1' AIRFLOW_CTX_DAG_RUN_ID='scheduled__2025-02-16T00:00:00+00:00'
[2025-12-17T04:57:00.841+0000] {taskinstance.py:2698} ERROR - Task failed with exception
Traceback (most recent call last):
  File "/home/airflow/.local/lib/python3.8/site-packages/airflow/models/taskinstance.py", line 433, in _execute_task
    result = execute_callable(context=context, **execute_callable_kwargs)
  File "/home/airflow/.local/lib/python3.8/site-packages/airflow/operators/python.py", line 199, in execute
    return_value = self.execute_callable()
  File "/home/airflow/.local/lib/python3.8/site-packages/airflow/operators/python.py", line 216, in execute_callable
    return self.python_callable(*self.op_args, **self.op_kwargs)
TypeError: transform_data() missing 1 required positional argument: 'df'
[2025-12-17T04:57:00.854+0000] {taskinstance.py:1138} INFO - Marking task as UP_FOR_RETRY. dag_id=etl_***, task_id=transform, execution_date=20250216T000000, start_date=20251217T045700, end_date=20251217T045700
[2025-12-17T04:57:00.870+0000] {standard_task_runner.py:107} ERROR - Failed to execute job 1630 for task transform (transform_data() missing 1 required positional argument: 'df'; 5592)
[2025-12-17T04:57:00.911+0000] {local_task_job_runner.py:234} INFO - Task exited with return code 1
[2025-12-17T04:57:01.236+0000] {taskinstance.py:3280} INFO - 0 downstream tasks scheduled from follow-on schedule check
