[2025-12-16T17:10:34.416+0000] {taskinstance.py:1956} INFO - Dependencies all met for dep_context=non-requeueable deps ti=<TaskInstance: etl_airflow.transform scheduled__2024-03-04T00:00:00+00:00 [queued]>
[2025-12-16T17:10:34.440+0000] {taskinstance.py:1956} INFO - Dependencies all met for dep_context=requeueable deps ti=<TaskInstance: etl_airflow.transform scheduled__2024-03-04T00:00:00+00:00 [queued]>
[2025-12-16T17:10:34.441+0000] {taskinstance.py:2170} INFO - Starting attempt 1 of 3
[2025-12-16T17:10:34.482+0000] {taskinstance.py:2191} INFO - Executing <Task(PythonOperator): transform> on 2024-03-04 00:00:00+00:00
[2025-12-16T17:10:34.500+0000] {standard_task_runner.py:60} INFO - Started process 892 to run task
[2025-12-16T17:10:34.511+0000] {standard_task_runner.py:87} INFO - Running: ['***', 'tasks', 'run', 'etl_***', 'transform', 'scheduled__2024-03-04T00:00:00+00:00', '--job-id', '3778', '--raw', '--subdir', 'DAGS_FOLDER/etl_dag.py', '--cfg-path', '/tmp/tmpahgdviwh']
[2025-12-16T17:10:34.527+0000] {standard_task_runner.py:88} INFO - Job 3778: Subtask transform
[2025-12-16T17:10:34.715+0000] {task_command.py:423} INFO - Running <TaskInstance: etl_airflow.transform scheduled__2024-03-04T00:00:00+00:00 [running]> on host 3b89cfee50e9
[2025-12-16T17:10:35.000+0000] {taskinstance.py:2480} INFO - Exporting env vars: AIRFLOW_CTX_DAG_OWNER='***' AIRFLOW_CTX_DAG_ID='etl_***' AIRFLOW_CTX_TASK_ID='transform' AIRFLOW_CTX_EXECUTION_DATE='2024-03-04T00:00:00+00:00' AIRFLOW_CTX_TRY_NUMBER='1' AIRFLOW_CTX_DAG_RUN_ID='scheduled__2024-03-04T00:00:00+00:00'
[2025-12-16T17:10:35.010+0000] {logging_mixin.py:188} INFO - [TRANSFORM]
[2025-12-16T17:10:35.867+0000] {logging_mixin.py:188} INFO - [TRANSFORM] done
[2025-12-16T17:10:35.869+0000] {python.py:201} INFO - Done. Returned value was: None
[2025-12-16T17:10:35.898+0000] {taskinstance.py:1138} INFO - Marking task as SUCCESS. dag_id=etl_***, task_id=transform, execution_date=20240304T000000, start_date=20251216T171034, end_date=20251216T171035
[2025-12-16T17:10:35.958+0000] {local_task_job_runner.py:234} INFO - Task exited with return code 0
[2025-12-16T17:10:36.026+0000] {taskinstance.py:3280} INFO - 1 downstream tasks scheduled from follow-on schedule check
[2025-12-17T01:51:04.564+0000] {taskinstance.py:1956} INFO - Dependencies all met for dep_context=non-requeueable deps ti=<TaskInstance: etl_airflow.transform scheduled__2024-03-04T00:00:00+00:00 [queued]>
[2025-12-17T01:51:04.594+0000] {taskinstance.py:1956} INFO - Dependencies all met for dep_context=requeueable deps ti=<TaskInstance: etl_airflow.transform scheduled__2024-03-04T00:00:00+00:00 [queued]>
[2025-12-17T01:51:04.596+0000] {taskinstance.py:2170} INFO - Starting attempt 1 of 3
[2025-12-17T01:51:04.849+0000] {taskinstance.py:2191} INFO - Executing <Task(PythonOperator): transform> on 2024-03-04 00:00:00+00:00
[2025-12-17T01:51:04.873+0000] {standard_task_runner.py:60} INFO - Started process 818 to run task
[2025-12-17T01:51:04.895+0000] {standard_task_runner.py:87} INFO - Running: ['***', 'tasks', 'run', 'etl_***', 'transform', 'scheduled__2024-03-04T00:00:00+00:00', '--job-id', '192', '--raw', '--subdir', 'DAGS_FOLDER/etl_dag.py', '--cfg-path', '/tmp/tmplt8esbq8']
[2025-12-17T01:51:04.926+0000] {standard_task_runner.py:88} INFO - Job 192: Subtask transform
[2025-12-17T01:51:05.182+0000] {task_command.py:423} INFO - Running <TaskInstance: etl_airflow.transform scheduled__2024-03-04T00:00:00+00:00 [running]> on host 571e042550da
[2025-12-17T01:51:05.818+0000] {taskinstance.py:2480} INFO - Exporting env vars: AIRFLOW_CTX_DAG_OWNER='***' AIRFLOW_CTX_DAG_ID='etl_***' AIRFLOW_CTX_TASK_ID='transform' AIRFLOW_CTX_EXECUTION_DATE='2024-03-04T00:00:00+00:00' AIRFLOW_CTX_TRY_NUMBER='1' AIRFLOW_CTX_DAG_RUN_ID='scheduled__2024-03-04T00:00:00+00:00'
[2025-12-17T01:51:05.821+0000] {logging_mixin.py:188} INFO - [TRANSFORM]
[2025-12-17T01:51:05.861+0000] {logging_mixin.py:188} INFO - [TRANSFORM] done
[2025-12-17T01:51:05.863+0000] {python.py:201} INFO - Done. Returned value was: None
[2025-12-17T01:51:05.886+0000] {taskinstance.py:1138} INFO - Marking task as SUCCESS. dag_id=etl_***, task_id=transform, execution_date=20240304T000000, start_date=20251217T015104, end_date=20251217T015105
[2025-12-17T01:51:05.983+0000] {local_task_job_runner.py:234} INFO - Task exited with return code 0
[2025-12-17T01:51:06.043+0000] {taskinstance.py:3280} INFO - 1 downstream tasks scheduled from follow-on schedule check
[2025-12-17T04:44:09.806+0000] {taskinstance.py:1956} INFO - Dependencies all met for dep_context=non-requeueable deps ti=<TaskInstance: etl_airflow.transform scheduled__2024-03-04T00:00:00+00:00 [queued]>
[2025-12-17T04:44:09.817+0000] {taskinstance.py:1956} INFO - Dependencies all met for dep_context=requeueable deps ti=<TaskInstance: etl_airflow.transform scheduled__2024-03-04T00:00:00+00:00 [queued]>
[2025-12-17T04:44:09.818+0000] {taskinstance.py:2170} INFO - Starting attempt 1 of 3
[2025-12-17T04:44:09.836+0000] {taskinstance.py:2191} INFO - Executing <Task(PythonOperator): transform> on 2024-03-04 00:00:00+00:00
[2025-12-17T04:44:09.841+0000] {standard_task_runner.py:60} INFO - Started process 948 to run task
[2025-12-17T04:44:09.847+0000] {standard_task_runner.py:87} INFO - Running: ['***', 'tasks', 'run', 'etl_***', 'transform', 'scheduled__2024-03-04T00:00:00+00:00', '--job-id', '224', '--raw', '--subdir', 'DAGS_FOLDER/etl_***.py', '--cfg-path', '/tmp/tmpsgmmf4gs']
[2025-12-17T04:44:09.850+0000] {standard_task_runner.py:88} INFO - Job 224: Subtask transform
[2025-12-17T04:44:09.935+0000] {task_command.py:423} INFO - Running <TaskInstance: etl_airflow.transform scheduled__2024-03-04T00:00:00+00:00 [running]> on host b3426f05ac70
[2025-12-17T04:44:10.229+0000] {taskinstance.py:2480} INFO - Exporting env vars: AIRFLOW_CTX_DAG_OWNER='***' AIRFLOW_CTX_DAG_ID='etl_***' AIRFLOW_CTX_TASK_ID='transform' AIRFLOW_CTX_EXECUTION_DATE='2024-03-04T00:00:00+00:00' AIRFLOW_CTX_TRY_NUMBER='1' AIRFLOW_CTX_DAG_RUN_ID='scheduled__2024-03-04T00:00:00+00:00'
[2025-12-17T04:44:10.232+0000] {taskinstance.py:2698} ERROR - Task failed with exception
Traceback (most recent call last):
  File "/home/airflow/.local/lib/python3.8/site-packages/airflow/models/taskinstance.py", line 433, in _execute_task
    result = execute_callable(context=context, **execute_callable_kwargs)
  File "/home/airflow/.local/lib/python3.8/site-packages/airflow/operators/python.py", line 199, in execute
    return_value = self.execute_callable()
  File "/home/airflow/.local/lib/python3.8/site-packages/airflow/operators/python.py", line 216, in execute_callable
    return self.python_callable(*self.op_args, **self.op_kwargs)
TypeError: transform_data() missing 1 required positional argument: 'df'
[2025-12-17T04:44:10.242+0000] {taskinstance.py:1138} INFO - Marking task as UP_FOR_RETRY. dag_id=etl_***, task_id=transform, execution_date=20240304T000000, start_date=20251217T044409, end_date=20251217T044410
[2025-12-17T04:44:10.258+0000] {standard_task_runner.py:107} ERROR - Failed to execute job 224 for task transform (transform_data() missing 1 required positional argument: 'df'; 948)
[2025-12-17T04:44:10.302+0000] {local_task_job_runner.py:234} INFO - Task exited with return code 1
[2025-12-17T04:44:10.336+0000] {taskinstance.py:3280} INFO - 0 downstream tasks scheduled from follow-on schedule check
[2025-12-17T07:37:59.746+0000] {taskinstance.py:1956} INFO - Dependencies all met for dep_context=non-requeueable deps ti=<TaskInstance: etl_airflow.transform scheduled__2024-03-04T00:00:00+00:00 [queued]>
[2025-12-17T07:37:59.775+0000] {taskinstance.py:1956} INFO - Dependencies all met for dep_context=requeueable deps ti=<TaskInstance: etl_airflow.transform scheduled__2024-03-04T00:00:00+00:00 [queued]>
[2025-12-17T07:37:59.778+0000] {taskinstance.py:2170} INFO - Starting attempt 1 of 3
[2025-12-17T07:37:59.950+0000] {taskinstance.py:2191} INFO - Executing <Task(PythonOperator): transform> on 2024-03-04 00:00:00+00:00
[2025-12-17T07:37:59.968+0000] {standard_task_runner.py:60} INFO - Started process 1175 to run task
[2025-12-17T07:37:59.976+0000] {standard_task_runner.py:87} INFO - Running: ['***', 'tasks', 'run', 'etl_***', 'transform', 'scheduled__2024-03-04T00:00:00+00:00', '--job-id', '270', '--raw', '--subdir', 'DAGS_FOLDER/etl_***.py', '--cfg-path', '/tmp/tmp21mxj1nb']
[2025-12-17T07:37:59.982+0000] {standard_task_runner.py:88} INFO - Job 270: Subtask transform
[2025-12-17T07:38:00.274+0000] {task_command.py:423} INFO - Running <TaskInstance: etl_airflow.transform scheduled__2024-03-04T00:00:00+00:00 [running]> on host 2a0de06c8905
[2025-12-17T07:38:00.892+0000] {taskinstance.py:2480} INFO - Exporting env vars: AIRFLOW_CTX_DAG_OWNER='***' AIRFLOW_CTX_DAG_ID='etl_***' AIRFLOW_CTX_TASK_ID='transform' AIRFLOW_CTX_EXECUTION_DATE='2024-03-04T00:00:00+00:00' AIRFLOW_CTX_TRY_NUMBER='1' AIRFLOW_CTX_DAG_RUN_ID='scheduled__2024-03-04T00:00:00+00:00'
[2025-12-17T07:38:00.895+0000] {taskinstance.py:2698} ERROR - Task failed with exception
Traceback (most recent call last):
  File "/home/airflow/.local/lib/python3.8/site-packages/airflow/models/taskinstance.py", line 433, in _execute_task
    result = execute_callable(context=context, **execute_callable_kwargs)
  File "/home/airflow/.local/lib/python3.8/site-packages/airflow/operators/python.py", line 199, in execute
    return_value = self.execute_callable()
  File "/home/airflow/.local/lib/python3.8/site-packages/airflow/operators/python.py", line 216, in execute_callable
    return self.python_callable(*self.op_args, **self.op_kwargs)
TypeError: transform_data() missing 1 required positional argument: 'df'
[2025-12-17T07:38:00.936+0000] {taskinstance.py:1138} INFO - Marking task as UP_FOR_RETRY. dag_id=etl_***, task_id=transform, execution_date=20240304T000000, start_date=20251217T073759, end_date=20251217T073800
[2025-12-17T07:38:01.119+0000] {standard_task_runner.py:107} ERROR - Failed to execute job 270 for task transform (transform_data() missing 1 required positional argument: 'df'; 1175)
[2025-12-17T07:38:01.165+0000] {local_task_job_runner.py:234} INFO - Task exited with return code 1
[2025-12-17T07:38:01.644+0000] {taskinstance.py:3280} INFO - 0 downstream tasks scheduled from follow-on schedule check
