[2025-12-16T16:33:28.862+0000] {taskinstance.py:1956} INFO - Dependencies all met for dep_context=non-requeueable deps ti=<TaskInstance: etl_airflow.extract scheduled__2024-05-04T00:00:00+00:00 [queued]>
[2025-12-16T16:33:28.878+0000] {taskinstance.py:1956} INFO - Dependencies all met for dep_context=requeueable deps ti=<TaskInstance: etl_airflow.extract scheduled__2024-05-04T00:00:00+00:00 [queued]>
[2025-12-16T16:33:28.881+0000] {taskinstance.py:2170} INFO - Starting attempt 1 of 3
[2025-12-16T16:33:29.049+0000] {taskinstance.py:2191} INFO - Executing <Task(PythonOperator): extract> on 2024-05-04 00:00:00+00:00
[2025-12-16T16:33:29.061+0000] {standard_task_runner.py:60} INFO - Started process 1696 to run task
[2025-12-16T16:33:29.068+0000] {standard_task_runner.py:87} INFO - Running: ['***', 'tasks', 'run', 'etl_***', 'extract', 'scheduled__2024-05-04T00:00:00+00:00', '--job-id', '374', '--raw', '--subdir', 'DAGS_FOLDER/etl_dag.py', '--cfg-path', '/tmp/tmpkxm6w_aj']
[2025-12-16T16:33:29.072+0000] {standard_task_runner.py:88} INFO - Job 374: Subtask extract
[2025-12-16T16:33:29.209+0000] {task_command.py:423} INFO - Running <TaskInstance: etl_airflow.extract scheduled__2024-05-04T00:00:00+00:00 [running]> on host 528de643acfe
[2025-12-16T16:33:29.606+0000] {taskinstance.py:2480} INFO - Exporting env vars: AIRFLOW_CTX_DAG_OWNER='***' AIRFLOW_CTX_DAG_ID='etl_***' AIRFLOW_CTX_TASK_ID='extract' AIRFLOW_CTX_EXECUTION_DATE='2024-05-04T00:00:00+00:00' AIRFLOW_CTX_TRY_NUMBER='1' AIRFLOW_CTX_DAG_RUN_ID='scheduled__2024-05-04T00:00:00+00:00'
[2025-12-16T16:33:29.610+0000] {logging_mixin.py:188} INFO - Extracting data from /opt/***/data/input.csv
[2025-12-16T16:33:29.616+0000] {taskinstance.py:2698} ERROR - Task failed with exception
Traceback (most recent call last):
  File "/home/airflow/.local/lib/python3.8/site-packages/airflow/models/taskinstance.py", line 433, in _execute_task
    result = execute_callable(context=context, **execute_callable_kwargs)
  File "/home/airflow/.local/lib/python3.8/site-packages/airflow/operators/python.py", line 199, in execute
    return_value = self.execute_callable()
  File "/home/airflow/.local/lib/python3.8/site-packages/airflow/operators/python.py", line 216, in execute_callable
    return self.python_callable(*self.op_args, **self.op_kwargs)
  File "/opt/airflow/dags/etl_logic/pipeline.py", line 97, in extract_data
    df = pd.read_csv(input_path)
  File "/home/airflow/.local/lib/python3.8/site-packages/pandas/io/parsers/readers.py", line 912, in read_csv
    return _read(filepath_or_buffer, kwds)
  File "/home/airflow/.local/lib/python3.8/site-packages/pandas/io/parsers/readers.py", line 577, in _read
    parser = TextFileReader(filepath_or_buffer, **kwds)
  File "/home/airflow/.local/lib/python3.8/site-packages/pandas/io/parsers/readers.py", line 1407, in __init__
    self._engine = self._make_engine(f, self.engine)
  File "/home/airflow/.local/lib/python3.8/site-packages/pandas/io/parsers/readers.py", line 1661, in _make_engine
    self.handles = get_handle(
  File "/home/airflow/.local/lib/python3.8/site-packages/pandas/io/common.py", line 859, in get_handle
    handle = open(
FileNotFoundError: [Errno 2] No such file or directory: '/opt/airflow/data/input.csv'
[2025-12-16T16:33:29.647+0000] {taskinstance.py:1138} INFO - Marking task as UP_FOR_RETRY. dag_id=etl_***, task_id=extract, execution_date=20240504T000000, start_date=20251216T163328, end_date=20251216T163329
[2025-12-16T16:33:29.677+0000] {standard_task_runner.py:107} ERROR - Failed to execute job 374 for task extract ([Errno 2] No such file or directory: '/opt/airflow/data/input.csv'; 1696)
[2025-12-16T16:33:29.722+0000] {local_task_job_runner.py:234} INFO - Task exited with return code 1
[2025-12-16T16:33:29.762+0000] {taskinstance.py:3280} INFO - 0 downstream tasks scheduled from follow-on schedule check
[2025-12-17T01:52:17.047+0000] {taskinstance.py:1956} INFO - Dependencies all met for dep_context=non-requeueable deps ti=<TaskInstance: etl_airflow.extract scheduled__2024-05-04T00:00:00+00:00 [queued]>
[2025-12-17T01:52:17.068+0000] {taskinstance.py:1956} INFO - Dependencies all met for dep_context=requeueable deps ti=<TaskInstance: etl_airflow.extract scheduled__2024-05-04T00:00:00+00:00 [queued]>
[2025-12-17T01:52:17.070+0000] {taskinstance.py:2170} INFO - Starting attempt 1 of 3
[2025-12-17T01:52:17.274+0000] {taskinstance.py:2191} INFO - Executing <Task(PythonOperator): extract> on 2024-05-04 00:00:00+00:00
[2025-12-17T01:52:17.285+0000] {standard_task_runner.py:60} INFO - Started process 1384 to run task
[2025-12-17T01:52:17.291+0000] {standard_task_runner.py:87} INFO - Running: ['***', 'tasks', 'run', 'etl_***', 'extract', 'scheduled__2024-05-04T00:00:00+00:00', '--job-id', '367', '--raw', '--subdir', 'DAGS_FOLDER/etl_dag.py', '--cfg-path', '/tmp/tmpupsxpucz']
[2025-12-17T01:52:17.297+0000] {standard_task_runner.py:88} INFO - Job 367: Subtask extract
[2025-12-17T01:52:17.452+0000] {task_command.py:423} INFO - Running <TaskInstance: etl_airflow.extract scheduled__2024-05-04T00:00:00+00:00 [running]> on host 571e042550da
[2025-12-17T01:52:17.982+0000] {taskinstance.py:2480} INFO - Exporting env vars: AIRFLOW_CTX_DAG_OWNER='***' AIRFLOW_CTX_DAG_ID='etl_***' AIRFLOW_CTX_TASK_ID='extract' AIRFLOW_CTX_EXECUTION_DATE='2024-05-04T00:00:00+00:00' AIRFLOW_CTX_TRY_NUMBER='1' AIRFLOW_CTX_DAG_RUN_ID='scheduled__2024-05-04T00:00:00+00:00'
[2025-12-17T01:52:17.985+0000] {logging_mixin.py:188} INFO - [EXTRACT] Reading /opt/***/data/synthetic_events.csv
[2025-12-17T01:52:18.087+0000] {logging_mixin.py:188} INFO - [EXTRACT] done
[2025-12-17T01:52:18.088+0000] {python.py:201} INFO - Done. Returned value was: None
[2025-12-17T01:52:18.115+0000] {taskinstance.py:1138} INFO - Marking task as SUCCESS. dag_id=etl_***, task_id=extract, execution_date=20240504T000000, start_date=20251217T015217, end_date=20251217T015218
[2025-12-17T01:52:18.205+0000] {local_task_job_runner.py:234} INFO - Task exited with return code 0
[2025-12-17T01:52:18.350+0000] {taskinstance.py:3280} INFO - 1 downstream tasks scheduled from follow-on schedule check
[2025-12-17T04:20:00.338+0000] {taskinstance.py:1956} INFO - Dependencies all met for dep_context=non-requeueable deps ti=<TaskInstance: etl_airflow.extract scheduled__2024-05-04T00:00:00+00:00 [queued]>
[2025-12-17T04:20:00.355+0000] {taskinstance.py:1956} INFO - Dependencies all met for dep_context=requeueable deps ti=<TaskInstance: etl_airflow.extract scheduled__2024-05-04T00:00:00+00:00 [queued]>
[2025-12-17T04:20:00.356+0000] {taskinstance.py:2170} INFO - Starting attempt 1 of 3
[2025-12-17T04:20:00.443+0000] {taskinstance.py:2191} INFO - Executing <Task(PythonOperator): extract> on 2024-05-04 00:00:00+00:00
[2025-12-17T04:20:00.451+0000] {standard_task_runner.py:60} INFO - Started process 827 to run task
[2025-12-17T04:20:00.458+0000] {standard_task_runner.py:87} INFO - Running: ['***', 'tasks', 'run', 'etl_***', 'extract', 'scheduled__2024-05-04T00:00:00+00:00', '--job-id', '188', '--raw', '--subdir', 'DAGS_FOLDER/etl_***.py', '--cfg-path', '/tmp/tmptx1gze9o']
[2025-12-17T04:20:00.463+0000] {standard_task_runner.py:88} INFO - Job 188: Subtask extract
[2025-12-17T04:20:00.582+0000] {task_command.py:423} INFO - Running <TaskInstance: etl_airflow.extract scheduled__2024-05-04T00:00:00+00:00 [running]> on host c5811fe183ca
[2025-12-17T04:20:00.953+0000] {taskinstance.py:2480} INFO - Exporting env vars: AIRFLOW_CTX_DAG_OWNER='***' AIRFLOW_CTX_DAG_ID='etl_***' AIRFLOW_CTX_TASK_ID='extract' AIRFLOW_CTX_EXECUTION_DATE='2024-05-04T00:00:00+00:00' AIRFLOW_CTX_TRY_NUMBER='1' AIRFLOW_CTX_DAG_RUN_ID='scheduled__2024-05-04T00:00:00+00:00'
[2025-12-17T04:20:00.975+0000] {python.py:201} INFO - Done. Returned value was:    user_id event_type           timestamp country
0        1      login 2025-01-01 09:00:00      IN
1        1      click 2025-01-01 09:05:00      IN
2        1     logout 2025-01-01 09:15:00      IN
3        2      login 2025-01-01 10:00:00      US
4        2      click 2025-01-01 10:10:00      US
5        2     logout 2025-01-01 10:20:00      US
6        3      login 2025-01-02 08:00:00      FR
7        3      click 2025-01-02 08:05:00      FR
8        3     logout 2025-01-02 08:30:00      FR
[2025-12-17T04:20:01.026+0000] {taskinstance.py:1138} INFO - Marking task as SUCCESS. dag_id=etl_***, task_id=extract, execution_date=20240504T000000, start_date=20251217T042000, end_date=20251217T042001
[2025-12-17T04:20:01.076+0000] {local_task_job_runner.py:234} INFO - Task exited with return code 0
[2025-12-17T04:20:01.119+0000] {taskinstance.py:3280} INFO - 0 downstream tasks scheduled from follow-on schedule check
[2025-12-17T04:46:30.766+0000] {taskinstance.py:1956} INFO - Dependencies all met for dep_context=non-requeueable deps ti=<TaskInstance: etl_airflow.extract scheduled__2024-05-04T00:00:00+00:00 [queued]>
[2025-12-17T04:46:30.786+0000] {taskinstance.py:1956} INFO - Dependencies all met for dep_context=requeueable deps ti=<TaskInstance: etl_airflow.extract scheduled__2024-05-04T00:00:00+00:00 [queued]>
[2025-12-17T04:46:30.787+0000] {taskinstance.py:2170} INFO - Starting attempt 1 of 3
[2025-12-17T04:46:30.814+0000] {taskinstance.py:2191} INFO - Executing <Task(PythonOperator): extract> on 2024-05-04 00:00:00+00:00
[2025-12-17T04:46:30.836+0000] {standard_task_runner.py:60} INFO - Started process 1770 to run task
[2025-12-17T04:46:30.850+0000] {standard_task_runner.py:87} INFO - Running: ['***', 'tasks', 'run', 'etl_***', 'extract', 'scheduled__2024-05-04T00:00:00+00:00', '--job-id', '468', '--raw', '--subdir', 'DAGS_FOLDER/etl_***.py', '--cfg-path', '/tmp/tmpd2bkk6ta']
[2025-12-17T04:46:30.855+0000] {standard_task_runner.py:88} INFO - Job 468: Subtask extract
[2025-12-17T04:46:31.002+0000] {task_command.py:423} INFO - Running <TaskInstance: etl_airflow.extract scheduled__2024-05-04T00:00:00+00:00 [running]> on host b3426f05ac70
[2025-12-17T04:46:31.467+0000] {taskinstance.py:2480} INFO - Exporting env vars: AIRFLOW_CTX_DAG_OWNER='***' AIRFLOW_CTX_DAG_ID='etl_***' AIRFLOW_CTX_TASK_ID='extract' AIRFLOW_CTX_EXECUTION_DATE='2024-05-04T00:00:00+00:00' AIRFLOW_CTX_TRY_NUMBER='1' AIRFLOW_CTX_DAG_RUN_ID='scheduled__2024-05-04T00:00:00+00:00'
[2025-12-17T04:46:31.490+0000] {python.py:201} INFO - Done. Returned value was:    user_id event_type           timestamp country
0        1      login 2025-01-01 09:00:00      IN
1        1      click 2025-01-01 09:05:00      IN
2        1     logout 2025-01-01 09:15:00      IN
3        2      login 2025-01-01 10:00:00      US
4        2      click 2025-01-01 10:10:00      US
5        2     logout 2025-01-01 10:20:00      US
6        3      login 2025-01-02 08:00:00      FR
7        3      click 2025-01-02 08:05:00      FR
8        3     logout 2025-01-02 08:30:00      FR
[2025-12-17T04:46:31.611+0000] {taskinstance.py:1138} INFO - Marking task as SUCCESS. dag_id=etl_***, task_id=extract, execution_date=20240504T000000, start_date=20251217T044630, end_date=20251217T044631
[2025-12-17T04:46:31.674+0000] {local_task_job_runner.py:234} INFO - Task exited with return code 0
[2025-12-17T04:46:31.735+0000] {taskinstance.py:3280} INFO - 1 downstream tasks scheduled from follow-on schedule check
[2025-12-17T07:39:56.258+0000] {taskinstance.py:1956} INFO - Dependencies all met for dep_context=non-requeueable deps ti=<TaskInstance: etl_airflow.extract scheduled__2024-05-04T00:00:00+00:00 [queued]>
[2025-12-17T07:39:56.279+0000] {taskinstance.py:1956} INFO - Dependencies all met for dep_context=requeueable deps ti=<TaskInstance: etl_airflow.extract scheduled__2024-05-04T00:00:00+00:00 [queued]>
[2025-12-17T07:39:56.281+0000] {taskinstance.py:2170} INFO - Starting attempt 1 of 3
[2025-12-17T07:39:56.316+0000] {taskinstance.py:2191} INFO - Executing <Task(PythonOperator): extract> on 2024-05-04 00:00:00+00:00
[2025-12-17T07:39:56.329+0000] {standard_task_runner.py:60} INFO - Started process 1830 to run task
[2025-12-17T07:39:56.335+0000] {standard_task_runner.py:87} INFO - Running: ['***', 'tasks', 'run', 'etl_***', 'extract', 'scheduled__2024-05-04T00:00:00+00:00', '--job-id', '469', '--raw', '--subdir', 'DAGS_FOLDER/etl_***.py', '--cfg-path', '/tmp/tmpj5trx4gc']
[2025-12-17T07:39:56.342+0000] {standard_task_runner.py:88} INFO - Job 469: Subtask extract
[2025-12-17T07:39:56.499+0000] {task_command.py:423} INFO - Running <TaskInstance: etl_airflow.extract scheduled__2024-05-04T00:00:00+00:00 [running]> on host 2a0de06c8905
[2025-12-17T07:39:56.894+0000] {taskinstance.py:2480} INFO - Exporting env vars: AIRFLOW_CTX_DAG_OWNER='***' AIRFLOW_CTX_DAG_ID='etl_***' AIRFLOW_CTX_TASK_ID='extract' AIRFLOW_CTX_EXECUTION_DATE='2024-05-04T00:00:00+00:00' AIRFLOW_CTX_TRY_NUMBER='1' AIRFLOW_CTX_DAG_RUN_ID='scheduled__2024-05-04T00:00:00+00:00'
[2025-12-17T07:39:56.928+0000] {python.py:201} INFO - Done. Returned value was:    user_id event_type           timestamp country
0        1      login 2025-01-01 09:00:00      IN
1        1      click 2025-01-01 09:05:00      IN
2        1     logout 2025-01-01 09:15:00      IN
3        2      login 2025-01-01 10:00:00      US
4        2      click 2025-01-01 10:10:00      US
5        2     logout 2025-01-01 10:20:00      US
6        3      login 2025-01-02 08:00:00      FR
7        3      click 2025-01-02 08:05:00      FR
8        3     logout 2025-01-02 08:30:00      FR
[2025-12-17T07:39:57.002+0000] {taskinstance.py:1138} INFO - Marking task as SUCCESS. dag_id=etl_***, task_id=extract, execution_date=20240504T000000, start_date=20251217T073956, end_date=20251217T073957
[2025-12-17T07:39:57.142+0000] {local_task_job_runner.py:234} INFO - Task exited with return code 0
[2025-12-17T07:39:57.524+0000] {taskinstance.py:3280} INFO - 0 downstream tasks scheduled from follow-on schedule check
