[2025-12-17T02:01:24.435+0000] {taskinstance.py:1956} INFO - Dependencies all met for dep_context=non-requeueable deps ti=<TaskInstance: etl_airflow.load scheduled__2025-11-08T00:00:00+00:00 [queued]>
[2025-12-17T02:01:24.459+0000] {taskinstance.py:1956} INFO - Dependencies all met for dep_context=requeueable deps ti=<TaskInstance: etl_airflow.load scheduled__2025-11-08T00:00:00+00:00 [queued]>
[2025-12-17T02:01:24.462+0000] {taskinstance.py:2170} INFO - Starting attempt 1 of 3
[2025-12-17T02:01:24.493+0000] {taskinstance.py:2191} INFO - Executing <Task(PythonOperator): load> on 2025-11-08 00:00:00+00:00
[2025-12-17T02:01:24.503+0000] {standard_task_runner.py:60} INFO - Started process 6776 to run task
[2025-12-17T02:01:24.510+0000] {standard_task_runner.py:87} INFO - Running: ['***', 'tasks', 'run', 'etl_***', 'load', 'scheduled__2025-11-08T00:00:00+00:00', '--job-id', '2072', '--raw', '--subdir', 'DAGS_FOLDER/etl_dag.py', '--cfg-path', '/tmp/tmpqdrq4cvl']
[2025-12-17T02:01:24.515+0000] {standard_task_runner.py:88} INFO - Job 2072: Subtask load
[2025-12-17T02:01:24.646+0000] {task_command.py:423} INFO - Running <TaskInstance: etl_airflow.load scheduled__2025-11-08T00:00:00+00:00 [running]> on host 571e042550da
[2025-12-17T02:01:25.105+0000] {taskinstance.py:2480} INFO - Exporting env vars: AIRFLOW_CTX_DAG_OWNER='***' AIRFLOW_CTX_DAG_ID='etl_***' AIRFLOW_CTX_TASK_ID='load' AIRFLOW_CTX_EXECUTION_DATE='2025-11-08T00:00:00+00:00' AIRFLOW_CTX_TRY_NUMBER='1' AIRFLOW_CTX_DAG_RUN_ID='scheduled__2025-11-08T00:00:00+00:00'
[2025-12-17T02:01:25.108+0000] {logging_mixin.py:188} INFO - [LOAD]
[2025-12-17T02:01:25.144+0000] {logging_mixin.py:188} INFO -    user_id event_type            timestamp country
0        1      login  2025-01-01T09:00:00      IN
1        1      click  2025-01-01T09:05:00      IN
2        1     logout  2025-01-01T09:15:00      IN
3        3      login  2025-01-02T08:00:00      FR
4        3      click  2025-01-02T08:05:00      FR
[2025-12-17T02:01:25.146+0000] {logging_mixin.py:188} INFO - [LOAD] done
[2025-12-17T02:01:25.148+0000] {python.py:201} INFO - Done. Returned value was: None
[2025-12-17T02:01:25.177+0000] {taskinstance.py:1138} INFO - Marking task as SUCCESS. dag_id=etl_***, task_id=load, execution_date=20251108T000000, start_date=20251217T020124, end_date=20251217T020125
[2025-12-17T02:01:25.247+0000] {local_task_job_runner.py:234} INFO - Task exited with return code 0
[2025-12-17T02:01:25.274+0000] {taskinstance.py:3280} INFO - 0 downstream tasks scheduled from follow-on schedule check
