[2025-12-16T17:06:29.549+0000] {taskinstance.py:1956} INFO - Dependencies all met for dep_context=non-requeueable deps ti=<TaskInstance: etl_airflow.transform scheduled__2025-01-31T00:00:00+00:00 [queued]>
[2025-12-16T17:06:29.571+0000] {taskinstance.py:1956} INFO - Dependencies all met for dep_context=requeueable deps ti=<TaskInstance: etl_airflow.transform scheduled__2025-01-31T00:00:00+00:00 [queued]>
[2025-12-16T17:06:29.572+0000] {taskinstance.py:2170} INFO - Starting attempt 1 of 3
[2025-12-16T17:06:29.601+0000] {taskinstance.py:2191} INFO - Executing <Task(PythonOperator): transform> on 2025-01-31 00:00:00+00:00
[2025-12-16T17:06:29.615+0000] {standard_task_runner.py:60} INFO - Started process 1168 to run task
[2025-12-16T17:06:29.621+0000] {standard_task_runner.py:87} INFO - Running: ['***', 'tasks', 'run', 'etl_***', 'transform', 'scheduled__2025-01-31T00:00:00+00:00', '--job-id', '3269', '--raw', '--subdir', 'DAGS_FOLDER/etl_dag.py', '--cfg-path', '/tmp/tmpx8_i_kc4']
[2025-12-16T17:06:29.625+0000] {standard_task_runner.py:88} INFO - Job 3269: Subtask transform
[2025-12-16T17:06:29.760+0000] {task_command.py:423} INFO - Running <TaskInstance: etl_airflow.transform scheduled__2025-01-31T00:00:00+00:00 [running]> on host db658e834d9d
[2025-12-16T17:06:29.914+0000] {taskinstance.py:2480} INFO - Exporting env vars: AIRFLOW_CTX_DAG_OWNER='***' AIRFLOW_CTX_DAG_ID='etl_***' AIRFLOW_CTX_TASK_ID='transform' AIRFLOW_CTX_EXECUTION_DATE='2025-01-31T00:00:00+00:00' AIRFLOW_CTX_TRY_NUMBER='1' AIRFLOW_CTX_DAG_RUN_ID='scheduled__2025-01-31T00:00:00+00:00'
[2025-12-16T17:06:29.920+0000] {logging_mixin.py:188} INFO - [TRANSFORM]
[2025-12-16T17:06:29.960+0000] {taskinstance.py:2698} ERROR - Task failed with exception
Traceback (most recent call last):
  File "/home/airflow/.local/lib/python3.8/site-packages/airflow/models/taskinstance.py", line 433, in _execute_task
    result = execute_callable(context=context, **execute_callable_kwargs)
  File "/home/airflow/.local/lib/python3.8/site-packages/airflow/operators/python.py", line 199, in execute
    return_value = self.execute_callable()
  File "/home/airflow/.local/lib/python3.8/site-packages/airflow/operators/python.py", line 216, in execute_callable
    return self.python_callable(*self.op_args, **self.op_kwargs)
  File "/opt/airflow/etl_logic/pipeline.py", line 113, in transform_data
    df.to_csv(OUTPUT_PATH, index=False)
  File "/home/airflow/.local/lib/python3.8/site-packages/pandas/core/generic.py", line 3772, in to_csv
    return DataFrameRenderer(formatter).to_csv(
  File "/home/airflow/.local/lib/python3.8/site-packages/pandas/io/formats/format.py", line 1186, in to_csv
    csv_formatter.save()
  File "/home/airflow/.local/lib/python3.8/site-packages/pandas/io/formats/csvs.py", line 240, in save
    with get_handle(
  File "/home/airflow/.local/lib/python3.8/site-packages/pandas/io/common.py", line 737, in get_handle
    check_parent_directory(str(handle))
  File "/home/airflow/.local/lib/python3.8/site-packages/pandas/io/common.py", line 600, in check_parent_directory
    raise OSError(rf"Cannot save file into a non-existent directory: '{parent}'")
OSError: Cannot save file into a non-existent directory: 'E:\GPP\Task_4\comparative-data-orchestrationirflow\data'
[2025-12-16T17:06:29.996+0000] {taskinstance.py:1138} INFO - Marking task as UP_FOR_RETRY. dag_id=etl_***, task_id=transform, execution_date=20250131T000000, start_date=20251216T170629, end_date=20251216T170629
[2025-12-16T17:06:30.018+0000] {standard_task_runner.py:107} ERROR - Failed to execute job 3269 for task transform (Cannot save file into a non-existent directory: 'E:\GPP\Task_4\comparative-data-orchestrationirflow\data'; 1168)
[2025-12-16T17:06:30.038+0000] {local_task_job_runner.py:234} INFO - Task exited with return code 1
[2025-12-16T17:06:30.077+0000] {taskinstance.py:3280} INFO - 0 downstream tasks scheduled from follow-on schedule check
[2025-12-17T01:57:03.707+0000] {taskinstance.py:1956} INFO - Dependencies all met for dep_context=non-requeueable deps ti=<TaskInstance: etl_airflow.transform scheduled__2025-01-31T00:00:00+00:00 [queued]>
[2025-12-17T01:57:03.753+0000] {taskinstance.py:1956} INFO - Dependencies all met for dep_context=requeueable deps ti=<TaskInstance: etl_airflow.transform scheduled__2025-01-31T00:00:00+00:00 [queued]>
[2025-12-17T01:57:03.754+0000] {taskinstance.py:2170} INFO - Starting attempt 1 of 3
[2025-12-17T01:57:04.155+0000] {taskinstance.py:2191} INFO - Executing <Task(PythonOperator): transform> on 2025-01-31 00:00:00+00:00
[2025-12-17T01:57:04.197+0000] {standard_task_runner.py:60} INFO - Started process 4071 to run task
[2025-12-17T01:57:04.205+0000] {standard_task_runner.py:87} INFO - Running: ['***', 'tasks', 'run', 'etl_***', 'transform', 'scheduled__2025-01-31T00:00:00+00:00', '--job-id', '1212', '--raw', '--subdir', 'DAGS_FOLDER/etl_dag.py', '--cfg-path', '/tmp/tmprcoe7zhb']
[2025-12-17T01:57:04.211+0000] {standard_task_runner.py:88} INFO - Job 1212: Subtask transform
[2025-12-17T01:57:04.477+0000] {task_command.py:423} INFO - Running <TaskInstance: etl_airflow.transform scheduled__2025-01-31T00:00:00+00:00 [running]> on host 571e042550da
[2025-12-17T01:57:05.135+0000] {taskinstance.py:2480} INFO - Exporting env vars: AIRFLOW_CTX_DAG_OWNER='***' AIRFLOW_CTX_DAG_ID='etl_***' AIRFLOW_CTX_TASK_ID='transform' AIRFLOW_CTX_EXECUTION_DATE='2025-01-31T00:00:00+00:00' AIRFLOW_CTX_TRY_NUMBER='1' AIRFLOW_CTX_DAG_RUN_ID='scheduled__2025-01-31T00:00:00+00:00'
[2025-12-17T01:57:05.142+0000] {logging_mixin.py:188} INFO - [TRANSFORM]
[2025-12-17T01:57:05.222+0000] {logging_mixin.py:188} INFO - [TRANSFORM] done
[2025-12-17T01:57:05.224+0000] {python.py:201} INFO - Done. Returned value was: None
[2025-12-17T01:57:05.258+0000] {taskinstance.py:1138} INFO - Marking task as SUCCESS. dag_id=etl_***, task_id=transform, execution_date=20250131T000000, start_date=20251217T015703, end_date=20251217T015705
[2025-12-17T01:57:05.344+0000] {local_task_job_runner.py:234} INFO - Task exited with return code 0
[2025-12-17T01:57:05.694+0000] {taskinstance.py:3280} INFO - 0 downstream tasks scheduled from follow-on schedule check
[2025-12-17T04:56:27.391+0000] {taskinstance.py:1956} INFO - Dependencies all met for dep_context=non-requeueable deps ti=<TaskInstance: etl_airflow.transform scheduled__2025-01-31T00:00:00+00:00 [queued]>
[2025-12-17T04:56:27.402+0000] {taskinstance.py:1956} INFO - Dependencies all met for dep_context=requeueable deps ti=<TaskInstance: etl_airflow.transform scheduled__2025-01-31T00:00:00+00:00 [queued]>
[2025-12-17T04:56:27.403+0000] {taskinstance.py:2170} INFO - Starting attempt 1 of 3
[2025-12-17T04:56:27.421+0000] {taskinstance.py:2191} INFO - Executing <Task(PythonOperator): transform> on 2025-01-31 00:00:00+00:00
[2025-12-17T04:56:27.430+0000] {standard_task_runner.py:60} INFO - Started process 5386 to run task
[2025-12-17T04:56:27.434+0000] {standard_task_runner.py:87} INFO - Running: ['***', 'tasks', 'run', 'etl_***', 'transform', 'scheduled__2025-01-31T00:00:00+00:00', '--job-id', '1566', '--raw', '--subdir', 'DAGS_FOLDER/etl_***.py', '--cfg-path', '/tmp/tmpfk1j45g8']
[2025-12-17T04:56:27.437+0000] {standard_task_runner.py:88} INFO - Job 1566: Subtask transform
[2025-12-17T04:56:27.559+0000] {task_command.py:423} INFO - Running <TaskInstance: etl_airflow.transform scheduled__2025-01-31T00:00:00+00:00 [running]> on host b3426f05ac70
[2025-12-17T04:56:27.828+0000] {taskinstance.py:2480} INFO - Exporting env vars: AIRFLOW_CTX_DAG_OWNER='***' AIRFLOW_CTX_DAG_ID='etl_***' AIRFLOW_CTX_TASK_ID='transform' AIRFLOW_CTX_EXECUTION_DATE='2025-01-31T00:00:00+00:00' AIRFLOW_CTX_TRY_NUMBER='1' AIRFLOW_CTX_DAG_RUN_ID='scheduled__2025-01-31T00:00:00+00:00'
[2025-12-17T04:56:27.830+0000] {taskinstance.py:2698} ERROR - Task failed with exception
Traceback (most recent call last):
  File "/home/airflow/.local/lib/python3.8/site-packages/airflow/models/taskinstance.py", line 433, in _execute_task
    result = execute_callable(context=context, **execute_callable_kwargs)
  File "/home/airflow/.local/lib/python3.8/site-packages/airflow/operators/python.py", line 199, in execute
    return_value = self.execute_callable()
  File "/home/airflow/.local/lib/python3.8/site-packages/airflow/operators/python.py", line 216, in execute_callable
    return self.python_callable(*self.op_args, **self.op_kwargs)
TypeError: transform_data() missing 1 required positional argument: 'df'
[2025-12-17T04:56:27.840+0000] {taskinstance.py:1138} INFO - Marking task as UP_FOR_RETRY. dag_id=etl_***, task_id=transform, execution_date=20250131T000000, start_date=20251217T045627, end_date=20251217T045627
[2025-12-17T04:56:27.856+0000] {standard_task_runner.py:107} ERROR - Failed to execute job 1566 for task transform (transform_data() missing 1 required positional argument: 'df'; 5386)
[2025-12-17T04:56:27.892+0000] {local_task_job_runner.py:234} INFO - Task exited with return code 1
[2025-12-17T04:56:27.966+0000] {taskinstance.py:3280} INFO - 0 downstream tasks scheduled from follow-on schedule check
