[2025-12-16T17:11:01.394+0000] {taskinstance.py:1956} INFO - Dependencies all met for dep_context=non-requeueable deps ti=<TaskInstance: etl_airflow.transform scheduled__2024-04-03T00:00:00+00:00 [queued]>
[2025-12-16T17:11:01.432+0000] {taskinstance.py:1956} INFO - Dependencies all met for dep_context=requeueable deps ti=<TaskInstance: etl_airflow.transform scheduled__2024-04-03T00:00:00+00:00 [queued]>
[2025-12-16T17:11:01.439+0000] {taskinstance.py:2170} INFO - Starting attempt 1 of 3
[2025-12-16T17:11:01.486+0000] {taskinstance.py:2191} INFO - Executing <Task(PythonOperator): transform> on 2024-04-03 00:00:00+00:00
[2025-12-16T17:11:01.507+0000] {standard_task_runner.py:60} INFO - Started process 1197 to run task
[2025-12-16T17:11:01.516+0000] {standard_task_runner.py:87} INFO - Running: ['***', 'tasks', 'run', 'etl_***', 'transform', 'scheduled__2024-04-03T00:00:00+00:00', '--job-id', '3883', '--raw', '--subdir', 'DAGS_FOLDER/etl_dag.py', '--cfg-path', '/tmp/tmp81mupt8o']
[2025-12-16T17:11:01.529+0000] {standard_task_runner.py:88} INFO - Job 3883: Subtask transform
[2025-12-16T17:11:01.769+0000] {task_command.py:423} INFO - Running <TaskInstance: etl_airflow.transform scheduled__2024-04-03T00:00:00+00:00 [running]> on host 3b89cfee50e9
[2025-12-16T17:11:01.976+0000] {taskinstance.py:2480} INFO - Exporting env vars: AIRFLOW_CTX_DAG_OWNER='***' AIRFLOW_CTX_DAG_ID='etl_***' AIRFLOW_CTX_TASK_ID='transform' AIRFLOW_CTX_EXECUTION_DATE='2024-04-03T00:00:00+00:00' AIRFLOW_CTX_TRY_NUMBER='1' AIRFLOW_CTX_DAG_RUN_ID='scheduled__2024-04-03T00:00:00+00:00'
[2025-12-16T17:11:01.980+0000] {logging_mixin.py:188} INFO - [TRANSFORM]
[2025-12-16T17:11:02.393+0000] {logging_mixin.py:188} INFO - [TRANSFORM] done
[2025-12-16T17:11:02.395+0000] {python.py:201} INFO - Done. Returned value was: None
[2025-12-16T17:11:02.418+0000] {taskinstance.py:1138} INFO - Marking task as SUCCESS. dag_id=etl_***, task_id=transform, execution_date=20240403T000000, start_date=20251216T171101, end_date=20251216T171102
[2025-12-16T17:11:02.510+0000] {local_task_job_runner.py:234} INFO - Task exited with return code 0
[2025-12-16T17:11:02.596+0000] {taskinstance.py:3280} INFO - 1 downstream tasks scheduled from follow-on schedule check
[2025-12-17T01:51:47.128+0000] {taskinstance.py:1956} INFO - Dependencies all met for dep_context=non-requeueable deps ti=<TaskInstance: etl_airflow.transform scheduled__2024-04-03T00:00:00+00:00 [queued]>
[2025-12-17T01:51:47.162+0000] {taskinstance.py:1956} INFO - Dependencies all met for dep_context=requeueable deps ti=<TaskInstance: etl_airflow.transform scheduled__2024-04-03T00:00:00+00:00 [queued]>
[2025-12-17T01:51:47.164+0000] {taskinstance.py:2170} INFO - Starting attempt 1 of 3
[2025-12-17T01:51:47.247+0000] {taskinstance.py:2191} INFO - Executing <Task(PythonOperator): transform> on 2024-04-03 00:00:00+00:00
[2025-12-17T01:51:47.279+0000] {standard_task_runner.py:60} INFO - Started process 1131 to run task
[2025-12-17T01:51:47.324+0000] {standard_task_runner.py:87} INFO - Running: ['***', 'tasks', 'run', 'etl_***', 'transform', 'scheduled__2024-04-03T00:00:00+00:00', '--job-id', '292', '--raw', '--subdir', 'DAGS_FOLDER/etl_dag.py', '--cfg-path', '/tmp/tmp4ktsiel4']
[2025-12-17T01:51:47.350+0000] {standard_task_runner.py:88} INFO - Job 292: Subtask transform
[2025-12-17T01:51:47.607+0000] {task_command.py:423} INFO - Running <TaskInstance: etl_airflow.transform scheduled__2024-04-03T00:00:00+00:00 [running]> on host 571e042550da
[2025-12-17T01:51:48.072+0000] {taskinstance.py:2480} INFO - Exporting env vars: AIRFLOW_CTX_DAG_OWNER='***' AIRFLOW_CTX_DAG_ID='etl_***' AIRFLOW_CTX_TASK_ID='transform' AIRFLOW_CTX_EXECUTION_DATE='2024-04-03T00:00:00+00:00' AIRFLOW_CTX_TRY_NUMBER='1' AIRFLOW_CTX_DAG_RUN_ID='scheduled__2024-04-03T00:00:00+00:00'
[2025-12-17T01:51:48.075+0000] {logging_mixin.py:188} INFO - [TRANSFORM]
[2025-12-17T01:51:48.124+0000] {logging_mixin.py:188} INFO - [TRANSFORM] done
[2025-12-17T01:51:48.125+0000] {python.py:201} INFO - Done. Returned value was: None
[2025-12-17T01:51:48.145+0000] {taskinstance.py:1138} INFO - Marking task as SUCCESS. dag_id=etl_***, task_id=transform, execution_date=20240403T000000, start_date=20251217T015147, end_date=20251217T015148
[2025-12-17T01:51:48.230+0000] {local_task_job_runner.py:234} INFO - Task exited with return code 0
[2025-12-17T01:51:48.272+0000] {taskinstance.py:3280} INFO - 1 downstream tasks scheduled from follow-on schedule check
[2025-12-17T04:45:18.122+0000] {taskinstance.py:1956} INFO - Dependencies all met for dep_context=non-requeueable deps ti=<TaskInstance: etl_airflow.transform scheduled__2024-04-03T00:00:00+00:00 [queued]>
[2025-12-17T04:45:18.150+0000] {taskinstance.py:1956} INFO - Dependencies all met for dep_context=requeueable deps ti=<TaskInstance: etl_airflow.transform scheduled__2024-04-03T00:00:00+00:00 [queued]>
[2025-12-17T04:45:18.161+0000] {taskinstance.py:2170} INFO - Starting attempt 1 of 3
[2025-12-17T04:45:18.197+0000] {taskinstance.py:2191} INFO - Executing <Task(PythonOperator): transform> on 2024-04-03 00:00:00+00:00
[2025-12-17T04:45:18.210+0000] {standard_task_runner.py:60} INFO - Started process 1362 to run task
[2025-12-17T04:45:18.215+0000] {standard_task_runner.py:87} INFO - Running: ['***', 'tasks', 'run', 'etl_***', 'transform', 'scheduled__2024-04-03T00:00:00+00:00', '--job-id', '349', '--raw', '--subdir', 'DAGS_FOLDER/etl_***.py', '--cfg-path', '/tmp/tmpz8euukxc']
[2025-12-17T04:45:18.267+0000] {standard_task_runner.py:88} INFO - Job 349: Subtask transform
[2025-12-17T04:45:18.445+0000] {task_command.py:423} INFO - Running <TaskInstance: etl_airflow.transform scheduled__2024-04-03T00:00:00+00:00 [running]> on host b3426f05ac70
[2025-12-17T04:45:18.896+0000] {taskinstance.py:2480} INFO - Exporting env vars: AIRFLOW_CTX_DAG_OWNER='***' AIRFLOW_CTX_DAG_ID='etl_***' AIRFLOW_CTX_TASK_ID='transform' AIRFLOW_CTX_EXECUTION_DATE='2024-04-03T00:00:00+00:00' AIRFLOW_CTX_TRY_NUMBER='1' AIRFLOW_CTX_DAG_RUN_ID='scheduled__2024-04-03T00:00:00+00:00'
[2025-12-17T04:45:18.901+0000] {taskinstance.py:2698} ERROR - Task failed with exception
Traceback (most recent call last):
  File "/home/airflow/.local/lib/python3.8/site-packages/airflow/models/taskinstance.py", line 433, in _execute_task
    result = execute_callable(context=context, **execute_callable_kwargs)
  File "/home/airflow/.local/lib/python3.8/site-packages/airflow/operators/python.py", line 199, in execute
    return_value = self.execute_callable()
  File "/home/airflow/.local/lib/python3.8/site-packages/airflow/operators/python.py", line 216, in execute_callable
    return self.python_callable(*self.op_args, **self.op_kwargs)
TypeError: transform_data() missing 1 required positional argument: 'df'
[2025-12-17T04:45:18.925+0000] {taskinstance.py:1138} INFO - Marking task as UP_FOR_RETRY. dag_id=etl_***, task_id=transform, execution_date=20240403T000000, start_date=20251217T044518, end_date=20251217T044518
[2025-12-17T04:45:18.950+0000] {standard_task_runner.py:107} ERROR - Failed to execute job 349 for task transform (transform_data() missing 1 required positional argument: 'df'; 1362)
[2025-12-17T04:45:18.998+0000] {local_task_job_runner.py:234} INFO - Task exited with return code 1
[2025-12-17T04:45:19.061+0000] {taskinstance.py:3280} INFO - 0 downstream tasks scheduled from follow-on schedule check
[2025-12-17T07:38:43.342+0000] {taskinstance.py:1956} INFO - Dependencies all met for dep_context=non-requeueable deps ti=<TaskInstance: etl_airflow.transform scheduled__2024-04-03T00:00:00+00:00 [queued]>
[2025-12-17T07:38:43.361+0000] {taskinstance.py:1956} INFO - Dependencies all met for dep_context=requeueable deps ti=<TaskInstance: etl_airflow.transform scheduled__2024-04-03T00:00:00+00:00 [queued]>
[2025-12-17T07:38:43.362+0000] {taskinstance.py:2170} INFO - Starting attempt 1 of 3
[2025-12-17T07:38:43.386+0000] {taskinstance.py:2191} INFO - Executing <Task(PythonOperator): transform> on 2024-04-03 00:00:00+00:00
[2025-12-17T07:38:43.396+0000] {standard_task_runner.py:60} INFO - Started process 1437 to run task
[2025-12-17T07:38:43.404+0000] {standard_task_runner.py:87} INFO - Running: ['***', 'tasks', 'run', 'etl_***', 'transform', 'scheduled__2024-04-03T00:00:00+00:00', '--job-id', '348', '--raw', '--subdir', 'DAGS_FOLDER/etl_***.py', '--cfg-path', '/tmp/tmpb24qzmxh']
[2025-12-17T07:38:43.410+0000] {standard_task_runner.py:88} INFO - Job 348: Subtask transform
[2025-12-17T07:38:43.540+0000] {task_command.py:423} INFO - Running <TaskInstance: etl_airflow.transform scheduled__2024-04-03T00:00:00+00:00 [running]> on host 2a0de06c8905
[2025-12-17T07:38:43.944+0000] {taskinstance.py:2480} INFO - Exporting env vars: AIRFLOW_CTX_DAG_OWNER='***' AIRFLOW_CTX_DAG_ID='etl_***' AIRFLOW_CTX_TASK_ID='transform' AIRFLOW_CTX_EXECUTION_DATE='2024-04-03T00:00:00+00:00' AIRFLOW_CTX_TRY_NUMBER='1' AIRFLOW_CTX_DAG_RUN_ID='scheduled__2024-04-03T00:00:00+00:00'
[2025-12-17T07:38:43.947+0000] {taskinstance.py:2698} ERROR - Task failed with exception
Traceback (most recent call last):
  File "/home/airflow/.local/lib/python3.8/site-packages/airflow/models/taskinstance.py", line 433, in _execute_task
    result = execute_callable(context=context, **execute_callable_kwargs)
  File "/home/airflow/.local/lib/python3.8/site-packages/airflow/operators/python.py", line 199, in execute
    return_value = self.execute_callable()
  File "/home/airflow/.local/lib/python3.8/site-packages/airflow/operators/python.py", line 216, in execute_callable
    return self.python_callable(*self.op_args, **self.op_kwargs)
TypeError: transform_data() missing 1 required positional argument: 'df'
[2025-12-17T07:38:43.961+0000] {taskinstance.py:1138} INFO - Marking task as UP_FOR_RETRY. dag_id=etl_***, task_id=transform, execution_date=20240403T000000, start_date=20251217T073843, end_date=20251217T073843
[2025-12-17T07:38:43.980+0000] {standard_task_runner.py:107} ERROR - Failed to execute job 348 for task transform (transform_data() missing 1 required positional argument: 'df'; 1437)
[2025-12-17T07:38:44.023+0000] {local_task_job_runner.py:234} INFO - Task exited with return code 1
[2025-12-17T07:38:44.072+0000] {taskinstance.py:3280} INFO - 0 downstream tasks scheduled from follow-on schedule check
