[2025-12-16T17:15:16.658+0000] {taskinstance.py:1956} INFO - Dependencies all met for dep_context=non-requeueable deps ti=<TaskInstance: etl_airflow.load scheduled__2024-12-09T00:00:00+00:00 [queued]>
[2025-12-16T17:15:16.689+0000] {taskinstance.py:1956} INFO - Dependencies all met for dep_context=requeueable deps ti=<TaskInstance: etl_airflow.load scheduled__2024-12-09T00:00:00+00:00 [queued]>
[2025-12-16T17:15:16.691+0000] {taskinstance.py:2170} INFO - Starting attempt 1 of 3
[2025-12-16T17:15:16.726+0000] {taskinstance.py:2191} INFO - Executing <Task(PythonOperator): load> on 2024-12-09 00:00:00+00:00
[2025-12-16T17:15:16.741+0000] {standard_task_runner.py:60} INFO - Started process 1877 to run task
[2025-12-16T17:15:16.748+0000] {standard_task_runner.py:87} INFO - Running: ['***', 'tasks', 'run', 'etl_***', 'load', 'scheduled__2024-12-09T00:00:00+00:00', '--job-id', '4669', '--raw', '--subdir', 'DAGS_FOLDER/etl_dag.py', '--cfg-path', '/tmp/tmp4s6e57q0']
[2025-12-16T17:15:16.754+0000] {standard_task_runner.py:88} INFO - Job 4669: Subtask load
[2025-12-16T17:15:16.930+0000] {task_command.py:423} INFO - Running <TaskInstance: etl_airflow.load scheduled__2024-12-09T00:00:00+00:00 [running]> on host 3b89cfee50e9
[2025-12-16T17:15:17.163+0000] {taskinstance.py:2480} INFO - Exporting env vars: AIRFLOW_CTX_DAG_OWNER='***' AIRFLOW_CTX_DAG_ID='etl_***' AIRFLOW_CTX_TASK_ID='load' AIRFLOW_CTX_EXECUTION_DATE='2024-12-09T00:00:00+00:00' AIRFLOW_CTX_TRY_NUMBER='1' AIRFLOW_CTX_DAG_RUN_ID='scheduled__2024-12-09T00:00:00+00:00'
[2025-12-16T17:15:17.168+0000] {logging_mixin.py:188} INFO - [LOAD]
[2025-12-16T17:15:17.575+0000] {logging_mixin.py:188} INFO -    user_id event_type            timestamp country
0        1      login  2025-01-01T09:00:00      IN
1        1      click  2025-01-01T09:05:00      IN
2        1     logout  2025-01-01T09:15:00      IN
3        3      login  2025-01-02T08:00:00      FR
4        3      click  2025-01-02T08:05:00      FR
[2025-12-16T17:15:17.577+0000] {logging_mixin.py:188} INFO - [LOAD] done
[2025-12-16T17:15:17.578+0000] {python.py:201} INFO - Done. Returned value was: None
[2025-12-16T17:15:17.605+0000] {taskinstance.py:1138} INFO - Marking task as SUCCESS. dag_id=etl_***, task_id=load, execution_date=20241209T000000, start_date=20251216T171516, end_date=20251216T171517
[2025-12-16T17:15:17.671+0000] {local_task_job_runner.py:234} INFO - Task exited with return code 0
[2025-12-16T17:15:17.708+0000] {taskinstance.py:3280} INFO - 0 downstream tasks scheduled from follow-on schedule check
[2025-12-17T01:56:16.958+0000] {taskinstance.py:1956} INFO - Dependencies all met for dep_context=non-requeueable deps ti=<TaskInstance: etl_airflow.load scheduled__2024-12-09T00:00:00+00:00 [queued]>
[2025-12-17T01:56:16.998+0000] {taskinstance.py:1956} INFO - Dependencies all met for dep_context=requeueable deps ti=<TaskInstance: etl_airflow.load scheduled__2024-12-09T00:00:00+00:00 [queued]>
[2025-12-17T01:56:17.001+0000] {taskinstance.py:2170} INFO - Starting attempt 1 of 3
[2025-12-17T01:56:17.043+0000] {taskinstance.py:2191} INFO - Executing <Task(PythonOperator): load> on 2024-12-09 00:00:00+00:00
[2025-12-17T01:56:17.058+0000] {standard_task_runner.py:60} INFO - Started process 3609 to run task
[2025-12-17T01:56:17.071+0000] {standard_task_runner.py:87} INFO - Running: ['***', 'tasks', 'run', 'etl_***', 'load', 'scheduled__2024-12-09T00:00:00+00:00', '--job-id', '1070', '--raw', '--subdir', 'DAGS_FOLDER/etl_dag.py', '--cfg-path', '/tmp/tmpw0ro6vm3']
[2025-12-17T01:56:17.079+0000] {standard_task_runner.py:88} INFO - Job 1070: Subtask load
[2025-12-17T01:56:17.267+0000] {task_command.py:423} INFO - Running <TaskInstance: etl_airflow.load scheduled__2024-12-09T00:00:00+00:00 [running]> on host 571e042550da
[2025-12-17T01:56:17.764+0000] {taskinstance.py:2480} INFO - Exporting env vars: AIRFLOW_CTX_DAG_OWNER='***' AIRFLOW_CTX_DAG_ID='etl_***' AIRFLOW_CTX_TASK_ID='load' AIRFLOW_CTX_EXECUTION_DATE='2024-12-09T00:00:00+00:00' AIRFLOW_CTX_TRY_NUMBER='1' AIRFLOW_CTX_DAG_RUN_ID='scheduled__2024-12-09T00:00:00+00:00'
[2025-12-17T01:56:17.767+0000] {logging_mixin.py:188} INFO - [LOAD]
[2025-12-17T01:56:17.810+0000] {logging_mixin.py:188} INFO -    user_id event_type            timestamp country
0        1      login  2025-01-01T09:00:00      IN
1        1      click  2025-01-01T09:05:00      IN
2        1     logout  2025-01-01T09:15:00      IN
3        3      login  2025-01-02T08:00:00      FR
4        3      click  2025-01-02T08:05:00      FR
[2025-12-17T01:56:17.812+0000] {logging_mixin.py:188} INFO - [LOAD] done
[2025-12-17T01:56:17.813+0000] {python.py:201} INFO - Done. Returned value was: None
[2025-12-17T01:56:17.836+0000] {taskinstance.py:1138} INFO - Marking task as SUCCESS. dag_id=etl_***, task_id=load, execution_date=20241209T000000, start_date=20251217T015616, end_date=20251217T015617
[2025-12-17T01:56:17.892+0000] {local_task_job_runner.py:234} INFO - Task exited with return code 0
[2025-12-17T01:56:18.053+0000] {taskinstance.py:3280} INFO - 0 downstream tasks scheduled from follow-on schedule check
