[2025-12-16T17:12:09.663+0000] {taskinstance.py:1956} INFO - Dependencies all met for dep_context=non-requeueable deps ti=<TaskInstance: etl_airflow.transform scheduled__2024-06-13T00:00:00+00:00 [queued]>
[2025-12-16T17:12:09.708+0000] {taskinstance.py:1956} INFO - Dependencies all met for dep_context=requeueable deps ti=<TaskInstance: etl_airflow.transform scheduled__2024-06-13T00:00:00+00:00 [queued]>
[2025-12-16T17:12:09.709+0000] {taskinstance.py:2170} INFO - Starting attempt 1 of 3
[2025-12-16T17:12:09.781+0000] {taskinstance.py:2191} INFO - Executing <Task(PythonOperator): transform> on 2024-06-13 00:00:00+00:00
[2025-12-16T17:12:09.825+0000] {standard_task_runner.py:60} INFO - Started process 1950 to run task
[2025-12-16T17:12:09.861+0000] {standard_task_runner.py:87} INFO - Running: ['***', 'tasks', 'run', 'etl_***', 'transform', 'scheduled__2024-06-13T00:00:00+00:00', '--job-id', '4115', '--raw', '--subdir', 'DAGS_FOLDER/etl_dag.py', '--cfg-path', '/tmp/tmpiy9id5gj']
[2025-12-16T17:12:09.884+0000] {standard_task_runner.py:88} INFO - Job 4115: Subtask transform
[2025-12-16T17:12:10.244+0000] {task_command.py:423} INFO - Running <TaskInstance: etl_airflow.transform scheduled__2024-06-13T00:00:00+00:00 [running]> on host 3b89cfee50e9
[2025-12-16T17:12:10.726+0000] {taskinstance.py:2480} INFO - Exporting env vars: AIRFLOW_CTX_DAG_OWNER='***' AIRFLOW_CTX_DAG_ID='etl_***' AIRFLOW_CTX_TASK_ID='transform' AIRFLOW_CTX_EXECUTION_DATE='2024-06-13T00:00:00+00:00' AIRFLOW_CTX_TRY_NUMBER='1' AIRFLOW_CTX_DAG_RUN_ID='scheduled__2024-06-13T00:00:00+00:00'
[2025-12-16T17:12:10.735+0000] {logging_mixin.py:188} INFO - [TRANSFORM]
[2025-12-16T17:12:11.179+0000] {logging_mixin.py:188} INFO - [TRANSFORM] done
[2025-12-16T17:12:11.181+0000] {python.py:201} INFO - Done. Returned value was: None
[2025-12-16T17:12:11.200+0000] {taskinstance.py:1138} INFO - Marking task as SUCCESS. dag_id=etl_***, task_id=transform, execution_date=20240613T000000, start_date=20251216T171209, end_date=20251216T171211
[2025-12-16T17:12:11.293+0000] {local_task_job_runner.py:234} INFO - Task exited with return code 0
[2025-12-16T17:12:11.351+0000] {taskinstance.py:3280} INFO - 1 downstream tasks scheduled from follow-on schedule check
[2025-12-17T01:53:07.409+0000] {taskinstance.py:1956} INFO - Dependencies all met for dep_context=non-requeueable deps ti=<TaskInstance: etl_airflow.transform scheduled__2024-06-13T00:00:00+00:00 [queued]>
[2025-12-17T01:53:07.436+0000] {taskinstance.py:1956} INFO - Dependencies all met for dep_context=requeueable deps ti=<TaskInstance: etl_airflow.transform scheduled__2024-06-13T00:00:00+00:00 [queued]>
[2025-12-17T01:53:07.441+0000] {taskinstance.py:2170} INFO - Starting attempt 1 of 3
[2025-12-17T01:53:07.480+0000] {taskinstance.py:2191} INFO - Executing <Task(PythonOperator): transform> on 2024-06-13 00:00:00+00:00
[2025-12-17T01:53:07.497+0000] {standard_task_runner.py:60} INFO - Started process 1838 to run task
[2025-12-17T01:53:07.518+0000] {standard_task_runner.py:87} INFO - Running: ['***', 'tasks', 'run', 'etl_***', 'transform', 'scheduled__2024-06-13T00:00:00+00:00', '--job-id', '510', '--raw', '--subdir', 'DAGS_FOLDER/etl_dag.py', '--cfg-path', '/tmp/tmptnobhp_x']
[2025-12-17T01:53:07.539+0000] {standard_task_runner.py:88} INFO - Job 510: Subtask transform
[2025-12-17T01:53:07.760+0000] {task_command.py:423} INFO - Running <TaskInstance: etl_airflow.transform scheduled__2024-06-13T00:00:00+00:00 [running]> on host 571e042550da
[2025-12-17T01:53:08.373+0000] {taskinstance.py:2480} INFO - Exporting env vars: AIRFLOW_CTX_DAG_OWNER='***' AIRFLOW_CTX_DAG_ID='etl_***' AIRFLOW_CTX_TASK_ID='transform' AIRFLOW_CTX_EXECUTION_DATE='2024-06-13T00:00:00+00:00' AIRFLOW_CTX_TRY_NUMBER='1' AIRFLOW_CTX_DAG_RUN_ID='scheduled__2024-06-13T00:00:00+00:00'
[2025-12-17T01:53:08.376+0000] {logging_mixin.py:188} INFO - [TRANSFORM]
[2025-12-17T01:53:08.415+0000] {logging_mixin.py:188} INFO - [TRANSFORM] done
[2025-12-17T01:53:08.416+0000] {python.py:201} INFO - Done. Returned value was: None
[2025-12-17T01:53:08.436+0000] {taskinstance.py:1138} INFO - Marking task as SUCCESS. dag_id=etl_***, task_id=transform, execution_date=20240613T000000, start_date=20251217T015307, end_date=20251217T015308
[2025-12-17T01:53:08.557+0000] {local_task_job_runner.py:234} INFO - Task exited with return code 0
[2025-12-17T01:53:08.660+0000] {taskinstance.py:3280} INFO - 1 downstream tasks scheduled from follow-on schedule check
[2025-12-17T04:48:13.630+0000] {taskinstance.py:1956} INFO - Dependencies all met for dep_context=non-requeueable deps ti=<TaskInstance: etl_airflow.transform scheduled__2024-06-13T00:00:00+00:00 [queued]>
[2025-12-17T04:48:13.649+0000] {taskinstance.py:1956} INFO - Dependencies all met for dep_context=requeueable deps ti=<TaskInstance: etl_airflow.transform scheduled__2024-06-13T00:00:00+00:00 [queued]>
[2025-12-17T04:48:13.650+0000] {taskinstance.py:2170} INFO - Starting attempt 1 of 3
[2025-12-17T04:48:13.692+0000] {taskinstance.py:2191} INFO - Executing <Task(PythonOperator): transform> on 2024-06-13 00:00:00+00:00
[2025-12-17T04:48:13.705+0000] {standard_task_runner.py:60} INFO - Started process 2397 to run task
[2025-12-17T04:48:13.713+0000] {standard_task_runner.py:87} INFO - Running: ['***', 'tasks', 'run', 'etl_***', 'transform', 'scheduled__2024-06-13T00:00:00+00:00', '--job-id', '659', '--raw', '--subdir', 'DAGS_FOLDER/etl_***.py', '--cfg-path', '/tmp/tmpj4nxv5d5']
[2025-12-17T04:48:13.720+0000] {standard_task_runner.py:88} INFO - Job 659: Subtask transform
[2025-12-17T04:48:13.940+0000] {task_command.py:423} INFO - Running <TaskInstance: etl_airflow.transform scheduled__2024-06-13T00:00:00+00:00 [running]> on host b3426f05ac70
[2025-12-17T04:48:14.431+0000] {taskinstance.py:2480} INFO - Exporting env vars: AIRFLOW_CTX_DAG_OWNER='***' AIRFLOW_CTX_DAG_ID='etl_***' AIRFLOW_CTX_TASK_ID='transform' AIRFLOW_CTX_EXECUTION_DATE='2024-06-13T00:00:00+00:00' AIRFLOW_CTX_TRY_NUMBER='1' AIRFLOW_CTX_DAG_RUN_ID='scheduled__2024-06-13T00:00:00+00:00'
[2025-12-17T04:48:14.435+0000] {taskinstance.py:2698} ERROR - Task failed with exception
Traceback (most recent call last):
  File "/home/airflow/.local/lib/python3.8/site-packages/airflow/models/taskinstance.py", line 433, in _execute_task
    result = execute_callable(context=context, **execute_callable_kwargs)
  File "/home/airflow/.local/lib/python3.8/site-packages/airflow/operators/python.py", line 199, in execute
    return_value = self.execute_callable()
  File "/home/airflow/.local/lib/python3.8/site-packages/airflow/operators/python.py", line 216, in execute_callable
    return self.python_callable(*self.op_args, **self.op_kwargs)
TypeError: transform_data() missing 1 required positional argument: 'df'
[2025-12-17T04:48:14.453+0000] {taskinstance.py:1138} INFO - Marking task as UP_FOR_RETRY. dag_id=etl_***, task_id=transform, execution_date=20240613T000000, start_date=20251217T044813, end_date=20251217T044814
[2025-12-17T04:48:14.484+0000] {standard_task_runner.py:107} ERROR - Failed to execute job 659 for task transform (transform_data() missing 1 required positional argument: 'df'; 2397)
[2025-12-17T04:48:14.542+0000] {local_task_job_runner.py:234} INFO - Task exited with return code 1
[2025-12-17T04:48:14.828+0000] {taskinstance.py:3280} INFO - 0 downstream tasks scheduled from follow-on schedule check
[2025-12-17T07:41:47.772+0000] {taskinstance.py:1956} INFO - Dependencies all met for dep_context=non-requeueable deps ti=<TaskInstance: etl_airflow.transform scheduled__2024-06-13T00:00:00+00:00 [queued]>
[2025-12-17T07:41:47.794+0000] {taskinstance.py:1956} INFO - Dependencies all met for dep_context=requeueable deps ti=<TaskInstance: etl_airflow.transform scheduled__2024-06-13T00:00:00+00:00 [queued]>
[2025-12-17T07:41:47.797+0000] {taskinstance.py:2170} INFO - Starting attempt 1 of 3
[2025-12-17T07:41:47.936+0000] {taskinstance.py:2191} INFO - Executing <Task(PythonOperator): transform> on 2024-06-13 00:00:00+00:00
[2025-12-17T07:41:47.963+0000] {standard_task_runner.py:60} INFO - Started process 2475 to run task
[2025-12-17T07:41:47.997+0000] {standard_task_runner.py:87} INFO - Running: ['***', 'tasks', 'run', 'etl_***', 'transform', 'scheduled__2024-06-13T00:00:00+00:00', '--job-id', '662', '--raw', '--subdir', 'DAGS_FOLDER/etl_***.py', '--cfg-path', '/tmp/tmp2m5687ny']
[2025-12-17T07:41:48.012+0000] {standard_task_runner.py:88} INFO - Job 662: Subtask transform
[2025-12-17T07:41:48.250+0000] {task_command.py:423} INFO - Running <TaskInstance: etl_airflow.transform scheduled__2024-06-13T00:00:00+00:00 [running]> on host 2a0de06c8905
[2025-12-17T07:41:48.737+0000] {taskinstance.py:2480} INFO - Exporting env vars: AIRFLOW_CTX_DAG_OWNER='***' AIRFLOW_CTX_DAG_ID='etl_***' AIRFLOW_CTX_TASK_ID='transform' AIRFLOW_CTX_EXECUTION_DATE='2024-06-13T00:00:00+00:00' AIRFLOW_CTX_TRY_NUMBER='1' AIRFLOW_CTX_DAG_RUN_ID='scheduled__2024-06-13T00:00:00+00:00'
[2025-12-17T07:41:48.748+0000] {taskinstance.py:2698} ERROR - Task failed with exception
Traceback (most recent call last):
  File "/home/airflow/.local/lib/python3.8/site-packages/airflow/models/taskinstance.py", line 433, in _execute_task
    result = execute_callable(context=context, **execute_callable_kwargs)
  File "/home/airflow/.local/lib/python3.8/site-packages/airflow/operators/python.py", line 199, in execute
    return_value = self.execute_callable()
  File "/home/airflow/.local/lib/python3.8/site-packages/airflow/operators/python.py", line 216, in execute_callable
    return self.python_callable(*self.op_args, **self.op_kwargs)
TypeError: transform_data() missing 1 required positional argument: 'df'
[2025-12-17T07:41:48.775+0000] {taskinstance.py:1138} INFO - Marking task as UP_FOR_RETRY. dag_id=etl_***, task_id=transform, execution_date=20240613T000000, start_date=20251217T074147, end_date=20251217T074148
[2025-12-17T07:41:48.810+0000] {standard_task_runner.py:107} ERROR - Failed to execute job 662 for task transform (transform_data() missing 1 required positional argument: 'df'; 2475)
[2025-12-17T07:41:48.873+0000] {local_task_job_runner.py:234} INFO - Task exited with return code 1
[2025-12-17T07:41:48.945+0000] {taskinstance.py:3280} INFO - 0 downstream tasks scheduled from follow-on schedule check
