[2025-12-16T17:12:10.976+0000] {taskinstance.py:1956} INFO - Dependencies all met for dep_context=non-requeueable deps ti=<TaskInstance: etl_airflow.transform scheduled__2024-06-19T00:00:00+00:00 [queued]>
[2025-12-16T17:12:11.006+0000] {taskinstance.py:1956} INFO - Dependencies all met for dep_context=requeueable deps ti=<TaskInstance: etl_airflow.transform scheduled__2024-06-19T00:00:00+00:00 [queued]>
[2025-12-16T17:12:11.008+0000] {taskinstance.py:2170} INFO - Starting attempt 1 of 3
[2025-12-16T17:12:11.240+0000] {taskinstance.py:2191} INFO - Executing <Task(PythonOperator): transform> on 2024-06-19 00:00:00+00:00
[2025-12-16T17:12:11.256+0000] {standard_task_runner.py:60} INFO - Started process 1960 to run task
[2025-12-16T17:12:11.264+0000] {standard_task_runner.py:87} INFO - Running: ['***', 'tasks', 'run', 'etl_***', 'transform', 'scheduled__2024-06-19T00:00:00+00:00', '--job-id', '4125', '--raw', '--subdir', 'DAGS_FOLDER/etl_dag.py', '--cfg-path', '/tmp/tmpomv6eeoj']
[2025-12-16T17:12:11.273+0000] {standard_task_runner.py:88} INFO - Job 4125: Subtask transform
[2025-12-16T17:12:11.496+0000] {task_command.py:423} INFO - Running <TaskInstance: etl_airflow.transform scheduled__2024-06-19T00:00:00+00:00 [running]> on host 3b89cfee50e9
[2025-12-16T17:12:11.858+0000] {taskinstance.py:2480} INFO - Exporting env vars: AIRFLOW_CTX_DAG_OWNER='***' AIRFLOW_CTX_DAG_ID='etl_***' AIRFLOW_CTX_TASK_ID='transform' AIRFLOW_CTX_EXECUTION_DATE='2024-06-19T00:00:00+00:00' AIRFLOW_CTX_TRY_NUMBER='1' AIRFLOW_CTX_DAG_RUN_ID='scheduled__2024-06-19T00:00:00+00:00'
[2025-12-16T17:12:11.876+0000] {logging_mixin.py:188} INFO - [TRANSFORM]
[2025-12-16T17:12:12.315+0000] {logging_mixin.py:188} INFO - [TRANSFORM] done
[2025-12-16T17:12:12.317+0000] {python.py:201} INFO - Done. Returned value was: None
[2025-12-16T17:12:12.351+0000] {taskinstance.py:1138} INFO - Marking task as SUCCESS. dag_id=etl_***, task_id=transform, execution_date=20240619T000000, start_date=20251216T171210, end_date=20251216T171212
[2025-12-16T17:12:12.767+0000] {local_task_job_runner.py:234} INFO - Task exited with return code 0
[2025-12-16T17:12:12.823+0000] {taskinstance.py:3280} INFO - 1 downstream tasks scheduled from follow-on schedule check
[2025-12-17T01:53:12.131+0000] {taskinstance.py:1956} INFO - Dependencies all met for dep_context=non-requeueable deps ti=<TaskInstance: etl_airflow.transform scheduled__2024-06-19T00:00:00+00:00 [queued]>
[2025-12-17T01:53:12.164+0000] {taskinstance.py:1956} INFO - Dependencies all met for dep_context=requeueable deps ti=<TaskInstance: etl_airflow.transform scheduled__2024-06-19T00:00:00+00:00 [queued]>
[2025-12-17T01:53:12.166+0000] {taskinstance.py:2170} INFO - Starting attempt 1 of 3
[2025-12-17T01:53:12.209+0000] {taskinstance.py:2191} INFO - Executing <Task(PythonOperator): transform> on 2024-06-19 00:00:00+00:00
[2025-12-17T01:53:12.222+0000] {standard_task_runner.py:60} INFO - Started process 1888 to run task
[2025-12-17T01:53:12.234+0000] {standard_task_runner.py:87} INFO - Running: ['***', 'tasks', 'run', 'etl_***', 'transform', 'scheduled__2024-06-19T00:00:00+00:00', '--job-id', '529', '--raw', '--subdir', 'DAGS_FOLDER/etl_dag.py', '--cfg-path', '/tmp/tmpqy1qsk4x']
[2025-12-17T01:53:12.241+0000] {standard_task_runner.py:88} INFO - Job 529: Subtask transform
[2025-12-17T01:53:12.456+0000] {task_command.py:423} INFO - Running <TaskInstance: etl_airflow.transform scheduled__2024-06-19T00:00:00+00:00 [running]> on host 571e042550da
[2025-12-17T01:53:13.013+0000] {taskinstance.py:2480} INFO - Exporting env vars: AIRFLOW_CTX_DAG_OWNER='***' AIRFLOW_CTX_DAG_ID='etl_***' AIRFLOW_CTX_TASK_ID='transform' AIRFLOW_CTX_EXECUTION_DATE='2024-06-19T00:00:00+00:00' AIRFLOW_CTX_TRY_NUMBER='1' AIRFLOW_CTX_DAG_RUN_ID='scheduled__2024-06-19T00:00:00+00:00'
[2025-12-17T01:53:13.016+0000] {logging_mixin.py:188} INFO - [TRANSFORM]
[2025-12-17T01:53:13.055+0000] {logging_mixin.py:188} INFO - [TRANSFORM] done
[2025-12-17T01:53:13.057+0000] {python.py:201} INFO - Done. Returned value was: None
[2025-12-17T01:53:13.077+0000] {taskinstance.py:1138} INFO - Marking task as SUCCESS. dag_id=etl_***, task_id=transform, execution_date=20240619T000000, start_date=20251217T015312, end_date=20251217T015313
[2025-12-17T01:53:13.300+0000] {local_task_job_runner.py:234} INFO - Task exited with return code 0
[2025-12-17T01:53:13.365+0000] {taskinstance.py:3280} INFO - 1 downstream tasks scheduled from follow-on schedule check
[2025-12-17T04:48:15.211+0000] {taskinstance.py:1956} INFO - Dependencies all met for dep_context=non-requeueable deps ti=<TaskInstance: etl_airflow.transform scheduled__2024-06-19T00:00:00+00:00 [queued]>
[2025-12-17T04:48:15.236+0000] {taskinstance.py:1956} INFO - Dependencies all met for dep_context=requeueable deps ti=<TaskInstance: etl_airflow.transform scheduled__2024-06-19T00:00:00+00:00 [queued]>
[2025-12-17T04:48:15.237+0000] {taskinstance.py:2170} INFO - Starting attempt 1 of 3
[2025-12-17T04:48:15.267+0000] {taskinstance.py:2191} INFO - Executing <Task(PythonOperator): transform> on 2024-06-19 00:00:00+00:00
[2025-12-17T04:48:15.281+0000] {standard_task_runner.py:60} INFO - Started process 2414 to run task
[2025-12-17T04:48:15.286+0000] {standard_task_runner.py:87} INFO - Running: ['***', 'tasks', 'run', 'etl_***', 'transform', 'scheduled__2024-06-19T00:00:00+00:00', '--job-id', '667', '--raw', '--subdir', 'DAGS_FOLDER/etl_***.py', '--cfg-path', '/tmp/tmp1slrf6lv']
[2025-12-17T04:48:15.289+0000] {standard_task_runner.py:88} INFO - Job 667: Subtask transform
[2025-12-17T04:48:15.435+0000] {task_command.py:423} INFO - Running <TaskInstance: etl_airflow.transform scheduled__2024-06-19T00:00:00+00:00 [running]> on host b3426f05ac70
[2025-12-17T04:48:15.807+0000] {taskinstance.py:2480} INFO - Exporting env vars: AIRFLOW_CTX_DAG_OWNER='***' AIRFLOW_CTX_DAG_ID='etl_***' AIRFLOW_CTX_TASK_ID='transform' AIRFLOW_CTX_EXECUTION_DATE='2024-06-19T00:00:00+00:00' AIRFLOW_CTX_TRY_NUMBER='1' AIRFLOW_CTX_DAG_RUN_ID='scheduled__2024-06-19T00:00:00+00:00'
[2025-12-17T04:48:15.809+0000] {taskinstance.py:2698} ERROR - Task failed with exception
Traceback (most recent call last):
  File "/home/airflow/.local/lib/python3.8/site-packages/airflow/models/taskinstance.py", line 433, in _execute_task
    result = execute_callable(context=context, **execute_callable_kwargs)
  File "/home/airflow/.local/lib/python3.8/site-packages/airflow/operators/python.py", line 199, in execute
    return_value = self.execute_callable()
  File "/home/airflow/.local/lib/python3.8/site-packages/airflow/operators/python.py", line 216, in execute_callable
    return self.python_callable(*self.op_args, **self.op_kwargs)
TypeError: transform_data() missing 1 required positional argument: 'df'
[2025-12-17T04:48:15.823+0000] {taskinstance.py:1138} INFO - Marking task as UP_FOR_RETRY. dag_id=etl_***, task_id=transform, execution_date=20240619T000000, start_date=20251217T044815, end_date=20251217T044815
[2025-12-17T04:48:15.991+0000] {standard_task_runner.py:107} ERROR - Failed to execute job 667 for task transform (transform_data() missing 1 required positional argument: 'df'; 2414)
[2025-12-17T04:48:16.030+0000] {local_task_job_runner.py:234} INFO - Task exited with return code 1
[2025-12-17T04:48:16.065+0000] {taskinstance.py:3280} INFO - 0 downstream tasks scheduled from follow-on schedule check
[2025-12-17T07:41:50.924+0000] {taskinstance.py:1956} INFO - Dependencies all met for dep_context=non-requeueable deps ti=<TaskInstance: etl_airflow.transform scheduled__2024-06-19T00:00:00+00:00 [queued]>
[2025-12-17T07:41:50.951+0000] {taskinstance.py:1956} INFO - Dependencies all met for dep_context=requeueable deps ti=<TaskInstance: etl_airflow.transform scheduled__2024-06-19T00:00:00+00:00 [queued]>
[2025-12-17T07:41:50.952+0000] {taskinstance.py:2170} INFO - Starting attempt 1 of 3
[2025-12-17T07:41:50.985+0000] {taskinstance.py:2191} INFO - Executing <Task(PythonOperator): transform> on 2024-06-19 00:00:00+00:00
[2025-12-17T07:41:50.995+0000] {standard_task_runner.py:60} INFO - Started process 2495 to run task
[2025-12-17T07:41:51.003+0000] {standard_task_runner.py:87} INFO - Running: ['***', 'tasks', 'run', 'etl_***', 'transform', 'scheduled__2024-06-19T00:00:00+00:00', '--job-id', '672', '--raw', '--subdir', 'DAGS_FOLDER/etl_***.py', '--cfg-path', '/tmp/tmpiiynfj3_']
[2025-12-17T07:41:51.009+0000] {standard_task_runner.py:88} INFO - Job 672: Subtask transform
[2025-12-17T07:41:51.160+0000] {task_command.py:423} INFO - Running <TaskInstance: etl_airflow.transform scheduled__2024-06-19T00:00:00+00:00 [running]> on host 2a0de06c8905
[2025-12-17T07:41:51.616+0000] {taskinstance.py:2480} INFO - Exporting env vars: AIRFLOW_CTX_DAG_OWNER='***' AIRFLOW_CTX_DAG_ID='etl_***' AIRFLOW_CTX_TASK_ID='transform' AIRFLOW_CTX_EXECUTION_DATE='2024-06-19T00:00:00+00:00' AIRFLOW_CTX_TRY_NUMBER='1' AIRFLOW_CTX_DAG_RUN_ID='scheduled__2024-06-19T00:00:00+00:00'
[2025-12-17T07:41:51.620+0000] {taskinstance.py:2698} ERROR - Task failed with exception
Traceback (most recent call last):
  File "/home/airflow/.local/lib/python3.8/site-packages/airflow/models/taskinstance.py", line 433, in _execute_task
    result = execute_callable(context=context, **execute_callable_kwargs)
  File "/home/airflow/.local/lib/python3.8/site-packages/airflow/operators/python.py", line 199, in execute
    return_value = self.execute_callable()
  File "/home/airflow/.local/lib/python3.8/site-packages/airflow/operators/python.py", line 216, in execute_callable
    return self.python_callable(*self.op_args, **self.op_kwargs)
TypeError: transform_data() missing 1 required positional argument: 'df'
[2025-12-17T07:41:51.636+0000] {taskinstance.py:1138} INFO - Marking task as UP_FOR_RETRY. dag_id=etl_***, task_id=transform, execution_date=20240619T000000, start_date=20251217T074150, end_date=20251217T074151
[2025-12-17T07:41:51.661+0000] {standard_task_runner.py:107} ERROR - Failed to execute job 672 for task transform (transform_data() missing 1 required positional argument: 'df'; 2495)
[2025-12-17T07:41:51.701+0000] {local_task_job_runner.py:234} INFO - Task exited with return code 1
[2025-12-17T07:41:51.875+0000] {taskinstance.py:3280} INFO - 0 downstream tasks scheduled from follow-on schedule check
