[2025-12-16T16:33:31.334+0000] {taskinstance.py:1956} INFO - Dependencies all met for dep_context=non-requeueable deps ti=<TaskInstance: etl_airflow.extract scheduled__2024-05-15T00:00:00+00:00 [queued]>
[2025-12-16T16:33:31.348+0000] {taskinstance.py:1956} INFO - Dependencies all met for dep_context=requeueable deps ti=<TaskInstance: etl_airflow.extract scheduled__2024-05-15T00:00:00+00:00 [queued]>
[2025-12-16T16:33:31.350+0000] {taskinstance.py:2170} INFO - Starting attempt 1 of 3
[2025-12-16T16:33:31.371+0000] {taskinstance.py:2191} INFO - Executing <Task(PythonOperator): extract> on 2024-05-15 00:00:00+00:00
[2025-12-16T16:33:31.391+0000] {standard_task_runner.py:60} INFO - Started process 1723 to run task
[2025-12-16T16:33:31.397+0000] {standard_task_runner.py:87} INFO - Running: ['***', 'tasks', 'run', 'etl_***', 'extract', 'scheduled__2024-05-15T00:00:00+00:00', '--job-id', '385', '--raw', '--subdir', 'DAGS_FOLDER/etl_dag.py', '--cfg-path', '/tmp/tmpqelqq21j']
[2025-12-16T16:33:31.401+0000] {standard_task_runner.py:88} INFO - Job 385: Subtask extract
[2025-12-16T16:33:31.549+0000] {task_command.py:423} INFO - Running <TaskInstance: etl_airflow.extract scheduled__2024-05-15T00:00:00+00:00 [running]> on host 528de643acfe
[2025-12-16T16:33:31.704+0000] {taskinstance.py:2480} INFO - Exporting env vars: AIRFLOW_CTX_DAG_OWNER='***' AIRFLOW_CTX_DAG_ID='etl_***' AIRFLOW_CTX_TASK_ID='extract' AIRFLOW_CTX_EXECUTION_DATE='2024-05-15T00:00:00+00:00' AIRFLOW_CTX_TRY_NUMBER='1' AIRFLOW_CTX_DAG_RUN_ID='scheduled__2024-05-15T00:00:00+00:00'
[2025-12-16T16:33:31.707+0000] {logging_mixin.py:188} INFO - Extracting data from /opt/***/data/input.csv
[2025-12-16T16:33:31.714+0000] {taskinstance.py:2698} ERROR - Task failed with exception
Traceback (most recent call last):
  File "/home/airflow/.local/lib/python3.8/site-packages/airflow/models/taskinstance.py", line 433, in _execute_task
    result = execute_callable(context=context, **execute_callable_kwargs)
  File "/home/airflow/.local/lib/python3.8/site-packages/airflow/operators/python.py", line 199, in execute
    return_value = self.execute_callable()
  File "/home/airflow/.local/lib/python3.8/site-packages/airflow/operators/python.py", line 216, in execute_callable
    return self.python_callable(*self.op_args, **self.op_kwargs)
  File "/opt/airflow/dags/etl_logic/pipeline.py", line 97, in extract_data
    df = pd.read_csv(input_path)
  File "/home/airflow/.local/lib/python3.8/site-packages/pandas/io/parsers/readers.py", line 912, in read_csv
    return _read(filepath_or_buffer, kwds)
  File "/home/airflow/.local/lib/python3.8/site-packages/pandas/io/parsers/readers.py", line 577, in _read
    parser = TextFileReader(filepath_or_buffer, **kwds)
  File "/home/airflow/.local/lib/python3.8/site-packages/pandas/io/parsers/readers.py", line 1407, in __init__
    self._engine = self._make_engine(f, self.engine)
  File "/home/airflow/.local/lib/python3.8/site-packages/pandas/io/parsers/readers.py", line 1661, in _make_engine
    self.handles = get_handle(
  File "/home/airflow/.local/lib/python3.8/site-packages/pandas/io/common.py", line 859, in get_handle
    handle = open(
FileNotFoundError: [Errno 2] No such file or directory: '/opt/airflow/data/input.csv'
[2025-12-16T16:33:32.010+0000] {taskinstance.py:1138} INFO - Marking task as UP_FOR_RETRY. dag_id=etl_***, task_id=extract, execution_date=20240515T000000, start_date=20251216T163331, end_date=20251216T163332
[2025-12-16T16:33:32.056+0000] {standard_task_runner.py:107} ERROR - Failed to execute job 385 for task extract ([Errno 2] No such file or directory: '/opt/airflow/data/input.csv'; 1723)
[2025-12-16T16:33:32.096+0000] {local_task_job_runner.py:234} INFO - Task exited with return code 1
[2025-12-16T16:33:32.146+0000] {taskinstance.py:3280} INFO - 0 downstream tasks scheduled from follow-on schedule check
[2025-12-17T01:52:31.870+0000] {taskinstance.py:1956} INFO - Dependencies all met for dep_context=non-requeueable deps ti=<TaskInstance: etl_airflow.extract scheduled__2024-05-15T00:00:00+00:00 [queued]>
[2025-12-17T01:52:31.893+0000] {taskinstance.py:1956} INFO - Dependencies all met for dep_context=requeueable deps ti=<TaskInstance: etl_airflow.extract scheduled__2024-05-15T00:00:00+00:00 [queued]>
[2025-12-17T01:52:31.894+0000] {taskinstance.py:2170} INFO - Starting attempt 1 of 3
[2025-12-17T01:52:32.084+0000] {taskinstance.py:2191} INFO - Executing <Task(PythonOperator): extract> on 2024-05-15 00:00:00+00:00
[2025-12-17T01:52:32.097+0000] {standard_task_runner.py:60} INFO - Started process 1518 to run task
[2025-12-17T01:52:32.106+0000] {standard_task_runner.py:87} INFO - Running: ['***', 'tasks', 'run', 'etl_***', 'extract', 'scheduled__2024-05-15T00:00:00+00:00', '--job-id', '410', '--raw', '--subdir', 'DAGS_FOLDER/etl_dag.py', '--cfg-path', '/tmp/tmpa5f9a5ed']
[2025-12-17T01:52:32.114+0000] {standard_task_runner.py:88} INFO - Job 410: Subtask extract
[2025-12-17T01:52:32.292+0000] {task_command.py:423} INFO - Running <TaskInstance: etl_airflow.extract scheduled__2024-05-15T00:00:00+00:00 [running]> on host 571e042550da
[2025-12-17T01:52:32.725+0000] {taskinstance.py:2480} INFO - Exporting env vars: AIRFLOW_CTX_DAG_OWNER='***' AIRFLOW_CTX_DAG_ID='etl_***' AIRFLOW_CTX_TASK_ID='extract' AIRFLOW_CTX_EXECUTION_DATE='2024-05-15T00:00:00+00:00' AIRFLOW_CTX_TRY_NUMBER='1' AIRFLOW_CTX_DAG_RUN_ID='scheduled__2024-05-15T00:00:00+00:00'
[2025-12-17T01:52:32.728+0000] {logging_mixin.py:188} INFO - [EXTRACT] Reading /opt/***/data/synthetic_events.csv
[2025-12-17T01:52:32.769+0000] {logging_mixin.py:188} INFO - [EXTRACT] done
[2025-12-17T01:52:32.770+0000] {python.py:201} INFO - Done. Returned value was: None
[2025-12-17T01:52:32.786+0000] {taskinstance.py:1138} INFO - Marking task as SUCCESS. dag_id=etl_***, task_id=extract, execution_date=20240515T000000, start_date=20251217T015231, end_date=20251217T015232
[2025-12-17T01:52:32.851+0000] {local_task_job_runner.py:234} INFO - Task exited with return code 0
[2025-12-17T01:52:33.145+0000] {taskinstance.py:3280} INFO - 0 downstream tasks scheduled from follow-on schedule check
[2025-12-17T04:20:05.513+0000] {taskinstance.py:1956} INFO - Dependencies all met for dep_context=non-requeueable deps ti=<TaskInstance: etl_airflow.extract scheduled__2024-05-15T00:00:00+00:00 [queued]>
[2025-12-17T04:20:05.530+0000] {taskinstance.py:1956} INFO - Dependencies all met for dep_context=requeueable deps ti=<TaskInstance: etl_airflow.extract scheduled__2024-05-15T00:00:00+00:00 [queued]>
[2025-12-17T04:20:05.534+0000] {taskinstance.py:2170} INFO - Starting attempt 1 of 3
[2025-12-17T04:20:05.566+0000] {taskinstance.py:2191} INFO - Executing <Task(PythonOperator): extract> on 2024-05-15 00:00:00+00:00
[2025-12-17T04:20:05.582+0000] {standard_task_runner.py:60} INFO - Started process 860 to run task
[2025-12-17T04:20:05.590+0000] {standard_task_runner.py:87} INFO - Running: ['***', 'tasks', 'run', 'etl_***', 'extract', 'scheduled__2024-05-15T00:00:00+00:00', '--job-id', '199', '--raw', '--subdir', 'DAGS_FOLDER/etl_***.py', '--cfg-path', '/tmp/tmp1piwfk23']
[2025-12-17T04:20:05.595+0000] {standard_task_runner.py:88} INFO - Job 199: Subtask extract
[2025-12-17T04:20:05.717+0000] {task_command.py:423} INFO - Running <TaskInstance: etl_airflow.extract scheduled__2024-05-15T00:00:00+00:00 [running]> on host c5811fe183ca
[2025-12-17T04:20:06.089+0000] {taskinstance.py:2480} INFO - Exporting env vars: AIRFLOW_CTX_DAG_OWNER='***' AIRFLOW_CTX_DAG_ID='etl_***' AIRFLOW_CTX_TASK_ID='extract' AIRFLOW_CTX_EXECUTION_DATE='2024-05-15T00:00:00+00:00' AIRFLOW_CTX_TRY_NUMBER='1' AIRFLOW_CTX_DAG_RUN_ID='scheduled__2024-05-15T00:00:00+00:00'
[2025-12-17T04:20:06.110+0000] {python.py:201} INFO - Done. Returned value was:    user_id event_type           timestamp country
0        1      login 2025-01-01 09:00:00      IN
1        1      click 2025-01-01 09:05:00      IN
2        1     logout 2025-01-01 09:15:00      IN
3        2      login 2025-01-01 10:00:00      US
4        2      click 2025-01-01 10:10:00      US
5        2     logout 2025-01-01 10:20:00      US
6        3      login 2025-01-02 08:00:00      FR
7        3      click 2025-01-02 08:05:00      FR
8        3     logout 2025-01-02 08:30:00      FR
[2025-12-17T04:20:06.207+0000] {taskinstance.py:1138} INFO - Marking task as SUCCESS. dag_id=etl_***, task_id=extract, execution_date=20240515T000000, start_date=20251217T042005, end_date=20251217T042006
[2025-12-17T04:20:06.285+0000] {local_task_job_runner.py:234} INFO - Task exited with return code 0
[2025-12-17T04:20:06.308+0000] {taskinstance.py:3280} INFO - 0 downstream tasks scheduled from follow-on schedule check
[2025-12-17T04:47:03.748+0000] {taskinstance.py:1956} INFO - Dependencies all met for dep_context=non-requeueable deps ti=<TaskInstance: etl_airflow.extract scheduled__2024-05-15T00:00:00+00:00 [queued]>
[2025-12-17T04:47:03.763+0000] {taskinstance.py:1956} INFO - Dependencies all met for dep_context=requeueable deps ti=<TaskInstance: etl_airflow.extract scheduled__2024-05-15T00:00:00+00:00 [queued]>
[2025-12-17T04:47:03.764+0000] {taskinstance.py:2170} INFO - Starting attempt 1 of 3
[2025-12-17T04:47:03.886+0000] {taskinstance.py:2191} INFO - Executing <Task(PythonOperator): extract> on 2024-05-15 00:00:00+00:00
[2025-12-17T04:47:03.896+0000] {standard_task_runner.py:60} INFO - Started process 1949 to run task
[2025-12-17T04:47:03.904+0000] {standard_task_runner.py:87} INFO - Running: ['***', 'tasks', 'run', 'etl_***', 'extract', 'scheduled__2024-05-15T00:00:00+00:00', '--job-id', '522', '--raw', '--subdir', 'DAGS_FOLDER/etl_***.py', '--cfg-path', '/tmp/tmpupmbones']
[2025-12-17T04:47:03.914+0000] {standard_task_runner.py:88} INFO - Job 522: Subtask extract
[2025-12-17T04:47:04.034+0000] {task_command.py:423} INFO - Running <TaskInstance: etl_airflow.extract scheduled__2024-05-15T00:00:00+00:00 [running]> on host b3426f05ac70
[2025-12-17T04:47:04.393+0000] {taskinstance.py:2480} INFO - Exporting env vars: AIRFLOW_CTX_DAG_OWNER='***' AIRFLOW_CTX_DAG_ID='etl_***' AIRFLOW_CTX_TASK_ID='extract' AIRFLOW_CTX_EXECUTION_DATE='2024-05-15T00:00:00+00:00' AIRFLOW_CTX_TRY_NUMBER='1' AIRFLOW_CTX_DAG_RUN_ID='scheduled__2024-05-15T00:00:00+00:00'
[2025-12-17T04:47:04.416+0000] {python.py:201} INFO - Done. Returned value was:    user_id event_type           timestamp country
0        1      login 2025-01-01 09:00:00      IN
1        1      click 2025-01-01 09:05:00      IN
2        1     logout 2025-01-01 09:15:00      IN
3        2      login 2025-01-01 10:00:00      US
4        2      click 2025-01-01 10:10:00      US
5        2     logout 2025-01-01 10:20:00      US
6        3      login 2025-01-02 08:00:00      FR
7        3      click 2025-01-02 08:05:00      FR
8        3     logout 2025-01-02 08:30:00      FR
[2025-12-17T04:47:04.471+0000] {taskinstance.py:1138} INFO - Marking task as SUCCESS. dag_id=etl_***, task_id=extract, execution_date=20240515T000000, start_date=20251217T044703, end_date=20251217T044704
[2025-12-17T04:47:04.556+0000] {local_task_job_runner.py:234} INFO - Task exited with return code 0
[2025-12-17T04:47:04.609+0000] {taskinstance.py:3280} INFO - 1 downstream tasks scheduled from follow-on schedule check
[2025-12-17T07:40:30.814+0000] {taskinstance.py:1956} INFO - Dependencies all met for dep_context=non-requeueable deps ti=<TaskInstance: etl_airflow.extract scheduled__2024-05-15T00:00:00+00:00 [queued]>
[2025-12-17T07:40:30.841+0000] {taskinstance.py:1956} INFO - Dependencies all met for dep_context=requeueable deps ti=<TaskInstance: etl_airflow.extract scheduled__2024-05-15T00:00:00+00:00 [queued]>
[2025-12-17T07:40:30.843+0000] {taskinstance.py:2170} INFO - Starting attempt 1 of 3
[2025-12-17T07:40:31.101+0000] {taskinstance.py:2191} INFO - Executing <Task(PythonOperator): extract> on 2024-05-15 00:00:00+00:00
[2025-12-17T07:40:31.139+0000] {standard_task_runner.py:87} INFO - Running: ['***', 'tasks', 'run', 'etl_***', 'extract', 'scheduled__2024-05-15T00:00:00+00:00', '--job-id', '522', '--raw', '--subdir', 'DAGS_FOLDER/etl_***.py', '--cfg-path', '/tmp/tmph9_gizpf']
[2025-12-17T07:40:31.146+0000] {standard_task_runner.py:88} INFO - Job 522: Subtask extract
[2025-12-17T07:40:31.146+0000] {standard_task_runner.py:60} INFO - Started process 2019 to run task
[2025-12-17T07:40:31.448+0000] {task_command.py:423} INFO - Running <TaskInstance: etl_airflow.extract scheduled__2024-05-15T00:00:00+00:00 [running]> on host 2a0de06c8905
[2025-12-17T07:40:31.978+0000] {taskinstance.py:2480} INFO - Exporting env vars: AIRFLOW_CTX_DAG_OWNER='***' AIRFLOW_CTX_DAG_ID='etl_***' AIRFLOW_CTX_TASK_ID='extract' AIRFLOW_CTX_EXECUTION_DATE='2024-05-15T00:00:00+00:00' AIRFLOW_CTX_TRY_NUMBER='1' AIRFLOW_CTX_DAG_RUN_ID='scheduled__2024-05-15T00:00:00+00:00'
[2025-12-17T07:40:32.029+0000] {python.py:201} INFO - Done. Returned value was:    user_id event_type           timestamp country
0        1      login 2025-01-01 09:00:00      IN
1        1      click 2025-01-01 09:05:00      IN
2        1     logout 2025-01-01 09:15:00      IN
3        2      login 2025-01-01 10:00:00      US
4        2      click 2025-01-01 10:10:00      US
5        2     logout 2025-01-01 10:20:00      US
6        3      login 2025-01-02 08:00:00      FR
7        3      click 2025-01-02 08:05:00      FR
8        3     logout 2025-01-02 08:30:00      FR
[2025-12-17T07:40:32.117+0000] {taskinstance.py:1138} INFO - Marking task as SUCCESS. dag_id=etl_***, task_id=extract, execution_date=20240515T000000, start_date=20251217T074030, end_date=20251217T074032
[2025-12-17T07:40:32.278+0000] {local_task_job_runner.py:234} INFO - Task exited with return code 0
[2025-12-17T07:40:32.360+0000] {taskinstance.py:3280} INFO - 1 downstream tasks scheduled from follow-on schedule check
