[2025-12-16T16:37:14.991+0000] {taskinstance.py:1956} INFO - Dependencies all met for dep_context=non-requeueable deps ti=<TaskInstance: etl_airflow.extract scheduled__2024-07-26T00:00:00+00:00 [queued]>
[2025-12-16T16:37:15.005+0000] {taskinstance.py:1956} INFO - Dependencies all met for dep_context=requeueable deps ti=<TaskInstance: etl_airflow.extract scheduled__2024-07-26T00:00:00+00:00 [queued]>
[2025-12-16T16:37:15.006+0000] {taskinstance.py:2170} INFO - Starting attempt 1 of 3
[2025-12-16T16:37:15.171+0000] {taskinstance.py:2191} INFO - Executing <Task(PythonOperator): extract> on 2024-07-26 00:00:00+00:00
[2025-12-16T16:37:15.185+0000] {standard_task_runner.py:60} INFO - Started process 940 to run task
[2025-12-16T16:37:15.194+0000] {standard_task_runner.py:87} INFO - Running: ['***', 'tasks', 'run', 'etl_***', 'extract', 'scheduled__2024-07-26T00:00:00+00:00', '--job-id', '623', '--raw', '--subdir', 'DAGS_FOLDER/etl_dag.py', '--cfg-path', '/tmp/tmpqb9py0gr']
[2025-12-16T16:37:15.200+0000] {standard_task_runner.py:88} INFO - Job 623: Subtask extract
[2025-12-16T16:37:15.328+0000] {task_command.py:423} INFO - Running <TaskInstance: etl_airflow.extract scheduled__2024-07-26T00:00:00+00:00 [running]> on host 02b83863a69a
[2025-12-16T16:37:15.471+0000] {taskinstance.py:2480} INFO - Exporting env vars: AIRFLOW_CTX_DAG_OWNER='***' AIRFLOW_CTX_DAG_ID='etl_***' AIRFLOW_CTX_TASK_ID='extract' AIRFLOW_CTX_EXECUTION_DATE='2024-07-26T00:00:00+00:00' AIRFLOW_CTX_TRY_NUMBER='1' AIRFLOW_CTX_DAG_RUN_ID='scheduled__2024-07-26T00:00:00+00:00'
[2025-12-16T16:37:15.474+0000] {logging_mixin.py:188} INFO - Extracting data from /opt/***/data/input.csv
[2025-12-16T16:37:15.481+0000] {taskinstance.py:2698} ERROR - Task failed with exception
Traceback (most recent call last):
  File "/home/airflow/.local/lib/python3.8/site-packages/airflow/models/taskinstance.py", line 433, in _execute_task
    result = execute_callable(context=context, **execute_callable_kwargs)
  File "/home/airflow/.local/lib/python3.8/site-packages/airflow/operators/python.py", line 199, in execute
    return_value = self.execute_callable()
  File "/home/airflow/.local/lib/python3.8/site-packages/airflow/operators/python.py", line 216, in execute_callable
    return self.python_callable(*self.op_args, **self.op_kwargs)
  File "/opt/airflow/dags/etl_logic/pipeline.py", line 97, in extract_data
    df = pd.read_csv(input_path)
  File "/home/airflow/.local/lib/python3.8/site-packages/pandas/io/parsers/readers.py", line 912, in read_csv
    return _read(filepath_or_buffer, kwds)
  File "/home/airflow/.local/lib/python3.8/site-packages/pandas/io/parsers/readers.py", line 577, in _read
    parser = TextFileReader(filepath_or_buffer, **kwds)
  File "/home/airflow/.local/lib/python3.8/site-packages/pandas/io/parsers/readers.py", line 1407, in __init__
    self._engine = self._make_engine(f, self.engine)
  File "/home/airflow/.local/lib/python3.8/site-packages/pandas/io/parsers/readers.py", line 1661, in _make_engine
    self.handles = get_handle(
  File "/home/airflow/.local/lib/python3.8/site-packages/pandas/io/common.py", line 859, in get_handle
    handle = open(
FileNotFoundError: [Errno 2] No such file or directory: '/opt/airflow/data/input.csv'
[2025-12-16T16:37:15.510+0000] {taskinstance.py:1138} INFO - Marking task as UP_FOR_RETRY. dag_id=etl_***, task_id=extract, execution_date=20240726T000000, start_date=20251216T163714, end_date=20251216T163715
[2025-12-16T16:37:15.845+0000] {standard_task_runner.py:107} ERROR - Failed to execute job 623 for task extract ([Errno 2] No such file or directory: '/opt/airflow/data/input.csv'; 940)
[2025-12-16T16:37:15.890+0000] {local_task_job_runner.py:234} INFO - Task exited with return code 1
[2025-12-16T16:37:15.939+0000] {taskinstance.py:3280} INFO - 0 downstream tasks scheduled from follow-on schedule check
[2025-12-17T01:53:46.295+0000] {taskinstance.py:1956} INFO - Dependencies all met for dep_context=non-requeueable deps ti=<TaskInstance: etl_airflow.extract scheduled__2024-07-26T00:00:00+00:00 [queued]>
[2025-12-17T01:53:46.319+0000] {taskinstance.py:1956} INFO - Dependencies all met for dep_context=requeueable deps ti=<TaskInstance: etl_airflow.extract scheduled__2024-07-26T00:00:00+00:00 [queued]>
[2025-12-17T01:53:46.321+0000] {taskinstance.py:2170} INFO - Starting attempt 1 of 3
[2025-12-17T01:53:46.521+0000] {taskinstance.py:2191} INFO - Executing <Task(PythonOperator): extract> on 2024-07-26 00:00:00+00:00
[2025-12-17T01:53:46.553+0000] {standard_task_runner.py:60} INFO - Started process 2213 to run task
[2025-12-17T01:53:46.571+0000] {standard_task_runner.py:87} INFO - Running: ['***', 'tasks', 'run', 'etl_***', 'extract', 'scheduled__2024-07-26T00:00:00+00:00', '--job-id', '631', '--raw', '--subdir', 'DAGS_FOLDER/etl_dag.py', '--cfg-path', '/tmp/tmpfq0tcp8h']
[2025-12-17T01:53:46.580+0000] {standard_task_runner.py:88} INFO - Job 631: Subtask extract
[2025-12-17T01:53:46.750+0000] {task_command.py:423} INFO - Running <TaskInstance: etl_airflow.extract scheduled__2024-07-26T00:00:00+00:00 [running]> on host 571e042550da
[2025-12-17T01:53:47.262+0000] {taskinstance.py:2480} INFO - Exporting env vars: AIRFLOW_CTX_DAG_OWNER='***' AIRFLOW_CTX_DAG_ID='etl_***' AIRFLOW_CTX_TASK_ID='extract' AIRFLOW_CTX_EXECUTION_DATE='2024-07-26T00:00:00+00:00' AIRFLOW_CTX_TRY_NUMBER='1' AIRFLOW_CTX_DAG_RUN_ID='scheduled__2024-07-26T00:00:00+00:00'
[2025-12-17T01:53:47.265+0000] {logging_mixin.py:188} INFO - [EXTRACT] Reading /opt/***/data/synthetic_events.csv
[2025-12-17T01:53:47.311+0000] {logging_mixin.py:188} INFO - [EXTRACT] done
[2025-12-17T01:53:47.313+0000] {python.py:201} INFO - Done. Returned value was: None
[2025-12-17T01:53:47.338+0000] {taskinstance.py:1138} INFO - Marking task as SUCCESS. dag_id=etl_***, task_id=extract, execution_date=20240726T000000, start_date=20251217T015346, end_date=20251217T015347
[2025-12-17T01:53:47.427+0000] {local_task_job_runner.py:234} INFO - Task exited with return code 0
[2025-12-17T01:53:47.492+0000] {taskinstance.py:3280} INFO - 1 downstream tasks scheduled from follow-on schedule check
[2025-12-17T04:21:15.717+0000] {taskinstance.py:1956} INFO - Dependencies all met for dep_context=non-requeueable deps ti=<TaskInstance: etl_airflow.extract scheduled__2024-07-26T00:00:00+00:00 [queued]>
[2025-12-17T04:21:15.735+0000] {taskinstance.py:1956} INFO - Dependencies all met for dep_context=requeueable deps ti=<TaskInstance: etl_airflow.extract scheduled__2024-07-26T00:00:00+00:00 [queued]>
[2025-12-17T04:21:15.736+0000] {taskinstance.py:2170} INFO - Starting attempt 1 of 3
[2025-12-17T04:21:15.764+0000] {taskinstance.py:2191} INFO - Executing <Task(PythonOperator): extract> on 2024-07-26 00:00:00+00:00
[2025-12-17T04:21:15.775+0000] {standard_task_runner.py:60} INFO - Started process 1281 to run task
[2025-12-17T04:21:15.783+0000] {standard_task_runner.py:87} INFO - Running: ['***', 'tasks', 'run', 'etl_***', 'extract', 'scheduled__2024-07-26T00:00:00+00:00', '--job-id', '320', '--raw', '--subdir', 'DAGS_FOLDER/etl_***.py', '--cfg-path', '/tmp/tmpgcn7csqb']
[2025-12-17T04:21:15.792+0000] {standard_task_runner.py:88} INFO - Job 320: Subtask extract
[2025-12-17T04:21:15.920+0000] {task_command.py:423} INFO - Running <TaskInstance: etl_airflow.extract scheduled__2024-07-26T00:00:00+00:00 [running]> on host c5811fe183ca
[2025-12-17T04:21:16.377+0000] {taskinstance.py:2480} INFO - Exporting env vars: AIRFLOW_CTX_DAG_OWNER='***' AIRFLOW_CTX_DAG_ID='etl_***' AIRFLOW_CTX_TASK_ID='extract' AIRFLOW_CTX_EXECUTION_DATE='2024-07-26T00:00:00+00:00' AIRFLOW_CTX_TRY_NUMBER='1' AIRFLOW_CTX_DAG_RUN_ID='scheduled__2024-07-26T00:00:00+00:00'
[2025-12-17T04:21:16.422+0000] {python.py:201} INFO - Done. Returned value was:    user_id event_type           timestamp country
0        1      login 2025-01-01 09:00:00      IN
1        1      click 2025-01-01 09:05:00      IN
2        1     logout 2025-01-01 09:15:00      IN
3        2      login 2025-01-01 10:00:00      US
4        2      click 2025-01-01 10:10:00      US
5        2     logout 2025-01-01 10:20:00      US
6        3      login 2025-01-02 08:00:00      FR
7        3      click 2025-01-02 08:05:00      FR
8        3     logout 2025-01-02 08:30:00      FR
[2025-12-17T04:21:16.514+0000] {taskinstance.py:1138} INFO - Marking task as SUCCESS. dag_id=etl_***, task_id=extract, execution_date=20240726T000000, start_date=20251217T042115, end_date=20251217T042116
[2025-12-17T04:21:16.700+0000] {local_task_job_runner.py:234} INFO - Task exited with return code 0
[2025-12-17T04:21:16.975+0000] {taskinstance.py:3280} INFO - 0 downstream tasks scheduled from follow-on schedule check
[2025-12-17T04:49:23.561+0000] {taskinstance.py:1956} INFO - Dependencies all met for dep_context=non-requeueable deps ti=<TaskInstance: etl_airflow.extract scheduled__2024-07-26T00:00:00+00:00 [queued]>
[2025-12-17T04:49:23.582+0000] {taskinstance.py:1956} INFO - Dependencies all met for dep_context=requeueable deps ti=<TaskInstance: etl_airflow.extract scheduled__2024-07-26T00:00:00+00:00 [queued]>
[2025-12-17T04:49:23.584+0000] {taskinstance.py:2170} INFO - Starting attempt 1 of 3
[2025-12-17T04:49:23.610+0000] {taskinstance.py:2191} INFO - Executing <Task(PythonOperator): extract> on 2024-07-26 00:00:00+00:00
[2025-12-17T04:49:23.620+0000] {standard_task_runner.py:60} INFO - Started process 2827 to run task
[2025-12-17T04:49:23.627+0000] {standard_task_runner.py:87} INFO - Running: ['***', 'tasks', 'run', 'etl_***', 'extract', 'scheduled__2024-07-26T00:00:00+00:00', '--job-id', '794', '--raw', '--subdir', 'DAGS_FOLDER/etl_***.py', '--cfg-path', '/tmp/tmp_e4e49_c']
[2025-12-17T04:49:23.632+0000] {standard_task_runner.py:88} INFO - Job 794: Subtask extract
[2025-12-17T04:49:23.749+0000] {task_command.py:423} INFO - Running <TaskInstance: etl_airflow.extract scheduled__2024-07-26T00:00:00+00:00 [running]> on host b3426f05ac70
[2025-12-17T04:49:24.074+0000] {taskinstance.py:2480} INFO - Exporting env vars: AIRFLOW_CTX_DAG_OWNER='***' AIRFLOW_CTX_DAG_ID='etl_***' AIRFLOW_CTX_TASK_ID='extract' AIRFLOW_CTX_EXECUTION_DATE='2024-07-26T00:00:00+00:00' AIRFLOW_CTX_TRY_NUMBER='1' AIRFLOW_CTX_DAG_RUN_ID='scheduled__2024-07-26T00:00:00+00:00'
[2025-12-17T04:49:24.100+0000] {python.py:201} INFO - Done. Returned value was:    user_id event_type           timestamp country
0        1      login 2025-01-01 09:00:00      IN
1        1      click 2025-01-01 09:05:00      IN
2        1     logout 2025-01-01 09:15:00      IN
3        2      login 2025-01-01 10:00:00      US
4        2      click 2025-01-01 10:10:00      US
5        2     logout 2025-01-01 10:20:00      US
6        3      login 2025-01-02 08:00:00      FR
7        3      click 2025-01-02 08:05:00      FR
8        3     logout 2025-01-02 08:30:00      FR
[2025-12-17T04:49:24.189+0000] {taskinstance.py:1138} INFO - Marking task as SUCCESS. dag_id=etl_***, task_id=extract, execution_date=20240726T000000, start_date=20251217T044923, end_date=20251217T044924
[2025-12-17T04:49:24.484+0000] {local_task_job_runner.py:234} INFO - Task exited with return code 0
[2025-12-17T04:49:24.529+0000] {taskinstance.py:3280} INFO - 1 downstream tasks scheduled from follow-on schedule check
[2025-12-17T07:43:41.211+0000] {taskinstance.py:1956} INFO - Dependencies all met for dep_context=non-requeueable deps ti=<TaskInstance: etl_airflow.extract scheduled__2024-07-26T00:00:00+00:00 [queued]>
[2025-12-17T07:43:41.232+0000] {taskinstance.py:1956} INFO - Dependencies all met for dep_context=requeueable deps ti=<TaskInstance: etl_airflow.extract scheduled__2024-07-26T00:00:00+00:00 [queued]>
[2025-12-17T07:43:41.235+0000] {taskinstance.py:2170} INFO - Starting attempt 1 of 3
[2025-12-17T07:43:41.266+0000] {taskinstance.py:2191} INFO - Executing <Task(PythonOperator): extract> on 2024-07-26 00:00:00+00:00
[2025-12-17T07:43:41.279+0000] {standard_task_runner.py:60} INFO - Started process 3060 to run task
[2025-12-17T07:43:41.286+0000] {standard_task_runner.py:87} INFO - Running: ['***', 'tasks', 'run', 'etl_***', 'extract', 'scheduled__2024-07-26T00:00:00+00:00', '--job-id', '836', '--raw', '--subdir', 'DAGS_FOLDER/etl_***.py', '--cfg-path', '/tmp/tmpspltgjkx']
[2025-12-17T07:43:41.291+0000] {standard_task_runner.py:88} INFO - Job 836: Subtask extract
[2025-12-17T07:43:41.433+0000] {task_command.py:423} INFO - Running <TaskInstance: etl_airflow.extract scheduled__2024-07-26T00:00:00+00:00 [running]> on host 2a0de06c8905
[2025-12-17T07:43:41.895+0000] {taskinstance.py:2480} INFO - Exporting env vars: AIRFLOW_CTX_DAG_OWNER='***' AIRFLOW_CTX_DAG_ID='etl_***' AIRFLOW_CTX_TASK_ID='extract' AIRFLOW_CTX_EXECUTION_DATE='2024-07-26T00:00:00+00:00' AIRFLOW_CTX_TRY_NUMBER='1' AIRFLOW_CTX_DAG_RUN_ID='scheduled__2024-07-26T00:00:00+00:00'
[2025-12-17T07:43:41.933+0000] {python.py:201} INFO - Done. Returned value was:    user_id event_type           timestamp country
0        1      login 2025-01-01 09:00:00      IN
1        1      click 2025-01-01 09:05:00      IN
2        1     logout 2025-01-01 09:15:00      IN
3        2      login 2025-01-01 10:00:00      US
4        2      click 2025-01-01 10:10:00      US
5        2     logout 2025-01-01 10:20:00      US
6        3      login 2025-01-02 08:00:00      FR
7        3      click 2025-01-02 08:05:00      FR
8        3     logout 2025-01-02 08:30:00      FR
[2025-12-17T07:43:42.006+0000] {taskinstance.py:1138} INFO - Marking task as SUCCESS. dag_id=etl_***, task_id=extract, execution_date=20240726T000000, start_date=20251217T074341, end_date=20251217T074342
[2025-12-17T07:43:42.185+0000] {local_task_job_runner.py:234} INFO - Task exited with return code 0
[2025-12-17T07:43:42.252+0000] {taskinstance.py:3280} INFO - 1 downstream tasks scheduled from follow-on schedule check
