[2025-12-17T04:51:21.837+0000] {taskinstance.py:1956} INFO - Dependencies all met for dep_context=non-requeueable deps ti=<TaskInstance: etl_airflow.transform scheduled__2024-09-09T00:00:00+00:00 [queued]>
[2025-12-17T04:51:21.856+0000] {taskinstance.py:1956} INFO - Dependencies all met for dep_context=requeueable deps ti=<TaskInstance: etl_airflow.transform scheduled__2024-09-09T00:00:00+00:00 [queued]>
[2025-12-17T04:51:21.857+0000] {taskinstance.py:2170} INFO - Starting attempt 2 of 3
[2025-12-17T04:51:21.882+0000] {taskinstance.py:2191} INFO - Executing <Task(PythonOperator): transform> on 2024-09-09 00:00:00+00:00
[2025-12-17T04:51:21.896+0000] {standard_task_runner.py:60} INFO - Started process 3536 to run task
[2025-12-17T04:51:21.904+0000] {standard_task_runner.py:87} INFO - Running: ['***', 'tasks', 'run', 'etl_***', 'transform', 'scheduled__2024-09-09T00:00:00+00:00', '--job-id', '1007', '--raw', '--subdir', 'DAGS_FOLDER/etl_***.py', '--cfg-path', '/tmp/tmpktjqilcr']
[2025-12-17T04:51:21.914+0000] {standard_task_runner.py:88} INFO - Job 1007: Subtask transform
[2025-12-17T04:51:22.078+0000] {task_command.py:423} INFO - Running <TaskInstance: etl_airflow.transform scheduled__2024-09-09T00:00:00+00:00 [running]> on host b3426f05ac70
[2025-12-17T04:51:22.522+0000] {taskinstance.py:2480} INFO - Exporting env vars: AIRFLOW_CTX_DAG_OWNER='***' AIRFLOW_CTX_DAG_ID='etl_***' AIRFLOW_CTX_TASK_ID='transform' AIRFLOW_CTX_EXECUTION_DATE='2024-09-09T00:00:00+00:00' AIRFLOW_CTX_TRY_NUMBER='2' AIRFLOW_CTX_DAG_RUN_ID='scheduled__2024-09-09T00:00:00+00:00'
[2025-12-17T04:51:22.524+0000] {taskinstance.py:2698} ERROR - Task failed with exception
Traceback (most recent call last):
  File "/home/airflow/.local/lib/python3.8/site-packages/airflow/models/taskinstance.py", line 433, in _execute_task
    result = execute_callable(context=context, **execute_callable_kwargs)
  File "/home/airflow/.local/lib/python3.8/site-packages/airflow/operators/python.py", line 199, in execute
    return_value = self.execute_callable()
  File "/home/airflow/.local/lib/python3.8/site-packages/airflow/operators/python.py", line 216, in execute_callable
    return self.python_callable(*self.op_args, **self.op_kwargs)
TypeError: transform_data() missing 1 required positional argument: 'df'
[2025-12-17T04:51:22.535+0000] {taskinstance.py:1138} INFO - Marking task as UP_FOR_RETRY. dag_id=etl_***, task_id=transform, execution_date=20240909T000000, start_date=20251217T045121, end_date=20251217T045122
[2025-12-17T04:51:22.559+0000] {standard_task_runner.py:107} ERROR - Failed to execute job 1007 for task transform (transform_data() missing 1 required positional argument: 'df'; 3536)
[2025-12-17T04:51:22.607+0000] {local_task_job_runner.py:234} INFO - Task exited with return code 1
[2025-12-17T04:51:22.714+0000] {taskinstance.py:3280} INFO - 0 downstream tasks scheduled from follow-on schedule check
[2025-12-17T07:45:16.898+0000] {taskinstance.py:1956} INFO - Dependencies all met for dep_context=non-requeueable deps ti=<TaskInstance: etl_airflow.transform scheduled__2024-09-09T00:00:00+00:00 [queued]>
[2025-12-17T07:45:16.924+0000] {taskinstance.py:1956} INFO - Dependencies all met for dep_context=requeueable deps ti=<TaskInstance: etl_airflow.transform scheduled__2024-09-09T00:00:00+00:00 [queued]>
[2025-12-17T07:45:16.926+0000] {taskinstance.py:2170} INFO - Starting attempt 2 of 3
[2025-12-17T07:45:16.965+0000] {taskinstance.py:2191} INFO - Executing <Task(PythonOperator): transform> on 2024-09-09 00:00:00+00:00
[2025-12-17T07:45:16.980+0000] {standard_task_runner.py:60} INFO - Started process 3615 to run task
[2025-12-17T07:45:16.993+0000] {standard_task_runner.py:87} INFO - Running: ['***', 'tasks', 'run', 'etl_***', 'transform', 'scheduled__2024-09-09T00:00:00+00:00', '--job-id', '1008', '--raw', '--subdir', 'DAGS_FOLDER/etl_***.py', '--cfg-path', '/tmp/tmp8isxdhkw']
[2025-12-17T07:45:17.002+0000] {standard_task_runner.py:88} INFO - Job 1008: Subtask transform
[2025-12-17T07:45:17.203+0000] {task_command.py:423} INFO - Running <TaskInstance: etl_airflow.transform scheduled__2024-09-09T00:00:00+00:00 [running]> on host 2a0de06c8905
[2025-12-17T07:45:17.690+0000] {taskinstance.py:2480} INFO - Exporting env vars: AIRFLOW_CTX_DAG_OWNER='***' AIRFLOW_CTX_DAG_ID='etl_***' AIRFLOW_CTX_TASK_ID='transform' AIRFLOW_CTX_EXECUTION_DATE='2024-09-09T00:00:00+00:00' AIRFLOW_CTX_TRY_NUMBER='2' AIRFLOW_CTX_DAG_RUN_ID='scheduled__2024-09-09T00:00:00+00:00'
[2025-12-17T07:45:17.694+0000] {taskinstance.py:2698} ERROR - Task failed with exception
Traceback (most recent call last):
  File "/home/airflow/.local/lib/python3.8/site-packages/airflow/models/taskinstance.py", line 433, in _execute_task
    result = execute_callable(context=context, **execute_callable_kwargs)
  File "/home/airflow/.local/lib/python3.8/site-packages/airflow/operators/python.py", line 199, in execute
    return_value = self.execute_callable()
  File "/home/airflow/.local/lib/python3.8/site-packages/airflow/operators/python.py", line 216, in execute_callable
    return self.python_callable(*self.op_args, **self.op_kwargs)
TypeError: transform_data() missing 1 required positional argument: 'df'
[2025-12-17T07:45:17.715+0000] {taskinstance.py:1138} INFO - Marking task as UP_FOR_RETRY. dag_id=etl_***, task_id=transform, execution_date=20240909T000000, start_date=20251217T074516, end_date=20251217T074517
[2025-12-17T07:45:17.749+0000] {standard_task_runner.py:107} ERROR - Failed to execute job 1008 for task transform (transform_data() missing 1 required positional argument: 'df'; 3615)
[2025-12-17T07:45:17.777+0000] {local_task_job_runner.py:234} INFO - Task exited with return code 1
[2025-12-17T07:45:17.834+0000] {taskinstance.py:3280} INFO - 0 downstream tasks scheduled from follow-on schedule check
