[2025-12-16T16:51:18.933+0000] {taskinstance.py:1956} INFO - Dependencies all met for dep_context=non-requeueable deps ti=<TaskInstance: etl_airflow.extract scheduled__2024-04-12T00:00:00+00:00 [queued]>
[2025-12-16T16:51:18.947+0000] {taskinstance.py:1956} INFO - Dependencies all met for dep_context=requeueable deps ti=<TaskInstance: etl_airflow.extract scheduled__2024-04-12T00:00:00+00:00 [queued]>
[2025-12-16T16:51:18.948+0000] {taskinstance.py:2170} INFO - Starting attempt 5 of 6
[2025-12-16T16:51:18.965+0000] {taskinstance.py:2191} INFO - Executing <Task(PythonOperator): extract> on 2024-04-12 00:00:00+00:00
[2025-12-16T16:51:18.972+0000] {standard_task_runner.py:60} INFO - Started process 3275 to run task
[2025-12-16T16:51:18.977+0000] {standard_task_runner.py:87} INFO - Running: ['***', 'tasks', 'run', 'etl_***', 'extract', 'scheduled__2024-04-12T00:00:00+00:00', '--job-id', '1805', '--raw', '--subdir', 'DAGS_FOLDER/etl_dag.py', '--cfg-path', '/tmp/tmpp0gdgml3']
[2025-12-16T16:51:18.986+0000] {standard_task_runner.py:88} INFO - Job 1805: Subtask extract
[2025-12-16T16:51:19.125+0000] {task_command.py:423} INFO - Running <TaskInstance: etl_airflow.extract scheduled__2024-04-12T00:00:00+00:00 [running]> on host db658e834d9d
[2025-12-16T16:51:19.342+0000] {taskinstance.py:2480} INFO - Exporting env vars: AIRFLOW_CTX_DAG_OWNER='***' AIRFLOW_CTX_DAG_ID='etl_***' AIRFLOW_CTX_TASK_ID='extract' AIRFLOW_CTX_EXECUTION_DATE='2024-04-12T00:00:00+00:00' AIRFLOW_CTX_TRY_NUMBER='5' AIRFLOW_CTX_DAG_RUN_ID='scheduled__2024-04-12T00:00:00+00:00'
[2025-12-16T16:51:19.344+0000] {logging_mixin.py:188} INFO - Extracting data from /opt/***/data/input.csv
[2025-12-16T16:51:19.348+0000] {taskinstance.py:2698} ERROR - Task failed with exception
Traceback (most recent call last):
  File "/home/airflow/.local/lib/python3.8/site-packages/airflow/models/taskinstance.py", line 433, in _execute_task
    result = execute_callable(context=context, **execute_callable_kwargs)
  File "/home/airflow/.local/lib/python3.8/site-packages/airflow/operators/python.py", line 199, in execute
    return_value = self.execute_callable()
  File "/home/airflow/.local/lib/python3.8/site-packages/airflow/operators/python.py", line 216, in execute_callable
    return self.python_callable(*self.op_args, **self.op_kwargs)
  File "/opt/airflow/etl_logic/pipeline.py", line 97, in extract_data
    df = pd.read_csv(input_path)
  File "/home/airflow/.local/lib/python3.8/site-packages/pandas/io/parsers/readers.py", line 912, in read_csv
    return _read(filepath_or_buffer, kwds)
  File "/home/airflow/.local/lib/python3.8/site-packages/pandas/io/parsers/readers.py", line 577, in _read
    parser = TextFileReader(filepath_or_buffer, **kwds)
  File "/home/airflow/.local/lib/python3.8/site-packages/pandas/io/parsers/readers.py", line 1407, in __init__
    self._engine = self._make_engine(f, self.engine)
  File "/home/airflow/.local/lib/python3.8/site-packages/pandas/io/parsers/readers.py", line 1661, in _make_engine
    self.handles = get_handle(
  File "/home/airflow/.local/lib/python3.8/site-packages/pandas/io/common.py", line 859, in get_handle
    handle = open(
FileNotFoundError: [Errno 2] No such file or directory: '/opt/airflow/data/input.csv'
[2025-12-16T16:51:19.370+0000] {taskinstance.py:1138} INFO - Marking task as UP_FOR_RETRY. dag_id=etl_***, task_id=extract, execution_date=20240412T000000, start_date=20251216T165118, end_date=20251216T165119
[2025-12-16T16:51:19.395+0000] {standard_task_runner.py:107} ERROR - Failed to execute job 1805 for task extract ([Errno 2] No such file or directory: '/opt/airflow/data/input.csv'; 3275)
[2025-12-16T16:51:19.434+0000] {local_task_job_runner.py:234} INFO - Task exited with return code 1
[2025-12-16T16:51:19.507+0000] {taskinstance.py:3280} INFO - 0 downstream tasks scheduled from follow-on schedule check
