[2025-12-16T17:14:52.247+0000] {taskinstance.py:1956} INFO - Dependencies all met for dep_context=non-requeueable deps ti=<TaskInstance: etl_airflow.load scheduled__2024-10-25T00:00:00+00:00 [queued]>
[2025-12-16T17:14:52.274+0000] {taskinstance.py:1956} INFO - Dependencies all met for dep_context=requeueable deps ti=<TaskInstance: etl_airflow.load scheduled__2024-10-25T00:00:00+00:00 [queued]>
[2025-12-16T17:14:52.277+0000] {taskinstance.py:2170} INFO - Starting attempt 1 of 3
[2025-12-16T17:14:52.562+0000] {taskinstance.py:2191} INFO - Executing <Task(PythonOperator): load> on 2024-10-25 00:00:00+00:00
[2025-12-16T17:14:52.582+0000] {standard_task_runner.py:60} INFO - Started process 1588 to run task
[2025-12-16T17:14:52.597+0000] {standard_task_runner.py:87} INFO - Running: ['***', 'tasks', 'run', 'etl_***', 'load', 'scheduled__2024-10-25T00:00:00+00:00', '--job-id', '4574', '--raw', '--subdir', 'DAGS_FOLDER/etl_dag.py', '--cfg-path', '/tmp/tmp565yy8br']
[2025-12-16T17:14:52.611+0000] {standard_task_runner.py:88} INFO - Job 4574: Subtask load
[2025-12-16T17:14:52.812+0000] {task_command.py:423} INFO - Running <TaskInstance: etl_airflow.load scheduled__2024-10-25T00:00:00+00:00 [running]> on host 3b89cfee50e9
[2025-12-16T17:14:53.053+0000] {taskinstance.py:2480} INFO - Exporting env vars: AIRFLOW_CTX_DAG_OWNER='***' AIRFLOW_CTX_DAG_ID='etl_***' AIRFLOW_CTX_TASK_ID='load' AIRFLOW_CTX_EXECUTION_DATE='2024-10-25T00:00:00+00:00' AIRFLOW_CTX_TRY_NUMBER='1' AIRFLOW_CTX_DAG_RUN_ID='scheduled__2024-10-25T00:00:00+00:00'
[2025-12-16T17:14:53.057+0000] {logging_mixin.py:188} INFO - [LOAD]
[2025-12-16T17:14:53.408+0000] {logging_mixin.py:188} INFO -    user_id event_type            timestamp country
0        1      login  2025-01-01T09:00:00      IN
1        1      click  2025-01-01T09:05:00      IN
2        1     logout  2025-01-01T09:15:00      IN
3        3      login  2025-01-02T08:00:00      FR
4        3      click  2025-01-02T08:05:00      FR
[2025-12-16T17:14:53.412+0000] {logging_mixin.py:188} INFO - [LOAD] done
[2025-12-16T17:14:53.413+0000] {python.py:201} INFO - Done. Returned value was: None
[2025-12-16T17:14:53.440+0000] {taskinstance.py:1138} INFO - Marking task as SUCCESS. dag_id=etl_***, task_id=load, execution_date=20241025T000000, start_date=20251216T171452, end_date=20251216T171453
[2025-12-16T17:14:53.511+0000] {local_task_job_runner.py:234} INFO - Task exited with return code 0
[2025-12-16T17:14:53.562+0000] {taskinstance.py:3280} INFO - 0 downstream tasks scheduled from follow-on schedule check
[2025-12-17T01:55:28.068+0000] {taskinstance.py:1956} INFO - Dependencies all met for dep_context=non-requeueable deps ti=<TaskInstance: etl_airflow.load scheduled__2024-10-25T00:00:00+00:00 [queued]>
[2025-12-17T01:55:28.090+0000] {taskinstance.py:1956} INFO - Dependencies all met for dep_context=requeueable deps ti=<TaskInstance: etl_airflow.load scheduled__2024-10-25T00:00:00+00:00 [queued]>
[2025-12-17T01:55:28.091+0000] {taskinstance.py:2170} INFO - Starting attempt 1 of 3
[2025-12-17T01:55:28.124+0000] {taskinstance.py:2191} INFO - Executing <Task(PythonOperator): load> on 2024-10-25 00:00:00+00:00
[2025-12-17T01:55:28.141+0000] {standard_task_runner.py:60} INFO - Started process 3111 to run task
[2025-12-17T01:55:28.149+0000] {standard_task_runner.py:87} INFO - Running: ['***', 'tasks', 'run', 'etl_***', 'load', 'scheduled__2024-10-25T00:00:00+00:00', '--job-id', '910', '--raw', '--subdir', 'DAGS_FOLDER/etl_dag.py', '--cfg-path', '/tmp/tmpau0thr_8']
[2025-12-17T01:55:28.154+0000] {standard_task_runner.py:88} INFO - Job 910: Subtask load
[2025-12-17T01:55:28.301+0000] {task_command.py:423} INFO - Running <TaskInstance: etl_airflow.load scheduled__2024-10-25T00:00:00+00:00 [running]> on host 571e042550da
[2025-12-17T01:55:28.878+0000] {taskinstance.py:2480} INFO - Exporting env vars: AIRFLOW_CTX_DAG_OWNER='***' AIRFLOW_CTX_DAG_ID='etl_***' AIRFLOW_CTX_TASK_ID='load' AIRFLOW_CTX_EXECUTION_DATE='2024-10-25T00:00:00+00:00' AIRFLOW_CTX_TRY_NUMBER='1' AIRFLOW_CTX_DAG_RUN_ID='scheduled__2024-10-25T00:00:00+00:00'
[2025-12-17T01:55:28.882+0000] {logging_mixin.py:188} INFO - [LOAD]
[2025-12-17T01:55:28.923+0000] {logging_mixin.py:188} INFO -    user_id event_type            timestamp country
0        1      login  2025-01-01T09:00:00      IN
1        1      click  2025-01-01T09:05:00      IN
2        1     logout  2025-01-01T09:15:00      IN
3        3      login  2025-01-02T08:00:00      FR
4        3      click  2025-01-02T08:05:00      FR
[2025-12-17T01:55:28.926+0000] {logging_mixin.py:188} INFO - [LOAD] done
[2025-12-17T01:55:28.929+0000] {python.py:201} INFO - Done. Returned value was: None
[2025-12-17T01:55:28.949+0000] {taskinstance.py:1138} INFO - Marking task as SUCCESS. dag_id=etl_***, task_id=load, execution_date=20241025T000000, start_date=20251217T015528, end_date=20251217T015528
[2025-12-17T01:55:29.229+0000] {local_task_job_runner.py:234} INFO - Task exited with return code 0
[2025-12-17T01:55:29.280+0000] {taskinstance.py:3280} INFO - 0 downstream tasks scheduled from follow-on schedule check
