[2025-12-16T17:22:34.591+0000] {taskinstance.py:1956} INFO - Dependencies all met for dep_context=non-requeueable deps ti=<TaskInstance: etl_airflow.transform scheduled__2024-04-26T00:00:00+00:00 [queued]>
[2025-12-16T17:22:34.618+0000] {taskinstance.py:1956} INFO - Dependencies all met for dep_context=requeueable deps ti=<TaskInstance: etl_airflow.transform scheduled__2024-04-26T00:00:00+00:00 [queued]>
[2025-12-16T17:22:34.620+0000] {taskinstance.py:2170} INFO - Starting attempt 3 of 5
[2025-12-16T17:22:34.656+0000] {taskinstance.py:2191} INFO - Executing <Task(PythonOperator): transform> on 2024-04-26 00:00:00+00:00
[2025-12-16T17:22:34.671+0000] {standard_task_runner.py:60} INFO - Started process 6592 to run task
[2025-12-16T17:22:34.681+0000] {standard_task_runner.py:87} INFO - Running: ['***', 'tasks', 'run', 'etl_***', 'transform', 'scheduled__2024-04-26T00:00:00+00:00', '--job-id', '6168', '--raw', '--subdir', 'DAGS_FOLDER/etl_dag.py', '--cfg-path', '/tmp/tmp70bcvvnb']
[2025-12-16T17:22:34.690+0000] {standard_task_runner.py:88} INFO - Job 6168: Subtask transform
[2025-12-16T17:22:34.868+0000] {task_command.py:423} INFO - Running <TaskInstance: etl_airflow.transform scheduled__2024-04-26T00:00:00+00:00 [running]> on host 3b89cfee50e9
[2025-12-16T17:22:35.155+0000] {taskinstance.py:2480} INFO - Exporting env vars: AIRFLOW_CTX_DAG_OWNER='***' AIRFLOW_CTX_DAG_ID='etl_***' AIRFLOW_CTX_TASK_ID='transform' AIRFLOW_CTX_EXECUTION_DATE='2024-04-26T00:00:00+00:00' AIRFLOW_CTX_TRY_NUMBER='3' AIRFLOW_CTX_DAG_RUN_ID='scheduled__2024-04-26T00:00:00+00:00'
[2025-12-16T17:22:35.166+0000] {logging_mixin.py:188} INFO - [TRANSFORM]
[2025-12-16T17:22:35.687+0000] {logging_mixin.py:188} INFO - [TRANSFORM] done
[2025-12-16T17:22:35.688+0000] {python.py:201} INFO - Done. Returned value was: None
[2025-12-16T17:22:35.714+0000] {taskinstance.py:1138} INFO - Marking task as SUCCESS. dag_id=etl_***, task_id=transform, execution_date=20240426T000000, start_date=20251216T172234, end_date=20251216T172235
[2025-12-16T17:22:35.819+0000] {local_task_job_runner.py:234} INFO - Task exited with return code 0
[2025-12-16T17:22:35.866+0000] {taskinstance.py:3280} INFO - 1 downstream tasks scheduled from follow-on schedule check
[2025-12-17T04:46:53.755+0000] {taskinstance.py:1956} INFO - Dependencies all met for dep_context=non-requeueable deps ti=<TaskInstance: etl_airflow.transform scheduled__2024-04-26T00:00:00+00:00 [queued]>
[2025-12-17T04:46:53.769+0000] {taskinstance.py:1956} INFO - Dependencies all met for dep_context=requeueable deps ti=<TaskInstance: etl_airflow.transform scheduled__2024-04-26T00:00:00+00:00 [queued]>
[2025-12-17T04:46:53.770+0000] {taskinstance.py:2170} INFO - Starting attempt 3 of 3
[2025-12-17T04:46:53.838+0000] {taskinstance.py:2191} INFO - Executing <Task(PythonOperator): transform> on 2024-04-26 00:00:00+00:00
[2025-12-17T04:46:53.849+0000] {standard_task_runner.py:60} INFO - Started process 1882 to run task
[2025-12-17T04:46:53.858+0000] {standard_task_runner.py:87} INFO - Running: ['***', 'tasks', 'run', 'etl_***', 'transform', 'scheduled__2024-04-26T00:00:00+00:00', '--job-id', '503', '--raw', '--subdir', 'DAGS_FOLDER/etl_***.py', '--cfg-path', '/tmp/tmpj9iq6_15']
[2025-12-17T04:46:53.864+0000] {standard_task_runner.py:88} INFO - Job 503: Subtask transform
[2025-12-17T04:46:54.001+0000] {task_command.py:423} INFO - Running <TaskInstance: etl_airflow.transform scheduled__2024-04-26T00:00:00+00:00 [running]> on host b3426f05ac70
[2025-12-17T04:46:54.389+0000] {taskinstance.py:2480} INFO - Exporting env vars: AIRFLOW_CTX_DAG_OWNER='***' AIRFLOW_CTX_DAG_ID='etl_***' AIRFLOW_CTX_TASK_ID='transform' AIRFLOW_CTX_EXECUTION_DATE='2024-04-26T00:00:00+00:00' AIRFLOW_CTX_TRY_NUMBER='3' AIRFLOW_CTX_DAG_RUN_ID='scheduled__2024-04-26T00:00:00+00:00'
[2025-12-17T04:46:54.393+0000] {taskinstance.py:2698} ERROR - Task failed with exception
Traceback (most recent call last):
  File "/home/airflow/.local/lib/python3.8/site-packages/airflow/models/taskinstance.py", line 433, in _execute_task
    result = execute_callable(context=context, **execute_callable_kwargs)
  File "/home/airflow/.local/lib/python3.8/site-packages/airflow/operators/python.py", line 199, in execute
    return_value = self.execute_callable()
  File "/home/airflow/.local/lib/python3.8/site-packages/airflow/operators/python.py", line 216, in execute_callable
    return self.python_callable(*self.op_args, **self.op_kwargs)
TypeError: transform_data() missing 1 required positional argument: 'df'
[2025-12-17T04:46:54.406+0000] {taskinstance.py:1138} INFO - Marking task as FAILED. dag_id=etl_***, task_id=transform, execution_date=20240426T000000, start_date=20251217T044653, end_date=20251217T044654
[2025-12-17T04:46:54.425+0000] {standard_task_runner.py:107} ERROR - Failed to execute job 503 for task transform (transform_data() missing 1 required positional argument: 'df'; 1882)
[2025-12-17T04:46:54.472+0000] {local_task_job_runner.py:234} INFO - Task exited with return code 1
[2025-12-17T04:46:54.517+0000] {taskinstance.py:3280} INFO - 0 downstream tasks scheduled from follow-on schedule check
[2025-12-17T07:40:17.023+0000] {taskinstance.py:1956} INFO - Dependencies all met for dep_context=non-requeueable deps ti=<TaskInstance: etl_airflow.transform scheduled__2024-04-26T00:00:00+00:00 [queued]>
[2025-12-17T07:40:17.058+0000] {taskinstance.py:1956} INFO - Dependencies all met for dep_context=requeueable deps ti=<TaskInstance: etl_airflow.transform scheduled__2024-04-26T00:00:00+00:00 [queued]>
[2025-12-17T07:40:17.060+0000] {taskinstance.py:2170} INFO - Starting attempt 3 of 3
[2025-12-17T07:40:17.083+0000] {taskinstance.py:2191} INFO - Executing <Task(PythonOperator): transform> on 2024-04-26 00:00:00+00:00
[2025-12-17T07:40:17.094+0000] {standard_task_runner.py:60} INFO - Started process 1933 to run task
[2025-12-17T07:40:17.100+0000] {standard_task_runner.py:87} INFO - Running: ['***', 'tasks', 'run', 'etl_***', 'transform', 'scheduled__2024-04-26T00:00:00+00:00', '--job-id', '499', '--raw', '--subdir', 'DAGS_FOLDER/etl_***.py', '--cfg-path', '/tmp/tmpxjzes4nl']
[2025-12-17T07:40:17.105+0000] {standard_task_runner.py:88} INFO - Job 499: Subtask transform
[2025-12-17T07:40:17.237+0000] {task_command.py:423} INFO - Running <TaskInstance: etl_airflow.transform scheduled__2024-04-26T00:00:00+00:00 [running]> on host 2a0de06c8905
[2025-12-17T07:40:17.808+0000] {taskinstance.py:2480} INFO - Exporting env vars: AIRFLOW_CTX_DAG_OWNER='***' AIRFLOW_CTX_DAG_ID='etl_***' AIRFLOW_CTX_TASK_ID='transform' AIRFLOW_CTX_EXECUTION_DATE='2024-04-26T00:00:00+00:00' AIRFLOW_CTX_TRY_NUMBER='3' AIRFLOW_CTX_DAG_RUN_ID='scheduled__2024-04-26T00:00:00+00:00'
[2025-12-17T07:40:17.816+0000] {taskinstance.py:2698} ERROR - Task failed with exception
Traceback (most recent call last):
  File "/home/airflow/.local/lib/python3.8/site-packages/airflow/models/taskinstance.py", line 433, in _execute_task
    result = execute_callable(context=context, **execute_callable_kwargs)
  File "/home/airflow/.local/lib/python3.8/site-packages/airflow/operators/python.py", line 199, in execute
    return_value = self.execute_callable()
  File "/home/airflow/.local/lib/python3.8/site-packages/airflow/operators/python.py", line 216, in execute_callable
    return self.python_callable(*self.op_args, **self.op_kwargs)
TypeError: transform_data() missing 1 required positional argument: 'df'
[2025-12-17T07:40:17.849+0000] {taskinstance.py:1138} INFO - Marking task as FAILED. dag_id=etl_***, task_id=transform, execution_date=20240426T000000, start_date=20251217T074017, end_date=20251217T074017
[2025-12-17T07:40:17.892+0000] {standard_task_runner.py:107} ERROR - Failed to execute job 499 for task transform (transform_data() missing 1 required positional argument: 'df'; 1933)
[2025-12-17T07:40:17.921+0000] {local_task_job_runner.py:234} INFO - Task exited with return code 1
[2025-12-17T07:40:17.959+0000] {taskinstance.py:3280} INFO - 0 downstream tasks scheduled from follow-on schedule check
