[2025-12-17T01:59:15.649+0000] {taskinstance.py:1956} INFO - Dependencies all met for dep_context=non-requeueable deps ti=<TaskInstance: etl_airflow.extract scheduled__2025-06-19T00:00:00+00:00 [queued]>
[2025-12-17T01:59:15.667+0000] {taskinstance.py:1956} INFO - Dependencies all met for dep_context=requeueable deps ti=<TaskInstance: etl_airflow.extract scheduled__2025-06-19T00:00:00+00:00 [queued]>
[2025-12-17T01:59:15.669+0000] {taskinstance.py:2170} INFO - Starting attempt 1 of 3
[2025-12-17T01:59:15.739+0000] {taskinstance.py:2191} INFO - Executing <Task(PythonOperator): extract> on 2025-06-19 00:00:00+00:00
[2025-12-17T01:59:15.750+0000] {standard_task_runner.py:60} INFO - Started process 5361 to run task
[2025-12-17T01:59:15.757+0000] {standard_task_runner.py:87} INFO - Running: ['***', 'tasks', 'run', 'etl_***', 'extract', 'scheduled__2025-06-19T00:00:00+00:00', '--job-id', '1624', '--raw', '--subdir', 'DAGS_FOLDER/etl_dag.py', '--cfg-path', '/tmp/tmpy4dmd06c']
[2025-12-17T01:59:15.761+0000] {standard_task_runner.py:88} INFO - Job 1624: Subtask extract
[2025-12-17T01:59:15.904+0000] {task_command.py:423} INFO - Running <TaskInstance: etl_airflow.extract scheduled__2025-06-19T00:00:00+00:00 [running]> on host 571e042550da
[2025-12-17T01:59:16.301+0000] {taskinstance.py:2480} INFO - Exporting env vars: AIRFLOW_CTX_DAG_OWNER='***' AIRFLOW_CTX_DAG_ID='etl_***' AIRFLOW_CTX_TASK_ID='extract' AIRFLOW_CTX_EXECUTION_DATE='2025-06-19T00:00:00+00:00' AIRFLOW_CTX_TRY_NUMBER='1' AIRFLOW_CTX_DAG_RUN_ID='scheduled__2025-06-19T00:00:00+00:00'
[2025-12-17T01:59:16.303+0000] {logging_mixin.py:188} INFO - [EXTRACT] Reading /opt/***/data/synthetic_events.csv
[2025-12-17T01:59:16.332+0000] {logging_mixin.py:188} INFO - [EXTRACT] done
[2025-12-17T01:59:16.334+0000] {python.py:201} INFO - Done. Returned value was: None
[2025-12-17T01:59:16.354+0000] {taskinstance.py:1138} INFO - Marking task as SUCCESS. dag_id=etl_***, task_id=extract, execution_date=20250619T000000, start_date=20251217T015915, end_date=20251217T015916
[2025-12-17T01:59:16.417+0000] {local_task_job_runner.py:234} INFO - Task exited with return code 0
[2025-12-17T01:59:16.475+0000] {taskinstance.py:3280} INFO - 1 downstream tasks scheduled from follow-on schedule check
[2025-12-17T05:01:29.509+0000] {taskinstance.py:1956} INFO - Dependencies all met for dep_context=non-requeueable deps ti=<TaskInstance: etl_airflow.extract scheduled__2025-06-19T00:00:00+00:00 [queued]>
[2025-12-17T05:01:29.526+0000] {taskinstance.py:1956} INFO - Dependencies all met for dep_context=requeueable deps ti=<TaskInstance: etl_airflow.extract scheduled__2025-06-19T00:00:00+00:00 [queued]>
[2025-12-17T05:01:29.529+0000] {taskinstance.py:2170} INFO - Starting attempt 1 of 3
[2025-12-17T05:01:29.652+0000] {taskinstance.py:2191} INFO - Executing <Task(PythonOperator): extract> on 2025-06-19 00:00:00+00:00
[2025-12-17T05:01:29.661+0000] {standard_task_runner.py:60} INFO - Started process 7218 to run task
[2025-12-17T05:01:29.668+0000] {standard_task_runner.py:87} INFO - Running: ['***', 'tasks', 'run', 'etl_***', 'extract', 'scheduled__2025-06-19T00:00:00+00:00', '--job-id', '2121', '--raw', '--subdir', 'DAGS_FOLDER/etl_***.py', '--cfg-path', '/tmp/tmp91x9ojht']
[2025-12-17T05:01:29.672+0000] {standard_task_runner.py:88} INFO - Job 2121: Subtask extract
[2025-12-17T05:01:29.791+0000] {task_command.py:423} INFO - Running <TaskInstance: etl_airflow.extract scheduled__2025-06-19T00:00:00+00:00 [running]> on host b3426f05ac70
[2025-12-17T05:01:30.226+0000] {taskinstance.py:2480} INFO - Exporting env vars: AIRFLOW_CTX_DAG_OWNER='***' AIRFLOW_CTX_DAG_ID='etl_***' AIRFLOW_CTX_TASK_ID='extract' AIRFLOW_CTX_EXECUTION_DATE='2025-06-19T00:00:00+00:00' AIRFLOW_CTX_TRY_NUMBER='1' AIRFLOW_CTX_DAG_RUN_ID='scheduled__2025-06-19T00:00:00+00:00'
[2025-12-17T05:01:30.251+0000] {python.py:201} INFO - Done. Returned value was:    user_id event_type           timestamp country
0        1      login 2025-01-01 09:00:00      IN
1        1      click 2025-01-01 09:05:00      IN
2        1     logout 2025-01-01 09:15:00      IN
3        2      login 2025-01-01 10:00:00      US
4        2      click 2025-01-01 10:10:00      US
5        2     logout 2025-01-01 10:20:00      US
6        3      login 2025-01-02 08:00:00      FR
7        3      click 2025-01-02 08:05:00      FR
8        3     logout 2025-01-02 08:30:00      FR
[2025-12-17T05:01:30.318+0000] {taskinstance.py:1138} INFO - Marking task as SUCCESS. dag_id=etl_***, task_id=extract, execution_date=20250619T000000, start_date=20251217T050129, end_date=20251217T050130
[2025-12-17T05:01:30.374+0000] {local_task_job_runner.py:234} INFO - Task exited with return code 0
[2025-12-17T05:01:30.443+0000] {taskinstance.py:3280} INFO - 1 downstream tasks scheduled from follow-on schedule check
