[2025-12-16T17:18:14.844+0000] {taskinstance.py:1956} INFO - Dependencies all met for dep_context=non-requeueable deps ti=<TaskInstance: etl_airflow.transform scheduled__2024-01-14T00:00:00+00:00 [queued]>
[2025-12-16T17:18:14.870+0000] {taskinstance.py:1956} INFO - Dependencies all met for dep_context=requeueable deps ti=<TaskInstance: etl_airflow.transform scheduled__2024-01-14T00:00:00+00:00 [queued]>
[2025-12-16T17:18:14.873+0000] {taskinstance.py:2170} INFO - Starting attempt 2 of 4
[2025-12-16T17:18:14.906+0000] {taskinstance.py:2191} INFO - Executing <Task(PythonOperator): transform> on 2024-01-14 00:00:00+00:00
[2025-12-16T17:18:14.923+0000] {standard_task_runner.py:60} INFO - Started process 3466 to run task
[2025-12-16T17:18:14.930+0000] {standard_task_runner.py:87} INFO - Running: ['***', 'tasks', 'run', 'etl_***', 'transform', 'scheduled__2024-01-14T00:00:00+00:00', '--job-id', '5173', '--raw', '--subdir', 'DAGS_FOLDER/etl_dag.py', '--cfg-path', '/tmp/tmpmjnvm9u3']
[2025-12-16T17:18:14.936+0000] {standard_task_runner.py:88} INFO - Job 5173: Subtask transform
[2025-12-16T17:18:15.076+0000] {task_command.py:423} INFO - Running <TaskInstance: etl_airflow.transform scheduled__2024-01-14T00:00:00+00:00 [running]> on host 3b89cfee50e9
[2025-12-16T17:18:15.240+0000] {taskinstance.py:2480} INFO - Exporting env vars: AIRFLOW_CTX_DAG_OWNER='***' AIRFLOW_CTX_DAG_ID='etl_***' AIRFLOW_CTX_TASK_ID='transform' AIRFLOW_CTX_EXECUTION_DATE='2024-01-14T00:00:00+00:00' AIRFLOW_CTX_TRY_NUMBER='2' AIRFLOW_CTX_DAG_RUN_ID='scheduled__2024-01-14T00:00:00+00:00'
[2025-12-16T17:18:15.242+0000] {logging_mixin.py:188} INFO - [TRANSFORM]
[2025-12-16T17:18:15.276+0000] {logging_mixin.py:188} INFO - [TRANSFORM] done
[2025-12-16T17:18:15.277+0000] {python.py:201} INFO - Done. Returned value was: None
[2025-12-16T17:18:15.742+0000] {taskinstance.py:1138} INFO - Marking task as SUCCESS. dag_id=etl_***, task_id=transform, execution_date=20240114T000000, start_date=20251216T171814, end_date=20251216T171815
[2025-12-16T17:18:15.801+0000] {local_task_job_runner.py:234} INFO - Task exited with return code 0
[2025-12-16T17:18:15.856+0000] {taskinstance.py:3280} INFO - 1 downstream tasks scheduled from follow-on schedule check
[2025-12-17T04:42:38.225+0000] {taskinstance.py:1956} INFO - Dependencies all met for dep_context=non-requeueable deps ti=<TaskInstance: etl_airflow.transform scheduled__2024-01-14T00:00:00+00:00 [queued]>
[2025-12-17T04:42:38.240+0000] {taskinstance.py:1956} INFO - Dependencies all met for dep_context=requeueable deps ti=<TaskInstance: etl_airflow.transform scheduled__2024-01-14T00:00:00+00:00 [queued]>
[2025-12-17T04:42:38.242+0000] {taskinstance.py:2170} INFO - Starting attempt 2 of 3
[2025-12-17T04:42:38.264+0000] {taskinstance.py:2191} INFO - Executing <Task(PythonOperator): transform> on 2024-01-14 00:00:00+00:00
[2025-12-17T04:42:38.270+0000] {standard_task_runner.py:60} INFO - Started process 362 to run task
[2025-12-17T04:42:38.275+0000] {standard_task_runner.py:87} INFO - Running: ['***', 'tasks', 'run', 'etl_***', 'transform', 'scheduled__2024-01-14T00:00:00+00:00', '--job-id', '45', '--raw', '--subdir', 'DAGS_FOLDER/etl_***.py', '--cfg-path', '/tmp/tmpaiipzdbb']
[2025-12-17T04:42:38.278+0000] {standard_task_runner.py:88} INFO - Job 45: Subtask transform
[2025-12-17T04:42:38.389+0000] {task_command.py:423} INFO - Running <TaskInstance: etl_airflow.transform scheduled__2024-01-14T00:00:00+00:00 [running]> on host b3426f05ac70
[2025-12-17T04:42:38.701+0000] {taskinstance.py:2480} INFO - Exporting env vars: AIRFLOW_CTX_DAG_OWNER='***' AIRFLOW_CTX_DAG_ID='etl_***' AIRFLOW_CTX_TASK_ID='transform' AIRFLOW_CTX_EXECUTION_DATE='2024-01-14T00:00:00+00:00' AIRFLOW_CTX_TRY_NUMBER='2' AIRFLOW_CTX_DAG_RUN_ID='scheduled__2024-01-14T00:00:00+00:00'
[2025-12-17T04:42:38.703+0000] {taskinstance.py:2698} ERROR - Task failed with exception
Traceback (most recent call last):
  File "/home/airflow/.local/lib/python3.8/site-packages/airflow/models/taskinstance.py", line 433, in _execute_task
    result = execute_callable(context=context, **execute_callable_kwargs)
  File "/home/airflow/.local/lib/python3.8/site-packages/airflow/operators/python.py", line 199, in execute
    return_value = self.execute_callable()
  File "/home/airflow/.local/lib/python3.8/site-packages/airflow/operators/python.py", line 216, in execute_callable
    return self.python_callable(*self.op_args, **self.op_kwargs)
TypeError: transform_data() missing 1 required positional argument: 'df'
[2025-12-17T04:42:38.716+0000] {taskinstance.py:1138} INFO - Marking task as UP_FOR_RETRY. dag_id=etl_***, task_id=transform, execution_date=20240114T000000, start_date=20251217T044238, end_date=20251217T044238
[2025-12-17T04:42:38.732+0000] {standard_task_runner.py:107} ERROR - Failed to execute job 45 for task transform (transform_data() missing 1 required positional argument: 'df'; 362)
[2025-12-17T04:42:38.771+0000] {local_task_job_runner.py:234} INFO - Task exited with return code 1
[2025-12-17T04:42:38.845+0000] {taskinstance.py:3280} INFO - 0 downstream tasks scheduled from follow-on schedule check
[2025-12-17T07:35:36.980+0000] {taskinstance.py:1956} INFO - Dependencies all met for dep_context=non-requeueable deps ti=<TaskInstance: etl_airflow.transform scheduled__2024-01-14T00:00:00+00:00 [queued]>
[2025-12-17T07:35:37.000+0000] {taskinstance.py:1956} INFO - Dependencies all met for dep_context=requeueable deps ti=<TaskInstance: etl_airflow.transform scheduled__2024-01-14T00:00:00+00:00 [queued]>
[2025-12-17T07:35:37.003+0000] {taskinstance.py:2170} INFO - Starting attempt 2 of 3
[2025-12-17T07:35:37.032+0000] {taskinstance.py:2191} INFO - Executing <Task(PythonOperator): transform> on 2024-01-14 00:00:00+00:00
[2025-12-17T07:35:37.045+0000] {standard_task_runner.py:60} INFO - Started process 432 to run task
[2025-12-17T07:35:37.051+0000] {standard_task_runner.py:87} INFO - Running: ['***', 'tasks', 'run', 'etl_***', 'transform', 'scheduled__2024-01-14T00:00:00+00:00', '--job-id', '49', '--raw', '--subdir', 'DAGS_FOLDER/etl_***.py', '--cfg-path', '/tmp/tmpo3c7h8uc']
[2025-12-17T07:35:37.057+0000] {standard_task_runner.py:88} INFO - Job 49: Subtask transform
[2025-12-17T07:35:37.206+0000] {task_command.py:423} INFO - Running <TaskInstance: etl_airflow.transform scheduled__2024-01-14T00:00:00+00:00 [running]> on host 2a0de06c8905
[2025-12-17T07:35:37.688+0000] {taskinstance.py:2480} INFO - Exporting env vars: AIRFLOW_CTX_DAG_OWNER='***' AIRFLOW_CTX_DAG_ID='etl_***' AIRFLOW_CTX_TASK_ID='transform' AIRFLOW_CTX_EXECUTION_DATE='2024-01-14T00:00:00+00:00' AIRFLOW_CTX_TRY_NUMBER='2' AIRFLOW_CTX_DAG_RUN_ID='scheduled__2024-01-14T00:00:00+00:00'
[2025-12-17T07:35:37.693+0000] {taskinstance.py:2698} ERROR - Task failed with exception
Traceback (most recent call last):
  File "/home/airflow/.local/lib/python3.8/site-packages/airflow/models/taskinstance.py", line 433, in _execute_task
    result = execute_callable(context=context, **execute_callable_kwargs)
  File "/home/airflow/.local/lib/python3.8/site-packages/airflow/operators/python.py", line 199, in execute
    return_value = self.execute_callable()
  File "/home/airflow/.local/lib/python3.8/site-packages/airflow/operators/python.py", line 216, in execute_callable
    return self.python_callable(*self.op_args, **self.op_kwargs)
TypeError: transform_data() missing 1 required positional argument: 'df'
[2025-12-17T07:35:37.709+0000] {taskinstance.py:1138} INFO - Marking task as UP_FOR_RETRY. dag_id=etl_***, task_id=transform, execution_date=20240114T000000, start_date=20251217T073536, end_date=20251217T073537
[2025-12-17T07:35:37.733+0000] {standard_task_runner.py:107} ERROR - Failed to execute job 49 for task transform (transform_data() missing 1 required positional argument: 'df'; 432)
[2025-12-17T07:35:37.789+0000] {local_task_job_runner.py:234} INFO - Task exited with return code 1
[2025-12-17T07:35:37.854+0000] {taskinstance.py:3280} INFO - 0 downstream tasks scheduled from follow-on schedule check
