[2025-12-16T16:40:11.868+0000] {taskinstance.py:1956} INFO - Dependencies all met for dep_context=non-requeueable deps ti=<TaskInstance: etl_airflow.extract scheduled__2024-10-14T00:00:00+00:00 [queued]>
[2025-12-16T16:40:11.885+0000] {taskinstance.py:1956} INFO - Dependencies all met for dep_context=requeueable deps ti=<TaskInstance: etl_airflow.extract scheduled__2024-10-14T00:00:00+00:00 [queued]>
[2025-12-16T16:40:11.887+0000] {taskinstance.py:2170} INFO - Starting attempt 1 of 3
[2025-12-16T16:40:12.054+0000] {taskinstance.py:2191} INFO - Executing <Task(PythonOperator): extract> on 2024-10-14 00:00:00+00:00
[2025-12-16T16:40:12.069+0000] {standard_task_runner.py:60} INFO - Started process 1774 to run task
[2025-12-16T16:40:12.077+0000] {standard_task_runner.py:87} INFO - Running: ['***', 'tasks', 'run', 'etl_***', 'extract', 'scheduled__2024-10-14T00:00:00+00:00', '--job-id', '866', '--raw', '--subdir', 'DAGS_FOLDER/etl_dag.py', '--cfg-path', '/tmp/tmpki3q5nj9']
[2025-12-16T16:40:12.082+0000] {standard_task_runner.py:88} INFO - Job 866: Subtask extract
[2025-12-16T16:40:12.249+0000] {task_command.py:423} INFO - Running <TaskInstance: etl_airflow.extract scheduled__2024-10-14T00:00:00+00:00 [running]> on host 02b83863a69a
[2025-12-16T16:40:12.431+0000] {taskinstance.py:2480} INFO - Exporting env vars: AIRFLOW_CTX_DAG_OWNER='***' AIRFLOW_CTX_DAG_ID='etl_***' AIRFLOW_CTX_TASK_ID='extract' AIRFLOW_CTX_EXECUTION_DATE='2024-10-14T00:00:00+00:00' AIRFLOW_CTX_TRY_NUMBER='1' AIRFLOW_CTX_DAG_RUN_ID='scheduled__2024-10-14T00:00:00+00:00'
[2025-12-16T16:40:12.437+0000] {logging_mixin.py:188} INFO - Extracting data from /opt/***/data/input.csv
[2025-12-16T16:40:12.446+0000] {taskinstance.py:2698} ERROR - Task failed with exception
Traceback (most recent call last):
  File "/home/airflow/.local/lib/python3.8/site-packages/airflow/models/taskinstance.py", line 433, in _execute_task
    result = execute_callable(context=context, **execute_callable_kwargs)
  File "/home/airflow/.local/lib/python3.8/site-packages/airflow/operators/python.py", line 199, in execute
    return_value = self.execute_callable()
  File "/home/airflow/.local/lib/python3.8/site-packages/airflow/operators/python.py", line 216, in execute_callable
    return self.python_callable(*self.op_args, **self.op_kwargs)
  File "/opt/airflow/etl_logic/pipeline.py", line 97, in extract_data
    df = pd.read_csv(input_path)
  File "/home/airflow/.local/lib/python3.8/site-packages/pandas/io/parsers/readers.py", line 912, in read_csv
    return _read(filepath_or_buffer, kwds)
  File "/home/airflow/.local/lib/python3.8/site-packages/pandas/io/parsers/readers.py", line 577, in _read
    parser = TextFileReader(filepath_or_buffer, **kwds)
  File "/home/airflow/.local/lib/python3.8/site-packages/pandas/io/parsers/readers.py", line 1407, in __init__
    self._engine = self._make_engine(f, self.engine)
  File "/home/airflow/.local/lib/python3.8/site-packages/pandas/io/parsers/readers.py", line 1661, in _make_engine
    self.handles = get_handle(
  File "/home/airflow/.local/lib/python3.8/site-packages/pandas/io/common.py", line 859, in get_handle
    handle = open(
FileNotFoundError: [Errno 2] No such file or directory: '/opt/airflow/data/input.csv'
[2025-12-16T16:40:12.498+0000] {taskinstance.py:1138} INFO - Marking task as UP_FOR_RETRY. dag_id=etl_***, task_id=extract, execution_date=20241014T000000, start_date=20251216T164011, end_date=20251216T164012
[2025-12-16T16:40:12.775+0000] {standard_task_runner.py:107} ERROR - Failed to execute job 866 for task extract ([Errno 2] No such file or directory: '/opt/airflow/data/input.csv'; 1774)
[2025-12-16T16:40:12.818+0000] {local_task_job_runner.py:234} INFO - Task exited with return code 1
[2025-12-16T16:40:12.898+0000] {taskinstance.py:3280} INFO - 0 downstream tasks scheduled from follow-on schedule check
[2025-12-17T01:55:09.283+0000] {taskinstance.py:1956} INFO - Dependencies all met for dep_context=non-requeueable deps ti=<TaskInstance: etl_airflow.extract scheduled__2024-10-14T00:00:00+00:00 [queued]>
[2025-12-17T01:55:09.303+0000] {taskinstance.py:1956} INFO - Dependencies all met for dep_context=requeueable deps ti=<TaskInstance: etl_airflow.extract scheduled__2024-10-14T00:00:00+00:00 [queued]>
[2025-12-17T01:55:09.306+0000] {taskinstance.py:2170} INFO - Starting attempt 1 of 3
[2025-12-17T01:55:09.704+0000] {taskinstance.py:2191} INFO - Executing <Task(PythonOperator): extract> on 2024-10-14 00:00:00+00:00
[2025-12-17T01:55:09.744+0000] {standard_task_runner.py:60} INFO - Started process 2958 to run task
[2025-12-17T01:55:09.757+0000] {standard_task_runner.py:87} INFO - Running: ['***', 'tasks', 'run', 'etl_***', 'extract', 'scheduled__2024-10-14T00:00:00+00:00', '--job-id', '860', '--raw', '--subdir', 'DAGS_FOLDER/etl_dag.py', '--cfg-path', '/tmp/tmp3kgjgket']
[2025-12-17T01:55:09.764+0000] {standard_task_runner.py:88} INFO - Job 860: Subtask extract
[2025-12-17T01:55:10.020+0000] {task_command.py:423} INFO - Running <TaskInstance: etl_airflow.extract scheduled__2024-10-14T00:00:00+00:00 [running]> on host 571e042550da
[2025-12-17T01:55:11.197+0000] {taskinstance.py:2480} INFO - Exporting env vars: AIRFLOW_CTX_DAG_OWNER='***' AIRFLOW_CTX_DAG_ID='etl_***' AIRFLOW_CTX_TASK_ID='extract' AIRFLOW_CTX_EXECUTION_DATE='2024-10-14T00:00:00+00:00' AIRFLOW_CTX_TRY_NUMBER='1' AIRFLOW_CTX_DAG_RUN_ID='scheduled__2024-10-14T00:00:00+00:00'
[2025-12-17T01:55:11.205+0000] {logging_mixin.py:188} INFO - [EXTRACT] Reading /opt/***/data/synthetic_events.csv
[2025-12-17T01:55:11.279+0000] {logging_mixin.py:188} INFO - [EXTRACT] done
[2025-12-17T01:55:11.282+0000] {python.py:201} INFO - Done. Returned value was: None
[2025-12-17T01:55:11.325+0000] {taskinstance.py:1138} INFO - Marking task as SUCCESS. dag_id=etl_***, task_id=extract, execution_date=20241014T000000, start_date=20251217T015509, end_date=20251217T015511
[2025-12-17T01:55:11.419+0000] {local_task_job_runner.py:234} INFO - Task exited with return code 0
[2025-12-17T01:55:11.538+0000] {taskinstance.py:3280} INFO - 1 downstream tasks scheduled from follow-on schedule check
[2025-12-17T04:52:17.795+0000] {taskinstance.py:1956} INFO - Dependencies all met for dep_context=non-requeueable deps ti=<TaskInstance: etl_airflow.extract scheduled__2024-10-14T00:00:00+00:00 [queued]>
[2025-12-17T04:52:17.821+0000] {taskinstance.py:1956} INFO - Dependencies all met for dep_context=requeueable deps ti=<TaskInstance: etl_airflow.extract scheduled__2024-10-14T00:00:00+00:00 [queued]>
[2025-12-17T04:52:17.822+0000] {taskinstance.py:2170} INFO - Starting attempt 1 of 3
[2025-12-17T04:52:17.975+0000] {taskinstance.py:2191} INFO - Executing <Task(PythonOperator): extract> on 2024-10-14 00:00:00+00:00
[2025-12-17T04:52:17.984+0000] {standard_task_runner.py:60} INFO - Started process 3895 to run task
[2025-12-17T04:52:17.999+0000] {standard_task_runner.py:87} INFO - Running: ['***', 'tasks', 'run', 'etl_***', 'extract', 'scheduled__2024-10-14T00:00:00+00:00', '--job-id', '1115', '--raw', '--subdir', 'DAGS_FOLDER/etl_***.py', '--cfg-path', '/tmp/tmpx2iwrej1']
[2025-12-17T04:52:18.005+0000] {standard_task_runner.py:88} INFO - Job 1115: Subtask extract
[2025-12-17T04:52:18.133+0000] {task_command.py:423} INFO - Running <TaskInstance: etl_airflow.extract scheduled__2024-10-14T00:00:00+00:00 [running]> on host b3426f05ac70
[2025-12-17T04:52:18.449+0000] {taskinstance.py:2480} INFO - Exporting env vars: AIRFLOW_CTX_DAG_OWNER='***' AIRFLOW_CTX_DAG_ID='etl_***' AIRFLOW_CTX_TASK_ID='extract' AIRFLOW_CTX_EXECUTION_DATE='2024-10-14T00:00:00+00:00' AIRFLOW_CTX_TRY_NUMBER='1' AIRFLOW_CTX_DAG_RUN_ID='scheduled__2024-10-14T00:00:00+00:00'
[2025-12-17T04:52:18.470+0000] {python.py:201} INFO - Done. Returned value was:    user_id event_type           timestamp country
0        1      login 2025-01-01 09:00:00      IN
1        1      click 2025-01-01 09:05:00      IN
2        1     logout 2025-01-01 09:15:00      IN
3        2      login 2025-01-01 10:00:00      US
4        2      click 2025-01-01 10:10:00      US
5        2     logout 2025-01-01 10:20:00      US
6        3      login 2025-01-02 08:00:00      FR
7        3      click 2025-01-02 08:05:00      FR
8        3     logout 2025-01-02 08:30:00      FR
[2025-12-17T04:52:18.517+0000] {taskinstance.py:1138} INFO - Marking task as SUCCESS. dag_id=etl_***, task_id=extract, execution_date=20241014T000000, start_date=20251217T045217, end_date=20251217T045218
[2025-12-17T04:52:18.577+0000] {local_task_job_runner.py:234} INFO - Task exited with return code 0
[2025-12-17T04:52:18.615+0000] {taskinstance.py:3280} INFO - 1 downstream tasks scheduled from follow-on schedule check
[2025-12-17T07:57:52.768+0000] {taskinstance.py:1956} INFO - Dependencies all met for dep_context=non-requeueable deps ti=<TaskInstance: etl_airflow.extract scheduled__2024-10-14T00:00:00+00:00 [queued]>
[2025-12-17T07:57:52.788+0000] {taskinstance.py:1956} INFO - Dependencies all met for dep_context=requeueable deps ti=<TaskInstance: etl_airflow.extract scheduled__2024-10-14T00:00:00+00:00 [queued]>
[2025-12-17T07:57:52.789+0000] {taskinstance.py:2170} INFO - Starting attempt 1 of 3
[2025-12-17T07:57:52.824+0000] {taskinstance.py:2191} INFO - Executing <Task(PythonOperator): extract> on 2024-10-14 00:00:00+00:00
[2025-12-17T07:57:52.839+0000] {standard_task_runner.py:60} INFO - Started process 4127 to run task
[2025-12-17T07:57:52.849+0000] {standard_task_runner.py:87} INFO - Running: ['***', 'tasks', 'run', 'etl_***', 'extract', 'scheduled__2024-10-14T00:00:00+00:00', '--job-id', '1156', '--raw', '--subdir', 'DAGS_FOLDER/etl_***.py', '--cfg-path', '/tmp/tmpqgmpcdmo']
[2025-12-17T07:57:52.858+0000] {standard_task_runner.py:88} INFO - Job 1156: Subtask extract
[2025-12-17T07:57:53.020+0000] {task_command.py:423} INFO - Running <TaskInstance: etl_airflow.extract scheduled__2024-10-14T00:00:00+00:00 [running]> on host 2a0de06c8905
[2025-12-17T07:57:53.505+0000] {taskinstance.py:2480} INFO - Exporting env vars: AIRFLOW_CTX_DAG_OWNER='***' AIRFLOW_CTX_DAG_ID='etl_***' AIRFLOW_CTX_TASK_ID='extract' AIRFLOW_CTX_EXECUTION_DATE='2024-10-14T00:00:00+00:00' AIRFLOW_CTX_TRY_NUMBER='1' AIRFLOW_CTX_DAG_RUN_ID='scheduled__2024-10-14T00:00:00+00:00'
[2025-12-17T07:57:53.542+0000] {python.py:201} INFO - Done. Returned value was:    user_id event_type           timestamp country
0        1      login 2025-01-01 09:00:00      IN
1        1      click 2025-01-01 09:05:00      IN
2        1     logout 2025-01-01 09:15:00      IN
3        2      login 2025-01-01 10:00:00      US
4        2      click 2025-01-01 10:10:00      US
5        2     logout 2025-01-01 10:20:00      US
6        3      login 2025-01-02 08:00:00      FR
7        3      click 2025-01-02 08:05:00      FR
8        3     logout 2025-01-02 08:30:00      FR
[2025-12-17T07:57:53.605+0000] {taskinstance.py:1138} INFO - Marking task as SUCCESS. dag_id=etl_***, task_id=extract, execution_date=20241014T000000, start_date=20251217T075752, end_date=20251217T075753
[2025-12-17T07:57:53.670+0000] {local_task_job_runner.py:234} INFO - Task exited with return code 0
[2025-12-17T07:57:53.726+0000] {taskinstance.py:3280} INFO - 1 downstream tasks scheduled from follow-on schedule check
