[2025-12-16T17:10:12.491+0000] {taskinstance.py:1956} INFO - Dependencies all met for dep_context=non-requeueable deps ti=<TaskInstance: etl_airflow.load scheduled__2024-02-03T00:00:00+00:00 [queued]>
[2025-12-16T17:10:12.537+0000] {taskinstance.py:1956} INFO - Dependencies all met for dep_context=requeueable deps ti=<TaskInstance: etl_airflow.load scheduled__2024-02-03T00:00:00+00:00 [queued]>
[2025-12-16T17:10:12.553+0000] {taskinstance.py:2170} INFO - Starting attempt 1 of 3
[2025-12-16T17:10:12.716+0000] {taskinstance.py:2191} INFO - Executing <Task(PythonOperator): load> on 2024-02-03 00:00:00+00:00
[2025-12-16T17:10:12.755+0000] {standard_task_runner.py:60} INFO - Started process 652 to run task
[2025-12-16T17:10:12.762+0000] {standard_task_runner.py:87} INFO - Running: ['***', 'tasks', 'run', 'etl_***', 'load', 'scheduled__2024-02-03T00:00:00+00:00', '--job-id', '3707', '--raw', '--subdir', 'DAGS_FOLDER/etl_dag.py', '--cfg-path', '/tmp/tmpr90scbet']
[2025-12-16T17:10:12.773+0000] {standard_task_runner.py:88} INFO - Job 3707: Subtask load
[2025-12-16T17:10:13.235+0000] {task_command.py:423} INFO - Running <TaskInstance: etl_airflow.load scheduled__2024-02-03T00:00:00+00:00 [running]> on host 3b89cfee50e9
[2025-12-16T17:10:13.788+0000] {taskinstance.py:2480} INFO - Exporting env vars: AIRFLOW_CTX_DAG_OWNER='***' AIRFLOW_CTX_DAG_ID='etl_***' AIRFLOW_CTX_TASK_ID='load' AIRFLOW_CTX_EXECUTION_DATE='2024-02-03T00:00:00+00:00' AIRFLOW_CTX_TRY_NUMBER='1' AIRFLOW_CTX_DAG_RUN_ID='scheduled__2024-02-03T00:00:00+00:00'
[2025-12-16T17:10:13.806+0000] {logging_mixin.py:188} INFO - [LOAD]
[2025-12-16T17:10:14.287+0000] {logging_mixin.py:188} INFO -    user_id event_type            timestamp country
0        1      login  2025-01-01T09:00:00      IN
1        1      click  2025-01-01T09:05:00      IN
2        1     logout  2025-01-01T09:15:00      IN
3        3      login  2025-01-02T08:00:00      FR
4        3      click  2025-01-02T08:05:00      FR
[2025-12-16T17:10:14.290+0000] {logging_mixin.py:188} INFO - [LOAD] done
[2025-12-16T17:10:14.294+0000] {python.py:201} INFO - Done. Returned value was: None
[2025-12-16T17:10:14.318+0000] {taskinstance.py:1138} INFO - Marking task as SUCCESS. dag_id=etl_***, task_id=load, execution_date=20240203T000000, start_date=20251216T171012, end_date=20251216T171014
[2025-12-16T17:10:14.399+0000] {local_task_job_runner.py:234} INFO - Task exited with return code 0
[2025-12-16T17:10:14.437+0000] {taskinstance.py:3280} INFO - 0 downstream tasks scheduled from follow-on schedule check
[2025-12-17T01:50:38.745+0000] {taskinstance.py:1956} INFO - Dependencies all met for dep_context=non-requeueable deps ti=<TaskInstance: etl_airflow.load scheduled__2024-02-03T00:00:00+00:00 [queued]>
[2025-12-17T01:50:38.761+0000] {taskinstance.py:1956} INFO - Dependencies all met for dep_context=requeueable deps ti=<TaskInstance: etl_airflow.load scheduled__2024-02-03T00:00:00+00:00 [queued]>
[2025-12-17T01:50:38.762+0000] {taskinstance.py:2170} INFO - Starting attempt 1 of 3
[2025-12-17T01:50:38.782+0000] {taskinstance.py:2191} INFO - Executing <Task(PythonOperator): load> on 2024-02-03 00:00:00+00:00
[2025-12-17T01:50:38.798+0000] {standard_task_runner.py:60} INFO - Started process 558 to run task
[2025-12-17T01:50:38.804+0000] {standard_task_runner.py:87} INFO - Running: ['***', 'tasks', 'run', 'etl_***', 'load', 'scheduled__2024-02-03T00:00:00+00:00', '--job-id', '113', '--raw', '--subdir', 'DAGS_FOLDER/etl_dag.py', '--cfg-path', '/tmp/tmp5n4ngveg']
[2025-12-17T01:50:38.808+0000] {standard_task_runner.py:88} INFO - Job 113: Subtask load
[2025-12-17T01:50:38.939+0000] {task_command.py:423} INFO - Running <TaskInstance: etl_airflow.load scheduled__2024-02-03T00:00:00+00:00 [running]> on host 571e042550da
[2025-12-17T01:50:39.435+0000] {taskinstance.py:2480} INFO - Exporting env vars: AIRFLOW_CTX_DAG_OWNER='***' AIRFLOW_CTX_DAG_ID='etl_***' AIRFLOW_CTX_TASK_ID='load' AIRFLOW_CTX_EXECUTION_DATE='2024-02-03T00:00:00+00:00' AIRFLOW_CTX_TRY_NUMBER='1' AIRFLOW_CTX_DAG_RUN_ID='scheduled__2024-02-03T00:00:00+00:00'
[2025-12-17T01:50:39.438+0000] {logging_mixin.py:188} INFO - [LOAD]
[2025-12-17T01:50:39.469+0000] {logging_mixin.py:188} INFO -    user_id event_type            timestamp country
0        1      login  2025-01-01T09:00:00      IN
1        1      click  2025-01-01T09:05:00      IN
2        1     logout  2025-01-01T09:15:00      IN
3        3      login  2025-01-02T08:00:00      FR
4        3      click  2025-01-02T08:05:00      FR
[2025-12-17T01:50:39.471+0000] {logging_mixin.py:188} INFO - [LOAD] done
[2025-12-17T01:50:39.472+0000] {python.py:201} INFO - Done. Returned value was: None
[2025-12-17T01:50:39.492+0000] {taskinstance.py:1138} INFO - Marking task as SUCCESS. dag_id=etl_***, task_id=load, execution_date=20240203T000000, start_date=20251217T015038, end_date=20251217T015039
[2025-12-17T01:50:39.582+0000] {local_task_job_runner.py:234} INFO - Task exited with return code 0
[2025-12-17T01:50:39.748+0000] {taskinstance.py:3280} INFO - 0 downstream tasks scheduled from follow-on schedule check
