[2025-12-17T02:01:45.287+0000] {taskinstance.py:1956} INFO - Dependencies all met for dep_context=non-requeueable deps ti=<TaskInstance: etl_airflow.transform scheduled__2025-12-04T00:00:00+00:00 [queued]>
[2025-12-17T02:01:45.307+0000] {taskinstance.py:1956} INFO - Dependencies all met for dep_context=requeueable deps ti=<TaskInstance: etl_airflow.transform scheduled__2025-12-04T00:00:00+00:00 [queued]>
[2025-12-17T02:01:45.309+0000] {taskinstance.py:2170} INFO - Starting attempt 1 of 3
[2025-12-17T02:01:45.422+0000] {taskinstance.py:2191} INFO - Executing <Task(PythonOperator): transform> on 2025-12-04 00:00:00+00:00
[2025-12-17T02:01:45.442+0000] {standard_task_runner.py:60} INFO - Started process 7003 to run task
[2025-12-17T02:01:45.445+0000] {standard_task_runner.py:87} INFO - Running: ['***', 'tasks', 'run', 'etl_***', 'transform', 'scheduled__2025-12-04T00:00:00+00:00', '--job-id', '2142', '--raw', '--subdir', 'DAGS_FOLDER/etl_dag.py', '--cfg-path', '/tmp/tmporipi7vu']
[2025-12-17T02:01:45.458+0000] {standard_task_runner.py:88} INFO - Job 2142: Subtask transform
[2025-12-17T02:01:45.661+0000] {task_command.py:423} INFO - Running <TaskInstance: etl_airflow.transform scheduled__2025-12-04T00:00:00+00:00 [running]> on host 571e042550da
[2025-12-17T02:01:46.150+0000] {taskinstance.py:2480} INFO - Exporting env vars: AIRFLOW_CTX_DAG_OWNER='***' AIRFLOW_CTX_DAG_ID='etl_***' AIRFLOW_CTX_TASK_ID='transform' AIRFLOW_CTX_EXECUTION_DATE='2025-12-04T00:00:00+00:00' AIRFLOW_CTX_TRY_NUMBER='1' AIRFLOW_CTX_DAG_RUN_ID='scheduled__2025-12-04T00:00:00+00:00'
[2025-12-17T02:01:46.154+0000] {logging_mixin.py:188} INFO - [TRANSFORM]
[2025-12-17T02:01:46.190+0000] {logging_mixin.py:188} INFO - [TRANSFORM] done
[2025-12-17T02:01:46.191+0000] {python.py:201} INFO - Done. Returned value was: None
[2025-12-17T02:01:46.216+0000] {taskinstance.py:1138} INFO - Marking task as SUCCESS. dag_id=etl_***, task_id=transform, execution_date=20251204T000000, start_date=20251217T020145, end_date=20251217T020146
[2025-12-17T02:01:46.410+0000] {local_task_job_runner.py:234} INFO - Task exited with return code 0
[2025-12-17T02:01:46.463+0000] {taskinstance.py:3280} INFO - 1 downstream tasks scheduled from follow-on schedule check
[2025-12-17T05:07:21.335+0000] {taskinstance.py:1956} INFO - Dependencies all met for dep_context=non-requeueable deps ti=<TaskInstance: etl_airflow.transform scheduled__2025-12-04T00:00:00+00:00 [queued]>
[2025-12-17T05:07:21.346+0000] {taskinstance.py:1956} INFO - Dependencies all met for dep_context=requeueable deps ti=<TaskInstance: etl_airflow.transform scheduled__2025-12-04T00:00:00+00:00 [queued]>
[2025-12-17T05:07:21.350+0000] {taskinstance.py:2170} INFO - Starting attempt 1 of 3
[2025-12-17T05:07:21.371+0000] {taskinstance.py:2191} INFO - Executing <Task(PythonOperator): transform> on 2025-12-04 00:00:00+00:00
[2025-12-17T05:07:21.378+0000] {standard_task_runner.py:60} INFO - Started process 9410 to run task
[2025-12-17T05:07:21.384+0000] {standard_task_runner.py:87} INFO - Running: ['***', 'tasks', 'run', 'etl_***', 'transform', 'scheduled__2025-12-04T00:00:00+00:00', '--job-id', '2789', '--raw', '--subdir', 'DAGS_FOLDER/etl_***.py', '--cfg-path', '/tmp/tmpmf8diyh3']
[2025-12-17T05:07:21.387+0000] {standard_task_runner.py:88} INFO - Job 2789: Subtask transform
[2025-12-17T05:07:21.497+0000] {task_command.py:423} INFO - Running <TaskInstance: etl_airflow.transform scheduled__2025-12-04T00:00:00+00:00 [running]> on host b3426f05ac70
[2025-12-17T05:07:21.855+0000] {taskinstance.py:2480} INFO - Exporting env vars: AIRFLOW_CTX_DAG_OWNER='***' AIRFLOW_CTX_DAG_ID='etl_***' AIRFLOW_CTX_TASK_ID='transform' AIRFLOW_CTX_EXECUTION_DATE='2025-12-04T00:00:00+00:00' AIRFLOW_CTX_TRY_NUMBER='1' AIRFLOW_CTX_DAG_RUN_ID='scheduled__2025-12-04T00:00:00+00:00'
[2025-12-17T05:07:21.857+0000] {taskinstance.py:2698} ERROR - Task failed with exception
Traceback (most recent call last):
  File "/home/airflow/.local/lib/python3.8/site-packages/airflow/models/taskinstance.py", line 433, in _execute_task
    result = execute_callable(context=context, **execute_callable_kwargs)
  File "/home/airflow/.local/lib/python3.8/site-packages/airflow/operators/python.py", line 199, in execute
    return_value = self.execute_callable()
  File "/home/airflow/.local/lib/python3.8/site-packages/airflow/operators/python.py", line 216, in execute_callable
    return self.python_callable(*self.op_args, **self.op_kwargs)
TypeError: transform_data() missing 1 required positional argument: 'df'
[2025-12-17T05:07:21.871+0000] {taskinstance.py:1138} INFO - Marking task as UP_FOR_RETRY. dag_id=etl_***, task_id=transform, execution_date=20251204T000000, start_date=20251217T050721, end_date=20251217T050721
[2025-12-17T05:07:21.915+0000] {standard_task_runner.py:107} ERROR - Failed to execute job 2789 for task transform (transform_data() missing 1 required positional argument: 'df'; 9410)
[2025-12-17T05:07:21.961+0000] {local_task_job_runner.py:234} INFO - Task exited with return code 1
[2025-12-17T05:07:22.017+0000] {taskinstance.py:3280} INFO - 0 downstream tasks scheduled from follow-on schedule check
