[2025-12-16T17:19:35.604+0000] {taskinstance.py:1956} INFO - Dependencies all met for dep_context=non-requeueable deps ti=<TaskInstance: etl_airflow.transform scheduled__2024-04-19T00:00:00+00:00 [queued]>
[2025-12-16T17:19:35.628+0000] {taskinstance.py:1956} INFO - Dependencies all met for dep_context=requeueable deps ti=<TaskInstance: etl_airflow.transform scheduled__2024-04-19T00:00:00+00:00 [queued]>
[2025-12-16T17:19:35.630+0000] {taskinstance.py:2170} INFO - Starting attempt 2 of 4
[2025-12-16T17:19:35.664+0000] {taskinstance.py:2191} INFO - Executing <Task(PythonOperator): transform> on 2024-04-19 00:00:00+00:00
[2025-12-16T17:19:35.679+0000] {standard_task_runner.py:60} INFO - Started process 4433 to run task
[2025-12-16T17:19:35.689+0000] {standard_task_runner.py:87} INFO - Running: ['***', 'tasks', 'run', 'etl_***', 'transform', 'scheduled__2024-04-19T00:00:00+00:00', '--job-id', '5479', '--raw', '--subdir', 'DAGS_FOLDER/etl_dag.py', '--cfg-path', '/tmp/tmpqc6br00x']
[2025-12-16T17:19:35.707+0000] {standard_task_runner.py:88} INFO - Job 5479: Subtask transform
[2025-12-16T17:19:35.892+0000] {task_command.py:423} INFO - Running <TaskInstance: etl_airflow.transform scheduled__2024-04-19T00:00:00+00:00 [running]> on host 3b89cfee50e9
[2025-12-16T17:19:36.227+0000] {taskinstance.py:2480} INFO - Exporting env vars: AIRFLOW_CTX_DAG_OWNER='***' AIRFLOW_CTX_DAG_ID='etl_***' AIRFLOW_CTX_TASK_ID='transform' AIRFLOW_CTX_EXECUTION_DATE='2024-04-19T00:00:00+00:00' AIRFLOW_CTX_TRY_NUMBER='2' AIRFLOW_CTX_DAG_RUN_ID='scheduled__2024-04-19T00:00:00+00:00'
[2025-12-16T17:19:36.231+0000] {logging_mixin.py:188} INFO - [TRANSFORM]
[2025-12-16T17:19:36.536+0000] {logging_mixin.py:188} INFO - [TRANSFORM] done
[2025-12-16T17:19:36.537+0000] {python.py:201} INFO - Done. Returned value was: None
[2025-12-16T17:19:36.565+0000] {taskinstance.py:1138} INFO - Marking task as SUCCESS. dag_id=etl_***, task_id=transform, execution_date=20240419T000000, start_date=20251216T171935, end_date=20251216T171936
[2025-12-16T17:19:36.898+0000] {local_task_job_runner.py:234} INFO - Task exited with return code 0
[2025-12-16T17:19:37.223+0000] {taskinstance.py:3280} INFO - 0 downstream tasks scheduled from follow-on schedule check
[2025-12-17T04:46:11.269+0000] {taskinstance.py:1956} INFO - Dependencies all met for dep_context=non-requeueable deps ti=<TaskInstance: etl_airflow.transform scheduled__2024-04-19T00:00:00+00:00 [queued]>
[2025-12-17T04:46:11.282+0000] {taskinstance.py:1956} INFO - Dependencies all met for dep_context=requeueable deps ti=<TaskInstance: etl_airflow.transform scheduled__2024-04-19T00:00:00+00:00 [queued]>
[2025-12-17T04:46:11.284+0000] {taskinstance.py:2170} INFO - Starting attempt 2 of 3
[2025-12-17T04:46:11.298+0000] {taskinstance.py:2191} INFO - Executing <Task(PythonOperator): transform> on 2024-04-19 00:00:00+00:00
[2025-12-17T04:46:11.305+0000] {standard_task_runner.py:60} INFO - Started process 1634 to run task
[2025-12-17T04:46:11.308+0000] {standard_task_runner.py:87} INFO - Running: ['***', 'tasks', 'run', 'etl_***', 'transform', 'scheduled__2024-04-19T00:00:00+00:00', '--job-id', '430', '--raw', '--subdir', 'DAGS_FOLDER/etl_***.py', '--cfg-path', '/tmp/tmpa12btsvs']
[2025-12-17T04:46:11.311+0000] {standard_task_runner.py:88} INFO - Job 430: Subtask transform
[2025-12-17T04:46:11.412+0000] {task_command.py:423} INFO - Running <TaskInstance: etl_airflow.transform scheduled__2024-04-19T00:00:00+00:00 [running]> on host b3426f05ac70
[2025-12-17T04:46:11.786+0000] {taskinstance.py:2480} INFO - Exporting env vars: AIRFLOW_CTX_DAG_OWNER='***' AIRFLOW_CTX_DAG_ID='etl_***' AIRFLOW_CTX_TASK_ID='transform' AIRFLOW_CTX_EXECUTION_DATE='2024-04-19T00:00:00+00:00' AIRFLOW_CTX_TRY_NUMBER='2' AIRFLOW_CTX_DAG_RUN_ID='scheduled__2024-04-19T00:00:00+00:00'
[2025-12-17T04:46:11.790+0000] {taskinstance.py:2698} ERROR - Task failed with exception
Traceback (most recent call last):
  File "/home/airflow/.local/lib/python3.8/site-packages/airflow/models/taskinstance.py", line 433, in _execute_task
    result = execute_callable(context=context, **execute_callable_kwargs)
  File "/home/airflow/.local/lib/python3.8/site-packages/airflow/operators/python.py", line 199, in execute
    return_value = self.execute_callable()
  File "/home/airflow/.local/lib/python3.8/site-packages/airflow/operators/python.py", line 216, in execute_callable
    return self.python_callable(*self.op_args, **self.op_kwargs)
TypeError: transform_data() missing 1 required positional argument: 'df'
[2025-12-17T04:46:11.806+0000] {taskinstance.py:1138} INFO - Marking task as UP_FOR_RETRY. dag_id=etl_***, task_id=transform, execution_date=20240419T000000, start_date=20251217T044611, end_date=20251217T044611
[2025-12-17T04:46:11.826+0000] {standard_task_runner.py:107} ERROR - Failed to execute job 430 for task transform (transform_data() missing 1 required positional argument: 'df'; 1634)
[2025-12-17T04:46:11.887+0000] {local_task_job_runner.py:234} INFO - Task exited with return code 1
[2025-12-17T04:46:12.047+0000] {taskinstance.py:3280} INFO - 0 downstream tasks scheduled from follow-on schedule check
[2025-12-17T07:39:32.085+0000] {taskinstance.py:1956} INFO - Dependencies all met for dep_context=non-requeueable deps ti=<TaskInstance: etl_airflow.transform scheduled__2024-04-19T00:00:00+00:00 [queued]>
[2025-12-17T07:39:32.113+0000] {taskinstance.py:1956} INFO - Dependencies all met for dep_context=requeueable deps ti=<TaskInstance: etl_airflow.transform scheduled__2024-04-19T00:00:00+00:00 [queued]>
[2025-12-17T07:39:32.120+0000] {taskinstance.py:2170} INFO - Starting attempt 2 of 3
[2025-12-17T07:39:32.152+0000] {taskinstance.py:2191} INFO - Executing <Task(PythonOperator): transform> on 2024-04-19 00:00:00+00:00
[2025-12-17T07:39:32.172+0000] {standard_task_runner.py:60} INFO - Started process 1700 to run task
[2025-12-17T07:39:32.181+0000] {standard_task_runner.py:87} INFO - Running: ['***', 'tasks', 'run', 'etl_***', 'transform', 'scheduled__2024-04-19T00:00:00+00:00', '--job-id', '429', '--raw', '--subdir', 'DAGS_FOLDER/etl_***.py', '--cfg-path', '/tmp/tmpkdgg31tx']
[2025-12-17T07:39:32.192+0000] {standard_task_runner.py:88} INFO - Job 429: Subtask transform
[2025-12-17T07:39:32.340+0000] {task_command.py:423} INFO - Running <TaskInstance: etl_airflow.transform scheduled__2024-04-19T00:00:00+00:00 [running]> on host 2a0de06c8905
[2025-12-17T07:39:32.739+0000] {taskinstance.py:2480} INFO - Exporting env vars: AIRFLOW_CTX_DAG_OWNER='***' AIRFLOW_CTX_DAG_ID='etl_***' AIRFLOW_CTX_TASK_ID='transform' AIRFLOW_CTX_EXECUTION_DATE='2024-04-19T00:00:00+00:00' AIRFLOW_CTX_TRY_NUMBER='2' AIRFLOW_CTX_DAG_RUN_ID='scheduled__2024-04-19T00:00:00+00:00'
[2025-12-17T07:39:32.742+0000] {taskinstance.py:2698} ERROR - Task failed with exception
Traceback (most recent call last):
  File "/home/airflow/.local/lib/python3.8/site-packages/airflow/models/taskinstance.py", line 433, in _execute_task
    result = execute_callable(context=context, **execute_callable_kwargs)
  File "/home/airflow/.local/lib/python3.8/site-packages/airflow/operators/python.py", line 199, in execute
    return_value = self.execute_callable()
  File "/home/airflow/.local/lib/python3.8/site-packages/airflow/operators/python.py", line 216, in execute_callable
    return self.python_callable(*self.op_args, **self.op_kwargs)
TypeError: transform_data() missing 1 required positional argument: 'df'
[2025-12-17T07:39:32.757+0000] {taskinstance.py:1138} INFO - Marking task as UP_FOR_RETRY. dag_id=etl_***, task_id=transform, execution_date=20240419T000000, start_date=20251217T073932, end_date=20251217T073932
[2025-12-17T07:39:32.776+0000] {standard_task_runner.py:107} ERROR - Failed to execute job 429 for task transform (transform_data() missing 1 required positional argument: 'df'; 1700)
[2025-12-17T07:39:32.798+0000] {local_task_job_runner.py:234} INFO - Task exited with return code 1
[2025-12-17T07:39:32.834+0000] {taskinstance.py:3280} INFO - 0 downstream tasks scheduled from follow-on schedule check
