[2025-12-16T16:35:31.992+0000] {taskinstance.py:1956} INFO - Dependencies all met for dep_context=non-requeueable deps ti=<TaskInstance: etl_airflow.extract scheduled__2024-06-07T00:00:00+00:00 [queued]>
[2025-12-16T16:35:32.015+0000] {taskinstance.py:1956} INFO - Dependencies all met for dep_context=requeueable deps ti=<TaskInstance: etl_airflow.extract scheduled__2024-06-07T00:00:00+00:00 [queued]>
[2025-12-16T16:35:32.016+0000] {taskinstance.py:2170} INFO - Starting attempt 1 of 3
[2025-12-16T16:35:32.159+0000] {taskinstance.py:2191} INFO - Executing <Task(PythonOperator): extract> on 2024-06-07 00:00:00+00:00
[2025-12-16T16:35:32.170+0000] {standard_task_runner.py:60} INFO - Started process 439 to run task
[2025-12-16T16:35:32.181+0000] {standard_task_runner.py:87} INFO - Running: ['***', 'tasks', 'run', 'etl_***', 'extract', 'scheduled__2024-06-07T00:00:00+00:00', '--job-id', '478', '--raw', '--subdir', 'DAGS_FOLDER/etl_dag.py', '--cfg-path', '/tmp/tmpdwp2qz86']
[2025-12-16T16:35:32.186+0000] {standard_task_runner.py:88} INFO - Job 478: Subtask extract
[2025-12-16T16:35:32.315+0000] {task_command.py:423} INFO - Running <TaskInstance: etl_airflow.extract scheduled__2024-06-07T00:00:00+00:00 [running]> on host 02b83863a69a
[2025-12-16T16:35:32.451+0000] {taskinstance.py:2480} INFO - Exporting env vars: AIRFLOW_CTX_DAG_OWNER='***' AIRFLOW_CTX_DAG_ID='etl_***' AIRFLOW_CTX_TASK_ID='extract' AIRFLOW_CTX_EXECUTION_DATE='2024-06-07T00:00:00+00:00' AIRFLOW_CTX_TRY_NUMBER='1' AIRFLOW_CTX_DAG_RUN_ID='scheduled__2024-06-07T00:00:00+00:00'
[2025-12-16T16:35:32.454+0000] {logging_mixin.py:188} INFO - Extracting data from /opt/***/data/input.csv
[2025-12-16T16:35:32.466+0000] {taskinstance.py:2698} ERROR - Task failed with exception
Traceback (most recent call last):
  File "/home/airflow/.local/lib/python3.8/site-packages/airflow/models/taskinstance.py", line 433, in _execute_task
    result = execute_callable(context=context, **execute_callable_kwargs)
  File "/home/airflow/.local/lib/python3.8/site-packages/airflow/operators/python.py", line 199, in execute
    return_value = self.execute_callable()
  File "/home/airflow/.local/lib/python3.8/site-packages/airflow/operators/python.py", line 216, in execute_callable
    return self.python_callable(*self.op_args, **self.op_kwargs)
  File "/opt/airflow/dags/etl_logic/pipeline.py", line 97, in extract_data
    df = pd.read_csv(input_path)
  File "/home/airflow/.local/lib/python3.8/site-packages/pandas/io/parsers/readers.py", line 912, in read_csv
    return _read(filepath_or_buffer, kwds)
  File "/home/airflow/.local/lib/python3.8/site-packages/pandas/io/parsers/readers.py", line 577, in _read
    parser = TextFileReader(filepath_or_buffer, **kwds)
  File "/home/airflow/.local/lib/python3.8/site-packages/pandas/io/parsers/readers.py", line 1407, in __init__
    self._engine = self._make_engine(f, self.engine)
  File "/home/airflow/.local/lib/python3.8/site-packages/pandas/io/parsers/readers.py", line 1661, in _make_engine
    self.handles = get_handle(
  File "/home/airflow/.local/lib/python3.8/site-packages/pandas/io/common.py", line 859, in get_handle
    handle = open(
FileNotFoundError: [Errno 2] No such file or directory: '/opt/airflow/data/input.csv'
[2025-12-16T16:35:32.496+0000] {taskinstance.py:1138} INFO - Marking task as UP_FOR_RETRY. dag_id=etl_***, task_id=extract, execution_date=20240607T000000, start_date=20251216T163531, end_date=20251216T163532
[2025-12-16T16:35:32.659+0000] {standard_task_runner.py:107} ERROR - Failed to execute job 478 for task extract ([Errno 2] No such file or directory: '/opt/airflow/data/input.csv'; 439)
[2025-12-16T16:35:32.712+0000] {local_task_job_runner.py:234} INFO - Task exited with return code 1
[2025-12-16T16:35:32.748+0000] {taskinstance.py:3280} INFO - 0 downstream tasks scheduled from follow-on schedule check
[2025-12-17T01:52:49.994+0000] {taskinstance.py:1956} INFO - Dependencies all met for dep_context=non-requeueable deps ti=<TaskInstance: etl_airflow.extract scheduled__2024-06-07T00:00:00+00:00 [queued]>
[2025-12-17T01:52:50.024+0000] {taskinstance.py:1956} INFO - Dependencies all met for dep_context=requeueable deps ti=<TaskInstance: etl_airflow.extract scheduled__2024-06-07T00:00:00+00:00 [queued]>
[2025-12-17T01:52:50.028+0000] {taskinstance.py:2170} INFO - Starting attempt 1 of 3
[2025-12-17T01:52:50.063+0000] {taskinstance.py:2191} INFO - Executing <Task(PythonOperator): extract> on 2024-06-07 00:00:00+00:00
[2025-12-17T01:52:50.076+0000] {standard_task_runner.py:60} INFO - Started process 1698 to run task
[2025-12-17T01:52:50.091+0000] {standard_task_runner.py:87} INFO - Running: ['***', 'tasks', 'run', 'etl_***', 'extract', 'scheduled__2024-06-07T00:00:00+00:00', '--job-id', '467', '--raw', '--subdir', 'DAGS_FOLDER/etl_dag.py', '--cfg-path', '/tmp/tmpujlbmr2k']
[2025-12-17T01:52:50.098+0000] {standard_task_runner.py:88} INFO - Job 467: Subtask extract
[2025-12-17T01:52:50.319+0000] {task_command.py:423} INFO - Running <TaskInstance: etl_airflow.extract scheduled__2024-06-07T00:00:00+00:00 [running]> on host 571e042550da
[2025-12-17T01:52:50.897+0000] {taskinstance.py:2480} INFO - Exporting env vars: AIRFLOW_CTX_DAG_OWNER='***' AIRFLOW_CTX_DAG_ID='etl_***' AIRFLOW_CTX_TASK_ID='extract' AIRFLOW_CTX_EXECUTION_DATE='2024-06-07T00:00:00+00:00' AIRFLOW_CTX_TRY_NUMBER='1' AIRFLOW_CTX_DAG_RUN_ID='scheduled__2024-06-07T00:00:00+00:00'
[2025-12-17T01:52:50.904+0000] {logging_mixin.py:188} INFO - [EXTRACT] Reading /opt/***/data/synthetic_events.csv
[2025-12-17T01:52:50.960+0000] {logging_mixin.py:188} INFO - [EXTRACT] done
[2025-12-17T01:52:50.962+0000] {python.py:201} INFO - Done. Returned value was: None
[2025-12-17T01:52:50.992+0000] {taskinstance.py:1138} INFO - Marking task as SUCCESS. dag_id=etl_***, task_id=extract, execution_date=20240607T000000, start_date=20251217T015249, end_date=20251217T015250
[2025-12-17T01:52:51.321+0000] {local_task_job_runner.py:234} INFO - Task exited with return code 0
[2025-12-17T01:52:51.379+0000] {taskinstance.py:3280} INFO - 1 downstream tasks scheduled from follow-on schedule check
[2025-12-17T04:20:44.255+0000] {taskinstance.py:1956} INFO - Dependencies all met for dep_context=non-requeueable deps ti=<TaskInstance: etl_airflow.extract scheduled__2024-06-07T00:00:00+00:00 [queued]>
[2025-12-17T04:20:44.270+0000] {taskinstance.py:1956} INFO - Dependencies all met for dep_context=requeueable deps ti=<TaskInstance: etl_airflow.extract scheduled__2024-06-07T00:00:00+00:00 [queued]>
[2025-12-17T04:20:44.271+0000] {taskinstance.py:2170} INFO - Starting attempt 1 of 3
[2025-12-17T04:20:44.290+0000] {taskinstance.py:2191} INFO - Executing <Task(PythonOperator): extract> on 2024-06-07 00:00:00+00:00
[2025-12-17T04:20:44.300+0000] {standard_task_runner.py:60} INFO - Started process 1100 to run task
[2025-12-17T04:20:44.306+0000] {standard_task_runner.py:87} INFO - Running: ['***', 'tasks', 'run', 'etl_***', 'extract', 'scheduled__2024-06-07T00:00:00+00:00', '--job-id', '270', '--raw', '--subdir', 'DAGS_FOLDER/etl_***.py', '--cfg-path', '/tmp/tmp_6yjky1o']
[2025-12-17T04:20:44.311+0000] {standard_task_runner.py:88} INFO - Job 270: Subtask extract
[2025-12-17T04:20:44.537+0000] {task_command.py:423} INFO - Running <TaskInstance: etl_airflow.extract scheduled__2024-06-07T00:00:00+00:00 [running]> on host c5811fe183ca
[2025-12-17T04:20:45.145+0000] {taskinstance.py:2480} INFO - Exporting env vars: AIRFLOW_CTX_DAG_OWNER='***' AIRFLOW_CTX_DAG_ID='etl_***' AIRFLOW_CTX_TASK_ID='extract' AIRFLOW_CTX_EXECUTION_DATE='2024-06-07T00:00:00+00:00' AIRFLOW_CTX_TRY_NUMBER='1' AIRFLOW_CTX_DAG_RUN_ID='scheduled__2024-06-07T00:00:00+00:00'
[2025-12-17T04:20:45.188+0000] {python.py:201} INFO - Done. Returned value was:    user_id event_type           timestamp country
0        1      login 2025-01-01 09:00:00      IN
1        1      click 2025-01-01 09:05:00      IN
2        1     logout 2025-01-01 09:15:00      IN
3        2      login 2025-01-01 10:00:00      US
4        2      click 2025-01-01 10:10:00      US
5        2     logout 2025-01-01 10:20:00      US
6        3      login 2025-01-02 08:00:00      FR
7        3      click 2025-01-02 08:05:00      FR
8        3     logout 2025-01-02 08:30:00      FR
[2025-12-17T04:20:45.287+0000] {taskinstance.py:1138} INFO - Marking task as SUCCESS. dag_id=etl_***, task_id=extract, execution_date=20240607T000000, start_date=20251217T042044, end_date=20251217T042045
[2025-12-17T04:20:45.369+0000] {local_task_job_runner.py:234} INFO - Task exited with return code 0
[2025-12-17T04:20:45.417+0000] {taskinstance.py:3280} INFO - 0 downstream tasks scheduled from follow-on schedule check
[2025-12-17T04:47:40.694+0000] {taskinstance.py:1956} INFO - Dependencies all met for dep_context=non-requeueable deps ti=<TaskInstance: etl_airflow.extract scheduled__2024-06-07T00:00:00+00:00 [queued]>
[2025-12-17T04:47:40.709+0000] {taskinstance.py:1956} INFO - Dependencies all met for dep_context=requeueable deps ti=<TaskInstance: etl_airflow.extract scheduled__2024-06-07T00:00:00+00:00 [queued]>
[2025-12-17T04:47:40.711+0000] {taskinstance.py:2170} INFO - Starting attempt 1 of 3
[2025-12-17T04:47:40.905+0000] {taskinstance.py:2191} INFO - Executing <Task(PythonOperator): extract> on 2024-06-07 00:00:00+00:00
[2025-12-17T04:47:40.922+0000] {standard_task_runner.py:60} INFO - Started process 2202 to run task
[2025-12-17T04:47:40.932+0000] {standard_task_runner.py:87} INFO - Running: ['***', 'tasks', 'run', 'etl_***', 'extract', 'scheduled__2024-06-07T00:00:00+00:00', '--job-id', '600', '--raw', '--subdir', 'DAGS_FOLDER/etl_***.py', '--cfg-path', '/tmp/tmpadqw9k_b']
[2025-12-17T04:47:40.938+0000] {standard_task_runner.py:88} INFO - Job 600: Subtask extract
[2025-12-17T04:47:41.105+0000] {task_command.py:423} INFO - Running <TaskInstance: etl_airflow.extract scheduled__2024-06-07T00:00:00+00:00 [running]> on host b3426f05ac70
[2025-12-17T04:47:41.483+0000] {taskinstance.py:2480} INFO - Exporting env vars: AIRFLOW_CTX_DAG_OWNER='***' AIRFLOW_CTX_DAG_ID='etl_***' AIRFLOW_CTX_TASK_ID='extract' AIRFLOW_CTX_EXECUTION_DATE='2024-06-07T00:00:00+00:00' AIRFLOW_CTX_TRY_NUMBER='1' AIRFLOW_CTX_DAG_RUN_ID='scheduled__2024-06-07T00:00:00+00:00'
[2025-12-17T04:47:41.513+0000] {python.py:201} INFO - Done. Returned value was:    user_id event_type           timestamp country
0        1      login 2025-01-01 09:00:00      IN
1        1      click 2025-01-01 09:05:00      IN
2        1     logout 2025-01-01 09:15:00      IN
3        2      login 2025-01-01 10:00:00      US
4        2      click 2025-01-01 10:10:00      US
5        2     logout 2025-01-01 10:20:00      US
6        3      login 2025-01-02 08:00:00      FR
7        3      click 2025-01-02 08:05:00      FR
8        3     logout 2025-01-02 08:30:00      FR
[2025-12-17T04:47:41.584+0000] {taskinstance.py:1138} INFO - Marking task as SUCCESS. dag_id=etl_***, task_id=extract, execution_date=20240607T000000, start_date=20251217T044740, end_date=20251217T044741
[2025-12-17T04:47:41.700+0000] {local_task_job_runner.py:234} INFO - Task exited with return code 0
[2025-12-17T04:47:41.756+0000] {taskinstance.py:3280} INFO - 1 downstream tasks scheduled from follow-on schedule check
[2025-12-17T07:41:10.232+0000] {taskinstance.py:1956} INFO - Dependencies all met for dep_context=non-requeueable deps ti=<TaskInstance: etl_airflow.extract scheduled__2024-06-07T00:00:00+00:00 [queued]>
[2025-12-17T07:41:10.278+0000] {taskinstance.py:1956} INFO - Dependencies all met for dep_context=requeueable deps ti=<TaskInstance: etl_airflow.extract scheduled__2024-06-07T00:00:00+00:00 [queued]>
[2025-12-17T07:41:10.280+0000] {taskinstance.py:2170} INFO - Starting attempt 1 of 3
[2025-12-17T07:41:10.313+0000] {taskinstance.py:2191} INFO - Executing <Task(PythonOperator): extract> on 2024-06-07 00:00:00+00:00
[2025-12-17T07:41:10.327+0000] {standard_task_runner.py:60} INFO - Started process 2259 to run task
[2025-12-17T07:41:10.336+0000] {standard_task_runner.py:87} INFO - Running: ['***', 'tasks', 'run', 'etl_***', 'extract', 'scheduled__2024-06-07T00:00:00+00:00', '--job-id', '600', '--raw', '--subdir', 'DAGS_FOLDER/etl_***.py', '--cfg-path', '/tmp/tmpbc5gqri5']
[2025-12-17T07:41:10.341+0000] {standard_task_runner.py:88} INFO - Job 600: Subtask extract
[2025-12-17T07:41:10.489+0000] {task_command.py:423} INFO - Running <TaskInstance: etl_airflow.extract scheduled__2024-06-07T00:00:00+00:00 [running]> on host 2a0de06c8905
[2025-12-17T07:41:11.060+0000] {taskinstance.py:2480} INFO - Exporting env vars: AIRFLOW_CTX_DAG_OWNER='***' AIRFLOW_CTX_DAG_ID='etl_***' AIRFLOW_CTX_TASK_ID='extract' AIRFLOW_CTX_EXECUTION_DATE='2024-06-07T00:00:00+00:00' AIRFLOW_CTX_TRY_NUMBER='1' AIRFLOW_CTX_DAG_RUN_ID='scheduled__2024-06-07T00:00:00+00:00'
[2025-12-17T07:41:11.097+0000] {python.py:201} INFO - Done. Returned value was:    user_id event_type           timestamp country
0        1      login 2025-01-01 09:00:00      IN
1        1      click 2025-01-01 09:05:00      IN
2        1     logout 2025-01-01 09:15:00      IN
3        2      login 2025-01-01 10:00:00      US
4        2      click 2025-01-01 10:10:00      US
5        2     logout 2025-01-01 10:20:00      US
6        3      login 2025-01-02 08:00:00      FR
7        3      click 2025-01-02 08:05:00      FR
8        3     logout 2025-01-02 08:30:00      FR
[2025-12-17T07:41:11.184+0000] {taskinstance.py:1138} INFO - Marking task as SUCCESS. dag_id=etl_***, task_id=extract, execution_date=20240607T000000, start_date=20251217T074110, end_date=20251217T074111
[2025-12-17T07:41:11.444+0000] {local_task_job_runner.py:234} INFO - Task exited with return code 0
[2025-12-17T07:41:11.546+0000] {taskinstance.py:3280} INFO - 1 downstream tasks scheduled from follow-on schedule check
