[2025-12-16T17:14:58.295+0000] {taskinstance.py:1956} INFO - Dependencies all met for dep_context=non-requeueable deps ti=<TaskInstance: etl_airflow.transform scheduled__2024-11-22T00:00:00+00:00 [queued]>
[2025-12-16T17:14:58.320+0000] {taskinstance.py:1956} INFO - Dependencies all met for dep_context=requeueable deps ti=<TaskInstance: etl_airflow.transform scheduled__2024-11-22T00:00:00+00:00 [queued]>
[2025-12-16T17:14:58.322+0000] {taskinstance.py:2170} INFO - Starting attempt 1 of 3
[2025-12-16T17:14:58.373+0000] {taskinstance.py:2191} INFO - Executing <Task(PythonOperator): transform> on 2024-11-22 00:00:00+00:00
[2025-12-16T17:14:58.388+0000] {standard_task_runner.py:60} INFO - Started process 1667 to run task
[2025-12-16T17:14:58.402+0000] {standard_task_runner.py:87} INFO - Running: ['***', 'tasks', 'run', 'etl_***', 'transform', 'scheduled__2024-11-22T00:00:00+00:00', '--job-id', '4604', '--raw', '--subdir', 'DAGS_FOLDER/etl_dag.py', '--cfg-path', '/tmp/tmpbjq2jkd7']
[2025-12-16T17:14:58.414+0000] {standard_task_runner.py:88} INFO - Job 4604: Subtask transform
[2025-12-16T17:14:58.596+0000] {task_command.py:423} INFO - Running <TaskInstance: etl_airflow.transform scheduled__2024-11-22T00:00:00+00:00 [running]> on host 3b89cfee50e9
[2025-12-16T17:14:58.818+0000] {taskinstance.py:2480} INFO - Exporting env vars: AIRFLOW_CTX_DAG_OWNER='***' AIRFLOW_CTX_DAG_ID='etl_***' AIRFLOW_CTX_TASK_ID='transform' AIRFLOW_CTX_EXECUTION_DATE='2024-11-22T00:00:00+00:00' AIRFLOW_CTX_TRY_NUMBER='1' AIRFLOW_CTX_DAG_RUN_ID='scheduled__2024-11-22T00:00:00+00:00'
[2025-12-16T17:14:58.822+0000] {logging_mixin.py:188} INFO - [TRANSFORM]
[2025-12-16T17:14:59.148+0000] {logging_mixin.py:188} INFO - [TRANSFORM] done
[2025-12-16T17:14:59.150+0000] {python.py:201} INFO - Done. Returned value was: None
[2025-12-16T17:14:59.169+0000] {taskinstance.py:1138} INFO - Marking task as SUCCESS. dag_id=etl_***, task_id=transform, execution_date=20241122T000000, start_date=20251216T171458, end_date=20251216T171459
[2025-12-16T17:14:59.237+0000] {local_task_job_runner.py:234} INFO - Task exited with return code 0
[2025-12-16T17:14:59.284+0000] {taskinstance.py:3280} INFO - 1 downstream tasks scheduled from follow-on schedule check
[2025-12-17T01:55:57.334+0000] {taskinstance.py:1956} INFO - Dependencies all met for dep_context=non-requeueable deps ti=<TaskInstance: etl_airflow.transform scheduled__2024-11-22T00:00:00+00:00 [queued]>
[2025-12-17T01:55:57.371+0000] {taskinstance.py:1956} INFO - Dependencies all met for dep_context=requeueable deps ti=<TaskInstance: etl_airflow.transform scheduled__2024-11-22T00:00:00+00:00 [queued]>
[2025-12-17T01:55:57.379+0000] {taskinstance.py:2170} INFO - Starting attempt 1 of 3
[2025-12-17T01:55:57.415+0000] {taskinstance.py:2191} INFO - Executing <Task(PythonOperator): transform> on 2024-11-22 00:00:00+00:00
[2025-12-17T01:55:57.426+0000] {standard_task_runner.py:60} INFO - Started process 3400 to run task
[2025-12-17T01:55:57.444+0000] {standard_task_runner.py:87} INFO - Running: ['***', 'tasks', 'run', 'etl_***', 'transform', 'scheduled__2024-11-22T00:00:00+00:00', '--job-id', '1003', '--raw', '--subdir', 'DAGS_FOLDER/etl_dag.py', '--cfg-path', '/tmp/tmpuhi0q7gd']
[2025-12-17T01:55:57.449+0000] {standard_task_runner.py:88} INFO - Job 1003: Subtask transform
[2025-12-17T01:55:57.683+0000] {task_command.py:423} INFO - Running <TaskInstance: etl_airflow.transform scheduled__2024-11-22T00:00:00+00:00 [running]> on host 571e042550da
[2025-12-17T01:55:58.314+0000] {taskinstance.py:2480} INFO - Exporting env vars: AIRFLOW_CTX_DAG_OWNER='***' AIRFLOW_CTX_DAG_ID='etl_***' AIRFLOW_CTX_TASK_ID='transform' AIRFLOW_CTX_EXECUTION_DATE='2024-11-22T00:00:00+00:00' AIRFLOW_CTX_TRY_NUMBER='1' AIRFLOW_CTX_DAG_RUN_ID='scheduled__2024-11-22T00:00:00+00:00'
[2025-12-17T01:55:58.317+0000] {logging_mixin.py:188} INFO - [TRANSFORM]
[2025-12-17T01:55:58.374+0000] {logging_mixin.py:188} INFO - [TRANSFORM] done
[2025-12-17T01:55:58.376+0000] {python.py:201} INFO - Done. Returned value was: None
[2025-12-17T01:55:58.436+0000] {taskinstance.py:1138} INFO - Marking task as SUCCESS. dag_id=etl_***, task_id=transform, execution_date=20241122T000000, start_date=20251217T015557, end_date=20251217T015558
[2025-12-17T01:55:58.963+0000] {local_task_job_runner.py:234} INFO - Task exited with return code 0
[2025-12-17T01:55:59.076+0000] {taskinstance.py:3280} INFO - 1 downstream tasks scheduled from follow-on schedule check
[2025-12-17T04:54:02.953+0000] {taskinstance.py:1956} INFO - Dependencies all met for dep_context=non-requeueable deps ti=<TaskInstance: etl_airflow.transform scheduled__2024-11-22T00:00:00+00:00 [queued]>
[2025-12-17T04:54:02.969+0000] {taskinstance.py:1956} INFO - Dependencies all met for dep_context=requeueable deps ti=<TaskInstance: etl_airflow.transform scheduled__2024-11-22T00:00:00+00:00 [queued]>
[2025-12-17T04:54:02.970+0000] {taskinstance.py:2170} INFO - Starting attempt 1 of 3
[2025-12-17T04:54:03.113+0000] {taskinstance.py:2191} INFO - Executing <Task(PythonOperator): transform> on 2024-11-22 00:00:00+00:00
[2025-12-17T04:54:03.126+0000] {standard_task_runner.py:60} INFO - Started process 4516 to run task
[2025-12-17T04:54:03.135+0000] {standard_task_runner.py:87} INFO - Running: ['***', 'tasks', 'run', 'etl_***', 'transform', 'scheduled__2024-11-22T00:00:00+00:00', '--job-id', '1301', '--raw', '--subdir', 'DAGS_FOLDER/etl_***.py', '--cfg-path', '/tmp/tmpg1j8kkkq']
[2025-12-17T04:54:03.140+0000] {standard_task_runner.py:88} INFO - Job 1301: Subtask transform
[2025-12-17T04:54:03.258+0000] {task_command.py:423} INFO - Running <TaskInstance: etl_airflow.transform scheduled__2024-11-22T00:00:00+00:00 [running]> on host b3426f05ac70
[2025-12-17T04:54:03.629+0000] {taskinstance.py:2480} INFO - Exporting env vars: AIRFLOW_CTX_DAG_OWNER='***' AIRFLOW_CTX_DAG_ID='etl_***' AIRFLOW_CTX_TASK_ID='transform' AIRFLOW_CTX_EXECUTION_DATE='2024-11-22T00:00:00+00:00' AIRFLOW_CTX_TRY_NUMBER='1' AIRFLOW_CTX_DAG_RUN_ID='scheduled__2024-11-22T00:00:00+00:00'
[2025-12-17T04:54:03.634+0000] {taskinstance.py:2698} ERROR - Task failed with exception
Traceback (most recent call last):
  File "/home/airflow/.local/lib/python3.8/site-packages/airflow/models/taskinstance.py", line 433, in _execute_task
    result = execute_callable(context=context, **execute_callable_kwargs)
  File "/home/airflow/.local/lib/python3.8/site-packages/airflow/operators/python.py", line 199, in execute
    return_value = self.execute_callable()
  File "/home/airflow/.local/lib/python3.8/site-packages/airflow/operators/python.py", line 216, in execute_callable
    return self.python_callable(*self.op_args, **self.op_kwargs)
TypeError: transform_data() missing 1 required positional argument: 'df'
[2025-12-17T04:54:03.647+0000] {taskinstance.py:1138} INFO - Marking task as UP_FOR_RETRY. dag_id=etl_***, task_id=transform, execution_date=20241122T000000, start_date=20251217T045402, end_date=20251217T045403
[2025-12-17T04:54:03.691+0000] {standard_task_runner.py:107} ERROR - Failed to execute job 1301 for task transform (transform_data() missing 1 required positional argument: 'df'; 4516)
[2025-12-17T04:54:03.750+0000] {local_task_job_runner.py:234} INFO - Task exited with return code 1
[2025-12-17T04:54:04.017+0000] {taskinstance.py:3280} INFO - 0 downstream tasks scheduled from follow-on schedule check
[2025-12-17T07:59:16.900+0000] {taskinstance.py:1956} INFO - Dependencies all met for dep_context=non-requeueable deps ti=<TaskInstance: etl_airflow.transform scheduled__2024-11-22T00:00:00+00:00 [queued]>
[2025-12-17T07:59:16.926+0000] {taskinstance.py:1956} INFO - Dependencies all met for dep_context=requeueable deps ti=<TaskInstance: etl_airflow.transform scheduled__2024-11-22T00:00:00+00:00 [queued]>
[2025-12-17T07:59:16.927+0000] {taskinstance.py:2170} INFO - Starting attempt 1 of 3
[2025-12-17T07:59:16.959+0000] {taskinstance.py:2191} INFO - Executing <Task(PythonOperator): transform> on 2024-11-22 00:00:00+00:00
[2025-12-17T07:59:16.975+0000] {standard_task_runner.py:60} INFO - Started process 4607 to run task
[2025-12-17T07:59:16.982+0000] {standard_task_runner.py:87} INFO - Running: ['***', 'tasks', 'run', 'etl_***', 'transform', 'scheduled__2024-11-22T00:00:00+00:00', '--job-id', '1306', '--raw', '--subdir', 'DAGS_FOLDER/etl_***.py', '--cfg-path', '/tmp/tmpp8ddaz73']
[2025-12-17T07:59:16.988+0000] {standard_task_runner.py:88} INFO - Job 1306: Subtask transform
[2025-12-17T07:59:17.220+0000] {task_command.py:423} INFO - Running <TaskInstance: etl_airflow.transform scheduled__2024-11-22T00:00:00+00:00 [running]> on host 2a0de06c8905
[2025-12-17T07:59:17.690+0000] {taskinstance.py:2480} INFO - Exporting env vars: AIRFLOW_CTX_DAG_OWNER='***' AIRFLOW_CTX_DAG_ID='etl_***' AIRFLOW_CTX_TASK_ID='transform' AIRFLOW_CTX_EXECUTION_DATE='2024-11-22T00:00:00+00:00' AIRFLOW_CTX_TRY_NUMBER='1' AIRFLOW_CTX_DAG_RUN_ID='scheduled__2024-11-22T00:00:00+00:00'
[2025-12-17T07:59:17.695+0000] {taskinstance.py:2698} ERROR - Task failed with exception
Traceback (most recent call last):
  File "/home/airflow/.local/lib/python3.8/site-packages/airflow/models/taskinstance.py", line 433, in _execute_task
    result = execute_callable(context=context, **execute_callable_kwargs)
  File "/home/airflow/.local/lib/python3.8/site-packages/airflow/operators/python.py", line 199, in execute
    return_value = self.execute_callable()
  File "/home/airflow/.local/lib/python3.8/site-packages/airflow/operators/python.py", line 216, in execute_callable
    return self.python_callable(*self.op_args, **self.op_kwargs)
TypeError: transform_data() missing 1 required positional argument: 'df'
[2025-12-17T07:59:17.715+0000] {taskinstance.py:1138} INFO - Marking task as UP_FOR_RETRY. dag_id=etl_***, task_id=transform, execution_date=20241122T000000, start_date=20251217T075916, end_date=20251217T075917
[2025-12-17T07:59:17.888+0000] {standard_task_runner.py:107} ERROR - Failed to execute job 1306 for task transform (transform_data() missing 1 required positional argument: 'df'; 4607)
[2025-12-17T07:59:17.926+0000] {local_task_job_runner.py:234} INFO - Task exited with return code 1
[2025-12-17T07:59:17.963+0000] {taskinstance.py:3280} INFO - 0 downstream tasks scheduled from follow-on schedule check
