[2025-12-16T17:22:23.238+0000] {taskinstance.py:1956} INFO - Dependencies all met for dep_context=non-requeueable deps ti=<TaskInstance: etl_airflow.transform scheduled__2024-04-10T00:00:00+00:00 [queued]>
[2025-12-16T17:22:23.276+0000] {taskinstance.py:1956} INFO - Dependencies all met for dep_context=requeueable deps ti=<TaskInstance: etl_airflow.transform scheduled__2024-04-10T00:00:00+00:00 [queued]>
[2025-12-16T17:22:23.282+0000] {taskinstance.py:2170} INFO - Starting attempt 3 of 5
[2025-12-16T17:22:23.342+0000] {taskinstance.py:2191} INFO - Executing <Task(PythonOperator): transform> on 2024-04-10 00:00:00+00:00
[2025-12-16T17:22:23.365+0000] {standard_task_runner.py:60} INFO - Started process 6449 to run task
[2025-12-16T17:22:23.370+0000] {standard_task_runner.py:87} INFO - Running: ['***', 'tasks', 'run', 'etl_***', 'transform', 'scheduled__2024-04-10T00:00:00+00:00', '--job-id', '6120', '--raw', '--subdir', 'DAGS_FOLDER/etl_dag.py', '--cfg-path', '/tmp/tmpzk489eod']
[2025-12-16T17:22:23.376+0000] {standard_task_runner.py:88} INFO - Job 6120: Subtask transform
[2025-12-16T17:22:23.578+0000] {task_command.py:423} INFO - Running <TaskInstance: etl_airflow.transform scheduled__2024-04-10T00:00:00+00:00 [running]> on host 3b89cfee50e9
[2025-12-16T17:22:23.818+0000] {taskinstance.py:2480} INFO - Exporting env vars: AIRFLOW_CTX_DAG_OWNER='***' AIRFLOW_CTX_DAG_ID='etl_***' AIRFLOW_CTX_TASK_ID='transform' AIRFLOW_CTX_EXECUTION_DATE='2024-04-10T00:00:00+00:00' AIRFLOW_CTX_TRY_NUMBER='3' AIRFLOW_CTX_DAG_RUN_ID='scheduled__2024-04-10T00:00:00+00:00'
[2025-12-16T17:22:23.822+0000] {logging_mixin.py:188} INFO - [TRANSFORM]
[2025-12-16T17:22:24.255+0000] {logging_mixin.py:188} INFO - [TRANSFORM] done
[2025-12-16T17:22:24.257+0000] {python.py:201} INFO - Done. Returned value was: None
[2025-12-16T17:22:24.281+0000] {taskinstance.py:1138} INFO - Marking task as SUCCESS. dag_id=etl_***, task_id=transform, execution_date=20240410T000000, start_date=20251216T172223, end_date=20251216T172224
[2025-12-16T17:22:24.343+0000] {local_task_job_runner.py:234} INFO - Task exited with return code 0
[2025-12-16T17:22:24.605+0000] {taskinstance.py:3280} INFO - 0 downstream tasks scheduled from follow-on schedule check
[2025-12-17T04:46:21.515+0000] {taskinstance.py:1956} INFO - Dependencies all met for dep_context=non-requeueable deps ti=<TaskInstance: etl_airflow.transform scheduled__2024-04-10T00:00:00+00:00 [queued]>
[2025-12-17T04:46:21.528+0000] {taskinstance.py:1956} INFO - Dependencies all met for dep_context=requeueable deps ti=<TaskInstance: etl_airflow.transform scheduled__2024-04-10T00:00:00+00:00 [queued]>
[2025-12-17T04:46:21.529+0000] {taskinstance.py:2170} INFO - Starting attempt 3 of 3
[2025-12-17T04:46:21.560+0000] {taskinstance.py:2191} INFO - Executing <Task(PythonOperator): transform> on 2024-04-10 00:00:00+00:00
[2025-12-17T04:46:21.575+0000] {standard_task_runner.py:60} INFO - Started process 1681 to run task
[2025-12-17T04:46:21.587+0000] {standard_task_runner.py:87} INFO - Running: ['***', 'tasks', 'run', 'etl_***', 'transform', 'scheduled__2024-04-10T00:00:00+00:00', '--job-id', '442', '--raw', '--subdir', 'DAGS_FOLDER/etl_***.py', '--cfg-path', '/tmp/tmpvbztw6m4']
[2025-12-17T04:46:21.591+0000] {standard_task_runner.py:88} INFO - Job 442: Subtask transform
[2025-12-17T04:46:21.720+0000] {task_command.py:423} INFO - Running <TaskInstance: etl_airflow.transform scheduled__2024-04-10T00:00:00+00:00 [running]> on host b3426f05ac70
[2025-12-17T04:46:22.133+0000] {taskinstance.py:2480} INFO - Exporting env vars: AIRFLOW_CTX_DAG_OWNER='***' AIRFLOW_CTX_DAG_ID='etl_***' AIRFLOW_CTX_TASK_ID='transform' AIRFLOW_CTX_EXECUTION_DATE='2024-04-10T00:00:00+00:00' AIRFLOW_CTX_TRY_NUMBER='3' AIRFLOW_CTX_DAG_RUN_ID='scheduled__2024-04-10T00:00:00+00:00'
[2025-12-17T04:46:22.136+0000] {taskinstance.py:2698} ERROR - Task failed with exception
Traceback (most recent call last):
  File "/home/airflow/.local/lib/python3.8/site-packages/airflow/models/taskinstance.py", line 433, in _execute_task
    result = execute_callable(context=context, **execute_callable_kwargs)
  File "/home/airflow/.local/lib/python3.8/site-packages/airflow/operators/python.py", line 199, in execute
    return_value = self.execute_callable()
  File "/home/airflow/.local/lib/python3.8/site-packages/airflow/operators/python.py", line 216, in execute_callable
    return self.python_callable(*self.op_args, **self.op_kwargs)
TypeError: transform_data() missing 1 required positional argument: 'df'
[2025-12-17T04:46:22.149+0000] {taskinstance.py:1138} INFO - Marking task as FAILED. dag_id=etl_***, task_id=transform, execution_date=20240410T000000, start_date=20251217T044621, end_date=20251217T044622
[2025-12-17T04:46:22.170+0000] {standard_task_runner.py:107} ERROR - Failed to execute job 442 for task transform (transform_data() missing 1 required positional argument: 'df'; 1681)
[2025-12-17T04:46:22.199+0000] {local_task_job_runner.py:234} INFO - Task exited with return code 1
[2025-12-17T04:46:22.234+0000] {taskinstance.py:3280} INFO - 0 downstream tasks scheduled from follow-on schedule check
[2025-12-17T07:39:41.956+0000] {taskinstance.py:1956} INFO - Dependencies all met for dep_context=non-requeueable deps ti=<TaskInstance: etl_airflow.transform scheduled__2024-04-10T00:00:00+00:00 [queued]>
[2025-12-17T07:39:41.974+0000] {taskinstance.py:1956} INFO - Dependencies all met for dep_context=requeueable deps ti=<TaskInstance: etl_airflow.transform scheduled__2024-04-10T00:00:00+00:00 [queued]>
[2025-12-17T07:39:41.976+0000] {taskinstance.py:2170} INFO - Starting attempt 3 of 3
[2025-12-17T07:39:42.004+0000] {taskinstance.py:2191} INFO - Executing <Task(PythonOperator): transform> on 2024-04-10 00:00:00+00:00
[2025-12-17T07:39:42.015+0000] {standard_task_runner.py:60} INFO - Started process 1736 to run task
[2025-12-17T07:39:42.023+0000] {standard_task_runner.py:87} INFO - Running: ['***', 'tasks', 'run', 'etl_***', 'transform', 'scheduled__2024-04-10T00:00:00+00:00', '--job-id', '441', '--raw', '--subdir', 'DAGS_FOLDER/etl_***.py', '--cfg-path', '/tmp/tmp9l3c2kow']
[2025-12-17T07:39:42.029+0000] {standard_task_runner.py:88} INFO - Job 441: Subtask transform
[2025-12-17T07:39:42.167+0000] {task_command.py:423} INFO - Running <TaskInstance: etl_airflow.transform scheduled__2024-04-10T00:00:00+00:00 [running]> on host 2a0de06c8905
[2025-12-17T07:39:42.617+0000] {taskinstance.py:2480} INFO - Exporting env vars: AIRFLOW_CTX_DAG_OWNER='***' AIRFLOW_CTX_DAG_ID='etl_***' AIRFLOW_CTX_TASK_ID='transform' AIRFLOW_CTX_EXECUTION_DATE='2024-04-10T00:00:00+00:00' AIRFLOW_CTX_TRY_NUMBER='3' AIRFLOW_CTX_DAG_RUN_ID='scheduled__2024-04-10T00:00:00+00:00'
[2025-12-17T07:39:42.620+0000] {taskinstance.py:2698} ERROR - Task failed with exception
Traceback (most recent call last):
  File "/home/airflow/.local/lib/python3.8/site-packages/airflow/models/taskinstance.py", line 433, in _execute_task
    result = execute_callable(context=context, **execute_callable_kwargs)
  File "/home/airflow/.local/lib/python3.8/site-packages/airflow/operators/python.py", line 199, in execute
    return_value = self.execute_callable()
  File "/home/airflow/.local/lib/python3.8/site-packages/airflow/operators/python.py", line 216, in execute_callable
    return self.python_callable(*self.op_args, **self.op_kwargs)
TypeError: transform_data() missing 1 required positional argument: 'df'
[2025-12-17T07:39:42.635+0000] {taskinstance.py:1138} INFO - Marking task as FAILED. dag_id=etl_***, task_id=transform, execution_date=20240410T000000, start_date=20251217T073941, end_date=20251217T073942
[2025-12-17T07:39:42.734+0000] {standard_task_runner.py:107} ERROR - Failed to execute job 441 for task transform (transform_data() missing 1 required positional argument: 'df'; 1736)
[2025-12-17T07:39:42.764+0000] {local_task_job_runner.py:234} INFO - Task exited with return code 1
[2025-12-17T07:39:42.812+0000] {taskinstance.py:3280} INFO - 0 downstream tasks scheduled from follow-on schedule check
