[2025-12-16T16:37:16.706+0000] {taskinstance.py:1956} INFO - Dependencies all met for dep_context=non-requeueable deps ti=<TaskInstance: etl_airflow.extract scheduled__2024-08-02T00:00:00+00:00 [queued]>
[2025-12-16T16:37:16.721+0000] {taskinstance.py:1956} INFO - Dependencies all met for dep_context=requeueable deps ti=<TaskInstance: etl_airflow.extract scheduled__2024-08-02T00:00:00+00:00 [queued]>
[2025-12-16T16:37:16.723+0000] {taskinstance.py:2170} INFO - Starting attempt 1 of 3
[2025-12-16T16:37:16.795+0000] {taskinstance.py:2191} INFO - Executing <Task(PythonOperator): extract> on 2024-08-02 00:00:00+00:00
[2025-12-16T16:37:16.805+0000] {standard_task_runner.py:60} INFO - Started process 963 to run task
[2025-12-16T16:37:16.812+0000] {standard_task_runner.py:87} INFO - Running: ['***', 'tasks', 'run', 'etl_***', 'extract', 'scheduled__2024-08-02T00:00:00+00:00', '--job-id', '631', '--raw', '--subdir', 'DAGS_FOLDER/etl_dag.py', '--cfg-path', '/tmp/tmp4zs_46vl']
[2025-12-16T16:37:16.817+0000] {standard_task_runner.py:88} INFO - Job 631: Subtask extract
[2025-12-16T16:37:16.936+0000] {task_command.py:423} INFO - Running <TaskInstance: etl_airflow.extract scheduled__2024-08-02T00:00:00+00:00 [running]> on host 02b83863a69a
[2025-12-16T16:37:17.074+0000] {taskinstance.py:2480} INFO - Exporting env vars: AIRFLOW_CTX_DAG_OWNER='***' AIRFLOW_CTX_DAG_ID='etl_***' AIRFLOW_CTX_TASK_ID='extract' AIRFLOW_CTX_EXECUTION_DATE='2024-08-02T00:00:00+00:00' AIRFLOW_CTX_TRY_NUMBER='1' AIRFLOW_CTX_DAG_RUN_ID='scheduled__2024-08-02T00:00:00+00:00'
[2025-12-16T16:37:17.076+0000] {logging_mixin.py:188} INFO - Extracting data from /opt/***/data/input.csv
[2025-12-16T16:37:17.082+0000] {taskinstance.py:2698} ERROR - Task failed with exception
Traceback (most recent call last):
  File "/home/airflow/.local/lib/python3.8/site-packages/airflow/models/taskinstance.py", line 433, in _execute_task
    result = execute_callable(context=context, **execute_callable_kwargs)
  File "/home/airflow/.local/lib/python3.8/site-packages/airflow/operators/python.py", line 199, in execute
    return_value = self.execute_callable()
  File "/home/airflow/.local/lib/python3.8/site-packages/airflow/operators/python.py", line 216, in execute_callable
    return self.python_callable(*self.op_args, **self.op_kwargs)
  File "/opt/airflow/dags/etl_logic/pipeline.py", line 97, in extract_data
    df = pd.read_csv(input_path)
  File "/home/airflow/.local/lib/python3.8/site-packages/pandas/io/parsers/readers.py", line 912, in read_csv
    return _read(filepath_or_buffer, kwds)
  File "/home/airflow/.local/lib/python3.8/site-packages/pandas/io/parsers/readers.py", line 577, in _read
    parser = TextFileReader(filepath_or_buffer, **kwds)
  File "/home/airflow/.local/lib/python3.8/site-packages/pandas/io/parsers/readers.py", line 1407, in __init__
    self._engine = self._make_engine(f, self.engine)
  File "/home/airflow/.local/lib/python3.8/site-packages/pandas/io/parsers/readers.py", line 1661, in _make_engine
    self.handles = get_handle(
  File "/home/airflow/.local/lib/python3.8/site-packages/pandas/io/common.py", line 859, in get_handle
    handle = open(
FileNotFoundError: [Errno 2] No such file or directory: '/opt/airflow/data/input.csv'
[2025-12-16T16:37:17.122+0000] {taskinstance.py:1138} INFO - Marking task as UP_FOR_RETRY. dag_id=etl_***, task_id=extract, execution_date=20240802T000000, start_date=20251216T163716, end_date=20251216T163717
[2025-12-16T16:37:17.148+0000] {standard_task_runner.py:107} ERROR - Failed to execute job 631 for task extract ([Errno 2] No such file or directory: '/opt/airflow/data/input.csv'; 963)
[2025-12-16T16:37:17.187+0000] {local_task_job_runner.py:234} INFO - Task exited with return code 1
[2025-12-16T16:37:17.251+0000] {taskinstance.py:3280} INFO - 0 downstream tasks scheduled from follow-on schedule check
[2025-12-17T01:53:48.810+0000] {taskinstance.py:1956} INFO - Dependencies all met for dep_context=non-requeueable deps ti=<TaskInstance: etl_airflow.extract scheduled__2024-08-02T00:00:00+00:00 [queued]>
[2025-12-17T01:53:48.838+0000] {taskinstance.py:1956} INFO - Dependencies all met for dep_context=requeueable deps ti=<TaskInstance: etl_airflow.extract scheduled__2024-08-02T00:00:00+00:00 [queued]>
[2025-12-17T01:53:48.840+0000] {taskinstance.py:2170} INFO - Starting attempt 1 of 3
[2025-12-17T01:53:48.930+0000] {taskinstance.py:2191} INFO - Executing <Task(PythonOperator): extract> on 2024-08-02 00:00:00+00:00
[2025-12-17T01:53:48.945+0000] {standard_task_runner.py:60} INFO - Started process 2239 to run task
[2025-12-17T01:53:48.954+0000] {standard_task_runner.py:87} INFO - Running: ['***', 'tasks', 'run', 'etl_***', 'extract', 'scheduled__2024-08-02T00:00:00+00:00', '--job-id', '639', '--raw', '--subdir', 'DAGS_FOLDER/etl_dag.py', '--cfg-path', '/tmp/tmp86dtsmk4']
[2025-12-17T01:53:48.962+0000] {standard_task_runner.py:88} INFO - Job 639: Subtask extract
[2025-12-17T01:53:49.223+0000] {task_command.py:423} INFO - Running <TaskInstance: etl_airflow.extract scheduled__2024-08-02T00:00:00+00:00 [running]> on host 571e042550da
[2025-12-17T01:53:49.863+0000] {taskinstance.py:2480} INFO - Exporting env vars: AIRFLOW_CTX_DAG_OWNER='***' AIRFLOW_CTX_DAG_ID='etl_***' AIRFLOW_CTX_TASK_ID='extract' AIRFLOW_CTX_EXECUTION_DATE='2024-08-02T00:00:00+00:00' AIRFLOW_CTX_TRY_NUMBER='1' AIRFLOW_CTX_DAG_RUN_ID='scheduled__2024-08-02T00:00:00+00:00'
[2025-12-17T01:53:49.870+0000] {logging_mixin.py:188} INFO - [EXTRACT] Reading /opt/***/data/synthetic_events.csv
[2025-12-17T01:53:49.917+0000] {logging_mixin.py:188} INFO - [EXTRACT] done
[2025-12-17T01:53:49.919+0000] {python.py:201} INFO - Done. Returned value was: None
[2025-12-17T01:53:49.945+0000] {taskinstance.py:1138} INFO - Marking task as SUCCESS. dag_id=etl_***, task_id=extract, execution_date=20240802T000000, start_date=20251217T015348, end_date=20251217T015349
[2025-12-17T01:53:50.039+0000] {local_task_job_runner.py:234} INFO - Task exited with return code 0
[2025-12-17T01:53:50.126+0000] {taskinstance.py:3280} INFO - 1 downstream tasks scheduled from follow-on schedule check
[2025-12-17T04:21:47.377+0000] {taskinstance.py:1956} INFO - Dependencies all met for dep_context=non-requeueable deps ti=<TaskInstance: etl_airflow.extract scheduled__2024-08-02T00:00:00+00:00 [queued]>
[2025-12-17T04:21:47.393+0000] {taskinstance.py:1956} INFO - Dependencies all met for dep_context=requeueable deps ti=<TaskInstance: etl_airflow.extract scheduled__2024-08-02T00:00:00+00:00 [queued]>
[2025-12-17T04:21:47.394+0000] {taskinstance.py:2170} INFO - Starting attempt 1 of 3
[2025-12-17T04:21:47.414+0000] {taskinstance.py:2191} INFO - Executing <Task(PythonOperator): extract> on 2024-08-02 00:00:00+00:00
[2025-12-17T04:21:47.426+0000] {standard_task_runner.py:60} INFO - Started process 1455 to run task
[2025-12-17T04:21:47.435+0000] {standard_task_runner.py:87} INFO - Running: ['***', 'tasks', 'run', 'etl_***', 'extract', 'scheduled__2024-08-02T00:00:00+00:00', '--job-id', '374', '--raw', '--subdir', 'DAGS_FOLDER/etl_***.py', '--cfg-path', '/tmp/tmpxjk_ljip']
[2025-12-17T04:21:47.440+0000] {standard_task_runner.py:88} INFO - Job 374: Subtask extract
[2025-12-17T04:21:47.558+0000] {task_command.py:423} INFO - Running <TaskInstance: etl_airflow.extract scheduled__2024-08-02T00:00:00+00:00 [running]> on host c5811fe183ca
[2025-12-17T04:21:47.886+0000] {taskinstance.py:2480} INFO - Exporting env vars: AIRFLOW_CTX_DAG_OWNER='***' AIRFLOW_CTX_DAG_ID='etl_***' AIRFLOW_CTX_TASK_ID='extract' AIRFLOW_CTX_EXECUTION_DATE='2024-08-02T00:00:00+00:00' AIRFLOW_CTX_TRY_NUMBER='1' AIRFLOW_CTX_DAG_RUN_ID='scheduled__2024-08-02T00:00:00+00:00'
[2025-12-17T04:21:47.906+0000] {python.py:201} INFO - Done. Returned value was:    user_id event_type           timestamp country
0        1      login 2025-01-01 09:00:00      IN
1        1      click 2025-01-01 09:05:00      IN
2        1     logout 2025-01-01 09:15:00      IN
3        2      login 2025-01-01 10:00:00      US
4        2      click 2025-01-01 10:10:00      US
5        2     logout 2025-01-01 10:20:00      US
6        3      login 2025-01-02 08:00:00      FR
7        3      click 2025-01-02 08:05:00      FR
8        3     logout 2025-01-02 08:30:00      FR
[2025-12-17T04:21:47.965+0000] {taskinstance.py:1138} INFO - Marking task as SUCCESS. dag_id=etl_***, task_id=extract, execution_date=20240802T000000, start_date=20251217T042147, end_date=20251217T042147
[2025-12-17T04:21:48.009+0000] {local_task_job_runner.py:234} INFO - Task exited with return code 0
[2025-12-17T04:21:48.037+0000] {taskinstance.py:3280} INFO - 0 downstream tasks scheduled from follow-on schedule check
[2025-12-17T04:49:55.889+0000] {taskinstance.py:1956} INFO - Dependencies all met for dep_context=non-requeueable deps ti=<TaskInstance: etl_airflow.extract scheduled__2024-08-02T00:00:00+00:00 [queued]>
[2025-12-17T04:49:55.903+0000] {taskinstance.py:1956} INFO - Dependencies all met for dep_context=requeueable deps ti=<TaskInstance: etl_airflow.extract scheduled__2024-08-02T00:00:00+00:00 [queued]>
[2025-12-17T04:49:55.904+0000] {taskinstance.py:2170} INFO - Starting attempt 1 of 3
[2025-12-17T04:49:56.015+0000] {taskinstance.py:2191} INFO - Executing <Task(PythonOperator): extract> on 2024-08-02 00:00:00+00:00
[2025-12-17T04:49:56.024+0000] {standard_task_runner.py:60} INFO - Started process 2991 to run task
[2025-12-17T04:49:56.031+0000] {standard_task_runner.py:87} INFO - Running: ['***', 'tasks', 'run', 'etl_***', 'extract', 'scheduled__2024-08-02T00:00:00+00:00', '--job-id', '840', '--raw', '--subdir', 'DAGS_FOLDER/etl_***.py', '--cfg-path', '/tmp/tmpox5bef10']
[2025-12-17T04:49:56.035+0000] {standard_task_runner.py:88} INFO - Job 840: Subtask extract
[2025-12-17T04:49:56.171+0000] {task_command.py:423} INFO - Running <TaskInstance: etl_airflow.extract scheduled__2024-08-02T00:00:00+00:00 [running]> on host b3426f05ac70
[2025-12-17T04:49:56.524+0000] {taskinstance.py:2480} INFO - Exporting env vars: AIRFLOW_CTX_DAG_OWNER='***' AIRFLOW_CTX_DAG_ID='etl_***' AIRFLOW_CTX_TASK_ID='extract' AIRFLOW_CTX_EXECUTION_DATE='2024-08-02T00:00:00+00:00' AIRFLOW_CTX_TRY_NUMBER='1' AIRFLOW_CTX_DAG_RUN_ID='scheduled__2024-08-02T00:00:00+00:00'
[2025-12-17T04:49:56.550+0000] {python.py:201} INFO - Done. Returned value was:    user_id event_type           timestamp country
0        1      login 2025-01-01 09:00:00      IN
1        1      click 2025-01-01 09:05:00      IN
2        1     logout 2025-01-01 09:15:00      IN
3        2      login 2025-01-01 10:00:00      US
4        2      click 2025-01-01 10:10:00      US
5        2     logout 2025-01-01 10:20:00      US
6        3      login 2025-01-02 08:00:00      FR
7        3      click 2025-01-02 08:05:00      FR
8        3     logout 2025-01-02 08:30:00      FR
[2025-12-17T04:49:56.606+0000] {taskinstance.py:1138} INFO - Marking task as SUCCESS. dag_id=etl_***, task_id=extract, execution_date=20240802T000000, start_date=20251217T044955, end_date=20251217T044956
[2025-12-17T04:49:56.692+0000] {local_task_job_runner.py:234} INFO - Task exited with return code 0
[2025-12-17T04:49:56.925+0000] {taskinstance.py:3280} INFO - 0 downstream tasks scheduled from follow-on schedule check
[2025-12-17T07:43:42.955+0000] {taskinstance.py:1956} INFO - Dependencies all met for dep_context=non-requeueable deps ti=<TaskInstance: etl_airflow.extract scheduled__2024-08-02T00:00:00+00:00 [queued]>
[2025-12-17T07:43:42.981+0000] {taskinstance.py:1956} INFO - Dependencies all met for dep_context=requeueable deps ti=<TaskInstance: etl_airflow.extract scheduled__2024-08-02T00:00:00+00:00 [queued]>
[2025-12-17T07:43:43.006+0000] {taskinstance.py:2170} INFO - Starting attempt 1 of 3
[2025-12-17T07:43:43.059+0000] {taskinstance.py:2191} INFO - Executing <Task(PythonOperator): extract> on 2024-08-02 00:00:00+00:00
[2025-12-17T07:43:43.081+0000] {standard_task_runner.py:60} INFO - Started process 3078 to run task
[2025-12-17T07:43:43.089+0000] {standard_task_runner.py:87} INFO - Running: ['***', 'tasks', 'run', 'etl_***', 'extract', 'scheduled__2024-08-02T00:00:00+00:00', '--job-id', '843', '--raw', '--subdir', 'DAGS_FOLDER/etl_***.py', '--cfg-path', '/tmp/tmp14g5ifqr']
[2025-12-17T07:43:43.109+0000] {standard_task_runner.py:88} INFO - Job 843: Subtask extract
[2025-12-17T07:43:43.306+0000] {task_command.py:423} INFO - Running <TaskInstance: etl_airflow.extract scheduled__2024-08-02T00:00:00+00:00 [running]> on host 2a0de06c8905
[2025-12-17T07:43:43.870+0000] {taskinstance.py:2480} INFO - Exporting env vars: AIRFLOW_CTX_DAG_OWNER='***' AIRFLOW_CTX_DAG_ID='etl_***' AIRFLOW_CTX_TASK_ID='extract' AIRFLOW_CTX_EXECUTION_DATE='2024-08-02T00:00:00+00:00' AIRFLOW_CTX_TRY_NUMBER='1' AIRFLOW_CTX_DAG_RUN_ID='scheduled__2024-08-02T00:00:00+00:00'
[2025-12-17T07:43:43.901+0000] {python.py:201} INFO - Done. Returned value was:    user_id event_type           timestamp country
0        1      login 2025-01-01 09:00:00      IN
1        1      click 2025-01-01 09:05:00      IN
2        1     logout 2025-01-01 09:15:00      IN
3        2      login 2025-01-01 10:00:00      US
4        2      click 2025-01-01 10:10:00      US
5        2     logout 2025-01-01 10:20:00      US
6        3      login 2025-01-02 08:00:00      FR
7        3      click 2025-01-02 08:05:00      FR
8        3     logout 2025-01-02 08:30:00      FR
[2025-12-17T07:43:44.028+0000] {taskinstance.py:1138} INFO - Marking task as SUCCESS. dag_id=etl_***, task_id=extract, execution_date=20240802T000000, start_date=20251217T074342, end_date=20251217T074344
[2025-12-17T07:43:44.127+0000] {local_task_job_runner.py:234} INFO - Task exited with return code 0
[2025-12-17T07:43:44.607+0000] {taskinstance.py:3280} INFO - 0 downstream tasks scheduled from follow-on schedule check
