[2025-12-16T16:32:33.321+0000] {taskinstance.py:1956} INFO - Dependencies all met for dep_context=non-requeueable deps ti=<TaskInstance: etl_airflow.extract scheduled__2024-03-31T00:00:00+00:00 [queued]>
[2025-12-16T16:32:33.338+0000] {taskinstance.py:1956} INFO - Dependencies all met for dep_context=requeueable deps ti=<TaskInstance: etl_airflow.extract scheduled__2024-03-31T00:00:00+00:00 [queued]>
[2025-12-16T16:32:33.339+0000] {taskinstance.py:2170} INFO - Starting attempt 3 of 3
[2025-12-16T16:32:33.365+0000] {taskinstance.py:2191} INFO - Executing <Task(PythonOperator): extract> on 2024-03-31 00:00:00+00:00
[2025-12-16T16:32:33.373+0000] {standard_task_runner.py:60} INFO - Started process 1429 to run task
[2025-12-16T16:32:33.379+0000] {standard_task_runner.py:87} INFO - Running: ['***', 'tasks', 'run', 'etl_***', 'extract', 'scheduled__2024-03-31T00:00:00+00:00', '--job-id', '303', '--raw', '--subdir', 'DAGS_FOLDER/etl_dag.py', '--cfg-path', '/tmp/tmpjodb96zb']
[2025-12-16T16:32:33.383+0000] {standard_task_runner.py:88} INFO - Job 303: Subtask extract
[2025-12-16T16:32:33.533+0000] {task_command.py:423} INFO - Running <TaskInstance: etl_airflow.extract scheduled__2024-03-31T00:00:00+00:00 [running]> on host 528de643acfe
[2025-12-16T16:32:33.732+0000] {taskinstance.py:2480} INFO - Exporting env vars: AIRFLOW_CTX_DAG_OWNER='***' AIRFLOW_CTX_DAG_ID='etl_***' AIRFLOW_CTX_TASK_ID='extract' AIRFLOW_CTX_EXECUTION_DATE='2024-03-31T00:00:00+00:00' AIRFLOW_CTX_TRY_NUMBER='3' AIRFLOW_CTX_DAG_RUN_ID='scheduled__2024-03-31T00:00:00+00:00'
[2025-12-16T16:32:33.953+0000] {logging_mixin.py:188} INFO - Extracting data from /opt/***/data/input.csv
[2025-12-16T16:32:33.959+0000] {taskinstance.py:2698} ERROR - Task failed with exception
Traceback (most recent call last):
  File "/home/airflow/.local/lib/python3.8/site-packages/airflow/models/taskinstance.py", line 433, in _execute_task
    result = execute_callable(context=context, **execute_callable_kwargs)
  File "/home/airflow/.local/lib/python3.8/site-packages/airflow/operators/python.py", line 199, in execute
    return_value = self.execute_callable()
  File "/home/airflow/.local/lib/python3.8/site-packages/airflow/operators/python.py", line 216, in execute_callable
    return self.python_callable(*self.op_args, **self.op_kwargs)
  File "/opt/airflow/dags/etl_logic/pipeline.py", line 92, in extract_data
    return pd.read_csv(input_path)
  File "/home/airflow/.local/lib/python3.8/site-packages/pandas/io/parsers/readers.py", line 912, in read_csv
    return _read(filepath_or_buffer, kwds)
  File "/home/airflow/.local/lib/python3.8/site-packages/pandas/io/parsers/readers.py", line 577, in _read
    parser = TextFileReader(filepath_or_buffer, **kwds)
  File "/home/airflow/.local/lib/python3.8/site-packages/pandas/io/parsers/readers.py", line 1407, in __init__
    self._engine = self._make_engine(f, self.engine)
  File "/home/airflow/.local/lib/python3.8/site-packages/pandas/io/parsers/readers.py", line 1661, in _make_engine
    self.handles = get_handle(
  File "/home/airflow/.local/lib/python3.8/site-packages/pandas/io/common.py", line 859, in get_handle
    handle = open(
FileNotFoundError: [Errno 2] No such file or directory: '/opt/airflow/data/input.csv'
[2025-12-16T16:32:34.015+0000] {taskinstance.py:1138} INFO - Marking task as FAILED. dag_id=etl_***, task_id=extract, execution_date=20240331T000000, start_date=20251216T163233, end_date=20251216T163234
[2025-12-16T16:32:34.038+0000] {standard_task_runner.py:107} ERROR - Failed to execute job 303 for task extract ([Errno 2] No such file or directory: '/opt/airflow/data/input.csv'; 1429)
[2025-12-16T16:32:34.076+0000] {local_task_job_runner.py:234} INFO - Task exited with return code 1
[2025-12-16T16:32:34.222+0000] {taskinstance.py:3280} INFO - 0 downstream tasks scheduled from follow-on schedule check
