[2025-12-17T02:00:37.643+0000] {taskinstance.py:1956} INFO - Dependencies all met for dep_context=non-requeueable deps ti=<TaskInstance: etl_airflow.transform scheduled__2025-09-17T00:00:00+00:00 [queued]>
[2025-12-17T02:00:37.667+0000] {taskinstance.py:1956} INFO - Dependencies all met for dep_context=requeueable deps ti=<TaskInstance: etl_airflow.transform scheduled__2025-09-17T00:00:00+00:00 [queued]>
[2025-12-17T02:00:37.669+0000] {taskinstance.py:2170} INFO - Starting attempt 1 of 3
[2025-12-17T02:00:37.860+0000] {taskinstance.py:2191} INFO - Executing <Task(PythonOperator): transform> on 2025-09-17 00:00:00+00:00
[2025-12-17T02:00:37.878+0000] {standard_task_runner.py:60} INFO - Started process 6276 to run task
[2025-12-17T02:00:37.895+0000] {standard_task_runner.py:87} INFO - Running: ['***', 'tasks', 'run', 'etl_***', 'transform', 'scheduled__2025-09-17T00:00:00+00:00', '--job-id', '1912', '--raw', '--subdir', 'DAGS_FOLDER/etl_dag.py', '--cfg-path', '/tmp/tmp8p_3hj9c']
[2025-12-17T02:00:37.900+0000] {standard_task_runner.py:88} INFO - Job 1912: Subtask transform
[2025-12-17T02:00:38.058+0000] {task_command.py:423} INFO - Running <TaskInstance: etl_airflow.transform scheduled__2025-09-17T00:00:00+00:00 [running]> on host 571e042550da
[2025-12-17T02:00:38.498+0000] {taskinstance.py:2480} INFO - Exporting env vars: AIRFLOW_CTX_DAG_OWNER='***' AIRFLOW_CTX_DAG_ID='etl_***' AIRFLOW_CTX_TASK_ID='transform' AIRFLOW_CTX_EXECUTION_DATE='2025-09-17T00:00:00+00:00' AIRFLOW_CTX_TRY_NUMBER='1' AIRFLOW_CTX_DAG_RUN_ID='scheduled__2025-09-17T00:00:00+00:00'
[2025-12-17T02:00:38.501+0000] {logging_mixin.py:188} INFO - [TRANSFORM]
[2025-12-17T02:00:38.528+0000] {logging_mixin.py:188} INFO - [TRANSFORM] done
[2025-12-17T02:00:38.530+0000] {python.py:201} INFO - Done. Returned value was: None
[2025-12-17T02:00:38.547+0000] {taskinstance.py:1138} INFO - Marking task as SUCCESS. dag_id=etl_***, task_id=transform, execution_date=20250917T000000, start_date=20251217T020037, end_date=20251217T020038
[2025-12-17T02:00:38.599+0000] {local_task_job_runner.py:234} INFO - Task exited with return code 0
[2025-12-17T02:00:38.640+0000] {taskinstance.py:3280} INFO - 1 downstream tasks scheduled from follow-on schedule check
[2025-12-17T05:04:54.463+0000] {taskinstance.py:1956} INFO - Dependencies all met for dep_context=non-requeueable deps ti=<TaskInstance: etl_airflow.transform scheduled__2025-09-17T00:00:00+00:00 [queued]>
[2025-12-17T05:04:54.479+0000] {taskinstance.py:1956} INFO - Dependencies all met for dep_context=requeueable deps ti=<TaskInstance: etl_airflow.transform scheduled__2025-09-17T00:00:00+00:00 [queued]>
[2025-12-17T05:04:54.480+0000] {taskinstance.py:2170} INFO - Starting attempt 1 of 3
[2025-12-17T05:04:54.563+0000] {taskinstance.py:2191} INFO - Executing <Task(PythonOperator): transform> on 2025-09-17 00:00:00+00:00
[2025-12-17T05:04:54.572+0000] {standard_task_runner.py:60} INFO - Started process 8508 to run task
[2025-12-17T05:04:54.581+0000] {standard_task_runner.py:87} INFO - Running: ['***', 'tasks', 'run', 'etl_***', 'transform', 'scheduled__2025-09-17T00:00:00+00:00', '--job-id', '2511', '--raw', '--subdir', 'DAGS_FOLDER/etl_***.py', '--cfg-path', '/tmp/tmp6culjie7']
[2025-12-17T05:04:54.590+0000] {standard_task_runner.py:88} INFO - Job 2511: Subtask transform
[2025-12-17T05:04:54.716+0000] {task_command.py:423} INFO - Running <TaskInstance: etl_airflow.transform scheduled__2025-09-17T00:00:00+00:00 [running]> on host b3426f05ac70
[2025-12-17T05:04:55.127+0000] {taskinstance.py:2480} INFO - Exporting env vars: AIRFLOW_CTX_DAG_OWNER='***' AIRFLOW_CTX_DAG_ID='etl_***' AIRFLOW_CTX_TASK_ID='transform' AIRFLOW_CTX_EXECUTION_DATE='2025-09-17T00:00:00+00:00' AIRFLOW_CTX_TRY_NUMBER='1' AIRFLOW_CTX_DAG_RUN_ID='scheduled__2025-09-17T00:00:00+00:00'
[2025-12-17T05:04:55.133+0000] {taskinstance.py:2698} ERROR - Task failed with exception
Traceback (most recent call last):
  File "/home/airflow/.local/lib/python3.8/site-packages/airflow/models/taskinstance.py", line 433, in _execute_task
    result = execute_callable(context=context, **execute_callable_kwargs)
  File "/home/airflow/.local/lib/python3.8/site-packages/airflow/operators/python.py", line 199, in execute
    return_value = self.execute_callable()
  File "/home/airflow/.local/lib/python3.8/site-packages/airflow/operators/python.py", line 216, in execute_callable
    return self.python_callable(*self.op_args, **self.op_kwargs)
TypeError: transform_data() missing 1 required positional argument: 'df'
[2025-12-17T05:04:55.149+0000] {taskinstance.py:1138} INFO - Marking task as UP_FOR_RETRY. dag_id=etl_***, task_id=transform, execution_date=20250917T000000, start_date=20251217T050454, end_date=20251217T050455
[2025-12-17T05:04:55.279+0000] {standard_task_runner.py:107} ERROR - Failed to execute job 2511 for task transform (transform_data() missing 1 required positional argument: 'df'; 8508)
[2025-12-17T05:04:55.328+0000] {local_task_job_runner.py:234} INFO - Task exited with return code 1
[2025-12-17T05:04:55.620+0000] {taskinstance.py:3280} INFO - 0 downstream tasks scheduled from follow-on schedule check
