[2025-12-16T17:12:45.380+0000] {taskinstance.py:1956} INFO - Dependencies all met for dep_context=non-requeueable deps ti=<TaskInstance: etl_airflow.transform scheduled__2024-06-30T00:00:00+00:00 [queued]>
[2025-12-16T17:12:45.412+0000] {taskinstance.py:1956} INFO - Dependencies all met for dep_context=requeueable deps ti=<TaskInstance: etl_airflow.transform scheduled__2024-06-30T00:00:00+00:00 [queued]>
[2025-12-16T17:12:45.414+0000] {taskinstance.py:2170} INFO - Starting attempt 1 of 3
[2025-12-16T17:12:45.472+0000] {taskinstance.py:2191} INFO - Executing <Task(PythonOperator): transform> on 2024-06-30 00:00:00+00:00
[2025-12-16T17:12:45.486+0000] {standard_task_runner.py:60} INFO - Started process 291 to run task
[2025-12-16T17:12:45.506+0000] {standard_task_runner.py:87} INFO - Running: ['***', 'tasks', 'run', 'etl_***', 'transform', 'scheduled__2024-06-30T00:00:00+00:00', '--job-id', '4169', '--raw', '--subdir', 'DAGS_FOLDER/etl_dag.py', '--cfg-path', '/tmp/tmpzo8dou9p']
[2025-12-16T17:12:45.510+0000] {standard_task_runner.py:88} INFO - Job 4169: Subtask transform
[2025-12-16T17:12:45.778+0000] {task_command.py:423} INFO - Running <TaskInstance: etl_airflow.transform scheduled__2024-06-30T00:00:00+00:00 [running]> on host 3b89cfee50e9
[2025-12-16T17:12:46.512+0000] {taskinstance.py:2480} INFO - Exporting env vars: AIRFLOW_CTX_DAG_OWNER='***' AIRFLOW_CTX_DAG_ID='etl_***' AIRFLOW_CTX_TASK_ID='transform' AIRFLOW_CTX_EXECUTION_DATE='2024-06-30T00:00:00+00:00' AIRFLOW_CTX_TRY_NUMBER='1' AIRFLOW_CTX_DAG_RUN_ID='scheduled__2024-06-30T00:00:00+00:00'
[2025-12-16T17:12:46.524+0000] {logging_mixin.py:188} INFO - [TRANSFORM]
[2025-12-16T17:12:46.990+0000] {logging_mixin.py:188} INFO - [TRANSFORM] done
[2025-12-16T17:12:46.991+0000] {python.py:201} INFO - Done. Returned value was: None
[2025-12-16T17:12:47.051+0000] {taskinstance.py:1138} INFO - Marking task as SUCCESS. dag_id=etl_***, task_id=transform, execution_date=20240630T000000, start_date=20251216T171245, end_date=20251216T171247
[2025-12-16T17:12:47.348+0000] {local_task_job_runner.py:234} INFO - Task exited with return code 0
[2025-12-16T17:12:47.779+0000] {taskinstance.py:3280} INFO - 0 downstream tasks scheduled from follow-on schedule check
[2025-12-17T01:53:22.090+0000] {taskinstance.py:1956} INFO - Dependencies all met for dep_context=non-requeueable deps ti=<TaskInstance: etl_airflow.transform scheduled__2024-06-30T00:00:00+00:00 [queued]>
[2025-12-17T01:53:22.110+0000] {taskinstance.py:1956} INFO - Dependencies all met for dep_context=requeueable deps ti=<TaskInstance: etl_airflow.transform scheduled__2024-06-30T00:00:00+00:00 [queued]>
[2025-12-17T01:53:22.112+0000] {taskinstance.py:2170} INFO - Starting attempt 1 of 3
[2025-12-17T01:53:22.143+0000] {taskinstance.py:2191} INFO - Executing <Task(PythonOperator): transform> on 2024-06-30 00:00:00+00:00
[2025-12-17T01:53:22.154+0000] {standard_task_runner.py:60} INFO - Started process 1985 to run task
[2025-12-17T01:53:22.164+0000] {standard_task_runner.py:87} INFO - Running: ['***', 'tasks', 'run', 'etl_***', 'transform', 'scheduled__2024-06-30T00:00:00+00:00', '--job-id', '560', '--raw', '--subdir', 'DAGS_FOLDER/etl_dag.py', '--cfg-path', '/tmp/tmpye93etqs']
[2025-12-17T01:53:22.169+0000] {standard_task_runner.py:88} INFO - Job 560: Subtask transform
[2025-12-17T01:53:22.316+0000] {task_command.py:423} INFO - Running <TaskInstance: etl_airflow.transform scheduled__2024-06-30T00:00:00+00:00 [running]> on host 571e042550da
[2025-12-17T01:53:22.749+0000] {taskinstance.py:2480} INFO - Exporting env vars: AIRFLOW_CTX_DAG_OWNER='***' AIRFLOW_CTX_DAG_ID='etl_***' AIRFLOW_CTX_TASK_ID='transform' AIRFLOW_CTX_EXECUTION_DATE='2024-06-30T00:00:00+00:00' AIRFLOW_CTX_TRY_NUMBER='1' AIRFLOW_CTX_DAG_RUN_ID='scheduled__2024-06-30T00:00:00+00:00'
[2025-12-17T01:53:22.752+0000] {logging_mixin.py:188} INFO - [TRANSFORM]
[2025-12-17T01:53:22.789+0000] {logging_mixin.py:188} INFO - [TRANSFORM] done
[2025-12-17T01:53:22.791+0000] {python.py:201} INFO - Done. Returned value was: None
[2025-12-17T01:53:22.812+0000] {taskinstance.py:1138} INFO - Marking task as SUCCESS. dag_id=etl_***, task_id=transform, execution_date=20240630T000000, start_date=20251217T015322, end_date=20251217T015322
[2025-12-17T01:53:22.900+0000] {local_task_job_runner.py:234} INFO - Task exited with return code 0
[2025-12-17T01:53:22.976+0000] {taskinstance.py:3280} INFO - 1 downstream tasks scheduled from follow-on schedule check
[2025-12-17T04:48:48.221+0000] {taskinstance.py:1956} INFO - Dependencies all met for dep_context=non-requeueable deps ti=<TaskInstance: etl_airflow.transform scheduled__2024-06-30T00:00:00+00:00 [queued]>
[2025-12-17T04:48:48.237+0000] {taskinstance.py:1956} INFO - Dependencies all met for dep_context=requeueable deps ti=<TaskInstance: etl_airflow.transform scheduled__2024-06-30T00:00:00+00:00 [queued]>
[2025-12-17T04:48:48.239+0000] {taskinstance.py:2170} INFO - Starting attempt 1 of 3
[2025-12-17T04:48:48.273+0000] {taskinstance.py:2191} INFO - Executing <Task(PythonOperator): transform> on 2024-06-30 00:00:00+00:00
[2025-12-17T04:48:48.289+0000] {standard_task_runner.py:60} INFO - Started process 2596 to run task
[2025-12-17T04:48:48.304+0000] {standard_task_runner.py:87} INFO - Running: ['***', 'tasks', 'run', 'etl_***', 'transform', 'scheduled__2024-06-30T00:00:00+00:00', '--job-id', '719', '--raw', '--subdir', 'DAGS_FOLDER/etl_***.py', '--cfg-path', '/tmp/tmp9mn4ovoo']
[2025-12-17T04:48:48.310+0000] {standard_task_runner.py:88} INFO - Job 719: Subtask transform
[2025-12-17T04:48:48.449+0000] {task_command.py:423} INFO - Running <TaskInstance: etl_airflow.transform scheduled__2024-06-30T00:00:00+00:00 [running]> on host b3426f05ac70
[2025-12-17T04:48:48.852+0000] {taskinstance.py:2480} INFO - Exporting env vars: AIRFLOW_CTX_DAG_OWNER='***' AIRFLOW_CTX_DAG_ID='etl_***' AIRFLOW_CTX_TASK_ID='transform' AIRFLOW_CTX_EXECUTION_DATE='2024-06-30T00:00:00+00:00' AIRFLOW_CTX_TRY_NUMBER='1' AIRFLOW_CTX_DAG_RUN_ID='scheduled__2024-06-30T00:00:00+00:00'
[2025-12-17T04:48:48.855+0000] {taskinstance.py:2698} ERROR - Task failed with exception
Traceback (most recent call last):
  File "/home/airflow/.local/lib/python3.8/site-packages/airflow/models/taskinstance.py", line 433, in _execute_task
    result = execute_callable(context=context, **execute_callable_kwargs)
  File "/home/airflow/.local/lib/python3.8/site-packages/airflow/operators/python.py", line 199, in execute
    return_value = self.execute_callable()
  File "/home/airflow/.local/lib/python3.8/site-packages/airflow/operators/python.py", line 216, in execute_callable
    return self.python_callable(*self.op_args, **self.op_kwargs)
TypeError: transform_data() missing 1 required positional argument: 'df'
[2025-12-17T04:48:48.873+0000] {taskinstance.py:1138} INFO - Marking task as UP_FOR_RETRY. dag_id=etl_***, task_id=transform, execution_date=20240630T000000, start_date=20251217T044848, end_date=20251217T044848
[2025-12-17T04:48:48.970+0000] {standard_task_runner.py:107} ERROR - Failed to execute job 719 for task transform (transform_data() missing 1 required positional argument: 'df'; 2596)
[2025-12-17T04:48:49.048+0000] {local_task_job_runner.py:234} INFO - Task exited with return code 1
[2025-12-17T04:48:49.126+0000] {taskinstance.py:3280} INFO - 0 downstream tasks scheduled from follow-on schedule check
[2025-12-17T07:42:26.159+0000] {taskinstance.py:1956} INFO - Dependencies all met for dep_context=non-requeueable deps ti=<TaskInstance: etl_airflow.transform scheduled__2024-06-30T00:00:00+00:00 [queued]>
[2025-12-17T07:42:26.202+0000] {taskinstance.py:1956} INFO - Dependencies all met for dep_context=requeueable deps ti=<TaskInstance: etl_airflow.transform scheduled__2024-06-30T00:00:00+00:00 [queued]>
[2025-12-17T07:42:26.205+0000] {taskinstance.py:2170} INFO - Starting attempt 1 of 3
[2025-12-17T07:42:26.249+0000] {taskinstance.py:2191} INFO - Executing <Task(PythonOperator): transform> on 2024-06-30 00:00:00+00:00
[2025-12-17T07:42:26.270+0000] {standard_task_runner.py:60} INFO - Started process 2683 to run task
[2025-12-17T07:42:26.283+0000] {standard_task_runner.py:87} INFO - Running: ['***', 'tasks', 'run', 'etl_***', 'transform', 'scheduled__2024-06-30T00:00:00+00:00', '--job-id', '727', '--raw', '--subdir', 'DAGS_FOLDER/etl_***.py', '--cfg-path', '/tmp/tmpncck4ce9']
[2025-12-17T07:42:26.290+0000] {standard_task_runner.py:88} INFO - Job 727: Subtask transform
[2025-12-17T07:42:26.593+0000] {task_command.py:423} INFO - Running <TaskInstance: etl_airflow.transform scheduled__2024-06-30T00:00:00+00:00 [running]> on host 2a0de06c8905
[2025-12-17T07:42:27.059+0000] {taskinstance.py:2480} INFO - Exporting env vars: AIRFLOW_CTX_DAG_OWNER='***' AIRFLOW_CTX_DAG_ID='etl_***' AIRFLOW_CTX_TASK_ID='transform' AIRFLOW_CTX_EXECUTION_DATE='2024-06-30T00:00:00+00:00' AIRFLOW_CTX_TRY_NUMBER='1' AIRFLOW_CTX_DAG_RUN_ID='scheduled__2024-06-30T00:00:00+00:00'
[2025-12-17T07:42:27.062+0000] {taskinstance.py:2698} ERROR - Task failed with exception
Traceback (most recent call last):
  File "/home/airflow/.local/lib/python3.8/site-packages/airflow/models/taskinstance.py", line 433, in _execute_task
    result = execute_callable(context=context, **execute_callable_kwargs)
  File "/home/airflow/.local/lib/python3.8/site-packages/airflow/operators/python.py", line 199, in execute
    return_value = self.execute_callable()
  File "/home/airflow/.local/lib/python3.8/site-packages/airflow/operators/python.py", line 216, in execute_callable
    return self.python_callable(*self.op_args, **self.op_kwargs)
TypeError: transform_data() missing 1 required positional argument: 'df'
[2025-12-17T07:42:27.077+0000] {taskinstance.py:1138} INFO - Marking task as UP_FOR_RETRY. dag_id=etl_***, task_id=transform, execution_date=20240630T000000, start_date=20251217T074226, end_date=20251217T074227
[2025-12-17T07:42:27.101+0000] {standard_task_runner.py:107} ERROR - Failed to execute job 727 for task transform (transform_data() missing 1 required positional argument: 'df'; 2683)
[2025-12-17T07:42:27.156+0000] {local_task_job_runner.py:234} INFO - Task exited with return code 1
[2025-12-17T07:42:27.499+0000] {taskinstance.py:3280} INFO - 0 downstream tasks scheduled from follow-on schedule check
