[2025-12-16T17:10:47.792+0000] {taskinstance.py:1956} INFO - Dependencies all met for dep_context=non-requeueable deps ti=<TaskInstance: etl_airflow.transform scheduled__2024-03-23T00:00:00+00:00 [queued]>
[2025-12-16T17:10:47.813+0000] {taskinstance.py:1956} INFO - Dependencies all met for dep_context=requeueable deps ti=<TaskInstance: etl_airflow.transform scheduled__2024-03-23T00:00:00+00:00 [queued]>
[2025-12-16T17:10:47.815+0000] {taskinstance.py:2170} INFO - Starting attempt 1 of 3
[2025-12-16T17:10:47.841+0000] {taskinstance.py:2191} INFO - Executing <Task(PythonOperator): transform> on 2024-03-23 00:00:00+00:00
[2025-12-16T17:10:47.850+0000] {standard_task_runner.py:60} INFO - Started process 1054 to run task
[2025-12-16T17:10:47.858+0000] {standard_task_runner.py:87} INFO - Running: ['***', 'tasks', 'run', 'etl_***', 'transform', 'scheduled__2024-03-23T00:00:00+00:00', '--job-id', '3837', '--raw', '--subdir', 'DAGS_FOLDER/etl_dag.py', '--cfg-path', '/tmp/tmpr_mf0zdq']
[2025-12-16T17:10:47.863+0000] {standard_task_runner.py:88} INFO - Job 3837: Subtask transform
[2025-12-16T17:10:47.978+0000] {task_command.py:423} INFO - Running <TaskInstance: etl_airflow.transform scheduled__2024-03-23T00:00:00+00:00 [running]> on host 3b89cfee50e9
[2025-12-16T17:10:48.292+0000] {taskinstance.py:2480} INFO - Exporting env vars: AIRFLOW_CTX_DAG_OWNER='***' AIRFLOW_CTX_DAG_ID='etl_***' AIRFLOW_CTX_TASK_ID='transform' AIRFLOW_CTX_EXECUTION_DATE='2024-03-23T00:00:00+00:00' AIRFLOW_CTX_TRY_NUMBER='1' AIRFLOW_CTX_DAG_RUN_ID='scheduled__2024-03-23T00:00:00+00:00'
[2025-12-16T17:10:48.296+0000] {logging_mixin.py:188} INFO - [TRANSFORM]
[2025-12-16T17:10:48.850+0000] {logging_mixin.py:188} INFO - [TRANSFORM] done
[2025-12-16T17:10:48.854+0000] {python.py:201} INFO - Done. Returned value was: None
[2025-12-16T17:10:48.882+0000] {taskinstance.py:1138} INFO - Marking task as SUCCESS. dag_id=etl_***, task_id=transform, execution_date=20240323T000000, start_date=20251216T171047, end_date=20251216T171048
[2025-12-16T17:10:49.147+0000] {local_task_job_runner.py:234} INFO - Task exited with return code 0
[2025-12-16T17:10:49.471+0000] {taskinstance.py:3280} INFO - 0 downstream tasks scheduled from follow-on schedule check
[2025-12-17T01:51:31.582+0000] {taskinstance.py:1956} INFO - Dependencies all met for dep_context=non-requeueable deps ti=<TaskInstance: etl_airflow.transform scheduled__2024-03-23T00:00:00+00:00 [queued]>
[2025-12-17T01:51:31.610+0000] {taskinstance.py:1956} INFO - Dependencies all met for dep_context=requeueable deps ti=<TaskInstance: etl_airflow.transform scheduled__2024-03-23T00:00:00+00:00 [queued]>
[2025-12-17T01:51:31.613+0000] {taskinstance.py:2170} INFO - Starting attempt 1 of 3
[2025-12-17T01:51:31.813+0000] {taskinstance.py:2191} INFO - Executing <Task(PythonOperator): transform> on 2024-03-23 00:00:00+00:00
[2025-12-17T01:51:31.843+0000] {standard_task_runner.py:60} INFO - Started process 1016 to run task
[2025-12-17T01:51:31.850+0000] {standard_task_runner.py:87} INFO - Running: ['***', 'tasks', 'run', 'etl_***', 'transform', 'scheduled__2024-03-23T00:00:00+00:00', '--job-id', '251', '--raw', '--subdir', 'DAGS_FOLDER/etl_dag.py', '--cfg-path', '/tmp/tmpat7q031b']
[2025-12-17T01:51:31.854+0000] {standard_task_runner.py:88} INFO - Job 251: Subtask transform
[2025-12-17T01:51:32.065+0000] {task_command.py:423} INFO - Running <TaskInstance: etl_airflow.transform scheduled__2024-03-23T00:00:00+00:00 [running]> on host 571e042550da
[2025-12-17T01:51:32.530+0000] {taskinstance.py:2480} INFO - Exporting env vars: AIRFLOW_CTX_DAG_OWNER='***' AIRFLOW_CTX_DAG_ID='etl_***' AIRFLOW_CTX_TASK_ID='transform' AIRFLOW_CTX_EXECUTION_DATE='2024-03-23T00:00:00+00:00' AIRFLOW_CTX_TRY_NUMBER='1' AIRFLOW_CTX_DAG_RUN_ID='scheduled__2024-03-23T00:00:00+00:00'
[2025-12-17T01:51:32.534+0000] {logging_mixin.py:188} INFO - [TRANSFORM]
[2025-12-17T01:51:32.576+0000] {logging_mixin.py:188} INFO - [TRANSFORM] done
[2025-12-17T01:51:32.577+0000] {python.py:201} INFO - Done. Returned value was: None
[2025-12-17T01:51:32.597+0000] {taskinstance.py:1138} INFO - Marking task as SUCCESS. dag_id=etl_***, task_id=transform, execution_date=20240323T000000, start_date=20251217T015131, end_date=20251217T015132
[2025-12-17T01:51:32.643+0000] {local_task_job_runner.py:234} INFO - Task exited with return code 0
[2025-12-17T01:51:32.688+0000] {taskinstance.py:3280} INFO - 1 downstream tasks scheduled from follow-on schedule check
[2025-12-17T04:19:16.344+0000] {taskinstance.py:1956} INFO - Dependencies all met for dep_context=non-requeueable deps ti=<TaskInstance: etl_airflow.transform scheduled__2024-03-23T00:00:00+00:00 [queued]>
[2025-12-17T04:19:16.365+0000] {taskinstance.py:1956} INFO - Dependencies all met for dep_context=requeueable deps ti=<TaskInstance: etl_airflow.transform scheduled__2024-03-23T00:00:00+00:00 [queued]>
[2025-12-17T04:19:16.366+0000] {taskinstance.py:2170} INFO - Starting attempt 1 of 3
[2025-12-17T04:19:16.398+0000] {taskinstance.py:2191} INFO - Executing <Task(PythonOperator): transform> on 2024-03-23 00:00:00+00:00
[2025-12-17T04:19:16.408+0000] {standard_task_runner.py:60} INFO - Started process 591 to run task
[2025-12-17T04:19:16.415+0000] {standard_task_runner.py:87} INFO - Running: ['***', 'tasks', 'run', 'etl_***', 'transform', 'scheduled__2024-03-23T00:00:00+00:00', '--job-id', '116', '--raw', '--subdir', 'DAGS_FOLDER/etl_***.py', '--cfg-path', '/tmp/tmpnofjta0f']
[2025-12-17T04:19:16.420+0000] {standard_task_runner.py:88} INFO - Job 116: Subtask transform
[2025-12-17T04:19:16.553+0000] {task_command.py:423} INFO - Running <TaskInstance: etl_airflow.transform scheduled__2024-03-23T00:00:00+00:00 [running]> on host c5811fe183ca
[2025-12-17T04:19:17.018+0000] {taskinstance.py:2480} INFO - Exporting env vars: AIRFLOW_CTX_DAG_OWNER='***' AIRFLOW_CTX_DAG_ID='etl_***' AIRFLOW_CTX_TASK_ID='transform' AIRFLOW_CTX_EXECUTION_DATE='2024-03-23T00:00:00+00:00' AIRFLOW_CTX_TRY_NUMBER='1' AIRFLOW_CTX_DAG_RUN_ID='scheduled__2024-03-23T00:00:00+00:00'
[2025-12-17T04:19:17.023+0000] {taskinstance.py:2698} ERROR - Task failed with exception
Traceback (most recent call last):
  File "/home/airflow/.local/lib/python3.8/site-packages/airflow/models/taskinstance.py", line 433, in _execute_task
    result = execute_callable(context=context, **execute_callable_kwargs)
  File "/home/airflow/.local/lib/python3.8/site-packages/airflow/operators/python.py", line 199, in execute
    return_value = self.execute_callable()
  File "/home/airflow/.local/lib/python3.8/site-packages/airflow/operators/python.py", line 216, in execute_callable
    return self.python_callable(*self.op_args, **self.op_kwargs)
TypeError: transform_data() missing 1 required positional argument: 'df'
[2025-12-17T04:19:17.051+0000] {taskinstance.py:1138} INFO - Marking task as UP_FOR_RETRY. dag_id=etl_***, task_id=transform, execution_date=20240323T000000, start_date=20251217T041916, end_date=20251217T041917
[2025-12-17T04:19:17.086+0000] {standard_task_runner.py:107} ERROR - Failed to execute job 116 for task transform (transform_data() missing 1 required positional argument: 'df'; 591)
[2025-12-17T04:19:17.153+0000] {local_task_job_runner.py:234} INFO - Task exited with return code 1
[2025-12-17T04:19:17.428+0000] {taskinstance.py:3280} INFO - 0 downstream tasks scheduled from follow-on schedule check
[2025-12-17T04:45:14.148+0000] {taskinstance.py:1956} INFO - Dependencies all met for dep_context=non-requeueable deps ti=<TaskInstance: etl_airflow.transform scheduled__2024-03-23T00:00:00+00:00 [queued]>
[2025-12-17T04:45:14.171+0000] {taskinstance.py:1956} INFO - Dependencies all met for dep_context=requeueable deps ti=<TaskInstance: etl_airflow.transform scheduled__2024-03-23T00:00:00+00:00 [queued]>
[2025-12-17T04:45:14.172+0000] {taskinstance.py:2170} INFO - Starting attempt 1 of 3
[2025-12-17T04:45:14.337+0000] {taskinstance.py:2191} INFO - Executing <Task(PythonOperator): transform> on 2024-03-23 00:00:00+00:00
[2025-12-17T04:45:14.352+0000] {standard_task_runner.py:60} INFO - Started process 1327 to run task
[2025-12-17T04:45:14.370+0000] {standard_task_runner.py:87} INFO - Running: ['***', 'tasks', 'run', 'etl_***', 'transform', 'scheduled__2024-03-23T00:00:00+00:00', '--job-id', '336', '--raw', '--subdir', 'DAGS_FOLDER/etl_***.py', '--cfg-path', '/tmp/tmp1t2jdzpp']
[2025-12-17T04:45:14.383+0000] {standard_task_runner.py:88} INFO - Job 336: Subtask transform
[2025-12-17T04:45:14.593+0000] {task_command.py:423} INFO - Running <TaskInstance: etl_airflow.transform scheduled__2024-03-23T00:00:00+00:00 [running]> on host b3426f05ac70
[2025-12-17T04:45:15.078+0000] {taskinstance.py:2480} INFO - Exporting env vars: AIRFLOW_CTX_DAG_OWNER='***' AIRFLOW_CTX_DAG_ID='etl_***' AIRFLOW_CTX_TASK_ID='transform' AIRFLOW_CTX_EXECUTION_DATE='2024-03-23T00:00:00+00:00' AIRFLOW_CTX_TRY_NUMBER='1' AIRFLOW_CTX_DAG_RUN_ID='scheduled__2024-03-23T00:00:00+00:00'
[2025-12-17T04:45:15.081+0000] {taskinstance.py:2698} ERROR - Task failed with exception
Traceback (most recent call last):
  File "/home/airflow/.local/lib/python3.8/site-packages/airflow/models/taskinstance.py", line 433, in _execute_task
    result = execute_callable(context=context, **execute_callable_kwargs)
  File "/home/airflow/.local/lib/python3.8/site-packages/airflow/operators/python.py", line 199, in execute
    return_value = self.execute_callable()
  File "/home/airflow/.local/lib/python3.8/site-packages/airflow/operators/python.py", line 216, in execute_callable
    return self.python_callable(*self.op_args, **self.op_kwargs)
TypeError: transform_data() missing 1 required positional argument: 'df'
[2025-12-17T04:45:15.107+0000] {taskinstance.py:1138} INFO - Marking task as UP_FOR_RETRY. dag_id=etl_***, task_id=transform, execution_date=20240323T000000, start_date=20251217T044514, end_date=20251217T044515
[2025-12-17T04:45:15.150+0000] {standard_task_runner.py:107} ERROR - Failed to execute job 336 for task transform (transform_data() missing 1 required positional argument: 'df'; 1327)
[2025-12-17T04:45:15.198+0000] {local_task_job_runner.py:234} INFO - Task exited with return code 1
[2025-12-17T04:45:15.325+0000] {taskinstance.py:3280} INFO - 0 downstream tasks scheduled from follow-on schedule check
[2025-12-17T07:38:40.013+0000] {taskinstance.py:1956} INFO - Dependencies all met for dep_context=non-requeueable deps ti=<TaskInstance: etl_airflow.transform scheduled__2024-03-23T00:00:00+00:00 [queued]>
[2025-12-17T07:38:40.048+0000] {taskinstance.py:1956} INFO - Dependencies all met for dep_context=requeueable deps ti=<TaskInstance: etl_airflow.transform scheduled__2024-03-23T00:00:00+00:00 [queued]>
[2025-12-17T07:38:40.049+0000] {taskinstance.py:2170} INFO - Starting attempt 1 of 3
[2025-12-17T07:38:40.267+0000] {taskinstance.py:2191} INFO - Executing <Task(PythonOperator): transform> on 2024-03-23 00:00:00+00:00
[2025-12-17T07:38:40.296+0000] {standard_task_runner.py:60} INFO - Started process 1411 to run task
[2025-12-17T07:38:40.371+0000] {standard_task_runner.py:87} INFO - Running: ['***', 'tasks', 'run', 'etl_***', 'transform', 'scheduled__2024-03-23T00:00:00+00:00', '--job-id', '339', '--raw', '--subdir', 'DAGS_FOLDER/etl_***.py', '--cfg-path', '/tmp/tmpi3er37pz']
[2025-12-17T07:38:40.386+0000] {standard_task_runner.py:88} INFO - Job 339: Subtask transform
[2025-12-17T07:38:40.718+0000] {task_command.py:423} INFO - Running <TaskInstance: etl_airflow.transform scheduled__2024-03-23T00:00:00+00:00 [running]> on host 2a0de06c8905
[2025-12-17T07:38:41.426+0000] {taskinstance.py:2480} INFO - Exporting env vars: AIRFLOW_CTX_DAG_OWNER='***' AIRFLOW_CTX_DAG_ID='etl_***' AIRFLOW_CTX_TASK_ID='transform' AIRFLOW_CTX_EXECUTION_DATE='2024-03-23T00:00:00+00:00' AIRFLOW_CTX_TRY_NUMBER='1' AIRFLOW_CTX_DAG_RUN_ID='scheduled__2024-03-23T00:00:00+00:00'
[2025-12-17T07:38:41.429+0000] {taskinstance.py:2698} ERROR - Task failed with exception
Traceback (most recent call last):
  File "/home/airflow/.local/lib/python3.8/site-packages/airflow/models/taskinstance.py", line 433, in _execute_task
    result = execute_callable(context=context, **execute_callable_kwargs)
  File "/home/airflow/.local/lib/python3.8/site-packages/airflow/operators/python.py", line 199, in execute
    return_value = self.execute_callable()
  File "/home/airflow/.local/lib/python3.8/site-packages/airflow/operators/python.py", line 216, in execute_callable
    return self.python_callable(*self.op_args, **self.op_kwargs)
TypeError: transform_data() missing 1 required positional argument: 'df'
[2025-12-17T07:38:41.448+0000] {taskinstance.py:1138} INFO - Marking task as UP_FOR_RETRY. dag_id=etl_***, task_id=transform, execution_date=20240323T000000, start_date=20251217T073840, end_date=20251217T073841
[2025-12-17T07:38:41.474+0000] {standard_task_runner.py:107} ERROR - Failed to execute job 339 for task transform (transform_data() missing 1 required positional argument: 'df'; 1411)
[2025-12-17T07:38:41.531+0000] {local_task_job_runner.py:234} INFO - Task exited with return code 1
[2025-12-17T07:38:41.584+0000] {taskinstance.py:3280} INFO - 0 downstream tasks scheduled from follow-on schedule check
