[2025-12-17T04:21:42.260+0000] {taskinstance.py:1956} INFO - Dependencies all met for dep_context=non-requeueable deps ti=<TaskInstance: etl_airflow.transform scheduled__2024-07-25T00:00:00+00:00 [queued]>
[2025-12-17T04:21:42.273+0000] {taskinstance.py:1956} INFO - Dependencies all met for dep_context=requeueable deps ti=<TaskInstance: etl_airflow.transform scheduled__2024-07-25T00:00:00+00:00 [queued]>
[2025-12-17T04:21:42.274+0000] {taskinstance.py:2170} INFO - Starting attempt 3 of 3
[2025-12-17T04:21:42.290+0000] {taskinstance.py:2191} INFO - Executing <Task(PythonOperator): transform> on 2024-07-25 00:00:00+00:00
[2025-12-17T04:21:42.298+0000] {standard_task_runner.py:60} INFO - Started process 1414 to run task
[2025-12-17T04:21:42.303+0000] {standard_task_runner.py:87} INFO - Running: ['***', 'tasks', 'run', 'etl_***', 'transform', 'scheduled__2024-07-25T00:00:00+00:00', '--job-id', '368', '--raw', '--subdir', 'DAGS_FOLDER/etl_***.py', '--cfg-path', '/tmp/tmp_b23hlf2']
[2025-12-17T04:21:42.308+0000] {standard_task_runner.py:88} INFO - Job 368: Subtask transform
[2025-12-17T04:21:42.409+0000] {task_command.py:423} INFO - Running <TaskInstance: etl_airflow.transform scheduled__2024-07-25T00:00:00+00:00 [running]> on host c5811fe183ca
[2025-12-17T04:21:42.831+0000] {taskinstance.py:2480} INFO - Exporting env vars: AIRFLOW_CTX_DAG_OWNER='***' AIRFLOW_CTX_DAG_ID='etl_***' AIRFLOW_CTX_TASK_ID='transform' AIRFLOW_CTX_EXECUTION_DATE='2024-07-25T00:00:00+00:00' AIRFLOW_CTX_TRY_NUMBER='3' AIRFLOW_CTX_DAG_RUN_ID='scheduled__2024-07-25T00:00:00+00:00'
[2025-12-17T04:21:42.833+0000] {taskinstance.py:2698} ERROR - Task failed with exception
Traceback (most recent call last):
  File "/home/airflow/.local/lib/python3.8/site-packages/airflow/models/taskinstance.py", line 433, in _execute_task
    result = execute_callable(context=context, **execute_callable_kwargs)
  File "/home/airflow/.local/lib/python3.8/site-packages/airflow/operators/python.py", line 199, in execute
    return_value = self.execute_callable()
  File "/home/airflow/.local/lib/python3.8/site-packages/airflow/operators/python.py", line 216, in execute_callable
    return self.python_callable(*self.op_args, **self.op_kwargs)
TypeError: transform_data() missing 1 required positional argument: 'df'
[2025-12-17T04:21:42.846+0000] {taskinstance.py:1138} INFO - Marking task as FAILED. dag_id=etl_***, task_id=transform, execution_date=20240725T000000, start_date=20251217T042142, end_date=20251217T042142
[2025-12-17T04:21:42.865+0000] {standard_task_runner.py:107} ERROR - Failed to execute job 368 for task transform (transform_data() missing 1 required positional argument: 'df'; 1414)
[2025-12-17T04:21:42.923+0000] {local_task_job_runner.py:234} INFO - Task exited with return code 1
[2025-12-17T04:21:43.006+0000] {taskinstance.py:3280} INFO - 0 downstream tasks scheduled from follow-on schedule check
[2025-12-17T04:49:49.680+0000] {taskinstance.py:1956} INFO - Dependencies all met for dep_context=non-requeueable deps ti=<TaskInstance: etl_airflow.transform scheduled__2024-07-25T00:00:00+00:00 [queued]>
[2025-12-17T04:49:49.697+0000] {taskinstance.py:1956} INFO - Dependencies all met for dep_context=requeueable deps ti=<TaskInstance: etl_airflow.transform scheduled__2024-07-25T00:00:00+00:00 [queued]>
[2025-12-17T04:49:49.698+0000] {taskinstance.py:2170} INFO - Starting attempt 3 of 3
[2025-12-17T04:49:49.721+0000] {taskinstance.py:2191} INFO - Executing <Task(PythonOperator): transform> on 2024-07-25 00:00:00+00:00
[2025-12-17T04:49:49.728+0000] {standard_task_runner.py:60} INFO - Started process 2952 to run task
[2025-12-17T04:49:49.734+0000] {standard_task_runner.py:87} INFO - Running: ['***', 'tasks', 'run', 'etl_***', 'transform', 'scheduled__2024-07-25T00:00:00+00:00', '--job-id', '828', '--raw', '--subdir', 'DAGS_FOLDER/etl_***.py', '--cfg-path', '/tmp/tmpo5d6pf8_']
[2025-12-17T04:49:49.738+0000] {standard_task_runner.py:88} INFO - Job 828: Subtask transform
[2025-12-17T04:49:49.844+0000] {task_command.py:423} INFO - Running <TaskInstance: etl_airflow.transform scheduled__2024-07-25T00:00:00+00:00 [running]> on host b3426f05ac70
[2025-12-17T04:49:50.240+0000] {taskinstance.py:2480} INFO - Exporting env vars: AIRFLOW_CTX_DAG_OWNER='***' AIRFLOW_CTX_DAG_ID='etl_***' AIRFLOW_CTX_TASK_ID='transform' AIRFLOW_CTX_EXECUTION_DATE='2024-07-25T00:00:00+00:00' AIRFLOW_CTX_TRY_NUMBER='3' AIRFLOW_CTX_DAG_RUN_ID='scheduled__2024-07-25T00:00:00+00:00'
[2025-12-17T04:49:50.244+0000] {taskinstance.py:2698} ERROR - Task failed with exception
Traceback (most recent call last):
  File "/home/airflow/.local/lib/python3.8/site-packages/airflow/models/taskinstance.py", line 433, in _execute_task
    result = execute_callable(context=context, **execute_callable_kwargs)
  File "/home/airflow/.local/lib/python3.8/site-packages/airflow/operators/python.py", line 199, in execute
    return_value = self.execute_callable()
  File "/home/airflow/.local/lib/python3.8/site-packages/airflow/operators/python.py", line 216, in execute_callable
    return self.python_callable(*self.op_args, **self.op_kwargs)
TypeError: transform_data() missing 1 required positional argument: 'df'
[2025-12-17T04:49:50.257+0000] {taskinstance.py:1138} INFO - Marking task as FAILED. dag_id=etl_***, task_id=transform, execution_date=20240725T000000, start_date=20251217T044949, end_date=20251217T044950
[2025-12-17T04:49:50.274+0000] {standard_task_runner.py:107} ERROR - Failed to execute job 828 for task transform (transform_data() missing 1 required positional argument: 'df'; 2952)
[2025-12-17T04:49:50.311+0000] {local_task_job_runner.py:234} INFO - Task exited with return code 1
[2025-12-17T04:49:50.367+0000] {taskinstance.py:3280} INFO - 0 downstream tasks scheduled from follow-on schedule check
[2025-12-17T07:44:02.099+0000] {taskinstance.py:1956} INFO - Dependencies all met for dep_context=non-requeueable deps ti=<TaskInstance: etl_airflow.transform scheduled__2024-07-25T00:00:00+00:00 [queued]>
[2025-12-17T07:44:02.142+0000] {taskinstance.py:1956} INFO - Dependencies all met for dep_context=requeueable deps ti=<TaskInstance: etl_airflow.transform scheduled__2024-07-25T00:00:00+00:00 [queued]>
[2025-12-17T07:44:02.146+0000] {taskinstance.py:2170} INFO - Starting attempt 3 of 3
[2025-12-17T07:44:02.202+0000] {taskinstance.py:2191} INFO - Executing <Task(PythonOperator): transform> on 2024-07-25 00:00:00+00:00
[2025-12-17T07:44:02.225+0000] {standard_task_runner.py:60} INFO - Started process 3190 to run task
[2025-12-17T07:44:02.241+0000] {standard_task_runner.py:87} INFO - Running: ['***', 'tasks', 'run', 'etl_***', 'transform', 'scheduled__2024-07-25T00:00:00+00:00', '--job-id', '882', '--raw', '--subdir', 'DAGS_FOLDER/etl_***.py', '--cfg-path', '/tmp/tmpyi8kjred']
[2025-12-17T07:44:02.250+0000] {standard_task_runner.py:88} INFO - Job 882: Subtask transform
[2025-12-17T07:44:02.416+0000] {task_command.py:423} INFO - Running <TaskInstance: etl_airflow.transform scheduled__2024-07-25T00:00:00+00:00 [running]> on host 2a0de06c8905
[2025-12-17T07:44:02.851+0000] {taskinstance.py:2480} INFO - Exporting env vars: AIRFLOW_CTX_DAG_OWNER='***' AIRFLOW_CTX_DAG_ID='etl_***' AIRFLOW_CTX_TASK_ID='transform' AIRFLOW_CTX_EXECUTION_DATE='2024-07-25T00:00:00+00:00' AIRFLOW_CTX_TRY_NUMBER='3' AIRFLOW_CTX_DAG_RUN_ID='scheduled__2024-07-25T00:00:00+00:00'
[2025-12-17T07:44:02.853+0000] {taskinstance.py:2698} ERROR - Task failed with exception
Traceback (most recent call last):
  File "/home/airflow/.local/lib/python3.8/site-packages/airflow/models/taskinstance.py", line 433, in _execute_task
    result = execute_callable(context=context, **execute_callable_kwargs)
  File "/home/airflow/.local/lib/python3.8/site-packages/airflow/operators/python.py", line 199, in execute
    return_value = self.execute_callable()
  File "/home/airflow/.local/lib/python3.8/site-packages/airflow/operators/python.py", line 216, in execute_callable
    return self.python_callable(*self.op_args, **self.op_kwargs)
TypeError: transform_data() missing 1 required positional argument: 'df'
[2025-12-17T07:44:02.864+0000] {taskinstance.py:1138} INFO - Marking task as FAILED. dag_id=etl_***, task_id=transform, execution_date=20240725T000000, start_date=20251217T074402, end_date=20251217T074402
[2025-12-17T07:44:02.882+0000] {standard_task_runner.py:107} ERROR - Failed to execute job 882 for task transform (transform_data() missing 1 required positional argument: 'df'; 3190)
[2025-12-17T07:44:02.939+0000] {local_task_job_runner.py:234} INFO - Task exited with return code 1
[2025-12-17T07:44:03.003+0000] {taskinstance.py:3280} INFO - 0 downstream tasks scheduled from follow-on schedule check
