[2025-12-16T17:13:35.713+0000] {taskinstance.py:1956} INFO - Dependencies all met for dep_context=non-requeueable deps ti=<TaskInstance: etl_airflow.transform scheduled__2024-08-10T00:00:00+00:00 [queued]>
[2025-12-16T17:13:35.742+0000] {taskinstance.py:1956} INFO - Dependencies all met for dep_context=requeueable deps ti=<TaskInstance: etl_airflow.transform scheduled__2024-08-10T00:00:00+00:00 [queued]>
[2025-12-16T17:13:35.744+0000] {taskinstance.py:2170} INFO - Starting attempt 2 of 3
[2025-12-16T17:13:36.040+0000] {taskinstance.py:2191} INFO - Executing <Task(PythonOperator): transform> on 2024-08-10 00:00:00+00:00
[2025-12-16T17:13:36.055+0000] {standard_task_runner.py:60} INFO - Started process 807 to run task
[2025-12-16T17:13:36.063+0000] {standard_task_runner.py:87} INFO - Running: ['***', 'tasks', 'run', 'etl_***', 'transform', 'scheduled__2024-08-10T00:00:00+00:00', '--job-id', '4334', '--raw', '--subdir', 'DAGS_FOLDER/etl_dag.py', '--cfg-path', '/tmp/tmp8pkx1xip']
[2025-12-16T17:13:36.071+0000] {standard_task_runner.py:88} INFO - Job 4334: Subtask transform
[2025-12-16T17:13:36.303+0000] {task_command.py:423} INFO - Running <TaskInstance: etl_airflow.transform scheduled__2024-08-10T00:00:00+00:00 [running]> on host 3b89cfee50e9
[2025-12-16T17:13:36.542+0000] {taskinstance.py:2480} INFO - Exporting env vars: AIRFLOW_CTX_DAG_OWNER='***' AIRFLOW_CTX_DAG_ID='etl_***' AIRFLOW_CTX_TASK_ID='transform' AIRFLOW_CTX_EXECUTION_DATE='2024-08-10T00:00:00+00:00' AIRFLOW_CTX_TRY_NUMBER='2' AIRFLOW_CTX_DAG_RUN_ID='scheduled__2024-08-10T00:00:00+00:00'
[2025-12-16T17:13:36.545+0000] {logging_mixin.py:188} INFO - [TRANSFORM]
[2025-12-16T17:13:36.931+0000] {logging_mixin.py:188} INFO - [TRANSFORM] done
[2025-12-16T17:13:36.933+0000] {python.py:201} INFO - Done. Returned value was: None
[2025-12-16T17:13:36.955+0000] {taskinstance.py:1138} INFO - Marking task as SUCCESS. dag_id=etl_***, task_id=transform, execution_date=20240810T000000, start_date=20251216T171335, end_date=20251216T171336
[2025-12-16T17:13:37.049+0000] {local_task_job_runner.py:234} INFO - Task exited with return code 0
[2025-12-16T17:13:37.091+0000] {taskinstance.py:3280} INFO - 1 downstream tasks scheduled from follow-on schedule check
[2025-12-17T04:50:13.457+0000] {taskinstance.py:1956} INFO - Dependencies all met for dep_context=non-requeueable deps ti=<TaskInstance: etl_airflow.transform scheduled__2024-08-10T00:00:00+00:00 [queued]>
[2025-12-17T04:50:13.470+0000] {taskinstance.py:1956} INFO - Dependencies all met for dep_context=requeueable deps ti=<TaskInstance: etl_airflow.transform scheduled__2024-08-10T00:00:00+00:00 [queued]>
[2025-12-17T04:50:13.471+0000] {taskinstance.py:2170} INFO - Starting attempt 2 of 3
[2025-12-17T04:50:13.490+0000] {taskinstance.py:2191} INFO - Executing <Task(PythonOperator): transform> on 2024-08-10 00:00:00+00:00
[2025-12-17T04:50:13.498+0000] {standard_task_runner.py:60} INFO - Started process 3119 to run task
[2025-12-17T04:50:13.503+0000] {standard_task_runner.py:87} INFO - Running: ['***', 'tasks', 'run', 'etl_***', 'transform', 'scheduled__2024-08-10T00:00:00+00:00', '--job-id', '880', '--raw', '--subdir', 'DAGS_FOLDER/etl_***.py', '--cfg-path', '/tmp/tmpel8ynn8m']
[2025-12-17T04:50:13.506+0000] {standard_task_runner.py:88} INFO - Job 880: Subtask transform
[2025-12-17T04:50:13.603+0000] {task_command.py:423} INFO - Running <TaskInstance: etl_airflow.transform scheduled__2024-08-10T00:00:00+00:00 [running]> on host b3426f05ac70
[2025-12-17T04:50:13.941+0000] {taskinstance.py:2480} INFO - Exporting env vars: AIRFLOW_CTX_DAG_OWNER='***' AIRFLOW_CTX_DAG_ID='etl_***' AIRFLOW_CTX_TASK_ID='transform' AIRFLOW_CTX_EXECUTION_DATE='2024-08-10T00:00:00+00:00' AIRFLOW_CTX_TRY_NUMBER='2' AIRFLOW_CTX_DAG_RUN_ID='scheduled__2024-08-10T00:00:00+00:00'
[2025-12-17T04:50:13.944+0000] {taskinstance.py:2698} ERROR - Task failed with exception
Traceback (most recent call last):
  File "/home/airflow/.local/lib/python3.8/site-packages/airflow/models/taskinstance.py", line 433, in _execute_task
    result = execute_callable(context=context, **execute_callable_kwargs)
  File "/home/airflow/.local/lib/python3.8/site-packages/airflow/operators/python.py", line 199, in execute
    return_value = self.execute_callable()
  File "/home/airflow/.local/lib/python3.8/site-packages/airflow/operators/python.py", line 216, in execute_callable
    return self.python_callable(*self.op_args, **self.op_kwargs)
TypeError: transform_data() missing 1 required positional argument: 'df'
[2025-12-17T04:50:13.957+0000] {taskinstance.py:1138} INFO - Marking task as UP_FOR_RETRY. dag_id=etl_***, task_id=transform, execution_date=20240810T000000, start_date=20251217T045013, end_date=20251217T045013
[2025-12-17T04:50:13.975+0000] {standard_task_runner.py:107} ERROR - Failed to execute job 880 for task transform (transform_data() missing 1 required positional argument: 'df'; 3119)
[2025-12-17T04:50:13.998+0000] {local_task_job_runner.py:234} INFO - Task exited with return code 1
[2025-12-17T04:50:14.039+0000] {taskinstance.py:3280} INFO - 0 downstream tasks scheduled from follow-on schedule check
[2025-12-17T07:44:34.491+0000] {taskinstance.py:1956} INFO - Dependencies all met for dep_context=non-requeueable deps ti=<TaskInstance: etl_airflow.transform scheduled__2024-08-10T00:00:00+00:00 [queued]>
[2025-12-17T07:44:34.508+0000] {taskinstance.py:1956} INFO - Dependencies all met for dep_context=requeueable deps ti=<TaskInstance: etl_airflow.transform scheduled__2024-08-10T00:00:00+00:00 [queued]>
[2025-12-17T07:44:34.510+0000] {taskinstance.py:2170} INFO - Starting attempt 2 of 3
[2025-12-17T07:44:34.539+0000] {taskinstance.py:2191} INFO - Executing <Task(PythonOperator): transform> on 2024-08-10 00:00:00+00:00
[2025-12-17T07:44:34.553+0000] {standard_task_runner.py:60} INFO - Started process 3366 to run task
[2025-12-17T07:44:34.562+0000] {standard_task_runner.py:87} INFO - Running: ['***', 'tasks', 'run', 'etl_***', 'transform', 'scheduled__2024-08-10T00:00:00+00:00', '--job-id', '930', '--raw', '--subdir', 'DAGS_FOLDER/etl_***.py', '--cfg-path', '/tmp/tmpo1axzlp4']
[2025-12-17T07:44:34.568+0000] {standard_task_runner.py:88} INFO - Job 930: Subtask transform
[2025-12-17T07:44:34.697+0000] {task_command.py:423} INFO - Running <TaskInstance: etl_airflow.transform scheduled__2024-08-10T00:00:00+00:00 [running]> on host 2a0de06c8905
[2025-12-17T07:44:35.135+0000] {taskinstance.py:2480} INFO - Exporting env vars: AIRFLOW_CTX_DAG_OWNER='***' AIRFLOW_CTX_DAG_ID='etl_***' AIRFLOW_CTX_TASK_ID='transform' AIRFLOW_CTX_EXECUTION_DATE='2024-08-10T00:00:00+00:00' AIRFLOW_CTX_TRY_NUMBER='2' AIRFLOW_CTX_DAG_RUN_ID='scheduled__2024-08-10T00:00:00+00:00'
[2025-12-17T07:44:35.139+0000] {taskinstance.py:2698} ERROR - Task failed with exception
Traceback (most recent call last):
  File "/home/airflow/.local/lib/python3.8/site-packages/airflow/models/taskinstance.py", line 433, in _execute_task
    result = execute_callable(context=context, **execute_callable_kwargs)
  File "/home/airflow/.local/lib/python3.8/site-packages/airflow/operators/python.py", line 199, in execute
    return_value = self.execute_callable()
  File "/home/airflow/.local/lib/python3.8/site-packages/airflow/operators/python.py", line 216, in execute_callable
    return self.python_callable(*self.op_args, **self.op_kwargs)
TypeError: transform_data() missing 1 required positional argument: 'df'
[2025-12-17T07:44:35.158+0000] {taskinstance.py:1138} INFO - Marking task as UP_FOR_RETRY. dag_id=etl_***, task_id=transform, execution_date=20240810T000000, start_date=20251217T074434, end_date=20251217T074435
[2025-12-17T07:44:35.287+0000] {standard_task_runner.py:107} ERROR - Failed to execute job 930 for task transform (transform_data() missing 1 required positional argument: 'df'; 3366)
[2025-12-17T07:44:35.343+0000] {local_task_job_runner.py:234} INFO - Task exited with return code 1
[2025-12-17T07:44:35.403+0000] {taskinstance.py:3280} INFO - 0 downstream tasks scheduled from follow-on schedule check
