[2025-12-16T16:39:36.751+0000] {taskinstance.py:1956} INFO - Dependencies all met for dep_context=non-requeueable deps ti=<TaskInstance: etl_airflow.extract scheduled__2024-10-01T00:00:00+00:00 [queued]>
[2025-12-16T16:39:36.770+0000] {taskinstance.py:1956} INFO - Dependencies all met for dep_context=requeueable deps ti=<TaskInstance: etl_airflow.extract scheduled__2024-10-01T00:00:00+00:00 [queued]>
[2025-12-16T16:39:36.772+0000] {taskinstance.py:2170} INFO - Starting attempt 1 of 3
[2025-12-16T16:39:36.805+0000] {taskinstance.py:2191} INFO - Executing <Task(PythonOperator): extract> on 2024-10-01 00:00:00+00:00
[2025-12-16T16:39:36.816+0000] {standard_task_runner.py:60} INFO - Started process 1620 to run task
[2025-12-16T16:39:36.822+0000] {standard_task_runner.py:87} INFO - Running: ['***', 'tasks', 'run', 'etl_***', 'extract', 'scheduled__2024-10-01T00:00:00+00:00', '--job-id', '821', '--raw', '--subdir', 'DAGS_FOLDER/etl_dag.py', '--cfg-path', '/tmp/tmprs8tz1lt']
[2025-12-16T16:39:36.828+0000] {standard_task_runner.py:88} INFO - Job 821: Subtask extract
[2025-12-16T16:39:36.981+0000] {task_command.py:423} INFO - Running <TaskInstance: etl_airflow.extract scheduled__2024-10-01T00:00:00+00:00 [running]> on host 02b83863a69a
[2025-12-16T16:39:37.145+0000] {taskinstance.py:2480} INFO - Exporting env vars: AIRFLOW_CTX_DAG_OWNER='***' AIRFLOW_CTX_DAG_ID='etl_***' AIRFLOW_CTX_TASK_ID='extract' AIRFLOW_CTX_EXECUTION_DATE='2024-10-01T00:00:00+00:00' AIRFLOW_CTX_TRY_NUMBER='1' AIRFLOW_CTX_DAG_RUN_ID='scheduled__2024-10-01T00:00:00+00:00'
[2025-12-16T16:39:37.149+0000] {logging_mixin.py:188} INFO - Extracting data from /opt/***/data/input.csv
[2025-12-16T16:39:37.157+0000] {taskinstance.py:2698} ERROR - Task failed with exception
Traceback (most recent call last):
  File "/home/airflow/.local/lib/python3.8/site-packages/airflow/models/taskinstance.py", line 433, in _execute_task
    result = execute_callable(context=context, **execute_callable_kwargs)
  File "/home/airflow/.local/lib/python3.8/site-packages/airflow/operators/python.py", line 199, in execute
    return_value = self.execute_callable()
  File "/home/airflow/.local/lib/python3.8/site-packages/airflow/operators/python.py", line 216, in execute_callable
    return self.python_callable(*self.op_args, **self.op_kwargs)
  File "/opt/airflow/etl_logic/pipeline.py", line 97, in extract_data
    df = pd.read_csv(input_path)
  File "/home/airflow/.local/lib/python3.8/site-packages/pandas/io/parsers/readers.py", line 912, in read_csv
    return _read(filepath_or_buffer, kwds)
  File "/home/airflow/.local/lib/python3.8/site-packages/pandas/io/parsers/readers.py", line 577, in _read
    parser = TextFileReader(filepath_or_buffer, **kwds)
  File "/home/airflow/.local/lib/python3.8/site-packages/pandas/io/parsers/readers.py", line 1407, in __init__
    self._engine = self._make_engine(f, self.engine)
  File "/home/airflow/.local/lib/python3.8/site-packages/pandas/io/parsers/readers.py", line 1661, in _make_engine
    self.handles = get_handle(
  File "/home/airflow/.local/lib/python3.8/site-packages/pandas/io/common.py", line 859, in get_handle
    handle = open(
FileNotFoundError: [Errno 2] No such file or directory: '/opt/airflow/data/input.csv'
[2025-12-16T16:39:37.191+0000] {taskinstance.py:1138} INFO - Marking task as UP_FOR_RETRY. dag_id=etl_***, task_id=extract, execution_date=20241001T000000, start_date=20251216T163936, end_date=20251216T163937
[2025-12-16T16:39:37.381+0000] {standard_task_runner.py:107} ERROR - Failed to execute job 821 for task extract ([Errno 2] No such file or directory: '/opt/airflow/data/input.csv'; 1620)
[2025-12-16T16:39:37.398+0000] {local_task_job_runner.py:234} INFO - Task exited with return code 1
[2025-12-16T16:39:37.447+0000] {taskinstance.py:3280} INFO - 0 downstream tasks scheduled from follow-on schedule check
[2025-12-17T01:54:54.927+0000] {taskinstance.py:1956} INFO - Dependencies all met for dep_context=non-requeueable deps ti=<TaskInstance: etl_airflow.extract scheduled__2024-10-01T00:00:00+00:00 [queued]>
[2025-12-17T01:54:54.949+0000] {taskinstance.py:1956} INFO - Dependencies all met for dep_context=requeueable deps ti=<TaskInstance: etl_airflow.extract scheduled__2024-10-01T00:00:00+00:00 [queued]>
[2025-12-17T01:54:54.951+0000] {taskinstance.py:2170} INFO - Starting attempt 1 of 3
[2025-12-17T01:54:55.044+0000] {taskinstance.py:2191} INFO - Executing <Task(PythonOperator): extract> on 2024-10-01 00:00:00+00:00
[2025-12-17T01:54:55.060+0000] {standard_task_runner.py:60} INFO - Started process 2826 to run task
[2025-12-17T01:54:55.073+0000] {standard_task_runner.py:87} INFO - Running: ['***', 'tasks', 'run', 'etl_***', 'extract', 'scheduled__2024-10-01T00:00:00+00:00', '--job-id', '824', '--raw', '--subdir', 'DAGS_FOLDER/etl_dag.py', '--cfg-path', '/tmp/tmp6caqfen5']
[2025-12-17T01:54:55.088+0000] {standard_task_runner.py:88} INFO - Job 824: Subtask extract
[2025-12-17T01:54:55.266+0000] {task_command.py:423} INFO - Running <TaskInstance: etl_airflow.extract scheduled__2024-10-01T00:00:00+00:00 [running]> on host 571e042550da
[2025-12-17T01:54:55.728+0000] {taskinstance.py:2480} INFO - Exporting env vars: AIRFLOW_CTX_DAG_OWNER='***' AIRFLOW_CTX_DAG_ID='etl_***' AIRFLOW_CTX_TASK_ID='extract' AIRFLOW_CTX_EXECUTION_DATE='2024-10-01T00:00:00+00:00' AIRFLOW_CTX_TRY_NUMBER='1' AIRFLOW_CTX_DAG_RUN_ID='scheduled__2024-10-01T00:00:00+00:00'
[2025-12-17T01:54:55.733+0000] {logging_mixin.py:188} INFO - [EXTRACT] Reading /opt/***/data/synthetic_events.csv
[2025-12-17T01:54:55.767+0000] {logging_mixin.py:188} INFO - [EXTRACT] done
[2025-12-17T01:54:55.768+0000] {python.py:201} INFO - Done. Returned value was: None
[2025-12-17T01:54:55.786+0000] {taskinstance.py:1138} INFO - Marking task as SUCCESS. dag_id=etl_***, task_id=extract, execution_date=20241001T000000, start_date=20251217T015454, end_date=20251217T015455
[2025-12-17T01:54:55.871+0000] {local_task_job_runner.py:234} INFO - Task exited with return code 0
[2025-12-17T01:54:55.925+0000] {taskinstance.py:3280} INFO - 1 downstream tasks scheduled from follow-on schedule check
[2025-12-17T04:52:14.415+0000] {taskinstance.py:1956} INFO - Dependencies all met for dep_context=non-requeueable deps ti=<TaskInstance: etl_airflow.extract scheduled__2024-10-01T00:00:00+00:00 [queued]>
[2025-12-17T04:52:14.429+0000] {taskinstance.py:1956} INFO - Dependencies all met for dep_context=requeueable deps ti=<TaskInstance: etl_airflow.extract scheduled__2024-10-01T00:00:00+00:00 [queued]>
[2025-12-17T04:52:14.431+0000] {taskinstance.py:2170} INFO - Starting attempt 1 of 3
[2025-12-17T04:52:14.470+0000] {taskinstance.py:2191} INFO - Executing <Task(PythonOperator): extract> on 2024-10-01 00:00:00+00:00
[2025-12-17T04:52:14.479+0000] {standard_task_runner.py:60} INFO - Started process 3831 to run task
[2025-12-17T04:52:14.487+0000] {standard_task_runner.py:87} INFO - Running: ['***', 'tasks', 'run', 'etl_***', 'extract', 'scheduled__2024-10-01T00:00:00+00:00', '--job-id', '1093', '--raw', '--subdir', 'DAGS_FOLDER/etl_***.py', '--cfg-path', '/tmp/tmpftewpz_k']
[2025-12-17T04:52:14.491+0000] {standard_task_runner.py:88} INFO - Job 1093: Subtask extract
[2025-12-17T04:52:14.601+0000] {task_command.py:423} INFO - Running <TaskInstance: etl_airflow.extract scheduled__2024-10-01T00:00:00+00:00 [running]> on host b3426f05ac70
[2025-12-17T04:52:14.955+0000] {taskinstance.py:2480} INFO - Exporting env vars: AIRFLOW_CTX_DAG_OWNER='***' AIRFLOW_CTX_DAG_ID='etl_***' AIRFLOW_CTX_TASK_ID='extract' AIRFLOW_CTX_EXECUTION_DATE='2024-10-01T00:00:00+00:00' AIRFLOW_CTX_TRY_NUMBER='1' AIRFLOW_CTX_DAG_RUN_ID='scheduled__2024-10-01T00:00:00+00:00'
[2025-12-17T04:52:14.973+0000] {python.py:201} INFO - Done. Returned value was:    user_id event_type           timestamp country
0        1      login 2025-01-01 09:00:00      IN
1        1      click 2025-01-01 09:05:00      IN
2        1     logout 2025-01-01 09:15:00      IN
3        2      login 2025-01-01 10:00:00      US
4        2      click 2025-01-01 10:10:00      US
5        2     logout 2025-01-01 10:20:00      US
6        3      login 2025-01-02 08:00:00      FR
7        3      click 2025-01-02 08:05:00      FR
8        3     logout 2025-01-02 08:30:00      FR
[2025-12-17T04:52:15.031+0000] {taskinstance.py:1138} INFO - Marking task as SUCCESS. dag_id=etl_***, task_id=extract, execution_date=20241001T000000, start_date=20251217T045214, end_date=20251217T045215
[2025-12-17T04:52:15.141+0000] {local_task_job_runner.py:234} INFO - Task exited with return code 0
[2025-12-17T04:52:15.191+0000] {taskinstance.py:3280} INFO - 1 downstream tasks scheduled from follow-on schedule check
[2025-12-17T07:57:14.056+0000] {taskinstance.py:1956} INFO - Dependencies all met for dep_context=non-requeueable deps ti=<TaskInstance: etl_airflow.extract scheduled__2024-10-01T00:00:00+00:00 [queued]>
[2025-12-17T07:57:14.080+0000] {taskinstance.py:1956} INFO - Dependencies all met for dep_context=requeueable deps ti=<TaskInstance: etl_airflow.extract scheduled__2024-10-01T00:00:00+00:00 [queued]>
[2025-12-17T07:57:14.082+0000] {taskinstance.py:2170} INFO - Starting attempt 1 of 3
[2025-12-17T07:57:14.360+0000] {taskinstance.py:2191} INFO - Executing <Task(PythonOperator): extract> on 2024-10-01 00:00:00+00:00
[2025-12-17T07:57:14.381+0000] {standard_task_runner.py:60} INFO - Started process 3918 to run task
[2025-12-17T07:57:14.403+0000] {standard_task_runner.py:87} INFO - Running: ['***', 'tasks', 'run', 'etl_***', 'extract', 'scheduled__2024-10-01T00:00:00+00:00', '--job-id', '1095', '--raw', '--subdir', 'DAGS_FOLDER/etl_***.py', '--cfg-path', '/tmp/tmptkwvn0q_']
[2025-12-17T07:57:14.407+0000] {standard_task_runner.py:88} INFO - Job 1095: Subtask extract
[2025-12-17T07:57:14.615+0000] {task_command.py:423} INFO - Running <TaskInstance: etl_airflow.extract scheduled__2024-10-01T00:00:00+00:00 [running]> on host 2a0de06c8905
[2025-12-17T07:57:15.073+0000] {taskinstance.py:2480} INFO - Exporting env vars: AIRFLOW_CTX_DAG_OWNER='***' AIRFLOW_CTX_DAG_ID='etl_***' AIRFLOW_CTX_TASK_ID='extract' AIRFLOW_CTX_EXECUTION_DATE='2024-10-01T00:00:00+00:00' AIRFLOW_CTX_TRY_NUMBER='1' AIRFLOW_CTX_DAG_RUN_ID='scheduled__2024-10-01T00:00:00+00:00'
[2025-12-17T07:57:15.103+0000] {python.py:201} INFO - Done. Returned value was:    user_id event_type           timestamp country
0        1      login 2025-01-01 09:00:00      IN
1        1      click 2025-01-01 09:05:00      IN
2        1     logout 2025-01-01 09:15:00      IN
3        2      login 2025-01-01 10:00:00      US
4        2      click 2025-01-01 10:10:00      US
5        2     logout 2025-01-01 10:20:00      US
6        3      login 2025-01-02 08:00:00      FR
7        3      click 2025-01-02 08:05:00      FR
8        3     logout 2025-01-02 08:30:00      FR
[2025-12-17T07:57:15.207+0000] {taskinstance.py:1138} INFO - Marking task as SUCCESS. dag_id=etl_***, task_id=extract, execution_date=20241001T000000, start_date=20251217T075714, end_date=20251217T075715
[2025-12-17T07:57:15.321+0000] {local_task_job_runner.py:234} INFO - Task exited with return code 0
[2025-12-17T07:57:15.765+0000] {taskinstance.py:3280} INFO - 0 downstream tasks scheduled from follow-on schedule check
