[2025-12-17T01:56:50.351+0000] {taskinstance.py:1956} INFO - Dependencies all met for dep_context=non-requeueable deps ti=<TaskInstance: etl_airflow.transform scheduled__2025-01-04T00:00:00+00:00 [queued]>
[2025-12-17T01:56:50.366+0000] {taskinstance.py:1956} INFO - Dependencies all met for dep_context=requeueable deps ti=<TaskInstance: etl_airflow.transform scheduled__2025-01-04T00:00:00+00:00 [queued]>
[2025-12-17T01:56:50.369+0000] {taskinstance.py:2170} INFO - Starting attempt 2 of 3
[2025-12-17T01:56:50.539+0000] {taskinstance.py:2191} INFO - Executing <Task(PythonOperator): transform> on 2025-01-04 00:00:00+00:00
[2025-12-17T01:56:50.555+0000] {standard_task_runner.py:60} INFO - Started process 3916 to run task
[2025-12-17T01:56:50.574+0000] {standard_task_runner.py:87} INFO - Running: ['***', 'tasks', 'run', 'etl_***', 'transform', 'scheduled__2025-01-04T00:00:00+00:00', '--job-id', '1166', '--raw', '--subdir', 'DAGS_FOLDER/etl_dag.py', '--cfg-path', '/tmp/tmpciqjbdu0']
[2025-12-17T01:56:50.581+0000] {standard_task_runner.py:88} INFO - Job 1166: Subtask transform
[2025-12-17T01:56:50.812+0000] {task_command.py:423} INFO - Running <TaskInstance: etl_airflow.transform scheduled__2025-01-04T00:00:00+00:00 [running]> on host 571e042550da
[2025-12-17T01:56:51.315+0000] {taskinstance.py:2480} INFO - Exporting env vars: AIRFLOW_CTX_DAG_OWNER='***' AIRFLOW_CTX_DAG_ID='etl_***' AIRFLOW_CTX_TASK_ID='transform' AIRFLOW_CTX_EXECUTION_DATE='2025-01-04T00:00:00+00:00' AIRFLOW_CTX_TRY_NUMBER='2' AIRFLOW_CTX_DAG_RUN_ID='scheduled__2025-01-04T00:00:00+00:00'
[2025-12-17T01:56:51.318+0000] {logging_mixin.py:188} INFO - [TRANSFORM]
[2025-12-17T01:56:51.376+0000] {logging_mixin.py:188} INFO - [TRANSFORM] done
[2025-12-17T01:56:51.382+0000] {python.py:201} INFO - Done. Returned value was: None
[2025-12-17T01:56:51.408+0000] {taskinstance.py:1138} INFO - Marking task as SUCCESS. dag_id=etl_***, task_id=transform, execution_date=20250104T000000, start_date=20251217T015650, end_date=20251217T015651
[2025-12-17T01:56:51.488+0000] {local_task_job_runner.py:234} INFO - Task exited with return code 0
[2025-12-17T01:56:51.538+0000] {taskinstance.py:3280} INFO - 1 downstream tasks scheduled from follow-on schedule check
[2025-12-17T04:55:59.975+0000] {taskinstance.py:1956} INFO - Dependencies all met for dep_context=non-requeueable deps ti=<TaskInstance: etl_airflow.transform scheduled__2025-01-04T00:00:00+00:00 [queued]>
[2025-12-17T04:55:59.984+0000] {taskinstance.py:1956} INFO - Dependencies all met for dep_context=requeueable deps ti=<TaskInstance: etl_airflow.transform scheduled__2025-01-04T00:00:00+00:00 [queued]>
[2025-12-17T04:55:59.985+0000] {taskinstance.py:2170} INFO - Starting attempt 2 of 3
[2025-12-17T04:56:00.001+0000] {taskinstance.py:2191} INFO - Executing <Task(PythonOperator): transform> on 2025-01-04 00:00:00+00:00
[2025-12-17T04:56:00.011+0000] {standard_task_runner.py:60} INFO - Started process 5184 to run task
[2025-12-17T04:56:00.020+0000] {standard_task_runner.py:87} INFO - Running: ['***', 'tasks', 'run', 'etl_***', 'transform', 'scheduled__2025-01-04T00:00:00+00:00', '--job-id', '1506', '--raw', '--subdir', 'DAGS_FOLDER/etl_***.py', '--cfg-path', '/tmp/tmp8scelqd4']
[2025-12-17T04:56:00.030+0000] {standard_task_runner.py:88} INFO - Job 1506: Subtask transform
[2025-12-17T04:56:00.179+0000] {task_command.py:423} INFO - Running <TaskInstance: etl_airflow.transform scheduled__2025-01-04T00:00:00+00:00 [running]> on host b3426f05ac70
[2025-12-17T04:56:00.602+0000] {taskinstance.py:2480} INFO - Exporting env vars: AIRFLOW_CTX_DAG_OWNER='***' AIRFLOW_CTX_DAG_ID='etl_***' AIRFLOW_CTX_TASK_ID='transform' AIRFLOW_CTX_EXECUTION_DATE='2025-01-04T00:00:00+00:00' AIRFLOW_CTX_TRY_NUMBER='2' AIRFLOW_CTX_DAG_RUN_ID='scheduled__2025-01-04T00:00:00+00:00'
[2025-12-17T04:56:00.606+0000] {taskinstance.py:2698} ERROR - Task failed with exception
Traceback (most recent call last):
  File "/home/airflow/.local/lib/python3.8/site-packages/airflow/models/taskinstance.py", line 433, in _execute_task
    result = execute_callable(context=context, **execute_callable_kwargs)
  File "/home/airflow/.local/lib/python3.8/site-packages/airflow/operators/python.py", line 199, in execute
    return_value = self.execute_callable()
  File "/home/airflow/.local/lib/python3.8/site-packages/airflow/operators/python.py", line 216, in execute_callable
    return self.python_callable(*self.op_args, **self.op_kwargs)
TypeError: transform_data() missing 1 required positional argument: 'df'
[2025-12-17T04:56:00.617+0000] {taskinstance.py:1138} INFO - Marking task as UP_FOR_RETRY. dag_id=etl_***, task_id=transform, execution_date=20250104T000000, start_date=20251217T045559, end_date=20251217T045600
[2025-12-17T04:56:00.631+0000] {standard_task_runner.py:107} ERROR - Failed to execute job 1506 for task transform (transform_data() missing 1 required positional argument: 'df'; 5184)
[2025-12-17T04:56:00.680+0000] {local_task_job_runner.py:234} INFO - Task exited with return code 1
[2025-12-17T04:56:00.853+0000] {taskinstance.py:3280} INFO - 0 downstream tasks scheduled from follow-on schedule check
[2025-12-17T08:01:30.070+0000] {taskinstance.py:1956} INFO - Dependencies all met for dep_context=non-requeueable deps ti=<TaskInstance: etl_airflow.transform scheduled__2025-01-04T00:00:00+00:00 [queued]>
[2025-12-17T08:01:30.088+0000] {taskinstance.py:1956} INFO - Dependencies all met for dep_context=requeueable deps ti=<TaskInstance: etl_airflow.transform scheduled__2025-01-04T00:00:00+00:00 [queued]>
[2025-12-17T08:01:30.089+0000] {taskinstance.py:2170} INFO - Starting attempt 2 of 3
[2025-12-17T08:01:30.131+0000] {taskinstance.py:2191} INFO - Executing <Task(PythonOperator): transform> on 2025-01-04 00:00:00+00:00
[2025-12-17T08:01:30.145+0000] {standard_task_runner.py:60} INFO - Started process 5299 to run task
[2025-12-17T08:01:30.151+0000] {standard_task_runner.py:87} INFO - Running: ['***', 'tasks', 'run', 'etl_***', 'transform', 'scheduled__2025-01-04T00:00:00+00:00', '--job-id', '1510', '--raw', '--subdir', 'DAGS_FOLDER/etl_***.py', '--cfg-path', '/tmp/tmpqk1w649q']
[2025-12-17T08:01:30.155+0000] {standard_task_runner.py:88} INFO - Job 1510: Subtask transform
[2025-12-17T08:01:30.312+0000] {task_command.py:423} INFO - Running <TaskInstance: etl_airflow.transform scheduled__2025-01-04T00:00:00+00:00 [running]> on host 2a0de06c8905
[2025-12-17T08:01:31.056+0000] {taskinstance.py:2480} INFO - Exporting env vars: AIRFLOW_CTX_DAG_OWNER='***' AIRFLOW_CTX_DAG_ID='etl_***' AIRFLOW_CTX_TASK_ID='transform' AIRFLOW_CTX_EXECUTION_DATE='2025-01-04T00:00:00+00:00' AIRFLOW_CTX_TRY_NUMBER='2' AIRFLOW_CTX_DAG_RUN_ID='scheduled__2025-01-04T00:00:00+00:00'
[2025-12-17T08:01:31.063+0000] {taskinstance.py:2698} ERROR - Task failed with exception
Traceback (most recent call last):
  File "/home/airflow/.local/lib/python3.8/site-packages/airflow/models/taskinstance.py", line 433, in _execute_task
    result = execute_callable(context=context, **execute_callable_kwargs)
  File "/home/airflow/.local/lib/python3.8/site-packages/airflow/operators/python.py", line 199, in execute
    return_value = self.execute_callable()
  File "/home/airflow/.local/lib/python3.8/site-packages/airflow/operators/python.py", line 216, in execute_callable
    return self.python_callable(*self.op_args, **self.op_kwargs)
TypeError: transform_data() missing 1 required positional argument: 'df'
[2025-12-17T08:01:31.082+0000] {taskinstance.py:1138} INFO - Marking task as UP_FOR_RETRY. dag_id=etl_***, task_id=transform, execution_date=20250104T000000, start_date=20251217T080130, end_date=20251217T080131
[2025-12-17T08:01:31.375+0000] {standard_task_runner.py:107} ERROR - Failed to execute job 1510 for task transform (transform_data() missing 1 required positional argument: 'df'; 5299)
[2025-12-17T08:01:31.414+0000] {local_task_job_runner.py:234} INFO - Task exited with return code 1
[2025-12-17T08:01:31.475+0000] {taskinstance.py:3280} INFO - 0 downstream tasks scheduled from follow-on schedule check
