[2025-12-16T17:15:35.995+0000] {taskinstance.py:1956} INFO - Dependencies all met for dep_context=non-requeueable deps ti=<TaskInstance: etl_airflow.load scheduled__2025-01-02T00:00:00+00:00 [queued]>
[2025-12-16T17:15:36.023+0000] {taskinstance.py:1956} INFO - Dependencies all met for dep_context=requeueable deps ti=<TaskInstance: etl_airflow.load scheduled__2025-01-02T00:00:00+00:00 [queued]>
[2025-12-16T17:15:36.025+0000] {taskinstance.py:2170} INFO - Starting attempt 1 of 3
[2025-12-16T17:15:36.064+0000] {taskinstance.py:2191} INFO - Executing <Task(PythonOperator): load> on 2025-01-02 00:00:00+00:00
[2025-12-16T17:15:36.084+0000] {standard_task_runner.py:60} INFO - Started process 2095 to run task
[2025-12-16T17:15:36.135+0000] {standard_task_runner.py:87} INFO - Running: ['***', 'tasks', 'run', 'etl_***', 'load', 'scheduled__2025-01-02T00:00:00+00:00', '--job-id', '4737', '--raw', '--subdir', 'DAGS_FOLDER/etl_dag.py', '--cfg-path', '/tmp/tmpzlxsqn_d']
[2025-12-16T17:15:36.168+0000] {standard_task_runner.py:88} INFO - Job 4737: Subtask load
[2025-12-16T17:15:36.349+0000] {task_command.py:423} INFO - Running <TaskInstance: etl_airflow.load scheduled__2025-01-02T00:00:00+00:00 [running]> on host 3b89cfee50e9
[2025-12-16T17:15:36.598+0000] {taskinstance.py:2480} INFO - Exporting env vars: AIRFLOW_CTX_DAG_OWNER='***' AIRFLOW_CTX_DAG_ID='etl_***' AIRFLOW_CTX_TASK_ID='load' AIRFLOW_CTX_EXECUTION_DATE='2025-01-02T00:00:00+00:00' AIRFLOW_CTX_TRY_NUMBER='1' AIRFLOW_CTX_DAG_RUN_ID='scheduled__2025-01-02T00:00:00+00:00'
[2025-12-16T17:15:36.601+0000] {logging_mixin.py:188} INFO - [LOAD]
[2025-12-16T17:15:36.987+0000] {logging_mixin.py:188} INFO -    user_id event_type            timestamp country
0        1      login  2025-01-01T09:00:00      IN
1        1      click  2025-01-01T09:05:00      IN
2        1     logout  2025-01-01T09:15:00      IN
3        3      login  2025-01-02T08:00:00      FR
4        3      click  2025-01-02T08:05:00      FR
[2025-12-16T17:15:36.992+0000] {logging_mixin.py:188} INFO - [LOAD] done
[2025-12-16T17:15:36.993+0000] {python.py:201} INFO - Done. Returned value was: None
[2025-12-16T17:15:37.024+0000] {taskinstance.py:1138} INFO - Marking task as SUCCESS. dag_id=etl_***, task_id=load, execution_date=20250102T000000, start_date=20251216T171535, end_date=20251216T171537
[2025-12-16T17:15:37.127+0000] {local_task_job_runner.py:234} INFO - Task exited with return code 0
[2025-12-16T17:15:37.177+0000] {taskinstance.py:3280} INFO - 0 downstream tasks scheduled from follow-on schedule check
[2025-12-17T01:56:40.583+0000] {taskinstance.py:1956} INFO - Dependencies all met for dep_context=non-requeueable deps ti=<TaskInstance: etl_airflow.load scheduled__2025-01-02T00:00:00+00:00 [queued]>
[2025-12-17T01:56:40.610+0000] {taskinstance.py:1956} INFO - Dependencies all met for dep_context=requeueable deps ti=<TaskInstance: etl_airflow.load scheduled__2025-01-02T00:00:00+00:00 [queued]>
[2025-12-17T01:56:40.611+0000] {taskinstance.py:2170} INFO - Starting attempt 1 of 3
[2025-12-17T01:56:40.763+0000] {taskinstance.py:2191} INFO - Executing <Task(PythonOperator): load> on 2025-01-02 00:00:00+00:00
[2025-12-17T01:56:40.778+0000] {standard_task_runner.py:60} INFO - Started process 3843 to run task
[2025-12-17T01:56:40.785+0000] {standard_task_runner.py:87} INFO - Running: ['***', 'tasks', 'run', 'etl_***', 'load', 'scheduled__2025-01-02T00:00:00+00:00', '--job-id', '1142', '--raw', '--subdir', 'DAGS_FOLDER/etl_dag.py', '--cfg-path', '/tmp/tmp3_l9y804']
[2025-12-17T01:56:40.796+0000] {standard_task_runner.py:88} INFO - Job 1142: Subtask load
[2025-12-17T01:56:40.989+0000] {task_command.py:423} INFO - Running <TaskInstance: etl_airflow.load scheduled__2025-01-02T00:00:00+00:00 [running]> on host 571e042550da
[2025-12-17T01:56:41.538+0000] {taskinstance.py:2480} INFO - Exporting env vars: AIRFLOW_CTX_DAG_OWNER='***' AIRFLOW_CTX_DAG_ID='etl_***' AIRFLOW_CTX_TASK_ID='load' AIRFLOW_CTX_EXECUTION_DATE='2025-01-02T00:00:00+00:00' AIRFLOW_CTX_TRY_NUMBER='1' AIRFLOW_CTX_DAG_RUN_ID='scheduled__2025-01-02T00:00:00+00:00'
[2025-12-17T01:56:41.542+0000] {logging_mixin.py:188} INFO - [LOAD]
[2025-12-17T01:56:41.583+0000] {logging_mixin.py:188} INFO -    user_id event_type            timestamp country
0        1      login  2025-01-01T09:00:00      IN
1        1      click  2025-01-01T09:05:00      IN
2        1     logout  2025-01-01T09:15:00      IN
3        3      login  2025-01-02T08:00:00      FR
4        3      click  2025-01-02T08:05:00      FR
[2025-12-17T01:56:41.585+0000] {logging_mixin.py:188} INFO - [LOAD] done
[2025-12-17T01:56:41.587+0000] {python.py:201} INFO - Done. Returned value was: None
[2025-12-17T01:56:41.608+0000] {taskinstance.py:1138} INFO - Marking task as SUCCESS. dag_id=etl_***, task_id=load, execution_date=20250102T000000, start_date=20251217T015640, end_date=20251217T015641
[2025-12-17T01:56:41.768+0000] {local_task_job_runner.py:234} INFO - Task exited with return code 0
[2025-12-17T01:56:41.822+0000] {taskinstance.py:3280} INFO - 0 downstream tasks scheduled from follow-on schedule check
