[2025-12-16T17:06:54.283+0000] {taskinstance.py:1956} INFO - Dependencies all met for dep_context=non-requeueable deps ti=<TaskInstance: etl_airflow.transform scheduled__2025-02-04T00:00:00+00:00 [queued]>
[2025-12-16T17:06:54.300+0000] {taskinstance.py:1956} INFO - Dependencies all met for dep_context=requeueable deps ti=<TaskInstance: etl_airflow.transform scheduled__2025-02-04T00:00:00+00:00 [queued]>
[2025-12-16T17:06:54.304+0000] {taskinstance.py:2170} INFO - Starting attempt 3 of 3
[2025-12-16T17:06:54.328+0000] {taskinstance.py:2191} INFO - Executing <Task(PythonOperator): transform> on 2025-02-04 00:00:00+00:00
[2025-12-16T17:06:54.337+0000] {standard_task_runner.py:60} INFO - Started process 1303 to run task
[2025-12-16T17:06:54.346+0000] {standard_task_runner.py:87} INFO - Running: ['***', 'tasks', 'run', 'etl_***', 'transform', 'scheduled__2025-02-04T00:00:00+00:00', '--job-id', '3315', '--raw', '--subdir', 'DAGS_FOLDER/etl_dag.py', '--cfg-path', '/tmp/tmph35a25yo']
[2025-12-16T17:06:54.349+0000] {standard_task_runner.py:88} INFO - Job 3315: Subtask transform
[2025-12-16T17:06:54.444+0000] {task_command.py:423} INFO - Running <TaskInstance: etl_airflow.transform scheduled__2025-02-04T00:00:00+00:00 [running]> on host db658e834d9d
[2025-12-16T17:06:54.566+0000] {taskinstance.py:2480} INFO - Exporting env vars: AIRFLOW_CTX_DAG_OWNER='***' AIRFLOW_CTX_DAG_ID='etl_***' AIRFLOW_CTX_TASK_ID='transform' AIRFLOW_CTX_EXECUTION_DATE='2025-02-04T00:00:00+00:00' AIRFLOW_CTX_TRY_NUMBER='3' AIRFLOW_CTX_DAG_RUN_ID='scheduled__2025-02-04T00:00:00+00:00'
[2025-12-16T17:06:54.568+0000] {logging_mixin.py:188} INFO - [TRANSFORM]
[2025-12-16T17:06:54.584+0000] {taskinstance.py:2698} ERROR - Task failed with exception
Traceback (most recent call last):
  File "/home/airflow/.local/lib/python3.8/site-packages/airflow/models/taskinstance.py", line 433, in _execute_task
    result = execute_callable(context=context, **execute_callable_kwargs)
  File "/home/airflow/.local/lib/python3.8/site-packages/airflow/operators/python.py", line 199, in execute
    return_value = self.execute_callable()
  File "/home/airflow/.local/lib/python3.8/site-packages/airflow/operators/python.py", line 216, in execute_callable
    return self.python_callable(*self.op_args, **self.op_kwargs)
  File "/opt/airflow/etl_logic/pipeline.py", line 113, in transform_data
    df.to_csv(OUTPUT_PATH, index=False)
  File "/home/airflow/.local/lib/python3.8/site-packages/pandas/core/generic.py", line 3772, in to_csv
    return DataFrameRenderer(formatter).to_csv(
  File "/home/airflow/.local/lib/python3.8/site-packages/pandas/io/formats/format.py", line 1186, in to_csv
    csv_formatter.save()
  File "/home/airflow/.local/lib/python3.8/site-packages/pandas/io/formats/csvs.py", line 240, in save
    with get_handle(
  File "/home/airflow/.local/lib/python3.8/site-packages/pandas/io/common.py", line 737, in get_handle
    check_parent_directory(str(handle))
  File "/home/airflow/.local/lib/python3.8/site-packages/pandas/io/common.py", line 600, in check_parent_directory
    raise OSError(rf"Cannot save file into a non-existent directory: '{parent}'")
OSError: Cannot save file into a non-existent directory: 'E:\GPP\Task_4\comparative-data-orchestrationirflow\data'
[2025-12-16T17:06:54.610+0000] {taskinstance.py:1138} INFO - Marking task as FAILED. dag_id=etl_***, task_id=transform, execution_date=20250204T000000, start_date=20251216T170654, end_date=20251216T170654
[2025-12-16T17:06:54.627+0000] {standard_task_runner.py:107} ERROR - Failed to execute job 3315 for task transform (Cannot save file into a non-existent directory: 'E:\GPP\Task_4\comparative-data-orchestrationirflow\data'; 1303)
[2025-12-16T17:06:54.640+0000] {local_task_job_runner.py:234} INFO - Task exited with return code 1
[2025-12-16T17:06:54.669+0000] {taskinstance.py:3280} INFO - 0 downstream tasks scheduled from follow-on schedule check
[2025-12-17T04:57:18.365+0000] {taskinstance.py:1956} INFO - Dependencies all met for dep_context=non-requeueable deps ti=<TaskInstance: etl_airflow.transform scheduled__2025-02-04T00:00:00+00:00 [queued]>
[2025-12-17T04:57:18.374+0000] {taskinstance.py:1956} INFO - Dependencies all met for dep_context=requeueable deps ti=<TaskInstance: etl_airflow.transform scheduled__2025-02-04T00:00:00+00:00 [queued]>
[2025-12-17T04:57:18.375+0000] {taskinstance.py:2170} INFO - Starting attempt 3 of 3
[2025-12-17T04:57:18.392+0000] {taskinstance.py:2191} INFO - Executing <Task(PythonOperator): transform> on 2025-02-04 00:00:00+00:00
[2025-12-17T04:57:18.402+0000] {standard_task_runner.py:60} INFO - Started process 5663 to run task
[2025-12-17T04:57:18.409+0000] {standard_task_runner.py:87} INFO - Running: ['***', 'tasks', 'run', 'etl_***', 'transform', 'scheduled__2025-02-04T00:00:00+00:00', '--job-id', '1650', '--raw', '--subdir', 'DAGS_FOLDER/etl_***.py', '--cfg-path', '/tmp/tmpp3h7uc_g']
[2025-12-17T04:57:18.412+0000] {standard_task_runner.py:88} INFO - Job 1650: Subtask transform
[2025-12-17T04:57:18.505+0000] {task_command.py:423} INFO - Running <TaskInstance: etl_airflow.transform scheduled__2025-02-04T00:00:00+00:00 [running]> on host b3426f05ac70
[2025-12-17T04:57:18.804+0000] {taskinstance.py:2480} INFO - Exporting env vars: AIRFLOW_CTX_DAG_OWNER='***' AIRFLOW_CTX_DAG_ID='etl_***' AIRFLOW_CTX_TASK_ID='transform' AIRFLOW_CTX_EXECUTION_DATE='2025-02-04T00:00:00+00:00' AIRFLOW_CTX_TRY_NUMBER='3' AIRFLOW_CTX_DAG_RUN_ID='scheduled__2025-02-04T00:00:00+00:00'
[2025-12-17T04:57:18.809+0000] {taskinstance.py:2698} ERROR - Task failed with exception
Traceback (most recent call last):
  File "/home/airflow/.local/lib/python3.8/site-packages/airflow/models/taskinstance.py", line 433, in _execute_task
    result = execute_callable(context=context, **execute_callable_kwargs)
  File "/home/airflow/.local/lib/python3.8/site-packages/airflow/operators/python.py", line 199, in execute
    return_value = self.execute_callable()
  File "/home/airflow/.local/lib/python3.8/site-packages/airflow/operators/python.py", line 216, in execute_callable
    return self.python_callable(*self.op_args, **self.op_kwargs)
TypeError: transform_data() missing 1 required positional argument: 'df'
[2025-12-17T04:57:18.838+0000] {taskinstance.py:1138} INFO - Marking task as FAILED. dag_id=etl_***, task_id=transform, execution_date=20250204T000000, start_date=20251217T045718, end_date=20251217T045718
[2025-12-17T04:57:18.862+0000] {standard_task_runner.py:107} ERROR - Failed to execute job 1650 for task transform (transform_data() missing 1 required positional argument: 'df'; 5663)
[2025-12-17T04:57:18.903+0000] {local_task_job_runner.py:234} INFO - Task exited with return code 1
[2025-12-17T04:57:19.011+0000] {taskinstance.py:3280} INFO - 0 downstream tasks scheduled from follow-on schedule check
