[2025-12-16T17:19:12.804+0000] {taskinstance.py:1956} INFO - Dependencies all met for dep_context=non-requeueable deps ti=<TaskInstance: etl_airflow.transform scheduled__2024-03-17T00:00:00+00:00 [queued]>
[2025-12-16T17:19:12.822+0000] {taskinstance.py:1956} INFO - Dependencies all met for dep_context=requeueable deps ti=<TaskInstance: etl_airflow.transform scheduled__2024-03-17T00:00:00+00:00 [queued]>
[2025-12-16T17:19:12.823+0000] {taskinstance.py:2170} INFO - Starting attempt 2 of 4
[2025-12-16T17:19:12.873+0000] {taskinstance.py:2191} INFO - Executing <Task(PythonOperator): transform> on 2024-03-17 00:00:00+00:00
[2025-12-16T17:19:12.895+0000] {standard_task_runner.py:60} INFO - Started process 4143 to run task
[2025-12-16T17:19:12.921+0000] {standard_task_runner.py:87} INFO - Running: ['***', 'tasks', 'run', 'etl_***', 'transform', 'scheduled__2024-03-17T00:00:00+00:00', '--job-id', '5385', '--raw', '--subdir', 'DAGS_FOLDER/etl_dag.py', '--cfg-path', '/tmp/tmpt4qp4gf8']
[2025-12-16T17:19:12.928+0000] {standard_task_runner.py:88} INFO - Job 5385: Subtask transform
[2025-12-16T17:19:13.126+0000] {task_command.py:423} INFO - Running <TaskInstance: etl_airflow.transform scheduled__2024-03-17T00:00:00+00:00 [running]> on host 3b89cfee50e9
[2025-12-16T17:19:13.416+0000] {taskinstance.py:2480} INFO - Exporting env vars: AIRFLOW_CTX_DAG_OWNER='***' AIRFLOW_CTX_DAG_ID='etl_***' AIRFLOW_CTX_TASK_ID='transform' AIRFLOW_CTX_EXECUTION_DATE='2024-03-17T00:00:00+00:00' AIRFLOW_CTX_TRY_NUMBER='2' AIRFLOW_CTX_DAG_RUN_ID='scheduled__2024-03-17T00:00:00+00:00'
[2025-12-16T17:19:13.423+0000] {logging_mixin.py:188} INFO - [TRANSFORM]
[2025-12-16T17:19:13.922+0000] {logging_mixin.py:188} INFO - [TRANSFORM] done
[2025-12-16T17:19:13.923+0000] {python.py:201} INFO - Done. Returned value was: None
[2025-12-16T17:19:13.963+0000] {taskinstance.py:1138} INFO - Marking task as SUCCESS. dag_id=etl_***, task_id=transform, execution_date=20240317T000000, start_date=20251216T171912, end_date=20251216T171913
[2025-12-16T17:19:14.046+0000] {local_task_job_runner.py:234} INFO - Task exited with return code 0
[2025-12-16T17:19:14.138+0000] {taskinstance.py:3280} INFO - 1 downstream tasks scheduled from follow-on schedule check
[2025-12-17T04:19:25.800+0000] {taskinstance.py:1956} INFO - Dependencies all met for dep_context=non-requeueable deps ti=<TaskInstance: etl_airflow.transform scheduled__2024-03-17T00:00:00+00:00 [queued]>
[2025-12-17T04:19:25.826+0000] {taskinstance.py:1956} INFO - Dependencies all met for dep_context=requeueable deps ti=<TaskInstance: etl_airflow.transform scheduled__2024-03-17T00:00:00+00:00 [queued]>
[2025-12-17T04:19:25.828+0000] {taskinstance.py:2170} INFO - Starting attempt 2 of 3
[2025-12-17T04:19:25.864+0000] {taskinstance.py:2191} INFO - Executing <Task(PythonOperator): transform> on 2024-03-17 00:00:00+00:00
[2025-12-17T04:19:25.876+0000] {standard_task_runner.py:60} INFO - Started process 619 to run task
[2025-12-17T04:19:25.885+0000] {standard_task_runner.py:87} INFO - Running: ['***', 'tasks', 'run', 'etl_***', 'transform', 'scheduled__2024-03-17T00:00:00+00:00', '--job-id', '126', '--raw', '--subdir', 'DAGS_FOLDER/etl_***.py', '--cfg-path', '/tmp/tmppsvykkxe']
[2025-12-17T04:19:25.891+0000] {standard_task_runner.py:88} INFO - Job 126: Subtask transform
[2025-12-17T04:19:26.081+0000] {task_command.py:423} INFO - Running <TaskInstance: etl_airflow.transform scheduled__2024-03-17T00:00:00+00:00 [running]> on host c5811fe183ca
[2025-12-17T04:19:26.554+0000] {taskinstance.py:2480} INFO - Exporting env vars: AIRFLOW_CTX_DAG_OWNER='***' AIRFLOW_CTX_DAG_ID='etl_***' AIRFLOW_CTX_TASK_ID='transform' AIRFLOW_CTX_EXECUTION_DATE='2024-03-17T00:00:00+00:00' AIRFLOW_CTX_TRY_NUMBER='2' AIRFLOW_CTX_DAG_RUN_ID='scheduled__2024-03-17T00:00:00+00:00'
[2025-12-17T04:19:26.558+0000] {taskinstance.py:2698} ERROR - Task failed with exception
Traceback (most recent call last):
  File "/home/airflow/.local/lib/python3.8/site-packages/airflow/models/taskinstance.py", line 433, in _execute_task
    result = execute_callable(context=context, **execute_callable_kwargs)
  File "/home/airflow/.local/lib/python3.8/site-packages/airflow/operators/python.py", line 199, in execute
    return_value = self.execute_callable()
  File "/home/airflow/.local/lib/python3.8/site-packages/airflow/operators/python.py", line 216, in execute_callable
    return self.python_callable(*self.op_args, **self.op_kwargs)
TypeError: transform_data() missing 1 required positional argument: 'df'
[2025-12-17T04:19:26.581+0000] {taskinstance.py:1138} INFO - Marking task as UP_FOR_RETRY. dag_id=etl_***, task_id=transform, execution_date=20240317T000000, start_date=20251217T041925, end_date=20251217T041926
[2025-12-17T04:19:26.613+0000] {standard_task_runner.py:107} ERROR - Failed to execute job 126 for task transform (transform_data() missing 1 required positional argument: 'df'; 619)
[2025-12-17T04:19:26.665+0000] {local_task_job_runner.py:234} INFO - Task exited with return code 1
[2025-12-17T04:19:26.913+0000] {taskinstance.py:3280} INFO - 0 downstream tasks scheduled from follow-on schedule check
[2025-12-17T04:44:55.501+0000] {taskinstance.py:1956} INFO - Dependencies all met for dep_context=non-requeueable deps ti=<TaskInstance: etl_airflow.transform scheduled__2024-03-17T00:00:00+00:00 [queued]>
[2025-12-17T04:44:55.515+0000] {taskinstance.py:1956} INFO - Dependencies all met for dep_context=requeueable deps ti=<TaskInstance: etl_airflow.transform scheduled__2024-03-17T00:00:00+00:00 [queued]>
[2025-12-17T04:44:55.516+0000] {taskinstance.py:2170} INFO - Starting attempt 2 of 3
[2025-12-17T04:44:55.537+0000] {taskinstance.py:2191} INFO - Executing <Task(PythonOperator): transform> on 2024-03-17 00:00:00+00:00
[2025-12-17T04:44:55.549+0000] {standard_task_runner.py:60} INFO - Started process 1217 to run task
[2025-12-17T04:44:55.557+0000] {standard_task_runner.py:87} INFO - Running: ['***', 'tasks', 'run', 'etl_***', 'transform', 'scheduled__2024-03-17T00:00:00+00:00', '--job-id', '302', '--raw', '--subdir', 'DAGS_FOLDER/etl_***.py', '--cfg-path', '/tmp/tmp1_9fe94h']
[2025-12-17T04:44:55.562+0000] {standard_task_runner.py:88} INFO - Job 302: Subtask transform
[2025-12-17T04:44:55.682+0000] {task_command.py:423} INFO - Running <TaskInstance: etl_airflow.transform scheduled__2024-03-17T00:00:00+00:00 [running]> on host b3426f05ac70
[2025-12-17T04:44:56.027+0000] {taskinstance.py:2480} INFO - Exporting env vars: AIRFLOW_CTX_DAG_OWNER='***' AIRFLOW_CTX_DAG_ID='etl_***' AIRFLOW_CTX_TASK_ID='transform' AIRFLOW_CTX_EXECUTION_DATE='2024-03-17T00:00:00+00:00' AIRFLOW_CTX_TRY_NUMBER='2' AIRFLOW_CTX_DAG_RUN_ID='scheduled__2024-03-17T00:00:00+00:00'
[2025-12-17T04:44:56.033+0000] {taskinstance.py:2698} ERROR - Task failed with exception
Traceback (most recent call last):
  File "/home/airflow/.local/lib/python3.8/site-packages/airflow/models/taskinstance.py", line 433, in _execute_task
    result = execute_callable(context=context, **execute_callable_kwargs)
  File "/home/airflow/.local/lib/python3.8/site-packages/airflow/operators/python.py", line 199, in execute
    return_value = self.execute_callable()
  File "/home/airflow/.local/lib/python3.8/site-packages/airflow/operators/python.py", line 216, in execute_callable
    return self.python_callable(*self.op_args, **self.op_kwargs)
TypeError: transform_data() missing 1 required positional argument: 'df'
[2025-12-17T04:44:56.056+0000] {taskinstance.py:1138} INFO - Marking task as UP_FOR_RETRY. dag_id=etl_***, task_id=transform, execution_date=20240317T000000, start_date=20251217T044455, end_date=20251217T044456
[2025-12-17T04:44:56.083+0000] {standard_task_runner.py:107} ERROR - Failed to execute job 302 for task transform (transform_data() missing 1 required positional argument: 'df'; 1217)
[2025-12-17T04:44:56.134+0000] {local_task_job_runner.py:234} INFO - Task exited with return code 1
[2025-12-17T04:44:56.176+0000] {taskinstance.py:3280} INFO - 0 downstream tasks scheduled from follow-on schedule check
[2025-12-17T07:38:17.745+0000] {taskinstance.py:1956} INFO - Dependencies all met for dep_context=non-requeueable deps ti=<TaskInstance: etl_airflow.transform scheduled__2024-03-17T00:00:00+00:00 [queued]>
[2025-12-17T07:38:17.782+0000] {taskinstance.py:1956} INFO - Dependencies all met for dep_context=requeueable deps ti=<TaskInstance: etl_airflow.transform scheduled__2024-03-17T00:00:00+00:00 [queued]>
[2025-12-17T07:38:17.785+0000] {taskinstance.py:2170} INFO - Starting attempt 2 of 3
[2025-12-17T07:38:17.831+0000] {taskinstance.py:2191} INFO - Executing <Task(PythonOperator): transform> on 2024-03-17 00:00:00+00:00
[2025-12-17T07:38:17.852+0000] {standard_task_runner.py:60} INFO - Started process 1280 to run task
[2025-12-17T07:38:17.869+0000] {standard_task_runner.py:87} INFO - Running: ['***', 'tasks', 'run', 'etl_***', 'transform', 'scheduled__2024-03-17T00:00:00+00:00', '--job-id', '305', '--raw', '--subdir', 'DAGS_FOLDER/etl_***.py', '--cfg-path', '/tmp/tmprvhlbm94']
[2025-12-17T07:38:17.881+0000] {standard_task_runner.py:88} INFO - Job 305: Subtask transform
[2025-12-17T07:38:18.105+0000] {task_command.py:423} INFO - Running <TaskInstance: etl_airflow.transform scheduled__2024-03-17T00:00:00+00:00 [running]> on host 2a0de06c8905
[2025-12-17T07:38:18.650+0000] {taskinstance.py:2480} INFO - Exporting env vars: AIRFLOW_CTX_DAG_OWNER='***' AIRFLOW_CTX_DAG_ID='etl_***' AIRFLOW_CTX_TASK_ID='transform' AIRFLOW_CTX_EXECUTION_DATE='2024-03-17T00:00:00+00:00' AIRFLOW_CTX_TRY_NUMBER='2' AIRFLOW_CTX_DAG_RUN_ID='scheduled__2024-03-17T00:00:00+00:00'
[2025-12-17T07:38:18.656+0000] {taskinstance.py:2698} ERROR - Task failed with exception
Traceback (most recent call last):
  File "/home/airflow/.local/lib/python3.8/site-packages/airflow/models/taskinstance.py", line 433, in _execute_task
    result = execute_callable(context=context, **execute_callable_kwargs)
  File "/home/airflow/.local/lib/python3.8/site-packages/airflow/operators/python.py", line 199, in execute
    return_value = self.execute_callable()
  File "/home/airflow/.local/lib/python3.8/site-packages/airflow/operators/python.py", line 216, in execute_callable
    return self.python_callable(*self.op_args, **self.op_kwargs)
TypeError: transform_data() missing 1 required positional argument: 'df'
[2025-12-17T07:38:18.682+0000] {taskinstance.py:1138} INFO - Marking task as UP_FOR_RETRY. dag_id=etl_***, task_id=transform, execution_date=20240317T000000, start_date=20251217T073817, end_date=20251217T073818
[2025-12-17T07:38:18.719+0000] {standard_task_runner.py:107} ERROR - Failed to execute job 305 for task transform (transform_data() missing 1 required positional argument: 'df'; 1280)
[2025-12-17T07:38:18.769+0000] {local_task_job_runner.py:234} INFO - Task exited with return code 1
[2025-12-17T07:38:18.827+0000] {taskinstance.py:3280} INFO - 0 downstream tasks scheduled from follow-on schedule check
