[2025-12-16T16:36:06.577+0000] {taskinstance.py:1956} INFO - Dependencies all met for dep_context=non-requeueable deps ti=<TaskInstance: etl_airflow.extract scheduled__2024-06-26T00:00:00+00:00 [queued]>
[2025-12-16T16:36:06.594+0000] {taskinstance.py:1956} INFO - Dependencies all met for dep_context=requeueable deps ti=<TaskInstance: etl_airflow.extract scheduled__2024-06-26T00:00:00+00:00 [queued]>
[2025-12-16T16:36:06.596+0000] {taskinstance.py:2170} INFO - Starting attempt 1 of 3
[2025-12-16T16:36:06.669+0000] {taskinstance.py:2191} INFO - Executing <Task(PythonOperator): extract> on 2024-06-26 00:00:00+00:00
[2025-12-16T16:36:06.679+0000] {standard_task_runner.py:60} INFO - Started process 613 to run task
[2025-12-16T16:36:06.687+0000] {standard_task_runner.py:87} INFO - Running: ['***', 'tasks', 'run', 'etl_***', 'extract', 'scheduled__2024-06-26T00:00:00+00:00', '--job-id', '529', '--raw', '--subdir', 'DAGS_FOLDER/etl_dag.py', '--cfg-path', '/tmp/tmpzj9wflbg']
[2025-12-16T16:36:06.694+0000] {standard_task_runner.py:88} INFO - Job 529: Subtask extract
[2025-12-16T16:36:06.825+0000] {task_command.py:423} INFO - Running <TaskInstance: etl_airflow.extract scheduled__2024-06-26T00:00:00+00:00 [running]> on host 02b83863a69a
[2025-12-16T16:36:06.959+0000] {taskinstance.py:2480} INFO - Exporting env vars: AIRFLOW_CTX_DAG_OWNER='***' AIRFLOW_CTX_DAG_ID='etl_***' AIRFLOW_CTX_TASK_ID='extract' AIRFLOW_CTX_EXECUTION_DATE='2024-06-26T00:00:00+00:00' AIRFLOW_CTX_TRY_NUMBER='1' AIRFLOW_CTX_DAG_RUN_ID='scheduled__2024-06-26T00:00:00+00:00'
[2025-12-16T16:36:06.962+0000] {logging_mixin.py:188} INFO - Extracting data from /opt/***/data/input.csv
[2025-12-16T16:36:06.968+0000] {taskinstance.py:2698} ERROR - Task failed with exception
Traceback (most recent call last):
  File "/home/airflow/.local/lib/python3.8/site-packages/airflow/models/taskinstance.py", line 433, in _execute_task
    result = execute_callable(context=context, **execute_callable_kwargs)
  File "/home/airflow/.local/lib/python3.8/site-packages/airflow/operators/python.py", line 199, in execute
    return_value = self.execute_callable()
  File "/home/airflow/.local/lib/python3.8/site-packages/airflow/operators/python.py", line 216, in execute_callable
    return self.python_callable(*self.op_args, **self.op_kwargs)
  File "/opt/airflow/dags/etl_logic/pipeline.py", line 97, in extract_data
    df = pd.read_csv(input_path)
  File "/home/airflow/.local/lib/python3.8/site-packages/pandas/io/parsers/readers.py", line 912, in read_csv
    return _read(filepath_or_buffer, kwds)
  File "/home/airflow/.local/lib/python3.8/site-packages/pandas/io/parsers/readers.py", line 577, in _read
    parser = TextFileReader(filepath_or_buffer, **kwds)
  File "/home/airflow/.local/lib/python3.8/site-packages/pandas/io/parsers/readers.py", line 1407, in __init__
    self._engine = self._make_engine(f, self.engine)
  File "/home/airflow/.local/lib/python3.8/site-packages/pandas/io/parsers/readers.py", line 1661, in _make_engine
    self.handles = get_handle(
  File "/home/airflow/.local/lib/python3.8/site-packages/pandas/io/common.py", line 859, in get_handle
    handle = open(
FileNotFoundError: [Errno 2] No such file or directory: '/opt/airflow/data/input.csv'
[2025-12-16T16:36:06.998+0000] {taskinstance.py:1138} INFO - Marking task as UP_FOR_RETRY. dag_id=etl_***, task_id=extract, execution_date=20240626T000000, start_date=20251216T163606, end_date=20251216T163606
[2025-12-16T16:36:07.025+0000] {standard_task_runner.py:107} ERROR - Failed to execute job 529 for task extract ([Errno 2] No such file or directory: '/opt/airflow/data/input.csv'; 613)
[2025-12-16T16:36:07.065+0000] {local_task_job_runner.py:234} INFO - Task exited with return code 1
[2025-12-16T16:36:07.307+0000] {taskinstance.py:3280} INFO - 0 downstream tasks scheduled from follow-on schedule check
[2025-12-17T01:53:19.495+0000] {taskinstance.py:1956} INFO - Dependencies all met for dep_context=non-requeueable deps ti=<TaskInstance: etl_airflow.extract scheduled__2024-06-26T00:00:00+00:00 [queued]>
[2025-12-17T01:53:19.512+0000] {taskinstance.py:1956} INFO - Dependencies all met for dep_context=requeueable deps ti=<TaskInstance: etl_airflow.extract scheduled__2024-06-26T00:00:00+00:00 [queued]>
[2025-12-17T01:53:19.514+0000] {taskinstance.py:2170} INFO - Starting attempt 1 of 3
[2025-12-17T01:53:19.607+0000] {taskinstance.py:2191} INFO - Executing <Task(PythonOperator): extract> on 2024-06-26 00:00:00+00:00
[2025-12-17T01:53:19.615+0000] {standard_task_runner.py:60} INFO - Started process 1947 to run task
[2025-12-17T01:53:19.621+0000] {standard_task_runner.py:87} INFO - Running: ['***', 'tasks', 'run', 'etl_***', 'extract', 'scheduled__2024-06-26T00:00:00+00:00', '--job-id', '547', '--raw', '--subdir', 'DAGS_FOLDER/etl_dag.py', '--cfg-path', '/tmp/tmpigm0jzyc']
[2025-12-17T01:53:19.625+0000] {standard_task_runner.py:88} INFO - Job 547: Subtask extract
[2025-12-17T01:53:19.763+0000] {task_command.py:423} INFO - Running <TaskInstance: etl_airflow.extract scheduled__2024-06-26T00:00:00+00:00 [running]> on host 571e042550da
[2025-12-17T01:53:20.174+0000] {taskinstance.py:2480} INFO - Exporting env vars: AIRFLOW_CTX_DAG_OWNER='***' AIRFLOW_CTX_DAG_ID='etl_***' AIRFLOW_CTX_TASK_ID='extract' AIRFLOW_CTX_EXECUTION_DATE='2024-06-26T00:00:00+00:00' AIRFLOW_CTX_TRY_NUMBER='1' AIRFLOW_CTX_DAG_RUN_ID='scheduled__2024-06-26T00:00:00+00:00'
[2025-12-17T01:53:20.177+0000] {logging_mixin.py:188} INFO - [EXTRACT] Reading /opt/***/data/synthetic_events.csv
[2025-12-17T01:53:20.216+0000] {logging_mixin.py:188} INFO - [EXTRACT] done
[2025-12-17T01:53:20.218+0000] {python.py:201} INFO - Done. Returned value was: None
[2025-12-17T01:53:20.239+0000] {taskinstance.py:1138} INFO - Marking task as SUCCESS. dag_id=etl_***, task_id=extract, execution_date=20240626T000000, start_date=20251217T015319, end_date=20251217T015320
[2025-12-17T01:53:20.439+0000] {local_task_job_runner.py:234} INFO - Task exited with return code 0
[2025-12-17T01:53:20.494+0000] {taskinstance.py:3280} INFO - 1 downstream tasks scheduled from follow-on schedule check
[2025-12-17T04:21:03.889+0000] {taskinstance.py:1956} INFO - Dependencies all met for dep_context=non-requeueable deps ti=<TaskInstance: etl_airflow.extract scheduled__2024-06-26T00:00:00+00:00 [queued]>
[2025-12-17T04:21:03.907+0000] {taskinstance.py:1956} INFO - Dependencies all met for dep_context=requeueable deps ti=<TaskInstance: etl_airflow.extract scheduled__2024-06-26T00:00:00+00:00 [queued]>
[2025-12-17T04:21:03.908+0000] {taskinstance.py:2170} INFO - Starting attempt 1 of 3
[2025-12-17T04:21:03.952+0000] {taskinstance.py:2191} INFO - Executing <Task(PythonOperator): extract> on 2024-06-26 00:00:00+00:00
[2025-12-17T04:21:03.961+0000] {standard_task_runner.py:60} INFO - Started process 1164 to run task
[2025-12-17T04:21:03.972+0000] {standard_task_runner.py:87} INFO - Running: ['***', 'tasks', 'run', 'etl_***', 'extract', 'scheduled__2024-06-26T00:00:00+00:00', '--job-id', '289', '--raw', '--subdir', 'DAGS_FOLDER/etl_***.py', '--cfg-path', '/tmp/tmp4cf1phkf']
[2025-12-17T04:21:03.976+0000] {standard_task_runner.py:88} INFO - Job 289: Subtask extract
[2025-12-17T04:21:04.105+0000] {task_command.py:423} INFO - Running <TaskInstance: etl_airflow.extract scheduled__2024-06-26T00:00:00+00:00 [running]> on host c5811fe183ca
[2025-12-17T04:21:04.489+0000] {taskinstance.py:2480} INFO - Exporting env vars: AIRFLOW_CTX_DAG_OWNER='***' AIRFLOW_CTX_DAG_ID='etl_***' AIRFLOW_CTX_TASK_ID='extract' AIRFLOW_CTX_EXECUTION_DATE='2024-06-26T00:00:00+00:00' AIRFLOW_CTX_TRY_NUMBER='1' AIRFLOW_CTX_DAG_RUN_ID='scheduled__2024-06-26T00:00:00+00:00'
[2025-12-17T04:21:04.516+0000] {python.py:201} INFO - Done. Returned value was:    user_id event_type           timestamp country
0        1      login 2025-01-01 09:00:00      IN
1        1      click 2025-01-01 09:05:00      IN
2        1     logout 2025-01-01 09:15:00      IN
3        2      login 2025-01-01 10:00:00      US
4        2      click 2025-01-01 10:10:00      US
5        2     logout 2025-01-01 10:20:00      US
6        3      login 2025-01-02 08:00:00      FR
7        3      click 2025-01-02 08:05:00      FR
8        3     logout 2025-01-02 08:30:00      FR
[2025-12-17T04:21:04.576+0000] {taskinstance.py:1138} INFO - Marking task as SUCCESS. dag_id=etl_***, task_id=extract, execution_date=20240626T000000, start_date=20251217T042103, end_date=20251217T042104
[2025-12-17T04:21:04.666+0000] {local_task_job_runner.py:234} INFO - Task exited with return code 0
[2025-12-17T04:21:04.695+0000] {taskinstance.py:3280} INFO - 0 downstream tasks scheduled from follow-on schedule check
[2025-12-17T04:48:45.858+0000] {taskinstance.py:1956} INFO - Dependencies all met for dep_context=non-requeueable deps ti=<TaskInstance: etl_airflow.extract scheduled__2024-06-26T00:00:00+00:00 [queued]>
[2025-12-17T04:48:45.870+0000] {taskinstance.py:1956} INFO - Dependencies all met for dep_context=requeueable deps ti=<TaskInstance: etl_airflow.extract scheduled__2024-06-26T00:00:00+00:00 [queued]>
[2025-12-17T04:48:45.871+0000] {taskinstance.py:2170} INFO - Starting attempt 1 of 3
[2025-12-17T04:48:46.416+0000] {taskinstance.py:2191} INFO - Executing <Task(PythonOperator): extract> on 2024-06-26 00:00:00+00:00
[2025-12-17T04:48:46.426+0000] {standard_task_runner.py:60} INFO - Started process 2557 to run task
[2025-12-17T04:48:46.433+0000] {standard_task_runner.py:87} INFO - Running: ['***', 'tasks', 'run', 'etl_***', 'extract', 'scheduled__2024-06-26T00:00:00+00:00', '--job-id', '707', '--raw', '--subdir', 'DAGS_FOLDER/etl_***.py', '--cfg-path', '/tmp/tmp5ehrurjf']
[2025-12-17T04:48:46.436+0000] {standard_task_runner.py:88} INFO - Job 707: Subtask extract
[2025-12-17T04:48:46.564+0000] {task_command.py:423} INFO - Running <TaskInstance: etl_airflow.extract scheduled__2024-06-26T00:00:00+00:00 [running]> on host b3426f05ac70
[2025-12-17T04:48:46.921+0000] {taskinstance.py:2480} INFO - Exporting env vars: AIRFLOW_CTX_DAG_OWNER='***' AIRFLOW_CTX_DAG_ID='etl_***' AIRFLOW_CTX_TASK_ID='extract' AIRFLOW_CTX_EXECUTION_DATE='2024-06-26T00:00:00+00:00' AIRFLOW_CTX_TRY_NUMBER='1' AIRFLOW_CTX_DAG_RUN_ID='scheduled__2024-06-26T00:00:00+00:00'
[2025-12-17T04:48:46.939+0000] {python.py:201} INFO - Done. Returned value was:    user_id event_type           timestamp country
0        1      login 2025-01-01 09:00:00      IN
1        1      click 2025-01-01 09:05:00      IN
2        1     logout 2025-01-01 09:15:00      IN
3        2      login 2025-01-01 10:00:00      US
4        2      click 2025-01-01 10:10:00      US
5        2     logout 2025-01-01 10:20:00      US
6        3      login 2025-01-02 08:00:00      FR
7        3      click 2025-01-02 08:05:00      FR
8        3     logout 2025-01-02 08:30:00      FR
[2025-12-17T04:48:46.996+0000] {taskinstance.py:1138} INFO - Marking task as SUCCESS. dag_id=etl_***, task_id=extract, execution_date=20240626T000000, start_date=20251217T044845, end_date=20251217T044846
[2025-12-17T04:48:47.128+0000] {local_task_job_runner.py:234} INFO - Task exited with return code 0
[2025-12-17T04:48:47.178+0000] {taskinstance.py:3280} INFO - 1 downstream tasks scheduled from follow-on schedule check
[2025-12-17T07:42:21.980+0000] {taskinstance.py:1956} INFO - Dependencies all met for dep_context=non-requeueable deps ti=<TaskInstance: etl_airflow.extract scheduled__2024-06-26T00:00:00+00:00 [queued]>
[2025-12-17T07:42:21.998+0000] {taskinstance.py:1956} INFO - Dependencies all met for dep_context=requeueable deps ti=<TaskInstance: etl_airflow.extract scheduled__2024-06-26T00:00:00+00:00 [queued]>
[2025-12-17T07:42:22.000+0000] {taskinstance.py:2170} INFO - Starting attempt 1 of 3
[2025-12-17T07:42:22.029+0000] {taskinstance.py:2191} INFO - Executing <Task(PythonOperator): extract> on 2024-06-26 00:00:00+00:00
[2025-12-17T07:42:22.051+0000] {standard_task_runner.py:60} INFO - Started process 2629 to run task
[2025-12-17T07:42:22.067+0000] {standard_task_runner.py:87} INFO - Running: ['***', 'tasks', 'run', 'etl_***', 'extract', 'scheduled__2024-06-26T00:00:00+00:00', '--job-id', '709', '--raw', '--subdir', 'DAGS_FOLDER/etl_***.py', '--cfg-path', '/tmp/tmpl3ifde30']
[2025-12-17T07:42:22.077+0000] {standard_task_runner.py:88} INFO - Job 709: Subtask extract
[2025-12-17T07:42:22.257+0000] {task_command.py:423} INFO - Running <TaskInstance: etl_airflow.extract scheduled__2024-06-26T00:00:00+00:00 [running]> on host 2a0de06c8905
[2025-12-17T07:42:22.833+0000] {taskinstance.py:2480} INFO - Exporting env vars: AIRFLOW_CTX_DAG_OWNER='***' AIRFLOW_CTX_DAG_ID='etl_***' AIRFLOW_CTX_TASK_ID='extract' AIRFLOW_CTX_EXECUTION_DATE='2024-06-26T00:00:00+00:00' AIRFLOW_CTX_TRY_NUMBER='1' AIRFLOW_CTX_DAG_RUN_ID='scheduled__2024-06-26T00:00:00+00:00'
[2025-12-17T07:42:22.873+0000] {python.py:201} INFO - Done. Returned value was:    user_id event_type           timestamp country
0        1      login 2025-01-01 09:00:00      IN
1        1      click 2025-01-01 09:05:00      IN
2        1     logout 2025-01-01 09:15:00      IN
3        2      login 2025-01-01 10:00:00      US
4        2      click 2025-01-01 10:10:00      US
5        2     logout 2025-01-01 10:20:00      US
6        3      login 2025-01-02 08:00:00      FR
7        3      click 2025-01-02 08:05:00      FR
8        3     logout 2025-01-02 08:30:00      FR
[2025-12-17T07:42:22.959+0000] {taskinstance.py:1138} INFO - Marking task as SUCCESS. dag_id=etl_***, task_id=extract, execution_date=20240626T000000, start_date=20251217T074221, end_date=20251217T074222
[2025-12-17T07:42:23.133+0000] {local_task_job_runner.py:234} INFO - Task exited with return code 0
[2025-12-17T07:42:23.215+0000] {taskinstance.py:3280} INFO - 1 downstream tasks scheduled from follow-on schedule check
