[2025-12-16T17:15:01.521+0000] {taskinstance.py:1956} INFO - Dependencies all met for dep_context=non-requeueable deps ti=<TaskInstance: etl_airflow.transform scheduled__2024-11-26T00:00:00+00:00 [queued]>
[2025-12-16T17:15:01.547+0000] {taskinstance.py:1956} INFO - Dependencies all met for dep_context=requeueable deps ti=<TaskInstance: etl_airflow.transform scheduled__2024-11-26T00:00:00+00:00 [queued]>
[2025-12-16T17:15:01.548+0000] {taskinstance.py:2170} INFO - Starting attempt 1 of 3
[2025-12-16T17:15:01.762+0000] {taskinstance.py:2191} INFO - Executing <Task(PythonOperator): transform> on 2024-11-26 00:00:00+00:00
[2025-12-16T17:15:01.780+0000] {standard_task_runner.py:60} INFO - Started process 1706 to run task
[2025-12-16T17:15:01.792+0000] {standard_task_runner.py:87} INFO - Running: ['***', 'tasks', 'run', 'etl_***', 'transform', 'scheduled__2024-11-26T00:00:00+00:00', '--job-id', '4613', '--raw', '--subdir', 'DAGS_FOLDER/etl_dag.py', '--cfg-path', '/tmp/tmpieg3yayf']
[2025-12-16T17:15:01.800+0000] {standard_task_runner.py:88} INFO - Job 4613: Subtask transform
[2025-12-16T17:15:02.047+0000] {task_command.py:423} INFO - Running <TaskInstance: etl_airflow.transform scheduled__2024-11-26T00:00:00+00:00 [running]> on host 3b89cfee50e9
[2025-12-16T17:15:02.379+0000] {taskinstance.py:2480} INFO - Exporting env vars: AIRFLOW_CTX_DAG_OWNER='***' AIRFLOW_CTX_DAG_ID='etl_***' AIRFLOW_CTX_TASK_ID='transform' AIRFLOW_CTX_EXECUTION_DATE='2024-11-26T00:00:00+00:00' AIRFLOW_CTX_TRY_NUMBER='1' AIRFLOW_CTX_DAG_RUN_ID='scheduled__2024-11-26T00:00:00+00:00'
[2025-12-16T17:15:02.386+0000] {logging_mixin.py:188} INFO - [TRANSFORM]
[2025-12-16T17:15:02.776+0000] {logging_mixin.py:188} INFO - [TRANSFORM] done
[2025-12-16T17:15:02.778+0000] {python.py:201} INFO - Done. Returned value was: None
[2025-12-16T17:15:02.802+0000] {taskinstance.py:1138} INFO - Marking task as SUCCESS. dag_id=etl_***, task_id=transform, execution_date=20241126T000000, start_date=20251216T171501, end_date=20251216T171502
[2025-12-16T17:15:02.891+0000] {local_task_job_runner.py:234} INFO - Task exited with return code 0
[2025-12-16T17:15:03.148+0000] {taskinstance.py:3280} INFO - 0 downstream tasks scheduled from follow-on schedule check
[2025-12-17T01:55:58.923+0000] {taskinstance.py:1956} INFO - Dependencies all met for dep_context=non-requeueable deps ti=<TaskInstance: etl_airflow.transform scheduled__2024-11-26T00:00:00+00:00 [queued]>
[2025-12-17T01:55:58.972+0000] {taskinstance.py:1956} INFO - Dependencies all met for dep_context=requeueable deps ti=<TaskInstance: etl_airflow.transform scheduled__2024-11-26T00:00:00+00:00 [queued]>
[2025-12-17T01:55:58.979+0000] {taskinstance.py:2170} INFO - Starting attempt 1 of 3
[2025-12-17T01:55:59.473+0000] {taskinstance.py:2191} INFO - Executing <Task(PythonOperator): transform> on 2024-11-26 00:00:00+00:00
[2025-12-17T01:55:59.492+0000] {standard_task_runner.py:60} INFO - Started process 3426 to run task
[2025-12-17T01:55:59.506+0000] {standard_task_runner.py:87} INFO - Running: ['***', 'tasks', 'run', 'etl_***', 'transform', 'scheduled__2024-11-26T00:00:00+00:00', '--job-id', '1010', '--raw', '--subdir', 'DAGS_FOLDER/etl_dag.py', '--cfg-path', '/tmp/tmpoqr2sdmd']
[2025-12-17T01:55:59.512+0000] {standard_task_runner.py:88} INFO - Job 1010: Subtask transform
[2025-12-17T01:55:59.792+0000] {task_command.py:423} INFO - Running <TaskInstance: etl_airflow.transform scheduled__2024-11-26T00:00:00+00:00 [running]> on host 571e042550da
[2025-12-17T01:56:00.524+0000] {taskinstance.py:2480} INFO - Exporting env vars: AIRFLOW_CTX_DAG_OWNER='***' AIRFLOW_CTX_DAG_ID='etl_***' AIRFLOW_CTX_TASK_ID='transform' AIRFLOW_CTX_EXECUTION_DATE='2024-11-26T00:00:00+00:00' AIRFLOW_CTX_TRY_NUMBER='1' AIRFLOW_CTX_DAG_RUN_ID='scheduled__2024-11-26T00:00:00+00:00'
[2025-12-17T01:56:00.533+0000] {logging_mixin.py:188} INFO - [TRANSFORM]
[2025-12-17T01:56:00.605+0000] {logging_mixin.py:188} INFO - [TRANSFORM] done
[2025-12-17T01:56:00.606+0000] {python.py:201} INFO - Done. Returned value was: None
[2025-12-17T01:56:00.686+0000] {taskinstance.py:1138} INFO - Marking task as SUCCESS. dag_id=etl_***, task_id=transform, execution_date=20241126T000000, start_date=20251217T015558, end_date=20251217T015600
[2025-12-17T01:56:01.091+0000] {local_task_job_runner.py:234} INFO - Task exited with return code 0
[2025-12-17T01:56:01.160+0000] {taskinstance.py:3280} INFO - 1 downstream tasks scheduled from follow-on schedule check
[2025-12-17T04:54:03.932+0000] {taskinstance.py:1956} INFO - Dependencies all met for dep_context=non-requeueable deps ti=<TaskInstance: etl_airflow.transform scheduled__2024-11-26T00:00:00+00:00 [queued]>
[2025-12-17T04:54:03.949+0000] {taskinstance.py:1956} INFO - Dependencies all met for dep_context=requeueable deps ti=<TaskInstance: etl_airflow.transform scheduled__2024-11-26T00:00:00+00:00 [queued]>
[2025-12-17T04:54:03.950+0000] {taskinstance.py:2170} INFO - Starting attempt 1 of 3
[2025-12-17T04:54:03.971+0000] {taskinstance.py:2191} INFO - Executing <Task(PythonOperator): transform> on 2024-11-26 00:00:00+00:00
[2025-12-17T04:54:03.982+0000] {standard_task_runner.py:60} INFO - Started process 4529 to run task
[2025-12-17T04:54:03.987+0000] {standard_task_runner.py:87} INFO - Running: ['***', 'tasks', 'run', 'etl_***', 'transform', 'scheduled__2024-11-26T00:00:00+00:00', '--job-id', '1308', '--raw', '--subdir', 'DAGS_FOLDER/etl_***.py', '--cfg-path', '/tmp/tmpajr9z92u']
[2025-12-17T04:54:03.991+0000] {standard_task_runner.py:88} INFO - Job 1308: Subtask transform
[2025-12-17T04:54:04.121+0000] {task_command.py:423} INFO - Running <TaskInstance: etl_airflow.transform scheduled__2024-11-26T00:00:00+00:00 [running]> on host b3426f05ac70
[2025-12-17T04:54:04.444+0000] {taskinstance.py:2480} INFO - Exporting env vars: AIRFLOW_CTX_DAG_OWNER='***' AIRFLOW_CTX_DAG_ID='etl_***' AIRFLOW_CTX_TASK_ID='transform' AIRFLOW_CTX_EXECUTION_DATE='2024-11-26T00:00:00+00:00' AIRFLOW_CTX_TRY_NUMBER='1' AIRFLOW_CTX_DAG_RUN_ID='scheduled__2024-11-26T00:00:00+00:00'
[2025-12-17T04:54:04.445+0000] {taskinstance.py:2698} ERROR - Task failed with exception
Traceback (most recent call last):
  File "/home/airflow/.local/lib/python3.8/site-packages/airflow/models/taskinstance.py", line 433, in _execute_task
    result = execute_callable(context=context, **execute_callable_kwargs)
  File "/home/airflow/.local/lib/python3.8/site-packages/airflow/operators/python.py", line 199, in execute
    return_value = self.execute_callable()
  File "/home/airflow/.local/lib/python3.8/site-packages/airflow/operators/python.py", line 216, in execute_callable
    return self.python_callable(*self.op_args, **self.op_kwargs)
TypeError: transform_data() missing 1 required positional argument: 'df'
[2025-12-17T04:54:04.457+0000] {taskinstance.py:1138} INFO - Marking task as UP_FOR_RETRY. dag_id=etl_***, task_id=transform, execution_date=20241126T000000, start_date=20251217T045403, end_date=20251217T045404
[2025-12-17T04:54:04.514+0000] {standard_task_runner.py:107} ERROR - Failed to execute job 1308 for task transform (transform_data() missing 1 required positional argument: 'df'; 4529)
[2025-12-17T04:54:04.566+0000] {local_task_job_runner.py:234} INFO - Task exited with return code 1
[2025-12-17T04:54:04.773+0000] {taskinstance.py:3280} INFO - 0 downstream tasks scheduled from follow-on schedule check
[2025-12-17T07:59:18.485+0000] {taskinstance.py:1956} INFO - Dependencies all met for dep_context=non-requeueable deps ti=<TaskInstance: etl_airflow.transform scheduled__2024-11-26T00:00:00+00:00 [queued]>
[2025-12-17T07:59:18.505+0000] {taskinstance.py:1956} INFO - Dependencies all met for dep_context=requeueable deps ti=<TaskInstance: etl_airflow.transform scheduled__2024-11-26T00:00:00+00:00 [queued]>
[2025-12-17T07:59:18.506+0000] {taskinstance.py:2170} INFO - Starting attempt 1 of 3
[2025-12-17T07:59:18.533+0000] {taskinstance.py:2191} INFO - Executing <Task(PythonOperator): transform> on 2024-11-26 00:00:00+00:00
[2025-12-17T07:59:18.545+0000] {standard_task_runner.py:60} INFO - Started process 4620 to run task
[2025-12-17T07:59:18.553+0000] {standard_task_runner.py:87} INFO - Running: ['***', 'tasks', 'run', 'etl_***', 'transform', 'scheduled__2024-11-26T00:00:00+00:00', '--job-id', '1311', '--raw', '--subdir', 'DAGS_FOLDER/etl_***.py', '--cfg-path', '/tmp/tmpkbfa4lxc']
[2025-12-17T07:59:18.558+0000] {standard_task_runner.py:88} INFO - Job 1311: Subtask transform
[2025-12-17T07:59:18.687+0000] {task_command.py:423} INFO - Running <TaskInstance: etl_airflow.transform scheduled__2024-11-26T00:00:00+00:00 [running]> on host 2a0de06c8905
[2025-12-17T07:59:19.055+0000] {taskinstance.py:2480} INFO - Exporting env vars: AIRFLOW_CTX_DAG_OWNER='***' AIRFLOW_CTX_DAG_ID='etl_***' AIRFLOW_CTX_TASK_ID='transform' AIRFLOW_CTX_EXECUTION_DATE='2024-11-26T00:00:00+00:00' AIRFLOW_CTX_TRY_NUMBER='1' AIRFLOW_CTX_DAG_RUN_ID='scheduled__2024-11-26T00:00:00+00:00'
[2025-12-17T07:59:19.058+0000] {taskinstance.py:2698} ERROR - Task failed with exception
Traceback (most recent call last):
  File "/home/airflow/.local/lib/python3.8/site-packages/airflow/models/taskinstance.py", line 433, in _execute_task
    result = execute_callable(context=context, **execute_callable_kwargs)
  File "/home/airflow/.local/lib/python3.8/site-packages/airflow/operators/python.py", line 199, in execute
    return_value = self.execute_callable()
  File "/home/airflow/.local/lib/python3.8/site-packages/airflow/operators/python.py", line 216, in execute_callable
    return self.python_callable(*self.op_args, **self.op_kwargs)
TypeError: transform_data() missing 1 required positional argument: 'df'
[2025-12-17T07:59:19.070+0000] {taskinstance.py:1138} INFO - Marking task as UP_FOR_RETRY. dag_id=etl_***, task_id=transform, execution_date=20241126T000000, start_date=20251217T075918, end_date=20251217T075919
[2025-12-17T07:59:19.089+0000] {standard_task_runner.py:107} ERROR - Failed to execute job 1311 for task transform (transform_data() missing 1 required positional argument: 'df'; 4620)
[2025-12-17T07:59:19.129+0000] {local_task_job_runner.py:234} INFO - Task exited with return code 1
[2025-12-17T07:59:19.199+0000] {taskinstance.py:3280} INFO - 0 downstream tasks scheduled from follow-on schedule check
