[2025-12-17T04:50:23.869+0000] {taskinstance.py:1956} INFO - Dependencies all met for dep_context=non-requeueable deps ti=<TaskInstance: etl_airflow.transform scheduled__2024-08-05T00:00:00+00:00 [queued]>
[2025-12-17T04:50:23.885+0000] {taskinstance.py:1956} INFO - Dependencies all met for dep_context=requeueable deps ti=<TaskInstance: etl_airflow.transform scheduled__2024-08-05T00:00:00+00:00 [queued]>
[2025-12-17T04:50:23.886+0000] {taskinstance.py:2170} INFO - Starting attempt 3 of 3
[2025-12-17T04:50:23.901+0000] {taskinstance.py:2191} INFO - Executing <Task(PythonOperator): transform> on 2024-08-05 00:00:00+00:00
[2025-12-17T04:50:23.909+0000] {standard_task_runner.py:60} INFO - Started process 3158 to run task
[2025-12-17T04:50:23.916+0000] {standard_task_runner.py:87} INFO - Running: ['***', 'tasks', 'run', 'etl_***', 'transform', 'scheduled__2024-08-05T00:00:00+00:00', '--job-id', '891', '--raw', '--subdir', 'DAGS_FOLDER/etl_***.py', '--cfg-path', '/tmp/tmpzuh99aeo']
[2025-12-17T04:50:23.921+0000] {standard_task_runner.py:88} INFO - Job 891: Subtask transform
[2025-12-17T04:50:24.050+0000] {task_command.py:423} INFO - Running <TaskInstance: etl_airflow.transform scheduled__2024-08-05T00:00:00+00:00 [running]> on host b3426f05ac70
[2025-12-17T04:50:24.459+0000] {taskinstance.py:2480} INFO - Exporting env vars: AIRFLOW_CTX_DAG_OWNER='***' AIRFLOW_CTX_DAG_ID='etl_***' AIRFLOW_CTX_TASK_ID='transform' AIRFLOW_CTX_EXECUTION_DATE='2024-08-05T00:00:00+00:00' AIRFLOW_CTX_TRY_NUMBER='3' AIRFLOW_CTX_DAG_RUN_ID='scheduled__2024-08-05T00:00:00+00:00'
[2025-12-17T04:50:24.463+0000] {taskinstance.py:2698} ERROR - Task failed with exception
Traceback (most recent call last):
  File "/home/airflow/.local/lib/python3.8/site-packages/airflow/models/taskinstance.py", line 433, in _execute_task
    result = execute_callable(context=context, **execute_callable_kwargs)
  File "/home/airflow/.local/lib/python3.8/site-packages/airflow/operators/python.py", line 199, in execute
    return_value = self.execute_callable()
  File "/home/airflow/.local/lib/python3.8/site-packages/airflow/operators/python.py", line 216, in execute_callable
    return self.python_callable(*self.op_args, **self.op_kwargs)
TypeError: transform_data() missing 1 required positional argument: 'df'
[2025-12-17T04:50:24.474+0000] {taskinstance.py:1138} INFO - Marking task as FAILED. dag_id=etl_***, task_id=transform, execution_date=20240805T000000, start_date=20251217T045023, end_date=20251217T045024
[2025-12-17T04:50:24.489+0000] {standard_task_runner.py:107} ERROR - Failed to execute job 891 for task transform (transform_data() missing 1 required positional argument: 'df'; 3158)
[2025-12-17T04:50:24.534+0000] {local_task_job_runner.py:234} INFO - Task exited with return code 1
[2025-12-17T04:50:24.658+0000] {taskinstance.py:3280} INFO - 0 downstream tasks scheduled from follow-on schedule check
[2025-12-17T07:44:12.234+0000] {taskinstance.py:1956} INFO - Dependencies all met for dep_context=non-requeueable deps ti=<TaskInstance: etl_airflow.transform scheduled__2024-08-05T00:00:00+00:00 [queued]>
[2025-12-17T07:44:12.248+0000] {taskinstance.py:1956} INFO - Dependencies all met for dep_context=requeueable deps ti=<TaskInstance: etl_airflow.transform scheduled__2024-08-05T00:00:00+00:00 [queued]>
[2025-12-17T07:44:12.249+0000] {taskinstance.py:2170} INFO - Starting attempt 3 of 3
[2025-12-17T07:44:12.274+0000] {taskinstance.py:2191} INFO - Executing <Task(PythonOperator): transform> on 2024-08-05 00:00:00+00:00
[2025-12-17T07:44:12.283+0000] {standard_task_runner.py:60} INFO - Started process 3235 to run task
[2025-12-17T07:44:12.293+0000] {standard_task_runner.py:87} INFO - Running: ['***', 'tasks', 'run', 'etl_***', 'transform', 'scheduled__2024-08-05T00:00:00+00:00', '--job-id', '890', '--raw', '--subdir', 'DAGS_FOLDER/etl_***.py', '--cfg-path', '/tmp/tmpzjc4fvtt']
[2025-12-17T07:44:12.297+0000] {standard_task_runner.py:88} INFO - Job 890: Subtask transform
[2025-12-17T07:44:12.426+0000] {task_command.py:423} INFO - Running <TaskInstance: etl_airflow.transform scheduled__2024-08-05T00:00:00+00:00 [running]> on host 2a0de06c8905
[2025-12-17T07:44:12.914+0000] {taskinstance.py:2480} INFO - Exporting env vars: AIRFLOW_CTX_DAG_OWNER='***' AIRFLOW_CTX_DAG_ID='etl_***' AIRFLOW_CTX_TASK_ID='transform' AIRFLOW_CTX_EXECUTION_DATE='2024-08-05T00:00:00+00:00' AIRFLOW_CTX_TRY_NUMBER='3' AIRFLOW_CTX_DAG_RUN_ID='scheduled__2024-08-05T00:00:00+00:00'
[2025-12-17T07:44:12.917+0000] {taskinstance.py:2698} ERROR - Task failed with exception
Traceback (most recent call last):
  File "/home/airflow/.local/lib/python3.8/site-packages/airflow/models/taskinstance.py", line 433, in _execute_task
    result = execute_callable(context=context, **execute_callable_kwargs)
  File "/home/airflow/.local/lib/python3.8/site-packages/airflow/operators/python.py", line 199, in execute
    return_value = self.execute_callable()
  File "/home/airflow/.local/lib/python3.8/site-packages/airflow/operators/python.py", line 216, in execute_callable
    return self.python_callable(*self.op_args, **self.op_kwargs)
TypeError: transform_data() missing 1 required positional argument: 'df'
[2025-12-17T07:44:12.932+0000] {taskinstance.py:1138} INFO - Marking task as FAILED. dag_id=etl_***, task_id=transform, execution_date=20240805T000000, start_date=20251217T074412, end_date=20251217T074412
[2025-12-17T07:44:12.953+0000] {standard_task_runner.py:107} ERROR - Failed to execute job 890 for task transform (transform_data() missing 1 required positional argument: 'df'; 3235)
[2025-12-17T07:44:12.986+0000] {local_task_job_runner.py:234} INFO - Task exited with return code 1
[2025-12-17T07:44:13.266+0000] {taskinstance.py:3280} INFO - 0 downstream tasks scheduled from follow-on schedule check
