[2025-12-16T16:30:03.835+0000] {taskinstance.py:1956} INFO - Dependencies all met for dep_context=non-requeueable deps ti=<TaskInstance: etl_airflow.extract scheduled__2024-02-03T00:00:00+00:00 [queued]>
[2025-12-16T16:30:03.852+0000] {taskinstance.py:1956} INFO - Dependencies all met for dep_context=requeueable deps ti=<TaskInstance: etl_airflow.extract scheduled__2024-02-03T00:00:00+00:00 [queued]>
[2025-12-16T16:30:03.853+0000] {taskinstance.py:2170} INFO - Starting attempt 1 of 3
[2025-12-16T16:30:03.953+0000] {taskinstance.py:2191} INFO - Executing <Task(PythonOperator): extract> on 2024-02-03 00:00:00+00:00
[2025-12-16T16:30:03.966+0000] {standard_task_runner.py:60} INFO - Started process 719 to run task
[2025-12-16T16:30:03.971+0000] {standard_task_runner.py:87} INFO - Running: ['***', 'tasks', 'run', 'etl_***', 'extract', 'scheduled__2024-02-03T00:00:00+00:00', '--job-id', '99', '--raw', '--subdir', 'DAGS_FOLDER/etl_dag.py', '--cfg-path', '/tmp/tmps8cmp2_k']
[2025-12-16T16:30:03.979+0000] {standard_task_runner.py:88} INFO - Job 99: Subtask extract
[2025-12-16T16:30:04.128+0000] {task_command.py:423} INFO - Running <TaskInstance: etl_airflow.extract scheduled__2024-02-03T00:00:00+00:00 [running]> on host 528de643acfe
[2025-12-16T16:30:04.564+0000] {taskinstance.py:2480} INFO - Exporting env vars: AIRFLOW_CTX_DAG_OWNER='***' AIRFLOW_CTX_DAG_ID='etl_***' AIRFLOW_CTX_TASK_ID='extract' AIRFLOW_CTX_EXECUTION_DATE='2024-02-03T00:00:00+00:00' AIRFLOW_CTX_TRY_NUMBER='1' AIRFLOW_CTX_DAG_RUN_ID='scheduled__2024-02-03T00:00:00+00:00'
[2025-12-16T16:30:04.567+0000] {logging_mixin.py:188} INFO - Extracting data from /opt/***/data/input.csv
[2025-12-16T16:30:04.572+0000] {taskinstance.py:2698} ERROR - Task failed with exception
Traceback (most recent call last):
  File "/home/airflow/.local/lib/python3.8/site-packages/airflow/models/taskinstance.py", line 433, in _execute_task
    result = execute_callable(context=context, **execute_callable_kwargs)
  File "/home/airflow/.local/lib/python3.8/site-packages/airflow/operators/python.py", line 199, in execute
    return_value = self.execute_callable()
  File "/home/airflow/.local/lib/python3.8/site-packages/airflow/operators/python.py", line 216, in execute_callable
    return self.python_callable(*self.op_args, **self.op_kwargs)
  File "/opt/airflow/dags/etl_logic/pipeline.py", line 92, in extract_data
    return pd.read_csv(input_path)
  File "/home/airflow/.local/lib/python3.8/site-packages/pandas/io/parsers/readers.py", line 912, in read_csv
    return _read(filepath_or_buffer, kwds)
  File "/home/airflow/.local/lib/python3.8/site-packages/pandas/io/parsers/readers.py", line 577, in _read
    parser = TextFileReader(filepath_or_buffer, **kwds)
  File "/home/airflow/.local/lib/python3.8/site-packages/pandas/io/parsers/readers.py", line 1407, in __init__
    self._engine = self._make_engine(f, self.engine)
  File "/home/airflow/.local/lib/python3.8/site-packages/pandas/io/parsers/readers.py", line 1661, in _make_engine
    self.handles = get_handle(
  File "/home/airflow/.local/lib/python3.8/site-packages/pandas/io/common.py", line 859, in get_handle
    handle = open(
FileNotFoundError: [Errno 2] No such file or directory: '/opt/airflow/data/input.csv'
[2025-12-16T16:30:04.609+0000] {taskinstance.py:1138} INFO - Marking task as UP_FOR_RETRY. dag_id=etl_***, task_id=extract, execution_date=20240203T000000, start_date=20251216T163003, end_date=20251216T163004
[2025-12-16T16:30:04.799+0000] {standard_task_runner.py:107} ERROR - Failed to execute job 99 for task extract ([Errno 2] No such file or directory: '/opt/airflow/data/input.csv'; 719)
[2025-12-16T16:30:04.831+0000] {local_task_job_runner.py:234} INFO - Task exited with return code 1
[2025-12-16T16:30:04.885+0000] {taskinstance.py:3280} INFO - 0 downstream tasks scheduled from follow-on schedule check
[2025-12-17T01:50:33.511+0000] {taskinstance.py:1956} INFO - Dependencies all met for dep_context=non-requeueable deps ti=<TaskInstance: etl_airflow.extract scheduled__2024-02-03T00:00:00+00:00 [queued]>
[2025-12-17T01:50:33.528+0000] {taskinstance.py:1956} INFO - Dependencies all met for dep_context=requeueable deps ti=<TaskInstance: etl_airflow.extract scheduled__2024-02-03T00:00:00+00:00 [queued]>
[2025-12-17T01:50:33.529+0000] {taskinstance.py:2170} INFO - Starting attempt 1 of 3
[2025-12-17T01:50:33.555+0000] {taskinstance.py:2191} INFO - Executing <Task(PythonOperator): extract> on 2024-02-03 00:00:00+00:00
[2025-12-17T01:50:33.566+0000] {standard_task_runner.py:60} INFO - Started process 521 to run task
[2025-12-17T01:50:33.572+0000] {standard_task_runner.py:87} INFO - Running: ['***', 'tasks', 'run', 'etl_***', 'extract', 'scheduled__2024-02-03T00:00:00+00:00', '--job-id', '99', '--raw', '--subdir', 'DAGS_FOLDER/etl_dag.py', '--cfg-path', '/tmp/tmpj63j921y']
[2025-12-17T01:50:33.581+0000] {standard_task_runner.py:88} INFO - Job 99: Subtask extract
[2025-12-17T01:50:33.712+0000] {task_command.py:423} INFO - Running <TaskInstance: etl_airflow.extract scheduled__2024-02-03T00:00:00+00:00 [running]> on host 571e042550da
[2025-12-17T01:50:34.098+0000] {taskinstance.py:2480} INFO - Exporting env vars: AIRFLOW_CTX_DAG_OWNER='***' AIRFLOW_CTX_DAG_ID='etl_***' AIRFLOW_CTX_TASK_ID='extract' AIRFLOW_CTX_EXECUTION_DATE='2024-02-03T00:00:00+00:00' AIRFLOW_CTX_TRY_NUMBER='1' AIRFLOW_CTX_DAG_RUN_ID='scheduled__2024-02-03T00:00:00+00:00'
[2025-12-17T01:50:34.103+0000] {logging_mixin.py:188} INFO - [EXTRACT] Reading /opt/***/data/synthetic_events.csv
[2025-12-17T01:50:34.139+0000] {logging_mixin.py:188} INFO - [EXTRACT] done
[2025-12-17T01:50:34.140+0000] {python.py:201} INFO - Done. Returned value was: None
[2025-12-17T01:50:34.156+0000] {taskinstance.py:1138} INFO - Marking task as SUCCESS. dag_id=etl_***, task_id=extract, execution_date=20240203T000000, start_date=20251217T015033, end_date=20251217T015034
[2025-12-17T01:50:34.229+0000] {local_task_job_runner.py:234} INFO - Task exited with return code 0
[2025-12-17T01:50:34.298+0000] {taskinstance.py:3280} INFO - 1 downstream tasks scheduled from follow-on schedule check
[2025-12-17T04:18:47.328+0000] {taskinstance.py:1956} INFO - Dependencies all met for dep_context=non-requeueable deps ti=<TaskInstance: etl_airflow.extract scheduled__2024-02-03T00:00:00+00:00 [queued]>
[2025-12-17T04:18:47.348+0000] {taskinstance.py:1956} INFO - Dependencies all met for dep_context=requeueable deps ti=<TaskInstance: etl_airflow.extract scheduled__2024-02-03T00:00:00+00:00 [queued]>
[2025-12-17T04:18:47.350+0000] {taskinstance.py:2170} INFO - Starting attempt 1 of 3
[2025-12-17T04:18:47.421+0000] {taskinstance.py:2191} INFO - Executing <Task(PythonOperator): extract> on 2024-02-03 00:00:00+00:00
[2025-12-17T04:18:47.433+0000] {standard_task_runner.py:60} INFO - Started process 384 to run task
[2025-12-17T04:18:47.442+0000] {standard_task_runner.py:87} INFO - Running: ['***', 'tasks', 'run', 'etl_***', 'extract', 'scheduled__2024-02-03T00:00:00+00:00', '--job-id', '51', '--raw', '--subdir', 'DAGS_FOLDER/etl_***.py', '--cfg-path', '/tmp/tmpm1g8sfs_']
[2025-12-17T04:18:47.450+0000] {standard_task_runner.py:88} INFO - Job 51: Subtask extract
[2025-12-17T04:18:47.616+0000] {task_command.py:423} INFO - Running <TaskInstance: etl_airflow.extract scheduled__2024-02-03T00:00:00+00:00 [running]> on host c5811fe183ca
[2025-12-17T04:18:48.157+0000] {taskinstance.py:2480} INFO - Exporting env vars: AIRFLOW_CTX_DAG_OWNER='***' AIRFLOW_CTX_DAG_ID='etl_***' AIRFLOW_CTX_TASK_ID='extract' AIRFLOW_CTX_EXECUTION_DATE='2024-02-03T00:00:00+00:00' AIRFLOW_CTX_TRY_NUMBER='1' AIRFLOW_CTX_DAG_RUN_ID='scheduled__2024-02-03T00:00:00+00:00'
[2025-12-17T04:18:48.218+0000] {python.py:201} INFO - Done. Returned value was:    user_id event_type           timestamp country
0        1      login 2025-01-01 09:00:00      IN
1        1      click 2025-01-01 09:05:00      IN
2        1     logout 2025-01-01 09:15:00      IN
3        2      login 2025-01-01 10:00:00      US
4        2      click 2025-01-01 10:10:00      US
5        2     logout 2025-01-01 10:20:00      US
6        3      login 2025-01-02 08:00:00      FR
7        3      click 2025-01-02 08:05:00      FR
8        3     logout 2025-01-02 08:30:00      FR
[2025-12-17T04:18:48.293+0000] {taskinstance.py:1138} INFO - Marking task as SUCCESS. dag_id=etl_***, task_id=extract, execution_date=20240203T000000, start_date=20251217T041847, end_date=20251217T041848
[2025-12-17T04:18:48.430+0000] {local_task_job_runner.py:234} INFO - Task exited with return code 0
[2025-12-17T04:18:48.473+0000] {taskinstance.py:3280} INFO - 0 downstream tasks scheduled from follow-on schedule check
[2025-12-17T04:43:31.919+0000] {taskinstance.py:1956} INFO - Dependencies all met for dep_context=non-requeueable deps ti=<TaskInstance: etl_airflow.extract scheduled__2024-02-03T00:00:00+00:00 [queued]>
[2025-12-17T04:43:31.930+0000] {taskinstance.py:1956} INFO - Dependencies all met for dep_context=requeueable deps ti=<TaskInstance: etl_airflow.extract scheduled__2024-02-03T00:00:00+00:00 [queued]>
[2025-12-17T04:43:31.931+0000] {taskinstance.py:2170} INFO - Starting attempt 1 of 3
[2025-12-17T04:43:31.971+0000] {taskinstance.py:2191} INFO - Executing <Task(PythonOperator): extract> on 2024-02-03 00:00:00+00:00
[2025-12-17T04:43:31.979+0000] {standard_task_runner.py:60} INFO - Started process 659 to run task
[2025-12-17T04:43:31.983+0000] {standard_task_runner.py:87} INFO - Running: ['***', 'tasks', 'run', 'etl_***', 'extract', 'scheduled__2024-02-03T00:00:00+00:00', '--job-id', '132', '--raw', '--subdir', 'DAGS_FOLDER/etl_***.py', '--cfg-path', '/tmp/tmp5cqiz9qp']
[2025-12-17T04:43:31.986+0000] {standard_task_runner.py:88} INFO - Job 132: Subtask extract
[2025-12-17T04:43:32.094+0000] {task_command.py:423} INFO - Running <TaskInstance: etl_airflow.extract scheduled__2024-02-03T00:00:00+00:00 [running]> on host b3426f05ac70
[2025-12-17T04:43:32.467+0000] {taskinstance.py:2480} INFO - Exporting env vars: AIRFLOW_CTX_DAG_OWNER='***' AIRFLOW_CTX_DAG_ID='etl_***' AIRFLOW_CTX_TASK_ID='extract' AIRFLOW_CTX_EXECUTION_DATE='2024-02-03T00:00:00+00:00' AIRFLOW_CTX_TRY_NUMBER='1' AIRFLOW_CTX_DAG_RUN_ID='scheduled__2024-02-03T00:00:00+00:00'
[2025-12-17T04:43:32.494+0000] {python.py:201} INFO - Done. Returned value was:    user_id event_type           timestamp country
0        1      login 2025-01-01 09:00:00      IN
1        1      click 2025-01-01 09:05:00      IN
2        1     logout 2025-01-01 09:15:00      IN
3        2      login 2025-01-01 10:00:00      US
4        2      click 2025-01-01 10:10:00      US
5        2     logout 2025-01-01 10:20:00      US
6        3      login 2025-01-02 08:00:00      FR
7        3      click 2025-01-02 08:05:00      FR
8        3     logout 2025-01-02 08:30:00      FR
[2025-12-17T04:43:32.553+0000] {taskinstance.py:1138} INFO - Marking task as SUCCESS. dag_id=etl_***, task_id=extract, execution_date=20240203T000000, start_date=20251217T044331, end_date=20251217T044332
[2025-12-17T04:43:32.639+0000] {local_task_job_runner.py:234} INFO - Task exited with return code 0
[2025-12-17T04:43:32.685+0000] {taskinstance.py:3280} INFO - 1 downstream tasks scheduled from follow-on schedule check
[2025-12-17T07:36:29.818+0000] {taskinstance.py:1956} INFO - Dependencies all met for dep_context=non-requeueable deps ti=<TaskInstance: etl_airflow.extract scheduled__2024-02-03T00:00:00+00:00 [queued]>
[2025-12-17T07:36:29.899+0000] {taskinstance.py:1956} INFO - Dependencies all met for dep_context=requeueable deps ti=<TaskInstance: etl_airflow.extract scheduled__2024-02-03T00:00:00+00:00 [queued]>
[2025-12-17T07:36:29.909+0000] {taskinstance.py:2170} INFO - Starting attempt 1 of 3
[2025-12-17T07:36:29.947+0000] {taskinstance.py:2191} INFO - Executing <Task(PythonOperator): extract> on 2024-02-03 00:00:00+00:00
[2025-12-17T07:36:29.972+0000] {standard_task_runner.py:60} INFO - Started process 705 to run task
[2025-12-17T07:36:29.983+0000] {standard_task_runner.py:87} INFO - Running: ['***', 'tasks', 'run', 'etl_***', 'extract', 'scheduled__2024-02-03T00:00:00+00:00', '--job-id', '126', '--raw', '--subdir', 'DAGS_FOLDER/etl_***.py', '--cfg-path', '/tmp/tmpkfhr8oju']
[2025-12-17T07:36:29.992+0000] {standard_task_runner.py:88} INFO - Job 126: Subtask extract
[2025-12-17T07:36:30.345+0000] {task_command.py:423} INFO - Running <TaskInstance: etl_airflow.extract scheduled__2024-02-03T00:00:00+00:00 [running]> on host 2a0de06c8905
[2025-12-17T07:36:31.345+0000] {taskinstance.py:2480} INFO - Exporting env vars: AIRFLOW_CTX_DAG_OWNER='***' AIRFLOW_CTX_DAG_ID='etl_***' AIRFLOW_CTX_TASK_ID='extract' AIRFLOW_CTX_EXECUTION_DATE='2024-02-03T00:00:00+00:00' AIRFLOW_CTX_TRY_NUMBER='1' AIRFLOW_CTX_DAG_RUN_ID='scheduled__2024-02-03T00:00:00+00:00'
[2025-12-17T07:36:31.450+0000] {python.py:201} INFO - Done. Returned value was:    user_id event_type           timestamp country
0        1      login 2025-01-01 09:00:00      IN
1        1      click 2025-01-01 09:05:00      IN
2        1     logout 2025-01-01 09:15:00      IN
3        2      login 2025-01-01 10:00:00      US
4        2      click 2025-01-01 10:10:00      US
5        2     logout 2025-01-01 10:20:00      US
6        3      login 2025-01-02 08:00:00      FR
7        3      click 2025-01-02 08:05:00      FR
8        3     logout 2025-01-02 08:30:00      FR
[2025-12-17T07:36:31.593+0000] {taskinstance.py:1138} INFO - Marking task as SUCCESS. dag_id=etl_***, task_id=extract, execution_date=20240203T000000, start_date=20251217T073629, end_date=20251217T073631
[2025-12-17T07:36:31.678+0000] {local_task_job_runner.py:234} INFO - Task exited with return code 0
[2025-12-17T07:36:31.741+0000] {taskinstance.py:3280} INFO - 1 downstream tasks scheduled from follow-on schedule check
