[2025-12-16T16:43:57.515+0000] {taskinstance.py:1956} INFO - Dependencies all met for dep_context=non-requeueable deps ti=<TaskInstance: etl_airflow.extract scheduled__2025-01-05T00:00:00+00:00 [queued]>
[2025-12-16T16:43:57.534+0000] {taskinstance.py:1956} INFO - Dependencies all met for dep_context=requeueable deps ti=<TaskInstance: etl_airflow.extract scheduled__2025-01-05T00:00:00+00:00 [queued]>
[2025-12-16T16:43:57.535+0000] {taskinstance.py:2170} INFO - Starting attempt 1 of 3
[2025-12-16T16:43:57.632+0000] {taskinstance.py:2191} INFO - Executing <Task(PythonOperator): extract> on 2025-01-05 00:00:00+00:00
[2025-12-16T16:43:57.642+0000] {standard_task_runner.py:60} INFO - Started process 966 to run task
[2025-12-16T16:43:57.649+0000] {standard_task_runner.py:87} INFO - Running: ['***', 'tasks', 'run', 'etl_***', 'extract', 'scheduled__2025-01-05T00:00:00+00:00', '--job-id', '1111', '--raw', '--subdir', 'DAGS_FOLDER/etl_dag.py', '--cfg-path', '/tmp/tmpf8ob7wan']
[2025-12-16T16:43:57.653+0000] {standard_task_runner.py:88} INFO - Job 1111: Subtask extract
[2025-12-16T16:43:57.785+0000] {task_command.py:423} INFO - Running <TaskInstance: etl_airflow.extract scheduled__2025-01-05T00:00:00+00:00 [running]> on host db658e834d9d
[2025-12-16T16:43:57.959+0000] {taskinstance.py:2480} INFO - Exporting env vars: AIRFLOW_CTX_DAG_OWNER='***' AIRFLOW_CTX_DAG_ID='etl_***' AIRFLOW_CTX_TASK_ID='extract' AIRFLOW_CTX_EXECUTION_DATE='2025-01-05T00:00:00+00:00' AIRFLOW_CTX_TRY_NUMBER='1' AIRFLOW_CTX_DAG_RUN_ID='scheduled__2025-01-05T00:00:00+00:00'
[2025-12-16T16:43:57.964+0000] {logging_mixin.py:188} INFO - Extracting data from /opt/***/data/input.csv
[2025-12-16T16:43:57.972+0000] {taskinstance.py:2698} ERROR - Task failed with exception
Traceback (most recent call last):
  File "/home/airflow/.local/lib/python3.8/site-packages/airflow/models/taskinstance.py", line 433, in _execute_task
    result = execute_callable(context=context, **execute_callable_kwargs)
  File "/home/airflow/.local/lib/python3.8/site-packages/airflow/operators/python.py", line 199, in execute
    return_value = self.execute_callable()
  File "/home/airflow/.local/lib/python3.8/site-packages/airflow/operators/python.py", line 216, in execute_callable
    return self.python_callable(*self.op_args, **self.op_kwargs)
  File "/opt/airflow/etl_logic/pipeline.py", line 97, in extract_data
    df = pd.read_csv(input_path)
  File "/home/airflow/.local/lib/python3.8/site-packages/pandas/io/parsers/readers.py", line 912, in read_csv
    return _read(filepath_or_buffer, kwds)
  File "/home/airflow/.local/lib/python3.8/site-packages/pandas/io/parsers/readers.py", line 577, in _read
    parser = TextFileReader(filepath_or_buffer, **kwds)
  File "/home/airflow/.local/lib/python3.8/site-packages/pandas/io/parsers/readers.py", line 1407, in __init__
    self._engine = self._make_engine(f, self.engine)
  File "/home/airflow/.local/lib/python3.8/site-packages/pandas/io/parsers/readers.py", line 1661, in _make_engine
    self.handles = get_handle(
  File "/home/airflow/.local/lib/python3.8/site-packages/pandas/io/common.py", line 859, in get_handle
    handle = open(
FileNotFoundError: [Errno 2] No such file or directory: '/opt/airflow/data/input.csv'
[2025-12-16T16:43:58.003+0000] {taskinstance.py:1138} INFO - Marking task as UP_FOR_RETRY. dag_id=etl_***, task_id=extract, execution_date=20250105T000000, start_date=20251216T164357, end_date=20251216T164358
[2025-12-16T16:43:58.030+0000] {standard_task_runner.py:107} ERROR - Failed to execute job 1111 for task extract ([Errno 2] No such file or directory: '/opt/airflow/data/input.csv'; 966)
[2025-12-16T16:43:58.066+0000] {local_task_job_runner.py:234} INFO - Task exited with return code 1
[2025-12-16T16:43:58.264+0000] {taskinstance.py:3280} INFO - 0 downstream tasks scheduled from follow-on schedule check
[2025-12-17T01:56:36.593+0000] {taskinstance.py:1956} INFO - Dependencies all met for dep_context=non-requeueable deps ti=<TaskInstance: etl_airflow.extract scheduled__2025-01-05T00:00:00+00:00 [queued]>
[2025-12-17T01:56:36.614+0000] {taskinstance.py:1956} INFO - Dependencies all met for dep_context=requeueable deps ti=<TaskInstance: etl_airflow.extract scheduled__2025-01-05T00:00:00+00:00 [queued]>
[2025-12-17T01:56:36.616+0000] {taskinstance.py:2170} INFO - Starting attempt 1 of 3
[2025-12-17T01:56:36.651+0000] {taskinstance.py:2191} INFO - Executing <Task(PythonOperator): extract> on 2025-01-05 00:00:00+00:00
[2025-12-17T01:56:36.661+0000] {standard_task_runner.py:60} INFO - Started process 3782 to run task
[2025-12-17T01:56:36.670+0000] {standard_task_runner.py:87} INFO - Running: ['***', 'tasks', 'run', 'etl_***', 'extract', 'scheduled__2025-01-05T00:00:00+00:00', '--job-id', '1124', '--raw', '--subdir', 'DAGS_FOLDER/etl_dag.py', '--cfg-path', '/tmp/tmp2tket664']
[2025-12-17T01:56:36.674+0000] {standard_task_runner.py:88} INFO - Job 1124: Subtask extract
[2025-12-17T01:56:36.814+0000] {task_command.py:423} INFO - Running <TaskInstance: etl_airflow.extract scheduled__2025-01-05T00:00:00+00:00 [running]> on host 571e042550da
[2025-12-17T01:56:37.261+0000] {taskinstance.py:2480} INFO - Exporting env vars: AIRFLOW_CTX_DAG_OWNER='***' AIRFLOW_CTX_DAG_ID='etl_***' AIRFLOW_CTX_TASK_ID='extract' AIRFLOW_CTX_EXECUTION_DATE='2025-01-05T00:00:00+00:00' AIRFLOW_CTX_TRY_NUMBER='1' AIRFLOW_CTX_DAG_RUN_ID='scheduled__2025-01-05T00:00:00+00:00'
[2025-12-17T01:56:37.263+0000] {logging_mixin.py:188} INFO - [EXTRACT] Reading /opt/***/data/synthetic_events.csv
[2025-12-17T01:56:37.305+0000] {logging_mixin.py:188} INFO - [EXTRACT] done
[2025-12-17T01:56:37.306+0000] {python.py:201} INFO - Done. Returned value was: None
[2025-12-17T01:56:37.330+0000] {taskinstance.py:1138} INFO - Marking task as SUCCESS. dag_id=etl_***, task_id=extract, execution_date=20250105T000000, start_date=20251217T015636, end_date=20251217T015637
[2025-12-17T01:56:37.532+0000] {local_task_job_runner.py:234} INFO - Task exited with return code 0
[2025-12-17T01:56:37.596+0000] {taskinstance.py:3280} INFO - 1 downstream tasks scheduled from follow-on schedule check
[2025-12-17T04:55:46.447+0000] {taskinstance.py:1956} INFO - Dependencies all met for dep_context=non-requeueable deps ti=<TaskInstance: etl_airflow.extract scheduled__2025-01-05T00:00:00+00:00 [queued]>
[2025-12-17T04:55:46.464+0000] {taskinstance.py:1956} INFO - Dependencies all met for dep_context=requeueable deps ti=<TaskInstance: etl_airflow.extract scheduled__2025-01-05T00:00:00+00:00 [queued]>
[2025-12-17T04:55:46.465+0000] {taskinstance.py:2170} INFO - Starting attempt 1 of 3
[2025-12-17T04:55:46.481+0000] {taskinstance.py:2191} INFO - Executing <Task(PythonOperator): extract> on 2025-01-05 00:00:00+00:00
[2025-12-17T04:55:46.488+0000] {standard_task_runner.py:60} INFO - Started process 5086 to run task
[2025-12-17T04:55:46.493+0000] {standard_task_runner.py:87} INFO - Running: ['***', 'tasks', 'run', 'etl_***', 'extract', 'scheduled__2025-01-05T00:00:00+00:00', '--job-id', '1476', '--raw', '--subdir', 'DAGS_FOLDER/etl_***.py', '--cfg-path', '/tmp/tmp28wog6se']
[2025-12-17T04:55:46.496+0000] {standard_task_runner.py:88} INFO - Job 1476: Subtask extract
[2025-12-17T04:55:46.605+0000] {task_command.py:423} INFO - Running <TaskInstance: etl_airflow.extract scheduled__2025-01-05T00:00:00+00:00 [running]> on host b3426f05ac70
[2025-12-17T04:55:47.210+0000] {taskinstance.py:2480} INFO - Exporting env vars: AIRFLOW_CTX_DAG_OWNER='***' AIRFLOW_CTX_DAG_ID='etl_***' AIRFLOW_CTX_TASK_ID='extract' AIRFLOW_CTX_EXECUTION_DATE='2025-01-05T00:00:00+00:00' AIRFLOW_CTX_TRY_NUMBER='1' AIRFLOW_CTX_DAG_RUN_ID='scheduled__2025-01-05T00:00:00+00:00'
[2025-12-17T04:55:47.264+0000] {python.py:201} INFO - Done. Returned value was:    user_id event_type           timestamp country
0        1      login 2025-01-01 09:00:00      IN
1        1      click 2025-01-01 09:05:00      IN
2        1     logout 2025-01-01 09:15:00      IN
3        2      login 2025-01-01 10:00:00      US
4        2      click 2025-01-01 10:10:00      US
5        2     logout 2025-01-01 10:20:00      US
6        3      login 2025-01-02 08:00:00      FR
7        3      click 2025-01-02 08:05:00      FR
8        3     logout 2025-01-02 08:30:00      FR
[2025-12-17T04:55:47.336+0000] {taskinstance.py:1138} INFO - Marking task as SUCCESS. dag_id=etl_***, task_id=extract, execution_date=20250105T000000, start_date=20251217T045546, end_date=20251217T045547
[2025-12-17T04:55:47.394+0000] {local_task_job_runner.py:234} INFO - Task exited with return code 0
[2025-12-17T04:55:47.426+0000] {taskinstance.py:3280} INFO - 1 downstream tasks scheduled from follow-on schedule check
[2025-12-17T08:01:13.755+0000] {taskinstance.py:1956} INFO - Dependencies all met for dep_context=non-requeueable deps ti=<TaskInstance: etl_airflow.extract scheduled__2025-01-05T00:00:00+00:00 [queued]>
[2025-12-17T08:01:13.782+0000] {taskinstance.py:1956} INFO - Dependencies all met for dep_context=requeueable deps ti=<TaskInstance: etl_airflow.extract scheduled__2025-01-05T00:00:00+00:00 [queued]>
[2025-12-17T08:01:13.784+0000] {taskinstance.py:2170} INFO - Starting attempt 1 of 3
[2025-12-17T08:01:14.010+0000] {taskinstance.py:2191} INFO - Executing <Task(PythonOperator): extract> on 2025-01-05 00:00:00+00:00
[2025-12-17T08:01:14.029+0000] {standard_task_runner.py:60} INFO - Started process 5195 to run task
[2025-12-17T08:01:14.038+0000] {standard_task_runner.py:87} INFO - Running: ['***', 'tasks', 'run', 'etl_***', 'extract', 'scheduled__2025-01-05T00:00:00+00:00', '--job-id', '1479', '--raw', '--subdir', 'DAGS_FOLDER/etl_***.py', '--cfg-path', '/tmp/tmpqrjeqlq4']
[2025-12-17T08:01:14.045+0000] {standard_task_runner.py:88} INFO - Job 1479: Subtask extract
[2025-12-17T08:01:14.205+0000] {task_command.py:423} INFO - Running <TaskInstance: etl_airflow.extract scheduled__2025-01-05T00:00:00+00:00 [running]> on host 2a0de06c8905
[2025-12-17T08:01:14.748+0000] {taskinstance.py:2480} INFO - Exporting env vars: AIRFLOW_CTX_DAG_OWNER='***' AIRFLOW_CTX_DAG_ID='etl_***' AIRFLOW_CTX_TASK_ID='extract' AIRFLOW_CTX_EXECUTION_DATE='2025-01-05T00:00:00+00:00' AIRFLOW_CTX_TRY_NUMBER='1' AIRFLOW_CTX_DAG_RUN_ID='scheduled__2025-01-05T00:00:00+00:00'
[2025-12-17T08:01:14.800+0000] {python.py:201} INFO - Done. Returned value was:    user_id event_type           timestamp country
0        1      login 2025-01-01 09:00:00      IN
1        1      click 2025-01-01 09:05:00      IN
2        1     logout 2025-01-01 09:15:00      IN
3        2      login 2025-01-01 10:00:00      US
4        2      click 2025-01-01 10:10:00      US
5        2     logout 2025-01-01 10:20:00      US
6        3      login 2025-01-02 08:00:00      FR
7        3      click 2025-01-02 08:05:00      FR
8        3     logout 2025-01-02 08:30:00      FR
[2025-12-17T08:01:14.927+0000] {taskinstance.py:1138} INFO - Marking task as SUCCESS. dag_id=etl_***, task_id=extract, execution_date=20250105T000000, start_date=20251217T080113, end_date=20251217T080114
[2025-12-17T08:01:15.041+0000] {local_task_job_runner.py:234} INFO - Task exited with return code 0
[2025-12-17T08:01:15.142+0000] {taskinstance.py:3280} INFO - 1 downstream tasks scheduled from follow-on schedule check
