[2025-12-16T17:15:04.382+0000] {taskinstance.py:1956} INFO - Dependencies all met for dep_context=non-requeueable deps ti=<TaskInstance: etl_airflow.load scheduled__2024-11-25T00:00:00+00:00 [queued]>
[2025-12-16T17:15:04.402+0000] {taskinstance.py:1956} INFO - Dependencies all met for dep_context=requeueable deps ti=<TaskInstance: etl_airflow.load scheduled__2024-11-25T00:00:00+00:00 [queued]>
[2025-12-16T17:15:04.403+0000] {taskinstance.py:2170} INFO - Starting attempt 1 of 3
[2025-12-16T17:15:04.437+0000] {taskinstance.py:2191} INFO - Executing <Task(PythonOperator): load> on 2024-11-25 00:00:00+00:00
[2025-12-16T17:15:04.456+0000] {standard_task_runner.py:60} INFO - Started process 1730 to run task
[2025-12-16T17:15:04.468+0000] {standard_task_runner.py:87} INFO - Running: ['***', 'tasks', 'run', 'etl_***', 'load', 'scheduled__2024-11-25T00:00:00+00:00', '--job-id', '4628', '--raw', '--subdir', 'DAGS_FOLDER/etl_dag.py', '--cfg-path', '/tmp/tmptm211vw3']
[2025-12-16T17:15:04.493+0000] {standard_task_runner.py:88} INFO - Job 4628: Subtask load
[2025-12-16T17:15:04.683+0000] {task_command.py:423} INFO - Running <TaskInstance: etl_airflow.load scheduled__2024-11-25T00:00:00+00:00 [running]> on host 3b89cfee50e9
[2025-12-16T17:15:05.007+0000] {taskinstance.py:2480} INFO - Exporting env vars: AIRFLOW_CTX_DAG_OWNER='***' AIRFLOW_CTX_DAG_ID='etl_***' AIRFLOW_CTX_TASK_ID='load' AIRFLOW_CTX_EXECUTION_DATE='2024-11-25T00:00:00+00:00' AIRFLOW_CTX_TRY_NUMBER='1' AIRFLOW_CTX_DAG_RUN_ID='scheduled__2024-11-25T00:00:00+00:00'
[2025-12-16T17:15:05.011+0000] {logging_mixin.py:188} INFO - [LOAD]
[2025-12-16T17:15:05.537+0000] {logging_mixin.py:188} INFO -    user_id event_type            timestamp country
0        1      login  2025-01-01T09:00:00      IN
1        1      click  2025-01-01T09:05:00      IN
2        1     logout  2025-01-01T09:15:00      IN
3        3      login  2025-01-02T08:00:00      FR
4        3      click  2025-01-02T08:05:00      FR
[2025-12-16T17:15:05.539+0000] {logging_mixin.py:188} INFO - [LOAD] done
[2025-12-16T17:15:05.541+0000] {python.py:201} INFO - Done. Returned value was: None
[2025-12-16T17:15:05.577+0000] {taskinstance.py:1138} INFO - Marking task as SUCCESS. dag_id=etl_***, task_id=load, execution_date=20241125T000000, start_date=20251216T171504, end_date=20251216T171505
[2025-12-16T17:15:05.726+0000] {local_task_job_runner.py:234} INFO - Task exited with return code 0
[2025-12-16T17:15:05.814+0000] {taskinstance.py:3280} INFO - 0 downstream tasks scheduled from follow-on schedule check
[2025-12-17T01:56:01.811+0000] {taskinstance.py:1956} INFO - Dependencies all met for dep_context=non-requeueable deps ti=<TaskInstance: etl_airflow.load scheduled__2024-11-25T00:00:00+00:00 [queued]>
[2025-12-17T01:56:01.837+0000] {taskinstance.py:1956} INFO - Dependencies all met for dep_context=requeueable deps ti=<TaskInstance: etl_airflow.load scheduled__2024-11-25T00:00:00+00:00 [queued]>
[2025-12-17T01:56:01.838+0000] {taskinstance.py:2170} INFO - Starting attempt 1 of 3
[2025-12-17T01:56:01.884+0000] {taskinstance.py:2191} INFO - Executing <Task(PythonOperator): load> on 2024-11-25 00:00:00+00:00
[2025-12-17T01:56:01.899+0000] {standard_task_runner.py:60} INFO - Started process 3457 to run task
[2025-12-17T01:56:01.907+0000] {standard_task_runner.py:87} INFO - Running: ['***', 'tasks', 'run', 'etl_***', 'load', 'scheduled__2024-11-25T00:00:00+00:00', '--job-id', '1020', '--raw', '--subdir', 'DAGS_FOLDER/etl_dag.py', '--cfg-path', '/tmp/tmptsg487lp']
[2025-12-17T01:56:01.913+0000] {standard_task_runner.py:88} INFO - Job 1020: Subtask load
[2025-12-17T01:56:02.131+0000] {task_command.py:423} INFO - Running <TaskInstance: etl_airflow.load scheduled__2024-11-25T00:00:00+00:00 [running]> on host 571e042550da
[2025-12-17T01:56:02.736+0000] {taskinstance.py:2480} INFO - Exporting env vars: AIRFLOW_CTX_DAG_OWNER='***' AIRFLOW_CTX_DAG_ID='etl_***' AIRFLOW_CTX_TASK_ID='load' AIRFLOW_CTX_EXECUTION_DATE='2024-11-25T00:00:00+00:00' AIRFLOW_CTX_TRY_NUMBER='1' AIRFLOW_CTX_DAG_RUN_ID='scheduled__2024-11-25T00:00:00+00:00'
[2025-12-17T01:56:02.741+0000] {logging_mixin.py:188} INFO - [LOAD]
[2025-12-17T01:56:02.796+0000] {logging_mixin.py:188} INFO -    user_id event_type            timestamp country
0        1      login  2025-01-01T09:00:00      IN
1        1      click  2025-01-01T09:05:00      IN
2        1     logout  2025-01-01T09:15:00      IN
3        3      login  2025-01-02T08:00:00      FR
4        3      click  2025-01-02T08:05:00      FR
[2025-12-17T01:56:02.797+0000] {logging_mixin.py:188} INFO - [LOAD] done
[2025-12-17T01:56:02.798+0000] {python.py:201} INFO - Done. Returned value was: None
[2025-12-17T01:56:02.839+0000] {taskinstance.py:1138} INFO - Marking task as SUCCESS. dag_id=etl_***, task_id=load, execution_date=20241125T000000, start_date=20251217T015601, end_date=20251217T015602
[2025-12-17T01:56:02.978+0000] {local_task_job_runner.py:234} INFO - Task exited with return code 0
[2025-12-17T01:56:03.049+0000] {taskinstance.py:3280} INFO - 0 downstream tasks scheduled from follow-on schedule check
