[2025-12-16T17:14:44.267+0000] {taskinstance.py:1956} INFO - Dependencies all met for dep_context=non-requeueable deps ti=<TaskInstance: etl_airflow.transform scheduled__2024-11-05T00:00:00+00:00 [queued]>
[2025-12-16T17:14:44.292+0000] {taskinstance.py:1956} INFO - Dependencies all met for dep_context=requeueable deps ti=<TaskInstance: etl_airflow.transform scheduled__2024-11-05T00:00:00+00:00 [queued]>
[2025-12-16T17:14:44.293+0000] {taskinstance.py:2170} INFO - Starting attempt 1 of 3
[2025-12-16T17:14:44.340+0000] {taskinstance.py:2191} INFO - Executing <Task(PythonOperator): transform> on 2024-11-05 00:00:00+00:00
[2025-12-16T17:14:44.358+0000] {standard_task_runner.py:60} INFO - Started process 1474 to run task
[2025-12-16T17:14:44.367+0000] {standard_task_runner.py:87} INFO - Running: ['***', 'tasks', 'run', 'etl_***', 'transform', 'scheduled__2024-11-05T00:00:00+00:00', '--job-id', '4544', '--raw', '--subdir', 'DAGS_FOLDER/etl_dag.py', '--cfg-path', '/tmp/tmpfuqta8ig']
[2025-12-16T17:14:44.374+0000] {standard_task_runner.py:88} INFO - Job 4544: Subtask transform
[2025-12-16T17:14:44.549+0000] {task_command.py:423} INFO - Running <TaskInstance: etl_airflow.transform scheduled__2024-11-05T00:00:00+00:00 [running]> on host 3b89cfee50e9
[2025-12-16T17:14:44.775+0000] {taskinstance.py:2480} INFO - Exporting env vars: AIRFLOW_CTX_DAG_OWNER='***' AIRFLOW_CTX_DAG_ID='etl_***' AIRFLOW_CTX_TASK_ID='transform' AIRFLOW_CTX_EXECUTION_DATE='2024-11-05T00:00:00+00:00' AIRFLOW_CTX_TRY_NUMBER='1' AIRFLOW_CTX_DAG_RUN_ID='scheduled__2024-11-05T00:00:00+00:00'
[2025-12-16T17:14:44.779+0000] {logging_mixin.py:188} INFO - [TRANSFORM]
[2025-12-16T17:14:45.166+0000] {logging_mixin.py:188} INFO - [TRANSFORM] done
[2025-12-16T17:14:45.167+0000] {python.py:201} INFO - Done. Returned value was: None
[2025-12-16T17:14:45.189+0000] {taskinstance.py:1138} INFO - Marking task as SUCCESS. dag_id=etl_***, task_id=transform, execution_date=20241105T000000, start_date=20251216T171444, end_date=20251216T171445
[2025-12-16T17:14:45.373+0000] {local_task_job_runner.py:234} INFO - Task exited with return code 0
[2025-12-16T17:14:45.453+0000] {taskinstance.py:3280} INFO - 1 downstream tasks scheduled from follow-on schedule check
[2025-12-17T01:55:41.740+0000] {taskinstance.py:1956} INFO - Dependencies all met for dep_context=non-requeueable deps ti=<TaskInstance: etl_airflow.transform scheduled__2024-11-05T00:00:00+00:00 [queued]>
[2025-12-17T01:55:41.766+0000] {taskinstance.py:1956} INFO - Dependencies all met for dep_context=requeueable deps ti=<TaskInstance: etl_airflow.transform scheduled__2024-11-05T00:00:00+00:00 [queued]>
[2025-12-17T01:55:41.768+0000] {taskinstance.py:2170} INFO - Starting attempt 1 of 3
[2025-12-17T01:55:41.811+0000] {taskinstance.py:2191} INFO - Executing <Task(PythonOperator): transform> on 2024-11-05 00:00:00+00:00
[2025-12-17T01:55:41.823+0000] {standard_task_runner.py:60} INFO - Started process 3248 to run task
[2025-12-17T01:55:41.837+0000] {standard_task_runner.py:87} INFO - Running: ['***', 'tasks', 'run', 'etl_***', 'transform', 'scheduled__2024-11-05T00:00:00+00:00', '--job-id', '953', '--raw', '--subdir', 'DAGS_FOLDER/etl_dag.py', '--cfg-path', '/tmp/tmpz6pkdykj']
[2025-12-17T01:55:41.846+0000] {standard_task_runner.py:88} INFO - Job 953: Subtask transform
[2025-12-17T01:55:42.061+0000] {task_command.py:423} INFO - Running <TaskInstance: etl_airflow.transform scheduled__2024-11-05T00:00:00+00:00 [running]> on host 571e042550da
[2025-12-17T01:55:42.805+0000] {taskinstance.py:2480} INFO - Exporting env vars: AIRFLOW_CTX_DAG_OWNER='***' AIRFLOW_CTX_DAG_ID='etl_***' AIRFLOW_CTX_TASK_ID='transform' AIRFLOW_CTX_EXECUTION_DATE='2024-11-05T00:00:00+00:00' AIRFLOW_CTX_TRY_NUMBER='1' AIRFLOW_CTX_DAG_RUN_ID='scheduled__2024-11-05T00:00:00+00:00'
[2025-12-17T01:55:42.819+0000] {logging_mixin.py:188} INFO - [TRANSFORM]
[2025-12-17T01:55:42.880+0000] {logging_mixin.py:188} INFO - [TRANSFORM] done
[2025-12-17T01:55:42.884+0000] {python.py:201} INFO - Done. Returned value was: None
[2025-12-17T01:55:42.917+0000] {taskinstance.py:1138} INFO - Marking task as SUCCESS. dag_id=etl_***, task_id=transform, execution_date=20241105T000000, start_date=20251217T015541, end_date=20251217T015542
[2025-12-17T01:55:43.278+0000] {local_task_job_runner.py:234} INFO - Task exited with return code 0
[2025-12-17T01:55:43.350+0000] {taskinstance.py:3280} INFO - 1 downstream tasks scheduled from follow-on schedule check
[2025-12-17T04:53:26.399+0000] {taskinstance.py:1956} INFO - Dependencies all met for dep_context=non-requeueable deps ti=<TaskInstance: etl_airflow.transform scheduled__2024-11-05T00:00:00+00:00 [queued]>
[2025-12-17T04:53:26.415+0000] {taskinstance.py:1956} INFO - Dependencies all met for dep_context=requeueable deps ti=<TaskInstance: etl_airflow.transform scheduled__2024-11-05T00:00:00+00:00 [queued]>
[2025-12-17T04:53:26.416+0000] {taskinstance.py:2170} INFO - Starting attempt 1 of 3
[2025-12-17T04:53:26.533+0000] {taskinstance.py:2191} INFO - Executing <Task(PythonOperator): transform> on 2024-11-05 00:00:00+00:00
[2025-12-17T04:53:26.543+0000] {standard_task_runner.py:60} INFO - Started process 4295 to run task
[2025-12-17T04:53:26.561+0000] {standard_task_runner.py:87} INFO - Running: ['***', 'tasks', 'run', 'etl_***', 'transform', 'scheduled__2024-11-05T00:00:00+00:00', '--job-id', '1233', '--raw', '--subdir', 'DAGS_FOLDER/etl_***.py', '--cfg-path', '/tmp/tmpg_7yve_d']
[2025-12-17T04:53:26.568+0000] {standard_task_runner.py:88} INFO - Job 1233: Subtask transform
[2025-12-17T04:53:26.712+0000] {task_command.py:423} INFO - Running <TaskInstance: etl_airflow.transform scheduled__2024-11-05T00:00:00+00:00 [running]> on host b3426f05ac70
[2025-12-17T04:53:27.146+0000] {taskinstance.py:2480} INFO - Exporting env vars: AIRFLOW_CTX_DAG_OWNER='***' AIRFLOW_CTX_DAG_ID='etl_***' AIRFLOW_CTX_TASK_ID='transform' AIRFLOW_CTX_EXECUTION_DATE='2024-11-05T00:00:00+00:00' AIRFLOW_CTX_TRY_NUMBER='1' AIRFLOW_CTX_DAG_RUN_ID='scheduled__2024-11-05T00:00:00+00:00'
[2025-12-17T04:53:27.149+0000] {taskinstance.py:2698} ERROR - Task failed with exception
Traceback (most recent call last):
  File "/home/airflow/.local/lib/python3.8/site-packages/airflow/models/taskinstance.py", line 433, in _execute_task
    result = execute_callable(context=context, **execute_callable_kwargs)
  File "/home/airflow/.local/lib/python3.8/site-packages/airflow/operators/python.py", line 199, in execute
    return_value = self.execute_callable()
  File "/home/airflow/.local/lib/python3.8/site-packages/airflow/operators/python.py", line 216, in execute_callable
    return self.python_callable(*self.op_args, **self.op_kwargs)
TypeError: transform_data() missing 1 required positional argument: 'df'
[2025-12-17T04:53:27.171+0000] {taskinstance.py:1138} INFO - Marking task as UP_FOR_RETRY. dag_id=etl_***, task_id=transform, execution_date=20241105T000000, start_date=20251217T045326, end_date=20251217T045327
[2025-12-17T04:53:27.261+0000] {standard_task_runner.py:107} ERROR - Failed to execute job 1233 for task transform (transform_data() missing 1 required positional argument: 'df'; 4295)
[2025-12-17T04:53:27.301+0000] {local_task_job_runner.py:234} INFO - Task exited with return code 1
[2025-12-17T04:53:27.587+0000] {taskinstance.py:3280} INFO - 0 downstream tasks scheduled from follow-on schedule check
[2025-12-17T07:58:37.136+0000] {taskinstance.py:1956} INFO - Dependencies all met for dep_context=non-requeueable deps ti=<TaskInstance: etl_airflow.transform scheduled__2024-11-05T00:00:00+00:00 [queued]>
[2025-12-17T07:58:37.173+0000] {taskinstance.py:1956} INFO - Dependencies all met for dep_context=requeueable deps ti=<TaskInstance: etl_airflow.transform scheduled__2024-11-05T00:00:00+00:00 [queued]>
[2025-12-17T07:58:37.175+0000] {taskinstance.py:2170} INFO - Starting attempt 1 of 3
[2025-12-17T07:58:37.216+0000] {taskinstance.py:2191} INFO - Executing <Task(PythonOperator): transform> on 2024-11-05 00:00:00+00:00
[2025-12-17T07:58:37.238+0000] {standard_task_runner.py:60} INFO - Started process 4399 to run task
[2025-12-17T07:58:37.248+0000] {standard_task_runner.py:87} INFO - Running: ['***', 'tasks', 'run', 'etl_***', 'transform', 'scheduled__2024-11-05T00:00:00+00:00', '--job-id', '1242', '--raw', '--subdir', 'DAGS_FOLDER/etl_***.py', '--cfg-path', '/tmp/tmp6hbzef9d']
[2025-12-17T07:58:37.254+0000] {standard_task_runner.py:88} INFO - Job 1242: Subtask transform
[2025-12-17T07:58:37.482+0000] {task_command.py:423} INFO - Running <TaskInstance: etl_airflow.transform scheduled__2024-11-05T00:00:00+00:00 [running]> on host 2a0de06c8905
[2025-12-17T07:58:38.407+0000] {taskinstance.py:2480} INFO - Exporting env vars: AIRFLOW_CTX_DAG_OWNER='***' AIRFLOW_CTX_DAG_ID='etl_***' AIRFLOW_CTX_TASK_ID='transform' AIRFLOW_CTX_EXECUTION_DATE='2024-11-05T00:00:00+00:00' AIRFLOW_CTX_TRY_NUMBER='1' AIRFLOW_CTX_DAG_RUN_ID='scheduled__2024-11-05T00:00:00+00:00'
[2025-12-17T07:58:38.415+0000] {taskinstance.py:2698} ERROR - Task failed with exception
Traceback (most recent call last):
  File "/home/airflow/.local/lib/python3.8/site-packages/airflow/models/taskinstance.py", line 433, in _execute_task
    result = execute_callable(context=context, **execute_callable_kwargs)
  File "/home/airflow/.local/lib/python3.8/site-packages/airflow/operators/python.py", line 199, in execute
    return_value = self.execute_callable()
  File "/home/airflow/.local/lib/python3.8/site-packages/airflow/operators/python.py", line 216, in execute_callable
    return self.python_callable(*self.op_args, **self.op_kwargs)
TypeError: transform_data() missing 1 required positional argument: 'df'
[2025-12-17T07:58:38.451+0000] {taskinstance.py:1138} INFO - Marking task as UP_FOR_RETRY. dag_id=etl_***, task_id=transform, execution_date=20241105T000000, start_date=20251217T075837, end_date=20251217T075838
[2025-12-17T07:58:38.495+0000] {standard_task_runner.py:107} ERROR - Failed to execute job 1242 for task transform (transform_data() missing 1 required positional argument: 'df'; 4399)
[2025-12-17T07:58:38.597+0000] {local_task_job_runner.py:234} INFO - Task exited with return code 1
[2025-12-17T07:58:38.682+0000] {taskinstance.py:3280} INFO - 0 downstream tasks scheduled from follow-on schedule check
