[2025-12-17T01:59:03.200+0000] {taskinstance.py:1956} INFO - Dependencies all met for dep_context=non-requeueable deps ti=<TaskInstance: etl_airflow.extract scheduled__2025-06-09T00:00:00+00:00 [queued]>
[2025-12-17T01:59:03.220+0000] {taskinstance.py:1956} INFO - Dependencies all met for dep_context=requeueable deps ti=<TaskInstance: etl_airflow.extract scheduled__2025-06-09T00:00:00+00:00 [queued]>
[2025-12-17T01:59:03.222+0000] {taskinstance.py:2170} INFO - Starting attempt 1 of 3
[2025-12-17T01:59:03.251+0000] {taskinstance.py:2191} INFO - Executing <Task(PythonOperator): extract> on 2025-06-09 00:00:00+00:00
[2025-12-17T01:59:03.267+0000] {standard_task_runner.py:60} INFO - Started process 5250 to run task
[2025-12-17T01:59:03.274+0000] {standard_task_runner.py:87} INFO - Running: ['***', 'tasks', 'run', 'etl_***', 'extract', 'scheduled__2025-06-09T00:00:00+00:00', '--job-id', '1586', '--raw', '--subdir', 'DAGS_FOLDER/etl_dag.py', '--cfg-path', '/tmp/tmpfzrzd9oa']
[2025-12-17T01:59:03.284+0000] {standard_task_runner.py:88} INFO - Job 1586: Subtask extract
[2025-12-17T01:59:03.439+0000] {task_command.py:423} INFO - Running <TaskInstance: etl_airflow.extract scheduled__2025-06-09T00:00:00+00:00 [running]> on host 571e042550da
[2025-12-17T01:59:03.888+0000] {taskinstance.py:2480} INFO - Exporting env vars: AIRFLOW_CTX_DAG_OWNER='***' AIRFLOW_CTX_DAG_ID='etl_***' AIRFLOW_CTX_TASK_ID='extract' AIRFLOW_CTX_EXECUTION_DATE='2025-06-09T00:00:00+00:00' AIRFLOW_CTX_TRY_NUMBER='1' AIRFLOW_CTX_DAG_RUN_ID='scheduled__2025-06-09T00:00:00+00:00'
[2025-12-17T01:59:03.890+0000] {logging_mixin.py:188} INFO - [EXTRACT] Reading /opt/***/data/synthetic_events.csv
[2025-12-17T01:59:03.928+0000] {logging_mixin.py:188} INFO - [EXTRACT] done
[2025-12-17T01:59:03.930+0000] {python.py:201} INFO - Done. Returned value was: None
[2025-12-17T01:59:03.954+0000] {taskinstance.py:1138} INFO - Marking task as SUCCESS. dag_id=etl_***, task_id=extract, execution_date=20250609T000000, start_date=20251217T015903, end_date=20251217T015903
[2025-12-17T01:59:04.020+0000] {local_task_job_runner.py:234} INFO - Task exited with return code 0
[2025-12-17T01:59:04.385+0000] {taskinstance.py:3280} INFO - 0 downstream tasks scheduled from follow-on schedule check
[2025-12-17T05:00:57.920+0000] {taskinstance.py:1956} INFO - Dependencies all met for dep_context=non-requeueable deps ti=<TaskInstance: etl_airflow.extract scheduled__2025-06-09T00:00:00+00:00 [queued]>
[2025-12-17T05:00:57.937+0000] {taskinstance.py:1956} INFO - Dependencies all met for dep_context=requeueable deps ti=<TaskInstance: etl_airflow.extract scheduled__2025-06-09T00:00:00+00:00 [queued]>
[2025-12-17T05:00:57.944+0000] {taskinstance.py:2170} INFO - Starting attempt 1 of 3
[2025-12-17T05:00:58.056+0000] {taskinstance.py:2191} INFO - Executing <Task(PythonOperator): extract> on 2025-06-09 00:00:00+00:00
[2025-12-17T05:00:58.068+0000] {standard_task_runner.py:60} INFO - Started process 7048 to run task
[2025-12-17T05:00:58.078+0000] {standard_task_runner.py:87} INFO - Running: ['***', 'tasks', 'run', 'etl_***', 'extract', 'scheduled__2025-06-09T00:00:00+00:00', '--job-id', '2070', '--raw', '--subdir', 'DAGS_FOLDER/etl_***.py', '--cfg-path', '/tmp/tmptcpg4k97']
[2025-12-17T05:00:58.082+0000] {standard_task_runner.py:88} INFO - Job 2070: Subtask extract
[2025-12-17T05:00:58.230+0000] {task_command.py:423} INFO - Running <TaskInstance: etl_airflow.extract scheduled__2025-06-09T00:00:00+00:00 [running]> on host b3426f05ac70
[2025-12-17T05:00:58.694+0000] {taskinstance.py:2480} INFO - Exporting env vars: AIRFLOW_CTX_DAG_OWNER='***' AIRFLOW_CTX_DAG_ID='etl_***' AIRFLOW_CTX_TASK_ID='extract' AIRFLOW_CTX_EXECUTION_DATE='2025-06-09T00:00:00+00:00' AIRFLOW_CTX_TRY_NUMBER='1' AIRFLOW_CTX_DAG_RUN_ID='scheduled__2025-06-09T00:00:00+00:00'
[2025-12-17T05:00:58.733+0000] {python.py:201} INFO - Done. Returned value was:    user_id event_type           timestamp country
0        1      login 2025-01-01 09:00:00      IN
1        1      click 2025-01-01 09:05:00      IN
2        1     logout 2025-01-01 09:15:00      IN
3        2      login 2025-01-01 10:00:00      US
4        2      click 2025-01-01 10:10:00      US
5        2     logout 2025-01-01 10:20:00      US
6        3      login 2025-01-02 08:00:00      FR
7        3      click 2025-01-02 08:05:00      FR
8        3     logout 2025-01-02 08:30:00      FR
[2025-12-17T05:00:58.807+0000] {taskinstance.py:1138} INFO - Marking task as SUCCESS. dag_id=etl_***, task_id=extract, execution_date=20250609T000000, start_date=20251217T050057, end_date=20251217T050058
[2025-12-17T05:00:58.863+0000] {local_task_job_runner.py:234} INFO - Task exited with return code 0
[2025-12-17T05:00:59.076+0000] {taskinstance.py:3280} INFO - 0 downstream tasks scheduled from follow-on schedule check
