[2025-12-16T17:21:10.670+0000] {taskinstance.py:1956} INFO - Dependencies all met for dep_context=non-requeueable deps ti=<TaskInstance: etl_airflow.transform scheduled__2024-01-15T00:00:00+00:00 [queued]>
[2025-12-16T17:21:10.714+0000] {taskinstance.py:1956} INFO - Dependencies all met for dep_context=requeueable deps ti=<TaskInstance: etl_airflow.transform scheduled__2024-01-15T00:00:00+00:00 [queued]>
[2025-12-16T17:21:10.716+0000] {taskinstance.py:2170} INFO - Starting attempt 3 of 5
[2025-12-16T17:21:10.764+0000] {taskinstance.py:2191} INFO - Executing <Task(PythonOperator): transform> on 2024-01-15 00:00:00+00:00
[2025-12-16T17:21:10.788+0000] {standard_task_runner.py:60} INFO - Started process 5598 to run task
[2025-12-16T17:21:10.823+0000] {standard_task_runner.py:87} INFO - Running: ['***', 'tasks', 'run', 'etl_***', 'transform', 'scheduled__2024-01-15T00:00:00+00:00', '--job-id', '5845', '--raw', '--subdir', 'DAGS_FOLDER/etl_dag.py', '--cfg-path', '/tmp/tmpw2zyv2q6']
[2025-12-16T17:21:10.843+0000] {standard_task_runner.py:88} INFO - Job 5845: Subtask transform
[2025-12-16T17:21:11.191+0000] {task_command.py:423} INFO - Running <TaskInstance: etl_airflow.transform scheduled__2024-01-15T00:00:00+00:00 [running]> on host 3b89cfee50e9
[2025-12-16T17:21:11.712+0000] {taskinstance.py:2480} INFO - Exporting env vars: AIRFLOW_CTX_DAG_OWNER='***' AIRFLOW_CTX_DAG_ID='etl_***' AIRFLOW_CTX_TASK_ID='transform' AIRFLOW_CTX_EXECUTION_DATE='2024-01-15T00:00:00+00:00' AIRFLOW_CTX_TRY_NUMBER='3' AIRFLOW_CTX_DAG_RUN_ID='scheduled__2024-01-15T00:00:00+00:00'
[2025-12-16T17:21:11.724+0000] {logging_mixin.py:188} INFO - [TRANSFORM]
[2025-12-16T17:21:11.870+0000] {logging_mixin.py:188} INFO - [TRANSFORM] done
[2025-12-16T17:21:11.876+0000] {python.py:201} INFO - Done. Returned value was: None
[2025-12-16T17:21:12.483+0000] {taskinstance.py:1138} INFO - Marking task as SUCCESS. dag_id=etl_***, task_id=transform, execution_date=20240115T000000, start_date=20251216T172110, end_date=20251216T172112
[2025-12-16T17:21:12.583+0000] {local_task_job_runner.py:234} INFO - Task exited with return code 0
[2025-12-16T17:21:12.647+0000] {taskinstance.py:3280} INFO - 1 downstream tasks scheduled from follow-on schedule check
[2025-12-17T04:42:50.915+0000] {taskinstance.py:1956} INFO - Dependencies all met for dep_context=non-requeueable deps ti=<TaskInstance: etl_airflow.transform scheduled__2024-01-15T00:00:00+00:00 [queued]>
[2025-12-17T04:42:50.929+0000] {taskinstance.py:1956} INFO - Dependencies all met for dep_context=requeueable deps ti=<TaskInstance: etl_airflow.transform scheduled__2024-01-15T00:00:00+00:00 [queued]>
[2025-12-17T04:42:50.930+0000] {taskinstance.py:2170} INFO - Starting attempt 3 of 3
[2025-12-17T04:42:50.953+0000] {taskinstance.py:2191} INFO - Executing <Task(PythonOperator): transform> on 2024-01-15 00:00:00+00:00
[2025-12-17T04:42:50.961+0000] {standard_task_runner.py:60} INFO - Started process 427 to run task
[2025-12-17T04:42:50.969+0000] {standard_task_runner.py:87} INFO - Running: ['***', 'tasks', 'run', 'etl_***', 'transform', 'scheduled__2024-01-15T00:00:00+00:00', '--job-id', '60', '--raw', '--subdir', 'DAGS_FOLDER/etl_***.py', '--cfg-path', '/tmp/tmpait7l7_k']
[2025-12-17T04:42:50.974+0000] {standard_task_runner.py:88} INFO - Job 60: Subtask transform
[2025-12-17T04:42:51.099+0000] {task_command.py:423} INFO - Running <TaskInstance: etl_airflow.transform scheduled__2024-01-15T00:00:00+00:00 [running]> on host b3426f05ac70
[2025-12-17T04:42:51.528+0000] {taskinstance.py:2480} INFO - Exporting env vars: AIRFLOW_CTX_DAG_OWNER='***' AIRFLOW_CTX_DAG_ID='etl_***' AIRFLOW_CTX_TASK_ID='transform' AIRFLOW_CTX_EXECUTION_DATE='2024-01-15T00:00:00+00:00' AIRFLOW_CTX_TRY_NUMBER='3' AIRFLOW_CTX_DAG_RUN_ID='scheduled__2024-01-15T00:00:00+00:00'
[2025-12-17T04:42:51.530+0000] {taskinstance.py:2698} ERROR - Task failed with exception
Traceback (most recent call last):
  File "/home/airflow/.local/lib/python3.8/site-packages/airflow/models/taskinstance.py", line 433, in _execute_task
    result = execute_callable(context=context, **execute_callable_kwargs)
  File "/home/airflow/.local/lib/python3.8/site-packages/airflow/operators/python.py", line 199, in execute
    return_value = self.execute_callable()
  File "/home/airflow/.local/lib/python3.8/site-packages/airflow/operators/python.py", line 216, in execute_callable
    return self.python_callable(*self.op_args, **self.op_kwargs)
TypeError: transform_data() missing 1 required positional argument: 'df'
[2025-12-17T04:42:51.542+0000] {taskinstance.py:1138} INFO - Marking task as FAILED. dag_id=etl_***, task_id=transform, execution_date=20240115T000000, start_date=20251217T044250, end_date=20251217T044251
[2025-12-17T04:42:51.561+0000] {standard_task_runner.py:107} ERROR - Failed to execute job 60 for task transform (transform_data() missing 1 required positional argument: 'df'; 427)
[2025-12-17T04:42:51.583+0000] {local_task_job_runner.py:234} INFO - Task exited with return code 1
[2025-12-17T04:42:51.616+0000] {taskinstance.py:3280} INFO - 0 downstream tasks scheduled from follow-on schedule check
[2025-12-17T07:35:49.858+0000] {taskinstance.py:1956} INFO - Dependencies all met for dep_context=non-requeueable deps ti=<TaskInstance: etl_airflow.transform scheduled__2024-01-15T00:00:00+00:00 [queued]>
[2025-12-17T07:35:49.877+0000] {taskinstance.py:1956} INFO - Dependencies all met for dep_context=requeueable deps ti=<TaskInstance: etl_airflow.transform scheduled__2024-01-15T00:00:00+00:00 [queued]>
[2025-12-17T07:35:49.880+0000] {taskinstance.py:2170} INFO - Starting attempt 3 of 3
[2025-12-17T07:35:49.904+0000] {taskinstance.py:2191} INFO - Executing <Task(PythonOperator): transform> on 2024-01-15 00:00:00+00:00
[2025-12-17T07:35:49.914+0000] {standard_task_runner.py:60} INFO - Started process 478 to run task
[2025-12-17T07:35:49.920+0000] {standard_task_runner.py:87} INFO - Running: ['***', 'tasks', 'run', 'etl_***', 'transform', 'scheduled__2024-01-15T00:00:00+00:00', '--job-id', '64', '--raw', '--subdir', 'DAGS_FOLDER/etl_***.py', '--cfg-path', '/tmp/tmpf2kwvutp']
[2025-12-17T07:35:49.925+0000] {standard_task_runner.py:88} INFO - Job 64: Subtask transform
[2025-12-17T07:35:50.059+0000] {task_command.py:423} INFO - Running <TaskInstance: etl_airflow.transform scheduled__2024-01-15T00:00:00+00:00 [running]> on host 2a0de06c8905
[2025-12-17T07:35:50.506+0000] {taskinstance.py:2480} INFO - Exporting env vars: AIRFLOW_CTX_DAG_OWNER='***' AIRFLOW_CTX_DAG_ID='etl_***' AIRFLOW_CTX_TASK_ID='transform' AIRFLOW_CTX_EXECUTION_DATE='2024-01-15T00:00:00+00:00' AIRFLOW_CTX_TRY_NUMBER='3' AIRFLOW_CTX_DAG_RUN_ID='scheduled__2024-01-15T00:00:00+00:00'
[2025-12-17T07:35:50.510+0000] {taskinstance.py:2698} ERROR - Task failed with exception
Traceback (most recent call last):
  File "/home/airflow/.local/lib/python3.8/site-packages/airflow/models/taskinstance.py", line 433, in _execute_task
    result = execute_callable(context=context, **execute_callable_kwargs)
  File "/home/airflow/.local/lib/python3.8/site-packages/airflow/operators/python.py", line 199, in execute
    return_value = self.execute_callable()
  File "/home/airflow/.local/lib/python3.8/site-packages/airflow/operators/python.py", line 216, in execute_callable
    return self.python_callable(*self.op_args, **self.op_kwargs)
TypeError: transform_data() missing 1 required positional argument: 'df'
[2025-12-17T07:35:50.525+0000] {taskinstance.py:1138} INFO - Marking task as FAILED. dag_id=etl_***, task_id=transform, execution_date=20240115T000000, start_date=20251217T073549, end_date=20251217T073550
[2025-12-17T07:35:50.546+0000] {standard_task_runner.py:107} ERROR - Failed to execute job 64 for task transform (transform_data() missing 1 required positional argument: 'df'; 478)
[2025-12-17T07:35:50.578+0000] {local_task_job_runner.py:234} INFO - Task exited with return code 1
[2025-12-17T07:35:50.624+0000] {taskinstance.py:3280} INFO - 0 downstream tasks scheduled from follow-on schedule check
