[2025-12-16T17:10:38.603+0000] {taskinstance.py:1956} INFO - Dependencies all met for dep_context=non-requeueable deps ti=<TaskInstance: etl_airflow.load scheduled__2024-02-27T00:00:00+00:00 [queued]>
[2025-12-16T17:10:38.637+0000] {taskinstance.py:1956} INFO - Dependencies all met for dep_context=requeueable deps ti=<TaskInstance: etl_airflow.load scheduled__2024-02-27T00:00:00+00:00 [queued]>
[2025-12-16T17:10:38.638+0000] {taskinstance.py:2170} INFO - Starting attempt 1 of 3
[2025-12-16T17:10:38.716+0000] {taskinstance.py:2191} INFO - Executing <Task(PythonOperator): load> on 2024-02-27 00:00:00+00:00
[2025-12-16T17:10:38.739+0000] {standard_task_runner.py:60} INFO - Started process 957 to run task
[2025-12-16T17:10:38.758+0000] {standard_task_runner.py:87} INFO - Running: ['***', 'tasks', 'run', 'etl_***', 'load', 'scheduled__2024-02-27T00:00:00+00:00', '--job-id', '3801', '--raw', '--subdir', 'DAGS_FOLDER/etl_dag.py', '--cfg-path', '/tmp/tmpx5r1bn3g']
[2025-12-16T17:10:38.778+0000] {standard_task_runner.py:88} INFO - Job 3801: Subtask load
[2025-12-16T17:10:38.994+0000] {task_command.py:423} INFO - Running <TaskInstance: etl_airflow.load scheduled__2024-02-27T00:00:00+00:00 [running]> on host 3b89cfee50e9
[2025-12-16T17:10:39.424+0000] {taskinstance.py:2480} INFO - Exporting env vars: AIRFLOW_CTX_DAG_OWNER='***' AIRFLOW_CTX_DAG_ID='etl_***' AIRFLOW_CTX_TASK_ID='load' AIRFLOW_CTX_EXECUTION_DATE='2024-02-27T00:00:00+00:00' AIRFLOW_CTX_TRY_NUMBER='1' AIRFLOW_CTX_DAG_RUN_ID='scheduled__2024-02-27T00:00:00+00:00'
[2025-12-16T17:10:39.429+0000] {logging_mixin.py:188} INFO - [LOAD]
[2025-12-16T17:10:40.306+0000] {logging_mixin.py:188} INFO -    user_id event_type            timestamp country
0        1      login  2025-01-01T09:00:00      IN
1        1      click  2025-01-01T09:05:00      IN
2        1     logout  2025-01-01T09:15:00      IN
3        3      login  2025-01-02T08:00:00      FR
4        3      click  2025-01-02T08:05:00      FR
[2025-12-16T17:10:40.307+0000] {logging_mixin.py:188} INFO - [LOAD] done
[2025-12-16T17:10:40.310+0000] {python.py:201} INFO - Done. Returned value was: None
[2025-12-16T17:10:40.326+0000] {taskinstance.py:1138} INFO - Marking task as SUCCESS. dag_id=etl_***, task_id=load, execution_date=20240227T000000, start_date=20251216T171038, end_date=20251216T171040
[2025-12-16T17:10:40.479+0000] {local_task_job_runner.py:234} INFO - Task exited with return code 0
[2025-12-16T17:10:40.509+0000] {taskinstance.py:3280} INFO - 0 downstream tasks scheduled from follow-on schedule check
[2025-12-17T01:51:05.563+0000] {taskinstance.py:1956} INFO - Dependencies all met for dep_context=non-requeueable deps ti=<TaskInstance: etl_airflow.load scheduled__2024-02-27T00:00:00+00:00 [queued]>
[2025-12-17T01:51:05.605+0000] {taskinstance.py:1956} INFO - Dependencies all met for dep_context=requeueable deps ti=<TaskInstance: etl_airflow.load scheduled__2024-02-27T00:00:00+00:00 [queued]>
[2025-12-17T01:51:05.607+0000] {taskinstance.py:2170} INFO - Starting attempt 1 of 3
[2025-12-17T01:51:05.647+0000] {taskinstance.py:2191} INFO - Executing <Task(PythonOperator): load> on 2024-02-27 00:00:00+00:00
[2025-12-17T01:51:05.662+0000] {standard_task_runner.py:60} INFO - Started process 826 to run task
[2025-12-17T01:51:05.669+0000] {standard_task_runner.py:87} INFO - Running: ['***', 'tasks', 'run', 'etl_***', 'load', 'scheduled__2024-02-27T00:00:00+00:00', '--job-id', '195', '--raw', '--subdir', 'DAGS_FOLDER/etl_dag.py', '--cfg-path', '/tmp/tmpafblqgof']
[2025-12-17T01:51:05.678+0000] {standard_task_runner.py:88} INFO - Job 195: Subtask load
[2025-12-17T01:51:05.857+0000] {task_command.py:423} INFO - Running <TaskInstance: etl_airflow.load scheduled__2024-02-27T00:00:00+00:00 [running]> on host 571e042550da
[2025-12-17T01:51:06.332+0000] {taskinstance.py:2480} INFO - Exporting env vars: AIRFLOW_CTX_DAG_OWNER='***' AIRFLOW_CTX_DAG_ID='etl_***' AIRFLOW_CTX_TASK_ID='load' AIRFLOW_CTX_EXECUTION_DATE='2024-02-27T00:00:00+00:00' AIRFLOW_CTX_TRY_NUMBER='1' AIRFLOW_CTX_DAG_RUN_ID='scheduled__2024-02-27T00:00:00+00:00'
[2025-12-17T01:51:06.335+0000] {logging_mixin.py:188} INFO - [LOAD]
[2025-12-17T01:51:06.367+0000] {logging_mixin.py:188} INFO -    user_id event_type            timestamp country
0        1      login  2025-01-01T09:00:00      IN
1        1      click  2025-01-01T09:05:00      IN
2        1     logout  2025-01-01T09:15:00      IN
3        3      login  2025-01-02T08:00:00      FR
4        3      click  2025-01-02T08:05:00      FR
[2025-12-17T01:51:06.368+0000] {logging_mixin.py:188} INFO - [LOAD] done
[2025-12-17T01:51:06.369+0000] {python.py:201} INFO - Done. Returned value was: None
[2025-12-17T01:51:06.387+0000] {taskinstance.py:1138} INFO - Marking task as SUCCESS. dag_id=etl_***, task_id=load, execution_date=20240227T000000, start_date=20251217T015105, end_date=20251217T015106
[2025-12-17T01:51:06.453+0000] {local_task_job_runner.py:234} INFO - Task exited with return code 0
[2025-12-17T01:51:06.686+0000] {taskinstance.py:3280} INFO - 0 downstream tasks scheduled from follow-on schedule check
