[2025-12-17T04:42:36.989+0000] {taskinstance.py:1956} INFO - Dependencies all met for dep_context=non-requeueable deps ti=<TaskInstance: etl_airflow.transform scheduled__2024-01-02T00:00:00+00:00 [queued]>
[2025-12-17T04:42:37.004+0000] {taskinstance.py:1956} INFO - Dependencies all met for dep_context=requeueable deps ti=<TaskInstance: etl_airflow.transform scheduled__2024-01-02T00:00:00+00:00 [queued]>
[2025-12-17T04:42:37.006+0000] {taskinstance.py:2170} INFO - Starting attempt 2 of 3
[2025-12-17T04:42:37.026+0000] {taskinstance.py:2191} INFO - Executing <Task(PythonOperator): transform> on 2024-01-02 00:00:00+00:00
[2025-12-17T04:42:37.038+0000] {standard_task_runner.py:60} INFO - Started process 342 to run task
[2025-12-17T04:42:37.044+0000] {standard_task_runner.py:87} INFO - Running: ['***', 'tasks', 'run', 'etl_***', 'transform', 'scheduled__2024-01-02T00:00:00+00:00', '--job-id', '37', '--raw', '--subdir', 'DAGS_FOLDER/etl_***.py', '--cfg-path', '/tmp/tmp4epr_0pd']
[2025-12-17T04:42:37.049+0000] {standard_task_runner.py:88} INFO - Job 37: Subtask transform
[2025-12-17T04:42:37.170+0000] {task_command.py:423} INFO - Running <TaskInstance: etl_airflow.transform scheduled__2024-01-02T00:00:00+00:00 [running]> on host b3426f05ac70
[2025-12-17T04:42:37.590+0000] {taskinstance.py:2480} INFO - Exporting env vars: AIRFLOW_CTX_DAG_OWNER='***' AIRFLOW_CTX_DAG_ID='etl_***' AIRFLOW_CTX_TASK_ID='transform' AIRFLOW_CTX_EXECUTION_DATE='2024-01-02T00:00:00+00:00' AIRFLOW_CTX_TRY_NUMBER='2' AIRFLOW_CTX_DAG_RUN_ID='scheduled__2024-01-02T00:00:00+00:00'
[2025-12-17T04:42:37.596+0000] {taskinstance.py:2698} ERROR - Task failed with exception
Traceback (most recent call last):
  File "/home/airflow/.local/lib/python3.8/site-packages/airflow/models/taskinstance.py", line 433, in _execute_task
    result = execute_callable(context=context, **execute_callable_kwargs)
  File "/home/airflow/.local/lib/python3.8/site-packages/airflow/operators/python.py", line 199, in execute
    return_value = self.execute_callable()
  File "/home/airflow/.local/lib/python3.8/site-packages/airflow/operators/python.py", line 216, in execute_callable
    return self.python_callable(*self.op_args, **self.op_kwargs)
TypeError: transform_data() missing 1 required positional argument: 'df'
[2025-12-17T04:42:37.616+0000] {taskinstance.py:1138} INFO - Marking task as UP_FOR_RETRY. dag_id=etl_***, task_id=transform, execution_date=20240102T000000, start_date=20251217T044236, end_date=20251217T044237
[2025-12-17T04:42:37.657+0000] {standard_task_runner.py:107} ERROR - Failed to execute job 37 for task transform (transform_data() missing 1 required positional argument: 'df'; 342)
[2025-12-17T04:42:37.717+0000] {local_task_job_runner.py:234} INFO - Task exited with return code 1
[2025-12-17T04:42:37.971+0000] {taskinstance.py:3280} INFO - 0 downstream tasks scheduled from follow-on schedule check
[2025-12-17T07:35:34.358+0000] {taskinstance.py:1956} INFO - Dependencies all met for dep_context=non-requeueable deps ti=<TaskInstance: etl_airflow.transform scheduled__2024-01-02T00:00:00+00:00 [queued]>
[2025-12-17T07:35:34.384+0000] {taskinstance.py:1956} INFO - Dependencies all met for dep_context=requeueable deps ti=<TaskInstance: etl_airflow.transform scheduled__2024-01-02T00:00:00+00:00 [queued]>
[2025-12-17T07:35:34.387+0000] {taskinstance.py:2170} INFO - Starting attempt 2 of 3
[2025-12-17T07:35:34.420+0000] {taskinstance.py:2191} INFO - Executing <Task(PythonOperator): transform> on 2024-01-02 00:00:00+00:00
[2025-12-17T07:35:34.434+0000] {standard_task_runner.py:60} INFO - Started process 410 to run task
[2025-12-17T07:35:34.445+0000] {standard_task_runner.py:87} INFO - Running: ['***', 'tasks', 'run', 'etl_***', 'transform', 'scheduled__2024-01-02T00:00:00+00:00', '--job-id', '39', '--raw', '--subdir', 'DAGS_FOLDER/etl_***.py', '--cfg-path', '/tmp/tmpxgw4fsnm']
[2025-12-17T07:35:34.452+0000] {standard_task_runner.py:88} INFO - Job 39: Subtask transform
[2025-12-17T07:35:34.605+0000] {task_command.py:423} INFO - Running <TaskInstance: etl_airflow.transform scheduled__2024-01-02T00:00:00+00:00 [running]> on host 2a0de06c8905
[2025-12-17T07:35:35.139+0000] {taskinstance.py:2480} INFO - Exporting env vars: AIRFLOW_CTX_DAG_OWNER='***' AIRFLOW_CTX_DAG_ID='etl_***' AIRFLOW_CTX_TASK_ID='transform' AIRFLOW_CTX_EXECUTION_DATE='2024-01-02T00:00:00+00:00' AIRFLOW_CTX_TRY_NUMBER='2' AIRFLOW_CTX_DAG_RUN_ID='scheduled__2024-01-02T00:00:00+00:00'
[2025-12-17T07:35:35.146+0000] {taskinstance.py:2698} ERROR - Task failed with exception
Traceback (most recent call last):
  File "/home/airflow/.local/lib/python3.8/site-packages/airflow/models/taskinstance.py", line 433, in _execute_task
    result = execute_callable(context=context, **execute_callable_kwargs)
  File "/home/airflow/.local/lib/python3.8/site-packages/airflow/operators/python.py", line 199, in execute
    return_value = self.execute_callable()
  File "/home/airflow/.local/lib/python3.8/site-packages/airflow/operators/python.py", line 216, in execute_callable
    return self.python_callable(*self.op_args, **self.op_kwargs)
TypeError: transform_data() missing 1 required positional argument: 'df'
[2025-12-17T07:35:35.165+0000] {taskinstance.py:1138} INFO - Marking task as UP_FOR_RETRY. dag_id=etl_***, task_id=transform, execution_date=20240102T000000, start_date=20251217T073534, end_date=20251217T073535
[2025-12-17T07:35:35.204+0000] {standard_task_runner.py:107} ERROR - Failed to execute job 39 for task transform (transform_data() missing 1 required positional argument: 'df'; 410)
[2025-12-17T07:35:35.229+0000] {local_task_job_runner.py:234} INFO - Task exited with return code 1
[2025-12-17T07:35:35.415+0000] {taskinstance.py:3280} INFO - 0 downstream tasks scheduled from follow-on schedule check
