[2025-12-16T16:38:31.446+0000] {taskinstance.py:1956} INFO - Dependencies all met for dep_context=non-requeueable deps ti=<TaskInstance: etl_airflow.extract scheduled__2024-09-02T00:00:00+00:00 [queued]>
[2025-12-16T16:38:31.460+0000] {taskinstance.py:1956} INFO - Dependencies all met for dep_context=requeueable deps ti=<TaskInstance: etl_airflow.extract scheduled__2024-09-02T00:00:00+00:00 [queued]>
[2025-12-16T16:38:31.461+0000] {taskinstance.py:2170} INFO - Starting attempt 1 of 3
[2025-12-16T16:38:31.657+0000] {taskinstance.py:2191} INFO - Executing <Task(PythonOperator): extract> on 2024-09-02 00:00:00+00:00
[2025-12-16T16:38:31.673+0000] {standard_task_runner.py:60} INFO - Started process 1308 to run task
[2025-12-16T16:38:31.685+0000] {standard_task_runner.py:87} INFO - Running: ['***', 'tasks', 'run', 'etl_***', 'extract', 'scheduled__2024-09-02T00:00:00+00:00', '--job-id', '728', '--raw', '--subdir', 'DAGS_FOLDER/etl_dag.py', '--cfg-path', '/tmp/tmp43v3a7tz']
[2025-12-16T16:38:31.696+0000] {standard_task_runner.py:88} INFO - Job 728: Subtask extract
[2025-12-16T16:38:31.829+0000] {task_command.py:423} INFO - Running <TaskInstance: etl_airflow.extract scheduled__2024-09-02T00:00:00+00:00 [running]> on host 02b83863a69a
[2025-12-16T16:38:31.974+0000] {taskinstance.py:2480} INFO - Exporting env vars: AIRFLOW_CTX_DAG_OWNER='***' AIRFLOW_CTX_DAG_ID='etl_***' AIRFLOW_CTX_TASK_ID='extract' AIRFLOW_CTX_EXECUTION_DATE='2024-09-02T00:00:00+00:00' AIRFLOW_CTX_TRY_NUMBER='1' AIRFLOW_CTX_DAG_RUN_ID='scheduled__2024-09-02T00:00:00+00:00'
[2025-12-16T16:38:31.977+0000] {logging_mixin.py:188} INFO - Extracting data from /opt/***/data/input.csv
[2025-12-16T16:38:31.990+0000] {taskinstance.py:2698} ERROR - Task failed with exception
Traceback (most recent call last):
  File "/home/airflow/.local/lib/python3.8/site-packages/airflow/models/taskinstance.py", line 433, in _execute_task
    result = execute_callable(context=context, **execute_callable_kwargs)
  File "/home/airflow/.local/lib/python3.8/site-packages/airflow/operators/python.py", line 199, in execute
    return_value = self.execute_callable()
  File "/home/airflow/.local/lib/python3.8/site-packages/airflow/operators/python.py", line 216, in execute_callable
    return self.python_callable(*self.op_args, **self.op_kwargs)
  File "/opt/airflow/etl_logic/pipeline.py", line 97, in extract_data
    df = pd.read_csv(input_path)
  File "/home/airflow/.local/lib/python3.8/site-packages/pandas/io/parsers/readers.py", line 912, in read_csv
    return _read(filepath_or_buffer, kwds)
  File "/home/airflow/.local/lib/python3.8/site-packages/pandas/io/parsers/readers.py", line 577, in _read
    parser = TextFileReader(filepath_or_buffer, **kwds)
  File "/home/airflow/.local/lib/python3.8/site-packages/pandas/io/parsers/readers.py", line 1407, in __init__
    self._engine = self._make_engine(f, self.engine)
  File "/home/airflow/.local/lib/python3.8/site-packages/pandas/io/parsers/readers.py", line 1661, in _make_engine
    self.handles = get_handle(
  File "/home/airflow/.local/lib/python3.8/site-packages/pandas/io/common.py", line 859, in get_handle
    handle = open(
FileNotFoundError: [Errno 2] No such file or directory: '/opt/airflow/data/input.csv'
[2025-12-16T16:38:32.019+0000] {taskinstance.py:1138} INFO - Marking task as UP_FOR_RETRY. dag_id=etl_***, task_id=extract, execution_date=20240902T000000, start_date=20251216T163831, end_date=20251216T163832
[2025-12-16T16:38:32.049+0000] {standard_task_runner.py:107} ERROR - Failed to execute job 728 for task extract ([Errno 2] No such file or directory: '/opt/airflow/data/input.csv'; 1308)
[2025-12-16T16:38:32.101+0000] {local_task_job_runner.py:234} INFO - Task exited with return code 1
[2025-12-16T16:38:32.336+0000] {taskinstance.py:3280} INFO - 0 downstream tasks scheduled from follow-on schedule check
[2025-12-17T01:54:22.990+0000] {taskinstance.py:1956} INFO - Dependencies all met for dep_context=non-requeueable deps ti=<TaskInstance: etl_airflow.extract scheduled__2024-09-02T00:00:00+00:00 [queued]>
[2025-12-17T01:54:23.011+0000] {taskinstance.py:1956} INFO - Dependencies all met for dep_context=requeueable deps ti=<TaskInstance: etl_airflow.extract scheduled__2024-09-02T00:00:00+00:00 [queued]>
[2025-12-17T01:54:23.013+0000] {taskinstance.py:2170} INFO - Starting attempt 1 of 3
[2025-12-17T01:54:23.066+0000] {taskinstance.py:2191} INFO - Executing <Task(PythonOperator): extract> on 2024-09-02 00:00:00+00:00
[2025-12-17T01:54:23.080+0000] {standard_task_runner.py:60} INFO - Started process 2538 to run task
[2025-12-17T01:54:23.099+0000] {standard_task_runner.py:87} INFO - Running: ['***', 'tasks', 'run', 'etl_***', 'extract', 'scheduled__2024-09-02T00:00:00+00:00', '--job-id', '733', '--raw', '--subdir', 'DAGS_FOLDER/etl_dag.py', '--cfg-path', '/tmp/tmp_sen0gj3']
[2025-12-17T01:54:23.113+0000] {standard_task_runner.py:88} INFO - Job 733: Subtask extract
[2025-12-17T01:54:23.321+0000] {task_command.py:423} INFO - Running <TaskInstance: etl_airflow.extract scheduled__2024-09-02T00:00:00+00:00 [running]> on host 571e042550da
[2025-12-17T01:54:23.968+0000] {taskinstance.py:2480} INFO - Exporting env vars: AIRFLOW_CTX_DAG_OWNER='***' AIRFLOW_CTX_DAG_ID='etl_***' AIRFLOW_CTX_TASK_ID='extract' AIRFLOW_CTX_EXECUTION_DATE='2024-09-02T00:00:00+00:00' AIRFLOW_CTX_TRY_NUMBER='1' AIRFLOW_CTX_DAG_RUN_ID='scheduled__2024-09-02T00:00:00+00:00'
[2025-12-17T01:54:23.975+0000] {logging_mixin.py:188} INFO - [EXTRACT] Reading /opt/***/data/synthetic_events.csv
[2025-12-17T01:54:24.029+0000] {logging_mixin.py:188} INFO - [EXTRACT] done
[2025-12-17T01:54:24.032+0000] {python.py:201} INFO - Done. Returned value was: None
[2025-12-17T01:54:24.057+0000] {taskinstance.py:1138} INFO - Marking task as SUCCESS. dag_id=etl_***, task_id=extract, execution_date=20240902T000000, start_date=20251217T015422, end_date=20251217T015424
[2025-12-17T01:54:24.211+0000] {local_task_job_runner.py:234} INFO - Task exited with return code 0
[2025-12-17T01:54:24.279+0000] {taskinstance.py:3280} INFO - 1 downstream tasks scheduled from follow-on schedule check
[2025-12-17T04:51:04.067+0000] {taskinstance.py:1956} INFO - Dependencies all met for dep_context=non-requeueable deps ti=<TaskInstance: etl_airflow.extract scheduled__2024-09-02T00:00:00+00:00 [queued]>
[2025-12-17T04:51:04.083+0000] {taskinstance.py:1956} INFO - Dependencies all met for dep_context=requeueable deps ti=<TaskInstance: etl_airflow.extract scheduled__2024-09-02T00:00:00+00:00 [queued]>
[2025-12-17T04:51:04.084+0000] {taskinstance.py:2170} INFO - Starting attempt 1 of 3
[2025-12-17T04:51:04.111+0000] {taskinstance.py:2191} INFO - Executing <Task(PythonOperator): extract> on 2024-09-02 00:00:00+00:00
[2025-12-17T04:51:04.120+0000] {standard_task_runner.py:60} INFO - Started process 3411 to run task
[2025-12-17T04:51:04.126+0000] {standard_task_runner.py:87} INFO - Running: ['***', 'tasks', 'run', 'etl_***', 'extract', 'scheduled__2024-09-02T00:00:00+00:00', '--job-id', '967', '--raw', '--subdir', 'DAGS_FOLDER/etl_***.py', '--cfg-path', '/tmp/tmpjcl9qyg3']
[2025-12-17T04:51:04.130+0000] {standard_task_runner.py:88} INFO - Job 967: Subtask extract
[2025-12-17T04:51:04.241+0000] {task_command.py:423} INFO - Running <TaskInstance: etl_airflow.extract scheduled__2024-09-02T00:00:00+00:00 [running]> on host b3426f05ac70
[2025-12-17T04:51:04.604+0000] {taskinstance.py:2480} INFO - Exporting env vars: AIRFLOW_CTX_DAG_OWNER='***' AIRFLOW_CTX_DAG_ID='etl_***' AIRFLOW_CTX_TASK_ID='extract' AIRFLOW_CTX_EXECUTION_DATE='2024-09-02T00:00:00+00:00' AIRFLOW_CTX_TRY_NUMBER='1' AIRFLOW_CTX_DAG_RUN_ID='scheduled__2024-09-02T00:00:00+00:00'
[2025-12-17T04:51:04.624+0000] {python.py:201} INFO - Done. Returned value was:    user_id event_type           timestamp country
0        1      login 2025-01-01 09:00:00      IN
1        1      click 2025-01-01 09:05:00      IN
2        1     logout 2025-01-01 09:15:00      IN
3        2      login 2025-01-01 10:00:00      US
4        2      click 2025-01-01 10:10:00      US
5        2     logout 2025-01-01 10:20:00      US
6        3      login 2025-01-02 08:00:00      FR
7        3      click 2025-01-02 08:05:00      FR
8        3     logout 2025-01-02 08:30:00      FR
[2025-12-17T04:51:04.686+0000] {taskinstance.py:1138} INFO - Marking task as SUCCESS. dag_id=etl_***, task_id=extract, execution_date=20240902T000000, start_date=20251217T045104, end_date=20251217T045104
[2025-12-17T04:51:04.786+0000] {local_task_job_runner.py:234} INFO - Task exited with return code 0
[2025-12-17T04:51:05.003+0000] {taskinstance.py:3280} INFO - 0 downstream tasks scheduled from follow-on schedule check
[2025-12-17T07:44:57.362+0000] {taskinstance.py:1956} INFO - Dependencies all met for dep_context=non-requeueable deps ti=<TaskInstance: etl_airflow.extract scheduled__2024-09-02T00:00:00+00:00 [queued]>
[2025-12-17T07:44:57.385+0000] {taskinstance.py:1956} INFO - Dependencies all met for dep_context=requeueable deps ti=<TaskInstance: etl_airflow.extract scheduled__2024-09-02T00:00:00+00:00 [queued]>
[2025-12-17T07:44:57.386+0000] {taskinstance.py:2170} INFO - Starting attempt 1 of 3
[2025-12-17T07:44:57.421+0000] {taskinstance.py:2191} INFO - Executing <Task(PythonOperator): extract> on 2024-09-02 00:00:00+00:00
[2025-12-17T07:44:57.435+0000] {standard_task_runner.py:60} INFO - Started process 3488 to run task
[2025-12-17T07:44:57.444+0000] {standard_task_runner.py:87} INFO - Running: ['***', 'tasks', 'run', 'etl_***', 'extract', 'scheduled__2024-09-02T00:00:00+00:00', '--job-id', '969', '--raw', '--subdir', 'DAGS_FOLDER/etl_***.py', '--cfg-path', '/tmp/tmpe46ogecd']
[2025-12-17T07:44:57.453+0000] {standard_task_runner.py:88} INFO - Job 969: Subtask extract
[2025-12-17T07:44:57.629+0000] {task_command.py:423} INFO - Running <TaskInstance: etl_airflow.extract scheduled__2024-09-02T00:00:00+00:00 [running]> on host 2a0de06c8905
[2025-12-17T07:44:58.190+0000] {taskinstance.py:2480} INFO - Exporting env vars: AIRFLOW_CTX_DAG_OWNER='***' AIRFLOW_CTX_DAG_ID='etl_***' AIRFLOW_CTX_TASK_ID='extract' AIRFLOW_CTX_EXECUTION_DATE='2024-09-02T00:00:00+00:00' AIRFLOW_CTX_TRY_NUMBER='1' AIRFLOW_CTX_DAG_RUN_ID='scheduled__2024-09-02T00:00:00+00:00'
[2025-12-17T07:44:58.241+0000] {python.py:201} INFO - Done. Returned value was:    user_id event_type           timestamp country
0        1      login 2025-01-01 09:00:00      IN
1        1      click 2025-01-01 09:05:00      IN
2        1     logout 2025-01-01 09:15:00      IN
3        2      login 2025-01-01 10:00:00      US
4        2      click 2025-01-01 10:10:00      US
5        2     logout 2025-01-01 10:20:00      US
6        3      login 2025-01-02 08:00:00      FR
7        3      click 2025-01-02 08:05:00      FR
8        3     logout 2025-01-02 08:30:00      FR
[2025-12-17T07:44:58.350+0000] {taskinstance.py:1138} INFO - Marking task as SUCCESS. dag_id=etl_***, task_id=extract, execution_date=20240902T000000, start_date=20251217T074457, end_date=20251217T074458
[2025-12-17T07:44:58.477+0000] {local_task_job_runner.py:234} INFO - Task exited with return code 0
[2025-12-17T07:44:58.588+0000] {taskinstance.py:3280} INFO - 1 downstream tasks scheduled from follow-on schedule check
