[2025-12-16T16:37:50.224+0000] {taskinstance.py:1956} INFO - Dependencies all met for dep_context=non-requeueable deps ti=<TaskInstance: etl_airflow.extract scheduled__2024-08-12T00:00:00+00:00 [queued]>
[2025-12-16T16:37:50.244+0000] {taskinstance.py:1956} INFO - Dependencies all met for dep_context=requeueable deps ti=<TaskInstance: etl_airflow.extract scheduled__2024-08-12T00:00:00+00:00 [queued]>
[2025-12-16T16:37:50.246+0000] {taskinstance.py:2170} INFO - Starting attempt 1 of 3
[2025-12-16T16:37:50.302+0000] {taskinstance.py:2191} INFO - Executing <Task(PythonOperator): extract> on 2024-08-12 00:00:00+00:00
[2025-12-16T16:37:50.315+0000] {standard_task_runner.py:60} INFO - Started process 1117 to run task
[2025-12-16T16:37:50.322+0000] {standard_task_runner.py:87} INFO - Running: ['***', 'tasks', 'run', 'etl_***', 'extract', 'scheduled__2024-08-12T00:00:00+00:00', '--job-id', '675', '--raw', '--subdir', 'DAGS_FOLDER/etl_dag.py', '--cfg-path', '/tmp/tmpxy_m3u_d']
[2025-12-16T16:37:50.326+0000] {standard_task_runner.py:88} INFO - Job 675: Subtask extract
[2025-12-16T16:37:50.480+0000] {task_command.py:423} INFO - Running <TaskInstance: etl_airflow.extract scheduled__2024-08-12T00:00:00+00:00 [running]> on host 02b83863a69a
[2025-12-16T16:37:50.629+0000] {taskinstance.py:2480} INFO - Exporting env vars: AIRFLOW_CTX_DAG_OWNER='***' AIRFLOW_CTX_DAG_ID='etl_***' AIRFLOW_CTX_TASK_ID='extract' AIRFLOW_CTX_EXECUTION_DATE='2024-08-12T00:00:00+00:00' AIRFLOW_CTX_TRY_NUMBER='1' AIRFLOW_CTX_DAG_RUN_ID='scheduled__2024-08-12T00:00:00+00:00'
[2025-12-16T16:37:50.632+0000] {logging_mixin.py:188} INFO - Extracting data from /opt/***/data/input.csv
[2025-12-16T16:37:50.639+0000] {taskinstance.py:2698} ERROR - Task failed with exception
Traceback (most recent call last):
  File "/home/airflow/.local/lib/python3.8/site-packages/airflow/models/taskinstance.py", line 433, in _execute_task
    result = execute_callable(context=context, **execute_callable_kwargs)
  File "/home/airflow/.local/lib/python3.8/site-packages/airflow/operators/python.py", line 199, in execute
    return_value = self.execute_callable()
  File "/home/airflow/.local/lib/python3.8/site-packages/airflow/operators/python.py", line 216, in execute_callable
    return self.python_callable(*self.op_args, **self.op_kwargs)
  File "/opt/airflow/etl_logic/pipeline.py", line 97, in extract_data
    df = pd.read_csv(input_path)
  File "/home/airflow/.local/lib/python3.8/site-packages/pandas/io/parsers/readers.py", line 912, in read_csv
    return _read(filepath_or_buffer, kwds)
  File "/home/airflow/.local/lib/python3.8/site-packages/pandas/io/parsers/readers.py", line 577, in _read
    parser = TextFileReader(filepath_or_buffer, **kwds)
  File "/home/airflow/.local/lib/python3.8/site-packages/pandas/io/parsers/readers.py", line 1407, in __init__
    self._engine = self._make_engine(f, self.engine)
  File "/home/airflow/.local/lib/python3.8/site-packages/pandas/io/parsers/readers.py", line 1661, in _make_engine
    self.handles = get_handle(
  File "/home/airflow/.local/lib/python3.8/site-packages/pandas/io/common.py", line 859, in get_handle
    handle = open(
FileNotFoundError: [Errno 2] No such file or directory: '/opt/airflow/data/input.csv'
[2025-12-16T16:37:50.678+0000] {taskinstance.py:1138} INFO - Marking task as UP_FOR_RETRY. dag_id=etl_***, task_id=extract, execution_date=20240812T000000, start_date=20251216T163750, end_date=20251216T163750
[2025-12-16T16:37:50.721+0000] {standard_task_runner.py:107} ERROR - Failed to execute job 675 for task extract ([Errno 2] No such file or directory: '/opt/airflow/data/input.csv'; 1117)
[2025-12-16T16:37:50.782+0000] {local_task_job_runner.py:234} INFO - Task exited with return code 1
[2025-12-16T16:37:50.925+0000] {taskinstance.py:3280} INFO - 0 downstream tasks scheduled from follow-on schedule check
[2025-12-17T01:54:07.034+0000] {taskinstance.py:1956} INFO - Dependencies all met for dep_context=non-requeueable deps ti=<TaskInstance: etl_airflow.extract scheduled__2024-08-12T00:00:00+00:00 [queued]>
[2025-12-17T01:54:07.059+0000] {taskinstance.py:1956} INFO - Dependencies all met for dep_context=requeueable deps ti=<TaskInstance: etl_airflow.extract scheduled__2024-08-12T00:00:00+00:00 [queued]>
[2025-12-17T01:54:07.061+0000] {taskinstance.py:2170} INFO - Starting attempt 1 of 3
[2025-12-17T01:54:07.094+0000] {taskinstance.py:2191} INFO - Executing <Task(PythonOperator): extract> on 2024-08-12 00:00:00+00:00
[2025-12-17T01:54:07.103+0000] {standard_task_runner.py:60} INFO - Started process 2368 to run task
[2025-12-17T01:54:07.111+0000] {standard_task_runner.py:87} INFO - Running: ['***', 'tasks', 'run', 'etl_***', 'extract', 'scheduled__2024-08-12T00:00:00+00:00', '--job-id', '679', '--raw', '--subdir', 'DAGS_FOLDER/etl_dag.py', '--cfg-path', '/tmp/tmpbzt7_zbf']
[2025-12-17T01:54:07.120+0000] {standard_task_runner.py:88} INFO - Job 679: Subtask extract
[2025-12-17T01:54:07.288+0000] {task_command.py:423} INFO - Running <TaskInstance: etl_airflow.extract scheduled__2024-08-12T00:00:00+00:00 [running]> on host 571e042550da
[2025-12-17T01:54:07.739+0000] {taskinstance.py:2480} INFO - Exporting env vars: AIRFLOW_CTX_DAG_OWNER='***' AIRFLOW_CTX_DAG_ID='etl_***' AIRFLOW_CTX_TASK_ID='extract' AIRFLOW_CTX_EXECUTION_DATE='2024-08-12T00:00:00+00:00' AIRFLOW_CTX_TRY_NUMBER='1' AIRFLOW_CTX_DAG_RUN_ID='scheduled__2024-08-12T00:00:00+00:00'
[2025-12-17T01:54:07.744+0000] {logging_mixin.py:188} INFO - [EXTRACT] Reading /opt/***/data/synthetic_events.csv
[2025-12-17T01:54:07.782+0000] {logging_mixin.py:188} INFO - [EXTRACT] done
[2025-12-17T01:54:07.784+0000] {python.py:201} INFO - Done. Returned value was: None
[2025-12-17T01:54:07.811+0000] {taskinstance.py:1138} INFO - Marking task as SUCCESS. dag_id=etl_***, task_id=extract, execution_date=20240812T000000, start_date=20251217T015407, end_date=20251217T015407
[2025-12-17T01:54:07.937+0000] {local_task_job_runner.py:234} INFO - Task exited with return code 0
[2025-12-17T01:54:08.238+0000] {taskinstance.py:3280} INFO - 0 downstream tasks scheduled from follow-on schedule check
[2025-12-17T04:21:52.876+0000] {taskinstance.py:1956} INFO - Dependencies all met for dep_context=non-requeueable deps ti=<TaskInstance: etl_airflow.extract scheduled__2024-08-12T00:00:00+00:00 [queued]>
[2025-12-17T04:21:52.906+0000] {taskinstance.py:1956} INFO - Dependencies all met for dep_context=requeueable deps ti=<TaskInstance: etl_airflow.extract scheduled__2024-08-12T00:00:00+00:00 [queued]>
[2025-12-17T04:21:52.908+0000] {taskinstance.py:2170} INFO - Starting attempt 1 of 3
[2025-12-17T04:21:52.939+0000] {taskinstance.py:2191} INFO - Executing <Task(PythonOperator): extract> on 2024-08-12 00:00:00+00:00
[2025-12-17T04:21:52.951+0000] {standard_task_runner.py:60} INFO - Started process 1485 to run task
[2025-12-17T04:21:52.956+0000] {standard_task_runner.py:87} INFO - Running: ['***', 'tasks', 'run', 'etl_***', 'extract', 'scheduled__2024-08-12T00:00:00+00:00', '--job-id', '384', '--raw', '--subdir', 'DAGS_FOLDER/etl_***.py', '--cfg-path', '/tmp/tmpb0iy5la1']
[2025-12-17T04:21:52.962+0000] {standard_task_runner.py:88} INFO - Job 384: Subtask extract
[2025-12-17T04:21:53.086+0000] {task_command.py:423} INFO - Running <TaskInstance: etl_airflow.extract scheduled__2024-08-12T00:00:00+00:00 [running]> on host c5811fe183ca
[2025-12-17T04:21:53.446+0000] {taskinstance.py:2480} INFO - Exporting env vars: AIRFLOW_CTX_DAG_OWNER='***' AIRFLOW_CTX_DAG_ID='etl_***' AIRFLOW_CTX_TASK_ID='extract' AIRFLOW_CTX_EXECUTION_DATE='2024-08-12T00:00:00+00:00' AIRFLOW_CTX_TRY_NUMBER='1' AIRFLOW_CTX_DAG_RUN_ID='scheduled__2024-08-12T00:00:00+00:00'
[2025-12-17T04:21:53.462+0000] {python.py:201} INFO - Done. Returned value was:    user_id event_type           timestamp country
0        1      login 2025-01-01 09:00:00      IN
1        1      click 2025-01-01 09:05:00      IN
2        1     logout 2025-01-01 09:15:00      IN
3        2      login 2025-01-01 10:00:00      US
4        2      click 2025-01-01 10:10:00      US
5        2     logout 2025-01-01 10:20:00      US
6        3      login 2025-01-02 08:00:00      FR
7        3      click 2025-01-02 08:05:00      FR
8        3     logout 2025-01-02 08:30:00      FR
[2025-12-17T04:21:53.509+0000] {taskinstance.py:1138} INFO - Marking task as SUCCESS. dag_id=etl_***, task_id=extract, execution_date=20240812T000000, start_date=20251217T042152, end_date=20251217T042153
[2025-12-17T04:21:53.615+0000] {local_task_job_runner.py:234} INFO - Task exited with return code 0
[2025-12-17T04:21:53.668+0000] {taskinstance.py:3280} INFO - 0 downstream tasks scheduled from follow-on schedule check
[2025-12-17T04:50:28.809+0000] {taskinstance.py:1956} INFO - Dependencies all met for dep_context=non-requeueable deps ti=<TaskInstance: etl_airflow.extract scheduled__2024-08-12T00:00:00+00:00 [queued]>
[2025-12-17T04:50:28.823+0000] {taskinstance.py:1956} INFO - Dependencies all met for dep_context=requeueable deps ti=<TaskInstance: etl_airflow.extract scheduled__2024-08-12T00:00:00+00:00 [queued]>
[2025-12-17T04:50:28.824+0000] {taskinstance.py:2170} INFO - Starting attempt 1 of 3
[2025-12-17T04:50:28.891+0000] {taskinstance.py:2191} INFO - Executing <Task(PythonOperator): extract> on 2024-08-12 00:00:00+00:00
[2025-12-17T04:50:28.900+0000] {standard_task_runner.py:60} INFO - Started process 3185 to run task
[2025-12-17T04:50:28.904+0000] {standard_task_runner.py:87} INFO - Running: ['***', 'tasks', 'run', 'etl_***', 'extract', 'scheduled__2024-08-12T00:00:00+00:00', '--job-id', '898', '--raw', '--subdir', 'DAGS_FOLDER/etl_***.py', '--cfg-path', '/tmp/tmpz6n_6vdm']
[2025-12-17T04:50:28.908+0000] {standard_task_runner.py:88} INFO - Job 898: Subtask extract
[2025-12-17T04:50:29.009+0000] {task_command.py:423} INFO - Running <TaskInstance: etl_airflow.extract scheduled__2024-08-12T00:00:00+00:00 [running]> on host b3426f05ac70
[2025-12-17T04:50:29.340+0000] {taskinstance.py:2480} INFO - Exporting env vars: AIRFLOW_CTX_DAG_OWNER='***' AIRFLOW_CTX_DAG_ID='etl_***' AIRFLOW_CTX_TASK_ID='extract' AIRFLOW_CTX_EXECUTION_DATE='2024-08-12T00:00:00+00:00' AIRFLOW_CTX_TRY_NUMBER='1' AIRFLOW_CTX_DAG_RUN_ID='scheduled__2024-08-12T00:00:00+00:00'
[2025-12-17T04:50:29.361+0000] {python.py:201} INFO - Done. Returned value was:    user_id event_type           timestamp country
0        1      login 2025-01-01 09:00:00      IN
1        1      click 2025-01-01 09:05:00      IN
2        1     logout 2025-01-01 09:15:00      IN
3        2      login 2025-01-01 10:00:00      US
4        2      click 2025-01-01 10:10:00      US
5        2     logout 2025-01-01 10:20:00      US
6        3      login 2025-01-02 08:00:00      FR
7        3      click 2025-01-02 08:05:00      FR
8        3     logout 2025-01-02 08:30:00      FR
[2025-12-17T04:50:29.418+0000] {taskinstance.py:1138} INFO - Marking task as SUCCESS. dag_id=etl_***, task_id=extract, execution_date=20240812T000000, start_date=20251217T045028, end_date=20251217T045029
[2025-12-17T04:50:29.560+0000] {local_task_job_runner.py:234} INFO - Task exited with return code 0
[2025-12-17T04:50:29.603+0000] {taskinstance.py:3280} INFO - 1 downstream tasks scheduled from follow-on schedule check
[2025-12-17T07:44:19.064+0000] {taskinstance.py:1956} INFO - Dependencies all met for dep_context=non-requeueable deps ti=<TaskInstance: etl_airflow.extract scheduled__2024-08-12T00:00:00+00:00 [queued]>
[2025-12-17T07:44:19.083+0000] {taskinstance.py:1956} INFO - Dependencies all met for dep_context=requeueable deps ti=<TaskInstance: etl_airflow.extract scheduled__2024-08-12T00:00:00+00:00 [queued]>
[2025-12-17T07:44:19.084+0000] {taskinstance.py:2170} INFO - Starting attempt 1 of 3
[2025-12-17T07:44:19.117+0000] {taskinstance.py:2191} INFO - Executing <Task(PythonOperator): extract> on 2024-08-12 00:00:00+00:00
[2025-12-17T07:44:19.134+0000] {standard_task_runner.py:60} INFO - Started process 3266 to run task
[2025-12-17T07:44:19.144+0000] {standard_task_runner.py:87} INFO - Running: ['***', 'tasks', 'run', 'etl_***', 'extract', 'scheduled__2024-08-12T00:00:00+00:00', '--job-id', '900', '--raw', '--subdir', 'DAGS_FOLDER/etl_***.py', '--cfg-path', '/tmp/tmpd_td_i4u']
[2025-12-17T07:44:19.149+0000] {standard_task_runner.py:88} INFO - Job 900: Subtask extract
[2025-12-17T07:44:19.291+0000] {task_command.py:423} INFO - Running <TaskInstance: etl_airflow.extract scheduled__2024-08-12T00:00:00+00:00 [running]> on host 2a0de06c8905
[2025-12-17T07:44:19.734+0000] {taskinstance.py:2480} INFO - Exporting env vars: AIRFLOW_CTX_DAG_OWNER='***' AIRFLOW_CTX_DAG_ID='etl_***' AIRFLOW_CTX_TASK_ID='extract' AIRFLOW_CTX_EXECUTION_DATE='2024-08-12T00:00:00+00:00' AIRFLOW_CTX_TRY_NUMBER='1' AIRFLOW_CTX_DAG_RUN_ID='scheduled__2024-08-12T00:00:00+00:00'
[2025-12-17T07:44:19.766+0000] {python.py:201} INFO - Done. Returned value was:    user_id event_type           timestamp country
0        1      login 2025-01-01 09:00:00      IN
1        1      click 2025-01-01 09:05:00      IN
2        1     logout 2025-01-01 09:15:00      IN
3        2      login 2025-01-01 10:00:00      US
4        2      click 2025-01-01 10:10:00      US
5        2     logout 2025-01-01 10:20:00      US
6        3      login 2025-01-02 08:00:00      FR
7        3      click 2025-01-02 08:05:00      FR
8        3     logout 2025-01-02 08:30:00      FR
[2025-12-17T07:44:19.866+0000] {taskinstance.py:1138} INFO - Marking task as SUCCESS. dag_id=etl_***, task_id=extract, execution_date=20240812T000000, start_date=20251217T074419, end_date=20251217T074419
[2025-12-17T07:44:20.004+0000] {local_task_job_runner.py:234} INFO - Task exited with return code 0
[2025-12-17T07:44:20.073+0000] {taskinstance.py:3280} INFO - 1 downstream tasks scheduled from follow-on schedule check
