[2025-12-16T16:39:02.870+0000] {taskinstance.py:1956} INFO - Dependencies all met for dep_context=non-requeueable deps ti=<TaskInstance: etl_airflow.extract scheduled__2024-09-14T00:00:00+00:00 [queued]>
[2025-12-16T16:39:02.887+0000] {taskinstance.py:1956} INFO - Dependencies all met for dep_context=requeueable deps ti=<TaskInstance: etl_airflow.extract scheduled__2024-09-14T00:00:00+00:00 [queued]>
[2025-12-16T16:39:02.889+0000] {taskinstance.py:2170} INFO - Starting attempt 1 of 3
[2025-12-16T16:39:03.041+0000] {taskinstance.py:2191} INFO - Executing <Task(PythonOperator): extract> on 2024-09-14 00:00:00+00:00
[2025-12-16T16:39:03.051+0000] {standard_task_runner.py:60} INFO - Started process 1457 to run task
[2025-12-16T16:39:03.057+0000] {standard_task_runner.py:87} INFO - Running: ['***', 'tasks', 'run', 'etl_***', 'extract', 'scheduled__2024-09-14T00:00:00+00:00', '--job-id', '772', '--raw', '--subdir', 'DAGS_FOLDER/etl_dag.py', '--cfg-path', '/tmp/tmpry1bm_cz']
[2025-12-16T16:39:03.061+0000] {standard_task_runner.py:88} INFO - Job 772: Subtask extract
[2025-12-16T16:39:03.200+0000] {task_command.py:423} INFO - Running <TaskInstance: etl_airflow.extract scheduled__2024-09-14T00:00:00+00:00 [running]> on host 02b83863a69a
[2025-12-16T16:39:03.355+0000] {taskinstance.py:2480} INFO - Exporting env vars: AIRFLOW_CTX_DAG_OWNER='***' AIRFLOW_CTX_DAG_ID='etl_***' AIRFLOW_CTX_TASK_ID='extract' AIRFLOW_CTX_EXECUTION_DATE='2024-09-14T00:00:00+00:00' AIRFLOW_CTX_TRY_NUMBER='1' AIRFLOW_CTX_DAG_RUN_ID='scheduled__2024-09-14T00:00:00+00:00'
[2025-12-16T16:39:03.357+0000] {logging_mixin.py:188} INFO - Extracting data from /opt/***/data/input.csv
[2025-12-16T16:39:03.366+0000] {taskinstance.py:2698} ERROR - Task failed with exception
Traceback (most recent call last):
  File "/home/airflow/.local/lib/python3.8/site-packages/airflow/models/taskinstance.py", line 433, in _execute_task
    result = execute_callable(context=context, **execute_callable_kwargs)
  File "/home/airflow/.local/lib/python3.8/site-packages/airflow/operators/python.py", line 199, in execute
    return_value = self.execute_callable()
  File "/home/airflow/.local/lib/python3.8/site-packages/airflow/operators/python.py", line 216, in execute_callable
    return self.python_callable(*self.op_args, **self.op_kwargs)
  File "/opt/airflow/etl_logic/pipeline.py", line 97, in extract_data
    df = pd.read_csv(input_path)
  File "/home/airflow/.local/lib/python3.8/site-packages/pandas/io/parsers/readers.py", line 912, in read_csv
    return _read(filepath_or_buffer, kwds)
  File "/home/airflow/.local/lib/python3.8/site-packages/pandas/io/parsers/readers.py", line 577, in _read
    parser = TextFileReader(filepath_or_buffer, **kwds)
  File "/home/airflow/.local/lib/python3.8/site-packages/pandas/io/parsers/readers.py", line 1407, in __init__
    self._engine = self._make_engine(f, self.engine)
  File "/home/airflow/.local/lib/python3.8/site-packages/pandas/io/parsers/readers.py", line 1661, in _make_engine
    self.handles = get_handle(
  File "/home/airflow/.local/lib/python3.8/site-packages/pandas/io/common.py", line 859, in get_handle
    handle = open(
FileNotFoundError: [Errno 2] No such file or directory: '/opt/airflow/data/input.csv'
[2025-12-16T16:39:03.395+0000] {taskinstance.py:1138} INFO - Marking task as UP_FOR_RETRY. dag_id=etl_***, task_id=extract, execution_date=20240914T000000, start_date=20251216T163902, end_date=20251216T163903
[2025-12-16T16:39:03.609+0000] {standard_task_runner.py:107} ERROR - Failed to execute job 772 for task extract ([Errno 2] No such file or directory: '/opt/airflow/data/input.csv'; 1457)
[2025-12-16T16:39:03.634+0000] {local_task_job_runner.py:234} INFO - Task exited with return code 1
[2025-12-16T16:39:03.684+0000] {taskinstance.py:3280} INFO - 0 downstream tasks scheduled from follow-on schedule check
[2025-12-17T01:54:38.185+0000] {taskinstance.py:1956} INFO - Dependencies all met for dep_context=non-requeueable deps ti=<TaskInstance: etl_airflow.extract scheduled__2024-09-14T00:00:00+00:00 [queued]>
[2025-12-17T01:54:38.204+0000] {taskinstance.py:1956} INFO - Dependencies all met for dep_context=requeueable deps ti=<TaskInstance: etl_airflow.extract scheduled__2024-09-14T00:00:00+00:00 [queued]>
[2025-12-17T01:54:38.206+0000] {taskinstance.py:2170} INFO - Starting attempt 1 of 3
[2025-12-17T01:54:38.345+0000] {taskinstance.py:2191} INFO - Executing <Task(PythonOperator): extract> on 2024-09-14 00:00:00+00:00
[2025-12-17T01:54:38.361+0000] {standard_task_runner.py:60} INFO - Started process 2671 to run task
[2025-12-17T01:54:38.366+0000] {standard_task_runner.py:87} INFO - Running: ['***', 'tasks', 'run', 'etl_***', 'extract', 'scheduled__2024-09-14T00:00:00+00:00', '--job-id', '774', '--raw', '--subdir', 'DAGS_FOLDER/etl_dag.py', '--cfg-path', '/tmp/tmpf7sixf2c']
[2025-12-17T01:54:38.371+0000] {standard_task_runner.py:88} INFO - Job 774: Subtask extract
[2025-12-17T01:54:38.539+0000] {task_command.py:423} INFO - Running <TaskInstance: etl_airflow.extract scheduled__2024-09-14T00:00:00+00:00 [running]> on host 571e042550da
[2025-12-17T01:54:38.964+0000] {taskinstance.py:2480} INFO - Exporting env vars: AIRFLOW_CTX_DAG_OWNER='***' AIRFLOW_CTX_DAG_ID='etl_***' AIRFLOW_CTX_TASK_ID='extract' AIRFLOW_CTX_EXECUTION_DATE='2024-09-14T00:00:00+00:00' AIRFLOW_CTX_TRY_NUMBER='1' AIRFLOW_CTX_DAG_RUN_ID='scheduled__2024-09-14T00:00:00+00:00'
[2025-12-17T01:54:38.968+0000] {logging_mixin.py:188} INFO - [EXTRACT] Reading /opt/***/data/synthetic_events.csv
[2025-12-17T01:54:39.002+0000] {logging_mixin.py:188} INFO - [EXTRACT] done
[2025-12-17T01:54:39.003+0000] {python.py:201} INFO - Done. Returned value was: None
[2025-12-17T01:54:39.024+0000] {taskinstance.py:1138} INFO - Marking task as SUCCESS. dag_id=etl_***, task_id=extract, execution_date=20240914T000000, start_date=20251217T015438, end_date=20251217T015439
[2025-12-17T01:54:39.201+0000] {local_task_job_runner.py:234} INFO - Task exited with return code 0
[2025-12-17T01:54:39.284+0000] {taskinstance.py:3280} INFO - 1 downstream tasks scheduled from follow-on schedule check
[2025-12-17T04:51:38.375+0000] {taskinstance.py:1956} INFO - Dependencies all met for dep_context=non-requeueable deps ti=<TaskInstance: etl_airflow.extract scheduled__2024-09-14T00:00:00+00:00 [queued]>
[2025-12-17T04:51:38.387+0000] {taskinstance.py:1956} INFO - Dependencies all met for dep_context=requeueable deps ti=<TaskInstance: etl_airflow.extract scheduled__2024-09-14T00:00:00+00:00 [queued]>
[2025-12-17T04:51:38.388+0000] {taskinstance.py:2170} INFO - Starting attempt 1 of 3
[2025-12-17T04:51:38.409+0000] {taskinstance.py:2191} INFO - Executing <Task(PythonOperator): extract> on 2024-09-14 00:00:00+00:00
[2025-12-17T04:51:38.419+0000] {standard_task_runner.py:60} INFO - Started process 3617 to run task
[2025-12-17T04:51:38.427+0000] {standard_task_runner.py:87} INFO - Running: ['***', 'tasks', 'run', 'etl_***', 'extract', 'scheduled__2024-09-14T00:00:00+00:00', '--job-id', '1027', '--raw', '--subdir', 'DAGS_FOLDER/etl_***.py', '--cfg-path', '/tmp/tmpx5mkjn5a']
[2025-12-17T04:51:38.432+0000] {standard_task_runner.py:88} INFO - Job 1027: Subtask extract
[2025-12-17T04:51:38.542+0000] {task_command.py:423} INFO - Running <TaskInstance: etl_airflow.extract scheduled__2024-09-14T00:00:00+00:00 [running]> on host b3426f05ac70
[2025-12-17T04:51:38.884+0000] {taskinstance.py:2480} INFO - Exporting env vars: AIRFLOW_CTX_DAG_OWNER='***' AIRFLOW_CTX_DAG_ID='etl_***' AIRFLOW_CTX_TASK_ID='extract' AIRFLOW_CTX_EXECUTION_DATE='2024-09-14T00:00:00+00:00' AIRFLOW_CTX_TRY_NUMBER='1' AIRFLOW_CTX_DAG_RUN_ID='scheduled__2024-09-14T00:00:00+00:00'
[2025-12-17T04:51:38.900+0000] {python.py:201} INFO - Done. Returned value was:    user_id event_type           timestamp country
0        1      login 2025-01-01 09:00:00      IN
1        1      click 2025-01-01 09:05:00      IN
2        1     logout 2025-01-01 09:15:00      IN
3        2      login 2025-01-01 10:00:00      US
4        2      click 2025-01-01 10:10:00      US
5        2     logout 2025-01-01 10:20:00      US
6        3      login 2025-01-02 08:00:00      FR
7        3      click 2025-01-02 08:05:00      FR
8        3     logout 2025-01-02 08:30:00      FR
[2025-12-17T04:51:38.957+0000] {taskinstance.py:1138} INFO - Marking task as SUCCESS. dag_id=etl_***, task_id=extract, execution_date=20240914T000000, start_date=20251217T045138, end_date=20251217T045138
[2025-12-17T04:51:39.044+0000] {local_task_job_runner.py:234} INFO - Task exited with return code 0
[2025-12-17T04:51:39.085+0000] {taskinstance.py:3280} INFO - 1 downstream tasks scheduled from follow-on schedule check
[2025-12-17T07:45:34.029+0000] {taskinstance.py:1956} INFO - Dependencies all met for dep_context=non-requeueable deps ti=<TaskInstance: etl_airflow.extract scheduled__2024-09-14T00:00:00+00:00 [queued]>
[2025-12-17T07:45:34.047+0000] {taskinstance.py:1956} INFO - Dependencies all met for dep_context=requeueable deps ti=<TaskInstance: etl_airflow.extract scheduled__2024-09-14T00:00:00+00:00 [queued]>
[2025-12-17T07:45:34.049+0000] {taskinstance.py:2170} INFO - Starting attempt 1 of 3
[2025-12-17T07:45:34.154+0000] {taskinstance.py:2191} INFO - Executing <Task(PythonOperator): extract> on 2024-09-14 00:00:00+00:00
[2025-12-17T07:45:34.169+0000] {standard_task_runner.py:60} INFO - Started process 3683 to run task
[2025-12-17T07:45:34.179+0000] {standard_task_runner.py:87} INFO - Running: ['***', 'tasks', 'run', 'etl_***', 'extract', 'scheduled__2024-09-14T00:00:00+00:00', '--job-id', '1029', '--raw', '--subdir', 'DAGS_FOLDER/etl_***.py', '--cfg-path', '/tmp/tmptrdvuewt']
[2025-12-17T07:45:34.185+0000] {standard_task_runner.py:88} INFO - Job 1029: Subtask extract
[2025-12-17T07:45:34.347+0000] {task_command.py:423} INFO - Running <TaskInstance: etl_airflow.extract scheduled__2024-09-14T00:00:00+00:00 [running]> on host 2a0de06c8905
[2025-12-17T07:45:34.794+0000] {taskinstance.py:2480} INFO - Exporting env vars: AIRFLOW_CTX_DAG_OWNER='***' AIRFLOW_CTX_DAG_ID='etl_***' AIRFLOW_CTX_TASK_ID='extract' AIRFLOW_CTX_EXECUTION_DATE='2024-09-14T00:00:00+00:00' AIRFLOW_CTX_TRY_NUMBER='1' AIRFLOW_CTX_DAG_RUN_ID='scheduled__2024-09-14T00:00:00+00:00'
[2025-12-17T07:45:34.826+0000] {python.py:201} INFO - Done. Returned value was:    user_id event_type           timestamp country
0        1      login 2025-01-01 09:00:00      IN
1        1      click 2025-01-01 09:05:00      IN
2        1     logout 2025-01-01 09:15:00      IN
3        2      login 2025-01-01 10:00:00      US
4        2      click 2025-01-01 10:10:00      US
5        2     logout 2025-01-01 10:20:00      US
6        3      login 2025-01-02 08:00:00      FR
7        3      click 2025-01-02 08:05:00      FR
8        3     logout 2025-01-02 08:30:00      FR
[2025-12-17T07:45:34.912+0000] {taskinstance.py:1138} INFO - Marking task as SUCCESS. dag_id=etl_***, task_id=extract, execution_date=20240914T000000, start_date=20251217T074534, end_date=20251217T074534
[2025-12-17T07:45:35.204+0000] {local_task_job_runner.py:234} INFO - Task exited with return code 0
[2025-12-17T07:45:35.297+0000] {taskinstance.py:3280} INFO - 1 downstream tasks scheduled from follow-on schedule check
