[2025-12-16T17:18:49.514+0000] {taskinstance.py:1956} INFO - Dependencies all met for dep_context=non-requeueable deps ti=<TaskInstance: etl_airflow.transform scheduled__2024-02-19T00:00:00+00:00 [queued]>
[2025-12-16T17:18:49.567+0000] {taskinstance.py:1956} INFO - Dependencies all met for dep_context=requeueable deps ti=<TaskInstance: etl_airflow.transform scheduled__2024-02-19T00:00:00+00:00 [queued]>
[2025-12-16T17:18:49.571+0000] {taskinstance.py:2170} INFO - Starting attempt 2 of 4
[2025-12-16T17:18:49.609+0000] {taskinstance.py:2191} INFO - Executing <Task(PythonOperator): transform> on 2024-02-19 00:00:00+00:00
[2025-12-16T17:18:49.628+0000] {standard_task_runner.py:60} INFO - Started process 3858 to run task
[2025-12-16T17:18:49.646+0000] {standard_task_runner.py:87} INFO - Running: ['***', 'tasks', 'run', 'etl_***', 'transform', 'scheduled__2024-02-19T00:00:00+00:00', '--job-id', '5293', '--raw', '--subdir', 'DAGS_FOLDER/etl_dag.py', '--cfg-path', '/tmp/tmpo3_4vu5g']
[2025-12-16T17:18:49.657+0000] {standard_task_runner.py:88} INFO - Job 5293: Subtask transform
[2025-12-16T17:18:49.919+0000] {task_command.py:423} INFO - Running <TaskInstance: etl_airflow.transform scheduled__2024-02-19T00:00:00+00:00 [running]> on host 3b89cfee50e9
[2025-12-16T17:18:50.262+0000] {taskinstance.py:2480} INFO - Exporting env vars: AIRFLOW_CTX_DAG_OWNER='***' AIRFLOW_CTX_DAG_ID='etl_***' AIRFLOW_CTX_TASK_ID='transform' AIRFLOW_CTX_EXECUTION_DATE='2024-02-19T00:00:00+00:00' AIRFLOW_CTX_TRY_NUMBER='2' AIRFLOW_CTX_DAG_RUN_ID='scheduled__2024-02-19T00:00:00+00:00'
[2025-12-16T17:18:50.266+0000] {logging_mixin.py:188} INFO - [TRANSFORM]
[2025-12-16T17:18:50.861+0000] {logging_mixin.py:188} INFO - [TRANSFORM] done
[2025-12-16T17:18:50.863+0000] {python.py:201} INFO - Done. Returned value was: None
[2025-12-16T17:18:50.887+0000] {taskinstance.py:1138} INFO - Marking task as SUCCESS. dag_id=etl_***, task_id=transform, execution_date=20240219T000000, start_date=20251216T171849, end_date=20251216T171850
[2025-12-16T17:18:50.951+0000] {local_task_job_runner.py:234} INFO - Task exited with return code 0
[2025-12-16T17:18:50.986+0000] {taskinstance.py:3280} INFO - 1 downstream tasks scheduled from follow-on schedule check
[2025-12-17T04:44:17.409+0000] {taskinstance.py:1956} INFO - Dependencies all met for dep_context=non-requeueable deps ti=<TaskInstance: etl_airflow.transform scheduled__2024-02-19T00:00:00+00:00 [queued]>
[2025-12-17T04:44:17.421+0000] {taskinstance.py:1956} INFO - Dependencies all met for dep_context=requeueable deps ti=<TaskInstance: etl_airflow.transform scheduled__2024-02-19T00:00:00+00:00 [queued]>
[2025-12-17T04:44:17.422+0000] {taskinstance.py:2170} INFO - Starting attempt 2 of 3
[2025-12-17T04:44:17.436+0000] {taskinstance.py:2191} INFO - Executing <Task(PythonOperator): transform> on 2024-02-19 00:00:00+00:00
[2025-12-17T04:44:17.442+0000] {standard_task_runner.py:60} INFO - Started process 966 to run task
[2025-12-17T04:44:17.447+0000] {standard_task_runner.py:87} INFO - Running: ['***', 'tasks', 'run', 'etl_***', 'transform', 'scheduled__2024-02-19T00:00:00+00:00', '--job-id', '227', '--raw', '--subdir', 'DAGS_FOLDER/etl_***.py', '--cfg-path', '/tmp/tmp1edzv2zm']
[2025-12-17T04:44:17.452+0000] {standard_task_runner.py:88} INFO - Job 227: Subtask transform
[2025-12-17T04:44:17.569+0000] {task_command.py:423} INFO - Running <TaskInstance: etl_airflow.transform scheduled__2024-02-19T00:00:00+00:00 [running]> on host b3426f05ac70
[2025-12-17T04:44:17.845+0000] {taskinstance.py:2480} INFO - Exporting env vars: AIRFLOW_CTX_DAG_OWNER='***' AIRFLOW_CTX_DAG_ID='etl_***' AIRFLOW_CTX_TASK_ID='transform' AIRFLOW_CTX_EXECUTION_DATE='2024-02-19T00:00:00+00:00' AIRFLOW_CTX_TRY_NUMBER='2' AIRFLOW_CTX_DAG_RUN_ID='scheduled__2024-02-19T00:00:00+00:00'
[2025-12-17T04:44:17.848+0000] {taskinstance.py:2698} ERROR - Task failed with exception
Traceback (most recent call last):
  File "/home/airflow/.local/lib/python3.8/site-packages/airflow/models/taskinstance.py", line 433, in _execute_task
    result = execute_callable(context=context, **execute_callable_kwargs)
  File "/home/airflow/.local/lib/python3.8/site-packages/airflow/operators/python.py", line 199, in execute
    return_value = self.execute_callable()
  File "/home/airflow/.local/lib/python3.8/site-packages/airflow/operators/python.py", line 216, in execute_callable
    return self.python_callable(*self.op_args, **self.op_kwargs)
TypeError: transform_data() missing 1 required positional argument: 'df'
[2025-12-17T04:44:17.861+0000] {taskinstance.py:1138} INFO - Marking task as UP_FOR_RETRY. dag_id=etl_***, task_id=transform, execution_date=20240219T000000, start_date=20251217T044417, end_date=20251217T044417
[2025-12-17T04:44:17.877+0000] {standard_task_runner.py:107} ERROR - Failed to execute job 227 for task transform (transform_data() missing 1 required positional argument: 'df'; 966)
[2025-12-17T04:44:17.902+0000] {local_task_job_runner.py:234} INFO - Task exited with return code 1
[2025-12-17T04:44:17.949+0000] {taskinstance.py:3280} INFO - 0 downstream tasks scheduled from follow-on schedule check
[2025-12-17T07:37:34.194+0000] {taskinstance.py:1956} INFO - Dependencies all met for dep_context=non-requeueable deps ti=<TaskInstance: etl_airflow.transform scheduled__2024-02-19T00:00:00+00:00 [queued]>
[2025-12-17T07:37:34.239+0000] {taskinstance.py:1956} INFO - Dependencies all met for dep_context=requeueable deps ti=<TaskInstance: etl_airflow.transform scheduled__2024-02-19T00:00:00+00:00 [queued]>
[2025-12-17T07:37:34.242+0000] {taskinstance.py:2170} INFO - Starting attempt 2 of 3
[2025-12-17T07:37:34.297+0000] {taskinstance.py:2191} INFO - Executing <Task(PythonOperator): transform> on 2024-02-19 00:00:00+00:00
[2025-12-17T07:37:34.315+0000] {standard_task_runner.py:60} INFO - Started process 1033 to run task
[2025-12-17T07:37:34.326+0000] {standard_task_runner.py:87} INFO - Running: ['***', 'tasks', 'run', 'etl_***', 'transform', 'scheduled__2024-02-19T00:00:00+00:00', '--job-id', '228', '--raw', '--subdir', 'DAGS_FOLDER/etl_***.py', '--cfg-path', '/tmp/tmpy53j8ra7']
[2025-12-17T07:37:34.334+0000] {standard_task_runner.py:88} INFO - Job 228: Subtask transform
[2025-12-17T07:37:34.572+0000] {task_command.py:423} INFO - Running <TaskInstance: etl_airflow.transform scheduled__2024-02-19T00:00:00+00:00 [running]> on host 2a0de06c8905
[2025-12-17T07:37:35.138+0000] {taskinstance.py:2480} INFO - Exporting env vars: AIRFLOW_CTX_DAG_OWNER='***' AIRFLOW_CTX_DAG_ID='etl_***' AIRFLOW_CTX_TASK_ID='transform' AIRFLOW_CTX_EXECUTION_DATE='2024-02-19T00:00:00+00:00' AIRFLOW_CTX_TRY_NUMBER='2' AIRFLOW_CTX_DAG_RUN_ID='scheduled__2024-02-19T00:00:00+00:00'
[2025-12-17T07:37:35.142+0000] {taskinstance.py:2698} ERROR - Task failed with exception
Traceback (most recent call last):
  File "/home/airflow/.local/lib/python3.8/site-packages/airflow/models/taskinstance.py", line 433, in _execute_task
    result = execute_callable(context=context, **execute_callable_kwargs)
  File "/home/airflow/.local/lib/python3.8/site-packages/airflow/operators/python.py", line 199, in execute
    return_value = self.execute_callable()
  File "/home/airflow/.local/lib/python3.8/site-packages/airflow/operators/python.py", line 216, in execute_callable
    return self.python_callable(*self.op_args, **self.op_kwargs)
TypeError: transform_data() missing 1 required positional argument: 'df'
[2025-12-17T07:37:35.170+0000] {taskinstance.py:1138} INFO - Marking task as UP_FOR_RETRY. dag_id=etl_***, task_id=transform, execution_date=20240219T000000, start_date=20251217T073734, end_date=20251217T073735
[2025-12-17T07:37:35.206+0000] {standard_task_runner.py:107} ERROR - Failed to execute job 228 for task transform (transform_data() missing 1 required positional argument: 'df'; 1033)
[2025-12-17T07:37:35.267+0000] {local_task_job_runner.py:234} INFO - Task exited with return code 1
[2025-12-17T07:37:35.458+0000] {taskinstance.py:3280} INFO - 0 downstream tasks scheduled from follow-on schedule check
