[2025-12-16T16:41:35.126+0000] {taskinstance.py:1956} INFO - Dependencies all met for dep_context=non-requeueable deps ti=<TaskInstance: etl_airflow.extract scheduled__2024-11-02T00:00:00+00:00 [queued]>
[2025-12-16T16:41:35.166+0000] {taskinstance.py:1956} INFO - Dependencies all met for dep_context=requeueable deps ti=<TaskInstance: etl_airflow.extract scheduled__2024-11-02T00:00:00+00:00 [queued]>
[2025-12-16T16:41:35.168+0000] {taskinstance.py:2170} INFO - Starting attempt 1 of 3
[2025-12-16T16:41:35.226+0000] {taskinstance.py:2191} INFO - Executing <Task(PythonOperator): extract> on 2024-11-02 00:00:00+00:00
[2025-12-16T16:41:35.239+0000] {standard_task_runner.py:60} INFO - Started process 309 to run task
[2025-12-16T16:41:35.248+0000] {standard_task_runner.py:87} INFO - Running: ['***', 'tasks', 'run', 'etl_***', 'extract', 'scheduled__2024-11-02T00:00:00+00:00', '--job-id', '918', '--raw', '--subdir', 'DAGS_FOLDER/etl_dag.py', '--cfg-path', '/tmp/tmpz9jlfhxz']
[2025-12-16T16:41:35.259+0000] {standard_task_runner.py:88} INFO - Job 918: Subtask extract
[2025-12-16T16:41:35.442+0000] {task_command.py:423} INFO - Running <TaskInstance: etl_airflow.extract scheduled__2024-11-02T00:00:00+00:00 [running]> on host db658e834d9d
[2025-12-16T16:41:35.628+0000] {taskinstance.py:2480} INFO - Exporting env vars: AIRFLOW_CTX_DAG_OWNER='***' AIRFLOW_CTX_DAG_ID='etl_***' AIRFLOW_CTX_TASK_ID='extract' AIRFLOW_CTX_EXECUTION_DATE='2024-11-02T00:00:00+00:00' AIRFLOW_CTX_TRY_NUMBER='1' AIRFLOW_CTX_DAG_RUN_ID='scheduled__2024-11-02T00:00:00+00:00'
[2025-12-16T16:41:35.633+0000] {logging_mixin.py:188} INFO - Extracting data from /opt/***/data/input.csv
[2025-12-16T16:41:35.645+0000] {taskinstance.py:2698} ERROR - Task failed with exception
Traceback (most recent call last):
  File "/home/airflow/.local/lib/python3.8/site-packages/airflow/models/taskinstance.py", line 433, in _execute_task
    result = execute_callable(context=context, **execute_callable_kwargs)
  File "/home/airflow/.local/lib/python3.8/site-packages/airflow/operators/python.py", line 199, in execute
    return_value = self.execute_callable()
  File "/home/airflow/.local/lib/python3.8/site-packages/airflow/operators/python.py", line 216, in execute_callable
    return self.python_callable(*self.op_args, **self.op_kwargs)
  File "/opt/airflow/etl_logic/pipeline.py", line 97, in extract_data
    df = pd.read_csv(input_path)
  File "/home/airflow/.local/lib/python3.8/site-packages/pandas/io/parsers/readers.py", line 912, in read_csv
    return _read(filepath_or_buffer, kwds)
  File "/home/airflow/.local/lib/python3.8/site-packages/pandas/io/parsers/readers.py", line 577, in _read
    parser = TextFileReader(filepath_or_buffer, **kwds)
  File "/home/airflow/.local/lib/python3.8/site-packages/pandas/io/parsers/readers.py", line 1407, in __init__
    self._engine = self._make_engine(f, self.engine)
  File "/home/airflow/.local/lib/python3.8/site-packages/pandas/io/parsers/readers.py", line 1661, in _make_engine
    self.handles = get_handle(
  File "/home/airflow/.local/lib/python3.8/site-packages/pandas/io/common.py", line 859, in get_handle
    handle = open(
FileNotFoundError: [Errno 2] No such file or directory: '/opt/airflow/data/input.csv'
[2025-12-16T16:41:35.685+0000] {taskinstance.py:1138} INFO - Marking task as UP_FOR_RETRY. dag_id=etl_***, task_id=extract, execution_date=20241102T000000, start_date=20251216T164135, end_date=20251216T164135
[2025-12-16T16:41:35.715+0000] {standard_task_runner.py:107} ERROR - Failed to execute job 918 for task extract ([Errno 2] No such file or directory: '/opt/airflow/data/input.csv'; 309)
[2025-12-16T16:41:35.746+0000] {local_task_job_runner.py:234} INFO - Task exited with return code 1
[2025-12-16T16:41:35.824+0000] {taskinstance.py:3280} INFO - 0 downstream tasks scheduled from follow-on schedule check
[2025-12-17T01:55:30.210+0000] {taskinstance.py:1956} INFO - Dependencies all met for dep_context=non-requeueable deps ti=<TaskInstance: etl_airflow.extract scheduled__2024-11-02T00:00:00+00:00 [queued]>
[2025-12-17T01:55:30.228+0000] {taskinstance.py:1956} INFO - Dependencies all met for dep_context=requeueable deps ti=<TaskInstance: etl_airflow.extract scheduled__2024-11-02T00:00:00+00:00 [queued]>
[2025-12-17T01:55:30.230+0000] {taskinstance.py:2170} INFO - Starting attempt 1 of 3
[2025-12-17T01:55:30.334+0000] {taskinstance.py:2191} INFO - Executing <Task(PythonOperator): extract> on 2024-11-02 00:00:00+00:00
[2025-12-17T01:55:30.350+0000] {standard_task_runner.py:60} INFO - Started process 3144 to run task
[2025-12-17T01:55:30.359+0000] {standard_task_runner.py:87} INFO - Running: ['***', 'tasks', 'run', 'etl_***', 'extract', 'scheduled__2024-11-02T00:00:00+00:00', '--job-id', '923', '--raw', '--subdir', 'DAGS_FOLDER/etl_dag.py', '--cfg-path', '/tmp/tmpd8ldlr9s']
[2025-12-17T01:55:30.364+0000] {standard_task_runner.py:88} INFO - Job 923: Subtask extract
[2025-12-17T01:55:30.501+0000] {task_command.py:423} INFO - Running <TaskInstance: etl_airflow.extract scheduled__2024-11-02T00:00:00+00:00 [running]> on host 571e042550da
[2025-12-17T01:55:30.901+0000] {taskinstance.py:2480} INFO - Exporting env vars: AIRFLOW_CTX_DAG_OWNER='***' AIRFLOW_CTX_DAG_ID='etl_***' AIRFLOW_CTX_TASK_ID='extract' AIRFLOW_CTX_EXECUTION_DATE='2024-11-02T00:00:00+00:00' AIRFLOW_CTX_TRY_NUMBER='1' AIRFLOW_CTX_DAG_RUN_ID='scheduled__2024-11-02T00:00:00+00:00'
[2025-12-17T01:55:30.904+0000] {logging_mixin.py:188} INFO - [EXTRACT] Reading /opt/***/data/synthetic_events.csv
[2025-12-17T01:55:30.932+0000] {logging_mixin.py:188} INFO - [EXTRACT] done
[2025-12-17T01:55:30.933+0000] {python.py:201} INFO - Done. Returned value was: None
[2025-12-17T01:55:30.949+0000] {taskinstance.py:1138} INFO - Marking task as SUCCESS. dag_id=etl_***, task_id=extract, execution_date=20241102T000000, start_date=20251217T015530, end_date=20251217T015530
[2025-12-17T01:55:31.015+0000] {local_task_job_runner.py:234} INFO - Task exited with return code 0
[2025-12-17T01:55:31.064+0000] {taskinstance.py:3280} INFO - 1 downstream tasks scheduled from follow-on schedule check
[2025-12-17T04:53:24.136+0000] {taskinstance.py:1956} INFO - Dependencies all met for dep_context=non-requeueable deps ti=<TaskInstance: etl_airflow.extract scheduled__2024-11-02T00:00:00+00:00 [queued]>
[2025-12-17T04:53:24.150+0000] {taskinstance.py:1956} INFO - Dependencies all met for dep_context=requeueable deps ti=<TaskInstance: etl_airflow.extract scheduled__2024-11-02T00:00:00+00:00 [queued]>
[2025-12-17T04:53:24.151+0000] {taskinstance.py:2170} INFO - Starting attempt 1 of 3
[2025-12-17T04:53:24.212+0000] {taskinstance.py:2191} INFO - Executing <Task(PythonOperator): extract> on 2024-11-02 00:00:00+00:00
[2025-12-17T04:53:24.220+0000] {standard_task_runner.py:60} INFO - Started process 4246 to run task
[2025-12-17T04:53:24.223+0000] {standard_task_runner.py:87} INFO - Running: ['***', 'tasks', 'run', 'etl_***', 'extract', 'scheduled__2024-11-02T00:00:00+00:00', '--job-id', '1220', '--raw', '--subdir', 'DAGS_FOLDER/etl_***.py', '--cfg-path', '/tmp/tmpnuit3kyj']
[2025-12-17T04:53:24.228+0000] {standard_task_runner.py:88} INFO - Job 1220: Subtask extract
[2025-12-17T04:53:24.351+0000] {task_command.py:423} INFO - Running <TaskInstance: etl_airflow.extract scheduled__2024-11-02T00:00:00+00:00 [running]> on host b3426f05ac70
[2025-12-17T04:53:24.715+0000] {taskinstance.py:2480} INFO - Exporting env vars: AIRFLOW_CTX_DAG_OWNER='***' AIRFLOW_CTX_DAG_ID='etl_***' AIRFLOW_CTX_TASK_ID='extract' AIRFLOW_CTX_EXECUTION_DATE='2024-11-02T00:00:00+00:00' AIRFLOW_CTX_TRY_NUMBER='1' AIRFLOW_CTX_DAG_RUN_ID='scheduled__2024-11-02T00:00:00+00:00'
[2025-12-17T04:53:24.741+0000] {python.py:201} INFO - Done. Returned value was:    user_id event_type           timestamp country
0        1      login 2025-01-01 09:00:00      IN
1        1      click 2025-01-01 09:05:00      IN
2        1     logout 2025-01-01 09:15:00      IN
3        2      login 2025-01-01 10:00:00      US
4        2      click 2025-01-01 10:10:00      US
5        2     logout 2025-01-01 10:20:00      US
6        3      login 2025-01-02 08:00:00      FR
7        3      click 2025-01-02 08:05:00      FR
8        3     logout 2025-01-02 08:30:00      FR
[2025-12-17T04:53:24.807+0000] {taskinstance.py:1138} INFO - Marking task as SUCCESS. dag_id=etl_***, task_id=extract, execution_date=20241102T000000, start_date=20251217T045324, end_date=20251217T045324
[2025-12-17T04:53:24.921+0000] {local_task_job_runner.py:234} INFO - Task exited with return code 0
[2025-12-17T04:53:24.963+0000] {taskinstance.py:3280} INFO - 1 downstream tasks scheduled from follow-on schedule check
[2025-12-17T07:58:32.193+0000] {taskinstance.py:1956} INFO - Dependencies all met for dep_context=non-requeueable deps ti=<TaskInstance: etl_airflow.extract scheduled__2024-11-02T00:00:00+00:00 [queued]>
[2025-12-17T07:58:32.222+0000] {taskinstance.py:1956} INFO - Dependencies all met for dep_context=requeueable deps ti=<TaskInstance: etl_airflow.extract scheduled__2024-11-02T00:00:00+00:00 [queued]>
[2025-12-17T07:58:32.223+0000] {taskinstance.py:2170} INFO - Starting attempt 1 of 3
[2025-12-17T07:58:32.261+0000] {taskinstance.py:2191} INFO - Executing <Task(PythonOperator): extract> on 2024-11-02 00:00:00+00:00
[2025-12-17T07:58:32.272+0000] {standard_task_runner.py:60} INFO - Started process 4350 to run task
[2025-12-17T07:58:32.282+0000] {standard_task_runner.py:87} INFO - Running: ['***', 'tasks', 'run', 'etl_***', 'extract', 'scheduled__2024-11-02T00:00:00+00:00', '--job-id', '1224', '--raw', '--subdir', 'DAGS_FOLDER/etl_***.py', '--cfg-path', '/tmp/tmps54t_jdi']
[2025-12-17T07:58:32.288+0000] {standard_task_runner.py:88} INFO - Job 1224: Subtask extract
[2025-12-17T07:58:32.429+0000] {task_command.py:423} INFO - Running <TaskInstance: etl_airflow.extract scheduled__2024-11-02T00:00:00+00:00 [running]> on host 2a0de06c8905
[2025-12-17T07:58:32.963+0000] {taskinstance.py:2480} INFO - Exporting env vars: AIRFLOW_CTX_DAG_OWNER='***' AIRFLOW_CTX_DAG_ID='etl_***' AIRFLOW_CTX_TASK_ID='extract' AIRFLOW_CTX_EXECUTION_DATE='2024-11-02T00:00:00+00:00' AIRFLOW_CTX_TRY_NUMBER='1' AIRFLOW_CTX_DAG_RUN_ID='scheduled__2024-11-02T00:00:00+00:00'
[2025-12-17T07:58:33.001+0000] {python.py:201} INFO - Done. Returned value was:    user_id event_type           timestamp country
0        1      login 2025-01-01 09:00:00      IN
1        1      click 2025-01-01 09:05:00      IN
2        1     logout 2025-01-01 09:15:00      IN
3        2      login 2025-01-01 10:00:00      US
4        2      click 2025-01-01 10:10:00      US
5        2     logout 2025-01-01 10:20:00      US
6        3      login 2025-01-02 08:00:00      FR
7        3      click 2025-01-02 08:05:00      FR
8        3     logout 2025-01-02 08:30:00      FR
[2025-12-17T07:58:33.077+0000] {taskinstance.py:1138} INFO - Marking task as SUCCESS. dag_id=etl_***, task_id=extract, execution_date=20241102T000000, start_date=20251217T075832, end_date=20251217T075833
[2025-12-17T07:58:33.310+0000] {local_task_job_runner.py:234} INFO - Task exited with return code 0
[2025-12-17T07:58:33.382+0000] {taskinstance.py:3280} INFO - 1 downstream tasks scheduled from follow-on schedule check
