[2025-12-16T17:19:12.949+0000] {taskinstance.py:1956} INFO - Dependencies all met for dep_context=non-requeueable deps ti=<TaskInstance: etl_airflow.transform scheduled__2024-03-22T00:00:00+00:00 [queued]>
[2025-12-16T17:19:12.970+0000] {taskinstance.py:1956} INFO - Dependencies all met for dep_context=requeueable deps ti=<TaskInstance: etl_airflow.transform scheduled__2024-03-22T00:00:00+00:00 [queued]>
[2025-12-16T17:19:12.972+0000] {taskinstance.py:2170} INFO - Starting attempt 2 of 4
[2025-12-16T17:19:13.001+0000] {taskinstance.py:2191} INFO - Executing <Task(PythonOperator): transform> on 2024-03-22 00:00:00+00:00
[2025-12-16T17:19:13.012+0000] {standard_task_runner.py:60} INFO - Started process 4144 to run task
[2025-12-16T17:19:13.024+0000] {standard_task_runner.py:87} INFO - Running: ['***', 'tasks', 'run', 'etl_***', 'transform', 'scheduled__2024-03-22T00:00:00+00:00', '--job-id', '5386', '--raw', '--subdir', 'DAGS_FOLDER/etl_dag.py', '--cfg-path', '/tmp/tmpd1u_0ed_']
[2025-12-16T17:19:13.036+0000] {standard_task_runner.py:88} INFO - Job 5386: Subtask transform
[2025-12-16T17:19:13.230+0000] {task_command.py:423} INFO - Running <TaskInstance: etl_airflow.transform scheduled__2024-03-22T00:00:00+00:00 [running]> on host 3b89cfee50e9
[2025-12-16T17:19:13.517+0000] {taskinstance.py:2480} INFO - Exporting env vars: AIRFLOW_CTX_DAG_OWNER='***' AIRFLOW_CTX_DAG_ID='etl_***' AIRFLOW_CTX_TASK_ID='transform' AIRFLOW_CTX_EXECUTION_DATE='2024-03-22T00:00:00+00:00' AIRFLOW_CTX_TRY_NUMBER='2' AIRFLOW_CTX_DAG_RUN_ID='scheduled__2024-03-22T00:00:00+00:00'
[2025-12-16T17:19:13.532+0000] {logging_mixin.py:188} INFO - [TRANSFORM]
[2025-12-16T17:19:13.965+0000] {logging_mixin.py:188} INFO - [TRANSFORM] done
[2025-12-16T17:19:13.972+0000] {python.py:201} INFO - Done. Returned value was: None
[2025-12-16T17:19:14.005+0000] {taskinstance.py:1138} INFO - Marking task as SUCCESS. dag_id=etl_***, task_id=transform, execution_date=20240322T000000, start_date=20251216T171912, end_date=20251216T171914
[2025-12-16T17:19:14.090+0000] {local_task_job_runner.py:234} INFO - Task exited with return code 0
[2025-12-16T17:19:14.169+0000] {taskinstance.py:3280} INFO - 1 downstream tasks scheduled from follow-on schedule check
[2025-12-17T04:19:28.027+0000] {taskinstance.py:1956} INFO - Dependencies all met for dep_context=non-requeueable deps ti=<TaskInstance: etl_airflow.transform scheduled__2024-03-22T00:00:00+00:00 [queued]>
[2025-12-17T04:19:28.042+0000] {taskinstance.py:1956} INFO - Dependencies all met for dep_context=requeueable deps ti=<TaskInstance: etl_airflow.transform scheduled__2024-03-22T00:00:00+00:00 [queued]>
[2025-12-17T04:19:28.043+0000] {taskinstance.py:2170} INFO - Starting attempt 2 of 3
[2025-12-17T04:19:28.105+0000] {taskinstance.py:2191} INFO - Executing <Task(PythonOperator): transform> on 2024-03-22 00:00:00+00:00
[2025-12-17T04:19:28.118+0000] {standard_task_runner.py:60} INFO - Started process 636 to run task
[2025-12-17T04:19:28.124+0000] {standard_task_runner.py:87} INFO - Running: ['***', 'tasks', 'run', 'etl_***', 'transform', 'scheduled__2024-03-22T00:00:00+00:00', '--job-id', '131', '--raw', '--subdir', 'DAGS_FOLDER/etl_***.py', '--cfg-path', '/tmp/tmpggqg2o0i']
[2025-12-17T04:19:28.128+0000] {standard_task_runner.py:88} INFO - Job 131: Subtask transform
[2025-12-17T04:19:28.258+0000] {task_command.py:423} INFO - Running <TaskInstance: etl_airflow.transform scheduled__2024-03-22T00:00:00+00:00 [running]> on host c5811fe183ca
[2025-12-17T04:19:28.671+0000] {taskinstance.py:2480} INFO - Exporting env vars: AIRFLOW_CTX_DAG_OWNER='***' AIRFLOW_CTX_DAG_ID='etl_***' AIRFLOW_CTX_TASK_ID='transform' AIRFLOW_CTX_EXECUTION_DATE='2024-03-22T00:00:00+00:00' AIRFLOW_CTX_TRY_NUMBER='2' AIRFLOW_CTX_DAG_RUN_ID='scheduled__2024-03-22T00:00:00+00:00'
[2025-12-17T04:19:28.673+0000] {taskinstance.py:2698} ERROR - Task failed with exception
Traceback (most recent call last):
  File "/home/airflow/.local/lib/python3.8/site-packages/airflow/models/taskinstance.py", line 433, in _execute_task
    result = execute_callable(context=context, **execute_callable_kwargs)
  File "/home/airflow/.local/lib/python3.8/site-packages/airflow/operators/python.py", line 199, in execute
    return_value = self.execute_callable()
  File "/home/airflow/.local/lib/python3.8/site-packages/airflow/operators/python.py", line 216, in execute_callable
    return self.python_callable(*self.op_args, **self.op_kwargs)
TypeError: transform_data() missing 1 required positional argument: 'df'
[2025-12-17T04:19:28.688+0000] {taskinstance.py:1138} INFO - Marking task as UP_FOR_RETRY. dag_id=etl_***, task_id=transform, execution_date=20240322T000000, start_date=20251217T041928, end_date=20251217T041928
[2025-12-17T04:19:28.712+0000] {standard_task_runner.py:107} ERROR - Failed to execute job 131 for task transform (transform_data() missing 1 required positional argument: 'df'; 636)
[2025-12-17T04:19:28.741+0000] {local_task_job_runner.py:234} INFO - Task exited with return code 1
[2025-12-17T04:19:28.802+0000] {taskinstance.py:3280} INFO - 0 downstream tasks scheduled from follow-on schedule check
[2025-12-17T04:45:26.394+0000] {taskinstance.py:1956} INFO - Dependencies all met for dep_context=non-requeueable deps ti=<TaskInstance: etl_airflow.transform scheduled__2024-03-22T00:00:00+00:00 [queued]>
[2025-12-17T04:45:26.410+0000] {taskinstance.py:1956} INFO - Dependencies all met for dep_context=requeueable deps ti=<TaskInstance: etl_airflow.transform scheduled__2024-03-22T00:00:00+00:00 [queued]>
[2025-12-17T04:45:26.410+0000] {taskinstance.py:2170} INFO - Starting attempt 2 of 3
[2025-12-17T04:45:26.430+0000] {taskinstance.py:2191} INFO - Executing <Task(PythonOperator): transform> on 2024-03-22 00:00:00+00:00
[2025-12-17T04:45:26.439+0000] {standard_task_runner.py:60} INFO - Started process 1397 to run task
[2025-12-17T04:45:26.443+0000] {standard_task_runner.py:87} INFO - Running: ['***', 'tasks', 'run', 'etl_***', 'transform', 'scheduled__2024-03-22T00:00:00+00:00', '--job-id', '356', '--raw', '--subdir', 'DAGS_FOLDER/etl_***.py', '--cfg-path', '/tmp/tmp8vs7esvt']
[2025-12-17T04:45:26.448+0000] {standard_task_runner.py:88} INFO - Job 356: Subtask transform
[2025-12-17T04:45:26.561+0000] {task_command.py:423} INFO - Running <TaskInstance: etl_airflow.transform scheduled__2024-03-22T00:00:00+00:00 [running]> on host b3426f05ac70
[2025-12-17T04:45:26.917+0000] {taskinstance.py:2480} INFO - Exporting env vars: AIRFLOW_CTX_DAG_OWNER='***' AIRFLOW_CTX_DAG_ID='etl_***' AIRFLOW_CTX_TASK_ID='transform' AIRFLOW_CTX_EXECUTION_DATE='2024-03-22T00:00:00+00:00' AIRFLOW_CTX_TRY_NUMBER='2' AIRFLOW_CTX_DAG_RUN_ID='scheduled__2024-03-22T00:00:00+00:00'
[2025-12-17T04:45:26.919+0000] {taskinstance.py:2698} ERROR - Task failed with exception
Traceback (most recent call last):
  File "/home/airflow/.local/lib/python3.8/site-packages/airflow/models/taskinstance.py", line 433, in _execute_task
    result = execute_callable(context=context, **execute_callable_kwargs)
  File "/home/airflow/.local/lib/python3.8/site-packages/airflow/operators/python.py", line 199, in execute
    return_value = self.execute_callable()
  File "/home/airflow/.local/lib/python3.8/site-packages/airflow/operators/python.py", line 216, in execute_callable
    return self.python_callable(*self.op_args, **self.op_kwargs)
TypeError: transform_data() missing 1 required positional argument: 'df'
[2025-12-17T04:45:26.932+0000] {taskinstance.py:1138} INFO - Marking task as UP_FOR_RETRY. dag_id=etl_***, task_id=transform, execution_date=20240322T000000, start_date=20251217T044526, end_date=20251217T044526
[2025-12-17T04:45:26.950+0000] {standard_task_runner.py:107} ERROR - Failed to execute job 356 for task transform (transform_data() missing 1 required positional argument: 'df'; 1397)
[2025-12-17T04:45:26.974+0000] {local_task_job_runner.py:234} INFO - Task exited with return code 1
[2025-12-17T04:45:27.009+0000] {taskinstance.py:3280} INFO - 0 downstream tasks scheduled from follow-on schedule check
[2025-12-17T07:38:52.755+0000] {taskinstance.py:1956} INFO - Dependencies all met for dep_context=non-requeueable deps ti=<TaskInstance: etl_airflow.transform scheduled__2024-03-22T00:00:00+00:00 [queued]>
[2025-12-17T07:38:52.780+0000] {taskinstance.py:1956} INFO - Dependencies all met for dep_context=requeueable deps ti=<TaskInstance: etl_airflow.transform scheduled__2024-03-22T00:00:00+00:00 [queued]>
[2025-12-17T07:38:52.782+0000] {taskinstance.py:2170} INFO - Starting attempt 2 of 3
[2025-12-17T07:38:52.811+0000] {taskinstance.py:2191} INFO - Executing <Task(PythonOperator): transform> on 2024-03-22 00:00:00+00:00
[2025-12-17T07:38:52.822+0000] {standard_task_runner.py:60} INFO - Started process 1460 to run task
[2025-12-17T07:38:52.832+0000] {standard_task_runner.py:87} INFO - Running: ['***', 'tasks', 'run', 'etl_***', 'transform', 'scheduled__2024-03-22T00:00:00+00:00', '--job-id', '355', '--raw', '--subdir', 'DAGS_FOLDER/etl_***.py', '--cfg-path', '/tmp/tmpf076kidv']
[2025-12-17T07:38:52.843+0000] {standard_task_runner.py:88} INFO - Job 355: Subtask transform
[2025-12-17T07:38:52.996+0000] {task_command.py:423} INFO - Running <TaskInstance: etl_airflow.transform scheduled__2024-03-22T00:00:00+00:00 [running]> on host 2a0de06c8905
[2025-12-17T07:38:53.507+0000] {taskinstance.py:2480} INFO - Exporting env vars: AIRFLOW_CTX_DAG_OWNER='***' AIRFLOW_CTX_DAG_ID='etl_***' AIRFLOW_CTX_TASK_ID='transform' AIRFLOW_CTX_EXECUTION_DATE='2024-03-22T00:00:00+00:00' AIRFLOW_CTX_TRY_NUMBER='2' AIRFLOW_CTX_DAG_RUN_ID='scheduled__2024-03-22T00:00:00+00:00'
[2025-12-17T07:38:53.511+0000] {taskinstance.py:2698} ERROR - Task failed with exception
Traceback (most recent call last):
  File "/home/airflow/.local/lib/python3.8/site-packages/airflow/models/taskinstance.py", line 433, in _execute_task
    result = execute_callable(context=context, **execute_callable_kwargs)
  File "/home/airflow/.local/lib/python3.8/site-packages/airflow/operators/python.py", line 199, in execute
    return_value = self.execute_callable()
  File "/home/airflow/.local/lib/python3.8/site-packages/airflow/operators/python.py", line 216, in execute_callable
    return self.python_callable(*self.op_args, **self.op_kwargs)
TypeError: transform_data() missing 1 required positional argument: 'df'
[2025-12-17T07:38:53.537+0000] {taskinstance.py:1138} INFO - Marking task as UP_FOR_RETRY. dag_id=etl_***, task_id=transform, execution_date=20240322T000000, start_date=20251217T073852, end_date=20251217T073853
[2025-12-17T07:38:53.568+0000] {standard_task_runner.py:107} ERROR - Failed to execute job 355 for task transform (transform_data() missing 1 required positional argument: 'df'; 1460)
[2025-12-17T07:38:53.612+0000] {local_task_job_runner.py:234} INFO - Task exited with return code 1
[2025-12-17T07:38:53.674+0000] {taskinstance.py:3280} INFO - 0 downstream tasks scheduled from follow-on schedule check
