[2025-12-16T17:16:41.350+0000] {taskinstance.py:1956} INFO - Dependencies all met for dep_context=non-requeueable deps ti=<TaskInstance: etl_airflow.load scheduled__2025-03-14T00:00:00+00:00 [queued]>
[2025-12-16T17:16:41.376+0000] {taskinstance.py:1956} INFO - Dependencies all met for dep_context=requeueable deps ti=<TaskInstance: etl_airflow.load scheduled__2025-03-14T00:00:00+00:00 [queued]>
[2025-12-16T17:16:41.377+0000] {taskinstance.py:2170} INFO - Starting attempt 1 of 3
[2025-12-16T17:16:41.435+0000] {taskinstance.py:2191} INFO - Executing <Task(PythonOperator): load> on 2025-03-14 00:00:00+00:00
[2025-12-16T17:16:41.451+0000] {standard_task_runner.py:60} INFO - Started process 2878 to run task
[2025-12-16T17:16:41.464+0000] {standard_task_runner.py:87} INFO - Running: ['***', 'tasks', 'run', 'etl_***', 'load', 'scheduled__2025-03-14T00:00:00+00:00', '--job-id', '4990', '--raw', '--subdir', 'DAGS_FOLDER/etl_dag.py', '--cfg-path', '/tmp/tmphkhgk57j']
[2025-12-16T17:16:41.476+0000] {standard_task_runner.py:88} INFO - Job 4990: Subtask load
[2025-12-16T17:16:41.668+0000] {task_command.py:423} INFO - Running <TaskInstance: etl_airflow.load scheduled__2025-03-14T00:00:00+00:00 [running]> on host 3b89cfee50e9
[2025-12-16T17:16:41.926+0000] {taskinstance.py:2480} INFO - Exporting env vars: AIRFLOW_CTX_DAG_OWNER='***' AIRFLOW_CTX_DAG_ID='etl_***' AIRFLOW_CTX_TASK_ID='load' AIRFLOW_CTX_EXECUTION_DATE='2025-03-14T00:00:00+00:00' AIRFLOW_CTX_TRY_NUMBER='1' AIRFLOW_CTX_DAG_RUN_ID='scheduled__2025-03-14T00:00:00+00:00'
[2025-12-16T17:16:41.931+0000] {logging_mixin.py:188} INFO - [LOAD]
[2025-12-16T17:16:42.391+0000] {logging_mixin.py:188} INFO -    user_id event_type            timestamp country
0        1      login  2025-01-01T09:00:00      IN
1        1      click  2025-01-01T09:05:00      IN
2        1     logout  2025-01-01T09:15:00      IN
3        3      login  2025-01-02T08:00:00      FR
4        3      click  2025-01-02T08:05:00      FR
[2025-12-16T17:16:42.393+0000] {logging_mixin.py:188} INFO - [LOAD] done
[2025-12-16T17:16:42.395+0000] {python.py:201} INFO - Done. Returned value was: None
[2025-12-16T17:16:42.414+0000] {taskinstance.py:1138} INFO - Marking task as SUCCESS. dag_id=etl_***, task_id=load, execution_date=20250314T000000, start_date=20251216T171641, end_date=20251216T171642
[2025-12-16T17:16:42.516+0000] {local_task_job_runner.py:234} INFO - Task exited with return code 0
[2025-12-16T17:16:42.552+0000] {taskinstance.py:3280} INFO - 0 downstream tasks scheduled from follow-on schedule check
[2025-12-17T01:57:53.302+0000] {taskinstance.py:1956} INFO - Dependencies all met for dep_context=non-requeueable deps ti=<TaskInstance: etl_airflow.load scheduled__2025-03-14T00:00:00+00:00 [queued]>
[2025-12-17T01:57:53.329+0000] {taskinstance.py:1956} INFO - Dependencies all met for dep_context=requeueable deps ti=<TaskInstance: etl_airflow.load scheduled__2025-03-14T00:00:00+00:00 [queued]>
[2025-12-17T01:57:53.336+0000] {taskinstance.py:2170} INFO - Starting attempt 1 of 3
[2025-12-17T01:57:53.386+0000] {taskinstance.py:2191} INFO - Executing <Task(PythonOperator): load> on 2025-03-14 00:00:00+00:00
[2025-12-17T01:57:53.400+0000] {standard_task_runner.py:60} INFO - Started process 4543 to run task
[2025-12-17T01:57:53.411+0000] {standard_task_runner.py:87} INFO - Running: ['***', 'tasks', 'run', 'etl_***', 'load', 'scheduled__2025-03-14T00:00:00+00:00', '--job-id', '1363', '--raw', '--subdir', 'DAGS_FOLDER/etl_dag.py', '--cfg-path', '/tmp/tmp_7vv6rkl']
[2025-12-17T01:57:53.422+0000] {standard_task_runner.py:88} INFO - Job 1363: Subtask load
[2025-12-17T01:57:53.575+0000] {task_command.py:423} INFO - Running <TaskInstance: etl_airflow.load scheduled__2025-03-14T00:00:00+00:00 [running]> on host 571e042550da
[2025-12-17T01:57:54.158+0000] {taskinstance.py:2480} INFO - Exporting env vars: AIRFLOW_CTX_DAG_OWNER='***' AIRFLOW_CTX_DAG_ID='etl_***' AIRFLOW_CTX_TASK_ID='load' AIRFLOW_CTX_EXECUTION_DATE='2025-03-14T00:00:00+00:00' AIRFLOW_CTX_TRY_NUMBER='1' AIRFLOW_CTX_DAG_RUN_ID='scheduled__2025-03-14T00:00:00+00:00'
[2025-12-17T01:57:54.167+0000] {logging_mixin.py:188} INFO - [LOAD]
[2025-12-17T01:57:54.262+0000] {logging_mixin.py:188} INFO -    user_id event_type            timestamp country
0        1      login  2025-01-01T09:00:00      IN
1        1      click  2025-01-01T09:05:00      IN
2        1     logout  2025-01-01T09:15:00      IN
3        3      login  2025-01-02T08:00:00      FR
4        3      click  2025-01-02T08:05:00      FR
[2025-12-17T01:57:54.276+0000] {logging_mixin.py:188} INFO - [LOAD] done
[2025-12-17T01:57:54.279+0000] {python.py:201} INFO - Done. Returned value was: None
[2025-12-17T01:57:54.339+0000] {taskinstance.py:1138} INFO - Marking task as SUCCESS. dag_id=etl_***, task_id=load, execution_date=20250314T000000, start_date=20251217T015753, end_date=20251217T015754
[2025-12-17T01:57:54.531+0000] {local_task_job_runner.py:234} INFO - Task exited with return code 0
[2025-12-17T01:57:54.574+0000] {taskinstance.py:3280} INFO - 0 downstream tasks scheduled from follow-on schedule check
