[2025-12-16T17:19:07.851+0000] {taskinstance.py:1956} INFO - Dependencies all met for dep_context=non-requeueable deps ti=<TaskInstance: etl_airflow.transform scheduled__2024-03-12T00:00:00+00:00 [queued]>
[2025-12-16T17:19:07.879+0000] {taskinstance.py:1956} INFO - Dependencies all met for dep_context=requeueable deps ti=<TaskInstance: etl_airflow.transform scheduled__2024-03-12T00:00:00+00:00 [queued]>
[2025-12-16T17:19:07.880+0000] {taskinstance.py:2170} INFO - Starting attempt 2 of 4
[2025-12-16T17:19:07.937+0000] {taskinstance.py:2191} INFO - Executing <Task(PythonOperator): transform> on 2024-03-12 00:00:00+00:00
[2025-12-16T17:19:07.960+0000] {standard_task_runner.py:60} INFO - Started process 4093 to run task
[2025-12-16T17:19:07.971+0000] {standard_task_runner.py:87} INFO - Running: ['***', 'tasks', 'run', 'etl_***', 'transform', 'scheduled__2024-03-12T00:00:00+00:00', '--job-id', '5365', '--raw', '--subdir', 'DAGS_FOLDER/etl_dag.py', '--cfg-path', '/tmp/tmp2n5po4gm']
[2025-12-16T17:19:07.988+0000] {standard_task_runner.py:88} INFO - Job 5365: Subtask transform
[2025-12-16T17:19:08.237+0000] {task_command.py:423} INFO - Running <TaskInstance: etl_airflow.transform scheduled__2024-03-12T00:00:00+00:00 [running]> on host 3b89cfee50e9
[2025-12-16T17:19:08.616+0000] {taskinstance.py:2480} INFO - Exporting env vars: AIRFLOW_CTX_DAG_OWNER='***' AIRFLOW_CTX_DAG_ID='etl_***' AIRFLOW_CTX_TASK_ID='transform' AIRFLOW_CTX_EXECUTION_DATE='2024-03-12T00:00:00+00:00' AIRFLOW_CTX_TRY_NUMBER='2' AIRFLOW_CTX_DAG_RUN_ID='scheduled__2024-03-12T00:00:00+00:00'
[2025-12-16T17:19:08.634+0000] {logging_mixin.py:188} INFO - [TRANSFORM]
[2025-12-16T17:19:09.366+0000] {logging_mixin.py:188} INFO - [TRANSFORM] done
[2025-12-16T17:19:09.368+0000] {python.py:201} INFO - Done. Returned value was: None
[2025-12-16T17:19:09.416+0000] {taskinstance.py:1138} INFO - Marking task as SUCCESS. dag_id=etl_***, task_id=transform, execution_date=20240312T000000, start_date=20251216T171907, end_date=20251216T171909
[2025-12-16T17:19:09.585+0000] {local_task_job_runner.py:234} INFO - Task exited with return code 0
[2025-12-16T17:19:09.676+0000] {taskinstance.py:3280} INFO - 1 downstream tasks scheduled from follow-on schedule check
[2025-12-17T04:19:25.343+0000] {taskinstance.py:1956} INFO - Dependencies all met for dep_context=non-requeueable deps ti=<TaskInstance: etl_airflow.transform scheduled__2024-03-12T00:00:00+00:00 [queued]>
[2025-12-17T04:19:25.361+0000] {taskinstance.py:1956} INFO - Dependencies all met for dep_context=requeueable deps ti=<TaskInstance: etl_airflow.transform scheduled__2024-03-12T00:00:00+00:00 [queued]>
[2025-12-17T04:19:25.363+0000] {taskinstance.py:2170} INFO - Starting attempt 2 of 3
[2025-12-17T04:19:25.441+0000] {taskinstance.py:2191} INFO - Executing <Task(PythonOperator): transform> on 2024-03-12 00:00:00+00:00
[2025-12-17T04:19:25.453+0000] {standard_task_runner.py:60} INFO - Started process 616 to run task
[2025-12-17T04:19:25.460+0000] {standard_task_runner.py:87} INFO - Running: ['***', 'tasks', 'run', 'etl_***', 'transform', 'scheduled__2024-03-12T00:00:00+00:00', '--job-id', '121', '--raw', '--subdir', 'DAGS_FOLDER/etl_***.py', '--cfg-path', '/tmp/tmpgj5q_0_9']
[2025-12-17T04:19:25.465+0000] {standard_task_runner.py:88} INFO - Job 121: Subtask transform
[2025-12-17T04:19:25.610+0000] {task_command.py:423} INFO - Running <TaskInstance: etl_airflow.transform scheduled__2024-03-12T00:00:00+00:00 [running]> on host c5811fe183ca
[2025-12-17T04:19:26.156+0000] {taskinstance.py:2480} INFO - Exporting env vars: AIRFLOW_CTX_DAG_OWNER='***' AIRFLOW_CTX_DAG_ID='etl_***' AIRFLOW_CTX_TASK_ID='transform' AIRFLOW_CTX_EXECUTION_DATE='2024-03-12T00:00:00+00:00' AIRFLOW_CTX_TRY_NUMBER='2' AIRFLOW_CTX_DAG_RUN_ID='scheduled__2024-03-12T00:00:00+00:00'
[2025-12-17T04:19:26.158+0000] {taskinstance.py:2698} ERROR - Task failed with exception
Traceback (most recent call last):
  File "/home/airflow/.local/lib/python3.8/site-packages/airflow/models/taskinstance.py", line 433, in _execute_task
    result = execute_callable(context=context, **execute_callable_kwargs)
  File "/home/airflow/.local/lib/python3.8/site-packages/airflow/operators/python.py", line 199, in execute
    return_value = self.execute_callable()
  File "/home/airflow/.local/lib/python3.8/site-packages/airflow/operators/python.py", line 216, in execute_callable
    return self.python_callable(*self.op_args, **self.op_kwargs)
TypeError: transform_data() missing 1 required positional argument: 'df'
[2025-12-17T04:19:26.174+0000] {taskinstance.py:1138} INFO - Marking task as UP_FOR_RETRY. dag_id=etl_***, task_id=transform, execution_date=20240312T000000, start_date=20251217T041925, end_date=20251217T041926
[2025-12-17T04:19:26.196+0000] {standard_task_runner.py:107} ERROR - Failed to execute job 121 for task transform (transform_data() missing 1 required positional argument: 'df'; 616)
[2025-12-17T04:19:26.240+0000] {local_task_job_runner.py:234} INFO - Task exited with return code 1
[2025-12-17T04:19:26.311+0000] {taskinstance.py:3280} INFO - 0 downstream tasks scheduled from follow-on schedule check
[2025-12-17T04:44:54.287+0000] {taskinstance.py:1956} INFO - Dependencies all met for dep_context=non-requeueable deps ti=<TaskInstance: etl_airflow.transform scheduled__2024-03-12T00:00:00+00:00 [queued]>
[2025-12-17T04:44:54.302+0000] {taskinstance.py:1956} INFO - Dependencies all met for dep_context=requeueable deps ti=<TaskInstance: etl_airflow.transform scheduled__2024-03-12T00:00:00+00:00 [queued]>
[2025-12-17T04:44:54.303+0000] {taskinstance.py:2170} INFO - Starting attempt 2 of 3
[2025-12-17T04:44:54.382+0000] {taskinstance.py:2191} INFO - Executing <Task(PythonOperator): transform> on 2024-03-12 00:00:00+00:00
[2025-12-17T04:44:54.395+0000] {standard_task_runner.py:60} INFO - Started process 1203 to run task
[2025-12-17T04:44:54.402+0000] {standard_task_runner.py:87} INFO - Running: ['***', 'tasks', 'run', 'etl_***', 'transform', 'scheduled__2024-03-12T00:00:00+00:00', '--job-id', '293', '--raw', '--subdir', 'DAGS_FOLDER/etl_***.py', '--cfg-path', '/tmp/tmp_brg5w41']
[2025-12-17T04:44:54.405+0000] {standard_task_runner.py:88} INFO - Job 293: Subtask transform
[2025-12-17T04:44:54.513+0000] {task_command.py:423} INFO - Running <TaskInstance: etl_airflow.transform scheduled__2024-03-12T00:00:00+00:00 [running]> on host b3426f05ac70
[2025-12-17T04:44:54.927+0000] {taskinstance.py:2480} INFO - Exporting env vars: AIRFLOW_CTX_DAG_OWNER='***' AIRFLOW_CTX_DAG_ID='etl_***' AIRFLOW_CTX_TASK_ID='transform' AIRFLOW_CTX_EXECUTION_DATE='2024-03-12T00:00:00+00:00' AIRFLOW_CTX_TRY_NUMBER='2' AIRFLOW_CTX_DAG_RUN_ID='scheduled__2024-03-12T00:00:00+00:00'
[2025-12-17T04:44:54.930+0000] {taskinstance.py:2698} ERROR - Task failed with exception
Traceback (most recent call last):
  File "/home/airflow/.local/lib/python3.8/site-packages/airflow/models/taskinstance.py", line 433, in _execute_task
    result = execute_callable(context=context, **execute_callable_kwargs)
  File "/home/airflow/.local/lib/python3.8/site-packages/airflow/operators/python.py", line 199, in execute
    return_value = self.execute_callable()
  File "/home/airflow/.local/lib/python3.8/site-packages/airflow/operators/python.py", line 216, in execute_callable
    return self.python_callable(*self.op_args, **self.op_kwargs)
TypeError: transform_data() missing 1 required positional argument: 'df'
[2025-12-17T04:44:54.942+0000] {taskinstance.py:1138} INFO - Marking task as UP_FOR_RETRY. dag_id=etl_***, task_id=transform, execution_date=20240312T000000, start_date=20251217T044454, end_date=20251217T044454
[2025-12-17T04:44:54.996+0000] {standard_task_runner.py:107} ERROR - Failed to execute job 293 for task transform (transform_data() missing 1 required positional argument: 'df'; 1203)
[2025-12-17T04:44:55.058+0000] {local_task_job_runner.py:234} INFO - Task exited with return code 1
[2025-12-17T04:44:55.290+0000] {taskinstance.py:3280} INFO - 0 downstream tasks scheduled from follow-on schedule check
[2025-12-17T07:38:15.432+0000] {taskinstance.py:1956} INFO - Dependencies all met for dep_context=non-requeueable deps ti=<TaskInstance: etl_airflow.transform scheduled__2024-03-12T00:00:00+00:00 [queued]>
[2025-12-17T07:38:15.462+0000] {taskinstance.py:1956} INFO - Dependencies all met for dep_context=requeueable deps ti=<TaskInstance: etl_airflow.transform scheduled__2024-03-12T00:00:00+00:00 [queued]>
[2025-12-17T07:38:15.466+0000] {taskinstance.py:2170} INFO - Starting attempt 2 of 3
[2025-12-17T07:38:15.498+0000] {taskinstance.py:2191} INFO - Executing <Task(PythonOperator): transform> on 2024-03-12 00:00:00+00:00
[2025-12-17T07:38:15.512+0000] {standard_task_runner.py:60} INFO - Started process 1266 to run task
[2025-12-17T07:38:15.524+0000] {standard_task_runner.py:87} INFO - Running: ['***', 'tasks', 'run', 'etl_***', 'transform', 'scheduled__2024-03-12T00:00:00+00:00', '--job-id', '299', '--raw', '--subdir', 'DAGS_FOLDER/etl_***.py', '--cfg-path', '/tmp/tmp2_egihg4']
[2025-12-17T07:38:15.531+0000] {standard_task_runner.py:88} INFO - Job 299: Subtask transform
[2025-12-17T07:38:15.733+0000] {task_command.py:423} INFO - Running <TaskInstance: etl_airflow.transform scheduled__2024-03-12T00:00:00+00:00 [running]> on host 2a0de06c8905
[2025-12-17T07:38:16.291+0000] {taskinstance.py:2480} INFO - Exporting env vars: AIRFLOW_CTX_DAG_OWNER='***' AIRFLOW_CTX_DAG_ID='etl_***' AIRFLOW_CTX_TASK_ID='transform' AIRFLOW_CTX_EXECUTION_DATE='2024-03-12T00:00:00+00:00' AIRFLOW_CTX_TRY_NUMBER='2' AIRFLOW_CTX_DAG_RUN_ID='scheduled__2024-03-12T00:00:00+00:00'
[2025-12-17T07:38:16.303+0000] {taskinstance.py:2698} ERROR - Task failed with exception
Traceback (most recent call last):
  File "/home/airflow/.local/lib/python3.8/site-packages/airflow/models/taskinstance.py", line 433, in _execute_task
    result = execute_callable(context=context, **execute_callable_kwargs)
  File "/home/airflow/.local/lib/python3.8/site-packages/airflow/operators/python.py", line 199, in execute
    return_value = self.execute_callable()
  File "/home/airflow/.local/lib/python3.8/site-packages/airflow/operators/python.py", line 216, in execute_callable
    return self.python_callable(*self.op_args, **self.op_kwargs)
TypeError: transform_data() missing 1 required positional argument: 'df'
[2025-12-17T07:38:16.344+0000] {taskinstance.py:1138} INFO - Marking task as UP_FOR_RETRY. dag_id=etl_***, task_id=transform, execution_date=20240312T000000, start_date=20251217T073815, end_date=20251217T073816
[2025-12-17T07:38:16.374+0000] {standard_task_runner.py:107} ERROR - Failed to execute job 299 for task transform (transform_data() missing 1 required positional argument: 'df'; 1266)
[2025-12-17T07:38:16.426+0000] {local_task_job_runner.py:234} INFO - Task exited with return code 1
[2025-12-17T07:38:16.572+0000] {taskinstance.py:3280} INFO - 0 downstream tasks scheduled from follow-on schedule check
