[2025-12-16T16:42:44.721+0000] {taskinstance.py:1956} INFO - Dependencies all met for dep_context=non-requeueable deps ti=<TaskInstance: etl_airflow.extract scheduled__2024-12-04T00:00:00+00:00 [queued]>
[2025-12-16T16:42:44.749+0000] {taskinstance.py:1956} INFO - Dependencies all met for dep_context=requeueable deps ti=<TaskInstance: etl_airflow.extract scheduled__2024-12-04T00:00:00+00:00 [queued]>
[2025-12-16T16:42:44.751+0000] {taskinstance.py:2170} INFO - Starting attempt 1 of 3
[2025-12-16T16:42:44.789+0000] {taskinstance.py:2191} INFO - Executing <Task(PythonOperator): extract> on 2024-12-04 00:00:00+00:00
[2025-12-16T16:42:44.801+0000] {standard_task_runner.py:60} INFO - Started process 645 to run task
[2025-12-16T16:42:44.809+0000] {standard_task_runner.py:87} INFO - Running: ['***', 'tasks', 'run', 'etl_***', 'extract', 'scheduled__2024-12-04T00:00:00+00:00', '--job-id', '1015', '--raw', '--subdir', 'DAGS_FOLDER/etl_dag.py', '--cfg-path', '/tmp/tmpplxzjwkq']
[2025-12-16T16:42:44.816+0000] {standard_task_runner.py:88} INFO - Job 1015: Subtask extract
[2025-12-16T16:42:44.994+0000] {task_command.py:423} INFO - Running <TaskInstance: etl_airflow.extract scheduled__2024-12-04T00:00:00+00:00 [running]> on host db658e834d9d
[2025-12-16T16:42:45.220+0000] {taskinstance.py:2480} INFO - Exporting env vars: AIRFLOW_CTX_DAG_OWNER='***' AIRFLOW_CTX_DAG_ID='etl_***' AIRFLOW_CTX_TASK_ID='extract' AIRFLOW_CTX_EXECUTION_DATE='2024-12-04T00:00:00+00:00' AIRFLOW_CTX_TRY_NUMBER='1' AIRFLOW_CTX_DAG_RUN_ID='scheduled__2024-12-04T00:00:00+00:00'
[2025-12-16T16:42:45.223+0000] {logging_mixin.py:188} INFO - Extracting data from /opt/***/data/input.csv
[2025-12-16T16:42:45.235+0000] {taskinstance.py:2698} ERROR - Task failed with exception
Traceback (most recent call last):
  File "/home/airflow/.local/lib/python3.8/site-packages/airflow/models/taskinstance.py", line 433, in _execute_task
    result = execute_callable(context=context, **execute_callable_kwargs)
  File "/home/airflow/.local/lib/python3.8/site-packages/airflow/operators/python.py", line 199, in execute
    return_value = self.execute_callable()
  File "/home/airflow/.local/lib/python3.8/site-packages/airflow/operators/python.py", line 216, in execute_callable
    return self.python_callable(*self.op_args, **self.op_kwargs)
  File "/opt/airflow/etl_logic/pipeline.py", line 97, in extract_data
    df = pd.read_csv(input_path)
  File "/home/airflow/.local/lib/python3.8/site-packages/pandas/io/parsers/readers.py", line 912, in read_csv
    return _read(filepath_or_buffer, kwds)
  File "/home/airflow/.local/lib/python3.8/site-packages/pandas/io/parsers/readers.py", line 577, in _read
    parser = TextFileReader(filepath_or_buffer, **kwds)
  File "/home/airflow/.local/lib/python3.8/site-packages/pandas/io/parsers/readers.py", line 1407, in __init__
    self._engine = self._make_engine(f, self.engine)
  File "/home/airflow/.local/lib/python3.8/site-packages/pandas/io/parsers/readers.py", line 1661, in _make_engine
    self.handles = get_handle(
  File "/home/airflow/.local/lib/python3.8/site-packages/pandas/io/common.py", line 859, in get_handle
    handle = open(
FileNotFoundError: [Errno 2] No such file or directory: '/opt/airflow/data/input.csv'
[2025-12-16T16:42:45.282+0000] {taskinstance.py:1138} INFO - Marking task as UP_FOR_RETRY. dag_id=etl_***, task_id=extract, execution_date=20241204T000000, start_date=20251216T164244, end_date=20251216T164245
[2025-12-16T16:42:45.495+0000] {standard_task_runner.py:107} ERROR - Failed to execute job 1015 for task extract ([Errno 2] No such file or directory: '/opt/airflow/data/input.csv'; 645)
[2025-12-16T16:42:45.549+0000] {local_task_job_runner.py:234} INFO - Task exited with return code 1
[2025-12-16T16:42:45.609+0000] {taskinstance.py:3280} INFO - 0 downstream tasks scheduled from follow-on schedule check
[2025-12-17T01:55:59.580+0000] {taskinstance.py:1956} INFO - Dependencies all met for dep_context=non-requeueable deps ti=<TaskInstance: etl_airflow.extract scheduled__2024-12-04T00:00:00+00:00 [queued]>
[2025-12-17T01:55:59.636+0000] {taskinstance.py:1956} INFO - Dependencies all met for dep_context=requeueable deps ti=<TaskInstance: etl_airflow.extract scheduled__2024-12-04T00:00:00+00:00 [queued]>
[2025-12-17T01:55:59.640+0000] {taskinstance.py:2170} INFO - Starting attempt 1 of 3
[2025-12-17T01:55:59.692+0000] {taskinstance.py:2191} INFO - Executing <Task(PythonOperator): extract> on 2024-12-04 00:00:00+00:00
[2025-12-17T01:55:59.709+0000] {standard_task_runner.py:60} INFO - Started process 3433 to run task
[2025-12-17T01:55:59.730+0000] {standard_task_runner.py:87} INFO - Running: ['***', 'tasks', 'run', 'etl_***', 'extract', 'scheduled__2024-12-04T00:00:00+00:00', '--job-id', '1013', '--raw', '--subdir', 'DAGS_FOLDER/etl_dag.py', '--cfg-path', '/tmp/tmp5j3t25vp']
[2025-12-17T01:55:59.752+0000] {standard_task_runner.py:88} INFO - Job 1013: Subtask extract
[2025-12-17T01:56:00.001+0000] {task_command.py:423} INFO - Running <TaskInstance: etl_airflow.extract scheduled__2024-12-04T00:00:00+00:00 [running]> on host 571e042550da
[2025-12-17T01:56:00.864+0000] {taskinstance.py:2480} INFO - Exporting env vars: AIRFLOW_CTX_DAG_OWNER='***' AIRFLOW_CTX_DAG_ID='etl_***' AIRFLOW_CTX_TASK_ID='extract' AIRFLOW_CTX_EXECUTION_DATE='2024-12-04T00:00:00+00:00' AIRFLOW_CTX_TRY_NUMBER='1' AIRFLOW_CTX_DAG_RUN_ID='scheduled__2024-12-04T00:00:00+00:00'
[2025-12-17T01:56:00.869+0000] {logging_mixin.py:188} INFO - [EXTRACT] Reading /opt/***/data/synthetic_events.csv
[2025-12-17T01:56:00.924+0000] {logging_mixin.py:188} INFO - [EXTRACT] done
[2025-12-17T01:56:00.926+0000] {python.py:201} INFO - Done. Returned value was: None
[2025-12-17T01:56:00.961+0000] {taskinstance.py:1138} INFO - Marking task as SUCCESS. dag_id=etl_***, task_id=extract, execution_date=20241204T000000, start_date=20251217T015559, end_date=20251217T015600
[2025-12-17T01:56:01.065+0000] {local_task_job_runner.py:234} INFO - Task exited with return code 0
[2025-12-17T01:56:01.161+0000] {taskinstance.py:3280} INFO - 1 downstream tasks scheduled from follow-on schedule check
[2025-12-17T04:54:38.726+0000] {taskinstance.py:1956} INFO - Dependencies all met for dep_context=non-requeueable deps ti=<TaskInstance: etl_airflow.extract scheduled__2024-12-04T00:00:00+00:00 [queued]>
[2025-12-17T04:54:38.740+0000] {taskinstance.py:1956} INFO - Dependencies all met for dep_context=requeueable deps ti=<TaskInstance: etl_airflow.extract scheduled__2024-12-04T00:00:00+00:00 [queued]>
[2025-12-17T04:54:38.741+0000] {taskinstance.py:2170} INFO - Starting attempt 1 of 3
[2025-12-17T04:54:38.834+0000] {taskinstance.py:2191} INFO - Executing <Task(PythonOperator): extract> on 2024-12-04 00:00:00+00:00
[2025-12-17T04:54:38.844+0000] {standard_task_runner.py:60} INFO - Started process 4675 to run task
[2025-12-17T04:54:38.849+0000] {standard_task_runner.py:87} INFO - Running: ['***', 'tasks', 'run', 'etl_***', 'extract', 'scheduled__2024-12-04T00:00:00+00:00', '--job-id', '1348', '--raw', '--subdir', 'DAGS_FOLDER/etl_***.py', '--cfg-path', '/tmp/tmpcyvvw6h1']
[2025-12-17T04:54:38.853+0000] {standard_task_runner.py:88} INFO - Job 1348: Subtask extract
[2025-12-17T04:54:38.974+0000] {task_command.py:423} INFO - Running <TaskInstance: etl_airflow.extract scheduled__2024-12-04T00:00:00+00:00 [running]> on host b3426f05ac70
[2025-12-17T04:54:39.330+0000] {taskinstance.py:2480} INFO - Exporting env vars: AIRFLOW_CTX_DAG_OWNER='***' AIRFLOW_CTX_DAG_ID='etl_***' AIRFLOW_CTX_TASK_ID='extract' AIRFLOW_CTX_EXECUTION_DATE='2024-12-04T00:00:00+00:00' AIRFLOW_CTX_TRY_NUMBER='1' AIRFLOW_CTX_DAG_RUN_ID='scheduled__2024-12-04T00:00:00+00:00'
[2025-12-17T04:54:39.362+0000] {python.py:201} INFO - Done. Returned value was:    user_id event_type           timestamp country
0        1      login 2025-01-01 09:00:00      IN
1        1      click 2025-01-01 09:05:00      IN
2        1     logout 2025-01-01 09:15:00      IN
3        2      login 2025-01-01 10:00:00      US
4        2      click 2025-01-01 10:10:00      US
5        2     logout 2025-01-01 10:20:00      US
6        3      login 2025-01-02 08:00:00      FR
7        3      click 2025-01-02 08:05:00      FR
8        3     logout 2025-01-02 08:30:00      FR
[2025-12-17T04:54:39.421+0000] {taskinstance.py:1138} INFO - Marking task as SUCCESS. dag_id=etl_***, task_id=extract, execution_date=20241204T000000, start_date=20251217T045438, end_date=20251217T045439
[2025-12-17T04:54:39.547+0000] {local_task_job_runner.py:234} INFO - Task exited with return code 0
[2025-12-17T04:54:39.593+0000] {taskinstance.py:3280} INFO - 1 downstream tasks scheduled from follow-on schedule check
[2025-12-17T07:59:50.547+0000] {taskinstance.py:1956} INFO - Dependencies all met for dep_context=non-requeueable deps ti=<TaskInstance: etl_airflow.extract scheduled__2024-12-04T00:00:00+00:00 [queued]>
[2025-12-17T07:59:50.573+0000] {taskinstance.py:1956} INFO - Dependencies all met for dep_context=requeueable deps ti=<TaskInstance: etl_airflow.extract scheduled__2024-12-04T00:00:00+00:00 [queued]>
[2025-12-17T07:59:50.574+0000] {taskinstance.py:2170} INFO - Starting attempt 1 of 3
[2025-12-17T07:59:50.612+0000] {taskinstance.py:2191} INFO - Executing <Task(PythonOperator): extract> on 2024-12-04 00:00:00+00:00
[2025-12-17T07:59:50.628+0000] {standard_task_runner.py:60} INFO - Started process 4763 to run task
[2025-12-17T07:59:50.639+0000] {standard_task_runner.py:87} INFO - Running: ['***', 'tasks', 'run', 'etl_***', 'extract', 'scheduled__2024-12-04T00:00:00+00:00', '--job-id', '1351', '--raw', '--subdir', 'DAGS_FOLDER/etl_***.py', '--cfg-path', '/tmp/tmppt7r1yu5']
[2025-12-17T07:59:50.645+0000] {standard_task_runner.py:88} INFO - Job 1351: Subtask extract
[2025-12-17T07:59:50.815+0000] {task_command.py:423} INFO - Running <TaskInstance: etl_airflow.extract scheduled__2024-12-04T00:00:00+00:00 [running]> on host 2a0de06c8905
[2025-12-17T07:59:51.324+0000] {taskinstance.py:2480} INFO - Exporting env vars: AIRFLOW_CTX_DAG_OWNER='***' AIRFLOW_CTX_DAG_ID='etl_***' AIRFLOW_CTX_TASK_ID='extract' AIRFLOW_CTX_EXECUTION_DATE='2024-12-04T00:00:00+00:00' AIRFLOW_CTX_TRY_NUMBER='1' AIRFLOW_CTX_DAG_RUN_ID='scheduled__2024-12-04T00:00:00+00:00'
[2025-12-17T07:59:51.366+0000] {python.py:201} INFO - Done. Returned value was:    user_id event_type           timestamp country
0        1      login 2025-01-01 09:00:00      IN
1        1      click 2025-01-01 09:05:00      IN
2        1     logout 2025-01-01 09:15:00      IN
3        2      login 2025-01-01 10:00:00      US
4        2      click 2025-01-01 10:10:00      US
5        2     logout 2025-01-01 10:20:00      US
6        3      login 2025-01-02 08:00:00      FR
7        3      click 2025-01-02 08:05:00      FR
8        3     logout 2025-01-02 08:30:00      FR
[2025-12-17T07:59:51.455+0000] {taskinstance.py:1138} INFO - Marking task as SUCCESS. dag_id=etl_***, task_id=extract, execution_date=20241204T000000, start_date=20251217T075950, end_date=20251217T075951
[2025-12-17T07:59:51.709+0000] {local_task_job_runner.py:234} INFO - Task exited with return code 0
[2025-12-17T07:59:51.787+0000] {taskinstance.py:3280} INFO - 1 downstream tasks scheduled from follow-on schedule check
