[2025-12-16T17:20:44.988+0000] {taskinstance.py:1956} INFO - Dependencies all met for dep_context=non-requeueable deps ti=<TaskInstance: etl_airflow.transform scheduled__2024-07-18T00:00:00+00:00 [queued]>
[2025-12-16T17:20:45.018+0000] {taskinstance.py:1956} INFO - Dependencies all met for dep_context=requeueable deps ti=<TaskInstance: etl_airflow.transform scheduled__2024-07-18T00:00:00+00:00 [queued]>
[2025-12-16T17:20:45.020+0000] {taskinstance.py:2170} INFO - Starting attempt 2 of 4
[2025-12-16T17:20:45.056+0000] {taskinstance.py:2191} INFO - Executing <Task(PythonOperator): transform> on 2024-07-18 00:00:00+00:00
[2025-12-16T17:20:45.070+0000] {standard_task_runner.py:60} INFO - Started process 5294 to run task
[2025-12-16T17:20:45.085+0000] {standard_task_runner.py:87} INFO - Running: ['***', 'tasks', 'run', 'etl_***', 'transform', 'scheduled__2024-07-18T00:00:00+00:00', '--job-id', '5749', '--raw', '--subdir', 'DAGS_FOLDER/etl_dag.py', '--cfg-path', '/tmp/tmps3srh2bp']
[2025-12-16T17:20:45.090+0000] {standard_task_runner.py:88} INFO - Job 5749: Subtask transform
[2025-12-16T17:20:45.298+0000] {task_command.py:423} INFO - Running <TaskInstance: etl_airflow.transform scheduled__2024-07-18T00:00:00+00:00 [running]> on host 3b89cfee50e9
[2025-12-16T17:20:45.544+0000] {taskinstance.py:2480} INFO - Exporting env vars: AIRFLOW_CTX_DAG_OWNER='***' AIRFLOW_CTX_DAG_ID='etl_***' AIRFLOW_CTX_TASK_ID='transform' AIRFLOW_CTX_EXECUTION_DATE='2024-07-18T00:00:00+00:00' AIRFLOW_CTX_TRY_NUMBER='2' AIRFLOW_CTX_DAG_RUN_ID='scheduled__2024-07-18T00:00:00+00:00'
[2025-12-16T17:20:45.552+0000] {logging_mixin.py:188} INFO - [TRANSFORM]
[2025-12-16T17:20:46.056+0000] {logging_mixin.py:188} INFO - [TRANSFORM] done
[2025-12-16T17:20:46.059+0000] {python.py:201} INFO - Done. Returned value was: None
[2025-12-16T17:20:46.127+0000] {taskinstance.py:1138} INFO - Marking task as SUCCESS. dag_id=etl_***, task_id=transform, execution_date=20240718T000000, start_date=20251216T172044, end_date=20251216T172046
[2025-12-16T17:20:46.613+0000] {local_task_job_runner.py:234} INFO - Task exited with return code 0
[2025-12-16T17:20:46.723+0000] {taskinstance.py:3280} INFO - 1 downstream tasks scheduled from follow-on schedule check
[2025-12-17T04:21:27.739+0000] {taskinstance.py:1956} INFO - Dependencies all met for dep_context=non-requeueable deps ti=<TaskInstance: etl_airflow.transform scheduled__2024-07-18T00:00:00+00:00 [queued]>
[2025-12-17T04:21:27.754+0000] {taskinstance.py:1956} INFO - Dependencies all met for dep_context=requeueable deps ti=<TaskInstance: etl_airflow.transform scheduled__2024-07-18T00:00:00+00:00 [queued]>
[2025-12-17T04:21:27.755+0000] {taskinstance.py:2170} INFO - Starting attempt 2 of 3
[2025-12-17T04:21:27.774+0000] {taskinstance.py:2191} INFO - Executing <Task(PythonOperator): transform> on 2024-07-18 00:00:00+00:00
[2025-12-17T04:21:27.781+0000] {standard_task_runner.py:60} INFO - Started process 1339 to run task
[2025-12-17T04:21:27.787+0000] {standard_task_runner.py:87} INFO - Running: ['***', 'tasks', 'run', 'etl_***', 'transform', 'scheduled__2024-07-18T00:00:00+00:00', '--job-id', '342', '--raw', '--subdir', 'DAGS_FOLDER/etl_***.py', '--cfg-path', '/tmp/tmp_pbz_xvc']
[2025-12-17T04:21:27.790+0000] {standard_task_runner.py:88} INFO - Job 342: Subtask transform
[2025-12-17T04:21:27.896+0000] {task_command.py:423} INFO - Running <TaskInstance: etl_airflow.transform scheduled__2024-07-18T00:00:00+00:00 [running]> on host c5811fe183ca
[2025-12-17T04:21:28.249+0000] {taskinstance.py:2480} INFO - Exporting env vars: AIRFLOW_CTX_DAG_OWNER='***' AIRFLOW_CTX_DAG_ID='etl_***' AIRFLOW_CTX_TASK_ID='transform' AIRFLOW_CTX_EXECUTION_DATE='2024-07-18T00:00:00+00:00' AIRFLOW_CTX_TRY_NUMBER='2' AIRFLOW_CTX_DAG_RUN_ID='scheduled__2024-07-18T00:00:00+00:00'
[2025-12-17T04:21:28.253+0000] {taskinstance.py:2698} ERROR - Task failed with exception
Traceback (most recent call last):
  File "/home/airflow/.local/lib/python3.8/site-packages/airflow/models/taskinstance.py", line 433, in _execute_task
    result = execute_callable(context=context, **execute_callable_kwargs)
  File "/home/airflow/.local/lib/python3.8/site-packages/airflow/operators/python.py", line 199, in execute
    return_value = self.execute_callable()
  File "/home/airflow/.local/lib/python3.8/site-packages/airflow/operators/python.py", line 216, in execute_callable
    return self.python_callable(*self.op_args, **self.op_kwargs)
TypeError: transform_data() missing 1 required positional argument: 'df'
[2025-12-17T04:21:28.265+0000] {taskinstance.py:1138} INFO - Marking task as UP_FOR_RETRY. dag_id=etl_***, task_id=transform, execution_date=20240718T000000, start_date=20251217T042127, end_date=20251217T042128
[2025-12-17T04:21:28.311+0000] {standard_task_runner.py:107} ERROR - Failed to execute job 342 for task transform (transform_data() missing 1 required positional argument: 'df'; 1339)
[2025-12-17T04:21:28.361+0000] {local_task_job_runner.py:234} INFO - Task exited with return code 1
[2025-12-17T04:21:28.394+0000] {taskinstance.py:3280} INFO - 0 downstream tasks scheduled from follow-on schedule check
[2025-12-17T04:49:34.893+0000] {taskinstance.py:1956} INFO - Dependencies all met for dep_context=non-requeueable deps ti=<TaskInstance: etl_airflow.transform scheduled__2024-07-18T00:00:00+00:00 [queued]>
[2025-12-17T04:49:34.911+0000] {taskinstance.py:1956} INFO - Dependencies all met for dep_context=requeueable deps ti=<TaskInstance: etl_airflow.transform scheduled__2024-07-18T00:00:00+00:00 [queued]>
[2025-12-17T04:49:34.912+0000] {taskinstance.py:2170} INFO - Starting attempt 2 of 3
[2025-12-17T04:49:34.935+0000] {taskinstance.py:2191} INFO - Executing <Task(PythonOperator): transform> on 2024-07-18 00:00:00+00:00
[2025-12-17T04:49:34.944+0000] {standard_task_runner.py:60} INFO - Started process 2891 to run task
[2025-12-17T04:49:34.953+0000] {standard_task_runner.py:87} INFO - Running: ['***', 'tasks', 'run', 'etl_***', 'transform', 'scheduled__2024-07-18T00:00:00+00:00', '--job-id', '809', '--raw', '--subdir', 'DAGS_FOLDER/etl_***.py', '--cfg-path', '/tmp/tmp22uikp4q']
[2025-12-17T04:49:34.958+0000] {standard_task_runner.py:88} INFO - Job 809: Subtask transform
[2025-12-17T04:49:35.099+0000] {task_command.py:423} INFO - Running <TaskInstance: etl_airflow.transform scheduled__2024-07-18T00:00:00+00:00 [running]> on host b3426f05ac70
[2025-12-17T04:49:35.460+0000] {taskinstance.py:2480} INFO - Exporting env vars: AIRFLOW_CTX_DAG_OWNER='***' AIRFLOW_CTX_DAG_ID='etl_***' AIRFLOW_CTX_TASK_ID='transform' AIRFLOW_CTX_EXECUTION_DATE='2024-07-18T00:00:00+00:00' AIRFLOW_CTX_TRY_NUMBER='2' AIRFLOW_CTX_DAG_RUN_ID='scheduled__2024-07-18T00:00:00+00:00'
[2025-12-17T04:49:35.465+0000] {taskinstance.py:2698} ERROR - Task failed with exception
Traceback (most recent call last):
  File "/home/airflow/.local/lib/python3.8/site-packages/airflow/models/taskinstance.py", line 433, in _execute_task
    result = execute_callable(context=context, **execute_callable_kwargs)
  File "/home/airflow/.local/lib/python3.8/site-packages/airflow/operators/python.py", line 199, in execute
    return_value = self.execute_callable()
  File "/home/airflow/.local/lib/python3.8/site-packages/airflow/operators/python.py", line 216, in execute_callable
    return self.python_callable(*self.op_args, **self.op_kwargs)
TypeError: transform_data() missing 1 required positional argument: 'df'
[2025-12-17T04:49:35.492+0000] {taskinstance.py:1138} INFO - Marking task as UP_FOR_RETRY. dag_id=etl_***, task_id=transform, execution_date=20240718T000000, start_date=20251217T044934, end_date=20251217T044935
[2025-12-17T04:49:35.529+0000] {standard_task_runner.py:107} ERROR - Failed to execute job 809 for task transform (transform_data() missing 1 required positional argument: 'df'; 2891)
[2025-12-17T04:49:35.570+0000] {local_task_job_runner.py:234} INFO - Task exited with return code 1
[2025-12-17T04:49:35.643+0000] {taskinstance.py:3280} INFO - 0 downstream tasks scheduled from follow-on schedule check
[2025-12-17T07:43:19.022+0000] {taskinstance.py:1956} INFO - Dependencies all met for dep_context=non-requeueable deps ti=<TaskInstance: etl_airflow.transform scheduled__2024-07-18T00:00:00+00:00 [queued]>
[2025-12-17T07:43:19.084+0000] {taskinstance.py:1956} INFO - Dependencies all met for dep_context=requeueable deps ti=<TaskInstance: etl_airflow.transform scheduled__2024-07-18T00:00:00+00:00 [queued]>
[2025-12-17T07:43:19.098+0000] {taskinstance.py:2170} INFO - Starting attempt 2 of 3
[2025-12-17T07:43:19.137+0000] {taskinstance.py:2191} INFO - Executing <Task(PythonOperator): transform> on 2024-07-18 00:00:00+00:00
[2025-12-17T07:43:19.148+0000] {standard_task_runner.py:60} INFO - Started process 2960 to run task
[2025-12-17T07:43:19.156+0000] {standard_task_runner.py:87} INFO - Running: ['***', 'tasks', 'run', 'etl_***', 'transform', 'scheduled__2024-07-18T00:00:00+00:00', '--job-id', '811', '--raw', '--subdir', 'DAGS_FOLDER/etl_***.py', '--cfg-path', '/tmp/tmp92vxvf7b']
[2025-12-17T07:43:19.161+0000] {standard_task_runner.py:88} INFO - Job 811: Subtask transform
[2025-12-17T07:43:19.340+0000] {task_command.py:423} INFO - Running <TaskInstance: etl_airflow.transform scheduled__2024-07-18T00:00:00+00:00 [running]> on host 2a0de06c8905
[2025-12-17T07:43:19.817+0000] {taskinstance.py:2480} INFO - Exporting env vars: AIRFLOW_CTX_DAG_OWNER='***' AIRFLOW_CTX_DAG_ID='etl_***' AIRFLOW_CTX_TASK_ID='transform' AIRFLOW_CTX_EXECUTION_DATE='2024-07-18T00:00:00+00:00' AIRFLOW_CTX_TRY_NUMBER='2' AIRFLOW_CTX_DAG_RUN_ID='scheduled__2024-07-18T00:00:00+00:00'
[2025-12-17T07:43:19.823+0000] {taskinstance.py:2698} ERROR - Task failed with exception
Traceback (most recent call last):
  File "/home/airflow/.local/lib/python3.8/site-packages/airflow/models/taskinstance.py", line 433, in _execute_task
    result = execute_callable(context=context, **execute_callable_kwargs)
  File "/home/airflow/.local/lib/python3.8/site-packages/airflow/operators/python.py", line 199, in execute
    return_value = self.execute_callable()
  File "/home/airflow/.local/lib/python3.8/site-packages/airflow/operators/python.py", line 216, in execute_callable
    return self.python_callable(*self.op_args, **self.op_kwargs)
TypeError: transform_data() missing 1 required positional argument: 'df'
[2025-12-17T07:43:19.845+0000] {taskinstance.py:1138} INFO - Marking task as UP_FOR_RETRY. dag_id=etl_***, task_id=transform, execution_date=20240718T000000, start_date=20251217T074319, end_date=20251217T074319
[2025-12-17T07:43:19.874+0000] {standard_task_runner.py:107} ERROR - Failed to execute job 811 for task transform (transform_data() missing 1 required positional argument: 'df'; 2960)
[2025-12-17T07:43:19.932+0000] {local_task_job_runner.py:234} INFO - Task exited with return code 1
[2025-12-17T07:43:20.027+0000] {taskinstance.py:3280} INFO - 0 downstream tasks scheduled from follow-on schedule check
