[2025-12-16T17:21:49.292+0000] {taskinstance.py:1956} INFO - Dependencies all met for dep_context=non-requeueable deps ti=<TaskInstance: etl_airflow.transform scheduled__2024-02-25T00:00:00+00:00 [queued]>
[2025-12-16T17:21:49.325+0000] {taskinstance.py:1956} INFO - Dependencies all met for dep_context=requeueable deps ti=<TaskInstance: etl_airflow.transform scheduled__2024-02-25T00:00:00+00:00 [queued]>
[2025-12-16T17:21:49.327+0000] {taskinstance.py:2170} INFO - Starting attempt 3 of 5
[2025-12-16T17:21:49.372+0000] {taskinstance.py:2191} INFO - Executing <Task(PythonOperator): transform> on 2024-02-25 00:00:00+00:00
[2025-12-16T17:21:49.388+0000] {standard_task_runner.py:60} INFO - Started process 6028 to run task
[2025-12-16T17:21:49.397+0000] {standard_task_runner.py:87} INFO - Running: ['***', 'tasks', 'run', 'etl_***', 'transform', 'scheduled__2024-02-25T00:00:00+00:00', '--job-id', '5985', '--raw', '--subdir', 'DAGS_FOLDER/etl_dag.py', '--cfg-path', '/tmp/tmpg2vtf46c']
[2025-12-16T17:21:49.403+0000] {standard_task_runner.py:88} INFO - Job 5985: Subtask transform
[2025-12-16T17:21:49.624+0000] {task_command.py:423} INFO - Running <TaskInstance: etl_airflow.transform scheduled__2024-02-25T00:00:00+00:00 [running]> on host 3b89cfee50e9
[2025-12-16T17:21:49.970+0000] {taskinstance.py:2480} INFO - Exporting env vars: AIRFLOW_CTX_DAG_OWNER='***' AIRFLOW_CTX_DAG_ID='etl_***' AIRFLOW_CTX_TASK_ID='transform' AIRFLOW_CTX_EXECUTION_DATE='2024-02-25T00:00:00+00:00' AIRFLOW_CTX_TRY_NUMBER='3' AIRFLOW_CTX_DAG_RUN_ID='scheduled__2024-02-25T00:00:00+00:00'
[2025-12-16T17:21:49.976+0000] {logging_mixin.py:188} INFO - [TRANSFORM]
[2025-12-16T17:21:50.569+0000] {logging_mixin.py:188} INFO - [TRANSFORM] done
[2025-12-16T17:21:50.570+0000] {python.py:201} INFO - Done. Returned value was: None
[2025-12-16T17:21:50.596+0000] {taskinstance.py:1138} INFO - Marking task as SUCCESS. dag_id=etl_***, task_id=transform, execution_date=20240225T000000, start_date=20251216T172149, end_date=20251216T172150
[2025-12-16T17:21:50.683+0000] {local_task_job_runner.py:234} INFO - Task exited with return code 0
[2025-12-16T17:21:50.739+0000] {taskinstance.py:3280} INFO - 1 downstream tasks scheduled from follow-on schedule check
[2025-12-17T04:44:31.919+0000] {taskinstance.py:1956} INFO - Dependencies all met for dep_context=non-requeueable deps ti=<TaskInstance: etl_airflow.transform scheduled__2024-02-25T00:00:00+00:00 [queued]>
[2025-12-17T04:44:31.937+0000] {taskinstance.py:1956} INFO - Dependencies all met for dep_context=requeueable deps ti=<TaskInstance: etl_airflow.transform scheduled__2024-02-25T00:00:00+00:00 [queued]>
[2025-12-17T04:44:31.937+0000] {taskinstance.py:2170} INFO - Starting attempt 3 of 3
[2025-12-17T04:44:31.962+0000] {taskinstance.py:2191} INFO - Executing <Task(PythonOperator): transform> on 2024-02-25 00:00:00+00:00
[2025-12-17T04:44:31.971+0000] {standard_task_runner.py:60} INFO - Started process 1045 to run task
[2025-12-17T04:44:31.978+0000] {standard_task_runner.py:87} INFO - Running: ['***', 'tasks', 'run', 'etl_***', 'transform', 'scheduled__2024-02-25T00:00:00+00:00', '--job-id', '247', '--raw', '--subdir', 'DAGS_FOLDER/etl_***.py', '--cfg-path', '/tmp/tmpfuuq7x25']
[2025-12-17T04:44:31.983+0000] {standard_task_runner.py:88} INFO - Job 247: Subtask transform
[2025-12-17T04:44:32.112+0000] {task_command.py:423} INFO - Running <TaskInstance: etl_airflow.transform scheduled__2024-02-25T00:00:00+00:00 [running]> on host b3426f05ac70
[2025-12-17T04:44:32.600+0000] {taskinstance.py:2480} INFO - Exporting env vars: AIRFLOW_CTX_DAG_OWNER='***' AIRFLOW_CTX_DAG_ID='etl_***' AIRFLOW_CTX_TASK_ID='transform' AIRFLOW_CTX_EXECUTION_DATE='2024-02-25T00:00:00+00:00' AIRFLOW_CTX_TRY_NUMBER='3' AIRFLOW_CTX_DAG_RUN_ID='scheduled__2024-02-25T00:00:00+00:00'
[2025-12-17T04:44:32.603+0000] {taskinstance.py:2698} ERROR - Task failed with exception
Traceback (most recent call last):
  File "/home/airflow/.local/lib/python3.8/site-packages/airflow/models/taskinstance.py", line 433, in _execute_task
    result = execute_callable(context=context, **execute_callable_kwargs)
  File "/home/airflow/.local/lib/python3.8/site-packages/airflow/operators/python.py", line 199, in execute
    return_value = self.execute_callable()
  File "/home/airflow/.local/lib/python3.8/site-packages/airflow/operators/python.py", line 216, in execute_callable
    return self.python_callable(*self.op_args, **self.op_kwargs)
TypeError: transform_data() missing 1 required positional argument: 'df'
[2025-12-17T04:44:32.620+0000] {taskinstance.py:1138} INFO - Marking task as FAILED. dag_id=etl_***, task_id=transform, execution_date=20240225T000000, start_date=20251217T044431, end_date=20251217T044432
[2025-12-17T04:44:32.642+0000] {standard_task_runner.py:107} ERROR - Failed to execute job 247 for task transform (transform_data() missing 1 required positional argument: 'df'; 1045)
[2025-12-17T04:44:32.678+0000] {local_task_job_runner.py:234} INFO - Task exited with return code 1
[2025-12-17T04:44:32.724+0000] {taskinstance.py:3280} INFO - 0 downstream tasks scheduled from follow-on schedule check
[2025-12-17T07:37:48.894+0000] {taskinstance.py:1956} INFO - Dependencies all met for dep_context=non-requeueable deps ti=<TaskInstance: etl_airflow.transform scheduled__2024-02-25T00:00:00+00:00 [queued]>
[2025-12-17T07:37:48.919+0000] {taskinstance.py:1956} INFO - Dependencies all met for dep_context=requeueable deps ti=<TaskInstance: etl_airflow.transform scheduled__2024-02-25T00:00:00+00:00 [queued]>
[2025-12-17T07:37:48.920+0000] {taskinstance.py:2170} INFO - Starting attempt 3 of 3
[2025-12-17T07:37:48.950+0000] {taskinstance.py:2191} INFO - Executing <Task(PythonOperator): transform> on 2024-02-25 00:00:00+00:00
[2025-12-17T07:37:48.962+0000] {standard_task_runner.py:60} INFO - Started process 1104 to run task
[2025-12-17T07:37:48.968+0000] {standard_task_runner.py:87} INFO - Running: ['***', 'tasks', 'run', 'etl_***', 'transform', 'scheduled__2024-02-25T00:00:00+00:00', '--job-id', '251', '--raw', '--subdir', 'DAGS_FOLDER/etl_***.py', '--cfg-path', '/tmp/tmptqcckdmq']
[2025-12-17T07:37:48.972+0000] {standard_task_runner.py:88} INFO - Job 251: Subtask transform
[2025-12-17T07:37:49.115+0000] {task_command.py:423} INFO - Running <TaskInstance: etl_airflow.transform scheduled__2024-02-25T00:00:00+00:00 [running]> on host 2a0de06c8905
[2025-12-17T07:37:49.700+0000] {taskinstance.py:2480} INFO - Exporting env vars: AIRFLOW_CTX_DAG_OWNER='***' AIRFLOW_CTX_DAG_ID='etl_***' AIRFLOW_CTX_TASK_ID='transform' AIRFLOW_CTX_EXECUTION_DATE='2024-02-25T00:00:00+00:00' AIRFLOW_CTX_TRY_NUMBER='3' AIRFLOW_CTX_DAG_RUN_ID='scheduled__2024-02-25T00:00:00+00:00'
[2025-12-17T07:37:49.703+0000] {taskinstance.py:2698} ERROR - Task failed with exception
Traceback (most recent call last):
  File "/home/airflow/.local/lib/python3.8/site-packages/airflow/models/taskinstance.py", line 433, in _execute_task
    result = execute_callable(context=context, **execute_callable_kwargs)
  File "/home/airflow/.local/lib/python3.8/site-packages/airflow/operators/python.py", line 199, in execute
    return_value = self.execute_callable()
  File "/home/airflow/.local/lib/python3.8/site-packages/airflow/operators/python.py", line 216, in execute_callable
    return self.python_callable(*self.op_args, **self.op_kwargs)
TypeError: transform_data() missing 1 required positional argument: 'df'
[2025-12-17T07:37:49.720+0000] {taskinstance.py:1138} INFO - Marking task as FAILED. dag_id=etl_***, task_id=transform, execution_date=20240225T000000, start_date=20251217T073748, end_date=20251217T073749
[2025-12-17T07:37:49.752+0000] {standard_task_runner.py:107} ERROR - Failed to execute job 251 for task transform (transform_data() missing 1 required positional argument: 'df'; 1104)
[2025-12-17T07:37:49.790+0000] {local_task_job_runner.py:234} INFO - Task exited with return code 1
[2025-12-17T07:37:50.051+0000] {taskinstance.py:3280} INFO - 0 downstream tasks scheduled from follow-on schedule check
