[2025-12-16T17:16:51.149+0000] {taskinstance.py:1956} INFO - Dependencies all met for dep_context=non-requeueable deps ti=<TaskInstance: etl_airflow.load scheduled__2025-04-14T00:00:00+00:00 [queued]>
[2025-12-16T17:16:51.177+0000] {taskinstance.py:1956} INFO - Dependencies all met for dep_context=requeueable deps ti=<TaskInstance: etl_airflow.load scheduled__2025-04-14T00:00:00+00:00 [queued]>
[2025-12-16T17:16:51.179+0000] {taskinstance.py:2170} INFO - Starting attempt 1 of 3
[2025-12-16T17:16:51.213+0000] {taskinstance.py:2191} INFO - Executing <Task(PythonOperator): load> on 2025-04-14 00:00:00+00:00
[2025-12-16T17:16:51.228+0000] {standard_task_runner.py:60} INFO - Started process 3007 to run task
[2025-12-16T17:16:51.235+0000] {standard_task_runner.py:87} INFO - Running: ['***', 'tasks', 'run', 'etl_***', 'load', 'scheduled__2025-04-14T00:00:00+00:00', '--job-id', '5031', '--raw', '--subdir', 'DAGS_FOLDER/etl_dag.py', '--cfg-path', '/tmp/tmpx5bt5lgb']
[2025-12-16T17:16:51.240+0000] {standard_task_runner.py:88} INFO - Job 5031: Subtask load
[2025-12-16T17:16:51.393+0000] {task_command.py:423} INFO - Running <TaskInstance: etl_airflow.load scheduled__2025-04-14T00:00:00+00:00 [running]> on host 3b89cfee50e9
[2025-12-16T17:16:51.609+0000] {taskinstance.py:2480} INFO - Exporting env vars: AIRFLOW_CTX_DAG_OWNER='***' AIRFLOW_CTX_DAG_ID='etl_***' AIRFLOW_CTX_TASK_ID='load' AIRFLOW_CTX_EXECUTION_DATE='2025-04-14T00:00:00+00:00' AIRFLOW_CTX_TRY_NUMBER='1' AIRFLOW_CTX_DAG_RUN_ID='scheduled__2025-04-14T00:00:00+00:00'
[2025-12-16T17:16:51.615+0000] {logging_mixin.py:188} INFO - [LOAD]
[2025-12-16T17:16:51.967+0000] {logging_mixin.py:188} INFO -    user_id event_type            timestamp country
0        1      login  2025-01-01T09:00:00      IN
1        1      click  2025-01-01T09:05:00      IN
2        1     logout  2025-01-01T09:15:00      IN
3        3      login  2025-01-02T08:00:00      FR
4        3      click  2025-01-02T08:05:00      FR
[2025-12-16T17:16:51.969+0000] {logging_mixin.py:188} INFO - [LOAD] done
[2025-12-16T17:16:51.974+0000] {python.py:201} INFO - Done. Returned value was: None
[2025-12-16T17:16:51.996+0000] {taskinstance.py:1138} INFO - Marking task as SUCCESS. dag_id=etl_***, task_id=load, execution_date=20250414T000000, start_date=20251216T171651, end_date=20251216T171651
[2025-12-16T17:16:52.058+0000] {local_task_job_runner.py:234} INFO - Task exited with return code 0
[2025-12-16T17:16:52.099+0000] {taskinstance.py:3280} INFO - 0 downstream tasks scheduled from follow-on schedule check
[2025-12-17T01:58:23.354+0000] {taskinstance.py:1956} INFO - Dependencies all met for dep_context=non-requeueable deps ti=<TaskInstance: etl_airflow.load scheduled__2025-04-14T00:00:00+00:00 [queued]>
[2025-12-17T01:58:23.379+0000] {taskinstance.py:1956} INFO - Dependencies all met for dep_context=requeueable deps ti=<TaskInstance: etl_airflow.load scheduled__2025-04-14T00:00:00+00:00 [queued]>
[2025-12-17T01:58:23.381+0000] {taskinstance.py:2170} INFO - Starting attempt 1 of 3
[2025-12-17T01:58:23.423+0000] {taskinstance.py:2191} INFO - Executing <Task(PythonOperator): load> on 2025-04-14 00:00:00+00:00
[2025-12-17T01:58:23.438+0000] {standard_task_runner.py:60} INFO - Started process 4831 to run task
[2025-12-17T01:58:23.445+0000] {standard_task_runner.py:87} INFO - Running: ['***', 'tasks', 'run', 'etl_***', 'load', 'scheduled__2025-04-14T00:00:00+00:00', '--job-id', '1458', '--raw', '--subdir', 'DAGS_FOLDER/etl_dag.py', '--cfg-path', '/tmp/tmppfaxefn0']
[2025-12-17T01:58:23.453+0000] {standard_task_runner.py:88} INFO - Job 1458: Subtask load
[2025-12-17T01:58:23.587+0000] {task_command.py:423} INFO - Running <TaskInstance: etl_airflow.load scheduled__2025-04-14T00:00:00+00:00 [running]> on host 571e042550da
[2025-12-17T01:58:24.081+0000] {taskinstance.py:2480} INFO - Exporting env vars: AIRFLOW_CTX_DAG_OWNER='***' AIRFLOW_CTX_DAG_ID='etl_***' AIRFLOW_CTX_TASK_ID='load' AIRFLOW_CTX_EXECUTION_DATE='2025-04-14T00:00:00+00:00' AIRFLOW_CTX_TRY_NUMBER='1' AIRFLOW_CTX_DAG_RUN_ID='scheduled__2025-04-14T00:00:00+00:00'
[2025-12-17T01:58:24.087+0000] {logging_mixin.py:188} INFO - [LOAD]
[2025-12-17T01:58:24.150+0000] {logging_mixin.py:188} INFO -    user_id event_type            timestamp country
0        1      login  2025-01-01T09:00:00      IN
1        1      click  2025-01-01T09:05:00      IN
2        1     logout  2025-01-01T09:15:00      IN
3        3      login  2025-01-02T08:00:00      FR
4        3      click  2025-01-02T08:05:00      FR
[2025-12-17T01:58:24.154+0000] {logging_mixin.py:188} INFO - [LOAD] done
[2025-12-17T01:58:24.160+0000] {python.py:201} INFO - Done. Returned value was: None
[2025-12-17T01:58:24.186+0000] {taskinstance.py:1138} INFO - Marking task as SUCCESS. dag_id=etl_***, task_id=load, execution_date=20250414T000000, start_date=20251217T015823, end_date=20251217T015824
[2025-12-17T01:58:24.404+0000] {local_task_job_runner.py:234} INFO - Task exited with return code 0
[2025-12-17T01:58:24.441+0000] {taskinstance.py:3280} INFO - 0 downstream tasks scheduled from follow-on schedule check
