[2025-12-16T16:39:38.429+0000] {taskinstance.py:1956} INFO - Dependencies all met for dep_context=non-requeueable deps ti=<TaskInstance: etl_airflow.extract scheduled__2024-10-07T00:00:00+00:00 [queued]>
[2025-12-16T16:39:38.447+0000] {taskinstance.py:1956} INFO - Dependencies all met for dep_context=requeueable deps ti=<TaskInstance: etl_airflow.extract scheduled__2024-10-07T00:00:00+00:00 [queued]>
[2025-12-16T16:39:38.448+0000] {taskinstance.py:2170} INFO - Starting attempt 1 of 3
[2025-12-16T16:39:38.474+0000] {taskinstance.py:2191} INFO - Executing <Task(PythonOperator): extract> on 2024-10-07 00:00:00+00:00
[2025-12-16T16:39:38.486+0000] {standard_task_runner.py:60} INFO - Started process 1635 to run task
[2025-12-16T16:39:38.493+0000] {standard_task_runner.py:87} INFO - Running: ['***', 'tasks', 'run', 'etl_***', 'extract', 'scheduled__2024-10-07T00:00:00+00:00', '--job-id', '827', '--raw', '--subdir', 'DAGS_FOLDER/etl_dag.py', '--cfg-path', '/tmp/tmph6dvl2d7']
[2025-12-16T16:39:38.498+0000] {standard_task_runner.py:88} INFO - Job 827: Subtask extract
[2025-12-16T16:39:38.620+0000] {task_command.py:423} INFO - Running <TaskInstance: etl_airflow.extract scheduled__2024-10-07T00:00:00+00:00 [running]> on host 02b83863a69a
[2025-12-16T16:39:38.762+0000] {taskinstance.py:2480} INFO - Exporting env vars: AIRFLOW_CTX_DAG_OWNER='***' AIRFLOW_CTX_DAG_ID='etl_***' AIRFLOW_CTX_TASK_ID='extract' AIRFLOW_CTX_EXECUTION_DATE='2024-10-07T00:00:00+00:00' AIRFLOW_CTX_TRY_NUMBER='1' AIRFLOW_CTX_DAG_RUN_ID='scheduled__2024-10-07T00:00:00+00:00'
[2025-12-16T16:39:38.765+0000] {logging_mixin.py:188} INFO - Extracting data from /opt/***/data/input.csv
[2025-12-16T16:39:38.772+0000] {taskinstance.py:2698} ERROR - Task failed with exception
Traceback (most recent call last):
  File "/home/airflow/.local/lib/python3.8/site-packages/airflow/models/taskinstance.py", line 433, in _execute_task
    result = execute_callable(context=context, **execute_callable_kwargs)
  File "/home/airflow/.local/lib/python3.8/site-packages/airflow/operators/python.py", line 199, in execute
    return_value = self.execute_callable()
  File "/home/airflow/.local/lib/python3.8/site-packages/airflow/operators/python.py", line 216, in execute_callable
    return self.python_callable(*self.op_args, **self.op_kwargs)
  File "/opt/airflow/etl_logic/pipeline.py", line 97, in extract_data
    df = pd.read_csv(input_path)
  File "/home/airflow/.local/lib/python3.8/site-packages/pandas/io/parsers/readers.py", line 912, in read_csv
    return _read(filepath_or_buffer, kwds)
  File "/home/airflow/.local/lib/python3.8/site-packages/pandas/io/parsers/readers.py", line 577, in _read
    parser = TextFileReader(filepath_or_buffer, **kwds)
  File "/home/airflow/.local/lib/python3.8/site-packages/pandas/io/parsers/readers.py", line 1407, in __init__
    self._engine = self._make_engine(f, self.engine)
  File "/home/airflow/.local/lib/python3.8/site-packages/pandas/io/parsers/readers.py", line 1661, in _make_engine
    self.handles = get_handle(
  File "/home/airflow/.local/lib/python3.8/site-packages/pandas/io/common.py", line 859, in get_handle
    handle = open(
FileNotFoundError: [Errno 2] No such file or directory: '/opt/airflow/data/input.csv'
[2025-12-16T16:39:38.803+0000] {taskinstance.py:1138} INFO - Marking task as UP_FOR_RETRY. dag_id=etl_***, task_id=extract, execution_date=20241007T000000, start_date=20251216T163938, end_date=20251216T163938
[2025-12-16T16:39:38.821+0000] {standard_task_runner.py:107} ERROR - Failed to execute job 827 for task extract ([Errno 2] No such file or directory: '/opt/airflow/data/input.csv'; 1635)
[2025-12-16T16:39:38.868+0000] {local_task_job_runner.py:234} INFO - Task exited with return code 1
[2025-12-16T16:39:38.925+0000] {taskinstance.py:3280} INFO - 0 downstream tasks scheduled from follow-on schedule check
[2025-12-17T01:55:06.822+0000] {taskinstance.py:1956} INFO - Dependencies all met for dep_context=non-requeueable deps ti=<TaskInstance: etl_airflow.extract scheduled__2024-10-07T00:00:00+00:00 [queued]>
[2025-12-17T01:55:06.841+0000] {taskinstance.py:1956} INFO - Dependencies all met for dep_context=requeueable deps ti=<TaskInstance: etl_airflow.extract scheduled__2024-10-07T00:00:00+00:00 [queued]>
[2025-12-17T01:55:06.843+0000] {taskinstance.py:2170} INFO - Starting attempt 1 of 3
[2025-12-17T01:55:06.873+0000] {taskinstance.py:2191} INFO - Executing <Task(PythonOperator): extract> on 2024-10-07 00:00:00+00:00
[2025-12-17T01:55:06.886+0000] {standard_task_runner.py:60} INFO - Started process 2917 to run task
[2025-12-17T01:55:06.896+0000] {standard_task_runner.py:87} INFO - Running: ['***', 'tasks', 'run', 'etl_***', 'extract', 'scheduled__2024-10-07T00:00:00+00:00', '--job-id', '851', '--raw', '--subdir', 'DAGS_FOLDER/etl_dag.py', '--cfg-path', '/tmp/tmpl9z89rnd']
[2025-12-17T01:55:06.902+0000] {standard_task_runner.py:88} INFO - Job 851: Subtask extract
[2025-12-17T01:55:07.051+0000] {task_command.py:423} INFO - Running <TaskInstance: etl_airflow.extract scheduled__2024-10-07T00:00:00+00:00 [running]> on host 571e042550da
[2025-12-17T01:55:07.530+0000] {taskinstance.py:2480} INFO - Exporting env vars: AIRFLOW_CTX_DAG_OWNER='***' AIRFLOW_CTX_DAG_ID='etl_***' AIRFLOW_CTX_TASK_ID='extract' AIRFLOW_CTX_EXECUTION_DATE='2024-10-07T00:00:00+00:00' AIRFLOW_CTX_TRY_NUMBER='1' AIRFLOW_CTX_DAG_RUN_ID='scheduled__2024-10-07T00:00:00+00:00'
[2025-12-17T01:55:07.533+0000] {logging_mixin.py:188} INFO - [EXTRACT] Reading /opt/***/data/synthetic_events.csv
[2025-12-17T01:55:07.585+0000] {logging_mixin.py:188} INFO - [EXTRACT] done
[2025-12-17T01:55:07.587+0000] {python.py:201} INFO - Done. Returned value was: None
[2025-12-17T01:55:07.613+0000] {taskinstance.py:1138} INFO - Marking task as SUCCESS. dag_id=etl_***, task_id=extract, execution_date=20241007T000000, start_date=20251217T015506, end_date=20251217T015507
[2025-12-17T01:55:07.796+0000] {local_task_job_runner.py:234} INFO - Task exited with return code 0
[2025-12-17T01:55:07.912+0000] {taskinstance.py:3280} INFO - 1 downstream tasks scheduled from follow-on schedule check
[2025-12-17T04:52:15.454+0000] {taskinstance.py:1956} INFO - Dependencies all met for dep_context=non-requeueable deps ti=<TaskInstance: etl_airflow.extract scheduled__2024-10-07T00:00:00+00:00 [queued]>
[2025-12-17T04:52:15.470+0000] {taskinstance.py:1956} INFO - Dependencies all met for dep_context=requeueable deps ti=<TaskInstance: etl_airflow.extract scheduled__2024-10-07T00:00:00+00:00 [queued]>
[2025-12-17T04:52:15.471+0000] {taskinstance.py:2170} INFO - Starting attempt 1 of 3
[2025-12-17T04:52:15.496+0000] {taskinstance.py:2191} INFO - Executing <Task(PythonOperator): extract> on 2024-10-07 00:00:00+00:00
[2025-12-17T04:52:15.513+0000] {standard_task_runner.py:60} INFO - Started process 3850 to run task
[2025-12-17T04:52:15.515+0000] {standard_task_runner.py:87} INFO - Running: ['***', 'tasks', 'run', 'etl_***', 'extract', 'scheduled__2024-10-07T00:00:00+00:00', '--job-id', '1099', '--raw', '--subdir', 'DAGS_FOLDER/etl_***.py', '--cfg-path', '/tmp/tmpfz70lr5_']
[2025-12-17T04:52:15.520+0000] {standard_task_runner.py:88} INFO - Job 1099: Subtask extract
[2025-12-17T04:52:15.631+0000] {task_command.py:423} INFO - Running <TaskInstance: etl_airflow.extract scheduled__2024-10-07T00:00:00+00:00 [running]> on host b3426f05ac70
[2025-12-17T04:52:16.010+0000] {taskinstance.py:2480} INFO - Exporting env vars: AIRFLOW_CTX_DAG_OWNER='***' AIRFLOW_CTX_DAG_ID='etl_***' AIRFLOW_CTX_TASK_ID='extract' AIRFLOW_CTX_EXECUTION_DATE='2024-10-07T00:00:00+00:00' AIRFLOW_CTX_TRY_NUMBER='1' AIRFLOW_CTX_DAG_RUN_ID='scheduled__2024-10-07T00:00:00+00:00'
[2025-12-17T04:52:16.045+0000] {python.py:201} INFO - Done. Returned value was:    user_id event_type           timestamp country
0        1      login 2025-01-01 09:00:00      IN
1        1      click 2025-01-01 09:05:00      IN
2        1     logout 2025-01-01 09:15:00      IN
3        2      login 2025-01-01 10:00:00      US
4        2      click 2025-01-01 10:10:00      US
5        2     logout 2025-01-01 10:20:00      US
6        3      login 2025-01-02 08:00:00      FR
7        3      click 2025-01-02 08:05:00      FR
8        3     logout 2025-01-02 08:30:00      FR
[2025-12-17T04:52:16.112+0000] {taskinstance.py:1138} INFO - Marking task as SUCCESS. dag_id=etl_***, task_id=extract, execution_date=20241007T000000, start_date=20251217T045215, end_date=20251217T045216
[2025-12-17T04:52:16.386+0000] {local_task_job_runner.py:234} INFO - Task exited with return code 0
[2025-12-17T04:52:16.440+0000] {taskinstance.py:3280} INFO - 1 downstream tasks scheduled from follow-on schedule check
[2025-12-17T07:57:16.220+0000] {taskinstance.py:1956} INFO - Dependencies all met for dep_context=non-requeueable deps ti=<TaskInstance: etl_airflow.extract scheduled__2024-10-07T00:00:00+00:00 [queued]>
[2025-12-17T07:57:16.245+0000] {taskinstance.py:1956} INFO - Dependencies all met for dep_context=requeueable deps ti=<TaskInstance: etl_airflow.extract scheduled__2024-10-07T00:00:00+00:00 [queued]>
[2025-12-17T07:57:16.247+0000] {taskinstance.py:2170} INFO - Starting attempt 1 of 3
[2025-12-17T07:57:16.281+0000] {taskinstance.py:2191} INFO - Executing <Task(PythonOperator): extract> on 2024-10-07 00:00:00+00:00
[2025-12-17T07:57:16.297+0000] {standard_task_runner.py:60} INFO - Started process 3941 to run task
[2025-12-17T07:57:16.307+0000] {standard_task_runner.py:87} INFO - Running: ['***', 'tasks', 'run', 'etl_***', 'extract', 'scheduled__2024-10-07T00:00:00+00:00', '--job-id', '1102', '--raw', '--subdir', 'DAGS_FOLDER/etl_***.py', '--cfg-path', '/tmp/tmpgy5gkb4y']
[2025-12-17T07:57:16.312+0000] {standard_task_runner.py:88} INFO - Job 1102: Subtask extract
[2025-12-17T07:57:16.658+0000] {task_command.py:423} INFO - Running <TaskInstance: etl_airflow.extract scheduled__2024-10-07T00:00:00+00:00 [running]> on host 2a0de06c8905
[2025-12-17T07:57:17.176+0000] {taskinstance.py:2480} INFO - Exporting env vars: AIRFLOW_CTX_DAG_OWNER='***' AIRFLOW_CTX_DAG_ID='etl_***' AIRFLOW_CTX_TASK_ID='extract' AIRFLOW_CTX_EXECUTION_DATE='2024-10-07T00:00:00+00:00' AIRFLOW_CTX_TRY_NUMBER='1' AIRFLOW_CTX_DAG_RUN_ID='scheduled__2024-10-07T00:00:00+00:00'
[2025-12-17T07:57:17.278+0000] {python.py:201} INFO - Done. Returned value was:    user_id event_type           timestamp country
0        1      login 2025-01-01 09:00:00      IN
1        1      click 2025-01-01 09:05:00      IN
2        1     logout 2025-01-01 09:15:00      IN
3        2      login 2025-01-01 10:00:00      US
4        2      click 2025-01-01 10:10:00      US
5        2     logout 2025-01-01 10:20:00      US
6        3      login 2025-01-02 08:00:00      FR
7        3      click 2025-01-02 08:05:00      FR
8        3     logout 2025-01-02 08:30:00      FR
[2025-12-17T07:57:17.471+0000] {taskinstance.py:1138} INFO - Marking task as SUCCESS. dag_id=etl_***, task_id=extract, execution_date=20241007T000000, start_date=20251217T075716, end_date=20251217T075717
[2025-12-17T07:57:17.582+0000] {local_task_job_runner.py:234} INFO - Task exited with return code 0
[2025-12-17T07:57:17.702+0000] {taskinstance.py:3280} INFO - 1 downstream tasks scheduled from follow-on schedule check
