[2025-12-16T17:20:57.819+0000] {taskinstance.py:1956} INFO - Dependencies all met for dep_context=non-requeueable deps ti=<TaskInstance: etl_airflow.transform scheduled__2024-08-07T00:00:00+00:00 [queued]>
[2025-12-16T17:20:57.842+0000] {taskinstance.py:1956} INFO - Dependencies all met for dep_context=requeueable deps ti=<TaskInstance: etl_airflow.transform scheduled__2024-08-07T00:00:00+00:00 [queued]>
[2025-12-16T17:20:57.843+0000] {taskinstance.py:2170} INFO - Starting attempt 2 of 4
[2025-12-16T17:20:57.881+0000] {taskinstance.py:2191} INFO - Executing <Task(PythonOperator): transform> on 2024-08-07 00:00:00+00:00
[2025-12-16T17:20:57.900+0000] {standard_task_runner.py:60} INFO - Started process 5455 to run task
[2025-12-16T17:20:57.920+0000] {standard_task_runner.py:87} INFO - Running: ['***', 'tasks', 'run', 'etl_***', 'transform', 'scheduled__2024-08-07T00:00:00+00:00', '--job-id', '5805', '--raw', '--subdir', 'DAGS_FOLDER/etl_dag.py', '--cfg-path', '/tmp/tmp7v8cc14z']
[2025-12-16T17:20:57.937+0000] {standard_task_runner.py:88} INFO - Job 5805: Subtask transform
[2025-12-16T17:20:58.159+0000] {task_command.py:423} INFO - Running <TaskInstance: etl_airflow.transform scheduled__2024-08-07T00:00:00+00:00 [running]> on host 3b89cfee50e9
[2025-12-16T17:20:58.446+0000] {taskinstance.py:2480} INFO - Exporting env vars: AIRFLOW_CTX_DAG_OWNER='***' AIRFLOW_CTX_DAG_ID='etl_***' AIRFLOW_CTX_TASK_ID='transform' AIRFLOW_CTX_EXECUTION_DATE='2024-08-07T00:00:00+00:00' AIRFLOW_CTX_TRY_NUMBER='2' AIRFLOW_CTX_DAG_RUN_ID='scheduled__2024-08-07T00:00:00+00:00'
[2025-12-16T17:20:58.454+0000] {logging_mixin.py:188} INFO - [TRANSFORM]
[2025-12-16T17:20:59.028+0000] {logging_mixin.py:188} INFO - [TRANSFORM] done
[2025-12-16T17:20:59.036+0000] {python.py:201} INFO - Done. Returned value was: None
[2025-12-16T17:20:59.071+0000] {taskinstance.py:1138} INFO - Marking task as SUCCESS. dag_id=etl_***, task_id=transform, execution_date=20240807T000000, start_date=20251216T172057, end_date=20251216T172059
[2025-12-16T17:20:59.169+0000] {local_task_job_runner.py:234} INFO - Task exited with return code 0
[2025-12-16T17:20:59.335+0000] {taskinstance.py:3280} INFO - 0 downstream tasks scheduled from follow-on schedule check
[2025-12-17T04:50:11.825+0000] {taskinstance.py:1956} INFO - Dependencies all met for dep_context=non-requeueable deps ti=<TaskInstance: etl_airflow.transform scheduled__2024-08-07T00:00:00+00:00 [queued]>
[2025-12-17T04:50:11.841+0000] {taskinstance.py:1956} INFO - Dependencies all met for dep_context=requeueable deps ti=<TaskInstance: etl_airflow.transform scheduled__2024-08-07T00:00:00+00:00 [queued]>
[2025-12-17T04:50:11.842+0000] {taskinstance.py:2170} INFO - Starting attempt 2 of 3
[2025-12-17T04:50:11.862+0000] {taskinstance.py:2191} INFO - Executing <Task(PythonOperator): transform> on 2024-08-07 00:00:00+00:00
[2025-12-17T04:50:11.868+0000] {standard_task_runner.py:60} INFO - Started process 3114 to run task
[2025-12-17T04:50:11.873+0000] {standard_task_runner.py:87} INFO - Running: ['***', 'tasks', 'run', 'etl_***', 'transform', 'scheduled__2024-08-07T00:00:00+00:00', '--job-id', '879', '--raw', '--subdir', 'DAGS_FOLDER/etl_***.py', '--cfg-path', '/tmp/tmpxwjveiv4']
[2025-12-17T04:50:11.877+0000] {standard_task_runner.py:88} INFO - Job 879: Subtask transform
[2025-12-17T04:50:12.059+0000] {task_command.py:423} INFO - Running <TaskInstance: etl_airflow.transform scheduled__2024-08-07T00:00:00+00:00 [running]> on host b3426f05ac70
[2025-12-17T04:50:12.478+0000] {taskinstance.py:2480} INFO - Exporting env vars: AIRFLOW_CTX_DAG_OWNER='***' AIRFLOW_CTX_DAG_ID='etl_***' AIRFLOW_CTX_TASK_ID='transform' AIRFLOW_CTX_EXECUTION_DATE='2024-08-07T00:00:00+00:00' AIRFLOW_CTX_TRY_NUMBER='2' AIRFLOW_CTX_DAG_RUN_ID='scheduled__2024-08-07T00:00:00+00:00'
[2025-12-17T04:50:12.480+0000] {taskinstance.py:2698} ERROR - Task failed with exception
Traceback (most recent call last):
  File "/home/airflow/.local/lib/python3.8/site-packages/airflow/models/taskinstance.py", line 433, in _execute_task
    result = execute_callable(context=context, **execute_callable_kwargs)
  File "/home/airflow/.local/lib/python3.8/site-packages/airflow/operators/python.py", line 199, in execute
    return_value = self.execute_callable()
  File "/home/airflow/.local/lib/python3.8/site-packages/airflow/operators/python.py", line 216, in execute_callable
    return self.python_callable(*self.op_args, **self.op_kwargs)
TypeError: transform_data() missing 1 required positional argument: 'df'
[2025-12-17T04:50:12.494+0000] {taskinstance.py:1138} INFO - Marking task as UP_FOR_RETRY. dag_id=etl_***, task_id=transform, execution_date=20240807T000000, start_date=20251217T045011, end_date=20251217T045012
[2025-12-17T04:50:12.512+0000] {standard_task_runner.py:107} ERROR - Failed to execute job 879 for task transform (transform_data() missing 1 required positional argument: 'df'; 3114)
[2025-12-17T04:50:12.532+0000] {local_task_job_runner.py:234} INFO - Task exited with return code 1
[2025-12-17T04:50:12.713+0000] {taskinstance.py:3280} INFO - 0 downstream tasks scheduled from follow-on schedule check
[2025-12-17T07:44:02.079+0000] {taskinstance.py:1956} INFO - Dependencies all met for dep_context=non-requeueable deps ti=<TaskInstance: etl_airflow.transform scheduled__2024-08-07T00:00:00+00:00 [queued]>
[2025-12-17T07:44:02.112+0000] {taskinstance.py:1956} INFO - Dependencies all met for dep_context=requeueable deps ti=<TaskInstance: etl_airflow.transform scheduled__2024-08-07T00:00:00+00:00 [queued]>
[2025-12-17T07:44:02.115+0000] {taskinstance.py:2170} INFO - Starting attempt 2 of 3
[2025-12-17T07:44:02.173+0000] {taskinstance.py:2191} INFO - Executing <Task(PythonOperator): transform> on 2024-08-07 00:00:00+00:00
[2025-12-17T07:44:02.194+0000] {standard_task_runner.py:60} INFO - Started process 3189 to run task
[2025-12-17T07:44:02.209+0000] {standard_task_runner.py:87} INFO - Running: ['***', 'tasks', 'run', 'etl_***', 'transform', 'scheduled__2024-08-07T00:00:00+00:00', '--job-id', '881', '--raw', '--subdir', 'DAGS_FOLDER/etl_***.py', '--cfg-path', '/tmp/tmphkq1xvsn']
[2025-12-17T07:44:02.218+0000] {standard_task_runner.py:88} INFO - Job 881: Subtask transform
[2025-12-17T07:44:02.388+0000] {task_command.py:423} INFO - Running <TaskInstance: etl_airflow.transform scheduled__2024-08-07T00:00:00+00:00 [running]> on host 2a0de06c8905
[2025-12-17T07:44:02.822+0000] {taskinstance.py:2480} INFO - Exporting env vars: AIRFLOW_CTX_DAG_OWNER='***' AIRFLOW_CTX_DAG_ID='etl_***' AIRFLOW_CTX_TASK_ID='transform' AIRFLOW_CTX_EXECUTION_DATE='2024-08-07T00:00:00+00:00' AIRFLOW_CTX_TRY_NUMBER='2' AIRFLOW_CTX_DAG_RUN_ID='scheduled__2024-08-07T00:00:00+00:00'
[2025-12-17T07:44:02.825+0000] {taskinstance.py:2698} ERROR - Task failed with exception
Traceback (most recent call last):
  File "/home/airflow/.local/lib/python3.8/site-packages/airflow/models/taskinstance.py", line 433, in _execute_task
    result = execute_callable(context=context, **execute_callable_kwargs)
  File "/home/airflow/.local/lib/python3.8/site-packages/airflow/operators/python.py", line 199, in execute
    return_value = self.execute_callable()
  File "/home/airflow/.local/lib/python3.8/site-packages/airflow/operators/python.py", line 216, in execute_callable
    return self.python_callable(*self.op_args, **self.op_kwargs)
TypeError: transform_data() missing 1 required positional argument: 'df'
[2025-12-17T07:44:02.840+0000] {taskinstance.py:1138} INFO - Marking task as UP_FOR_RETRY. dag_id=etl_***, task_id=transform, execution_date=20240807T000000, start_date=20251217T074402, end_date=20251217T074402
[2025-12-17T07:44:02.858+0000] {standard_task_runner.py:107} ERROR - Failed to execute job 881 for task transform (transform_data() missing 1 required positional argument: 'df'; 3189)
[2025-12-17T07:44:02.909+0000] {local_task_job_runner.py:234} INFO - Task exited with return code 1
[2025-12-17T07:44:02.953+0000] {taskinstance.py:3280} INFO - 0 downstream tasks scheduled from follow-on schedule check
