[2025-12-16T17:16:13.048+0000] {taskinstance.py:1956} INFO - Dependencies all met for dep_context=non-requeueable deps ti=<TaskInstance: etl_airflow.load scheduled__2025-02-14T00:00:00+00:00 [queued]>
[2025-12-16T17:16:13.067+0000] {taskinstance.py:1956} INFO - Dependencies all met for dep_context=requeueable deps ti=<TaskInstance: etl_airflow.load scheduled__2025-02-14T00:00:00+00:00 [queued]>
[2025-12-16T17:16:13.068+0000] {taskinstance.py:2170} INFO - Starting attempt 1 of 3
[2025-12-16T17:16:13.093+0000] {taskinstance.py:2191} INFO - Executing <Task(PythonOperator): load> on 2025-02-14 00:00:00+00:00
[2025-12-16T17:16:13.103+0000] {standard_task_runner.py:60} INFO - Started process 2505 to run task
[2025-12-16T17:16:13.113+0000] {standard_task_runner.py:87} INFO - Running: ['***', 'tasks', 'run', 'etl_***', 'load', 'scheduled__2025-02-14T00:00:00+00:00', '--job-id', '4870', '--raw', '--subdir', 'DAGS_FOLDER/etl_dag.py', '--cfg-path', '/tmp/tmpjbhht1vv']
[2025-12-16T17:16:13.119+0000] {standard_task_runner.py:88} INFO - Job 4870: Subtask load
[2025-12-16T17:16:13.250+0000] {task_command.py:423} INFO - Running <TaskInstance: etl_airflow.load scheduled__2025-02-14T00:00:00+00:00 [running]> on host 3b89cfee50e9
[2025-12-16T17:16:13.435+0000] {taskinstance.py:2480} INFO - Exporting env vars: AIRFLOW_CTX_DAG_OWNER='***' AIRFLOW_CTX_DAG_ID='etl_***' AIRFLOW_CTX_TASK_ID='load' AIRFLOW_CTX_EXECUTION_DATE='2025-02-14T00:00:00+00:00' AIRFLOW_CTX_TRY_NUMBER='1' AIRFLOW_CTX_DAG_RUN_ID='scheduled__2025-02-14T00:00:00+00:00'
[2025-12-16T17:16:13.439+0000] {logging_mixin.py:188} INFO - [LOAD]
[2025-12-16T17:16:13.708+0000] {logging_mixin.py:188} INFO -    user_id event_type            timestamp country
0        1      login  2025-01-01T09:00:00      IN
1        1      click  2025-01-01T09:05:00      IN
2        1     logout  2025-01-01T09:15:00      IN
3        3      login  2025-01-02T08:00:00      FR
4        3      click  2025-01-02T08:05:00      FR
[2025-12-16T17:16:13.709+0000] {logging_mixin.py:188} INFO - [LOAD] done
[2025-12-16T17:16:13.710+0000] {python.py:201} INFO - Done. Returned value was: None
[2025-12-16T17:16:13.728+0000] {taskinstance.py:1138} INFO - Marking task as SUCCESS. dag_id=etl_***, task_id=load, execution_date=20250214T000000, start_date=20251216T171613, end_date=20251216T171613
[2025-12-16T17:16:13.767+0000] {local_task_job_runner.py:234} INFO - Task exited with return code 0
[2025-12-16T17:16:13.808+0000] {taskinstance.py:3280} INFO - 0 downstream tasks scheduled from follow-on schedule check
[2025-12-17T01:57:22.856+0000] {taskinstance.py:1956} INFO - Dependencies all met for dep_context=non-requeueable deps ti=<TaskInstance: etl_airflow.load scheduled__2025-02-14T00:00:00+00:00 [queued]>
[2025-12-17T01:57:22.893+0000] {taskinstance.py:1956} INFO - Dependencies all met for dep_context=requeueable deps ti=<TaskInstance: etl_airflow.load scheduled__2025-02-14T00:00:00+00:00 [queued]>
[2025-12-17T01:57:22.900+0000] {taskinstance.py:2170} INFO - Starting attempt 1 of 3
[2025-12-17T01:57:22.973+0000] {taskinstance.py:2191} INFO - Executing <Task(PythonOperator): load> on 2025-02-14 00:00:00+00:00
[2025-12-17T01:57:22.993+0000] {standard_task_runner.py:60} INFO - Started process 4261 to run task
[2025-12-17T01:57:23.002+0000] {standard_task_runner.py:87} INFO - Running: ['***', 'tasks', 'run', 'etl_***', 'load', 'scheduled__2025-02-14T00:00:00+00:00', '--job-id', '1274', '--raw', '--subdir', 'DAGS_FOLDER/etl_dag.py', '--cfg-path', '/tmp/tmp1_leigo9']
[2025-12-17T01:57:23.016+0000] {standard_task_runner.py:88} INFO - Job 1274: Subtask load
[2025-12-17T01:57:23.232+0000] {task_command.py:423} INFO - Running <TaskInstance: etl_airflow.load scheduled__2025-02-14T00:00:00+00:00 [running]> on host 571e042550da
[2025-12-17T01:57:23.981+0000] {taskinstance.py:2480} INFO - Exporting env vars: AIRFLOW_CTX_DAG_OWNER='***' AIRFLOW_CTX_DAG_ID='etl_***' AIRFLOW_CTX_TASK_ID='load' AIRFLOW_CTX_EXECUTION_DATE='2025-02-14T00:00:00+00:00' AIRFLOW_CTX_TRY_NUMBER='1' AIRFLOW_CTX_DAG_RUN_ID='scheduled__2025-02-14T00:00:00+00:00'
[2025-12-17T01:57:23.988+0000] {logging_mixin.py:188} INFO - [LOAD]
[2025-12-17T01:57:24.034+0000] {logging_mixin.py:188} INFO -    user_id event_type            timestamp country
0        1      login  2025-01-01T09:00:00      IN
1        1      click  2025-01-01T09:05:00      IN
2        1     logout  2025-01-01T09:15:00      IN
3        3      login  2025-01-02T08:00:00      FR
4        3      click  2025-01-02T08:05:00      FR
[2025-12-17T01:57:24.038+0000] {logging_mixin.py:188} INFO - [LOAD] done
[2025-12-17T01:57:24.040+0000] {python.py:201} INFO - Done. Returned value was: None
[2025-12-17T01:57:24.086+0000] {taskinstance.py:1138} INFO - Marking task as SUCCESS. dag_id=etl_***, task_id=load, execution_date=20250214T000000, start_date=20251217T015722, end_date=20251217T015724
[2025-12-17T01:57:24.172+0000] {local_task_job_runner.py:234} INFO - Task exited with return code 0
[2025-12-17T01:57:24.230+0000] {taskinstance.py:3280} INFO - 0 downstream tasks scheduled from follow-on schedule check
