[2025-12-16T17:06:12.646+0000] {taskinstance.py:1956} INFO - Dependencies all met for dep_context=non-requeueable deps ti=<TaskInstance: etl_airflow.extract scheduled__2025-01-26T00:00:00+00:00 [queued]>
[2025-12-16T17:06:12.661+0000] {taskinstance.py:1956} INFO - Dependencies all met for dep_context=requeueable deps ti=<TaskInstance: etl_airflow.extract scheduled__2025-01-26T00:00:00+00:00 [queued]>
[2025-12-16T17:06:12.662+0000] {taskinstance.py:2170} INFO - Starting attempt 4 of 6
[2025-12-16T17:06:12.681+0000] {taskinstance.py:2191} INFO - Executing <Task(PythonOperator): extract> on 2025-01-26 00:00:00+00:00
[2025-12-16T17:06:12.689+0000] {standard_task_runner.py:60} INFO - Started process 1059 to run task
[2025-12-16T17:06:12.696+0000] {standard_task_runner.py:87} INFO - Running: ['***', 'tasks', 'run', 'etl_***', 'extract', 'scheduled__2025-01-26T00:00:00+00:00', '--job-id', '3243', '--raw', '--subdir', 'DAGS_FOLDER/etl_dag.py', '--cfg-path', '/tmp/tmpo6mmi53d']
[2025-12-16T17:06:12.700+0000] {standard_task_runner.py:88} INFO - Job 3243: Subtask extract
[2025-12-16T17:06:12.807+0000] {task_command.py:423} INFO - Running <TaskInstance: etl_airflow.extract scheduled__2025-01-26T00:00:00+00:00 [running]> on host db658e834d9d
[2025-12-16T17:06:12.949+0000] {taskinstance.py:2480} INFO - Exporting env vars: AIRFLOW_CTX_DAG_OWNER='***' AIRFLOW_CTX_DAG_ID='etl_***' AIRFLOW_CTX_TASK_ID='extract' AIRFLOW_CTX_EXECUTION_DATE='2025-01-26T00:00:00+00:00' AIRFLOW_CTX_TRY_NUMBER='4' AIRFLOW_CTX_DAG_RUN_ID='scheduled__2025-01-26T00:00:00+00:00'
[2025-12-16T17:06:12.950+0000] {logging_mixin.py:188} INFO - [EXTRACT] E:\GPP\Task_4\comparative-data-orchestrationirflow\data\synthetic_events.csv
[2025-12-16T17:06:12.951+0000] {taskinstance.py:2698} ERROR - Task failed with exception
Traceback (most recent call last):
  File "/home/airflow/.local/lib/python3.8/site-packages/airflow/models/taskinstance.py", line 433, in _execute_task
    result = execute_callable(context=context, **execute_callable_kwargs)
  File "/home/airflow/.local/lib/python3.8/site-packages/airflow/operators/python.py", line 199, in execute
    return_value = self.execute_callable()
  File "/home/airflow/.local/lib/python3.8/site-packages/airflow/operators/python.py", line 216, in execute_callable
    return self.python_callable(*self.op_args, **self.op_kwargs)
  File "/opt/airflow/etl_logic/pipeline.py", line 100, in extract_data
    raise FileNotFoundError(f"{input_path} not found")
FileNotFoundError: E:\GPP\Task_4\comparative-data-orchestrationirflow\data\synthetic_events.csv not found
[2025-12-16T17:06:12.970+0000] {taskinstance.py:1138} INFO - Marking task as UP_FOR_RETRY. dag_id=etl_***, task_id=extract, execution_date=20250126T000000, start_date=20251216T170612, end_date=20251216T170612
[2025-12-16T17:06:12.991+0000] {standard_task_runner.py:107} ERROR - Failed to execute job 3243 for task extract (E:\GPP\Task_4\comparative-data-orchestrationirflow\data\synthetic_events.csv not found; 1059)
[2025-12-16T17:06:13.030+0000] {local_task_job_runner.py:234} INFO - Task exited with return code 1
[2025-12-16T17:06:13.089+0000] {taskinstance.py:3280} INFO - 0 downstream tasks scheduled from follow-on schedule check
