[2025-12-16T17:19:13.548+0000] {taskinstance.py:1956} INFO - Dependencies all met for dep_context=non-requeueable deps ti=<TaskInstance: etl_airflow.transform scheduled__2024-03-20T00:00:00+00:00 [queued]>
[2025-12-16T17:19:13.579+0000] {taskinstance.py:1956} INFO - Dependencies all met for dep_context=requeueable deps ti=<TaskInstance: etl_airflow.transform scheduled__2024-03-20T00:00:00+00:00 [queued]>
[2025-12-16T17:19:13.580+0000] {taskinstance.py:2170} INFO - Starting attempt 2 of 4
[2025-12-16T17:19:13.646+0000] {taskinstance.py:2191} INFO - Executing <Task(PythonOperator): transform> on 2024-03-20 00:00:00+00:00
[2025-12-16T17:19:13.674+0000] {standard_task_runner.py:60} INFO - Started process 4151 to run task
[2025-12-16T17:19:13.691+0000] {standard_task_runner.py:87} INFO - Running: ['***', 'tasks', 'run', 'etl_***', 'transform', 'scheduled__2024-03-20T00:00:00+00:00', '--job-id', '5393', '--raw', '--subdir', 'DAGS_FOLDER/etl_dag.py', '--cfg-path', '/tmp/tmpm02nqgtl']
[2025-12-16T17:19:13.700+0000] {standard_task_runner.py:88} INFO - Job 5393: Subtask transform
[2025-12-16T17:19:13.966+0000] {task_command.py:423} INFO - Running <TaskInstance: etl_airflow.transform scheduled__2024-03-20T00:00:00+00:00 [running]> on host 3b89cfee50e9
[2025-12-16T17:19:14.245+0000] {taskinstance.py:2480} INFO - Exporting env vars: AIRFLOW_CTX_DAG_OWNER='***' AIRFLOW_CTX_DAG_ID='etl_***' AIRFLOW_CTX_TASK_ID='transform' AIRFLOW_CTX_EXECUTION_DATE='2024-03-20T00:00:00+00:00' AIRFLOW_CTX_TRY_NUMBER='2' AIRFLOW_CTX_DAG_RUN_ID='scheduled__2024-03-20T00:00:00+00:00'
[2025-12-16T17:19:14.248+0000] {logging_mixin.py:188} INFO - [TRANSFORM]
[2025-12-16T17:19:14.589+0000] {logging_mixin.py:188} INFO - [TRANSFORM] done
[2025-12-16T17:19:14.590+0000] {python.py:201} INFO - Done. Returned value was: None
[2025-12-16T17:19:14.603+0000] {taskinstance.py:1138} INFO - Marking task as SUCCESS. dag_id=etl_***, task_id=transform, execution_date=20240320T000000, start_date=20251216T171913, end_date=20251216T171914
[2025-12-16T17:19:14.686+0000] {local_task_job_runner.py:234} INFO - Task exited with return code 0
[2025-12-16T17:19:14.857+0000] {taskinstance.py:3280} INFO - 0 downstream tasks scheduled from follow-on schedule check
[2025-12-17T04:19:28.006+0000] {taskinstance.py:1956} INFO - Dependencies all met for dep_context=non-requeueable deps ti=<TaskInstance: etl_airflow.transform scheduled__2024-03-20T00:00:00+00:00 [queued]>
[2025-12-17T04:19:28.025+0000] {taskinstance.py:1956} INFO - Dependencies all met for dep_context=requeueable deps ti=<TaskInstance: etl_airflow.transform scheduled__2024-03-20T00:00:00+00:00 [queued]>
[2025-12-17T04:19:28.028+0000] {taskinstance.py:2170} INFO - Starting attempt 2 of 3
[2025-12-17T04:19:28.102+0000] {taskinstance.py:2191} INFO - Executing <Task(PythonOperator): transform> on 2024-03-20 00:00:00+00:00
[2025-12-17T04:19:28.113+0000] {standard_task_runner.py:60} INFO - Started process 634 to run task
[2025-12-17T04:19:28.119+0000] {standard_task_runner.py:87} INFO - Running: ['***', 'tasks', 'run', 'etl_***', 'transform', 'scheduled__2024-03-20T00:00:00+00:00', '--job-id', '130', '--raw', '--subdir', 'DAGS_FOLDER/etl_***.py', '--cfg-path', '/tmp/tmpi7vwocwt']
[2025-12-17T04:19:28.125+0000] {standard_task_runner.py:88} INFO - Job 130: Subtask transform
[2025-12-17T04:19:28.272+0000] {task_command.py:423} INFO - Running <TaskInstance: etl_airflow.transform scheduled__2024-03-20T00:00:00+00:00 [running]> on host c5811fe183ca
[2025-12-17T04:19:28.692+0000] {taskinstance.py:2480} INFO - Exporting env vars: AIRFLOW_CTX_DAG_OWNER='***' AIRFLOW_CTX_DAG_ID='etl_***' AIRFLOW_CTX_TASK_ID='transform' AIRFLOW_CTX_EXECUTION_DATE='2024-03-20T00:00:00+00:00' AIRFLOW_CTX_TRY_NUMBER='2' AIRFLOW_CTX_DAG_RUN_ID='scheduled__2024-03-20T00:00:00+00:00'
[2025-12-17T04:19:28.695+0000] {taskinstance.py:2698} ERROR - Task failed with exception
Traceback (most recent call last):
  File "/home/airflow/.local/lib/python3.8/site-packages/airflow/models/taskinstance.py", line 433, in _execute_task
    result = execute_callable(context=context, **execute_callable_kwargs)
  File "/home/airflow/.local/lib/python3.8/site-packages/airflow/operators/python.py", line 199, in execute
    return_value = self.execute_callable()
  File "/home/airflow/.local/lib/python3.8/site-packages/airflow/operators/python.py", line 216, in execute_callable
    return self.python_callable(*self.op_args, **self.op_kwargs)
TypeError: transform_data() missing 1 required positional argument: 'df'
[2025-12-17T04:19:28.712+0000] {taskinstance.py:1138} INFO - Marking task as UP_FOR_RETRY. dag_id=etl_***, task_id=transform, execution_date=20240320T000000, start_date=20251217T041928, end_date=20251217T041928
[2025-12-17T04:19:28.733+0000] {standard_task_runner.py:107} ERROR - Failed to execute job 130 for task transform (transform_data() missing 1 required positional argument: 'df'; 634)
[2025-12-17T04:19:28.780+0000] {local_task_job_runner.py:234} INFO - Task exited with return code 1
[2025-12-17T04:19:28.880+0000] {taskinstance.py:3280} INFO - 0 downstream tasks scheduled from follow-on schedule check
[2025-12-17T04:44:56.389+0000] {taskinstance.py:1956} INFO - Dependencies all met for dep_context=non-requeueable deps ti=<TaskInstance: etl_airflow.transform scheduled__2024-03-20T00:00:00+00:00 [queued]>
[2025-12-17T04:44:56.402+0000] {taskinstance.py:1956} INFO - Dependencies all met for dep_context=requeueable deps ti=<TaskInstance: etl_airflow.transform scheduled__2024-03-20T00:00:00+00:00 [queued]>
[2025-12-17T04:44:56.403+0000] {taskinstance.py:2170} INFO - Starting attempt 2 of 3
[2025-12-17T04:44:56.417+0000] {taskinstance.py:2191} INFO - Executing <Task(PythonOperator): transform> on 2024-03-20 00:00:00+00:00
[2025-12-17T04:44:56.425+0000] {standard_task_runner.py:60} INFO - Started process 1222 to run task
[2025-12-17T04:44:56.429+0000] {standard_task_runner.py:87} INFO - Running: ['***', 'tasks', 'run', 'etl_***', 'transform', 'scheduled__2024-03-20T00:00:00+00:00', '--job-id', '305', '--raw', '--subdir', 'DAGS_FOLDER/etl_***.py', '--cfg-path', '/tmp/tmp4v4sqqh2']
[2025-12-17T04:44:56.433+0000] {standard_task_runner.py:88} INFO - Job 305: Subtask transform
[2025-12-17T04:44:56.537+0000] {task_command.py:423} INFO - Running <TaskInstance: etl_airflow.transform scheduled__2024-03-20T00:00:00+00:00 [running]> on host b3426f05ac70
[2025-12-17T04:44:56.859+0000] {taskinstance.py:2480} INFO - Exporting env vars: AIRFLOW_CTX_DAG_OWNER='***' AIRFLOW_CTX_DAG_ID='etl_***' AIRFLOW_CTX_TASK_ID='transform' AIRFLOW_CTX_EXECUTION_DATE='2024-03-20T00:00:00+00:00' AIRFLOW_CTX_TRY_NUMBER='2' AIRFLOW_CTX_DAG_RUN_ID='scheduled__2024-03-20T00:00:00+00:00'
[2025-12-17T04:44:56.863+0000] {taskinstance.py:2698} ERROR - Task failed with exception
Traceback (most recent call last):
  File "/home/airflow/.local/lib/python3.8/site-packages/airflow/models/taskinstance.py", line 433, in _execute_task
    result = execute_callable(context=context, **execute_callable_kwargs)
  File "/home/airflow/.local/lib/python3.8/site-packages/airflow/operators/python.py", line 199, in execute
    return_value = self.execute_callable()
  File "/home/airflow/.local/lib/python3.8/site-packages/airflow/operators/python.py", line 216, in execute_callable
    return self.python_callable(*self.op_args, **self.op_kwargs)
TypeError: transform_data() missing 1 required positional argument: 'df'
[2025-12-17T04:44:56.874+0000] {taskinstance.py:1138} INFO - Marking task as UP_FOR_RETRY. dag_id=etl_***, task_id=transform, execution_date=20240320T000000, start_date=20251217T044456, end_date=20251217T044456
[2025-12-17T04:44:56.896+0000] {standard_task_runner.py:107} ERROR - Failed to execute job 305 for task transform (transform_data() missing 1 required positional argument: 'df'; 1222)
[2025-12-17T04:44:56.920+0000] {local_task_job_runner.py:234} INFO - Task exited with return code 1
[2025-12-17T04:44:57.123+0000] {taskinstance.py:3280} INFO - 0 downstream tasks scheduled from follow-on schedule check
[2025-12-17T07:38:52.764+0000] {taskinstance.py:1956} INFO - Dependencies all met for dep_context=non-requeueable deps ti=<TaskInstance: etl_airflow.transform scheduled__2024-03-20T00:00:00+00:00 [queued]>
[2025-12-17T07:38:52.786+0000] {taskinstance.py:1956} INFO - Dependencies all met for dep_context=requeueable deps ti=<TaskInstance: etl_airflow.transform scheduled__2024-03-20T00:00:00+00:00 [queued]>
[2025-12-17T07:38:52.787+0000] {taskinstance.py:2170} INFO - Starting attempt 2 of 3
[2025-12-17T07:38:52.820+0000] {taskinstance.py:2191} INFO - Executing <Task(PythonOperator): transform> on 2024-03-20 00:00:00+00:00
[2025-12-17T07:38:52.834+0000] {standard_task_runner.py:60} INFO - Started process 1461 to run task
[2025-12-17T07:38:52.843+0000] {standard_task_runner.py:87} INFO - Running: ['***', 'tasks', 'run', 'etl_***', 'transform', 'scheduled__2024-03-20T00:00:00+00:00', '--job-id', '356', '--raw', '--subdir', 'DAGS_FOLDER/etl_***.py', '--cfg-path', '/tmp/tmp1rs6x2g9']
[2025-12-17T07:38:52.849+0000] {standard_task_runner.py:88} INFO - Job 356: Subtask transform
[2025-12-17T07:38:53.017+0000] {task_command.py:423} INFO - Running <TaskInstance: etl_airflow.transform scheduled__2024-03-20T00:00:00+00:00 [running]> on host 2a0de06c8905
[2025-12-17T07:38:53.555+0000] {taskinstance.py:2480} INFO - Exporting env vars: AIRFLOW_CTX_DAG_OWNER='***' AIRFLOW_CTX_DAG_ID='etl_***' AIRFLOW_CTX_TASK_ID='transform' AIRFLOW_CTX_EXECUTION_DATE='2024-03-20T00:00:00+00:00' AIRFLOW_CTX_TRY_NUMBER='2' AIRFLOW_CTX_DAG_RUN_ID='scheduled__2024-03-20T00:00:00+00:00'
[2025-12-17T07:38:53.561+0000] {taskinstance.py:2698} ERROR - Task failed with exception
Traceback (most recent call last):
  File "/home/airflow/.local/lib/python3.8/site-packages/airflow/models/taskinstance.py", line 433, in _execute_task
    result = execute_callable(context=context, **execute_callable_kwargs)
  File "/home/airflow/.local/lib/python3.8/site-packages/airflow/operators/python.py", line 199, in execute
    return_value = self.execute_callable()
  File "/home/airflow/.local/lib/python3.8/site-packages/airflow/operators/python.py", line 216, in execute_callable
    return self.python_callable(*self.op_args, **self.op_kwargs)
TypeError: transform_data() missing 1 required positional argument: 'df'
[2025-12-17T07:38:53.583+0000] {taskinstance.py:1138} INFO - Marking task as UP_FOR_RETRY. dag_id=etl_***, task_id=transform, execution_date=20240320T000000, start_date=20251217T073852, end_date=20251217T073853
[2025-12-17T07:38:53.624+0000] {standard_task_runner.py:107} ERROR - Failed to execute job 356 for task transform (transform_data() missing 1 required positional argument: 'df'; 1461)
[2025-12-17T07:38:53.664+0000] {local_task_job_runner.py:234} INFO - Task exited with return code 1
[2025-12-17T07:38:53.720+0000] {taskinstance.py:3280} INFO - 0 downstream tasks scheduled from follow-on schedule check
