[2025-12-16T17:14:02.163+0000] {taskinstance.py:1956} INFO - Dependencies all met for dep_context=non-requeueable deps ti=<TaskInstance: etl_airflow.transform scheduled__2024-09-27T00:00:00+00:00 [queued]>
[2025-12-16T17:14:02.202+0000] {taskinstance.py:1956} INFO - Dependencies all met for dep_context=requeueable deps ti=<TaskInstance: etl_airflow.transform scheduled__2024-09-27T00:00:00+00:00 [queued]>
[2025-12-16T17:14:02.204+0000] {taskinstance.py:2170} INFO - Starting attempt 1 of 3
[2025-12-16T17:14:02.249+0000] {taskinstance.py:2191} INFO - Executing <Task(PythonOperator): transform> on 2024-09-27 00:00:00+00:00
[2025-12-16T17:14:02.269+0000] {standard_task_runner.py:60} INFO - Started process 1060 to run task
[2025-12-16T17:14:02.277+0000] {standard_task_runner.py:87} INFO - Running: ['***', 'tasks', 'run', 'etl_***', 'transform', 'scheduled__2024-09-27T00:00:00+00:00', '--job-id', '4411', '--raw', '--subdir', 'DAGS_FOLDER/etl_dag.py', '--cfg-path', '/tmp/tmpgfq0_cpt']
[2025-12-16T17:14:02.294+0000] {standard_task_runner.py:88} INFO - Job 4411: Subtask transform
[2025-12-16T17:14:02.585+0000] {task_command.py:423} INFO - Running <TaskInstance: etl_airflow.transform scheduled__2024-09-27T00:00:00+00:00 [running]> on host 3b89cfee50e9
[2025-12-16T17:14:02.980+0000] {taskinstance.py:2480} INFO - Exporting env vars: AIRFLOW_CTX_DAG_OWNER='***' AIRFLOW_CTX_DAG_ID='etl_***' AIRFLOW_CTX_TASK_ID='transform' AIRFLOW_CTX_EXECUTION_DATE='2024-09-27T00:00:00+00:00' AIRFLOW_CTX_TRY_NUMBER='1' AIRFLOW_CTX_DAG_RUN_ID='scheduled__2024-09-27T00:00:00+00:00'
[2025-12-16T17:14:02.990+0000] {logging_mixin.py:188} INFO - [TRANSFORM]
[2025-12-16T17:14:03.739+0000] {logging_mixin.py:188} INFO - [TRANSFORM] done
[2025-12-16T17:14:03.743+0000] {python.py:201} INFO - Done. Returned value was: None
[2025-12-16T17:14:03.784+0000] {taskinstance.py:1138} INFO - Marking task as SUCCESS. dag_id=etl_***, task_id=transform, execution_date=20240927T000000, start_date=20251216T171402, end_date=20251216T171403
[2025-12-16T17:14:04.245+0000] {local_task_job_runner.py:234} INFO - Task exited with return code 0
[2025-12-16T17:14:04.332+0000] {taskinstance.py:3280} INFO - 1 downstream tasks scheduled from follow-on schedule check
[2025-12-17T01:54:56.255+0000] {taskinstance.py:1956} INFO - Dependencies all met for dep_context=non-requeueable deps ti=<TaskInstance: etl_airflow.transform scheduled__2024-09-27T00:00:00+00:00 [queued]>
[2025-12-17T01:54:56.273+0000] {taskinstance.py:1956} INFO - Dependencies all met for dep_context=requeueable deps ti=<TaskInstance: etl_airflow.transform scheduled__2024-09-27T00:00:00+00:00 [queued]>
[2025-12-17T01:54:56.276+0000] {taskinstance.py:2170} INFO - Starting attempt 1 of 3
[2025-12-17T01:54:56.314+0000] {taskinstance.py:2191} INFO - Executing <Task(PythonOperator): transform> on 2024-09-27 00:00:00+00:00
[2025-12-17T01:54:56.329+0000] {standard_task_runner.py:60} INFO - Started process 2842 to run task
[2025-12-17T01:54:56.338+0000] {standard_task_runner.py:87} INFO - Running: ['***', 'tasks', 'run', 'etl_***', 'transform', 'scheduled__2024-09-27T00:00:00+00:00', '--job-id', '830', '--raw', '--subdir', 'DAGS_FOLDER/etl_dag.py', '--cfg-path', '/tmp/tmpchwy6seq']
[2025-12-17T01:54:56.344+0000] {standard_task_runner.py:88} INFO - Job 830: Subtask transform
[2025-12-17T01:54:56.487+0000] {task_command.py:423} INFO - Running <TaskInstance: etl_airflow.transform scheduled__2024-09-27T00:00:00+00:00 [running]> on host 571e042550da
[2025-12-17T01:54:56.938+0000] {taskinstance.py:2480} INFO - Exporting env vars: AIRFLOW_CTX_DAG_OWNER='***' AIRFLOW_CTX_DAG_ID='etl_***' AIRFLOW_CTX_TASK_ID='transform' AIRFLOW_CTX_EXECUTION_DATE='2024-09-27T00:00:00+00:00' AIRFLOW_CTX_TRY_NUMBER='1' AIRFLOW_CTX_DAG_RUN_ID='scheduled__2024-09-27T00:00:00+00:00'
[2025-12-17T01:54:56.942+0000] {logging_mixin.py:188} INFO - [TRANSFORM]
[2025-12-17T01:54:56.980+0000] {logging_mixin.py:188} INFO - [TRANSFORM] done
[2025-12-17T01:54:56.982+0000] {python.py:201} INFO - Done. Returned value was: None
[2025-12-17T01:54:57.001+0000] {taskinstance.py:1138} INFO - Marking task as SUCCESS. dag_id=etl_***, task_id=transform, execution_date=20240927T000000, start_date=20251217T015456, end_date=20251217T015457
[2025-12-17T01:54:57.198+0000] {local_task_job_runner.py:234} INFO - Task exited with return code 0
[2025-12-17T01:54:57.298+0000] {taskinstance.py:3280} INFO - 1 downstream tasks scheduled from follow-on schedule check
[2025-12-17T04:51:43.576+0000] {taskinstance.py:1956} INFO - Dependencies all met for dep_context=non-requeueable deps ti=<TaskInstance: etl_airflow.transform scheduled__2024-09-27T00:00:00+00:00 [queued]>
[2025-12-17T04:51:43.592+0000] {taskinstance.py:1956} INFO - Dependencies all met for dep_context=requeueable deps ti=<TaskInstance: etl_airflow.transform scheduled__2024-09-27T00:00:00+00:00 [queued]>
[2025-12-17T04:51:43.593+0000] {taskinstance.py:2170} INFO - Starting attempt 1 of 3
[2025-12-17T04:51:43.619+0000] {taskinstance.py:2191} INFO - Executing <Task(PythonOperator): transform> on 2024-09-27 00:00:00+00:00
[2025-12-17T04:51:43.626+0000] {standard_task_runner.py:60} INFO - Started process 3697 to run task
[2025-12-17T04:51:43.631+0000] {standard_task_runner.py:87} INFO - Running: ['***', 'tasks', 'run', 'etl_***', 'transform', 'scheduled__2024-09-27T00:00:00+00:00', '--job-id', '1056', '--raw', '--subdir', 'DAGS_FOLDER/etl_***.py', '--cfg-path', '/tmp/tmp1rpt8abf']
[2025-12-17T04:51:43.635+0000] {standard_task_runner.py:88} INFO - Job 1056: Subtask transform
[2025-12-17T04:51:43.749+0000] {task_command.py:423} INFO - Running <TaskInstance: etl_airflow.transform scheduled__2024-09-27T00:00:00+00:00 [running]> on host b3426f05ac70
[2025-12-17T04:51:44.099+0000] {taskinstance.py:2480} INFO - Exporting env vars: AIRFLOW_CTX_DAG_OWNER='***' AIRFLOW_CTX_DAG_ID='etl_***' AIRFLOW_CTX_TASK_ID='transform' AIRFLOW_CTX_EXECUTION_DATE='2024-09-27T00:00:00+00:00' AIRFLOW_CTX_TRY_NUMBER='1' AIRFLOW_CTX_DAG_RUN_ID='scheduled__2024-09-27T00:00:00+00:00'
[2025-12-17T04:51:44.104+0000] {taskinstance.py:2698} ERROR - Task failed with exception
Traceback (most recent call last):
  File "/home/airflow/.local/lib/python3.8/site-packages/airflow/models/taskinstance.py", line 433, in _execute_task
    result = execute_callable(context=context, **execute_callable_kwargs)
  File "/home/airflow/.local/lib/python3.8/site-packages/airflow/operators/python.py", line 199, in execute
    return_value = self.execute_callable()
  File "/home/airflow/.local/lib/python3.8/site-packages/airflow/operators/python.py", line 216, in execute_callable
    return self.python_callable(*self.op_args, **self.op_kwargs)
TypeError: transform_data() missing 1 required positional argument: 'df'
[2025-12-17T04:51:44.130+0000] {taskinstance.py:1138} INFO - Marking task as UP_FOR_RETRY. dag_id=etl_***, task_id=transform, execution_date=20240927T000000, start_date=20251217T045143, end_date=20251217T045144
[2025-12-17T04:51:44.168+0000] {standard_task_runner.py:107} ERROR - Failed to execute job 1056 for task transform (transform_data() missing 1 required positional argument: 'df'; 3697)
[2025-12-17T04:51:44.209+0000] {local_task_job_runner.py:234} INFO - Task exited with return code 1
[2025-12-17T04:51:44.277+0000] {taskinstance.py:3280} INFO - 0 downstream tasks scheduled from follow-on schedule check
[2025-12-17T07:57:16.300+0000] {taskinstance.py:1956} INFO - Dependencies all met for dep_context=non-requeueable deps ti=<TaskInstance: etl_airflow.transform scheduled__2024-09-27T00:00:00+00:00 [queued]>
[2025-12-17T07:57:16.331+0000] {taskinstance.py:1956} INFO - Dependencies all met for dep_context=requeueable deps ti=<TaskInstance: etl_airflow.transform scheduled__2024-09-27T00:00:00+00:00 [queued]>
[2025-12-17T07:57:16.333+0000] {taskinstance.py:2170} INFO - Starting attempt 1 of 3
[2025-12-17T07:57:16.363+0000] {taskinstance.py:2191} INFO - Executing <Task(PythonOperator): transform> on 2024-09-27 00:00:00+00:00
[2025-12-17T07:57:16.394+0000] {standard_task_runner.py:60} INFO - Started process 3943 to run task
[2025-12-17T07:57:16.405+0000] {standard_task_runner.py:87} INFO - Running: ['***', 'tasks', 'run', 'etl_***', 'transform', 'scheduled__2024-09-27T00:00:00+00:00', '--job-id', '1103', '--raw', '--subdir', 'DAGS_FOLDER/etl_***.py', '--cfg-path', '/tmp/tmpq3ocoou2']
[2025-12-17T07:57:16.427+0000] {standard_task_runner.py:88} INFO - Job 1103: Subtask transform
[2025-12-17T07:57:16.752+0000] {task_command.py:423} INFO - Running <TaskInstance: etl_airflow.transform scheduled__2024-09-27T00:00:00+00:00 [running]> on host 2a0de06c8905
[2025-12-17T07:57:17.330+0000] {taskinstance.py:2480} INFO - Exporting env vars: AIRFLOW_CTX_DAG_OWNER='***' AIRFLOW_CTX_DAG_ID='etl_***' AIRFLOW_CTX_TASK_ID='transform' AIRFLOW_CTX_EXECUTION_DATE='2024-09-27T00:00:00+00:00' AIRFLOW_CTX_TRY_NUMBER='1' AIRFLOW_CTX_DAG_RUN_ID='scheduled__2024-09-27T00:00:00+00:00'
[2025-12-17T07:57:17.347+0000] {taskinstance.py:2698} ERROR - Task failed with exception
Traceback (most recent call last):
  File "/home/airflow/.local/lib/python3.8/site-packages/airflow/models/taskinstance.py", line 433, in _execute_task
    result = execute_callable(context=context, **execute_callable_kwargs)
  File "/home/airflow/.local/lib/python3.8/site-packages/airflow/operators/python.py", line 199, in execute
    return_value = self.execute_callable()
  File "/home/airflow/.local/lib/python3.8/site-packages/airflow/operators/python.py", line 216, in execute_callable
    return self.python_callable(*self.op_args, **self.op_kwargs)
TypeError: transform_data() missing 1 required positional argument: 'df'
[2025-12-17T07:57:17.375+0000] {taskinstance.py:1138} INFO - Marking task as UP_FOR_RETRY. dag_id=etl_***, task_id=transform, execution_date=20240927T000000, start_date=20251217T075716, end_date=20251217T075717
[2025-12-17T07:57:17.411+0000] {standard_task_runner.py:107} ERROR - Failed to execute job 1103 for task transform (transform_data() missing 1 required positional argument: 'df'; 3943)
[2025-12-17T07:57:17.470+0000] {local_task_job_runner.py:234} INFO - Task exited with return code 1
[2025-12-17T07:57:17.598+0000] {taskinstance.py:3280} INFO - 0 downstream tasks scheduled from follow-on schedule check
