[2025-12-16T16:59:23.410+0000] {taskinstance.py:1956} INFO - Dependencies all met for dep_context=non-requeueable deps ti=<TaskInstance: etl_airflow.extract scheduled__2024-05-28T00:00:00+00:00 [queued]>
[2025-12-16T16:59:23.433+0000] {taskinstance.py:1956} INFO - Dependencies all met for dep_context=requeueable deps ti=<TaskInstance: etl_airflow.extract scheduled__2024-05-28T00:00:00+00:00 [queued]>
[2025-12-16T16:59:23.435+0000] {taskinstance.py:2170} INFO - Starting attempt 9 of 9
[2025-12-16T16:59:23.465+0000] {taskinstance.py:2191} INFO - Executing <Task(PythonOperator): extract> on 2024-05-28 00:00:00+00:00
[2025-12-16T16:59:23.478+0000] {standard_task_runner.py:60} INFO - Started process 5941 to run task
[2025-12-16T16:59:23.486+0000] {standard_task_runner.py:87} INFO - Running: ['***', 'tasks', 'run', 'etl_***', 'extract', 'scheduled__2024-05-28T00:00:00+00:00', '--job-id', '2610', '--raw', '--subdir', 'DAGS_FOLDER/etl_dag.py', '--cfg-path', '/tmp/tmpy1lso8ym']
[2025-12-16T16:59:23.490+0000] {standard_task_runner.py:88} INFO - Job 2610: Subtask extract
[2025-12-16T16:59:23.631+0000] {task_command.py:423} INFO - Running <TaskInstance: etl_airflow.extract scheduled__2024-05-28T00:00:00+00:00 [running]> on host db658e834d9d
[2025-12-16T16:59:23.751+0000] {taskinstance.py:2480} INFO - Exporting env vars: AIRFLOW_CTX_DAG_OWNER='***' AIRFLOW_CTX_DAG_ID='etl_***' AIRFLOW_CTX_TASK_ID='extract' AIRFLOW_CTX_EXECUTION_DATE='2024-05-28T00:00:00+00:00' AIRFLOW_CTX_TRY_NUMBER='9' AIRFLOW_CTX_DAG_RUN_ID='scheduled__2024-05-28T00:00:00+00:00'
[2025-12-16T16:59:23.757+0000] {logging_mixin.py:188} INFO - [EXTRACT] E:\GPP\Task_4\comparative-data-orchestrationirflow\data\synthetic_events.csv
[2025-12-16T16:59:23.780+0000] {taskinstance.py:2698} ERROR - Task failed with exception
Traceback (most recent call last):
  File "/home/airflow/.local/lib/python3.8/site-packages/airflow/models/taskinstance.py", line 433, in _execute_task
    result = execute_callable(context=context, **execute_callable_kwargs)
  File "/home/airflow/.local/lib/python3.8/site-packages/airflow/operators/python.py", line 199, in execute
    return_value = self.execute_callable()
  File "/home/airflow/.local/lib/python3.8/site-packages/airflow/operators/python.py", line 216, in execute_callable
    return self.python_callable(*self.op_args, **self.op_kwargs)
  File "/opt/airflow/etl_logic/pipeline.py", line 100, in extract_data
    raise FileNotFoundError(f"{input_path} not found")
FileNotFoundError: E:\GPP\Task_4\comparative-data-orchestrationirflow\data\synthetic_events.csv not found
[2025-12-16T16:59:23.806+0000] {taskinstance.py:1138} INFO - Marking task as FAILED. dag_id=etl_***, task_id=extract, execution_date=20240528T000000, start_date=20251216T165923, end_date=20251216T165923
[2025-12-16T16:59:23.820+0000] {standard_task_runner.py:107} ERROR - Failed to execute job 2610 for task extract (E:\GPP\Task_4\comparative-data-orchestrationirflow\data\synthetic_events.csv not found; 5941)
[2025-12-16T16:59:23.860+0000] {local_task_job_runner.py:234} INFO - Task exited with return code 1
[2025-12-16T16:59:23.906+0000] {taskinstance.py:3280} INFO - 0 downstream tasks scheduled from follow-on schedule check
