[2025-12-16T16:56:59.539+0000] {taskinstance.py:1956} INFO - Dependencies all met for dep_context=non-requeueable deps ti=<TaskInstance: etl_airflow.extract scheduled__2024-04-08T00:00:00+00:00 [queued]>
[2025-12-16T16:56:59.560+0000] {taskinstance.py:1956} INFO - Dependencies all met for dep_context=requeueable deps ti=<TaskInstance: etl_airflow.extract scheduled__2024-04-08T00:00:00+00:00 [queued]>
[2025-12-16T16:56:59.562+0000] {taskinstance.py:2170} INFO - Starting attempt 7 of 9
[2025-12-16T16:56:59.590+0000] {taskinstance.py:2191} INFO - Executing <Task(PythonOperator): extract> on 2024-04-08 00:00:00+00:00
[2025-12-16T16:56:59.604+0000] {standard_task_runner.py:60} INFO - Started process 5182 to run task
[2025-12-16T16:56:59.609+0000] {standard_task_runner.py:87} INFO - Running: ['***', 'tasks', 'run', 'etl_***', 'extract', 'scheduled__2024-04-08T00:00:00+00:00', '--job-id', '2375', '--raw', '--subdir', 'DAGS_FOLDER/etl_dag.py', '--cfg-path', '/tmp/tmpgq2d9213']
[2025-12-16T16:56:59.616+0000] {standard_task_runner.py:88} INFO - Job 2375: Subtask extract
[2025-12-16T16:56:59.760+0000] {task_command.py:423} INFO - Running <TaskInstance: etl_airflow.extract scheduled__2024-04-08T00:00:00+00:00 [running]> on host db658e834d9d
[2025-12-16T16:56:59.911+0000] {taskinstance.py:2480} INFO - Exporting env vars: AIRFLOW_CTX_DAG_OWNER='***' AIRFLOW_CTX_DAG_ID='etl_***' AIRFLOW_CTX_TASK_ID='extract' AIRFLOW_CTX_EXECUTION_DATE='2024-04-08T00:00:00+00:00' AIRFLOW_CTX_TRY_NUMBER='7' AIRFLOW_CTX_DAG_RUN_ID='scheduled__2024-04-08T00:00:00+00:00'
[2025-12-16T16:56:59.915+0000] {logging_mixin.py:188} INFO - [EXTRACT] E:\GPP\Task_4\comparative-data-orchestrationirflow\data\synthetic_events.csv
[2025-12-16T16:56:59.919+0000] {taskinstance.py:2698} ERROR - Task failed with exception
Traceback (most recent call last):
  File "/home/airflow/.local/lib/python3.8/site-packages/airflow/models/taskinstance.py", line 433, in _execute_task
    result = execute_callable(context=context, **execute_callable_kwargs)
  File "/home/airflow/.local/lib/python3.8/site-packages/airflow/operators/python.py", line 199, in execute
    return_value = self.execute_callable()
  File "/home/airflow/.local/lib/python3.8/site-packages/airflow/operators/python.py", line 216, in execute_callable
    return self.python_callable(*self.op_args, **self.op_kwargs)
  File "/opt/airflow/etl_logic/pipeline.py", line 100, in extract_data
    raise FileNotFoundError(f"{input_path} not found")
FileNotFoundError: E:\GPP\Task_4\comparative-data-orchestrationirflow\data\synthetic_events.csv not found
[2025-12-16T16:56:59.961+0000] {taskinstance.py:1138} INFO - Marking task as UP_FOR_RETRY. dag_id=etl_***, task_id=extract, execution_date=20240408T000000, start_date=20251216T165659, end_date=20251216T165659
[2025-12-16T16:56:59.992+0000] {standard_task_runner.py:107} ERROR - Failed to execute job 2375 for task extract (E:\GPP\Task_4\comparative-data-orchestrationirflow\data\synthetic_events.csv not found; 5182)
[2025-12-16T16:57:00.041+0000] {local_task_job_runner.py:234} INFO - Task exited with return code 1
[2025-12-16T16:57:00.246+0000] {taskinstance.py:3280} INFO - 0 downstream tasks scheduled from follow-on schedule check
