[2025-12-16T16:34:59.998+0000] {taskinstance.py:1956} INFO - Dependencies all met for dep_context=non-requeueable deps ti=<TaskInstance: etl_airflow.extract scheduled__2024-05-23T00:00:00+00:00 [queued]>
[2025-12-16T16:35:00.019+0000] {taskinstance.py:1956} INFO - Dependencies all met for dep_context=requeueable deps ti=<TaskInstance: etl_airflow.extract scheduled__2024-05-23T00:00:00+00:00 [queued]>
[2025-12-16T16:35:00.021+0000] {taskinstance.py:2170} INFO - Starting attempt 1 of 3
[2025-12-16T16:35:00.063+0000] {taskinstance.py:2191} INFO - Executing <Task(PythonOperator): extract> on 2024-05-23 00:00:00+00:00
[2025-12-16T16:35:00.076+0000] {standard_task_runner.py:60} INFO - Started process 275 to run task
[2025-12-16T16:35:00.084+0000] {standard_task_runner.py:87} INFO - Running: ['***', 'tasks', 'run', 'etl_***', 'extract', 'scheduled__2024-05-23T00:00:00+00:00', '--job-id', '430', '--raw', '--subdir', 'DAGS_FOLDER/etl_dag.py', '--cfg-path', '/tmp/tmpbpn8p_7b']
[2025-12-16T16:35:00.089+0000] {standard_task_runner.py:88} INFO - Job 430: Subtask extract
[2025-12-16T16:35:00.236+0000] {task_command.py:423} INFO - Running <TaskInstance: etl_airflow.extract scheduled__2024-05-23T00:00:00+00:00 [running]> on host 02b83863a69a
[2025-12-16T16:35:00.407+0000] {taskinstance.py:2480} INFO - Exporting env vars: AIRFLOW_CTX_DAG_OWNER='***' AIRFLOW_CTX_DAG_ID='etl_***' AIRFLOW_CTX_TASK_ID='extract' AIRFLOW_CTX_EXECUTION_DATE='2024-05-23T00:00:00+00:00' AIRFLOW_CTX_TRY_NUMBER='1' AIRFLOW_CTX_DAG_RUN_ID='scheduled__2024-05-23T00:00:00+00:00'
[2025-12-16T16:35:00.411+0000] {logging_mixin.py:188} INFO - Extracting data from /opt/***/data/input.csv
[2025-12-16T16:35:00.418+0000] {taskinstance.py:2698} ERROR - Task failed with exception
Traceback (most recent call last):
  File "/home/airflow/.local/lib/python3.8/site-packages/airflow/models/taskinstance.py", line 433, in _execute_task
    result = execute_callable(context=context, **execute_callable_kwargs)
  File "/home/airflow/.local/lib/python3.8/site-packages/airflow/operators/python.py", line 199, in execute
    return_value = self.execute_callable()
  File "/home/airflow/.local/lib/python3.8/site-packages/airflow/operators/python.py", line 216, in execute_callable
    return self.python_callable(*self.op_args, **self.op_kwargs)
  File "/opt/airflow/dags/etl_logic/pipeline.py", line 97, in extract_data
    df = pd.read_csv(input_path)
  File "/home/airflow/.local/lib/python3.8/site-packages/pandas/io/parsers/readers.py", line 912, in read_csv
    return _read(filepath_or_buffer, kwds)
  File "/home/airflow/.local/lib/python3.8/site-packages/pandas/io/parsers/readers.py", line 577, in _read
    parser = TextFileReader(filepath_or_buffer, **kwds)
  File "/home/airflow/.local/lib/python3.8/site-packages/pandas/io/parsers/readers.py", line 1407, in __init__
    self._engine = self._make_engine(f, self.engine)
  File "/home/airflow/.local/lib/python3.8/site-packages/pandas/io/parsers/readers.py", line 1661, in _make_engine
    self.handles = get_handle(
  File "/home/airflow/.local/lib/python3.8/site-packages/pandas/io/common.py", line 859, in get_handle
    handle = open(
FileNotFoundError: [Errno 2] No such file or directory: '/opt/airflow/data/input.csv'
[2025-12-16T16:35:00.443+0000] {taskinstance.py:1138} INFO - Marking task as UP_FOR_RETRY. dag_id=etl_***, task_id=extract, execution_date=20240523T000000, start_date=20251216T163500, end_date=20251216T163500
[2025-12-16T16:35:00.466+0000] {standard_task_runner.py:107} ERROR - Failed to execute job 430 for task extract ([Errno 2] No such file or directory: '/opt/airflow/data/input.csv'; 275)
[2025-12-16T16:35:00.505+0000] {local_task_job_runner.py:234} INFO - Task exited with return code 1
[2025-12-16T16:35:00.593+0000] {taskinstance.py:3280} INFO - 0 downstream tasks scheduled from follow-on schedule check
[2025-12-17T01:52:34.960+0000] {taskinstance.py:1956} INFO - Dependencies all met for dep_context=non-requeueable deps ti=<TaskInstance: etl_airflow.extract scheduled__2024-05-23T00:00:00+00:00 [queued]>
[2025-12-17T01:52:34.979+0000] {taskinstance.py:1956} INFO - Dependencies all met for dep_context=requeueable deps ti=<TaskInstance: etl_airflow.extract scheduled__2024-05-23T00:00:00+00:00 [queued]>
[2025-12-17T01:52:34.986+0000] {taskinstance.py:2170} INFO - Starting attempt 1 of 3
[2025-12-17T01:52:35.046+0000] {taskinstance.py:2191} INFO - Executing <Task(PythonOperator): extract> on 2024-05-23 00:00:00+00:00
[2025-12-17T01:52:35.057+0000] {standard_task_runner.py:60} INFO - Started process 1568 to run task
[2025-12-17T01:52:35.069+0000] {standard_task_runner.py:87} INFO - Running: ['***', 'tasks', 'run', 'etl_***', 'extract', 'scheduled__2024-05-23T00:00:00+00:00', '--job-id', '425', '--raw', '--subdir', 'DAGS_FOLDER/etl_dag.py', '--cfg-path', '/tmp/tmpn7413xha']
[2025-12-17T01:52:35.080+0000] {standard_task_runner.py:88} INFO - Job 425: Subtask extract
[2025-12-17T01:52:35.323+0000] {task_command.py:423} INFO - Running <TaskInstance: etl_airflow.extract scheduled__2024-05-23T00:00:00+00:00 [running]> on host 571e042550da
[2025-12-17T01:52:35.907+0000] {taskinstance.py:2480} INFO - Exporting env vars: AIRFLOW_CTX_DAG_OWNER='***' AIRFLOW_CTX_DAG_ID='etl_***' AIRFLOW_CTX_TASK_ID='extract' AIRFLOW_CTX_EXECUTION_DATE='2024-05-23T00:00:00+00:00' AIRFLOW_CTX_TRY_NUMBER='1' AIRFLOW_CTX_DAG_RUN_ID='scheduled__2024-05-23T00:00:00+00:00'
[2025-12-17T01:52:35.909+0000] {logging_mixin.py:188} INFO - [EXTRACT] Reading /opt/***/data/synthetic_events.csv
[2025-12-17T01:52:35.983+0000] {logging_mixin.py:188} INFO - [EXTRACT] done
[2025-12-17T01:52:35.988+0000] {python.py:201} INFO - Done. Returned value was: None
[2025-12-17T01:52:36.011+0000] {taskinstance.py:1138} INFO - Marking task as SUCCESS. dag_id=etl_***, task_id=extract, execution_date=20240523T000000, start_date=20251217T015234, end_date=20251217T015236
[2025-12-17T01:52:36.078+0000] {local_task_job_runner.py:234} INFO - Task exited with return code 0
[2025-12-17T01:52:36.339+0000] {taskinstance.py:3280} INFO - 0 downstream tasks scheduled from follow-on schedule check
[2025-12-17T04:20:11.909+0000] {taskinstance.py:1956} INFO - Dependencies all met for dep_context=non-requeueable deps ti=<TaskInstance: etl_airflow.extract scheduled__2024-05-23T00:00:00+00:00 [queued]>
[2025-12-17T04:20:11.928+0000] {taskinstance.py:1956} INFO - Dependencies all met for dep_context=requeueable deps ti=<TaskInstance: etl_airflow.extract scheduled__2024-05-23T00:00:00+00:00 [queued]>
[2025-12-17T04:20:11.929+0000] {taskinstance.py:2170} INFO - Starting attempt 1 of 3
[2025-12-17T04:20:11.949+0000] {taskinstance.py:2191} INFO - Executing <Task(PythonOperator): extract> on 2024-05-23 00:00:00+00:00
[2025-12-17T04:20:11.958+0000] {standard_task_runner.py:60} INFO - Started process 902 to run task
[2025-12-17T04:20:11.965+0000] {standard_task_runner.py:87} INFO - Running: ['***', 'tasks', 'run', 'etl_***', 'extract', 'scheduled__2024-05-23T00:00:00+00:00', '--job-id', '207', '--raw', '--subdir', 'DAGS_FOLDER/etl_dag.py', '--cfg-path', '/tmp/tmp_mi_q7ag']
[2025-12-17T04:20:11.970+0000] {standard_task_runner.py:88} INFO - Job 207: Subtask extract
[2025-12-17T04:20:12.068+0000] {task_command.py:423} INFO - Running <TaskInstance: etl_airflow.extract scheduled__2024-05-23T00:00:00+00:00 [running]> on host c5811fe183ca
[2025-12-17T04:20:12.400+0000] {taskinstance.py:2480} INFO - Exporting env vars: AIRFLOW_CTX_DAG_OWNER='***' AIRFLOW_CTX_DAG_ID='etl_***' AIRFLOW_CTX_TASK_ID='extract' AIRFLOW_CTX_EXECUTION_DATE='2024-05-23T00:00:00+00:00' AIRFLOW_CTX_TRY_NUMBER='1' AIRFLOW_CTX_DAG_RUN_ID='scheduled__2024-05-23T00:00:00+00:00'
[2025-12-17T04:20:12.418+0000] {python.py:201} INFO - Done. Returned value was:    user_id event_type           timestamp country
0        1      login 2025-01-01 09:00:00      IN
1        1      click 2025-01-01 09:05:00      IN
2        1     logout 2025-01-01 09:15:00      IN
3        2      login 2025-01-01 10:00:00      US
4        2      click 2025-01-01 10:10:00      US
5        2     logout 2025-01-01 10:20:00      US
6        3      login 2025-01-02 08:00:00      FR
7        3      click 2025-01-02 08:05:00      FR
8        3     logout 2025-01-02 08:30:00      FR
[2025-12-17T04:20:12.465+0000] {taskinstance.py:1138} INFO - Marking task as SUCCESS. dag_id=etl_***, task_id=extract, execution_date=20240523T000000, start_date=20251217T042011, end_date=20251217T042012
[2025-12-17T04:20:12.497+0000] {local_task_job_runner.py:234} INFO - Task exited with return code 0
[2025-12-17T04:20:12.521+0000] {taskinstance.py:3280} INFO - 0 downstream tasks scheduled from follow-on schedule check
[2025-12-17T04:47:06.279+0000] {taskinstance.py:1956} INFO - Dependencies all met for dep_context=non-requeueable deps ti=<TaskInstance: etl_airflow.extract scheduled__2024-05-23T00:00:00+00:00 [queued]>
[2025-12-17T04:47:06.305+0000] {taskinstance.py:1956} INFO - Dependencies all met for dep_context=requeueable deps ti=<TaskInstance: etl_airflow.extract scheduled__2024-05-23T00:00:00+00:00 [queued]>
[2025-12-17T04:47:06.306+0000] {taskinstance.py:2170} INFO - Starting attempt 1 of 3
[2025-12-17T04:47:06.341+0000] {taskinstance.py:2191} INFO - Executing <Task(PythonOperator): extract> on 2024-05-23 00:00:00+00:00
[2025-12-17T04:47:06.352+0000] {standard_task_runner.py:60} INFO - Started process 1994 to run task
[2025-12-17T04:47:06.380+0000] {standard_task_runner.py:87} INFO - Running: ['***', 'tasks', 'run', 'etl_***', 'extract', 'scheduled__2024-05-23T00:00:00+00:00', '--job-id', '537', '--raw', '--subdir', 'DAGS_FOLDER/etl_***.py', '--cfg-path', '/tmp/tmp5elq2_8a']
[2025-12-17T04:47:06.395+0000] {standard_task_runner.py:88} INFO - Job 537: Subtask extract
[2025-12-17T04:47:06.555+0000] {task_command.py:423} INFO - Running <TaskInstance: etl_airflow.extract scheduled__2024-05-23T00:00:00+00:00 [running]> on host b3426f05ac70
[2025-12-17T04:47:06.956+0000] {taskinstance.py:2480} INFO - Exporting env vars: AIRFLOW_CTX_DAG_OWNER='***' AIRFLOW_CTX_DAG_ID='etl_***' AIRFLOW_CTX_TASK_ID='extract' AIRFLOW_CTX_EXECUTION_DATE='2024-05-23T00:00:00+00:00' AIRFLOW_CTX_TRY_NUMBER='1' AIRFLOW_CTX_DAG_RUN_ID='scheduled__2024-05-23T00:00:00+00:00'
[2025-12-17T04:47:06.979+0000] {python.py:201} INFO - Done. Returned value was:    user_id event_type           timestamp country
0        1      login 2025-01-01 09:00:00      IN
1        1      click 2025-01-01 09:05:00      IN
2        1     logout 2025-01-01 09:15:00      IN
3        2      login 2025-01-01 10:00:00      US
4        2      click 2025-01-01 10:10:00      US
5        2     logout 2025-01-01 10:20:00      US
6        3      login 2025-01-02 08:00:00      FR
7        3      click 2025-01-02 08:05:00      FR
8        3     logout 2025-01-02 08:30:00      FR
[2025-12-17T04:47:07.032+0000] {taskinstance.py:1138} INFO - Marking task as SUCCESS. dag_id=etl_***, task_id=extract, execution_date=20240523T000000, start_date=20251217T044706, end_date=20251217T044707
[2025-12-17T04:47:07.088+0000] {local_task_job_runner.py:234} INFO - Task exited with return code 0
[2025-12-17T04:47:07.300+0000] {taskinstance.py:3280} INFO - 0 downstream tasks scheduled from follow-on schedule check
[2025-12-17T07:41:04.761+0000] {taskinstance.py:1956} INFO - Dependencies all met for dep_context=non-requeueable deps ti=<TaskInstance: etl_airflow.extract scheduled__2024-05-23T00:00:00+00:00 [queued]>
[2025-12-17T07:41:04.778+0000] {taskinstance.py:1956} INFO - Dependencies all met for dep_context=requeueable deps ti=<TaskInstance: etl_airflow.extract scheduled__2024-05-23T00:00:00+00:00 [queued]>
[2025-12-17T07:41:04.780+0000] {taskinstance.py:2170} INFO - Starting attempt 1 of 3
[2025-12-17T07:41:04.809+0000] {taskinstance.py:2191} INFO - Executing <Task(PythonOperator): extract> on 2024-05-23 00:00:00+00:00
[2025-12-17T07:41:04.819+0000] {standard_task_runner.py:60} INFO - Started process 2199 to run task
[2025-12-17T07:41:04.825+0000] {standard_task_runner.py:87} INFO - Running: ['***', 'tasks', 'run', 'etl_***', 'extract', 'scheduled__2024-05-23T00:00:00+00:00', '--job-id', '578', '--raw', '--subdir', 'DAGS_FOLDER/etl_***.py', '--cfg-path', '/tmp/tmp96qc77do']
[2025-12-17T07:41:04.829+0000] {standard_task_runner.py:88} INFO - Job 578: Subtask extract
[2025-12-17T07:41:04.957+0000] {task_command.py:423} INFO - Running <TaskInstance: etl_airflow.extract scheduled__2024-05-23T00:00:00+00:00 [running]> on host 2a0de06c8905
[2025-12-17T07:41:05.392+0000] {taskinstance.py:2480} INFO - Exporting env vars: AIRFLOW_CTX_DAG_OWNER='***' AIRFLOW_CTX_DAG_ID='etl_***' AIRFLOW_CTX_TASK_ID='extract' AIRFLOW_CTX_EXECUTION_DATE='2024-05-23T00:00:00+00:00' AIRFLOW_CTX_TRY_NUMBER='1' AIRFLOW_CTX_DAG_RUN_ID='scheduled__2024-05-23T00:00:00+00:00'
[2025-12-17T07:41:05.452+0000] {python.py:201} INFO - Done. Returned value was:    user_id event_type           timestamp country
0        1      login 2025-01-01 09:00:00      IN
1        1      click 2025-01-01 09:05:00      IN
2        1     logout 2025-01-01 09:15:00      IN
3        2      login 2025-01-01 10:00:00      US
4        2      click 2025-01-01 10:10:00      US
5        2     logout 2025-01-01 10:20:00      US
6        3      login 2025-01-02 08:00:00      FR
7        3      click 2025-01-02 08:05:00      FR
8        3     logout 2025-01-02 08:30:00      FR
[2025-12-17T07:41:05.572+0000] {taskinstance.py:1138} INFO - Marking task as SUCCESS. dag_id=etl_***, task_id=extract, execution_date=20240523T000000, start_date=20251217T074104, end_date=20251217T074105
[2025-12-17T07:41:05.724+0000] {local_task_job_runner.py:234} INFO - Task exited with return code 0
[2025-12-17T07:41:05.792+0000] {taskinstance.py:3280} INFO - 1 downstream tasks scheduled from follow-on schedule check
