[2025-12-16T16:48:10.046+0000] {taskinstance.py:1956} INFO - Dependencies all met for dep_context=non-requeueable deps ti=<TaskInstance: etl_airflow.extract scheduled__2025-05-12T00:00:00+00:00 [queued]>
[2025-12-16T16:48:10.064+0000] {taskinstance.py:1956} INFO - Dependencies all met for dep_context=requeueable deps ti=<TaskInstance: etl_airflow.extract scheduled__2025-05-12T00:00:00+00:00 [queued]>
[2025-12-16T16:48:10.065+0000] {taskinstance.py:2170} INFO - Starting attempt 1 of 3
[2025-12-16T16:48:10.176+0000] {taskinstance.py:2191} INFO - Executing <Task(PythonOperator): extract> on 2025-05-12 00:00:00+00:00
[2025-12-16T16:48:10.188+0000] {standard_task_runner.py:60} INFO - Started process 2244 to run task
[2025-12-16T16:48:10.197+0000] {standard_task_runner.py:87} INFO - Running: ['***', 'tasks', 'run', 'etl_***', 'extract', 'scheduled__2025-05-12T00:00:00+00:00', '--job-id', '1495', '--raw', '--subdir', 'DAGS_FOLDER/etl_dag.py', '--cfg-path', '/tmp/tmpu109m2am']
[2025-12-16T16:48:10.205+0000] {standard_task_runner.py:88} INFO - Job 1495: Subtask extract
[2025-12-16T16:48:10.364+0000] {task_command.py:423} INFO - Running <TaskInstance: etl_airflow.extract scheduled__2025-05-12T00:00:00+00:00 [running]> on host db658e834d9d
[2025-12-16T16:48:10.510+0000] {taskinstance.py:2480} INFO - Exporting env vars: AIRFLOW_CTX_DAG_OWNER='***' AIRFLOW_CTX_DAG_ID='etl_***' AIRFLOW_CTX_TASK_ID='extract' AIRFLOW_CTX_EXECUTION_DATE='2025-05-12T00:00:00+00:00' AIRFLOW_CTX_TRY_NUMBER='1' AIRFLOW_CTX_DAG_RUN_ID='scheduled__2025-05-12T00:00:00+00:00'
[2025-12-16T16:48:10.513+0000] {logging_mixin.py:188} INFO - Extracting data from /opt/***/data/input.csv
[2025-12-16T16:48:10.526+0000] {taskinstance.py:2698} ERROR - Task failed with exception
Traceback (most recent call last):
  File "/home/airflow/.local/lib/python3.8/site-packages/airflow/models/taskinstance.py", line 433, in _execute_task
    result = execute_callable(context=context, **execute_callable_kwargs)
  File "/home/airflow/.local/lib/python3.8/site-packages/airflow/operators/python.py", line 199, in execute
    return_value = self.execute_callable()
  File "/home/airflow/.local/lib/python3.8/site-packages/airflow/operators/python.py", line 216, in execute_callable
    return self.python_callable(*self.op_args, **self.op_kwargs)
  File "/opt/airflow/etl_logic/pipeline.py", line 97, in extract_data
    df = pd.read_csv(input_path)
  File "/home/airflow/.local/lib/python3.8/site-packages/pandas/io/parsers/readers.py", line 912, in read_csv
    return _read(filepath_or_buffer, kwds)
  File "/home/airflow/.local/lib/python3.8/site-packages/pandas/io/parsers/readers.py", line 577, in _read
    parser = TextFileReader(filepath_or_buffer, **kwds)
  File "/home/airflow/.local/lib/python3.8/site-packages/pandas/io/parsers/readers.py", line 1407, in __init__
    self._engine = self._make_engine(f, self.engine)
  File "/home/airflow/.local/lib/python3.8/site-packages/pandas/io/parsers/readers.py", line 1661, in _make_engine
    self.handles = get_handle(
  File "/home/airflow/.local/lib/python3.8/site-packages/pandas/io/common.py", line 859, in get_handle
    handle = open(
FileNotFoundError: [Errno 2] No such file or directory: '/opt/airflow/data/input.csv'
[2025-12-16T16:48:10.554+0000] {taskinstance.py:1138} INFO - Marking task as UP_FOR_RETRY. dag_id=etl_***, task_id=extract, execution_date=20250512T000000, start_date=20251216T164810, end_date=20251216T164810
[2025-12-16T16:48:10.577+0000] {standard_task_runner.py:107} ERROR - Failed to execute job 1495 for task extract ([Errno 2] No such file or directory: '/opt/airflow/data/input.csv'; 2244)
[2025-12-16T16:48:10.618+0000] {local_task_job_runner.py:234} INFO - Task exited with return code 1
[2025-12-16T16:48:10.663+0000] {taskinstance.py:3280} INFO - 0 downstream tasks scheduled from follow-on schedule check
[2025-12-17T01:58:38.485+0000] {taskinstance.py:1956} INFO - Dependencies all met for dep_context=non-requeueable deps ti=<TaskInstance: etl_airflow.extract scheduled__2025-05-12T00:00:00+00:00 [queued]>
[2025-12-17T01:58:38.512+0000] {taskinstance.py:1956} INFO - Dependencies all met for dep_context=requeueable deps ti=<TaskInstance: etl_airflow.extract scheduled__2025-05-12T00:00:00+00:00 [queued]>
[2025-12-17T01:58:38.514+0000] {taskinstance.py:2170} INFO - Starting attempt 1 of 3
[2025-12-17T01:58:38.554+0000] {taskinstance.py:2191} INFO - Executing <Task(PythonOperator): extract> on 2025-05-12 00:00:00+00:00
[2025-12-17T01:58:38.567+0000] {standard_task_runner.py:60} INFO - Started process 5010 to run task
[2025-12-17T01:58:38.575+0000] {standard_task_runner.py:87} INFO - Running: ['***', 'tasks', 'run', 'etl_***', 'extract', 'scheduled__2025-05-12T00:00:00+00:00', '--job-id', '1511', '--raw', '--subdir', 'DAGS_FOLDER/etl_dag.py', '--cfg-path', '/tmp/tmp29jcoasm']
[2025-12-17T01:58:38.584+0000] {standard_task_runner.py:88} INFO - Job 1511: Subtask extract
[2025-12-17T01:58:38.771+0000] {task_command.py:423} INFO - Running <TaskInstance: etl_airflow.extract scheduled__2025-05-12T00:00:00+00:00 [running]> on host 571e042550da
[2025-12-17T01:58:39.250+0000] {taskinstance.py:2480} INFO - Exporting env vars: AIRFLOW_CTX_DAG_OWNER='***' AIRFLOW_CTX_DAG_ID='etl_***' AIRFLOW_CTX_TASK_ID='extract' AIRFLOW_CTX_EXECUTION_DATE='2025-05-12T00:00:00+00:00' AIRFLOW_CTX_TRY_NUMBER='1' AIRFLOW_CTX_DAG_RUN_ID='scheduled__2025-05-12T00:00:00+00:00'
[2025-12-17T01:58:39.252+0000] {logging_mixin.py:188} INFO - [EXTRACT] Reading /opt/***/data/synthetic_events.csv
[2025-12-17T01:58:39.292+0000] {logging_mixin.py:188} INFO - [EXTRACT] done
[2025-12-17T01:58:39.294+0000] {python.py:201} INFO - Done. Returned value was: None
[2025-12-17T01:58:39.315+0000] {taskinstance.py:1138} INFO - Marking task as SUCCESS. dag_id=etl_***, task_id=extract, execution_date=20250512T000000, start_date=20251217T015838, end_date=20251217T015839
[2025-12-17T01:58:39.395+0000] {local_task_job_runner.py:234} INFO - Task exited with return code 0
[2025-12-17T01:58:39.440+0000] {taskinstance.py:3280} INFO - 1 downstream tasks scheduled from follow-on schedule check
[2025-12-17T05:00:19.940+0000] {taskinstance.py:1956} INFO - Dependencies all met for dep_context=non-requeueable deps ti=<TaskInstance: etl_airflow.extract scheduled__2025-05-12T00:00:00+00:00 [queued]>
[2025-12-17T05:00:19.955+0000] {taskinstance.py:1956} INFO - Dependencies all met for dep_context=requeueable deps ti=<TaskInstance: etl_airflow.extract scheduled__2025-05-12T00:00:00+00:00 [queued]>
[2025-12-17T05:00:19.957+0000] {taskinstance.py:2170} INFO - Starting attempt 1 of 3
[2025-12-17T05:00:19.979+0000] {taskinstance.py:2191} INFO - Executing <Task(PythonOperator): extract> on 2025-05-12 00:00:00+00:00
[2025-12-17T05:00:19.985+0000] {standard_task_runner.py:60} INFO - Started process 6784 to run task
[2025-12-17T05:00:19.990+0000] {standard_task_runner.py:87} INFO - Running: ['***', 'tasks', 'run', 'etl_***', 'extract', 'scheduled__2025-05-12T00:00:00+00:00', '--job-id', '1988', '--raw', '--subdir', 'DAGS_FOLDER/etl_***.py', '--cfg-path', '/tmp/tmptyuvlib4']
[2025-12-17T05:00:19.993+0000] {standard_task_runner.py:88} INFO - Job 1988: Subtask extract
[2025-12-17T05:00:20.096+0000] {task_command.py:423} INFO - Running <TaskInstance: etl_airflow.extract scheduled__2025-05-12T00:00:00+00:00 [running]> on host b3426f05ac70
[2025-12-17T05:00:20.419+0000] {taskinstance.py:2480} INFO - Exporting env vars: AIRFLOW_CTX_DAG_OWNER='***' AIRFLOW_CTX_DAG_ID='etl_***' AIRFLOW_CTX_TASK_ID='extract' AIRFLOW_CTX_EXECUTION_DATE='2025-05-12T00:00:00+00:00' AIRFLOW_CTX_TRY_NUMBER='1' AIRFLOW_CTX_DAG_RUN_ID='scheduled__2025-05-12T00:00:00+00:00'
[2025-12-17T05:00:20.442+0000] {python.py:201} INFO - Done. Returned value was:    user_id event_type           timestamp country
0        1      login 2025-01-01 09:00:00      IN
1        1      click 2025-01-01 09:05:00      IN
2        1     logout 2025-01-01 09:15:00      IN
3        2      login 2025-01-01 10:00:00      US
4        2      click 2025-01-01 10:10:00      US
5        2     logout 2025-01-01 10:20:00      US
6        3      login 2025-01-02 08:00:00      FR
7        3      click 2025-01-02 08:05:00      FR
8        3     logout 2025-01-02 08:30:00      FR
[2025-12-17T05:00:20.505+0000] {taskinstance.py:1138} INFO - Marking task as SUCCESS. dag_id=etl_***, task_id=extract, execution_date=20250512T000000, start_date=20251217T050019, end_date=20251217T050020
[2025-12-17T05:00:20.566+0000] {local_task_job_runner.py:234} INFO - Task exited with return code 0
[2025-12-17T05:00:20.613+0000] {taskinstance.py:3280} INFO - 1 downstream tasks scheduled from follow-on schedule check
