[2025-12-16T17:07:22.165+0000] {taskinstance.py:1956} INFO - Dependencies all met for dep_context=non-requeueable deps ti=<TaskInstance: etl_airflow.transform scheduled__2025-02-11T00:00:00+00:00 [queued]>
[2025-12-16T17:07:22.190+0000] {taskinstance.py:1956} INFO - Dependencies all met for dep_context=requeueable deps ti=<TaskInstance: etl_airflow.transform scheduled__2025-02-11T00:00:00+00:00 [queued]>
[2025-12-16T17:07:22.191+0000] {taskinstance.py:2170} INFO - Starting attempt 3 of 3
[2025-12-16T17:07:22.231+0000] {taskinstance.py:2191} INFO - Executing <Task(PythonOperator): transform> on 2025-02-11 00:00:00+00:00
[2025-12-16T17:07:22.242+0000] {standard_task_runner.py:60} INFO - Started process 1508 to run task
[2025-12-16T17:07:22.247+0000] {standard_task_runner.py:87} INFO - Running: ['***', 'tasks', 'run', 'etl_***', 'transform', 'scheduled__2025-02-11T00:00:00+00:00', '--job-id', '3377', '--raw', '--subdir', 'DAGS_FOLDER/etl_dag.py', '--cfg-path', '/tmp/tmp1xz5gjuu']
[2025-12-16T17:07:22.251+0000] {standard_task_runner.py:88} INFO - Job 3377: Subtask transform
[2025-12-16T17:07:22.397+0000] {task_command.py:423} INFO - Running <TaskInstance: etl_airflow.transform scheduled__2025-02-11T00:00:00+00:00 [running]> on host db658e834d9d
[2025-12-16T17:07:22.530+0000] {taskinstance.py:2480} INFO - Exporting env vars: AIRFLOW_CTX_DAG_OWNER='***' AIRFLOW_CTX_DAG_ID='etl_***' AIRFLOW_CTX_TASK_ID='transform' AIRFLOW_CTX_EXECUTION_DATE='2025-02-11T00:00:00+00:00' AIRFLOW_CTX_TRY_NUMBER='3' AIRFLOW_CTX_DAG_RUN_ID='scheduled__2025-02-11T00:00:00+00:00'
[2025-12-16T17:07:22.532+0000] {logging_mixin.py:188} INFO - [TRANSFORM]
[2025-12-16T17:07:22.550+0000] {taskinstance.py:2698} ERROR - Task failed with exception
Traceback (most recent call last):
  File "/home/airflow/.local/lib/python3.8/site-packages/airflow/models/taskinstance.py", line 433, in _execute_task
    result = execute_callable(context=context, **execute_callable_kwargs)
  File "/home/airflow/.local/lib/python3.8/site-packages/airflow/operators/python.py", line 199, in execute
    return_value = self.execute_callable()
  File "/home/airflow/.local/lib/python3.8/site-packages/airflow/operators/python.py", line 216, in execute_callable
    return self.python_callable(*self.op_args, **self.op_kwargs)
  File "/opt/airflow/etl_logic/pipeline.py", line 113, in transform_data
    df.to_csv(OUTPUT_PATH, index=False)
  File "/home/airflow/.local/lib/python3.8/site-packages/pandas/core/generic.py", line 3772, in to_csv
    return DataFrameRenderer(formatter).to_csv(
  File "/home/airflow/.local/lib/python3.8/site-packages/pandas/io/formats/format.py", line 1186, in to_csv
    csv_formatter.save()
  File "/home/airflow/.local/lib/python3.8/site-packages/pandas/io/formats/csvs.py", line 240, in save
    with get_handle(
  File "/home/airflow/.local/lib/python3.8/site-packages/pandas/io/common.py", line 737, in get_handle
    check_parent_directory(str(handle))
  File "/home/airflow/.local/lib/python3.8/site-packages/pandas/io/common.py", line 600, in check_parent_directory
    raise OSError(rf"Cannot save file into a non-existent directory: '{parent}'")
OSError: Cannot save file into a non-existent directory: 'E:\GPP\Task_4\comparative-data-orchestrationirflow\data'
[2025-12-16T17:07:22.578+0000] {taskinstance.py:1138} INFO - Marking task as FAILED. dag_id=etl_***, task_id=transform, execution_date=20250211T000000, start_date=20251216T170722, end_date=20251216T170722
[2025-12-16T17:07:22.605+0000] {standard_task_runner.py:107} ERROR - Failed to execute job 3377 for task transform (Cannot save file into a non-existent directory: 'E:\GPP\Task_4\comparative-data-orchestrationirflow\data'; 1508)
[2025-12-16T17:07:22.625+0000] {local_task_job_runner.py:234} INFO - Task exited with return code 1
[2025-12-16T17:07:22.662+0000] {taskinstance.py:3280} INFO - 0 downstream tasks scheduled from follow-on schedule check
[2025-12-17T04:57:24.221+0000] {taskinstance.py:1956} INFO - Dependencies all met for dep_context=non-requeueable deps ti=<TaskInstance: etl_airflow.transform scheduled__2025-02-11T00:00:00+00:00 [queued]>
[2025-12-17T04:57:24.237+0000] {taskinstance.py:1956} INFO - Dependencies all met for dep_context=requeueable deps ti=<TaskInstance: etl_airflow.transform scheduled__2025-02-11T00:00:00+00:00 [queued]>
[2025-12-17T04:57:24.238+0000] {taskinstance.py:2170} INFO - Starting attempt 3 of 3
[2025-12-17T04:57:24.265+0000] {taskinstance.py:2191} INFO - Executing <Task(PythonOperator): transform> on 2025-02-11 00:00:00+00:00
[2025-12-17T04:57:24.274+0000] {standard_task_runner.py:60} INFO - Started process 5704 to run task
[2025-12-17T04:57:24.283+0000] {standard_task_runner.py:87} INFO - Running: ['***', 'tasks', 'run', 'etl_***', 'transform', 'scheduled__2025-02-11T00:00:00+00:00', '--job-id', '1660', '--raw', '--subdir', 'DAGS_FOLDER/etl_***.py', '--cfg-path', '/tmp/tmp3v0_g34b']
[2025-12-17T04:57:24.287+0000] {standard_task_runner.py:88} INFO - Job 1660: Subtask transform
[2025-12-17T04:57:24.402+0000] {task_command.py:423} INFO - Running <TaskInstance: etl_airflow.transform scheduled__2025-02-11T00:00:00+00:00 [running]> on host b3426f05ac70
[2025-12-17T04:57:24.791+0000] {taskinstance.py:2480} INFO - Exporting env vars: AIRFLOW_CTX_DAG_OWNER='***' AIRFLOW_CTX_DAG_ID='etl_***' AIRFLOW_CTX_TASK_ID='transform' AIRFLOW_CTX_EXECUTION_DATE='2025-02-11T00:00:00+00:00' AIRFLOW_CTX_TRY_NUMBER='3' AIRFLOW_CTX_DAG_RUN_ID='scheduled__2025-02-11T00:00:00+00:00'
[2025-12-17T04:57:24.795+0000] {taskinstance.py:2698} ERROR - Task failed with exception
Traceback (most recent call last):
  File "/home/airflow/.local/lib/python3.8/site-packages/airflow/models/taskinstance.py", line 433, in _execute_task
    result = execute_callable(context=context, **execute_callable_kwargs)
  File "/home/airflow/.local/lib/python3.8/site-packages/airflow/operators/python.py", line 199, in execute
    return_value = self.execute_callable()
  File "/home/airflow/.local/lib/python3.8/site-packages/airflow/operators/python.py", line 216, in execute_callable
    return self.python_callable(*self.op_args, **self.op_kwargs)
TypeError: transform_data() missing 1 required positional argument: 'df'
[2025-12-17T04:57:24.808+0000] {taskinstance.py:1138} INFO - Marking task as FAILED. dag_id=etl_***, task_id=transform, execution_date=20250211T000000, start_date=20251217T045724, end_date=20251217T045724
[2025-12-17T04:57:24.827+0000] {standard_task_runner.py:107} ERROR - Failed to execute job 1660 for task transform (transform_data() missing 1 required positional argument: 'df'; 5704)
[2025-12-17T04:57:24.856+0000] {local_task_job_runner.py:234} INFO - Task exited with return code 1
[2025-12-17T04:57:24.889+0000] {taskinstance.py:3280} INFO - 0 downstream tasks scheduled from follow-on schedule check
