[2025-12-17T01:59:31.472+0000] {taskinstance.py:1956} INFO - Dependencies all met for dep_context=non-requeueable deps ti=<TaskInstance: etl_airflow.transform scheduled__2025-07-07T00:00:00+00:00 [queued]>
[2025-12-17T01:59:31.496+0000] {taskinstance.py:1956} INFO - Dependencies all met for dep_context=requeueable deps ti=<TaskInstance: etl_airflow.transform scheduled__2025-07-07T00:00:00+00:00 [queued]>
[2025-12-17T01:59:31.497+0000] {taskinstance.py:2170} INFO - Starting attempt 1 of 3
[2025-12-17T01:59:31.733+0000] {taskinstance.py:2191} INFO - Executing <Task(PythonOperator): transform> on 2025-07-07 00:00:00+00:00
[2025-12-17T01:59:31.753+0000] {standard_task_runner.py:60} INFO - Started process 5572 to run task
[2025-12-17T01:59:31.769+0000] {standard_task_runner.py:87} INFO - Running: ['***', 'tasks', 'run', 'etl_***', 'transform', 'scheduled__2025-07-07T00:00:00+00:00', '--job-id', '1690', '--raw', '--subdir', 'DAGS_FOLDER/etl_dag.py', '--cfg-path', '/tmp/tmpxwv0ipkw']
[2025-12-17T01:59:31.776+0000] {standard_task_runner.py:88} INFO - Job 1690: Subtask transform
[2025-12-17T01:59:31.940+0000] {task_command.py:423} INFO - Running <TaskInstance: etl_airflow.transform scheduled__2025-07-07T00:00:00+00:00 [running]> on host 571e042550da
[2025-12-17T01:59:32.480+0000] {taskinstance.py:2480} INFO - Exporting env vars: AIRFLOW_CTX_DAG_OWNER='***' AIRFLOW_CTX_DAG_ID='etl_***' AIRFLOW_CTX_TASK_ID='transform' AIRFLOW_CTX_EXECUTION_DATE='2025-07-07T00:00:00+00:00' AIRFLOW_CTX_TRY_NUMBER='1' AIRFLOW_CTX_DAG_RUN_ID='scheduled__2025-07-07T00:00:00+00:00'
[2025-12-17T01:59:32.483+0000] {logging_mixin.py:188} INFO - [TRANSFORM]
[2025-12-17T01:59:32.523+0000] {logging_mixin.py:188} INFO - [TRANSFORM] done
[2025-12-17T01:59:32.525+0000] {python.py:201} INFO - Done. Returned value was: None
[2025-12-17T01:59:32.550+0000] {taskinstance.py:1138} INFO - Marking task as SUCCESS. dag_id=etl_***, task_id=transform, execution_date=20250707T000000, start_date=20251217T015931, end_date=20251217T015932
[2025-12-17T01:59:32.683+0000] {local_task_job_runner.py:234} INFO - Task exited with return code 0
[2025-12-17T01:59:32.931+0000] {taskinstance.py:3280} INFO - 0 downstream tasks scheduled from follow-on schedule check
[2025-12-17T05:02:06.161+0000] {taskinstance.py:1956} INFO - Dependencies all met for dep_context=non-requeueable deps ti=<TaskInstance: etl_airflow.transform scheduled__2025-07-07T00:00:00+00:00 [queued]>
[2025-12-17T05:02:06.179+0000] {taskinstance.py:1956} INFO - Dependencies all met for dep_context=requeueable deps ti=<TaskInstance: etl_airflow.transform scheduled__2025-07-07T00:00:00+00:00 [queued]>
[2025-12-17T05:02:06.180+0000] {taskinstance.py:2170} INFO - Starting attempt 1 of 3
[2025-12-17T05:02:06.205+0000] {taskinstance.py:2191} INFO - Executing <Task(PythonOperator): transform> on 2025-07-07 00:00:00+00:00
[2025-12-17T05:02:06.216+0000] {standard_task_runner.py:60} INFO - Started process 7479 to run task
[2025-12-17T05:02:06.227+0000] {standard_task_runner.py:87} INFO - Running: ['***', 'tasks', 'run', 'etl_***', 'transform', 'scheduled__2025-07-07T00:00:00+00:00', '--job-id', '2201', '--raw', '--subdir', 'DAGS_FOLDER/etl_***.py', '--cfg-path', '/tmp/tmpiz3imai3']
[2025-12-17T05:02:06.234+0000] {standard_task_runner.py:88} INFO - Job 2201: Subtask transform
[2025-12-17T05:02:06.364+0000] {task_command.py:423} INFO - Running <TaskInstance: etl_airflow.transform scheduled__2025-07-07T00:00:00+00:00 [running]> on host b3426f05ac70
[2025-12-17T05:02:06.694+0000] {taskinstance.py:2480} INFO - Exporting env vars: AIRFLOW_CTX_DAG_OWNER='***' AIRFLOW_CTX_DAG_ID='etl_***' AIRFLOW_CTX_TASK_ID='transform' AIRFLOW_CTX_EXECUTION_DATE='2025-07-07T00:00:00+00:00' AIRFLOW_CTX_TRY_NUMBER='1' AIRFLOW_CTX_DAG_RUN_ID='scheduled__2025-07-07T00:00:00+00:00'
[2025-12-17T05:02:06.696+0000] {taskinstance.py:2698} ERROR - Task failed with exception
Traceback (most recent call last):
  File "/home/airflow/.local/lib/python3.8/site-packages/airflow/models/taskinstance.py", line 433, in _execute_task
    result = execute_callable(context=context, **execute_callable_kwargs)
  File "/home/airflow/.local/lib/python3.8/site-packages/airflow/operators/python.py", line 199, in execute
    return_value = self.execute_callable()
  File "/home/airflow/.local/lib/python3.8/site-packages/airflow/operators/python.py", line 216, in execute_callable
    return self.python_callable(*self.op_args, **self.op_kwargs)
TypeError: transform_data() missing 1 required positional argument: 'df'
[2025-12-17T05:02:06.709+0000] {taskinstance.py:1138} INFO - Marking task as UP_FOR_RETRY. dag_id=etl_***, task_id=transform, execution_date=20250707T000000, start_date=20251217T050206, end_date=20251217T050206
[2025-12-17T05:02:06.788+0000] {standard_task_runner.py:107} ERROR - Failed to execute job 2201 for task transform (transform_data() missing 1 required positional argument: 'df'; 7479)
[2025-12-17T05:02:06.848+0000] {local_task_job_runner.py:234} INFO - Task exited with return code 1
[2025-12-17T05:02:07.025+0000] {taskinstance.py:3280} INFO - 0 downstream tasks scheduled from follow-on schedule check
