[2025-12-16T17:14:49.233+0000] {taskinstance.py:1956} INFO - Dependencies all met for dep_context=non-requeueable deps ti=<TaskInstance: etl_airflow.transform scheduled__2024-10-25T00:00:00+00:00 [queued]>
[2025-12-16T17:14:49.258+0000] {taskinstance.py:1956} INFO - Dependencies all met for dep_context=requeueable deps ti=<TaskInstance: etl_airflow.transform scheduled__2024-10-25T00:00:00+00:00 [queued]>
[2025-12-16T17:14:49.259+0000] {taskinstance.py:2170} INFO - Starting attempt 2 of 3
[2025-12-16T17:14:49.298+0000] {taskinstance.py:2191} INFO - Executing <Task(PythonOperator): transform> on 2024-10-25 00:00:00+00:00
[2025-12-16T17:14:49.314+0000] {standard_task_runner.py:60} INFO - Started process 1541 to run task
[2025-12-16T17:14:49.325+0000] {standard_task_runner.py:87} INFO - Running: ['***', 'tasks', 'run', 'etl_***', 'transform', 'scheduled__2024-10-25T00:00:00+00:00', '--job-id', '4561', '--raw', '--subdir', 'DAGS_FOLDER/etl_dag.py', '--cfg-path', '/tmp/tmpf3_38xgm']
[2025-12-16T17:14:49.332+0000] {standard_task_runner.py:88} INFO - Job 4561: Subtask transform
[2025-12-16T17:14:49.519+0000] {task_command.py:423} INFO - Running <TaskInstance: etl_airflow.transform scheduled__2024-10-25T00:00:00+00:00 [running]> on host 3b89cfee50e9
[2025-12-16T17:14:49.800+0000] {taskinstance.py:2480} INFO - Exporting env vars: AIRFLOW_CTX_DAG_OWNER='***' AIRFLOW_CTX_DAG_ID='etl_***' AIRFLOW_CTX_TASK_ID='transform' AIRFLOW_CTX_EXECUTION_DATE='2024-10-25T00:00:00+00:00' AIRFLOW_CTX_TRY_NUMBER='2' AIRFLOW_CTX_DAG_RUN_ID='scheduled__2024-10-25T00:00:00+00:00'
[2025-12-16T17:14:49.804+0000] {logging_mixin.py:188} INFO - [TRANSFORM]
[2025-12-16T17:14:50.211+0000] {logging_mixin.py:188} INFO - [TRANSFORM] done
[2025-12-16T17:14:50.212+0000] {python.py:201} INFO - Done. Returned value was: None
[2025-12-16T17:14:50.243+0000] {taskinstance.py:1138} INFO - Marking task as SUCCESS. dag_id=etl_***, task_id=transform, execution_date=20241025T000000, start_date=20251216T171449, end_date=20251216T171450
[2025-12-16T17:14:50.323+0000] {local_task_job_runner.py:234} INFO - Task exited with return code 0
[2025-12-16T17:14:50.701+0000] {taskinstance.py:3280} INFO - 0 downstream tasks scheduled from follow-on schedule check
[2025-12-17T04:53:04.723+0000] {taskinstance.py:1956} INFO - Dependencies all met for dep_context=non-requeueable deps ti=<TaskInstance: etl_airflow.transform scheduled__2024-10-25T00:00:00+00:00 [queued]>
[2025-12-17T04:53:04.743+0000] {taskinstance.py:1956} INFO - Dependencies all met for dep_context=requeueable deps ti=<TaskInstance: etl_airflow.transform scheduled__2024-10-25T00:00:00+00:00 [queued]>
[2025-12-17T04:53:04.744+0000] {taskinstance.py:2170} INFO - Starting attempt 2 of 3
[2025-12-17T04:53:04.770+0000] {taskinstance.py:2191} INFO - Executing <Task(PythonOperator): transform> on 2024-10-25 00:00:00+00:00
[2025-12-17T04:53:04.779+0000] {standard_task_runner.py:60} INFO - Started process 4163 to run task
[2025-12-17T04:53:04.787+0000] {standard_task_runner.py:87} INFO - Running: ['***', 'tasks', 'run', 'etl_***', 'transform', 'scheduled__2024-10-25T00:00:00+00:00', '--job-id', '1196', '--raw', '--subdir', 'DAGS_FOLDER/etl_***.py', '--cfg-path', '/tmp/tmpvncq26rh']
[2025-12-17T04:53:04.792+0000] {standard_task_runner.py:88} INFO - Job 1196: Subtask transform
[2025-12-17T04:53:04.920+0000] {task_command.py:423} INFO - Running <TaskInstance: etl_airflow.transform scheduled__2024-10-25T00:00:00+00:00 [running]> on host b3426f05ac70
[2025-12-17T04:53:05.332+0000] {taskinstance.py:2480} INFO - Exporting env vars: AIRFLOW_CTX_DAG_OWNER='***' AIRFLOW_CTX_DAG_ID='etl_***' AIRFLOW_CTX_TASK_ID='transform' AIRFLOW_CTX_EXECUTION_DATE='2024-10-25T00:00:00+00:00' AIRFLOW_CTX_TRY_NUMBER='2' AIRFLOW_CTX_DAG_RUN_ID='scheduled__2024-10-25T00:00:00+00:00'
[2025-12-17T04:53:05.333+0000] {taskinstance.py:2698} ERROR - Task failed with exception
Traceback (most recent call last):
  File "/home/airflow/.local/lib/python3.8/site-packages/airflow/models/taskinstance.py", line 433, in _execute_task
    result = execute_callable(context=context, **execute_callable_kwargs)
  File "/home/airflow/.local/lib/python3.8/site-packages/airflow/operators/python.py", line 199, in execute
    return_value = self.execute_callable()
  File "/home/airflow/.local/lib/python3.8/site-packages/airflow/operators/python.py", line 216, in execute_callable
    return self.python_callable(*self.op_args, **self.op_kwargs)
TypeError: transform_data() missing 1 required positional argument: 'df'
[2025-12-17T04:53:05.344+0000] {taskinstance.py:1138} INFO - Marking task as UP_FOR_RETRY. dag_id=etl_***, task_id=transform, execution_date=20241025T000000, start_date=20251217T045304, end_date=20251217T045305
[2025-12-17T04:53:05.362+0000] {standard_task_runner.py:107} ERROR - Failed to execute job 1196 for task transform (transform_data() missing 1 required positional argument: 'df'; 4163)
[2025-12-17T04:53:05.406+0000] {local_task_job_runner.py:234} INFO - Task exited with return code 1
[2025-12-17T04:53:05.476+0000] {taskinstance.py:3280} INFO - 0 downstream tasks scheduled from follow-on schedule check
[2025-12-17T07:58:14.066+0000] {taskinstance.py:1956} INFO - Dependencies all met for dep_context=non-requeueable deps ti=<TaskInstance: etl_airflow.transform scheduled__2024-10-25T00:00:00+00:00 [queued]>
[2025-12-17T07:58:14.105+0000] {taskinstance.py:1956} INFO - Dependencies all met for dep_context=requeueable deps ti=<TaskInstance: etl_airflow.transform scheduled__2024-10-25T00:00:00+00:00 [queued]>
[2025-12-17T07:58:14.108+0000] {taskinstance.py:2170} INFO - Starting attempt 2 of 3
[2025-12-17T07:58:14.171+0000] {taskinstance.py:2191} INFO - Executing <Task(PythonOperator): transform> on 2024-10-25 00:00:00+00:00
[2025-12-17T07:58:14.193+0000] {standard_task_runner.py:60} INFO - Started process 4258 to run task
[2025-12-17T07:58:14.206+0000] {standard_task_runner.py:87} INFO - Running: ['***', 'tasks', 'run', 'etl_***', 'transform', 'scheduled__2024-10-25T00:00:00+00:00', '--job-id', '1201', '--raw', '--subdir', 'DAGS_FOLDER/etl_***.py', '--cfg-path', '/tmp/tmp2duih161']
[2025-12-17T07:58:14.217+0000] {standard_task_runner.py:88} INFO - Job 1201: Subtask transform
[2025-12-17T07:58:14.479+0000] {task_command.py:423} INFO - Running <TaskInstance: etl_airflow.transform scheduled__2024-10-25T00:00:00+00:00 [running]> on host 2a0de06c8905
[2025-12-17T07:58:14.892+0000] {taskinstance.py:2480} INFO - Exporting env vars: AIRFLOW_CTX_DAG_OWNER='***' AIRFLOW_CTX_DAG_ID='etl_***' AIRFLOW_CTX_TASK_ID='transform' AIRFLOW_CTX_EXECUTION_DATE='2024-10-25T00:00:00+00:00' AIRFLOW_CTX_TRY_NUMBER='2' AIRFLOW_CTX_DAG_RUN_ID='scheduled__2024-10-25T00:00:00+00:00'
[2025-12-17T07:58:14.896+0000] {taskinstance.py:2698} ERROR - Task failed with exception
Traceback (most recent call last):
  File "/home/airflow/.local/lib/python3.8/site-packages/airflow/models/taskinstance.py", line 433, in _execute_task
    result = execute_callable(context=context, **execute_callable_kwargs)
  File "/home/airflow/.local/lib/python3.8/site-packages/airflow/operators/python.py", line 199, in execute
    return_value = self.execute_callable()
  File "/home/airflow/.local/lib/python3.8/site-packages/airflow/operators/python.py", line 216, in execute_callable
    return self.python_callable(*self.op_args, **self.op_kwargs)
TypeError: transform_data() missing 1 required positional argument: 'df'
[2025-12-17T07:58:14.922+0000] {taskinstance.py:1138} INFO - Marking task as UP_FOR_RETRY. dag_id=etl_***, task_id=transform, execution_date=20241025T000000, start_date=20251217T075814, end_date=20251217T075814
[2025-12-17T07:58:14.964+0000] {standard_task_runner.py:107} ERROR - Failed to execute job 1201 for task transform (transform_data() missing 1 required positional argument: 'df'; 4258)
[2025-12-17T07:58:15.027+0000] {local_task_job_runner.py:234} INFO - Task exited with return code 1
[2025-12-17T07:58:15.090+0000] {taskinstance.py:3280} INFO - 0 downstream tasks scheduled from follow-on schedule check
