[2025-12-16T17:14:37.001+0000] {taskinstance.py:1956} INFO - Dependencies all met for dep_context=non-requeueable deps ti=<TaskInstance: etl_airflow.transform scheduled__2024-10-25T00:00:00+00:00 [queued]>
[2025-12-16T17:14:37.028+0000] {taskinstance.py:1956} INFO - Dependencies all met for dep_context=requeueable deps ti=<TaskInstance: etl_airflow.transform scheduled__2024-10-25T00:00:00+00:00 [queued]>
[2025-12-16T17:14:37.029+0000] {taskinstance.py:2170} INFO - Starting attempt 1 of 3
[2025-12-16T17:14:37.088+0000] {taskinstance.py:2191} INFO - Executing <Task(PythonOperator): transform> on 2024-10-25 00:00:00+00:00
[2025-12-16T17:14:37.120+0000] {standard_task_runner.py:60} INFO - Started process 1390 to run task
[2025-12-16T17:14:37.129+0000] {standard_task_runner.py:87} INFO - Running: ['***', 'tasks', 'run', 'etl_***', 'transform', 'scheduled__2024-10-25T00:00:00+00:00', '--job-id', '4517', '--raw', '--subdir', 'DAGS_FOLDER/etl_dag.py', '--cfg-path', '/tmp/tmpwsxko15m']
[2025-12-16T17:14:37.143+0000] {standard_task_runner.py:88} INFO - Job 4517: Subtask transform
[2025-12-16T17:14:37.347+0000] {task_command.py:423} INFO - Running <TaskInstance: etl_airflow.transform scheduled__2024-10-25T00:00:00+00:00 [running]> on host 3b89cfee50e9
[2025-12-16T17:14:37.665+0000] {taskinstance.py:2480} INFO - Exporting env vars: AIRFLOW_CTX_DAG_OWNER='***' AIRFLOW_CTX_DAG_ID='etl_***' AIRFLOW_CTX_TASK_ID='transform' AIRFLOW_CTX_EXECUTION_DATE='2024-10-25T00:00:00+00:00' AIRFLOW_CTX_TRY_NUMBER='1' AIRFLOW_CTX_DAG_RUN_ID='scheduled__2024-10-25T00:00:00+00:00'
[2025-12-16T17:14:37.670+0000] {logging_mixin.py:188} INFO - [TRANSFORM]
[2025-12-16T17:14:37.695+0000] {taskinstance.py:2698} ERROR - Task failed with exception
Traceback (most recent call last):
  File "/home/airflow/.local/lib/python3.8/site-packages/airflow/models/taskinstance.py", line 433, in _execute_task
    result = execute_callable(context=context, **execute_callable_kwargs)
  File "/home/airflow/.local/lib/python3.8/site-packages/airflow/operators/python.py", line 199, in execute
    return_value = self.execute_callable()
  File "/home/airflow/.local/lib/python3.8/site-packages/airflow/operators/python.py", line 216, in execute_callable
    return self.python_callable(*self.op_args, **self.op_kwargs)
  File "/opt/airflow/etl_logic/pipeline.py", line 111, in transform_data
    df = pd.read_csv(TRANSFORMED_PATH)
  File "/home/airflow/.local/lib/python3.8/site-packages/pandas/io/parsers/readers.py", line 912, in read_csv
    return _read(filepath_or_buffer, kwds)
  File "/home/airflow/.local/lib/python3.8/site-packages/pandas/io/parsers/readers.py", line 577, in _read
    parser = TextFileReader(filepath_or_buffer, **kwds)
  File "/home/airflow/.local/lib/python3.8/site-packages/pandas/io/parsers/readers.py", line 1407, in __init__
    self._engine = self._make_engine(f, self.engine)
  File "/home/airflow/.local/lib/python3.8/site-packages/pandas/io/parsers/readers.py", line 1679, in _make_engine
    return mapping[engine](f, **self.options)
  File "/home/airflow/.local/lib/python3.8/site-packages/pandas/io/parsers/c_parser_wrapper.py", line 93, in __init__
    self._reader = parsers.TextReader(src, **kwds)
  File "pandas/_libs/parsers.pyx", line 557, in pandas._libs.parsers.TextReader.__cinit__
pandas.errors.EmptyDataError: No columns to parse from file
[2025-12-16T17:14:37.738+0000] {taskinstance.py:1138} INFO - Marking task as UP_FOR_RETRY. dag_id=etl_***, task_id=transform, execution_date=20241025T000000, start_date=20251216T171437, end_date=20251216T171437
[2025-12-16T17:14:38.091+0000] {standard_task_runner.py:107} ERROR - Failed to execute job 4517 for task transform (No columns to parse from file; 1390)
[2025-12-16T17:14:38.139+0000] {local_task_job_runner.py:234} INFO - Task exited with return code 1
[2025-12-16T17:14:38.206+0000] {taskinstance.py:3280} INFO - 0 downstream tasks scheduled from follow-on schedule check
[2025-12-17T01:55:26.001+0000] {taskinstance.py:1956} INFO - Dependencies all met for dep_context=non-requeueable deps ti=<TaskInstance: etl_airflow.transform scheduled__2024-10-25T00:00:00+00:00 [queued]>
[2025-12-17T01:55:26.025+0000] {taskinstance.py:1956} INFO - Dependencies all met for dep_context=requeueable deps ti=<TaskInstance: etl_airflow.transform scheduled__2024-10-25T00:00:00+00:00 [queued]>
[2025-12-17T01:55:26.027+0000] {taskinstance.py:2170} INFO - Starting attempt 1 of 3
[2025-12-17T01:55:26.057+0000] {taskinstance.py:2191} INFO - Executing <Task(PythonOperator): transform> on 2024-10-25 00:00:00+00:00
[2025-12-17T01:55:26.067+0000] {standard_task_runner.py:60} INFO - Started process 3088 to run task
[2025-12-17T01:55:26.073+0000] {standard_task_runner.py:87} INFO - Running: ['***', 'tasks', 'run', 'etl_***', 'transform', 'scheduled__2024-10-25T00:00:00+00:00', '--job-id', '909', '--raw', '--subdir', 'DAGS_FOLDER/etl_dag.py', '--cfg-path', '/tmp/tmpfbtycatj']
[2025-12-17T01:55:26.077+0000] {standard_task_runner.py:88} INFO - Job 909: Subtask transform
[2025-12-17T01:55:26.218+0000] {task_command.py:423} INFO - Running <TaskInstance: etl_airflow.transform scheduled__2024-10-25T00:00:00+00:00 [running]> on host 571e042550da
[2025-12-17T01:55:26.624+0000] {taskinstance.py:2480} INFO - Exporting env vars: AIRFLOW_CTX_DAG_OWNER='***' AIRFLOW_CTX_DAG_ID='etl_***' AIRFLOW_CTX_TASK_ID='transform' AIRFLOW_CTX_EXECUTION_DATE='2024-10-25T00:00:00+00:00' AIRFLOW_CTX_TRY_NUMBER='1' AIRFLOW_CTX_DAG_RUN_ID='scheduled__2024-10-25T00:00:00+00:00'
[2025-12-17T01:55:26.628+0000] {logging_mixin.py:188} INFO - [TRANSFORM]
[2025-12-17T01:55:26.664+0000] {logging_mixin.py:188} INFO - [TRANSFORM] done
[2025-12-17T01:55:26.666+0000] {python.py:201} INFO - Done. Returned value was: None
[2025-12-17T01:55:26.684+0000] {taskinstance.py:1138} INFO - Marking task as SUCCESS. dag_id=etl_***, task_id=transform, execution_date=20241025T000000, start_date=20251217T015526, end_date=20251217T015526
[2025-12-17T01:55:26.730+0000] {local_task_job_runner.py:234} INFO - Task exited with return code 0
[2025-12-17T01:55:26.769+0000] {taskinstance.py:3280} INFO - 1 downstream tasks scheduled from follow-on schedule check
[2025-12-17T04:52:53.034+0000] {taskinstance.py:1956} INFO - Dependencies all met for dep_context=non-requeueable deps ti=<TaskInstance: etl_airflow.transform scheduled__2024-10-25T00:00:00+00:00 [queued]>
[2025-12-17T04:52:53.047+0000] {taskinstance.py:1956} INFO - Dependencies all met for dep_context=requeueable deps ti=<TaskInstance: etl_airflow.transform scheduled__2024-10-25T00:00:00+00:00 [queued]>
[2025-12-17T04:52:53.049+0000] {taskinstance.py:2170} INFO - Starting attempt 1 of 3
[2025-12-17T04:52:53.070+0000] {taskinstance.py:2191} INFO - Executing <Task(PythonOperator): transform> on 2024-10-25 00:00:00+00:00
[2025-12-17T04:52:53.080+0000] {standard_task_runner.py:60} INFO - Started process 4106 to run task
[2025-12-17T04:52:53.086+0000] {standard_task_runner.py:87} INFO - Running: ['***', 'tasks', 'run', 'etl_***', 'transform', 'scheduled__2024-10-25T00:00:00+00:00', '--job-id', '1180', '--raw', '--subdir', 'DAGS_FOLDER/etl_***.py', '--cfg-path', '/tmp/tmpv3wrk5rm']
[2025-12-17T04:52:53.089+0000] {standard_task_runner.py:88} INFO - Job 1180: Subtask transform
[2025-12-17T04:52:53.210+0000] {task_command.py:423} INFO - Running <TaskInstance: etl_airflow.transform scheduled__2024-10-25T00:00:00+00:00 [running]> on host b3426f05ac70
[2025-12-17T04:52:53.546+0000] {taskinstance.py:2480} INFO - Exporting env vars: AIRFLOW_CTX_DAG_OWNER='***' AIRFLOW_CTX_DAG_ID='etl_***' AIRFLOW_CTX_TASK_ID='transform' AIRFLOW_CTX_EXECUTION_DATE='2024-10-25T00:00:00+00:00' AIRFLOW_CTX_TRY_NUMBER='1' AIRFLOW_CTX_DAG_RUN_ID='scheduled__2024-10-25T00:00:00+00:00'
[2025-12-17T04:52:53.549+0000] {taskinstance.py:2698} ERROR - Task failed with exception
Traceback (most recent call last):
  File "/home/airflow/.local/lib/python3.8/site-packages/airflow/models/taskinstance.py", line 433, in _execute_task
    result = execute_callable(context=context, **execute_callable_kwargs)
  File "/home/airflow/.local/lib/python3.8/site-packages/airflow/operators/python.py", line 199, in execute
    return_value = self.execute_callable()
  File "/home/airflow/.local/lib/python3.8/site-packages/airflow/operators/python.py", line 216, in execute_callable
    return self.python_callable(*self.op_args, **self.op_kwargs)
TypeError: transform_data() missing 1 required positional argument: 'df'
[2025-12-17T04:52:53.560+0000] {taskinstance.py:1138} INFO - Marking task as UP_FOR_RETRY. dag_id=etl_***, task_id=transform, execution_date=20241025T000000, start_date=20251217T045253, end_date=20251217T045253
[2025-12-17T04:52:53.574+0000] {standard_task_runner.py:107} ERROR - Failed to execute job 1180 for task transform (transform_data() missing 1 required positional argument: 'df'; 4106)
[2025-12-17T04:52:53.622+0000] {local_task_job_runner.py:234} INFO - Task exited with return code 1
[2025-12-17T04:52:53.651+0000] {taskinstance.py:3280} INFO - 0 downstream tasks scheduled from follow-on schedule check
[2025-12-17T07:58:00.792+0000] {taskinstance.py:1956} INFO - Dependencies all met for dep_context=non-requeueable deps ti=<TaskInstance: etl_airflow.transform scheduled__2024-10-25T00:00:00+00:00 [queued]>
[2025-12-17T07:58:00.808+0000] {taskinstance.py:1956} INFO - Dependencies all met for dep_context=requeueable deps ti=<TaskInstance: etl_airflow.transform scheduled__2024-10-25T00:00:00+00:00 [queued]>
[2025-12-17T07:58:00.809+0000] {taskinstance.py:2170} INFO - Starting attempt 1 of 3
[2025-12-17T07:58:00.834+0000] {taskinstance.py:2191} INFO - Executing <Task(PythonOperator): transform> on 2024-10-25 00:00:00+00:00
[2025-12-17T07:58:00.844+0000] {standard_task_runner.py:60} INFO - Started process 4209 to run task
[2025-12-17T07:58:00.850+0000] {standard_task_runner.py:87} INFO - Running: ['***', 'tasks', 'run', 'etl_***', 'transform', 'scheduled__2024-10-25T00:00:00+00:00', '--job-id', '1184', '--raw', '--subdir', 'DAGS_FOLDER/etl_***.py', '--cfg-path', '/tmp/tmpblvaqfy_']
[2025-12-17T07:58:00.855+0000] {standard_task_runner.py:88} INFO - Job 1184: Subtask transform
[2025-12-17T07:58:00.986+0000] {task_command.py:423} INFO - Running <TaskInstance: etl_airflow.transform scheduled__2024-10-25T00:00:00+00:00 [running]> on host 2a0de06c8905
[2025-12-17T07:58:01.475+0000] {taskinstance.py:2480} INFO - Exporting env vars: AIRFLOW_CTX_DAG_OWNER='***' AIRFLOW_CTX_DAG_ID='etl_***' AIRFLOW_CTX_TASK_ID='transform' AIRFLOW_CTX_EXECUTION_DATE='2024-10-25T00:00:00+00:00' AIRFLOW_CTX_TRY_NUMBER='1' AIRFLOW_CTX_DAG_RUN_ID='scheduled__2024-10-25T00:00:00+00:00'
[2025-12-17T07:58:01.477+0000] {taskinstance.py:2698} ERROR - Task failed with exception
Traceback (most recent call last):
  File "/home/airflow/.local/lib/python3.8/site-packages/airflow/models/taskinstance.py", line 433, in _execute_task
    result = execute_callable(context=context, **execute_callable_kwargs)
  File "/home/airflow/.local/lib/python3.8/site-packages/airflow/operators/python.py", line 199, in execute
    return_value = self.execute_callable()
  File "/home/airflow/.local/lib/python3.8/site-packages/airflow/operators/python.py", line 216, in execute_callable
    return self.python_callable(*self.op_args, **self.op_kwargs)
TypeError: transform_data() missing 1 required positional argument: 'df'
[2025-12-17T07:58:01.489+0000] {taskinstance.py:1138} INFO - Marking task as UP_FOR_RETRY. dag_id=etl_***, task_id=transform, execution_date=20241025T000000, start_date=20251217T075800, end_date=20251217T075801
[2025-12-17T07:58:01.514+0000] {standard_task_runner.py:107} ERROR - Failed to execute job 1184 for task transform (transform_data() missing 1 required positional argument: 'df'; 4209)
[2025-12-17T07:58:01.586+0000] {local_task_job_runner.py:234} INFO - Task exited with return code 1
[2025-12-17T07:58:01.890+0000] {taskinstance.py:3280} INFO - 0 downstream tasks scheduled from follow-on schedule check
