[2025-12-16T16:59:10.632+0000] {taskinstance.py:1956} INFO - Dependencies all met for dep_context=non-requeueable deps ti=<TaskInstance: etl_airflow.extract scheduled__2024-06-06T00:00:00+00:00 [queued]>
[2025-12-16T16:59:10.656+0000] {taskinstance.py:1956} INFO - Dependencies all met for dep_context=requeueable deps ti=<TaskInstance: etl_airflow.extract scheduled__2024-06-06T00:00:00+00:00 [queued]>
[2025-12-16T16:59:10.659+0000] {taskinstance.py:2170} INFO - Starting attempt 8 of 9
[2025-12-16T16:59:10.690+0000] {taskinstance.py:2191} INFO - Executing <Task(PythonOperator): extract> on 2024-06-06 00:00:00+00:00
[2025-12-16T16:59:10.702+0000] {standard_task_runner.py:60} INFO - Started process 5875 to run task
[2025-12-16T16:59:10.719+0000] {standard_task_runner.py:87} INFO - Running: ['***', 'tasks', 'run', 'etl_***', 'extract', 'scheduled__2024-06-06T00:00:00+00:00', '--job-id', '2582', '--raw', '--subdir', 'DAGS_FOLDER/etl_dag.py', '--cfg-path', '/tmp/tmpuj5hs6ir']
[2025-12-16T16:59:10.725+0000] {standard_task_runner.py:88} INFO - Job 2582: Subtask extract
[2025-12-16T16:59:10.891+0000] {task_command.py:423} INFO - Running <TaskInstance: etl_airflow.extract scheduled__2024-06-06T00:00:00+00:00 [running]> on host db658e834d9d
[2025-12-16T16:59:11.089+0000] {taskinstance.py:2480} INFO - Exporting env vars: AIRFLOW_CTX_DAG_OWNER='***' AIRFLOW_CTX_DAG_ID='etl_***' AIRFLOW_CTX_TASK_ID='extract' AIRFLOW_CTX_EXECUTION_DATE='2024-06-06T00:00:00+00:00' AIRFLOW_CTX_TRY_NUMBER='8' AIRFLOW_CTX_DAG_RUN_ID='scheduled__2024-06-06T00:00:00+00:00'
[2025-12-16T16:59:11.097+0000] {logging_mixin.py:188} INFO - [EXTRACT] E:\GPP\Task_4\comparative-data-orchestrationirflow\data\synthetic_events.csv
[2025-12-16T16:59:11.099+0000] {taskinstance.py:2698} ERROR - Task failed with exception
Traceback (most recent call last):
  File "/home/airflow/.local/lib/python3.8/site-packages/airflow/models/taskinstance.py", line 433, in _execute_task
    result = execute_callable(context=context, **execute_callable_kwargs)
  File "/home/airflow/.local/lib/python3.8/site-packages/airflow/operators/python.py", line 199, in execute
    return_value = self.execute_callable()
  File "/home/airflow/.local/lib/python3.8/site-packages/airflow/operators/python.py", line 216, in execute_callable
    return self.python_callable(*self.op_args, **self.op_kwargs)
  File "/opt/airflow/etl_logic/pipeline.py", line 100, in extract_data
    raise FileNotFoundError(f"{input_path} not found")
FileNotFoundError: E:\GPP\Task_4\comparative-data-orchestrationirflow\data\synthetic_events.csv not found
[2025-12-16T16:59:11.133+0000] {taskinstance.py:1138} INFO - Marking task as UP_FOR_RETRY. dag_id=etl_***, task_id=extract, execution_date=20240606T000000, start_date=20251216T165910, end_date=20251216T165911
[2025-12-16T16:59:11.169+0000] {standard_task_runner.py:107} ERROR - Failed to execute job 2582 for task extract (E:\GPP\Task_4\comparative-data-orchestrationirflow\data\synthetic_events.csv not found; 5875)
[2025-12-16T16:59:11.217+0000] {local_task_job_runner.py:234} INFO - Task exited with return code 1
[2025-12-16T16:59:11.279+0000] {taskinstance.py:3280} INFO - 0 downstream tasks scheduled from follow-on schedule check
