[2025-12-16T16:35:31.778+0000] {taskinstance.py:1956} INFO - Dependencies all met for dep_context=non-requeueable deps ti=<TaskInstance: etl_airflow.extract scheduled__2024-06-06T00:00:00+00:00 [queued]>
[2025-12-16T16:35:31.799+0000] {taskinstance.py:1956} INFO - Dependencies all met for dep_context=requeueable deps ti=<TaskInstance: etl_airflow.extract scheduled__2024-06-06T00:00:00+00:00 [queued]>
[2025-12-16T16:35:31.800+0000] {taskinstance.py:2170} INFO - Starting attempt 1 of 3
[2025-12-16T16:35:31.928+0000] {taskinstance.py:2191} INFO - Executing <Task(PythonOperator): extract> on 2024-06-06 00:00:00+00:00
[2025-12-16T16:35:31.938+0000] {standard_task_runner.py:60} INFO - Started process 436 to run task
[2025-12-16T16:35:31.946+0000] {standard_task_runner.py:87} INFO - Running: ['***', 'tasks', 'run', 'etl_***', 'extract', 'scheduled__2024-06-06T00:00:00+00:00', '--job-id', '477', '--raw', '--subdir', 'DAGS_FOLDER/etl_dag.py', '--cfg-path', '/tmp/tmpqx4vjpzi']
[2025-12-16T16:35:31.951+0000] {standard_task_runner.py:88} INFO - Job 477: Subtask extract
[2025-12-16T16:35:32.089+0000] {task_command.py:423} INFO - Running <TaskInstance: etl_airflow.extract scheduled__2024-06-06T00:00:00+00:00 [running]> on host 02b83863a69a
[2025-12-16T16:35:32.241+0000] {taskinstance.py:2480} INFO - Exporting env vars: AIRFLOW_CTX_DAG_OWNER='***' AIRFLOW_CTX_DAG_ID='etl_***' AIRFLOW_CTX_TASK_ID='extract' AIRFLOW_CTX_EXECUTION_DATE='2024-06-06T00:00:00+00:00' AIRFLOW_CTX_TRY_NUMBER='1' AIRFLOW_CTX_DAG_RUN_ID='scheduled__2024-06-06T00:00:00+00:00'
[2025-12-16T16:35:32.246+0000] {logging_mixin.py:188} INFO - Extracting data from /opt/***/data/input.csv
[2025-12-16T16:35:32.253+0000] {taskinstance.py:2698} ERROR - Task failed with exception
Traceback (most recent call last):
  File "/home/airflow/.local/lib/python3.8/site-packages/airflow/models/taskinstance.py", line 433, in _execute_task
    result = execute_callable(context=context, **execute_callable_kwargs)
  File "/home/airflow/.local/lib/python3.8/site-packages/airflow/operators/python.py", line 199, in execute
    return_value = self.execute_callable()
  File "/home/airflow/.local/lib/python3.8/site-packages/airflow/operators/python.py", line 216, in execute_callable
    return self.python_callable(*self.op_args, **self.op_kwargs)
  File "/opt/airflow/dags/etl_logic/pipeline.py", line 97, in extract_data
    df = pd.read_csv(input_path)
  File "/home/airflow/.local/lib/python3.8/site-packages/pandas/io/parsers/readers.py", line 912, in read_csv
    return _read(filepath_or_buffer, kwds)
  File "/home/airflow/.local/lib/python3.8/site-packages/pandas/io/parsers/readers.py", line 577, in _read
    parser = TextFileReader(filepath_or_buffer, **kwds)
  File "/home/airflow/.local/lib/python3.8/site-packages/pandas/io/parsers/readers.py", line 1407, in __init__
    self._engine = self._make_engine(f, self.engine)
  File "/home/airflow/.local/lib/python3.8/site-packages/pandas/io/parsers/readers.py", line 1661, in _make_engine
    self.handles = get_handle(
  File "/home/airflow/.local/lib/python3.8/site-packages/pandas/io/common.py", line 859, in get_handle
    handle = open(
FileNotFoundError: [Errno 2] No such file or directory: '/opt/airflow/data/input.csv'
[2025-12-16T16:35:32.289+0000] {taskinstance.py:1138} INFO - Marking task as UP_FOR_RETRY. dag_id=etl_***, task_id=extract, execution_date=20240606T000000, start_date=20251216T163531, end_date=20251216T163532
[2025-12-16T16:35:32.388+0000] {standard_task_runner.py:107} ERROR - Failed to execute job 477 for task extract ([Errno 2] No such file or directory: '/opt/airflow/data/input.csv'; 436)
[2025-12-16T16:35:32.405+0000] {local_task_job_runner.py:234} INFO - Task exited with return code 1
[2025-12-16T16:35:32.444+0000] {taskinstance.py:3280} INFO - 0 downstream tasks scheduled from follow-on schedule check
[2025-12-17T01:52:49.489+0000] {taskinstance.py:1956} INFO - Dependencies all met for dep_context=non-requeueable deps ti=<TaskInstance: etl_airflow.extract scheduled__2024-06-06T00:00:00+00:00 [queued]>
[2025-12-17T01:52:49.511+0000] {taskinstance.py:1956} INFO - Dependencies all met for dep_context=requeueable deps ti=<TaskInstance: etl_airflow.extract scheduled__2024-06-06T00:00:00+00:00 [queued]>
[2025-12-17T01:52:49.512+0000] {taskinstance.py:2170} INFO - Starting attempt 1 of 3
[2025-12-17T01:52:49.542+0000] {taskinstance.py:2191} INFO - Executing <Task(PythonOperator): extract> on 2024-06-06 00:00:00+00:00
[2025-12-17T01:52:49.563+0000] {standard_task_runner.py:60} INFO - Started process 1687 to run task
[2025-12-17T01:52:49.573+0000] {standard_task_runner.py:87} INFO - Running: ['***', 'tasks', 'run', 'etl_***', 'extract', 'scheduled__2024-06-06T00:00:00+00:00', '--job-id', '465', '--raw', '--subdir', 'DAGS_FOLDER/etl_dag.py', '--cfg-path', '/tmp/tmpmrh9ymd2']
[2025-12-17T01:52:49.585+0000] {standard_task_runner.py:88} INFO - Job 465: Subtask extract
[2025-12-17T01:52:49.743+0000] {task_command.py:423} INFO - Running <TaskInstance: etl_airflow.extract scheduled__2024-06-06T00:00:00+00:00 [running]> on host 571e042550da
[2025-12-17T01:52:50.368+0000] {taskinstance.py:2480} INFO - Exporting env vars: AIRFLOW_CTX_DAG_OWNER='***' AIRFLOW_CTX_DAG_ID='etl_***' AIRFLOW_CTX_TASK_ID='extract' AIRFLOW_CTX_EXECUTION_DATE='2024-06-06T00:00:00+00:00' AIRFLOW_CTX_TRY_NUMBER='1' AIRFLOW_CTX_DAG_RUN_ID='scheduled__2024-06-06T00:00:00+00:00'
[2025-12-17T01:52:50.376+0000] {logging_mixin.py:188} INFO - [EXTRACT] Reading /opt/***/data/synthetic_events.csv
[2025-12-17T01:52:50.415+0000] {logging_mixin.py:188} INFO - [EXTRACT] done
[2025-12-17T01:52:50.423+0000] {python.py:201} INFO - Done. Returned value was: None
[2025-12-17T01:52:50.451+0000] {taskinstance.py:1138} INFO - Marking task as SUCCESS. dag_id=etl_***, task_id=extract, execution_date=20240606T000000, start_date=20251217T015249, end_date=20251217T015250
[2025-12-17T01:52:50.535+0000] {local_task_job_runner.py:234} INFO - Task exited with return code 0
[2025-12-17T01:52:50.837+0000] {taskinstance.py:3280} INFO - 0 downstream tasks scheduled from follow-on schedule check
[2025-12-17T04:20:16.032+0000] {taskinstance.py:1956} INFO - Dependencies all met for dep_context=non-requeueable deps ti=<TaskInstance: etl_airflow.extract scheduled__2024-06-06T00:00:00+00:00 [queued]>
[2025-12-17T04:20:16.049+0000] {taskinstance.py:1956} INFO - Dependencies all met for dep_context=requeueable deps ti=<TaskInstance: etl_airflow.extract scheduled__2024-06-06T00:00:00+00:00 [queued]>
[2025-12-17T04:20:16.056+0000] {taskinstance.py:2170} INFO - Starting attempt 1 of 3
[2025-12-17T04:20:16.082+0000] {taskinstance.py:2191} INFO - Executing <Task(PythonOperator): extract> on 2024-06-06 00:00:00+00:00
[2025-12-17T04:20:16.091+0000] {standard_task_runner.py:60} INFO - Started process 964 to run task
[2025-12-17T04:20:16.097+0000] {standard_task_runner.py:87} INFO - Running: ['***', 'tasks', 'run', 'etl_***', 'extract', 'scheduled__2024-06-06T00:00:00+00:00', '--job-id', '228', '--raw', '--subdir', 'DAGS_FOLDER/etl_***.py', '--cfg-path', '/tmp/tmpftudi5tm']
[2025-12-17T04:20:16.101+0000] {standard_task_runner.py:88} INFO - Job 228: Subtask extract
[2025-12-17T04:20:16.218+0000] {task_command.py:423} INFO - Running <TaskInstance: etl_airflow.extract scheduled__2024-06-06T00:00:00+00:00 [running]> on host c5811fe183ca
[2025-12-17T04:20:16.582+0000] {taskinstance.py:2480} INFO - Exporting env vars: AIRFLOW_CTX_DAG_OWNER='***' AIRFLOW_CTX_DAG_ID='etl_***' AIRFLOW_CTX_TASK_ID='extract' AIRFLOW_CTX_EXECUTION_DATE='2024-06-06T00:00:00+00:00' AIRFLOW_CTX_TRY_NUMBER='1' AIRFLOW_CTX_DAG_RUN_ID='scheduled__2024-06-06T00:00:00+00:00'
[2025-12-17T04:20:16.607+0000] {python.py:201} INFO - Done. Returned value was:    user_id event_type           timestamp country
0        1      login 2025-01-01 09:00:00      IN
1        1      click 2025-01-01 09:05:00      IN
2        1     logout 2025-01-01 09:15:00      IN
3        2      login 2025-01-01 10:00:00      US
4        2      click 2025-01-01 10:10:00      US
5        2     logout 2025-01-01 10:20:00      US
6        3      login 2025-01-02 08:00:00      FR
7        3      click 2025-01-02 08:05:00      FR
8        3     logout 2025-01-02 08:30:00      FR
[2025-12-17T04:20:16.663+0000] {taskinstance.py:1138} INFO - Marking task as SUCCESS. dag_id=etl_***, task_id=extract, execution_date=20240606T000000, start_date=20251217T042016, end_date=20251217T042016
[2025-12-17T04:20:16.729+0000] {local_task_job_runner.py:234} INFO - Task exited with return code 0
[2025-12-17T04:20:16.883+0000] {taskinstance.py:3280} INFO - 0 downstream tasks scheduled from follow-on schedule check
[2025-12-17T04:47:40.029+0000] {taskinstance.py:1956} INFO - Dependencies all met for dep_context=non-requeueable deps ti=<TaskInstance: etl_airflow.extract scheduled__2024-06-06T00:00:00+00:00 [queued]>
[2025-12-17T04:47:40.048+0000] {taskinstance.py:1956} INFO - Dependencies all met for dep_context=requeueable deps ti=<TaskInstance: etl_airflow.extract scheduled__2024-06-06T00:00:00+00:00 [queued]>
[2025-12-17T04:47:40.049+0000] {taskinstance.py:2170} INFO - Starting attempt 1 of 3
[2025-12-17T04:47:40.090+0000] {taskinstance.py:2191} INFO - Executing <Task(PythonOperator): extract> on 2024-06-06 00:00:00+00:00
[2025-12-17T04:47:40.101+0000] {standard_task_runner.py:60} INFO - Started process 2195 to run task
[2025-12-17T04:47:40.110+0000] {standard_task_runner.py:87} INFO - Running: ['***', 'tasks', 'run', 'etl_***', 'extract', 'scheduled__2024-06-06T00:00:00+00:00', '--job-id', '597', '--raw', '--subdir', 'DAGS_FOLDER/etl_***.py', '--cfg-path', '/tmp/tmpxzinxm7j']
[2025-12-17T04:47:40.114+0000] {standard_task_runner.py:88} INFO - Job 597: Subtask extract
[2025-12-17T04:47:40.295+0000] {task_command.py:423} INFO - Running <TaskInstance: etl_airflow.extract scheduled__2024-06-06T00:00:00+00:00 [running]> on host b3426f05ac70
[2025-12-17T04:47:40.804+0000] {taskinstance.py:2480} INFO - Exporting env vars: AIRFLOW_CTX_DAG_OWNER='***' AIRFLOW_CTX_DAG_ID='etl_***' AIRFLOW_CTX_TASK_ID='extract' AIRFLOW_CTX_EXECUTION_DATE='2024-06-06T00:00:00+00:00' AIRFLOW_CTX_TRY_NUMBER='1' AIRFLOW_CTX_DAG_RUN_ID='scheduled__2024-06-06T00:00:00+00:00'
[2025-12-17T04:47:40.822+0000] {python.py:201} INFO - Done. Returned value was:    user_id event_type           timestamp country
0        1      login 2025-01-01 09:00:00      IN
1        1      click 2025-01-01 09:05:00      IN
2        1     logout 2025-01-01 09:15:00      IN
3        2      login 2025-01-01 10:00:00      US
4        2      click 2025-01-01 10:10:00      US
5        2     logout 2025-01-01 10:20:00      US
6        3      login 2025-01-02 08:00:00      FR
7        3      click 2025-01-02 08:05:00      FR
8        3     logout 2025-01-02 08:30:00      FR
[2025-12-17T04:47:40.875+0000] {taskinstance.py:1138} INFO - Marking task as SUCCESS. dag_id=etl_***, task_id=extract, execution_date=20240606T000000, start_date=20251217T044740, end_date=20251217T044740
[2025-12-17T04:47:40.973+0000] {local_task_job_runner.py:234} INFO - Task exited with return code 0
[2025-12-17T04:47:41.055+0000] {taskinstance.py:3280} INFO - 1 downstream tasks scheduled from follow-on schedule check
[2025-12-17T07:41:10.174+0000] {taskinstance.py:1956} INFO - Dependencies all met for dep_context=non-requeueable deps ti=<TaskInstance: etl_airflow.extract scheduled__2024-06-06T00:00:00+00:00 [queued]>
[2025-12-17T07:41:10.200+0000] {taskinstance.py:1956} INFO - Dependencies all met for dep_context=requeueable deps ti=<TaskInstance: etl_airflow.extract scheduled__2024-06-06T00:00:00+00:00 [queued]>
[2025-12-17T07:41:10.204+0000] {taskinstance.py:2170} INFO - Starting attempt 1 of 3
[2025-12-17T07:41:10.238+0000] {taskinstance.py:2191} INFO - Executing <Task(PythonOperator): extract> on 2024-06-06 00:00:00+00:00
[2025-12-17T07:41:10.266+0000] {standard_task_runner.py:60} INFO - Started process 2258 to run task
[2025-12-17T07:41:10.276+0000] {standard_task_runner.py:87} INFO - Running: ['***', 'tasks', 'run', 'etl_***', 'extract', 'scheduled__2024-06-06T00:00:00+00:00', '--job-id', '599', '--raw', '--subdir', 'DAGS_FOLDER/etl_***.py', '--cfg-path', '/tmp/tmpz2avrfto']
[2025-12-17T07:41:10.281+0000] {standard_task_runner.py:88} INFO - Job 599: Subtask extract
[2025-12-17T07:41:10.435+0000] {task_command.py:423} INFO - Running <TaskInstance: etl_airflow.extract scheduled__2024-06-06T00:00:00+00:00 [running]> on host 2a0de06c8905
[2025-12-17T07:41:11.005+0000] {taskinstance.py:2480} INFO - Exporting env vars: AIRFLOW_CTX_DAG_OWNER='***' AIRFLOW_CTX_DAG_ID='etl_***' AIRFLOW_CTX_TASK_ID='extract' AIRFLOW_CTX_EXECUTION_DATE='2024-06-06T00:00:00+00:00' AIRFLOW_CTX_TRY_NUMBER='1' AIRFLOW_CTX_DAG_RUN_ID='scheduled__2024-06-06T00:00:00+00:00'
[2025-12-17T07:41:11.066+0000] {python.py:201} INFO - Done. Returned value was:    user_id event_type           timestamp country
0        1      login 2025-01-01 09:00:00      IN
1        1      click 2025-01-01 09:05:00      IN
2        1     logout 2025-01-01 09:15:00      IN
3        2      login 2025-01-01 10:00:00      US
4        2      click 2025-01-01 10:10:00      US
5        2     logout 2025-01-01 10:20:00      US
6        3      login 2025-01-02 08:00:00      FR
7        3      click 2025-01-02 08:05:00      FR
8        3     logout 2025-01-02 08:30:00      FR
[2025-12-17T07:41:11.151+0000] {taskinstance.py:1138} INFO - Marking task as SUCCESS. dag_id=etl_***, task_id=extract, execution_date=20240606T000000, start_date=20251217T074110, end_date=20251217T074111
[2025-12-17T07:41:11.456+0000] {local_task_job_runner.py:234} INFO - Task exited with return code 0
[2025-12-17T07:41:11.534+0000] {taskinstance.py:3280} INFO - 1 downstream tasks scheduled from follow-on schedule check
