[2025-12-16T17:14:18.687+0000] {taskinstance.py:1956} INFO - Dependencies all met for dep_context=non-requeueable deps ti=<TaskInstance: etl_airflow.transform scheduled__2024-10-10T00:00:00+00:00 [queued]>
[2025-12-16T17:14:18.735+0000] {taskinstance.py:1956} INFO - Dependencies all met for dep_context=requeueable deps ti=<TaskInstance: etl_airflow.transform scheduled__2024-10-10T00:00:00+00:00 [queued]>
[2025-12-16T17:14:18.756+0000] {taskinstance.py:2170} INFO - Starting attempt 1 of 3
[2025-12-16T17:14:18.836+0000] {taskinstance.py:2191} INFO - Executing <Task(PythonOperator): transform> on 2024-10-10 00:00:00+00:00
[2025-12-16T17:14:18.858+0000] {standard_task_runner.py:60} INFO - Started process 1214 to run task
[2025-12-16T17:14:18.886+0000] {standard_task_runner.py:87} INFO - Running: ['***', 'tasks', 'run', 'etl_***', 'transform', 'scheduled__2024-10-10T00:00:00+00:00', '--job-id', '4456', '--raw', '--subdir', 'DAGS_FOLDER/etl_dag.py', '--cfg-path', '/tmp/tmpk8zifurn']
[2025-12-16T17:14:18.907+0000] {standard_task_runner.py:88} INFO - Job 4456: Subtask transform
[2025-12-16T17:14:19.231+0000] {task_command.py:423} INFO - Running <TaskInstance: etl_airflow.transform scheduled__2024-10-10T00:00:00+00:00 [running]> on host 3b89cfee50e9
[2025-12-16T17:14:19.698+0000] {taskinstance.py:2480} INFO - Exporting env vars: AIRFLOW_CTX_DAG_OWNER='***' AIRFLOW_CTX_DAG_ID='etl_***' AIRFLOW_CTX_TASK_ID='transform' AIRFLOW_CTX_EXECUTION_DATE='2024-10-10T00:00:00+00:00' AIRFLOW_CTX_TRY_NUMBER='1' AIRFLOW_CTX_DAG_RUN_ID='scheduled__2024-10-10T00:00:00+00:00'
[2025-12-16T17:14:19.707+0000] {logging_mixin.py:188} INFO - [TRANSFORM]
[2025-12-16T17:14:20.542+0000] {logging_mixin.py:188} INFO - [TRANSFORM] done
[2025-12-16T17:14:20.543+0000] {python.py:201} INFO - Done. Returned value was: None
[2025-12-16T17:14:20.593+0000] {taskinstance.py:1138} INFO - Marking task as SUCCESS. dag_id=etl_***, task_id=transform, execution_date=20241010T000000, start_date=20251216T171418, end_date=20251216T171420
[2025-12-16T17:14:20.682+0000] {local_task_job_runner.py:234} INFO - Task exited with return code 0
[2025-12-16T17:14:20.804+0000] {taskinstance.py:3280} INFO - 1 downstream tasks scheduled from follow-on schedule check
[2025-12-17T01:55:10.841+0000] {taskinstance.py:1956} INFO - Dependencies all met for dep_context=non-requeueable deps ti=<TaskInstance: etl_airflow.transform scheduled__2024-10-10T00:00:00+00:00 [queued]>
[2025-12-17T01:55:10.864+0000] {taskinstance.py:1956} INFO - Dependencies all met for dep_context=requeueable deps ti=<TaskInstance: etl_airflow.transform scheduled__2024-10-10T00:00:00+00:00 [queued]>
[2025-12-17T01:55:10.868+0000] {taskinstance.py:2170} INFO - Starting attempt 1 of 3
[2025-12-17T01:55:11.151+0000] {taskinstance.py:2191} INFO - Executing <Task(PythonOperator): transform> on 2024-10-10 00:00:00+00:00
[2025-12-17T01:55:11.184+0000] {standard_task_runner.py:60} INFO - Started process 2974 to run task
[2025-12-17T01:55:11.197+0000] {standard_task_runner.py:87} INFO - Running: ['***', 'tasks', 'run', 'etl_***', 'transform', 'scheduled__2024-10-10T00:00:00+00:00', '--job-id', '870', '--raw', '--subdir', 'DAGS_FOLDER/etl_dag.py', '--cfg-path', '/tmp/tmprshgjd1o']
[2025-12-17T01:55:11.204+0000] {standard_task_runner.py:88} INFO - Job 870: Subtask transform
[2025-12-17T01:55:11.387+0000] {task_command.py:423} INFO - Running <TaskInstance: etl_airflow.transform scheduled__2024-10-10T00:00:00+00:00 [running]> on host 571e042550da
[2025-12-17T01:55:12.003+0000] {taskinstance.py:2480} INFO - Exporting env vars: AIRFLOW_CTX_DAG_OWNER='***' AIRFLOW_CTX_DAG_ID='etl_***' AIRFLOW_CTX_TASK_ID='transform' AIRFLOW_CTX_EXECUTION_DATE='2024-10-10T00:00:00+00:00' AIRFLOW_CTX_TRY_NUMBER='1' AIRFLOW_CTX_DAG_RUN_ID='scheduled__2024-10-10T00:00:00+00:00'
[2025-12-17T01:55:12.008+0000] {logging_mixin.py:188} INFO - [TRANSFORM]
[2025-12-17T01:55:12.083+0000] {logging_mixin.py:188} INFO - [TRANSFORM] done
[2025-12-17T01:55:12.097+0000] {python.py:201} INFO - Done. Returned value was: None
[2025-12-17T01:55:12.144+0000] {taskinstance.py:1138} INFO - Marking task as SUCCESS. dag_id=etl_***, task_id=transform, execution_date=20241010T000000, start_date=20251217T015510, end_date=20251217T015512
[2025-12-17T01:55:12.323+0000] {local_task_job_runner.py:234} INFO - Task exited with return code 0
[2025-12-17T01:55:12.617+0000] {taskinstance.py:3280} INFO - 0 downstream tasks scheduled from follow-on schedule check
[2025-12-17T04:52:18.325+0000] {taskinstance.py:1956} INFO - Dependencies all met for dep_context=non-requeueable deps ti=<TaskInstance: etl_airflow.transform scheduled__2024-10-10T00:00:00+00:00 [queued]>
[2025-12-17T04:52:18.341+0000] {taskinstance.py:1956} INFO - Dependencies all met for dep_context=requeueable deps ti=<TaskInstance: etl_airflow.transform scheduled__2024-10-10T00:00:00+00:00 [queued]>
[2025-12-17T04:52:18.342+0000] {taskinstance.py:2170} INFO - Starting attempt 1 of 3
[2025-12-17T04:52:18.370+0000] {taskinstance.py:2191} INFO - Executing <Task(PythonOperator): transform> on 2024-10-10 00:00:00+00:00
[2025-12-17T04:52:18.381+0000] {standard_task_runner.py:60} INFO - Started process 3900 to run task
[2025-12-17T04:52:18.386+0000] {standard_task_runner.py:87} INFO - Running: ['***', 'tasks', 'run', 'etl_***', 'transform', 'scheduled__2024-10-10T00:00:00+00:00', '--job-id', '1117', '--raw', '--subdir', 'DAGS_FOLDER/etl_***.py', '--cfg-path', '/tmp/tmplc90pemh']
[2025-12-17T04:52:18.394+0000] {standard_task_runner.py:88} INFO - Job 1117: Subtask transform
[2025-12-17T04:52:18.502+0000] {task_command.py:423} INFO - Running <TaskInstance: etl_airflow.transform scheduled__2024-10-10T00:00:00+00:00 [running]> on host b3426f05ac70
[2025-12-17T04:52:18.891+0000] {taskinstance.py:2480} INFO - Exporting env vars: AIRFLOW_CTX_DAG_OWNER='***' AIRFLOW_CTX_DAG_ID='etl_***' AIRFLOW_CTX_TASK_ID='transform' AIRFLOW_CTX_EXECUTION_DATE='2024-10-10T00:00:00+00:00' AIRFLOW_CTX_TRY_NUMBER='1' AIRFLOW_CTX_DAG_RUN_ID='scheduled__2024-10-10T00:00:00+00:00'
[2025-12-17T04:52:18.894+0000] {taskinstance.py:2698} ERROR - Task failed with exception
Traceback (most recent call last):
  File "/home/airflow/.local/lib/python3.8/site-packages/airflow/models/taskinstance.py", line 433, in _execute_task
    result = execute_callable(context=context, **execute_callable_kwargs)
  File "/home/airflow/.local/lib/python3.8/site-packages/airflow/operators/python.py", line 199, in execute
    return_value = self.execute_callable()
  File "/home/airflow/.local/lib/python3.8/site-packages/airflow/operators/python.py", line 216, in execute_callable
    return self.python_callable(*self.op_args, **self.op_kwargs)
TypeError: transform_data() missing 1 required positional argument: 'df'
[2025-12-17T04:52:18.907+0000] {taskinstance.py:1138} INFO - Marking task as UP_FOR_RETRY. dag_id=etl_***, task_id=transform, execution_date=20241010T000000, start_date=20251217T045218, end_date=20251217T045218
[2025-12-17T04:52:18.928+0000] {standard_task_runner.py:107} ERROR - Failed to execute job 1117 for task transform (transform_data() missing 1 required positional argument: 'df'; 3900)
[2025-12-17T04:52:18.967+0000] {local_task_job_runner.py:234} INFO - Task exited with return code 1
[2025-12-17T04:52:19.001+0000] {taskinstance.py:3280} INFO - 0 downstream tasks scheduled from follow-on schedule check
[2025-12-17T07:57:21.269+0000] {taskinstance.py:1956} INFO - Dependencies all met for dep_context=non-requeueable deps ti=<TaskInstance: etl_airflow.transform scheduled__2024-10-10T00:00:00+00:00 [queued]>
[2025-12-17T07:57:21.296+0000] {taskinstance.py:1956} INFO - Dependencies all met for dep_context=requeueable deps ti=<TaskInstance: etl_airflow.transform scheduled__2024-10-10T00:00:00+00:00 [queued]>
[2025-12-17T07:57:21.298+0000] {taskinstance.py:2170} INFO - Starting attempt 1 of 3
[2025-12-17T07:57:21.332+0000] {taskinstance.py:2191} INFO - Executing <Task(PythonOperator): transform> on 2024-10-10 00:00:00+00:00
[2025-12-17T07:57:21.343+0000] {standard_task_runner.py:60} INFO - Started process 4001 to run task
[2025-12-17T07:57:21.353+0000] {standard_task_runner.py:87} INFO - Running: ['***', 'tasks', 'run', 'etl_***', 'transform', 'scheduled__2024-10-10T00:00:00+00:00', '--job-id', '1120', '--raw', '--subdir', 'DAGS_FOLDER/etl_***.py', '--cfg-path', '/tmp/tmptiocxh9c']
[2025-12-17T07:57:21.360+0000] {standard_task_runner.py:88} INFO - Job 1120: Subtask transform
[2025-12-17T07:57:21.490+0000] {task_command.py:423} INFO - Running <TaskInstance: etl_airflow.transform scheduled__2024-10-10T00:00:00+00:00 [running]> on host 2a0de06c8905
[2025-12-17T07:57:21.900+0000] {taskinstance.py:2480} INFO - Exporting env vars: AIRFLOW_CTX_DAG_OWNER='***' AIRFLOW_CTX_DAG_ID='etl_***' AIRFLOW_CTX_TASK_ID='transform' AIRFLOW_CTX_EXECUTION_DATE='2024-10-10T00:00:00+00:00' AIRFLOW_CTX_TRY_NUMBER='1' AIRFLOW_CTX_DAG_RUN_ID='scheduled__2024-10-10T00:00:00+00:00'
[2025-12-17T07:57:21.903+0000] {taskinstance.py:2698} ERROR - Task failed with exception
Traceback (most recent call last):
  File "/home/airflow/.local/lib/python3.8/site-packages/airflow/models/taskinstance.py", line 433, in _execute_task
    result = execute_callable(context=context, **execute_callable_kwargs)
  File "/home/airflow/.local/lib/python3.8/site-packages/airflow/operators/python.py", line 199, in execute
    return_value = self.execute_callable()
  File "/home/airflow/.local/lib/python3.8/site-packages/airflow/operators/python.py", line 216, in execute_callable
    return self.python_callable(*self.op_args, **self.op_kwargs)
TypeError: transform_data() missing 1 required positional argument: 'df'
[2025-12-17T07:57:21.918+0000] {taskinstance.py:1138} INFO - Marking task as UP_FOR_RETRY. dag_id=etl_***, task_id=transform, execution_date=20241010T000000, start_date=20251217T075721, end_date=20251217T075721
[2025-12-17T07:57:21.938+0000] {standard_task_runner.py:107} ERROR - Failed to execute job 1120 for task transform (transform_data() missing 1 required positional argument: 'df'; 4001)
[2025-12-17T07:57:21.966+0000] {local_task_job_runner.py:234} INFO - Task exited with return code 1
[2025-12-17T07:57:22.011+0000] {taskinstance.py:3280} INFO - 0 downstream tasks scheduled from follow-on schedule check
