[2025-12-16T17:13:45.584+0000] {taskinstance.py:1956} INFO - Dependencies all met for dep_context=non-requeueable deps ti=<TaskInstance: etl_airflow.transform scheduled__2024-08-25T00:00:00+00:00 [queued]>
[2025-12-16T17:13:45.612+0000] {taskinstance.py:1956} INFO - Dependencies all met for dep_context=requeueable deps ti=<TaskInstance: etl_airflow.transform scheduled__2024-08-25T00:00:00+00:00 [queued]>
[2025-12-16T17:13:45.614+0000] {taskinstance.py:2170} INFO - Starting attempt 2 of 3
[2025-12-16T17:13:45.744+0000] {taskinstance.py:2191} INFO - Executing <Task(PythonOperator): transform> on 2024-08-25 00:00:00+00:00
[2025-12-16T17:13:45.789+0000] {standard_task_runner.py:60} INFO - Started process 929 to run task
[2025-12-16T17:13:45.799+0000] {standard_task_runner.py:87} INFO - Running: ['***', 'tasks', 'run', 'etl_***', 'transform', 'scheduled__2024-08-25T00:00:00+00:00', '--job-id', '4365', '--raw', '--subdir', 'DAGS_FOLDER/etl_dag.py', '--cfg-path', '/tmp/tmp49noi9zk']
[2025-12-16T17:13:45.806+0000] {standard_task_runner.py:88} INFO - Job 4365: Subtask transform
[2025-12-16T17:13:46.023+0000] {task_command.py:423} INFO - Running <TaskInstance: etl_airflow.transform scheduled__2024-08-25T00:00:00+00:00 [running]> on host 3b89cfee50e9
[2025-12-16T17:13:46.497+0000] {taskinstance.py:2480} INFO - Exporting env vars: AIRFLOW_CTX_DAG_OWNER='***' AIRFLOW_CTX_DAG_ID='etl_***' AIRFLOW_CTX_TASK_ID='transform' AIRFLOW_CTX_EXECUTION_DATE='2024-08-25T00:00:00+00:00' AIRFLOW_CTX_TRY_NUMBER='2' AIRFLOW_CTX_DAG_RUN_ID='scheduled__2024-08-25T00:00:00+00:00'
[2025-12-16T17:13:46.506+0000] {logging_mixin.py:188} INFO - [TRANSFORM]
[2025-12-16T17:13:47.020+0000] {logging_mixin.py:188} INFO - [TRANSFORM] done
[2025-12-16T17:13:47.028+0000] {python.py:201} INFO - Done. Returned value was: None
[2025-12-16T17:13:47.064+0000] {taskinstance.py:1138} INFO - Marking task as SUCCESS. dag_id=etl_***, task_id=transform, execution_date=20240825T000000, start_date=20251216T171345, end_date=20251216T171347
[2025-12-16T17:13:47.180+0000] {local_task_job_runner.py:234} INFO - Task exited with return code 0
[2025-12-16T17:13:47.272+0000] {taskinstance.py:3280} INFO - 1 downstream tasks scheduled from follow-on schedule check
[2025-12-17T04:50:47.754+0000] {taskinstance.py:1956} INFO - Dependencies all met for dep_context=non-requeueable deps ti=<TaskInstance: etl_airflow.transform scheduled__2024-08-25T00:00:00+00:00 [queued]>
[2025-12-17T04:50:47.768+0000] {taskinstance.py:1956} INFO - Dependencies all met for dep_context=requeueable deps ti=<TaskInstance: etl_airflow.transform scheduled__2024-08-25T00:00:00+00:00 [queued]>
[2025-12-17T04:50:47.769+0000] {taskinstance.py:2170} INFO - Starting attempt 2 of 3
[2025-12-17T04:50:47.795+0000] {taskinstance.py:2191} INFO - Executing <Task(PythonOperator): transform> on 2024-08-25 00:00:00+00:00
[2025-12-17T04:50:47.807+0000] {standard_task_runner.py:60} INFO - Started process 3327 to run task
[2025-12-17T04:50:47.814+0000] {standard_task_runner.py:87} INFO - Running: ['***', 'tasks', 'run', 'etl_***', 'transform', 'scheduled__2024-08-25T00:00:00+00:00', '--job-id', '942', '--raw', '--subdir', 'DAGS_FOLDER/etl_***.py', '--cfg-path', '/tmp/tmp2xta9hhu']
[2025-12-17T04:50:47.819+0000] {standard_task_runner.py:88} INFO - Job 942: Subtask transform
[2025-12-17T04:50:47.963+0000] {task_command.py:423} INFO - Running <TaskInstance: etl_airflow.transform scheduled__2024-08-25T00:00:00+00:00 [running]> on host b3426f05ac70
[2025-12-17T04:50:48.358+0000] {taskinstance.py:2480} INFO - Exporting env vars: AIRFLOW_CTX_DAG_OWNER='***' AIRFLOW_CTX_DAG_ID='etl_***' AIRFLOW_CTX_TASK_ID='transform' AIRFLOW_CTX_EXECUTION_DATE='2024-08-25T00:00:00+00:00' AIRFLOW_CTX_TRY_NUMBER='2' AIRFLOW_CTX_DAG_RUN_ID='scheduled__2024-08-25T00:00:00+00:00'
[2025-12-17T04:50:48.360+0000] {taskinstance.py:2698} ERROR - Task failed with exception
Traceback (most recent call last):
  File "/home/airflow/.local/lib/python3.8/site-packages/airflow/models/taskinstance.py", line 433, in _execute_task
    result = execute_callable(context=context, **execute_callable_kwargs)
  File "/home/airflow/.local/lib/python3.8/site-packages/airflow/operators/python.py", line 199, in execute
    return_value = self.execute_callable()
  File "/home/airflow/.local/lib/python3.8/site-packages/airflow/operators/python.py", line 216, in execute_callable
    return self.python_callable(*self.op_args, **self.op_kwargs)
TypeError: transform_data() missing 1 required positional argument: 'df'
[2025-12-17T04:50:48.371+0000] {taskinstance.py:1138} INFO - Marking task as UP_FOR_RETRY. dag_id=etl_***, task_id=transform, execution_date=20240825T000000, start_date=20251217T045047, end_date=20251217T045048
[2025-12-17T04:50:48.418+0000] {standard_task_runner.py:107} ERROR - Failed to execute job 942 for task transform (transform_data() missing 1 required positional argument: 'df'; 3327)
[2025-12-17T04:50:48.472+0000] {local_task_job_runner.py:234} INFO - Task exited with return code 1
[2025-12-17T04:50:48.557+0000] {taskinstance.py:3280} INFO - 0 downstream tasks scheduled from follow-on schedule check
[2025-12-17T07:44:39.333+0000] {taskinstance.py:1956} INFO - Dependencies all met for dep_context=non-requeueable deps ti=<TaskInstance: etl_airflow.transform scheduled__2024-08-25T00:00:00+00:00 [queued]>
[2025-12-17T07:44:39.363+0000] {taskinstance.py:1956} INFO - Dependencies all met for dep_context=requeueable deps ti=<TaskInstance: etl_airflow.transform scheduled__2024-08-25T00:00:00+00:00 [queued]>
[2025-12-17T07:44:39.364+0000] {taskinstance.py:2170} INFO - Starting attempt 2 of 3
[2025-12-17T07:44:39.384+0000] {taskinstance.py:2191} INFO - Executing <Task(PythonOperator): transform> on 2024-08-25 00:00:00+00:00
[2025-12-17T07:44:39.393+0000] {standard_task_runner.py:60} INFO - Started process 3408 to run task
[2025-12-17T07:44:39.401+0000] {standard_task_runner.py:87} INFO - Running: ['***', 'tasks', 'run', 'etl_***', 'transform', 'scheduled__2024-08-25T00:00:00+00:00', '--job-id', '945', '--raw', '--subdir', 'DAGS_FOLDER/etl_***.py', '--cfg-path', '/tmp/tmpjuac5vpn']
[2025-12-17T07:44:39.404+0000] {standard_task_runner.py:88} INFO - Job 945: Subtask transform
[2025-12-17T07:44:39.541+0000] {task_command.py:423} INFO - Running <TaskInstance: etl_airflow.transform scheduled__2024-08-25T00:00:00+00:00 [running]> on host 2a0de06c8905
[2025-12-17T07:44:39.996+0000] {taskinstance.py:2480} INFO - Exporting env vars: AIRFLOW_CTX_DAG_OWNER='***' AIRFLOW_CTX_DAG_ID='etl_***' AIRFLOW_CTX_TASK_ID='transform' AIRFLOW_CTX_EXECUTION_DATE='2024-08-25T00:00:00+00:00' AIRFLOW_CTX_TRY_NUMBER='2' AIRFLOW_CTX_DAG_RUN_ID='scheduled__2024-08-25T00:00:00+00:00'
[2025-12-17T07:44:40.000+0000] {taskinstance.py:2698} ERROR - Task failed with exception
Traceback (most recent call last):
  File "/home/airflow/.local/lib/python3.8/site-packages/airflow/models/taskinstance.py", line 433, in _execute_task
    result = execute_callable(context=context, **execute_callable_kwargs)
  File "/home/airflow/.local/lib/python3.8/site-packages/airflow/operators/python.py", line 199, in execute
    return_value = self.execute_callable()
  File "/home/airflow/.local/lib/python3.8/site-packages/airflow/operators/python.py", line 216, in execute_callable
    return self.python_callable(*self.op_args, **self.op_kwargs)
TypeError: transform_data() missing 1 required positional argument: 'df'
[2025-12-17T07:44:40.015+0000] {taskinstance.py:1138} INFO - Marking task as UP_FOR_RETRY. dag_id=etl_***, task_id=transform, execution_date=20240825T000000, start_date=20251217T074439, end_date=20251217T074440
[2025-12-17T07:44:40.060+0000] {standard_task_runner.py:107} ERROR - Failed to execute job 945 for task transform (transform_data() missing 1 required positional argument: 'df'; 3408)
[2025-12-17T07:44:40.097+0000] {local_task_job_runner.py:234} INFO - Task exited with return code 1
[2025-12-17T07:44:40.164+0000] {taskinstance.py:3280} INFO - 0 downstream tasks scheduled from follow-on schedule check
