[2025-12-16T17:13:26.105+0000] {taskinstance.py:1956} INFO - Dependencies all met for dep_context=non-requeueable deps ti=<TaskInstance: etl_airflow.transform scheduled__2024-08-20T00:00:00+00:00 [queued]>
[2025-12-16T17:13:26.139+0000] {taskinstance.py:1956} INFO - Dependencies all met for dep_context=requeueable deps ti=<TaskInstance: etl_airflow.transform scheduled__2024-08-20T00:00:00+00:00 [queued]>
[2025-12-16T17:13:26.142+0000] {taskinstance.py:2170} INFO - Starting attempt 1 of 3
[2025-12-16T17:13:26.177+0000] {taskinstance.py:2191} INFO - Executing <Task(PythonOperator): transform> on 2024-08-20 00:00:00+00:00
[2025-12-16T17:13:26.191+0000] {standard_task_runner.py:60} INFO - Started process 719 to run task
[2025-12-16T17:13:26.201+0000] {standard_task_runner.py:87} INFO - Running: ['***', 'tasks', 'run', 'etl_***', 'transform', 'scheduled__2024-08-20T00:00:00+00:00', '--job-id', '4305', '--raw', '--subdir', 'DAGS_FOLDER/etl_dag.py', '--cfg-path', '/tmp/tmploncxn0g']
[2025-12-16T17:13:26.207+0000] {standard_task_runner.py:88} INFO - Job 4305: Subtask transform
[2025-12-16T17:13:26.400+0000] {task_command.py:423} INFO - Running <TaskInstance: etl_airflow.transform scheduled__2024-08-20T00:00:00+00:00 [running]> on host 3b89cfee50e9
[2025-12-16T17:13:26.700+0000] {taskinstance.py:2480} INFO - Exporting env vars: AIRFLOW_CTX_DAG_OWNER='***' AIRFLOW_CTX_DAG_ID='etl_***' AIRFLOW_CTX_TASK_ID='transform' AIRFLOW_CTX_EXECUTION_DATE='2024-08-20T00:00:00+00:00' AIRFLOW_CTX_TRY_NUMBER='1' AIRFLOW_CTX_DAG_RUN_ID='scheduled__2024-08-20T00:00:00+00:00'
[2025-12-16T17:13:26.710+0000] {logging_mixin.py:188} INFO - [TRANSFORM]
[2025-12-16T17:13:27.083+0000] {logging_mixin.py:188} INFO - [TRANSFORM] done
[2025-12-16T17:13:27.084+0000] {python.py:201} INFO - Done. Returned value was: None
[2025-12-16T17:13:27.102+0000] {taskinstance.py:1138} INFO - Marking task as SUCCESS. dag_id=etl_***, task_id=transform, execution_date=20240820T000000, start_date=20251216T171326, end_date=20251216T171327
[2025-12-16T17:13:27.181+0000] {local_task_job_runner.py:234} INFO - Task exited with return code 0
[2025-12-16T17:13:27.214+0000] {taskinstance.py:3280} INFO - 1 downstream tasks scheduled from follow-on schedule check
[2025-12-17T01:54:13.736+0000] {taskinstance.py:1956} INFO - Dependencies all met for dep_context=non-requeueable deps ti=<TaskInstance: etl_airflow.transform scheduled__2024-08-20T00:00:00+00:00 [queued]>
[2025-12-17T01:54:13.781+0000] {taskinstance.py:1956} INFO - Dependencies all met for dep_context=requeueable deps ti=<TaskInstance: etl_airflow.transform scheduled__2024-08-20T00:00:00+00:00 [queued]>
[2025-12-17T01:54:13.785+0000] {taskinstance.py:2170} INFO - Starting attempt 1 of 3
[2025-12-17T01:54:13.837+0000] {taskinstance.py:2191} INFO - Executing <Task(PythonOperator): transform> on 2024-08-20 00:00:00+00:00
[2025-12-17T01:54:13.861+0000] {standard_task_runner.py:60} INFO - Started process 2457 to run task
[2025-12-17T01:54:13.870+0000] {standard_task_runner.py:87} INFO - Running: ['***', 'tasks', 'run', 'etl_***', 'transform', 'scheduled__2024-08-20T00:00:00+00:00', '--job-id', '706', '--raw', '--subdir', 'DAGS_FOLDER/etl_dag.py', '--cfg-path', '/tmp/tmp7hjqkc89']
[2025-12-17T01:54:13.877+0000] {standard_task_runner.py:88} INFO - Job 706: Subtask transform
[2025-12-17T01:54:14.164+0000] {task_command.py:423} INFO - Running <TaskInstance: etl_airflow.transform scheduled__2024-08-20T00:00:00+00:00 [running]> on host 571e042550da
[2025-12-17T01:54:14.790+0000] {taskinstance.py:2480} INFO - Exporting env vars: AIRFLOW_CTX_DAG_OWNER='***' AIRFLOW_CTX_DAG_ID='etl_***' AIRFLOW_CTX_TASK_ID='transform' AIRFLOW_CTX_EXECUTION_DATE='2024-08-20T00:00:00+00:00' AIRFLOW_CTX_TRY_NUMBER='1' AIRFLOW_CTX_DAG_RUN_ID='scheduled__2024-08-20T00:00:00+00:00'
[2025-12-17T01:54:14.794+0000] {logging_mixin.py:188} INFO - [TRANSFORM]
[2025-12-17T01:54:14.849+0000] {logging_mixin.py:188} INFO - [TRANSFORM] done
[2025-12-17T01:54:14.857+0000] {python.py:201} INFO - Done. Returned value was: None
[2025-12-17T01:54:14.898+0000] {taskinstance.py:1138} INFO - Marking task as SUCCESS. dag_id=etl_***, task_id=transform, execution_date=20240820T000000, start_date=20251217T015413, end_date=20251217T015414
[2025-12-17T01:54:14.995+0000] {local_task_job_runner.py:234} INFO - Task exited with return code 0
[2025-12-17T01:54:15.065+0000] {taskinstance.py:3280} INFO - 1 downstream tasks scheduled from follow-on schedule check
[2025-12-17T04:50:32.609+0000] {taskinstance.py:1956} INFO - Dependencies all met for dep_context=non-requeueable deps ti=<TaskInstance: etl_airflow.transform scheduled__2024-08-20T00:00:00+00:00 [queued]>
[2025-12-17T04:50:32.629+0000] {taskinstance.py:1956} INFO - Dependencies all met for dep_context=requeueable deps ti=<TaskInstance: etl_airflow.transform scheduled__2024-08-20T00:00:00+00:00 [queued]>
[2025-12-17T04:50:32.630+0000] {taskinstance.py:2170} INFO - Starting attempt 1 of 3
[2025-12-17T04:50:32.829+0000] {taskinstance.py:2191} INFO - Executing <Task(PythonOperator): transform> on 2024-08-20 00:00:00+00:00
[2025-12-17T04:50:32.849+0000] {standard_task_runner.py:60} INFO - Started process 3258 to run task
[2025-12-17T04:50:32.855+0000] {standard_task_runner.py:87} INFO - Running: ['***', 'tasks', 'run', 'etl_***', 'transform', 'scheduled__2024-08-20T00:00:00+00:00', '--job-id', '921', '--raw', '--subdir', 'DAGS_FOLDER/etl_***.py', '--cfg-path', '/tmp/tmp96xw0sxh']
[2025-12-17T04:50:32.876+0000] {standard_task_runner.py:88} INFO - Job 921: Subtask transform
[2025-12-17T04:50:33.094+0000] {task_command.py:423} INFO - Running <TaskInstance: etl_airflow.transform scheduled__2024-08-20T00:00:00+00:00 [running]> on host b3426f05ac70
[2025-12-17T04:50:33.572+0000] {taskinstance.py:2480} INFO - Exporting env vars: AIRFLOW_CTX_DAG_OWNER='***' AIRFLOW_CTX_DAG_ID='etl_***' AIRFLOW_CTX_TASK_ID='transform' AIRFLOW_CTX_EXECUTION_DATE='2024-08-20T00:00:00+00:00' AIRFLOW_CTX_TRY_NUMBER='1' AIRFLOW_CTX_DAG_RUN_ID='scheduled__2024-08-20T00:00:00+00:00'
[2025-12-17T04:50:33.576+0000] {taskinstance.py:2698} ERROR - Task failed with exception
Traceback (most recent call last):
  File "/home/airflow/.local/lib/python3.8/site-packages/airflow/models/taskinstance.py", line 433, in _execute_task
    result = execute_callable(context=context, **execute_callable_kwargs)
  File "/home/airflow/.local/lib/python3.8/site-packages/airflow/operators/python.py", line 199, in execute
    return_value = self.execute_callable()
  File "/home/airflow/.local/lib/python3.8/site-packages/airflow/operators/python.py", line 216, in execute_callable
    return self.python_callable(*self.op_args, **self.op_kwargs)
TypeError: transform_data() missing 1 required positional argument: 'df'
[2025-12-17T04:50:33.591+0000] {taskinstance.py:1138} INFO - Marking task as UP_FOR_RETRY. dag_id=etl_***, task_id=transform, execution_date=20240820T000000, start_date=20251217T045032, end_date=20251217T045033
[2025-12-17T04:50:33.609+0000] {standard_task_runner.py:107} ERROR - Failed to execute job 921 for task transform (transform_data() missing 1 required positional argument: 'df'; 3258)
[2025-12-17T04:50:33.656+0000] {local_task_job_runner.py:234} INFO - Task exited with return code 1
[2025-12-17T04:50:33.703+0000] {taskinstance.py:3280} INFO - 0 downstream tasks scheduled from follow-on schedule check
[2025-12-17T07:44:24.593+0000] {taskinstance.py:1956} INFO - Dependencies all met for dep_context=non-requeueable deps ti=<TaskInstance: etl_airflow.transform scheduled__2024-08-20T00:00:00+00:00 [queued]>
[2025-12-17T07:44:24.611+0000] {taskinstance.py:1956} INFO - Dependencies all met for dep_context=requeueable deps ti=<TaskInstance: etl_airflow.transform scheduled__2024-08-20T00:00:00+00:00 [queued]>
[2025-12-17T07:44:24.613+0000] {taskinstance.py:2170} INFO - Starting attempt 1 of 3
[2025-12-17T07:44:24.637+0000] {taskinstance.py:2191} INFO - Executing <Task(PythonOperator): transform> on 2024-08-20 00:00:00+00:00
[2025-12-17T07:44:24.647+0000] {standard_task_runner.py:60} INFO - Started process 3331 to run task
[2025-12-17T07:44:24.653+0000] {standard_task_runner.py:87} INFO - Running: ['***', 'tasks', 'run', 'etl_***', 'transform', 'scheduled__2024-08-20T00:00:00+00:00', '--job-id', '924', '--raw', '--subdir', 'DAGS_FOLDER/etl_***.py', '--cfg-path', '/tmp/tmpu2hh7zdx']
[2025-12-17T07:44:24.658+0000] {standard_task_runner.py:88} INFO - Job 924: Subtask transform
[2025-12-17T07:44:24.809+0000] {task_command.py:423} INFO - Running <TaskInstance: etl_airflow.transform scheduled__2024-08-20T00:00:00+00:00 [running]> on host 2a0de06c8905
[2025-12-17T07:44:25.383+0000] {taskinstance.py:2480} INFO - Exporting env vars: AIRFLOW_CTX_DAG_OWNER='***' AIRFLOW_CTX_DAG_ID='etl_***' AIRFLOW_CTX_TASK_ID='transform' AIRFLOW_CTX_EXECUTION_DATE='2024-08-20T00:00:00+00:00' AIRFLOW_CTX_TRY_NUMBER='1' AIRFLOW_CTX_DAG_RUN_ID='scheduled__2024-08-20T00:00:00+00:00'
[2025-12-17T07:44:25.387+0000] {taskinstance.py:2698} ERROR - Task failed with exception
Traceback (most recent call last):
  File "/home/airflow/.local/lib/python3.8/site-packages/airflow/models/taskinstance.py", line 433, in _execute_task
    result = execute_callable(context=context, **execute_callable_kwargs)
  File "/home/airflow/.local/lib/python3.8/site-packages/airflow/operators/python.py", line 199, in execute
    return_value = self.execute_callable()
  File "/home/airflow/.local/lib/python3.8/site-packages/airflow/operators/python.py", line 216, in execute_callable
    return self.python_callable(*self.op_args, **self.op_kwargs)
TypeError: transform_data() missing 1 required positional argument: 'df'
[2025-12-17T07:44:25.411+0000] {taskinstance.py:1138} INFO - Marking task as UP_FOR_RETRY. dag_id=etl_***, task_id=transform, execution_date=20240820T000000, start_date=20251217T074424, end_date=20251217T074425
[2025-12-17T07:44:25.445+0000] {standard_task_runner.py:107} ERROR - Failed to execute job 924 for task transform (transform_data() missing 1 required positional argument: 'df'; 3331)
[2025-12-17T07:44:25.515+0000] {local_task_job_runner.py:234} INFO - Task exited with return code 1
[2025-12-17T07:44:25.627+0000] {taskinstance.py:3280} INFO - 0 downstream tasks scheduled from follow-on schedule check
