[2025-12-16T17:19:47.591+0000] {taskinstance.py:1956} INFO - Dependencies all met for dep_context=non-requeueable deps ti=<TaskInstance: etl_airflow.transform scheduled__2024-05-07T00:00:00+00:00 [queued]>
[2025-12-16T17:19:47.621+0000] {taskinstance.py:1956} INFO - Dependencies all met for dep_context=requeueable deps ti=<TaskInstance: etl_airflow.transform scheduled__2024-05-07T00:00:00+00:00 [queued]>
[2025-12-16T17:19:47.622+0000] {taskinstance.py:2170} INFO - Starting attempt 2 of 4
[2025-12-16T17:19:47.664+0000] {taskinstance.py:2191} INFO - Executing <Task(PythonOperator): transform> on 2024-05-07 00:00:00+00:00
[2025-12-16T17:19:47.680+0000] {standard_task_runner.py:60} INFO - Started process 4567 to run task
[2025-12-16T17:19:47.694+0000] {standard_task_runner.py:87} INFO - Running: ['***', 'tasks', 'run', 'etl_***', 'transform', 'scheduled__2024-05-07T00:00:00+00:00', '--job-id', '5522', '--raw', '--subdir', 'DAGS_FOLDER/etl_dag.py', '--cfg-path', '/tmp/tmpqoivu4lx']
[2025-12-16T17:19:47.700+0000] {standard_task_runner.py:88} INFO - Job 5522: Subtask transform
[2025-12-16T17:19:47.868+0000] {task_command.py:423} INFO - Running <TaskInstance: etl_airflow.transform scheduled__2024-05-07T00:00:00+00:00 [running]> on host 3b89cfee50e9
[2025-12-16T17:19:48.069+0000] {taskinstance.py:2480} INFO - Exporting env vars: AIRFLOW_CTX_DAG_OWNER='***' AIRFLOW_CTX_DAG_ID='etl_***' AIRFLOW_CTX_TASK_ID='transform' AIRFLOW_CTX_EXECUTION_DATE='2024-05-07T00:00:00+00:00' AIRFLOW_CTX_TRY_NUMBER='2' AIRFLOW_CTX_DAG_RUN_ID='scheduled__2024-05-07T00:00:00+00:00'
[2025-12-16T17:19:48.075+0000] {logging_mixin.py:188} INFO - [TRANSFORM]
[2025-12-16T17:19:48.469+0000] {logging_mixin.py:188} INFO - [TRANSFORM] done
[2025-12-16T17:19:48.471+0000] {python.py:201} INFO - Done. Returned value was: None
[2025-12-16T17:19:48.509+0000] {taskinstance.py:1138} INFO - Marking task as SUCCESS. dag_id=etl_***, task_id=transform, execution_date=20240507T000000, start_date=20251216T171947, end_date=20251216T171948
[2025-12-16T17:19:48.613+0000] {local_task_job_runner.py:234} INFO - Task exited with return code 0
[2025-12-16T17:19:48.960+0000] {taskinstance.py:3280} INFO - 0 downstream tasks scheduled from follow-on schedule check
[2025-12-17T04:46:46.806+0000] {taskinstance.py:1956} INFO - Dependencies all met for dep_context=non-requeueable deps ti=<TaskInstance: etl_airflow.transform scheduled__2024-05-07T00:00:00+00:00 [queued]>
[2025-12-17T04:46:46.820+0000] {taskinstance.py:1956} INFO - Dependencies all met for dep_context=requeueable deps ti=<TaskInstance: etl_airflow.transform scheduled__2024-05-07T00:00:00+00:00 [queued]>
[2025-12-17T04:46:46.821+0000] {taskinstance.py:2170} INFO - Starting attempt 2 of 3
[2025-12-17T04:46:46.845+0000] {taskinstance.py:2191} INFO - Executing <Task(PythonOperator): transform> on 2024-05-07 00:00:00+00:00
[2025-12-17T04:46:46.854+0000] {standard_task_runner.py:60} INFO - Started process 1848 to run task
[2025-12-17T04:46:46.864+0000] {standard_task_runner.py:87} INFO - Running: ['***', 'tasks', 'run', 'etl_***', 'transform', 'scheduled__2024-05-07T00:00:00+00:00', '--job-id', '497', '--raw', '--subdir', 'DAGS_FOLDER/etl_***.py', '--cfg-path', '/tmp/tmp3dvow04a']
[2025-12-17T04:46:46.870+0000] {standard_task_runner.py:88} INFO - Job 497: Subtask transform
[2025-12-17T04:46:46.997+0000] {task_command.py:423} INFO - Running <TaskInstance: etl_airflow.transform scheduled__2024-05-07T00:00:00+00:00 [running]> on host b3426f05ac70
[2025-12-17T04:46:47.415+0000] {taskinstance.py:2480} INFO - Exporting env vars: AIRFLOW_CTX_DAG_OWNER='***' AIRFLOW_CTX_DAG_ID='etl_***' AIRFLOW_CTX_TASK_ID='transform' AIRFLOW_CTX_EXECUTION_DATE='2024-05-07T00:00:00+00:00' AIRFLOW_CTX_TRY_NUMBER='2' AIRFLOW_CTX_DAG_RUN_ID='scheduled__2024-05-07T00:00:00+00:00'
[2025-12-17T04:46:47.417+0000] {taskinstance.py:2698} ERROR - Task failed with exception
Traceback (most recent call last):
  File "/home/airflow/.local/lib/python3.8/site-packages/airflow/models/taskinstance.py", line 433, in _execute_task
    result = execute_callable(context=context, **execute_callable_kwargs)
  File "/home/airflow/.local/lib/python3.8/site-packages/airflow/operators/python.py", line 199, in execute
    return_value = self.execute_callable()
  File "/home/airflow/.local/lib/python3.8/site-packages/airflow/operators/python.py", line 216, in execute_callable
    return self.python_callable(*self.op_args, **self.op_kwargs)
TypeError: transform_data() missing 1 required positional argument: 'df'
[2025-12-17T04:46:47.427+0000] {taskinstance.py:1138} INFO - Marking task as UP_FOR_RETRY. dag_id=etl_***, task_id=transform, execution_date=20240507T000000, start_date=20251217T044646, end_date=20251217T044647
[2025-12-17T04:46:47.444+0000] {standard_task_runner.py:107} ERROR - Failed to execute job 497 for task transform (transform_data() missing 1 required positional argument: 'df'; 1848)
[2025-12-17T04:46:47.477+0000] {local_task_job_runner.py:234} INFO - Task exited with return code 1
[2025-12-17T04:46:47.542+0000] {taskinstance.py:3280} INFO - 0 downstream tasks scheduled from follow-on schedule check
[2025-12-17T07:40:44.179+0000] {taskinstance.py:1956} INFO - Dependencies all met for dep_context=non-requeueable deps ti=<TaskInstance: etl_airflow.transform scheduled__2024-05-07T00:00:00+00:00 [queued]>
[2025-12-17T07:40:44.199+0000] {taskinstance.py:1956} INFO - Dependencies all met for dep_context=requeueable deps ti=<TaskInstance: etl_airflow.transform scheduled__2024-05-07T00:00:00+00:00 [queued]>
[2025-12-17T07:40:44.201+0000] {taskinstance.py:2170} INFO - Starting attempt 2 of 3
[2025-12-17T07:40:44.493+0000] {taskinstance.py:2191} INFO - Executing <Task(PythonOperator): transform> on 2024-05-07 00:00:00+00:00
[2025-12-17T07:40:44.503+0000] {standard_task_runner.py:60} INFO - Started process 2091 to run task
[2025-12-17T07:40:44.511+0000] {standard_task_runner.py:87} INFO - Running: ['***', 'tasks', 'run', 'etl_***', 'transform', 'scheduled__2024-05-07T00:00:00+00:00', '--job-id', '546', '--raw', '--subdir', 'DAGS_FOLDER/etl_***.py', '--cfg-path', '/tmp/tmpeaeoaxgz']
[2025-12-17T07:40:44.515+0000] {standard_task_runner.py:88} INFO - Job 546: Subtask transform
[2025-12-17T07:40:44.659+0000] {task_command.py:423} INFO - Running <TaskInstance: etl_airflow.transform scheduled__2024-05-07T00:00:00+00:00 [running]> on host 2a0de06c8905
[2025-12-17T07:40:45.078+0000] {taskinstance.py:2480} INFO - Exporting env vars: AIRFLOW_CTX_DAG_OWNER='***' AIRFLOW_CTX_DAG_ID='etl_***' AIRFLOW_CTX_TASK_ID='transform' AIRFLOW_CTX_EXECUTION_DATE='2024-05-07T00:00:00+00:00' AIRFLOW_CTX_TRY_NUMBER='2' AIRFLOW_CTX_DAG_RUN_ID='scheduled__2024-05-07T00:00:00+00:00'
[2025-12-17T07:40:45.081+0000] {taskinstance.py:2698} ERROR - Task failed with exception
Traceback (most recent call last):
  File "/home/airflow/.local/lib/python3.8/site-packages/airflow/models/taskinstance.py", line 433, in _execute_task
    result = execute_callable(context=context, **execute_callable_kwargs)
  File "/home/airflow/.local/lib/python3.8/site-packages/airflow/operators/python.py", line 199, in execute
    return_value = self.execute_callable()
  File "/home/airflow/.local/lib/python3.8/site-packages/airflow/operators/python.py", line 216, in execute_callable
    return self.python_callable(*self.op_args, **self.op_kwargs)
TypeError: transform_data() missing 1 required positional argument: 'df'
[2025-12-17T07:40:45.098+0000] {taskinstance.py:1138} INFO - Marking task as UP_FOR_RETRY. dag_id=etl_***, task_id=transform, execution_date=20240507T000000, start_date=20251217T074044, end_date=20251217T074045
[2025-12-17T07:40:45.190+0000] {standard_task_runner.py:107} ERROR - Failed to execute job 546 for task transform (transform_data() missing 1 required positional argument: 'df'; 2091)
[2025-12-17T07:40:45.248+0000] {local_task_job_runner.py:234} INFO - Task exited with return code 1
[2025-12-17T07:40:45.577+0000] {taskinstance.py:3280} INFO - 0 downstream tasks scheduled from follow-on schedule check
