[2025-12-17T04:46:58.963+0000] {taskinstance.py:1956} INFO - Dependencies all met for dep_context=non-requeueable deps ti=<TaskInstance: etl_airflow.transform scheduled__2024-05-07T00:00:00+00:00 [queued]>
[2025-12-17T04:46:58.976+0000] {taskinstance.py:1956} INFO - Dependencies all met for dep_context=requeueable deps ti=<TaskInstance: etl_airflow.transform scheduled__2024-05-07T00:00:00+00:00 [queued]>
[2025-12-17T04:46:58.977+0000] {taskinstance.py:2170} INFO - Starting attempt 3 of 3
[2025-12-17T04:46:58.992+0000] {taskinstance.py:2191} INFO - Executing <Task(PythonOperator): transform> on 2024-05-07 00:00:00+00:00
[2025-12-17T04:46:59.000+0000] {standard_task_runner.py:60} INFO - Started process 1912 to run task
[2025-12-17T04:46:59.004+0000] {standard_task_runner.py:87} INFO - Running: ['***', 'tasks', 'run', 'etl_***', 'transform', 'scheduled__2024-05-07T00:00:00+00:00', '--job-id', '511', '--raw', '--subdir', 'DAGS_FOLDER/etl_***.py', '--cfg-path', '/tmp/tmp1ckewaxa']
[2025-12-17T04:46:59.007+0000] {standard_task_runner.py:88} INFO - Job 511: Subtask transform
[2025-12-17T04:46:59.125+0000] {task_command.py:423} INFO - Running <TaskInstance: etl_airflow.transform scheduled__2024-05-07T00:00:00+00:00 [running]> on host b3426f05ac70
[2025-12-17T04:46:59.579+0000] {taskinstance.py:2480} INFO - Exporting env vars: AIRFLOW_CTX_DAG_OWNER='***' AIRFLOW_CTX_DAG_ID='etl_***' AIRFLOW_CTX_TASK_ID='transform' AIRFLOW_CTX_EXECUTION_DATE='2024-05-07T00:00:00+00:00' AIRFLOW_CTX_TRY_NUMBER='3' AIRFLOW_CTX_DAG_RUN_ID='scheduled__2024-05-07T00:00:00+00:00'
[2025-12-17T04:46:59.582+0000] {taskinstance.py:2698} ERROR - Task failed with exception
Traceback (most recent call last):
  File "/home/airflow/.local/lib/python3.8/site-packages/airflow/models/taskinstance.py", line 433, in _execute_task
    result = execute_callable(context=context, **execute_callable_kwargs)
  File "/home/airflow/.local/lib/python3.8/site-packages/airflow/operators/python.py", line 199, in execute
    return_value = self.execute_callable()
  File "/home/airflow/.local/lib/python3.8/site-packages/airflow/operators/python.py", line 216, in execute_callable
    return self.python_callable(*self.op_args, **self.op_kwargs)
TypeError: transform_data() missing 1 required positional argument: 'df'
[2025-12-17T04:46:59.596+0000] {taskinstance.py:1138} INFO - Marking task as FAILED. dag_id=etl_***, task_id=transform, execution_date=20240507T000000, start_date=20251217T044658, end_date=20251217T044659
[2025-12-17T04:46:59.617+0000] {standard_task_runner.py:107} ERROR - Failed to execute job 511 for task transform (transform_data() missing 1 required positional argument: 'df'; 1912)
[2025-12-17T04:46:59.661+0000] {local_task_job_runner.py:234} INFO - Task exited with return code 1
[2025-12-17T04:46:59.744+0000] {taskinstance.py:3280} INFO - 0 downstream tasks scheduled from follow-on schedule check
[2025-12-17T07:40:57.470+0000] {taskinstance.py:1956} INFO - Dependencies all met for dep_context=non-requeueable deps ti=<TaskInstance: etl_airflow.transform scheduled__2024-05-07T00:00:00+00:00 [queued]>
[2025-12-17T07:40:57.507+0000] {taskinstance.py:1956} INFO - Dependencies all met for dep_context=requeueable deps ti=<TaskInstance: etl_airflow.transform scheduled__2024-05-07T00:00:00+00:00 [queued]>
[2025-12-17T07:40:57.510+0000] {taskinstance.py:2170} INFO - Starting attempt 3 of 3
[2025-12-17T07:40:57.563+0000] {taskinstance.py:2191} INFO - Executing <Task(PythonOperator): transform> on 2024-05-07 00:00:00+00:00
[2025-12-17T07:40:57.583+0000] {standard_task_runner.py:60} INFO - Started process 2141 to run task
[2025-12-17T07:40:57.592+0000] {standard_task_runner.py:87} INFO - Running: ['***', 'tasks', 'run', 'etl_***', 'transform', 'scheduled__2024-05-07T00:00:00+00:00', '--job-id', '564', '--raw', '--subdir', 'DAGS_FOLDER/etl_***.py', '--cfg-path', '/tmp/tmpwyi87ku8']
[2025-12-17T07:40:57.595+0000] {standard_task_runner.py:88} INFO - Job 564: Subtask transform
[2025-12-17T07:40:57.760+0000] {task_command.py:423} INFO - Running <TaskInstance: etl_airflow.transform scheduled__2024-05-07T00:00:00+00:00 [running]> on host 2a0de06c8905
[2025-12-17T07:40:58.249+0000] {taskinstance.py:2480} INFO - Exporting env vars: AIRFLOW_CTX_DAG_OWNER='***' AIRFLOW_CTX_DAG_ID='etl_***' AIRFLOW_CTX_TASK_ID='transform' AIRFLOW_CTX_EXECUTION_DATE='2024-05-07T00:00:00+00:00' AIRFLOW_CTX_TRY_NUMBER='3' AIRFLOW_CTX_DAG_RUN_ID='scheduled__2024-05-07T00:00:00+00:00'
[2025-12-17T07:40:58.253+0000] {taskinstance.py:2698} ERROR - Task failed with exception
Traceback (most recent call last):
  File "/home/airflow/.local/lib/python3.8/site-packages/airflow/models/taskinstance.py", line 433, in _execute_task
    result = execute_callable(context=context, **execute_callable_kwargs)
  File "/home/airflow/.local/lib/python3.8/site-packages/airflow/operators/python.py", line 199, in execute
    return_value = self.execute_callable()
  File "/home/airflow/.local/lib/python3.8/site-packages/airflow/operators/python.py", line 216, in execute_callable
    return self.python_callable(*self.op_args, **self.op_kwargs)
TypeError: transform_data() missing 1 required positional argument: 'df'
[2025-12-17T07:40:58.272+0000] {taskinstance.py:1138} INFO - Marking task as FAILED. dag_id=etl_***, task_id=transform, execution_date=20240507T000000, start_date=20251217T074057, end_date=20251217T074058
[2025-12-17T07:40:58.491+0000] {standard_task_runner.py:107} ERROR - Failed to execute job 564 for task transform (transform_data() missing 1 required positional argument: 'df'; 2141)
[2025-12-17T07:40:58.572+0000] {local_task_job_runner.py:234} INFO - Task exited with return code 1
[2025-12-17T07:40:58.848+0000] {taskinstance.py:3280} INFO - 0 downstream tasks scheduled from follow-on schedule check
