[2025-12-17T04:54:10.483+0000] {taskinstance.py:1956} INFO - Dependencies all met for dep_context=non-requeueable deps ti=<TaskInstance: etl_airflow.transform scheduled__2024-11-16T00:00:00+00:00 [queued]>
[2025-12-17T04:54:10.499+0000] {taskinstance.py:1956} INFO - Dependencies all met for dep_context=requeueable deps ti=<TaskInstance: etl_airflow.transform scheduled__2024-11-16T00:00:00+00:00 [queued]>
[2025-12-17T04:54:10.501+0000] {taskinstance.py:2170} INFO - Starting attempt 2 of 3
[2025-12-17T04:54:10.517+0000] {taskinstance.py:2191} INFO - Executing <Task(PythonOperator): transform> on 2024-11-16 00:00:00+00:00
[2025-12-17T04:54:10.525+0000] {standard_task_runner.py:60} INFO - Started process 4557 to run task
[2025-12-17T04:54:10.536+0000] {standard_task_runner.py:87} INFO - Running: ['***', 'tasks', 'run', 'etl_***', 'transform', 'scheduled__2024-11-16T00:00:00+00:00', '--job-id', '1314', '--raw', '--subdir', 'DAGS_FOLDER/etl_***.py', '--cfg-path', '/tmp/tmp5zssxkh3']
[2025-12-17T04:54:10.540+0000] {standard_task_runner.py:88} INFO - Job 1314: Subtask transform
[2025-12-17T04:54:10.666+0000] {task_command.py:423} INFO - Running <TaskInstance: etl_airflow.transform scheduled__2024-11-16T00:00:00+00:00 [running]> on host b3426f05ac70
[2025-12-17T04:54:11.005+0000] {taskinstance.py:2480} INFO - Exporting env vars: AIRFLOW_CTX_DAG_OWNER='***' AIRFLOW_CTX_DAG_ID='etl_***' AIRFLOW_CTX_TASK_ID='transform' AIRFLOW_CTX_EXECUTION_DATE='2024-11-16T00:00:00+00:00' AIRFLOW_CTX_TRY_NUMBER='2' AIRFLOW_CTX_DAG_RUN_ID='scheduled__2024-11-16T00:00:00+00:00'
[2025-12-17T04:54:11.007+0000] {taskinstance.py:2698} ERROR - Task failed with exception
Traceback (most recent call last):
  File "/home/airflow/.local/lib/python3.8/site-packages/airflow/models/taskinstance.py", line 433, in _execute_task
    result = execute_callable(context=context, **execute_callable_kwargs)
  File "/home/airflow/.local/lib/python3.8/site-packages/airflow/operators/python.py", line 199, in execute
    return_value = self.execute_callable()
  File "/home/airflow/.local/lib/python3.8/site-packages/airflow/operators/python.py", line 216, in execute_callable
    return self.python_callable(*self.op_args, **self.op_kwargs)
TypeError: transform_data() missing 1 required positional argument: 'df'
[2025-12-17T04:54:11.018+0000] {taskinstance.py:1138} INFO - Marking task as UP_FOR_RETRY. dag_id=etl_***, task_id=transform, execution_date=20241116T000000, start_date=20251217T045410, end_date=20251217T045411
[2025-12-17T04:54:11.035+0000] {standard_task_runner.py:107} ERROR - Failed to execute job 1314 for task transform (transform_data() missing 1 required positional argument: 'df'; 4557)
[2025-12-17T04:54:11.068+0000] {local_task_job_runner.py:234} INFO - Task exited with return code 1
[2025-12-17T04:54:11.138+0000] {taskinstance.py:3280} INFO - 0 downstream tasks scheduled from follow-on schedule check
[2025-12-17T07:59:27.754+0000] {taskinstance.py:1956} INFO - Dependencies all met for dep_context=non-requeueable deps ti=<TaskInstance: etl_airflow.transform scheduled__2024-11-16T00:00:00+00:00 [queued]>
[2025-12-17T07:59:27.782+0000] {taskinstance.py:1956} INFO - Dependencies all met for dep_context=requeueable deps ti=<TaskInstance: etl_airflow.transform scheduled__2024-11-16T00:00:00+00:00 [queued]>
[2025-12-17T07:59:27.784+0000] {taskinstance.py:2170} INFO - Starting attempt 2 of 3
[2025-12-17T07:59:27.819+0000] {taskinstance.py:2191} INFO - Executing <Task(PythonOperator): transform> on 2024-11-16 00:00:00+00:00
[2025-12-17T07:59:27.833+0000] {standard_task_runner.py:60} INFO - Started process 4660 to run task
[2025-12-17T07:59:27.840+0000] {standard_task_runner.py:87} INFO - Running: ['***', 'tasks', 'run', 'etl_***', 'transform', 'scheduled__2024-11-16T00:00:00+00:00', '--job-id', '1317', '--raw', '--subdir', 'DAGS_FOLDER/etl_***.py', '--cfg-path', '/tmp/tmp848dbe_e']
[2025-12-17T07:59:27.846+0000] {standard_task_runner.py:88} INFO - Job 1317: Subtask transform
[2025-12-17T07:59:27.990+0000] {task_command.py:423} INFO - Running <TaskInstance: etl_airflow.transform scheduled__2024-11-16T00:00:00+00:00 [running]> on host 2a0de06c8905
[2025-12-17T07:59:28.462+0000] {taskinstance.py:2480} INFO - Exporting env vars: AIRFLOW_CTX_DAG_OWNER='***' AIRFLOW_CTX_DAG_ID='etl_***' AIRFLOW_CTX_TASK_ID='transform' AIRFLOW_CTX_EXECUTION_DATE='2024-11-16T00:00:00+00:00' AIRFLOW_CTX_TRY_NUMBER='2' AIRFLOW_CTX_DAG_RUN_ID='scheduled__2024-11-16T00:00:00+00:00'
[2025-12-17T07:59:28.466+0000] {taskinstance.py:2698} ERROR - Task failed with exception
Traceback (most recent call last):
  File "/home/airflow/.local/lib/python3.8/site-packages/airflow/models/taskinstance.py", line 433, in _execute_task
    result = execute_callable(context=context, **execute_callable_kwargs)
  File "/home/airflow/.local/lib/python3.8/site-packages/airflow/operators/python.py", line 199, in execute
    return_value = self.execute_callable()
  File "/home/airflow/.local/lib/python3.8/site-packages/airflow/operators/python.py", line 216, in execute_callable
    return self.python_callable(*self.op_args, **self.op_kwargs)
TypeError: transform_data() missing 1 required positional argument: 'df'
[2025-12-17T07:59:28.483+0000] {taskinstance.py:1138} INFO - Marking task as UP_FOR_RETRY. dag_id=etl_***, task_id=transform, execution_date=20241116T000000, start_date=20251217T075927, end_date=20251217T075928
[2025-12-17T07:59:28.506+0000] {standard_task_runner.py:107} ERROR - Failed to execute job 1317 for task transform (transform_data() missing 1 required positional argument: 'df'; 4660)
[2025-12-17T07:59:28.539+0000] {local_task_job_runner.py:234} INFO - Task exited with return code 1
[2025-12-17T07:59:28.737+0000] {taskinstance.py:3280} INFO - 0 downstream tasks scheduled from follow-on schedule check
