[2025-12-16T17:08:10.443+0000] {taskinstance.py:1956} INFO - Dependencies all met for dep_context=non-requeueable deps ti=<TaskInstance: etl_airflow.transform scheduled__2025-03-18T00:00:00+00:00 [queued]>
[2025-12-16T17:08:10.459+0000] {taskinstance.py:1956} INFO - Dependencies all met for dep_context=requeueable deps ti=<TaskInstance: etl_airflow.transform scheduled__2025-03-18T00:00:00+00:00 [queued]>
[2025-12-16T17:08:10.460+0000] {taskinstance.py:2170} INFO - Starting attempt 2 of 3
[2025-12-16T17:08:10.483+0000] {taskinstance.py:2191} INFO - Executing <Task(PythonOperator): transform> on 2025-03-18 00:00:00+00:00
[2025-12-16T17:08:10.493+0000] {standard_task_runner.py:60} INFO - Started process 1863 to run task
[2025-12-16T17:08:10.499+0000] {standard_task_runner.py:87} INFO - Running: ['***', 'tasks', 'run', 'etl_***', 'transform', 'scheduled__2025-03-18T00:00:00+00:00', '--job-id', '3486', '--raw', '--subdir', 'DAGS_FOLDER/etl_dag.py', '--cfg-path', '/tmp/tmpv13flgo5']
[2025-12-16T17:08:10.502+0000] {standard_task_runner.py:88} INFO - Job 3486: Subtask transform
[2025-12-16T17:08:10.607+0000] {task_command.py:423} INFO - Running <TaskInstance: etl_airflow.transform scheduled__2025-03-18T00:00:00+00:00 [running]> on host db658e834d9d
[2025-12-16T17:08:10.743+0000] {taskinstance.py:2480} INFO - Exporting env vars: AIRFLOW_CTX_DAG_OWNER='***' AIRFLOW_CTX_DAG_ID='etl_***' AIRFLOW_CTX_TASK_ID='transform' AIRFLOW_CTX_EXECUTION_DATE='2025-03-18T00:00:00+00:00' AIRFLOW_CTX_TRY_NUMBER='2' AIRFLOW_CTX_DAG_RUN_ID='scheduled__2025-03-18T00:00:00+00:00'
[2025-12-16T17:08:10.752+0000] {logging_mixin.py:188} INFO - [TRANSFORM]
[2025-12-16T17:08:10.773+0000] {taskinstance.py:2698} ERROR - Task failed with exception
Traceback (most recent call last):
  File "/home/airflow/.local/lib/python3.8/site-packages/airflow/models/taskinstance.py", line 433, in _execute_task
    result = execute_callable(context=context, **execute_callable_kwargs)
  File "/home/airflow/.local/lib/python3.8/site-packages/airflow/operators/python.py", line 199, in execute
    return_value = self.execute_callable()
  File "/home/airflow/.local/lib/python3.8/site-packages/airflow/operators/python.py", line 216, in execute_callable
    return self.python_callable(*self.op_args, **self.op_kwargs)
  File "/opt/airflow/etl_logic/pipeline.py", line 113, in transform_data
    df.to_csv(OUTPUT_PATH, index=False)
  File "/home/airflow/.local/lib/python3.8/site-packages/pandas/core/generic.py", line 3772, in to_csv
    return DataFrameRenderer(formatter).to_csv(
  File "/home/airflow/.local/lib/python3.8/site-packages/pandas/io/formats/format.py", line 1186, in to_csv
    csv_formatter.save()
  File "/home/airflow/.local/lib/python3.8/site-packages/pandas/io/formats/csvs.py", line 240, in save
    with get_handle(
  File "/home/airflow/.local/lib/python3.8/site-packages/pandas/io/common.py", line 737, in get_handle
    check_parent_directory(str(handle))
  File "/home/airflow/.local/lib/python3.8/site-packages/pandas/io/common.py", line 600, in check_parent_directory
    raise OSError(rf"Cannot save file into a non-existent directory: '{parent}'")
OSError: Cannot save file into a non-existent directory: 'E:\GPP\Task_4\comparative-data-orchestrationirflow\data'
[2025-12-16T17:08:10.806+0000] {taskinstance.py:1138} INFO - Marking task as UP_FOR_RETRY. dag_id=etl_***, task_id=transform, execution_date=20250318T000000, start_date=20251216T170810, end_date=20251216T170810
[2025-12-16T17:08:10.825+0000] {standard_task_runner.py:107} ERROR - Failed to execute job 3486 for task transform (Cannot save file into a non-existent directory: 'E:\GPP\Task_4\comparative-data-orchestrationirflow\data'; 1863)
[2025-12-16T17:08:10.874+0000] {local_task_job_runner.py:234} INFO - Task exited with return code 1
[2025-12-16T17:08:10.911+0000] {taskinstance.py:3280} INFO - 0 downstream tasks scheduled from follow-on schedule check
[2025-12-17T04:58:20.765+0000] {taskinstance.py:1956} INFO - Dependencies all met for dep_context=non-requeueable deps ti=<TaskInstance: etl_airflow.transform scheduled__2025-03-18T00:00:00+00:00 [queued]>
[2025-12-17T04:58:20.783+0000] {taskinstance.py:1956} INFO - Dependencies all met for dep_context=requeueable deps ti=<TaskInstance: etl_airflow.transform scheduled__2025-03-18T00:00:00+00:00 [queued]>
[2025-12-17T04:58:20.784+0000] {taskinstance.py:2170} INFO - Starting attempt 2 of 3
[2025-12-17T04:58:20.806+0000] {taskinstance.py:2191} INFO - Executing <Task(PythonOperator): transform> on 2025-03-18 00:00:00+00:00
[2025-12-17T04:58:20.816+0000] {standard_task_runner.py:60} INFO - Started process 6063 to run task
[2025-12-17T04:58:20.823+0000] {standard_task_runner.py:87} INFO - Running: ['***', 'tasks', 'run', 'etl_***', 'transform', 'scheduled__2025-03-18T00:00:00+00:00', '--job-id', '1769', '--raw', '--subdir', 'DAGS_FOLDER/etl_***.py', '--cfg-path', '/tmp/tmpl7brwgsq']
[2025-12-17T04:58:20.830+0000] {standard_task_runner.py:88} INFO - Job 1769: Subtask transform
[2025-12-17T04:58:20.950+0000] {task_command.py:423} INFO - Running <TaskInstance: etl_airflow.transform scheduled__2025-03-18T00:00:00+00:00 [running]> on host b3426f05ac70
[2025-12-17T04:58:21.354+0000] {taskinstance.py:2480} INFO - Exporting env vars: AIRFLOW_CTX_DAG_OWNER='***' AIRFLOW_CTX_DAG_ID='etl_***' AIRFLOW_CTX_TASK_ID='transform' AIRFLOW_CTX_EXECUTION_DATE='2025-03-18T00:00:00+00:00' AIRFLOW_CTX_TRY_NUMBER='2' AIRFLOW_CTX_DAG_RUN_ID='scheduled__2025-03-18T00:00:00+00:00'
[2025-12-17T04:58:21.357+0000] {taskinstance.py:2698} ERROR - Task failed with exception
Traceback (most recent call last):
  File "/home/airflow/.local/lib/python3.8/site-packages/airflow/models/taskinstance.py", line 433, in _execute_task
    result = execute_callable(context=context, **execute_callable_kwargs)
  File "/home/airflow/.local/lib/python3.8/site-packages/airflow/operators/python.py", line 199, in execute
    return_value = self.execute_callable()
  File "/home/airflow/.local/lib/python3.8/site-packages/airflow/operators/python.py", line 216, in execute_callable
    return self.python_callable(*self.op_args, **self.op_kwargs)
TypeError: transform_data() missing 1 required positional argument: 'df'
[2025-12-17T04:58:21.369+0000] {taskinstance.py:1138} INFO - Marking task as UP_FOR_RETRY. dag_id=etl_***, task_id=transform, execution_date=20250318T000000, start_date=20251217T045820, end_date=20251217T045821
[2025-12-17T04:58:21.385+0000] {standard_task_runner.py:107} ERROR - Failed to execute job 1769 for task transform (transform_data() missing 1 required positional argument: 'df'; 6063)
[2025-12-17T04:58:21.437+0000] {local_task_job_runner.py:234} INFO - Task exited with return code 1
[2025-12-17T04:58:21.485+0000] {taskinstance.py:3280} INFO - 0 downstream tasks scheduled from follow-on schedule check
