[2025-12-16T16:32:09.827+0000] {taskinstance.py:1956} INFO - Dependencies all met for dep_context=non-requeueable deps ti=<TaskInstance: etl_airflow.extract scheduled__2024-04-02T00:00:00+00:00 [queued]>
[2025-12-16T16:32:09.847+0000] {taskinstance.py:1956} INFO - Dependencies all met for dep_context=requeueable deps ti=<TaskInstance: etl_airflow.extract scheduled__2024-04-02T00:00:00+00:00 [queued]>
[2025-12-16T16:32:09.850+0000] {taskinstance.py:2170} INFO - Starting attempt 1 of 3
[2025-12-16T16:32:10.025+0000] {taskinstance.py:2191} INFO - Executing <Task(PythonOperator): extract> on 2024-04-02 00:00:00+00:00
[2025-12-16T16:32:10.042+0000] {standard_task_runner.py:60} INFO - Started process 1303 to run task
[2025-12-16T16:32:10.055+0000] {standard_task_runner.py:87} INFO - Running: ['***', 'tasks', 'run', 'etl_***', 'extract', 'scheduled__2024-04-02T00:00:00+00:00', '--job-id', '266', '--raw', '--subdir', 'DAGS_FOLDER/etl_dag.py', '--cfg-path', '/tmp/tmp4fc4bl46']
[2025-12-16T16:32:10.060+0000] {standard_task_runner.py:88} INFO - Job 266: Subtask extract
[2025-12-16T16:32:10.188+0000] {task_command.py:423} INFO - Running <TaskInstance: etl_airflow.extract scheduled__2024-04-02T00:00:00+00:00 [running]> on host 528de643acfe
[2025-12-16T16:32:10.594+0000] {taskinstance.py:2480} INFO - Exporting env vars: AIRFLOW_CTX_DAG_OWNER='***' AIRFLOW_CTX_DAG_ID='etl_***' AIRFLOW_CTX_TASK_ID='extract' AIRFLOW_CTX_EXECUTION_DATE='2024-04-02T00:00:00+00:00' AIRFLOW_CTX_TRY_NUMBER='1' AIRFLOW_CTX_DAG_RUN_ID='scheduled__2024-04-02T00:00:00+00:00'
[2025-12-16T16:32:10.598+0000] {logging_mixin.py:188} INFO - Extracting data from /opt/***/data/input.csv
[2025-12-16T16:32:10.606+0000] {taskinstance.py:2698} ERROR - Task failed with exception
Traceback (most recent call last):
  File "/home/airflow/.local/lib/python3.8/site-packages/airflow/models/taskinstance.py", line 433, in _execute_task
    result = execute_callable(context=context, **execute_callable_kwargs)
  File "/home/airflow/.local/lib/python3.8/site-packages/airflow/operators/python.py", line 199, in execute
    return_value = self.execute_callable()
  File "/home/airflow/.local/lib/python3.8/site-packages/airflow/operators/python.py", line 216, in execute_callable
    return self.python_callable(*self.op_args, **self.op_kwargs)
  File "/opt/airflow/dags/etl_logic/pipeline.py", line 92, in extract_data
    return pd.read_csv(input_path)
  File "/home/airflow/.local/lib/python3.8/site-packages/pandas/io/parsers/readers.py", line 912, in read_csv
    return _read(filepath_or_buffer, kwds)
  File "/home/airflow/.local/lib/python3.8/site-packages/pandas/io/parsers/readers.py", line 577, in _read
    parser = TextFileReader(filepath_or_buffer, **kwds)
  File "/home/airflow/.local/lib/python3.8/site-packages/pandas/io/parsers/readers.py", line 1407, in __init__
    self._engine = self._make_engine(f, self.engine)
  File "/home/airflow/.local/lib/python3.8/site-packages/pandas/io/parsers/readers.py", line 1661, in _make_engine
    self.handles = get_handle(
  File "/home/airflow/.local/lib/python3.8/site-packages/pandas/io/common.py", line 859, in get_handle
    handle = open(
FileNotFoundError: [Errno 2] No such file or directory: '/opt/airflow/data/input.csv'
[2025-12-16T16:32:10.651+0000] {taskinstance.py:1138} INFO - Marking task as UP_FOR_RETRY. dag_id=etl_***, task_id=extract, execution_date=20240402T000000, start_date=20251216T163209, end_date=20251216T163210
[2025-12-16T16:32:10.679+0000] {standard_task_runner.py:107} ERROR - Failed to execute job 266 for task extract ([Errno 2] No such file or directory: '/opt/airflow/data/input.csv'; 1303)
[2025-12-16T16:32:10.713+0000] {local_task_job_runner.py:234} INFO - Task exited with return code 1
[2025-12-16T16:32:10.765+0000] {taskinstance.py:3280} INFO - 0 downstream tasks scheduled from follow-on schedule check
[2025-12-17T01:51:40.883+0000] {taskinstance.py:1956} INFO - Dependencies all met for dep_context=non-requeueable deps ti=<TaskInstance: etl_airflow.extract scheduled__2024-04-02T00:00:00+00:00 [queued]>
[2025-12-17T01:51:40.905+0000] {taskinstance.py:1956} INFO - Dependencies all met for dep_context=requeueable deps ti=<TaskInstance: etl_airflow.extract scheduled__2024-04-02T00:00:00+00:00 [queued]>
[2025-12-17T01:51:40.906+0000] {taskinstance.py:2170} INFO - Starting attempt 1 of 3
[2025-12-17T01:51:40.938+0000] {taskinstance.py:2191} INFO - Executing <Task(PythonOperator): extract> on 2024-04-02 00:00:00+00:00
[2025-12-17T01:51:40.958+0000] {standard_task_runner.py:60} INFO - Started process 1082 to run task
[2025-12-17T01:51:40.968+0000] {standard_task_runner.py:87} INFO - Running: ['***', 'tasks', 'run', 'etl_***', 'extract', 'scheduled__2024-04-02T00:00:00+00:00', '--job-id', '275', '--raw', '--subdir', 'DAGS_FOLDER/etl_dag.py', '--cfg-path', '/tmp/tmpagitkyuw']
[2025-12-17T01:51:40.976+0000] {standard_task_runner.py:88} INFO - Job 275: Subtask extract
[2025-12-17T01:51:41.162+0000] {task_command.py:423} INFO - Running <TaskInstance: etl_airflow.extract scheduled__2024-04-02T00:00:00+00:00 [running]> on host 571e042550da
[2025-12-17T01:51:41.613+0000] {taskinstance.py:2480} INFO - Exporting env vars: AIRFLOW_CTX_DAG_OWNER='***' AIRFLOW_CTX_DAG_ID='etl_***' AIRFLOW_CTX_TASK_ID='extract' AIRFLOW_CTX_EXECUTION_DATE='2024-04-02T00:00:00+00:00' AIRFLOW_CTX_TRY_NUMBER='1' AIRFLOW_CTX_DAG_RUN_ID='scheduled__2024-04-02T00:00:00+00:00'
[2025-12-17T01:51:41.659+0000] {logging_mixin.py:188} INFO - [EXTRACT] Reading /opt/***/data/synthetic_events.csv
[2025-12-17T01:51:42.450+0000] {logging_mixin.py:188} INFO - [EXTRACT] done
[2025-12-17T01:51:42.504+0000] {python.py:201} INFO - Done. Returned value was: None
[2025-12-17T01:51:42.533+0000] {taskinstance.py:1138} INFO - Marking task as SUCCESS. dag_id=etl_***, task_id=extract, execution_date=20240402T000000, start_date=20251217T015140, end_date=20251217T015142
[2025-12-17T01:51:42.674+0000] {local_task_job_runner.py:234} INFO - Task exited with return code 0
[2025-12-17T01:51:43.033+0000] {taskinstance.py:3280} INFO - 0 downstream tasks scheduled from follow-on schedule check
[2025-12-17T04:19:46.580+0000] {taskinstance.py:1956} INFO - Dependencies all met for dep_context=non-requeueable deps ti=<TaskInstance: etl_airflow.extract scheduled__2024-04-02T00:00:00+00:00 [queued]>
[2025-12-17T04:19:46.596+0000] {taskinstance.py:1956} INFO - Dependencies all met for dep_context=requeueable deps ti=<TaskInstance: etl_airflow.extract scheduled__2024-04-02T00:00:00+00:00 [queued]>
[2025-12-17T04:19:46.597+0000] {taskinstance.py:2170} INFO - Starting attempt 1 of 3
[2025-12-17T04:19:46.614+0000] {taskinstance.py:2191} INFO - Executing <Task(PythonOperator): extract> on 2024-04-02 00:00:00+00:00
[2025-12-17T04:19:46.621+0000] {standard_task_runner.py:60} INFO - Started process 724 to run task
[2025-12-17T04:19:46.626+0000] {standard_task_runner.py:87} INFO - Running: ['***', 'tasks', 'run', 'etl_***', 'extract', 'scheduled__2024-04-02T00:00:00+00:00', '--job-id', '156', '--raw', '--subdir', 'DAGS_FOLDER/etl_***.py', '--cfg-path', '/tmp/tmpfi5x7qul']
[2025-12-17T04:19:46.630+0000] {standard_task_runner.py:88} INFO - Job 156: Subtask extract
[2025-12-17T04:19:46.733+0000] {task_command.py:423} INFO - Running <TaskInstance: etl_airflow.extract scheduled__2024-04-02T00:00:00+00:00 [running]> on host c5811fe183ca
[2025-12-17T04:19:47.114+0000] {taskinstance.py:2480} INFO - Exporting env vars: AIRFLOW_CTX_DAG_OWNER='***' AIRFLOW_CTX_DAG_ID='etl_***' AIRFLOW_CTX_TASK_ID='extract' AIRFLOW_CTX_EXECUTION_DATE='2024-04-02T00:00:00+00:00' AIRFLOW_CTX_TRY_NUMBER='1' AIRFLOW_CTX_DAG_RUN_ID='scheduled__2024-04-02T00:00:00+00:00'
[2025-12-17T04:19:47.153+0000] {python.py:201} INFO - Done. Returned value was:    user_id event_type           timestamp country
0        1      login 2025-01-01 09:00:00      IN
1        1      click 2025-01-01 09:05:00      IN
2        1     logout 2025-01-01 09:15:00      IN
3        2      login 2025-01-01 10:00:00      US
4        2      click 2025-01-01 10:10:00      US
5        2     logout 2025-01-01 10:20:00      US
6        3      login 2025-01-02 08:00:00      FR
7        3      click 2025-01-02 08:05:00      FR
8        3     logout 2025-01-02 08:30:00      FR
[2025-12-17T04:19:47.240+0000] {taskinstance.py:1138} INFO - Marking task as SUCCESS. dag_id=etl_***, task_id=extract, execution_date=20240402T000000, start_date=20251217T041946, end_date=20251217T041947
[2025-12-17T04:19:47.283+0000] {local_task_job_runner.py:234} INFO - Task exited with return code 0
[2025-12-17T04:19:47.403+0000] {taskinstance.py:3280} INFO - 0 downstream tasks scheduled from follow-on schedule check
[2025-12-17T04:45:14.650+0000] {taskinstance.py:1956} INFO - Dependencies all met for dep_context=non-requeueable deps ti=<TaskInstance: etl_airflow.extract scheduled__2024-04-02T00:00:00+00:00 [queued]>
[2025-12-17T04:45:14.669+0000] {taskinstance.py:1956} INFO - Dependencies all met for dep_context=requeueable deps ti=<TaskInstance: etl_airflow.extract scheduled__2024-04-02T00:00:00+00:00 [queued]>
[2025-12-17T04:45:14.671+0000] {taskinstance.py:2170} INFO - Starting attempt 1 of 3
[2025-12-17T04:45:14.789+0000] {taskinstance.py:2191} INFO - Executing <Task(PythonOperator): extract> on 2024-04-02 00:00:00+00:00
[2025-12-17T04:45:14.819+0000] {standard_task_runner.py:60} INFO - Started process 1337 to run task
[2025-12-17T04:45:14.828+0000] {standard_task_runner.py:87} INFO - Running: ['***', 'tasks', 'run', 'etl_***', 'extract', 'scheduled__2024-04-02T00:00:00+00:00', '--job-id', '338', '--raw', '--subdir', 'DAGS_FOLDER/etl_***.py', '--cfg-path', '/tmp/tmpj973kk0_']
[2025-12-17T04:45:14.832+0000] {standard_task_runner.py:88} INFO - Job 338: Subtask extract
[2025-12-17T04:45:14.973+0000] {task_command.py:423} INFO - Running <TaskInstance: etl_airflow.extract scheduled__2024-04-02T00:00:00+00:00 [running]> on host b3426f05ac70
[2025-12-17T04:45:15.569+0000] {taskinstance.py:2480} INFO - Exporting env vars: AIRFLOW_CTX_DAG_OWNER='***' AIRFLOW_CTX_DAG_ID='etl_***' AIRFLOW_CTX_TASK_ID='extract' AIRFLOW_CTX_EXECUTION_DATE='2024-04-02T00:00:00+00:00' AIRFLOW_CTX_TRY_NUMBER='1' AIRFLOW_CTX_DAG_RUN_ID='scheduled__2024-04-02T00:00:00+00:00'
[2025-12-17T04:45:15.808+0000] {python.py:201} INFO - Done. Returned value was:    user_id event_type           timestamp country
0        1      login 2025-01-01 09:00:00      IN
1        1      click 2025-01-01 09:05:00      IN
2        1     logout 2025-01-01 09:15:00      IN
3        2      login 2025-01-01 10:00:00      US
4        2      click 2025-01-01 10:10:00      US
5        2     logout 2025-01-01 10:20:00      US
6        3      login 2025-01-02 08:00:00      FR
7        3      click 2025-01-02 08:05:00      FR
8        3     logout 2025-01-02 08:30:00      FR
[2025-12-17T04:45:15.893+0000] {taskinstance.py:1138} INFO - Marking task as SUCCESS. dag_id=etl_***, task_id=extract, execution_date=20240402T000000, start_date=20251217T044514, end_date=20251217T044515
[2025-12-17T04:45:16.025+0000] {local_task_job_runner.py:234} INFO - Task exited with return code 0
[2025-12-17T04:45:16.122+0000] {taskinstance.py:3280} INFO - 1 downstream tasks scheduled from follow-on schedule check
[2025-12-17T07:38:40.189+0000] {taskinstance.py:1956} INFO - Dependencies all met for dep_context=non-requeueable deps ti=<TaskInstance: etl_airflow.extract scheduled__2024-04-02T00:00:00+00:00 [queued]>
[2025-12-17T07:38:40.223+0000] {taskinstance.py:1956} INFO - Dependencies all met for dep_context=requeueable deps ti=<TaskInstance: etl_airflow.extract scheduled__2024-04-02T00:00:00+00:00 [queued]>
[2025-12-17T07:38:40.225+0000] {taskinstance.py:2170} INFO - Starting attempt 1 of 3
[2025-12-17T07:38:40.316+0000] {taskinstance.py:2191} INFO - Executing <Task(PythonOperator): extract> on 2024-04-02 00:00:00+00:00
[2025-12-17T07:38:40.330+0000] {standard_task_runner.py:60} INFO - Started process 1413 to run task
[2025-12-17T07:38:40.369+0000] {standard_task_runner.py:87} INFO - Running: ['***', 'tasks', 'run', 'etl_***', 'extract', 'scheduled__2024-04-02T00:00:00+00:00', '--job-id', '340', '--raw', '--subdir', 'DAGS_FOLDER/etl_***.py', '--cfg-path', '/tmp/tmppb_4d0m3']
[2025-12-17T07:38:40.383+0000] {standard_task_runner.py:88} INFO - Job 340: Subtask extract
[2025-12-17T07:38:40.652+0000] {task_command.py:423} INFO - Running <TaskInstance: etl_airflow.extract scheduled__2024-04-02T00:00:00+00:00 [running]> on host 2a0de06c8905
[2025-12-17T07:38:41.180+0000] {taskinstance.py:2480} INFO - Exporting env vars: AIRFLOW_CTX_DAG_OWNER='***' AIRFLOW_CTX_DAG_ID='etl_***' AIRFLOW_CTX_TASK_ID='extract' AIRFLOW_CTX_EXECUTION_DATE='2024-04-02T00:00:00+00:00' AIRFLOW_CTX_TRY_NUMBER='1' AIRFLOW_CTX_DAG_RUN_ID='scheduled__2024-04-02T00:00:00+00:00'
[2025-12-17T07:38:41.233+0000] {python.py:201} INFO - Done. Returned value was:    user_id event_type           timestamp country
0        1      login 2025-01-01 09:00:00      IN
1        1      click 2025-01-01 09:05:00      IN
2        1     logout 2025-01-01 09:15:00      IN
3        2      login 2025-01-01 10:00:00      US
4        2      click 2025-01-01 10:10:00      US
5        2     logout 2025-01-01 10:20:00      US
6        3      login 2025-01-02 08:00:00      FR
7        3      click 2025-01-02 08:05:00      FR
8        3     logout 2025-01-02 08:30:00      FR
[2025-12-17T07:38:41.356+0000] {taskinstance.py:1138} INFO - Marking task as SUCCESS. dag_id=etl_***, task_id=extract, execution_date=20240402T000000, start_date=20251217T073840, end_date=20251217T073841
[2025-12-17T07:38:41.427+0000] {local_task_job_runner.py:234} INFO - Task exited with return code 0
[2025-12-17T07:38:41.484+0000] {taskinstance.py:3280} INFO - 1 downstream tasks scheduled from follow-on schedule check
