[2025-12-16T17:10:37.860+0000] {taskinstance.py:1956} INFO - Dependencies all met for dep_context=non-requeueable deps ti=<TaskInstance: etl_airflow.load scheduled__2024-03-04T00:00:00+00:00 [queued]>
[2025-12-16T17:10:37.891+0000] {taskinstance.py:1956} INFO - Dependencies all met for dep_context=requeueable deps ti=<TaskInstance: etl_airflow.load scheduled__2024-03-04T00:00:00+00:00 [queued]>
[2025-12-16T17:10:37.895+0000] {taskinstance.py:2170} INFO - Starting attempt 1 of 3
[2025-12-16T17:10:37.992+0000] {taskinstance.py:2191} INFO - Executing <Task(PythonOperator): load> on 2024-03-04 00:00:00+00:00
[2025-12-16T17:10:38.027+0000] {standard_task_runner.py:60} INFO - Started process 941 to run task
[2025-12-16T17:10:38.027+0000] {standard_task_runner.py:87} INFO - Running: ['***', 'tasks', 'run', 'etl_***', 'load', 'scheduled__2024-03-04T00:00:00+00:00', '--job-id', '3790', '--raw', '--subdir', 'DAGS_FOLDER/etl_dag.py', '--cfg-path', '/tmp/tmp2wkhgtlg']
[2025-12-16T17:10:38.045+0000] {standard_task_runner.py:88} INFO - Job 3790: Subtask load
[2025-12-16T17:10:38.382+0000] {task_command.py:423} INFO - Running <TaskInstance: etl_airflow.load scheduled__2024-03-04T00:00:00+00:00 [running]> on host 3b89cfee50e9
[2025-12-16T17:10:38.763+0000] {taskinstance.py:2480} INFO - Exporting env vars: AIRFLOW_CTX_DAG_OWNER='***' AIRFLOW_CTX_DAG_ID='etl_***' AIRFLOW_CTX_TASK_ID='load' AIRFLOW_CTX_EXECUTION_DATE='2024-03-04T00:00:00+00:00' AIRFLOW_CTX_TRY_NUMBER='1' AIRFLOW_CTX_DAG_RUN_ID='scheduled__2024-03-04T00:00:00+00:00'
[2025-12-16T17:10:38.768+0000] {logging_mixin.py:188} INFO - [LOAD]
[2025-12-16T17:10:39.214+0000] {logging_mixin.py:188} INFO -    user_id event_type            timestamp country
0        1      login  2025-01-01T09:00:00      IN
1        1      click  2025-01-01T09:05:00      IN
2        1     logout  2025-01-01T09:15:00      IN
3        3      login  2025-01-02T08:00:00      FR
4        3      click  2025-01-02T08:05:00      FR
[2025-12-16T17:10:39.225+0000] {logging_mixin.py:188} INFO - [LOAD] done
[2025-12-16T17:10:39.230+0000] {python.py:201} INFO - Done. Returned value was: None
[2025-12-16T17:10:39.253+0000] {taskinstance.py:1138} INFO - Marking task as SUCCESS. dag_id=etl_***, task_id=load, execution_date=20240304T000000, start_date=20251216T171037, end_date=20251216T171039
[2025-12-16T17:10:39.382+0000] {local_task_job_runner.py:234} INFO - Task exited with return code 0
[2025-12-16T17:10:39.558+0000] {taskinstance.py:3280} INFO - 0 downstream tasks scheduled from follow-on schedule check
[2025-12-17T01:51:07.711+0000] {taskinstance.py:1956} INFO - Dependencies all met for dep_context=non-requeueable deps ti=<TaskInstance: etl_airflow.load scheduled__2024-03-04T00:00:00+00:00 [queued]>
[2025-12-17T01:51:07.730+0000] {taskinstance.py:1956} INFO - Dependencies all met for dep_context=requeueable deps ti=<TaskInstance: etl_airflow.load scheduled__2024-03-04T00:00:00+00:00 [queued]>
[2025-12-17T01:51:07.734+0000] {taskinstance.py:2170} INFO - Starting attempt 1 of 3
[2025-12-17T01:51:07.762+0000] {taskinstance.py:2191} INFO - Executing <Task(PythonOperator): load> on 2024-03-04 00:00:00+00:00
[2025-12-17T01:51:07.773+0000] {standard_task_runner.py:60} INFO - Started process 845 to run task
[2025-12-17T01:51:07.778+0000] {standard_task_runner.py:87} INFO - Running: ['***', 'tasks', 'run', 'etl_***', 'load', 'scheduled__2024-03-04T00:00:00+00:00', '--job-id', '200', '--raw', '--subdir', 'DAGS_FOLDER/etl_dag.py', '--cfg-path', '/tmp/tmpiiq52lb0']
[2025-12-17T01:51:07.784+0000] {standard_task_runner.py:88} INFO - Job 200: Subtask load
[2025-12-17T01:51:07.927+0000] {task_command.py:423} INFO - Running <TaskInstance: etl_airflow.load scheduled__2024-03-04T00:00:00+00:00 [running]> on host 571e042550da
[2025-12-17T01:51:08.372+0000] {taskinstance.py:2480} INFO - Exporting env vars: AIRFLOW_CTX_DAG_OWNER='***' AIRFLOW_CTX_DAG_ID='etl_***' AIRFLOW_CTX_TASK_ID='load' AIRFLOW_CTX_EXECUTION_DATE='2024-03-04T00:00:00+00:00' AIRFLOW_CTX_TRY_NUMBER='1' AIRFLOW_CTX_DAG_RUN_ID='scheduled__2024-03-04T00:00:00+00:00'
[2025-12-17T01:51:08.374+0000] {logging_mixin.py:188} INFO - [LOAD]
[2025-12-17T01:51:08.406+0000] {logging_mixin.py:188} INFO -    user_id event_type            timestamp country
0        1      login  2025-01-01T09:00:00      IN
1        1      click  2025-01-01T09:05:00      IN
2        1     logout  2025-01-01T09:15:00      IN
3        3      login  2025-01-02T08:00:00      FR
4        3      click  2025-01-02T08:05:00      FR
[2025-12-17T01:51:08.407+0000] {logging_mixin.py:188} INFO - [LOAD] done
[2025-12-17T01:51:08.408+0000] {python.py:201} INFO - Done. Returned value was: None
[2025-12-17T01:51:08.433+0000] {taskinstance.py:1138} INFO - Marking task as SUCCESS. dag_id=etl_***, task_id=load, execution_date=20240304T000000, start_date=20251217T015107, end_date=20251217T015108
[2025-12-17T01:51:08.518+0000] {local_task_job_runner.py:234} INFO - Task exited with return code 0
[2025-12-17T01:51:08.559+0000] {taskinstance.py:3280} INFO - 0 downstream tasks scheduled from follow-on schedule check
