[2025-12-16T17:13:46.484+0000] {taskinstance.py:1956} INFO - Dependencies all met for dep_context=non-requeueable deps ti=<TaskInstance: etl_airflow.transform scheduled__2024-09-04T00:00:00+00:00 [queued]>
[2025-12-16T17:13:46.520+0000] {taskinstance.py:1956} INFO - Dependencies all met for dep_context=requeueable deps ti=<TaskInstance: etl_airflow.transform scheduled__2024-09-04T00:00:00+00:00 [queued]>
[2025-12-16T17:13:46.523+0000] {taskinstance.py:2170} INFO - Starting attempt 1 of 3
[2025-12-16T17:13:46.575+0000] {taskinstance.py:2191} INFO - Executing <Task(PythonOperator): transform> on 2024-09-04 00:00:00+00:00
[2025-12-16T17:13:46.592+0000] {standard_task_runner.py:60} INFO - Started process 933 to run task
[2025-12-16T17:13:46.600+0000] {standard_task_runner.py:87} INFO - Running: ['***', 'tasks', 'run', 'etl_***', 'transform', 'scheduled__2024-09-04T00:00:00+00:00', '--job-id', '4370', '--raw', '--subdir', 'DAGS_FOLDER/etl_dag.py', '--cfg-path', '/tmp/tmpz_wtlqez']
[2025-12-16T17:13:46.605+0000] {standard_task_runner.py:88} INFO - Job 4370: Subtask transform
[2025-12-16T17:13:46.903+0000] {task_command.py:423} INFO - Running <TaskInstance: etl_airflow.transform scheduled__2024-09-04T00:00:00+00:00 [running]> on host 3b89cfee50e9
[2025-12-16T17:13:47.462+0000] {taskinstance.py:2480} INFO - Exporting env vars: AIRFLOW_CTX_DAG_OWNER='***' AIRFLOW_CTX_DAG_ID='etl_***' AIRFLOW_CTX_TASK_ID='transform' AIRFLOW_CTX_EXECUTION_DATE='2024-09-04T00:00:00+00:00' AIRFLOW_CTX_TRY_NUMBER='1' AIRFLOW_CTX_DAG_RUN_ID='scheduled__2024-09-04T00:00:00+00:00'
[2025-12-16T17:13:47.469+0000] {logging_mixin.py:188} INFO - [TRANSFORM]
[2025-12-16T17:13:48.048+0000] {logging_mixin.py:188} INFO - [TRANSFORM] done
[2025-12-16T17:13:48.050+0000] {python.py:201} INFO - Done. Returned value was: None
[2025-12-16T17:13:48.073+0000] {taskinstance.py:1138} INFO - Marking task as SUCCESS. dag_id=etl_***, task_id=transform, execution_date=20240904T000000, start_date=20251216T171346, end_date=20251216T171348
[2025-12-16T17:13:48.147+0000] {local_task_job_runner.py:234} INFO - Task exited with return code 0
[2025-12-16T17:13:48.404+0000] {taskinstance.py:3280} INFO - 0 downstream tasks scheduled from follow-on schedule check
[2025-12-17T01:54:27.850+0000] {taskinstance.py:1956} INFO - Dependencies all met for dep_context=non-requeueable deps ti=<TaskInstance: etl_airflow.transform scheduled__2024-09-04T00:00:00+00:00 [queued]>
[2025-12-17T01:54:27.883+0000] {taskinstance.py:1956} INFO - Dependencies all met for dep_context=requeueable deps ti=<TaskInstance: etl_airflow.transform scheduled__2024-09-04T00:00:00+00:00 [queued]>
[2025-12-17T01:54:27.885+0000] {taskinstance.py:2170} INFO - Starting attempt 1 of 3
[2025-12-17T01:54:27.960+0000] {taskinstance.py:2191} INFO - Executing <Task(PythonOperator): transform> on 2024-09-04 00:00:00+00:00
[2025-12-17T01:54:28.002+0000] {standard_task_runner.py:60} INFO - Started process 2600 to run task
[2025-12-17T01:54:28.013+0000] {standard_task_runner.py:87} INFO - Running: ['***', 'tasks', 'run', 'etl_***', 'transform', 'scheduled__2024-09-04T00:00:00+00:00', '--job-id', '753', '--raw', '--subdir', 'DAGS_FOLDER/etl_dag.py', '--cfg-path', '/tmp/tmp6258fs3w']
[2025-12-17T01:54:28.029+0000] {standard_task_runner.py:88} INFO - Job 753: Subtask transform
[2025-12-17T01:54:28.349+0000] {task_command.py:423} INFO - Running <TaskInstance: etl_airflow.transform scheduled__2024-09-04T00:00:00+00:00 [running]> on host 571e042550da
[2025-12-17T01:54:29.200+0000] {taskinstance.py:2480} INFO - Exporting env vars: AIRFLOW_CTX_DAG_OWNER='***' AIRFLOW_CTX_DAG_ID='etl_***' AIRFLOW_CTX_TASK_ID='transform' AIRFLOW_CTX_EXECUTION_DATE='2024-09-04T00:00:00+00:00' AIRFLOW_CTX_TRY_NUMBER='1' AIRFLOW_CTX_DAG_RUN_ID='scheduled__2024-09-04T00:00:00+00:00'
[2025-12-17T01:54:29.205+0000] {logging_mixin.py:188} INFO - [TRANSFORM]
[2025-12-17T01:54:29.248+0000] {logging_mixin.py:188} INFO - [TRANSFORM] done
[2025-12-17T01:54:29.249+0000] {python.py:201} INFO - Done. Returned value was: None
[2025-12-17T01:54:29.275+0000] {taskinstance.py:1138} INFO - Marking task as SUCCESS. dag_id=etl_***, task_id=transform, execution_date=20240904T000000, start_date=20251217T015427, end_date=20251217T015429
[2025-12-17T01:54:29.342+0000] {local_task_job_runner.py:234} INFO - Task exited with return code 0
[2025-12-17T01:54:29.398+0000] {taskinstance.py:3280} INFO - 1 downstream tasks scheduled from follow-on schedule check
[2025-12-17T04:51:07.042+0000] {taskinstance.py:1956} INFO - Dependencies all met for dep_context=non-requeueable deps ti=<TaskInstance: etl_airflow.transform scheduled__2024-09-04T00:00:00+00:00 [queued]>
[2025-12-17T04:51:07.062+0000] {taskinstance.py:1956} INFO - Dependencies all met for dep_context=requeueable deps ti=<TaskInstance: etl_airflow.transform scheduled__2024-09-04T00:00:00+00:00 [queued]>
[2025-12-17T04:51:07.064+0000] {taskinstance.py:2170} INFO - Starting attempt 1 of 3
[2025-12-17T04:51:07.317+0000] {taskinstance.py:2191} INFO - Executing <Task(PythonOperator): transform> on 2024-09-04 00:00:00+00:00
[2025-12-17T04:51:07.334+0000] {standard_task_runner.py:60} INFO - Started process 3473 to run task
[2025-12-17T04:51:07.344+0000] {standard_task_runner.py:87} INFO - Running: ['***', 'tasks', 'run', 'etl_***', 'transform', 'scheduled__2024-09-04T00:00:00+00:00', '--job-id', '984', '--raw', '--subdir', 'DAGS_FOLDER/etl_***.py', '--cfg-path', '/tmp/tmprjnbre8y']
[2025-12-17T04:51:07.349+0000] {standard_task_runner.py:88} INFO - Job 984: Subtask transform
[2025-12-17T04:51:07.503+0000] {task_command.py:423} INFO - Running <TaskInstance: etl_airflow.transform scheduled__2024-09-04T00:00:00+00:00 [running]> on host b3426f05ac70
[2025-12-17T04:51:07.840+0000] {taskinstance.py:2480} INFO - Exporting env vars: AIRFLOW_CTX_DAG_OWNER='***' AIRFLOW_CTX_DAG_ID='etl_***' AIRFLOW_CTX_TASK_ID='transform' AIRFLOW_CTX_EXECUTION_DATE='2024-09-04T00:00:00+00:00' AIRFLOW_CTX_TRY_NUMBER='1' AIRFLOW_CTX_DAG_RUN_ID='scheduled__2024-09-04T00:00:00+00:00'
[2025-12-17T04:51:07.842+0000] {taskinstance.py:2698} ERROR - Task failed with exception
Traceback (most recent call last):
  File "/home/airflow/.local/lib/python3.8/site-packages/airflow/models/taskinstance.py", line 433, in _execute_task
    result = execute_callable(context=context, **execute_callable_kwargs)
  File "/home/airflow/.local/lib/python3.8/site-packages/airflow/operators/python.py", line 199, in execute
    return_value = self.execute_callable()
  File "/home/airflow/.local/lib/python3.8/site-packages/airflow/operators/python.py", line 216, in execute_callable
    return self.python_callable(*self.op_args, **self.op_kwargs)
TypeError: transform_data() missing 1 required positional argument: 'df'
[2025-12-17T04:51:07.855+0000] {taskinstance.py:1138} INFO - Marking task as UP_FOR_RETRY. dag_id=etl_***, task_id=transform, execution_date=20240904T000000, start_date=20251217T045107, end_date=20251217T045107
[2025-12-17T04:51:07.873+0000] {standard_task_runner.py:107} ERROR - Failed to execute job 984 for task transform (transform_data() missing 1 required positional argument: 'df'; 3473)
[2025-12-17T04:51:07.933+0000] {local_task_job_runner.py:234} INFO - Task exited with return code 1
[2025-12-17T04:51:07.964+0000] {taskinstance.py:3280} INFO - 0 downstream tasks scheduled from follow-on schedule check
[2025-12-17T07:45:01.637+0000] {taskinstance.py:1956} INFO - Dependencies all met for dep_context=non-requeueable deps ti=<TaskInstance: etl_airflow.transform scheduled__2024-09-04T00:00:00+00:00 [queued]>
[2025-12-17T07:45:01.658+0000] {taskinstance.py:1956} INFO - Dependencies all met for dep_context=requeueable deps ti=<TaskInstance: etl_airflow.transform scheduled__2024-09-04T00:00:00+00:00 [queued]>
[2025-12-17T07:45:01.660+0000] {taskinstance.py:2170} INFO - Starting attempt 1 of 3
[2025-12-17T07:45:01.791+0000] {taskinstance.py:2191} INFO - Executing <Task(PythonOperator): transform> on 2024-09-04 00:00:00+00:00
[2025-12-17T07:45:01.804+0000] {standard_task_runner.py:60} INFO - Started process 3539 to run task
[2025-12-17T07:45:01.816+0000] {standard_task_runner.py:87} INFO - Running: ['***', 'tasks', 'run', 'etl_***', 'transform', 'scheduled__2024-09-04T00:00:00+00:00', '--job-id', '987', '--raw', '--subdir', 'DAGS_FOLDER/etl_***.py', '--cfg-path', '/tmp/tmp58kw_m7j']
[2025-12-17T07:45:01.824+0000] {standard_task_runner.py:88} INFO - Job 987: Subtask transform
[2025-12-17T07:45:01.982+0000] {task_command.py:423} INFO - Running <TaskInstance: etl_airflow.transform scheduled__2024-09-04T00:00:00+00:00 [running]> on host 2a0de06c8905
[2025-12-17T07:45:02.404+0000] {taskinstance.py:2480} INFO - Exporting env vars: AIRFLOW_CTX_DAG_OWNER='***' AIRFLOW_CTX_DAG_ID='etl_***' AIRFLOW_CTX_TASK_ID='transform' AIRFLOW_CTX_EXECUTION_DATE='2024-09-04T00:00:00+00:00' AIRFLOW_CTX_TRY_NUMBER='1' AIRFLOW_CTX_DAG_RUN_ID='scheduled__2024-09-04T00:00:00+00:00'
[2025-12-17T07:45:02.407+0000] {taskinstance.py:2698} ERROR - Task failed with exception
Traceback (most recent call last):
  File "/home/airflow/.local/lib/python3.8/site-packages/airflow/models/taskinstance.py", line 433, in _execute_task
    result = execute_callable(context=context, **execute_callable_kwargs)
  File "/home/airflow/.local/lib/python3.8/site-packages/airflow/operators/python.py", line 199, in execute
    return_value = self.execute_callable()
  File "/home/airflow/.local/lib/python3.8/site-packages/airflow/operators/python.py", line 216, in execute_callable
    return self.python_callable(*self.op_args, **self.op_kwargs)
TypeError: transform_data() missing 1 required positional argument: 'df'
[2025-12-17T07:45:02.421+0000] {taskinstance.py:1138} INFO - Marking task as UP_FOR_RETRY. dag_id=etl_***, task_id=transform, execution_date=20240904T000000, start_date=20251217T074501, end_date=20251217T074502
[2025-12-17T07:45:02.443+0000] {standard_task_runner.py:107} ERROR - Failed to execute job 987 for task transform (transform_data() missing 1 required positional argument: 'df'; 3539)
[2025-12-17T07:45:02.470+0000] {local_task_job_runner.py:234} INFO - Task exited with return code 1
[2025-12-17T07:45:02.549+0000] {taskinstance.py:3280} INFO - 0 downstream tasks scheduled from follow-on schedule check
