[2025-12-16T17:16:51.953+0000] {taskinstance.py:1956} INFO - Dependencies all met for dep_context=non-requeueable deps ti=<TaskInstance: etl_airflow.transform scheduled__2025-04-20T00:00:00+00:00 [queued]>
[2025-12-16T17:16:51.979+0000] {taskinstance.py:1956} INFO - Dependencies all met for dep_context=requeueable deps ti=<TaskInstance: etl_airflow.transform scheduled__2025-04-20T00:00:00+00:00 [queued]>
[2025-12-16T17:16:51.980+0000] {taskinstance.py:2170} INFO - Starting attempt 1 of 3
[2025-12-16T17:16:52.013+0000] {taskinstance.py:2191} INFO - Executing <Task(PythonOperator): transform> on 2025-04-20 00:00:00+00:00
[2025-12-16T17:16:52.031+0000] {standard_task_runner.py:60} INFO - Started process 3012 to run task
[2025-12-16T17:16:52.041+0000] {standard_task_runner.py:87} INFO - Running: ['***', 'tasks', 'run', 'etl_***', 'transform', 'scheduled__2025-04-20T00:00:00+00:00', '--job-id', '5036', '--raw', '--subdir', 'DAGS_FOLDER/etl_dag.py', '--cfg-path', '/tmp/tmpqkvtwic5']
[2025-12-16T17:16:52.047+0000] {standard_task_runner.py:88} INFO - Job 5036: Subtask transform
[2025-12-16T17:16:52.197+0000] {task_command.py:423} INFO - Running <TaskInstance: etl_airflow.transform scheduled__2025-04-20T00:00:00+00:00 [running]> on host 3b89cfee50e9
[2025-12-16T17:16:52.357+0000] {taskinstance.py:2480} INFO - Exporting env vars: AIRFLOW_CTX_DAG_OWNER='***' AIRFLOW_CTX_DAG_ID='etl_***' AIRFLOW_CTX_TASK_ID='transform' AIRFLOW_CTX_EXECUTION_DATE='2025-04-20T00:00:00+00:00' AIRFLOW_CTX_TRY_NUMBER='1' AIRFLOW_CTX_DAG_RUN_ID='scheduled__2025-04-20T00:00:00+00:00'
[2025-12-16T17:16:52.360+0000] {logging_mixin.py:188} INFO - [TRANSFORM]
[2025-12-16T17:16:52.613+0000] {logging_mixin.py:188} INFO - [TRANSFORM] done
[2025-12-16T17:16:52.614+0000] {python.py:201} INFO - Done. Returned value was: None
[2025-12-16T17:16:52.630+0000] {taskinstance.py:1138} INFO - Marking task as SUCCESS. dag_id=etl_***, task_id=transform, execution_date=20250420T000000, start_date=20251216T171651, end_date=20251216T171652
[2025-12-16T17:16:52.696+0000] {local_task_job_runner.py:234} INFO - Task exited with return code 0
[2025-12-16T17:16:52.720+0000] {taskinstance.py:3280} INFO - 1 downstream tasks scheduled from follow-on schedule check
[2025-12-17T01:58:21.989+0000] {taskinstance.py:1956} INFO - Dependencies all met for dep_context=non-requeueable deps ti=<TaskInstance: etl_airflow.transform scheduled__2025-04-20T00:00:00+00:00 [queued]>
[2025-12-17T01:58:22.039+0000] {taskinstance.py:1956} INFO - Dependencies all met for dep_context=requeueable deps ti=<TaskInstance: etl_airflow.transform scheduled__2025-04-20T00:00:00+00:00 [queued]>
[2025-12-17T01:58:22.050+0000] {taskinstance.py:2170} INFO - Starting attempt 1 of 3
[2025-12-17T01:58:22.305+0000] {taskinstance.py:2191} INFO - Executing <Task(PythonOperator): transform> on 2025-04-20 00:00:00+00:00
[2025-12-17T01:58:22.326+0000] {standard_task_runner.py:60} INFO - Started process 4822 to run task
[2025-12-17T01:58:22.334+0000] {standard_task_runner.py:87} INFO - Running: ['***', 'tasks', 'run', 'etl_***', 'transform', 'scheduled__2025-04-20T00:00:00+00:00', '--job-id', '1453', '--raw', '--subdir', 'DAGS_FOLDER/etl_dag.py', '--cfg-path', '/tmp/tmp03a5gkta']
[2025-12-17T01:58:22.349+0000] {standard_task_runner.py:88} INFO - Job 1453: Subtask transform
[2025-12-17T01:58:22.605+0000] {task_command.py:423} INFO - Running <TaskInstance: etl_airflow.transform scheduled__2025-04-20T00:00:00+00:00 [running]> on host 571e042550da
[2025-12-17T01:58:23.090+0000] {taskinstance.py:2480} INFO - Exporting env vars: AIRFLOW_CTX_DAG_OWNER='***' AIRFLOW_CTX_DAG_ID='etl_***' AIRFLOW_CTX_TASK_ID='transform' AIRFLOW_CTX_EXECUTION_DATE='2025-04-20T00:00:00+00:00' AIRFLOW_CTX_TRY_NUMBER='1' AIRFLOW_CTX_DAG_RUN_ID='scheduled__2025-04-20T00:00:00+00:00'
[2025-12-17T01:58:23.100+0000] {logging_mixin.py:188} INFO - [TRANSFORM]
[2025-12-17T01:58:23.207+0000] {logging_mixin.py:188} INFO - [TRANSFORM] done
[2025-12-17T01:58:23.208+0000] {python.py:201} INFO - Done. Returned value was: None
[2025-12-17T01:58:23.230+0000] {taskinstance.py:1138} INFO - Marking task as SUCCESS. dag_id=etl_***, task_id=transform, execution_date=20250420T000000, start_date=20251217T015822, end_date=20251217T015823
[2025-12-17T01:58:23.334+0000] {local_task_job_runner.py:234} INFO - Task exited with return code 0
[2025-12-17T01:58:23.411+0000] {taskinstance.py:3280} INFO - 1 downstream tasks scheduled from follow-on schedule check
[2025-12-17T04:59:17.105+0000] {taskinstance.py:1956} INFO - Dependencies all met for dep_context=non-requeueable deps ti=<TaskInstance: etl_airflow.transform scheduled__2025-04-20T00:00:00+00:00 [queued]>
[2025-12-17T04:59:17.122+0000] {taskinstance.py:1956} INFO - Dependencies all met for dep_context=requeueable deps ti=<TaskInstance: etl_airflow.transform scheduled__2025-04-20T00:00:00+00:00 [queued]>
[2025-12-17T04:59:17.123+0000] {taskinstance.py:2170} INFO - Starting attempt 1 of 3
[2025-12-17T04:59:17.143+0000] {taskinstance.py:2191} INFO - Executing <Task(PythonOperator): transform> on 2025-04-20 00:00:00+00:00
[2025-12-17T04:59:17.153+0000] {standard_task_runner.py:60} INFO - Started process 6439 to run task
[2025-12-17T04:59:17.160+0000] {standard_task_runner.py:87} INFO - Running: ['***', 'tasks', 'run', 'etl_***', 'transform', 'scheduled__2025-04-20T00:00:00+00:00', '--job-id', '1886', '--raw', '--subdir', 'DAGS_FOLDER/etl_***.py', '--cfg-path', '/tmp/tmpndq_pwvf']
[2025-12-17T04:59:17.163+0000] {standard_task_runner.py:88} INFO - Job 1886: Subtask transform
[2025-12-17T04:59:17.271+0000] {task_command.py:423} INFO - Running <TaskInstance: etl_airflow.transform scheduled__2025-04-20T00:00:00+00:00 [running]> on host b3426f05ac70
[2025-12-17T04:59:17.581+0000] {taskinstance.py:2480} INFO - Exporting env vars: AIRFLOW_CTX_DAG_OWNER='***' AIRFLOW_CTX_DAG_ID='etl_***' AIRFLOW_CTX_TASK_ID='transform' AIRFLOW_CTX_EXECUTION_DATE='2025-04-20T00:00:00+00:00' AIRFLOW_CTX_TRY_NUMBER='1' AIRFLOW_CTX_DAG_RUN_ID='scheduled__2025-04-20T00:00:00+00:00'
[2025-12-17T04:59:17.583+0000] {taskinstance.py:2698} ERROR - Task failed with exception
Traceback (most recent call last):
  File "/home/airflow/.local/lib/python3.8/site-packages/airflow/models/taskinstance.py", line 433, in _execute_task
    result = execute_callable(context=context, **execute_callable_kwargs)
  File "/home/airflow/.local/lib/python3.8/site-packages/airflow/operators/python.py", line 199, in execute
    return_value = self.execute_callable()
  File "/home/airflow/.local/lib/python3.8/site-packages/airflow/operators/python.py", line 216, in execute_callable
    return self.python_callable(*self.op_args, **self.op_kwargs)
TypeError: transform_data() missing 1 required positional argument: 'df'
[2025-12-17T04:59:17.593+0000] {taskinstance.py:1138} INFO - Marking task as UP_FOR_RETRY. dag_id=etl_***, task_id=transform, execution_date=20250420T000000, start_date=20251217T045917, end_date=20251217T045917
[2025-12-17T04:59:17.655+0000] {standard_task_runner.py:107} ERROR - Failed to execute job 1886 for task transform (transform_data() missing 1 required positional argument: 'df'; 6439)
[2025-12-17T04:59:17.694+0000] {local_task_job_runner.py:234} INFO - Task exited with return code 1
[2025-12-17T04:59:17.717+0000] {taskinstance.py:3280} INFO - 0 downstream tasks scheduled from follow-on schedule check
