[2025-12-17T01:59:03.901+0000] {taskinstance.py:1956} INFO - Dependencies all met for dep_context=non-requeueable deps ti=<TaskInstance: etl_airflow.transform scheduled__2025-06-04T00:00:00+00:00 [queued]>
[2025-12-17T01:59:03.928+0000] {taskinstance.py:1956} INFO - Dependencies all met for dep_context=requeueable deps ti=<TaskInstance: etl_airflow.transform scheduled__2025-06-04T00:00:00+00:00 [queued]>
[2025-12-17T01:59:03.929+0000] {taskinstance.py:2170} INFO - Starting attempt 1 of 3
[2025-12-17T01:59:03.966+0000] {taskinstance.py:2191} INFO - Executing <Task(PythonOperator): transform> on 2025-06-04 00:00:00+00:00
[2025-12-17T01:59:03.980+0000] {standard_task_runner.py:60} INFO - Started process 5262 to run task
[2025-12-17T01:59:03.988+0000] {standard_task_runner.py:87} INFO - Running: ['***', 'tasks', 'run', 'etl_***', 'transform', 'scheduled__2025-06-04T00:00:00+00:00', '--job-id', '1591', '--raw', '--subdir', 'DAGS_FOLDER/etl_dag.py', '--cfg-path', '/tmp/tmp9rqmur4u']
[2025-12-17T01:59:03.995+0000] {standard_task_runner.py:88} INFO - Job 1591: Subtask transform
[2025-12-17T01:59:04.163+0000] {task_command.py:423} INFO - Running <TaskInstance: etl_airflow.transform scheduled__2025-06-04T00:00:00+00:00 [running]> on host 571e042550da
[2025-12-17T01:59:04.713+0000] {taskinstance.py:2480} INFO - Exporting env vars: AIRFLOW_CTX_DAG_OWNER='***' AIRFLOW_CTX_DAG_ID='etl_***' AIRFLOW_CTX_TASK_ID='transform' AIRFLOW_CTX_EXECUTION_DATE='2025-06-04T00:00:00+00:00' AIRFLOW_CTX_TRY_NUMBER='1' AIRFLOW_CTX_DAG_RUN_ID='scheduled__2025-06-04T00:00:00+00:00'
[2025-12-17T01:59:04.716+0000] {logging_mixin.py:188} INFO - [TRANSFORM]
[2025-12-17T01:59:04.756+0000] {logging_mixin.py:188} INFO - [TRANSFORM] done
[2025-12-17T01:59:04.757+0000] {python.py:201} INFO - Done. Returned value was: None
[2025-12-17T01:59:04.787+0000] {taskinstance.py:1138} INFO - Marking task as SUCCESS. dag_id=etl_***, task_id=transform, execution_date=20250604T000000, start_date=20251217T015903, end_date=20251217T015904
[2025-12-17T01:59:04.904+0000] {local_task_job_runner.py:234} INFO - Task exited with return code 0
[2025-12-17T01:59:04.959+0000] {taskinstance.py:3280} INFO - 1 downstream tasks scheduled from follow-on schedule check
[2025-12-17T05:00:58.382+0000] {taskinstance.py:1956} INFO - Dependencies all met for dep_context=non-requeueable deps ti=<TaskInstance: etl_airflow.transform scheduled__2025-06-04T00:00:00+00:00 [queued]>
[2025-12-17T05:00:58.404+0000] {taskinstance.py:1956} INFO - Dependencies all met for dep_context=requeueable deps ti=<TaskInstance: etl_airflow.transform scheduled__2025-06-04T00:00:00+00:00 [queued]>
[2025-12-17T05:00:58.407+0000] {taskinstance.py:2170} INFO - Starting attempt 1 of 3
[2025-12-17T05:00:58.440+0000] {taskinstance.py:2191} INFO - Executing <Task(PythonOperator): transform> on 2025-06-04 00:00:00+00:00
[2025-12-17T05:00:58.454+0000] {standard_task_runner.py:60} INFO - Started process 7053 to run task
[2025-12-17T05:00:58.465+0000] {standard_task_runner.py:87} INFO - Running: ['***', 'tasks', 'run', 'etl_***', 'transform', 'scheduled__2025-06-04T00:00:00+00:00', '--job-id', '2072', '--raw', '--subdir', 'DAGS_FOLDER/etl_***.py', '--cfg-path', '/tmp/tmpej1j10zg']
[2025-12-17T05:00:58.472+0000] {standard_task_runner.py:88} INFO - Job 2072: Subtask transform
[2025-12-17T05:00:58.642+0000] {task_command.py:423} INFO - Running <TaskInstance: etl_airflow.transform scheduled__2025-06-04T00:00:00+00:00 [running]> on host b3426f05ac70
[2025-12-17T05:00:59.028+0000] {taskinstance.py:2480} INFO - Exporting env vars: AIRFLOW_CTX_DAG_OWNER='***' AIRFLOW_CTX_DAG_ID='etl_***' AIRFLOW_CTX_TASK_ID='transform' AIRFLOW_CTX_EXECUTION_DATE='2025-06-04T00:00:00+00:00' AIRFLOW_CTX_TRY_NUMBER='1' AIRFLOW_CTX_DAG_RUN_ID='scheduled__2025-06-04T00:00:00+00:00'
[2025-12-17T05:00:59.030+0000] {taskinstance.py:2698} ERROR - Task failed with exception
Traceback (most recent call last):
  File "/home/airflow/.local/lib/python3.8/site-packages/airflow/models/taskinstance.py", line 433, in _execute_task
    result = execute_callable(context=context, **execute_callable_kwargs)
  File "/home/airflow/.local/lib/python3.8/site-packages/airflow/operators/python.py", line 199, in execute
    return_value = self.execute_callable()
  File "/home/airflow/.local/lib/python3.8/site-packages/airflow/operators/python.py", line 216, in execute_callable
    return self.python_callable(*self.op_args, **self.op_kwargs)
TypeError: transform_data() missing 1 required positional argument: 'df'
[2025-12-17T05:00:59.041+0000] {taskinstance.py:1138} INFO - Marking task as UP_FOR_RETRY. dag_id=etl_***, task_id=transform, execution_date=20250604T000000, start_date=20251217T050058, end_date=20251217T050059
[2025-12-17T05:00:59.066+0000] {standard_task_runner.py:107} ERROR - Failed to execute job 2072 for task transform (transform_data() missing 1 required positional argument: 'df'; 7053)
[2025-12-17T05:00:59.129+0000] {local_task_job_runner.py:234} INFO - Task exited with return code 1
[2025-12-17T05:00:59.176+0000] {taskinstance.py:3280} INFO - 0 downstream tasks scheduled from follow-on schedule check
