[2025-12-16T17:14:02.427+0000] {taskinstance.py:1956} INFO - Dependencies all met for dep_context=non-requeueable deps ti=<TaskInstance: etl_airflow.transform scheduled__2024-09-21T00:00:00+00:00 [queued]>
[2025-12-16T17:14:02.485+0000] {taskinstance.py:1956} INFO - Dependencies all met for dep_context=requeueable deps ti=<TaskInstance: etl_airflow.transform scheduled__2024-09-21T00:00:00+00:00 [queued]>
[2025-12-16T17:14:02.492+0000] {taskinstance.py:2170} INFO - Starting attempt 1 of 3
[2025-12-16T17:14:02.562+0000] {taskinstance.py:2191} INFO - Executing <Task(PythonOperator): transform> on 2024-09-21 00:00:00+00:00
[2025-12-16T17:14:02.592+0000] {standard_task_runner.py:60} INFO - Started process 1064 to run task
[2025-12-16T17:14:02.600+0000] {standard_task_runner.py:87} INFO - Running: ['***', 'tasks', 'run', 'etl_***', 'transform', 'scheduled__2024-09-21T00:00:00+00:00', '--job-id', '4413', '--raw', '--subdir', 'DAGS_FOLDER/etl_dag.py', '--cfg-path', '/tmp/tmpd0qvgxnj']
[2025-12-16T17:14:02.650+0000] {standard_task_runner.py:88} INFO - Job 4413: Subtask transform
[2025-12-16T17:14:02.879+0000] {task_command.py:423} INFO - Running <TaskInstance: etl_airflow.transform scheduled__2024-09-21T00:00:00+00:00 [running]> on host 3b89cfee50e9
[2025-12-16T17:14:03.224+0000] {taskinstance.py:2480} INFO - Exporting env vars: AIRFLOW_CTX_DAG_OWNER='***' AIRFLOW_CTX_DAG_ID='etl_***' AIRFLOW_CTX_TASK_ID='transform' AIRFLOW_CTX_EXECUTION_DATE='2024-09-21T00:00:00+00:00' AIRFLOW_CTX_TRY_NUMBER='1' AIRFLOW_CTX_DAG_RUN_ID='scheduled__2024-09-21T00:00:00+00:00'
[2025-12-16T17:14:03.231+0000] {logging_mixin.py:188} INFO - [TRANSFORM]
[2025-12-16T17:14:04.041+0000] {logging_mixin.py:188} INFO - [TRANSFORM] done
[2025-12-16T17:14:04.043+0000] {python.py:201} INFO - Done. Returned value was: None
[2025-12-16T17:14:04.101+0000] {taskinstance.py:1138} INFO - Marking task as SUCCESS. dag_id=etl_***, task_id=transform, execution_date=20240921T000000, start_date=20251216T171402, end_date=20251216T171404
[2025-12-16T17:14:04.240+0000] {local_task_job_runner.py:234} INFO - Task exited with return code 0
[2025-12-16T17:14:04.383+0000] {taskinstance.py:3280} INFO - 1 downstream tasks scheduled from follow-on schedule check
[2025-12-17T01:54:45.742+0000] {taskinstance.py:1956} INFO - Dependencies all met for dep_context=non-requeueable deps ti=<TaskInstance: etl_airflow.transform scheduled__2024-09-21T00:00:00+00:00 [queued]>
[2025-12-17T01:54:45.765+0000] {taskinstance.py:1956} INFO - Dependencies all met for dep_context=requeueable deps ti=<TaskInstance: etl_airflow.transform scheduled__2024-09-21T00:00:00+00:00 [queued]>
[2025-12-17T01:54:45.766+0000] {taskinstance.py:2170} INFO - Starting attempt 1 of 3
[2025-12-17T01:54:45.799+0000] {taskinstance.py:2191} INFO - Executing <Task(PythonOperator): transform> on 2024-09-21 00:00:00+00:00
[2025-12-17T01:54:45.811+0000] {standard_task_runner.py:60} INFO - Started process 2761 to run task
[2025-12-17T01:54:45.818+0000] {standard_task_runner.py:87} INFO - Running: ['***', 'tasks', 'run', 'etl_***', 'transform', 'scheduled__2024-09-21T00:00:00+00:00', '--job-id', '804', '--raw', '--subdir', 'DAGS_FOLDER/etl_dag.py', '--cfg-path', '/tmp/tmpif65loyy']
[2025-12-17T01:54:45.824+0000] {standard_task_runner.py:88} INFO - Job 804: Subtask transform
[2025-12-17T01:54:46.005+0000] {task_command.py:423} INFO - Running <TaskInstance: etl_airflow.transform scheduled__2024-09-21T00:00:00+00:00 [running]> on host 571e042550da
[2025-12-17T01:54:46.579+0000] {taskinstance.py:2480} INFO - Exporting env vars: AIRFLOW_CTX_DAG_OWNER='***' AIRFLOW_CTX_DAG_ID='etl_***' AIRFLOW_CTX_TASK_ID='transform' AIRFLOW_CTX_EXECUTION_DATE='2024-09-21T00:00:00+00:00' AIRFLOW_CTX_TRY_NUMBER='1' AIRFLOW_CTX_DAG_RUN_ID='scheduled__2024-09-21T00:00:00+00:00'
[2025-12-17T01:54:46.585+0000] {logging_mixin.py:188} INFO - [TRANSFORM]
[2025-12-17T01:54:46.636+0000] {logging_mixin.py:188} INFO - [TRANSFORM] done
[2025-12-17T01:54:46.638+0000] {python.py:201} INFO - Done. Returned value was: None
[2025-12-17T01:54:46.668+0000] {taskinstance.py:1138} INFO - Marking task as SUCCESS. dag_id=etl_***, task_id=transform, execution_date=20240921T000000, start_date=20251217T015445, end_date=20251217T015446
[2025-12-17T01:54:46.761+0000] {local_task_job_runner.py:234} INFO - Task exited with return code 0
[2025-12-17T01:54:46.951+0000] {taskinstance.py:3280} INFO - 0 downstream tasks scheduled from follow-on schedule check
[2025-12-17T04:51:42.080+0000] {taskinstance.py:1956} INFO - Dependencies all met for dep_context=non-requeueable deps ti=<TaskInstance: etl_airflow.transform scheduled__2024-09-21T00:00:00+00:00 [queued]>
[2025-12-17T04:51:42.098+0000] {taskinstance.py:1956} INFO - Dependencies all met for dep_context=requeueable deps ti=<TaskInstance: etl_airflow.transform scheduled__2024-09-21T00:00:00+00:00 [queued]>
[2025-12-17T04:51:42.102+0000] {taskinstance.py:2170} INFO - Starting attempt 1 of 3
[2025-12-17T04:51:42.368+0000] {taskinstance.py:2191} INFO - Executing <Task(PythonOperator): transform> on 2024-09-21 00:00:00+00:00
[2025-12-17T04:51:42.381+0000] {standard_task_runner.py:60} INFO - Started process 3685 to run task
[2025-12-17T04:51:42.392+0000] {standard_task_runner.py:87} INFO - Running: ['***', 'tasks', 'run', 'etl_***', 'transform', 'scheduled__2024-09-21T00:00:00+00:00', '--job-id', '1049', '--raw', '--subdir', 'DAGS_FOLDER/etl_***.py', '--cfg-path', '/tmp/tmpuu7j8gzq']
[2025-12-17T04:51:42.400+0000] {standard_task_runner.py:88} INFO - Job 1049: Subtask transform
[2025-12-17T04:51:42.544+0000] {task_command.py:423} INFO - Running <TaskInstance: etl_airflow.transform scheduled__2024-09-21T00:00:00+00:00 [running]> on host b3426f05ac70
[2025-12-17T04:51:42.892+0000] {taskinstance.py:2480} INFO - Exporting env vars: AIRFLOW_CTX_DAG_OWNER='***' AIRFLOW_CTX_DAG_ID='etl_***' AIRFLOW_CTX_TASK_ID='transform' AIRFLOW_CTX_EXECUTION_DATE='2024-09-21T00:00:00+00:00' AIRFLOW_CTX_TRY_NUMBER='1' AIRFLOW_CTX_DAG_RUN_ID='scheduled__2024-09-21T00:00:00+00:00'
[2025-12-17T04:51:42.897+0000] {taskinstance.py:2698} ERROR - Task failed with exception
Traceback (most recent call last):
  File "/home/airflow/.local/lib/python3.8/site-packages/airflow/models/taskinstance.py", line 433, in _execute_task
    result = execute_callable(context=context, **execute_callable_kwargs)
  File "/home/airflow/.local/lib/python3.8/site-packages/airflow/operators/python.py", line 199, in execute
    return_value = self.execute_callable()
  File "/home/airflow/.local/lib/python3.8/site-packages/airflow/operators/python.py", line 216, in execute_callable
    return self.python_callable(*self.op_args, **self.op_kwargs)
TypeError: transform_data() missing 1 required positional argument: 'df'
[2025-12-17T04:51:42.914+0000] {taskinstance.py:1138} INFO - Marking task as UP_FOR_RETRY. dag_id=etl_***, task_id=transform, execution_date=20240921T000000, start_date=20251217T045142, end_date=20251217T045142
[2025-12-17T04:51:43.002+0000] {standard_task_runner.py:107} ERROR - Failed to execute job 1049 for task transform (transform_data() missing 1 required positional argument: 'df'; 3685)
[2025-12-17T04:51:43.058+0000] {local_task_job_runner.py:234} INFO - Task exited with return code 1
[2025-12-17T04:51:43.087+0000] {taskinstance.py:3280} INFO - 0 downstream tasks scheduled from follow-on schedule check
[2025-12-17T07:45:39.486+0000] {taskinstance.py:1956} INFO - Dependencies all met for dep_context=non-requeueable deps ti=<TaskInstance: etl_airflow.transform scheduled__2024-09-21T00:00:00+00:00 [queued]>
[2025-12-17T07:45:39.507+0000] {taskinstance.py:1956} INFO - Dependencies all met for dep_context=requeueable deps ti=<TaskInstance: etl_airflow.transform scheduled__2024-09-21T00:00:00+00:00 [queued]>
[2025-12-17T07:45:39.509+0000] {taskinstance.py:2170} INFO - Starting attempt 1 of 3
[2025-12-17T07:45:39.544+0000] {taskinstance.py:2191} INFO - Executing <Task(PythonOperator): transform> on 2024-09-21 00:00:00+00:00
[2025-12-17T07:45:39.559+0000] {standard_task_runner.py:60} INFO - Started process 3766 to run task
[2025-12-17T07:45:39.574+0000] {standard_task_runner.py:87} INFO - Running: ['***', 'tasks', 'run', 'etl_***', 'transform', 'scheduled__2024-09-21T00:00:00+00:00', '--job-id', '1052', '--raw', '--subdir', 'DAGS_FOLDER/etl_***.py', '--cfg-path', '/tmp/tmpoy9tiecx']
[2025-12-17T07:45:39.584+0000] {standard_task_runner.py:88} INFO - Job 1052: Subtask transform
[2025-12-17T07:45:39.749+0000] {task_command.py:423} INFO - Running <TaskInstance: etl_airflow.transform scheduled__2024-09-21T00:00:00+00:00 [running]> on host 2a0de06c8905
[2025-12-17T07:45:40.186+0000] {taskinstance.py:2480} INFO - Exporting env vars: AIRFLOW_CTX_DAG_OWNER='***' AIRFLOW_CTX_DAG_ID='etl_***' AIRFLOW_CTX_TASK_ID='transform' AIRFLOW_CTX_EXECUTION_DATE='2024-09-21T00:00:00+00:00' AIRFLOW_CTX_TRY_NUMBER='1' AIRFLOW_CTX_DAG_RUN_ID='scheduled__2024-09-21T00:00:00+00:00'
[2025-12-17T07:45:40.189+0000] {taskinstance.py:2698} ERROR - Task failed with exception
Traceback (most recent call last):
  File "/home/airflow/.local/lib/python3.8/site-packages/airflow/models/taskinstance.py", line 433, in _execute_task
    result = execute_callable(context=context, **execute_callable_kwargs)
  File "/home/airflow/.local/lib/python3.8/site-packages/airflow/operators/python.py", line 199, in execute
    return_value = self.execute_callable()
  File "/home/airflow/.local/lib/python3.8/site-packages/airflow/operators/python.py", line 216, in execute_callable
    return self.python_callable(*self.op_args, **self.op_kwargs)
TypeError: transform_data() missing 1 required positional argument: 'df'
[2025-12-17T07:45:40.209+0000] {taskinstance.py:1138} INFO - Marking task as UP_FOR_RETRY. dag_id=etl_***, task_id=transform, execution_date=20240921T000000, start_date=20251217T074539, end_date=20251217T074540
[2025-12-17T07:45:40.274+0000] {standard_task_runner.py:107} ERROR - Failed to execute job 1052 for task transform (transform_data() missing 1 required positional argument: 'df'; 3766)
[2025-12-17T07:45:40.313+0000] {local_task_job_runner.py:234} INFO - Task exited with return code 1
[2025-12-17T07:45:40.384+0000] {taskinstance.py:3280} INFO - 0 downstream tasks scheduled from follow-on schedule check
