[2025-12-16T17:21:11.145+0000] {taskinstance.py:1956} INFO - Dependencies all met for dep_context=non-requeueable deps ti=<TaskInstance: etl_airflow.transform scheduled__2024-01-12T00:00:00+00:00 [queued]>
[2025-12-16T17:21:11.188+0000] {taskinstance.py:1956} INFO - Dependencies all met for dep_context=requeueable deps ti=<TaskInstance: etl_airflow.transform scheduled__2024-01-12T00:00:00+00:00 [queued]>
[2025-12-16T17:21:11.193+0000] {taskinstance.py:2170} INFO - Starting attempt 3 of 5
[2025-12-16T17:21:11.287+0000] {taskinstance.py:2191} INFO - Executing <Task(PythonOperator): transform> on 2024-01-12 00:00:00+00:00
[2025-12-16T17:21:11.314+0000] {standard_task_runner.py:60} INFO - Started process 5605 to run task
[2025-12-16T17:21:11.330+0000] {standard_task_runner.py:87} INFO - Running: ['***', 'tasks', 'run', 'etl_***', 'transform', 'scheduled__2024-01-12T00:00:00+00:00', '--job-id', '5854', '--raw', '--subdir', 'DAGS_FOLDER/etl_dag.py', '--cfg-path', '/tmp/tmp_udcwlp3']
[2025-12-16T17:21:11.337+0000] {standard_task_runner.py:88} INFO - Job 5854: Subtask transform
[2025-12-16T17:21:11.743+0000] {task_command.py:423} INFO - Running <TaskInstance: etl_airflow.transform scheduled__2024-01-12T00:00:00+00:00 [running]> on host 3b89cfee50e9
[2025-12-16T17:21:12.250+0000] {taskinstance.py:2480} INFO - Exporting env vars: AIRFLOW_CTX_DAG_OWNER='***' AIRFLOW_CTX_DAG_ID='etl_***' AIRFLOW_CTX_TASK_ID='transform' AIRFLOW_CTX_EXECUTION_DATE='2024-01-12T00:00:00+00:00' AIRFLOW_CTX_TRY_NUMBER='3' AIRFLOW_CTX_DAG_RUN_ID='scheduled__2024-01-12T00:00:00+00:00'
[2025-12-16T17:21:12.258+0000] {logging_mixin.py:188} INFO - [TRANSFORM]
[2025-12-16T17:21:12.344+0000] {logging_mixin.py:188} INFO - [TRANSFORM] done
[2025-12-16T17:21:12.346+0000] {python.py:201} INFO - Done. Returned value was: None
[2025-12-16T17:21:12.785+0000] {taskinstance.py:1138} INFO - Marking task as SUCCESS. dag_id=etl_***, task_id=transform, execution_date=20240112T000000, start_date=20251216T172111, end_date=20251216T172112
[2025-12-16T17:21:12.857+0000] {local_task_job_runner.py:234} INFO - Task exited with return code 0
[2025-12-16T17:21:12.918+0000] {taskinstance.py:3280} INFO - 1 downstream tasks scheduled from follow-on schedule check
[2025-12-17T04:42:50.927+0000] {taskinstance.py:1956} INFO - Dependencies all met for dep_context=non-requeueable deps ti=<TaskInstance: etl_airflow.transform scheduled__2024-01-12T00:00:00+00:00 [queued]>
[2025-12-17T04:42:50.939+0000] {taskinstance.py:1956} INFO - Dependencies all met for dep_context=requeueable deps ti=<TaskInstance: etl_airflow.transform scheduled__2024-01-12T00:00:00+00:00 [queued]>
[2025-12-17T04:42:50.940+0000] {taskinstance.py:2170} INFO - Starting attempt 3 of 3
[2025-12-17T04:42:50.960+0000] {taskinstance.py:2191} INFO - Executing <Task(PythonOperator): transform> on 2024-01-12 00:00:00+00:00
[2025-12-17T04:42:50.970+0000] {standard_task_runner.py:60} INFO - Started process 429 to run task
[2025-12-17T04:42:50.977+0000] {standard_task_runner.py:87} INFO - Running: ['***', 'tasks', 'run', 'etl_***', 'transform', 'scheduled__2024-01-12T00:00:00+00:00', '--job-id', '63', '--raw', '--subdir', 'DAGS_FOLDER/etl_***.py', '--cfg-path', '/tmp/tmpqeb69qt_']
[2025-12-17T04:42:50.981+0000] {standard_task_runner.py:88} INFO - Job 63: Subtask transform
[2025-12-17T04:42:51.092+0000] {task_command.py:423} INFO - Running <TaskInstance: etl_airflow.transform scheduled__2024-01-12T00:00:00+00:00 [running]> on host b3426f05ac70
[2025-12-17T04:42:51.529+0000] {taskinstance.py:2480} INFO - Exporting env vars: AIRFLOW_CTX_DAG_OWNER='***' AIRFLOW_CTX_DAG_ID='etl_***' AIRFLOW_CTX_TASK_ID='transform' AIRFLOW_CTX_EXECUTION_DATE='2024-01-12T00:00:00+00:00' AIRFLOW_CTX_TRY_NUMBER='3' AIRFLOW_CTX_DAG_RUN_ID='scheduled__2024-01-12T00:00:00+00:00'
[2025-12-17T04:42:51.532+0000] {taskinstance.py:2698} ERROR - Task failed with exception
Traceback (most recent call last):
  File "/home/airflow/.local/lib/python3.8/site-packages/airflow/models/taskinstance.py", line 433, in _execute_task
    result = execute_callable(context=context, **execute_callable_kwargs)
  File "/home/airflow/.local/lib/python3.8/site-packages/airflow/operators/python.py", line 199, in execute
    return_value = self.execute_callable()
  File "/home/airflow/.local/lib/python3.8/site-packages/airflow/operators/python.py", line 216, in execute_callable
    return self.python_callable(*self.op_args, **self.op_kwargs)
TypeError: transform_data() missing 1 required positional argument: 'df'
[2025-12-17T04:42:51.547+0000] {taskinstance.py:1138} INFO - Marking task as FAILED. dag_id=etl_***, task_id=transform, execution_date=20240112T000000, start_date=20251217T044250, end_date=20251217T044251
[2025-12-17T04:42:51.565+0000] {standard_task_runner.py:107} ERROR - Failed to execute job 63 for task transform (transform_data() missing 1 required positional argument: 'df'; 429)
[2025-12-17T04:42:51.592+0000] {local_task_job_runner.py:234} INFO - Task exited with return code 1
[2025-12-17T04:42:51.629+0000] {taskinstance.py:3280} INFO - 0 downstream tasks scheduled from follow-on schedule check
[2025-12-17T07:35:47.928+0000] {taskinstance.py:1956} INFO - Dependencies all met for dep_context=non-requeueable deps ti=<TaskInstance: etl_airflow.transform scheduled__2024-01-12T00:00:00+00:00 [queued]>
[2025-12-17T07:35:47.952+0000] {taskinstance.py:1956} INFO - Dependencies all met for dep_context=requeueable deps ti=<TaskInstance: etl_airflow.transform scheduled__2024-01-12T00:00:00+00:00 [queued]>
[2025-12-17T07:35:47.956+0000] {taskinstance.py:2170} INFO - Starting attempt 3 of 3
[2025-12-17T07:35:47.991+0000] {taskinstance.py:2191} INFO - Executing <Task(PythonOperator): transform> on 2024-01-12 00:00:00+00:00
[2025-12-17T07:35:48.006+0000] {standard_task_runner.py:60} INFO - Started process 462 to run task
[2025-12-17T07:35:48.014+0000] {standard_task_runner.py:87} INFO - Running: ['***', 'tasks', 'run', 'etl_***', 'transform', 'scheduled__2024-01-12T00:00:00+00:00', '--job-id', '59', '--raw', '--subdir', 'DAGS_FOLDER/etl_***.py', '--cfg-path', '/tmp/tmpvcd7uxv6']
[2025-12-17T07:35:48.021+0000] {standard_task_runner.py:88} INFO - Job 59: Subtask transform
[2025-12-17T07:35:48.247+0000] {task_command.py:423} INFO - Running <TaskInstance: etl_airflow.transform scheduled__2024-01-12T00:00:00+00:00 [running]> on host 2a0de06c8905
[2025-12-17T07:35:48.825+0000] {taskinstance.py:2480} INFO - Exporting env vars: AIRFLOW_CTX_DAG_OWNER='***' AIRFLOW_CTX_DAG_ID='etl_***' AIRFLOW_CTX_TASK_ID='transform' AIRFLOW_CTX_EXECUTION_DATE='2024-01-12T00:00:00+00:00' AIRFLOW_CTX_TRY_NUMBER='3' AIRFLOW_CTX_DAG_RUN_ID='scheduled__2024-01-12T00:00:00+00:00'
[2025-12-17T07:35:48.840+0000] {taskinstance.py:2698} ERROR - Task failed with exception
Traceback (most recent call last):
  File "/home/airflow/.local/lib/python3.8/site-packages/airflow/models/taskinstance.py", line 433, in _execute_task
    result = execute_callable(context=context, **execute_callable_kwargs)
  File "/home/airflow/.local/lib/python3.8/site-packages/airflow/operators/python.py", line 199, in execute
    return_value = self.execute_callable()
  File "/home/airflow/.local/lib/python3.8/site-packages/airflow/operators/python.py", line 216, in execute_callable
    return self.python_callable(*self.op_args, **self.op_kwargs)
TypeError: transform_data() missing 1 required positional argument: 'df'
[2025-12-17T07:35:48.870+0000] {taskinstance.py:1138} INFO - Marking task as FAILED. dag_id=etl_***, task_id=transform, execution_date=20240112T000000, start_date=20251217T073547, end_date=20251217T073548
[2025-12-17T07:35:49.227+0000] {standard_task_runner.py:107} ERROR - Failed to execute job 59 for task transform (transform_data() missing 1 required positional argument: 'df'; 462)
[2025-12-17T07:35:49.280+0000] {local_task_job_runner.py:234} INFO - Task exited with return code 1
[2025-12-17T07:35:49.354+0000] {taskinstance.py:3280} INFO - 0 downstream tasks scheduled from follow-on schedule check
