[2025-12-16T17:18:14.781+0000] {taskinstance.py:1956} INFO - Dependencies all met for dep_context=non-requeueable deps ti=<TaskInstance: etl_airflow.transform scheduled__2024-01-12T00:00:00+00:00 [queued]>
[2025-12-16T17:18:14.805+0000] {taskinstance.py:1956} INFO - Dependencies all met for dep_context=requeueable deps ti=<TaskInstance: etl_airflow.transform scheduled__2024-01-12T00:00:00+00:00 [queued]>
[2025-12-16T17:18:14.807+0000] {taskinstance.py:2170} INFO - Starting attempt 2 of 4
[2025-12-16T17:18:14.836+0000] {taskinstance.py:2191} INFO - Executing <Task(PythonOperator): transform> on 2024-01-12 00:00:00+00:00
[2025-12-16T17:18:14.853+0000] {standard_task_runner.py:60} INFO - Started process 3457 to run task
[2025-12-16T17:18:14.863+0000] {standard_task_runner.py:87} INFO - Running: ['***', 'tasks', 'run', 'etl_***', 'transform', 'scheduled__2024-01-12T00:00:00+00:00', '--job-id', '5163', '--raw', '--subdir', 'DAGS_FOLDER/etl_dag.py', '--cfg-path', '/tmp/tmpcthesn_u']
[2025-12-16T17:18:14.869+0000] {standard_task_runner.py:88} INFO - Job 5163: Subtask transform
[2025-12-16T17:18:15.030+0000] {task_command.py:423} INFO - Running <TaskInstance: etl_airflow.transform scheduled__2024-01-12T00:00:00+00:00 [running]> on host 3b89cfee50e9
[2025-12-16T17:18:15.194+0000] {taskinstance.py:2480} INFO - Exporting env vars: AIRFLOW_CTX_DAG_OWNER='***' AIRFLOW_CTX_DAG_ID='etl_***' AIRFLOW_CTX_TASK_ID='transform' AIRFLOW_CTX_EXECUTION_DATE='2024-01-12T00:00:00+00:00' AIRFLOW_CTX_TRY_NUMBER='2' AIRFLOW_CTX_DAG_RUN_ID='scheduled__2024-01-12T00:00:00+00:00'
[2025-12-16T17:18:15.197+0000] {logging_mixin.py:188} INFO - [TRANSFORM]
[2025-12-16T17:18:15.239+0000] {logging_mixin.py:188} INFO - [TRANSFORM] done
[2025-12-16T17:18:15.240+0000] {python.py:201} INFO - Done. Returned value was: None
[2025-12-16T17:18:15.522+0000] {taskinstance.py:1138} INFO - Marking task as SUCCESS. dag_id=etl_***, task_id=transform, execution_date=20240112T000000, start_date=20251216T171814, end_date=20251216T171815
[2025-12-16T17:18:15.601+0000] {local_task_job_runner.py:234} INFO - Task exited with return code 0
[2025-12-16T17:18:15.651+0000] {taskinstance.py:3280} INFO - 1 downstream tasks scheduled from follow-on schedule check
[2025-12-17T04:42:38.273+0000] {taskinstance.py:1956} INFO - Dependencies all met for dep_context=non-requeueable deps ti=<TaskInstance: etl_airflow.transform scheduled__2024-01-12T00:00:00+00:00 [queued]>
[2025-12-17T04:42:38.288+0000] {taskinstance.py:1956} INFO - Dependencies all met for dep_context=requeueable deps ti=<TaskInstance: etl_airflow.transform scheduled__2024-01-12T00:00:00+00:00 [queued]>
[2025-12-17T04:42:38.289+0000] {taskinstance.py:2170} INFO - Starting attempt 2 of 3
[2025-12-17T04:42:38.309+0000] {taskinstance.py:2191} INFO - Executing <Task(PythonOperator): transform> on 2024-01-12 00:00:00+00:00
[2025-12-17T04:42:38.320+0000] {standard_task_runner.py:60} INFO - Started process 364 to run task
[2025-12-17T04:42:38.323+0000] {standard_task_runner.py:87} INFO - Running: ['***', 'tasks', 'run', 'etl_***', 'transform', 'scheduled__2024-01-12T00:00:00+00:00', '--job-id', '46', '--raw', '--subdir', 'DAGS_FOLDER/etl_***.py', '--cfg-path', '/tmp/tmp6b55l258']
[2025-12-17T04:42:38.326+0000] {standard_task_runner.py:88} INFO - Job 46: Subtask transform
[2025-12-17T04:42:38.429+0000] {task_command.py:423} INFO - Running <TaskInstance: etl_airflow.transform scheduled__2024-01-12T00:00:00+00:00 [running]> on host b3426f05ac70
[2025-12-17T04:42:38.747+0000] {taskinstance.py:2480} INFO - Exporting env vars: AIRFLOW_CTX_DAG_OWNER='***' AIRFLOW_CTX_DAG_ID='etl_***' AIRFLOW_CTX_TASK_ID='transform' AIRFLOW_CTX_EXECUTION_DATE='2024-01-12T00:00:00+00:00' AIRFLOW_CTX_TRY_NUMBER='2' AIRFLOW_CTX_DAG_RUN_ID='scheduled__2024-01-12T00:00:00+00:00'
[2025-12-17T04:42:38.750+0000] {taskinstance.py:2698} ERROR - Task failed with exception
Traceback (most recent call last):
  File "/home/airflow/.local/lib/python3.8/site-packages/airflow/models/taskinstance.py", line 433, in _execute_task
    result = execute_callable(context=context, **execute_callable_kwargs)
  File "/home/airflow/.local/lib/python3.8/site-packages/airflow/operators/python.py", line 199, in execute
    return_value = self.execute_callable()
  File "/home/airflow/.local/lib/python3.8/site-packages/airflow/operators/python.py", line 216, in execute_callable
    return self.python_callable(*self.op_args, **self.op_kwargs)
TypeError: transform_data() missing 1 required positional argument: 'df'
[2025-12-17T04:42:38.759+0000] {taskinstance.py:1138} INFO - Marking task as UP_FOR_RETRY. dag_id=etl_***, task_id=transform, execution_date=20240112T000000, start_date=20251217T044238, end_date=20251217T044238
[2025-12-17T04:42:38.779+0000] {standard_task_runner.py:107} ERROR - Failed to execute job 46 for task transform (transform_data() missing 1 required positional argument: 'df'; 364)
[2025-12-17T04:42:38.822+0000] {local_task_job_runner.py:234} INFO - Task exited with return code 1
[2025-12-17T04:42:38.882+0000] {taskinstance.py:3280} INFO - 0 downstream tasks scheduled from follow-on schedule check
[2025-12-17T07:35:35.226+0000] {taskinstance.py:1956} INFO - Dependencies all met for dep_context=non-requeueable deps ti=<TaskInstance: etl_airflow.transform scheduled__2024-01-12T00:00:00+00:00 [queued]>
[2025-12-17T07:35:35.247+0000] {taskinstance.py:1956} INFO - Dependencies all met for dep_context=requeueable deps ti=<TaskInstance: etl_airflow.transform scheduled__2024-01-12T00:00:00+00:00 [queued]>
[2025-12-17T07:35:35.248+0000] {taskinstance.py:2170} INFO - Starting attempt 2 of 3
[2025-12-17T07:35:35.275+0000] {taskinstance.py:2191} INFO - Executing <Task(PythonOperator): transform> on 2024-01-12 00:00:00+00:00
[2025-12-17T07:35:35.285+0000] {standard_task_runner.py:60} INFO - Started process 414 to run task
[2025-12-17T07:35:35.292+0000] {standard_task_runner.py:87} INFO - Running: ['***', 'tasks', 'run', 'etl_***', 'transform', 'scheduled__2024-01-12T00:00:00+00:00', '--job-id', '43', '--raw', '--subdir', 'DAGS_FOLDER/etl_***.py', '--cfg-path', '/tmp/tmp6krq_vxq']
[2025-12-17T07:35:35.298+0000] {standard_task_runner.py:88} INFO - Job 43: Subtask transform
[2025-12-17T07:35:35.504+0000] {task_command.py:423} INFO - Running <TaskInstance: etl_airflow.transform scheduled__2024-01-12T00:00:00+00:00 [running]> on host 2a0de06c8905
[2025-12-17T07:35:36.230+0000] {taskinstance.py:2480} INFO - Exporting env vars: AIRFLOW_CTX_DAG_OWNER='***' AIRFLOW_CTX_DAG_ID='etl_***' AIRFLOW_CTX_TASK_ID='transform' AIRFLOW_CTX_EXECUTION_DATE='2024-01-12T00:00:00+00:00' AIRFLOW_CTX_TRY_NUMBER='2' AIRFLOW_CTX_DAG_RUN_ID='scheduled__2024-01-12T00:00:00+00:00'
[2025-12-17T07:35:36.246+0000] {taskinstance.py:2698} ERROR - Task failed with exception
Traceback (most recent call last):
  File "/home/airflow/.local/lib/python3.8/site-packages/airflow/models/taskinstance.py", line 433, in _execute_task
    result = execute_callable(context=context, **execute_callable_kwargs)
  File "/home/airflow/.local/lib/python3.8/site-packages/airflow/operators/python.py", line 199, in execute
    return_value = self.execute_callable()
  File "/home/airflow/.local/lib/python3.8/site-packages/airflow/operators/python.py", line 216, in execute_callable
    return self.python_callable(*self.op_args, **self.op_kwargs)
TypeError: transform_data() missing 1 required positional argument: 'df'
[2025-12-17T07:35:36.273+0000] {taskinstance.py:1138} INFO - Marking task as UP_FOR_RETRY. dag_id=etl_***, task_id=transform, execution_date=20240112T000000, start_date=20251217T073535, end_date=20251217T073536
[2025-12-17T07:35:36.317+0000] {standard_task_runner.py:107} ERROR - Failed to execute job 43 for task transform (transform_data() missing 1 required positional argument: 'df'; 414)
[2025-12-17T07:35:36.356+0000] {local_task_job_runner.py:234} INFO - Task exited with return code 1
[2025-12-17T07:35:36.408+0000] {taskinstance.py:3280} INFO - 0 downstream tasks scheduled from follow-on schedule check
