[2025-12-16T17:12:49.935+0000] {taskinstance.py:1956} INFO - Dependencies all met for dep_context=non-requeueable deps ti=<TaskInstance: etl_airflow.load scheduled__2024-06-30T00:00:00+00:00 [queued]>
[2025-12-16T17:12:49.959+0000] {taskinstance.py:1956} INFO - Dependencies all met for dep_context=requeueable deps ti=<TaskInstance: etl_airflow.load scheduled__2024-06-30T00:00:00+00:00 [queued]>
[2025-12-16T17:12:49.963+0000] {taskinstance.py:2170} INFO - Starting attempt 1 of 3
[2025-12-16T17:12:50.023+0000] {taskinstance.py:2191} INFO - Executing <Task(PythonOperator): load> on 2024-06-30 00:00:00+00:00
[2025-12-16T17:12:50.054+0000] {standard_task_runner.py:60} INFO - Started process 332 to run task
[2025-12-16T17:12:50.060+0000] {standard_task_runner.py:87} INFO - Running: ['***', 'tasks', 'run', 'etl_***', 'load', 'scheduled__2024-06-30T00:00:00+00:00', '--job-id', '4180', '--raw', '--subdir', 'DAGS_FOLDER/etl_dag.py', '--cfg-path', '/tmp/tmpkuu62oi0']
[2025-12-16T17:12:50.067+0000] {standard_task_runner.py:88} INFO - Job 4180: Subtask load
[2025-12-16T17:12:50.409+0000] {task_command.py:423} INFO - Running <TaskInstance: etl_airflow.load scheduled__2024-06-30T00:00:00+00:00 [running]> on host 3b89cfee50e9
[2025-12-16T17:12:50.922+0000] {taskinstance.py:2480} INFO - Exporting env vars: AIRFLOW_CTX_DAG_OWNER='***' AIRFLOW_CTX_DAG_ID='etl_***' AIRFLOW_CTX_TASK_ID='load' AIRFLOW_CTX_EXECUTION_DATE='2024-06-30T00:00:00+00:00' AIRFLOW_CTX_TRY_NUMBER='1' AIRFLOW_CTX_DAG_RUN_ID='scheduled__2024-06-30T00:00:00+00:00'
[2025-12-16T17:12:50.934+0000] {logging_mixin.py:188} INFO - [LOAD]
[2025-12-16T17:12:51.338+0000] {logging_mixin.py:188} INFO -    user_id event_type            timestamp country
0        1      login  2025-01-01T09:00:00      IN
1        1      click  2025-01-01T09:05:00      IN
2        1     logout  2025-01-01T09:15:00      IN
3        3      login  2025-01-02T08:00:00      FR
4        3      click  2025-01-02T08:05:00      FR
[2025-12-16T17:12:51.340+0000] {logging_mixin.py:188} INFO - [LOAD] done
[2025-12-16T17:12:51.341+0000] {python.py:201} INFO - Done. Returned value was: None
[2025-12-16T17:12:51.364+0000] {taskinstance.py:1138} INFO - Marking task as SUCCESS. dag_id=etl_***, task_id=load, execution_date=20240630T000000, start_date=20251216T171249, end_date=20251216T171251
[2025-12-16T17:12:51.436+0000] {local_task_job_runner.py:234} INFO - Task exited with return code 0
[2025-12-16T17:12:51.647+0000] {taskinstance.py:3280} INFO - 0 downstream tasks scheduled from follow-on schedule check
[2025-12-17T01:53:24.515+0000] {taskinstance.py:1956} INFO - Dependencies all met for dep_context=non-requeueable deps ti=<TaskInstance: etl_airflow.load scheduled__2024-06-30T00:00:00+00:00 [queued]>
[2025-12-17T01:53:24.543+0000] {taskinstance.py:1956} INFO - Dependencies all met for dep_context=requeueable deps ti=<TaskInstance: etl_airflow.load scheduled__2024-06-30T00:00:00+00:00 [queued]>
[2025-12-17T01:53:24.545+0000] {taskinstance.py:2170} INFO - Starting attempt 1 of 3
[2025-12-17T01:53:24.591+0000] {taskinstance.py:2191} INFO - Executing <Task(PythonOperator): load> on 2024-06-30 00:00:00+00:00
[2025-12-17T01:53:24.604+0000] {standard_task_runner.py:60} INFO - Started process 2015 to run task
[2025-12-17T01:53:24.614+0000] {standard_task_runner.py:87} INFO - Running: ['***', 'tasks', 'run', 'etl_***', 'load', 'scheduled__2024-06-30T00:00:00+00:00', '--job-id', '571', '--raw', '--subdir', 'DAGS_FOLDER/etl_dag.py', '--cfg-path', '/tmp/tmp17xo43h_']
[2025-12-17T01:53:24.621+0000] {standard_task_runner.py:88} INFO - Job 571: Subtask load
[2025-12-17T01:53:24.812+0000] {task_command.py:423} INFO - Running <TaskInstance: etl_airflow.load scheduled__2024-06-30T00:00:00+00:00 [running]> on host 571e042550da
[2025-12-17T01:53:25.388+0000] {taskinstance.py:2480} INFO - Exporting env vars: AIRFLOW_CTX_DAG_OWNER='***' AIRFLOW_CTX_DAG_ID='etl_***' AIRFLOW_CTX_TASK_ID='load' AIRFLOW_CTX_EXECUTION_DATE='2024-06-30T00:00:00+00:00' AIRFLOW_CTX_TRY_NUMBER='1' AIRFLOW_CTX_DAG_RUN_ID='scheduled__2024-06-30T00:00:00+00:00'
[2025-12-17T01:53:25.391+0000] {logging_mixin.py:188} INFO - [LOAD]
[2025-12-17T01:53:25.422+0000] {logging_mixin.py:188} INFO -    user_id event_type            timestamp country
0        1      login  2025-01-01T09:00:00      IN
1        1      click  2025-01-01T09:05:00      IN
2        1     logout  2025-01-01T09:15:00      IN
3        3      login  2025-01-02T08:00:00      FR
4        3      click  2025-01-02T08:05:00      FR
[2025-12-17T01:53:25.425+0000] {logging_mixin.py:188} INFO - [LOAD] done
[2025-12-17T01:53:25.426+0000] {python.py:201} INFO - Done. Returned value was: None
[2025-12-17T01:53:25.448+0000] {taskinstance.py:1138} INFO - Marking task as SUCCESS. dag_id=etl_***, task_id=load, execution_date=20240630T000000, start_date=20251217T015324, end_date=20251217T015325
[2025-12-17T01:53:25.514+0000] {local_task_job_runner.py:234} INFO - Task exited with return code 0
[2025-12-17T01:53:25.552+0000] {taskinstance.py:3280} INFO - 0 downstream tasks scheduled from follow-on schedule check
