[2025-12-16T17:10:38.297+0000] {taskinstance.py:1956} INFO - Dependencies all met for dep_context=non-requeueable deps ti=<TaskInstance: etl_airflow.load scheduled__2024-03-01T00:00:00+00:00 [queued]>
[2025-12-16T17:10:38.334+0000] {taskinstance.py:1956} INFO - Dependencies all met for dep_context=requeueable deps ti=<TaskInstance: etl_airflow.load scheduled__2024-03-01T00:00:00+00:00 [queued]>
[2025-12-16T17:10:38.339+0000] {taskinstance.py:2170} INFO - Starting attempt 1 of 3
[2025-12-16T17:10:38.384+0000] {taskinstance.py:2191} INFO - Executing <Task(PythonOperator): load> on 2024-03-01 00:00:00+00:00
[2025-12-16T17:10:38.415+0000] {standard_task_runner.py:60} INFO - Started process 946 to run task
[2025-12-16T17:10:38.436+0000] {standard_task_runner.py:87} INFO - Running: ['***', 'tasks', 'run', 'etl_***', 'load', 'scheduled__2024-03-01T00:00:00+00:00', '--job-id', '3799', '--raw', '--subdir', 'DAGS_FOLDER/etl_dag.py', '--cfg-path', '/tmp/tmpjs7wzidy']
[2025-12-16T17:10:38.451+0000] {standard_task_runner.py:88} INFO - Job 3799: Subtask load
[2025-12-16T17:10:38.707+0000] {task_command.py:423} INFO - Running <TaskInstance: etl_airflow.load scheduled__2024-03-01T00:00:00+00:00 [running]> on host 3b89cfee50e9
[2025-12-16T17:10:39.030+0000] {taskinstance.py:2480} INFO - Exporting env vars: AIRFLOW_CTX_DAG_OWNER='***' AIRFLOW_CTX_DAG_ID='etl_***' AIRFLOW_CTX_TASK_ID='load' AIRFLOW_CTX_EXECUTION_DATE='2024-03-01T00:00:00+00:00' AIRFLOW_CTX_TRY_NUMBER='1' AIRFLOW_CTX_DAG_RUN_ID='scheduled__2024-03-01T00:00:00+00:00'
[2025-12-16T17:10:39.036+0000] {logging_mixin.py:188} INFO - [LOAD]
[2025-12-16T17:10:39.760+0000] {logging_mixin.py:188} INFO -    user_id event_type            timestamp country
0        1      login  2025-01-01T09:00:00      IN
1        1      click  2025-01-01T09:05:00      IN
2        1     logout  2025-01-01T09:15:00      IN
3        3      login  2025-01-02T08:00:00      FR
4        3      click  2025-01-02T08:05:00      FR
[2025-12-16T17:10:39.762+0000] {logging_mixin.py:188} INFO - [LOAD] done
[2025-12-16T17:10:39.763+0000] {python.py:201} INFO - Done. Returned value was: None
[2025-12-16T17:10:39.822+0000] {taskinstance.py:1138} INFO - Marking task as SUCCESS. dag_id=etl_***, task_id=load, execution_date=20240301T000000, start_date=20251216T171038, end_date=20251216T171039
[2025-12-16T17:10:39.945+0000] {local_task_job_runner.py:234} INFO - Task exited with return code 0
[2025-12-16T17:10:40.003+0000] {taskinstance.py:3280} INFO - 0 downstream tasks scheduled from follow-on schedule check
[2025-12-17T01:51:05.894+0000] {taskinstance.py:1956} INFO - Dependencies all met for dep_context=non-requeueable deps ti=<TaskInstance: etl_airflow.load scheduled__2024-03-01T00:00:00+00:00 [queued]>
[2025-12-17T01:51:05.925+0000] {taskinstance.py:1956} INFO - Dependencies all met for dep_context=requeueable deps ti=<TaskInstance: etl_airflow.load scheduled__2024-03-01T00:00:00+00:00 [queued]>
[2025-12-17T01:51:05.926+0000] {taskinstance.py:2170} INFO - Starting attempt 1 of 3
[2025-12-17T01:51:05.964+0000] {taskinstance.py:2191} INFO - Executing <Task(PythonOperator): load> on 2024-03-01 00:00:00+00:00
[2025-12-17T01:51:05.976+0000] {standard_task_runner.py:60} INFO - Started process 827 to run task
[2025-12-17T01:51:05.986+0000] {standard_task_runner.py:87} INFO - Running: ['***', 'tasks', 'run', 'etl_***', 'load', 'scheduled__2024-03-01T00:00:00+00:00', '--job-id', '196', '--raw', '--subdir', 'DAGS_FOLDER/etl_dag.py', '--cfg-path', '/tmp/tmpqggfsah9']
[2025-12-17T01:51:05.991+0000] {standard_task_runner.py:88} INFO - Job 196: Subtask load
[2025-12-17T01:51:06.170+0000] {task_command.py:423} INFO - Running <TaskInstance: etl_airflow.load scheduled__2024-03-01T00:00:00+00:00 [running]> on host 571e042550da
[2025-12-17T01:51:06.595+0000] {taskinstance.py:2480} INFO - Exporting env vars: AIRFLOW_CTX_DAG_OWNER='***' AIRFLOW_CTX_DAG_ID='etl_***' AIRFLOW_CTX_TASK_ID='load' AIRFLOW_CTX_EXECUTION_DATE='2024-03-01T00:00:00+00:00' AIRFLOW_CTX_TRY_NUMBER='1' AIRFLOW_CTX_DAG_RUN_ID='scheduled__2024-03-01T00:00:00+00:00'
[2025-12-17T01:51:06.599+0000] {logging_mixin.py:188} INFO - [LOAD]
[2025-12-17T01:51:06.630+0000] {logging_mixin.py:188} INFO -    user_id event_type            timestamp country
0        1      login  2025-01-01T09:00:00      IN
1        1      click  2025-01-01T09:05:00      IN
2        1     logout  2025-01-01T09:15:00      IN
3        3      login  2025-01-02T08:00:00      FR
4        3      click  2025-01-02T08:05:00      FR
[2025-12-17T01:51:06.631+0000] {logging_mixin.py:188} INFO - [LOAD] done
[2025-12-17T01:51:06.632+0000] {python.py:201} INFO - Done. Returned value was: None
[2025-12-17T01:51:06.649+0000] {taskinstance.py:1138} INFO - Marking task as SUCCESS. dag_id=etl_***, task_id=load, execution_date=20240301T000000, start_date=20251217T015105, end_date=20251217T015106
[2025-12-17T01:51:06.683+0000] {local_task_job_runner.py:234} INFO - Task exited with return code 0
[2025-12-17T01:51:06.718+0000] {taskinstance.py:3280} INFO - 0 downstream tasks scheduled from follow-on schedule check
