[2025-12-16T17:09:56.707+0000] {taskinstance.py:1956} INFO - Dependencies all met for dep_context=non-requeueable deps ti=<TaskInstance: etl_airflow.load scheduled__2024-01-05T00:00:00+00:00 [queued]>
[2025-12-16T17:09:56.753+0000] {taskinstance.py:1956} INFO - Dependencies all met for dep_context=requeueable deps ti=<TaskInstance: etl_airflow.load scheduled__2024-01-05T00:00:00+00:00 [queued]>
[2025-12-16T17:09:56.754+0000] {taskinstance.py:2170} INFO - Starting attempt 1 of 3
[2025-12-16T17:09:56.801+0000] {taskinstance.py:2191} INFO - Executing <Task(PythonOperator): load> on 2024-01-05 00:00:00+00:00
[2025-12-16T17:09:56.822+0000] {standard_task_runner.py:60} INFO - Started process 486 to run task
[2025-12-16T17:09:56.848+0000] {standard_task_runner.py:87} INFO - Running: ['***', 'tasks', 'run', 'etl_***', 'load', 'scheduled__2024-01-05T00:00:00+00:00', '--job-id', '3652', '--raw', '--subdir', 'DAGS_FOLDER/etl_dag.py', '--cfg-path', '/tmp/tmpfwwufhwz']
[2025-12-16T17:09:56.868+0000] {standard_task_runner.py:88} INFO - Job 3652: Subtask load
[2025-12-16T17:09:57.114+0000] {task_command.py:423} INFO - Running <TaskInstance: etl_airflow.load scheduled__2024-01-05T00:00:00+00:00 [running]> on host 3b89cfee50e9
[2025-12-16T17:09:57.423+0000] {taskinstance.py:2480} INFO - Exporting env vars: AIRFLOW_CTX_DAG_OWNER='***' AIRFLOW_CTX_DAG_ID='etl_***' AIRFLOW_CTX_TASK_ID='load' AIRFLOW_CTX_EXECUTION_DATE='2024-01-05T00:00:00+00:00' AIRFLOW_CTX_TRY_NUMBER='1' AIRFLOW_CTX_DAG_RUN_ID='scheduled__2024-01-05T00:00:00+00:00'
[2025-12-16T17:09:57.431+0000] {logging_mixin.py:188} INFO - [LOAD]
[2025-12-16T17:09:57.575+0000] {logging_mixin.py:188} INFO -    user_id event_type            timestamp country
0        1      login  2025-01-01T09:00:00      IN
1        1      click  2025-01-01T09:05:00      IN
2        1     logout  2025-01-01T09:15:00      IN
3        3      login  2025-01-02T08:00:00      FR
4        3      click  2025-01-02T08:05:00      FR
[2025-12-16T17:09:57.576+0000] {logging_mixin.py:188} INFO - [LOAD] done
[2025-12-16T17:09:57.578+0000] {python.py:201} INFO - Done. Returned value was: None
[2025-12-16T17:09:58.200+0000] {taskinstance.py:1138} INFO - Marking task as SUCCESS. dag_id=etl_***, task_id=load, execution_date=20240105T000000, start_date=20251216T170956, end_date=20251216T170958
[2025-12-16T17:09:58.355+0000] {local_task_job_runner.py:234} INFO - Task exited with return code 0
[2025-12-16T17:09:58.417+0000] {taskinstance.py:3280} INFO - 0 downstream tasks scheduled from follow-on schedule check
[2025-12-17T01:50:10.431+0000] {taskinstance.py:1956} INFO - Dependencies all met for dep_context=non-requeueable deps ti=<TaskInstance: etl_airflow.load scheduled__2024-01-05T00:00:00+00:00 [queued]>
[2025-12-17T01:50:10.454+0000] {taskinstance.py:1956} INFO - Dependencies all met for dep_context=requeueable deps ti=<TaskInstance: etl_airflow.load scheduled__2024-01-05T00:00:00+00:00 [queued]>
[2025-12-17T01:50:10.456+0000] {taskinstance.py:2170} INFO - Starting attempt 1 of 3
[2025-12-17T01:50:10.508+0000] {taskinstance.py:2191} INFO - Executing <Task(PythonOperator): load> on 2024-01-05 00:00:00+00:00
[2025-12-17T01:50:10.521+0000] {standard_task_runner.py:60} INFO - Started process 316 to run task
[2025-12-17T01:50:10.527+0000] {standard_task_runner.py:87} INFO - Running: ['***', 'tasks', 'run', 'etl_***', 'load', 'scheduled__2024-01-05T00:00:00+00:00', '--job-id', '34', '--raw', '--subdir', 'DAGS_FOLDER/etl_dag.py', '--cfg-path', '/tmp/tmpkcr7ar1_']
[2025-12-17T01:50:10.534+0000] {standard_task_runner.py:88} INFO - Job 34: Subtask load
[2025-12-17T01:50:10.714+0000] {task_command.py:423} INFO - Running <TaskInstance: etl_airflow.load scheduled__2024-01-05T00:00:00+00:00 [running]> on host 571e042550da
[2025-12-17T01:50:11.303+0000] {taskinstance.py:2480} INFO - Exporting env vars: AIRFLOW_CTX_DAG_OWNER='***' AIRFLOW_CTX_DAG_ID='etl_***' AIRFLOW_CTX_TASK_ID='load' AIRFLOW_CTX_EXECUTION_DATE='2024-01-05T00:00:00+00:00' AIRFLOW_CTX_TRY_NUMBER='1' AIRFLOW_CTX_DAG_RUN_ID='scheduled__2024-01-05T00:00:00+00:00'
[2025-12-17T01:50:11.305+0000] {logging_mixin.py:188} INFO - [LOAD]
[2025-12-17T01:50:11.340+0000] {logging_mixin.py:188} INFO -    user_id event_type            timestamp country
0        1      login  2025-01-01T09:00:00      IN
1        1      click  2025-01-01T09:05:00      IN
2        1     logout  2025-01-01T09:15:00      IN
3        3      login  2025-01-02T08:00:00      FR
4        3      click  2025-01-02T08:05:00      FR
[2025-12-17T01:50:11.343+0000] {logging_mixin.py:188} INFO - [LOAD] done
[2025-12-17T01:50:11.345+0000] {python.py:201} INFO - Done. Returned value was: None
[2025-12-17T01:50:11.365+0000] {taskinstance.py:1138} INFO - Marking task as SUCCESS. dag_id=etl_***, task_id=load, execution_date=20240105T000000, start_date=20251217T015010, end_date=20251217T015011
[2025-12-17T01:50:11.517+0000] {local_task_job_runner.py:234} INFO - Task exited with return code 0
[2025-12-17T01:50:11.562+0000] {taskinstance.py:3280} INFO - 0 downstream tasks scheduled from follow-on schedule check
