[2025-12-16T17:13:21.852+0000] {taskinstance.py:1956} INFO - Dependencies all met for dep_context=non-requeueable deps ti=<TaskInstance: etl_airflow.transform scheduled__2024-08-18T00:00:00+00:00 [queued]>
[2025-12-16T17:13:21.891+0000] {taskinstance.py:1956} INFO - Dependencies all met for dep_context=requeueable deps ti=<TaskInstance: etl_airflow.transform scheduled__2024-08-18T00:00:00+00:00 [queued]>
[2025-12-16T17:13:21.893+0000] {taskinstance.py:2170} INFO - Starting attempt 1 of 3
[2025-12-16T17:13:21.993+0000] {taskinstance.py:2191} INFO - Executing <Task(PythonOperator): transform> on 2024-08-18 00:00:00+00:00
[2025-12-16T17:13:22.033+0000] {standard_task_runner.py:60} INFO - Started process 686 to run task
[2025-12-16T17:13:22.047+0000] {standard_task_runner.py:87} INFO - Running: ['***', 'tasks', 'run', 'etl_***', 'transform', 'scheduled__2024-08-18T00:00:00+00:00', '--job-id', '4295', '--raw', '--subdir', 'DAGS_FOLDER/etl_dag.py', '--cfg-path', '/tmp/tmpciprdk3m']
[2025-12-16T17:13:22.066+0000] {standard_task_runner.py:88} INFO - Job 4295: Subtask transform
[2025-12-16T17:13:22.377+0000] {task_command.py:423} INFO - Running <TaskInstance: etl_airflow.transform scheduled__2024-08-18T00:00:00+00:00 [running]> on host 3b89cfee50e9
[2025-12-16T17:13:22.708+0000] {taskinstance.py:2480} INFO - Exporting env vars: AIRFLOW_CTX_DAG_OWNER='***' AIRFLOW_CTX_DAG_ID='etl_***' AIRFLOW_CTX_TASK_ID='transform' AIRFLOW_CTX_EXECUTION_DATE='2024-08-18T00:00:00+00:00' AIRFLOW_CTX_TRY_NUMBER='1' AIRFLOW_CTX_DAG_RUN_ID='scheduled__2024-08-18T00:00:00+00:00'
[2025-12-16T17:13:22.711+0000] {logging_mixin.py:188} INFO - [TRANSFORM]
[2025-12-16T17:13:22.758+0000] {taskinstance.py:2698} ERROR - Task failed with exception
Traceback (most recent call last):
  File "/home/airflow/.local/lib/python3.8/site-packages/airflow/models/taskinstance.py", line 433, in _execute_task
    result = execute_callable(context=context, **execute_callable_kwargs)
  File "/home/airflow/.local/lib/python3.8/site-packages/airflow/operators/python.py", line 199, in execute
    return_value = self.execute_callable()
  File "/home/airflow/.local/lib/python3.8/site-packages/airflow/operators/python.py", line 216, in execute_callable
    return self.python_callable(*self.op_args, **self.op_kwargs)
  File "/opt/airflow/etl_logic/pipeline.py", line 111, in transform_data
    df = pd.read_csv(TRANSFORMED_PATH)
  File "/home/airflow/.local/lib/python3.8/site-packages/pandas/io/parsers/readers.py", line 912, in read_csv
    return _read(filepath_or_buffer, kwds)
  File "/home/airflow/.local/lib/python3.8/site-packages/pandas/io/parsers/readers.py", line 577, in _read
    parser = TextFileReader(filepath_or_buffer, **kwds)
  File "/home/airflow/.local/lib/python3.8/site-packages/pandas/io/parsers/readers.py", line 1407, in __init__
    self._engine = self._make_engine(f, self.engine)
  File "/home/airflow/.local/lib/python3.8/site-packages/pandas/io/parsers/readers.py", line 1679, in _make_engine
    return mapping[engine](f, **self.options)
  File "/home/airflow/.local/lib/python3.8/site-packages/pandas/io/parsers/c_parser_wrapper.py", line 93, in __init__
    self._reader = parsers.TextReader(src, **kwds)
  File "pandas/_libs/parsers.pyx", line 557, in pandas._libs.parsers.TextReader.__cinit__
pandas.errors.EmptyDataError: No columns to parse from file
[2025-12-16T17:13:22.841+0000] {taskinstance.py:1138} INFO - Marking task as UP_FOR_RETRY. dag_id=etl_***, task_id=transform, execution_date=20240818T000000, start_date=20251216T171321, end_date=20251216T171322
[2025-12-16T17:13:23.698+0000] {standard_task_runner.py:107} ERROR - Failed to execute job 4295 for task transform (No columns to parse from file; 686)
[2025-12-16T17:13:23.750+0000] {local_task_job_runner.py:234} INFO - Task exited with return code 1
[2025-12-16T17:13:23.813+0000] {taskinstance.py:3280} INFO - 0 downstream tasks scheduled from follow-on schedule check
[2025-12-17T01:54:12.731+0000] {taskinstance.py:1956} INFO - Dependencies all met for dep_context=non-requeueable deps ti=<TaskInstance: etl_airflow.transform scheduled__2024-08-18T00:00:00+00:00 [queued]>
[2025-12-17T01:54:12.778+0000] {taskinstance.py:1956} INFO - Dependencies all met for dep_context=requeueable deps ti=<TaskInstance: etl_airflow.transform scheduled__2024-08-18T00:00:00+00:00 [queued]>
[2025-12-17T01:54:12.783+0000] {taskinstance.py:2170} INFO - Starting attempt 1 of 3
[2025-12-17T01:54:12.922+0000] {taskinstance.py:2191} INFO - Executing <Task(PythonOperator): transform> on 2024-08-18 00:00:00+00:00
[2025-12-17T01:54:12.959+0000] {standard_task_runner.py:60} INFO - Started process 2451 to run task
[2025-12-17T01:54:12.978+0000] {standard_task_runner.py:87} INFO - Running: ['***', 'tasks', 'run', 'etl_***', 'transform', 'scheduled__2024-08-18T00:00:00+00:00', '--job-id', '703', '--raw', '--subdir', 'DAGS_FOLDER/etl_dag.py', '--cfg-path', '/tmp/tmpzy4dom64']
[2025-12-17T01:54:12.989+0000] {standard_task_runner.py:88} INFO - Job 703: Subtask transform
[2025-12-17T01:54:13.293+0000] {task_command.py:423} INFO - Running <TaskInstance: etl_airflow.transform scheduled__2024-08-18T00:00:00+00:00 [running]> on host 571e042550da
[2025-12-17T01:54:13.995+0000] {taskinstance.py:2480} INFO - Exporting env vars: AIRFLOW_CTX_DAG_OWNER='***' AIRFLOW_CTX_DAG_ID='etl_***' AIRFLOW_CTX_TASK_ID='transform' AIRFLOW_CTX_EXECUTION_DATE='2024-08-18T00:00:00+00:00' AIRFLOW_CTX_TRY_NUMBER='1' AIRFLOW_CTX_DAG_RUN_ID='scheduled__2024-08-18T00:00:00+00:00'
[2025-12-17T01:54:14.002+0000] {logging_mixin.py:188} INFO - [TRANSFORM]
[2025-12-17T01:54:14.090+0000] {logging_mixin.py:188} INFO - [TRANSFORM] done
[2025-12-17T01:54:14.096+0000] {python.py:201} INFO - Done. Returned value was: None
[2025-12-17T01:54:14.130+0000] {taskinstance.py:1138} INFO - Marking task as SUCCESS. dag_id=etl_***, task_id=transform, execution_date=20240818T000000, start_date=20251217T015412, end_date=20251217T015414
[2025-12-17T01:54:14.214+0000] {local_task_job_runner.py:234} INFO - Task exited with return code 0
[2025-12-17T01:54:14.411+0000] {taskinstance.py:3280} INFO - 1 downstream tasks scheduled from follow-on schedule check
[2025-12-17T04:50:32.046+0000] {taskinstance.py:1956} INFO - Dependencies all met for dep_context=non-requeueable deps ti=<TaskInstance: etl_airflow.transform scheduled__2024-08-18T00:00:00+00:00 [queued]>
[2025-12-17T04:50:32.081+0000] {taskinstance.py:1956} INFO - Dependencies all met for dep_context=requeueable deps ti=<TaskInstance: etl_airflow.transform scheduled__2024-08-18T00:00:00+00:00 [queued]>
[2025-12-17T04:50:32.084+0000] {taskinstance.py:2170} INFO - Starting attempt 1 of 3
[2025-12-17T04:50:32.133+0000] {taskinstance.py:2191} INFO - Executing <Task(PythonOperator): transform> on 2024-08-18 00:00:00+00:00
[2025-12-17T04:50:32.169+0000] {standard_task_runner.py:60} INFO - Started process 3253 to run task
[2025-12-17T04:50:32.177+0000] {standard_task_runner.py:87} INFO - Running: ['***', 'tasks', 'run', 'etl_***', 'transform', 'scheduled__2024-08-18T00:00:00+00:00', '--job-id', '917', '--raw', '--subdir', 'DAGS_FOLDER/etl_***.py', '--cfg-path', '/tmp/tmph86yzj13']
[2025-12-17T04:50:32.189+0000] {standard_task_runner.py:88} INFO - Job 917: Subtask transform
[2025-12-17T04:50:32.377+0000] {task_command.py:423} INFO - Running <TaskInstance: etl_airflow.transform scheduled__2024-08-18T00:00:00+00:00 [running]> on host b3426f05ac70
[2025-12-17T04:50:32.899+0000] {taskinstance.py:2480} INFO - Exporting env vars: AIRFLOW_CTX_DAG_OWNER='***' AIRFLOW_CTX_DAG_ID='etl_***' AIRFLOW_CTX_TASK_ID='transform' AIRFLOW_CTX_EXECUTION_DATE='2024-08-18T00:00:00+00:00' AIRFLOW_CTX_TRY_NUMBER='1' AIRFLOW_CTX_DAG_RUN_ID='scheduled__2024-08-18T00:00:00+00:00'
[2025-12-17T04:50:32.907+0000] {taskinstance.py:2698} ERROR - Task failed with exception
Traceback (most recent call last):
  File "/home/airflow/.local/lib/python3.8/site-packages/airflow/models/taskinstance.py", line 433, in _execute_task
    result = execute_callable(context=context, **execute_callable_kwargs)
  File "/home/airflow/.local/lib/python3.8/site-packages/airflow/operators/python.py", line 199, in execute
    return_value = self.execute_callable()
  File "/home/airflow/.local/lib/python3.8/site-packages/airflow/operators/python.py", line 216, in execute_callable
    return self.python_callable(*self.op_args, **self.op_kwargs)
TypeError: transform_data() missing 1 required positional argument: 'df'
[2025-12-17T04:50:32.922+0000] {taskinstance.py:1138} INFO - Marking task as UP_FOR_RETRY. dag_id=etl_***, task_id=transform, execution_date=20240818T000000, start_date=20251217T045032, end_date=20251217T045032
[2025-12-17T04:50:32.966+0000] {standard_task_runner.py:107} ERROR - Failed to execute job 917 for task transform (transform_data() missing 1 required positional argument: 'df'; 3253)
[2025-12-17T04:50:33.036+0000] {local_task_job_runner.py:234} INFO - Task exited with return code 1
[2025-12-17T04:50:33.124+0000] {taskinstance.py:3280} INFO - 0 downstream tasks scheduled from follow-on schedule check
[2025-12-17T07:44:24.304+0000] {taskinstance.py:1956} INFO - Dependencies all met for dep_context=non-requeueable deps ti=<TaskInstance: etl_airflow.transform scheduled__2024-08-18T00:00:00+00:00 [queued]>
[2025-12-17T07:44:24.330+0000] {taskinstance.py:1956} INFO - Dependencies all met for dep_context=requeueable deps ti=<TaskInstance: etl_airflow.transform scheduled__2024-08-18T00:00:00+00:00 [queued]>
[2025-12-17T07:44:24.332+0000] {taskinstance.py:2170} INFO - Starting attempt 1 of 3
[2025-12-17T07:44:24.370+0000] {taskinstance.py:2191} INFO - Executing <Task(PythonOperator): transform> on 2024-08-18 00:00:00+00:00
[2025-12-17T07:44:24.381+0000] {standard_task_runner.py:60} INFO - Started process 3329 to run task
[2025-12-17T07:44:24.389+0000] {standard_task_runner.py:87} INFO - Running: ['***', 'tasks', 'run', 'etl_***', 'transform', 'scheduled__2024-08-18T00:00:00+00:00', '--job-id', '922', '--raw', '--subdir', 'DAGS_FOLDER/etl_***.py', '--cfg-path', '/tmp/tmpt0eef1w_']
[2025-12-17T07:44:24.395+0000] {standard_task_runner.py:88} INFO - Job 922: Subtask transform
[2025-12-17T07:44:24.531+0000] {task_command.py:423} INFO - Running <TaskInstance: etl_airflow.transform scheduled__2024-08-18T00:00:00+00:00 [running]> on host 2a0de06c8905
[2025-12-17T07:44:24.983+0000] {taskinstance.py:2480} INFO - Exporting env vars: AIRFLOW_CTX_DAG_OWNER='***' AIRFLOW_CTX_DAG_ID='etl_***' AIRFLOW_CTX_TASK_ID='transform' AIRFLOW_CTX_EXECUTION_DATE='2024-08-18T00:00:00+00:00' AIRFLOW_CTX_TRY_NUMBER='1' AIRFLOW_CTX_DAG_RUN_ID='scheduled__2024-08-18T00:00:00+00:00'
[2025-12-17T07:44:24.989+0000] {taskinstance.py:2698} ERROR - Task failed with exception
Traceback (most recent call last):
  File "/home/airflow/.local/lib/python3.8/site-packages/airflow/models/taskinstance.py", line 433, in _execute_task
    result = execute_callable(context=context, **execute_callable_kwargs)
  File "/home/airflow/.local/lib/python3.8/site-packages/airflow/operators/python.py", line 199, in execute
    return_value = self.execute_callable()
  File "/home/airflow/.local/lib/python3.8/site-packages/airflow/operators/python.py", line 216, in execute_callable
    return self.python_callable(*self.op_args, **self.op_kwargs)
TypeError: transform_data() missing 1 required positional argument: 'df'
[2025-12-17T07:44:25.014+0000] {taskinstance.py:1138} INFO - Marking task as UP_FOR_RETRY. dag_id=etl_***, task_id=transform, execution_date=20240818T000000, start_date=20251217T074424, end_date=20251217T074425
[2025-12-17T07:44:25.045+0000] {standard_task_runner.py:107} ERROR - Failed to execute job 922 for task transform (transform_data() missing 1 required positional argument: 'df'; 3329)
[2025-12-17T07:44:25.088+0000] {local_task_job_runner.py:234} INFO - Task exited with return code 1
[2025-12-17T07:44:25.539+0000] {taskinstance.py:3280} INFO - 0 downstream tasks scheduled from follow-on schedule check
