[2025-12-16T17:13:02.732+0000] {taskinstance.py:1956} INFO - Dependencies all met for dep_context=non-requeueable deps ti=<TaskInstance: etl_airflow.load scheduled__2024-07-22T00:00:00+00:00 [queued]>
[2025-12-16T17:13:02.772+0000] {taskinstance.py:1956} INFO - Dependencies all met for dep_context=requeueable deps ti=<TaskInstance: etl_airflow.load scheduled__2024-07-22T00:00:00+00:00 [queued]>
[2025-12-16T17:13:02.774+0000] {taskinstance.py:2170} INFO - Starting attempt 1 of 3
[2025-12-16T17:13:02.819+0000] {taskinstance.py:2191} INFO - Executing <Task(PythonOperator): load> on 2024-07-22 00:00:00+00:00
[2025-12-16T17:13:02.834+0000] {standard_task_runner.py:60} INFO - Started process 460 to run task
[2025-12-16T17:13:02.843+0000] {standard_task_runner.py:87} INFO - Running: ['***', 'tasks', 'run', 'etl_***', 'load', 'scheduled__2024-07-22T00:00:00+00:00', '--job-id', '4220', '--raw', '--subdir', 'DAGS_FOLDER/etl_dag.py', '--cfg-path', '/tmp/tmpayw0dkwe']
[2025-12-16T17:13:02.848+0000] {standard_task_runner.py:88} INFO - Job 4220: Subtask load
[2025-12-16T17:13:03.066+0000] {task_command.py:423} INFO - Running <TaskInstance: etl_airflow.load scheduled__2024-07-22T00:00:00+00:00 [running]> on host 3b89cfee50e9
[2025-12-16T17:13:03.442+0000] {taskinstance.py:2480} INFO - Exporting env vars: AIRFLOW_CTX_DAG_OWNER='***' AIRFLOW_CTX_DAG_ID='etl_***' AIRFLOW_CTX_TASK_ID='load' AIRFLOW_CTX_EXECUTION_DATE='2024-07-22T00:00:00+00:00' AIRFLOW_CTX_TRY_NUMBER='1' AIRFLOW_CTX_DAG_RUN_ID='scheduled__2024-07-22T00:00:00+00:00'
[2025-12-16T17:13:03.445+0000] {logging_mixin.py:188} INFO - [LOAD]
[2025-12-16T17:13:04.033+0000] {logging_mixin.py:188} INFO -    user_id event_type            timestamp country
0        1      login  2025-01-01T09:00:00      IN
1        1      click  2025-01-01T09:05:00      IN
2        1     logout  2025-01-01T09:15:00      IN
3        3      login  2025-01-02T08:00:00      FR
4        3      click  2025-01-02T08:05:00      FR
[2025-12-16T17:13:04.037+0000] {logging_mixin.py:188} INFO - [LOAD] done
[2025-12-16T17:13:04.042+0000] {python.py:201} INFO - Done. Returned value was: None
[2025-12-16T17:13:04.083+0000] {taskinstance.py:1138} INFO - Marking task as SUCCESS. dag_id=etl_***, task_id=load, execution_date=20240722T000000, start_date=20251216T171302, end_date=20251216T171304
[2025-12-16T17:13:04.182+0000] {local_task_job_runner.py:234} INFO - Task exited with return code 0
[2025-12-16T17:13:04.266+0000] {taskinstance.py:3280} INFO - 0 downstream tasks scheduled from follow-on schedule check
[2025-12-17T01:53:45.731+0000] {taskinstance.py:1956} INFO - Dependencies all met for dep_context=non-requeueable deps ti=<TaskInstance: etl_airflow.load scheduled__2024-07-22T00:00:00+00:00 [queued]>
[2025-12-17T01:53:45.755+0000] {taskinstance.py:1956} INFO - Dependencies all met for dep_context=requeueable deps ti=<TaskInstance: etl_airflow.load scheduled__2024-07-22T00:00:00+00:00 [queued]>
[2025-12-17T01:53:45.756+0000] {taskinstance.py:2170} INFO - Starting attempt 1 of 3
[2025-12-17T01:53:45.788+0000] {taskinstance.py:2191} INFO - Executing <Task(PythonOperator): load> on 2024-07-22 00:00:00+00:00
[2025-12-17T01:53:45.798+0000] {standard_task_runner.py:60} INFO - Started process 2206 to run task
[2025-12-17T01:53:45.804+0000] {standard_task_runner.py:87} INFO - Running: ['***', 'tasks', 'run', 'etl_***', 'load', 'scheduled__2024-07-22T00:00:00+00:00', '--job-id', '627', '--raw', '--subdir', 'DAGS_FOLDER/etl_dag.py', '--cfg-path', '/tmp/tmppdgo0y7o']
[2025-12-17T01:53:45.809+0000] {standard_task_runner.py:88} INFO - Job 627: Subtask load
[2025-12-17T01:53:45.947+0000] {task_command.py:423} INFO - Running <TaskInstance: etl_airflow.load scheduled__2024-07-22T00:00:00+00:00 [running]> on host 571e042550da
[2025-12-17T01:53:46.383+0000] {taskinstance.py:2480} INFO - Exporting env vars: AIRFLOW_CTX_DAG_OWNER='***' AIRFLOW_CTX_DAG_ID='etl_***' AIRFLOW_CTX_TASK_ID='load' AIRFLOW_CTX_EXECUTION_DATE='2024-07-22T00:00:00+00:00' AIRFLOW_CTX_TRY_NUMBER='1' AIRFLOW_CTX_DAG_RUN_ID='scheduled__2024-07-22T00:00:00+00:00'
[2025-12-17T01:53:46.386+0000] {logging_mixin.py:188} INFO - [LOAD]
[2025-12-17T01:53:46.419+0000] {logging_mixin.py:188} INFO -    user_id event_type            timestamp country
0        1      login  2025-01-01T09:00:00      IN
1        1      click  2025-01-01T09:05:00      IN
2        1     logout  2025-01-01T09:15:00      IN
3        3      login  2025-01-02T08:00:00      FR
4        3      click  2025-01-02T08:05:00      FR
[2025-12-17T01:53:46.422+0000] {logging_mixin.py:188} INFO - [LOAD] done
[2025-12-17T01:53:46.426+0000] {python.py:201} INFO - Done. Returned value was: None
[2025-12-17T01:53:46.457+0000] {taskinstance.py:1138} INFO - Marking task as SUCCESS. dag_id=etl_***, task_id=load, execution_date=20240722T000000, start_date=20251217T015345, end_date=20251217T015346
[2025-12-17T01:53:46.583+0000] {local_task_job_runner.py:234} INFO - Task exited with return code 0
[2025-12-17T01:53:46.643+0000] {taskinstance.py:3280} INFO - 0 downstream tasks scheduled from follow-on schedule check
