[2025-12-17T04:53:10.421+0000] {taskinstance.py:1956} INFO - Dependencies all met for dep_context=non-requeueable deps ti=<TaskInstance: etl_airflow.transform scheduled__2024-10-16T00:00:00+00:00 [queued]>
[2025-12-17T04:53:10.441+0000] {taskinstance.py:1956} INFO - Dependencies all met for dep_context=requeueable deps ti=<TaskInstance: etl_airflow.transform scheduled__2024-10-16T00:00:00+00:00 [queued]>
[2025-12-17T04:53:10.443+0000] {taskinstance.py:2170} INFO - Starting attempt 3 of 3
[2025-12-17T04:53:10.474+0000] {taskinstance.py:2191} INFO - Executing <Task(PythonOperator): transform> on 2024-10-16 00:00:00+00:00
[2025-12-17T04:53:10.489+0000] {standard_task_runner.py:60} INFO - Started process 4181 to run task
[2025-12-17T04:53:10.501+0000] {standard_task_runner.py:87} INFO - Running: ['***', 'tasks', 'run', 'etl_***', 'transform', 'scheduled__2024-10-16T00:00:00+00:00', '--job-id', '1202', '--raw', '--subdir', 'DAGS_FOLDER/etl_***.py', '--cfg-path', '/tmp/tmp7_i82giy']
[2025-12-17T04:53:10.513+0000] {standard_task_runner.py:88} INFO - Job 1202: Subtask transform
[2025-12-17T04:53:10.714+0000] {task_command.py:423} INFO - Running <TaskInstance: etl_airflow.transform scheduled__2024-10-16T00:00:00+00:00 [running]> on host b3426f05ac70
[2025-12-17T04:53:11.205+0000] {taskinstance.py:2480} INFO - Exporting env vars: AIRFLOW_CTX_DAG_OWNER='***' AIRFLOW_CTX_DAG_ID='etl_***' AIRFLOW_CTX_TASK_ID='transform' AIRFLOW_CTX_EXECUTION_DATE='2024-10-16T00:00:00+00:00' AIRFLOW_CTX_TRY_NUMBER='3' AIRFLOW_CTX_DAG_RUN_ID='scheduled__2024-10-16T00:00:00+00:00'
[2025-12-17T04:53:11.214+0000] {taskinstance.py:2698} ERROR - Task failed with exception
Traceback (most recent call last):
  File "/home/airflow/.local/lib/python3.8/site-packages/airflow/models/taskinstance.py", line 433, in _execute_task
    result = execute_callable(context=context, **execute_callable_kwargs)
  File "/home/airflow/.local/lib/python3.8/site-packages/airflow/operators/python.py", line 199, in execute
    return_value = self.execute_callable()
  File "/home/airflow/.local/lib/python3.8/site-packages/airflow/operators/python.py", line 216, in execute_callable
    return self.python_callable(*self.op_args, **self.op_kwargs)
TypeError: transform_data() missing 1 required positional argument: 'df'
[2025-12-17T04:53:11.252+0000] {taskinstance.py:1138} INFO - Marking task as FAILED. dag_id=etl_***, task_id=transform, execution_date=20241016T000000, start_date=20251217T045310, end_date=20251217T045311
[2025-12-17T04:53:11.299+0000] {standard_task_runner.py:107} ERROR - Failed to execute job 1202 for task transform (transform_data() missing 1 required positional argument: 'df'; 4181)
[2025-12-17T04:53:11.364+0000] {local_task_job_runner.py:234} INFO - Task exited with return code 1
[2025-12-17T04:53:11.784+0000] {taskinstance.py:3280} INFO - 0 downstream tasks scheduled from follow-on schedule check
[2025-12-17T07:58:21.200+0000] {taskinstance.py:1956} INFO - Dependencies all met for dep_context=non-requeueable deps ti=<TaskInstance: etl_airflow.transform scheduled__2024-10-16T00:00:00+00:00 [queued]>
[2025-12-17T07:58:21.219+0000] {taskinstance.py:1956} INFO - Dependencies all met for dep_context=requeueable deps ti=<TaskInstance: etl_airflow.transform scheduled__2024-10-16T00:00:00+00:00 [queued]>
[2025-12-17T07:58:21.221+0000] {taskinstance.py:2170} INFO - Starting attempt 3 of 3
[2025-12-17T07:58:21.248+0000] {taskinstance.py:2191} INFO - Executing <Task(PythonOperator): transform> on 2024-10-16 00:00:00+00:00
[2025-12-17T07:58:21.256+0000] {standard_task_runner.py:60} INFO - Started process 4279 to run task
[2025-12-17T07:58:21.265+0000] {standard_task_runner.py:87} INFO - Running: ['***', 'tasks', 'run', 'etl_***', 'transform', 'scheduled__2024-10-16T00:00:00+00:00', '--job-id', '1204', '--raw', '--subdir', 'DAGS_FOLDER/etl_***.py', '--cfg-path', '/tmp/tmp2r4fzs2m']
[2025-12-17T07:58:21.269+0000] {standard_task_runner.py:88} INFO - Job 1204: Subtask transform
[2025-12-17T07:58:21.522+0000] {task_command.py:423} INFO - Running <TaskInstance: etl_airflow.transform scheduled__2024-10-16T00:00:00+00:00 [running]> on host 2a0de06c8905
[2025-12-17T07:58:21.972+0000] {taskinstance.py:2480} INFO - Exporting env vars: AIRFLOW_CTX_DAG_OWNER='***' AIRFLOW_CTX_DAG_ID='etl_***' AIRFLOW_CTX_TASK_ID='transform' AIRFLOW_CTX_EXECUTION_DATE='2024-10-16T00:00:00+00:00' AIRFLOW_CTX_TRY_NUMBER='3' AIRFLOW_CTX_DAG_RUN_ID='scheduled__2024-10-16T00:00:00+00:00'
[2025-12-17T07:58:21.976+0000] {taskinstance.py:2698} ERROR - Task failed with exception
Traceback (most recent call last):
  File "/home/airflow/.local/lib/python3.8/site-packages/airflow/models/taskinstance.py", line 433, in _execute_task
    result = execute_callable(context=context, **execute_callable_kwargs)
  File "/home/airflow/.local/lib/python3.8/site-packages/airflow/operators/python.py", line 199, in execute
    return_value = self.execute_callable()
  File "/home/airflow/.local/lib/python3.8/site-packages/airflow/operators/python.py", line 216, in execute_callable
    return self.python_callable(*self.op_args, **self.op_kwargs)
TypeError: transform_data() missing 1 required positional argument: 'df'
[2025-12-17T07:58:21.995+0000] {taskinstance.py:1138} INFO - Marking task as FAILED. dag_id=etl_***, task_id=transform, execution_date=20241016T000000, start_date=20251217T075821, end_date=20251217T075821
[2025-12-17T07:58:22.086+0000] {standard_task_runner.py:107} ERROR - Failed to execute job 1204 for task transform (transform_data() missing 1 required positional argument: 'df'; 4279)
[2025-12-17T07:58:22.120+0000] {local_task_job_runner.py:234} INFO - Task exited with return code 1
[2025-12-17T07:58:22.160+0000] {taskinstance.py:3280} INFO - 0 downstream tasks scheduled from follow-on schedule check
