[2025-12-16T17:11:04.733+0000] {taskinstance.py:1956} INFO - Dependencies all met for dep_context=non-requeueable deps ti=<TaskInstance: etl_airflow.load scheduled__2024-04-06T00:00:00+00:00 [queued]>
[2025-12-16T17:11:04.757+0000] {taskinstance.py:1956} INFO - Dependencies all met for dep_context=requeueable deps ti=<TaskInstance: etl_airflow.load scheduled__2024-04-06T00:00:00+00:00 [queued]>
[2025-12-16T17:11:04.762+0000] {taskinstance.py:2170} INFO - Starting attempt 1 of 3
[2025-12-16T17:11:04.797+0000] {taskinstance.py:2191} INFO - Executing <Task(PythonOperator): load> on 2024-04-06 00:00:00+00:00
[2025-12-16T17:11:04.816+0000] {standard_task_runner.py:60} INFO - Started process 1246 to run task
[2025-12-16T17:11:04.833+0000] {standard_task_runner.py:87} INFO - Running: ['***', 'tasks', 'run', 'etl_***', 'load', 'scheduled__2024-04-06T00:00:00+00:00', '--job-id', '3896', '--raw', '--subdir', 'DAGS_FOLDER/etl_dag.py', '--cfg-path', '/tmp/tmp4r1q65t7']
[2025-12-16T17:11:04.841+0000] {standard_task_runner.py:88} INFO - Job 3896: Subtask load
[2025-12-16T17:11:05.021+0000] {task_command.py:423} INFO - Running <TaskInstance: etl_airflow.load scheduled__2024-04-06T00:00:00+00:00 [running]> on host 3b89cfee50e9
[2025-12-16T17:11:05.501+0000] {taskinstance.py:2480} INFO - Exporting env vars: AIRFLOW_CTX_DAG_OWNER='***' AIRFLOW_CTX_DAG_ID='etl_***' AIRFLOW_CTX_TASK_ID='load' AIRFLOW_CTX_EXECUTION_DATE='2024-04-06T00:00:00+00:00' AIRFLOW_CTX_TRY_NUMBER='1' AIRFLOW_CTX_DAG_RUN_ID='scheduled__2024-04-06T00:00:00+00:00'
[2025-12-16T17:11:05.520+0000] {logging_mixin.py:188} INFO - [LOAD]
[2025-12-16T17:11:06.092+0000] {logging_mixin.py:188} INFO -    user_id event_type            timestamp country
0        1      login  2025-01-01T09:00:00      IN
1        1      click  2025-01-01T09:05:00      IN
2        1     logout  2025-01-01T09:15:00      IN
3        3      login  2025-01-02T08:00:00      FR
4        3      click  2025-01-02T08:05:00      FR
[2025-12-16T17:11:06.104+0000] {logging_mixin.py:188} INFO - [LOAD] done
[2025-12-16T17:11:06.120+0000] {python.py:201} INFO - Done. Returned value was: None
[2025-12-16T17:11:06.148+0000] {taskinstance.py:1138} INFO - Marking task as SUCCESS. dag_id=etl_***, task_id=load, execution_date=20240406T000000, start_date=20251216T171104, end_date=20251216T171106
[2025-12-16T17:11:06.420+0000] {local_task_job_runner.py:234} INFO - Task exited with return code 0
[2025-12-16T17:11:06.496+0000] {taskinstance.py:3280} INFO - 0 downstream tasks scheduled from follow-on schedule check
[2025-12-17T01:51:51.386+0000] {taskinstance.py:1956} INFO - Dependencies all met for dep_context=non-requeueable deps ti=<TaskInstance: etl_airflow.load scheduled__2024-04-06T00:00:00+00:00 [queued]>
[2025-12-17T01:51:51.466+0000] {taskinstance.py:1956} INFO - Dependencies all met for dep_context=requeueable deps ti=<TaskInstance: etl_airflow.load scheduled__2024-04-06T00:00:00+00:00 [queued]>
[2025-12-17T01:51:51.472+0000] {taskinstance.py:2170} INFO - Starting attempt 1 of 3
[2025-12-17T01:51:51.559+0000] {taskinstance.py:2191} INFO - Executing <Task(PythonOperator): load> on 2024-04-06 00:00:00+00:00
[2025-12-17T01:51:51.595+0000] {standard_task_runner.py:60} INFO - Started process 1172 to run task
[2025-12-17T01:51:51.611+0000] {standard_task_runner.py:87} INFO - Running: ['***', 'tasks', 'run', 'etl_***', 'load', 'scheduled__2024-04-06T00:00:00+00:00', '--job-id', '307', '--raw', '--subdir', 'DAGS_FOLDER/etl_dag.py', '--cfg-path', '/tmp/tmp78axw_th']
[2025-12-17T01:51:51.621+0000] {standard_task_runner.py:88} INFO - Job 307: Subtask load
[2025-12-17T01:51:51.859+0000] {task_command.py:423} INFO - Running <TaskInstance: etl_airflow.load scheduled__2024-04-06T00:00:00+00:00 [running]> on host 571e042550da
[2025-12-17T01:51:52.499+0000] {taskinstance.py:2480} INFO - Exporting env vars: AIRFLOW_CTX_DAG_OWNER='***' AIRFLOW_CTX_DAG_ID='etl_***' AIRFLOW_CTX_TASK_ID='load' AIRFLOW_CTX_EXECUTION_DATE='2024-04-06T00:00:00+00:00' AIRFLOW_CTX_TRY_NUMBER='1' AIRFLOW_CTX_DAG_RUN_ID='scheduled__2024-04-06T00:00:00+00:00'
[2025-12-17T01:51:52.503+0000] {logging_mixin.py:188} INFO - [LOAD]
[2025-12-17T01:51:52.542+0000] {logging_mixin.py:188} INFO -    user_id event_type            timestamp country
0        1      login  2025-01-01T09:00:00      IN
1        1      click  2025-01-01T09:05:00      IN
2        1     logout  2025-01-01T09:15:00      IN
3        3      login  2025-01-02T08:00:00      FR
4        3      click  2025-01-02T08:05:00      FR
[2025-12-17T01:51:52.546+0000] {logging_mixin.py:188} INFO - [LOAD] done
[2025-12-17T01:51:52.548+0000] {python.py:201} INFO - Done. Returned value was: None
[2025-12-17T01:51:52.568+0000] {taskinstance.py:1138} INFO - Marking task as SUCCESS. dag_id=etl_***, task_id=load, execution_date=20240406T000000, start_date=20251217T015151, end_date=20251217T015152
[2025-12-17T01:51:52.642+0000] {local_task_job_runner.py:234} INFO - Task exited with return code 0
[2025-12-17T01:51:52.689+0000] {taskinstance.py:3280} INFO - 0 downstream tasks scheduled from follow-on schedule check
