[2025-12-16T17:15:22.589+0000] {taskinstance.py:1956} INFO - Dependencies all met for dep_context=non-requeueable deps ti=<TaskInstance: etl_airflow.load scheduled__2024-12-02T00:00:00+00:00 [queued]>
[2025-12-16T17:15:22.615+0000] {taskinstance.py:1956} INFO - Dependencies all met for dep_context=requeueable deps ti=<TaskInstance: etl_airflow.load scheduled__2024-12-02T00:00:00+00:00 [queued]>
[2025-12-16T17:15:22.618+0000] {taskinstance.py:2170} INFO - Starting attempt 1 of 3
[2025-12-16T17:15:22.689+0000] {taskinstance.py:2191} INFO - Executing <Task(PythonOperator): load> on 2024-12-02 00:00:00+00:00
[2025-12-16T17:15:22.707+0000] {standard_task_runner.py:60} INFO - Started process 1962 to run task
[2025-12-16T17:15:22.720+0000] {standard_task_runner.py:87} INFO - Running: ['***', 'tasks', 'run', 'etl_***', 'load', 'scheduled__2024-12-02T00:00:00+00:00', '--job-id', '4693', '--raw', '--subdir', 'DAGS_FOLDER/etl_dag.py', '--cfg-path', '/tmp/tmp1ajeawy4']
[2025-12-16T17:15:22.730+0000] {standard_task_runner.py:88} INFO - Job 4693: Subtask load
[2025-12-16T17:15:22.901+0000] {task_command.py:423} INFO - Running <TaskInstance: etl_airflow.load scheduled__2024-12-02T00:00:00+00:00 [running]> on host 3b89cfee50e9
[2025-12-16T17:15:23.182+0000] {taskinstance.py:2480} INFO - Exporting env vars: AIRFLOW_CTX_DAG_OWNER='***' AIRFLOW_CTX_DAG_ID='etl_***' AIRFLOW_CTX_TASK_ID='load' AIRFLOW_CTX_EXECUTION_DATE='2024-12-02T00:00:00+00:00' AIRFLOW_CTX_TRY_NUMBER='1' AIRFLOW_CTX_DAG_RUN_ID='scheduled__2024-12-02T00:00:00+00:00'
[2025-12-16T17:15:23.187+0000] {logging_mixin.py:188} INFO - [LOAD]
[2025-12-16T17:15:23.578+0000] {logging_mixin.py:188} INFO -    user_id event_type            timestamp country
0        1      login  2025-01-01T09:00:00      IN
1        1      click  2025-01-01T09:05:00      IN
2        1     logout  2025-01-01T09:15:00      IN
3        3      login  2025-01-02T08:00:00      FR
4        3      click  2025-01-02T08:05:00      FR
[2025-12-16T17:15:23.584+0000] {logging_mixin.py:188} INFO - [LOAD] done
[2025-12-16T17:15:23.585+0000] {python.py:201} INFO - Done. Returned value was: None
[2025-12-16T17:15:23.615+0000] {taskinstance.py:1138} INFO - Marking task as SUCCESS. dag_id=etl_***, task_id=load, execution_date=20241202T000000, start_date=20251216T171522, end_date=20251216T171523
[2025-12-16T17:15:23.682+0000] {local_task_job_runner.py:234} INFO - Task exited with return code 0
[2025-12-16T17:15:23.728+0000] {taskinstance.py:3280} INFO - 0 downstream tasks scheduled from follow-on schedule check
[2025-12-17T01:56:05.536+0000] {taskinstance.py:1956} INFO - Dependencies all met for dep_context=non-requeueable deps ti=<TaskInstance: etl_airflow.load scheduled__2024-12-02T00:00:00+00:00 [queued]>
[2025-12-17T01:56:05.549+0000] {taskinstance.py:1956} INFO - Dependencies all met for dep_context=requeueable deps ti=<TaskInstance: etl_airflow.load scheduled__2024-12-02T00:00:00+00:00 [queued]>
[2025-12-17T01:56:05.550+0000] {taskinstance.py:2170} INFO - Starting attempt 1 of 3
[2025-12-17T01:56:05.575+0000] {taskinstance.py:2191} INFO - Executing <Task(PythonOperator): load> on 2024-12-02 00:00:00+00:00
[2025-12-17T01:56:05.591+0000] {standard_task_runner.py:60} INFO - Started process 3489 to run task
[2025-12-17T01:56:05.600+0000] {standard_task_runner.py:87} INFO - Running: ['***', 'tasks', 'run', 'etl_***', 'load', 'scheduled__2024-12-02T00:00:00+00:00', '--job-id', '1034', '--raw', '--subdir', 'DAGS_FOLDER/etl_dag.py', '--cfg-path', '/tmp/tmpx06cp1us']
[2025-12-17T01:56:05.606+0000] {standard_task_runner.py:88} INFO - Job 1034: Subtask load
[2025-12-17T01:56:05.751+0000] {task_command.py:423} INFO - Running <TaskInstance: etl_airflow.load scheduled__2024-12-02T00:00:00+00:00 [running]> on host 571e042550da
[2025-12-17T01:56:06.213+0000] {taskinstance.py:2480} INFO - Exporting env vars: AIRFLOW_CTX_DAG_OWNER='***' AIRFLOW_CTX_DAG_ID='etl_***' AIRFLOW_CTX_TASK_ID='load' AIRFLOW_CTX_EXECUTION_DATE='2024-12-02T00:00:00+00:00' AIRFLOW_CTX_TRY_NUMBER='1' AIRFLOW_CTX_DAG_RUN_ID='scheduled__2024-12-02T00:00:00+00:00'
[2025-12-17T01:56:06.216+0000] {logging_mixin.py:188} INFO - [LOAD]
[2025-12-17T01:56:06.239+0000] {logging_mixin.py:188} INFO -    user_id event_type            timestamp country
0        1      login  2025-01-01T09:00:00      IN
1        1      click  2025-01-01T09:05:00      IN
2        1     logout  2025-01-01T09:15:00      IN
3        3      login  2025-01-02T08:00:00      FR
4        3      click  2025-01-02T08:05:00      FR
[2025-12-17T01:56:06.240+0000] {logging_mixin.py:188} INFO - [LOAD] done
[2025-12-17T01:56:06.241+0000] {python.py:201} INFO - Done. Returned value was: None
[2025-12-17T01:56:06.262+0000] {taskinstance.py:1138} INFO - Marking task as SUCCESS. dag_id=etl_***, task_id=load, execution_date=20241202T000000, start_date=20251217T015605, end_date=20251217T015606
[2025-12-17T01:56:06.338+0000] {local_task_job_runner.py:234} INFO - Task exited with return code 0
[2025-12-17T01:56:06.368+0000] {taskinstance.py:3280} INFO - 0 downstream tasks scheduled from follow-on schedule check
