[2025-12-16T17:21:11.476+0000] {taskinstance.py:1956} INFO - Dependencies all met for dep_context=non-requeueable deps ti=<TaskInstance: etl_airflow.transform scheduled__2024-01-09T00:00:00+00:00 [queued]>
[2025-12-16T17:21:11.515+0000] {taskinstance.py:1956} INFO - Dependencies all met for dep_context=requeueable deps ti=<TaskInstance: etl_airflow.transform scheduled__2024-01-09T00:00:00+00:00 [queued]>
[2025-12-16T17:21:11.521+0000] {taskinstance.py:2170} INFO - Starting attempt 3 of 5
[2025-12-16T17:21:11.572+0000] {taskinstance.py:2191} INFO - Executing <Task(PythonOperator): transform> on 2024-01-09 00:00:00+00:00
[2025-12-16T17:21:11.603+0000] {standard_task_runner.py:60} INFO - Started process 5609 to run task
[2025-12-16T17:21:11.615+0000] {standard_task_runner.py:87} INFO - Running: ['***', 'tasks', 'run', 'etl_***', 'transform', 'scheduled__2024-01-09T00:00:00+00:00', '--job-id', '5856', '--raw', '--subdir', 'DAGS_FOLDER/etl_dag.py', '--cfg-path', '/tmp/tmp3bl8p080']
[2025-12-16T17:21:11.633+0000] {standard_task_runner.py:88} INFO - Job 5856: Subtask transform
[2025-12-16T17:21:12.000+0000] {task_command.py:423} INFO - Running <TaskInstance: etl_airflow.transform scheduled__2024-01-09T00:00:00+00:00 [running]> on host 3b89cfee50e9
[2025-12-16T17:21:12.316+0000] {taskinstance.py:2480} INFO - Exporting env vars: AIRFLOW_CTX_DAG_OWNER='***' AIRFLOW_CTX_DAG_ID='etl_***' AIRFLOW_CTX_TASK_ID='transform' AIRFLOW_CTX_EXECUTION_DATE='2024-01-09T00:00:00+00:00' AIRFLOW_CTX_TRY_NUMBER='3' AIRFLOW_CTX_DAG_RUN_ID='scheduled__2024-01-09T00:00:00+00:00'
[2025-12-16T17:21:12.327+0000] {logging_mixin.py:188} INFO - [TRANSFORM]
[2025-12-16T17:21:12.396+0000] {logging_mixin.py:188} INFO - [TRANSFORM] done
[2025-12-16T17:21:12.402+0000] {python.py:201} INFO - Done. Returned value was: None
[2025-12-16T17:21:12.810+0000] {taskinstance.py:1138} INFO - Marking task as SUCCESS. dag_id=etl_***, task_id=transform, execution_date=20240109T000000, start_date=20251216T172111, end_date=20251216T172112
[2025-12-16T17:21:12.888+0000] {local_task_job_runner.py:234} INFO - Task exited with return code 0
[2025-12-16T17:21:12.957+0000] {taskinstance.py:3280} INFO - 1 downstream tasks scheduled from follow-on schedule check
[2025-12-17T04:42:50.930+0000] {taskinstance.py:1956} INFO - Dependencies all met for dep_context=non-requeueable deps ti=<TaskInstance: etl_airflow.transform scheduled__2024-01-09T00:00:00+00:00 [queued]>
[2025-12-17T04:42:50.943+0000] {taskinstance.py:1956} INFO - Dependencies all met for dep_context=requeueable deps ti=<TaskInstance: etl_airflow.transform scheduled__2024-01-09T00:00:00+00:00 [queued]>
[2025-12-17T04:42:50.944+0000] {taskinstance.py:2170} INFO - Starting attempt 3 of 3
[2025-12-17T04:42:50.965+0000] {taskinstance.py:2191} INFO - Executing <Task(PythonOperator): transform> on 2024-01-09 00:00:00+00:00
[2025-12-17T04:42:50.973+0000] {standard_task_runner.py:60} INFO - Started process 431 to run task
[2025-12-17T04:42:50.976+0000] {standard_task_runner.py:87} INFO - Running: ['***', 'tasks', 'run', 'etl_***', 'transform', 'scheduled__2024-01-09T00:00:00+00:00', '--job-id', '62', '--raw', '--subdir', 'DAGS_FOLDER/etl_***.py', '--cfg-path', '/tmp/tmp0303ncwj']
[2025-12-17T04:42:50.979+0000] {standard_task_runner.py:88} INFO - Job 62: Subtask transform
[2025-12-17T04:42:51.100+0000] {task_command.py:423} INFO - Running <TaskInstance: etl_airflow.transform scheduled__2024-01-09T00:00:00+00:00 [running]> on host b3426f05ac70
[2025-12-17T04:42:51.526+0000] {taskinstance.py:2480} INFO - Exporting env vars: AIRFLOW_CTX_DAG_OWNER='***' AIRFLOW_CTX_DAG_ID='etl_***' AIRFLOW_CTX_TASK_ID='transform' AIRFLOW_CTX_EXECUTION_DATE='2024-01-09T00:00:00+00:00' AIRFLOW_CTX_TRY_NUMBER='3' AIRFLOW_CTX_DAG_RUN_ID='scheduled__2024-01-09T00:00:00+00:00'
[2025-12-17T04:42:51.528+0000] {taskinstance.py:2698} ERROR - Task failed with exception
Traceback (most recent call last):
  File "/home/airflow/.local/lib/python3.8/site-packages/airflow/models/taskinstance.py", line 433, in _execute_task
    result = execute_callable(context=context, **execute_callable_kwargs)
  File "/home/airflow/.local/lib/python3.8/site-packages/airflow/operators/python.py", line 199, in execute
    return_value = self.execute_callable()
  File "/home/airflow/.local/lib/python3.8/site-packages/airflow/operators/python.py", line 216, in execute_callable
    return self.python_callable(*self.op_args, **self.op_kwargs)
TypeError: transform_data() missing 1 required positional argument: 'df'
[2025-12-17T04:42:51.541+0000] {taskinstance.py:1138} INFO - Marking task as FAILED. dag_id=etl_***, task_id=transform, execution_date=20240109T000000, start_date=20251217T044250, end_date=20251217T044251
[2025-12-17T04:42:51.558+0000] {standard_task_runner.py:107} ERROR - Failed to execute job 62 for task transform (transform_data() missing 1 required positional argument: 'df'; 431)
[2025-12-17T04:42:51.598+0000] {local_task_job_runner.py:234} INFO - Task exited with return code 1
[2025-12-17T04:42:51.632+0000] {taskinstance.py:3280} INFO - 0 downstream tasks scheduled from follow-on schedule check
[2025-12-17T07:35:49.856+0000] {taskinstance.py:1956} INFO - Dependencies all met for dep_context=non-requeueable deps ti=<TaskInstance: etl_airflow.transform scheduled__2024-01-09T00:00:00+00:00 [queued]>
[2025-12-17T07:35:49.876+0000] {taskinstance.py:1956} INFO - Dependencies all met for dep_context=requeueable deps ti=<TaskInstance: etl_airflow.transform scheduled__2024-01-09T00:00:00+00:00 [queued]>
[2025-12-17T07:35:49.880+0000] {taskinstance.py:2170} INFO - Starting attempt 3 of 3
[2025-12-17T07:35:49.904+0000] {taskinstance.py:2191} INFO - Executing <Task(PythonOperator): transform> on 2024-01-09 00:00:00+00:00
[2025-12-17T07:35:49.914+0000] {standard_task_runner.py:60} INFO - Started process 479 to run task
[2025-12-17T07:35:49.923+0000] {standard_task_runner.py:87} INFO - Running: ['***', 'tasks', 'run', 'etl_***', 'transform', 'scheduled__2024-01-09T00:00:00+00:00', '--job-id', '63', '--raw', '--subdir', 'DAGS_FOLDER/etl_***.py', '--cfg-path', '/tmp/tmpbum6qozo']
[2025-12-17T07:35:49.927+0000] {standard_task_runner.py:88} INFO - Job 63: Subtask transform
[2025-12-17T07:35:50.059+0000] {task_command.py:423} INFO - Running <TaskInstance: etl_airflow.transform scheduled__2024-01-09T00:00:00+00:00 [running]> on host 2a0de06c8905
[2025-12-17T07:35:50.515+0000] {taskinstance.py:2480} INFO - Exporting env vars: AIRFLOW_CTX_DAG_OWNER='***' AIRFLOW_CTX_DAG_ID='etl_***' AIRFLOW_CTX_TASK_ID='transform' AIRFLOW_CTX_EXECUTION_DATE='2024-01-09T00:00:00+00:00' AIRFLOW_CTX_TRY_NUMBER='3' AIRFLOW_CTX_DAG_RUN_ID='scheduled__2024-01-09T00:00:00+00:00'
[2025-12-17T07:35:50.517+0000] {taskinstance.py:2698} ERROR - Task failed with exception
Traceback (most recent call last):
  File "/home/airflow/.local/lib/python3.8/site-packages/airflow/models/taskinstance.py", line 433, in _execute_task
    result = execute_callable(context=context, **execute_callable_kwargs)
  File "/home/airflow/.local/lib/python3.8/site-packages/airflow/operators/python.py", line 199, in execute
    return_value = self.execute_callable()
  File "/home/airflow/.local/lib/python3.8/site-packages/airflow/operators/python.py", line 216, in execute_callable
    return self.python_callable(*self.op_args, **self.op_kwargs)
TypeError: transform_data() missing 1 required positional argument: 'df'
[2025-12-17T07:35:50.533+0000] {taskinstance.py:1138} INFO - Marking task as FAILED. dag_id=etl_***, task_id=transform, execution_date=20240109T000000, start_date=20251217T073549, end_date=20251217T073550
[2025-12-17T07:35:50.560+0000] {standard_task_runner.py:107} ERROR - Failed to execute job 63 for task transform (transform_data() missing 1 required positional argument: 'df'; 479)
[2025-12-17T07:35:50.618+0000] {local_task_job_runner.py:234} INFO - Task exited with return code 1
[2025-12-17T07:35:50.658+0000] {taskinstance.py:3280} INFO - 0 downstream tasks scheduled from follow-on schedule check
