[2025-12-16T16:30:40.804+0000] {taskinstance.py:1956} INFO - Dependencies all met for dep_context=non-requeueable deps ti=<TaskInstance: etl_airflow.extract scheduled__2024-02-22T00:00:00+00:00 [queued]>
[2025-12-16T16:30:40.828+0000] {taskinstance.py:1956} INFO - Dependencies all met for dep_context=requeueable deps ti=<TaskInstance: etl_airflow.extract scheduled__2024-02-22T00:00:00+00:00 [queued]>
[2025-12-16T16:30:40.831+0000] {taskinstance.py:2170} INFO - Starting attempt 1 of 3
[2025-12-16T16:30:40.861+0000] {taskinstance.py:2191} INFO - Executing <Task(PythonOperator): extract> on 2024-02-22 00:00:00+00:00
[2025-12-16T16:30:40.873+0000] {standard_task_runner.py:60} INFO - Started process 911 to run task
[2025-12-16T16:30:40.881+0000] {standard_task_runner.py:87} INFO - Running: ['***', 'tasks', 'run', 'etl_***', 'extract', 'scheduled__2024-02-22T00:00:00+00:00', '--job-id', '151', '--raw', '--subdir', 'DAGS_FOLDER/etl_dag.py', '--cfg-path', '/tmp/tmp_kywrsmd']
[2025-12-16T16:30:40.885+0000] {standard_task_runner.py:88} INFO - Job 151: Subtask extract
[2025-12-16T16:30:41.021+0000] {task_command.py:423} INFO - Running <TaskInstance: etl_airflow.extract scheduled__2024-02-22T00:00:00+00:00 [running]> on host 528de643acfe
[2025-12-16T16:30:41.454+0000] {taskinstance.py:2480} INFO - Exporting env vars: AIRFLOW_CTX_DAG_OWNER='***' AIRFLOW_CTX_DAG_ID='etl_***' AIRFLOW_CTX_TASK_ID='extract' AIRFLOW_CTX_EXECUTION_DATE='2024-02-22T00:00:00+00:00' AIRFLOW_CTX_TRY_NUMBER='1' AIRFLOW_CTX_DAG_RUN_ID='scheduled__2024-02-22T00:00:00+00:00'
[2025-12-16T16:30:41.458+0000] {logging_mixin.py:188} INFO - Extracting data from /opt/***/data/input.csv
[2025-12-16T16:30:41.464+0000] {taskinstance.py:2698} ERROR - Task failed with exception
Traceback (most recent call last):
  File "/home/airflow/.local/lib/python3.8/site-packages/airflow/models/taskinstance.py", line 433, in _execute_task
    result = execute_callable(context=context, **execute_callable_kwargs)
  File "/home/airflow/.local/lib/python3.8/site-packages/airflow/operators/python.py", line 199, in execute
    return_value = self.execute_callable()
  File "/home/airflow/.local/lib/python3.8/site-packages/airflow/operators/python.py", line 216, in execute_callable
    return self.python_callable(*self.op_args, **self.op_kwargs)
  File "/opt/airflow/dags/etl_logic/pipeline.py", line 92, in extract_data
    return pd.read_csv(input_path)
  File "/home/airflow/.local/lib/python3.8/site-packages/pandas/io/parsers/readers.py", line 912, in read_csv
    return _read(filepath_or_buffer, kwds)
  File "/home/airflow/.local/lib/python3.8/site-packages/pandas/io/parsers/readers.py", line 577, in _read
    parser = TextFileReader(filepath_or_buffer, **kwds)
  File "/home/airflow/.local/lib/python3.8/site-packages/pandas/io/parsers/readers.py", line 1407, in __init__
    self._engine = self._make_engine(f, self.engine)
  File "/home/airflow/.local/lib/python3.8/site-packages/pandas/io/parsers/readers.py", line 1661, in _make_engine
    self.handles = get_handle(
  File "/home/airflow/.local/lib/python3.8/site-packages/pandas/io/common.py", line 859, in get_handle
    handle = open(
FileNotFoundError: [Errno 2] No such file or directory: '/opt/airflow/data/input.csv'
[2025-12-16T16:30:41.502+0000] {taskinstance.py:1138} INFO - Marking task as UP_FOR_RETRY. dag_id=etl_***, task_id=extract, execution_date=20240222T000000, start_date=20251216T163040, end_date=20251216T163041
[2025-12-16T16:30:41.731+0000] {standard_task_runner.py:107} ERROR - Failed to execute job 151 for task extract ([Errno 2] No such file or directory: '/opt/airflow/data/input.csv'; 911)
[2025-12-16T16:30:41.777+0000] {local_task_job_runner.py:234} INFO - Task exited with return code 1
[2025-12-16T16:30:41.829+0000] {taskinstance.py:3280} INFO - 0 downstream tasks scheduled from follow-on schedule check
[2025-12-17T01:50:48.528+0000] {taskinstance.py:1956} INFO - Dependencies all met for dep_context=non-requeueable deps ti=<TaskInstance: etl_airflow.extract scheduled__2024-02-22T00:00:00+00:00 [queued]>
[2025-12-17T01:50:48.561+0000] {taskinstance.py:1956} INFO - Dependencies all met for dep_context=requeueable deps ti=<TaskInstance: etl_airflow.extract scheduled__2024-02-22T00:00:00+00:00 [queued]>
[2025-12-17T01:50:48.563+0000] {taskinstance.py:2170} INFO - Starting attempt 1 of 3
[2025-12-17T01:50:48.604+0000] {taskinstance.py:2191} INFO - Executing <Task(PythonOperator): extract> on 2024-02-22 00:00:00+00:00
[2025-12-17T01:50:48.617+0000] {standard_task_runner.py:60} INFO - Started process 647 to run task
[2025-12-17T01:50:48.629+0000] {standard_task_runner.py:87} INFO - Running: ['***', 'tasks', 'run', 'etl_***', 'extract', 'scheduled__2024-02-22T00:00:00+00:00', '--job-id', '140', '--raw', '--subdir', 'DAGS_FOLDER/etl_dag.py', '--cfg-path', '/tmp/tmpyqtbxplh']
[2025-12-17T01:50:48.637+0000] {standard_task_runner.py:88} INFO - Job 140: Subtask extract
[2025-12-17T01:50:48.806+0000] {task_command.py:423} INFO - Running <TaskInstance: etl_airflow.extract scheduled__2024-02-22T00:00:00+00:00 [running]> on host 571e042550da
[2025-12-17T01:50:49.323+0000] {taskinstance.py:2480} INFO - Exporting env vars: AIRFLOW_CTX_DAG_OWNER='***' AIRFLOW_CTX_DAG_ID='etl_***' AIRFLOW_CTX_TASK_ID='extract' AIRFLOW_CTX_EXECUTION_DATE='2024-02-22T00:00:00+00:00' AIRFLOW_CTX_TRY_NUMBER='1' AIRFLOW_CTX_DAG_RUN_ID='scheduled__2024-02-22T00:00:00+00:00'
[2025-12-17T01:50:49.327+0000] {logging_mixin.py:188} INFO - [EXTRACT] Reading /opt/***/data/synthetic_events.csv
[2025-12-17T01:50:49.361+0000] {logging_mixin.py:188} INFO - [EXTRACT] done
[2025-12-17T01:50:49.363+0000] {python.py:201} INFO - Done. Returned value was: None
[2025-12-17T01:50:49.382+0000] {taskinstance.py:1138} INFO - Marking task as SUCCESS. dag_id=etl_***, task_id=extract, execution_date=20240222T000000, start_date=20251217T015048, end_date=20251217T015049
[2025-12-17T01:50:49.446+0000] {local_task_job_runner.py:234} INFO - Task exited with return code 0
[2025-12-17T01:50:49.680+0000] {taskinstance.py:3280} INFO - 0 downstream tasks scheduled from follow-on schedule check
[2025-12-17T04:18:55.868+0000] {taskinstance.py:1956} INFO - Dependencies all met for dep_context=non-requeueable deps ti=<TaskInstance: etl_airflow.extract scheduled__2024-02-22T00:00:00+00:00 [queued]>
[2025-12-17T04:18:55.888+0000] {taskinstance.py:1956} INFO - Dependencies all met for dep_context=requeueable deps ti=<TaskInstance: etl_airflow.extract scheduled__2024-02-22T00:00:00+00:00 [queued]>
[2025-12-17T04:18:55.890+0000] {taskinstance.py:2170} INFO - Starting attempt 1 of 3
[2025-12-17T04:18:55.912+0000] {taskinstance.py:2191} INFO - Executing <Task(PythonOperator): extract> on 2024-02-22 00:00:00+00:00
[2025-12-17T04:18:55.921+0000] {standard_task_runner.py:60} INFO - Started process 434 to run task
[2025-12-17T04:18:55.926+0000] {standard_task_runner.py:87} INFO - Running: ['***', 'tasks', 'run', 'etl_***', 'extract', 'scheduled__2024-02-22T00:00:00+00:00', '--job-id', '70', '--raw', '--subdir', 'DAGS_FOLDER/etl_***.py', '--cfg-path', '/tmp/tmpnj8ra5rm']
[2025-12-17T04:18:55.934+0000] {standard_task_runner.py:88} INFO - Job 70: Subtask extract
[2025-12-17T04:18:56.110+0000] {task_command.py:423} INFO - Running <TaskInstance: etl_airflow.extract scheduled__2024-02-22T00:00:00+00:00 [running]> on host c5811fe183ca
[2025-12-17T04:18:56.708+0000] {taskinstance.py:2480} INFO - Exporting env vars: AIRFLOW_CTX_DAG_OWNER='***' AIRFLOW_CTX_DAG_ID='etl_***' AIRFLOW_CTX_TASK_ID='extract' AIRFLOW_CTX_EXECUTION_DATE='2024-02-22T00:00:00+00:00' AIRFLOW_CTX_TRY_NUMBER='1' AIRFLOW_CTX_DAG_RUN_ID='scheduled__2024-02-22T00:00:00+00:00'
[2025-12-17T04:18:56.742+0000] {python.py:201} INFO - Done. Returned value was:    user_id event_type           timestamp country
0        1      login 2025-01-01 09:00:00      IN
1        1      click 2025-01-01 09:05:00      IN
2        1     logout 2025-01-01 09:15:00      IN
3        2      login 2025-01-01 10:00:00      US
4        2      click 2025-01-01 10:10:00      US
5        2     logout 2025-01-01 10:20:00      US
6        3      login 2025-01-02 08:00:00      FR
7        3      click 2025-01-02 08:05:00      FR
8        3     logout 2025-01-02 08:30:00      FR
[2025-12-17T04:18:56.835+0000] {taskinstance.py:1138} INFO - Marking task as SUCCESS. dag_id=etl_***, task_id=extract, execution_date=20240222T000000, start_date=20251217T041855, end_date=20251217T041856
[2025-12-17T04:18:56.938+0000] {local_task_job_runner.py:234} INFO - Task exited with return code 0
[2025-12-17T04:18:57.000+0000] {taskinstance.py:3280} INFO - 0 downstream tasks scheduled from follow-on schedule check
[2025-12-17T04:44:04.522+0000] {taskinstance.py:1956} INFO - Dependencies all met for dep_context=non-requeueable deps ti=<TaskInstance: etl_airflow.extract scheduled__2024-02-22T00:00:00+00:00 [queued]>
[2025-12-17T04:44:04.541+0000] {taskinstance.py:1956} INFO - Dependencies all met for dep_context=requeueable deps ti=<TaskInstance: etl_airflow.extract scheduled__2024-02-22T00:00:00+00:00 [queued]>
[2025-12-17T04:44:04.542+0000] {taskinstance.py:2170} INFO - Starting attempt 1 of 3
[2025-12-17T04:44:04.568+0000] {taskinstance.py:2191} INFO - Executing <Task(PythonOperator): extract> on 2024-02-22 00:00:00+00:00
[2025-12-17T04:44:04.576+0000] {standard_task_runner.py:60} INFO - Started process 874 to run task
[2025-12-17T04:44:04.582+0000] {standard_task_runner.py:87} INFO - Running: ['***', 'tasks', 'run', 'etl_***', 'extract', 'scheduled__2024-02-22T00:00:00+00:00', '--job-id', '198', '--raw', '--subdir', 'DAGS_FOLDER/etl_***.py', '--cfg-path', '/tmp/tmphpqbv5pn']
[2025-12-17T04:44:04.587+0000] {standard_task_runner.py:88} INFO - Job 198: Subtask extract
[2025-12-17T04:44:04.704+0000] {task_command.py:423} INFO - Running <TaskInstance: etl_airflow.extract scheduled__2024-02-22T00:00:00+00:00 [running]> on host b3426f05ac70
[2025-12-17T04:44:05.052+0000] {taskinstance.py:2480} INFO - Exporting env vars: AIRFLOW_CTX_DAG_OWNER='***' AIRFLOW_CTX_DAG_ID='etl_***' AIRFLOW_CTX_TASK_ID='extract' AIRFLOW_CTX_EXECUTION_DATE='2024-02-22T00:00:00+00:00' AIRFLOW_CTX_TRY_NUMBER='1' AIRFLOW_CTX_DAG_RUN_ID='scheduled__2024-02-22T00:00:00+00:00'
[2025-12-17T04:44:05.072+0000] {python.py:201} INFO - Done. Returned value was:    user_id event_type           timestamp country
0        1      login 2025-01-01 09:00:00      IN
1        1      click 2025-01-01 09:05:00      IN
2        1     logout 2025-01-01 09:15:00      IN
3        2      login 2025-01-01 10:00:00      US
4        2      click 2025-01-01 10:10:00      US
5        2     logout 2025-01-01 10:20:00      US
6        3      login 2025-01-02 08:00:00      FR
7        3      click 2025-01-02 08:05:00      FR
8        3     logout 2025-01-02 08:30:00      FR
[2025-12-17T04:44:05.172+0000] {taskinstance.py:1138} INFO - Marking task as SUCCESS. dag_id=etl_***, task_id=extract, execution_date=20240222T000000, start_date=20251217T044404, end_date=20251217T044405
[2025-12-17T04:44:05.358+0000] {local_task_job_runner.py:234} INFO - Task exited with return code 0
[2025-12-17T04:44:05.403+0000] {taskinstance.py:3280} INFO - 1 downstream tasks scheduled from follow-on schedule check
[2025-12-17T07:37:19.482+0000] {taskinstance.py:1956} INFO - Dependencies all met for dep_context=non-requeueable deps ti=<TaskInstance: etl_airflow.extract scheduled__2024-02-22T00:00:00+00:00 [queued]>
[2025-12-17T07:37:19.505+0000] {taskinstance.py:1956} INFO - Dependencies all met for dep_context=requeueable deps ti=<TaskInstance: etl_airflow.extract scheduled__2024-02-22T00:00:00+00:00 [queued]>
[2025-12-17T07:37:19.510+0000] {taskinstance.py:2170} INFO - Starting attempt 1 of 3
[2025-12-17T07:37:19.726+0000] {taskinstance.py:2191} INFO - Executing <Task(PythonOperator): extract> on 2024-02-22 00:00:00+00:00
[2025-12-17T07:37:19.742+0000] {standard_task_runner.py:60} INFO - Started process 937 to run task
[2025-12-17T07:37:19.755+0000] {standard_task_runner.py:87} INFO - Running: ['***', 'tasks', 'run', 'etl_***', 'extract', 'scheduled__2024-02-22T00:00:00+00:00', '--job-id', '199', '--raw', '--subdir', 'DAGS_FOLDER/etl_***.py', '--cfg-path', '/tmp/tmpflt30ste']
[2025-12-17T07:37:19.761+0000] {standard_task_runner.py:88} INFO - Job 199: Subtask extract
[2025-12-17T07:37:19.933+0000] {task_command.py:423} INFO - Running <TaskInstance: etl_airflow.extract scheduled__2024-02-22T00:00:00+00:00 [running]> on host 2a0de06c8905
[2025-12-17T07:37:20.400+0000] {taskinstance.py:2480} INFO - Exporting env vars: AIRFLOW_CTX_DAG_OWNER='***' AIRFLOW_CTX_DAG_ID='etl_***' AIRFLOW_CTX_TASK_ID='extract' AIRFLOW_CTX_EXECUTION_DATE='2024-02-22T00:00:00+00:00' AIRFLOW_CTX_TRY_NUMBER='1' AIRFLOW_CTX_DAG_RUN_ID='scheduled__2024-02-22T00:00:00+00:00'
[2025-12-17T07:37:20.443+0000] {python.py:201} INFO - Done. Returned value was:    user_id event_type           timestamp country
0        1      login 2025-01-01 09:00:00      IN
1        1      click 2025-01-01 09:05:00      IN
2        1     logout 2025-01-01 09:15:00      IN
3        2      login 2025-01-01 10:00:00      US
4        2      click 2025-01-01 10:10:00      US
5        2     logout 2025-01-01 10:20:00      US
6        3      login 2025-01-02 08:00:00      FR
7        3      click 2025-01-02 08:05:00      FR
8        3     logout 2025-01-02 08:30:00      FR
[2025-12-17T07:37:20.521+0000] {taskinstance.py:1138} INFO - Marking task as SUCCESS. dag_id=etl_***, task_id=extract, execution_date=20240222T000000, start_date=20251217T073719, end_date=20251217T073720
[2025-12-17T07:37:20.618+0000] {local_task_job_runner.py:234} INFO - Task exited with return code 0
[2025-12-17T07:37:20.694+0000] {taskinstance.py:3280} INFO - 1 downstream tasks scheduled from follow-on schedule check
