[2025-12-16T16:31:51.040+0000] {taskinstance.py:1956} INFO - Dependencies all met for dep_context=non-requeueable deps ti=<TaskInstance: etl_airflow.extract scheduled__2024-03-29T00:00:00+00:00 [queued]>
[2025-12-16T16:31:51.070+0000] {taskinstance.py:1956} INFO - Dependencies all met for dep_context=requeueable deps ti=<TaskInstance: etl_airflow.extract scheduled__2024-03-29T00:00:00+00:00 [queued]>
[2025-12-16T16:31:51.072+0000] {taskinstance.py:2170} INFO - Starting attempt 1 of 3
[2025-12-16T16:31:51.119+0000] {taskinstance.py:2191} INFO - Executing <Task(PythonOperator): extract> on 2024-03-29 00:00:00+00:00
[2025-12-16T16:31:51.140+0000] {standard_task_runner.py:60} INFO - Started process 1238 to run task
[2025-12-16T16:31:51.154+0000] {standard_task_runner.py:87} INFO - Running: ['***', 'tasks', 'run', 'etl_***', 'extract', 'scheduled__2024-03-29T00:00:00+00:00', '--job-id', '246', '--raw', '--subdir', 'DAGS_FOLDER/etl_dag.py', '--cfg-path', '/tmp/tmpmqcsx4g5']
[2025-12-16T16:31:51.167+0000] {standard_task_runner.py:88} INFO - Job 246: Subtask extract
[2025-12-16T16:31:51.326+0000] {task_command.py:423} INFO - Running <TaskInstance: etl_airflow.extract scheduled__2024-03-29T00:00:00+00:00 [running]> on host 528de643acfe
[2025-12-16T16:31:51.915+0000] {taskinstance.py:2480} INFO - Exporting env vars: AIRFLOW_CTX_DAG_OWNER='***' AIRFLOW_CTX_DAG_ID='etl_***' AIRFLOW_CTX_TASK_ID='extract' AIRFLOW_CTX_EXECUTION_DATE='2024-03-29T00:00:00+00:00' AIRFLOW_CTX_TRY_NUMBER='1' AIRFLOW_CTX_DAG_RUN_ID='scheduled__2024-03-29T00:00:00+00:00'
[2025-12-16T16:31:51.920+0000] {logging_mixin.py:188} INFO - Extracting data from /opt/***/data/input.csv
[2025-12-16T16:31:51.928+0000] {taskinstance.py:2698} ERROR - Task failed with exception
Traceback (most recent call last):
  File "/home/airflow/.local/lib/python3.8/site-packages/airflow/models/taskinstance.py", line 433, in _execute_task
    result = execute_callable(context=context, **execute_callable_kwargs)
  File "/home/airflow/.local/lib/python3.8/site-packages/airflow/operators/python.py", line 199, in execute
    return_value = self.execute_callable()
  File "/home/airflow/.local/lib/python3.8/site-packages/airflow/operators/python.py", line 216, in execute_callable
    return self.python_callable(*self.op_args, **self.op_kwargs)
  File "/opt/airflow/dags/etl_logic/pipeline.py", line 92, in extract_data
    return pd.read_csv(input_path)
  File "/home/airflow/.local/lib/python3.8/site-packages/pandas/io/parsers/readers.py", line 912, in read_csv
    return _read(filepath_or_buffer, kwds)
  File "/home/airflow/.local/lib/python3.8/site-packages/pandas/io/parsers/readers.py", line 577, in _read
    parser = TextFileReader(filepath_or_buffer, **kwds)
  File "/home/airflow/.local/lib/python3.8/site-packages/pandas/io/parsers/readers.py", line 1407, in __init__
    self._engine = self._make_engine(f, self.engine)
  File "/home/airflow/.local/lib/python3.8/site-packages/pandas/io/parsers/readers.py", line 1661, in _make_engine
    self.handles = get_handle(
  File "/home/airflow/.local/lib/python3.8/site-packages/pandas/io/common.py", line 859, in get_handle
    handle = open(
FileNotFoundError: [Errno 2] No such file or directory: '/opt/airflow/data/input.csv'
[2025-12-16T16:31:51.985+0000] {taskinstance.py:1138} INFO - Marking task as UP_FOR_RETRY. dag_id=etl_***, task_id=extract, execution_date=20240329T000000, start_date=20251216T163151, end_date=20251216T163151
[2025-12-16T16:31:52.019+0000] {standard_task_runner.py:107} ERROR - Failed to execute job 246 for task extract ([Errno 2] No such file or directory: '/opt/airflow/data/input.csv'; 1238)
[2025-12-16T16:31:52.095+0000] {local_task_job_runner.py:234} INFO - Task exited with return code 1
[2025-12-16T16:31:52.313+0000] {taskinstance.py:3280} INFO - 0 downstream tasks scheduled from follow-on schedule check
[2025-12-17T01:51:40.238+0000] {taskinstance.py:1956} INFO - Dependencies all met for dep_context=non-requeueable deps ti=<TaskInstance: etl_airflow.extract scheduled__2024-03-29T00:00:00+00:00 [queued]>
[2025-12-17T01:51:40.257+0000] {taskinstance.py:1956} INFO - Dependencies all met for dep_context=requeueable deps ti=<TaskInstance: etl_airflow.extract scheduled__2024-03-29T00:00:00+00:00 [queued]>
[2025-12-17T01:51:40.259+0000] {taskinstance.py:2170} INFO - Starting attempt 1 of 3
[2025-12-17T01:51:40.289+0000] {taskinstance.py:2191} INFO - Executing <Task(PythonOperator): extract> on 2024-03-29 00:00:00+00:00
[2025-12-17T01:51:40.303+0000] {standard_task_runner.py:60} INFO - Started process 1072 to run task
[2025-12-17T01:51:40.309+0000] {standard_task_runner.py:87} INFO - Running: ['***', 'tasks', 'run', 'etl_***', 'extract', 'scheduled__2024-03-29T00:00:00+00:00', '--job-id', '271', '--raw', '--subdir', 'DAGS_FOLDER/etl_dag.py', '--cfg-path', '/tmp/tmp3n7db8oz']
[2025-12-17T01:51:40.314+0000] {standard_task_runner.py:88} INFO - Job 271: Subtask extract
[2025-12-17T01:51:40.463+0000] {task_command.py:423} INFO - Running <TaskInstance: etl_airflow.extract scheduled__2024-03-29T00:00:00+00:00 [running]> on host 571e042550da
[2025-12-17T01:51:40.947+0000] {taskinstance.py:2480} INFO - Exporting env vars: AIRFLOW_CTX_DAG_OWNER='***' AIRFLOW_CTX_DAG_ID='etl_***' AIRFLOW_CTX_TASK_ID='extract' AIRFLOW_CTX_EXECUTION_DATE='2024-03-29T00:00:00+00:00' AIRFLOW_CTX_TRY_NUMBER='1' AIRFLOW_CTX_DAG_RUN_ID='scheduled__2024-03-29T00:00:00+00:00'
[2025-12-17T01:51:40.950+0000] {logging_mixin.py:188} INFO - [EXTRACT] Reading /opt/***/data/synthetic_events.csv
[2025-12-17T01:51:40.990+0000] {logging_mixin.py:188} INFO - [EXTRACT] done
[2025-12-17T01:51:40.992+0000] {python.py:201} INFO - Done. Returned value was: None
[2025-12-17T01:51:41.012+0000] {taskinstance.py:1138} INFO - Marking task as SUCCESS. dag_id=etl_***, task_id=extract, execution_date=20240329T000000, start_date=20251217T015140, end_date=20251217T015141
[2025-12-17T01:51:41.300+0000] {local_task_job_runner.py:234} INFO - Task exited with return code 0
[2025-12-17T01:51:41.378+0000] {taskinstance.py:3280} INFO - 1 downstream tasks scheduled from follow-on schedule check
[2025-12-17T04:19:46.124+0000] {taskinstance.py:1956} INFO - Dependencies all met for dep_context=non-requeueable deps ti=<TaskInstance: etl_airflow.extract scheduled__2024-03-29T00:00:00+00:00 [queued]>
[2025-12-17T04:19:46.139+0000] {taskinstance.py:1956} INFO - Dependencies all met for dep_context=requeueable deps ti=<TaskInstance: etl_airflow.extract scheduled__2024-03-29T00:00:00+00:00 [queued]>
[2025-12-17T04:19:46.140+0000] {taskinstance.py:2170} INFO - Starting attempt 1 of 3
[2025-12-17T04:19:46.166+0000] {taskinstance.py:2191} INFO - Executing <Task(PythonOperator): extract> on 2024-03-29 00:00:00+00:00
[2025-12-17T04:19:46.174+0000] {standard_task_runner.py:60} INFO - Started process 720 to run task
[2025-12-17T04:19:46.182+0000] {standard_task_runner.py:87} INFO - Running: ['***', 'tasks', 'run', 'etl_***', 'extract', 'scheduled__2024-03-29T00:00:00+00:00', '--job-id', '152', '--raw', '--subdir', 'DAGS_FOLDER/etl_***.py', '--cfg-path', '/tmp/tmpb71fj8um']
[2025-12-17T04:19:46.186+0000] {standard_task_runner.py:88} INFO - Job 152: Subtask extract
[2025-12-17T04:19:46.292+0000] {task_command.py:423} INFO - Running <TaskInstance: etl_airflow.extract scheduled__2024-03-29T00:00:00+00:00 [running]> on host c5811fe183ca
[2025-12-17T04:19:46.607+0000] {taskinstance.py:2480} INFO - Exporting env vars: AIRFLOW_CTX_DAG_OWNER='***' AIRFLOW_CTX_DAG_ID='etl_***' AIRFLOW_CTX_TASK_ID='extract' AIRFLOW_CTX_EXECUTION_DATE='2024-03-29T00:00:00+00:00' AIRFLOW_CTX_TRY_NUMBER='1' AIRFLOW_CTX_DAG_RUN_ID='scheduled__2024-03-29T00:00:00+00:00'
[2025-12-17T04:19:46.631+0000] {python.py:201} INFO - Done. Returned value was:    user_id event_type           timestamp country
0        1      login 2025-01-01 09:00:00      IN
1        1      click 2025-01-01 09:05:00      IN
2        1     logout 2025-01-01 09:15:00      IN
3        2      login 2025-01-01 10:00:00      US
4        2      click 2025-01-01 10:10:00      US
5        2     logout 2025-01-01 10:20:00      US
6        3      login 2025-01-02 08:00:00      FR
7        3      click 2025-01-02 08:05:00      FR
8        3     logout 2025-01-02 08:30:00      FR
[2025-12-17T04:19:46.693+0000] {taskinstance.py:1138} INFO - Marking task as SUCCESS. dag_id=etl_***, task_id=extract, execution_date=20240329T000000, start_date=20251217T041946, end_date=20251217T041946
[2025-12-17T04:19:46.757+0000] {local_task_job_runner.py:234} INFO - Task exited with return code 0
[2025-12-17T04:19:46.786+0000] {taskinstance.py:3280} INFO - 0 downstream tasks scheduled from follow-on schedule check
[2025-12-17T04:45:13.187+0000] {taskinstance.py:1956} INFO - Dependencies all met for dep_context=non-requeueable deps ti=<TaskInstance: etl_airflow.extract scheduled__2024-03-29T00:00:00+00:00 [queued]>
[2025-12-17T04:45:13.206+0000] {taskinstance.py:1956} INFO - Dependencies all met for dep_context=requeueable deps ti=<TaskInstance: etl_airflow.extract scheduled__2024-03-29T00:00:00+00:00 [queued]>
[2025-12-17T04:45:13.209+0000] {taskinstance.py:2170} INFO - Starting attempt 1 of 3
[2025-12-17T04:45:13.398+0000] {taskinstance.py:2191} INFO - Executing <Task(PythonOperator): extract> on 2024-03-29 00:00:00+00:00
[2025-12-17T04:45:13.410+0000] {standard_task_runner.py:60} INFO - Started process 1309 to run task
[2025-12-17T04:45:13.418+0000] {standard_task_runner.py:87} INFO - Running: ['***', 'tasks', 'run', 'etl_***', 'extract', 'scheduled__2024-03-29T00:00:00+00:00', '--job-id', '330', '--raw', '--subdir', 'DAGS_FOLDER/etl_***.py', '--cfg-path', '/tmp/tmpw9i0oqwo']
[2025-12-17T04:45:13.422+0000] {standard_task_runner.py:88} INFO - Job 330: Subtask extract
[2025-12-17T04:45:13.606+0000] {task_command.py:423} INFO - Running <TaskInstance: etl_airflow.extract scheduled__2024-03-29T00:00:00+00:00 [running]> on host b3426f05ac70
[2025-12-17T04:45:14.134+0000] {taskinstance.py:2480} INFO - Exporting env vars: AIRFLOW_CTX_DAG_OWNER='***' AIRFLOW_CTX_DAG_ID='etl_***' AIRFLOW_CTX_TASK_ID='extract' AIRFLOW_CTX_EXECUTION_DATE='2024-03-29T00:00:00+00:00' AIRFLOW_CTX_TRY_NUMBER='1' AIRFLOW_CTX_DAG_RUN_ID='scheduled__2024-03-29T00:00:00+00:00'
[2025-12-17T04:45:14.165+0000] {python.py:201} INFO - Done. Returned value was:    user_id event_type           timestamp country
0        1      login 2025-01-01 09:00:00      IN
1        1      click 2025-01-01 09:05:00      IN
2        1     logout 2025-01-01 09:15:00      IN
3        2      login 2025-01-01 10:00:00      US
4        2      click 2025-01-01 10:10:00      US
5        2     logout 2025-01-01 10:20:00      US
6        3      login 2025-01-02 08:00:00      FR
7        3      click 2025-01-02 08:05:00      FR
8        3     logout 2025-01-02 08:30:00      FR
[2025-12-17T04:45:14.237+0000] {taskinstance.py:1138} INFO - Marking task as SUCCESS. dag_id=etl_***, task_id=extract, execution_date=20240329T000000, start_date=20251217T044513, end_date=20251217T044514
[2025-12-17T04:45:14.375+0000] {local_task_job_runner.py:234} INFO - Task exited with return code 0
[2025-12-17T04:45:14.436+0000] {taskinstance.py:3280} INFO - 1 downstream tasks scheduled from follow-on schedule check
[2025-12-17T07:38:38.475+0000] {taskinstance.py:1956} INFO - Dependencies all met for dep_context=non-requeueable deps ti=<TaskInstance: etl_airflow.extract scheduled__2024-03-29T00:00:00+00:00 [queued]>
[2025-12-17T07:38:38.494+0000] {taskinstance.py:1956} INFO - Dependencies all met for dep_context=requeueable deps ti=<TaskInstance: etl_airflow.extract scheduled__2024-03-29T00:00:00+00:00 [queued]>
[2025-12-17T07:38:38.495+0000] {taskinstance.py:2170} INFO - Starting attempt 1 of 3
[2025-12-17T07:38:38.535+0000] {taskinstance.py:2191} INFO - Executing <Task(PythonOperator): extract> on 2024-03-29 00:00:00+00:00
[2025-12-17T07:38:38.554+0000] {standard_task_runner.py:60} INFO - Started process 1387 to run task
[2025-12-17T07:38:38.570+0000] {standard_task_runner.py:87} INFO - Running: ['***', 'tasks', 'run', 'etl_***', 'extract', 'scheduled__2024-03-29T00:00:00+00:00', '--job-id', '331', '--raw', '--subdir', 'DAGS_FOLDER/etl_***.py', '--cfg-path', '/tmp/tmpr6lon0bg']
[2025-12-17T07:38:38.577+0000] {standard_task_runner.py:88} INFO - Job 331: Subtask extract
[2025-12-17T07:38:38.738+0000] {task_command.py:423} INFO - Running <TaskInstance: etl_airflow.extract scheduled__2024-03-29T00:00:00+00:00 [running]> on host 2a0de06c8905
[2025-12-17T07:38:39.337+0000] {taskinstance.py:2480} INFO - Exporting env vars: AIRFLOW_CTX_DAG_OWNER='***' AIRFLOW_CTX_DAG_ID='etl_***' AIRFLOW_CTX_TASK_ID='extract' AIRFLOW_CTX_EXECUTION_DATE='2024-03-29T00:00:00+00:00' AIRFLOW_CTX_TRY_NUMBER='1' AIRFLOW_CTX_DAG_RUN_ID='scheduled__2024-03-29T00:00:00+00:00'
[2025-12-17T07:38:39.421+0000] {python.py:201} INFO - Done. Returned value was:    user_id event_type           timestamp country
0        1      login 2025-01-01 09:00:00      IN
1        1      click 2025-01-01 09:05:00      IN
2        1     logout 2025-01-01 09:15:00      IN
3        2      login 2025-01-01 10:00:00      US
4        2      click 2025-01-01 10:10:00      US
5        2     logout 2025-01-01 10:20:00      US
6        3      login 2025-01-02 08:00:00      FR
7        3      click 2025-01-02 08:05:00      FR
8        3     logout 2025-01-02 08:30:00      FR
[2025-12-17T07:38:39.600+0000] {taskinstance.py:1138} INFO - Marking task as SUCCESS. dag_id=etl_***, task_id=extract, execution_date=20240329T000000, start_date=20251217T073838, end_date=20251217T073839
[2025-12-17T07:38:39.756+0000] {local_task_job_runner.py:234} INFO - Task exited with return code 0
[2025-12-17T07:38:39.828+0000] {taskinstance.py:3280} INFO - 1 downstream tasks scheduled from follow-on schedule check
