[2025-12-16T17:10:46.163+0000] {taskinstance.py:1956} INFO - Dependencies all met for dep_context=non-requeueable deps ti=<TaskInstance: etl_airflow.transform scheduled__2024-03-11T00:00:00+00:00 [queued]>
[2025-12-16T17:10:46.203+0000] {taskinstance.py:1956} INFO - Dependencies all met for dep_context=requeueable deps ti=<TaskInstance: etl_airflow.transform scheduled__2024-03-11T00:00:00+00:00 [queued]>
[2025-12-16T17:10:46.206+0000] {taskinstance.py:2170} INFO - Starting attempt 1 of 3
[2025-12-16T17:10:46.292+0000] {taskinstance.py:2191} INFO - Executing <Task(PythonOperator): transform> on 2024-03-11 00:00:00+00:00
[2025-12-16T17:10:46.322+0000] {standard_task_runner.py:60} INFO - Started process 1043 to run task
[2025-12-16T17:10:46.342+0000] {standard_task_runner.py:87} INFO - Running: ['***', 'tasks', 'run', 'etl_***', 'transform', 'scheduled__2024-03-11T00:00:00+00:00', '--job-id', '3828', '--raw', '--subdir', 'DAGS_FOLDER/etl_dag.py', '--cfg-path', '/tmp/tmp9bpz7xye']
[2025-12-16T17:10:46.361+0000] {standard_task_runner.py:88} INFO - Job 3828: Subtask transform
[2025-12-16T17:10:46.726+0000] {task_command.py:423} INFO - Running <TaskInstance: etl_airflow.transform scheduled__2024-03-11T00:00:00+00:00 [running]> on host 3b89cfee50e9
[2025-12-16T17:10:47.025+0000] {taskinstance.py:2480} INFO - Exporting env vars: AIRFLOW_CTX_DAG_OWNER='***' AIRFLOW_CTX_DAG_ID='etl_***' AIRFLOW_CTX_TASK_ID='transform' AIRFLOW_CTX_EXECUTION_DATE='2024-03-11T00:00:00+00:00' AIRFLOW_CTX_TRY_NUMBER='1' AIRFLOW_CTX_DAG_RUN_ID='scheduled__2024-03-11T00:00:00+00:00'
[2025-12-16T17:10:47.030+0000] {logging_mixin.py:188} INFO - [TRANSFORM]
[2025-12-16T17:10:47.416+0000] {logging_mixin.py:188} INFO - [TRANSFORM] done
[2025-12-16T17:10:47.417+0000] {python.py:201} INFO - Done. Returned value was: None
[2025-12-16T17:10:47.438+0000] {taskinstance.py:1138} INFO - Marking task as SUCCESS. dag_id=etl_***, task_id=transform, execution_date=20240311T000000, start_date=20251216T171046, end_date=20251216T171047
[2025-12-16T17:10:47.527+0000] {local_task_job_runner.py:234} INFO - Task exited with return code 0
[2025-12-16T17:10:47.574+0000] {taskinstance.py:3280} INFO - 1 downstream tasks scheduled from follow-on schedule check
[2025-12-17T01:51:18.939+0000] {taskinstance.py:1956} INFO - Dependencies all met for dep_context=non-requeueable deps ti=<TaskInstance: etl_airflow.transform scheduled__2024-03-11T00:00:00+00:00 [queued]>
[2025-12-17T01:51:18.966+0000] {taskinstance.py:1956} INFO - Dependencies all met for dep_context=requeueable deps ti=<TaskInstance: etl_airflow.transform scheduled__2024-03-11T00:00:00+00:00 [queued]>
[2025-12-17T01:51:18.967+0000] {taskinstance.py:2170} INFO - Starting attempt 1 of 3
[2025-12-17T01:51:19.006+0000] {taskinstance.py:2191} INFO - Executing <Task(PythonOperator): transform> on 2024-03-11 00:00:00+00:00
[2025-12-17T01:51:19.021+0000] {standard_task_runner.py:60} INFO - Started process 884 to run task
[2025-12-17T01:51:19.034+0000] {standard_task_runner.py:87} INFO - Running: ['***', 'tasks', 'run', 'etl_***', 'transform', 'scheduled__2024-03-11T00:00:00+00:00', '--job-id', '217', '--raw', '--subdir', 'DAGS_FOLDER/etl_dag.py', '--cfg-path', '/tmp/tmp748ql8yt']
[2025-12-17T01:51:19.041+0000] {standard_task_runner.py:88} INFO - Job 217: Subtask transform
[2025-12-17T01:51:19.257+0000] {task_command.py:423} INFO - Running <TaskInstance: etl_airflow.transform scheduled__2024-03-11T00:00:00+00:00 [running]> on host 571e042550da
[2025-12-17T01:51:19.785+0000] {taskinstance.py:2480} INFO - Exporting env vars: AIRFLOW_CTX_DAG_OWNER='***' AIRFLOW_CTX_DAG_ID='etl_***' AIRFLOW_CTX_TASK_ID='transform' AIRFLOW_CTX_EXECUTION_DATE='2024-03-11T00:00:00+00:00' AIRFLOW_CTX_TRY_NUMBER='1' AIRFLOW_CTX_DAG_RUN_ID='scheduled__2024-03-11T00:00:00+00:00'
[2025-12-17T01:51:19.788+0000] {logging_mixin.py:188} INFO - [TRANSFORM]
[2025-12-17T01:51:19.818+0000] {logging_mixin.py:188} INFO - [TRANSFORM] done
[2025-12-17T01:51:19.820+0000] {python.py:201} INFO - Done. Returned value was: None
[2025-12-17T01:51:19.851+0000] {taskinstance.py:1138} INFO - Marking task as SUCCESS. dag_id=etl_***, task_id=transform, execution_date=20240311T000000, start_date=20251217T015118, end_date=20251217T015119
[2025-12-17T01:51:19.934+0000] {local_task_job_runner.py:234} INFO - Task exited with return code 0
[2025-12-17T01:51:19.975+0000] {taskinstance.py:3280} INFO - 1 downstream tasks scheduled from follow-on schedule check
[2025-12-17T04:19:12.408+0000] {taskinstance.py:1956} INFO - Dependencies all met for dep_context=non-requeueable deps ti=<TaskInstance: etl_airflow.transform scheduled__2024-03-11T00:00:00+00:00 [queued]>
[2025-12-17T04:19:12.425+0000] {taskinstance.py:1956} INFO - Dependencies all met for dep_context=requeueable deps ti=<TaskInstance: etl_airflow.transform scheduled__2024-03-11T00:00:00+00:00 [queued]>
[2025-12-17T04:19:12.426+0000] {taskinstance.py:2170} INFO - Starting attempt 1 of 3
[2025-12-17T04:19:12.577+0000] {taskinstance.py:2191} INFO - Executing <Task(PythonOperator): transform> on 2024-03-11 00:00:00+00:00
[2025-12-17T04:19:12.589+0000] {standard_task_runner.py:60} INFO - Started process 551 to run task
[2025-12-17T04:19:12.600+0000] {standard_task_runner.py:87} INFO - Running: ['***', 'tasks', 'run', 'etl_***', 'transform', 'scheduled__2024-03-11T00:00:00+00:00', '--job-id', '98', '--raw', '--subdir', 'DAGS_FOLDER/etl_***.py', '--cfg-path', '/tmp/tmpysqeb4h8']
[2025-12-17T04:19:12.604+0000] {standard_task_runner.py:88} INFO - Job 98: Subtask transform
[2025-12-17T04:19:12.801+0000] {task_command.py:423} INFO - Running <TaskInstance: etl_airflow.transform scheduled__2024-03-11T00:00:00+00:00 [running]> on host c5811fe183ca
[2025-12-17T04:19:13.566+0000] {taskinstance.py:2480} INFO - Exporting env vars: AIRFLOW_CTX_DAG_OWNER='***' AIRFLOW_CTX_DAG_ID='etl_***' AIRFLOW_CTX_TASK_ID='transform' AIRFLOW_CTX_EXECUTION_DATE='2024-03-11T00:00:00+00:00' AIRFLOW_CTX_TRY_NUMBER='1' AIRFLOW_CTX_DAG_RUN_ID='scheduled__2024-03-11T00:00:00+00:00'
[2025-12-17T04:19:13.573+0000] {taskinstance.py:2698} ERROR - Task failed with exception
Traceback (most recent call last):
  File "/home/airflow/.local/lib/python3.8/site-packages/airflow/models/taskinstance.py", line 433, in _execute_task
    result = execute_callable(context=context, **execute_callable_kwargs)
  File "/home/airflow/.local/lib/python3.8/site-packages/airflow/operators/python.py", line 199, in execute
    return_value = self.execute_callable()
  File "/home/airflow/.local/lib/python3.8/site-packages/airflow/operators/python.py", line 216, in execute_callable
    return self.python_callable(*self.op_args, **self.op_kwargs)
TypeError: transform_data() missing 1 required positional argument: 'df'
[2025-12-17T04:19:13.604+0000] {taskinstance.py:1138} INFO - Marking task as UP_FOR_RETRY. dag_id=etl_***, task_id=transform, execution_date=20240311T000000, start_date=20251217T041912, end_date=20251217T041913
[2025-12-17T04:19:13.792+0000] {standard_task_runner.py:107} ERROR - Failed to execute job 98 for task transform (transform_data() missing 1 required positional argument: 'df'; 551)
[2025-12-17T04:19:13.856+0000] {local_task_job_runner.py:234} INFO - Task exited with return code 1
[2025-12-17T04:19:13.914+0000] {taskinstance.py:3280} INFO - 0 downstream tasks scheduled from follow-on schedule check
[2025-12-17T04:44:42.367+0000] {taskinstance.py:1956} INFO - Dependencies all met for dep_context=non-requeueable deps ti=<TaskInstance: etl_airflow.transform scheduled__2024-03-11T00:00:00+00:00 [queued]>
[2025-12-17T04:44:42.400+0000] {taskinstance.py:1956} INFO - Dependencies all met for dep_context=requeueable deps ti=<TaskInstance: etl_airflow.transform scheduled__2024-03-11T00:00:00+00:00 [queued]>
[2025-12-17T04:44:42.403+0000] {taskinstance.py:2170} INFO - Starting attempt 1 of 3
[2025-12-17T04:44:42.436+0000] {taskinstance.py:2191} INFO - Executing <Task(PythonOperator): transform> on 2024-03-11 00:00:00+00:00
[2025-12-17T04:44:42.450+0000] {standard_task_runner.py:60} INFO - Started process 1134 to run task
[2025-12-17T04:44:42.457+0000] {standard_task_runner.py:87} INFO - Running: ['***', 'tasks', 'run', 'etl_***', 'transform', 'scheduled__2024-03-11T00:00:00+00:00', '--job-id', '277', '--raw', '--subdir', 'DAGS_FOLDER/etl_***.py', '--cfg-path', '/tmp/tmp4j0fsf0v']
[2025-12-17T04:44:42.462+0000] {standard_task_runner.py:88} INFO - Job 277: Subtask transform
[2025-12-17T04:44:42.588+0000] {task_command.py:423} INFO - Running <TaskInstance: etl_airflow.transform scheduled__2024-03-11T00:00:00+00:00 [running]> on host b3426f05ac70
[2025-12-17T04:44:42.991+0000] {taskinstance.py:2480} INFO - Exporting env vars: AIRFLOW_CTX_DAG_OWNER='***' AIRFLOW_CTX_DAG_ID='etl_***' AIRFLOW_CTX_TASK_ID='transform' AIRFLOW_CTX_EXECUTION_DATE='2024-03-11T00:00:00+00:00' AIRFLOW_CTX_TRY_NUMBER='1' AIRFLOW_CTX_DAG_RUN_ID='scheduled__2024-03-11T00:00:00+00:00'
[2025-12-17T04:44:42.995+0000] {taskinstance.py:2698} ERROR - Task failed with exception
Traceback (most recent call last):
  File "/home/airflow/.local/lib/python3.8/site-packages/airflow/models/taskinstance.py", line 433, in _execute_task
    result = execute_callable(context=context, **execute_callable_kwargs)
  File "/home/airflow/.local/lib/python3.8/site-packages/airflow/operators/python.py", line 199, in execute
    return_value = self.execute_callable()
  File "/home/airflow/.local/lib/python3.8/site-packages/airflow/operators/python.py", line 216, in execute_callable
    return self.python_callable(*self.op_args, **self.op_kwargs)
TypeError: transform_data() missing 1 required positional argument: 'df'
[2025-12-17T04:44:43.011+0000] {taskinstance.py:1138} INFO - Marking task as UP_FOR_RETRY. dag_id=etl_***, task_id=transform, execution_date=20240311T000000, start_date=20251217T044442, end_date=20251217T044443
[2025-12-17T04:44:43.033+0000] {standard_task_runner.py:107} ERROR - Failed to execute job 277 for task transform (transform_data() missing 1 required positional argument: 'df'; 1134)
[2025-12-17T04:44:43.081+0000] {local_task_job_runner.py:234} INFO - Task exited with return code 1
[2025-12-17T04:44:43.342+0000] {taskinstance.py:3280} INFO - 0 downstream tasks scheduled from follow-on schedule check
[2025-12-17T07:38:01.657+0000] {taskinstance.py:1956} INFO - Dependencies all met for dep_context=non-requeueable deps ti=<TaskInstance: etl_airflow.transform scheduled__2024-03-11T00:00:00+00:00 [queued]>
[2025-12-17T07:38:01.678+0000] {taskinstance.py:1956} INFO - Dependencies all met for dep_context=requeueable deps ti=<TaskInstance: etl_airflow.transform scheduled__2024-03-11T00:00:00+00:00 [queued]>
[2025-12-17T07:38:01.679+0000] {taskinstance.py:2170} INFO - Starting attempt 1 of 3
[2025-12-17T07:38:02.107+0000] {taskinstance.py:2191} INFO - Executing <Task(PythonOperator): transform> on 2024-03-11 00:00:00+00:00
[2025-12-17T07:38:02.132+0000] {standard_task_runner.py:60} INFO - Started process 1210 to run task
[2025-12-17T07:38:02.176+0000] {standard_task_runner.py:87} INFO - Running: ['***', 'tasks', 'run', 'etl_***', 'transform', 'scheduled__2024-03-11T00:00:00+00:00', '--job-id', '278', '--raw', '--subdir', 'DAGS_FOLDER/etl_***.py', '--cfg-path', '/tmp/tmpyqeqneiv']
[2025-12-17T07:38:02.188+0000] {standard_task_runner.py:88} INFO - Job 278: Subtask transform
[2025-12-17T07:38:02.626+0000] {task_command.py:423} INFO - Running <TaskInstance: etl_airflow.transform scheduled__2024-03-11T00:00:00+00:00 [running]> on host 2a0de06c8905
[2025-12-17T07:38:03.198+0000] {taskinstance.py:2480} INFO - Exporting env vars: AIRFLOW_CTX_DAG_OWNER='***' AIRFLOW_CTX_DAG_ID='etl_***' AIRFLOW_CTX_TASK_ID='transform' AIRFLOW_CTX_EXECUTION_DATE='2024-03-11T00:00:00+00:00' AIRFLOW_CTX_TRY_NUMBER='1' AIRFLOW_CTX_DAG_RUN_ID='scheduled__2024-03-11T00:00:00+00:00'
[2025-12-17T07:38:03.205+0000] {taskinstance.py:2698} ERROR - Task failed with exception
Traceback (most recent call last):
  File "/home/airflow/.local/lib/python3.8/site-packages/airflow/models/taskinstance.py", line 433, in _execute_task
    result = execute_callable(context=context, **execute_callable_kwargs)
  File "/home/airflow/.local/lib/python3.8/site-packages/airflow/operators/python.py", line 199, in execute
    return_value = self.execute_callable()
  File "/home/airflow/.local/lib/python3.8/site-packages/airflow/operators/python.py", line 216, in execute_callable
    return self.python_callable(*self.op_args, **self.op_kwargs)
TypeError: transform_data() missing 1 required positional argument: 'df'
[2025-12-17T07:38:03.222+0000] {taskinstance.py:1138} INFO - Marking task as UP_FOR_RETRY. dag_id=etl_***, task_id=transform, execution_date=20240311T000000, start_date=20251217T073801, end_date=20251217T073803
[2025-12-17T07:38:03.248+0000] {standard_task_runner.py:107} ERROR - Failed to execute job 278 for task transform (transform_data() missing 1 required positional argument: 'df'; 1210)
[2025-12-17T07:38:03.313+0000] {local_task_job_runner.py:234} INFO - Task exited with return code 1
[2025-12-17T07:38:03.487+0000] {taskinstance.py:3280} INFO - 0 downstream tasks scheduled from follow-on schedule check
