[2025-12-16T17:19:20.864+0000] {taskinstance.py:1956} INFO - Dependencies all met for dep_context=non-requeueable deps ti=<TaskInstance: etl_airflow.transform scheduled__2024-03-11T00:00:00+00:00 [queued]>
[2025-12-16T17:19:20.888+0000] {taskinstance.py:1956} INFO - Dependencies all met for dep_context=requeueable deps ti=<TaskInstance: etl_airflow.transform scheduled__2024-03-11T00:00:00+00:00 [queued]>
[2025-12-16T17:19:20.895+0000] {taskinstance.py:2170} INFO - Starting attempt 3 of 4
[2025-12-16T17:19:20.938+0000] {taskinstance.py:2191} INFO - Executing <Task(PythonOperator): transform> on 2024-03-11 00:00:00+00:00
[2025-12-16T17:19:20.956+0000] {standard_task_runner.py:60} INFO - Started process 4248 to run task
[2025-12-16T17:19:20.973+0000] {standard_task_runner.py:87} INFO - Running: ['***', 'tasks', 'run', 'etl_***', 'transform', 'scheduled__2024-03-11T00:00:00+00:00', '--job-id', '5422', '--raw', '--subdir', 'DAGS_FOLDER/etl_dag.py', '--cfg-path', '/tmp/tmp3jwc87oi']
[2025-12-16T17:19:20.981+0000] {standard_task_runner.py:88} INFO - Job 5422: Subtask transform
[2025-12-16T17:19:21.210+0000] {task_command.py:423} INFO - Running <TaskInstance: etl_airflow.transform scheduled__2024-03-11T00:00:00+00:00 [running]> on host 3b89cfee50e9
[2025-12-16T17:19:21.477+0000] {taskinstance.py:2480} INFO - Exporting env vars: AIRFLOW_CTX_DAG_OWNER='***' AIRFLOW_CTX_DAG_ID='etl_***' AIRFLOW_CTX_TASK_ID='transform' AIRFLOW_CTX_EXECUTION_DATE='2024-03-11T00:00:00+00:00' AIRFLOW_CTX_TRY_NUMBER='3' AIRFLOW_CTX_DAG_RUN_ID='scheduled__2024-03-11T00:00:00+00:00'
[2025-12-16T17:19:21.484+0000] {logging_mixin.py:188} INFO - [TRANSFORM]
[2025-12-16T17:19:21.498+0000] {taskinstance.py:2698} ERROR - Task failed with exception
Traceback (most recent call last):
  File "/home/airflow/.local/lib/python3.8/site-packages/airflow/models/taskinstance.py", line 433, in _execute_task
    result = execute_callable(context=context, **execute_callable_kwargs)
  File "/home/airflow/.local/lib/python3.8/site-packages/airflow/operators/python.py", line 199, in execute
    return_value = self.execute_callable()
  File "/home/airflow/.local/lib/python3.8/site-packages/airflow/operators/python.py", line 216, in execute_callable
    return self.python_callable(*self.op_args, **self.op_kwargs)
  File "/opt/airflow/etl_logic/pipeline.py", line 111, in transform_data
    df = pd.read_csv(TRANSFORMED_PATH)
  File "/home/airflow/.local/lib/python3.8/site-packages/pandas/io/parsers/readers.py", line 912, in read_csv
    return _read(filepath_or_buffer, kwds)
  File "/home/airflow/.local/lib/python3.8/site-packages/pandas/io/parsers/readers.py", line 577, in _read
    parser = TextFileReader(filepath_or_buffer, **kwds)
  File "/home/airflow/.local/lib/python3.8/site-packages/pandas/io/parsers/readers.py", line 1407, in __init__
    self._engine = self._make_engine(f, self.engine)
  File "/home/airflow/.local/lib/python3.8/site-packages/pandas/io/parsers/readers.py", line 1679, in _make_engine
    return mapping[engine](f, **self.options)
  File "/home/airflow/.local/lib/python3.8/site-packages/pandas/io/parsers/c_parser_wrapper.py", line 93, in __init__
    self._reader = parsers.TextReader(src, **kwds)
  File "pandas/_libs/parsers.pyx", line 557, in pandas._libs.parsers.TextReader.__cinit__
pandas.errors.EmptyDataError: No columns to parse from file
[2025-12-16T17:19:21.539+0000] {taskinstance.py:1138} INFO - Marking task as UP_FOR_RETRY. dag_id=etl_***, task_id=transform, execution_date=20240311T000000, start_date=20251216T171920, end_date=20251216T171921
[2025-12-16T17:19:22.005+0000] {standard_task_runner.py:107} ERROR - Failed to execute job 5422 for task transform (No columns to parse from file; 4248)
[2025-12-16T17:19:22.077+0000] {local_task_job_runner.py:234} INFO - Task exited with return code 1
[2025-12-16T17:19:22.384+0000] {taskinstance.py:3280} INFO - 0 downstream tasks scheduled from follow-on schedule check
[2025-12-17T04:19:38.202+0000] {taskinstance.py:1956} INFO - Dependencies all met for dep_context=non-requeueable deps ti=<TaskInstance: etl_airflow.transform scheduled__2024-03-11T00:00:00+00:00 [queued]>
[2025-12-17T04:19:38.215+0000] {taskinstance.py:1956} INFO - Dependencies all met for dep_context=requeueable deps ti=<TaskInstance: etl_airflow.transform scheduled__2024-03-11T00:00:00+00:00 [queued]>
[2025-12-17T04:19:38.216+0000] {taskinstance.py:2170} INFO - Starting attempt 3 of 3
[2025-12-17T04:19:38.234+0000] {taskinstance.py:2191} INFO - Executing <Task(PythonOperator): transform> on 2024-03-11 00:00:00+00:00
[2025-12-17T04:19:38.242+0000] {standard_task_runner.py:60} INFO - Started process 667 to run task
[2025-12-17T04:19:38.247+0000] {standard_task_runner.py:87} INFO - Running: ['***', 'tasks', 'run', 'etl_***', 'transform', 'scheduled__2024-03-11T00:00:00+00:00', '--job-id', '140', '--raw', '--subdir', 'DAGS_FOLDER/etl_***.py', '--cfg-path', '/tmp/tmp8em5xya_']
[2025-12-17T04:19:38.250+0000] {standard_task_runner.py:88} INFO - Job 140: Subtask transform
[2025-12-17T04:19:38.362+0000] {task_command.py:423} INFO - Running <TaskInstance: etl_airflow.transform scheduled__2024-03-11T00:00:00+00:00 [running]> on host c5811fe183ca
[2025-12-17T04:19:38.825+0000] {taskinstance.py:2480} INFO - Exporting env vars: AIRFLOW_CTX_DAG_OWNER='***' AIRFLOW_CTX_DAG_ID='etl_***' AIRFLOW_CTX_TASK_ID='transform' AIRFLOW_CTX_EXECUTION_DATE='2024-03-11T00:00:00+00:00' AIRFLOW_CTX_TRY_NUMBER='3' AIRFLOW_CTX_DAG_RUN_ID='scheduled__2024-03-11T00:00:00+00:00'
[2025-12-17T04:19:38.828+0000] {taskinstance.py:2698} ERROR - Task failed with exception
Traceback (most recent call last):
  File "/home/airflow/.local/lib/python3.8/site-packages/airflow/models/taskinstance.py", line 433, in _execute_task
    result = execute_callable(context=context, **execute_callable_kwargs)
  File "/home/airflow/.local/lib/python3.8/site-packages/airflow/operators/python.py", line 199, in execute
    return_value = self.execute_callable()
  File "/home/airflow/.local/lib/python3.8/site-packages/airflow/operators/python.py", line 216, in execute_callable
    return self.python_callable(*self.op_args, **self.op_kwargs)
TypeError: transform_data() missing 1 required positional argument: 'df'
[2025-12-17T04:19:38.845+0000] {taskinstance.py:1138} INFO - Marking task as FAILED. dag_id=etl_***, task_id=transform, execution_date=20240311T000000, start_date=20251217T041938, end_date=20251217T041938
[2025-12-17T04:19:38.868+0000] {standard_task_runner.py:107} ERROR - Failed to execute job 140 for task transform (transform_data() missing 1 required positional argument: 'df'; 667)
[2025-12-17T04:19:38.902+0000] {local_task_job_runner.py:234} INFO - Task exited with return code 1
[2025-12-17T04:19:38.945+0000] {taskinstance.py:3280} INFO - 0 downstream tasks scheduled from follow-on schedule check
[2025-12-17T04:45:06.051+0000] {taskinstance.py:1956} INFO - Dependencies all met for dep_context=non-requeueable deps ti=<TaskInstance: etl_airflow.transform scheduled__2024-03-11T00:00:00+00:00 [queued]>
[2025-12-17T04:45:06.070+0000] {taskinstance.py:1956} INFO - Dependencies all met for dep_context=requeueable deps ti=<TaskInstance: etl_airflow.transform scheduled__2024-03-11T00:00:00+00:00 [queued]>
[2025-12-17T04:45:06.071+0000] {taskinstance.py:2170} INFO - Starting attempt 3 of 3
[2025-12-17T04:45:06.101+0000] {taskinstance.py:2191} INFO - Executing <Task(PythonOperator): transform> on 2024-03-11 00:00:00+00:00
[2025-12-17T04:45:06.113+0000] {standard_task_runner.py:60} INFO - Started process 1250 to run task
[2025-12-17T04:45:06.122+0000] {standard_task_runner.py:87} INFO - Running: ['***', 'tasks', 'run', 'etl_***', 'transform', 'scheduled__2024-03-11T00:00:00+00:00', '--job-id', '308', '--raw', '--subdir', 'DAGS_FOLDER/etl_***.py', '--cfg-path', '/tmp/tmptfra6787']
[2025-12-17T04:45:06.128+0000] {standard_task_runner.py:88} INFO - Job 308: Subtask transform
[2025-12-17T04:45:06.255+0000] {task_command.py:423} INFO - Running <TaskInstance: etl_airflow.transform scheduled__2024-03-11T00:00:00+00:00 [running]> on host b3426f05ac70
[2025-12-17T04:45:06.734+0000] {taskinstance.py:2480} INFO - Exporting env vars: AIRFLOW_CTX_DAG_OWNER='***' AIRFLOW_CTX_DAG_ID='etl_***' AIRFLOW_CTX_TASK_ID='transform' AIRFLOW_CTX_EXECUTION_DATE='2024-03-11T00:00:00+00:00' AIRFLOW_CTX_TRY_NUMBER='3' AIRFLOW_CTX_DAG_RUN_ID='scheduled__2024-03-11T00:00:00+00:00'
[2025-12-17T04:45:06.736+0000] {taskinstance.py:2698} ERROR - Task failed with exception
Traceback (most recent call last):
  File "/home/airflow/.local/lib/python3.8/site-packages/airflow/models/taskinstance.py", line 433, in _execute_task
    result = execute_callable(context=context, **execute_callable_kwargs)
  File "/home/airflow/.local/lib/python3.8/site-packages/airflow/operators/python.py", line 199, in execute
    return_value = self.execute_callable()
  File "/home/airflow/.local/lib/python3.8/site-packages/airflow/operators/python.py", line 216, in execute_callable
    return self.python_callable(*self.op_args, **self.op_kwargs)
TypeError: transform_data() missing 1 required positional argument: 'df'
[2025-12-17T04:45:06.757+0000] {taskinstance.py:1138} INFO - Marking task as FAILED. dag_id=etl_***, task_id=transform, execution_date=20240311T000000, start_date=20251217T044506, end_date=20251217T044506
[2025-12-17T04:45:06.787+0000] {standard_task_runner.py:107} ERROR - Failed to execute job 308 for task transform (transform_data() missing 1 required positional argument: 'df'; 1250)
[2025-12-17T04:45:06.863+0000] {local_task_job_runner.py:234} INFO - Task exited with return code 1
[2025-12-17T04:45:07.100+0000] {taskinstance.py:3280} INFO - 0 downstream tasks scheduled from follow-on schedule check
[2025-12-17T07:38:28.641+0000] {taskinstance.py:1956} INFO - Dependencies all met for dep_context=non-requeueable deps ti=<TaskInstance: etl_airflow.transform scheduled__2024-03-11T00:00:00+00:00 [queued]>
[2025-12-17T07:38:28.662+0000] {taskinstance.py:1956} INFO - Dependencies all met for dep_context=requeueable deps ti=<TaskInstance: etl_airflow.transform scheduled__2024-03-11T00:00:00+00:00 [queued]>
[2025-12-17T07:38:28.664+0000] {taskinstance.py:2170} INFO - Starting attempt 3 of 3
[2025-12-17T07:38:28.695+0000] {taskinstance.py:2191} INFO - Executing <Task(PythonOperator): transform> on 2024-03-11 00:00:00+00:00
[2025-12-17T07:38:28.708+0000] {standard_task_runner.py:60} INFO - Started process 1319 to run task
[2025-12-17T07:38:28.721+0000] {standard_task_runner.py:87} INFO - Running: ['***', 'tasks', 'run', 'etl_***', 'transform', 'scheduled__2024-03-11T00:00:00+00:00', '--job-id', '311', '--raw', '--subdir', 'DAGS_FOLDER/etl_***.py', '--cfg-path', '/tmp/tmp1h21oyy2']
[2025-12-17T07:38:28.730+0000] {standard_task_runner.py:88} INFO - Job 311: Subtask transform
[2025-12-17T07:38:28.915+0000] {task_command.py:423} INFO - Running <TaskInstance: etl_airflow.transform scheduled__2024-03-11T00:00:00+00:00 [running]> on host 2a0de06c8905
[2025-12-17T07:38:29.518+0000] {taskinstance.py:2480} INFO - Exporting env vars: AIRFLOW_CTX_DAG_OWNER='***' AIRFLOW_CTX_DAG_ID='etl_***' AIRFLOW_CTX_TASK_ID='transform' AIRFLOW_CTX_EXECUTION_DATE='2024-03-11T00:00:00+00:00' AIRFLOW_CTX_TRY_NUMBER='3' AIRFLOW_CTX_DAG_RUN_ID='scheduled__2024-03-11T00:00:00+00:00'
[2025-12-17T07:38:29.529+0000] {taskinstance.py:2698} ERROR - Task failed with exception
Traceback (most recent call last):
  File "/home/airflow/.local/lib/python3.8/site-packages/airflow/models/taskinstance.py", line 433, in _execute_task
    result = execute_callable(context=context, **execute_callable_kwargs)
  File "/home/airflow/.local/lib/python3.8/site-packages/airflow/operators/python.py", line 199, in execute
    return_value = self.execute_callable()
  File "/home/airflow/.local/lib/python3.8/site-packages/airflow/operators/python.py", line 216, in execute_callable
    return self.python_callable(*self.op_args, **self.op_kwargs)
TypeError: transform_data() missing 1 required positional argument: 'df'
[2025-12-17T07:38:29.561+0000] {taskinstance.py:1138} INFO - Marking task as FAILED. dag_id=etl_***, task_id=transform, execution_date=20240311T000000, start_date=20251217T073828, end_date=20251217T073829
[2025-12-17T07:38:29.898+0000] {standard_task_runner.py:107} ERROR - Failed to execute job 311 for task transform (transform_data() missing 1 required positional argument: 'df'; 1319)
[2025-12-17T07:38:29.960+0000] {local_task_job_runner.py:234} INFO - Task exited with return code 1
[2025-12-17T07:38:30.026+0000] {taskinstance.py:3280} INFO - 0 downstream tasks scheduled from follow-on schedule check
