[2025-12-16T17:19:06.906+0000] {taskinstance.py:1956} INFO - Dependencies all met for dep_context=non-requeueable deps ti=<TaskInstance: etl_airflow.transform scheduled__2024-03-10T00:00:00+00:00 [queued]>
[2025-12-16T17:19:06.932+0000] {taskinstance.py:1956} INFO - Dependencies all met for dep_context=requeueable deps ti=<TaskInstance: etl_airflow.transform scheduled__2024-03-10T00:00:00+00:00 [queued]>
[2025-12-16T17:19:06.939+0000] {taskinstance.py:2170} INFO - Starting attempt 2 of 4
[2025-12-16T17:19:07.011+0000] {taskinstance.py:2191} INFO - Executing <Task(PythonOperator): transform> on 2024-03-10 00:00:00+00:00
[2025-12-16T17:19:07.039+0000] {standard_task_runner.py:60} INFO - Started process 4086 to run task
[2025-12-16T17:19:07.050+0000] {standard_task_runner.py:87} INFO - Running: ['***', 'tasks', 'run', 'etl_***', 'transform', 'scheduled__2024-03-10T00:00:00+00:00', '--job-id', '5363', '--raw', '--subdir', 'DAGS_FOLDER/etl_dag.py', '--cfg-path', '/tmp/tmpuf_t1byx']
[2025-12-16T17:19:07.064+0000] {standard_task_runner.py:88} INFO - Job 5363: Subtask transform
[2025-12-16T17:19:07.366+0000] {task_command.py:423} INFO - Running <TaskInstance: etl_airflow.transform scheduled__2024-03-10T00:00:00+00:00 [running]> on host 3b89cfee50e9
[2025-12-16T17:19:07.709+0000] {taskinstance.py:2480} INFO - Exporting env vars: AIRFLOW_CTX_DAG_OWNER='***' AIRFLOW_CTX_DAG_ID='etl_***' AIRFLOW_CTX_TASK_ID='transform' AIRFLOW_CTX_EXECUTION_DATE='2024-03-10T00:00:00+00:00' AIRFLOW_CTX_TRY_NUMBER='2' AIRFLOW_CTX_DAG_RUN_ID='scheduled__2024-03-10T00:00:00+00:00'
[2025-12-16T17:19:07.718+0000] {logging_mixin.py:188} INFO - [TRANSFORM]
[2025-12-16T17:19:08.170+0000] {logging_mixin.py:188} INFO - [TRANSFORM] done
[2025-12-16T17:19:08.171+0000] {python.py:201} INFO - Done. Returned value was: None
[2025-12-16T17:19:08.197+0000] {taskinstance.py:1138} INFO - Marking task as SUCCESS. dag_id=etl_***, task_id=transform, execution_date=20240310T000000, start_date=20251216T171906, end_date=20251216T171908
[2025-12-16T17:19:08.291+0000] {local_task_job_runner.py:234} INFO - Task exited with return code 0
[2025-12-16T17:19:08.392+0000] {taskinstance.py:3280} INFO - 1 downstream tasks scheduled from follow-on schedule check
[2025-12-17T04:19:25.381+0000] {taskinstance.py:1956} INFO - Dependencies all met for dep_context=non-requeueable deps ti=<TaskInstance: etl_airflow.transform scheduled__2024-03-10T00:00:00+00:00 [queued]>
[2025-12-17T04:19:25.400+0000] {taskinstance.py:1956} INFO - Dependencies all met for dep_context=requeueable deps ti=<TaskInstance: etl_airflow.transform scheduled__2024-03-10T00:00:00+00:00 [queued]>
[2025-12-17T04:19:25.402+0000] {taskinstance.py:2170} INFO - Starting attempt 2 of 3
[2025-12-17T04:19:25.444+0000] {taskinstance.py:2191} INFO - Executing <Task(PythonOperator): transform> on 2024-03-10 00:00:00+00:00
[2025-12-17T04:19:25.455+0000] {standard_task_runner.py:60} INFO - Started process 618 to run task
[2025-12-17T04:19:25.464+0000] {standard_task_runner.py:87} INFO - Running: ['***', 'tasks', 'run', 'etl_***', 'transform', 'scheduled__2024-03-10T00:00:00+00:00', '--job-id', '124', '--raw', '--subdir', 'DAGS_FOLDER/etl_***.py', '--cfg-path', '/tmp/tmp2wj3vvn2']
[2025-12-17T04:19:25.468+0000] {standard_task_runner.py:88} INFO - Job 124: Subtask transform
[2025-12-17T04:19:25.609+0000] {task_command.py:423} INFO - Running <TaskInstance: etl_airflow.transform scheduled__2024-03-10T00:00:00+00:00 [running]> on host c5811fe183ca
[2025-12-17T04:19:26.156+0000] {taskinstance.py:2480} INFO - Exporting env vars: AIRFLOW_CTX_DAG_OWNER='***' AIRFLOW_CTX_DAG_ID='etl_***' AIRFLOW_CTX_TASK_ID='transform' AIRFLOW_CTX_EXECUTION_DATE='2024-03-10T00:00:00+00:00' AIRFLOW_CTX_TRY_NUMBER='2' AIRFLOW_CTX_DAG_RUN_ID='scheduled__2024-03-10T00:00:00+00:00'
[2025-12-17T04:19:26.158+0000] {taskinstance.py:2698} ERROR - Task failed with exception
Traceback (most recent call last):
  File "/home/airflow/.local/lib/python3.8/site-packages/airflow/models/taskinstance.py", line 433, in _execute_task
    result = execute_callable(context=context, **execute_callable_kwargs)
  File "/home/airflow/.local/lib/python3.8/site-packages/airflow/operators/python.py", line 199, in execute
    return_value = self.execute_callable()
  File "/home/airflow/.local/lib/python3.8/site-packages/airflow/operators/python.py", line 216, in execute_callable
    return self.python_callable(*self.op_args, **self.op_kwargs)
TypeError: transform_data() missing 1 required positional argument: 'df'
[2025-12-17T04:19:26.179+0000] {taskinstance.py:1138} INFO - Marking task as UP_FOR_RETRY. dag_id=etl_***, task_id=transform, execution_date=20240310T000000, start_date=20251217T041925, end_date=20251217T041926
[2025-12-17T04:19:26.206+0000] {standard_task_runner.py:107} ERROR - Failed to execute job 124 for task transform (transform_data() missing 1 required positional argument: 'df'; 618)
[2025-12-17T04:19:26.242+0000] {local_task_job_runner.py:234} INFO - Task exited with return code 1
[2025-12-17T04:19:26.310+0000] {taskinstance.py:3280} INFO - 0 downstream tasks scheduled from follow-on schedule check
[2025-12-17T04:44:54.309+0000] {taskinstance.py:1956} INFO - Dependencies all met for dep_context=non-requeueable deps ti=<TaskInstance: etl_airflow.transform scheduled__2024-03-10T00:00:00+00:00 [queued]>
[2025-12-17T04:44:54.324+0000] {taskinstance.py:1956} INFO - Dependencies all met for dep_context=requeueable deps ti=<TaskInstance: etl_airflow.transform scheduled__2024-03-10T00:00:00+00:00 [queued]>
[2025-12-17T04:44:54.325+0000] {taskinstance.py:2170} INFO - Starting attempt 2 of 3
[2025-12-17T04:44:54.382+0000] {taskinstance.py:2191} INFO - Executing <Task(PythonOperator): transform> on 2024-03-10 00:00:00+00:00
[2025-12-17T04:44:54.395+0000] {standard_task_runner.py:60} INFO - Started process 1204 to run task
[2025-12-17T04:44:54.400+0000] {standard_task_runner.py:87} INFO - Running: ['***', 'tasks', 'run', 'etl_***', 'transform', 'scheduled__2024-03-10T00:00:00+00:00', '--job-id', '294', '--raw', '--subdir', 'DAGS_FOLDER/etl_***.py', '--cfg-path', '/tmp/tmpql3zps2v']
[2025-12-17T04:44:54.403+0000] {standard_task_runner.py:88} INFO - Job 294: Subtask transform
[2025-12-17T04:44:54.504+0000] {task_command.py:423} INFO - Running <TaskInstance: etl_airflow.transform scheduled__2024-03-10T00:00:00+00:00 [running]> on host b3426f05ac70
[2025-12-17T04:44:54.909+0000] {taskinstance.py:2480} INFO - Exporting env vars: AIRFLOW_CTX_DAG_OWNER='***' AIRFLOW_CTX_DAG_ID='etl_***' AIRFLOW_CTX_TASK_ID='transform' AIRFLOW_CTX_EXECUTION_DATE='2024-03-10T00:00:00+00:00' AIRFLOW_CTX_TRY_NUMBER='2' AIRFLOW_CTX_DAG_RUN_ID='scheduled__2024-03-10T00:00:00+00:00'
[2025-12-17T04:44:54.912+0000] {taskinstance.py:2698} ERROR - Task failed with exception
Traceback (most recent call last):
  File "/home/airflow/.local/lib/python3.8/site-packages/airflow/models/taskinstance.py", line 433, in _execute_task
    result = execute_callable(context=context, **execute_callable_kwargs)
  File "/home/airflow/.local/lib/python3.8/site-packages/airflow/operators/python.py", line 199, in execute
    return_value = self.execute_callable()
  File "/home/airflow/.local/lib/python3.8/site-packages/airflow/operators/python.py", line 216, in execute_callable
    return self.python_callable(*self.op_args, **self.op_kwargs)
TypeError: transform_data() missing 1 required positional argument: 'df'
[2025-12-17T04:44:54.924+0000] {taskinstance.py:1138} INFO - Marking task as UP_FOR_RETRY. dag_id=etl_***, task_id=transform, execution_date=20240310T000000, start_date=20251217T044454, end_date=20251217T044454
[2025-12-17T04:44:54.996+0000] {standard_task_runner.py:107} ERROR - Failed to execute job 294 for task transform (transform_data() missing 1 required positional argument: 'df'; 1204)
[2025-12-17T04:44:55.061+0000] {local_task_job_runner.py:234} INFO - Task exited with return code 1
[2025-12-17T04:44:55.293+0000] {taskinstance.py:3280} INFO - 0 downstream tasks scheduled from follow-on schedule check
[2025-12-17T07:38:14.836+0000] {taskinstance.py:1956} INFO - Dependencies all met for dep_context=non-requeueable deps ti=<TaskInstance: etl_airflow.transform scheduled__2024-03-10T00:00:00+00:00 [queued]>
[2025-12-17T07:38:14.865+0000] {taskinstance.py:1956} INFO - Dependencies all met for dep_context=requeueable deps ti=<TaskInstance: etl_airflow.transform scheduled__2024-03-10T00:00:00+00:00 [queued]>
[2025-12-17T07:38:14.867+0000] {taskinstance.py:2170} INFO - Starting attempt 2 of 3
[2025-12-17T07:38:14.976+0000] {taskinstance.py:2191} INFO - Executing <Task(PythonOperator): transform> on 2024-03-10 00:00:00+00:00
[2025-12-17T07:38:15.001+0000] {standard_task_runner.py:60} INFO - Started process 1263 to run task
[2025-12-17T07:38:15.012+0000] {standard_task_runner.py:87} INFO - Running: ['***', 'tasks', 'run', 'etl_***', 'transform', 'scheduled__2024-03-10T00:00:00+00:00', '--job-id', '294', '--raw', '--subdir', 'DAGS_FOLDER/etl_***.py', '--cfg-path', '/tmp/tmpmvi03yfc']
[2025-12-17T07:38:15.017+0000] {standard_task_runner.py:88} INFO - Job 294: Subtask transform
[2025-12-17T07:38:15.229+0000] {task_command.py:423} INFO - Running <TaskInstance: etl_airflow.transform scheduled__2024-03-10T00:00:00+00:00 [running]> on host 2a0de06c8905
[2025-12-17T07:38:15.805+0000] {taskinstance.py:2480} INFO - Exporting env vars: AIRFLOW_CTX_DAG_OWNER='***' AIRFLOW_CTX_DAG_ID='etl_***' AIRFLOW_CTX_TASK_ID='transform' AIRFLOW_CTX_EXECUTION_DATE='2024-03-10T00:00:00+00:00' AIRFLOW_CTX_TRY_NUMBER='2' AIRFLOW_CTX_DAG_RUN_ID='scheduled__2024-03-10T00:00:00+00:00'
[2025-12-17T07:38:15.810+0000] {taskinstance.py:2698} ERROR - Task failed with exception
Traceback (most recent call last):
  File "/home/airflow/.local/lib/python3.8/site-packages/airflow/models/taskinstance.py", line 433, in _execute_task
    result = execute_callable(context=context, **execute_callable_kwargs)
  File "/home/airflow/.local/lib/python3.8/site-packages/airflow/operators/python.py", line 199, in execute
    return_value = self.execute_callable()
  File "/home/airflow/.local/lib/python3.8/site-packages/airflow/operators/python.py", line 216, in execute_callable
    return self.python_callable(*self.op_args, **self.op_kwargs)
TypeError: transform_data() missing 1 required positional argument: 'df'
[2025-12-17T07:38:15.829+0000] {taskinstance.py:1138} INFO - Marking task as UP_FOR_RETRY. dag_id=etl_***, task_id=transform, execution_date=20240310T000000, start_date=20251217T073814, end_date=20251217T073815
[2025-12-17T07:38:15.862+0000] {standard_task_runner.py:107} ERROR - Failed to execute job 294 for task transform (transform_data() missing 1 required positional argument: 'df'; 1263)
[2025-12-17T07:38:15.924+0000] {local_task_job_runner.py:234} INFO - Task exited with return code 1
[2025-12-17T07:38:15.993+0000] {taskinstance.py:3280} INFO - 0 downstream tasks scheduled from follow-on schedule check
