[2025-12-16T17:19:54.983+0000] {taskinstance.py:1956} INFO - Dependencies all met for dep_context=non-requeueable deps ti=<TaskInstance: etl_airflow.transform scheduled__2024-04-24T00:00:00+00:00 [queued]>
[2025-12-16T17:19:55.015+0000] {taskinstance.py:1956} INFO - Dependencies all met for dep_context=requeueable deps ti=<TaskInstance: etl_airflow.transform scheduled__2024-04-24T00:00:00+00:00 [queued]>
[2025-12-16T17:19:55.017+0000] {taskinstance.py:2170} INFO - Starting attempt 3 of 4
[2025-12-16T17:19:55.050+0000] {taskinstance.py:2191} INFO - Executing <Task(PythonOperator): transform> on 2024-04-24 00:00:00+00:00
[2025-12-16T17:19:55.064+0000] {standard_task_runner.py:60} INFO - Started process 4669 to run task
[2025-12-16T17:19:55.084+0000] {standard_task_runner.py:87} INFO - Running: ['***', 'tasks', 'run', 'etl_***', 'transform', 'scheduled__2024-04-24T00:00:00+00:00', '--job-id', '5557', '--raw', '--subdir', 'DAGS_FOLDER/etl_dag.py', '--cfg-path', '/tmp/tmp36bphb1i']
[2025-12-16T17:19:55.091+0000] {standard_task_runner.py:88} INFO - Job 5557: Subtask transform
[2025-12-16T17:19:55.265+0000] {task_command.py:423} INFO - Running <TaskInstance: etl_airflow.transform scheduled__2024-04-24T00:00:00+00:00 [running]> on host 3b89cfee50e9
[2025-12-16T17:19:55.534+0000] {taskinstance.py:2480} INFO - Exporting env vars: AIRFLOW_CTX_DAG_OWNER='***' AIRFLOW_CTX_DAG_ID='etl_***' AIRFLOW_CTX_TASK_ID='transform' AIRFLOW_CTX_EXECUTION_DATE='2024-04-24T00:00:00+00:00' AIRFLOW_CTX_TRY_NUMBER='3' AIRFLOW_CTX_DAG_RUN_ID='scheduled__2024-04-24T00:00:00+00:00'
[2025-12-16T17:19:55.539+0000] {logging_mixin.py:188} INFO - [TRANSFORM]
[2025-12-16T17:19:55.840+0000] {logging_mixin.py:188} INFO - [TRANSFORM] done
[2025-12-16T17:19:55.842+0000] {python.py:201} INFO - Done. Returned value was: None
[2025-12-16T17:19:55.863+0000] {taskinstance.py:1138} INFO - Marking task as SUCCESS. dag_id=etl_***, task_id=transform, execution_date=20240424T000000, start_date=20251216T171954, end_date=20251216T171955
[2025-12-16T17:19:55.935+0000] {local_task_job_runner.py:234} INFO - Task exited with return code 0
[2025-12-16T17:19:56.427+0000] {taskinstance.py:3280} INFO - 0 downstream tasks scheduled from follow-on schedule check
[2025-12-17T04:46:53.728+0000] {taskinstance.py:1956} INFO - Dependencies all met for dep_context=non-requeueable deps ti=<TaskInstance: etl_airflow.transform scheduled__2024-04-24T00:00:00+00:00 [queued]>
[2025-12-17T04:46:53.744+0000] {taskinstance.py:1956} INFO - Dependencies all met for dep_context=requeueable deps ti=<TaskInstance: etl_airflow.transform scheduled__2024-04-24T00:00:00+00:00 [queued]>
[2025-12-17T04:46:53.747+0000] {taskinstance.py:2170} INFO - Starting attempt 3 of 3
[2025-12-17T04:46:53.837+0000] {taskinstance.py:2191} INFO - Executing <Task(PythonOperator): transform> on 2024-04-24 00:00:00+00:00
[2025-12-17T04:46:53.845+0000] {standard_task_runner.py:60} INFO - Started process 1880 to run task
[2025-12-17T04:46:53.852+0000] {standard_task_runner.py:87} INFO - Running: ['***', 'tasks', 'run', 'etl_***', 'transform', 'scheduled__2024-04-24T00:00:00+00:00', '--job-id', '502', '--raw', '--subdir', 'DAGS_FOLDER/etl_***.py', '--cfg-path', '/tmp/tmpyzi7whw8']
[2025-12-17T04:46:53.858+0000] {standard_task_runner.py:88} INFO - Job 502: Subtask transform
[2025-12-17T04:46:53.994+0000] {task_command.py:423} INFO - Running <TaskInstance: etl_airflow.transform scheduled__2024-04-24T00:00:00+00:00 [running]> on host b3426f05ac70
[2025-12-17T04:46:54.397+0000] {taskinstance.py:2480} INFO - Exporting env vars: AIRFLOW_CTX_DAG_OWNER='***' AIRFLOW_CTX_DAG_ID='etl_***' AIRFLOW_CTX_TASK_ID='transform' AIRFLOW_CTX_EXECUTION_DATE='2024-04-24T00:00:00+00:00' AIRFLOW_CTX_TRY_NUMBER='3' AIRFLOW_CTX_DAG_RUN_ID='scheduled__2024-04-24T00:00:00+00:00'
[2025-12-17T04:46:54.400+0000] {taskinstance.py:2698} ERROR - Task failed with exception
Traceback (most recent call last):
  File "/home/airflow/.local/lib/python3.8/site-packages/airflow/models/taskinstance.py", line 433, in _execute_task
    result = execute_callable(context=context, **execute_callable_kwargs)
  File "/home/airflow/.local/lib/python3.8/site-packages/airflow/operators/python.py", line 199, in execute
    return_value = self.execute_callable()
  File "/home/airflow/.local/lib/python3.8/site-packages/airflow/operators/python.py", line 216, in execute_callable
    return self.python_callable(*self.op_args, **self.op_kwargs)
TypeError: transform_data() missing 1 required positional argument: 'df'
[2025-12-17T04:46:54.413+0000] {taskinstance.py:1138} INFO - Marking task as FAILED. dag_id=etl_***, task_id=transform, execution_date=20240424T000000, start_date=20251217T044653, end_date=20251217T044654
[2025-12-17T04:46:54.434+0000] {standard_task_runner.py:107} ERROR - Failed to execute job 502 for task transform (transform_data() missing 1 required positional argument: 'df'; 1880)
[2025-12-17T04:46:54.469+0000] {local_task_job_runner.py:234} INFO - Task exited with return code 1
[2025-12-17T04:46:54.500+0000] {taskinstance.py:3280} INFO - 0 downstream tasks scheduled from follow-on schedule check
[2025-12-17T07:40:17.025+0000] {taskinstance.py:1956} INFO - Dependencies all met for dep_context=non-requeueable deps ti=<TaskInstance: etl_airflow.transform scheduled__2024-04-24T00:00:00+00:00 [queued]>
[2025-12-17T07:40:17.058+0000] {taskinstance.py:1956} INFO - Dependencies all met for dep_context=requeueable deps ti=<TaskInstance: etl_airflow.transform scheduled__2024-04-24T00:00:00+00:00 [queued]>
[2025-12-17T07:40:17.060+0000] {taskinstance.py:2170} INFO - Starting attempt 3 of 3
[2025-12-17T07:40:17.085+0000] {taskinstance.py:2191} INFO - Executing <Task(PythonOperator): transform> on 2024-04-24 00:00:00+00:00
[2025-12-17T07:40:17.096+0000] {standard_task_runner.py:60} INFO - Started process 1934 to run task
[2025-12-17T07:40:17.102+0000] {standard_task_runner.py:87} INFO - Running: ['***', 'tasks', 'run', 'etl_***', 'transform', 'scheduled__2024-04-24T00:00:00+00:00', '--job-id', '498', '--raw', '--subdir', 'DAGS_FOLDER/etl_***.py', '--cfg-path', '/tmp/tmp47arhokh']
[2025-12-17T07:40:17.107+0000] {standard_task_runner.py:88} INFO - Job 498: Subtask transform
[2025-12-17T07:40:17.249+0000] {task_command.py:423} INFO - Running <TaskInstance: etl_airflow.transform scheduled__2024-04-24T00:00:00+00:00 [running]> on host 2a0de06c8905
[2025-12-17T07:40:17.805+0000] {taskinstance.py:2480} INFO - Exporting env vars: AIRFLOW_CTX_DAG_OWNER='***' AIRFLOW_CTX_DAG_ID='etl_***' AIRFLOW_CTX_TASK_ID='transform' AIRFLOW_CTX_EXECUTION_DATE='2024-04-24T00:00:00+00:00' AIRFLOW_CTX_TRY_NUMBER='3' AIRFLOW_CTX_DAG_RUN_ID='scheduled__2024-04-24T00:00:00+00:00'
[2025-12-17T07:40:17.814+0000] {taskinstance.py:2698} ERROR - Task failed with exception
Traceback (most recent call last):
  File "/home/airflow/.local/lib/python3.8/site-packages/airflow/models/taskinstance.py", line 433, in _execute_task
    result = execute_callable(context=context, **execute_callable_kwargs)
  File "/home/airflow/.local/lib/python3.8/site-packages/airflow/operators/python.py", line 199, in execute
    return_value = self.execute_callable()
  File "/home/airflow/.local/lib/python3.8/site-packages/airflow/operators/python.py", line 216, in execute_callable
    return self.python_callable(*self.op_args, **self.op_kwargs)
TypeError: transform_data() missing 1 required positional argument: 'df'
[2025-12-17T07:40:17.834+0000] {taskinstance.py:1138} INFO - Marking task as FAILED. dag_id=etl_***, task_id=transform, execution_date=20240424T000000, start_date=20251217T074017, end_date=20251217T074017
[2025-12-17T07:40:17.862+0000] {standard_task_runner.py:107} ERROR - Failed to execute job 498 for task transform (transform_data() missing 1 required positional argument: 'df'; 1934)
[2025-12-17T07:40:17.921+0000] {local_task_job_runner.py:234} INFO - Task exited with return code 1
[2025-12-17T07:40:17.958+0000] {taskinstance.py:3280} INFO - 0 downstream tasks scheduled from follow-on schedule check
