[2025-12-16T17:11:15.193+0000] {taskinstance.py:1956} INFO - Dependencies all met for dep_context=non-requeueable deps ti=<TaskInstance: etl_airflow.transform scheduled__2024-04-24T00:00:00+00:00 [queued]>
[2025-12-16T17:11:15.281+0000] {taskinstance.py:1956} INFO - Dependencies all met for dep_context=requeueable deps ti=<TaskInstance: etl_airflow.transform scheduled__2024-04-24T00:00:00+00:00 [queued]>
[2025-12-16T17:11:15.290+0000] {taskinstance.py:2170} INFO - Starting attempt 1 of 3
[2025-12-16T17:11:15.343+0000] {taskinstance.py:2191} INFO - Executing <Task(PythonOperator): transform> on 2024-04-24 00:00:00+00:00
[2025-12-16T17:11:15.360+0000] {standard_task_runner.py:60} INFO - Started process 1358 to run task
[2025-12-16T17:11:15.370+0000] {standard_task_runner.py:87} INFO - Running: ['***', 'tasks', 'run', 'etl_***', 'transform', 'scheduled__2024-04-24T00:00:00+00:00', '--job-id', '3933', '--raw', '--subdir', 'DAGS_FOLDER/etl_dag.py', '--cfg-path', '/tmp/tmph7p8j9km']
[2025-12-16T17:11:15.387+0000] {standard_task_runner.py:88} INFO - Job 3933: Subtask transform
[2025-12-16T17:11:15.698+0000] {task_command.py:423} INFO - Running <TaskInstance: etl_airflow.transform scheduled__2024-04-24T00:00:00+00:00 [running]> on host 3b89cfee50e9
[2025-12-16T17:11:16.210+0000] {taskinstance.py:2480} INFO - Exporting env vars: AIRFLOW_CTX_DAG_OWNER='***' AIRFLOW_CTX_DAG_ID='etl_***' AIRFLOW_CTX_TASK_ID='transform' AIRFLOW_CTX_EXECUTION_DATE='2024-04-24T00:00:00+00:00' AIRFLOW_CTX_TRY_NUMBER='1' AIRFLOW_CTX_DAG_RUN_ID='scheduled__2024-04-24T00:00:00+00:00'
[2025-12-16T17:11:16.225+0000] {logging_mixin.py:188} INFO - [TRANSFORM]
[2025-12-16T17:11:16.953+0000] {logging_mixin.py:188} INFO - [TRANSFORM] done
[2025-12-16T17:11:16.978+0000] {python.py:201} INFO - Done. Returned value was: None
[2025-12-16T17:11:17.065+0000] {taskinstance.py:1138} INFO - Marking task as SUCCESS. dag_id=etl_***, task_id=transform, execution_date=20240424T000000, start_date=20251216T171115, end_date=20251216T171117
[2025-12-16T17:11:17.242+0000] {local_task_job_runner.py:234} INFO - Task exited with return code 0
[2025-12-16T17:11:17.353+0000] {taskinstance.py:3280} INFO - 1 downstream tasks scheduled from follow-on schedule check
[2025-12-17T01:52:08.788+0000] {taskinstance.py:1956} INFO - Dependencies all met for dep_context=non-requeueable deps ti=<TaskInstance: etl_airflow.transform scheduled__2024-04-24T00:00:00+00:00 [queued]>
[2025-12-17T01:52:08.813+0000] {taskinstance.py:1956} INFO - Dependencies all met for dep_context=requeueable deps ti=<TaskInstance: etl_airflow.transform scheduled__2024-04-24T00:00:00+00:00 [queued]>
[2025-12-17T01:52:08.815+0000] {taskinstance.py:2170} INFO - Starting attempt 1 of 3
[2025-12-17T01:52:08.862+0000] {taskinstance.py:2191} INFO - Executing <Task(PythonOperator): transform> on 2024-04-24 00:00:00+00:00
[2025-12-17T01:52:08.878+0000] {standard_task_runner.py:60} INFO - Started process 1318 to run task
[2025-12-17T01:52:08.888+0000] {standard_task_runner.py:87} INFO - Running: ['***', 'tasks', 'run', 'etl_***', 'transform', 'scheduled__2024-04-24T00:00:00+00:00', '--job-id', '348', '--raw', '--subdir', 'DAGS_FOLDER/etl_dag.py', '--cfg-path', '/tmp/tmpk9hu6r2i']
[2025-12-17T01:52:08.894+0000] {standard_task_runner.py:88} INFO - Job 348: Subtask transform
[2025-12-17T01:52:09.066+0000] {task_command.py:423} INFO - Running <TaskInstance: etl_airflow.transform scheduled__2024-04-24T00:00:00+00:00 [running]> on host 571e042550da
[2025-12-17T01:52:09.638+0000] {taskinstance.py:2480} INFO - Exporting env vars: AIRFLOW_CTX_DAG_OWNER='***' AIRFLOW_CTX_DAG_ID='etl_***' AIRFLOW_CTX_TASK_ID='transform' AIRFLOW_CTX_EXECUTION_DATE='2024-04-24T00:00:00+00:00' AIRFLOW_CTX_TRY_NUMBER='1' AIRFLOW_CTX_DAG_RUN_ID='scheduled__2024-04-24T00:00:00+00:00'
[2025-12-17T01:52:09.646+0000] {logging_mixin.py:188} INFO - [TRANSFORM]
[2025-12-17T01:52:09.694+0000] {logging_mixin.py:188} INFO - [TRANSFORM] done
[2025-12-17T01:52:09.696+0000] {python.py:201} INFO - Done. Returned value was: None
[2025-12-17T01:52:09.722+0000] {taskinstance.py:1138} INFO - Marking task as SUCCESS. dag_id=etl_***, task_id=transform, execution_date=20240424T000000, start_date=20251217T015208, end_date=20251217T015209
[2025-12-17T01:52:09.828+0000] {local_task_job_runner.py:234} INFO - Task exited with return code 0
[2025-12-17T01:52:09.907+0000] {taskinstance.py:3280} INFO - 1 downstream tasks scheduled from follow-on schedule check
[2025-12-17T04:46:30.337+0000] {taskinstance.py:1956} INFO - Dependencies all met for dep_context=non-requeueable deps ti=<TaskInstance: etl_airflow.transform scheduled__2024-04-24T00:00:00+00:00 [queued]>
[2025-12-17T04:46:30.362+0000] {taskinstance.py:1956} INFO - Dependencies all met for dep_context=requeueable deps ti=<TaskInstance: etl_airflow.transform scheduled__2024-04-24T00:00:00+00:00 [queued]>
[2025-12-17T04:46:30.363+0000] {taskinstance.py:2170} INFO - Starting attempt 1 of 3
[2025-12-17T04:46:30.461+0000] {taskinstance.py:2191} INFO - Executing <Task(PythonOperator): transform> on 2024-04-24 00:00:00+00:00
[2025-12-17T04:46:30.472+0000] {standard_task_runner.py:60} INFO - Started process 1762 to run task
[2025-12-17T04:46:30.478+0000] {standard_task_runner.py:87} INFO - Running: ['***', 'tasks', 'run', 'etl_***', 'transform', 'scheduled__2024-04-24T00:00:00+00:00', '--job-id', '463', '--raw', '--subdir', 'DAGS_FOLDER/etl_***.py', '--cfg-path', '/tmp/tmpmp87intw']
[2025-12-17T04:46:30.483+0000] {standard_task_runner.py:88} INFO - Job 463: Subtask transform
[2025-12-17T04:46:30.633+0000] {task_command.py:423} INFO - Running <TaskInstance: etl_airflow.transform scheduled__2024-04-24T00:00:00+00:00 [running]> on host b3426f05ac70
[2025-12-17T04:46:31.127+0000] {taskinstance.py:2480} INFO - Exporting env vars: AIRFLOW_CTX_DAG_OWNER='***' AIRFLOW_CTX_DAG_ID='etl_***' AIRFLOW_CTX_TASK_ID='transform' AIRFLOW_CTX_EXECUTION_DATE='2024-04-24T00:00:00+00:00' AIRFLOW_CTX_TRY_NUMBER='1' AIRFLOW_CTX_DAG_RUN_ID='scheduled__2024-04-24T00:00:00+00:00'
[2025-12-17T04:46:31.130+0000] {taskinstance.py:2698} ERROR - Task failed with exception
Traceback (most recent call last):
  File "/home/airflow/.local/lib/python3.8/site-packages/airflow/models/taskinstance.py", line 433, in _execute_task
    result = execute_callable(context=context, **execute_callable_kwargs)
  File "/home/airflow/.local/lib/python3.8/site-packages/airflow/operators/python.py", line 199, in execute
    return_value = self.execute_callable()
  File "/home/airflow/.local/lib/python3.8/site-packages/airflow/operators/python.py", line 216, in execute_callable
    return self.python_callable(*self.op_args, **self.op_kwargs)
TypeError: transform_data() missing 1 required positional argument: 'df'
[2025-12-17T04:46:31.148+0000] {taskinstance.py:1138} INFO - Marking task as UP_FOR_RETRY. dag_id=etl_***, task_id=transform, execution_date=20240424T000000, start_date=20251217T044630, end_date=20251217T044631
[2025-12-17T04:46:31.182+0000] {standard_task_runner.py:107} ERROR - Failed to execute job 463 for task transform (transform_data() missing 1 required positional argument: 'df'; 1762)
[2025-12-17T04:46:31.237+0000] {local_task_job_runner.py:234} INFO - Task exited with return code 1
[2025-12-17T04:46:31.538+0000] {taskinstance.py:3280} INFO - 0 downstream tasks scheduled from follow-on schedule check
[2025-12-17T07:39:51.755+0000] {taskinstance.py:1956} INFO - Dependencies all met for dep_context=non-requeueable deps ti=<TaskInstance: etl_airflow.transform scheduled__2024-04-24T00:00:00+00:00 [queued]>
[2025-12-17T07:39:51.779+0000] {taskinstance.py:1956} INFO - Dependencies all met for dep_context=requeueable deps ti=<TaskInstance: etl_airflow.transform scheduled__2024-04-24T00:00:00+00:00 [queued]>
[2025-12-17T07:39:51.781+0000] {taskinstance.py:2170} INFO - Starting attempt 1 of 3
[2025-12-17T07:39:51.810+0000] {taskinstance.py:2191} INFO - Executing <Task(PythonOperator): transform> on 2024-04-24 00:00:00+00:00
[2025-12-17T07:39:51.821+0000] {standard_task_runner.py:60} INFO - Started process 1794 to run task
[2025-12-17T07:39:51.829+0000] {standard_task_runner.py:87} INFO - Running: ['***', 'tasks', 'run', 'etl_***', 'transform', 'scheduled__2024-04-24T00:00:00+00:00', '--job-id', '459', '--raw', '--subdir', 'DAGS_FOLDER/etl_***.py', '--cfg-path', '/tmp/tmp6yh6pm0q']
[2025-12-17T07:39:51.835+0000] {standard_task_runner.py:88} INFO - Job 459: Subtask transform
[2025-12-17T07:39:52.000+0000] {task_command.py:423} INFO - Running <TaskInstance: etl_airflow.transform scheduled__2024-04-24T00:00:00+00:00 [running]> on host 2a0de06c8905
[2025-12-17T07:39:52.466+0000] {taskinstance.py:2480} INFO - Exporting env vars: AIRFLOW_CTX_DAG_OWNER='***' AIRFLOW_CTX_DAG_ID='etl_***' AIRFLOW_CTX_TASK_ID='transform' AIRFLOW_CTX_EXECUTION_DATE='2024-04-24T00:00:00+00:00' AIRFLOW_CTX_TRY_NUMBER='1' AIRFLOW_CTX_DAG_RUN_ID='scheduled__2024-04-24T00:00:00+00:00'
[2025-12-17T07:39:52.469+0000] {taskinstance.py:2698} ERROR - Task failed with exception
Traceback (most recent call last):
  File "/home/airflow/.local/lib/python3.8/site-packages/airflow/models/taskinstance.py", line 433, in _execute_task
    result = execute_callable(context=context, **execute_callable_kwargs)
  File "/home/airflow/.local/lib/python3.8/site-packages/airflow/operators/python.py", line 199, in execute
    return_value = self.execute_callable()
  File "/home/airflow/.local/lib/python3.8/site-packages/airflow/operators/python.py", line 216, in execute_callable
    return self.python_callable(*self.op_args, **self.op_kwargs)
TypeError: transform_data() missing 1 required positional argument: 'df'
[2025-12-17T07:39:52.485+0000] {taskinstance.py:1138} INFO - Marking task as UP_FOR_RETRY. dag_id=etl_***, task_id=transform, execution_date=20240424T000000, start_date=20251217T073951, end_date=20251217T073952
[2025-12-17T07:39:52.511+0000] {standard_task_runner.py:107} ERROR - Failed to execute job 459 for task transform (transform_data() missing 1 required positional argument: 'df'; 1794)
[2025-12-17T07:39:52.565+0000] {local_task_job_runner.py:234} INFO - Task exited with return code 1
[2025-12-17T07:39:52.608+0000] {taskinstance.py:3280} INFO - 0 downstream tasks scheduled from follow-on schedule check
