[2025-12-16T17:13:13.076+0000] {taskinstance.py:1956} INFO - Dependencies all met for dep_context=non-requeueable deps ti=<TaskInstance: etl_airflow.transform scheduled__2024-07-17T00:00:00+00:00 [queued]>
[2025-12-16T17:13:13.101+0000] {taskinstance.py:1956} INFO - Dependencies all met for dep_context=requeueable deps ti=<TaskInstance: etl_airflow.transform scheduled__2024-07-17T00:00:00+00:00 [queued]>
[2025-12-16T17:13:13.103+0000] {taskinstance.py:2170} INFO - Starting attempt 2 of 3
[2025-12-16T17:13:13.145+0000] {taskinstance.py:2191} INFO - Executing <Task(PythonOperator): transform> on 2024-07-17 00:00:00+00:00
[2025-12-16T17:13:13.168+0000] {standard_task_runner.py:60} INFO - Started process 585 to run task
[2025-12-16T17:13:13.180+0000] {standard_task_runner.py:87} INFO - Running: ['***', 'tasks', 'run', 'etl_***', 'transform', 'scheduled__2024-07-17T00:00:00+00:00', '--job-id', '4258', '--raw', '--subdir', 'DAGS_FOLDER/etl_dag.py', '--cfg-path', '/tmp/tmpotg0ovjv']
[2025-12-16T17:13:13.188+0000] {standard_task_runner.py:88} INFO - Job 4258: Subtask transform
[2025-12-16T17:13:13.424+0000] {task_command.py:423} INFO - Running <TaskInstance: etl_airflow.transform scheduled__2024-07-17T00:00:00+00:00 [running]> on host 3b89cfee50e9
[2025-12-16T17:13:13.710+0000] {taskinstance.py:2480} INFO - Exporting env vars: AIRFLOW_CTX_DAG_OWNER='***' AIRFLOW_CTX_DAG_ID='etl_***' AIRFLOW_CTX_TASK_ID='transform' AIRFLOW_CTX_EXECUTION_DATE='2024-07-17T00:00:00+00:00' AIRFLOW_CTX_TRY_NUMBER='2' AIRFLOW_CTX_DAG_RUN_ID='scheduled__2024-07-17T00:00:00+00:00'
[2025-12-16T17:13:13.716+0000] {logging_mixin.py:188} INFO - [TRANSFORM]
[2025-12-16T17:13:14.214+0000] {logging_mixin.py:188} INFO - [TRANSFORM] done
[2025-12-16T17:13:14.215+0000] {python.py:201} INFO - Done. Returned value was: None
[2025-12-16T17:13:14.250+0000] {taskinstance.py:1138} INFO - Marking task as SUCCESS. dag_id=etl_***, task_id=transform, execution_date=20240717T000000, start_date=20251216T171313, end_date=20251216T171314
[2025-12-16T17:13:14.379+0000] {local_task_job_runner.py:234} INFO - Task exited with return code 0
[2025-12-16T17:13:14.489+0000] {taskinstance.py:3280} INFO - 1 downstream tasks scheduled from follow-on schedule check
[2025-12-17T04:21:27.478+0000] {taskinstance.py:1956} INFO - Dependencies all met for dep_context=non-requeueable deps ti=<TaskInstance: etl_airflow.transform scheduled__2024-07-17T00:00:00+00:00 [queued]>
[2025-12-17T04:21:27.490+0000] {taskinstance.py:1956} INFO - Dependencies all met for dep_context=requeueable deps ti=<TaskInstance: etl_airflow.transform scheduled__2024-07-17T00:00:00+00:00 [queued]>
[2025-12-17T04:21:27.492+0000] {taskinstance.py:2170} INFO - Starting attempt 2 of 3
[2025-12-17T04:21:27.543+0000] {taskinstance.py:2191} INFO - Executing <Task(PythonOperator): transform> on 2024-07-17 00:00:00+00:00
[2025-12-17T04:21:27.552+0000] {standard_task_runner.py:60} INFO - Started process 1334 to run task
[2025-12-17T04:21:27.557+0000] {standard_task_runner.py:87} INFO - Running: ['***', 'tasks', 'run', 'etl_***', 'transform', 'scheduled__2024-07-17T00:00:00+00:00', '--job-id', '341', '--raw', '--subdir', 'DAGS_FOLDER/etl_***.py', '--cfg-path', '/tmp/tmpkw9bfydj']
[2025-12-17T04:21:27.562+0000] {standard_task_runner.py:88} INFO - Job 341: Subtask transform
[2025-12-17T04:21:27.676+0000] {task_command.py:423} INFO - Running <TaskInstance: etl_airflow.transform scheduled__2024-07-17T00:00:00+00:00 [running]> on host c5811fe183ca
[2025-12-17T04:21:28.012+0000] {taskinstance.py:2480} INFO - Exporting env vars: AIRFLOW_CTX_DAG_OWNER='***' AIRFLOW_CTX_DAG_ID='etl_***' AIRFLOW_CTX_TASK_ID='transform' AIRFLOW_CTX_EXECUTION_DATE='2024-07-17T00:00:00+00:00' AIRFLOW_CTX_TRY_NUMBER='2' AIRFLOW_CTX_DAG_RUN_ID='scheduled__2024-07-17T00:00:00+00:00'
[2025-12-17T04:21:28.014+0000] {taskinstance.py:2698} ERROR - Task failed with exception
Traceback (most recent call last):
  File "/home/airflow/.local/lib/python3.8/site-packages/airflow/models/taskinstance.py", line 433, in _execute_task
    result = execute_callable(context=context, **execute_callable_kwargs)
  File "/home/airflow/.local/lib/python3.8/site-packages/airflow/operators/python.py", line 199, in execute
    return_value = self.execute_callable()
  File "/home/airflow/.local/lib/python3.8/site-packages/airflow/operators/python.py", line 216, in execute_callable
    return self.python_callable(*self.op_args, **self.op_kwargs)
TypeError: transform_data() missing 1 required positional argument: 'df'
[2025-12-17T04:21:28.027+0000] {taskinstance.py:1138} INFO - Marking task as UP_FOR_RETRY. dag_id=etl_***, task_id=transform, execution_date=20240717T000000, start_date=20251217T042127, end_date=20251217T042128
[2025-12-17T04:21:28.046+0000] {standard_task_runner.py:107} ERROR - Failed to execute job 341 for task transform (transform_data() missing 1 required positional argument: 'df'; 1334)
[2025-12-17T04:21:28.093+0000] {local_task_job_runner.py:234} INFO - Task exited with return code 1
[2025-12-17T04:21:28.322+0000] {taskinstance.py:3280} INFO - 0 downstream tasks scheduled from follow-on schedule check
[2025-12-17T04:49:34.542+0000] {taskinstance.py:1956} INFO - Dependencies all met for dep_context=non-requeueable deps ti=<TaskInstance: etl_airflow.transform scheduled__2024-07-17T00:00:00+00:00 [queued]>
[2025-12-17T04:49:34.560+0000] {taskinstance.py:1956} INFO - Dependencies all met for dep_context=requeueable deps ti=<TaskInstance: etl_airflow.transform scheduled__2024-07-17T00:00:00+00:00 [queued]>
[2025-12-17T04:49:34.563+0000] {taskinstance.py:2170} INFO - Starting attempt 2 of 3
[2025-12-17T04:49:34.643+0000] {taskinstance.py:2191} INFO - Executing <Task(PythonOperator): transform> on 2024-07-17 00:00:00+00:00
[2025-12-17T04:49:34.655+0000] {standard_task_runner.py:60} INFO - Started process 2887 to run task
[2025-12-17T04:49:34.661+0000] {standard_task_runner.py:87} INFO - Running: ['***', 'tasks', 'run', 'etl_***', 'transform', 'scheduled__2024-07-17T00:00:00+00:00', '--job-id', '807', '--raw', '--subdir', 'DAGS_FOLDER/etl_***.py', '--cfg-path', '/tmp/tmpthuyy3u3']
[2025-12-17T04:49:34.666+0000] {standard_task_runner.py:88} INFO - Job 807: Subtask transform
[2025-12-17T04:49:34.808+0000] {task_command.py:423} INFO - Running <TaskInstance: etl_airflow.transform scheduled__2024-07-17T00:00:00+00:00 [running]> on host b3426f05ac70
[2025-12-17T04:49:35.240+0000] {taskinstance.py:2480} INFO - Exporting env vars: AIRFLOW_CTX_DAG_OWNER='***' AIRFLOW_CTX_DAG_ID='etl_***' AIRFLOW_CTX_TASK_ID='transform' AIRFLOW_CTX_EXECUTION_DATE='2024-07-17T00:00:00+00:00' AIRFLOW_CTX_TRY_NUMBER='2' AIRFLOW_CTX_DAG_RUN_ID='scheduled__2024-07-17T00:00:00+00:00'
[2025-12-17T04:49:35.243+0000] {taskinstance.py:2698} ERROR - Task failed with exception
Traceback (most recent call last):
  File "/home/airflow/.local/lib/python3.8/site-packages/airflow/models/taskinstance.py", line 433, in _execute_task
    result = execute_callable(context=context, **execute_callable_kwargs)
  File "/home/airflow/.local/lib/python3.8/site-packages/airflow/operators/python.py", line 199, in execute
    return_value = self.execute_callable()
  File "/home/airflow/.local/lib/python3.8/site-packages/airflow/operators/python.py", line 216, in execute_callable
    return self.python_callable(*self.op_args, **self.op_kwargs)
TypeError: transform_data() missing 1 required positional argument: 'df'
[2025-12-17T04:49:35.258+0000] {taskinstance.py:1138} INFO - Marking task as UP_FOR_RETRY. dag_id=etl_***, task_id=transform, execution_date=20240717T000000, start_date=20251217T044934, end_date=20251217T044935
[2025-12-17T04:49:35.282+0000] {standard_task_runner.py:107} ERROR - Failed to execute job 807 for task transform (transform_data() missing 1 required positional argument: 'df'; 2887)
[2025-12-17T04:49:35.320+0000] {local_task_job_runner.py:234} INFO - Task exited with return code 1
[2025-12-17T04:49:35.348+0000] {taskinstance.py:3280} INFO - 0 downstream tasks scheduled from follow-on schedule check
[2025-12-17T07:43:18.750+0000] {taskinstance.py:1956} INFO - Dependencies all met for dep_context=non-requeueable deps ti=<TaskInstance: etl_airflow.transform scheduled__2024-07-17T00:00:00+00:00 [queued]>
[2025-12-17T07:43:18.773+0000] {taskinstance.py:1956} INFO - Dependencies all met for dep_context=requeueable deps ti=<TaskInstance: etl_airflow.transform scheduled__2024-07-17T00:00:00+00:00 [queued]>
[2025-12-17T07:43:18.775+0000] {taskinstance.py:2170} INFO - Starting attempt 2 of 3
[2025-12-17T07:43:18.804+0000] {taskinstance.py:2191} INFO - Executing <Task(PythonOperator): transform> on 2024-07-17 00:00:00+00:00
[2025-12-17T07:43:18.817+0000] {standard_task_runner.py:60} INFO - Started process 2958 to run task
[2025-12-17T07:43:18.828+0000] {standard_task_runner.py:87} INFO - Running: ['***', 'tasks', 'run', 'etl_***', 'transform', 'scheduled__2024-07-17T00:00:00+00:00', '--job-id', '810', '--raw', '--subdir', 'DAGS_FOLDER/etl_***.py', '--cfg-path', '/tmp/tmpj54_m397']
[2025-12-17T07:43:18.839+0000] {standard_task_runner.py:88} INFO - Job 810: Subtask transform
[2025-12-17T07:43:19.042+0000] {task_command.py:423} INFO - Running <TaskInstance: etl_airflow.transform scheduled__2024-07-17T00:00:00+00:00 [running]> on host 2a0de06c8905
[2025-12-17T07:43:19.547+0000] {taskinstance.py:2480} INFO - Exporting env vars: AIRFLOW_CTX_DAG_OWNER='***' AIRFLOW_CTX_DAG_ID='etl_***' AIRFLOW_CTX_TASK_ID='transform' AIRFLOW_CTX_EXECUTION_DATE='2024-07-17T00:00:00+00:00' AIRFLOW_CTX_TRY_NUMBER='2' AIRFLOW_CTX_DAG_RUN_ID='scheduled__2024-07-17T00:00:00+00:00'
[2025-12-17T07:43:19.550+0000] {taskinstance.py:2698} ERROR - Task failed with exception
Traceback (most recent call last):
  File "/home/airflow/.local/lib/python3.8/site-packages/airflow/models/taskinstance.py", line 433, in _execute_task
    result = execute_callable(context=context, **execute_callable_kwargs)
  File "/home/airflow/.local/lib/python3.8/site-packages/airflow/operators/python.py", line 199, in execute
    return_value = self.execute_callable()
  File "/home/airflow/.local/lib/python3.8/site-packages/airflow/operators/python.py", line 216, in execute_callable
    return self.python_callable(*self.op_args, **self.op_kwargs)
TypeError: transform_data() missing 1 required positional argument: 'df'
[2025-12-17T07:43:19.565+0000] {taskinstance.py:1138} INFO - Marking task as UP_FOR_RETRY. dag_id=etl_***, task_id=transform, execution_date=20240717T000000, start_date=20251217T074318, end_date=20251217T074319
[2025-12-17T07:43:19.598+0000] {standard_task_runner.py:107} ERROR - Failed to execute job 810 for task transform (transform_data() missing 1 required positional argument: 'df'; 2958)
[2025-12-17T07:43:19.648+0000] {local_task_job_runner.py:234} INFO - Task exited with return code 1
[2025-12-17T07:43:20.025+0000] {taskinstance.py:3280} INFO - 0 downstream tasks scheduled from follow-on schedule check
