[2025-12-16T16:43:16.422+0000] {taskinstance.py:1956} INFO - Dependencies all met for dep_context=non-requeueable deps ti=<TaskInstance: etl_airflow.extract scheduled__2024-12-15T00:00:00+00:00 [queued]>
[2025-12-16T16:43:16.441+0000] {taskinstance.py:1956} INFO - Dependencies all met for dep_context=requeueable deps ti=<TaskInstance: etl_airflow.extract scheduled__2024-12-15T00:00:00+00:00 [queued]>
[2025-12-16T16:43:16.444+0000] {taskinstance.py:2170} INFO - Starting attempt 1 of 3
[2025-12-16T16:43:16.470+0000] {taskinstance.py:2191} INFO - Executing <Task(PythonOperator): extract> on 2024-12-15 00:00:00+00:00
[2025-12-16T16:43:16.480+0000] {standard_task_runner.py:60} INFO - Started process 783 to run task
[2025-12-16T16:43:16.487+0000] {standard_task_runner.py:87} INFO - Running: ['***', 'tasks', 'run', 'etl_***', 'extract', 'scheduled__2024-12-15T00:00:00+00:00', '--job-id', '1058', '--raw', '--subdir', 'DAGS_FOLDER/etl_dag.py', '--cfg-path', '/tmp/tmprw21znmu']
[2025-12-16T16:43:16.492+0000] {standard_task_runner.py:88} INFO - Job 1058: Subtask extract
[2025-12-16T16:43:16.646+0000] {task_command.py:423} INFO - Running <TaskInstance: etl_airflow.extract scheduled__2024-12-15T00:00:00+00:00 [running]> on host db658e834d9d
[2025-12-16T16:43:16.806+0000] {taskinstance.py:2480} INFO - Exporting env vars: AIRFLOW_CTX_DAG_OWNER='***' AIRFLOW_CTX_DAG_ID='etl_***' AIRFLOW_CTX_TASK_ID='extract' AIRFLOW_CTX_EXECUTION_DATE='2024-12-15T00:00:00+00:00' AIRFLOW_CTX_TRY_NUMBER='1' AIRFLOW_CTX_DAG_RUN_ID='scheduled__2024-12-15T00:00:00+00:00'
[2025-12-16T16:43:16.810+0000] {logging_mixin.py:188} INFO - Extracting data from /opt/***/data/input.csv
[2025-12-16T16:43:16.817+0000] {taskinstance.py:2698} ERROR - Task failed with exception
Traceback (most recent call last):
  File "/home/airflow/.local/lib/python3.8/site-packages/airflow/models/taskinstance.py", line 433, in _execute_task
    result = execute_callable(context=context, **execute_callable_kwargs)
  File "/home/airflow/.local/lib/python3.8/site-packages/airflow/operators/python.py", line 199, in execute
    return_value = self.execute_callable()
  File "/home/airflow/.local/lib/python3.8/site-packages/airflow/operators/python.py", line 216, in execute_callable
    return self.python_callable(*self.op_args, **self.op_kwargs)
  File "/opt/airflow/etl_logic/pipeline.py", line 97, in extract_data
    df = pd.read_csv(input_path)
  File "/home/airflow/.local/lib/python3.8/site-packages/pandas/io/parsers/readers.py", line 912, in read_csv
    return _read(filepath_or_buffer, kwds)
  File "/home/airflow/.local/lib/python3.8/site-packages/pandas/io/parsers/readers.py", line 577, in _read
    parser = TextFileReader(filepath_or_buffer, **kwds)
  File "/home/airflow/.local/lib/python3.8/site-packages/pandas/io/parsers/readers.py", line 1407, in __init__
    self._engine = self._make_engine(f, self.engine)
  File "/home/airflow/.local/lib/python3.8/site-packages/pandas/io/parsers/readers.py", line 1661, in _make_engine
    self.handles = get_handle(
  File "/home/airflow/.local/lib/python3.8/site-packages/pandas/io/common.py", line 859, in get_handle
    handle = open(
FileNotFoundError: [Errno 2] No such file or directory: '/opt/airflow/data/input.csv'
[2025-12-16T16:43:16.848+0000] {taskinstance.py:1138} INFO - Marking task as UP_FOR_RETRY. dag_id=etl_***, task_id=extract, execution_date=20241215T000000, start_date=20251216T164316, end_date=20251216T164316
[2025-12-16T16:43:16.872+0000] {standard_task_runner.py:107} ERROR - Failed to execute job 1058 for task extract ([Errno 2] No such file or directory: '/opt/airflow/data/input.csv'; 783)
[2025-12-16T16:43:16.905+0000] {local_task_job_runner.py:234} INFO - Task exited with return code 1
[2025-12-16T16:43:16.944+0000] {taskinstance.py:3280} INFO - 0 downstream tasks scheduled from follow-on schedule check
[2025-12-17T01:56:12.417+0000] {taskinstance.py:1956} INFO - Dependencies all met for dep_context=non-requeueable deps ti=<TaskInstance: etl_airflow.extract scheduled__2024-12-15T00:00:00+00:00 [queued]>
[2025-12-17T01:56:12.438+0000] {taskinstance.py:1956} INFO - Dependencies all met for dep_context=requeueable deps ti=<TaskInstance: etl_airflow.extract scheduled__2024-12-15T00:00:00+00:00 [queued]>
[2025-12-17T01:56:12.439+0000] {taskinstance.py:2170} INFO - Starting attempt 1 of 3
[2025-12-17T01:56:12.473+0000] {taskinstance.py:2191} INFO - Executing <Task(PythonOperator): extract> on 2024-12-15 00:00:00+00:00
[2025-12-17T01:56:12.486+0000] {standard_task_runner.py:60} INFO - Started process 3545 to run task
[2025-12-17T01:56:12.498+0000] {standard_task_runner.py:87} INFO - Running: ['***', 'tasks', 'run', 'etl_***', 'extract', 'scheduled__2024-12-15T00:00:00+00:00', '--job-id', '1047', '--raw', '--subdir', 'DAGS_FOLDER/etl_dag.py', '--cfg-path', '/tmp/tmphkotmsov']
[2025-12-17T01:56:12.502+0000] {standard_task_runner.py:88} INFO - Job 1047: Subtask extract
[2025-12-17T01:56:12.654+0000] {task_command.py:423} INFO - Running <TaskInstance: etl_airflow.extract scheduled__2024-12-15T00:00:00+00:00 [running]> on host 571e042550da
[2025-12-17T01:56:13.235+0000] {taskinstance.py:2480} INFO - Exporting env vars: AIRFLOW_CTX_DAG_OWNER='***' AIRFLOW_CTX_DAG_ID='etl_***' AIRFLOW_CTX_TASK_ID='extract' AIRFLOW_CTX_EXECUTION_DATE='2024-12-15T00:00:00+00:00' AIRFLOW_CTX_TRY_NUMBER='1' AIRFLOW_CTX_DAG_RUN_ID='scheduled__2024-12-15T00:00:00+00:00'
[2025-12-17T01:56:13.241+0000] {logging_mixin.py:188} INFO - [EXTRACT] Reading /opt/***/data/synthetic_events.csv
[2025-12-17T01:56:13.306+0000] {logging_mixin.py:188} INFO - [EXTRACT] done
[2025-12-17T01:56:13.309+0000] {python.py:201} INFO - Done. Returned value was: None
[2025-12-17T01:56:13.335+0000] {taskinstance.py:1138} INFO - Marking task as SUCCESS. dag_id=etl_***, task_id=extract, execution_date=20241215T000000, start_date=20251217T015612, end_date=20251217T015613
[2025-12-17T01:56:13.407+0000] {local_task_job_runner.py:234} INFO - Task exited with return code 0
[2025-12-17T01:56:13.695+0000] {taskinstance.py:3280} INFO - 0 downstream tasks scheduled from follow-on schedule check
[2025-12-17T04:54:41.369+0000] {taskinstance.py:1956} INFO - Dependencies all met for dep_context=non-requeueable deps ti=<TaskInstance: etl_airflow.extract scheduled__2024-12-15T00:00:00+00:00 [queued]>
[2025-12-17T04:54:41.385+0000] {taskinstance.py:1956} INFO - Dependencies all met for dep_context=requeueable deps ti=<TaskInstance: etl_airflow.extract scheduled__2024-12-15T00:00:00+00:00 [queued]>
[2025-12-17T04:54:41.386+0000] {taskinstance.py:2170} INFO - Starting attempt 1 of 3
[2025-12-17T04:54:41.411+0000] {taskinstance.py:2191} INFO - Executing <Task(PythonOperator): extract> on 2024-12-15 00:00:00+00:00
[2025-12-17T04:54:41.420+0000] {standard_task_runner.py:60} INFO - Started process 4730 to run task
[2025-12-17T04:54:41.428+0000] {standard_task_runner.py:87} INFO - Running: ['***', 'tasks', 'run', 'etl_***', 'extract', 'scheduled__2024-12-15T00:00:00+00:00', '--job-id', '1366', '--raw', '--subdir', 'DAGS_FOLDER/etl_***.py', '--cfg-path', '/tmp/tmpy0wkkzu1']
[2025-12-17T04:54:41.433+0000] {standard_task_runner.py:88} INFO - Job 1366: Subtask extract
[2025-12-17T04:54:41.582+0000] {task_command.py:423} INFO - Running <TaskInstance: etl_airflow.extract scheduled__2024-12-15T00:00:00+00:00 [running]> on host b3426f05ac70
[2025-12-17T04:54:42.023+0000] {taskinstance.py:2480} INFO - Exporting env vars: AIRFLOW_CTX_DAG_OWNER='***' AIRFLOW_CTX_DAG_ID='etl_***' AIRFLOW_CTX_TASK_ID='extract' AIRFLOW_CTX_EXECUTION_DATE='2024-12-15T00:00:00+00:00' AIRFLOW_CTX_TRY_NUMBER='1' AIRFLOW_CTX_DAG_RUN_ID='scheduled__2024-12-15T00:00:00+00:00'
[2025-12-17T04:54:42.048+0000] {python.py:201} INFO - Done. Returned value was:    user_id event_type           timestamp country
0        1      login 2025-01-01 09:00:00      IN
1        1      click 2025-01-01 09:05:00      IN
2        1     logout 2025-01-01 09:15:00      IN
3        2      login 2025-01-01 10:00:00      US
4        2      click 2025-01-01 10:10:00      US
5        2     logout 2025-01-01 10:20:00      US
6        3      login 2025-01-02 08:00:00      FR
7        3      click 2025-01-02 08:05:00      FR
8        3     logout 2025-01-02 08:30:00      FR
[2025-12-17T04:54:42.114+0000] {taskinstance.py:1138} INFO - Marking task as SUCCESS. dag_id=etl_***, task_id=extract, execution_date=20241215T000000, start_date=20251217T045441, end_date=20251217T045442
[2025-12-17T04:54:42.215+0000] {local_task_job_runner.py:234} INFO - Task exited with return code 0
[2025-12-17T04:54:42.409+0000] {taskinstance.py:3280} INFO - 0 downstream tasks scheduled from follow-on schedule check
[2025-12-17T08:00:30.464+0000] {taskinstance.py:1956} INFO - Dependencies all met for dep_context=non-requeueable deps ti=<TaskInstance: etl_airflow.extract scheduled__2024-12-15T00:00:00+00:00 [queued]>
[2025-12-17T08:00:30.483+0000] {taskinstance.py:1956} INFO - Dependencies all met for dep_context=requeueable deps ti=<TaskInstance: etl_airflow.extract scheduled__2024-12-15T00:00:00+00:00 [queued]>
[2025-12-17T08:00:30.484+0000] {taskinstance.py:2170} INFO - Starting attempt 1 of 3
[2025-12-17T08:00:30.517+0000] {taskinstance.py:2191} INFO - Executing <Task(PythonOperator): extract> on 2024-12-15 00:00:00+00:00
[2025-12-17T08:00:30.528+0000] {standard_task_runner.py:60} INFO - Started process 4974 to run task
[2025-12-17T08:00:30.535+0000] {standard_task_runner.py:87} INFO - Running: ['***', 'tasks', 'run', 'etl_***', 'extract', 'scheduled__2024-12-15T00:00:00+00:00', '--job-id', '1410', '--raw', '--subdir', 'DAGS_FOLDER/etl_***.py', '--cfg-path', '/tmp/tmpc9w93chn']
[2025-12-17T08:00:30.541+0000] {standard_task_runner.py:88} INFO - Job 1410: Subtask extract
[2025-12-17T08:00:30.694+0000] {task_command.py:423} INFO - Running <TaskInstance: etl_airflow.extract scheduled__2024-12-15T00:00:00+00:00 [running]> on host 2a0de06c8905
[2025-12-17T08:00:31.366+0000] {taskinstance.py:2480} INFO - Exporting env vars: AIRFLOW_CTX_DAG_OWNER='***' AIRFLOW_CTX_DAG_ID='etl_***' AIRFLOW_CTX_TASK_ID='extract' AIRFLOW_CTX_EXECUTION_DATE='2024-12-15T00:00:00+00:00' AIRFLOW_CTX_TRY_NUMBER='1' AIRFLOW_CTX_DAG_RUN_ID='scheduled__2024-12-15T00:00:00+00:00'
[2025-12-17T08:00:31.404+0000] {python.py:201} INFO - Done. Returned value was:    user_id event_type           timestamp country
0        1      login 2025-01-01 09:00:00      IN
1        1      click 2025-01-01 09:05:00      IN
2        1     logout 2025-01-01 09:15:00      IN
3        2      login 2025-01-01 10:00:00      US
4        2      click 2025-01-01 10:10:00      US
5        2     logout 2025-01-01 10:20:00      US
6        3      login 2025-01-02 08:00:00      FR
7        3      click 2025-01-02 08:05:00      FR
8        3     logout 2025-01-02 08:30:00      FR
[2025-12-17T08:00:31.510+0000] {taskinstance.py:1138} INFO - Marking task as SUCCESS. dag_id=etl_***, task_id=extract, execution_date=20241215T000000, start_date=20251217T080030, end_date=20251217T080031
[2025-12-17T08:00:31.652+0000] {local_task_job_runner.py:234} INFO - Task exited with return code 0
[2025-12-17T08:00:31.713+0000] {taskinstance.py:3280} INFO - 1 downstream tasks scheduled from follow-on schedule check
