[2025-12-16T17:10:25.570+0000] {taskinstance.py:1956} INFO - Dependencies all met for dep_context=non-requeueable deps ti=<TaskInstance: etl_airflow.load scheduled__2024-02-14T00:00:00+00:00 [queued]>
[2025-12-16T17:10:25.609+0000] {taskinstance.py:1956} INFO - Dependencies all met for dep_context=requeueable deps ti=<TaskInstance: etl_airflow.load scheduled__2024-02-14T00:00:00+00:00 [queued]>
[2025-12-16T17:10:25.616+0000] {taskinstance.py:2170} INFO - Starting attempt 1 of 3
[2025-12-16T17:10:25.654+0000] {taskinstance.py:2191} INFO - Executing <Task(PythonOperator): load> on 2024-02-14 00:00:00+00:00
[2025-12-16T17:10:25.669+0000] {standard_task_runner.py:60} INFO - Started process 790 to run task
[2025-12-16T17:10:25.685+0000] {standard_task_runner.py:87} INFO - Running: ['***', 'tasks', 'run', 'etl_***', 'load', 'scheduled__2024-02-14T00:00:00+00:00', '--job-id', '3749', '--raw', '--subdir', 'DAGS_FOLDER/etl_dag.py', '--cfg-path', '/tmp/tmpn3drwfq7']
[2025-12-16T17:10:25.709+0000] {standard_task_runner.py:88} INFO - Job 3749: Subtask load
[2025-12-16T17:10:25.978+0000] {task_command.py:423} INFO - Running <TaskInstance: etl_airflow.load scheduled__2024-02-14T00:00:00+00:00 [running]> on host 3b89cfee50e9
[2025-12-16T17:10:26.612+0000] {taskinstance.py:2480} INFO - Exporting env vars: AIRFLOW_CTX_DAG_OWNER='***' AIRFLOW_CTX_DAG_ID='etl_***' AIRFLOW_CTX_TASK_ID='load' AIRFLOW_CTX_EXECUTION_DATE='2024-02-14T00:00:00+00:00' AIRFLOW_CTX_TRY_NUMBER='1' AIRFLOW_CTX_DAG_RUN_ID='scheduled__2024-02-14T00:00:00+00:00'
[2025-12-16T17:10:26.629+0000] {logging_mixin.py:188} INFO - [LOAD]
[2025-12-16T17:10:27.111+0000] {logging_mixin.py:188} INFO -    user_id event_type            timestamp country
0        1      login  2025-01-01T09:00:00      IN
1        1      click  2025-01-01T09:05:00      IN
2        1     logout  2025-01-01T09:15:00      IN
3        3      login  2025-01-02T08:00:00      FR
4        3      click  2025-01-02T08:05:00      FR
[2025-12-16T17:10:27.113+0000] {logging_mixin.py:188} INFO - [LOAD] done
[2025-12-16T17:10:27.114+0000] {python.py:201} INFO - Done. Returned value was: None
[2025-12-16T17:10:27.143+0000] {taskinstance.py:1138} INFO - Marking task as SUCCESS. dag_id=etl_***, task_id=load, execution_date=20240214T000000, start_date=20251216T171025, end_date=20251216T171027
[2025-12-16T17:10:27.265+0000] {local_task_job_runner.py:234} INFO - Task exited with return code 0
[2025-12-16T17:10:27.514+0000] {taskinstance.py:3280} INFO - 0 downstream tasks scheduled from follow-on schedule check
[2025-12-17T01:50:50.875+0000] {taskinstance.py:1956} INFO - Dependencies all met for dep_context=non-requeueable deps ti=<TaskInstance: etl_airflow.load scheduled__2024-02-14T00:00:00+00:00 [queued]>
[2025-12-17T01:50:50.897+0000] {taskinstance.py:1956} INFO - Dependencies all met for dep_context=requeueable deps ti=<TaskInstance: etl_airflow.load scheduled__2024-02-14T00:00:00+00:00 [queued]>
[2025-12-17T01:50:50.898+0000] {taskinstance.py:2170} INFO - Starting attempt 1 of 3
[2025-12-17T01:50:50.939+0000] {taskinstance.py:2191} INFO - Executing <Task(PythonOperator): load> on 2024-02-14 00:00:00+00:00
[2025-12-17T01:50:50.952+0000] {standard_task_runner.py:60} INFO - Started process 676 to run task
[2025-12-17T01:50:50.958+0000] {standard_task_runner.py:87} INFO - Running: ['***', 'tasks', 'run', 'etl_***', 'load', 'scheduled__2024-02-14T00:00:00+00:00', '--job-id', '151', '--raw', '--subdir', 'DAGS_FOLDER/etl_dag.py', '--cfg-path', '/tmp/tmp64nmrzuj']
[2025-12-17T01:50:50.963+0000] {standard_task_runner.py:88} INFO - Job 151: Subtask load
[2025-12-17T01:50:51.132+0000] {task_command.py:423} INFO - Running <TaskInstance: etl_airflow.load scheduled__2024-02-14T00:00:00+00:00 [running]> on host 571e042550da
[2025-12-17T01:50:51.795+0000] {taskinstance.py:2480} INFO - Exporting env vars: AIRFLOW_CTX_DAG_OWNER='***' AIRFLOW_CTX_DAG_ID='etl_***' AIRFLOW_CTX_TASK_ID='load' AIRFLOW_CTX_EXECUTION_DATE='2024-02-14T00:00:00+00:00' AIRFLOW_CTX_TRY_NUMBER='1' AIRFLOW_CTX_DAG_RUN_ID='scheduled__2024-02-14T00:00:00+00:00'
[2025-12-17T01:50:51.798+0000] {logging_mixin.py:188} INFO - [LOAD]
[2025-12-17T01:50:51.847+0000] {logging_mixin.py:188} INFO -    user_id event_type            timestamp country
0        1      login  2025-01-01T09:00:00      IN
1        1      click  2025-01-01T09:05:00      IN
2        1     logout  2025-01-01T09:15:00      IN
3        3      login  2025-01-02T08:00:00      FR
4        3      click  2025-01-02T08:05:00      FR
[2025-12-17T01:50:51.850+0000] {logging_mixin.py:188} INFO - [LOAD] done
[2025-12-17T01:50:51.851+0000] {python.py:201} INFO - Done. Returned value was: None
[2025-12-17T01:50:51.875+0000] {taskinstance.py:1138} INFO - Marking task as SUCCESS. dag_id=etl_***, task_id=load, execution_date=20240214T000000, start_date=20251217T015050, end_date=20251217T015051
[2025-12-17T01:50:51.947+0000] {local_task_job_runner.py:234} INFO - Task exited with return code 0
[2025-12-17T01:50:52.059+0000] {taskinstance.py:3280} INFO - 0 downstream tasks scheduled from follow-on schedule check
