[2025-12-16T17:14:33.344+0000] {taskinstance.py:1956} INFO - Dependencies all met for dep_context=non-requeueable deps ti=<TaskInstance: etl_airflow.load scheduled__2024-10-14T00:00:00+00:00 [queued]>
[2025-12-16T17:14:33.394+0000] {taskinstance.py:1956} INFO - Dependencies all met for dep_context=requeueable deps ti=<TaskInstance: etl_airflow.load scheduled__2024-10-14T00:00:00+00:00 [queued]>
[2025-12-16T17:14:33.403+0000] {taskinstance.py:2170} INFO - Starting attempt 1 of 3
[2025-12-16T17:14:33.452+0000] {taskinstance.py:2191} INFO - Executing <Task(PythonOperator): load> on 2024-10-14 00:00:00+00:00
[2025-12-16T17:14:33.485+0000] {standard_task_runner.py:60} INFO - Started process 1350 to run task
[2025-12-16T17:14:33.498+0000] {standard_task_runner.py:87} INFO - Running: ['***', 'tasks', 'run', 'etl_***', 'load', 'scheduled__2024-10-14T00:00:00+00:00', '--job-id', '4504', '--raw', '--subdir', 'DAGS_FOLDER/etl_dag.py', '--cfg-path', '/tmp/tmp4ljurpys']
[2025-12-16T17:14:33.505+0000] {standard_task_runner.py:88} INFO - Job 4504: Subtask load
[2025-12-16T17:14:33.727+0000] {task_command.py:423} INFO - Running <TaskInstance: etl_airflow.load scheduled__2024-10-14T00:00:00+00:00 [running]> on host 3b89cfee50e9
[2025-12-16T17:14:34.061+0000] {taskinstance.py:2480} INFO - Exporting env vars: AIRFLOW_CTX_DAG_OWNER='***' AIRFLOW_CTX_DAG_ID='etl_***' AIRFLOW_CTX_TASK_ID='load' AIRFLOW_CTX_EXECUTION_DATE='2024-10-14T00:00:00+00:00' AIRFLOW_CTX_TRY_NUMBER='1' AIRFLOW_CTX_DAG_RUN_ID='scheduled__2024-10-14T00:00:00+00:00'
[2025-12-16T17:14:34.068+0000] {logging_mixin.py:188} INFO - [LOAD]
[2025-12-16T17:14:34.438+0000] {logging_mixin.py:188} INFO -    user_id event_type            timestamp country
0        1      login  2025-01-01T09:00:00      IN
1        1      click  2025-01-01T09:05:00      IN
2        1     logout  2025-01-01T09:15:00      IN
3        3      login  2025-01-02T08:00:00      FR
4        3      click  2025-01-02T08:05:00      FR
[2025-12-16T17:14:34.439+0000] {logging_mixin.py:188} INFO - [LOAD] done
[2025-12-16T17:14:34.441+0000] {python.py:201} INFO - Done. Returned value was: None
[2025-12-16T17:14:34.489+0000] {taskinstance.py:1138} INFO - Marking task as SUCCESS. dag_id=etl_***, task_id=load, execution_date=20241014T000000, start_date=20251216T171433, end_date=20251216T171434
[2025-12-16T17:14:34.662+0000] {local_task_job_runner.py:234} INFO - Task exited with return code 0
[2025-12-16T17:14:34.893+0000] {taskinstance.py:3280} INFO - 0 downstream tasks scheduled from follow-on schedule check
[2025-12-17T01:55:18.021+0000] {taskinstance.py:1956} INFO - Dependencies all met for dep_context=non-requeueable deps ti=<TaskInstance: etl_airflow.load scheduled__2024-10-14T00:00:00+00:00 [queued]>
[2025-12-17T01:55:18.047+0000] {taskinstance.py:1956} INFO - Dependencies all met for dep_context=requeueable deps ti=<TaskInstance: etl_airflow.load scheduled__2024-10-14T00:00:00+00:00 [queued]>
[2025-12-17T01:55:18.050+0000] {taskinstance.py:2170} INFO - Starting attempt 1 of 3
[2025-12-17T01:55:18.079+0000] {taskinstance.py:2191} INFO - Executing <Task(PythonOperator): load> on 2024-10-14 00:00:00+00:00
[2025-12-17T01:55:18.096+0000] {standard_task_runner.py:60} INFO - Started process 3040 to run task
[2025-12-17T01:55:18.109+0000] {standard_task_runner.py:87} INFO - Running: ['***', 'tasks', 'run', 'etl_***', 'load', 'scheduled__2024-10-14T00:00:00+00:00', '--job-id', '892', '--raw', '--subdir', 'DAGS_FOLDER/etl_dag.py', '--cfg-path', '/tmp/tmpflj2xn3x']
[2025-12-17T01:55:18.114+0000] {standard_task_runner.py:88} INFO - Job 892: Subtask load
[2025-12-17T01:55:18.267+0000] {task_command.py:423} INFO - Running <TaskInstance: etl_airflow.load scheduled__2024-10-14T00:00:00+00:00 [running]> on host 571e042550da
[2025-12-17T01:55:18.740+0000] {taskinstance.py:2480} INFO - Exporting env vars: AIRFLOW_CTX_DAG_OWNER='***' AIRFLOW_CTX_DAG_ID='etl_***' AIRFLOW_CTX_TASK_ID='load' AIRFLOW_CTX_EXECUTION_DATE='2024-10-14T00:00:00+00:00' AIRFLOW_CTX_TRY_NUMBER='1' AIRFLOW_CTX_DAG_RUN_ID='scheduled__2024-10-14T00:00:00+00:00'
[2025-12-17T01:55:18.743+0000] {logging_mixin.py:188} INFO - [LOAD]
[2025-12-17T01:55:18.779+0000] {logging_mixin.py:188} INFO -    user_id event_type            timestamp country
0        1      login  2025-01-01T09:00:00      IN
1        1      click  2025-01-01T09:05:00      IN
2        1     logout  2025-01-01T09:15:00      IN
3        3      login  2025-01-02T08:00:00      FR
4        3      click  2025-01-02T08:05:00      FR
[2025-12-17T01:55:18.781+0000] {logging_mixin.py:188} INFO - [LOAD] done
[2025-12-17T01:55:18.784+0000] {python.py:201} INFO - Done. Returned value was: None
[2025-12-17T01:55:18.809+0000] {taskinstance.py:1138} INFO - Marking task as SUCCESS. dag_id=etl_***, task_id=load, execution_date=20241014T000000, start_date=20251217T015518, end_date=20251217T015518
[2025-12-17T01:55:18.887+0000] {local_task_job_runner.py:234} INFO - Task exited with return code 0
[2025-12-17T01:55:18.919+0000] {taskinstance.py:3280} INFO - 0 downstream tasks scheduled from follow-on schedule check
