[2025-12-16T16:46:01.883+0000] {taskinstance.py:1956} INFO - Dependencies all met for dep_context=non-requeueable deps ti=<TaskInstance: etl_airflow.extract scheduled__2025-03-13T00:00:00+00:00 [queued]>
[2025-12-16T16:46:01.903+0000] {taskinstance.py:1956} INFO - Dependencies all met for dep_context=requeueable deps ti=<TaskInstance: etl_airflow.extract scheduled__2025-03-13T00:00:00+00:00 [queued]>
[2025-12-16T16:46:01.905+0000] {taskinstance.py:2170} INFO - Starting attempt 1 of 3
[2025-12-16T16:46:01.927+0000] {taskinstance.py:2191} INFO - Executing <Task(PythonOperator): extract> on 2025-03-13 00:00:00+00:00
[2025-12-16T16:46:01.937+0000] {standard_task_runner.py:60} INFO - Started process 1614 to run task
[2025-12-16T16:46:01.942+0000] {standard_task_runner.py:87} INFO - Running: ['***', 'tasks', 'run', 'etl_***', 'extract', 'scheduled__2025-03-13T00:00:00+00:00', '--job-id', '1306', '--raw', '--subdir', 'DAGS_FOLDER/etl_dag.py', '--cfg-path', '/tmp/tmp3gplv6_7']
[2025-12-16T16:46:01.945+0000] {standard_task_runner.py:88} INFO - Job 1306: Subtask extract
[2025-12-16T16:46:02.045+0000] {task_command.py:423} INFO - Running <TaskInstance: etl_airflow.extract scheduled__2025-03-13T00:00:00+00:00 [running]> on host db658e834d9d
[2025-12-16T16:46:02.167+0000] {taskinstance.py:2480} INFO - Exporting env vars: AIRFLOW_CTX_DAG_OWNER='***' AIRFLOW_CTX_DAG_ID='etl_***' AIRFLOW_CTX_TASK_ID='extract' AIRFLOW_CTX_EXECUTION_DATE='2025-03-13T00:00:00+00:00' AIRFLOW_CTX_TRY_NUMBER='1' AIRFLOW_CTX_DAG_RUN_ID='scheduled__2025-03-13T00:00:00+00:00'
[2025-12-16T16:46:02.170+0000] {logging_mixin.py:188} INFO - Extracting data from /opt/***/data/input.csv
[2025-12-16T16:46:02.176+0000] {taskinstance.py:2698} ERROR - Task failed with exception
Traceback (most recent call last):
  File "/home/airflow/.local/lib/python3.8/site-packages/airflow/models/taskinstance.py", line 433, in _execute_task
    result = execute_callable(context=context, **execute_callable_kwargs)
  File "/home/airflow/.local/lib/python3.8/site-packages/airflow/operators/python.py", line 199, in execute
    return_value = self.execute_callable()
  File "/home/airflow/.local/lib/python3.8/site-packages/airflow/operators/python.py", line 216, in execute_callable
    return self.python_callable(*self.op_args, **self.op_kwargs)
  File "/opt/airflow/etl_logic/pipeline.py", line 97, in extract_data
    df = pd.read_csv(input_path)
  File "/home/airflow/.local/lib/python3.8/site-packages/pandas/io/parsers/readers.py", line 912, in read_csv
    return _read(filepath_or_buffer, kwds)
  File "/home/airflow/.local/lib/python3.8/site-packages/pandas/io/parsers/readers.py", line 577, in _read
    parser = TextFileReader(filepath_or_buffer, **kwds)
  File "/home/airflow/.local/lib/python3.8/site-packages/pandas/io/parsers/readers.py", line 1407, in __init__
    self._engine = self._make_engine(f, self.engine)
  File "/home/airflow/.local/lib/python3.8/site-packages/pandas/io/parsers/readers.py", line 1661, in _make_engine
    self.handles = get_handle(
  File "/home/airflow/.local/lib/python3.8/site-packages/pandas/io/common.py", line 859, in get_handle
    handle = open(
FileNotFoundError: [Errno 2] No such file or directory: '/opt/airflow/data/input.csv'
[2025-12-16T16:46:02.195+0000] {taskinstance.py:1138} INFO - Marking task as UP_FOR_RETRY. dag_id=etl_***, task_id=extract, execution_date=20250313T000000, start_date=20251216T164601, end_date=20251216T164602
[2025-12-16T16:46:02.216+0000] {standard_task_runner.py:107} ERROR - Failed to execute job 1306 for task extract ([Errno 2] No such file or directory: '/opt/airflow/data/input.csv'; 1614)
[2025-12-16T16:46:02.236+0000] {local_task_job_runner.py:234} INFO - Task exited with return code 1
[2025-12-16T16:46:02.368+0000] {taskinstance.py:3280} INFO - 0 downstream tasks scheduled from follow-on schedule check
[2025-12-17T01:57:37.033+0000] {taskinstance.py:1956} INFO - Dependencies all met for dep_context=non-requeueable deps ti=<TaskInstance: etl_airflow.extract scheduled__2025-03-13T00:00:00+00:00 [queued]>
[2025-12-17T01:57:37.071+0000] {taskinstance.py:1956} INFO - Dependencies all met for dep_context=requeueable deps ti=<TaskInstance: etl_airflow.extract scheduled__2025-03-13T00:00:00+00:00 [queued]>
[2025-12-17T01:57:37.073+0000] {taskinstance.py:2170} INFO - Starting attempt 1 of 3
[2025-12-17T01:57:37.125+0000] {taskinstance.py:2191} INFO - Executing <Task(PythonOperator): extract> on 2025-03-13 00:00:00+00:00
[2025-12-17T01:57:37.143+0000] {standard_task_runner.py:60} INFO - Started process 4387 to run task
[2025-12-17T01:57:37.169+0000] {standard_task_runner.py:87} INFO - Running: ['***', 'tasks', 'run', 'etl_***', 'extract', 'scheduled__2025-03-13T00:00:00+00:00', '--job-id', '1314', '--raw', '--subdir', 'DAGS_FOLDER/etl_dag.py', '--cfg-path', '/tmp/tmptcpvbvbx']
[2025-12-17T01:57:37.186+0000] {standard_task_runner.py:88} INFO - Job 1314: Subtask extract
[2025-12-17T01:57:37.420+0000] {task_command.py:423} INFO - Running <TaskInstance: etl_airflow.extract scheduled__2025-03-13T00:00:00+00:00 [running]> on host 571e042550da
[2025-12-17T01:57:38.184+0000] {taskinstance.py:2480} INFO - Exporting env vars: AIRFLOW_CTX_DAG_OWNER='***' AIRFLOW_CTX_DAG_ID='etl_***' AIRFLOW_CTX_TASK_ID='extract' AIRFLOW_CTX_EXECUTION_DATE='2025-03-13T00:00:00+00:00' AIRFLOW_CTX_TRY_NUMBER='1' AIRFLOW_CTX_DAG_RUN_ID='scheduled__2025-03-13T00:00:00+00:00'
[2025-12-17T01:57:38.198+0000] {logging_mixin.py:188} INFO - [EXTRACT] Reading /opt/***/data/synthetic_events.csv
[2025-12-17T01:57:38.295+0000] {logging_mixin.py:188} INFO - [EXTRACT] done
[2025-12-17T01:57:38.298+0000] {python.py:201} INFO - Done. Returned value was: None
[2025-12-17T01:57:38.332+0000] {taskinstance.py:1138} INFO - Marking task as SUCCESS. dag_id=etl_***, task_id=extract, execution_date=20250313T000000, start_date=20251217T015737, end_date=20251217T015738
[2025-12-17T01:57:38.952+0000] {local_task_job_runner.py:234} INFO - Task exited with return code 0
[2025-12-17T01:57:39.164+0000] {taskinstance.py:3280} INFO - 1 downstream tasks scheduled from follow-on schedule check
[2025-12-17T04:58:04.673+0000] {taskinstance.py:1956} INFO - Dependencies all met for dep_context=non-requeueable deps ti=<TaskInstance: etl_airflow.extract scheduled__2025-03-13T00:00:00+00:00 [queued]>
[2025-12-17T04:58:04.686+0000] {taskinstance.py:1956} INFO - Dependencies all met for dep_context=requeueable deps ti=<TaskInstance: etl_airflow.extract scheduled__2025-03-13T00:00:00+00:00 [queued]>
[2025-12-17T04:58:04.688+0000] {taskinstance.py:2170} INFO - Starting attempt 1 of 3
[2025-12-17T04:58:04.736+0000] {taskinstance.py:2191} INFO - Executing <Task(PythonOperator): extract> on 2025-03-13 00:00:00+00:00
[2025-12-17T04:58:04.745+0000] {standard_task_runner.py:60} INFO - Started process 5945 to run task
[2025-12-17T04:58:04.750+0000] {standard_task_runner.py:87} INFO - Running: ['***', 'tasks', 'run', 'etl_***', 'extract', 'scheduled__2025-03-13T00:00:00+00:00', '--job-id', '1736', '--raw', '--subdir', 'DAGS_FOLDER/etl_***.py', '--cfg-path', '/tmp/tmpllkqj4fx']
[2025-12-17T04:58:04.754+0000] {standard_task_runner.py:88} INFO - Job 1736: Subtask extract
[2025-12-17T04:58:04.865+0000] {task_command.py:423} INFO - Running <TaskInstance: etl_airflow.extract scheduled__2025-03-13T00:00:00+00:00 [running]> on host b3426f05ac70
[2025-12-17T04:58:05.233+0000] {taskinstance.py:2480} INFO - Exporting env vars: AIRFLOW_CTX_DAG_OWNER='***' AIRFLOW_CTX_DAG_ID='etl_***' AIRFLOW_CTX_TASK_ID='extract' AIRFLOW_CTX_EXECUTION_DATE='2025-03-13T00:00:00+00:00' AIRFLOW_CTX_TRY_NUMBER='1' AIRFLOW_CTX_DAG_RUN_ID='scheduled__2025-03-13T00:00:00+00:00'
[2025-12-17T04:58:05.335+0000] {python.py:201} INFO - Done. Returned value was:    user_id event_type           timestamp country
0        1      login 2025-01-01 09:00:00      IN
1        1      click 2025-01-01 09:05:00      IN
2        1     logout 2025-01-01 09:15:00      IN
3        2      login 2025-01-01 10:00:00      US
4        2      click 2025-01-01 10:10:00      US
5        2     logout 2025-01-01 10:20:00      US
6        3      login 2025-01-02 08:00:00      FR
7        3      click 2025-01-02 08:05:00      FR
8        3     logout 2025-01-02 08:30:00      FR
[2025-12-17T04:58:05.416+0000] {taskinstance.py:1138} INFO - Marking task as SUCCESS. dag_id=etl_***, task_id=extract, execution_date=20250313T000000, start_date=20251217T045804, end_date=20251217T045805
[2025-12-17T04:58:05.610+0000] {local_task_job_runner.py:234} INFO - Task exited with return code 0
[2025-12-17T04:58:05.675+0000] {taskinstance.py:3280} INFO - 1 downstream tasks scheduled from follow-on schedule check
