[2025-12-16T16:41:35.711+0000] {taskinstance.py:1956} INFO - Dependencies all met for dep_context=non-requeueable deps ti=<TaskInstance: etl_airflow.extract scheduled__2024-11-04T00:00:00+00:00 [queued]>
[2025-12-16T16:41:35.737+0000] {taskinstance.py:1956} INFO - Dependencies all met for dep_context=requeueable deps ti=<TaskInstance: etl_airflow.extract scheduled__2024-11-04T00:00:00+00:00 [queued]>
[2025-12-16T16:41:35.739+0000] {taskinstance.py:2170} INFO - Starting attempt 1 of 3
[2025-12-16T16:41:35.812+0000] {taskinstance.py:2191} INFO - Executing <Task(PythonOperator): extract> on 2024-11-04 00:00:00+00:00
[2025-12-16T16:41:35.825+0000] {standard_task_runner.py:60} INFO - Started process 314 to run task
[2025-12-16T16:41:35.831+0000] {standard_task_runner.py:87} INFO - Running: ['***', 'tasks', 'run', 'etl_***', 'extract', 'scheduled__2024-11-04T00:00:00+00:00', '--job-id', '920', '--raw', '--subdir', 'DAGS_FOLDER/etl_dag.py', '--cfg-path', '/tmp/tmpcjelma9p']
[2025-12-16T16:41:35.838+0000] {standard_task_runner.py:88} INFO - Job 920: Subtask extract
[2025-12-16T16:41:35.996+0000] {task_command.py:423} INFO - Running <TaskInstance: etl_airflow.extract scheduled__2024-11-04T00:00:00+00:00 [running]> on host db658e834d9d
[2025-12-16T16:41:36.195+0000] {taskinstance.py:2480} INFO - Exporting env vars: AIRFLOW_CTX_DAG_OWNER='***' AIRFLOW_CTX_DAG_ID='etl_***' AIRFLOW_CTX_TASK_ID='extract' AIRFLOW_CTX_EXECUTION_DATE='2024-11-04T00:00:00+00:00' AIRFLOW_CTX_TRY_NUMBER='1' AIRFLOW_CTX_DAG_RUN_ID='scheduled__2024-11-04T00:00:00+00:00'
[2025-12-16T16:41:36.199+0000] {logging_mixin.py:188} INFO - Extracting data from /opt/***/data/input.csv
[2025-12-16T16:41:36.207+0000] {taskinstance.py:2698} ERROR - Task failed with exception
Traceback (most recent call last):
  File "/home/airflow/.local/lib/python3.8/site-packages/airflow/models/taskinstance.py", line 433, in _execute_task
    result = execute_callable(context=context, **execute_callable_kwargs)
  File "/home/airflow/.local/lib/python3.8/site-packages/airflow/operators/python.py", line 199, in execute
    return_value = self.execute_callable()
  File "/home/airflow/.local/lib/python3.8/site-packages/airflow/operators/python.py", line 216, in execute_callable
    return self.python_callable(*self.op_args, **self.op_kwargs)
  File "/opt/airflow/etl_logic/pipeline.py", line 97, in extract_data
    df = pd.read_csv(input_path)
  File "/home/airflow/.local/lib/python3.8/site-packages/pandas/io/parsers/readers.py", line 912, in read_csv
    return _read(filepath_or_buffer, kwds)
  File "/home/airflow/.local/lib/python3.8/site-packages/pandas/io/parsers/readers.py", line 577, in _read
    parser = TextFileReader(filepath_or_buffer, **kwds)
  File "/home/airflow/.local/lib/python3.8/site-packages/pandas/io/parsers/readers.py", line 1407, in __init__
    self._engine = self._make_engine(f, self.engine)
  File "/home/airflow/.local/lib/python3.8/site-packages/pandas/io/parsers/readers.py", line 1661, in _make_engine
    self.handles = get_handle(
  File "/home/airflow/.local/lib/python3.8/site-packages/pandas/io/common.py", line 859, in get_handle
    handle = open(
FileNotFoundError: [Errno 2] No such file or directory: '/opt/airflow/data/input.csv'
[2025-12-16T16:41:36.244+0000] {taskinstance.py:1138} INFO - Marking task as UP_FOR_RETRY. dag_id=etl_***, task_id=extract, execution_date=20241104T000000, start_date=20251216T164135, end_date=20251216T164136
[2025-12-16T16:41:36.278+0000] {standard_task_runner.py:107} ERROR - Failed to execute job 920 for task extract ([Errno 2] No such file or directory: '/opt/airflow/data/input.csv'; 314)
[2025-12-16T16:41:36.332+0000] {local_task_job_runner.py:234} INFO - Task exited with return code 1
[2025-12-16T16:41:36.617+0000] {taskinstance.py:3280} INFO - 0 downstream tasks scheduled from follow-on schedule check
[2025-12-17T01:55:39.486+0000] {taskinstance.py:1956} INFO - Dependencies all met for dep_context=non-requeueable deps ti=<TaskInstance: etl_airflow.extract scheduled__2024-11-04T00:00:00+00:00 [queued]>
[2025-12-17T01:55:39.502+0000] {taskinstance.py:1956} INFO - Dependencies all met for dep_context=requeueable deps ti=<TaskInstance: etl_airflow.extract scheduled__2024-11-04T00:00:00+00:00 [queued]>
[2025-12-17T01:55:39.504+0000] {taskinstance.py:2170} INFO - Starting attempt 1 of 3
[2025-12-17T01:55:39.531+0000] {taskinstance.py:2191} INFO - Executing <Task(PythonOperator): extract> on 2024-11-04 00:00:00+00:00
[2025-12-17T01:55:39.540+0000] {standard_task_runner.py:60} INFO - Started process 3209 to run task
[2025-12-17T01:55:39.549+0000] {standard_task_runner.py:87} INFO - Running: ['***', 'tasks', 'run', 'etl_***', 'extract', 'scheduled__2024-11-04T00:00:00+00:00', '--job-id', '943', '--raw', '--subdir', 'DAGS_FOLDER/etl_dag.py', '--cfg-path', '/tmp/tmpnhf6f38x']
[2025-12-17T01:55:39.554+0000] {standard_task_runner.py:88} INFO - Job 943: Subtask extract
[2025-12-17T01:55:39.685+0000] {task_command.py:423} INFO - Running <TaskInstance: etl_airflow.extract scheduled__2024-11-04T00:00:00+00:00 [running]> on host 571e042550da
[2025-12-17T01:55:40.106+0000] {taskinstance.py:2480} INFO - Exporting env vars: AIRFLOW_CTX_DAG_OWNER='***' AIRFLOW_CTX_DAG_ID='etl_***' AIRFLOW_CTX_TASK_ID='extract' AIRFLOW_CTX_EXECUTION_DATE='2024-11-04T00:00:00+00:00' AIRFLOW_CTX_TRY_NUMBER='1' AIRFLOW_CTX_DAG_RUN_ID='scheduled__2024-11-04T00:00:00+00:00'
[2025-12-17T01:55:40.110+0000] {logging_mixin.py:188} INFO - [EXTRACT] Reading /opt/***/data/synthetic_events.csv
[2025-12-17T01:55:40.146+0000] {logging_mixin.py:188} INFO - [EXTRACT] done
[2025-12-17T01:55:40.149+0000] {python.py:201} INFO - Done. Returned value was: None
[2025-12-17T01:55:40.168+0000] {taskinstance.py:1138} INFO - Marking task as SUCCESS. dag_id=etl_***, task_id=extract, execution_date=20241104T000000, start_date=20251217T015539, end_date=20251217T015540
[2025-12-17T01:55:40.354+0000] {local_task_job_runner.py:234} INFO - Task exited with return code 0
[2025-12-17T01:55:40.414+0000] {taskinstance.py:3280} INFO - 1 downstream tasks scheduled from follow-on schedule check
[2025-12-17T04:53:24.406+0000] {taskinstance.py:1956} INFO - Dependencies all met for dep_context=non-requeueable deps ti=<TaskInstance: etl_airflow.extract scheduled__2024-11-04T00:00:00+00:00 [queued]>
[2025-12-17T04:53:24.423+0000] {taskinstance.py:1956} INFO - Dependencies all met for dep_context=requeueable deps ti=<TaskInstance: etl_airflow.extract scheduled__2024-11-04T00:00:00+00:00 [queued]>
[2025-12-17T04:53:24.424+0000] {taskinstance.py:2170} INFO - Starting attempt 1 of 3
[2025-12-17T04:53:24.449+0000] {taskinstance.py:2191} INFO - Executing <Task(PythonOperator): extract> on 2024-11-04 00:00:00+00:00
[2025-12-17T04:53:24.460+0000] {standard_task_runner.py:60} INFO - Started process 4252 to run task
[2025-12-17T04:53:24.468+0000] {standard_task_runner.py:87} INFO - Running: ['***', 'tasks', 'run', 'etl_***', 'extract', 'scheduled__2024-11-04T00:00:00+00:00', '--job-id', '1222', '--raw', '--subdir', 'DAGS_FOLDER/etl_***.py', '--cfg-path', '/tmp/tmp_885icju']
[2025-12-17T04:53:24.474+0000] {standard_task_runner.py:88} INFO - Job 1222: Subtask extract
[2025-12-17T04:53:24.596+0000] {task_command.py:423} INFO - Running <TaskInstance: etl_airflow.extract scheduled__2024-11-04T00:00:00+00:00 [running]> on host b3426f05ac70
[2025-12-17T04:53:24.947+0000] {taskinstance.py:2480} INFO - Exporting env vars: AIRFLOW_CTX_DAG_OWNER='***' AIRFLOW_CTX_DAG_ID='etl_***' AIRFLOW_CTX_TASK_ID='extract' AIRFLOW_CTX_EXECUTION_DATE='2024-11-04T00:00:00+00:00' AIRFLOW_CTX_TRY_NUMBER='1' AIRFLOW_CTX_DAG_RUN_ID='scheduled__2024-11-04T00:00:00+00:00'
[2025-12-17T04:53:24.966+0000] {python.py:201} INFO - Done. Returned value was:    user_id event_type           timestamp country
0        1      login 2025-01-01 09:00:00      IN
1        1      click 2025-01-01 09:05:00      IN
2        1     logout 2025-01-01 09:15:00      IN
3        2      login 2025-01-01 10:00:00      US
4        2      click 2025-01-01 10:10:00      US
5        2     logout 2025-01-01 10:20:00      US
6        3      login 2025-01-02 08:00:00      FR
7        3      click 2025-01-02 08:05:00      FR
8        3     logout 2025-01-02 08:30:00      FR
[2025-12-17T04:53:25.022+0000] {taskinstance.py:1138} INFO - Marking task as SUCCESS. dag_id=etl_***, task_id=extract, execution_date=20241104T000000, start_date=20251217T045324, end_date=20251217T045325
[2025-12-17T04:53:25.204+0000] {local_task_job_runner.py:234} INFO - Task exited with return code 0
[2025-12-17T04:53:25.260+0000] {taskinstance.py:3280} INFO - 1 downstream tasks scheduled from follow-on schedule check
[2025-12-17T07:58:32.826+0000] {taskinstance.py:1956} INFO - Dependencies all met for dep_context=non-requeueable deps ti=<TaskInstance: etl_airflow.extract scheduled__2024-11-04T00:00:00+00:00 [queued]>
[2025-12-17T07:58:32.850+0000] {taskinstance.py:1956} INFO - Dependencies all met for dep_context=requeueable deps ti=<TaskInstance: etl_airflow.extract scheduled__2024-11-04T00:00:00+00:00 [queued]>
[2025-12-17T07:58:32.852+0000] {taskinstance.py:2170} INFO - Starting attempt 1 of 3
[2025-12-17T07:58:32.911+0000] {taskinstance.py:2191} INFO - Executing <Task(PythonOperator): extract> on 2024-11-04 00:00:00+00:00
[2025-12-17T07:58:32.926+0000] {standard_task_runner.py:60} INFO - Started process 4357 to run task
[2025-12-17T07:58:32.937+0000] {standard_task_runner.py:87} INFO - Running: ['***', 'tasks', 'run', 'etl_***', 'extract', 'scheduled__2024-11-04T00:00:00+00:00', '--job-id', '1226', '--raw', '--subdir', 'DAGS_FOLDER/etl_***.py', '--cfg-path', '/tmp/tmpy0hq0j2z']
[2025-12-17T07:58:32.944+0000] {standard_task_runner.py:88} INFO - Job 1226: Subtask extract
[2025-12-17T07:58:33.128+0000] {task_command.py:423} INFO - Running <TaskInstance: etl_airflow.extract scheduled__2024-11-04T00:00:00+00:00 [running]> on host 2a0de06c8905
[2025-12-17T07:58:33.666+0000] {taskinstance.py:2480} INFO - Exporting env vars: AIRFLOW_CTX_DAG_OWNER='***' AIRFLOW_CTX_DAG_ID='etl_***' AIRFLOW_CTX_TASK_ID='extract' AIRFLOW_CTX_EXECUTION_DATE='2024-11-04T00:00:00+00:00' AIRFLOW_CTX_TRY_NUMBER='1' AIRFLOW_CTX_DAG_RUN_ID='scheduled__2024-11-04T00:00:00+00:00'
[2025-12-17T07:58:33.717+0000] {python.py:201} INFO - Done. Returned value was:    user_id event_type           timestamp country
0        1      login 2025-01-01 09:00:00      IN
1        1      click 2025-01-01 09:05:00      IN
2        1     logout 2025-01-01 09:15:00      IN
3        2      login 2025-01-01 10:00:00      US
4        2      click 2025-01-01 10:10:00      US
5        2     logout 2025-01-01 10:20:00      US
6        3      login 2025-01-02 08:00:00      FR
7        3      click 2025-01-02 08:05:00      FR
8        3     logout 2025-01-02 08:30:00      FR
[2025-12-17T07:58:33.811+0000] {taskinstance.py:1138} INFO - Marking task as SUCCESS. dag_id=etl_***, task_id=extract, execution_date=20241104T000000, start_date=20251217T075832, end_date=20251217T075833
[2025-12-17T07:58:33.918+0000] {local_task_job_runner.py:234} INFO - Task exited with return code 0
[2025-12-17T07:58:33.997+0000] {taskinstance.py:3280} INFO - 1 downstream tasks scheduled from follow-on schedule check
