[2025-12-16T17:18:26.651+0000] {taskinstance.py:1956} INFO - Dependencies all met for dep_context=non-requeueable deps ti=<TaskInstance: etl_airflow.transform scheduled__2024-01-20T00:00:00+00:00 [queued]>
[2025-12-16T17:18:26.671+0000] {taskinstance.py:1956} INFO - Dependencies all met for dep_context=requeueable deps ti=<TaskInstance: etl_airflow.transform scheduled__2024-01-20T00:00:00+00:00 [queued]>
[2025-12-16T17:18:26.672+0000] {taskinstance.py:2170} INFO - Starting attempt 2 of 4
[2025-12-16T17:18:26.699+0000] {taskinstance.py:2191} INFO - Executing <Task(PythonOperator): transform> on 2024-01-20 00:00:00+00:00
[2025-12-16T17:18:26.711+0000] {standard_task_runner.py:60} INFO - Started process 3586 to run task
[2025-12-16T17:18:26.722+0000] {standard_task_runner.py:87} INFO - Running: ['***', 'tasks', 'run', 'etl_***', 'transform', 'scheduled__2024-01-20T00:00:00+00:00', '--job-id', '5210', '--raw', '--subdir', 'DAGS_FOLDER/etl_dag.py', '--cfg-path', '/tmp/tmpf9wdzdox']
[2025-12-16T17:18:26.728+0000] {standard_task_runner.py:88} INFO - Job 5210: Subtask transform
[2025-12-16T17:18:26.866+0000] {task_command.py:423} INFO - Running <TaskInstance: etl_airflow.transform scheduled__2024-01-20T00:00:00+00:00 [running]> on host 3b89cfee50e9
[2025-12-16T17:18:27.062+0000] {taskinstance.py:2480} INFO - Exporting env vars: AIRFLOW_CTX_DAG_OWNER='***' AIRFLOW_CTX_DAG_ID='etl_***' AIRFLOW_CTX_TASK_ID='transform' AIRFLOW_CTX_EXECUTION_DATE='2024-01-20T00:00:00+00:00' AIRFLOW_CTX_TRY_NUMBER='2' AIRFLOW_CTX_DAG_RUN_ID='scheduled__2024-01-20T00:00:00+00:00'
[2025-12-16T17:18:27.065+0000] {logging_mixin.py:188} INFO - [TRANSFORM]
[2025-12-16T17:18:27.408+0000] {logging_mixin.py:188} INFO - [TRANSFORM] done
[2025-12-16T17:18:27.409+0000] {python.py:201} INFO - Done. Returned value was: None
[2025-12-16T17:18:27.431+0000] {taskinstance.py:1138} INFO - Marking task as SUCCESS. dag_id=etl_***, task_id=transform, execution_date=20240120T000000, start_date=20251216T171826, end_date=20251216T171827
[2025-12-16T17:18:27.505+0000] {local_task_job_runner.py:234} INFO - Task exited with return code 0
[2025-12-16T17:18:27.548+0000] {taskinstance.py:3280} INFO - 1 downstream tasks scheduled from follow-on schedule check
[2025-12-17T04:43:11.209+0000] {taskinstance.py:1956} INFO - Dependencies all met for dep_context=non-requeueable deps ti=<TaskInstance: etl_airflow.transform scheduled__2024-01-20T00:00:00+00:00 [queued]>
[2025-12-17T04:43:11.227+0000] {taskinstance.py:1956} INFO - Dependencies all met for dep_context=requeueable deps ti=<TaskInstance: etl_airflow.transform scheduled__2024-01-20T00:00:00+00:00 [queued]>
[2025-12-17T04:43:11.228+0000] {taskinstance.py:2170} INFO - Starting attempt 2 of 3
[2025-12-17T04:43:11.371+0000] {taskinstance.py:2191} INFO - Executing <Task(PythonOperator): transform> on 2024-01-20 00:00:00+00:00
[2025-12-17T04:43:11.384+0000] {standard_task_runner.py:60} INFO - Started process 548 to run task
[2025-12-17T04:43:11.393+0000] {standard_task_runner.py:87} INFO - Running: ['***', 'tasks', 'run', 'etl_***', 'transform', 'scheduled__2024-01-20T00:00:00+00:00', '--job-id', '101', '--raw', '--subdir', 'DAGS_FOLDER/etl_***.py', '--cfg-path', '/tmp/tmpz3y5jlke']
[2025-12-17T04:43:11.397+0000] {standard_task_runner.py:88} INFO - Job 101: Subtask transform
[2025-12-17T04:43:11.525+0000] {task_command.py:423} INFO - Running <TaskInstance: etl_airflow.transform scheduled__2024-01-20T00:00:00+00:00 [running]> on host b3426f05ac70
[2025-12-17T04:43:11.850+0000] {taskinstance.py:2480} INFO - Exporting env vars: AIRFLOW_CTX_DAG_OWNER='***' AIRFLOW_CTX_DAG_ID='etl_***' AIRFLOW_CTX_TASK_ID='transform' AIRFLOW_CTX_EXECUTION_DATE='2024-01-20T00:00:00+00:00' AIRFLOW_CTX_TRY_NUMBER='2' AIRFLOW_CTX_DAG_RUN_ID='scheduled__2024-01-20T00:00:00+00:00'
[2025-12-17T04:43:11.852+0000] {taskinstance.py:2698} ERROR - Task failed with exception
Traceback (most recent call last):
  File "/home/airflow/.local/lib/python3.8/site-packages/airflow/models/taskinstance.py", line 433, in _execute_task
    result = execute_callable(context=context, **execute_callable_kwargs)
  File "/home/airflow/.local/lib/python3.8/site-packages/airflow/operators/python.py", line 199, in execute
    return_value = self.execute_callable()
  File "/home/airflow/.local/lib/python3.8/site-packages/airflow/operators/python.py", line 216, in execute_callable
    return self.python_callable(*self.op_args, **self.op_kwargs)
TypeError: transform_data() missing 1 required positional argument: 'df'
[2025-12-17T04:43:11.864+0000] {taskinstance.py:1138} INFO - Marking task as UP_FOR_RETRY. dag_id=etl_***, task_id=transform, execution_date=20240120T000000, start_date=20251217T044311, end_date=20251217T044311
[2025-12-17T04:43:11.881+0000] {standard_task_runner.py:107} ERROR - Failed to execute job 101 for task transform (transform_data() missing 1 required positional argument: 'df'; 548)
[2025-12-17T04:43:11.930+0000] {local_task_job_runner.py:234} INFO - Task exited with return code 1
[2025-12-17T04:43:11.977+0000] {taskinstance.py:3280} INFO - 0 downstream tasks scheduled from follow-on schedule check
[2025-12-17T07:36:15.573+0000] {taskinstance.py:1956} INFO - Dependencies all met for dep_context=non-requeueable deps ti=<TaskInstance: etl_airflow.transform scheduled__2024-01-20T00:00:00+00:00 [queued]>
[2025-12-17T07:36:15.591+0000] {taskinstance.py:1956} INFO - Dependencies all met for dep_context=requeueable deps ti=<TaskInstance: etl_airflow.transform scheduled__2024-01-20T00:00:00+00:00 [queued]>
[2025-12-17T07:36:15.593+0000] {taskinstance.py:2170} INFO - Starting attempt 2 of 3
[2025-12-17T07:36:15.621+0000] {taskinstance.py:2191} INFO - Executing <Task(PythonOperator): transform> on 2024-01-20 00:00:00+00:00
[2025-12-17T07:36:15.634+0000] {standard_task_runner.py:60} INFO - Started process 621 to run task
[2025-12-17T07:36:15.640+0000] {standard_task_runner.py:87} INFO - Running: ['***', 'tasks', 'run', 'etl_***', 'transform', 'scheduled__2024-01-20T00:00:00+00:00', '--job-id', '105', '--raw', '--subdir', 'DAGS_FOLDER/etl_***.py', '--cfg-path', '/tmp/tmphyolavdo']
[2025-12-17T07:36:15.647+0000] {standard_task_runner.py:88} INFO - Job 105: Subtask transform
[2025-12-17T07:36:15.813+0000] {task_command.py:423} INFO - Running <TaskInstance: etl_airflow.transform scheduled__2024-01-20T00:00:00+00:00 [running]> on host 2a0de06c8905
[2025-12-17T07:36:16.304+0000] {taskinstance.py:2480} INFO - Exporting env vars: AIRFLOW_CTX_DAG_OWNER='***' AIRFLOW_CTX_DAG_ID='etl_***' AIRFLOW_CTX_TASK_ID='transform' AIRFLOW_CTX_EXECUTION_DATE='2024-01-20T00:00:00+00:00' AIRFLOW_CTX_TRY_NUMBER='2' AIRFLOW_CTX_DAG_RUN_ID='scheduled__2024-01-20T00:00:00+00:00'
[2025-12-17T07:36:16.307+0000] {taskinstance.py:2698} ERROR - Task failed with exception
Traceback (most recent call last):
  File "/home/airflow/.local/lib/python3.8/site-packages/airflow/models/taskinstance.py", line 433, in _execute_task
    result = execute_callable(context=context, **execute_callable_kwargs)
  File "/home/airflow/.local/lib/python3.8/site-packages/airflow/operators/python.py", line 199, in execute
    return_value = self.execute_callable()
  File "/home/airflow/.local/lib/python3.8/site-packages/airflow/operators/python.py", line 216, in execute_callable
    return self.python_callable(*self.op_args, **self.op_kwargs)
TypeError: transform_data() missing 1 required positional argument: 'df'
[2025-12-17T07:36:16.322+0000] {taskinstance.py:1138} INFO - Marking task as UP_FOR_RETRY. dag_id=etl_***, task_id=transform, execution_date=20240120T000000, start_date=20251217T073615, end_date=20251217T073616
[2025-12-17T07:36:16.349+0000] {standard_task_runner.py:107} ERROR - Failed to execute job 105 for task transform (transform_data() missing 1 required positional argument: 'df'; 621)
[2025-12-17T07:36:16.379+0000] {local_task_job_runner.py:234} INFO - Task exited with return code 1
[2025-12-17T07:36:16.647+0000] {taskinstance.py:3280} INFO - 0 downstream tasks scheduled from follow-on schedule check
