[2025-12-16T16:41:34.633+0000] {taskinstance.py:1956} INFO - Dependencies all met for dep_context=non-requeueable deps ti=<TaskInstance: etl_airflow.extract scheduled__2024-10-31T00:00:00+00:00 [queued]>
[2025-12-16T16:41:34.662+0000] {taskinstance.py:1956} INFO - Dependencies all met for dep_context=requeueable deps ti=<TaskInstance: etl_airflow.extract scheduled__2024-10-31T00:00:00+00:00 [queued]>
[2025-12-16T16:41:34.665+0000] {taskinstance.py:2170} INFO - Starting attempt 1 of 3
[2025-12-16T16:41:34.729+0000] {taskinstance.py:2191} INFO - Executing <Task(PythonOperator): extract> on 2024-10-31 00:00:00+00:00
[2025-12-16T16:41:34.746+0000] {standard_task_runner.py:60} INFO - Started process 303 to run task
[2025-12-16T16:41:34.758+0000] {standard_task_runner.py:87} INFO - Running: ['***', 'tasks', 'run', 'etl_***', 'extract', 'scheduled__2024-10-31T00:00:00+00:00', '--job-id', '916', '--raw', '--subdir', 'DAGS_FOLDER/etl_dag.py', '--cfg-path', '/tmp/tmp2h18zk5n']
[2025-12-16T16:41:34.767+0000] {standard_task_runner.py:88} INFO - Job 916: Subtask extract
[2025-12-16T16:41:34.944+0000] {task_command.py:423} INFO - Running <TaskInstance: etl_airflow.extract scheduled__2024-10-31T00:00:00+00:00 [running]> on host db658e834d9d
[2025-12-16T16:41:35.150+0000] {taskinstance.py:2480} INFO - Exporting env vars: AIRFLOW_CTX_DAG_OWNER='***' AIRFLOW_CTX_DAG_ID='etl_***' AIRFLOW_CTX_TASK_ID='extract' AIRFLOW_CTX_EXECUTION_DATE='2024-10-31T00:00:00+00:00' AIRFLOW_CTX_TRY_NUMBER='1' AIRFLOW_CTX_DAG_RUN_ID='scheduled__2024-10-31T00:00:00+00:00'
[2025-12-16T16:41:35.155+0000] {logging_mixin.py:188} INFO - Extracting data from /opt/***/data/input.csv
[2025-12-16T16:41:35.167+0000] {taskinstance.py:2698} ERROR - Task failed with exception
Traceback (most recent call last):
  File "/home/airflow/.local/lib/python3.8/site-packages/airflow/models/taskinstance.py", line 433, in _execute_task
    result = execute_callable(context=context, **execute_callable_kwargs)
  File "/home/airflow/.local/lib/python3.8/site-packages/airflow/operators/python.py", line 199, in execute
    return_value = self.execute_callable()
  File "/home/airflow/.local/lib/python3.8/site-packages/airflow/operators/python.py", line 216, in execute_callable
    return self.python_callable(*self.op_args, **self.op_kwargs)
  File "/opt/airflow/etl_logic/pipeline.py", line 97, in extract_data
    df = pd.read_csv(input_path)
  File "/home/airflow/.local/lib/python3.8/site-packages/pandas/io/parsers/readers.py", line 912, in read_csv
    return _read(filepath_or_buffer, kwds)
  File "/home/airflow/.local/lib/python3.8/site-packages/pandas/io/parsers/readers.py", line 577, in _read
    parser = TextFileReader(filepath_or_buffer, **kwds)
  File "/home/airflow/.local/lib/python3.8/site-packages/pandas/io/parsers/readers.py", line 1407, in __init__
    self._engine = self._make_engine(f, self.engine)
  File "/home/airflow/.local/lib/python3.8/site-packages/pandas/io/parsers/readers.py", line 1661, in _make_engine
    self.handles = get_handle(
  File "/home/airflow/.local/lib/python3.8/site-packages/pandas/io/common.py", line 859, in get_handle
    handle = open(
FileNotFoundError: [Errno 2] No such file or directory: '/opt/airflow/data/input.csv'
[2025-12-16T16:41:35.204+0000] {taskinstance.py:1138} INFO - Marking task as UP_FOR_RETRY. dag_id=etl_***, task_id=extract, execution_date=20241031T000000, start_date=20251216T164134, end_date=20251216T164135
[2025-12-16T16:41:35.241+0000] {standard_task_runner.py:107} ERROR - Failed to execute job 916 for task extract ([Errno 2] No such file or directory: '/opt/airflow/data/input.csv'; 303)
[2025-12-16T16:41:35.296+0000] {local_task_job_runner.py:234} INFO - Task exited with return code 1
[2025-12-16T16:41:35.353+0000] {taskinstance.py:3280} INFO - 0 downstream tasks scheduled from follow-on schedule check
[2025-12-17T01:55:29.664+0000] {taskinstance.py:1956} INFO - Dependencies all met for dep_context=non-requeueable deps ti=<TaskInstance: etl_airflow.extract scheduled__2024-10-31T00:00:00+00:00 [queued]>
[2025-12-17T01:55:29.685+0000] {taskinstance.py:1956} INFO - Dependencies all met for dep_context=requeueable deps ti=<TaskInstance: etl_airflow.extract scheduled__2024-10-31T00:00:00+00:00 [queued]>
[2025-12-17T01:55:29.688+0000] {taskinstance.py:2170} INFO - Starting attempt 1 of 3
[2025-12-17T01:55:29.857+0000] {taskinstance.py:2191} INFO - Executing <Task(PythonOperator): extract> on 2024-10-31 00:00:00+00:00
[2025-12-17T01:55:29.870+0000] {standard_task_runner.py:60} INFO - Started process 3139 to run task
[2025-12-17T01:55:29.881+0000] {standard_task_runner.py:87} INFO - Running: ['***', 'tasks', 'run', 'etl_***', 'extract', 'scheduled__2024-10-31T00:00:00+00:00', '--job-id', '921', '--raw', '--subdir', 'DAGS_FOLDER/etl_dag.py', '--cfg-path', '/tmp/tmpp3luk8wc']
[2025-12-17T01:55:29.889+0000] {standard_task_runner.py:88} INFO - Job 921: Subtask extract
[2025-12-17T01:55:30.031+0000] {task_command.py:423} INFO - Running <TaskInstance: etl_airflow.extract scheduled__2024-10-31T00:00:00+00:00 [running]> on host 571e042550da
[2025-12-17T01:55:30.447+0000] {taskinstance.py:2480} INFO - Exporting env vars: AIRFLOW_CTX_DAG_OWNER='***' AIRFLOW_CTX_DAG_ID='etl_***' AIRFLOW_CTX_TASK_ID='extract' AIRFLOW_CTX_EXECUTION_DATE='2024-10-31T00:00:00+00:00' AIRFLOW_CTX_TRY_NUMBER='1' AIRFLOW_CTX_DAG_RUN_ID='scheduled__2024-10-31T00:00:00+00:00'
[2025-12-17T01:55:30.450+0000] {logging_mixin.py:188} INFO - [EXTRACT] Reading /opt/***/data/synthetic_events.csv
[2025-12-17T01:55:30.482+0000] {logging_mixin.py:188} INFO - [EXTRACT] done
[2025-12-17T01:55:30.485+0000] {python.py:201} INFO - Done. Returned value was: None
[2025-12-17T01:55:30.505+0000] {taskinstance.py:1138} INFO - Marking task as SUCCESS. dag_id=etl_***, task_id=extract, execution_date=20241031T000000, start_date=20251217T015529, end_date=20251217T015530
[2025-12-17T01:55:30.576+0000] {local_task_job_runner.py:234} INFO - Task exited with return code 0
[2025-12-17T01:55:30.639+0000] {taskinstance.py:3280} INFO - 1 downstream tasks scheduled from follow-on schedule check
[2025-12-17T04:53:23.986+0000] {taskinstance.py:1956} INFO - Dependencies all met for dep_context=non-requeueable deps ti=<TaskInstance: etl_airflow.extract scheduled__2024-10-31T00:00:00+00:00 [queued]>
[2025-12-17T04:53:24.000+0000] {taskinstance.py:1956} INFO - Dependencies all met for dep_context=requeueable deps ti=<TaskInstance: etl_airflow.extract scheduled__2024-10-31T00:00:00+00:00 [queued]>
[2025-12-17T04:53:24.001+0000] {taskinstance.py:2170} INFO - Starting attempt 1 of 3
[2025-12-17T04:53:24.027+0000] {taskinstance.py:2191} INFO - Executing <Task(PythonOperator): extract> on 2024-10-31 00:00:00+00:00
[2025-12-17T04:53:24.036+0000] {standard_task_runner.py:60} INFO - Started process 4242 to run task
[2025-12-17T04:53:24.040+0000] {standard_task_runner.py:87} INFO - Running: ['***', 'tasks', 'run', 'etl_***', 'extract', 'scheduled__2024-10-31T00:00:00+00:00', '--job-id', '1218', '--raw', '--subdir', 'DAGS_FOLDER/etl_***.py', '--cfg-path', '/tmp/tmp79zwu6al']
[2025-12-17T04:53:24.042+0000] {standard_task_runner.py:88} INFO - Job 1218: Subtask extract
[2025-12-17T04:53:24.161+0000] {task_command.py:423} INFO - Running <TaskInstance: etl_airflow.extract scheduled__2024-10-31T00:00:00+00:00 [running]> on host b3426f05ac70
[2025-12-17T04:53:24.519+0000] {taskinstance.py:2480} INFO - Exporting env vars: AIRFLOW_CTX_DAG_OWNER='***' AIRFLOW_CTX_DAG_ID='etl_***' AIRFLOW_CTX_TASK_ID='extract' AIRFLOW_CTX_EXECUTION_DATE='2024-10-31T00:00:00+00:00' AIRFLOW_CTX_TRY_NUMBER='1' AIRFLOW_CTX_DAG_RUN_ID='scheduled__2024-10-31T00:00:00+00:00'
[2025-12-17T04:53:24.546+0000] {python.py:201} INFO - Done. Returned value was:    user_id event_type           timestamp country
0        1      login 2025-01-01 09:00:00      IN
1        1      click 2025-01-01 09:05:00      IN
2        1     logout 2025-01-01 09:15:00      IN
3        2      login 2025-01-01 10:00:00      US
4        2      click 2025-01-01 10:10:00      US
5        2     logout 2025-01-01 10:20:00      US
6        3      login 2025-01-02 08:00:00      FR
7        3      click 2025-01-02 08:05:00      FR
8        3     logout 2025-01-02 08:30:00      FR
[2025-12-17T04:53:24.605+0000] {taskinstance.py:1138} INFO - Marking task as SUCCESS. dag_id=etl_***, task_id=extract, execution_date=20241031T000000, start_date=20251217T045323, end_date=20251217T045324
[2025-12-17T04:53:24.696+0000] {local_task_job_runner.py:234} INFO - Task exited with return code 0
[2025-12-17T04:53:24.739+0000] {taskinstance.py:3280} INFO - 1 downstream tasks scheduled from follow-on schedule check
[2025-12-17T07:58:31.776+0000] {taskinstance.py:1956} INFO - Dependencies all met for dep_context=non-requeueable deps ti=<TaskInstance: etl_airflow.extract scheduled__2024-10-31T00:00:00+00:00 [queued]>
[2025-12-17T07:58:31.798+0000] {taskinstance.py:1956} INFO - Dependencies all met for dep_context=requeueable deps ti=<TaskInstance: etl_airflow.extract scheduled__2024-10-31T00:00:00+00:00 [queued]>
[2025-12-17T07:58:31.799+0000] {taskinstance.py:2170} INFO - Starting attempt 1 of 3
[2025-12-17T07:58:31.851+0000] {taskinstance.py:2191} INFO - Executing <Task(PythonOperator): extract> on 2024-10-31 00:00:00+00:00
[2025-12-17T07:58:31.864+0000] {standard_task_runner.py:60} INFO - Started process 4344 to run task
[2025-12-17T07:58:31.873+0000] {standard_task_runner.py:87} INFO - Running: ['***', 'tasks', 'run', 'etl_***', 'extract', 'scheduled__2024-10-31T00:00:00+00:00', '--job-id', '1222', '--raw', '--subdir', 'DAGS_FOLDER/etl_***.py', '--cfg-path', '/tmp/tmp_tc2t9rs']
[2025-12-17T07:58:31.881+0000] {standard_task_runner.py:88} INFO - Job 1222: Subtask extract
[2025-12-17T07:58:32.031+0000] {task_command.py:423} INFO - Running <TaskInstance: etl_airflow.extract scheduled__2024-10-31T00:00:00+00:00 [running]> on host 2a0de06c8905
[2025-12-17T07:58:32.480+0000] {taskinstance.py:2480} INFO - Exporting env vars: AIRFLOW_CTX_DAG_OWNER='***' AIRFLOW_CTX_DAG_ID='etl_***' AIRFLOW_CTX_TASK_ID='extract' AIRFLOW_CTX_EXECUTION_DATE='2024-10-31T00:00:00+00:00' AIRFLOW_CTX_TRY_NUMBER='1' AIRFLOW_CTX_DAG_RUN_ID='scheduled__2024-10-31T00:00:00+00:00'
[2025-12-17T07:58:32.517+0000] {python.py:201} INFO - Done. Returned value was:    user_id event_type           timestamp country
0        1      login 2025-01-01 09:00:00      IN
1        1      click 2025-01-01 09:05:00      IN
2        1     logout 2025-01-01 09:15:00      IN
3        2      login 2025-01-01 10:00:00      US
4        2      click 2025-01-01 10:10:00      US
5        2     logout 2025-01-01 10:20:00      US
6        3      login 2025-01-02 08:00:00      FR
7        3      click 2025-01-02 08:05:00      FR
8        3     logout 2025-01-02 08:30:00      FR
[2025-12-17T07:58:32.668+0000] {taskinstance.py:1138} INFO - Marking task as SUCCESS. dag_id=etl_***, task_id=extract, execution_date=20241031T000000, start_date=20251217T075831, end_date=20251217T075832
[2025-12-17T07:58:32.899+0000] {local_task_job_runner.py:234} INFO - Task exited with return code 0
[2025-12-17T07:58:32.979+0000] {taskinstance.py:3280} INFO - 1 downstream tasks scheduled from follow-on schedule check
