[2025-12-17T02:00:00.183+0000] {taskinstance.py:1956} INFO - Dependencies all met for dep_context=non-requeueable deps ti=<TaskInstance: etl_airflow.transform scheduled__2025-08-11T00:00:00+00:00 [queued]>
[2025-12-17T02:00:00.212+0000] {taskinstance.py:1956} INFO - Dependencies all met for dep_context=requeueable deps ti=<TaskInstance: etl_airflow.transform scheduled__2025-08-11T00:00:00+00:00 [queued]>
[2025-12-17T02:00:00.213+0000] {taskinstance.py:2170} INFO - Starting attempt 1 of 3
[2025-12-17T02:00:00.248+0000] {taskinstance.py:2191} INFO - Executing <Task(PythonOperator): transform> on 2025-08-11 00:00:00+00:00
[2025-12-17T02:00:00.267+0000] {standard_task_runner.py:60} INFO - Started process 5899 to run task
[2025-12-17T02:00:00.275+0000] {standard_task_runner.py:87} INFO - Running: ['***', 'tasks', 'run', 'etl_***', 'transform', 'scheduled__2025-08-11T00:00:00+00:00', '--job-id', '1794', '--raw', '--subdir', 'DAGS_FOLDER/etl_dag.py', '--cfg-path', '/tmp/tmpdwin5d4b']
[2025-12-17T02:00:00.287+0000] {standard_task_runner.py:88} INFO - Job 1794: Subtask transform
[2025-12-17T02:00:00.476+0000] {task_command.py:423} INFO - Running <TaskInstance: etl_airflow.transform scheduled__2025-08-11T00:00:00+00:00 [running]> on host 571e042550da
[2025-12-17T02:00:01.069+0000] {taskinstance.py:2480} INFO - Exporting env vars: AIRFLOW_CTX_DAG_OWNER='***' AIRFLOW_CTX_DAG_ID='etl_***' AIRFLOW_CTX_TASK_ID='transform' AIRFLOW_CTX_EXECUTION_DATE='2025-08-11T00:00:00+00:00' AIRFLOW_CTX_TRY_NUMBER='1' AIRFLOW_CTX_DAG_RUN_ID='scheduled__2025-08-11T00:00:00+00:00'
[2025-12-17T02:00:01.071+0000] {logging_mixin.py:188} INFO - [TRANSFORM]
[2025-12-17T02:00:01.121+0000] {logging_mixin.py:188} INFO - [TRANSFORM] done
[2025-12-17T02:00:01.122+0000] {python.py:201} INFO - Done. Returned value was: None
[2025-12-17T02:00:01.151+0000] {taskinstance.py:1138} INFO - Marking task as SUCCESS. dag_id=etl_***, task_id=transform, execution_date=20250811T000000, start_date=20251217T020000, end_date=20251217T020001
[2025-12-17T02:00:01.224+0000] {local_task_job_runner.py:234} INFO - Task exited with return code 0
[2025-12-17T02:00:01.380+0000] {taskinstance.py:3280} INFO - 0 downstream tasks scheduled from follow-on schedule check
[2025-12-17T05:03:13.922+0000] {taskinstance.py:1956} INFO - Dependencies all met for dep_context=non-requeueable deps ti=<TaskInstance: etl_airflow.transform scheduled__2025-08-11T00:00:00+00:00 [queued]>
[2025-12-17T05:03:13.934+0000] {taskinstance.py:1956} INFO - Dependencies all met for dep_context=requeueable deps ti=<TaskInstance: etl_airflow.transform scheduled__2025-08-11T00:00:00+00:00 [queued]>
[2025-12-17T05:03:13.936+0000] {taskinstance.py:2170} INFO - Starting attempt 1 of 3
[2025-12-17T05:03:13.955+0000] {taskinstance.py:2191} INFO - Executing <Task(PythonOperator): transform> on 2025-08-11 00:00:00+00:00
[2025-12-17T05:03:13.963+0000] {standard_task_runner.py:60} INFO - Started process 7906 to run task
[2025-12-17T05:03:13.970+0000] {standard_task_runner.py:87} INFO - Running: ['***', 'tasks', 'run', 'etl_***', 'transform', 'scheduled__2025-08-11T00:00:00+00:00', '--job-id', '2334', '--raw', '--subdir', 'DAGS_FOLDER/etl_***.py', '--cfg-path', '/tmp/tmpsrzq850y']
[2025-12-17T05:03:13.975+0000] {standard_task_runner.py:88} INFO - Job 2334: Subtask transform
[2025-12-17T05:03:14.074+0000] {task_command.py:423} INFO - Running <TaskInstance: etl_airflow.transform scheduled__2025-08-11T00:00:00+00:00 [running]> on host b3426f05ac70
[2025-12-17T05:03:14.555+0000] {taskinstance.py:2480} INFO - Exporting env vars: AIRFLOW_CTX_DAG_OWNER='***' AIRFLOW_CTX_DAG_ID='etl_***' AIRFLOW_CTX_TASK_ID='transform' AIRFLOW_CTX_EXECUTION_DATE='2025-08-11T00:00:00+00:00' AIRFLOW_CTX_TRY_NUMBER='1' AIRFLOW_CTX_DAG_RUN_ID='scheduled__2025-08-11T00:00:00+00:00'
[2025-12-17T05:03:14.557+0000] {taskinstance.py:2698} ERROR - Task failed with exception
Traceback (most recent call last):
  File "/home/airflow/.local/lib/python3.8/site-packages/airflow/models/taskinstance.py", line 433, in _execute_task
    result = execute_callable(context=context, **execute_callable_kwargs)
  File "/home/airflow/.local/lib/python3.8/site-packages/airflow/operators/python.py", line 199, in execute
    return_value = self.execute_callable()
  File "/home/airflow/.local/lib/python3.8/site-packages/airflow/operators/python.py", line 216, in execute_callable
    return self.python_callable(*self.op_args, **self.op_kwargs)
TypeError: transform_data() missing 1 required positional argument: 'df'
[2025-12-17T05:03:14.570+0000] {taskinstance.py:1138} INFO - Marking task as UP_FOR_RETRY. dag_id=etl_***, task_id=transform, execution_date=20250811T000000, start_date=20251217T050313, end_date=20251217T050314
[2025-12-17T05:03:14.595+0000] {standard_task_runner.py:107} ERROR - Failed to execute job 2334 for task transform (transform_data() missing 1 required positional argument: 'df'; 7906)
[2025-12-17T05:03:14.628+0000] {local_task_job_runner.py:234} INFO - Task exited with return code 1
[2025-12-17T05:03:14.680+0000] {taskinstance.py:3280} INFO - 0 downstream tasks scheduled from follow-on schedule check
