[2025-12-16T17:20:33.664+0000] {taskinstance.py:1956} INFO - Dependencies all met for dep_context=non-requeueable deps ti=<TaskInstance: etl_airflow.transform scheduled__2024-07-04T00:00:00+00:00 [queued]>
[2025-12-16T17:20:33.690+0000] {taskinstance.py:1956} INFO - Dependencies all met for dep_context=requeueable deps ti=<TaskInstance: etl_airflow.transform scheduled__2024-07-04T00:00:00+00:00 [queued]>
[2025-12-16T17:20:33.692+0000] {taskinstance.py:2170} INFO - Starting attempt 2 of 4
[2025-12-16T17:20:33.722+0000] {taskinstance.py:2191} INFO - Executing <Task(PythonOperator): transform> on 2024-07-04 00:00:00+00:00
[2025-12-16T17:20:33.741+0000] {standard_task_runner.py:60} INFO - Started process 5151 to run task
[2025-12-16T17:20:33.757+0000] {standard_task_runner.py:87} INFO - Running: ['***', 'tasks', 'run', 'etl_***', 'transform', 'scheduled__2024-07-04T00:00:00+00:00', '--job-id', '5708', '--raw', '--subdir', 'DAGS_FOLDER/etl_dag.py', '--cfg-path', '/tmp/tmpb25mrr_b']
[2025-12-16T17:20:33.764+0000] {standard_task_runner.py:88} INFO - Job 5708: Subtask transform
[2025-12-16T17:20:33.947+0000] {task_command.py:423} INFO - Running <TaskInstance: etl_airflow.transform scheduled__2024-07-04T00:00:00+00:00 [running]> on host 3b89cfee50e9
[2025-12-16T17:20:34.197+0000] {taskinstance.py:2480} INFO - Exporting env vars: AIRFLOW_CTX_DAG_OWNER='***' AIRFLOW_CTX_DAG_ID='etl_***' AIRFLOW_CTX_TASK_ID='transform' AIRFLOW_CTX_EXECUTION_DATE='2024-07-04T00:00:00+00:00' AIRFLOW_CTX_TRY_NUMBER='2' AIRFLOW_CTX_DAG_RUN_ID='scheduled__2024-07-04T00:00:00+00:00'
[2025-12-16T17:20:34.204+0000] {logging_mixin.py:188} INFO - [TRANSFORM]
[2025-12-16T17:20:34.574+0000] {logging_mixin.py:188} INFO - [TRANSFORM] done
[2025-12-16T17:20:34.575+0000] {python.py:201} INFO - Done. Returned value was: None
[2025-12-16T17:20:34.599+0000] {taskinstance.py:1138} INFO - Marking task as SUCCESS. dag_id=etl_***, task_id=transform, execution_date=20240704T000000, start_date=20251216T172033, end_date=20251216T172034
[2025-12-16T17:20:34.663+0000] {local_task_job_runner.py:234} INFO - Task exited with return code 0
[2025-12-16T17:20:34.720+0000] {taskinstance.py:3280} INFO - 1 downstream tasks scheduled from follow-on schedule check
[2025-12-17T04:49:01.933+0000] {taskinstance.py:1956} INFO - Dependencies all met for dep_context=non-requeueable deps ti=<TaskInstance: etl_airflow.transform scheduled__2024-07-04T00:00:00+00:00 [queued]>
[2025-12-17T04:49:01.948+0000] {taskinstance.py:1956} INFO - Dependencies all met for dep_context=requeueable deps ti=<TaskInstance: etl_airflow.transform scheduled__2024-07-04T00:00:00+00:00 [queued]>
[2025-12-17T04:49:01.950+0000] {taskinstance.py:2170} INFO - Starting attempt 2 of 3
[2025-12-17T04:49:02.037+0000] {taskinstance.py:2191} INFO - Executing <Task(PythonOperator): transform> on 2024-07-04 00:00:00+00:00
[2025-12-17T04:49:02.053+0000] {standard_task_runner.py:60} INFO - Started process 2685 to run task
[2025-12-17T04:49:02.063+0000] {standard_task_runner.py:87} INFO - Running: ['***', 'tasks', 'run', 'etl_***', 'transform', 'scheduled__2024-07-04T00:00:00+00:00', '--job-id', '747', '--raw', '--subdir', 'DAGS_FOLDER/etl_***.py', '--cfg-path', '/tmp/tmp0axuj4f_']
[2025-12-17T04:49:02.070+0000] {standard_task_runner.py:88} INFO - Job 747: Subtask transform
[2025-12-17T04:49:02.220+0000] {task_command.py:423} INFO - Running <TaskInstance: etl_airflow.transform scheduled__2024-07-04T00:00:00+00:00 [running]> on host b3426f05ac70
[2025-12-17T04:49:02.603+0000] {taskinstance.py:2480} INFO - Exporting env vars: AIRFLOW_CTX_DAG_OWNER='***' AIRFLOW_CTX_DAG_ID='etl_***' AIRFLOW_CTX_TASK_ID='transform' AIRFLOW_CTX_EXECUTION_DATE='2024-07-04T00:00:00+00:00' AIRFLOW_CTX_TRY_NUMBER='2' AIRFLOW_CTX_DAG_RUN_ID='scheduled__2024-07-04T00:00:00+00:00'
[2025-12-17T04:49:02.605+0000] {taskinstance.py:2698} ERROR - Task failed with exception
Traceback (most recent call last):
  File "/home/airflow/.local/lib/python3.8/site-packages/airflow/models/taskinstance.py", line 433, in _execute_task
    result = execute_callable(context=context, **execute_callable_kwargs)
  File "/home/airflow/.local/lib/python3.8/site-packages/airflow/operators/python.py", line 199, in execute
    return_value = self.execute_callable()
  File "/home/airflow/.local/lib/python3.8/site-packages/airflow/operators/python.py", line 216, in execute_callable
    return self.python_callable(*self.op_args, **self.op_kwargs)
TypeError: transform_data() missing 1 required positional argument: 'df'
[2025-12-17T04:49:02.622+0000] {taskinstance.py:1138} INFO - Marking task as UP_FOR_RETRY. dag_id=etl_***, task_id=transform, execution_date=20240704T000000, start_date=20251217T044901, end_date=20251217T044902
[2025-12-17T04:49:02.690+0000] {standard_task_runner.py:107} ERROR - Failed to execute job 747 for task transform (transform_data() missing 1 required positional argument: 'df'; 2685)
[2025-12-17T04:49:02.722+0000] {local_task_job_runner.py:234} INFO - Task exited with return code 1
[2025-12-17T04:49:02.991+0000] {taskinstance.py:3280} INFO - 0 downstream tasks scheduled from follow-on schedule check
[2025-12-17T07:42:40.165+0000] {taskinstance.py:1956} INFO - Dependencies all met for dep_context=non-requeueable deps ti=<TaskInstance: etl_airflow.transform scheduled__2024-07-04T00:00:00+00:00 [queued]>
[2025-12-17T07:42:40.189+0000] {taskinstance.py:1956} INFO - Dependencies all met for dep_context=requeueable deps ti=<TaskInstance: etl_airflow.transform scheduled__2024-07-04T00:00:00+00:00 [queued]>
[2025-12-17T07:42:40.191+0000] {taskinstance.py:2170} INFO - Starting attempt 2 of 3
[2025-12-17T07:42:40.218+0000] {taskinstance.py:2191} INFO - Executing <Task(PythonOperator): transform> on 2024-07-04 00:00:00+00:00
[2025-12-17T07:42:40.228+0000] {standard_task_runner.py:60} INFO - Started process 2748 to run task
[2025-12-17T07:42:40.234+0000] {standard_task_runner.py:87} INFO - Running: ['***', 'tasks', 'run', 'etl_***', 'transform', 'scheduled__2024-07-04T00:00:00+00:00', '--job-id', '747', '--raw', '--subdir', 'DAGS_FOLDER/etl_***.py', '--cfg-path', '/tmp/tmpsxg1f7oc']
[2025-12-17T07:42:40.239+0000] {standard_task_runner.py:88} INFO - Job 747: Subtask transform
[2025-12-17T07:42:40.383+0000] {task_command.py:423} INFO - Running <TaskInstance: etl_airflow.transform scheduled__2024-07-04T00:00:00+00:00 [running]> on host 2a0de06c8905
[2025-12-17T07:42:40.865+0000] {taskinstance.py:2480} INFO - Exporting env vars: AIRFLOW_CTX_DAG_OWNER='***' AIRFLOW_CTX_DAG_ID='etl_***' AIRFLOW_CTX_TASK_ID='transform' AIRFLOW_CTX_EXECUTION_DATE='2024-07-04T00:00:00+00:00' AIRFLOW_CTX_TRY_NUMBER='2' AIRFLOW_CTX_DAG_RUN_ID='scheduled__2024-07-04T00:00:00+00:00'
[2025-12-17T07:42:40.867+0000] {taskinstance.py:2698} ERROR - Task failed with exception
Traceback (most recent call last):
  File "/home/airflow/.local/lib/python3.8/site-packages/airflow/models/taskinstance.py", line 433, in _execute_task
    result = execute_callable(context=context, **execute_callable_kwargs)
  File "/home/airflow/.local/lib/python3.8/site-packages/airflow/operators/python.py", line 199, in execute
    return_value = self.execute_callable()
  File "/home/airflow/.local/lib/python3.8/site-packages/airflow/operators/python.py", line 216, in execute_callable
    return self.python_callable(*self.op_args, **self.op_kwargs)
TypeError: transform_data() missing 1 required positional argument: 'df'
[2025-12-17T07:42:40.887+0000] {taskinstance.py:1138} INFO - Marking task as UP_FOR_RETRY. dag_id=etl_***, task_id=transform, execution_date=20240704T000000, start_date=20251217T074240, end_date=20251217T074240
[2025-12-17T07:42:41.258+0000] {standard_task_runner.py:107} ERROR - Failed to execute job 747 for task transform (transform_data() missing 1 required positional argument: 'df'; 2748)
[2025-12-17T07:42:41.294+0000] {local_task_job_runner.py:234} INFO - Task exited with return code 1
[2025-12-17T07:42:41.345+0000] {taskinstance.py:3280} INFO - 0 downstream tasks scheduled from follow-on schedule check
