[2025-12-17T01:59:19.253+0000] {taskinstance.py:1956} INFO - Dependencies all met for dep_context=non-requeueable deps ti=<TaskInstance: etl_airflow.transform scheduled__2025-06-22T00:00:00+00:00 [queued]>
[2025-12-17T01:59:19.272+0000] {taskinstance.py:1956} INFO - Dependencies all met for dep_context=requeueable deps ti=<TaskInstance: etl_airflow.transform scheduled__2025-06-22T00:00:00+00:00 [queued]>
[2025-12-17T01:59:19.273+0000] {taskinstance.py:2170} INFO - Starting attempt 1 of 3
[2025-12-17T01:59:19.478+0000] {taskinstance.py:2191} INFO - Executing <Task(PythonOperator): transform> on 2025-06-22 00:00:00+00:00
[2025-12-17T01:59:19.491+0000] {standard_task_runner.py:60} INFO - Started process 5429 to run task
[2025-12-17T01:59:19.505+0000] {standard_task_runner.py:87} INFO - Running: ['***', 'tasks', 'run', 'etl_***', 'transform', 'scheduled__2025-06-22T00:00:00+00:00', '--job-id', '1645', '--raw', '--subdir', 'DAGS_FOLDER/etl_dag.py', '--cfg-path', '/tmp/tmpyl__pv10']
[2025-12-17T01:59:19.511+0000] {standard_task_runner.py:88} INFO - Job 1645: Subtask transform
[2025-12-17T01:59:19.707+0000] {task_command.py:423} INFO - Running <TaskInstance: etl_airflow.transform scheduled__2025-06-22T00:00:00+00:00 [running]> on host 571e042550da
[2025-12-17T01:59:20.236+0000] {taskinstance.py:2480} INFO - Exporting env vars: AIRFLOW_CTX_DAG_OWNER='***' AIRFLOW_CTX_DAG_ID='etl_***' AIRFLOW_CTX_TASK_ID='transform' AIRFLOW_CTX_EXECUTION_DATE='2025-06-22T00:00:00+00:00' AIRFLOW_CTX_TRY_NUMBER='1' AIRFLOW_CTX_DAG_RUN_ID='scheduled__2025-06-22T00:00:00+00:00'
[2025-12-17T01:59:20.246+0000] {logging_mixin.py:188} INFO - [TRANSFORM]
[2025-12-17T01:59:20.300+0000] {logging_mixin.py:188} INFO - [TRANSFORM] done
[2025-12-17T01:59:20.301+0000] {python.py:201} INFO - Done. Returned value was: None
[2025-12-17T01:59:20.325+0000] {taskinstance.py:1138} INFO - Marking task as SUCCESS. dag_id=etl_***, task_id=transform, execution_date=20250622T000000, start_date=20251217T015919, end_date=20251217T015920
[2025-12-17T01:59:20.426+0000] {local_task_job_runner.py:234} INFO - Task exited with return code 0
[2025-12-17T01:59:20.715+0000] {taskinstance.py:3280} INFO - 0 downstream tasks scheduled from follow-on schedule check
[2025-12-17T05:01:32.685+0000] {taskinstance.py:1956} INFO - Dependencies all met for dep_context=non-requeueable deps ti=<TaskInstance: etl_airflow.transform scheduled__2025-06-22T00:00:00+00:00 [queued]>
[2025-12-17T05:01:32.698+0000] {taskinstance.py:1956} INFO - Dependencies all met for dep_context=requeueable deps ti=<TaskInstance: etl_airflow.transform scheduled__2025-06-22T00:00:00+00:00 [queued]>
[2025-12-17T05:01:32.700+0000] {taskinstance.py:2170} INFO - Starting attempt 1 of 3
[2025-12-17T05:01:32.722+0000] {taskinstance.py:2191} INFO - Executing <Task(PythonOperator): transform> on 2025-06-22 00:00:00+00:00
[2025-12-17T05:01:32.729+0000] {standard_task_runner.py:60} INFO - Started process 7274 to run task
[2025-12-17T05:01:32.736+0000] {standard_task_runner.py:87} INFO - Running: ['***', 'tasks', 'run', 'etl_***', 'transform', 'scheduled__2025-06-22T00:00:00+00:00', '--job-id', '2141', '--raw', '--subdir', 'DAGS_FOLDER/etl_***.py', '--cfg-path', '/tmp/tmpm8iwhs0u']
[2025-12-17T05:01:32.742+0000] {standard_task_runner.py:88} INFO - Job 2141: Subtask transform
[2025-12-17T05:01:32.847+0000] {task_command.py:423} INFO - Running <TaskInstance: etl_airflow.transform scheduled__2025-06-22T00:00:00+00:00 [running]> on host b3426f05ac70
[2025-12-17T05:01:33.206+0000] {taskinstance.py:2480} INFO - Exporting env vars: AIRFLOW_CTX_DAG_OWNER='***' AIRFLOW_CTX_DAG_ID='etl_***' AIRFLOW_CTX_TASK_ID='transform' AIRFLOW_CTX_EXECUTION_DATE='2025-06-22T00:00:00+00:00' AIRFLOW_CTX_TRY_NUMBER='1' AIRFLOW_CTX_DAG_RUN_ID='scheduled__2025-06-22T00:00:00+00:00'
[2025-12-17T05:01:33.208+0000] {taskinstance.py:2698} ERROR - Task failed with exception
Traceback (most recent call last):
  File "/home/airflow/.local/lib/python3.8/site-packages/airflow/models/taskinstance.py", line 433, in _execute_task
    result = execute_callable(context=context, **execute_callable_kwargs)
  File "/home/airflow/.local/lib/python3.8/site-packages/airflow/operators/python.py", line 199, in execute
    return_value = self.execute_callable()
  File "/home/airflow/.local/lib/python3.8/site-packages/airflow/operators/python.py", line 216, in execute_callable
    return self.python_callable(*self.op_args, **self.op_kwargs)
TypeError: transform_data() missing 1 required positional argument: 'df'
[2025-12-17T05:01:33.239+0000] {taskinstance.py:1138} INFO - Marking task as UP_FOR_RETRY. dag_id=etl_***, task_id=transform, execution_date=20250622T000000, start_date=20251217T050132, end_date=20251217T050133
[2025-12-17T05:01:33.255+0000] {standard_task_runner.py:107} ERROR - Failed to execute job 2141 for task transform (transform_data() missing 1 required positional argument: 'df'; 7274)
[2025-12-17T05:01:33.275+0000] {local_task_job_runner.py:234} INFO - Task exited with return code 1
[2025-12-17T05:01:33.393+0000] {taskinstance.py:3280} INFO - 0 downstream tasks scheduled from follow-on schedule check
