[2025-12-16T16:36:41.275+0000] {taskinstance.py:1956} INFO - Dependencies all met for dep_context=non-requeueable deps ti=<TaskInstance: etl_airflow.extract scheduled__2024-07-18T00:00:00+00:00 [queued]>
[2025-12-16T16:36:41.291+0000] {taskinstance.py:1956} INFO - Dependencies all met for dep_context=requeueable deps ti=<TaskInstance: etl_airflow.extract scheduled__2024-07-18T00:00:00+00:00 [queued]>
[2025-12-16T16:36:41.292+0000] {taskinstance.py:2170} INFO - Starting attempt 1 of 3
[2025-12-16T16:36:41.344+0000] {taskinstance.py:2191} INFO - Executing <Task(PythonOperator): extract> on 2024-07-18 00:00:00+00:00
[2025-12-16T16:36:41.352+0000] {standard_task_runner.py:60} INFO - Started process 795 to run task
[2025-12-16T16:36:41.362+0000] {standard_task_runner.py:87} INFO - Running: ['***', 'tasks', 'run', 'etl_***', 'extract', 'scheduled__2024-07-18T00:00:00+00:00', '--job-id', '583', '--raw', '--subdir', 'DAGS_FOLDER/etl_dag.py', '--cfg-path', '/tmp/tmpr_qz9t98']
[2025-12-16T16:36:41.368+0000] {standard_task_runner.py:88} INFO - Job 583: Subtask extract
[2025-12-16T16:36:41.508+0000] {task_command.py:423} INFO - Running <TaskInstance: etl_airflow.extract scheduled__2024-07-18T00:00:00+00:00 [running]> on host 02b83863a69a
[2025-12-16T16:36:41.653+0000] {taskinstance.py:2480} INFO - Exporting env vars: AIRFLOW_CTX_DAG_OWNER='***' AIRFLOW_CTX_DAG_ID='etl_***' AIRFLOW_CTX_TASK_ID='extract' AIRFLOW_CTX_EXECUTION_DATE='2024-07-18T00:00:00+00:00' AIRFLOW_CTX_TRY_NUMBER='1' AIRFLOW_CTX_DAG_RUN_ID='scheduled__2024-07-18T00:00:00+00:00'
[2025-12-16T16:36:41.657+0000] {logging_mixin.py:188} INFO - Extracting data from /opt/***/data/input.csv
[2025-12-16T16:36:41.666+0000] {taskinstance.py:2698} ERROR - Task failed with exception
Traceback (most recent call last):
  File "/home/airflow/.local/lib/python3.8/site-packages/airflow/models/taskinstance.py", line 433, in _execute_task
    result = execute_callable(context=context, **execute_callable_kwargs)
  File "/home/airflow/.local/lib/python3.8/site-packages/airflow/operators/python.py", line 199, in execute
    return_value = self.execute_callable()
  File "/home/airflow/.local/lib/python3.8/site-packages/airflow/operators/python.py", line 216, in execute_callable
    return self.python_callable(*self.op_args, **self.op_kwargs)
  File "/opt/airflow/dags/etl_logic/pipeline.py", line 97, in extract_data
    df = pd.read_csv(input_path)
  File "/home/airflow/.local/lib/python3.8/site-packages/pandas/io/parsers/readers.py", line 912, in read_csv
    return _read(filepath_or_buffer, kwds)
  File "/home/airflow/.local/lib/python3.8/site-packages/pandas/io/parsers/readers.py", line 577, in _read
    parser = TextFileReader(filepath_or_buffer, **kwds)
  File "/home/airflow/.local/lib/python3.8/site-packages/pandas/io/parsers/readers.py", line 1407, in __init__
    self._engine = self._make_engine(f, self.engine)
  File "/home/airflow/.local/lib/python3.8/site-packages/pandas/io/parsers/readers.py", line 1661, in _make_engine
    self.handles = get_handle(
  File "/home/airflow/.local/lib/python3.8/site-packages/pandas/io/common.py", line 859, in get_handle
    handle = open(
FileNotFoundError: [Errno 2] No such file or directory: '/opt/airflow/data/input.csv'
[2025-12-16T16:36:41.703+0000] {taskinstance.py:1138} INFO - Marking task as UP_FOR_RETRY. dag_id=etl_***, task_id=extract, execution_date=20240718T000000, start_date=20251216T163641, end_date=20251216T163641
[2025-12-16T16:36:41.721+0000] {standard_task_runner.py:107} ERROR - Failed to execute job 583 for task extract ([Errno 2] No such file or directory: '/opt/airflow/data/input.csv'; 795)
[2025-12-16T16:36:41.739+0000] {local_task_job_runner.py:234} INFO - Task exited with return code 1
[2025-12-16T16:36:41.771+0000] {taskinstance.py:3280} INFO - 0 downstream tasks scheduled from follow-on schedule check
[2025-12-17T01:53:33.530+0000] {taskinstance.py:1956} INFO - Dependencies all met for dep_context=non-requeueable deps ti=<TaskInstance: etl_airflow.extract scheduled__2024-07-18T00:00:00+00:00 [queued]>
[2025-12-17T01:53:33.549+0000] {taskinstance.py:1956} INFO - Dependencies all met for dep_context=requeueable deps ti=<TaskInstance: etl_airflow.extract scheduled__2024-07-18T00:00:00+00:00 [queued]>
[2025-12-17T01:53:33.550+0000] {taskinstance.py:2170} INFO - Starting attempt 1 of 3
[2025-12-17T01:53:33.590+0000] {taskinstance.py:2191} INFO - Executing <Task(PythonOperator): extract> on 2024-07-18 00:00:00+00:00
[2025-12-17T01:53:33.605+0000] {standard_task_runner.py:60} INFO - Started process 2098 to run task
[2025-12-17T01:53:33.628+0000] {standard_task_runner.py:87} INFO - Running: ['***', 'tasks', 'run', 'etl_***', 'extract', 'scheduled__2024-07-18T00:00:00+00:00', '--job-id', '592', '--raw', '--subdir', 'DAGS_FOLDER/etl_dag.py', '--cfg-path', '/tmp/tmppq_t60zm']
[2025-12-17T01:53:33.637+0000] {standard_task_runner.py:88} INFO - Job 592: Subtask extract
[2025-12-17T01:53:33.854+0000] {task_command.py:423} INFO - Running <TaskInstance: etl_airflow.extract scheduled__2024-07-18T00:00:00+00:00 [running]> on host 571e042550da
[2025-12-17T01:53:34.427+0000] {taskinstance.py:2480} INFO - Exporting env vars: AIRFLOW_CTX_DAG_OWNER='***' AIRFLOW_CTX_DAG_ID='etl_***' AIRFLOW_CTX_TASK_ID='extract' AIRFLOW_CTX_EXECUTION_DATE='2024-07-18T00:00:00+00:00' AIRFLOW_CTX_TRY_NUMBER='1' AIRFLOW_CTX_DAG_RUN_ID='scheduled__2024-07-18T00:00:00+00:00'
[2025-12-17T01:53:34.436+0000] {logging_mixin.py:188} INFO - [EXTRACT] Reading /opt/***/data/synthetic_events.csv
[2025-12-17T01:53:34.504+0000] {logging_mixin.py:188} INFO - [EXTRACT] done
[2025-12-17T01:53:34.507+0000] {python.py:201} INFO - Done. Returned value was: None
[2025-12-17T01:53:34.528+0000] {taskinstance.py:1138} INFO - Marking task as SUCCESS. dag_id=etl_***, task_id=extract, execution_date=20240718T000000, start_date=20251217T015333, end_date=20251217T015334
[2025-12-17T01:53:34.622+0000] {local_task_job_runner.py:234} INFO - Task exited with return code 0
[2025-12-17T01:53:34.972+0000] {taskinstance.py:3280} INFO - 0 downstream tasks scheduled from follow-on schedule check
[2025-12-17T04:21:14.244+0000] {taskinstance.py:1956} INFO - Dependencies all met for dep_context=non-requeueable deps ti=<TaskInstance: etl_airflow.extract scheduled__2024-07-18T00:00:00+00:00 [queued]>
[2025-12-17T04:21:14.259+0000] {taskinstance.py:1956} INFO - Dependencies all met for dep_context=requeueable deps ti=<TaskInstance: etl_airflow.extract scheduled__2024-07-18T00:00:00+00:00 [queued]>
[2025-12-17T04:21:14.260+0000] {taskinstance.py:2170} INFO - Starting attempt 1 of 3
[2025-12-17T04:21:14.281+0000] {taskinstance.py:2191} INFO - Executing <Task(PythonOperator): extract> on 2024-07-18 00:00:00+00:00
[2025-12-17T04:21:14.290+0000] {standard_task_runner.py:60} INFO - Started process 1248 to run task
[2025-12-17T04:21:14.295+0000] {standard_task_runner.py:87} INFO - Running: ['***', 'tasks', 'run', 'etl_***', 'extract', 'scheduled__2024-07-18T00:00:00+00:00', '--job-id', '311', '--raw', '--subdir', 'DAGS_FOLDER/etl_dag.py', '--cfg-path', '/tmp/tmp_pwsvpq8']
[2025-12-17T04:21:14.299+0000] {standard_task_runner.py:88} INFO - Job 311: Subtask extract
[2025-12-17T04:21:14.404+0000] {task_command.py:423} INFO - Running <TaskInstance: etl_airflow.extract scheduled__2024-07-18T00:00:00+00:00 [running]> on host c5811fe183ca
[2025-12-17T04:21:14.757+0000] {taskinstance.py:2480} INFO - Exporting env vars: AIRFLOW_CTX_DAG_OWNER='***' AIRFLOW_CTX_DAG_ID='etl_***' AIRFLOW_CTX_TASK_ID='extract' AIRFLOW_CTX_EXECUTION_DATE='2024-07-18T00:00:00+00:00' AIRFLOW_CTX_TRY_NUMBER='1' AIRFLOW_CTX_DAG_RUN_ID='scheduled__2024-07-18T00:00:00+00:00'
[2025-12-17T04:21:14.776+0000] {python.py:201} INFO - Done. Returned value was:    user_id event_type           timestamp country
0        1      login 2025-01-01 09:00:00      IN
1        1      click 2025-01-01 09:05:00      IN
2        1     logout 2025-01-01 09:15:00      IN
3        2      login 2025-01-01 10:00:00      US
4        2      click 2025-01-01 10:10:00      US
5        2     logout 2025-01-01 10:20:00      US
6        3      login 2025-01-02 08:00:00      FR
7        3      click 2025-01-02 08:05:00      FR
8        3     logout 2025-01-02 08:30:00      FR
[2025-12-17T04:21:14.836+0000] {taskinstance.py:1138} INFO - Marking task as SUCCESS. dag_id=etl_***, task_id=extract, execution_date=20240718T000000, start_date=20251217T042114, end_date=20251217T042114
[2025-12-17T04:21:14.911+0000] {local_task_job_runner.py:234} INFO - Task exited with return code 0
[2025-12-17T04:21:14.943+0000] {taskinstance.py:3280} INFO - 0 downstream tasks scheduled from follow-on schedule check
[2025-12-17T04:49:20.782+0000] {taskinstance.py:1956} INFO - Dependencies all met for dep_context=non-requeueable deps ti=<TaskInstance: etl_airflow.extract scheduled__2024-07-18T00:00:00+00:00 [queued]>
[2025-12-17T04:49:20.799+0000] {taskinstance.py:1956} INFO - Dependencies all met for dep_context=requeueable deps ti=<TaskInstance: etl_airflow.extract scheduled__2024-07-18T00:00:00+00:00 [queued]>
[2025-12-17T04:49:20.800+0000] {taskinstance.py:2170} INFO - Starting attempt 1 of 3
[2025-12-17T04:49:20.921+0000] {taskinstance.py:2191} INFO - Executing <Task(PythonOperator): extract> on 2024-07-18 00:00:00+00:00
[2025-12-17T04:49:20.934+0000] {standard_task_runner.py:60} INFO - Started process 2784 to run task
[2025-12-17T04:49:20.940+0000] {standard_task_runner.py:87} INFO - Running: ['***', 'tasks', 'run', 'etl_***', 'extract', 'scheduled__2024-07-18T00:00:00+00:00', '--job-id', '777', '--raw', '--subdir', 'DAGS_FOLDER/etl_***.py', '--cfg-path', '/tmp/tmp8_a6wuem']
[2025-12-17T04:49:20.944+0000] {standard_task_runner.py:88} INFO - Job 777: Subtask extract
[2025-12-17T04:49:21.076+0000] {task_command.py:423} INFO - Running <TaskInstance: etl_airflow.extract scheduled__2024-07-18T00:00:00+00:00 [running]> on host b3426f05ac70
[2025-12-17T04:49:21.492+0000] {taskinstance.py:2480} INFO - Exporting env vars: AIRFLOW_CTX_DAG_OWNER='***' AIRFLOW_CTX_DAG_ID='etl_***' AIRFLOW_CTX_TASK_ID='extract' AIRFLOW_CTX_EXECUTION_DATE='2024-07-18T00:00:00+00:00' AIRFLOW_CTX_TRY_NUMBER='1' AIRFLOW_CTX_DAG_RUN_ID='scheduled__2024-07-18T00:00:00+00:00'
[2025-12-17T04:49:21.515+0000] {python.py:201} INFO - Done. Returned value was:    user_id event_type           timestamp country
0        1      login 2025-01-01 09:00:00      IN
1        1      click 2025-01-01 09:05:00      IN
2        1     logout 2025-01-01 09:15:00      IN
3        2      login 2025-01-01 10:00:00      US
4        2      click 2025-01-01 10:10:00      US
5        2     logout 2025-01-01 10:20:00      US
6        3      login 2025-01-02 08:00:00      FR
7        3      click 2025-01-02 08:05:00      FR
8        3     logout 2025-01-02 08:30:00      FR
[2025-12-17T04:49:21.582+0000] {taskinstance.py:1138} INFO - Marking task as SUCCESS. dag_id=etl_***, task_id=extract, execution_date=20240718T000000, start_date=20251217T044920, end_date=20251217T044921
[2025-12-17T04:49:21.641+0000] {local_task_job_runner.py:234} INFO - Task exited with return code 0
[2025-12-17T04:49:21.706+0000] {taskinstance.py:3280} INFO - 1 downstream tasks scheduled from follow-on schedule check
[2025-12-17T07:43:03.218+0000] {taskinstance.py:1956} INFO - Dependencies all met for dep_context=non-requeueable deps ti=<TaskInstance: etl_airflow.extract scheduled__2024-07-18T00:00:00+00:00 [queued]>
[2025-12-17T07:43:03.239+0000] {taskinstance.py:1956} INFO - Dependencies all met for dep_context=requeueable deps ti=<TaskInstance: etl_airflow.extract scheduled__2024-07-18T00:00:00+00:00 [queued]>
[2025-12-17T07:43:03.240+0000] {taskinstance.py:2170} INFO - Starting attempt 1 of 3
[2025-12-17T07:43:03.495+0000] {taskinstance.py:2191} INFO - Executing <Task(PythonOperator): extract> on 2024-07-18 00:00:00+00:00
[2025-12-17T07:43:03.512+0000] {standard_task_runner.py:60} INFO - Started process 2870 to run task
[2025-12-17T07:43:03.527+0000] {standard_task_runner.py:87} INFO - Running: ['***', 'tasks', 'run', 'etl_***', 'extract', 'scheduled__2024-07-18T00:00:00+00:00', '--job-id', '779', '--raw', '--subdir', 'DAGS_FOLDER/etl_***.py', '--cfg-path', '/tmp/tmpq4tdq8yp']
[2025-12-17T07:43:03.539+0000] {standard_task_runner.py:88} INFO - Job 779: Subtask extract
[2025-12-17T07:43:03.733+0000] {task_command.py:423} INFO - Running <TaskInstance: etl_airflow.extract scheduled__2024-07-18T00:00:00+00:00 [running]> on host 2a0de06c8905
[2025-12-17T07:43:04.351+0000] {taskinstance.py:2480} INFO - Exporting env vars: AIRFLOW_CTX_DAG_OWNER='***' AIRFLOW_CTX_DAG_ID='etl_***' AIRFLOW_CTX_TASK_ID='extract' AIRFLOW_CTX_EXECUTION_DATE='2024-07-18T00:00:00+00:00' AIRFLOW_CTX_TRY_NUMBER='1' AIRFLOW_CTX_DAG_RUN_ID='scheduled__2024-07-18T00:00:00+00:00'
[2025-12-17T07:43:04.403+0000] {python.py:201} INFO - Done. Returned value was:    user_id event_type           timestamp country
0        1      login 2025-01-01 09:00:00      IN
1        1      click 2025-01-01 09:05:00      IN
2        1     logout 2025-01-01 09:15:00      IN
3        2      login 2025-01-01 10:00:00      US
4        2      click 2025-01-01 10:10:00      US
5        2     logout 2025-01-01 10:20:00      US
6        3      login 2025-01-02 08:00:00      FR
7        3      click 2025-01-02 08:05:00      FR
8        3     logout 2025-01-02 08:30:00      FR
[2025-12-17T07:43:04.501+0000] {taskinstance.py:1138} INFO - Marking task as SUCCESS. dag_id=etl_***, task_id=extract, execution_date=20240718T000000, start_date=20251217T074303, end_date=20251217T074304
[2025-12-17T07:43:04.634+0000] {local_task_job_runner.py:234} INFO - Task exited with return code 0
[2025-12-17T07:43:05.082+0000] {taskinstance.py:3280} INFO - 0 downstream tasks scheduled from follow-on schedule check
