[2025-12-16T17:13:15.073+0000] {taskinstance.py:1956} INFO - Dependencies all met for dep_context=non-requeueable deps ti=<TaskInstance: etl_airflow.load scheduled__2024-08-06T00:00:00+00:00 [queued]>
[2025-12-16T17:13:15.112+0000] {taskinstance.py:1956} INFO - Dependencies all met for dep_context=requeueable deps ti=<TaskInstance: etl_airflow.load scheduled__2024-08-06T00:00:00+00:00 [queued]>
[2025-12-16T17:13:15.114+0000] {taskinstance.py:2170} INFO - Starting attempt 1 of 3
[2025-12-16T17:13:15.153+0000] {taskinstance.py:2191} INFO - Executing <Task(PythonOperator): load> on 2024-08-06 00:00:00+00:00
[2025-12-16T17:13:15.167+0000] {standard_task_runner.py:60} INFO - Started process 607 to run task
[2025-12-16T17:13:15.176+0000] {standard_task_runner.py:87} INFO - Running: ['***', 'tasks', 'run', 'etl_***', 'load', 'scheduled__2024-08-06T00:00:00+00:00', '--job-id', '4269', '--raw', '--subdir', 'DAGS_FOLDER/etl_dag.py', '--cfg-path', '/tmp/tmpzzjc1nks']
[2025-12-16T17:13:15.181+0000] {standard_task_runner.py:88} INFO - Job 4269: Subtask load
[2025-12-16T17:13:15.351+0000] {task_command.py:423} INFO - Running <TaskInstance: etl_airflow.load scheduled__2024-08-06T00:00:00+00:00 [running]> on host 3b89cfee50e9
[2025-12-16T17:13:15.558+0000] {taskinstance.py:2480} INFO - Exporting env vars: AIRFLOW_CTX_DAG_OWNER='***' AIRFLOW_CTX_DAG_ID='etl_***' AIRFLOW_CTX_TASK_ID='load' AIRFLOW_CTX_EXECUTION_DATE='2024-08-06T00:00:00+00:00' AIRFLOW_CTX_TRY_NUMBER='1' AIRFLOW_CTX_DAG_RUN_ID='scheduled__2024-08-06T00:00:00+00:00'
[2025-12-16T17:13:15.563+0000] {logging_mixin.py:188} INFO - [LOAD]
[2025-12-16T17:13:15.881+0000] {logging_mixin.py:188} INFO -    user_id event_type            timestamp country
0        1      login  2025-01-01T09:00:00      IN
1        1      click  2025-01-01T09:05:00      IN
2        1     logout  2025-01-01T09:15:00      IN
3        3      login  2025-01-02T08:00:00      FR
4        3      click  2025-01-02T08:05:00      FR
[2025-12-16T17:13:15.882+0000] {logging_mixin.py:188} INFO - [LOAD] done
[2025-12-16T17:13:15.883+0000] {python.py:201} INFO - Done. Returned value was: None
[2025-12-16T17:13:15.899+0000] {taskinstance.py:1138} INFO - Marking task as SUCCESS. dag_id=etl_***, task_id=load, execution_date=20240806T000000, start_date=20251216T171315, end_date=20251216T171315
[2025-12-16T17:13:16.041+0000] {local_task_job_runner.py:234} INFO - Task exited with return code 0
[2025-12-16T17:13:16.075+0000] {taskinstance.py:3280} INFO - 0 downstream tasks scheduled from follow-on schedule check
[2025-12-17T01:54:02.321+0000] {taskinstance.py:1956} INFO - Dependencies all met for dep_context=non-requeueable deps ti=<TaskInstance: etl_airflow.load scheduled__2024-08-06T00:00:00+00:00 [queued]>
[2025-12-17T01:54:02.349+0000] {taskinstance.py:1956} INFO - Dependencies all met for dep_context=requeueable deps ti=<TaskInstance: etl_airflow.load scheduled__2024-08-06T00:00:00+00:00 [queued]>
[2025-12-17T01:54:02.351+0000] {taskinstance.py:2170} INFO - Starting attempt 1 of 3
[2025-12-17T01:54:02.397+0000] {taskinstance.py:2191} INFO - Executing <Task(PythonOperator): load> on 2024-08-06 00:00:00+00:00
[2025-12-17T01:54:02.414+0000] {standard_task_runner.py:60} INFO - Started process 2340 to run task
[2025-12-17T01:54:02.426+0000] {standard_task_runner.py:87} INFO - Running: ['***', 'tasks', 'run', 'etl_***', 'load', 'scheduled__2024-08-06T00:00:00+00:00', '--job-id', '672', '--raw', '--subdir', 'DAGS_FOLDER/etl_dag.py', '--cfg-path', '/tmp/tmp36sucdly']
[2025-12-17T01:54:02.436+0000] {standard_task_runner.py:88} INFO - Job 672: Subtask load
[2025-12-17T01:54:02.606+0000] {task_command.py:423} INFO - Running <TaskInstance: etl_airflow.load scheduled__2024-08-06T00:00:00+00:00 [running]> on host 571e042550da
[2025-12-17T01:54:03.229+0000] {taskinstance.py:2480} INFO - Exporting env vars: AIRFLOW_CTX_DAG_OWNER='***' AIRFLOW_CTX_DAG_ID='etl_***' AIRFLOW_CTX_TASK_ID='load' AIRFLOW_CTX_EXECUTION_DATE='2024-08-06T00:00:00+00:00' AIRFLOW_CTX_TRY_NUMBER='1' AIRFLOW_CTX_DAG_RUN_ID='scheduled__2024-08-06T00:00:00+00:00'
[2025-12-17T01:54:03.234+0000] {logging_mixin.py:188} INFO - [LOAD]
[2025-12-17T01:54:03.273+0000] {logging_mixin.py:188} INFO -    user_id event_type            timestamp country
0        1      login  2025-01-01T09:00:00      IN
1        1      click  2025-01-01T09:05:00      IN
2        1     logout  2025-01-01T09:15:00      IN
3        3      login  2025-01-02T08:00:00      FR
4        3      click  2025-01-02T08:05:00      FR
[2025-12-17T01:54:03.274+0000] {logging_mixin.py:188} INFO - [LOAD] done
[2025-12-17T01:54:03.276+0000] {python.py:201} INFO - Done. Returned value was: None
[2025-12-17T01:54:03.294+0000] {taskinstance.py:1138} INFO - Marking task as SUCCESS. dag_id=etl_***, task_id=load, execution_date=20240806T000000, start_date=20251217T015402, end_date=20251217T015403
[2025-12-17T01:54:03.368+0000] {local_task_job_runner.py:234} INFO - Task exited with return code 0
[2025-12-17T01:54:03.407+0000] {taskinstance.py:3280} INFO - 0 downstream tasks scheduled from follow-on schedule check
