[2025-12-16T17:06:08.379+0000] {taskinstance.py:1956} INFO - Dependencies all met for dep_context=non-requeueable deps ti=<TaskInstance: etl_airflow.extract scheduled__2025-01-08T00:00:00+00:00 [queued]>
[2025-12-16T17:06:08.397+0000] {taskinstance.py:1956} INFO - Dependencies all met for dep_context=requeueable deps ti=<TaskInstance: etl_airflow.extract scheduled__2025-01-08T00:00:00+00:00 [queued]>
[2025-12-16T17:06:08.398+0000] {taskinstance.py:2170} INFO - Starting attempt 6 of 6
[2025-12-16T17:06:08.420+0000] {taskinstance.py:2191} INFO - Executing <Task(PythonOperator): extract> on 2025-01-08 00:00:00+00:00
[2025-12-16T17:06:08.430+0000] {standard_task_runner.py:60} INFO - Started process 1010 to run task
[2025-12-16T17:06:08.437+0000] {standard_task_runner.py:87} INFO - Running: ['***', 'tasks', 'run', 'etl_***', 'extract', 'scheduled__2025-01-08T00:00:00+00:00', '--job-id', '3224', '--raw', '--subdir', 'DAGS_FOLDER/etl_dag.py', '--cfg-path', '/tmp/tmpsw5vjbax']
[2025-12-16T17:06:08.442+0000] {standard_task_runner.py:88} INFO - Job 3224: Subtask extract
[2025-12-16T17:06:08.562+0000] {task_command.py:423} INFO - Running <TaskInstance: etl_airflow.extract scheduled__2025-01-08T00:00:00+00:00 [running]> on host db658e834d9d
[2025-12-16T17:06:08.704+0000] {taskinstance.py:2480} INFO - Exporting env vars: AIRFLOW_CTX_DAG_OWNER='***' AIRFLOW_CTX_DAG_ID='etl_***' AIRFLOW_CTX_TASK_ID='extract' AIRFLOW_CTX_EXECUTION_DATE='2025-01-08T00:00:00+00:00' AIRFLOW_CTX_TRY_NUMBER='6' AIRFLOW_CTX_DAG_RUN_ID='scheduled__2025-01-08T00:00:00+00:00'
[2025-12-16T17:06:08.711+0000] {logging_mixin.py:188} INFO - [EXTRACT] E:\GPP\Task_4\comparative-data-orchestrationirflow\data\synthetic_events.csv
[2025-12-16T17:06:08.712+0000] {taskinstance.py:2698} ERROR - Task failed with exception
Traceback (most recent call last):
  File "/home/airflow/.local/lib/python3.8/site-packages/airflow/models/taskinstance.py", line 433, in _execute_task
    result = execute_callable(context=context, **execute_callable_kwargs)
  File "/home/airflow/.local/lib/python3.8/site-packages/airflow/operators/python.py", line 199, in execute
    return_value = self.execute_callable()
  File "/home/airflow/.local/lib/python3.8/site-packages/airflow/operators/python.py", line 216, in execute_callable
    return self.python_callable(*self.op_args, **self.op_kwargs)
  File "/opt/airflow/etl_logic/pipeline.py", line 100, in extract_data
    raise FileNotFoundError(f"{input_path} not found")
FileNotFoundError: E:\GPP\Task_4\comparative-data-orchestrationirflow\data\synthetic_events.csv not found
[2025-12-16T17:06:08.731+0000] {taskinstance.py:1138} INFO - Marking task as FAILED. dag_id=etl_***, task_id=extract, execution_date=20250108T000000, start_date=20251216T170608, end_date=20251216T170608
[2025-12-16T17:06:08.750+0000] {standard_task_runner.py:107} ERROR - Failed to execute job 3224 for task extract (E:\GPP\Task_4\comparative-data-orchestrationirflow\data\synthetic_events.csv not found; 1010)
[2025-12-16T17:06:08.771+0000] {local_task_job_runner.py:234} INFO - Task exited with return code 1
[2025-12-16T17:06:08.835+0000] {taskinstance.py:3280} INFO - 0 downstream tasks scheduled from follow-on schedule check
