[2025-12-17T02:01:46.340+0000] {taskinstance.py:1956} INFO - Dependencies all met for dep_context=non-requeueable deps ti=<TaskInstance: etl_airflow.transform scheduled__2025-12-06T00:00:00+00:00 [queued]>
[2025-12-17T02:01:46.358+0000] {taskinstance.py:1956} INFO - Dependencies all met for dep_context=requeueable deps ti=<TaskInstance: etl_airflow.transform scheduled__2025-12-06T00:00:00+00:00 [queued]>
[2025-12-17T02:01:46.360+0000] {taskinstance.py:2170} INFO - Starting attempt 1 of 3
[2025-12-17T02:01:46.394+0000] {taskinstance.py:2191} INFO - Executing <Task(PythonOperator): transform> on 2025-12-06 00:00:00+00:00
[2025-12-17T02:01:46.406+0000] {standard_task_runner.py:60} INFO - Started process 7019 to run task
[2025-12-17T02:01:46.411+0000] {standard_task_runner.py:87} INFO - Running: ['***', 'tasks', 'run', 'etl_***', 'transform', 'scheduled__2025-12-06T00:00:00+00:00', '--job-id', '2148', '--raw', '--subdir', 'DAGS_FOLDER/etl_dag.py', '--cfg-path', '/tmp/tmpl5j14zsx']
[2025-12-17T02:01:46.415+0000] {standard_task_runner.py:88} INFO - Job 2148: Subtask transform
[2025-12-17T02:01:46.564+0000] {task_command.py:423} INFO - Running <TaskInstance: etl_airflow.transform scheduled__2025-12-06T00:00:00+00:00 [running]> on host 571e042550da
[2025-12-17T02:01:47.010+0000] {taskinstance.py:2480} INFO - Exporting env vars: AIRFLOW_CTX_DAG_OWNER='***' AIRFLOW_CTX_DAG_ID='etl_***' AIRFLOW_CTX_TASK_ID='transform' AIRFLOW_CTX_EXECUTION_DATE='2025-12-06T00:00:00+00:00' AIRFLOW_CTX_TRY_NUMBER='1' AIRFLOW_CTX_DAG_RUN_ID='scheduled__2025-12-06T00:00:00+00:00'
[2025-12-17T02:01:47.015+0000] {logging_mixin.py:188} INFO - [TRANSFORM]
[2025-12-17T02:01:47.049+0000] {logging_mixin.py:188} INFO - [TRANSFORM] done
[2025-12-17T02:01:47.050+0000] {python.py:201} INFO - Done. Returned value was: None
[2025-12-17T02:01:47.070+0000] {taskinstance.py:1138} INFO - Marking task as SUCCESS. dag_id=etl_***, task_id=transform, execution_date=20251206T000000, start_date=20251217T020146, end_date=20251217T020147
[2025-12-17T02:01:47.115+0000] {local_task_job_runner.py:234} INFO - Task exited with return code 0
[2025-12-17T02:01:47.163+0000] {taskinstance.py:3280} INFO - 1 downstream tasks scheduled from follow-on schedule check
[2025-12-17T05:07:48.929+0000] {taskinstance.py:1956} INFO - Dependencies all met for dep_context=non-requeueable deps ti=<TaskInstance: etl_airflow.transform scheduled__2025-12-06T00:00:00+00:00 [queued]>
[2025-12-17T05:07:48.942+0000] {taskinstance.py:1956} INFO - Dependencies all met for dep_context=requeueable deps ti=<TaskInstance: etl_airflow.transform scheduled__2025-12-06T00:00:00+00:00 [queued]>
[2025-12-17T05:07:48.943+0000] {taskinstance.py:2170} INFO - Starting attempt 1 of 3
[2025-12-17T05:07:49.015+0000] {taskinstance.py:2191} INFO - Executing <Task(PythonOperator): transform> on 2025-12-06 00:00:00+00:00
[2025-12-17T05:07:49.024+0000] {standard_task_runner.py:60} INFO - Started process 9533 to run task
[2025-12-17T05:07:49.029+0000] {standard_task_runner.py:87} INFO - Running: ['***', 'tasks', 'run', 'etl_***', 'transform', 'scheduled__2025-12-06T00:00:00+00:00', '--job-id', '2823', '--raw', '--subdir', 'DAGS_FOLDER/etl_***.py', '--cfg-path', '/tmp/tmpwqcr2ll0']
[2025-12-17T05:07:49.033+0000] {standard_task_runner.py:88} INFO - Job 2823: Subtask transform
[2025-12-17T05:07:49.142+0000] {task_command.py:423} INFO - Running <TaskInstance: etl_airflow.transform scheduled__2025-12-06T00:00:00+00:00 [running]> on host b3426f05ac70
[2025-12-17T05:07:49.485+0000] {taskinstance.py:2480} INFO - Exporting env vars: AIRFLOW_CTX_DAG_OWNER='***' AIRFLOW_CTX_DAG_ID='etl_***' AIRFLOW_CTX_TASK_ID='transform' AIRFLOW_CTX_EXECUTION_DATE='2025-12-06T00:00:00+00:00' AIRFLOW_CTX_TRY_NUMBER='1' AIRFLOW_CTX_DAG_RUN_ID='scheduled__2025-12-06T00:00:00+00:00'
[2025-12-17T05:07:49.487+0000] {taskinstance.py:2698} ERROR - Task failed with exception
Traceback (most recent call last):
  File "/home/airflow/.local/lib/python3.8/site-packages/airflow/models/taskinstance.py", line 433, in _execute_task
    result = execute_callable(context=context, **execute_callable_kwargs)
  File "/home/airflow/.local/lib/python3.8/site-packages/airflow/operators/python.py", line 199, in execute
    return_value = self.execute_callable()
  File "/home/airflow/.local/lib/python3.8/site-packages/airflow/operators/python.py", line 216, in execute_callable
    return self.python_callable(*self.op_args, **self.op_kwargs)
TypeError: transform_data() missing 1 required positional argument: 'df'
[2025-12-17T05:07:49.500+0000] {taskinstance.py:1138} INFO - Marking task as UP_FOR_RETRY. dag_id=etl_***, task_id=transform, execution_date=20251206T000000, start_date=20251217T050748, end_date=20251217T050749
[2025-12-17T05:07:49.625+0000] {standard_task_runner.py:107} ERROR - Failed to execute job 2823 for task transform (transform_data() missing 1 required positional argument: 'df'; 9533)
[2025-12-17T05:07:49.646+0000] {local_task_job_runner.py:234} INFO - Task exited with return code 1
[2025-12-17T05:07:49.684+0000] {taskinstance.py:3280} INFO - 0 downstream tasks scheduled from follow-on schedule check
