[2025-12-17T02:00:09.386+0000] {taskinstance.py:1956} INFO - Dependencies all met for dep_context=non-requeueable deps ti=<TaskInstance: etl_airflow.transform scheduled__2025-08-15T00:00:00+00:00 [queued]>
[2025-12-17T02:00:09.409+0000] {taskinstance.py:1956} INFO - Dependencies all met for dep_context=requeueable deps ti=<TaskInstance: etl_airflow.transform scheduled__2025-08-15T00:00:00+00:00 [queued]>
[2025-12-17T02:00:09.410+0000] {taskinstance.py:2170} INFO - Starting attempt 1 of 3
[2025-12-17T02:00:09.445+0000] {taskinstance.py:2191} INFO - Executing <Task(PythonOperator): transform> on 2025-08-15 00:00:00+00:00
[2025-12-17T02:00:09.457+0000] {standard_task_runner.py:60} INFO - Started process 5977 to run task
[2025-12-17T02:00:09.465+0000] {standard_task_runner.py:87} INFO - Running: ['***', 'tasks', 'run', 'etl_***', 'transform', 'scheduled__2025-08-15T00:00:00+00:00', '--job-id', '1819', '--raw', '--subdir', 'DAGS_FOLDER/etl_dag.py', '--cfg-path', '/tmp/tmpiuvtlef3']
[2025-12-17T02:00:09.469+0000] {standard_task_runner.py:88} INFO - Job 1819: Subtask transform
[2025-12-17T02:00:09.635+0000] {task_command.py:423} INFO - Running <TaskInstance: etl_airflow.transform scheduled__2025-08-15T00:00:00+00:00 [running]> on host 571e042550da
[2025-12-17T02:00:10.146+0000] {taskinstance.py:2480} INFO - Exporting env vars: AIRFLOW_CTX_DAG_OWNER='***' AIRFLOW_CTX_DAG_ID='etl_***' AIRFLOW_CTX_TASK_ID='transform' AIRFLOW_CTX_EXECUTION_DATE='2025-08-15T00:00:00+00:00' AIRFLOW_CTX_TRY_NUMBER='1' AIRFLOW_CTX_DAG_RUN_ID='scheduled__2025-08-15T00:00:00+00:00'
[2025-12-17T02:00:10.149+0000] {logging_mixin.py:188} INFO - [TRANSFORM]
[2025-12-17T02:00:10.195+0000] {logging_mixin.py:188} INFO - [TRANSFORM] done
[2025-12-17T02:00:10.196+0000] {python.py:201} INFO - Done. Returned value was: None
[2025-12-17T02:00:10.222+0000] {taskinstance.py:1138} INFO - Marking task as SUCCESS. dag_id=etl_***, task_id=transform, execution_date=20250815T000000, start_date=20251217T020009, end_date=20251217T020010
[2025-12-17T02:00:10.293+0000] {local_task_job_runner.py:234} INFO - Task exited with return code 0
[2025-12-17T02:00:10.358+0000] {taskinstance.py:3280} INFO - 1 downstream tasks scheduled from follow-on schedule check
[2025-12-17T05:03:40.917+0000] {taskinstance.py:1956} INFO - Dependencies all met for dep_context=non-requeueable deps ti=<TaskInstance: etl_airflow.transform scheduled__2025-08-15T00:00:00+00:00 [queued]>
[2025-12-17T05:03:40.929+0000] {taskinstance.py:1956} INFO - Dependencies all met for dep_context=requeueable deps ti=<TaskInstance: etl_airflow.transform scheduled__2025-08-15T00:00:00+00:00 [queued]>
[2025-12-17T05:03:40.930+0000] {taskinstance.py:2170} INFO - Starting attempt 1 of 3
[2025-12-17T05:03:40.948+0000] {taskinstance.py:2191} INFO - Executing <Task(PythonOperator): transform> on 2025-08-15 00:00:00+00:00
[2025-12-17T05:03:40.958+0000] {standard_task_runner.py:60} INFO - Started process 8032 to run task
[2025-12-17T05:03:40.963+0000] {standard_task_runner.py:87} INFO - Running: ['***', 'tasks', 'run', 'etl_***', 'transform', 'scheduled__2025-08-15T00:00:00+00:00', '--job-id', '2371', '--raw', '--subdir', 'DAGS_FOLDER/etl_***.py', '--cfg-path', '/tmp/tmpy9u_wb11']
[2025-12-17T05:03:40.967+0000] {standard_task_runner.py:88} INFO - Job 2371: Subtask transform
[2025-12-17T05:03:41.107+0000] {task_command.py:423} INFO - Running <TaskInstance: etl_airflow.transform scheduled__2025-08-15T00:00:00+00:00 [running]> on host b3426f05ac70
[2025-12-17T05:03:41.563+0000] {taskinstance.py:2480} INFO - Exporting env vars: AIRFLOW_CTX_DAG_OWNER='***' AIRFLOW_CTX_DAG_ID='etl_***' AIRFLOW_CTX_TASK_ID='transform' AIRFLOW_CTX_EXECUTION_DATE='2025-08-15T00:00:00+00:00' AIRFLOW_CTX_TRY_NUMBER='1' AIRFLOW_CTX_DAG_RUN_ID='scheduled__2025-08-15T00:00:00+00:00'
[2025-12-17T05:03:41.567+0000] {taskinstance.py:2698} ERROR - Task failed with exception
Traceback (most recent call last):
  File "/home/airflow/.local/lib/python3.8/site-packages/airflow/models/taskinstance.py", line 433, in _execute_task
    result = execute_callable(context=context, **execute_callable_kwargs)
  File "/home/airflow/.local/lib/python3.8/site-packages/airflow/operators/python.py", line 199, in execute
    return_value = self.execute_callable()
  File "/home/airflow/.local/lib/python3.8/site-packages/airflow/operators/python.py", line 216, in execute_callable
    return self.python_callable(*self.op_args, **self.op_kwargs)
TypeError: transform_data() missing 1 required positional argument: 'df'
[2025-12-17T05:03:41.587+0000] {taskinstance.py:1138} INFO - Marking task as UP_FOR_RETRY. dag_id=etl_***, task_id=transform, execution_date=20250815T000000, start_date=20251217T050340, end_date=20251217T050341
[2025-12-17T05:03:41.614+0000] {standard_task_runner.py:107} ERROR - Failed to execute job 2371 for task transform (transform_data() missing 1 required positional argument: 'df'; 8032)
[2025-12-17T05:03:41.661+0000] {local_task_job_runner.py:234} INFO - Task exited with return code 1
[2025-12-17T05:03:41.707+0000] {taskinstance.py:3280} INFO - 0 downstream tasks scheduled from follow-on schedule check
