[2025-12-16T17:06:29.584+0000] {taskinstance.py:1956} INFO - Dependencies all met for dep_context=non-requeueable deps ti=<TaskInstance: etl_airflow.transform scheduled__2025-02-01T00:00:00+00:00 [queued]>
[2025-12-16T17:06:29.604+0000] {taskinstance.py:1956} INFO - Dependencies all met for dep_context=requeueable deps ti=<TaskInstance: etl_airflow.transform scheduled__2025-02-01T00:00:00+00:00 [queued]>
[2025-12-16T17:06:29.605+0000] {taskinstance.py:2170} INFO - Starting attempt 1 of 3
[2025-12-16T17:06:29.631+0000] {taskinstance.py:2191} INFO - Executing <Task(PythonOperator): transform> on 2025-02-01 00:00:00+00:00
[2025-12-16T17:06:29.641+0000] {standard_task_runner.py:60} INFO - Started process 1170 to run task
[2025-12-16T17:06:29.652+0000] {standard_task_runner.py:87} INFO - Running: ['***', 'tasks', 'run', 'etl_***', 'transform', 'scheduled__2025-02-01T00:00:00+00:00', '--job-id', '3276', '--raw', '--subdir', 'DAGS_FOLDER/etl_dag.py', '--cfg-path', '/tmp/tmpykd2otwo']
[2025-12-16T17:06:29.658+0000] {standard_task_runner.py:88} INFO - Job 3276: Subtask transform
[2025-12-16T17:06:29.799+0000] {task_command.py:423} INFO - Running <TaskInstance: etl_airflow.transform scheduled__2025-02-01T00:00:00+00:00 [running]> on host db658e834d9d
[2025-12-16T17:06:29.966+0000] {taskinstance.py:2480} INFO - Exporting env vars: AIRFLOW_CTX_DAG_OWNER='***' AIRFLOW_CTX_DAG_ID='etl_***' AIRFLOW_CTX_TASK_ID='transform' AIRFLOW_CTX_EXECUTION_DATE='2025-02-01T00:00:00+00:00' AIRFLOW_CTX_TRY_NUMBER='1' AIRFLOW_CTX_DAG_RUN_ID='scheduled__2025-02-01T00:00:00+00:00'
[2025-12-16T17:06:29.970+0000] {logging_mixin.py:188} INFO - [TRANSFORM]
[2025-12-16T17:06:29.988+0000] {taskinstance.py:2698} ERROR - Task failed with exception
Traceback (most recent call last):
  File "/home/airflow/.local/lib/python3.8/site-packages/airflow/models/taskinstance.py", line 433, in _execute_task
    result = execute_callable(context=context, **execute_callable_kwargs)
  File "/home/airflow/.local/lib/python3.8/site-packages/airflow/operators/python.py", line 199, in execute
    return_value = self.execute_callable()
  File "/home/airflow/.local/lib/python3.8/site-packages/airflow/operators/python.py", line 216, in execute_callable
    return self.python_callable(*self.op_args, **self.op_kwargs)
  File "/opt/airflow/etl_logic/pipeline.py", line 113, in transform_data
    df.to_csv(OUTPUT_PATH, index=False)
  File "/home/airflow/.local/lib/python3.8/site-packages/pandas/core/generic.py", line 3772, in to_csv
    return DataFrameRenderer(formatter).to_csv(
  File "/home/airflow/.local/lib/python3.8/site-packages/pandas/io/formats/format.py", line 1186, in to_csv
    csv_formatter.save()
  File "/home/airflow/.local/lib/python3.8/site-packages/pandas/io/formats/csvs.py", line 240, in save
    with get_handle(
  File "/home/airflow/.local/lib/python3.8/site-packages/pandas/io/common.py", line 737, in get_handle
    check_parent_directory(str(handle))
  File "/home/airflow/.local/lib/python3.8/site-packages/pandas/io/common.py", line 600, in check_parent_directory
    raise OSError(rf"Cannot save file into a non-existent directory: '{parent}'")
OSError: Cannot save file into a non-existent directory: 'E:\GPP\Task_4\comparative-data-orchestrationirflow\data'
[2025-12-16T17:06:30.019+0000] {taskinstance.py:1138} INFO - Marking task as UP_FOR_RETRY. dag_id=etl_***, task_id=transform, execution_date=20250201T000000, start_date=20251216T170629, end_date=20251216T170630
[2025-12-16T17:06:30.045+0000] {standard_task_runner.py:107} ERROR - Failed to execute job 3276 for task transform (Cannot save file into a non-existent directory: 'E:\GPP\Task_4\comparative-data-orchestrationirflow\data'; 1170)
[2025-12-16T17:06:30.064+0000] {local_task_job_runner.py:234} INFO - Task exited with return code 1
[2025-12-16T17:06:30.115+0000] {taskinstance.py:3280} INFO - 0 downstream tasks scheduled from follow-on schedule check
[2025-12-17T01:57:04.425+0000] {taskinstance.py:1956} INFO - Dependencies all met for dep_context=non-requeueable deps ti=<TaskInstance: etl_airflow.transform scheduled__2025-02-01T00:00:00+00:00 [queued]>
[2025-12-17T01:57:04.454+0000] {taskinstance.py:1956} INFO - Dependencies all met for dep_context=requeueable deps ti=<TaskInstance: etl_airflow.transform scheduled__2025-02-01T00:00:00+00:00 [queued]>
[2025-12-17T01:57:04.456+0000] {taskinstance.py:2170} INFO - Starting attempt 1 of 3
[2025-12-17T01:57:04.620+0000] {taskinstance.py:2191} INFO - Executing <Task(PythonOperator): transform> on 2025-02-01 00:00:00+00:00
[2025-12-17T01:57:04.638+0000] {standard_task_runner.py:60} INFO - Started process 4074 to run task
[2025-12-17T01:57:04.647+0000] {standard_task_runner.py:87} INFO - Running: ['***', 'tasks', 'run', 'etl_***', 'transform', 'scheduled__2025-02-01T00:00:00+00:00', '--job-id', '1214', '--raw', '--subdir', 'DAGS_FOLDER/etl_dag.py', '--cfg-path', '/tmp/tmpxjrl5na1']
[2025-12-17T01:57:04.654+0000] {standard_task_runner.py:88} INFO - Job 1214: Subtask transform
[2025-12-17T01:57:04.951+0000] {task_command.py:423} INFO - Running <TaskInstance: etl_airflow.transform scheduled__2025-02-01T00:00:00+00:00 [running]> on host 571e042550da
[2025-12-17T01:57:05.676+0000] {taskinstance.py:2480} INFO - Exporting env vars: AIRFLOW_CTX_DAG_OWNER='***' AIRFLOW_CTX_DAG_ID='etl_***' AIRFLOW_CTX_TASK_ID='transform' AIRFLOW_CTX_EXECUTION_DATE='2025-02-01T00:00:00+00:00' AIRFLOW_CTX_TRY_NUMBER='1' AIRFLOW_CTX_DAG_RUN_ID='scheduled__2025-02-01T00:00:00+00:00'
[2025-12-17T01:57:05.682+0000] {logging_mixin.py:188} INFO - [TRANSFORM]
[2025-12-17T01:57:05.777+0000] {logging_mixin.py:188} INFO - [TRANSFORM] done
[2025-12-17T01:57:05.779+0000] {python.py:201} INFO - Done. Returned value was: None
[2025-12-17T01:57:05.857+0000] {taskinstance.py:1138} INFO - Marking task as SUCCESS. dag_id=etl_***, task_id=transform, execution_date=20250201T000000, start_date=20251217T015704, end_date=20251217T015705
[2025-12-17T01:57:06.266+0000] {local_task_job_runner.py:234} INFO - Task exited with return code 0
[2025-12-17T01:57:06.334+0000] {taskinstance.py:3280} INFO - 1 downstream tasks scheduled from follow-on schedule check
[2025-12-17T04:56:27.433+0000] {taskinstance.py:1956} INFO - Dependencies all met for dep_context=non-requeueable deps ti=<TaskInstance: etl_airflow.transform scheduled__2025-02-01T00:00:00+00:00 [queued]>
[2025-12-17T04:56:27.447+0000] {taskinstance.py:1956} INFO - Dependencies all met for dep_context=requeueable deps ti=<TaskInstance: etl_airflow.transform scheduled__2025-02-01T00:00:00+00:00 [queued]>
[2025-12-17T04:56:27.448+0000] {taskinstance.py:2170} INFO - Starting attempt 1 of 3
[2025-12-17T04:56:27.474+0000] {taskinstance.py:2191} INFO - Executing <Task(PythonOperator): transform> on 2025-02-01 00:00:00+00:00
[2025-12-17T04:56:27.481+0000] {standard_task_runner.py:60} INFO - Started process 5388 to run task
[2025-12-17T04:56:27.485+0000] {standard_task_runner.py:87} INFO - Running: ['***', 'tasks', 'run', 'etl_***', 'transform', 'scheduled__2025-02-01T00:00:00+00:00', '--job-id', '1569', '--raw', '--subdir', 'DAGS_FOLDER/etl_***.py', '--cfg-path', '/tmp/tmpjthi8fp9']
[2025-12-17T04:56:27.490+0000] {standard_task_runner.py:88} INFO - Job 1569: Subtask transform
[2025-12-17T04:56:27.587+0000] {task_command.py:423} INFO - Running <TaskInstance: etl_airflow.transform scheduled__2025-02-01T00:00:00+00:00 [running]> on host b3426f05ac70
[2025-12-17T04:56:27.865+0000] {taskinstance.py:2480} INFO - Exporting env vars: AIRFLOW_CTX_DAG_OWNER='***' AIRFLOW_CTX_DAG_ID='etl_***' AIRFLOW_CTX_TASK_ID='transform' AIRFLOW_CTX_EXECUTION_DATE='2025-02-01T00:00:00+00:00' AIRFLOW_CTX_TRY_NUMBER='1' AIRFLOW_CTX_DAG_RUN_ID='scheduled__2025-02-01T00:00:00+00:00'
[2025-12-17T04:56:27.868+0000] {taskinstance.py:2698} ERROR - Task failed with exception
Traceback (most recent call last):
  File "/home/airflow/.local/lib/python3.8/site-packages/airflow/models/taskinstance.py", line 433, in _execute_task
    result = execute_callable(context=context, **execute_callable_kwargs)
  File "/home/airflow/.local/lib/python3.8/site-packages/airflow/operators/python.py", line 199, in execute
    return_value = self.execute_callable()
  File "/home/airflow/.local/lib/python3.8/site-packages/airflow/operators/python.py", line 216, in execute_callable
    return self.python_callable(*self.op_args, **self.op_kwargs)
TypeError: transform_data() missing 1 required positional argument: 'df'
[2025-12-17T04:56:27.885+0000] {taskinstance.py:1138} INFO - Marking task as UP_FOR_RETRY. dag_id=etl_***, task_id=transform, execution_date=20250201T000000, start_date=20251217T045627, end_date=20251217T045627
[2025-12-17T04:56:27.912+0000] {standard_task_runner.py:107} ERROR - Failed to execute job 1569 for task transform (transform_data() missing 1 required positional argument: 'df'; 5388)
[2025-12-17T04:56:27.983+0000] {local_task_job_runner.py:234} INFO - Task exited with return code 1
[2025-12-17T04:56:28.028+0000] {taskinstance.py:3280} INFO - 0 downstream tasks scheduled from follow-on schedule check
