[2025-12-16T17:10:25.289+0000] {taskinstance.py:1956} INFO - Dependencies all met for dep_context=non-requeueable deps ti=<TaskInstance: etl_airflow.load scheduled__2024-02-16T00:00:00+00:00 [queued]>
[2025-12-16T17:10:25.313+0000] {taskinstance.py:1956} INFO - Dependencies all met for dep_context=requeueable deps ti=<TaskInstance: etl_airflow.load scheduled__2024-02-16T00:00:00+00:00 [queued]>
[2025-12-16T17:10:25.315+0000] {taskinstance.py:2170} INFO - Starting attempt 1 of 3
[2025-12-16T17:10:25.357+0000] {taskinstance.py:2191} INFO - Executing <Task(PythonOperator): load> on 2024-02-16 00:00:00+00:00
[2025-12-16T17:10:25.375+0000] {standard_task_runner.py:60} INFO - Started process 783 to run task
[2025-12-16T17:10:25.383+0000] {standard_task_runner.py:87} INFO - Running: ['***', 'tasks', 'run', 'etl_***', 'load', 'scheduled__2024-02-16T00:00:00+00:00', '--job-id', '3742', '--raw', '--subdir', 'DAGS_FOLDER/etl_dag.py', '--cfg-path', '/tmp/tmplr9qg3ch']
[2025-12-16T17:10:25.390+0000] {standard_task_runner.py:88} INFO - Job 3742: Subtask load
[2025-12-16T17:10:25.627+0000] {task_command.py:423} INFO - Running <TaskInstance: etl_airflow.load scheduled__2024-02-16T00:00:00+00:00 [running]> on host 3b89cfee50e9
[2025-12-16T17:10:26.145+0000] {taskinstance.py:2480} INFO - Exporting env vars: AIRFLOW_CTX_DAG_OWNER='***' AIRFLOW_CTX_DAG_ID='etl_***' AIRFLOW_CTX_TASK_ID='load' AIRFLOW_CTX_EXECUTION_DATE='2024-02-16T00:00:00+00:00' AIRFLOW_CTX_TRY_NUMBER='1' AIRFLOW_CTX_DAG_RUN_ID='scheduled__2024-02-16T00:00:00+00:00'
[2025-12-16T17:10:26.153+0000] {logging_mixin.py:188} INFO - [LOAD]
[2025-12-16T17:10:26.699+0000] {logging_mixin.py:188} INFO -    user_id event_type            timestamp country
0        1      login  2025-01-01T09:00:00      IN
1        1      click  2025-01-01T09:05:00      IN
2        1     logout  2025-01-01T09:15:00      IN
3        3      login  2025-01-02T08:00:00      FR
4        3      click  2025-01-02T08:05:00      FR
[2025-12-16T17:10:26.712+0000] {logging_mixin.py:188} INFO - [LOAD] done
[2025-12-16T17:10:26.716+0000] {python.py:201} INFO - Done. Returned value was: None
[2025-12-16T17:10:26.746+0000] {taskinstance.py:1138} INFO - Marking task as SUCCESS. dag_id=etl_***, task_id=load, execution_date=20240216T000000, start_date=20251216T171025, end_date=20251216T171026
[2025-12-16T17:10:26.821+0000] {local_task_job_runner.py:234} INFO - Task exited with return code 0
[2025-12-16T17:10:26.873+0000] {taskinstance.py:3280} INFO - 0 downstream tasks scheduled from follow-on schedule check
[2025-12-17T01:50:51.121+0000] {taskinstance.py:1956} INFO - Dependencies all met for dep_context=non-requeueable deps ti=<TaskInstance: etl_airflow.load scheduled__2024-02-16T00:00:00+00:00 [queued]>
[2025-12-17T01:50:51.160+0000] {taskinstance.py:1956} INFO - Dependencies all met for dep_context=requeueable deps ti=<TaskInstance: etl_airflow.load scheduled__2024-02-16T00:00:00+00:00 [queued]>
[2025-12-17T01:50:51.163+0000] {taskinstance.py:2170} INFO - Starting attempt 1 of 3
[2025-12-17T01:50:51.193+0000] {taskinstance.py:2191} INFO - Executing <Task(PythonOperator): load> on 2024-02-16 00:00:00+00:00
[2025-12-17T01:50:51.206+0000] {standard_task_runner.py:60} INFO - Started process 684 to run task
[2025-12-17T01:50:51.214+0000] {standard_task_runner.py:87} INFO - Running: ['***', 'tasks', 'run', 'etl_***', 'load', 'scheduled__2024-02-16T00:00:00+00:00', '--job-id', '155', '--raw', '--subdir', 'DAGS_FOLDER/etl_dag.py', '--cfg-path', '/tmp/tmpole_2gqg']
[2025-12-17T01:50:51.221+0000] {standard_task_runner.py:88} INFO - Job 155: Subtask load
[2025-12-17T01:50:51.383+0000] {task_command.py:423} INFO - Running <TaskInstance: etl_airflow.load scheduled__2024-02-16T00:00:00+00:00 [running]> on host 571e042550da
[2025-12-17T01:50:52.022+0000] {taskinstance.py:2480} INFO - Exporting env vars: AIRFLOW_CTX_DAG_OWNER='***' AIRFLOW_CTX_DAG_ID='etl_***' AIRFLOW_CTX_TASK_ID='load' AIRFLOW_CTX_EXECUTION_DATE='2024-02-16T00:00:00+00:00' AIRFLOW_CTX_TRY_NUMBER='1' AIRFLOW_CTX_DAG_RUN_ID='scheduled__2024-02-16T00:00:00+00:00'
[2025-12-17T01:50:52.024+0000] {logging_mixin.py:188} INFO - [LOAD]
[2025-12-17T01:50:52.060+0000] {logging_mixin.py:188} INFO -    user_id event_type            timestamp country
0        1      login  2025-01-01T09:00:00      IN
1        1      click  2025-01-01T09:05:00      IN
2        1     logout  2025-01-01T09:15:00      IN
3        3      login  2025-01-02T08:00:00      FR
4        3      click  2025-01-02T08:05:00      FR
[2025-12-17T01:50:52.066+0000] {logging_mixin.py:188} INFO - [LOAD] done
[2025-12-17T01:50:52.067+0000] {python.py:201} INFO - Done. Returned value was: None
[2025-12-17T01:50:52.093+0000] {taskinstance.py:1138} INFO - Marking task as SUCCESS. dag_id=etl_***, task_id=load, execution_date=20240216T000000, start_date=20251217T015051, end_date=20251217T015052
[2025-12-17T01:50:52.197+0000] {local_task_job_runner.py:234} INFO - Task exited with return code 0
[2025-12-17T01:50:52.296+0000] {taskinstance.py:3280} INFO - 0 downstream tasks scheduled from follow-on schedule check
