[2025-12-17T02:00:23.143+0000] {taskinstance.py:1956} INFO - Dependencies all met for dep_context=non-requeueable deps ti=<TaskInstance: etl_airflow.transform scheduled__2025-08-29T00:00:00+00:00 [queued]>
[2025-12-17T02:00:23.170+0000] {taskinstance.py:1956} INFO - Dependencies all met for dep_context=requeueable deps ti=<TaskInstance: etl_airflow.transform scheduled__2025-08-29T00:00:00+00:00 [queued]>
[2025-12-17T02:00:23.171+0000] {taskinstance.py:2170} INFO - Starting attempt 1 of 3
[2025-12-17T02:00:23.201+0000] {taskinstance.py:2191} INFO - Executing <Task(PythonOperator): transform> on 2025-08-29 00:00:00+00:00
[2025-12-17T02:00:23.215+0000] {standard_task_runner.py:60} INFO - Started process 6107 to run task
[2025-12-17T02:00:23.231+0000] {standard_task_runner.py:87} INFO - Running: ['***', 'tasks', 'run', 'etl_***', 'transform', 'scheduled__2025-08-29T00:00:00+00:00', '--job-id', '1859', '--raw', '--subdir', 'DAGS_FOLDER/etl_dag.py', '--cfg-path', '/tmp/tmp3lqn52yl']
[2025-12-17T02:00:23.236+0000] {standard_task_runner.py:88} INFO - Job 1859: Subtask transform
[2025-12-17T02:00:23.432+0000] {task_command.py:423} INFO - Running <TaskInstance: etl_airflow.transform scheduled__2025-08-29T00:00:00+00:00 [running]> on host 571e042550da
[2025-12-17T02:00:23.964+0000] {taskinstance.py:2480} INFO - Exporting env vars: AIRFLOW_CTX_DAG_OWNER='***' AIRFLOW_CTX_DAG_ID='etl_***' AIRFLOW_CTX_TASK_ID='transform' AIRFLOW_CTX_EXECUTION_DATE='2025-08-29T00:00:00+00:00' AIRFLOW_CTX_TRY_NUMBER='1' AIRFLOW_CTX_DAG_RUN_ID='scheduled__2025-08-29T00:00:00+00:00'
[2025-12-17T02:00:23.968+0000] {logging_mixin.py:188} INFO - [TRANSFORM]
[2025-12-17T02:00:24.026+0000] {logging_mixin.py:188} INFO - [TRANSFORM] done
[2025-12-17T02:00:24.027+0000] {python.py:201} INFO - Done. Returned value was: None
[2025-12-17T02:00:24.048+0000] {taskinstance.py:1138} INFO - Marking task as SUCCESS. dag_id=etl_***, task_id=transform, execution_date=20250829T000000, start_date=20251217T020023, end_date=20251217T020024
[2025-12-17T02:00:24.140+0000] {local_task_job_runner.py:234} INFO - Task exited with return code 0
[2025-12-17T02:00:24.558+0000] {taskinstance.py:3280} INFO - 0 downstream tasks scheduled from follow-on schedule check
[2025-12-17T05:03:48.792+0000] {taskinstance.py:1956} INFO - Dependencies all met for dep_context=non-requeueable deps ti=<TaskInstance: etl_airflow.transform scheduled__2025-08-29T00:00:00+00:00 [queued]>
[2025-12-17T05:03:48.806+0000] {taskinstance.py:1956} INFO - Dependencies all met for dep_context=requeueable deps ti=<TaskInstance: etl_airflow.transform scheduled__2025-08-29T00:00:00+00:00 [queued]>
[2025-12-17T05:03:48.807+0000] {taskinstance.py:2170} INFO - Starting attempt 1 of 3
[2025-12-17T05:03:48.823+0000] {taskinstance.py:2191} INFO - Executing <Task(PythonOperator): transform> on 2025-08-29 00:00:00+00:00
[2025-12-17T05:03:48.830+0000] {standard_task_runner.py:60} INFO - Started process 8126 to run task
[2025-12-17T05:03:48.834+0000] {standard_task_runner.py:87} INFO - Running: ['***', 'tasks', 'run', 'etl_***', 'transform', 'scheduled__2025-08-29T00:00:00+00:00', '--job-id', '2400', '--raw', '--subdir', 'DAGS_FOLDER/etl_***.py', '--cfg-path', '/tmp/tmpp8lom367']
[2025-12-17T05:03:48.838+0000] {standard_task_runner.py:88} INFO - Job 2400: Subtask transform
[2025-12-17T05:03:48.955+0000] {task_command.py:423} INFO - Running <TaskInstance: etl_airflow.transform scheduled__2025-08-29T00:00:00+00:00 [running]> on host b3426f05ac70
[2025-12-17T05:03:49.392+0000] {taskinstance.py:2480} INFO - Exporting env vars: AIRFLOW_CTX_DAG_OWNER='***' AIRFLOW_CTX_DAG_ID='etl_***' AIRFLOW_CTX_TASK_ID='transform' AIRFLOW_CTX_EXECUTION_DATE='2025-08-29T00:00:00+00:00' AIRFLOW_CTX_TRY_NUMBER='1' AIRFLOW_CTX_DAG_RUN_ID='scheduled__2025-08-29T00:00:00+00:00'
[2025-12-17T05:03:49.395+0000] {taskinstance.py:2698} ERROR - Task failed with exception
Traceback (most recent call last):
  File "/home/airflow/.local/lib/python3.8/site-packages/airflow/models/taskinstance.py", line 433, in _execute_task
    result = execute_callable(context=context, **execute_callable_kwargs)
  File "/home/airflow/.local/lib/python3.8/site-packages/airflow/operators/python.py", line 199, in execute
    return_value = self.execute_callable()
  File "/home/airflow/.local/lib/python3.8/site-packages/airflow/operators/python.py", line 216, in execute_callable
    return self.python_callable(*self.op_args, **self.op_kwargs)
TypeError: transform_data() missing 1 required positional argument: 'df'
[2025-12-17T05:03:49.414+0000] {taskinstance.py:1138} INFO - Marking task as UP_FOR_RETRY. dag_id=etl_***, task_id=transform, execution_date=20250829T000000, start_date=20251217T050348, end_date=20251217T050349
[2025-12-17T05:03:49.439+0000] {standard_task_runner.py:107} ERROR - Failed to execute job 2400 for task transform (transform_data() missing 1 required positional argument: 'df'; 8126)
[2025-12-17T05:03:49.493+0000] {local_task_job_runner.py:234} INFO - Task exited with return code 1
[2025-12-17T05:03:49.523+0000] {taskinstance.py:3280} INFO - 0 downstream tasks scheduled from follow-on schedule check
