[2025-12-16T16:41:37.350+0000] {taskinstance.py:1956} INFO - Dependencies all met for dep_context=non-requeueable deps ti=<TaskInstance: etl_airflow.extract scheduled__2024-11-09T00:00:00+00:00 [queued]>
[2025-12-16T16:41:37.377+0000] {taskinstance.py:1956} INFO - Dependencies all met for dep_context=requeueable deps ti=<TaskInstance: etl_airflow.extract scheduled__2024-11-09T00:00:00+00:00 [queued]>
[2025-12-16T16:41:37.379+0000] {taskinstance.py:2170} INFO - Starting attempt 1 of 3
[2025-12-16T16:41:37.401+0000] {taskinstance.py:2191} INFO - Executing <Task(PythonOperator): extract> on 2024-11-09 00:00:00+00:00
[2025-12-16T16:41:37.416+0000] {standard_task_runner.py:60} INFO - Started process 327 to run task
[2025-12-16T16:41:37.427+0000] {standard_task_runner.py:87} INFO - Running: ['***', 'tasks', 'run', 'etl_***', 'extract', 'scheduled__2024-11-09T00:00:00+00:00', '--job-id', '925', '--raw', '--subdir', 'DAGS_FOLDER/etl_dag.py', '--cfg-path', '/tmp/tmpl66wardu']
[2025-12-16T16:41:37.433+0000] {standard_task_runner.py:88} INFO - Job 925: Subtask extract
[2025-12-16T16:41:37.604+0000] {task_command.py:423} INFO - Running <TaskInstance: etl_airflow.extract scheduled__2024-11-09T00:00:00+00:00 [running]> on host db658e834d9d
[2025-12-16T16:41:37.755+0000] {taskinstance.py:2480} INFO - Exporting env vars: AIRFLOW_CTX_DAG_OWNER='***' AIRFLOW_CTX_DAG_ID='etl_***' AIRFLOW_CTX_TASK_ID='extract' AIRFLOW_CTX_EXECUTION_DATE='2024-11-09T00:00:00+00:00' AIRFLOW_CTX_TRY_NUMBER='1' AIRFLOW_CTX_DAG_RUN_ID='scheduled__2024-11-09T00:00:00+00:00'
[2025-12-16T16:41:37.758+0000] {logging_mixin.py:188} INFO - Extracting data from /opt/***/data/input.csv
[2025-12-16T16:41:37.764+0000] {taskinstance.py:2698} ERROR - Task failed with exception
Traceback (most recent call last):
  File "/home/airflow/.local/lib/python3.8/site-packages/airflow/models/taskinstance.py", line 433, in _execute_task
    result = execute_callable(context=context, **execute_callable_kwargs)
  File "/home/airflow/.local/lib/python3.8/site-packages/airflow/operators/python.py", line 199, in execute
    return_value = self.execute_callable()
  File "/home/airflow/.local/lib/python3.8/site-packages/airflow/operators/python.py", line 216, in execute_callable
    return self.python_callable(*self.op_args, **self.op_kwargs)
  File "/opt/airflow/etl_logic/pipeline.py", line 97, in extract_data
    df = pd.read_csv(input_path)
  File "/home/airflow/.local/lib/python3.8/site-packages/pandas/io/parsers/readers.py", line 912, in read_csv
    return _read(filepath_or_buffer, kwds)
  File "/home/airflow/.local/lib/python3.8/site-packages/pandas/io/parsers/readers.py", line 577, in _read
    parser = TextFileReader(filepath_or_buffer, **kwds)
  File "/home/airflow/.local/lib/python3.8/site-packages/pandas/io/parsers/readers.py", line 1407, in __init__
    self._engine = self._make_engine(f, self.engine)
  File "/home/airflow/.local/lib/python3.8/site-packages/pandas/io/parsers/readers.py", line 1661, in _make_engine
    self.handles = get_handle(
  File "/home/airflow/.local/lib/python3.8/site-packages/pandas/io/common.py", line 859, in get_handle
    handle = open(
FileNotFoundError: [Errno 2] No such file or directory: '/opt/airflow/data/input.csv'
[2025-12-16T16:41:37.786+0000] {taskinstance.py:1138} INFO - Marking task as UP_FOR_RETRY. dag_id=etl_***, task_id=extract, execution_date=20241109T000000, start_date=20251216T164137, end_date=20251216T164137
[2025-12-16T16:41:37.804+0000] {standard_task_runner.py:107} ERROR - Failed to execute job 925 for task extract ([Errno 2] No such file or directory: '/opt/airflow/data/input.csv'; 327)
[2025-12-16T16:41:37.843+0000] {local_task_job_runner.py:234} INFO - Task exited with return code 1
[2025-12-16T16:41:37.907+0000] {taskinstance.py:3280} INFO - 0 downstream tasks scheduled from follow-on schedule check
[2025-12-17T01:55:40.306+0000] {taskinstance.py:1956} INFO - Dependencies all met for dep_context=non-requeueable deps ti=<TaskInstance: etl_airflow.extract scheduled__2024-11-09T00:00:00+00:00 [queued]>
[2025-12-17T01:55:40.327+0000] {taskinstance.py:1956} INFO - Dependencies all met for dep_context=requeueable deps ti=<TaskInstance: etl_airflow.extract scheduled__2024-11-09T00:00:00+00:00 [queued]>
[2025-12-17T01:55:40.329+0000] {taskinstance.py:2170} INFO - Starting attempt 1 of 3
[2025-12-17T01:55:40.358+0000] {taskinstance.py:2191} INFO - Executing <Task(PythonOperator): extract> on 2024-11-09 00:00:00+00:00
[2025-12-17T01:55:40.369+0000] {standard_task_runner.py:60} INFO - Started process 3222 to run task
[2025-12-17T01:55:40.376+0000] {standard_task_runner.py:87} INFO - Running: ['***', 'tasks', 'run', 'etl_***', 'extract', 'scheduled__2024-11-09T00:00:00+00:00', '--job-id', '948', '--raw', '--subdir', 'DAGS_FOLDER/etl_dag.py', '--cfg-path', '/tmp/tmplk17tmfg']
[2025-12-17T01:55:40.380+0000] {standard_task_runner.py:88} INFO - Job 948: Subtask extract
[2025-12-17T01:55:40.529+0000] {task_command.py:423} INFO - Running <TaskInstance: etl_airflow.extract scheduled__2024-11-09T00:00:00+00:00 [running]> on host 571e042550da
[2025-12-17T01:55:40.978+0000] {taskinstance.py:2480} INFO - Exporting env vars: AIRFLOW_CTX_DAG_OWNER='***' AIRFLOW_CTX_DAG_ID='etl_***' AIRFLOW_CTX_TASK_ID='extract' AIRFLOW_CTX_EXECUTION_DATE='2024-11-09T00:00:00+00:00' AIRFLOW_CTX_TRY_NUMBER='1' AIRFLOW_CTX_DAG_RUN_ID='scheduled__2024-11-09T00:00:00+00:00'
[2025-12-17T01:55:40.980+0000] {logging_mixin.py:188} INFO - [EXTRACT] Reading /opt/***/data/synthetic_events.csv
[2025-12-17T01:55:41.014+0000] {logging_mixin.py:188} INFO - [EXTRACT] done
[2025-12-17T01:55:41.015+0000] {python.py:201} INFO - Done. Returned value was: None
[2025-12-17T01:55:41.039+0000] {taskinstance.py:1138} INFO - Marking task as SUCCESS. dag_id=etl_***, task_id=extract, execution_date=20241109T000000, start_date=20251217T015540, end_date=20251217T015541
[2025-12-17T01:55:41.114+0000] {local_task_job_runner.py:234} INFO - Task exited with return code 0
[2025-12-17T01:55:41.362+0000] {taskinstance.py:3280} INFO - 0 downstream tasks scheduled from follow-on schedule check
[2025-12-17T04:53:25.525+0000] {taskinstance.py:1956} INFO - Dependencies all met for dep_context=non-requeueable deps ti=<TaskInstance: etl_airflow.extract scheduled__2024-11-09T00:00:00+00:00 [queued]>
[2025-12-17T04:53:25.550+0000] {taskinstance.py:1956} INFO - Dependencies all met for dep_context=requeueable deps ti=<TaskInstance: etl_airflow.extract scheduled__2024-11-09T00:00:00+00:00 [queued]>
[2025-12-17T04:53:25.551+0000] {taskinstance.py:2170} INFO - Starting attempt 1 of 3
[2025-12-17T04:53:25.579+0000] {taskinstance.py:2191} INFO - Executing <Task(PythonOperator): extract> on 2024-11-09 00:00:00+00:00
[2025-12-17T04:53:25.591+0000] {standard_task_runner.py:60} INFO - Started process 4274 to run task
[2025-12-17T04:53:25.597+0000] {standard_task_runner.py:87} INFO - Running: ['***', 'tasks', 'run', 'etl_***', 'extract', 'scheduled__2024-11-09T00:00:00+00:00', '--job-id', '1227', '--raw', '--subdir', 'DAGS_FOLDER/etl_***.py', '--cfg-path', '/tmp/tmpstqszcjr']
[2025-12-17T04:53:25.601+0000] {standard_task_runner.py:88} INFO - Job 1227: Subtask extract
[2025-12-17T04:53:25.722+0000] {task_command.py:423} INFO - Running <TaskInstance: etl_airflow.extract scheduled__2024-11-09T00:00:00+00:00 [running]> on host b3426f05ac70
[2025-12-17T04:53:26.119+0000] {taskinstance.py:2480} INFO - Exporting env vars: AIRFLOW_CTX_DAG_OWNER='***' AIRFLOW_CTX_DAG_ID='etl_***' AIRFLOW_CTX_TASK_ID='extract' AIRFLOW_CTX_EXECUTION_DATE='2024-11-09T00:00:00+00:00' AIRFLOW_CTX_TRY_NUMBER='1' AIRFLOW_CTX_DAG_RUN_ID='scheduled__2024-11-09T00:00:00+00:00'
[2025-12-17T04:53:26.141+0000] {python.py:201} INFO - Done. Returned value was:    user_id event_type           timestamp country
0        1      login 2025-01-01 09:00:00      IN
1        1      click 2025-01-01 09:05:00      IN
2        1     logout 2025-01-01 09:15:00      IN
3        2      login 2025-01-01 10:00:00      US
4        2      click 2025-01-01 10:10:00      US
5        2     logout 2025-01-01 10:20:00      US
6        3      login 2025-01-02 08:00:00      FR
7        3      click 2025-01-02 08:05:00      FR
8        3     logout 2025-01-02 08:30:00      FR
[2025-12-17T04:53:26.231+0000] {taskinstance.py:1138} INFO - Marking task as SUCCESS. dag_id=etl_***, task_id=extract, execution_date=20241109T000000, start_date=20251217T045325, end_date=20251217T045326
[2025-12-17T04:53:26.299+0000] {local_task_job_runner.py:234} INFO - Task exited with return code 0
[2025-12-17T04:53:26.541+0000] {taskinstance.py:3280} INFO - 0 downstream tasks scheduled from follow-on schedule check
[2025-12-17T07:58:34.742+0000] {taskinstance.py:1956} INFO - Dependencies all met for dep_context=non-requeueable deps ti=<TaskInstance: etl_airflow.extract scheduled__2024-11-09T00:00:00+00:00 [queued]>
[2025-12-17T07:58:34.767+0000] {taskinstance.py:1956} INFO - Dependencies all met for dep_context=requeueable deps ti=<TaskInstance: etl_airflow.extract scheduled__2024-11-09T00:00:00+00:00 [queued]>
[2025-12-17T07:58:34.768+0000] {taskinstance.py:2170} INFO - Starting attempt 1 of 3
[2025-12-17T07:58:34.803+0000] {taskinstance.py:2191} INFO - Executing <Task(PythonOperator): extract> on 2024-11-09 00:00:00+00:00
[2025-12-17T07:58:34.822+0000] {standard_task_runner.py:60} INFO - Started process 4383 to run task
[2025-12-17T07:58:34.832+0000] {standard_task_runner.py:87} INFO - Running: ['***', 'tasks', 'run', 'etl_***', 'extract', 'scheduled__2024-11-09T00:00:00+00:00', '--job-id', '1234', '--raw', '--subdir', 'DAGS_FOLDER/etl_***.py', '--cfg-path', '/tmp/tmpxiwvo1b0']
[2025-12-17T07:58:34.839+0000] {standard_task_runner.py:88} INFO - Job 1234: Subtask extract
[2025-12-17T07:58:35.221+0000] {task_command.py:423} INFO - Running <TaskInstance: etl_airflow.extract scheduled__2024-11-09T00:00:00+00:00 [running]> on host 2a0de06c8905
[2025-12-17T07:58:36.014+0000] {taskinstance.py:2480} INFO - Exporting env vars: AIRFLOW_CTX_DAG_OWNER='***' AIRFLOW_CTX_DAG_ID='etl_***' AIRFLOW_CTX_TASK_ID='extract' AIRFLOW_CTX_EXECUTION_DATE='2024-11-09T00:00:00+00:00' AIRFLOW_CTX_TRY_NUMBER='1' AIRFLOW_CTX_DAG_RUN_ID='scheduled__2024-11-09T00:00:00+00:00'
[2025-12-17T07:58:36.085+0000] {python.py:201} INFO - Done. Returned value was:    user_id event_type           timestamp country
0        1      login 2025-01-01 09:00:00      IN
1        1      click 2025-01-01 09:05:00      IN
2        1     logout 2025-01-01 09:15:00      IN
3        2      login 2025-01-01 10:00:00      US
4        2      click 2025-01-01 10:10:00      US
5        2     logout 2025-01-01 10:20:00      US
6        3      login 2025-01-02 08:00:00      FR
7        3      click 2025-01-02 08:05:00      FR
8        3     logout 2025-01-02 08:30:00      FR
[2025-12-17T07:58:36.217+0000] {taskinstance.py:1138} INFO - Marking task as SUCCESS. dag_id=etl_***, task_id=extract, execution_date=20241109T000000, start_date=20251217T075834, end_date=20251217T075836
[2025-12-17T07:58:36.302+0000] {local_task_job_runner.py:234} INFO - Task exited with return code 0
[2025-12-17T07:58:36.458+0000] {taskinstance.py:3280} INFO - 1 downstream tasks scheduled from follow-on schedule check
