[2025-12-16T17:14:18.858+0000] {taskinstance.py:1956} INFO - Dependencies all met for dep_context=non-requeueable deps ti=<TaskInstance: etl_airflow.transform scheduled__2024-10-02T00:00:00+00:00 [queued]>
[2025-12-16T17:14:18.888+0000] {taskinstance.py:1956} INFO - Dependencies all met for dep_context=requeueable deps ti=<TaskInstance: etl_airflow.transform scheduled__2024-10-02T00:00:00+00:00 [queued]>
[2025-12-16T17:14:18.891+0000] {taskinstance.py:2170} INFO - Starting attempt 1 of 3
[2025-12-16T17:14:18.936+0000] {taskinstance.py:2191} INFO - Executing <Task(PythonOperator): transform> on 2024-10-02 00:00:00+00:00
[2025-12-16T17:14:18.961+0000] {standard_task_runner.py:60} INFO - Started process 1217 to run task
[2025-12-16T17:14:18.975+0000] {standard_task_runner.py:87} INFO - Running: ['***', 'tasks', 'run', 'etl_***', 'transform', 'scheduled__2024-10-02T00:00:00+00:00', '--job-id', '4459', '--raw', '--subdir', 'DAGS_FOLDER/etl_dag.py', '--cfg-path', '/tmp/tmpgeq4umq3']
[2025-12-16T17:14:18.995+0000] {standard_task_runner.py:88} INFO - Job 4459: Subtask transform
[2025-12-16T17:14:19.380+0000] {task_command.py:423} INFO - Running <TaskInstance: etl_airflow.transform scheduled__2024-10-02T00:00:00+00:00 [running]> on host 3b89cfee50e9
[2025-12-16T17:14:19.803+0000] {taskinstance.py:2480} INFO - Exporting env vars: AIRFLOW_CTX_DAG_OWNER='***' AIRFLOW_CTX_DAG_ID='etl_***' AIRFLOW_CTX_TASK_ID='transform' AIRFLOW_CTX_EXECUTION_DATE='2024-10-02T00:00:00+00:00' AIRFLOW_CTX_TRY_NUMBER='1' AIRFLOW_CTX_DAG_RUN_ID='scheduled__2024-10-02T00:00:00+00:00'
[2025-12-16T17:14:19.822+0000] {logging_mixin.py:188} INFO - [TRANSFORM]
[2025-12-16T17:14:20.481+0000] {logging_mixin.py:188} INFO - [TRANSFORM] done
[2025-12-16T17:14:20.483+0000] {python.py:201} INFO - Done. Returned value was: None
[2025-12-16T17:14:20.522+0000] {taskinstance.py:1138} INFO - Marking task as SUCCESS. dag_id=etl_***, task_id=transform, execution_date=20241002T000000, start_date=20251216T171418, end_date=20251216T171420
[2025-12-16T17:14:20.674+0000] {local_task_job_runner.py:234} INFO - Task exited with return code 0
[2025-12-16T17:14:20.790+0000] {taskinstance.py:3280} INFO - 1 downstream tasks scheduled from follow-on schedule check
[2025-12-17T01:54:57.982+0000] {taskinstance.py:1956} INFO - Dependencies all met for dep_context=non-requeueable deps ti=<TaskInstance: etl_airflow.transform scheduled__2024-10-02T00:00:00+00:00 [queued]>
[2025-12-17T01:54:58.017+0000] {taskinstance.py:1956} INFO - Dependencies all met for dep_context=requeueable deps ti=<TaskInstance: etl_airflow.transform scheduled__2024-10-02T00:00:00+00:00 [queued]>
[2025-12-17T01:54:58.019+0000] {taskinstance.py:2170} INFO - Starting attempt 1 of 3
[2025-12-17T01:54:58.060+0000] {taskinstance.py:2191} INFO - Executing <Task(PythonOperator): transform> on 2024-10-02 00:00:00+00:00
[2025-12-17T01:54:58.084+0000] {standard_task_runner.py:60} INFO - Started process 2867 to run task
[2025-12-17T01:54:58.093+0000] {standard_task_runner.py:87} INFO - Running: ['***', 'tasks', 'run', 'etl_***', 'transform', 'scheduled__2024-10-02T00:00:00+00:00', '--job-id', '837', '--raw', '--subdir', 'DAGS_FOLDER/etl_dag.py', '--cfg-path', '/tmp/tmpxost38sc']
[2025-12-17T01:54:58.107+0000] {standard_task_runner.py:88} INFO - Job 837: Subtask transform
[2025-12-17T01:54:58.344+0000] {task_command.py:423} INFO - Running <TaskInstance: etl_airflow.transform scheduled__2024-10-02T00:00:00+00:00 [running]> on host 571e042550da
[2025-12-17T01:54:59.082+0000] {taskinstance.py:2480} INFO - Exporting env vars: AIRFLOW_CTX_DAG_OWNER='***' AIRFLOW_CTX_DAG_ID='etl_***' AIRFLOW_CTX_TASK_ID='transform' AIRFLOW_CTX_EXECUTION_DATE='2024-10-02T00:00:00+00:00' AIRFLOW_CTX_TRY_NUMBER='1' AIRFLOW_CTX_DAG_RUN_ID='scheduled__2024-10-02T00:00:00+00:00'
[2025-12-17T01:54:59.087+0000] {logging_mixin.py:188} INFO - [TRANSFORM]
[2025-12-17T01:54:59.142+0000] {logging_mixin.py:188} INFO - [TRANSFORM] done
[2025-12-17T01:54:59.144+0000] {python.py:201} INFO - Done. Returned value was: None
[2025-12-17T01:54:59.179+0000] {taskinstance.py:1138} INFO - Marking task as SUCCESS. dag_id=etl_***, task_id=transform, execution_date=20241002T000000, start_date=20251217T015457, end_date=20251217T015459
[2025-12-17T01:54:59.281+0000] {local_task_job_runner.py:234} INFO - Task exited with return code 0
[2025-12-17T01:54:59.343+0000] {taskinstance.py:3280} INFO - 1 downstream tasks scheduled from follow-on schedule check
[2025-12-17T04:52:16.656+0000] {taskinstance.py:1956} INFO - Dependencies all met for dep_context=non-requeueable deps ti=<TaskInstance: etl_airflow.transform scheduled__2024-10-02T00:00:00+00:00 [queued]>
[2025-12-17T04:52:16.672+0000] {taskinstance.py:1956} INFO - Dependencies all met for dep_context=requeueable deps ti=<TaskInstance: etl_airflow.transform scheduled__2024-10-02T00:00:00+00:00 [queued]>
[2025-12-17T04:52:16.673+0000] {taskinstance.py:2170} INFO - Starting attempt 1 of 3
[2025-12-17T04:52:16.699+0000] {taskinstance.py:2191} INFO - Executing <Task(PythonOperator): transform> on 2024-10-02 00:00:00+00:00
[2025-12-17T04:52:16.708+0000] {standard_task_runner.py:60} INFO - Started process 3880 to run task
[2025-12-17T04:52:16.717+0000] {standard_task_runner.py:87} INFO - Running: ['***', 'tasks', 'run', 'etl_***', 'transform', 'scheduled__2024-10-02T00:00:00+00:00', '--job-id', '1108', '--raw', '--subdir', 'DAGS_FOLDER/etl_***.py', '--cfg-path', '/tmp/tmplpk62zap']
[2025-12-17T04:52:16.724+0000] {standard_task_runner.py:88} INFO - Job 1108: Subtask transform
[2025-12-17T04:52:16.855+0000] {task_command.py:423} INFO - Running <TaskInstance: etl_airflow.transform scheduled__2024-10-02T00:00:00+00:00 [running]> on host b3426f05ac70
[2025-12-17T04:52:17.279+0000] {taskinstance.py:2480} INFO - Exporting env vars: AIRFLOW_CTX_DAG_OWNER='***' AIRFLOW_CTX_DAG_ID='etl_***' AIRFLOW_CTX_TASK_ID='transform' AIRFLOW_CTX_EXECUTION_DATE='2024-10-02T00:00:00+00:00' AIRFLOW_CTX_TRY_NUMBER='1' AIRFLOW_CTX_DAG_RUN_ID='scheduled__2024-10-02T00:00:00+00:00'
[2025-12-17T04:52:17.282+0000] {taskinstance.py:2698} ERROR - Task failed with exception
Traceback (most recent call last):
  File "/home/airflow/.local/lib/python3.8/site-packages/airflow/models/taskinstance.py", line 433, in _execute_task
    result = execute_callable(context=context, **execute_callable_kwargs)
  File "/home/airflow/.local/lib/python3.8/site-packages/airflow/operators/python.py", line 199, in execute
    return_value = self.execute_callable()
  File "/home/airflow/.local/lib/python3.8/site-packages/airflow/operators/python.py", line 216, in execute_callable
    return self.python_callable(*self.op_args, **self.op_kwargs)
TypeError: transform_data() missing 1 required positional argument: 'df'
[2025-12-17T04:52:17.297+0000] {taskinstance.py:1138} INFO - Marking task as UP_FOR_RETRY. dag_id=etl_***, task_id=transform, execution_date=20241002T000000, start_date=20251217T045216, end_date=20251217T045217
[2025-12-17T04:52:17.341+0000] {standard_task_runner.py:107} ERROR - Failed to execute job 1108 for task transform (transform_data() missing 1 required positional argument: 'df'; 3880)
[2025-12-17T04:52:17.382+0000] {local_task_job_runner.py:234} INFO - Task exited with return code 1
[2025-12-17T04:52:17.468+0000] {taskinstance.py:3280} INFO - 0 downstream tasks scheduled from follow-on schedule check
[2025-12-17T07:57:18.656+0000] {taskinstance.py:1956} INFO - Dependencies all met for dep_context=non-requeueable deps ti=<TaskInstance: etl_airflow.transform scheduled__2024-10-02T00:00:00+00:00 [queued]>
[2025-12-17T07:57:18.677+0000] {taskinstance.py:1956} INFO - Dependencies all met for dep_context=requeueable deps ti=<TaskInstance: etl_airflow.transform scheduled__2024-10-02T00:00:00+00:00 [queued]>
[2025-12-17T07:57:18.680+0000] {taskinstance.py:2170} INFO - Starting attempt 1 of 3
[2025-12-17T07:57:18.715+0000] {taskinstance.py:2191} INFO - Executing <Task(PythonOperator): transform> on 2024-10-02 00:00:00+00:00
[2025-12-17T07:57:18.729+0000] {standard_task_runner.py:60} INFO - Started process 3966 to run task
[2025-12-17T07:57:18.757+0000] {standard_task_runner.py:87} INFO - Running: ['***', 'tasks', 'run', 'etl_***', 'transform', 'scheduled__2024-10-02T00:00:00+00:00', '--job-id', '1112', '--raw', '--subdir', 'DAGS_FOLDER/etl_***.py', '--cfg-path', '/tmp/tmpyrsklbe2']
[2025-12-17T07:57:18.769+0000] {standard_task_runner.py:88} INFO - Job 1112: Subtask transform
[2025-12-17T07:57:18.997+0000] {task_command.py:423} INFO - Running <TaskInstance: etl_airflow.transform scheduled__2024-10-02T00:00:00+00:00 [running]> on host 2a0de06c8905
[2025-12-17T07:57:19.536+0000] {taskinstance.py:2480} INFO - Exporting env vars: AIRFLOW_CTX_DAG_OWNER='***' AIRFLOW_CTX_DAG_ID='etl_***' AIRFLOW_CTX_TASK_ID='transform' AIRFLOW_CTX_EXECUTION_DATE='2024-10-02T00:00:00+00:00' AIRFLOW_CTX_TRY_NUMBER='1' AIRFLOW_CTX_DAG_RUN_ID='scheduled__2024-10-02T00:00:00+00:00'
[2025-12-17T07:57:19.539+0000] {taskinstance.py:2698} ERROR - Task failed with exception
Traceback (most recent call last):
  File "/home/airflow/.local/lib/python3.8/site-packages/airflow/models/taskinstance.py", line 433, in _execute_task
    result = execute_callable(context=context, **execute_callable_kwargs)
  File "/home/airflow/.local/lib/python3.8/site-packages/airflow/operators/python.py", line 199, in execute
    return_value = self.execute_callable()
  File "/home/airflow/.local/lib/python3.8/site-packages/airflow/operators/python.py", line 216, in execute_callable
    return self.python_callable(*self.op_args, **self.op_kwargs)
TypeError: transform_data() missing 1 required positional argument: 'df'
[2025-12-17T07:57:19.561+0000] {taskinstance.py:1138} INFO - Marking task as UP_FOR_RETRY. dag_id=etl_***, task_id=transform, execution_date=20241002T000000, start_date=20251217T075718, end_date=20251217T075719
[2025-12-17T07:57:19.785+0000] {standard_task_runner.py:107} ERROR - Failed to execute job 1112 for task transform (transform_data() missing 1 required positional argument: 'df'; 3966)
[2025-12-17T07:57:19.844+0000] {local_task_job_runner.py:234} INFO - Task exited with return code 1
[2025-12-17T07:57:19.903+0000] {taskinstance.py:3280} INFO - 0 downstream tasks scheduled from follow-on schedule check
