[2025-12-16T17:11:45.328+0000] {taskinstance.py:1956} INFO - Dependencies all met for dep_context=non-requeueable deps ti=<TaskInstance: etl_airflow.transform scheduled__2024-05-15T00:00:00+00:00 [queued]>
[2025-12-16T17:11:45.363+0000] {taskinstance.py:1956} INFO - Dependencies all met for dep_context=requeueable deps ti=<TaskInstance: etl_airflow.transform scheduled__2024-05-15T00:00:00+00:00 [queued]>
[2025-12-16T17:11:45.367+0000] {taskinstance.py:2170} INFO - Starting attempt 1 of 3
[2025-12-16T17:11:45.440+0000] {taskinstance.py:2191} INFO - Executing <Task(PythonOperator): transform> on 2024-05-15 00:00:00+00:00
[2025-12-16T17:11:45.461+0000] {standard_task_runner.py:60} INFO - Started process 1662 to run task
[2025-12-16T17:11:45.477+0000] {standard_task_runner.py:87} INFO - Running: ['***', 'tasks', 'run', 'etl_***', 'transform', 'scheduled__2024-05-15T00:00:00+00:00', '--job-id', '4029', '--raw', '--subdir', 'DAGS_FOLDER/etl_dag.py', '--cfg-path', '/tmp/tmpim2pgwht']
[2025-12-16T17:11:45.485+0000] {standard_task_runner.py:88} INFO - Job 4029: Subtask transform
[2025-12-16T17:11:45.722+0000] {task_command.py:423} INFO - Running <TaskInstance: etl_airflow.transform scheduled__2024-05-15T00:00:00+00:00 [running]> on host 3b89cfee50e9
[2025-12-16T17:11:46.046+0000] {taskinstance.py:2480} INFO - Exporting env vars: AIRFLOW_CTX_DAG_OWNER='***' AIRFLOW_CTX_DAG_ID='etl_***' AIRFLOW_CTX_TASK_ID='transform' AIRFLOW_CTX_EXECUTION_DATE='2024-05-15T00:00:00+00:00' AIRFLOW_CTX_TRY_NUMBER='1' AIRFLOW_CTX_DAG_RUN_ID='scheduled__2024-05-15T00:00:00+00:00'
[2025-12-16T17:11:46.054+0000] {logging_mixin.py:188} INFO - [TRANSFORM]
[2025-12-16T17:11:46.598+0000] {logging_mixin.py:188} INFO - [TRANSFORM] done
[2025-12-16T17:11:46.600+0000] {python.py:201} INFO - Done. Returned value was: None
[2025-12-16T17:11:46.621+0000] {taskinstance.py:1138} INFO - Marking task as SUCCESS. dag_id=etl_***, task_id=transform, execution_date=20240515T000000, start_date=20251216T171145, end_date=20251216T171146
[2025-12-16T17:11:46.881+0000] {local_task_job_runner.py:234} INFO - Task exited with return code 0
[2025-12-16T17:11:47.333+0000] {taskinstance.py:3280} INFO - 0 downstream tasks scheduled from follow-on schedule check
[2025-12-17T01:52:34.584+0000] {taskinstance.py:1956} INFO - Dependencies all met for dep_context=non-requeueable deps ti=<TaskInstance: etl_airflow.transform scheduled__2024-05-15T00:00:00+00:00 [queued]>
[2025-12-17T01:52:34.618+0000] {taskinstance.py:1956} INFO - Dependencies all met for dep_context=requeueable deps ti=<TaskInstance: etl_airflow.transform scheduled__2024-05-15T00:00:00+00:00 [queued]>
[2025-12-17T01:52:34.619+0000] {taskinstance.py:2170} INFO - Starting attempt 1 of 3
[2025-12-17T01:52:34.968+0000] {taskinstance.py:2191} INFO - Executing <Task(PythonOperator): transform> on 2024-05-15 00:00:00+00:00
[2025-12-17T01:52:34.984+0000] {standard_task_runner.py:60} INFO - Started process 1564 to run task
[2025-12-17T01:52:34.992+0000] {standard_task_runner.py:87} INFO - Running: ['***', 'tasks', 'run', 'etl_***', 'transform', 'scheduled__2024-05-15T00:00:00+00:00', '--job-id', '423', '--raw', '--subdir', 'DAGS_FOLDER/etl_dag.py', '--cfg-path', '/tmp/tmpdiybve6q']
[2025-12-17T01:52:35.010+0000] {standard_task_runner.py:88} INFO - Job 423: Subtask transform
[2025-12-17T01:52:35.222+0000] {task_command.py:423} INFO - Running <TaskInstance: etl_airflow.transform scheduled__2024-05-15T00:00:00+00:00 [running]> on host 571e042550da
[2025-12-17T01:52:35.809+0000] {taskinstance.py:2480} INFO - Exporting env vars: AIRFLOW_CTX_DAG_OWNER='***' AIRFLOW_CTX_DAG_ID='etl_***' AIRFLOW_CTX_TASK_ID='transform' AIRFLOW_CTX_EXECUTION_DATE='2024-05-15T00:00:00+00:00' AIRFLOW_CTX_TRY_NUMBER='1' AIRFLOW_CTX_DAG_RUN_ID='scheduled__2024-05-15T00:00:00+00:00'
[2025-12-17T01:52:35.814+0000] {logging_mixin.py:188} INFO - [TRANSFORM]
[2025-12-17T01:52:35.871+0000] {logging_mixin.py:188} INFO - [TRANSFORM] done
[2025-12-17T01:52:35.875+0000] {python.py:201} INFO - Done. Returned value was: None
[2025-12-17T01:52:35.894+0000] {taskinstance.py:1138} INFO - Marking task as SUCCESS. dag_id=etl_***, task_id=transform, execution_date=20240515T000000, start_date=20251217T015234, end_date=20251217T015235
[2025-12-17T01:52:36.007+0000] {local_task_job_runner.py:234} INFO - Task exited with return code 0
[2025-12-17T01:52:36.334+0000] {taskinstance.py:3280} INFO - 0 downstream tasks scheduled from follow-on schedule check
[2025-12-17T04:47:05.881+0000] {taskinstance.py:1956} INFO - Dependencies all met for dep_context=non-requeueable deps ti=<TaskInstance: etl_airflow.transform scheduled__2024-05-15T00:00:00+00:00 [queued]>
[2025-12-17T04:47:05.901+0000] {taskinstance.py:1956} INFO - Dependencies all met for dep_context=requeueable deps ti=<TaskInstance: etl_airflow.transform scheduled__2024-05-15T00:00:00+00:00 [queued]>
[2025-12-17T04:47:05.904+0000] {taskinstance.py:2170} INFO - Starting attempt 1 of 3
[2025-12-17T04:47:05.945+0000] {taskinstance.py:2191} INFO - Executing <Task(PythonOperator): transform> on 2024-05-15 00:00:00+00:00
[2025-12-17T04:47:05.967+0000] {standard_task_runner.py:60} INFO - Started process 1992 to run task
[2025-12-17T04:47:05.979+0000] {standard_task_runner.py:87} INFO - Running: ['***', 'tasks', 'run', 'etl_***', 'transform', 'scheduled__2024-05-15T00:00:00+00:00', '--job-id', '536', '--raw', '--subdir', 'DAGS_FOLDER/etl_***.py', '--cfg-path', '/tmp/tmpvqkrelto']
[2025-12-17T04:47:05.991+0000] {standard_task_runner.py:88} INFO - Job 536: Subtask transform
[2025-12-17T04:47:06.150+0000] {task_command.py:423} INFO - Running <TaskInstance: etl_airflow.transform scheduled__2024-05-15T00:00:00+00:00 [running]> on host b3426f05ac70
[2025-12-17T04:47:06.596+0000] {taskinstance.py:2480} INFO - Exporting env vars: AIRFLOW_CTX_DAG_OWNER='***' AIRFLOW_CTX_DAG_ID='etl_***' AIRFLOW_CTX_TASK_ID='transform' AIRFLOW_CTX_EXECUTION_DATE='2024-05-15T00:00:00+00:00' AIRFLOW_CTX_TRY_NUMBER='1' AIRFLOW_CTX_DAG_RUN_ID='scheduled__2024-05-15T00:00:00+00:00'
[2025-12-17T04:47:06.601+0000] {taskinstance.py:2698} ERROR - Task failed with exception
Traceback (most recent call last):
  File "/home/airflow/.local/lib/python3.8/site-packages/airflow/models/taskinstance.py", line 433, in _execute_task
    result = execute_callable(context=context, **execute_callable_kwargs)
  File "/home/airflow/.local/lib/python3.8/site-packages/airflow/operators/python.py", line 199, in execute
    return_value = self.execute_callable()
  File "/home/airflow/.local/lib/python3.8/site-packages/airflow/operators/python.py", line 216, in execute_callable
    return self.python_callable(*self.op_args, **self.op_kwargs)
TypeError: transform_data() missing 1 required positional argument: 'df'
[2025-12-17T04:47:06.619+0000] {taskinstance.py:1138} INFO - Marking task as UP_FOR_RETRY. dag_id=etl_***, task_id=transform, execution_date=20240515T000000, start_date=20251217T044705, end_date=20251217T044706
[2025-12-17T04:47:06.694+0000] {standard_task_runner.py:107} ERROR - Failed to execute job 536 for task transform (transform_data() missing 1 required positional argument: 'df'; 1992)
[2025-12-17T04:47:06.734+0000] {local_task_job_runner.py:234} INFO - Task exited with return code 1
[2025-12-17T04:47:06.787+0000] {taskinstance.py:3280} INFO - 0 downstream tasks scheduled from follow-on schedule check
[2025-12-17T07:40:34.673+0000] {taskinstance.py:1956} INFO - Dependencies all met for dep_context=non-requeueable deps ti=<TaskInstance: etl_airflow.transform scheduled__2024-05-15T00:00:00+00:00 [queued]>
[2025-12-17T07:40:34.700+0000] {taskinstance.py:1956} INFO - Dependencies all met for dep_context=requeueable deps ti=<TaskInstance: etl_airflow.transform scheduled__2024-05-15T00:00:00+00:00 [queued]>
[2025-12-17T07:40:34.704+0000] {taskinstance.py:2170} INFO - Starting attempt 1 of 3
[2025-12-17T07:40:34.771+0000] {taskinstance.py:2191} INFO - Executing <Task(PythonOperator): transform> on 2024-05-15 00:00:00+00:00
[2025-12-17T07:40:34.783+0000] {standard_task_runner.py:60} INFO - Started process 2059 to run task
[2025-12-17T07:40:34.799+0000] {standard_task_runner.py:87} INFO - Running: ['***', 'tasks', 'run', 'etl_***', 'transform', 'scheduled__2024-05-15T00:00:00+00:00', '--job-id', '539', '--raw', '--subdir', 'DAGS_FOLDER/etl_***.py', '--cfg-path', '/tmp/tmp97ycpqeg']
[2025-12-17T07:40:34.806+0000] {standard_task_runner.py:88} INFO - Job 539: Subtask transform
[2025-12-17T07:40:35.012+0000] {task_command.py:423} INFO - Running <TaskInstance: etl_airflow.transform scheduled__2024-05-15T00:00:00+00:00 [running]> on host 2a0de06c8905
[2025-12-17T07:40:35.511+0000] {taskinstance.py:2480} INFO - Exporting env vars: AIRFLOW_CTX_DAG_OWNER='***' AIRFLOW_CTX_DAG_ID='etl_***' AIRFLOW_CTX_TASK_ID='transform' AIRFLOW_CTX_EXECUTION_DATE='2024-05-15T00:00:00+00:00' AIRFLOW_CTX_TRY_NUMBER='1' AIRFLOW_CTX_DAG_RUN_ID='scheduled__2024-05-15T00:00:00+00:00'
[2025-12-17T07:40:35.517+0000] {taskinstance.py:2698} ERROR - Task failed with exception
Traceback (most recent call last):
  File "/home/airflow/.local/lib/python3.8/site-packages/airflow/models/taskinstance.py", line 433, in _execute_task
    result = execute_callable(context=context, **execute_callable_kwargs)
  File "/home/airflow/.local/lib/python3.8/site-packages/airflow/operators/python.py", line 199, in execute
    return_value = self.execute_callable()
  File "/home/airflow/.local/lib/python3.8/site-packages/airflow/operators/python.py", line 216, in execute_callable
    return self.python_callable(*self.op_args, **self.op_kwargs)
TypeError: transform_data() missing 1 required positional argument: 'df'
[2025-12-17T07:40:35.539+0000] {taskinstance.py:1138} INFO - Marking task as UP_FOR_RETRY. dag_id=etl_***, task_id=transform, execution_date=20240515T000000, start_date=20251217T074034, end_date=20251217T074035
[2025-12-17T07:40:35.608+0000] {standard_task_runner.py:107} ERROR - Failed to execute job 539 for task transform (transform_data() missing 1 required positional argument: 'df'; 2059)
[2025-12-17T07:40:35.665+0000] {local_task_job_runner.py:234} INFO - Task exited with return code 1
[2025-12-17T07:40:35.746+0000] {taskinstance.py:3280} INFO - 0 downstream tasks scheduled from follow-on schedule check
