[2025-12-16T17:19:58.413+0000] {taskinstance.py:1956} INFO - Dependencies all met for dep_context=non-requeueable deps ti=<TaskInstance: etl_airflow.transform scheduled__2024-05-15T00:00:00+00:00 [queued]>
[2025-12-16T17:19:58.442+0000] {taskinstance.py:1956} INFO - Dependencies all met for dep_context=requeueable deps ti=<TaskInstance: etl_airflow.transform scheduled__2024-05-15T00:00:00+00:00 [queued]>
[2025-12-16T17:19:58.447+0000] {taskinstance.py:2170} INFO - Starting attempt 2 of 4
[2025-12-16T17:19:58.496+0000] {taskinstance.py:2191} INFO - Executing <Task(PythonOperator): transform> on 2024-05-15 00:00:00+00:00
[2025-12-16T17:19:58.517+0000] {standard_task_runner.py:60} INFO - Started process 4714 to run task
[2025-12-16T17:19:58.544+0000] {standard_task_runner.py:87} INFO - Running: ['***', 'tasks', 'run', 'etl_***', 'transform', 'scheduled__2024-05-15T00:00:00+00:00', '--job-id', '5570', '--raw', '--subdir', 'DAGS_FOLDER/etl_dag.py', '--cfg-path', '/tmp/tmp71v366i3']
[2025-12-16T17:19:58.551+0000] {standard_task_runner.py:88} INFO - Job 5570: Subtask transform
[2025-12-16T17:19:58.744+0000] {task_command.py:423} INFO - Running <TaskInstance: etl_airflow.transform scheduled__2024-05-15T00:00:00+00:00 [running]> on host 3b89cfee50e9
[2025-12-16T17:19:59.098+0000] {taskinstance.py:2480} INFO - Exporting env vars: AIRFLOW_CTX_DAG_OWNER='***' AIRFLOW_CTX_DAG_ID='etl_***' AIRFLOW_CTX_TASK_ID='transform' AIRFLOW_CTX_EXECUTION_DATE='2024-05-15T00:00:00+00:00' AIRFLOW_CTX_TRY_NUMBER='2' AIRFLOW_CTX_DAG_RUN_ID='scheduled__2024-05-15T00:00:00+00:00'
[2025-12-16T17:19:59.107+0000] {logging_mixin.py:188} INFO - [TRANSFORM]
[2025-12-16T17:19:59.808+0000] {logging_mixin.py:188} INFO - [TRANSFORM] done
[2025-12-16T17:19:59.809+0000] {python.py:201} INFO - Done. Returned value was: None
[2025-12-16T17:19:59.832+0000] {taskinstance.py:1138} INFO - Marking task as SUCCESS. dag_id=etl_***, task_id=transform, execution_date=20240515T000000, start_date=20251216T171958, end_date=20251216T171959
[2025-12-16T17:20:00.068+0000] {local_task_job_runner.py:234} INFO - Task exited with return code 0
[2025-12-16T17:20:00.132+0000] {taskinstance.py:3280} INFO - 1 downstream tasks scheduled from follow-on schedule check
[2025-12-17T04:47:17.982+0000] {taskinstance.py:1956} INFO - Dependencies all met for dep_context=non-requeueable deps ti=<TaskInstance: etl_airflow.transform scheduled__2024-05-15T00:00:00+00:00 [queued]>
[2025-12-17T04:47:17.996+0000] {taskinstance.py:1956} INFO - Dependencies all met for dep_context=requeueable deps ti=<TaskInstance: etl_airflow.transform scheduled__2024-05-15T00:00:00+00:00 [queued]>
[2025-12-17T04:47:17.997+0000] {taskinstance.py:2170} INFO - Starting attempt 2 of 3
[2025-12-17T04:47:18.088+0000] {taskinstance.py:2191} INFO - Executing <Task(PythonOperator): transform> on 2024-05-15 00:00:00+00:00
[2025-12-17T04:47:18.100+0000] {standard_task_runner.py:60} INFO - Started process 2043 to run task
[2025-12-17T04:47:18.107+0000] {standard_task_runner.py:87} INFO - Running: ['***', 'tasks', 'run', 'etl_***', 'transform', 'scheduled__2024-05-15T00:00:00+00:00', '--job-id', '553', '--raw', '--subdir', 'DAGS_FOLDER/etl_***.py', '--cfg-path', '/tmp/tmphel8xwf1']
[2025-12-17T04:47:18.114+0000] {standard_task_runner.py:88} INFO - Job 553: Subtask transform
[2025-12-17T04:47:18.247+0000] {task_command.py:423} INFO - Running <TaskInstance: etl_airflow.transform scheduled__2024-05-15T00:00:00+00:00 [running]> on host b3426f05ac70
[2025-12-17T04:47:18.594+0000] {taskinstance.py:2480} INFO - Exporting env vars: AIRFLOW_CTX_DAG_OWNER='***' AIRFLOW_CTX_DAG_ID='etl_***' AIRFLOW_CTX_TASK_ID='transform' AIRFLOW_CTX_EXECUTION_DATE='2024-05-15T00:00:00+00:00' AIRFLOW_CTX_TRY_NUMBER='2' AIRFLOW_CTX_DAG_RUN_ID='scheduled__2024-05-15T00:00:00+00:00'
[2025-12-17T04:47:18.596+0000] {taskinstance.py:2698} ERROR - Task failed with exception
Traceback (most recent call last):
  File "/home/airflow/.local/lib/python3.8/site-packages/airflow/models/taskinstance.py", line 433, in _execute_task
    result = execute_callable(context=context, **execute_callable_kwargs)
  File "/home/airflow/.local/lib/python3.8/site-packages/airflow/operators/python.py", line 199, in execute
    return_value = self.execute_callable()
  File "/home/airflow/.local/lib/python3.8/site-packages/airflow/operators/python.py", line 216, in execute_callable
    return self.python_callable(*self.op_args, **self.op_kwargs)
TypeError: transform_data() missing 1 required positional argument: 'df'
[2025-12-17T04:47:18.611+0000] {taskinstance.py:1138} INFO - Marking task as UP_FOR_RETRY. dag_id=etl_***, task_id=transform, execution_date=20240515T000000, start_date=20251217T044717, end_date=20251217T044718
[2025-12-17T04:47:18.730+0000] {standard_task_runner.py:107} ERROR - Failed to execute job 553 for task transform (transform_data() missing 1 required positional argument: 'df'; 2043)
[2025-12-17T04:47:18.765+0000] {local_task_job_runner.py:234} INFO - Task exited with return code 1
[2025-12-17T04:47:18.990+0000] {taskinstance.py:3280} INFO - 0 downstream tasks scheduled from follow-on schedule check
[2025-12-17T07:40:47.087+0000] {taskinstance.py:1956} INFO - Dependencies all met for dep_context=non-requeueable deps ti=<TaskInstance: etl_airflow.transform scheduled__2024-05-15T00:00:00+00:00 [queued]>
[2025-12-17T07:40:47.110+0000] {taskinstance.py:1956} INFO - Dependencies all met for dep_context=requeueable deps ti=<TaskInstance: etl_airflow.transform scheduled__2024-05-15T00:00:00+00:00 [queued]>
[2025-12-17T07:40:47.115+0000] {taskinstance.py:2170} INFO - Starting attempt 2 of 3
[2025-12-17T07:40:47.149+0000] {taskinstance.py:2191} INFO - Executing <Task(PythonOperator): transform> on 2024-05-15 00:00:00+00:00
[2025-12-17T07:40:47.166+0000] {standard_task_runner.py:60} INFO - Started process 2110 to run task
[2025-12-17T07:40:47.172+0000] {standard_task_runner.py:87} INFO - Running: ['***', 'tasks', 'run', 'etl_***', 'transform', 'scheduled__2024-05-15T00:00:00+00:00', '--job-id', '555', '--raw', '--subdir', 'DAGS_FOLDER/etl_***.py', '--cfg-path', '/tmp/tmp0oyawk2y']
[2025-12-17T07:40:47.179+0000] {standard_task_runner.py:88} INFO - Job 555: Subtask transform
[2025-12-17T07:40:47.346+0000] {task_command.py:423} INFO - Running <TaskInstance: etl_airflow.transform scheduled__2024-05-15T00:00:00+00:00 [running]> on host 2a0de06c8905
[2025-12-17T07:40:48.001+0000] {taskinstance.py:2480} INFO - Exporting env vars: AIRFLOW_CTX_DAG_OWNER='***' AIRFLOW_CTX_DAG_ID='etl_***' AIRFLOW_CTX_TASK_ID='transform' AIRFLOW_CTX_EXECUTION_DATE='2024-05-15T00:00:00+00:00' AIRFLOW_CTX_TRY_NUMBER='2' AIRFLOW_CTX_DAG_RUN_ID='scheduled__2024-05-15T00:00:00+00:00'
[2025-12-17T07:40:48.004+0000] {taskinstance.py:2698} ERROR - Task failed with exception
Traceback (most recent call last):
  File "/home/airflow/.local/lib/python3.8/site-packages/airflow/models/taskinstance.py", line 433, in _execute_task
    result = execute_callable(context=context, **execute_callable_kwargs)
  File "/home/airflow/.local/lib/python3.8/site-packages/airflow/operators/python.py", line 199, in execute
    return_value = self.execute_callable()
  File "/home/airflow/.local/lib/python3.8/site-packages/airflow/operators/python.py", line 216, in execute_callable
    return self.python_callable(*self.op_args, **self.op_kwargs)
TypeError: transform_data() missing 1 required positional argument: 'df'
[2025-12-17T07:40:48.018+0000] {taskinstance.py:1138} INFO - Marking task as UP_FOR_RETRY. dag_id=etl_***, task_id=transform, execution_date=20240515T000000, start_date=20251217T074047, end_date=20251217T074048
[2025-12-17T07:40:48.341+0000] {standard_task_runner.py:107} ERROR - Failed to execute job 555 for task transform (transform_data() missing 1 required positional argument: 'df'; 2110)
[2025-12-17T07:40:48.397+0000] {local_task_job_runner.py:234} INFO - Task exited with return code 1
[2025-12-17T07:40:48.718+0000] {taskinstance.py:3280} INFO - 0 downstream tasks scheduled from follow-on schedule check
