[2025-12-16T16:40:13.616+0000] {taskinstance.py:1956} INFO - Dependencies all met for dep_context=non-requeueable deps ti=<TaskInstance: etl_airflow.extract scheduled__2024-10-21T00:00:00+00:00 [queued]>
[2025-12-16T16:40:13.639+0000] {taskinstance.py:1956} INFO - Dependencies all met for dep_context=requeueable deps ti=<TaskInstance: etl_airflow.extract scheduled__2024-10-21T00:00:00+00:00 [queued]>
[2025-12-16T16:40:13.641+0000] {taskinstance.py:2170} INFO - Starting attempt 1 of 3
[2025-12-16T16:40:13.974+0000] {taskinstance.py:2191} INFO - Executing <Task(PythonOperator): extract> on 2024-10-21 00:00:00+00:00
[2025-12-16T16:40:13.987+0000] {standard_task_runner.py:60} INFO - Started process 1796 to run task
[2025-12-16T16:40:13.998+0000] {standard_task_runner.py:87} INFO - Running: ['***', 'tasks', 'run', 'etl_***', 'extract', 'scheduled__2024-10-21T00:00:00+00:00', '--job-id', '874', '--raw', '--subdir', 'DAGS_FOLDER/etl_dag.py', '--cfg-path', '/tmp/tmpywwlr4gg']
[2025-12-16T16:40:14.003+0000] {standard_task_runner.py:88} INFO - Job 874: Subtask extract
[2025-12-16T16:40:14.166+0000] {task_command.py:423} INFO - Running <TaskInstance: etl_airflow.extract scheduled__2024-10-21T00:00:00+00:00 [running]> on host 02b83863a69a
[2025-12-16T16:40:14.320+0000] {taskinstance.py:2480} INFO - Exporting env vars: AIRFLOW_CTX_DAG_OWNER='***' AIRFLOW_CTX_DAG_ID='etl_***' AIRFLOW_CTX_TASK_ID='extract' AIRFLOW_CTX_EXECUTION_DATE='2024-10-21T00:00:00+00:00' AIRFLOW_CTX_TRY_NUMBER='1' AIRFLOW_CTX_DAG_RUN_ID='scheduled__2024-10-21T00:00:00+00:00'
[2025-12-16T16:40:14.324+0000] {logging_mixin.py:188} INFO - Extracting data from /opt/***/data/input.csv
[2025-12-16T16:40:14.331+0000] {taskinstance.py:2698} ERROR - Task failed with exception
Traceback (most recent call last):
  File "/home/airflow/.local/lib/python3.8/site-packages/airflow/models/taskinstance.py", line 433, in _execute_task
    result = execute_callable(context=context, **execute_callable_kwargs)
  File "/home/airflow/.local/lib/python3.8/site-packages/airflow/operators/python.py", line 199, in execute
    return_value = self.execute_callable()
  File "/home/airflow/.local/lib/python3.8/site-packages/airflow/operators/python.py", line 216, in execute_callable
    return self.python_callable(*self.op_args, **self.op_kwargs)
  File "/opt/airflow/etl_logic/pipeline.py", line 97, in extract_data
    df = pd.read_csv(input_path)
  File "/home/airflow/.local/lib/python3.8/site-packages/pandas/io/parsers/readers.py", line 912, in read_csv
    return _read(filepath_or_buffer, kwds)
  File "/home/airflow/.local/lib/python3.8/site-packages/pandas/io/parsers/readers.py", line 577, in _read
    parser = TextFileReader(filepath_or_buffer, **kwds)
  File "/home/airflow/.local/lib/python3.8/site-packages/pandas/io/parsers/readers.py", line 1407, in __init__
    self._engine = self._make_engine(f, self.engine)
  File "/home/airflow/.local/lib/python3.8/site-packages/pandas/io/parsers/readers.py", line 1661, in _make_engine
    self.handles = get_handle(
  File "/home/airflow/.local/lib/python3.8/site-packages/pandas/io/common.py", line 859, in get_handle
    handle = open(
FileNotFoundError: [Errno 2] No such file or directory: '/opt/airflow/data/input.csv'
[2025-12-16T16:40:14.360+0000] {taskinstance.py:1138} INFO - Marking task as UP_FOR_RETRY. dag_id=etl_***, task_id=extract, execution_date=20241021T000000, start_date=20251216T164013, end_date=20251216T164014
[2025-12-16T16:40:14.393+0000] {standard_task_runner.py:107} ERROR - Failed to execute job 874 for task extract ([Errno 2] No such file or directory: '/opt/airflow/data/input.csv'; 1796)
[2025-12-16T16:40:14.452+0000] {local_task_job_runner.py:234} INFO - Task exited with return code 1
[2025-12-16T16:40:14.725+0000] {taskinstance.py:3280} INFO - 0 downstream tasks scheduled from follow-on schedule check
[2025-12-17T01:55:23.405+0000] {taskinstance.py:1956} INFO - Dependencies all met for dep_context=non-requeueable deps ti=<TaskInstance: etl_airflow.extract scheduled__2024-10-21T00:00:00+00:00 [queued]>
[2025-12-17T01:55:23.423+0000] {taskinstance.py:1956} INFO - Dependencies all met for dep_context=requeueable deps ti=<TaskInstance: etl_airflow.extract scheduled__2024-10-21T00:00:00+00:00 [queued]>
[2025-12-17T01:55:23.424+0000] {taskinstance.py:2170} INFO - Starting attempt 1 of 3
[2025-12-17T01:55:23.453+0000] {taskinstance.py:2191} INFO - Executing <Task(PythonOperator): extract> on 2024-10-21 00:00:00+00:00
[2025-12-17T01:55:23.461+0000] {standard_task_runner.py:60} INFO - Started process 3065 to run task
[2025-12-17T01:55:23.466+0000] {standard_task_runner.py:87} INFO - Running: ['***', 'tasks', 'run', 'etl_***', 'extract', 'scheduled__2024-10-21T00:00:00+00:00', '--job-id', '899', '--raw', '--subdir', 'DAGS_FOLDER/etl_dag.py', '--cfg-path', '/tmp/tmpgvghpcx4']
[2025-12-17T01:55:23.470+0000] {standard_task_runner.py:88} INFO - Job 899: Subtask extract
[2025-12-17T01:55:23.593+0000] {task_command.py:423} INFO - Running <TaskInstance: etl_airflow.extract scheduled__2024-10-21T00:00:00+00:00 [running]> on host 571e042550da
[2025-12-17T01:55:23.984+0000] {taskinstance.py:2480} INFO - Exporting env vars: AIRFLOW_CTX_DAG_OWNER='***' AIRFLOW_CTX_DAG_ID='etl_***' AIRFLOW_CTX_TASK_ID='extract' AIRFLOW_CTX_EXECUTION_DATE='2024-10-21T00:00:00+00:00' AIRFLOW_CTX_TRY_NUMBER='1' AIRFLOW_CTX_DAG_RUN_ID='scheduled__2024-10-21T00:00:00+00:00'
[2025-12-17T01:55:23.987+0000] {logging_mixin.py:188} INFO - [EXTRACT] Reading /opt/***/data/synthetic_events.csv
[2025-12-17T01:55:24.019+0000] {logging_mixin.py:188} INFO - [EXTRACT] done
[2025-12-17T01:55:24.022+0000] {python.py:201} INFO - Done. Returned value was: None
[2025-12-17T01:55:24.043+0000] {taskinstance.py:1138} INFO - Marking task as SUCCESS. dag_id=etl_***, task_id=extract, execution_date=20241021T000000, start_date=20251217T015523, end_date=20251217T015524
[2025-12-17T01:55:24.083+0000] {local_task_job_runner.py:234} INFO - Task exited with return code 0
[2025-12-17T01:55:24.128+0000] {taskinstance.py:3280} INFO - 1 downstream tasks scheduled from follow-on schedule check
[2025-12-17T04:52:50.246+0000] {taskinstance.py:1956} INFO - Dependencies all met for dep_context=non-requeueable deps ti=<TaskInstance: etl_airflow.extract scheduled__2024-10-21T00:00:00+00:00 [queued]>
[2025-12-17T04:52:50.264+0000] {taskinstance.py:1956} INFO - Dependencies all met for dep_context=requeueable deps ti=<TaskInstance: etl_airflow.extract scheduled__2024-10-21T00:00:00+00:00 [queued]>
[2025-12-17T04:52:50.265+0000] {taskinstance.py:2170} INFO - Starting attempt 1 of 3
[2025-12-17T04:52:50.334+0000] {taskinstance.py:2191} INFO - Executing <Task(PythonOperator): extract> on 2024-10-21 00:00:00+00:00
[2025-12-17T04:52:50.342+0000] {standard_task_runner.py:60} INFO - Started process 4054 to run task
[2025-12-17T04:52:50.348+0000] {standard_task_runner.py:87} INFO - Running: ['***', 'tasks', 'run', 'etl_***', 'extract', 'scheduled__2024-10-21T00:00:00+00:00', '--job-id', '1162', '--raw', '--subdir', 'DAGS_FOLDER/etl_***.py', '--cfg-path', '/tmp/tmp356pvaoa']
[2025-12-17T04:52:50.351+0000] {standard_task_runner.py:88} INFO - Job 1162: Subtask extract
[2025-12-17T04:52:50.462+0000] {task_command.py:423} INFO - Running <TaskInstance: etl_airflow.extract scheduled__2024-10-21T00:00:00+00:00 [running]> on host b3426f05ac70
[2025-12-17T04:52:50.769+0000] {taskinstance.py:2480} INFO - Exporting env vars: AIRFLOW_CTX_DAG_OWNER='***' AIRFLOW_CTX_DAG_ID='etl_***' AIRFLOW_CTX_TASK_ID='extract' AIRFLOW_CTX_EXECUTION_DATE='2024-10-21T00:00:00+00:00' AIRFLOW_CTX_TRY_NUMBER='1' AIRFLOW_CTX_DAG_RUN_ID='scheduled__2024-10-21T00:00:00+00:00'
[2025-12-17T04:52:50.789+0000] {python.py:201} INFO - Done. Returned value was:    user_id event_type           timestamp country
0        1      login 2025-01-01 09:00:00      IN
1        1      click 2025-01-01 09:05:00      IN
2        1     logout 2025-01-01 09:15:00      IN
3        2      login 2025-01-01 10:00:00      US
4        2      click 2025-01-01 10:10:00      US
5        2     logout 2025-01-01 10:20:00      US
6        3      login 2025-01-02 08:00:00      FR
7        3      click 2025-01-02 08:05:00      FR
8        3     logout 2025-01-02 08:30:00      FR
[2025-12-17T04:52:50.838+0000] {taskinstance.py:1138} INFO - Marking task as SUCCESS. dag_id=etl_***, task_id=extract, execution_date=20241021T000000, start_date=20251217T045250, end_date=20251217T045250
[2025-12-17T04:52:50.884+0000] {local_task_job_runner.py:234} INFO - Task exited with return code 0
[2025-12-17T04:52:51.122+0000] {taskinstance.py:3280} INFO - 0 downstream tasks scheduled from follow-on schedule check
[2025-12-17T07:57:55.908+0000] {taskinstance.py:1956} INFO - Dependencies all met for dep_context=non-requeueable deps ti=<TaskInstance: etl_airflow.extract scheduled__2024-10-21T00:00:00+00:00 [queued]>
[2025-12-17T07:57:55.938+0000] {taskinstance.py:1956} INFO - Dependencies all met for dep_context=requeueable deps ti=<TaskInstance: etl_airflow.extract scheduled__2024-10-21T00:00:00+00:00 [queued]>
[2025-12-17T07:57:55.940+0000] {taskinstance.py:2170} INFO - Starting attempt 1 of 3
[2025-12-17T07:57:56.141+0000] {taskinstance.py:2191} INFO - Executing <Task(PythonOperator): extract> on 2024-10-21 00:00:00+00:00
[2025-12-17T07:57:56.164+0000] {standard_task_runner.py:60} INFO - Started process 4165 to run task
[2025-12-17T07:57:56.165+0000] {standard_task_runner.py:87} INFO - Running: ['***', 'tasks', 'run', 'etl_***', 'extract', 'scheduled__2024-10-21T00:00:00+00:00', '--job-id', '1168', '--raw', '--subdir', 'DAGS_FOLDER/etl_***.py', '--cfg-path', '/tmp/tmp8brhsk70']
[2025-12-17T07:57:56.176+0000] {standard_task_runner.py:88} INFO - Job 1168: Subtask extract
[2025-12-17T07:57:56.417+0000] {task_command.py:423} INFO - Running <TaskInstance: etl_airflow.extract scheduled__2024-10-21T00:00:00+00:00 [running]> on host 2a0de06c8905
[2025-12-17T07:57:57.033+0000] {taskinstance.py:2480} INFO - Exporting env vars: AIRFLOW_CTX_DAG_OWNER='***' AIRFLOW_CTX_DAG_ID='etl_***' AIRFLOW_CTX_TASK_ID='extract' AIRFLOW_CTX_EXECUTION_DATE='2024-10-21T00:00:00+00:00' AIRFLOW_CTX_TRY_NUMBER='1' AIRFLOW_CTX_DAG_RUN_ID='scheduled__2024-10-21T00:00:00+00:00'
[2025-12-17T07:57:57.095+0000] {python.py:201} INFO - Done. Returned value was:    user_id event_type           timestamp country
0        1      login 2025-01-01 09:00:00      IN
1        1      click 2025-01-01 09:05:00      IN
2        1     logout 2025-01-01 09:15:00      IN
3        2      login 2025-01-01 10:00:00      US
4        2      click 2025-01-01 10:10:00      US
5        2     logout 2025-01-01 10:20:00      US
6        3      login 2025-01-02 08:00:00      FR
7        3      click 2025-01-02 08:05:00      FR
8        3     logout 2025-01-02 08:30:00      FR
[2025-12-17T07:57:57.179+0000] {taskinstance.py:1138} INFO - Marking task as SUCCESS. dag_id=etl_***, task_id=extract, execution_date=20241021T000000, start_date=20251217T075755, end_date=20251217T075757
[2025-12-17T07:57:57.248+0000] {local_task_job_runner.py:234} INFO - Task exited with return code 0
[2025-12-17T07:57:57.631+0000] {taskinstance.py:3280} INFO - 0 downstream tasks scheduled from follow-on schedule check
