[2025-12-16T17:19:23.851+0000] {taskinstance.py:1956} INFO - Dependencies all met for dep_context=non-requeueable deps ti=<TaskInstance: etl_airflow.transform scheduled__2024-03-31T00:00:00+00:00 [queued]>
[2025-12-16T17:19:23.877+0000] {taskinstance.py:1956} INFO - Dependencies all met for dep_context=requeueable deps ti=<TaskInstance: etl_airflow.transform scheduled__2024-03-31T00:00:00+00:00 [queued]>
[2025-12-16T17:19:23.878+0000] {taskinstance.py:2170} INFO - Starting attempt 2 of 4
[2025-12-16T17:19:23.917+0000] {taskinstance.py:2191} INFO - Executing <Task(PythonOperator): transform> on 2024-03-31 00:00:00+00:00
[2025-12-16T17:19:23.935+0000] {standard_task_runner.py:60} INFO - Started process 4289 to run task
[2025-12-16T17:19:23.946+0000] {standard_task_runner.py:87} INFO - Running: ['***', 'tasks', 'run', 'etl_***', 'transform', 'scheduled__2024-03-31T00:00:00+00:00', '--job-id', '5428', '--raw', '--subdir', 'DAGS_FOLDER/etl_dag.py', '--cfg-path', '/tmp/tmpkdrb739_']
[2025-12-16T17:19:23.955+0000] {standard_task_runner.py:88} INFO - Job 5428: Subtask transform
[2025-12-16T17:19:24.130+0000] {task_command.py:423} INFO - Running <TaskInstance: etl_airflow.transform scheduled__2024-03-31T00:00:00+00:00 [running]> on host 3b89cfee50e9
[2025-12-16T17:19:24.431+0000] {taskinstance.py:2480} INFO - Exporting env vars: AIRFLOW_CTX_DAG_OWNER='***' AIRFLOW_CTX_DAG_ID='etl_***' AIRFLOW_CTX_TASK_ID='transform' AIRFLOW_CTX_EXECUTION_DATE='2024-03-31T00:00:00+00:00' AIRFLOW_CTX_TRY_NUMBER='2' AIRFLOW_CTX_DAG_RUN_ID='scheduled__2024-03-31T00:00:00+00:00'
[2025-12-16T17:19:24.440+0000] {logging_mixin.py:188} INFO - [TRANSFORM]
[2025-12-16T17:19:24.849+0000] {logging_mixin.py:188} INFO - [TRANSFORM] done
[2025-12-16T17:19:24.850+0000] {python.py:201} INFO - Done. Returned value was: None
[2025-12-16T17:19:24.878+0000] {taskinstance.py:1138} INFO - Marking task as SUCCESS. dag_id=etl_***, task_id=transform, execution_date=20240331T000000, start_date=20251216T171923, end_date=20251216T171924
[2025-12-16T17:19:24.989+0000] {local_task_job_runner.py:234} INFO - Task exited with return code 0
[2025-12-16T17:19:25.040+0000] {taskinstance.py:3280} INFO - 1 downstream tasks scheduled from follow-on schedule check
[2025-12-17T04:45:30.523+0000] {taskinstance.py:1956} INFO - Dependencies all met for dep_context=non-requeueable deps ti=<TaskInstance: etl_airflow.transform scheduled__2024-03-31T00:00:00+00:00 [queued]>
[2025-12-17T04:45:30.539+0000] {taskinstance.py:1956} INFO - Dependencies all met for dep_context=requeueable deps ti=<TaskInstance: etl_airflow.transform scheduled__2024-03-31T00:00:00+00:00 [queued]>
[2025-12-17T04:45:30.540+0000] {taskinstance.py:2170} INFO - Starting attempt 2 of 3
[2025-12-17T04:45:30.569+0000] {taskinstance.py:2191} INFO - Executing <Task(PythonOperator): transform> on 2024-03-31 00:00:00+00:00
[2025-12-17T04:45:30.578+0000] {standard_task_runner.py:60} INFO - Started process 1429 to run task
[2025-12-17T04:45:30.583+0000] {standard_task_runner.py:87} INFO - Running: ['***', 'tasks', 'run', 'etl_***', 'transform', 'scheduled__2024-03-31T00:00:00+00:00', '--job-id', '367', '--raw', '--subdir', 'DAGS_FOLDER/etl_***.py', '--cfg-path', '/tmp/tmpqwfvrq34']
[2025-12-17T04:45:30.588+0000] {standard_task_runner.py:88} INFO - Job 367: Subtask transform
[2025-12-17T04:45:30.698+0000] {task_command.py:423} INFO - Running <TaskInstance: etl_airflow.transform scheduled__2024-03-31T00:00:00+00:00 [running]> on host b3426f05ac70
[2025-12-17T04:45:31.086+0000] {taskinstance.py:2480} INFO - Exporting env vars: AIRFLOW_CTX_DAG_OWNER='***' AIRFLOW_CTX_DAG_ID='etl_***' AIRFLOW_CTX_TASK_ID='transform' AIRFLOW_CTX_EXECUTION_DATE='2024-03-31T00:00:00+00:00' AIRFLOW_CTX_TRY_NUMBER='2' AIRFLOW_CTX_DAG_RUN_ID='scheduled__2024-03-31T00:00:00+00:00'
[2025-12-17T04:45:31.089+0000] {taskinstance.py:2698} ERROR - Task failed with exception
Traceback (most recent call last):
  File "/home/airflow/.local/lib/python3.8/site-packages/airflow/models/taskinstance.py", line 433, in _execute_task
    result = execute_callable(context=context, **execute_callable_kwargs)
  File "/home/airflow/.local/lib/python3.8/site-packages/airflow/operators/python.py", line 199, in execute
    return_value = self.execute_callable()
  File "/home/airflow/.local/lib/python3.8/site-packages/airflow/operators/python.py", line 216, in execute_callable
    return self.python_callable(*self.op_args, **self.op_kwargs)
TypeError: transform_data() missing 1 required positional argument: 'df'
[2025-12-17T04:45:31.105+0000] {taskinstance.py:1138} INFO - Marking task as UP_FOR_RETRY. dag_id=etl_***, task_id=transform, execution_date=20240331T000000, start_date=20251217T044530, end_date=20251217T044531
[2025-12-17T04:45:31.129+0000] {standard_task_runner.py:107} ERROR - Failed to execute job 367 for task transform (transform_data() missing 1 required positional argument: 'df'; 1429)
[2025-12-17T04:45:31.160+0000] {local_task_job_runner.py:234} INFO - Task exited with return code 1
[2025-12-17T04:45:31.198+0000] {taskinstance.py:3280} INFO - 0 downstream tasks scheduled from follow-on schedule check
[2025-12-17T07:38:55.215+0000] {taskinstance.py:1956} INFO - Dependencies all met for dep_context=non-requeueable deps ti=<TaskInstance: etl_airflow.transform scheduled__2024-03-31T00:00:00+00:00 [queued]>
[2025-12-17T07:38:55.234+0000] {taskinstance.py:1956} INFO - Dependencies all met for dep_context=requeueable deps ti=<TaskInstance: etl_airflow.transform scheduled__2024-03-31T00:00:00+00:00 [queued]>
[2025-12-17T07:38:55.238+0000] {taskinstance.py:2170} INFO - Starting attempt 2 of 3
[2025-12-17T07:38:55.268+0000] {taskinstance.py:2191} INFO - Executing <Task(PythonOperator): transform> on 2024-03-31 00:00:00+00:00
[2025-12-17T07:38:55.285+0000] {standard_task_runner.py:60} INFO - Started process 1482 to run task
[2025-12-17T07:38:55.301+0000] {standard_task_runner.py:87} INFO - Running: ['***', 'tasks', 'run', 'etl_***', 'transform', 'scheduled__2024-03-31T00:00:00+00:00', '--job-id', '363', '--raw', '--subdir', 'DAGS_FOLDER/etl_***.py', '--cfg-path', '/tmp/tmp099eckcd']
[2025-12-17T07:38:55.310+0000] {standard_task_runner.py:88} INFO - Job 363: Subtask transform
[2025-12-17T07:38:55.464+0000] {task_command.py:423} INFO - Running <TaskInstance: etl_airflow.transform scheduled__2024-03-31T00:00:00+00:00 [running]> on host 2a0de06c8905
[2025-12-17T07:38:55.930+0000] {taskinstance.py:2480} INFO - Exporting env vars: AIRFLOW_CTX_DAG_OWNER='***' AIRFLOW_CTX_DAG_ID='etl_***' AIRFLOW_CTX_TASK_ID='transform' AIRFLOW_CTX_EXECUTION_DATE='2024-03-31T00:00:00+00:00' AIRFLOW_CTX_TRY_NUMBER='2' AIRFLOW_CTX_DAG_RUN_ID='scheduled__2024-03-31T00:00:00+00:00'
[2025-12-17T07:38:55.933+0000] {taskinstance.py:2698} ERROR - Task failed with exception
Traceback (most recent call last):
  File "/home/airflow/.local/lib/python3.8/site-packages/airflow/models/taskinstance.py", line 433, in _execute_task
    result = execute_callable(context=context, **execute_callable_kwargs)
  File "/home/airflow/.local/lib/python3.8/site-packages/airflow/operators/python.py", line 199, in execute
    return_value = self.execute_callable()
  File "/home/airflow/.local/lib/python3.8/site-packages/airflow/operators/python.py", line 216, in execute_callable
    return self.python_callable(*self.op_args, **self.op_kwargs)
TypeError: transform_data() missing 1 required positional argument: 'df'
[2025-12-17T07:38:55.949+0000] {taskinstance.py:1138} INFO - Marking task as UP_FOR_RETRY. dag_id=etl_***, task_id=transform, execution_date=20240331T000000, start_date=20251217T073855, end_date=20251217T073855
[2025-12-17T07:38:55.977+0000] {standard_task_runner.py:107} ERROR - Failed to execute job 363 for task transform (transform_data() missing 1 required positional argument: 'df'; 1482)
[2025-12-17T07:38:56.035+0000] {local_task_job_runner.py:234} INFO - Task exited with return code 1
[2025-12-17T07:38:56.230+0000] {taskinstance.py:3280} INFO - 0 downstream tasks scheduled from follow-on schedule check
