[2025-12-17T04:21:43.919+0000] {taskinstance.py:1956} INFO - Dependencies all met for dep_context=non-requeueable deps ti=<TaskInstance: etl_airflow.transform scheduled__2024-07-28T00:00:00+00:00 [queued]>
[2025-12-17T04:21:43.934+0000] {taskinstance.py:1956} INFO - Dependencies all met for dep_context=requeueable deps ti=<TaskInstance: etl_airflow.transform scheduled__2024-07-28T00:00:00+00:00 [queued]>
[2025-12-17T04:21:43.938+0000] {taskinstance.py:2170} INFO - Starting attempt 3 of 3
[2025-12-17T04:21:43.960+0000] {taskinstance.py:2191} INFO - Executing <Task(PythonOperator): transform> on 2024-07-28 00:00:00+00:00
[2025-12-17T04:21:43.970+0000] {standard_task_runner.py:60} INFO - Started process 1431 to run task
[2025-12-17T04:21:43.976+0000] {standard_task_runner.py:87} INFO - Running: ['***', 'tasks', 'run', 'etl_***', 'transform', 'scheduled__2024-07-28T00:00:00+00:00', '--job-id', '371', '--raw', '--subdir', 'DAGS_FOLDER/etl_***.py', '--cfg-path', '/tmp/tmp1xyknr4l']
[2025-12-17T04:21:43.980+0000] {standard_task_runner.py:88} INFO - Job 371: Subtask transform
[2025-12-17T04:21:44.121+0000] {task_command.py:423} INFO - Running <TaskInstance: etl_airflow.transform scheduled__2024-07-28T00:00:00+00:00 [running]> on host c5811fe183ca
[2025-12-17T04:21:44.522+0000] {taskinstance.py:2480} INFO - Exporting env vars: AIRFLOW_CTX_DAG_OWNER='***' AIRFLOW_CTX_DAG_ID='etl_***' AIRFLOW_CTX_TASK_ID='transform' AIRFLOW_CTX_EXECUTION_DATE='2024-07-28T00:00:00+00:00' AIRFLOW_CTX_TRY_NUMBER='3' AIRFLOW_CTX_DAG_RUN_ID='scheduled__2024-07-28T00:00:00+00:00'
[2025-12-17T04:21:44.525+0000] {taskinstance.py:2698} ERROR - Task failed with exception
Traceback (most recent call last):
  File "/home/airflow/.local/lib/python3.8/site-packages/airflow/models/taskinstance.py", line 433, in _execute_task
    result = execute_callable(context=context, **execute_callable_kwargs)
  File "/home/airflow/.local/lib/python3.8/site-packages/airflow/operators/python.py", line 199, in execute
    return_value = self.execute_callable()
  File "/home/airflow/.local/lib/python3.8/site-packages/airflow/operators/python.py", line 216, in execute_callable
    return self.python_callable(*self.op_args, **self.op_kwargs)
TypeError: transform_data() missing 1 required positional argument: 'df'
[2025-12-17T04:21:44.537+0000] {taskinstance.py:1138} INFO - Marking task as FAILED. dag_id=etl_***, task_id=transform, execution_date=20240728T000000, start_date=20251217T042143, end_date=20251217T042144
[2025-12-17T04:21:44.553+0000] {standard_task_runner.py:107} ERROR - Failed to execute job 371 for task transform (transform_data() missing 1 required positional argument: 'df'; 1431)
[2025-12-17T04:21:44.595+0000] {local_task_job_runner.py:234} INFO - Task exited with return code 1
[2025-12-17T04:21:44.673+0000] {taskinstance.py:3280} INFO - 0 downstream tasks scheduled from follow-on schedule check
[2025-12-17T04:50:22.220+0000] {taskinstance.py:1956} INFO - Dependencies all met for dep_context=non-requeueable deps ti=<TaskInstance: etl_airflow.transform scheduled__2024-07-28T00:00:00+00:00 [queued]>
[2025-12-17T04:50:22.235+0000] {taskinstance.py:1956} INFO - Dependencies all met for dep_context=requeueable deps ti=<TaskInstance: etl_airflow.transform scheduled__2024-07-28T00:00:00+00:00 [queued]>
[2025-12-17T04:50:22.236+0000] {taskinstance.py:2170} INFO - Starting attempt 3 of 3
[2025-12-17T04:50:22.255+0000] {taskinstance.py:2191} INFO - Executing <Task(PythonOperator): transform> on 2024-07-28 00:00:00+00:00
[2025-12-17T04:50:22.263+0000] {standard_task_runner.py:60} INFO - Started process 3143 to run task
[2025-12-17T04:50:22.271+0000] {standard_task_runner.py:87} INFO - Running: ['***', 'tasks', 'run', 'etl_***', 'transform', 'scheduled__2024-07-28T00:00:00+00:00', '--job-id', '886', '--raw', '--subdir', 'DAGS_FOLDER/etl_***.py', '--cfg-path', '/tmp/tmp3brbh4ca']
[2025-12-17T04:50:22.274+0000] {standard_task_runner.py:88} INFO - Job 886: Subtask transform
[2025-12-17T04:50:22.391+0000] {task_command.py:423} INFO - Running <TaskInstance: etl_airflow.transform scheduled__2024-07-28T00:00:00+00:00 [running]> on host b3426f05ac70
[2025-12-17T04:50:22.822+0000] {taskinstance.py:2480} INFO - Exporting env vars: AIRFLOW_CTX_DAG_OWNER='***' AIRFLOW_CTX_DAG_ID='etl_***' AIRFLOW_CTX_TASK_ID='transform' AIRFLOW_CTX_EXECUTION_DATE='2024-07-28T00:00:00+00:00' AIRFLOW_CTX_TRY_NUMBER='3' AIRFLOW_CTX_DAG_RUN_ID='scheduled__2024-07-28T00:00:00+00:00'
[2025-12-17T04:50:22.824+0000] {taskinstance.py:2698} ERROR - Task failed with exception
Traceback (most recent call last):
  File "/home/airflow/.local/lib/python3.8/site-packages/airflow/models/taskinstance.py", line 433, in _execute_task
    result = execute_callable(context=context, **execute_callable_kwargs)
  File "/home/airflow/.local/lib/python3.8/site-packages/airflow/operators/python.py", line 199, in execute
    return_value = self.execute_callable()
  File "/home/airflow/.local/lib/python3.8/site-packages/airflow/operators/python.py", line 216, in execute_callable
    return self.python_callable(*self.op_args, **self.op_kwargs)
TypeError: transform_data() missing 1 required positional argument: 'df'
[2025-12-17T04:50:22.839+0000] {taskinstance.py:1138} INFO - Marking task as FAILED. dag_id=etl_***, task_id=transform, execution_date=20240728T000000, start_date=20251217T045022, end_date=20251217T045022
[2025-12-17T04:50:22.858+0000] {standard_task_runner.py:107} ERROR - Failed to execute job 886 for task transform (transform_data() missing 1 required positional argument: 'df'; 3143)
[2025-12-17T04:50:22.885+0000] {local_task_job_runner.py:234} INFO - Task exited with return code 1
[2025-12-17T04:50:23.020+0000] {taskinstance.py:3280} INFO - 0 downstream tasks scheduled from follow-on schedule check
[2025-12-17T07:44:10.513+0000] {taskinstance.py:1956} INFO - Dependencies all met for dep_context=non-requeueable deps ti=<TaskInstance: etl_airflow.transform scheduled__2024-07-28T00:00:00+00:00 [queued]>
[2025-12-17T07:44:10.528+0000] {taskinstance.py:1956} INFO - Dependencies all met for dep_context=requeueable deps ti=<TaskInstance: etl_airflow.transform scheduled__2024-07-28T00:00:00+00:00 [queued]>
[2025-12-17T07:44:10.530+0000] {taskinstance.py:2170} INFO - Starting attempt 3 of 3
[2025-12-17T07:44:10.557+0000] {taskinstance.py:2191} INFO - Executing <Task(PythonOperator): transform> on 2024-07-28 00:00:00+00:00
[2025-12-17T07:44:10.568+0000] {standard_task_runner.py:60} INFO - Started process 3221 to run task
[2025-12-17T07:44:10.573+0000] {standard_task_runner.py:87} INFO - Running: ['***', 'tasks', 'run', 'etl_***', 'transform', 'scheduled__2024-07-28T00:00:00+00:00', '--job-id', '888', '--raw', '--subdir', 'DAGS_FOLDER/etl_***.py', '--cfg-path', '/tmp/tmpxcpo6dpd']
[2025-12-17T07:44:10.577+0000] {standard_task_runner.py:88} INFO - Job 888: Subtask transform
[2025-12-17T07:44:10.743+0000] {task_command.py:423} INFO - Running <TaskInstance: etl_airflow.transform scheduled__2024-07-28T00:00:00+00:00 [running]> on host 2a0de06c8905
[2025-12-17T07:44:11.239+0000] {taskinstance.py:2480} INFO - Exporting env vars: AIRFLOW_CTX_DAG_OWNER='***' AIRFLOW_CTX_DAG_ID='etl_***' AIRFLOW_CTX_TASK_ID='transform' AIRFLOW_CTX_EXECUTION_DATE='2024-07-28T00:00:00+00:00' AIRFLOW_CTX_TRY_NUMBER='3' AIRFLOW_CTX_DAG_RUN_ID='scheduled__2024-07-28T00:00:00+00:00'
[2025-12-17T07:44:11.243+0000] {taskinstance.py:2698} ERROR - Task failed with exception
Traceback (most recent call last):
  File "/home/airflow/.local/lib/python3.8/site-packages/airflow/models/taskinstance.py", line 433, in _execute_task
    result = execute_callable(context=context, **execute_callable_kwargs)
  File "/home/airflow/.local/lib/python3.8/site-packages/airflow/operators/python.py", line 199, in execute
    return_value = self.execute_callable()
  File "/home/airflow/.local/lib/python3.8/site-packages/airflow/operators/python.py", line 216, in execute_callable
    return self.python_callable(*self.op_args, **self.op_kwargs)
TypeError: transform_data() missing 1 required positional argument: 'df'
[2025-12-17T07:44:11.256+0000] {taskinstance.py:1138} INFO - Marking task as FAILED. dag_id=etl_***, task_id=transform, execution_date=20240728T000000, start_date=20251217T074410, end_date=20251217T074411
[2025-12-17T07:44:11.517+0000] {standard_task_runner.py:107} ERROR - Failed to execute job 888 for task transform (transform_data() missing 1 required positional argument: 'df'; 3221)
[2025-12-17T07:44:11.594+0000] {local_task_job_runner.py:234} INFO - Task exited with return code 1
[2025-12-17T07:44:11.650+0000] {taskinstance.py:3280} INFO - 0 downstream tasks scheduled from follow-on schedule check
