[2025-12-16T17:20:57.644+0000] {taskinstance.py:1956} INFO - Dependencies all met for dep_context=non-requeueable deps ti=<TaskInstance: etl_airflow.transform scheduled__2024-07-28T00:00:00+00:00 [queued]>
[2025-12-16T17:20:57.679+0000] {taskinstance.py:1956} INFO - Dependencies all met for dep_context=requeueable deps ti=<TaskInstance: etl_airflow.transform scheduled__2024-07-28T00:00:00+00:00 [queued]>
[2025-12-16T17:20:57.684+0000] {taskinstance.py:2170} INFO - Starting attempt 2 of 4
[2025-12-16T17:20:57.756+0000] {taskinstance.py:2191} INFO - Executing <Task(PythonOperator): transform> on 2024-07-28 00:00:00+00:00
[2025-12-16T17:20:57.771+0000] {standard_task_runner.py:60} INFO - Started process 5452 to run task
[2025-12-16T17:20:57.783+0000] {standard_task_runner.py:87} INFO - Running: ['***', 'tasks', 'run', 'etl_***', 'transform', 'scheduled__2024-07-28T00:00:00+00:00', '--job-id', '5799', '--raw', '--subdir', 'DAGS_FOLDER/etl_dag.py', '--cfg-path', '/tmp/tmphrtr49p2']
[2025-12-16T17:20:57.788+0000] {standard_task_runner.py:88} INFO - Job 5799: Subtask transform
[2025-12-16T17:20:58.024+0000] {task_command.py:423} INFO - Running <TaskInstance: etl_airflow.transform scheduled__2024-07-28T00:00:00+00:00 [running]> on host 3b89cfee50e9
[2025-12-16T17:20:58.282+0000] {taskinstance.py:2480} INFO - Exporting env vars: AIRFLOW_CTX_DAG_OWNER='***' AIRFLOW_CTX_DAG_ID='etl_***' AIRFLOW_CTX_TASK_ID='transform' AIRFLOW_CTX_EXECUTION_DATE='2024-07-28T00:00:00+00:00' AIRFLOW_CTX_TRY_NUMBER='2' AIRFLOW_CTX_DAG_RUN_ID='scheduled__2024-07-28T00:00:00+00:00'
[2025-12-16T17:20:58.290+0000] {logging_mixin.py:188} INFO - [TRANSFORM]
[2025-12-16T17:20:58.872+0000] {logging_mixin.py:188} INFO - [TRANSFORM] done
[2025-12-16T17:20:58.873+0000] {python.py:201} INFO - Done. Returned value was: None
[2025-12-16T17:20:58.907+0000] {taskinstance.py:1138} INFO - Marking task as SUCCESS. dag_id=etl_***, task_id=transform, execution_date=20240728T000000, start_date=20251216T172057, end_date=20251216T172058
[2025-12-16T17:20:59.001+0000] {local_task_job_runner.py:234} INFO - Task exited with return code 0
[2025-12-16T17:20:59.062+0000] {taskinstance.py:3280} INFO - 1 downstream tasks scheduled from follow-on schedule check
[2025-12-17T04:21:31.760+0000] {taskinstance.py:1956} INFO - Dependencies all met for dep_context=non-requeueable deps ti=<TaskInstance: etl_airflow.transform scheduled__2024-07-28T00:00:00+00:00 [queued]>
[2025-12-17T04:21:31.771+0000] {taskinstance.py:1956} INFO - Dependencies all met for dep_context=requeueable deps ti=<TaskInstance: etl_airflow.transform scheduled__2024-07-28T00:00:00+00:00 [queued]>
[2025-12-17T04:21:31.772+0000] {taskinstance.py:2170} INFO - Starting attempt 2 of 3
[2025-12-17T04:21:31.789+0000] {taskinstance.py:2191} INFO - Executing <Task(PythonOperator): transform> on 2024-07-28 00:00:00+00:00
[2025-12-17T04:21:31.798+0000] {standard_task_runner.py:60} INFO - Started process 1372 to run task
[2025-12-17T04:21:31.802+0000] {standard_task_runner.py:87} INFO - Running: ['***', 'tasks', 'run', 'etl_***', 'transform', 'scheduled__2024-07-28T00:00:00+00:00', '--job-id', '354', '--raw', '--subdir', 'DAGS_FOLDER/etl_***.py', '--cfg-path', '/tmp/tmp6ce0smjl']
[2025-12-17T04:21:31.806+0000] {standard_task_runner.py:88} INFO - Job 354: Subtask transform
[2025-12-17T04:21:31.905+0000] {task_command.py:423} INFO - Running <TaskInstance: etl_airflow.transform scheduled__2024-07-28T00:00:00+00:00 [running]> on host c5811fe183ca
[2025-12-17T04:21:32.246+0000] {taskinstance.py:2480} INFO - Exporting env vars: AIRFLOW_CTX_DAG_OWNER='***' AIRFLOW_CTX_DAG_ID='etl_***' AIRFLOW_CTX_TASK_ID='transform' AIRFLOW_CTX_EXECUTION_DATE='2024-07-28T00:00:00+00:00' AIRFLOW_CTX_TRY_NUMBER='2' AIRFLOW_CTX_DAG_RUN_ID='scheduled__2024-07-28T00:00:00+00:00'
[2025-12-17T04:21:32.248+0000] {taskinstance.py:2698} ERROR - Task failed with exception
Traceback (most recent call last):
  File "/home/airflow/.local/lib/python3.8/site-packages/airflow/models/taskinstance.py", line 433, in _execute_task
    result = execute_callable(context=context, **execute_callable_kwargs)
  File "/home/airflow/.local/lib/python3.8/site-packages/airflow/operators/python.py", line 199, in execute
    return_value = self.execute_callable()
  File "/home/airflow/.local/lib/python3.8/site-packages/airflow/operators/python.py", line 216, in execute_callable
    return self.python_callable(*self.op_args, **self.op_kwargs)
TypeError: transform_data() missing 1 required positional argument: 'df'
[2025-12-17T04:21:32.261+0000] {taskinstance.py:1138} INFO - Marking task as UP_FOR_RETRY. dag_id=etl_***, task_id=transform, execution_date=20240728T000000, start_date=20251217T042131, end_date=20251217T042132
[2025-12-17T04:21:32.290+0000] {standard_task_runner.py:107} ERROR - Failed to execute job 354 for task transform (transform_data() missing 1 required positional argument: 'df'; 1372)
[2025-12-17T04:21:32.338+0000] {local_task_job_runner.py:234} INFO - Task exited with return code 1
[2025-12-17T04:21:32.369+0000] {taskinstance.py:3280} INFO - 0 downstream tasks scheduled from follow-on schedule check
[2025-12-17T04:50:09.612+0000] {taskinstance.py:1956} INFO - Dependencies all met for dep_context=non-requeueable deps ti=<TaskInstance: etl_airflow.transform scheduled__2024-07-28T00:00:00+00:00 [queued]>
[2025-12-17T04:50:09.627+0000] {taskinstance.py:1956} INFO - Dependencies all met for dep_context=requeueable deps ti=<TaskInstance: etl_airflow.transform scheduled__2024-07-28T00:00:00+00:00 [queued]>
[2025-12-17T04:50:09.628+0000] {taskinstance.py:2170} INFO - Starting attempt 2 of 3
[2025-12-17T04:50:09.650+0000] {taskinstance.py:2191} INFO - Executing <Task(PythonOperator): transform> on 2024-07-28 00:00:00+00:00
[2025-12-17T04:50:09.659+0000] {standard_task_runner.py:60} INFO - Started process 3091 to run task
[2025-12-17T04:50:09.663+0000] {standard_task_runner.py:87} INFO - Running: ['***', 'tasks', 'run', 'etl_***', 'transform', 'scheduled__2024-07-28T00:00:00+00:00', '--job-id', '866', '--raw', '--subdir', 'DAGS_FOLDER/etl_***.py', '--cfg-path', '/tmp/tmpfkx7cj7q']
[2025-12-17T04:50:09.667+0000] {standard_task_runner.py:88} INFO - Job 866: Subtask transform
[2025-12-17T04:50:09.782+0000] {task_command.py:423} INFO - Running <TaskInstance: etl_airflow.transform scheduled__2024-07-28T00:00:00+00:00 [running]> on host b3426f05ac70
[2025-12-17T04:50:10.204+0000] {taskinstance.py:2480} INFO - Exporting env vars: AIRFLOW_CTX_DAG_OWNER='***' AIRFLOW_CTX_DAG_ID='etl_***' AIRFLOW_CTX_TASK_ID='transform' AIRFLOW_CTX_EXECUTION_DATE='2024-07-28T00:00:00+00:00' AIRFLOW_CTX_TRY_NUMBER='2' AIRFLOW_CTX_DAG_RUN_ID='scheduled__2024-07-28T00:00:00+00:00'
[2025-12-17T04:50:10.206+0000] {taskinstance.py:2698} ERROR - Task failed with exception
Traceback (most recent call last):
  File "/home/airflow/.local/lib/python3.8/site-packages/airflow/models/taskinstance.py", line 433, in _execute_task
    result = execute_callable(context=context, **execute_callable_kwargs)
  File "/home/airflow/.local/lib/python3.8/site-packages/airflow/operators/python.py", line 199, in execute
    return_value = self.execute_callable()
  File "/home/airflow/.local/lib/python3.8/site-packages/airflow/operators/python.py", line 216, in execute_callable
    return self.python_callable(*self.op_args, **self.op_kwargs)
TypeError: transform_data() missing 1 required positional argument: 'df'
[2025-12-17T04:50:10.224+0000] {taskinstance.py:1138} INFO - Marking task as UP_FOR_RETRY. dag_id=etl_***, task_id=transform, execution_date=20240728T000000, start_date=20251217T045009, end_date=20251217T045010
[2025-12-17T04:50:10.251+0000] {standard_task_runner.py:107} ERROR - Failed to execute job 866 for task transform (transform_data() missing 1 required positional argument: 'df'; 3091)
[2025-12-17T04:50:10.280+0000] {local_task_job_runner.py:234} INFO - Task exited with return code 1
[2025-12-17T04:50:10.325+0000] {taskinstance.py:3280} INFO - 0 downstream tasks scheduled from follow-on schedule check
[2025-12-17T07:43:58.020+0000] {taskinstance.py:1956} INFO - Dependencies all met for dep_context=non-requeueable deps ti=<TaskInstance: etl_airflow.transform scheduled__2024-07-28T00:00:00+00:00 [queued]>
[2025-12-17T07:43:58.041+0000] {taskinstance.py:1956} INFO - Dependencies all met for dep_context=requeueable deps ti=<TaskInstance: etl_airflow.transform scheduled__2024-07-28T00:00:00+00:00 [queued]>
[2025-12-17T07:43:58.042+0000] {taskinstance.py:2170} INFO - Starting attempt 2 of 3
[2025-12-17T07:43:58.066+0000] {taskinstance.py:2191} INFO - Executing <Task(PythonOperator): transform> on 2024-07-28 00:00:00+00:00
[2025-12-17T07:43:58.076+0000] {standard_task_runner.py:60} INFO - Started process 3157 to run task
[2025-12-17T07:43:58.083+0000] {standard_task_runner.py:87} INFO - Running: ['***', 'tasks', 'run', 'etl_***', 'transform', 'scheduled__2024-07-28T00:00:00+00:00', '--job-id', '872', '--raw', '--subdir', 'DAGS_FOLDER/etl_***.py', '--cfg-path', '/tmp/tmp9kh3to8y']
[2025-12-17T07:43:58.092+0000] {standard_task_runner.py:88} INFO - Job 872: Subtask transform
[2025-12-17T07:43:58.288+0000] {task_command.py:423} INFO - Running <TaskInstance: etl_airflow.transform scheduled__2024-07-28T00:00:00+00:00 [running]> on host 2a0de06c8905
[2025-12-17T07:43:58.775+0000] {taskinstance.py:2480} INFO - Exporting env vars: AIRFLOW_CTX_DAG_OWNER='***' AIRFLOW_CTX_DAG_ID='etl_***' AIRFLOW_CTX_TASK_ID='transform' AIRFLOW_CTX_EXECUTION_DATE='2024-07-28T00:00:00+00:00' AIRFLOW_CTX_TRY_NUMBER='2' AIRFLOW_CTX_DAG_RUN_ID='scheduled__2024-07-28T00:00:00+00:00'
[2025-12-17T07:43:58.777+0000] {taskinstance.py:2698} ERROR - Task failed with exception
Traceback (most recent call last):
  File "/home/airflow/.local/lib/python3.8/site-packages/airflow/models/taskinstance.py", line 433, in _execute_task
    result = execute_callable(context=context, **execute_callable_kwargs)
  File "/home/airflow/.local/lib/python3.8/site-packages/airflow/operators/python.py", line 199, in execute
    return_value = self.execute_callable()
  File "/home/airflow/.local/lib/python3.8/site-packages/airflow/operators/python.py", line 216, in execute_callable
    return self.python_callable(*self.op_args, **self.op_kwargs)
TypeError: transform_data() missing 1 required positional argument: 'df'
[2025-12-17T07:43:58.792+0000] {taskinstance.py:1138} INFO - Marking task as UP_FOR_RETRY. dag_id=etl_***, task_id=transform, execution_date=20240728T000000, start_date=20251217T074358, end_date=20251217T074358
[2025-12-17T07:43:58.866+0000] {standard_task_runner.py:107} ERROR - Failed to execute job 872 for task transform (transform_data() missing 1 required positional argument: 'df'; 3157)
[2025-12-17T07:43:58.902+0000] {local_task_job_runner.py:234} INFO - Task exited with return code 1
[2025-12-17T07:43:58.949+0000] {taskinstance.py:3280} INFO - 0 downstream tasks scheduled from follow-on schedule check
