[2025-12-16T17:11:04.393+0000] {taskinstance.py:1956} INFO - Dependencies all met for dep_context=non-requeueable deps ti=<TaskInstance: etl_airflow.load scheduled__2024-04-05T00:00:00+00:00 [queued]>
[2025-12-16T17:11:04.431+0000] {taskinstance.py:1956} INFO - Dependencies all met for dep_context=requeueable deps ti=<TaskInstance: etl_airflow.load scheduled__2024-04-05T00:00:00+00:00 [queued]>
[2025-12-16T17:11:04.432+0000] {taskinstance.py:2170} INFO - Starting attempt 1 of 3
[2025-12-16T17:11:04.492+0000] {taskinstance.py:2191} INFO - Executing <Task(PythonOperator): load> on 2024-04-05 00:00:00+00:00
[2025-12-16T17:11:04.514+0000] {standard_task_runner.py:60} INFO - Started process 1243 to run task
[2025-12-16T17:11:04.525+0000] {standard_task_runner.py:87} INFO - Running: ['***', 'tasks', 'run', 'etl_***', 'load', 'scheduled__2024-04-05T00:00:00+00:00', '--job-id', '3893', '--raw', '--subdir', 'DAGS_FOLDER/etl_dag.py', '--cfg-path', '/tmp/tmpbtb223__']
[2025-12-16T17:11:04.532+0000] {standard_task_runner.py:88} INFO - Job 3893: Subtask load
[2025-12-16T17:11:04.776+0000] {task_command.py:423} INFO - Running <TaskInstance: etl_airflow.load scheduled__2024-04-05T00:00:00+00:00 [running]> on host 3b89cfee50e9
[2025-12-16T17:11:05.086+0000] {taskinstance.py:2480} INFO - Exporting env vars: AIRFLOW_CTX_DAG_OWNER='***' AIRFLOW_CTX_DAG_ID='etl_***' AIRFLOW_CTX_TASK_ID='load' AIRFLOW_CTX_EXECUTION_DATE='2024-04-05T00:00:00+00:00' AIRFLOW_CTX_TRY_NUMBER='1' AIRFLOW_CTX_DAG_RUN_ID='scheduled__2024-04-05T00:00:00+00:00'
[2025-12-16T17:11:05.094+0000] {logging_mixin.py:188} INFO - [LOAD]
[2025-12-16T17:11:05.908+0000] {logging_mixin.py:188} INFO -    user_id event_type            timestamp country
0        1      login  2025-01-01T09:00:00      IN
1        1      click  2025-01-01T09:05:00      IN
2        1     logout  2025-01-01T09:15:00      IN
3        3      login  2025-01-02T08:00:00      FR
4        3      click  2025-01-02T08:05:00      FR
[2025-12-16T17:11:05.910+0000] {logging_mixin.py:188} INFO - [LOAD] done
[2025-12-16T17:11:05.922+0000] {python.py:201} INFO - Done. Returned value was: None
[2025-12-16T17:11:05.957+0000] {taskinstance.py:1138} INFO - Marking task as SUCCESS. dag_id=etl_***, task_id=load, execution_date=20240405T000000, start_date=20251216T171104, end_date=20251216T171105
[2025-12-16T17:11:06.130+0000] {local_task_job_runner.py:234} INFO - Task exited with return code 0
[2025-12-16T17:11:06.212+0000] {taskinstance.py:3280} INFO - 0 downstream tasks scheduled from follow-on schedule check
[2025-12-17T01:51:51.707+0000] {taskinstance.py:1956} INFO - Dependencies all met for dep_context=non-requeueable deps ti=<TaskInstance: etl_airflow.load scheduled__2024-04-05T00:00:00+00:00 [queued]>
[2025-12-17T01:51:51.740+0000] {taskinstance.py:1956} INFO - Dependencies all met for dep_context=requeueable deps ti=<TaskInstance: etl_airflow.load scheduled__2024-04-05T00:00:00+00:00 [queued]>
[2025-12-17T01:51:51.742+0000] {taskinstance.py:2170} INFO - Starting attempt 1 of 3
[2025-12-17T01:51:52.018+0000] {taskinstance.py:2191} INFO - Executing <Task(PythonOperator): load> on 2024-04-05 00:00:00+00:00
[2025-12-17T01:51:52.048+0000] {standard_task_runner.py:60} INFO - Started process 1173 to run task
[2025-12-17T01:51:52.066+0000] {standard_task_runner.py:87} INFO - Running: ['***', 'tasks', 'run', 'etl_***', 'load', 'scheduled__2024-04-05T00:00:00+00:00', '--job-id', '308', '--raw', '--subdir', 'DAGS_FOLDER/etl_dag.py', '--cfg-path', '/tmp/tmpst5w2yo9']
[2025-12-17T01:51:52.083+0000] {standard_task_runner.py:88} INFO - Job 308: Subtask load
[2025-12-17T01:51:52.339+0000] {task_command.py:423} INFO - Running <TaskInstance: etl_airflow.load scheduled__2024-04-05T00:00:00+00:00 [running]> on host 571e042550da
[2025-12-17T01:51:52.926+0000] {taskinstance.py:2480} INFO - Exporting env vars: AIRFLOW_CTX_DAG_OWNER='***' AIRFLOW_CTX_DAG_ID='etl_***' AIRFLOW_CTX_TASK_ID='load' AIRFLOW_CTX_EXECUTION_DATE='2024-04-05T00:00:00+00:00' AIRFLOW_CTX_TRY_NUMBER='1' AIRFLOW_CTX_DAG_RUN_ID='scheduled__2024-04-05T00:00:00+00:00'
[2025-12-17T01:51:52.935+0000] {logging_mixin.py:188} INFO - [LOAD]
[2025-12-17T01:51:52.981+0000] {logging_mixin.py:188} INFO -    user_id event_type            timestamp country
0        1      login  2025-01-01T09:00:00      IN
1        1      click  2025-01-01T09:05:00      IN
2        1     logout  2025-01-01T09:15:00      IN
3        3      login  2025-01-02T08:00:00      FR
4        3      click  2025-01-02T08:05:00      FR
[2025-12-17T01:51:52.983+0000] {logging_mixin.py:188} INFO - [LOAD] done
[2025-12-17T01:51:52.988+0000] {python.py:201} INFO - Done. Returned value was: None
[2025-12-17T01:51:53.017+0000] {taskinstance.py:1138} INFO - Marking task as SUCCESS. dag_id=etl_***, task_id=load, execution_date=20240405T000000, start_date=20251217T015151, end_date=20251217T015153
[2025-12-17T01:51:53.114+0000] {local_task_job_runner.py:234} INFO - Task exited with return code 0
[2025-12-17T01:51:53.155+0000] {taskinstance.py:3280} INFO - 0 downstream tasks scheduled from follow-on schedule check
