[2025-12-16T17:19:24.073+0000] {taskinstance.py:1956} INFO - Dependencies all met for dep_context=non-requeueable deps ti=<TaskInstance: etl_airflow.transform scheduled__2024-03-28T00:00:00+00:00 [queued]>
[2025-12-16T17:19:24.098+0000] {taskinstance.py:1956} INFO - Dependencies all met for dep_context=requeueable deps ti=<TaskInstance: etl_airflow.transform scheduled__2024-03-28T00:00:00+00:00 [queued]>
[2025-12-16T17:19:24.101+0000] {taskinstance.py:2170} INFO - Starting attempt 2 of 4
[2025-12-16T17:19:24.144+0000] {taskinstance.py:2191} INFO - Executing <Task(PythonOperator): transform> on 2024-03-28 00:00:00+00:00
[2025-12-16T17:19:24.163+0000] {standard_task_runner.py:60} INFO - Started process 4295 to run task
[2025-12-16T17:19:24.172+0000] {standard_task_runner.py:87} INFO - Running: ['***', 'tasks', 'run', 'etl_***', 'transform', 'scheduled__2024-03-28T00:00:00+00:00', '--job-id', '5435', '--raw', '--subdir', 'DAGS_FOLDER/etl_dag.py', '--cfg-path', '/tmp/tmpmoe7e2yj']
[2025-12-16T17:19:24.176+0000] {standard_task_runner.py:88} INFO - Job 5435: Subtask transform
[2025-12-16T17:19:24.407+0000] {task_command.py:423} INFO - Running <TaskInstance: etl_airflow.transform scheduled__2024-03-28T00:00:00+00:00 [running]> on host 3b89cfee50e9
[2025-12-16T17:19:24.732+0000] {taskinstance.py:2480} INFO - Exporting env vars: AIRFLOW_CTX_DAG_OWNER='***' AIRFLOW_CTX_DAG_ID='etl_***' AIRFLOW_CTX_TASK_ID='transform' AIRFLOW_CTX_EXECUTION_DATE='2024-03-28T00:00:00+00:00' AIRFLOW_CTX_TRY_NUMBER='2' AIRFLOW_CTX_DAG_RUN_ID='scheduled__2024-03-28T00:00:00+00:00'
[2025-12-16T17:19:24.743+0000] {logging_mixin.py:188} INFO - [TRANSFORM]
[2025-12-16T17:19:25.151+0000] {logging_mixin.py:188} INFO - [TRANSFORM] done
[2025-12-16T17:19:25.154+0000] {python.py:201} INFO - Done. Returned value was: None
[2025-12-16T17:19:25.174+0000] {taskinstance.py:1138} INFO - Marking task as SUCCESS. dag_id=etl_***, task_id=transform, execution_date=20240328T000000, start_date=20251216T171924, end_date=20251216T171925
[2025-12-16T17:19:25.261+0000] {local_task_job_runner.py:234} INFO - Task exited with return code 0
[2025-12-16T17:19:25.300+0000] {taskinstance.py:3280} INFO - 1 downstream tasks scheduled from follow-on schedule check
[2025-12-17T04:45:28.363+0000] {taskinstance.py:1956} INFO - Dependencies all met for dep_context=non-requeueable deps ti=<TaskInstance: etl_airflow.transform scheduled__2024-03-28T00:00:00+00:00 [queued]>
[2025-12-17T04:45:28.377+0000] {taskinstance.py:1956} INFO - Dependencies all met for dep_context=requeueable deps ti=<TaskInstance: etl_airflow.transform scheduled__2024-03-28T00:00:00+00:00 [queued]>
[2025-12-17T04:45:28.378+0000] {taskinstance.py:2170} INFO - Starting attempt 2 of 3
[2025-12-17T04:45:28.400+0000] {taskinstance.py:2191} INFO - Executing <Task(PythonOperator): transform> on 2024-03-28 00:00:00+00:00
[2025-12-17T04:45:28.407+0000] {standard_task_runner.py:60} INFO - Started process 1410 to run task
[2025-12-17T04:45:28.413+0000] {standard_task_runner.py:87} INFO - Running: ['***', 'tasks', 'run', 'etl_***', 'transform', 'scheduled__2024-03-28T00:00:00+00:00', '--job-id', '360', '--raw', '--subdir', 'DAGS_FOLDER/etl_***.py', '--cfg-path', '/tmp/tmp9lc9mqfq']
[2025-12-17T04:45:28.418+0000] {standard_task_runner.py:88} INFO - Job 360: Subtask transform
[2025-12-17T04:45:28.537+0000] {task_command.py:423} INFO - Running <TaskInstance: etl_airflow.transform scheduled__2024-03-28T00:00:00+00:00 [running]> on host b3426f05ac70
[2025-12-17T04:45:28.963+0000] {taskinstance.py:2480} INFO - Exporting env vars: AIRFLOW_CTX_DAG_OWNER='***' AIRFLOW_CTX_DAG_ID='etl_***' AIRFLOW_CTX_TASK_ID='transform' AIRFLOW_CTX_EXECUTION_DATE='2024-03-28T00:00:00+00:00' AIRFLOW_CTX_TRY_NUMBER='2' AIRFLOW_CTX_DAG_RUN_ID='scheduled__2024-03-28T00:00:00+00:00'
[2025-12-17T04:45:28.966+0000] {taskinstance.py:2698} ERROR - Task failed with exception
Traceback (most recent call last):
  File "/home/airflow/.local/lib/python3.8/site-packages/airflow/models/taskinstance.py", line 433, in _execute_task
    result = execute_callable(context=context, **execute_callable_kwargs)
  File "/home/airflow/.local/lib/python3.8/site-packages/airflow/operators/python.py", line 199, in execute
    return_value = self.execute_callable()
  File "/home/airflow/.local/lib/python3.8/site-packages/airflow/operators/python.py", line 216, in execute_callable
    return self.python_callable(*self.op_args, **self.op_kwargs)
TypeError: transform_data() missing 1 required positional argument: 'df'
[2025-12-17T04:45:28.981+0000] {taskinstance.py:1138} INFO - Marking task as UP_FOR_RETRY. dag_id=etl_***, task_id=transform, execution_date=20240328T000000, start_date=20251217T044528, end_date=20251217T044528
[2025-12-17T04:45:28.996+0000] {standard_task_runner.py:107} ERROR - Failed to execute job 360 for task transform (transform_data() missing 1 required positional argument: 'df'; 1410)
[2025-12-17T04:45:29.028+0000] {local_task_job_runner.py:234} INFO - Task exited with return code 1
[2025-12-17T04:45:29.059+0000] {taskinstance.py:3280} INFO - 0 downstream tasks scheduled from follow-on schedule check
[2025-12-17T07:38:53.484+0000] {taskinstance.py:1956} INFO - Dependencies all met for dep_context=non-requeueable deps ti=<TaskInstance: etl_airflow.transform scheduled__2024-03-28T00:00:00+00:00 [queued]>
[2025-12-17T07:38:53.513+0000] {taskinstance.py:1956} INFO - Dependencies all met for dep_context=requeueable deps ti=<TaskInstance: etl_airflow.transform scheduled__2024-03-28T00:00:00+00:00 [queued]>
[2025-12-17T07:38:53.514+0000] {taskinstance.py:2170} INFO - Starting attempt 2 of 3
[2025-12-17T07:38:53.550+0000] {taskinstance.py:2191} INFO - Executing <Task(PythonOperator): transform> on 2024-03-28 00:00:00+00:00
[2025-12-17T07:38:53.563+0000] {standard_task_runner.py:60} INFO - Started process 1466 to run task
[2025-12-17T07:38:53.574+0000] {standard_task_runner.py:87} INFO - Running: ['***', 'tasks', 'run', 'etl_***', 'transform', 'scheduled__2024-03-28T00:00:00+00:00', '--job-id', '361', '--raw', '--subdir', 'DAGS_FOLDER/etl_***.py', '--cfg-path', '/tmp/tmp0rvva7r7']
[2025-12-17T07:38:53.584+0000] {standard_task_runner.py:88} INFO - Job 361: Subtask transform
[2025-12-17T07:38:53.784+0000] {task_command.py:423} INFO - Running <TaskInstance: etl_airflow.transform scheduled__2024-03-28T00:00:00+00:00 [running]> on host 2a0de06c8905
[2025-12-17T07:38:54.198+0000] {taskinstance.py:2480} INFO - Exporting env vars: AIRFLOW_CTX_DAG_OWNER='***' AIRFLOW_CTX_DAG_ID='etl_***' AIRFLOW_CTX_TASK_ID='transform' AIRFLOW_CTX_EXECUTION_DATE='2024-03-28T00:00:00+00:00' AIRFLOW_CTX_TRY_NUMBER='2' AIRFLOW_CTX_DAG_RUN_ID='scheduled__2024-03-28T00:00:00+00:00'
[2025-12-17T07:38:54.208+0000] {taskinstance.py:2698} ERROR - Task failed with exception
Traceback (most recent call last):
  File "/home/airflow/.local/lib/python3.8/site-packages/airflow/models/taskinstance.py", line 433, in _execute_task
    result = execute_callable(context=context, **execute_callable_kwargs)
  File "/home/airflow/.local/lib/python3.8/site-packages/airflow/operators/python.py", line 199, in execute
    return_value = self.execute_callable()
  File "/home/airflow/.local/lib/python3.8/site-packages/airflow/operators/python.py", line 216, in execute_callable
    return self.python_callable(*self.op_args, **self.op_kwargs)
TypeError: transform_data() missing 1 required positional argument: 'df'
[2025-12-17T07:38:54.225+0000] {taskinstance.py:1138} INFO - Marking task as UP_FOR_RETRY. dag_id=etl_***, task_id=transform, execution_date=20240328T000000, start_date=20251217T073853, end_date=20251217T073854
[2025-12-17T07:38:54.496+0000] {standard_task_runner.py:107} ERROR - Failed to execute job 361 for task transform (transform_data() missing 1 required positional argument: 'df'; 1466)
[2025-12-17T07:38:54.559+0000] {local_task_job_runner.py:234} INFO - Task exited with return code 1
[2025-12-17T07:38:54.612+0000] {taskinstance.py:3280} INFO - 0 downstream tasks scheduled from follow-on schedule check
