[2025-12-16T17:10:50.432+0000] {taskinstance.py:1956} INFO - Dependencies all met for dep_context=non-requeueable deps ti=<TaskInstance: etl_airflow.load scheduled__2024-03-13T00:00:00+00:00 [queued]>
[2025-12-16T17:10:50.469+0000] {taskinstance.py:1956} INFO - Dependencies all met for dep_context=requeueable deps ti=<TaskInstance: etl_airflow.load scheduled__2024-03-13T00:00:00+00:00 [queued]>
[2025-12-16T17:10:50.471+0000] {taskinstance.py:2170} INFO - Starting attempt 1 of 3
[2025-12-16T17:10:50.508+0000] {taskinstance.py:2191} INFO - Executing <Task(PythonOperator): load> on 2024-03-13 00:00:00+00:00
[2025-12-16T17:10:50.535+0000] {standard_task_runner.py:60} INFO - Started process 1097 to run task
[2025-12-16T17:10:50.549+0000] {standard_task_runner.py:87} INFO - Running: ['***', 'tasks', 'run', 'etl_***', 'load', 'scheduled__2024-03-13T00:00:00+00:00', '--job-id', '3847', '--raw', '--subdir', 'DAGS_FOLDER/etl_dag.py', '--cfg-path', '/tmp/tmphs51jucg']
[2025-12-16T17:10:50.557+0000] {standard_task_runner.py:88} INFO - Job 3847: Subtask load
[2025-12-16T17:10:50.755+0000] {task_command.py:423} INFO - Running <TaskInstance: etl_airflow.load scheduled__2024-03-13T00:00:00+00:00 [running]> on host 3b89cfee50e9
[2025-12-16T17:10:51.085+0000] {taskinstance.py:2480} INFO - Exporting env vars: AIRFLOW_CTX_DAG_OWNER='***' AIRFLOW_CTX_DAG_ID='etl_***' AIRFLOW_CTX_TASK_ID='load' AIRFLOW_CTX_EXECUTION_DATE='2024-03-13T00:00:00+00:00' AIRFLOW_CTX_TRY_NUMBER='1' AIRFLOW_CTX_DAG_RUN_ID='scheduled__2024-03-13T00:00:00+00:00'
[2025-12-16T17:10:51.092+0000] {logging_mixin.py:188} INFO - [LOAD]
[2025-12-16T17:10:51.963+0000] {logging_mixin.py:188} INFO -    user_id event_type            timestamp country
0        1      login  2025-01-01T09:00:00      IN
1        1      click  2025-01-01T09:05:00      IN
2        1     logout  2025-01-01T09:15:00      IN
3        3      login  2025-01-02T08:00:00      FR
4        3      click  2025-01-02T08:05:00      FR
[2025-12-16T17:10:51.967+0000] {logging_mixin.py:188} INFO - [LOAD] done
[2025-12-16T17:10:51.972+0000] {python.py:201} INFO - Done. Returned value was: None
[2025-12-16T17:10:51.999+0000] {taskinstance.py:1138} INFO - Marking task as SUCCESS. dag_id=etl_***, task_id=load, execution_date=20240313T000000, start_date=20251216T171050, end_date=20251216T171051
[2025-12-16T17:10:52.163+0000] {local_task_job_runner.py:234} INFO - Task exited with return code 0
[2025-12-16T17:10:52.391+0000] {taskinstance.py:3280} INFO - 0 downstream tasks scheduled from follow-on schedule check
[2025-12-17T01:51:31.528+0000] {taskinstance.py:1956} INFO - Dependencies all met for dep_context=non-requeueable deps ti=<TaskInstance: etl_airflow.load scheduled__2024-03-13T00:00:00+00:00 [queued]>
[2025-12-17T01:51:31.552+0000] {taskinstance.py:1956} INFO - Dependencies all met for dep_context=requeueable deps ti=<TaskInstance: etl_airflow.load scheduled__2024-03-13T00:00:00+00:00 [queued]>
[2025-12-17T01:51:31.554+0000] {taskinstance.py:2170} INFO - Starting attempt 1 of 3
[2025-12-17T01:51:31.808+0000] {taskinstance.py:2191} INFO - Executing <Task(PythonOperator): load> on 2024-03-13 00:00:00+00:00
[2025-12-17T01:51:31.829+0000] {standard_task_runner.py:60} INFO - Started process 1014 to run task
[2025-12-17T01:51:31.837+0000] {standard_task_runner.py:87} INFO - Running: ['***', 'tasks', 'run', 'etl_***', 'load', 'scheduled__2024-03-13T00:00:00+00:00', '--job-id', '249', '--raw', '--subdir', 'DAGS_FOLDER/etl_dag.py', '--cfg-path', '/tmp/tmp_36sukd6']
[2025-12-17T01:51:31.846+0000] {standard_task_runner.py:88} INFO - Job 249: Subtask load
[2025-12-17T01:51:32.069+0000] {task_command.py:423} INFO - Running <TaskInstance: etl_airflow.load scheduled__2024-03-13T00:00:00+00:00 [running]> on host 571e042550da
[2025-12-17T01:51:32.525+0000] {taskinstance.py:2480} INFO - Exporting env vars: AIRFLOW_CTX_DAG_OWNER='***' AIRFLOW_CTX_DAG_ID='etl_***' AIRFLOW_CTX_TASK_ID='load' AIRFLOW_CTX_EXECUTION_DATE='2024-03-13T00:00:00+00:00' AIRFLOW_CTX_TRY_NUMBER='1' AIRFLOW_CTX_DAG_RUN_ID='scheduled__2024-03-13T00:00:00+00:00'
[2025-12-17T01:51:32.529+0000] {logging_mixin.py:188} INFO - [LOAD]
[2025-12-17T01:51:32.543+0000] {taskinstance.py:2698} ERROR - Task failed with exception
Traceback (most recent call last):
  File "/home/airflow/.local/lib/python3.8/site-packages/airflow/models/taskinstance.py", line 433, in _execute_task
    result = execute_callable(context=context, **execute_callable_kwargs)
  File "/home/airflow/.local/lib/python3.8/site-packages/airflow/operators/python.py", line 199, in execute
    return_value = self.execute_callable()
  File "/home/airflow/.local/lib/python3.8/site-packages/airflow/operators/python.py", line 216, in execute_callable
    return self.python_callable(*self.op_args, **self.op_kwargs)
  File "/opt/airflow/etl_logic/pipeline.py", line 125, in load_data
    df = pd.read_csv(output_path)
  File "/home/airflow/.local/lib/python3.8/site-packages/pandas/io/parsers/readers.py", line 912, in read_csv
    return _read(filepath_or_buffer, kwds)
  File "/home/airflow/.local/lib/python3.8/site-packages/pandas/io/parsers/readers.py", line 577, in _read
    parser = TextFileReader(filepath_or_buffer, **kwds)
  File "/home/airflow/.local/lib/python3.8/site-packages/pandas/io/parsers/readers.py", line 1407, in __init__
    self._engine = self._make_engine(f, self.engine)
  File "/home/airflow/.local/lib/python3.8/site-packages/pandas/io/parsers/readers.py", line 1679, in _make_engine
    return mapping[engine](f, **self.options)
  File "/home/airflow/.local/lib/python3.8/site-packages/pandas/io/parsers/c_parser_wrapper.py", line 93, in __init__
    self._reader = parsers.TextReader(src, **kwds)
  File "pandas/_libs/parsers.pyx", line 557, in pandas._libs.parsers.TextReader.__cinit__
pandas.errors.EmptyDataError: No columns to parse from file
[2025-12-17T01:51:32.577+0000] {taskinstance.py:1138} INFO - Marking task as UP_FOR_RETRY. dag_id=etl_***, task_id=load, execution_date=20240313T000000, start_date=20251217T015131, end_date=20251217T015132
[2025-12-17T01:51:32.603+0000] {standard_task_runner.py:107} ERROR - Failed to execute job 249 for task load (No columns to parse from file; 1014)
[2025-12-17T01:51:32.642+0000] {local_task_job_runner.py:234} INFO - Task exited with return code 1
[2025-12-17T01:51:32.678+0000] {taskinstance.py:3280} INFO - 0 downstream tasks scheduled from follow-on schedule check
