[2025-12-17T01:58:51.286+0000] {taskinstance.py:1956} INFO - Dependencies all met for dep_context=non-requeueable deps ti=<TaskInstance: etl_airflow.transform scheduled__2025-05-24T00:00:00+00:00 [queued]>
[2025-12-17T01:58:51.307+0000] {taskinstance.py:1956} INFO - Dependencies all met for dep_context=requeueable deps ti=<TaskInstance: etl_airflow.transform scheduled__2025-05-24T00:00:00+00:00 [queued]>
[2025-12-17T01:58:51.308+0000] {taskinstance.py:2170} INFO - Starting attempt 1 of 3
[2025-12-17T01:58:51.543+0000] {taskinstance.py:2191} INFO - Executing <Task(PythonOperator): transform> on 2025-05-24 00:00:00+00:00
[2025-12-17T01:58:51.554+0000] {standard_task_runner.py:60} INFO - Started process 5143 to run task
[2025-12-17T01:58:51.565+0000] {standard_task_runner.py:87} INFO - Running: ['***', 'tasks', 'run', 'etl_***', 'transform', 'scheduled__2025-05-24T00:00:00+00:00', '--job-id', '1553', '--raw', '--subdir', 'DAGS_FOLDER/etl_dag.py', '--cfg-path', '/tmp/tmpu5a1_5zq']
[2025-12-17T01:58:51.572+0000] {standard_task_runner.py:88} INFO - Job 1553: Subtask transform
[2025-12-17T01:58:51.766+0000] {task_command.py:423} INFO - Running <TaskInstance: etl_airflow.transform scheduled__2025-05-24T00:00:00+00:00 [running]> on host 571e042550da
[2025-12-17T01:58:52.279+0000] {taskinstance.py:2480} INFO - Exporting env vars: AIRFLOW_CTX_DAG_OWNER='***' AIRFLOW_CTX_DAG_ID='etl_***' AIRFLOW_CTX_TASK_ID='transform' AIRFLOW_CTX_EXECUTION_DATE='2025-05-24T00:00:00+00:00' AIRFLOW_CTX_TRY_NUMBER='1' AIRFLOW_CTX_DAG_RUN_ID='scheduled__2025-05-24T00:00:00+00:00'
[2025-12-17T01:58:52.283+0000] {logging_mixin.py:188} INFO - [TRANSFORM]
[2025-12-17T01:58:52.330+0000] {logging_mixin.py:188} INFO - [TRANSFORM] done
[2025-12-17T01:58:52.334+0000] {python.py:201} INFO - Done. Returned value was: None
[2025-12-17T01:58:52.366+0000] {taskinstance.py:1138} INFO - Marking task as SUCCESS. dag_id=etl_***, task_id=transform, execution_date=20250524T000000, start_date=20251217T015851, end_date=20251217T015852
[2025-12-17T01:58:52.435+0000] {local_task_job_runner.py:234} INFO - Task exited with return code 0
[2025-12-17T01:58:52.709+0000] {taskinstance.py:3280} INFO - 0 downstream tasks scheduled from follow-on schedule check
[2025-12-17T05:00:24.751+0000] {taskinstance.py:1956} INFO - Dependencies all met for dep_context=non-requeueable deps ti=<TaskInstance: etl_airflow.transform scheduled__2025-05-24T00:00:00+00:00 [queued]>
[2025-12-17T05:00:24.765+0000] {taskinstance.py:1956} INFO - Dependencies all met for dep_context=requeueable deps ti=<TaskInstance: etl_airflow.transform scheduled__2025-05-24T00:00:00+00:00 [queued]>
[2025-12-17T05:00:24.766+0000] {taskinstance.py:2170} INFO - Starting attempt 1 of 3
[2025-12-17T05:00:24.785+0000] {taskinstance.py:2191} INFO - Executing <Task(PythonOperator): transform> on 2025-05-24 00:00:00+00:00
[2025-12-17T05:00:24.793+0000] {standard_task_runner.py:60} INFO - Started process 6860 to run task
[2025-12-17T05:00:24.798+0000] {standard_task_runner.py:87} INFO - Running: ['***', 'tasks', 'run', 'etl_***', 'transform', 'scheduled__2025-05-24T00:00:00+00:00', '--job-id', '2015', '--raw', '--subdir', 'DAGS_FOLDER/etl_***.py', '--cfg-path', '/tmp/tmpoobm7olu']
[2025-12-17T05:00:24.801+0000] {standard_task_runner.py:88} INFO - Job 2015: Subtask transform
[2025-12-17T05:00:24.908+0000] {task_command.py:423} INFO - Running <TaskInstance: etl_airflow.transform scheduled__2025-05-24T00:00:00+00:00 [running]> on host b3426f05ac70
[2025-12-17T05:00:25.270+0000] {taskinstance.py:2480} INFO - Exporting env vars: AIRFLOW_CTX_DAG_OWNER='***' AIRFLOW_CTX_DAG_ID='etl_***' AIRFLOW_CTX_TASK_ID='transform' AIRFLOW_CTX_EXECUTION_DATE='2025-05-24T00:00:00+00:00' AIRFLOW_CTX_TRY_NUMBER='1' AIRFLOW_CTX_DAG_RUN_ID='scheduled__2025-05-24T00:00:00+00:00'
[2025-12-17T05:00:25.272+0000] {taskinstance.py:2698} ERROR - Task failed with exception
Traceback (most recent call last):
  File "/home/airflow/.local/lib/python3.8/site-packages/airflow/models/taskinstance.py", line 433, in _execute_task
    result = execute_callable(context=context, **execute_callable_kwargs)
  File "/home/airflow/.local/lib/python3.8/site-packages/airflow/operators/python.py", line 199, in execute
    return_value = self.execute_callable()
  File "/home/airflow/.local/lib/python3.8/site-packages/airflow/operators/python.py", line 216, in execute_callable
    return self.python_callable(*self.op_args, **self.op_kwargs)
TypeError: transform_data() missing 1 required positional argument: 'df'
[2025-12-17T05:00:25.288+0000] {taskinstance.py:1138} INFO - Marking task as UP_FOR_RETRY. dag_id=etl_***, task_id=transform, execution_date=20250524T000000, start_date=20251217T050024, end_date=20251217T050025
[2025-12-17T05:00:25.301+0000] {standard_task_runner.py:107} ERROR - Failed to execute job 2015 for task transform (transform_data() missing 1 required positional argument: 'df'; 6860)
[2025-12-17T05:00:25.334+0000] {local_task_job_runner.py:234} INFO - Task exited with return code 1
[2025-12-17T05:00:25.372+0000] {taskinstance.py:3280} INFO - 0 downstream tasks scheduled from follow-on schedule check
