[2025-12-16T17:11:44.723+0000] {taskinstance.py:1956} INFO - Dependencies all met for dep_context=non-requeueable deps ti=<TaskInstance: etl_airflow.transform scheduled__2024-05-17T00:00:00+00:00 [queued]>
[2025-12-16T17:11:44.787+0000] {taskinstance.py:1956} INFO - Dependencies all met for dep_context=requeueable deps ti=<TaskInstance: etl_airflow.transform scheduled__2024-05-17T00:00:00+00:00 [queued]>
[2025-12-16T17:11:44.788+0000] {taskinstance.py:2170} INFO - Starting attempt 1 of 3
[2025-12-16T17:11:44.863+0000] {taskinstance.py:2191} INFO - Executing <Task(PythonOperator): transform> on 2024-05-17 00:00:00+00:00
[2025-12-16T17:11:44.892+0000] {standard_task_runner.py:60} INFO - Started process 1660 to run task
[2025-12-16T17:11:44.912+0000] {standard_task_runner.py:87} INFO - Running: ['***', 'tasks', 'run', 'etl_***', 'transform', 'scheduled__2024-05-17T00:00:00+00:00', '--job-id', '4027', '--raw', '--subdir', 'DAGS_FOLDER/etl_dag.py', '--cfg-path', '/tmp/tmpcvuhvo6z']
[2025-12-16T17:11:44.925+0000] {standard_task_runner.py:88} INFO - Job 4027: Subtask transform
[2025-12-16T17:11:45.129+0000] {task_command.py:423} INFO - Running <TaskInstance: etl_airflow.transform scheduled__2024-05-17T00:00:00+00:00 [running]> on host 3b89cfee50e9
[2025-12-16T17:11:45.581+0000] {taskinstance.py:2480} INFO - Exporting env vars: AIRFLOW_CTX_DAG_OWNER='***' AIRFLOW_CTX_DAG_ID='etl_***' AIRFLOW_CTX_TASK_ID='transform' AIRFLOW_CTX_EXECUTION_DATE='2024-05-17T00:00:00+00:00' AIRFLOW_CTX_TRY_NUMBER='1' AIRFLOW_CTX_DAG_RUN_ID='scheduled__2024-05-17T00:00:00+00:00'
[2025-12-16T17:11:45.601+0000] {logging_mixin.py:188} INFO - [TRANSFORM]
[2025-12-16T17:11:46.122+0000] {logging_mixin.py:188} INFO - [TRANSFORM] done
[2025-12-16T17:11:46.124+0000] {python.py:201} INFO - Done. Returned value was: None
[2025-12-16T17:11:46.159+0000] {taskinstance.py:1138} INFO - Marking task as SUCCESS. dag_id=etl_***, task_id=transform, execution_date=20240517T000000, start_date=20251216T171144, end_date=20251216T171146
[2025-12-16T17:11:46.227+0000] {local_task_job_runner.py:234} INFO - Task exited with return code 0
[2025-12-16T17:11:46.357+0000] {taskinstance.py:3280} INFO - 0 downstream tasks scheduled from follow-on schedule check
[2025-12-17T01:52:34.941+0000] {taskinstance.py:1956} INFO - Dependencies all met for dep_context=non-requeueable deps ti=<TaskInstance: etl_airflow.transform scheduled__2024-05-17T00:00:00+00:00 [queued]>
[2025-12-17T01:52:34.964+0000] {taskinstance.py:1956} INFO - Dependencies all met for dep_context=requeueable deps ti=<TaskInstance: etl_airflow.transform scheduled__2024-05-17T00:00:00+00:00 [queued]>
[2025-12-17T01:52:34.966+0000] {taskinstance.py:2170} INFO - Starting attempt 1 of 3
[2025-12-17T01:52:35.004+0000] {taskinstance.py:2191} INFO - Executing <Task(PythonOperator): transform> on 2024-05-17 00:00:00+00:00
[2025-12-17T01:52:35.022+0000] {standard_task_runner.py:60} INFO - Started process 1565 to run task
[2025-12-17T01:52:35.031+0000] {standard_task_runner.py:87} INFO - Running: ['***', 'tasks', 'run', 'etl_***', 'transform', 'scheduled__2024-05-17T00:00:00+00:00', '--job-id', '424', '--raw', '--subdir', 'DAGS_FOLDER/etl_dag.py', '--cfg-path', '/tmp/tmpjovcdlr2']
[2025-12-17T01:52:35.039+0000] {standard_task_runner.py:88} INFO - Job 424: Subtask transform
[2025-12-17T01:52:35.268+0000] {task_command.py:423} INFO - Running <TaskInstance: etl_airflow.transform scheduled__2024-05-17T00:00:00+00:00 [running]> on host 571e042550da
[2025-12-17T01:52:35.856+0000] {taskinstance.py:2480} INFO - Exporting env vars: AIRFLOW_CTX_DAG_OWNER='***' AIRFLOW_CTX_DAG_ID='etl_***' AIRFLOW_CTX_TASK_ID='transform' AIRFLOW_CTX_EXECUTION_DATE='2024-05-17T00:00:00+00:00' AIRFLOW_CTX_TRY_NUMBER='1' AIRFLOW_CTX_DAG_RUN_ID='scheduled__2024-05-17T00:00:00+00:00'
[2025-12-17T01:52:35.859+0000] {logging_mixin.py:188} INFO - [TRANSFORM]
[2025-12-17T01:52:35.924+0000] {logging_mixin.py:188} INFO - [TRANSFORM] done
[2025-12-17T01:52:35.925+0000] {python.py:201} INFO - Done. Returned value was: None
[2025-12-17T01:52:35.953+0000] {taskinstance.py:1138} INFO - Marking task as SUCCESS. dag_id=etl_***, task_id=transform, execution_date=20240517T000000, start_date=20251217T015234, end_date=20251217T015235
[2025-12-17T01:52:36.046+0000] {local_task_job_runner.py:234} INFO - Task exited with return code 0
[2025-12-17T01:52:36.330+0000] {taskinstance.py:3280} INFO - 0 downstream tasks scheduled from follow-on schedule check
[2025-12-17T04:47:06.309+0000] {taskinstance.py:1956} INFO - Dependencies all met for dep_context=non-requeueable deps ti=<TaskInstance: etl_airflow.transform scheduled__2024-05-17T00:00:00+00:00 [queued]>
[2025-12-17T04:47:06.344+0000] {taskinstance.py:1956} INFO - Dependencies all met for dep_context=requeueable deps ti=<TaskInstance: etl_airflow.transform scheduled__2024-05-17T00:00:00+00:00 [queued]>
[2025-12-17T04:47:06.345+0000] {taskinstance.py:2170} INFO - Starting attempt 1 of 3
[2025-12-17T04:47:06.395+0000] {taskinstance.py:2191} INFO - Executing <Task(PythonOperator): transform> on 2024-05-17 00:00:00+00:00
[2025-12-17T04:47:06.414+0000] {standard_task_runner.py:60} INFO - Started process 1996 to run task
[2025-12-17T04:47:06.425+0000] {standard_task_runner.py:87} INFO - Running: ['***', 'tasks', 'run', 'etl_***', 'transform', 'scheduled__2024-05-17T00:00:00+00:00', '--job-id', '538', '--raw', '--subdir', 'DAGS_FOLDER/etl_***.py', '--cfg-path', '/tmp/tmp3efh3w57']
[2025-12-17T04:47:06.440+0000] {standard_task_runner.py:88} INFO - Job 538: Subtask transform
[2025-12-17T04:47:06.588+0000] {task_command.py:423} INFO - Running <TaskInstance: etl_airflow.transform scheduled__2024-05-17T00:00:00+00:00 [running]> on host b3426f05ac70
[2025-12-17T04:47:06.969+0000] {taskinstance.py:2480} INFO - Exporting env vars: AIRFLOW_CTX_DAG_OWNER='***' AIRFLOW_CTX_DAG_ID='etl_***' AIRFLOW_CTX_TASK_ID='transform' AIRFLOW_CTX_EXECUTION_DATE='2024-05-17T00:00:00+00:00' AIRFLOW_CTX_TRY_NUMBER='1' AIRFLOW_CTX_DAG_RUN_ID='scheduled__2024-05-17T00:00:00+00:00'
[2025-12-17T04:47:06.972+0000] {taskinstance.py:2698} ERROR - Task failed with exception
Traceback (most recent call last):
  File "/home/airflow/.local/lib/python3.8/site-packages/airflow/models/taskinstance.py", line 433, in _execute_task
    result = execute_callable(context=context, **execute_callable_kwargs)
  File "/home/airflow/.local/lib/python3.8/site-packages/airflow/operators/python.py", line 199, in execute
    return_value = self.execute_callable()
  File "/home/airflow/.local/lib/python3.8/site-packages/airflow/operators/python.py", line 216, in execute_callable
    return self.python_callable(*self.op_args, **self.op_kwargs)
TypeError: transform_data() missing 1 required positional argument: 'df'
[2025-12-17T04:47:06.986+0000] {taskinstance.py:1138} INFO - Marking task as UP_FOR_RETRY. dag_id=etl_***, task_id=transform, execution_date=20240517T000000, start_date=20251217T044706, end_date=20251217T044706
[2025-12-17T04:47:07.006+0000] {standard_task_runner.py:107} ERROR - Failed to execute job 538 for task transform (transform_data() missing 1 required positional argument: 'df'; 1996)
[2025-12-17T04:47:07.059+0000] {local_task_job_runner.py:234} INFO - Task exited with return code 1
[2025-12-17T04:47:07.096+0000] {taskinstance.py:3280} INFO - 0 downstream tasks scheduled from follow-on schedule check
[2025-12-17T07:40:36.339+0000] {taskinstance.py:1956} INFO - Dependencies all met for dep_context=non-requeueable deps ti=<TaskInstance: etl_airflow.transform scheduled__2024-05-17T00:00:00+00:00 [queued]>
[2025-12-17T07:40:36.361+0000] {taskinstance.py:1956} INFO - Dependencies all met for dep_context=requeueable deps ti=<TaskInstance: etl_airflow.transform scheduled__2024-05-17T00:00:00+00:00 [queued]>
[2025-12-17T07:40:36.362+0000] {taskinstance.py:2170} INFO - Starting attempt 1 of 3
[2025-12-17T07:40:36.473+0000] {taskinstance.py:2191} INFO - Executing <Task(PythonOperator): transform> on 2024-05-17 00:00:00+00:00
[2025-12-17T07:40:36.488+0000] {standard_task_runner.py:60} INFO - Started process 2071 to run task
[2025-12-17T07:40:36.499+0000] {standard_task_runner.py:87} INFO - Running: ['***', 'tasks', 'run', 'etl_***', 'transform', 'scheduled__2024-05-17T00:00:00+00:00', '--job-id', '541', '--raw', '--subdir', 'DAGS_FOLDER/etl_***.py', '--cfg-path', '/tmp/tmpyyiqpm_q']
[2025-12-17T07:40:36.505+0000] {standard_task_runner.py:88} INFO - Job 541: Subtask transform
[2025-12-17T07:40:36.672+0000] {task_command.py:423} INFO - Running <TaskInstance: etl_airflow.transform scheduled__2024-05-17T00:00:00+00:00 [running]> on host 2a0de06c8905
[2025-12-17T07:40:37.157+0000] {taskinstance.py:2480} INFO - Exporting env vars: AIRFLOW_CTX_DAG_OWNER='***' AIRFLOW_CTX_DAG_ID='etl_***' AIRFLOW_CTX_TASK_ID='transform' AIRFLOW_CTX_EXECUTION_DATE='2024-05-17T00:00:00+00:00' AIRFLOW_CTX_TRY_NUMBER='1' AIRFLOW_CTX_DAG_RUN_ID='scheduled__2024-05-17T00:00:00+00:00'
[2025-12-17T07:40:37.160+0000] {taskinstance.py:2698} ERROR - Task failed with exception
Traceback (most recent call last):
  File "/home/airflow/.local/lib/python3.8/site-packages/airflow/models/taskinstance.py", line 433, in _execute_task
    result = execute_callable(context=context, **execute_callable_kwargs)
  File "/home/airflow/.local/lib/python3.8/site-packages/airflow/operators/python.py", line 199, in execute
    return_value = self.execute_callable()
  File "/home/airflow/.local/lib/python3.8/site-packages/airflow/operators/python.py", line 216, in execute_callable
    return self.python_callable(*self.op_args, **self.op_kwargs)
TypeError: transform_data() missing 1 required positional argument: 'df'
[2025-12-17T07:40:37.179+0000] {taskinstance.py:1138} INFO - Marking task as UP_FOR_RETRY. dag_id=etl_***, task_id=transform, execution_date=20240517T000000, start_date=20251217T074036, end_date=20251217T074037
[2025-12-17T07:40:37.206+0000] {standard_task_runner.py:107} ERROR - Failed to execute job 541 for task transform (transform_data() missing 1 required positional argument: 'df'; 2071)
[2025-12-17T07:40:37.237+0000] {local_task_job_runner.py:234} INFO - Task exited with return code 1
[2025-12-17T07:40:37.294+0000] {taskinstance.py:3280} INFO - 0 downstream tasks scheduled from follow-on schedule check
