[2025-12-16T17:18:14.831+0000] {taskinstance.py:1956} INFO - Dependencies all met for dep_context=non-requeueable deps ti=<TaskInstance: etl_airflow.transform scheduled__2024-01-11T00:00:00+00:00 [queued]>
[2025-12-16T17:18:14.852+0000] {taskinstance.py:1956} INFO - Dependencies all met for dep_context=requeueable deps ti=<TaskInstance: etl_airflow.transform scheduled__2024-01-11T00:00:00+00:00 [queued]>
[2025-12-16T17:18:14.854+0000] {taskinstance.py:2170} INFO - Starting attempt 2 of 4
[2025-12-16T17:18:14.891+0000] {taskinstance.py:2191} INFO - Executing <Task(PythonOperator): transform> on 2024-01-11 00:00:00+00:00
[2025-12-16T17:18:14.908+0000] {standard_task_runner.py:60} INFO - Started process 3465 to run task
[2025-12-16T17:18:14.915+0000] {standard_task_runner.py:87} INFO - Running: ['***', 'tasks', 'run', 'etl_***', 'transform', 'scheduled__2024-01-11T00:00:00+00:00', '--job-id', '5171', '--raw', '--subdir', 'DAGS_FOLDER/etl_dag.py', '--cfg-path', '/tmp/tmp9kf1ef70']
[2025-12-16T17:18:14.924+0000] {standard_task_runner.py:88} INFO - Job 5171: Subtask transform
[2025-12-16T17:18:15.058+0000] {task_command.py:423} INFO - Running <TaskInstance: etl_airflow.transform scheduled__2024-01-11T00:00:00+00:00 [running]> on host 3b89cfee50e9
[2025-12-16T17:18:15.223+0000] {taskinstance.py:2480} INFO - Exporting env vars: AIRFLOW_CTX_DAG_OWNER='***' AIRFLOW_CTX_DAG_ID='etl_***' AIRFLOW_CTX_TASK_ID='transform' AIRFLOW_CTX_EXECUTION_DATE='2024-01-11T00:00:00+00:00' AIRFLOW_CTX_TRY_NUMBER='2' AIRFLOW_CTX_DAG_RUN_ID='scheduled__2024-01-11T00:00:00+00:00'
[2025-12-16T17:18:15.227+0000] {logging_mixin.py:188} INFO - [TRANSFORM]
[2025-12-16T17:18:15.269+0000] {logging_mixin.py:188} INFO - [TRANSFORM] done
[2025-12-16T17:18:15.270+0000] {python.py:201} INFO - Done. Returned value was: None
[2025-12-16T17:18:15.702+0000] {taskinstance.py:1138} INFO - Marking task as SUCCESS. dag_id=etl_***, task_id=transform, execution_date=20240111T000000, start_date=20251216T171814, end_date=20251216T171815
[2025-12-16T17:18:15.780+0000] {local_task_job_runner.py:234} INFO - Task exited with return code 0
[2025-12-16T17:18:15.830+0000] {taskinstance.py:3280} INFO - 1 downstream tasks scheduled from follow-on schedule check
[2025-12-17T04:42:38.221+0000] {taskinstance.py:1956} INFO - Dependencies all met for dep_context=non-requeueable deps ti=<TaskInstance: etl_airflow.transform scheduled__2024-01-11T00:00:00+00:00 [queued]>
[2025-12-17T04:42:38.237+0000] {taskinstance.py:1956} INFO - Dependencies all met for dep_context=requeueable deps ti=<TaskInstance: etl_airflow.transform scheduled__2024-01-11T00:00:00+00:00 [queued]>
[2025-12-17T04:42:38.242+0000] {taskinstance.py:2170} INFO - Starting attempt 2 of 3
[2025-12-17T04:42:38.262+0000] {taskinstance.py:2191} INFO - Executing <Task(PythonOperator): transform> on 2024-01-11 00:00:00+00:00
[2025-12-17T04:42:38.271+0000] {standard_task_runner.py:60} INFO - Started process 363 to run task
[2025-12-17T04:42:38.278+0000] {standard_task_runner.py:87} INFO - Running: ['***', 'tasks', 'run', 'etl_***', 'transform', 'scheduled__2024-01-11T00:00:00+00:00', '--job-id', '44', '--raw', '--subdir', 'DAGS_FOLDER/etl_***.py', '--cfg-path', '/tmp/tmpa7zefxgf']
[2025-12-17T04:42:38.281+0000] {standard_task_runner.py:88} INFO - Job 44: Subtask transform
[2025-12-17T04:42:38.390+0000] {task_command.py:423} INFO - Running <TaskInstance: etl_airflow.transform scheduled__2024-01-11T00:00:00+00:00 [running]> on host b3426f05ac70
[2025-12-17T04:42:38.705+0000] {taskinstance.py:2480} INFO - Exporting env vars: AIRFLOW_CTX_DAG_OWNER='***' AIRFLOW_CTX_DAG_ID='etl_***' AIRFLOW_CTX_TASK_ID='transform' AIRFLOW_CTX_EXECUTION_DATE='2024-01-11T00:00:00+00:00' AIRFLOW_CTX_TRY_NUMBER='2' AIRFLOW_CTX_DAG_RUN_ID='scheduled__2024-01-11T00:00:00+00:00'
[2025-12-17T04:42:38.708+0000] {taskinstance.py:2698} ERROR - Task failed with exception
Traceback (most recent call last):
  File "/home/airflow/.local/lib/python3.8/site-packages/airflow/models/taskinstance.py", line 433, in _execute_task
    result = execute_callable(context=context, **execute_callable_kwargs)
  File "/home/airflow/.local/lib/python3.8/site-packages/airflow/operators/python.py", line 199, in execute
    return_value = self.execute_callable()
  File "/home/airflow/.local/lib/python3.8/site-packages/airflow/operators/python.py", line 216, in execute_callable
    return self.python_callable(*self.op_args, **self.op_kwargs)
TypeError: transform_data() missing 1 required positional argument: 'df'
[2025-12-17T04:42:38.719+0000] {taskinstance.py:1138} INFO - Marking task as UP_FOR_RETRY. dag_id=etl_***, task_id=transform, execution_date=20240111T000000, start_date=20251217T044238, end_date=20251217T044238
[2025-12-17T04:42:38.734+0000] {standard_task_runner.py:107} ERROR - Failed to execute job 44 for task transform (transform_data() missing 1 required positional argument: 'df'; 363)
[2025-12-17T04:42:38.771+0000] {local_task_job_runner.py:234} INFO - Task exited with return code 1
[2025-12-17T04:42:38.843+0000] {taskinstance.py:3280} INFO - 0 downstream tasks scheduled from follow-on schedule check
[2025-12-17T07:35:36.765+0000] {taskinstance.py:1956} INFO - Dependencies all met for dep_context=non-requeueable deps ti=<TaskInstance: etl_airflow.transform scheduled__2024-01-11T00:00:00+00:00 [queued]>
[2025-12-17T07:35:36.786+0000] {taskinstance.py:1956} INFO - Dependencies all met for dep_context=requeueable deps ti=<TaskInstance: etl_airflow.transform scheduled__2024-01-11T00:00:00+00:00 [queued]>
[2025-12-17T07:35:36.788+0000] {taskinstance.py:2170} INFO - Starting attempt 2 of 3
[2025-12-17T07:35:36.818+0000] {taskinstance.py:2191} INFO - Executing <Task(PythonOperator): transform> on 2024-01-11 00:00:00+00:00
[2025-12-17T07:35:36.834+0000] {standard_task_runner.py:60} INFO - Started process 427 to run task
[2025-12-17T07:35:36.840+0000] {standard_task_runner.py:87} INFO - Running: ['***', 'tasks', 'run', 'etl_***', 'transform', 'scheduled__2024-01-11T00:00:00+00:00', '--job-id', '44', '--raw', '--subdir', 'DAGS_FOLDER/etl_***.py', '--cfg-path', '/tmp/tmpbuc6dsbz']
[2025-12-17T07:35:36.846+0000] {standard_task_runner.py:88} INFO - Job 44: Subtask transform
[2025-12-17T07:35:36.992+0000] {task_command.py:423} INFO - Running <TaskInstance: etl_airflow.transform scheduled__2024-01-11T00:00:00+00:00 [running]> on host 2a0de06c8905
[2025-12-17T07:35:37.471+0000] {taskinstance.py:2480} INFO - Exporting env vars: AIRFLOW_CTX_DAG_OWNER='***' AIRFLOW_CTX_DAG_ID='etl_***' AIRFLOW_CTX_TASK_ID='transform' AIRFLOW_CTX_EXECUTION_DATE='2024-01-11T00:00:00+00:00' AIRFLOW_CTX_TRY_NUMBER='2' AIRFLOW_CTX_DAG_RUN_ID='scheduled__2024-01-11T00:00:00+00:00'
[2025-12-17T07:35:37.475+0000] {taskinstance.py:2698} ERROR - Task failed with exception
Traceback (most recent call last):
  File "/home/airflow/.local/lib/python3.8/site-packages/airflow/models/taskinstance.py", line 433, in _execute_task
    result = execute_callable(context=context, **execute_callable_kwargs)
  File "/home/airflow/.local/lib/python3.8/site-packages/airflow/operators/python.py", line 199, in execute
    return_value = self.execute_callable()
  File "/home/airflow/.local/lib/python3.8/site-packages/airflow/operators/python.py", line 216, in execute_callable
    return self.python_callable(*self.op_args, **self.op_kwargs)
TypeError: transform_data() missing 1 required positional argument: 'df'
[2025-12-17T07:35:37.493+0000] {taskinstance.py:1138} INFO - Marking task as UP_FOR_RETRY. dag_id=etl_***, task_id=transform, execution_date=20240111T000000, start_date=20251217T073536, end_date=20251217T073537
[2025-12-17T07:35:37.522+0000] {standard_task_runner.py:107} ERROR - Failed to execute job 44 for task transform (transform_data() missing 1 required positional argument: 'df'; 427)
[2025-12-17T07:35:37.577+0000] {local_task_job_runner.py:234} INFO - Task exited with return code 1
[2025-12-17T07:35:37.632+0000] {taskinstance.py:3280} INFO - 0 downstream tasks scheduled from follow-on schedule check
