[2025-12-16T17:12:01.666+0000] {taskinstance.py:1956} INFO - Dependencies all met for dep_context=non-requeueable deps ti=<TaskInstance: etl_airflow.load scheduled__2024-06-01T00:00:00+00:00 [queued]>
[2025-12-16T17:12:01.699+0000] {taskinstance.py:1956} INFO - Dependencies all met for dep_context=requeueable deps ti=<TaskInstance: etl_airflow.load scheduled__2024-06-01T00:00:00+00:00 [queued]>
[2025-12-16T17:12:01.703+0000] {taskinstance.py:2170} INFO - Starting attempt 1 of 3
[2025-12-16T17:12:01.743+0000] {taskinstance.py:2191} INFO - Executing <Task(PythonOperator): load> on 2024-06-01 00:00:00+00:00
[2025-12-16T17:12:01.764+0000] {standard_task_runner.py:60} INFO - Started process 1854 to run task
[2025-12-16T17:12:01.779+0000] {standard_task_runner.py:87} INFO - Running: ['***', 'tasks', 'run', 'etl_***', 'load', 'scheduled__2024-06-01T00:00:00+00:00', '--job-id', '4093', '--raw', '--subdir', 'DAGS_FOLDER/etl_dag.py', '--cfg-path', '/tmp/tmp0x_z74bm']
[2025-12-16T17:12:01.792+0000] {standard_task_runner.py:88} INFO - Job 4093: Subtask load
[2025-12-16T17:12:02.028+0000] {task_command.py:423} INFO - Running <TaskInstance: etl_airflow.load scheduled__2024-06-01T00:00:00+00:00 [running]> on host 3b89cfee50e9
[2025-12-16T17:12:02.540+0000] {taskinstance.py:2480} INFO - Exporting env vars: AIRFLOW_CTX_DAG_OWNER='***' AIRFLOW_CTX_DAG_ID='etl_***' AIRFLOW_CTX_TASK_ID='load' AIRFLOW_CTX_EXECUTION_DATE='2024-06-01T00:00:00+00:00' AIRFLOW_CTX_TRY_NUMBER='1' AIRFLOW_CTX_DAG_RUN_ID='scheduled__2024-06-01T00:00:00+00:00'
[2025-12-16T17:12:02.545+0000] {logging_mixin.py:188} INFO - [LOAD]
[2025-12-16T17:12:02.901+0000] {logging_mixin.py:188} INFO -    user_id event_type            timestamp country
0        1      login  2025-01-01T09:00:00      IN
1        1      click  2025-01-01T09:05:00      IN
2        1     logout  2025-01-01T09:15:00      IN
3        3      login  2025-01-02T08:00:00      FR
4        3      click  2025-01-02T08:05:00      FR
[2025-12-16T17:12:02.902+0000] {logging_mixin.py:188} INFO - [LOAD] done
[2025-12-16T17:12:02.904+0000] {python.py:201} INFO - Done. Returned value was: None
[2025-12-16T17:12:02.918+0000] {taskinstance.py:1138} INFO - Marking task as SUCCESS. dag_id=etl_***, task_id=load, execution_date=20240601T000000, start_date=20251216T171201, end_date=20251216T171202
[2025-12-16T17:12:03.262+0000] {local_task_job_runner.py:234} INFO - Task exited with return code 0
[2025-12-16T17:12:03.306+0000] {taskinstance.py:3280} INFO - 0 downstream tasks scheduled from follow-on schedule check
[2025-12-17T01:52:54.117+0000] {taskinstance.py:1956} INFO - Dependencies all met for dep_context=non-requeueable deps ti=<TaskInstance: etl_airflow.load scheduled__2024-06-01T00:00:00+00:00 [queued]>
[2025-12-17T01:52:54.152+0000] {taskinstance.py:1956} INFO - Dependencies all met for dep_context=requeueable deps ti=<TaskInstance: etl_airflow.load scheduled__2024-06-01T00:00:00+00:00 [queued]>
[2025-12-17T01:52:54.154+0000] {taskinstance.py:2170} INFO - Starting attempt 1 of 3
[2025-12-17T01:52:54.328+0000] {taskinstance.py:2191} INFO - Executing <Task(PythonOperator): load> on 2024-06-01 00:00:00+00:00
[2025-12-17T01:52:54.342+0000] {standard_task_runner.py:60} INFO - Started process 1753 to run task
[2025-12-17T01:52:54.354+0000] {standard_task_runner.py:87} INFO - Running: ['***', 'tasks', 'run', 'etl_***', 'load', 'scheduled__2024-06-01T00:00:00+00:00', '--job-id', '488', '--raw', '--subdir', 'DAGS_FOLDER/etl_dag.py', '--cfg-path', '/tmp/tmptsclr9vf']
[2025-12-17T01:52:54.374+0000] {standard_task_runner.py:88} INFO - Job 488: Subtask load
[2025-12-17T01:52:54.628+0000] {task_command.py:423} INFO - Running <TaskInstance: etl_airflow.load scheduled__2024-06-01T00:00:00+00:00 [running]> on host 571e042550da
[2025-12-17T01:52:55.258+0000] {taskinstance.py:2480} INFO - Exporting env vars: AIRFLOW_CTX_DAG_OWNER='***' AIRFLOW_CTX_DAG_ID='etl_***' AIRFLOW_CTX_TASK_ID='load' AIRFLOW_CTX_EXECUTION_DATE='2024-06-01T00:00:00+00:00' AIRFLOW_CTX_TRY_NUMBER='1' AIRFLOW_CTX_DAG_RUN_ID='scheduled__2024-06-01T00:00:00+00:00'
[2025-12-17T01:52:55.264+0000] {logging_mixin.py:188} INFO - [LOAD]
[2025-12-17T01:52:55.304+0000] {logging_mixin.py:188} INFO -    user_id event_type            timestamp country
0        1      login  2025-01-01T09:00:00      IN
1        1      click  2025-01-01T09:05:00      IN
2        1     logout  2025-01-01T09:15:00      IN
3        3      login  2025-01-02T08:00:00      FR
4        3      click  2025-01-02T08:05:00      FR
[2025-12-17T01:52:55.306+0000] {logging_mixin.py:188} INFO - [LOAD] done
[2025-12-17T01:52:55.308+0000] {python.py:201} INFO - Done. Returned value was: None
[2025-12-17T01:52:55.341+0000] {taskinstance.py:1138} INFO - Marking task as SUCCESS. dag_id=etl_***, task_id=load, execution_date=20240601T000000, start_date=20251217T015254, end_date=20251217T015255
[2025-12-17T01:52:55.438+0000] {local_task_job_runner.py:234} INFO - Task exited with return code 0
[2025-12-17T01:52:55.488+0000] {taskinstance.py:3280} INFO - 0 downstream tasks scheduled from follow-on schedule check
