[2025-12-16T16:30:43.342+0000] {taskinstance.py:1956} INFO - Dependencies all met for dep_context=non-requeueable deps ti=<TaskInstance: etl_airflow.extract scheduled__2024-03-01T00:00:00+00:00 [queued]>
[2025-12-16T16:30:43.374+0000] {taskinstance.py:1956} INFO - Dependencies all met for dep_context=requeueable deps ti=<TaskInstance: etl_airflow.extract scheduled__2024-03-01T00:00:00+00:00 [queued]>
[2025-12-16T16:30:43.376+0000] {taskinstance.py:2170} INFO - Starting attempt 1 of 3
[2025-12-16T16:30:43.430+0000] {taskinstance.py:2191} INFO - Executing <Task(PythonOperator): extract> on 2024-03-01 00:00:00+00:00
[2025-12-16T16:30:43.452+0000] {standard_task_runner.py:60} INFO - Started process 931 to run task
[2025-12-16T16:30:43.469+0000] {standard_task_runner.py:87} INFO - Running: ['***', 'tasks', 'run', 'etl_***', 'extract', 'scheduled__2024-03-01T00:00:00+00:00', '--job-id', '160', '--raw', '--subdir', 'DAGS_FOLDER/etl_dag.py', '--cfg-path', '/tmp/tmpx24no4ra']
[2025-12-16T16:30:43.479+0000] {standard_task_runner.py:88} INFO - Job 160: Subtask extract
[2025-12-16T16:30:43.730+0000] {task_command.py:423} INFO - Running <TaskInstance: etl_airflow.extract scheduled__2024-03-01T00:00:00+00:00 [running]> on host 528de643acfe
[2025-12-16T16:30:43.872+0000] {taskinstance.py:2480} INFO - Exporting env vars: AIRFLOW_CTX_DAG_OWNER='***' AIRFLOW_CTX_DAG_ID='etl_***' AIRFLOW_CTX_TASK_ID='extract' AIRFLOW_CTX_EXECUTION_DATE='2024-03-01T00:00:00+00:00' AIRFLOW_CTX_TRY_NUMBER='1' AIRFLOW_CTX_DAG_RUN_ID='scheduled__2024-03-01T00:00:00+00:00'
[2025-12-16T16:30:43.875+0000] {logging_mixin.py:188} INFO - Extracting data from /opt/***/data/input.csv
[2025-12-16T16:30:43.886+0000] {taskinstance.py:2698} ERROR - Task failed with exception
Traceback (most recent call last):
  File "/home/airflow/.local/lib/python3.8/site-packages/airflow/models/taskinstance.py", line 433, in _execute_task
    result = execute_callable(context=context, **execute_callable_kwargs)
  File "/home/airflow/.local/lib/python3.8/site-packages/airflow/operators/python.py", line 199, in execute
    return_value = self.execute_callable()
  File "/home/airflow/.local/lib/python3.8/site-packages/airflow/operators/python.py", line 216, in execute_callable
    return self.python_callable(*self.op_args, **self.op_kwargs)
  File "/opt/airflow/dags/etl_logic/pipeline.py", line 92, in extract_data
    return pd.read_csv(input_path)
  File "/home/airflow/.local/lib/python3.8/site-packages/pandas/io/parsers/readers.py", line 912, in read_csv
    return _read(filepath_or_buffer, kwds)
  File "/home/airflow/.local/lib/python3.8/site-packages/pandas/io/parsers/readers.py", line 577, in _read
    parser = TextFileReader(filepath_or_buffer, **kwds)
  File "/home/airflow/.local/lib/python3.8/site-packages/pandas/io/parsers/readers.py", line 1407, in __init__
    self._engine = self._make_engine(f, self.engine)
  File "/home/airflow/.local/lib/python3.8/site-packages/pandas/io/parsers/readers.py", line 1661, in _make_engine
    self.handles = get_handle(
  File "/home/airflow/.local/lib/python3.8/site-packages/pandas/io/common.py", line 859, in get_handle
    handle = open(
FileNotFoundError: [Errno 2] No such file or directory: '/opt/airflow/data/input.csv'
[2025-12-16T16:30:44.245+0000] {taskinstance.py:1138} INFO - Marking task as UP_FOR_RETRY. dag_id=etl_***, task_id=extract, execution_date=20240301T000000, start_date=20251216T163043, end_date=20251216T163044
[2025-12-16T16:30:44.284+0000] {standard_task_runner.py:107} ERROR - Failed to execute job 160 for task extract ([Errno 2] No such file or directory: '/opt/airflow/data/input.csv'; 931)
[2025-12-16T16:30:44.333+0000] {local_task_job_runner.py:234} INFO - Task exited with return code 1
[2025-12-16T16:30:44.380+0000] {taskinstance.py:3280} INFO - 0 downstream tasks scheduled from follow-on schedule check
[2025-12-17T01:51:00.060+0000] {taskinstance.py:1956} INFO - Dependencies all met for dep_context=non-requeueable deps ti=<TaskInstance: etl_airflow.extract scheduled__2024-03-01T00:00:00+00:00 [queued]>
[2025-12-17T01:51:00.097+0000] {taskinstance.py:1956} INFO - Dependencies all met for dep_context=requeueable deps ti=<TaskInstance: etl_airflow.extract scheduled__2024-03-01T00:00:00+00:00 [queued]>
[2025-12-17T01:51:00.102+0000] {taskinstance.py:2170} INFO - Starting attempt 1 of 3
[2025-12-17T01:51:00.141+0000] {taskinstance.py:2191} INFO - Executing <Task(PythonOperator): extract> on 2024-03-01 00:00:00+00:00
[2025-12-17T01:51:00.157+0000] {standard_task_runner.py:60} INFO - Started process 753 to run task
[2025-12-17T01:51:00.165+0000] {standard_task_runner.py:87} INFO - Running: ['***', 'tasks', 'run', 'etl_***', 'extract', 'scheduled__2024-03-01T00:00:00+00:00', '--job-id', '170', '--raw', '--subdir', 'DAGS_FOLDER/etl_dag.py', '--cfg-path', '/tmp/tmp46sw1mn1']
[2025-12-17T01:51:00.170+0000] {standard_task_runner.py:88} INFO - Job 170: Subtask extract
[2025-12-17T01:51:00.324+0000] {task_command.py:423} INFO - Running <TaskInstance: etl_airflow.extract scheduled__2024-03-01T00:00:00+00:00 [running]> on host 571e042550da
[2025-12-17T01:51:00.842+0000] {taskinstance.py:2480} INFO - Exporting env vars: AIRFLOW_CTX_DAG_OWNER='***' AIRFLOW_CTX_DAG_ID='etl_***' AIRFLOW_CTX_TASK_ID='extract' AIRFLOW_CTX_EXECUTION_DATE='2024-03-01T00:00:00+00:00' AIRFLOW_CTX_TRY_NUMBER='1' AIRFLOW_CTX_DAG_RUN_ID='scheduled__2024-03-01T00:00:00+00:00'
[2025-12-17T01:51:00.845+0000] {logging_mixin.py:188} INFO - [EXTRACT] Reading /opt/***/data/synthetic_events.csv
[2025-12-17T01:51:00.908+0000] {logging_mixin.py:188} INFO - [EXTRACT] done
[2025-12-17T01:51:00.909+0000] {python.py:201} INFO - Done. Returned value was: None
[2025-12-17T01:51:00.929+0000] {taskinstance.py:1138} INFO - Marking task as SUCCESS. dag_id=etl_***, task_id=extract, execution_date=20240301T000000, start_date=20251217T015100, end_date=20251217T015100
[2025-12-17T01:51:01.034+0000] {local_task_job_runner.py:234} INFO - Task exited with return code 0
[2025-12-17T01:51:01.365+0000] {taskinstance.py:3280} INFO - 0 downstream tasks scheduled from follow-on schedule check
[2025-12-17T04:19:01.801+0000] {taskinstance.py:1956} INFO - Dependencies all met for dep_context=non-requeueable deps ti=<TaskInstance: etl_airflow.extract scheduled__2024-03-01T00:00:00+00:00 [queued]>
[2025-12-17T04:19:01.821+0000] {taskinstance.py:1956} INFO - Dependencies all met for dep_context=requeueable deps ti=<TaskInstance: etl_airflow.extract scheduled__2024-03-01T00:00:00+00:00 [queued]>
[2025-12-17T04:19:01.822+0000] {taskinstance.py:2170} INFO - Starting attempt 1 of 3
[2025-12-17T04:19:01.908+0000] {taskinstance.py:2191} INFO - Executing <Task(PythonOperator): extract> on 2024-03-01 00:00:00+00:00
[2025-12-17T04:19:01.920+0000] {standard_task_runner.py:60} INFO - Started process 464 to run task
[2025-12-17T04:19:01.926+0000] {standard_task_runner.py:87} INFO - Running: ['***', 'tasks', 'run', 'etl_***', 'extract', 'scheduled__2024-03-01T00:00:00+00:00', '--job-id', '78', '--raw', '--subdir', 'DAGS_FOLDER/etl_***.py', '--cfg-path', '/tmp/tmppjqnhkv4']
[2025-12-17T04:19:01.931+0000] {standard_task_runner.py:88} INFO - Job 78: Subtask extract
[2025-12-17T04:19:02.092+0000] {task_command.py:423} INFO - Running <TaskInstance: etl_airflow.extract scheduled__2024-03-01T00:00:00+00:00 [running]> on host c5811fe183ca
[2025-12-17T04:19:02.567+0000] {taskinstance.py:2480} INFO - Exporting env vars: AIRFLOW_CTX_DAG_OWNER='***' AIRFLOW_CTX_DAG_ID='etl_***' AIRFLOW_CTX_TASK_ID='extract' AIRFLOW_CTX_EXECUTION_DATE='2024-03-01T00:00:00+00:00' AIRFLOW_CTX_TRY_NUMBER='1' AIRFLOW_CTX_DAG_RUN_ID='scheduled__2024-03-01T00:00:00+00:00'
[2025-12-17T04:19:02.593+0000] {python.py:201} INFO - Done. Returned value was:    user_id event_type           timestamp country
0        1      login 2025-01-01 09:00:00      IN
1        1      click 2025-01-01 09:05:00      IN
2        1     logout 2025-01-01 09:15:00      IN
3        2      login 2025-01-01 10:00:00      US
4        2      click 2025-01-01 10:10:00      US
5        2     logout 2025-01-01 10:20:00      US
6        3      login 2025-01-02 08:00:00      FR
7        3      click 2025-01-02 08:05:00      FR
8        3     logout 2025-01-02 08:30:00      FR
[2025-12-17T04:19:02.666+0000] {taskinstance.py:1138} INFO - Marking task as SUCCESS. dag_id=etl_***, task_id=extract, execution_date=20240301T000000, start_date=20251217T041901, end_date=20251217T041902
[2025-12-17T04:19:02.753+0000] {local_task_job_runner.py:234} INFO - Task exited with return code 0
[2025-12-17T04:19:02.787+0000] {taskinstance.py:3280} INFO - 0 downstream tasks scheduled from follow-on schedule check
[2025-12-17T04:44:06.630+0000] {taskinstance.py:1956} INFO - Dependencies all met for dep_context=non-requeueable deps ti=<TaskInstance: etl_airflow.extract scheduled__2024-03-01T00:00:00+00:00 [queued]>
[2025-12-17T04:44:06.646+0000] {taskinstance.py:1956} INFO - Dependencies all met for dep_context=requeueable deps ti=<TaskInstance: etl_airflow.extract scheduled__2024-03-01T00:00:00+00:00 [queued]>
[2025-12-17T04:44:06.647+0000] {taskinstance.py:2170} INFO - Starting attempt 1 of 3
[2025-12-17T04:44:06.673+0000] {taskinstance.py:2191} INFO - Executing <Task(PythonOperator): extract> on 2024-03-01 00:00:00+00:00
[2025-12-17T04:44:06.684+0000] {standard_task_runner.py:60} INFO - Started process 915 to run task
[2025-12-17T04:44:06.699+0000] {standard_task_runner.py:87} INFO - Running: ['***', 'tasks', 'run', 'etl_***', 'extract', 'scheduled__2024-03-01T00:00:00+00:00', '--job-id', '210', '--raw', '--subdir', 'DAGS_FOLDER/etl_***.py', '--cfg-path', '/tmp/tmpersu049u']
[2025-12-17T04:44:06.703+0000] {standard_task_runner.py:88} INFO - Job 210: Subtask extract
[2025-12-17T04:44:06.852+0000] {task_command.py:423} INFO - Running <TaskInstance: etl_airflow.extract scheduled__2024-03-01T00:00:00+00:00 [running]> on host b3426f05ac70
[2025-12-17T04:44:07.264+0000] {taskinstance.py:2480} INFO - Exporting env vars: AIRFLOW_CTX_DAG_OWNER='***' AIRFLOW_CTX_DAG_ID='etl_***' AIRFLOW_CTX_TASK_ID='extract' AIRFLOW_CTX_EXECUTION_DATE='2024-03-01T00:00:00+00:00' AIRFLOW_CTX_TRY_NUMBER='1' AIRFLOW_CTX_DAG_RUN_ID='scheduled__2024-03-01T00:00:00+00:00'
[2025-12-17T04:44:07.292+0000] {python.py:201} INFO - Done. Returned value was:    user_id event_type           timestamp country
0        1      login 2025-01-01 09:00:00      IN
1        1      click 2025-01-01 09:05:00      IN
2        1     logout 2025-01-01 09:15:00      IN
3        2      login 2025-01-01 10:00:00      US
4        2      click 2025-01-01 10:10:00      US
5        2     logout 2025-01-01 10:20:00      US
6        3      login 2025-01-02 08:00:00      FR
7        3      click 2025-01-02 08:05:00      FR
8        3     logout 2025-01-02 08:30:00      FR
[2025-12-17T04:44:07.359+0000] {taskinstance.py:1138} INFO - Marking task as SUCCESS. dag_id=etl_***, task_id=extract, execution_date=20240301T000000, start_date=20251217T044406, end_date=20251217T044407
[2025-12-17T04:44:07.444+0000] {local_task_job_runner.py:234} INFO - Task exited with return code 0
[2025-12-17T04:44:07.670+0000] {taskinstance.py:3280} INFO - 0 downstream tasks scheduled from follow-on schedule check
[2025-12-17T07:37:22.760+0000] {taskinstance.py:1956} INFO - Dependencies all met for dep_context=non-requeueable deps ti=<TaskInstance: etl_airflow.extract scheduled__2024-03-01T00:00:00+00:00 [queued]>
[2025-12-17T07:37:22.833+0000] {taskinstance.py:1956} INFO - Dependencies all met for dep_context=requeueable deps ti=<TaskInstance: etl_airflow.extract scheduled__2024-03-01T00:00:00+00:00 [queued]>
[2025-12-17T07:37:22.838+0000] {taskinstance.py:2170} INFO - Starting attempt 1 of 3
[2025-12-17T07:37:23.073+0000] {taskinstance.py:2191} INFO - Executing <Task(PythonOperator): extract> on 2024-03-01 00:00:00+00:00
[2025-12-17T07:37:23.130+0000] {standard_task_runner.py:87} INFO - Running: ['***', 'tasks', 'run', 'etl_***', 'extract', 'scheduled__2024-03-01T00:00:00+00:00', '--job-id', '213', '--raw', '--subdir', 'DAGS_FOLDER/etl_***.py', '--cfg-path', '/tmp/tmpeonhgdkb']
[2025-12-17T07:37:23.109+0000] {standard_task_runner.py:60} INFO - Started process 993 to run task
[2025-12-17T07:37:23.155+0000] {standard_task_runner.py:88} INFO - Job 213: Subtask extract
[2025-12-17T07:37:23.424+0000] {task_command.py:423} INFO - Running <TaskInstance: etl_airflow.extract scheduled__2024-03-01T00:00:00+00:00 [running]> on host 2a0de06c8905
[2025-12-17T07:37:23.987+0000] {taskinstance.py:2480} INFO - Exporting env vars: AIRFLOW_CTX_DAG_OWNER='***' AIRFLOW_CTX_DAG_ID='etl_***' AIRFLOW_CTX_TASK_ID='extract' AIRFLOW_CTX_EXECUTION_DATE='2024-03-01T00:00:00+00:00' AIRFLOW_CTX_TRY_NUMBER='1' AIRFLOW_CTX_DAG_RUN_ID='scheduled__2024-03-01T00:00:00+00:00'
[2025-12-17T07:37:24.019+0000] {python.py:201} INFO - Done. Returned value was:    user_id event_type           timestamp country
0        1      login 2025-01-01 09:00:00      IN
1        1      click 2025-01-01 09:05:00      IN
2        1     logout 2025-01-01 09:15:00      IN
3        2      login 2025-01-01 10:00:00      US
4        2      click 2025-01-01 10:10:00      US
5        2     logout 2025-01-01 10:20:00      US
6        3      login 2025-01-02 08:00:00      FR
7        3      click 2025-01-02 08:05:00      FR
8        3     logout 2025-01-02 08:30:00      FR
[2025-12-17T07:37:24.089+0000] {taskinstance.py:1138} INFO - Marking task as SUCCESS. dag_id=etl_***, task_id=extract, execution_date=20240301T000000, start_date=20251217T073722, end_date=20251217T073724
[2025-12-17T07:37:24.164+0000] {local_task_job_runner.py:234} INFO - Task exited with return code 0
[2025-12-17T07:37:24.239+0000] {taskinstance.py:3280} INFO - 1 downstream tasks scheduled from follow-on schedule check
