[2025-12-17T01:59:27.994+0000] {taskinstance.py:1956} INFO - Dependencies all met for dep_context=non-requeueable deps ti=<TaskInstance: etl_airflow.extract scheduled__2025-07-04T00:00:00+00:00 [queued]>
[2025-12-17T01:59:28.014+0000] {taskinstance.py:1956} INFO - Dependencies all met for dep_context=requeueable deps ti=<TaskInstance: etl_airflow.extract scheduled__2025-07-04T00:00:00+00:00 [queued]>
[2025-12-17T01:59:28.015+0000] {taskinstance.py:2170} INFO - Starting attempt 1 of 3
[2025-12-17T01:59:28.109+0000] {taskinstance.py:2191} INFO - Executing <Task(PythonOperator): extract> on 2025-07-04 00:00:00+00:00
[2025-12-17T01:59:28.120+0000] {standard_task_runner.py:60} INFO - Started process 5500 to run task
[2025-12-17T01:59:28.129+0000] {standard_task_runner.py:87} INFO - Running: ['***', 'tasks', 'run', 'etl_***', 'extract', 'scheduled__2025-07-04T00:00:00+00:00', '--job-id', '1669', '--raw', '--subdir', 'DAGS_FOLDER/etl_dag.py', '--cfg-path', '/tmp/tmpbvh1d2s8']
[2025-12-17T01:59:28.134+0000] {standard_task_runner.py:88} INFO - Job 1669: Subtask extract
[2025-12-17T01:59:28.273+0000] {task_command.py:423} INFO - Running <TaskInstance: etl_airflow.extract scheduled__2025-07-04T00:00:00+00:00 [running]> on host 571e042550da
[2025-12-17T01:59:28.716+0000] {taskinstance.py:2480} INFO - Exporting env vars: AIRFLOW_CTX_DAG_OWNER='***' AIRFLOW_CTX_DAG_ID='etl_***' AIRFLOW_CTX_TASK_ID='extract' AIRFLOW_CTX_EXECUTION_DATE='2025-07-04T00:00:00+00:00' AIRFLOW_CTX_TRY_NUMBER='1' AIRFLOW_CTX_DAG_RUN_ID='scheduled__2025-07-04T00:00:00+00:00'
[2025-12-17T01:59:28.719+0000] {logging_mixin.py:188} INFO - [EXTRACT] Reading /opt/***/data/synthetic_events.csv
[2025-12-17T01:59:28.748+0000] {logging_mixin.py:188} INFO - [EXTRACT] done
[2025-12-17T01:59:28.756+0000] {python.py:201} INFO - Done. Returned value was: None
[2025-12-17T01:59:28.778+0000] {taskinstance.py:1138} INFO - Marking task as SUCCESS. dag_id=etl_***, task_id=extract, execution_date=20250704T000000, start_date=20251217T015927, end_date=20251217T015928
[2025-12-17T01:59:28.872+0000] {local_task_job_runner.py:234} INFO - Task exited with return code 0
[2025-12-17T01:59:29.187+0000] {taskinstance.py:3280} INFO - 0 downstream tasks scheduled from follow-on schedule check
[2025-12-17T05:02:03.561+0000] {taskinstance.py:1956} INFO - Dependencies all met for dep_context=non-requeueable deps ti=<TaskInstance: etl_airflow.extract scheduled__2025-07-04T00:00:00+00:00 [queued]>
[2025-12-17T05:02:03.577+0000] {taskinstance.py:1956} INFO - Dependencies all met for dep_context=requeueable deps ti=<TaskInstance: etl_airflow.extract scheduled__2025-07-04T00:00:00+00:00 [queued]>
[2025-12-17T05:02:03.578+0000] {taskinstance.py:2170} INFO - Starting attempt 1 of 3
[2025-12-17T05:02:03.619+0000] {taskinstance.py:2191} INFO - Executing <Task(PythonOperator): extract> on 2025-07-04 00:00:00+00:00
[2025-12-17T05:02:03.626+0000] {standard_task_runner.py:60} INFO - Started process 7428 to run task
[2025-12-17T05:02:03.631+0000] {standard_task_runner.py:87} INFO - Running: ['***', 'tasks', 'run', 'etl_***', 'extract', 'scheduled__2025-07-04T00:00:00+00:00', '--job-id', '2185', '--raw', '--subdir', 'DAGS_FOLDER/etl_***.py', '--cfg-path', '/tmp/tmp3ho4qc7r']
[2025-12-17T05:02:03.636+0000] {standard_task_runner.py:88} INFO - Job 2185: Subtask extract
[2025-12-17T05:02:03.755+0000] {task_command.py:423} INFO - Running <TaskInstance: etl_airflow.extract scheduled__2025-07-04T00:00:00+00:00 [running]> on host b3426f05ac70
[2025-12-17T05:02:04.095+0000] {taskinstance.py:2480} INFO - Exporting env vars: AIRFLOW_CTX_DAG_OWNER='***' AIRFLOW_CTX_DAG_ID='etl_***' AIRFLOW_CTX_TASK_ID='extract' AIRFLOW_CTX_EXECUTION_DATE='2025-07-04T00:00:00+00:00' AIRFLOW_CTX_TRY_NUMBER='1' AIRFLOW_CTX_DAG_RUN_ID='scheduled__2025-07-04T00:00:00+00:00'
[2025-12-17T05:02:04.121+0000] {python.py:201} INFO - Done. Returned value was:    user_id event_type           timestamp country
0        1      login 2025-01-01 09:00:00      IN
1        1      click 2025-01-01 09:05:00      IN
2        1     logout 2025-01-01 09:15:00      IN
3        2      login 2025-01-01 10:00:00      US
4        2      click 2025-01-01 10:10:00      US
5        2     logout 2025-01-01 10:20:00      US
6        3      login 2025-01-02 08:00:00      FR
7        3      click 2025-01-02 08:05:00      FR
8        3     logout 2025-01-02 08:30:00      FR
[2025-12-17T05:02:04.182+0000] {taskinstance.py:1138} INFO - Marking task as SUCCESS. dag_id=etl_***, task_id=extract, execution_date=20250704T000000, start_date=20251217T050203, end_date=20251217T050204
[2025-12-17T05:02:04.249+0000] {local_task_job_runner.py:234} INFO - Task exited with return code 0
[2025-12-17T05:02:04.295+0000] {taskinstance.py:3280} INFO - 1 downstream tasks scheduled from follow-on schedule check
