[2025-12-16T16:30:41.882+0000] {taskinstance.py:1956} INFO - Dependencies all met for dep_context=non-requeueable deps ti=<TaskInstance: etl_airflow.extract scheduled__2024-02-26T00:00:00+00:00 [queued]>
[2025-12-16T16:30:41.905+0000] {taskinstance.py:1956} INFO - Dependencies all met for dep_context=requeueable deps ti=<TaskInstance: etl_airflow.extract scheduled__2024-02-26T00:00:00+00:00 [queued]>
[2025-12-16T16:30:41.906+0000] {taskinstance.py:2170} INFO - Starting attempt 1 of 3
[2025-12-16T16:30:42.104+0000] {taskinstance.py:2191} INFO - Executing <Task(PythonOperator): extract> on 2024-02-26 00:00:00+00:00
[2025-12-16T16:30:42.118+0000] {standard_task_runner.py:60} INFO - Started process 923 to run task
[2025-12-16T16:30:42.125+0000] {standard_task_runner.py:87} INFO - Running: ['***', 'tasks', 'run', 'etl_***', 'extract', 'scheduled__2024-02-26T00:00:00+00:00', '--job-id', '156', '--raw', '--subdir', 'DAGS_FOLDER/etl_dag.py', '--cfg-path', '/tmp/tmp6m3dsx4v']
[2025-12-16T16:30:42.130+0000] {standard_task_runner.py:88} INFO - Job 156: Subtask extract
[2025-12-16T16:30:42.273+0000] {task_command.py:423} INFO - Running <TaskInstance: etl_airflow.extract scheduled__2024-02-26T00:00:00+00:00 [running]> on host 528de643acfe
[2025-12-16T16:30:42.681+0000] {taskinstance.py:2480} INFO - Exporting env vars: AIRFLOW_CTX_DAG_OWNER='***' AIRFLOW_CTX_DAG_ID='etl_***' AIRFLOW_CTX_TASK_ID='extract' AIRFLOW_CTX_EXECUTION_DATE='2024-02-26T00:00:00+00:00' AIRFLOW_CTX_TRY_NUMBER='1' AIRFLOW_CTX_DAG_RUN_ID='scheduled__2024-02-26T00:00:00+00:00'
[2025-12-16T16:30:42.684+0000] {logging_mixin.py:188} INFO - Extracting data from /opt/***/data/input.csv
[2025-12-16T16:30:42.689+0000] {taskinstance.py:2698} ERROR - Task failed with exception
Traceback (most recent call last):
  File "/home/airflow/.local/lib/python3.8/site-packages/airflow/models/taskinstance.py", line 433, in _execute_task
    result = execute_callable(context=context, **execute_callable_kwargs)
  File "/home/airflow/.local/lib/python3.8/site-packages/airflow/operators/python.py", line 199, in execute
    return_value = self.execute_callable()
  File "/home/airflow/.local/lib/python3.8/site-packages/airflow/operators/python.py", line 216, in execute_callable
    return self.python_callable(*self.op_args, **self.op_kwargs)
  File "/opt/airflow/dags/etl_logic/pipeline.py", line 92, in extract_data
    return pd.read_csv(input_path)
  File "/home/airflow/.local/lib/python3.8/site-packages/pandas/io/parsers/readers.py", line 912, in read_csv
    return _read(filepath_or_buffer, kwds)
  File "/home/airflow/.local/lib/python3.8/site-packages/pandas/io/parsers/readers.py", line 577, in _read
    parser = TextFileReader(filepath_or_buffer, **kwds)
  File "/home/airflow/.local/lib/python3.8/site-packages/pandas/io/parsers/readers.py", line 1407, in __init__
    self._engine = self._make_engine(f, self.engine)
  File "/home/airflow/.local/lib/python3.8/site-packages/pandas/io/parsers/readers.py", line 1661, in _make_engine
    self.handles = get_handle(
  File "/home/airflow/.local/lib/python3.8/site-packages/pandas/io/common.py", line 859, in get_handle
    handle = open(
FileNotFoundError: [Errno 2] No such file or directory: '/opt/airflow/data/input.csv'
[2025-12-16T16:30:42.730+0000] {taskinstance.py:1138} INFO - Marking task as UP_FOR_RETRY. dag_id=etl_***, task_id=extract, execution_date=20240226T000000, start_date=20251216T163041, end_date=20251216T163042
[2025-12-16T16:30:42.756+0000] {standard_task_runner.py:107} ERROR - Failed to execute job 156 for task extract ([Errno 2] No such file or directory: '/opt/airflow/data/input.csv'; 923)
[2025-12-16T16:30:42.789+0000] {local_task_job_runner.py:234} INFO - Task exited with return code 1
[2025-12-16T16:30:42.823+0000] {taskinstance.py:3280} INFO - 0 downstream tasks scheduled from follow-on schedule check
[2025-12-17T01:50:58.971+0000] {taskinstance.py:1956} INFO - Dependencies all met for dep_context=non-requeueable deps ti=<TaskInstance: etl_airflow.extract scheduled__2024-02-26T00:00:00+00:00 [queued]>
[2025-12-17T01:50:58.993+0000] {taskinstance.py:1956} INFO - Dependencies all met for dep_context=requeueable deps ti=<TaskInstance: etl_airflow.extract scheduled__2024-02-26T00:00:00+00:00 [queued]>
[2025-12-17T01:50:58.995+0000] {taskinstance.py:2170} INFO - Starting attempt 1 of 3
[2025-12-17T01:50:59.201+0000] {taskinstance.py:2191} INFO - Executing <Task(PythonOperator): extract> on 2024-02-26 00:00:00+00:00
[2025-12-17T01:50:59.211+0000] {standard_task_runner.py:60} INFO - Started process 739 to run task
[2025-12-17T01:50:59.221+0000] {standard_task_runner.py:87} INFO - Running: ['***', 'tasks', 'run', 'etl_***', 'extract', 'scheduled__2024-02-26T00:00:00+00:00', '--job-id', '166', '--raw', '--subdir', 'DAGS_FOLDER/etl_dag.py', '--cfg-path', '/tmp/tmpey306z5g']
[2025-12-17T01:50:59.228+0000] {standard_task_runner.py:88} INFO - Job 166: Subtask extract
[2025-12-17T01:50:59.378+0000] {task_command.py:423} INFO - Running <TaskInstance: etl_airflow.extract scheduled__2024-02-26T00:00:00+00:00 [running]> on host 571e042550da
[2025-12-17T01:50:59.893+0000] {taskinstance.py:2480} INFO - Exporting env vars: AIRFLOW_CTX_DAG_OWNER='***' AIRFLOW_CTX_DAG_ID='etl_***' AIRFLOW_CTX_TASK_ID='extract' AIRFLOW_CTX_EXECUTION_DATE='2024-02-26T00:00:00+00:00' AIRFLOW_CTX_TRY_NUMBER='1' AIRFLOW_CTX_DAG_RUN_ID='scheduled__2024-02-26T00:00:00+00:00'
[2025-12-17T01:50:59.899+0000] {logging_mixin.py:188} INFO - [EXTRACT] Reading /opt/***/data/synthetic_events.csv
[2025-12-17T01:50:59.953+0000] {logging_mixin.py:188} INFO - [EXTRACT] done
[2025-12-17T01:50:59.954+0000] {python.py:201} INFO - Done. Returned value was: None
[2025-12-17T01:50:59.975+0000] {taskinstance.py:1138} INFO - Marking task as SUCCESS. dag_id=etl_***, task_id=extract, execution_date=20240226T000000, start_date=20251217T015058, end_date=20251217T015059
[2025-12-17T01:51:00.043+0000] {local_task_job_runner.py:234} INFO - Task exited with return code 0
[2025-12-17T01:51:00.125+0000] {taskinstance.py:3280} INFO - 1 downstream tasks scheduled from follow-on schedule check
[2025-12-17T04:19:01.048+0000] {taskinstance.py:1956} INFO - Dependencies all met for dep_context=non-requeueable deps ti=<TaskInstance: etl_airflow.extract scheduled__2024-02-26T00:00:00+00:00 [queued]>
[2025-12-17T04:19:01.065+0000] {taskinstance.py:1956} INFO - Dependencies all met for dep_context=requeueable deps ti=<TaskInstance: etl_airflow.extract scheduled__2024-02-26T00:00:00+00:00 [queued]>
[2025-12-17T04:19:01.072+0000] {taskinstance.py:2170} INFO - Starting attempt 1 of 3
[2025-12-17T04:19:01.162+0000] {taskinstance.py:2191} INFO - Executing <Task(PythonOperator): extract> on 2024-02-26 00:00:00+00:00
[2025-12-17T04:19:01.172+0000] {standard_task_runner.py:60} INFO - Started process 453 to run task
[2025-12-17T04:19:01.179+0000] {standard_task_runner.py:87} INFO - Running: ['***', 'tasks', 'run', 'etl_***', 'extract', 'scheduled__2024-02-26T00:00:00+00:00', '--job-id', '74', '--raw', '--subdir', 'DAGS_FOLDER/etl_***.py', '--cfg-path', '/tmp/tmpmn7i_00i']
[2025-12-17T04:19:01.184+0000] {standard_task_runner.py:88} INFO - Job 74: Subtask extract
[2025-12-17T04:19:01.320+0000] {task_command.py:423} INFO - Running <TaskInstance: etl_airflow.extract scheduled__2024-02-26T00:00:00+00:00 [running]> on host c5811fe183ca
[2025-12-17T04:19:01.778+0000] {taskinstance.py:2480} INFO - Exporting env vars: AIRFLOW_CTX_DAG_OWNER='***' AIRFLOW_CTX_DAG_ID='etl_***' AIRFLOW_CTX_TASK_ID='extract' AIRFLOW_CTX_EXECUTION_DATE='2024-02-26T00:00:00+00:00' AIRFLOW_CTX_TRY_NUMBER='1' AIRFLOW_CTX_DAG_RUN_ID='scheduled__2024-02-26T00:00:00+00:00'
[2025-12-17T04:19:01.803+0000] {python.py:201} INFO - Done. Returned value was:    user_id event_type           timestamp country
0        1      login 2025-01-01 09:00:00      IN
1        1      click 2025-01-01 09:05:00      IN
2        1     logout 2025-01-01 09:15:00      IN
3        2      login 2025-01-01 10:00:00      US
4        2      click 2025-01-01 10:10:00      US
5        2     logout 2025-01-01 10:20:00      US
6        3      login 2025-01-02 08:00:00      FR
7        3      click 2025-01-02 08:05:00      FR
8        3     logout 2025-01-02 08:30:00      FR
[2025-12-17T04:19:01.882+0000] {taskinstance.py:1138} INFO - Marking task as SUCCESS. dag_id=etl_***, task_id=extract, execution_date=20240226T000000, start_date=20251217T041901, end_date=20251217T041901
[2025-12-17T04:19:01.959+0000] {local_task_job_runner.py:234} INFO - Task exited with return code 0
[2025-12-17T04:19:02.162+0000] {taskinstance.py:3280} INFO - 0 downstream tasks scheduled from follow-on schedule check
[2025-12-17T04:44:05.430+0000] {taskinstance.py:1956} INFO - Dependencies all met for dep_context=non-requeueable deps ti=<TaskInstance: etl_airflow.extract scheduled__2024-02-26T00:00:00+00:00 [queued]>
[2025-12-17T04:44:05.451+0000] {taskinstance.py:1956} INFO - Dependencies all met for dep_context=requeueable deps ti=<TaskInstance: etl_airflow.extract scheduled__2024-02-26T00:00:00+00:00 [queued]>
[2025-12-17T04:44:05.452+0000] {taskinstance.py:2170} INFO - Starting attempt 1 of 3
[2025-12-17T04:44:05.630+0000] {taskinstance.py:2191} INFO - Executing <Task(PythonOperator): extract> on 2024-02-26 00:00:00+00:00
[2025-12-17T04:44:05.640+0000] {standard_task_runner.py:60} INFO - Started process 891 to run task
[2025-12-17T04:44:05.645+0000] {standard_task_runner.py:87} INFO - Running: ['***', 'tasks', 'run', 'etl_***', 'extract', 'scheduled__2024-02-26T00:00:00+00:00', '--job-id', '202', '--raw', '--subdir', 'DAGS_FOLDER/etl_***.py', '--cfg-path', '/tmp/tmpll31bfuj']
[2025-12-17T04:44:05.649+0000] {standard_task_runner.py:88} INFO - Job 202: Subtask extract
[2025-12-17T04:44:05.771+0000] {task_command.py:423} INFO - Running <TaskInstance: etl_airflow.extract scheduled__2024-02-26T00:00:00+00:00 [running]> on host b3426f05ac70
[2025-12-17T04:44:06.198+0000] {taskinstance.py:2480} INFO - Exporting env vars: AIRFLOW_CTX_DAG_OWNER='***' AIRFLOW_CTX_DAG_ID='etl_***' AIRFLOW_CTX_TASK_ID='extract' AIRFLOW_CTX_EXECUTION_DATE='2024-02-26T00:00:00+00:00' AIRFLOW_CTX_TRY_NUMBER='1' AIRFLOW_CTX_DAG_RUN_ID='scheduled__2024-02-26T00:00:00+00:00'
[2025-12-17T04:44:06.233+0000] {python.py:201} INFO - Done. Returned value was:    user_id event_type           timestamp country
0        1      login 2025-01-01 09:00:00      IN
1        1      click 2025-01-01 09:05:00      IN
2        1     logout 2025-01-01 09:15:00      IN
3        2      login 2025-01-01 10:00:00      US
4        2      click 2025-01-01 10:10:00      US
5        2     logout 2025-01-01 10:20:00      US
6        3      login 2025-01-02 08:00:00      FR
7        3      click 2025-01-02 08:05:00      FR
8        3     logout 2025-01-02 08:30:00      FR
[2025-12-17T04:44:06.316+0000] {taskinstance.py:1138} INFO - Marking task as SUCCESS. dag_id=etl_***, task_id=extract, execution_date=20240226T000000, start_date=20251217T044405, end_date=20251217T044406
[2025-12-17T04:44:06.394+0000] {local_task_job_runner.py:234} INFO - Task exited with return code 0
[2025-12-17T04:44:06.463+0000] {taskinstance.py:3280} INFO - 1 downstream tasks scheduled from follow-on schedule check
[2025-12-17T07:37:20.797+0000] {taskinstance.py:1956} INFO - Dependencies all met for dep_context=non-requeueable deps ti=<TaskInstance: etl_airflow.extract scheduled__2024-02-26T00:00:00+00:00 [queued]>
[2025-12-17T07:37:20.824+0000] {taskinstance.py:1956} INFO - Dependencies all met for dep_context=requeueable deps ti=<TaskInstance: etl_airflow.extract scheduled__2024-02-26T00:00:00+00:00 [queued]>
[2025-12-17T07:37:20.828+0000] {taskinstance.py:2170} INFO - Starting attempt 1 of 3
[2025-12-17T07:37:21.062+0000] {taskinstance.py:2191} INFO - Executing <Task(PythonOperator): extract> on 2024-02-26 00:00:00+00:00
[2025-12-17T07:37:21.077+0000] {standard_task_runner.py:60} INFO - Started process 958 to run task
[2025-12-17T07:37:21.097+0000] {standard_task_runner.py:87} INFO - Running: ['***', 'tasks', 'run', 'etl_***', 'extract', 'scheduled__2024-02-26T00:00:00+00:00', '--job-id', '203', '--raw', '--subdir', 'DAGS_FOLDER/etl_***.py', '--cfg-path', '/tmp/tmphfpksjz_']
[2025-12-17T07:37:21.110+0000] {standard_task_runner.py:88} INFO - Job 203: Subtask extract
[2025-12-17T07:37:21.302+0000] {task_command.py:423} INFO - Running <TaskInstance: etl_airflow.extract scheduled__2024-02-26T00:00:00+00:00 [running]> on host 2a0de06c8905
[2025-12-17T07:37:21.867+0000] {taskinstance.py:2480} INFO - Exporting env vars: AIRFLOW_CTX_DAG_OWNER='***' AIRFLOW_CTX_DAG_ID='etl_***' AIRFLOW_CTX_TASK_ID='extract' AIRFLOW_CTX_EXECUTION_DATE='2024-02-26T00:00:00+00:00' AIRFLOW_CTX_TRY_NUMBER='1' AIRFLOW_CTX_DAG_RUN_ID='scheduled__2024-02-26T00:00:00+00:00'
[2025-12-17T07:37:21.899+0000] {python.py:201} INFO - Done. Returned value was:    user_id event_type           timestamp country
0        1      login 2025-01-01 09:00:00      IN
1        1      click 2025-01-01 09:05:00      IN
2        1     logout 2025-01-01 09:15:00      IN
3        2      login 2025-01-01 10:00:00      US
4        2      click 2025-01-01 10:10:00      US
5        2     logout 2025-01-01 10:20:00      US
6        3      login 2025-01-02 08:00:00      FR
7        3      click 2025-01-02 08:05:00      FR
8        3     logout 2025-01-02 08:30:00      FR
[2025-12-17T07:37:22.002+0000] {taskinstance.py:1138} INFO - Marking task as SUCCESS. dag_id=etl_***, task_id=extract, execution_date=20240226T000000, start_date=20251217T073720, end_date=20251217T073722
[2025-12-17T07:37:22.174+0000] {local_task_job_runner.py:234} INFO - Task exited with return code 0
[2025-12-17T07:37:22.371+0000] {taskinstance.py:3280} INFO - 1 downstream tasks scheduled from follow-on schedule check
