[2025-12-17T02:01:46.565+0000] {taskinstance.py:1956} INFO - Dependencies all met for dep_context=non-requeueable deps ti=<TaskInstance: etl_airflow.load scheduled__2025-11-14T00:00:00+00:00 [queued]>
[2025-12-17T02:01:46.584+0000] {taskinstance.py:1956} INFO - Dependencies all met for dep_context=requeueable deps ti=<TaskInstance: etl_airflow.load scheduled__2025-11-14T00:00:00+00:00 [queued]>
[2025-12-17T02:01:46.586+0000] {taskinstance.py:2170} INFO - Starting attempt 2 of 3
[2025-12-17T02:01:46.616+0000] {taskinstance.py:2191} INFO - Executing <Task(PythonOperator): load> on 2025-11-14 00:00:00+00:00
[2025-12-17T02:01:46.626+0000] {standard_task_runner.py:60} INFO - Started process 7022 to run task
[2025-12-17T02:01:46.632+0000] {standard_task_runner.py:87} INFO - Running: ['***', 'tasks', 'run', 'etl_***', 'load', 'scheduled__2025-11-14T00:00:00+00:00', '--job-id', '2151', '--raw', '--subdir', 'DAGS_FOLDER/etl_dag.py', '--cfg-path', '/tmp/tmpc6id62cn']
[2025-12-17T02:01:46.637+0000] {standard_task_runner.py:88} INFO - Job 2151: Subtask load
[2025-12-17T02:01:46.770+0000] {task_command.py:423} INFO - Running <TaskInstance: etl_airflow.load scheduled__2025-11-14T00:00:00+00:00 [running]> on host 571e042550da
[2025-12-17T02:01:47.228+0000] {taskinstance.py:2480} INFO - Exporting env vars: AIRFLOW_CTX_DAG_OWNER='***' AIRFLOW_CTX_DAG_ID='etl_***' AIRFLOW_CTX_TASK_ID='load' AIRFLOW_CTX_EXECUTION_DATE='2025-11-14T00:00:00+00:00' AIRFLOW_CTX_TRY_NUMBER='2' AIRFLOW_CTX_DAG_RUN_ID='scheduled__2025-11-14T00:00:00+00:00'
[2025-12-17T02:01:47.231+0000] {logging_mixin.py:188} INFO - [LOAD]
[2025-12-17T02:01:47.252+0000] {logging_mixin.py:188} INFO -    user_id event_type            timestamp country
0        1      login  2025-01-01T09:00:00      IN
1        1      click  2025-01-01T09:05:00      IN
2        1     logout  2025-01-01T09:15:00      IN
3        3      login  2025-01-02T08:00:00      FR
4        3      click  2025-01-02T08:05:00      FR
[2025-12-17T02:01:47.253+0000] {logging_mixin.py:188} INFO - [LOAD] done
[2025-12-17T02:01:47.254+0000] {python.py:201} INFO - Done. Returned value was: None
[2025-12-17T02:01:47.268+0000] {taskinstance.py:1138} INFO - Marking task as SUCCESS. dag_id=etl_***, task_id=load, execution_date=20251114T000000, start_date=20251217T020146, end_date=20251217T020147
[2025-12-17T02:01:47.334+0000] {local_task_job_runner.py:234} INFO - Task exited with return code 0
[2025-12-17T02:01:47.361+0000] {taskinstance.py:3280} INFO - 0 downstream tasks scheduled from follow-on schedule check
