[2025-12-16T17:17:11.161+0000] {taskinstance.py:1956} INFO - Dependencies all met for dep_context=non-requeueable deps ti=<TaskInstance: etl_airflow.transform scheduled__2025-05-12T00:00:00+00:00 [queued]>
[2025-12-16T17:17:11.184+0000] {taskinstance.py:1956} INFO - Dependencies all met for dep_context=requeueable deps ti=<TaskInstance: etl_airflow.transform scheduled__2025-05-12T00:00:00+00:00 [queued]>
[2025-12-16T17:17:11.186+0000] {taskinstance.py:2170} INFO - Starting attempt 1 of 3
[2025-12-16T17:17:11.218+0000] {taskinstance.py:2191} INFO - Executing <Task(PythonOperator): transform> on 2025-05-12 00:00:00+00:00
[2025-12-16T17:17:11.232+0000] {standard_task_runner.py:60} INFO - Started process 3228 to run task
[2025-12-16T17:17:11.239+0000] {standard_task_runner.py:87} INFO - Running: ['***', 'tasks', 'run', 'etl_***', 'transform', 'scheduled__2025-05-12T00:00:00+00:00', '--job-id', '5106', '--raw', '--subdir', 'DAGS_FOLDER/etl_dag.py', '--cfg-path', '/tmp/tmp16ygb5ik']
[2025-12-16T17:17:11.244+0000] {standard_task_runner.py:88} INFO - Job 5106: Subtask transform
[2025-12-16T17:17:11.375+0000] {task_command.py:423} INFO - Running <TaskInstance: etl_airflow.transform scheduled__2025-05-12T00:00:00+00:00 [running]> on host 3b89cfee50e9
[2025-12-16T17:17:11.568+0000] {taskinstance.py:2480} INFO - Exporting env vars: AIRFLOW_CTX_DAG_OWNER='***' AIRFLOW_CTX_DAG_ID='etl_***' AIRFLOW_CTX_TASK_ID='transform' AIRFLOW_CTX_EXECUTION_DATE='2025-05-12T00:00:00+00:00' AIRFLOW_CTX_TRY_NUMBER='1' AIRFLOW_CTX_DAG_RUN_ID='scheduled__2025-05-12T00:00:00+00:00'
[2025-12-16T17:17:11.572+0000] {logging_mixin.py:188} INFO - [TRANSFORM]
[2025-12-16T17:17:11.855+0000] {logging_mixin.py:188} INFO - [TRANSFORM] done
[2025-12-16T17:17:11.857+0000] {python.py:201} INFO - Done. Returned value was: None
[2025-12-16T17:17:11.878+0000] {taskinstance.py:1138} INFO - Marking task as SUCCESS. dag_id=etl_***, task_id=transform, execution_date=20250512T000000, start_date=20251216T171711, end_date=20251216T171711
[2025-12-16T17:17:12.218+0000] {local_task_job_runner.py:234} INFO - Task exited with return code 0
[2025-12-16T17:17:12.254+0000] {taskinstance.py:3280} INFO - 1 downstream tasks scheduled from follow-on schedule check
[2025-12-17T01:58:40.636+0000] {taskinstance.py:1956} INFO - Dependencies all met for dep_context=non-requeueable deps ti=<TaskInstance: etl_airflow.transform scheduled__2025-05-12T00:00:00+00:00 [queued]>
[2025-12-17T01:58:40.651+0000] {taskinstance.py:1956} INFO - Dependencies all met for dep_context=requeueable deps ti=<TaskInstance: etl_airflow.transform scheduled__2025-05-12T00:00:00+00:00 [queued]>
[2025-12-17T01:58:40.652+0000] {taskinstance.py:2170} INFO - Starting attempt 1 of 3
[2025-12-17T01:58:40.673+0000] {taskinstance.py:2191} INFO - Executing <Task(PythonOperator): transform> on 2025-05-12 00:00:00+00:00
[2025-12-17T01:58:40.682+0000] {standard_task_runner.py:60} INFO - Started process 5025 to run task
[2025-12-17T01:58:40.689+0000] {standard_task_runner.py:87} INFO - Running: ['***', 'tasks', 'run', 'etl_***', 'transform', 'scheduled__2025-05-12T00:00:00+00:00', '--job-id', '1517', '--raw', '--subdir', 'DAGS_FOLDER/etl_dag.py', '--cfg-path', '/tmp/tmp453pmlhx']
[2025-12-17T01:58:40.695+0000] {standard_task_runner.py:88} INFO - Job 1517: Subtask transform
[2025-12-17T01:58:40.809+0000] {task_command.py:423} INFO - Running <TaskInstance: etl_airflow.transform scheduled__2025-05-12T00:00:00+00:00 [running]> on host 571e042550da
[2025-12-17T01:58:41.237+0000] {taskinstance.py:2480} INFO - Exporting env vars: AIRFLOW_CTX_DAG_OWNER='***' AIRFLOW_CTX_DAG_ID='etl_***' AIRFLOW_CTX_TASK_ID='transform' AIRFLOW_CTX_EXECUTION_DATE='2025-05-12T00:00:00+00:00' AIRFLOW_CTX_TRY_NUMBER='1' AIRFLOW_CTX_DAG_RUN_ID='scheduled__2025-05-12T00:00:00+00:00'
[2025-12-17T01:58:41.241+0000] {logging_mixin.py:188} INFO - [TRANSFORM]
[2025-12-17T01:58:41.276+0000] {logging_mixin.py:188} INFO - [TRANSFORM] done
[2025-12-17T01:58:41.277+0000] {python.py:201} INFO - Done. Returned value was: None
[2025-12-17T01:58:41.296+0000] {taskinstance.py:1138} INFO - Marking task as SUCCESS. dag_id=etl_***, task_id=transform, execution_date=20250512T000000, start_date=20251217T015840, end_date=20251217T015841
[2025-12-17T01:58:41.348+0000] {local_task_job_runner.py:234} INFO - Task exited with return code 0
[2025-12-17T01:58:41.397+0000] {taskinstance.py:3280} INFO - 1 downstream tasks scheduled from follow-on schedule check
[2025-12-17T05:00:21.616+0000] {taskinstance.py:1956} INFO - Dependencies all met for dep_context=non-requeueable deps ti=<TaskInstance: etl_airflow.transform scheduled__2025-05-12T00:00:00+00:00 [queued]>
[2025-12-17T05:00:21.633+0000] {taskinstance.py:1956} INFO - Dependencies all met for dep_context=requeueable deps ti=<TaskInstance: etl_airflow.transform scheduled__2025-05-12T00:00:00+00:00 [queued]>
[2025-12-17T05:00:21.634+0000] {taskinstance.py:2170} INFO - Starting attempt 1 of 3
[2025-12-17T05:00:21.655+0000] {taskinstance.py:2191} INFO - Executing <Task(PythonOperator): transform> on 2025-05-12 00:00:00+00:00
[2025-12-17T05:00:21.665+0000] {standard_task_runner.py:60} INFO - Started process 6817 to run task
[2025-12-17T05:00:21.671+0000] {standard_task_runner.py:87} INFO - Running: ['***', 'tasks', 'run', 'etl_***', 'transform', 'scheduled__2025-05-12T00:00:00+00:00', '--job-id', '1998', '--raw', '--subdir', 'DAGS_FOLDER/etl_***.py', '--cfg-path', '/tmp/tmpr3yoysgo']
[2025-12-17T05:00:21.675+0000] {standard_task_runner.py:88} INFO - Job 1998: Subtask transform
[2025-12-17T05:00:21.824+0000] {task_command.py:423} INFO - Running <TaskInstance: etl_airflow.transform scheduled__2025-05-12T00:00:00+00:00 [running]> on host b3426f05ac70
[2025-12-17T05:00:22.267+0000] {taskinstance.py:2480} INFO - Exporting env vars: AIRFLOW_CTX_DAG_OWNER='***' AIRFLOW_CTX_DAG_ID='etl_***' AIRFLOW_CTX_TASK_ID='transform' AIRFLOW_CTX_EXECUTION_DATE='2025-05-12T00:00:00+00:00' AIRFLOW_CTX_TRY_NUMBER='1' AIRFLOW_CTX_DAG_RUN_ID='scheduled__2025-05-12T00:00:00+00:00'
[2025-12-17T05:00:22.272+0000] {taskinstance.py:2698} ERROR - Task failed with exception
Traceback (most recent call last):
  File "/home/airflow/.local/lib/python3.8/site-packages/airflow/models/taskinstance.py", line 433, in _execute_task
    result = execute_callable(context=context, **execute_callable_kwargs)
  File "/home/airflow/.local/lib/python3.8/site-packages/airflow/operators/python.py", line 199, in execute
    return_value = self.execute_callable()
  File "/home/airflow/.local/lib/python3.8/site-packages/airflow/operators/python.py", line 216, in execute_callable
    return self.python_callable(*self.op_args, **self.op_kwargs)
TypeError: transform_data() missing 1 required positional argument: 'df'
[2025-12-17T05:00:22.288+0000] {taskinstance.py:1138} INFO - Marking task as UP_FOR_RETRY. dag_id=etl_***, task_id=transform, execution_date=20250512T000000, start_date=20251217T050021, end_date=20251217T050022
[2025-12-17T05:00:22.480+0000] {standard_task_runner.py:107} ERROR - Failed to execute job 1998 for task transform (transform_data() missing 1 required positional argument: 'df'; 6817)
[2025-12-17T05:00:22.537+0000] {local_task_job_runner.py:234} INFO - Task exited with return code 1
[2025-12-17T05:00:22.602+0000] {taskinstance.py:3280} INFO - 0 downstream tasks scheduled from follow-on schedule check
