[2025-12-17T02:00:50.936+0000] {taskinstance.py:1956} INFO - Dependencies all met for dep_context=non-requeueable deps ti=<TaskInstance: etl_airflow.transform scheduled__2025-10-04T00:00:00+00:00 [queued]>
[2025-12-17T02:00:50.968+0000] {taskinstance.py:1956} INFO - Dependencies all met for dep_context=requeueable deps ti=<TaskInstance: etl_airflow.transform scheduled__2025-10-04T00:00:00+00:00 [queued]>
[2025-12-17T02:00:50.969+0000] {taskinstance.py:2170} INFO - Starting attempt 1 of 3
[2025-12-17T02:00:51.006+0000] {taskinstance.py:2191} INFO - Executing <Task(PythonOperator): transform> on 2025-10-04 00:00:00+00:00
[2025-12-17T02:00:51.020+0000] {standard_task_runner.py:60} INFO - Started process 6425 to run task
[2025-12-17T02:00:51.030+0000] {standard_task_runner.py:87} INFO - Running: ['***', 'tasks', 'run', 'etl_***', 'transform', 'scheduled__2025-10-04T00:00:00+00:00', '--job-id', '1961', '--raw', '--subdir', 'DAGS_FOLDER/etl_dag.py', '--cfg-path', '/tmp/tmpduegki9e']
[2025-12-17T02:00:51.037+0000] {standard_task_runner.py:88} INFO - Job 1961: Subtask transform
[2025-12-17T02:00:51.283+0000] {task_command.py:423} INFO - Running <TaskInstance: etl_airflow.transform scheduled__2025-10-04T00:00:00+00:00 [running]> on host 571e042550da
[2025-12-17T02:00:51.904+0000] {taskinstance.py:2480} INFO - Exporting env vars: AIRFLOW_CTX_DAG_OWNER='***' AIRFLOW_CTX_DAG_ID='etl_***' AIRFLOW_CTX_TASK_ID='transform' AIRFLOW_CTX_EXECUTION_DATE='2025-10-04T00:00:00+00:00' AIRFLOW_CTX_TRY_NUMBER='1' AIRFLOW_CTX_DAG_RUN_ID='scheduled__2025-10-04T00:00:00+00:00'
[2025-12-17T02:00:51.907+0000] {logging_mixin.py:188} INFO - [TRANSFORM]
[2025-12-17T02:00:51.986+0000] {logging_mixin.py:188} INFO - [TRANSFORM] done
[2025-12-17T02:00:51.988+0000] {python.py:201} INFO - Done. Returned value was: None
[2025-12-17T02:00:52.021+0000] {taskinstance.py:1138} INFO - Marking task as SUCCESS. dag_id=etl_***, task_id=transform, execution_date=20251004T000000, start_date=20251217T020050, end_date=20251217T020052
[2025-12-17T02:00:52.110+0000] {local_task_job_runner.py:234} INFO - Task exited with return code 0
[2025-12-17T02:00:52.438+0000] {taskinstance.py:3280} INFO - 0 downstream tasks scheduled from follow-on schedule check
[2025-12-17T05:05:27.163+0000] {taskinstance.py:1956} INFO - Dependencies all met for dep_context=non-requeueable deps ti=<TaskInstance: etl_airflow.transform scheduled__2025-10-04T00:00:00+00:00 [queued]>
[2025-12-17T05:05:27.184+0000] {taskinstance.py:1956} INFO - Dependencies all met for dep_context=requeueable deps ti=<TaskInstance: etl_airflow.transform scheduled__2025-10-04T00:00:00+00:00 [queued]>
[2025-12-17T05:05:27.186+0000] {taskinstance.py:2170} INFO - Starting attempt 1 of 3
[2025-12-17T05:05:27.308+0000] {taskinstance.py:2191} INFO - Executing <Task(PythonOperator): transform> on 2025-10-04 00:00:00+00:00
[2025-12-17T05:05:27.328+0000] {standard_task_runner.py:60} INFO - Started process 8718 to run task
[2025-12-17T05:05:27.367+0000] {standard_task_runner.py:87} INFO - Running: ['***', 'tasks', 'run', 'etl_***', 'transform', 'scheduled__2025-10-04T00:00:00+00:00', '--job-id', '2577', '--raw', '--subdir', 'DAGS_FOLDER/etl_***.py', '--cfg-path', '/tmp/tmpuyeb43o5']
[2025-12-17T05:05:27.421+0000] {standard_task_runner.py:88} INFO - Job 2577: Subtask transform
[2025-12-17T05:05:27.737+0000] {task_command.py:423} INFO - Running <TaskInstance: etl_airflow.transform scheduled__2025-10-04T00:00:00+00:00 [running]> on host b3426f05ac70
[2025-12-17T05:05:28.219+0000] {taskinstance.py:2480} INFO - Exporting env vars: AIRFLOW_CTX_DAG_OWNER='***' AIRFLOW_CTX_DAG_ID='etl_***' AIRFLOW_CTX_TASK_ID='transform' AIRFLOW_CTX_EXECUTION_DATE='2025-10-04T00:00:00+00:00' AIRFLOW_CTX_TRY_NUMBER='1' AIRFLOW_CTX_DAG_RUN_ID='scheduled__2025-10-04T00:00:00+00:00'
[2025-12-17T05:05:28.223+0000] {taskinstance.py:2698} ERROR - Task failed with exception
Traceback (most recent call last):
  File "/home/airflow/.local/lib/python3.8/site-packages/airflow/models/taskinstance.py", line 433, in _execute_task
    result = execute_callable(context=context, **execute_callable_kwargs)
  File "/home/airflow/.local/lib/python3.8/site-packages/airflow/operators/python.py", line 199, in execute
    return_value = self.execute_callable()
  File "/home/airflow/.local/lib/python3.8/site-packages/airflow/operators/python.py", line 216, in execute_callable
    return self.python_callable(*self.op_args, **self.op_kwargs)
TypeError: transform_data() missing 1 required positional argument: 'df'
[2025-12-17T05:05:28.244+0000] {taskinstance.py:1138} INFO - Marking task as UP_FOR_RETRY. dag_id=etl_***, task_id=transform, execution_date=20251004T000000, start_date=20251217T050527, end_date=20251217T050528
[2025-12-17T05:05:28.347+0000] {standard_task_runner.py:107} ERROR - Failed to execute job 2577 for task transform (transform_data() missing 1 required positional argument: 'df'; 8718)
[2025-12-17T05:05:28.379+0000] {local_task_job_runner.py:234} INFO - Task exited with return code 1
[2025-12-17T05:05:28.427+0000] {taskinstance.py:3280} INFO - 0 downstream tasks scheduled from follow-on schedule check
