[2025-12-17T04:56:05.441+0000] {taskinstance.py:1956} INFO - Dependencies all met for dep_context=non-requeueable deps ti=<TaskInstance: etl_airflow.transform scheduled__2025-01-13T00:00:00+00:00 [queued]>
[2025-12-17T04:56:05.454+0000] {taskinstance.py:1956} INFO - Dependencies all met for dep_context=requeueable deps ti=<TaskInstance: etl_airflow.transform scheduled__2025-01-13T00:00:00+00:00 [queued]>
[2025-12-17T04:56:05.456+0000] {taskinstance.py:2170} INFO - Starting attempt 2 of 3
[2025-12-17T04:56:05.489+0000] {taskinstance.py:2191} INFO - Executing <Task(PythonOperator): transform> on 2025-01-13 00:00:00+00:00
[2025-12-17T04:56:05.498+0000] {standard_task_runner.py:60} INFO - Started process 5231 to run task
[2025-12-17T04:56:05.503+0000] {standard_task_runner.py:87} INFO - Running: ['***', 'tasks', 'run', 'etl_***', 'transform', 'scheduled__2025-01-13T00:00:00+00:00', '--job-id', '1520', '--raw', '--subdir', 'DAGS_FOLDER/etl_***.py', '--cfg-path', '/tmp/tmprnrxqndp']
[2025-12-17T04:56:05.507+0000] {standard_task_runner.py:88} INFO - Job 1520: Subtask transform
[2025-12-17T04:56:05.617+0000] {task_command.py:423} INFO - Running <TaskInstance: etl_airflow.transform scheduled__2025-01-13T00:00:00+00:00 [running]> on host b3426f05ac70
[2025-12-17T04:56:05.979+0000] {taskinstance.py:2480} INFO - Exporting env vars: AIRFLOW_CTX_DAG_OWNER='***' AIRFLOW_CTX_DAG_ID='etl_***' AIRFLOW_CTX_TASK_ID='transform' AIRFLOW_CTX_EXECUTION_DATE='2025-01-13T00:00:00+00:00' AIRFLOW_CTX_TRY_NUMBER='2' AIRFLOW_CTX_DAG_RUN_ID='scheduled__2025-01-13T00:00:00+00:00'
[2025-12-17T04:56:05.981+0000] {taskinstance.py:2698} ERROR - Task failed with exception
Traceback (most recent call last):
  File "/home/airflow/.local/lib/python3.8/site-packages/airflow/models/taskinstance.py", line 433, in _execute_task
    result = execute_callable(context=context, **execute_callable_kwargs)
  File "/home/airflow/.local/lib/python3.8/site-packages/airflow/operators/python.py", line 199, in execute
    return_value = self.execute_callable()
  File "/home/airflow/.local/lib/python3.8/site-packages/airflow/operators/python.py", line 216, in execute_callable
    return self.python_callable(*self.op_args, **self.op_kwargs)
TypeError: transform_data() missing 1 required positional argument: 'df'
[2025-12-17T04:56:05.993+0000] {taskinstance.py:1138} INFO - Marking task as UP_FOR_RETRY. dag_id=etl_***, task_id=transform, execution_date=20250113T000000, start_date=20251217T045605, end_date=20251217T045605
[2025-12-17T04:56:06.012+0000] {standard_task_runner.py:107} ERROR - Failed to execute job 1520 for task transform (transform_data() missing 1 required positional argument: 'df'; 5231)
[2025-12-17T04:56:06.039+0000] {local_task_job_runner.py:234} INFO - Task exited with return code 1
[2025-12-17T04:56:06.134+0000] {taskinstance.py:3280} INFO - 0 downstream tasks scheduled from follow-on schedule check
[2025-12-17T08:01:34.477+0000] {taskinstance.py:1956} INFO - Dependencies all met for dep_context=non-requeueable deps ti=<TaskInstance: etl_airflow.transform scheduled__2025-01-13T00:00:00+00:00 [queued]>
[2025-12-17T08:01:34.517+0000] {taskinstance.py:1956} INFO - Dependencies all met for dep_context=requeueable deps ti=<TaskInstance: etl_airflow.transform scheduled__2025-01-13T00:00:00+00:00 [queued]>
[2025-12-17T08:01:34.520+0000] {taskinstance.py:2170} INFO - Starting attempt 2 of 3
[2025-12-17T08:01:34.572+0000] {taskinstance.py:2191} INFO - Executing <Task(PythonOperator): transform> on 2025-01-13 00:00:00+00:00
[2025-12-17T08:01:34.592+0000] {standard_task_runner.py:60} INFO - Started process 5329 to run task
[2025-12-17T08:01:34.606+0000] {standard_task_runner.py:87} INFO - Running: ['***', 'tasks', 'run', 'etl_***', 'transform', 'scheduled__2025-01-13T00:00:00+00:00', '--job-id', '1520', '--raw', '--subdir', 'DAGS_FOLDER/etl_***.py', '--cfg-path', '/tmp/tmpvtb8l1e9']
[2025-12-17T08:01:34.617+0000] {standard_task_runner.py:88} INFO - Job 1520: Subtask transform
[2025-12-17T08:01:34.867+0000] {task_command.py:423} INFO - Running <TaskInstance: etl_airflow.transform scheduled__2025-01-13T00:00:00+00:00 [running]> on host 2a0de06c8905
[2025-12-17T08:01:35.447+0000] {taskinstance.py:2480} INFO - Exporting env vars: AIRFLOW_CTX_DAG_OWNER='***' AIRFLOW_CTX_DAG_ID='etl_***' AIRFLOW_CTX_TASK_ID='transform' AIRFLOW_CTX_EXECUTION_DATE='2025-01-13T00:00:00+00:00' AIRFLOW_CTX_TRY_NUMBER='2' AIRFLOW_CTX_DAG_RUN_ID='scheduled__2025-01-13T00:00:00+00:00'
[2025-12-17T08:01:35.453+0000] {taskinstance.py:2698} ERROR - Task failed with exception
Traceback (most recent call last):
  File "/home/airflow/.local/lib/python3.8/site-packages/airflow/models/taskinstance.py", line 433, in _execute_task
    result = execute_callable(context=context, **execute_callable_kwargs)
  File "/home/airflow/.local/lib/python3.8/site-packages/airflow/operators/python.py", line 199, in execute
    return_value = self.execute_callable()
  File "/home/airflow/.local/lib/python3.8/site-packages/airflow/operators/python.py", line 216, in execute_callable
    return self.python_callable(*self.op_args, **self.op_kwargs)
TypeError: transform_data() missing 1 required positional argument: 'df'
[2025-12-17T08:01:35.483+0000] {taskinstance.py:1138} INFO - Marking task as UP_FOR_RETRY. dag_id=etl_***, task_id=transform, execution_date=20250113T000000, start_date=20251217T080134, end_date=20251217T080135
[2025-12-17T08:01:35.530+0000] {standard_task_runner.py:107} ERROR - Failed to execute job 1520 for task transform (transform_data() missing 1 required positional argument: 'df'; 5329)
[2025-12-17T08:01:35.586+0000] {local_task_job_runner.py:234} INFO - Task exited with return code 1
[2025-12-17T08:01:35.655+0000] {taskinstance.py:3280} INFO - 0 downstream tasks scheduled from follow-on schedule check
