[2025-12-16T16:32:52.787+0000] {taskinstance.py:1956} INFO - Dependencies all met for dep_context=non-requeueable deps ti=<TaskInstance: etl_airflow.extract scheduled__2024-04-16T00:00:00+00:00 [queued]>
[2025-12-16T16:32:52.809+0000] {taskinstance.py:1956} INFO - Dependencies all met for dep_context=requeueable deps ti=<TaskInstance: etl_airflow.extract scheduled__2024-04-16T00:00:00+00:00 [queued]>
[2025-12-16T16:32:52.810+0000] {taskinstance.py:2170} INFO - Starting attempt 1 of 3
[2025-12-16T16:32:52.833+0000] {taskinstance.py:2191} INFO - Executing <Task(PythonOperator): extract> on 2024-04-16 00:00:00+00:00
[2025-12-16T16:32:52.844+0000] {standard_task_runner.py:60} INFO - Started process 1514 to run task
[2025-12-16T16:32:52.850+0000] {standard_task_runner.py:87} INFO - Running: ['***', 'tasks', 'run', 'etl_***', 'extract', 'scheduled__2024-04-16T00:00:00+00:00', '--job-id', '324', '--raw', '--subdir', 'DAGS_FOLDER/etl_dag.py', '--cfg-path', '/tmp/tmppmkqxdun']
[2025-12-16T16:32:52.857+0000] {standard_task_runner.py:88} INFO - Job 324: Subtask extract
[2025-12-16T16:32:53.020+0000] {task_command.py:423} INFO - Running <TaskInstance: etl_airflow.extract scheduled__2024-04-16T00:00:00+00:00 [running]> on host 528de643acfe
[2025-12-16T16:32:53.260+0000] {taskinstance.py:2480} INFO - Exporting env vars: AIRFLOW_CTX_DAG_OWNER='***' AIRFLOW_CTX_DAG_ID='etl_***' AIRFLOW_CTX_TASK_ID='extract' AIRFLOW_CTX_EXECUTION_DATE='2024-04-16T00:00:00+00:00' AIRFLOW_CTX_TRY_NUMBER='1' AIRFLOW_CTX_DAG_RUN_ID='scheduled__2024-04-16T00:00:00+00:00'
[2025-12-16T16:32:53.263+0000] {logging_mixin.py:188} INFO - Extracting data from /opt/***/data/input.csv
[2025-12-16T16:32:53.273+0000] {taskinstance.py:2698} ERROR - Task failed with exception
Traceback (most recent call last):
  File "/home/airflow/.local/lib/python3.8/site-packages/airflow/models/taskinstance.py", line 433, in _execute_task
    result = execute_callable(context=context, **execute_callable_kwargs)
  File "/home/airflow/.local/lib/python3.8/site-packages/airflow/operators/python.py", line 199, in execute
    return_value = self.execute_callable()
  File "/home/airflow/.local/lib/python3.8/site-packages/airflow/operators/python.py", line 216, in execute_callable
    return self.python_callable(*self.op_args, **self.op_kwargs)
  File "/opt/airflow/dags/etl_logic/pipeline.py", line 97, in extract_data
    df = pd.read_csv(input_path)
  File "/home/airflow/.local/lib/python3.8/site-packages/pandas/io/parsers/readers.py", line 912, in read_csv
    return _read(filepath_or_buffer, kwds)
  File "/home/airflow/.local/lib/python3.8/site-packages/pandas/io/parsers/readers.py", line 577, in _read
    parser = TextFileReader(filepath_or_buffer, **kwds)
  File "/home/airflow/.local/lib/python3.8/site-packages/pandas/io/parsers/readers.py", line 1407, in __init__
    self._engine = self._make_engine(f, self.engine)
  File "/home/airflow/.local/lib/python3.8/site-packages/pandas/io/parsers/readers.py", line 1661, in _make_engine
    self.handles = get_handle(
  File "/home/airflow/.local/lib/python3.8/site-packages/pandas/io/common.py", line 859, in get_handle
    handle = open(
FileNotFoundError: [Errno 2] No such file or directory: '/opt/airflow/data/input.csv'
[2025-12-16T16:32:53.653+0000] {taskinstance.py:1138} INFO - Marking task as UP_FOR_RETRY. dag_id=etl_***, task_id=extract, execution_date=20240416T000000, start_date=20251216T163252, end_date=20251216T163253
[2025-12-16T16:32:53.697+0000] {standard_task_runner.py:107} ERROR - Failed to execute job 324 for task extract ([Errno 2] No such file or directory: '/opt/airflow/data/input.csv'; 1514)
[2025-12-16T16:32:53.752+0000] {local_task_job_runner.py:234} INFO - Task exited with return code 1
[2025-12-16T16:32:53.805+0000] {taskinstance.py:3280} INFO - 0 downstream tasks scheduled from follow-on schedule check
[2025-12-17T01:51:59.537+0000] {taskinstance.py:1956} INFO - Dependencies all met for dep_context=non-requeueable deps ti=<TaskInstance: etl_airflow.extract scheduled__2024-04-16T00:00:00+00:00 [queued]>
[2025-12-17T01:51:59.558+0000] {taskinstance.py:1956} INFO - Dependencies all met for dep_context=requeueable deps ti=<TaskInstance: etl_airflow.extract scheduled__2024-04-16T00:00:00+00:00 [queued]>
[2025-12-17T01:51:59.560+0000] {taskinstance.py:2170} INFO - Starting attempt 1 of 3
[2025-12-17T01:51:59.634+0000] {taskinstance.py:2191} INFO - Executing <Task(PythonOperator): extract> on 2024-04-16 00:00:00+00:00
[2025-12-17T01:51:59.650+0000] {standard_task_runner.py:60} INFO - Started process 1228 to run task
[2025-12-17T01:51:59.658+0000] {standard_task_runner.py:87} INFO - Running: ['***', 'tasks', 'run', 'etl_***', 'extract', 'scheduled__2024-04-16T00:00:00+00:00', '--job-id', '319', '--raw', '--subdir', 'DAGS_FOLDER/etl_dag.py', '--cfg-path', '/tmp/tmpe6359uvp']
[2025-12-17T01:51:59.669+0000] {standard_task_runner.py:88} INFO - Job 319: Subtask extract
[2025-12-17T01:51:59.859+0000] {task_command.py:423} INFO - Running <TaskInstance: etl_airflow.extract scheduled__2024-04-16T00:00:00+00:00 [running]> on host 571e042550da
[2025-12-17T01:52:00.418+0000] {taskinstance.py:2480} INFO - Exporting env vars: AIRFLOW_CTX_DAG_OWNER='***' AIRFLOW_CTX_DAG_ID='etl_***' AIRFLOW_CTX_TASK_ID='extract' AIRFLOW_CTX_EXECUTION_DATE='2024-04-16T00:00:00+00:00' AIRFLOW_CTX_TRY_NUMBER='1' AIRFLOW_CTX_DAG_RUN_ID='scheduled__2024-04-16T00:00:00+00:00'
[2025-12-17T01:52:00.422+0000] {logging_mixin.py:188} INFO - [EXTRACT] Reading /opt/***/data/synthetic_events.csv
[2025-12-17T01:52:00.459+0000] {logging_mixin.py:188} INFO - [EXTRACT] done
[2025-12-17T01:52:00.461+0000] {python.py:201} INFO - Done. Returned value was: None
[2025-12-17T01:52:00.484+0000] {taskinstance.py:1138} INFO - Marking task as SUCCESS. dag_id=etl_***, task_id=extract, execution_date=20240416T000000, start_date=20251217T015159, end_date=20251217T015200
[2025-12-17T01:52:00.586+0000] {local_task_job_runner.py:234} INFO - Task exited with return code 0
[2025-12-17T01:52:00.942+0000] {taskinstance.py:3280} INFO - 0 downstream tasks scheduled from follow-on schedule check
[2025-12-17T04:19:53.563+0000] {taskinstance.py:1956} INFO - Dependencies all met for dep_context=non-requeueable deps ti=<TaskInstance: etl_airflow.extract scheduled__2024-04-16T00:00:00+00:00 [queued]>
[2025-12-17T04:19:53.576+0000] {taskinstance.py:1956} INFO - Dependencies all met for dep_context=requeueable deps ti=<TaskInstance: etl_airflow.extract scheduled__2024-04-16T00:00:00+00:00 [queued]>
[2025-12-17T04:19:53.577+0000] {taskinstance.py:2170} INFO - Starting attempt 1 of 3
[2025-12-17T04:19:53.600+0000] {taskinstance.py:2191} INFO - Executing <Task(PythonOperator): extract> on 2024-04-16 00:00:00+00:00
[2025-12-17T04:19:53.610+0000] {standard_task_runner.py:60} INFO - Started process 776 to run task
[2025-12-17T04:19:53.617+0000] {standard_task_runner.py:87} INFO - Running: ['***', 'tasks', 'run', 'etl_***', 'extract', 'scheduled__2024-04-16T00:00:00+00:00', '--job-id', '170', '--raw', '--subdir', 'DAGS_FOLDER/etl_***.py', '--cfg-path', '/tmp/tmpqtdph5zi']
[2025-12-17T04:19:53.621+0000] {standard_task_runner.py:88} INFO - Job 170: Subtask extract
[2025-12-17T04:19:53.732+0000] {task_command.py:423} INFO - Running <TaskInstance: etl_airflow.extract scheduled__2024-04-16T00:00:00+00:00 [running]> on host c5811fe183ca
[2025-12-17T04:19:54.100+0000] {taskinstance.py:2480} INFO - Exporting env vars: AIRFLOW_CTX_DAG_OWNER='***' AIRFLOW_CTX_DAG_ID='etl_***' AIRFLOW_CTX_TASK_ID='extract' AIRFLOW_CTX_EXECUTION_DATE='2024-04-16T00:00:00+00:00' AIRFLOW_CTX_TRY_NUMBER='1' AIRFLOW_CTX_DAG_RUN_ID='scheduled__2024-04-16T00:00:00+00:00'
[2025-12-17T04:19:54.130+0000] {python.py:201} INFO - Done. Returned value was:    user_id event_type           timestamp country
0        1      login 2025-01-01 09:00:00      IN
1        1      click 2025-01-01 09:05:00      IN
2        1     logout 2025-01-01 09:15:00      IN
3        2      login 2025-01-01 10:00:00      US
4        2      click 2025-01-01 10:10:00      US
5        2     logout 2025-01-01 10:20:00      US
6        3      login 2025-01-02 08:00:00      FR
7        3      click 2025-01-02 08:05:00      FR
8        3     logout 2025-01-02 08:30:00      FR
[2025-12-17T04:19:54.203+0000] {taskinstance.py:1138} INFO - Marking task as SUCCESS. dag_id=etl_***, task_id=extract, execution_date=20240416T000000, start_date=20251217T041953, end_date=20251217T041954
[2025-12-17T04:19:54.354+0000] {local_task_job_runner.py:234} INFO - Task exited with return code 0
[2025-12-17T04:19:54.391+0000] {taskinstance.py:3280} INFO - 0 downstream tasks scheduled from follow-on schedule check
[2025-12-17T04:45:54.995+0000] {taskinstance.py:1956} INFO - Dependencies all met for dep_context=non-requeueable deps ti=<TaskInstance: etl_airflow.extract scheduled__2024-04-16T00:00:00+00:00 [queued]>
[2025-12-17T04:45:55.021+0000] {taskinstance.py:1956} INFO - Dependencies all met for dep_context=requeueable deps ti=<TaskInstance: etl_airflow.extract scheduled__2024-04-16T00:00:00+00:00 [queued]>
[2025-12-17T04:45:55.024+0000] {taskinstance.py:2170} INFO - Starting attempt 1 of 3
[2025-12-17T04:45:55.069+0000] {taskinstance.py:2191} INFO - Executing <Task(PythonOperator): extract> on 2024-04-16 00:00:00+00:00
[2025-12-17T04:45:55.084+0000] {standard_task_runner.py:60} INFO - Started process 1543 to run task
[2025-12-17T04:45:55.094+0000] {standard_task_runner.py:87} INFO - Running: ['***', 'tasks', 'run', 'etl_***', 'extract', 'scheduled__2024-04-16T00:00:00+00:00', '--job-id', '398', '--raw', '--subdir', 'DAGS_FOLDER/etl_***.py', '--cfg-path', '/tmp/tmphrhcy8i6']
[2025-12-17T04:45:55.102+0000] {standard_task_runner.py:88} INFO - Job 398: Subtask extract
[2025-12-17T04:45:55.278+0000] {task_command.py:423} INFO - Running <TaskInstance: etl_airflow.extract scheduled__2024-04-16T00:00:00+00:00 [running]> on host b3426f05ac70
[2025-12-17T04:45:55.891+0000] {taskinstance.py:2480} INFO - Exporting env vars: AIRFLOW_CTX_DAG_OWNER='***' AIRFLOW_CTX_DAG_ID='etl_***' AIRFLOW_CTX_TASK_ID='extract' AIRFLOW_CTX_EXECUTION_DATE='2024-04-16T00:00:00+00:00' AIRFLOW_CTX_TRY_NUMBER='1' AIRFLOW_CTX_DAG_RUN_ID='scheduled__2024-04-16T00:00:00+00:00'
[2025-12-17T04:45:55.924+0000] {python.py:201} INFO - Done. Returned value was:    user_id event_type           timestamp country
0        1      login 2025-01-01 09:00:00      IN
1        1      click 2025-01-01 09:05:00      IN
2        1     logout 2025-01-01 09:15:00      IN
3        2      login 2025-01-01 10:00:00      US
4        2      click 2025-01-01 10:10:00      US
5        2     logout 2025-01-01 10:20:00      US
6        3      login 2025-01-02 08:00:00      FR
7        3      click 2025-01-02 08:05:00      FR
8        3     logout 2025-01-02 08:30:00      FR
[2025-12-17T04:45:56.015+0000] {taskinstance.py:1138} INFO - Marking task as SUCCESS. dag_id=etl_***, task_id=extract, execution_date=20240416T000000, start_date=20251217T044554, end_date=20251217T044556
[2025-12-17T04:45:56.270+0000] {local_task_job_runner.py:234} INFO - Task exited with return code 0
[2025-12-17T04:45:56.716+0000] {taskinstance.py:3280} INFO - 0 downstream tasks scheduled from follow-on schedule check
[2025-12-17T07:39:15.810+0000] {taskinstance.py:1956} INFO - Dependencies all met for dep_context=non-requeueable deps ti=<TaskInstance: etl_airflow.extract scheduled__2024-04-16T00:00:00+00:00 [queued]>
[2025-12-17T07:39:15.833+0000] {taskinstance.py:1956} INFO - Dependencies all met for dep_context=requeueable deps ti=<TaskInstance: etl_airflow.extract scheduled__2024-04-16T00:00:00+00:00 [queued]>
[2025-12-17T07:39:15.835+0000] {taskinstance.py:2170} INFO - Starting attempt 1 of 3
[2025-12-17T07:39:15.864+0000] {taskinstance.py:2191} INFO - Executing <Task(PythonOperator): extract> on 2024-04-16 00:00:00+00:00
[2025-12-17T07:39:15.877+0000] {standard_task_runner.py:60} INFO - Started process 1607 to run task
[2025-12-17T07:39:15.888+0000] {standard_task_runner.py:87} INFO - Running: ['***', 'tasks', 'run', 'etl_***', 'extract', 'scheduled__2024-04-16T00:00:00+00:00', '--job-id', '400', '--raw', '--subdir', 'DAGS_FOLDER/etl_***.py', '--cfg-path', '/tmp/tmpsevsejxe']
[2025-12-17T07:39:15.896+0000] {standard_task_runner.py:88} INFO - Job 400: Subtask extract
[2025-12-17T07:39:16.100+0000] {task_command.py:423} INFO - Running <TaskInstance: etl_airflow.extract scheduled__2024-04-16T00:00:00+00:00 [running]> on host 2a0de06c8905
[2025-12-17T07:39:17.106+0000] {taskinstance.py:2480} INFO - Exporting env vars: AIRFLOW_CTX_DAG_OWNER='***' AIRFLOW_CTX_DAG_ID='etl_***' AIRFLOW_CTX_TASK_ID='extract' AIRFLOW_CTX_EXECUTION_DATE='2024-04-16T00:00:00+00:00' AIRFLOW_CTX_TRY_NUMBER='1' AIRFLOW_CTX_DAG_RUN_ID='scheduled__2024-04-16T00:00:00+00:00'
[2025-12-17T07:39:17.178+0000] {python.py:201} INFO - Done. Returned value was:    user_id event_type           timestamp country
0        1      login 2025-01-01 09:00:00      IN
1        1      click 2025-01-01 09:05:00      IN
2        1     logout 2025-01-01 09:15:00      IN
3        2      login 2025-01-01 10:00:00      US
4        2      click 2025-01-01 10:10:00      US
5        2     logout 2025-01-01 10:20:00      US
6        3      login 2025-01-02 08:00:00      FR
7        3      click 2025-01-02 08:05:00      FR
8        3     logout 2025-01-02 08:30:00      FR
[2025-12-17T07:39:17.288+0000] {taskinstance.py:1138} INFO - Marking task as SUCCESS. dag_id=etl_***, task_id=extract, execution_date=20240416T000000, start_date=20251217T073915, end_date=20251217T073917
[2025-12-17T07:39:17.581+0000] {local_task_job_runner.py:234} INFO - Task exited with return code 0
[2025-12-17T07:39:17.705+0000] {taskinstance.py:3280} INFO - 1 downstream tasks scheduled from follow-on schedule check
