[2025-12-16T17:12:10.583+0000] {taskinstance.py:1956} INFO - Dependencies all met for dep_context=non-requeueable deps ti=<TaskInstance: etl_airflow.transform scheduled__2024-06-18T00:00:00+00:00 [queued]>
[2025-12-16T17:12:10.638+0000] {taskinstance.py:1956} INFO - Dependencies all met for dep_context=requeueable deps ti=<TaskInstance: etl_airflow.transform scheduled__2024-06-18T00:00:00+00:00 [queued]>
[2025-12-16T17:12:10.650+0000] {taskinstance.py:2170} INFO - Starting attempt 1 of 3
[2025-12-16T17:12:10.745+0000] {taskinstance.py:2191} INFO - Executing <Task(PythonOperator): transform> on 2024-06-18 00:00:00+00:00
[2025-12-16T17:12:10.758+0000] {standard_task_runner.py:60} INFO - Started process 1957 to run task
[2025-12-16T17:12:10.772+0000] {standard_task_runner.py:87} INFO - Running: ['***', 'tasks', 'run', 'etl_***', 'transform', 'scheduled__2024-06-18T00:00:00+00:00', '--job-id', '4122', '--raw', '--subdir', 'DAGS_FOLDER/etl_dag.py', '--cfg-path', '/tmp/tmp20jy8lij']
[2025-12-16T17:12:10.780+0000] {standard_task_runner.py:88} INFO - Job 4122: Subtask transform
[2025-12-16T17:12:11.040+0000] {task_command.py:423} INFO - Running <TaskInstance: etl_airflow.transform scheduled__2024-06-18T00:00:00+00:00 [running]> on host 3b89cfee50e9
[2025-12-16T17:12:11.222+0000] {taskinstance.py:2480} INFO - Exporting env vars: AIRFLOW_CTX_DAG_OWNER='***' AIRFLOW_CTX_DAG_ID='etl_***' AIRFLOW_CTX_TASK_ID='transform' AIRFLOW_CTX_EXECUTION_DATE='2024-06-18T00:00:00+00:00' AIRFLOW_CTX_TRY_NUMBER='1' AIRFLOW_CTX_DAG_RUN_ID='scheduled__2024-06-18T00:00:00+00:00'
[2025-12-16T17:12:11.227+0000] {logging_mixin.py:188} INFO - [TRANSFORM]
[2025-12-16T17:12:11.652+0000] {logging_mixin.py:188} INFO - [TRANSFORM] done
[2025-12-16T17:12:11.655+0000] {python.py:201} INFO - Done. Returned value was: None
[2025-12-16T17:12:11.699+0000] {taskinstance.py:1138} INFO - Marking task as SUCCESS. dag_id=etl_***, task_id=transform, execution_date=20240618T000000, start_date=20251216T171210, end_date=20251216T171211
[2025-12-16T17:12:11.811+0000] {local_task_job_runner.py:234} INFO - Task exited with return code 0
[2025-12-16T17:12:12.208+0000] {taskinstance.py:3280} INFO - 0 downstream tasks scheduled from follow-on schedule check
[2025-12-17T01:53:11.278+0000] {taskinstance.py:1956} INFO - Dependencies all met for dep_context=non-requeueable deps ti=<TaskInstance: etl_airflow.transform scheduled__2024-06-18T00:00:00+00:00 [queued]>
[2025-12-17T01:53:11.326+0000] {taskinstance.py:1956} INFO - Dependencies all met for dep_context=requeueable deps ti=<TaskInstance: etl_airflow.transform scheduled__2024-06-18T00:00:00+00:00 [queued]>
[2025-12-17T01:53:11.328+0000] {taskinstance.py:2170} INFO - Starting attempt 1 of 3
[2025-12-17T01:53:11.540+0000] {taskinstance.py:2191} INFO - Executing <Task(PythonOperator): transform> on 2024-06-18 00:00:00+00:00
[2025-12-17T01:53:11.565+0000] {standard_task_runner.py:60} INFO - Started process 1886 to run task
[2025-12-17T01:53:11.622+0000] {standard_task_runner.py:87} INFO - Running: ['***', 'tasks', 'run', 'etl_***', 'transform', 'scheduled__2024-06-18T00:00:00+00:00', '--job-id', '526', '--raw', '--subdir', 'DAGS_FOLDER/etl_dag.py', '--cfg-path', '/tmp/tmpebgrhrf5']
[2025-12-17T01:53:11.643+0000] {standard_task_runner.py:88} INFO - Job 526: Subtask transform
[2025-12-17T01:53:11.996+0000] {task_command.py:423} INFO - Running <TaskInstance: etl_airflow.transform scheduled__2024-06-18T00:00:00+00:00 [running]> on host 571e042550da
[2025-12-17T01:53:12.662+0000] {taskinstance.py:2480} INFO - Exporting env vars: AIRFLOW_CTX_DAG_OWNER='***' AIRFLOW_CTX_DAG_ID='etl_***' AIRFLOW_CTX_TASK_ID='transform' AIRFLOW_CTX_EXECUTION_DATE='2024-06-18T00:00:00+00:00' AIRFLOW_CTX_TRY_NUMBER='1' AIRFLOW_CTX_DAG_RUN_ID='scheduled__2024-06-18T00:00:00+00:00'
[2025-12-17T01:53:12.666+0000] {logging_mixin.py:188} INFO - [TRANSFORM]
[2025-12-17T01:53:12.702+0000] {logging_mixin.py:188} INFO - [TRANSFORM] done
[2025-12-17T01:53:12.704+0000] {python.py:201} INFO - Done. Returned value was: None
[2025-12-17T01:53:12.728+0000] {taskinstance.py:1138} INFO - Marking task as SUCCESS. dag_id=etl_***, task_id=transform, execution_date=20240618T000000, start_date=20251217T015311, end_date=20251217T015312
[2025-12-17T01:53:12.799+0000] {local_task_job_runner.py:234} INFO - Task exited with return code 0
[2025-12-17T01:53:12.856+0000] {taskinstance.py:3280} INFO - 1 downstream tasks scheduled from follow-on schedule check
[2025-12-17T04:48:15.227+0000] {taskinstance.py:1956} INFO - Dependencies all met for dep_context=non-requeueable deps ti=<TaskInstance: etl_airflow.transform scheduled__2024-06-18T00:00:00+00:00 [queued]>
[2025-12-17T04:48:15.249+0000] {taskinstance.py:1956} INFO - Dependencies all met for dep_context=requeueable deps ti=<TaskInstance: etl_airflow.transform scheduled__2024-06-18T00:00:00+00:00 [queued]>
[2025-12-17T04:48:15.251+0000] {taskinstance.py:2170} INFO - Starting attempt 1 of 3
[2025-12-17T04:48:15.285+0000] {taskinstance.py:2191} INFO - Executing <Task(PythonOperator): transform> on 2024-06-18 00:00:00+00:00
[2025-12-17T04:48:15.294+0000] {standard_task_runner.py:60} INFO - Started process 2415 to run task
[2025-12-17T04:48:15.301+0000] {standard_task_runner.py:87} INFO - Running: ['***', 'tasks', 'run', 'etl_***', 'transform', 'scheduled__2024-06-18T00:00:00+00:00', '--job-id', '668', '--raw', '--subdir', 'DAGS_FOLDER/etl_***.py', '--cfg-path', '/tmp/tmpojet5jdg']
[2025-12-17T04:48:15.306+0000] {standard_task_runner.py:88} INFO - Job 668: Subtask transform
[2025-12-17T04:48:15.463+0000] {task_command.py:423} INFO - Running <TaskInstance: etl_airflow.transform scheduled__2024-06-18T00:00:00+00:00 [running]> on host b3426f05ac70
[2025-12-17T04:48:15.827+0000] {taskinstance.py:2480} INFO - Exporting env vars: AIRFLOW_CTX_DAG_OWNER='***' AIRFLOW_CTX_DAG_ID='etl_***' AIRFLOW_CTX_TASK_ID='transform' AIRFLOW_CTX_EXECUTION_DATE='2024-06-18T00:00:00+00:00' AIRFLOW_CTX_TRY_NUMBER='1' AIRFLOW_CTX_DAG_RUN_ID='scheduled__2024-06-18T00:00:00+00:00'
[2025-12-17T04:48:15.829+0000] {taskinstance.py:2698} ERROR - Task failed with exception
Traceback (most recent call last):
  File "/home/airflow/.local/lib/python3.8/site-packages/airflow/models/taskinstance.py", line 433, in _execute_task
    result = execute_callable(context=context, **execute_callable_kwargs)
  File "/home/airflow/.local/lib/python3.8/site-packages/airflow/operators/python.py", line 199, in execute
    return_value = self.execute_callable()
  File "/home/airflow/.local/lib/python3.8/site-packages/airflow/operators/python.py", line 216, in execute_callable
    return self.python_callable(*self.op_args, **self.op_kwargs)
TypeError: transform_data() missing 1 required positional argument: 'df'
[2025-12-17T04:48:15.842+0000] {taskinstance.py:1138} INFO - Marking task as UP_FOR_RETRY. dag_id=etl_***, task_id=transform, execution_date=20240618T000000, start_date=20251217T044815, end_date=20251217T044815
[2025-12-17T04:48:15.989+0000] {standard_task_runner.py:107} ERROR - Failed to execute job 668 for task transform (transform_data() missing 1 required positional argument: 'df'; 2415)
[2025-12-17T04:48:16.042+0000] {local_task_job_runner.py:234} INFO - Task exited with return code 1
[2025-12-17T04:48:16.082+0000] {taskinstance.py:3280} INFO - 0 downstream tasks scheduled from follow-on schedule check
[2025-12-17T07:41:49.431+0000] {taskinstance.py:1956} INFO - Dependencies all met for dep_context=non-requeueable deps ti=<TaskInstance: etl_airflow.transform scheduled__2024-06-18T00:00:00+00:00 [queued]>
[2025-12-17T07:41:49.455+0000] {taskinstance.py:1956} INFO - Dependencies all met for dep_context=requeueable deps ti=<TaskInstance: etl_airflow.transform scheduled__2024-06-18T00:00:00+00:00 [queued]>
[2025-12-17T07:41:49.457+0000] {taskinstance.py:2170} INFO - Starting attempt 1 of 3
[2025-12-17T07:41:49.488+0000] {taskinstance.py:2191} INFO - Executing <Task(PythonOperator): transform> on 2024-06-18 00:00:00+00:00
[2025-12-17T07:41:49.503+0000] {standard_task_runner.py:60} INFO - Started process 2484 to run task
[2025-12-17T07:41:49.510+0000] {standard_task_runner.py:87} INFO - Running: ['***', 'tasks', 'run', 'etl_***', 'transform', 'scheduled__2024-06-18T00:00:00+00:00', '--job-id', '669', '--raw', '--subdir', 'DAGS_FOLDER/etl_***.py', '--cfg-path', '/tmp/tmpcdwu5hss']
[2025-12-17T07:41:49.515+0000] {standard_task_runner.py:88} INFO - Job 669: Subtask transform
[2025-12-17T07:41:49.654+0000] {task_command.py:423} INFO - Running <TaskInstance: etl_airflow.transform scheduled__2024-06-18T00:00:00+00:00 [running]> on host 2a0de06c8905
[2025-12-17T07:41:50.128+0000] {taskinstance.py:2480} INFO - Exporting env vars: AIRFLOW_CTX_DAG_OWNER='***' AIRFLOW_CTX_DAG_ID='etl_***' AIRFLOW_CTX_TASK_ID='transform' AIRFLOW_CTX_EXECUTION_DATE='2024-06-18T00:00:00+00:00' AIRFLOW_CTX_TRY_NUMBER='1' AIRFLOW_CTX_DAG_RUN_ID='scheduled__2024-06-18T00:00:00+00:00'
[2025-12-17T07:41:50.134+0000] {taskinstance.py:2698} ERROR - Task failed with exception
Traceback (most recent call last):
  File "/home/airflow/.local/lib/python3.8/site-packages/airflow/models/taskinstance.py", line 433, in _execute_task
    result = execute_callable(context=context, **execute_callable_kwargs)
  File "/home/airflow/.local/lib/python3.8/site-packages/airflow/operators/python.py", line 199, in execute
    return_value = self.execute_callable()
  File "/home/airflow/.local/lib/python3.8/site-packages/airflow/operators/python.py", line 216, in execute_callable
    return self.python_callable(*self.op_args, **self.op_kwargs)
TypeError: transform_data() missing 1 required positional argument: 'df'
[2025-12-17T07:41:50.153+0000] {taskinstance.py:1138} INFO - Marking task as UP_FOR_RETRY. dag_id=etl_***, task_id=transform, execution_date=20240618T000000, start_date=20251217T074149, end_date=20251217T074150
[2025-12-17T07:41:50.209+0000] {standard_task_runner.py:107} ERROR - Failed to execute job 669 for task transform (transform_data() missing 1 required positional argument: 'df'; 2484)
[2025-12-17T07:41:50.248+0000] {local_task_job_runner.py:234} INFO - Task exited with return code 1
[2025-12-17T07:41:50.294+0000] {taskinstance.py:3280} INFO - 0 downstream tasks scheduled from follow-on schedule check
