[2025-12-17T02:00:23.665+0000] {taskinstance.py:1956} INFO - Dependencies all met for dep_context=non-requeueable deps ti=<TaskInstance: etl_airflow.transform scheduled__2025-08-30T00:00:00+00:00 [queued]>
[2025-12-17T02:00:23.699+0000] {taskinstance.py:1956} INFO - Dependencies all met for dep_context=requeueable deps ti=<TaskInstance: etl_airflow.transform scheduled__2025-08-30T00:00:00+00:00 [queued]>
[2025-12-17T02:00:23.701+0000] {taskinstance.py:2170} INFO - Starting attempt 1 of 3
[2025-12-17T02:00:23.731+0000] {taskinstance.py:2191} INFO - Executing <Task(PythonOperator): transform> on 2025-08-30 00:00:00+00:00
[2025-12-17T02:00:23.744+0000] {standard_task_runner.py:60} INFO - Started process 6114 to run task
[2025-12-17T02:00:23.754+0000] {standard_task_runner.py:87} INFO - Running: ['***', 'tasks', 'run', 'etl_***', 'transform', 'scheduled__2025-08-30T00:00:00+00:00', '--job-id', '1862', '--raw', '--subdir', 'DAGS_FOLDER/etl_dag.py', '--cfg-path', '/tmp/tmp5xdqub_3']
[2025-12-17T02:00:23.766+0000] {standard_task_runner.py:88} INFO - Job 1862: Subtask transform
[2025-12-17T02:00:23.926+0000] {task_command.py:423} INFO - Running <TaskInstance: etl_airflow.transform scheduled__2025-08-30T00:00:00+00:00 [running]> on host 571e042550da
[2025-12-17T02:00:24.437+0000] {taskinstance.py:2480} INFO - Exporting env vars: AIRFLOW_CTX_DAG_OWNER='***' AIRFLOW_CTX_DAG_ID='etl_***' AIRFLOW_CTX_TASK_ID='transform' AIRFLOW_CTX_EXECUTION_DATE='2025-08-30T00:00:00+00:00' AIRFLOW_CTX_TRY_NUMBER='1' AIRFLOW_CTX_DAG_RUN_ID='scheduled__2025-08-30T00:00:00+00:00'
[2025-12-17T02:00:24.443+0000] {logging_mixin.py:188} INFO - [TRANSFORM]
[2025-12-17T02:00:24.508+0000] {logging_mixin.py:188} INFO - [TRANSFORM] done
[2025-12-17T02:00:24.509+0000] {python.py:201} INFO - Done. Returned value was: None
[2025-12-17T02:00:24.551+0000] {taskinstance.py:1138} INFO - Marking task as SUCCESS. dag_id=etl_***, task_id=transform, execution_date=20250830T000000, start_date=20251217T020023, end_date=20251217T020024
[2025-12-17T02:00:24.638+0000] {local_task_job_runner.py:234} INFO - Task exited with return code 0
[2025-12-17T02:00:24.965+0000] {taskinstance.py:3280} INFO - 0 downstream tasks scheduled from follow-on schedule check
[2025-12-17T05:03:49.058+0000] {taskinstance.py:1956} INFO - Dependencies all met for dep_context=non-requeueable deps ti=<TaskInstance: etl_airflow.transform scheduled__2025-08-30T00:00:00+00:00 [queued]>
[2025-12-17T05:03:49.099+0000] {taskinstance.py:1956} INFO - Dependencies all met for dep_context=requeueable deps ti=<TaskInstance: etl_airflow.transform scheduled__2025-08-30T00:00:00+00:00 [queued]>
[2025-12-17T05:03:49.107+0000] {taskinstance.py:2170} INFO - Starting attempt 1 of 3
[2025-12-17T05:03:49.161+0000] {taskinstance.py:2191} INFO - Executing <Task(PythonOperator): transform> on 2025-08-30 00:00:00+00:00
[2025-12-17T05:03:49.178+0000] {standard_task_runner.py:60} INFO - Started process 8127 to run task
[2025-12-17T05:03:49.189+0000] {standard_task_runner.py:87} INFO - Running: ['***', 'tasks', 'run', 'etl_***', 'transform', 'scheduled__2025-08-30T00:00:00+00:00', '--job-id', '2401', '--raw', '--subdir', 'DAGS_FOLDER/etl_***.py', '--cfg-path', '/tmp/tmpiqi4vfod']
[2025-12-17T05:03:49.199+0000] {standard_task_runner.py:88} INFO - Job 2401: Subtask transform
[2025-12-17T05:03:49.341+0000] {task_command.py:423} INFO - Running <TaskInstance: etl_airflow.transform scheduled__2025-08-30T00:00:00+00:00 [running]> on host b3426f05ac70
[2025-12-17T05:03:49.723+0000] {taskinstance.py:2480} INFO - Exporting env vars: AIRFLOW_CTX_DAG_OWNER='***' AIRFLOW_CTX_DAG_ID='etl_***' AIRFLOW_CTX_TASK_ID='transform' AIRFLOW_CTX_EXECUTION_DATE='2025-08-30T00:00:00+00:00' AIRFLOW_CTX_TRY_NUMBER='1' AIRFLOW_CTX_DAG_RUN_ID='scheduled__2025-08-30T00:00:00+00:00'
[2025-12-17T05:03:49.725+0000] {taskinstance.py:2698} ERROR - Task failed with exception
Traceback (most recent call last):
  File "/home/airflow/.local/lib/python3.8/site-packages/airflow/models/taskinstance.py", line 433, in _execute_task
    result = execute_callable(context=context, **execute_callable_kwargs)
  File "/home/airflow/.local/lib/python3.8/site-packages/airflow/operators/python.py", line 199, in execute
    return_value = self.execute_callable()
  File "/home/airflow/.local/lib/python3.8/site-packages/airflow/operators/python.py", line 216, in execute_callable
    return self.python_callable(*self.op_args, **self.op_kwargs)
TypeError: transform_data() missing 1 required positional argument: 'df'
[2025-12-17T05:03:49.736+0000] {taskinstance.py:1138} INFO - Marking task as UP_FOR_RETRY. dag_id=etl_***, task_id=transform, execution_date=20250830T000000, start_date=20251217T050349, end_date=20251217T050349
[2025-12-17T05:03:49.752+0000] {standard_task_runner.py:107} ERROR - Failed to execute job 2401 for task transform (transform_data() missing 1 required positional argument: 'df'; 8127)
[2025-12-17T05:03:49.813+0000] {local_task_job_runner.py:234} INFO - Task exited with return code 1
[2025-12-17T05:03:49.866+0000] {taskinstance.py:3280} INFO - 0 downstream tasks scheduled from follow-on schedule check
