[2025-12-17T04:52:42.701+0000] {taskinstance.py:1956} INFO - Dependencies all met for dep_context=non-requeueable deps ti=<TaskInstance: etl_airflow.transform scheduled__2024-10-09T00:00:00+00:00 [queued]>
[2025-12-17T04:52:42.714+0000] {taskinstance.py:1956} INFO - Dependencies all met for dep_context=requeueable deps ti=<TaskInstance: etl_airflow.transform scheduled__2024-10-09T00:00:00+00:00 [queued]>
[2025-12-17T04:52:42.715+0000] {taskinstance.py:2170} INFO - Starting attempt 3 of 3
[2025-12-17T04:52:42.740+0000] {taskinstance.py:2191} INFO - Executing <Task(PythonOperator): transform> on 2024-10-09 00:00:00+00:00
[2025-12-17T04:52:42.747+0000] {standard_task_runner.py:60} INFO - Started process 4018 to run task
[2025-12-17T04:52:42.752+0000] {standard_task_runner.py:87} INFO - Running: ['***', 'tasks', 'run', 'etl_***', 'transform', 'scheduled__2024-10-09T00:00:00+00:00', '--job-id', '1149', '--raw', '--subdir', 'DAGS_FOLDER/etl_***.py', '--cfg-path', '/tmp/tmp25rflder']
[2025-12-17T04:52:42.756+0000] {standard_task_runner.py:88} INFO - Job 1149: Subtask transform
[2025-12-17T04:52:42.860+0000] {task_command.py:423} INFO - Running <TaskInstance: etl_airflow.transform scheduled__2024-10-09T00:00:00+00:00 [running]> on host b3426f05ac70
[2025-12-17T04:52:43.276+0000] {taskinstance.py:2480} INFO - Exporting env vars: AIRFLOW_CTX_DAG_OWNER='***' AIRFLOW_CTX_DAG_ID='etl_***' AIRFLOW_CTX_TASK_ID='transform' AIRFLOW_CTX_EXECUTION_DATE='2024-10-09T00:00:00+00:00' AIRFLOW_CTX_TRY_NUMBER='3' AIRFLOW_CTX_DAG_RUN_ID='scheduled__2024-10-09T00:00:00+00:00'
[2025-12-17T04:52:43.280+0000] {taskinstance.py:2698} ERROR - Task failed with exception
Traceback (most recent call last):
  File "/home/airflow/.local/lib/python3.8/site-packages/airflow/models/taskinstance.py", line 433, in _execute_task
    result = execute_callable(context=context, **execute_callable_kwargs)
  File "/home/airflow/.local/lib/python3.8/site-packages/airflow/operators/python.py", line 199, in execute
    return_value = self.execute_callable()
  File "/home/airflow/.local/lib/python3.8/site-packages/airflow/operators/python.py", line 216, in execute_callable
    return self.python_callable(*self.op_args, **self.op_kwargs)
TypeError: transform_data() missing 1 required positional argument: 'df'
[2025-12-17T04:52:43.292+0000] {taskinstance.py:1138} INFO - Marking task as FAILED. dag_id=etl_***, task_id=transform, execution_date=20241009T000000, start_date=20251217T045242, end_date=20251217T045243
[2025-12-17T04:52:43.307+0000] {standard_task_runner.py:107} ERROR - Failed to execute job 1149 for task transform (transform_data() missing 1 required positional argument: 'df'; 4018)
[2025-12-17T04:52:43.329+0000] {local_task_job_runner.py:234} INFO - Task exited with return code 1
[2025-12-17T04:52:43.357+0000] {taskinstance.py:3280} INFO - 0 downstream tasks scheduled from follow-on schedule check
[2025-12-17T07:57:46.366+0000] {taskinstance.py:1956} INFO - Dependencies all met for dep_context=non-requeueable deps ti=<TaskInstance: etl_airflow.transform scheduled__2024-10-09T00:00:00+00:00 [queued]>
[2025-12-17T07:57:46.391+0000] {taskinstance.py:1956} INFO - Dependencies all met for dep_context=requeueable deps ti=<TaskInstance: etl_airflow.transform scheduled__2024-10-09T00:00:00+00:00 [queued]>
[2025-12-17T07:57:46.393+0000] {taskinstance.py:2170} INFO - Starting attempt 3 of 3
[2025-12-17T07:57:46.441+0000] {taskinstance.py:2191} INFO - Executing <Task(PythonOperator): transform> on 2024-10-09 00:00:00+00:00
[2025-12-17T07:57:46.457+0000] {standard_task_runner.py:60} INFO - Started process 4093 to run task
[2025-12-17T07:57:46.465+0000] {standard_task_runner.py:87} INFO - Running: ['***', 'tasks', 'run', 'etl_***', 'transform', 'scheduled__2024-10-09T00:00:00+00:00', '--job-id', '1148', '--raw', '--subdir', 'DAGS_FOLDER/etl_***.py', '--cfg-path', '/tmp/tmp2rmzp9hl']
[2025-12-17T07:57:46.470+0000] {standard_task_runner.py:88} INFO - Job 1148: Subtask transform
[2025-12-17T07:57:46.624+0000] {task_command.py:423} INFO - Running <TaskInstance: etl_airflow.transform scheduled__2024-10-09T00:00:00+00:00 [running]> on host 2a0de06c8905
[2025-12-17T07:57:47.058+0000] {taskinstance.py:2480} INFO - Exporting env vars: AIRFLOW_CTX_DAG_OWNER='***' AIRFLOW_CTX_DAG_ID='etl_***' AIRFLOW_CTX_TASK_ID='transform' AIRFLOW_CTX_EXECUTION_DATE='2024-10-09T00:00:00+00:00' AIRFLOW_CTX_TRY_NUMBER='3' AIRFLOW_CTX_DAG_RUN_ID='scheduled__2024-10-09T00:00:00+00:00'
[2025-12-17T07:57:47.061+0000] {taskinstance.py:2698} ERROR - Task failed with exception
Traceback (most recent call last):
  File "/home/airflow/.local/lib/python3.8/site-packages/airflow/models/taskinstance.py", line 433, in _execute_task
    result = execute_callable(context=context, **execute_callable_kwargs)
  File "/home/airflow/.local/lib/python3.8/site-packages/airflow/operators/python.py", line 199, in execute
    return_value = self.execute_callable()
  File "/home/airflow/.local/lib/python3.8/site-packages/airflow/operators/python.py", line 216, in execute_callable
    return self.python_callable(*self.op_args, **self.op_kwargs)
TypeError: transform_data() missing 1 required positional argument: 'df'
[2025-12-17T07:57:47.084+0000] {taskinstance.py:1138} INFO - Marking task as FAILED. dag_id=etl_***, task_id=transform, execution_date=20241009T000000, start_date=20251217T075746, end_date=20251217T075747
[2025-12-17T07:57:47.112+0000] {standard_task_runner.py:107} ERROR - Failed to execute job 1148 for task transform (transform_data() missing 1 required positional argument: 'df'; 4093)
[2025-12-17T07:57:47.164+0000] {local_task_job_runner.py:234} INFO - Task exited with return code 1
[2025-12-17T07:57:47.212+0000] {taskinstance.py:3280} INFO - 0 downstream tasks scheduled from follow-on schedule check
