[2025-12-16T17:09:56.861+0000] {taskinstance.py:1956} INFO - Dependencies all met for dep_context=non-requeueable deps ti=<TaskInstance: etl_airflow.load scheduled__2024-01-12T00:00:00+00:00 [queued]>
[2025-12-16T17:09:56.903+0000] {taskinstance.py:1956} INFO - Dependencies all met for dep_context=requeueable deps ti=<TaskInstance: etl_airflow.load scheduled__2024-01-12T00:00:00+00:00 [queued]>
[2025-12-16T17:09:56.908+0000] {taskinstance.py:2170} INFO - Starting attempt 1 of 3
[2025-12-16T17:09:56.991+0000] {taskinstance.py:2191} INFO - Executing <Task(PythonOperator): load> on 2024-01-12 00:00:00+00:00
[2025-12-16T17:09:57.021+0000] {standard_task_runner.py:87} INFO - Running: ['***', 'tasks', 'run', 'etl_***', 'load', 'scheduled__2024-01-12T00:00:00+00:00', '--job-id', '3658', '--raw', '--subdir', 'DAGS_FOLDER/etl_dag.py', '--cfg-path', '/tmp/tmphw72_ct9']
[2025-12-16T17:09:57.031+0000] {standard_task_runner.py:88} INFO - Job 3658: Subtask load
[2025-12-16T17:09:57.009+0000] {standard_task_runner.py:60} INFO - Started process 492 to run task
[2025-12-16T17:09:57.308+0000] {task_command.py:423} INFO - Running <TaskInstance: etl_airflow.load scheduled__2024-01-12T00:00:00+00:00 [running]> on host 3b89cfee50e9
[2025-12-16T17:09:57.799+0000] {taskinstance.py:2480} INFO - Exporting env vars: AIRFLOW_CTX_DAG_OWNER='***' AIRFLOW_CTX_DAG_ID='etl_***' AIRFLOW_CTX_TASK_ID='load' AIRFLOW_CTX_EXECUTION_DATE='2024-01-12T00:00:00+00:00' AIRFLOW_CTX_TRY_NUMBER='1' AIRFLOW_CTX_DAG_RUN_ID='scheduled__2024-01-12T00:00:00+00:00'
[2025-12-16T17:09:57.808+0000] {logging_mixin.py:188} INFO - [LOAD]
[2025-12-16T17:09:57.955+0000] {logging_mixin.py:188} INFO -    user_id event_type            timestamp country
0        1      login  2025-01-01T09:00:00      IN
1        1      click  2025-01-01T09:05:00      IN
2        1     logout  2025-01-01T09:15:00      IN
3        3      login  2025-01-02T08:00:00      FR
4        3      click  2025-01-02T08:05:00      FR
[2025-12-16T17:09:57.957+0000] {logging_mixin.py:188} INFO - [LOAD] done
[2025-12-16T17:09:57.968+0000] {python.py:201} INFO - Done. Returned value was: None
[2025-12-16T17:09:58.399+0000] {taskinstance.py:1138} INFO - Marking task as SUCCESS. dag_id=etl_***, task_id=load, execution_date=20240112T000000, start_date=20251216T170956, end_date=20251216T170958
[2025-12-16T17:09:58.469+0000] {local_task_job_runner.py:234} INFO - Task exited with return code 0
[2025-12-16T17:09:58.688+0000] {taskinstance.py:3280} INFO - 0 downstream tasks scheduled from follow-on schedule check
[2025-12-17T01:50:12.328+0000] {taskinstance.py:1956} INFO - Dependencies all met for dep_context=non-requeueable deps ti=<TaskInstance: etl_airflow.load scheduled__2024-01-12T00:00:00+00:00 [queued]>
[2025-12-17T01:50:12.350+0000] {taskinstance.py:1956} INFO - Dependencies all met for dep_context=requeueable deps ti=<TaskInstance: etl_airflow.load scheduled__2024-01-12T00:00:00+00:00 [queued]>
[2025-12-17T01:50:12.351+0000] {taskinstance.py:2170} INFO - Starting attempt 1 of 3
[2025-12-17T01:50:12.375+0000] {taskinstance.py:2191} INFO - Executing <Task(PythonOperator): load> on 2024-01-12 00:00:00+00:00
[2025-12-17T01:50:12.384+0000] {standard_task_runner.py:60} INFO - Started process 332 to run task
[2025-12-17T01:50:12.394+0000] {standard_task_runner.py:87} INFO - Running: ['***', 'tasks', 'run', 'etl_***', 'load', 'scheduled__2024-01-12T00:00:00+00:00', '--job-id', '43', '--raw', '--subdir', 'DAGS_FOLDER/etl_dag.py', '--cfg-path', '/tmp/tmpcog_7h3o']
[2025-12-17T01:50:12.399+0000] {standard_task_runner.py:88} INFO - Job 43: Subtask load
[2025-12-17T01:50:12.595+0000] {task_command.py:423} INFO - Running <TaskInstance: etl_airflow.load scheduled__2024-01-12T00:00:00+00:00 [running]> on host 571e042550da
[2025-12-17T01:50:13.246+0000] {taskinstance.py:2480} INFO - Exporting env vars: AIRFLOW_CTX_DAG_OWNER='***' AIRFLOW_CTX_DAG_ID='etl_***' AIRFLOW_CTX_TASK_ID='load' AIRFLOW_CTX_EXECUTION_DATE='2024-01-12T00:00:00+00:00' AIRFLOW_CTX_TRY_NUMBER='1' AIRFLOW_CTX_DAG_RUN_ID='scheduled__2024-01-12T00:00:00+00:00'
[2025-12-17T01:50:13.251+0000] {logging_mixin.py:188} INFO - [LOAD]
[2025-12-17T01:50:13.328+0000] {logging_mixin.py:188} INFO -    user_id event_type            timestamp country
0        1      login  2025-01-01T09:00:00      IN
1        1      click  2025-01-01T09:05:00      IN
2        1     logout  2025-01-01T09:15:00      IN
3        3      login  2025-01-02T08:00:00      FR
4        3      click  2025-01-02T08:05:00      FR
[2025-12-17T01:50:13.331+0000] {logging_mixin.py:188} INFO - [LOAD] done
[2025-12-17T01:50:13.337+0000] {python.py:201} INFO - Done. Returned value was: None
[2025-12-17T01:50:13.380+0000] {taskinstance.py:1138} INFO - Marking task as SUCCESS. dag_id=etl_***, task_id=load, execution_date=20240112T000000, start_date=20251217T015012, end_date=20251217T015013
[2025-12-17T01:50:13.458+0000] {local_task_job_runner.py:234} INFO - Task exited with return code 0
[2025-12-17T01:50:13.543+0000] {taskinstance.py:3280} INFO - 0 downstream tasks scheduled from follow-on schedule check
