[2025-12-16T16:30:40.124+0000] {taskinstance.py:1956} INFO - Dependencies all met for dep_context=non-requeueable deps ti=<TaskInstance: etl_airflow.extract scheduled__2024-02-19T00:00:00+00:00 [queued]>
[2025-12-16T16:30:40.145+0000] {taskinstance.py:1956} INFO - Dependencies all met for dep_context=requeueable deps ti=<TaskInstance: etl_airflow.extract scheduled__2024-02-19T00:00:00+00:00 [queued]>
[2025-12-16T16:30:40.146+0000] {taskinstance.py:2170} INFO - Starting attempt 1 of 3
[2025-12-16T16:30:40.212+0000] {taskinstance.py:2191} INFO - Executing <Task(PythonOperator): extract> on 2024-02-19 00:00:00+00:00
[2025-12-16T16:30:40.226+0000] {standard_task_runner.py:60} INFO - Started process 902 to run task
[2025-12-16T16:30:40.233+0000] {standard_task_runner.py:87} INFO - Running: ['***', 'tasks', 'run', 'etl_***', 'extract', 'scheduled__2024-02-19T00:00:00+00:00', '--job-id', '148', '--raw', '--subdir', 'DAGS_FOLDER/etl_dag.py', '--cfg-path', '/tmp/tmp32u6_1q1']
[2025-12-16T16:30:40.239+0000] {standard_task_runner.py:88} INFO - Job 148: Subtask extract
[2025-12-16T16:30:40.379+0000] {task_command.py:423} INFO - Running <TaskInstance: etl_airflow.extract scheduled__2024-02-19T00:00:00+00:00 [running]> on host 528de643acfe
[2025-12-16T16:30:40.815+0000] {taskinstance.py:2480} INFO - Exporting env vars: AIRFLOW_CTX_DAG_OWNER='***' AIRFLOW_CTX_DAG_ID='etl_***' AIRFLOW_CTX_TASK_ID='extract' AIRFLOW_CTX_EXECUTION_DATE='2024-02-19T00:00:00+00:00' AIRFLOW_CTX_TRY_NUMBER='1' AIRFLOW_CTX_DAG_RUN_ID='scheduled__2024-02-19T00:00:00+00:00'
[2025-12-16T16:30:40.818+0000] {logging_mixin.py:188} INFO - Extracting data from /opt/***/data/input.csv
[2025-12-16T16:30:40.827+0000] {taskinstance.py:2698} ERROR - Task failed with exception
Traceback (most recent call last):
  File "/home/airflow/.local/lib/python3.8/site-packages/airflow/models/taskinstance.py", line 433, in _execute_task
    result = execute_callable(context=context, **execute_callable_kwargs)
  File "/home/airflow/.local/lib/python3.8/site-packages/airflow/operators/python.py", line 199, in execute
    return_value = self.execute_callable()
  File "/home/airflow/.local/lib/python3.8/site-packages/airflow/operators/python.py", line 216, in execute_callable
    return self.python_callable(*self.op_args, **self.op_kwargs)
  File "/opt/airflow/dags/etl_logic/pipeline.py", line 92, in extract_data
    return pd.read_csv(input_path)
  File "/home/airflow/.local/lib/python3.8/site-packages/pandas/io/parsers/readers.py", line 912, in read_csv
    return _read(filepath_or_buffer, kwds)
  File "/home/airflow/.local/lib/python3.8/site-packages/pandas/io/parsers/readers.py", line 577, in _read
    parser = TextFileReader(filepath_or_buffer, **kwds)
  File "/home/airflow/.local/lib/python3.8/site-packages/pandas/io/parsers/readers.py", line 1407, in __init__
    self._engine = self._make_engine(f, self.engine)
  File "/home/airflow/.local/lib/python3.8/site-packages/pandas/io/parsers/readers.py", line 1661, in _make_engine
    self.handles = get_handle(
  File "/home/airflow/.local/lib/python3.8/site-packages/pandas/io/common.py", line 859, in get_handle
    handle = open(
FileNotFoundError: [Errno 2] No such file or directory: '/opt/airflow/data/input.csv'
[2025-12-16T16:30:40.870+0000] {taskinstance.py:1138} INFO - Marking task as UP_FOR_RETRY. dag_id=etl_***, task_id=extract, execution_date=20240219T000000, start_date=20251216T163040, end_date=20251216T163040
[2025-12-16T16:30:41.036+0000] {standard_task_runner.py:107} ERROR - Failed to execute job 148 for task extract ([Errno 2] No such file or directory: '/opt/airflow/data/input.csv'; 902)
[2025-12-16T16:30:41.100+0000] {local_task_job_runner.py:234} INFO - Task exited with return code 1
[2025-12-16T16:30:41.159+0000] {taskinstance.py:3280} INFO - 0 downstream tasks scheduled from follow-on schedule check
[2025-12-17T01:50:47.463+0000] {taskinstance.py:1956} INFO - Dependencies all met for dep_context=non-requeueable deps ti=<TaskInstance: etl_airflow.extract scheduled__2024-02-19T00:00:00+00:00 [queued]>
[2025-12-17T01:50:47.493+0000] {taskinstance.py:1956} INFO - Dependencies all met for dep_context=requeueable deps ti=<TaskInstance: etl_airflow.extract scheduled__2024-02-19T00:00:00+00:00 [queued]>
[2025-12-17T01:50:47.494+0000] {taskinstance.py:2170} INFO - Starting attempt 1 of 3
[2025-12-17T01:50:47.646+0000] {taskinstance.py:2191} INFO - Executing <Task(PythonOperator): extract> on 2024-02-19 00:00:00+00:00
[2025-12-17T01:50:47.656+0000] {standard_task_runner.py:60} INFO - Started process 636 to run task
[2025-12-17T01:50:47.667+0000] {standard_task_runner.py:87} INFO - Running: ['***', 'tasks', 'run', 'etl_***', 'extract', 'scheduled__2024-02-19T00:00:00+00:00', '--job-id', '135', '--raw', '--subdir', 'DAGS_FOLDER/etl_dag.py', '--cfg-path', '/tmp/tmp5p8g7prf']
[2025-12-17T01:50:47.678+0000] {standard_task_runner.py:88} INFO - Job 135: Subtask extract
[2025-12-17T01:50:47.847+0000] {task_command.py:423} INFO - Running <TaskInstance: etl_airflow.extract scheduled__2024-02-19T00:00:00+00:00 [running]> on host 571e042550da
[2025-12-17T01:50:48.343+0000] {taskinstance.py:2480} INFO - Exporting env vars: AIRFLOW_CTX_DAG_OWNER='***' AIRFLOW_CTX_DAG_ID='etl_***' AIRFLOW_CTX_TASK_ID='extract' AIRFLOW_CTX_EXECUTION_DATE='2024-02-19T00:00:00+00:00' AIRFLOW_CTX_TRY_NUMBER='1' AIRFLOW_CTX_DAG_RUN_ID='scheduled__2024-02-19T00:00:00+00:00'
[2025-12-17T01:50:48.347+0000] {logging_mixin.py:188} INFO - [EXTRACT] Reading /opt/***/data/synthetic_events.csv
[2025-12-17T01:50:48.400+0000] {logging_mixin.py:188} INFO - [EXTRACT] done
[2025-12-17T01:50:48.401+0000] {python.py:201} INFO - Done. Returned value was: None
[2025-12-17T01:50:48.422+0000] {taskinstance.py:1138} INFO - Marking task as SUCCESS. dag_id=etl_***, task_id=extract, execution_date=20240219T000000, start_date=20251217T015047, end_date=20251217T015048
[2025-12-17T01:50:48.538+0000] {local_task_job_runner.py:234} INFO - Task exited with return code 0
[2025-12-17T01:50:48.616+0000] {taskinstance.py:3280} INFO - 1 downstream tasks scheduled from follow-on schedule check
[2025-12-17T04:18:55.248+0000] {taskinstance.py:1956} INFO - Dependencies all met for dep_context=non-requeueable deps ti=<TaskInstance: etl_airflow.extract scheduled__2024-02-19T00:00:00+00:00 [queued]>
[2025-12-17T04:18:55.267+0000] {taskinstance.py:1956} INFO - Dependencies all met for dep_context=requeueable deps ti=<TaskInstance: etl_airflow.extract scheduled__2024-02-19T00:00:00+00:00 [queued]>
[2025-12-17T04:18:55.269+0000] {taskinstance.py:2170} INFO - Starting attempt 1 of 3
[2025-12-17T04:18:55.344+0000] {taskinstance.py:2191} INFO - Executing <Task(PythonOperator): extract> on 2024-02-19 00:00:00+00:00
[2025-12-17T04:18:55.355+0000] {standard_task_runner.py:60} INFO - Started process 430 to run task
[2025-12-17T04:18:55.361+0000] {standard_task_runner.py:87} INFO - Running: ['***', 'tasks', 'run', 'etl_***', 'extract', 'scheduled__2024-02-19T00:00:00+00:00', '--job-id', '67', '--raw', '--subdir', 'DAGS_FOLDER/etl_***.py', '--cfg-path', '/tmp/tmp2799cnr9']
[2025-12-17T04:18:55.366+0000] {standard_task_runner.py:88} INFO - Job 67: Subtask extract
[2025-12-17T04:18:55.507+0000] {task_command.py:423} INFO - Running <TaskInstance: etl_airflow.extract scheduled__2024-02-19T00:00:00+00:00 [running]> on host c5811fe183ca
[2025-12-17T04:18:55.899+0000] {taskinstance.py:2480} INFO - Exporting env vars: AIRFLOW_CTX_DAG_OWNER='***' AIRFLOW_CTX_DAG_ID='etl_***' AIRFLOW_CTX_TASK_ID='extract' AIRFLOW_CTX_EXECUTION_DATE='2024-02-19T00:00:00+00:00' AIRFLOW_CTX_TRY_NUMBER='1' AIRFLOW_CTX_DAG_RUN_ID='scheduled__2024-02-19T00:00:00+00:00'
[2025-12-17T04:18:55.924+0000] {python.py:201} INFO - Done. Returned value was:    user_id event_type           timestamp country
0        1      login 2025-01-01 09:00:00      IN
1        1      click 2025-01-01 09:05:00      IN
2        1     logout 2025-01-01 09:15:00      IN
3        2      login 2025-01-01 10:00:00      US
4        2      click 2025-01-01 10:10:00      US
5        2     logout 2025-01-01 10:20:00      US
6        3      login 2025-01-02 08:00:00      FR
7        3      click 2025-01-02 08:05:00      FR
8        3     logout 2025-01-02 08:30:00      FR
[2025-12-17T04:18:56.009+0000] {taskinstance.py:1138} INFO - Marking task as SUCCESS. dag_id=etl_***, task_id=extract, execution_date=20240219T000000, start_date=20251217T041855, end_date=20251217T041856
[2025-12-17T04:18:56.062+0000] {local_task_job_runner.py:234} INFO - Task exited with return code 0
[2025-12-17T04:18:56.116+0000] {taskinstance.py:3280} INFO - 0 downstream tasks scheduled from follow-on schedule check
[2025-12-17T04:44:04.102+0000] {taskinstance.py:1956} INFO - Dependencies all met for dep_context=non-requeueable deps ti=<TaskInstance: etl_airflow.extract scheduled__2024-02-19T00:00:00+00:00 [queued]>
[2025-12-17T04:44:04.116+0000] {taskinstance.py:1956} INFO - Dependencies all met for dep_context=requeueable deps ti=<TaskInstance: etl_airflow.extract scheduled__2024-02-19T00:00:00+00:00 [queued]>
[2025-12-17T04:44:04.117+0000] {taskinstance.py:2170} INFO - Starting attempt 1 of 3
[2025-12-17T04:44:04.140+0000] {taskinstance.py:2191} INFO - Executing <Task(PythonOperator): extract> on 2024-02-19 00:00:00+00:00
[2025-12-17T04:44:04.149+0000] {standard_task_runner.py:60} INFO - Started process 866 to run task
[2025-12-17T04:44:04.158+0000] {standard_task_runner.py:87} INFO - Running: ['***', 'tasks', 'run', 'etl_***', 'extract', 'scheduled__2024-02-19T00:00:00+00:00', '--job-id', '195', '--raw', '--subdir', 'DAGS_FOLDER/etl_***.py', '--cfg-path', '/tmp/tmpiyil4cay']
[2025-12-17T04:44:04.162+0000] {standard_task_runner.py:88} INFO - Job 195: Subtask extract
[2025-12-17T04:44:04.276+0000] {task_command.py:423} INFO - Running <TaskInstance: etl_airflow.extract scheduled__2024-02-19T00:00:00+00:00 [running]> on host b3426f05ac70
[2025-12-17T04:44:04.603+0000] {taskinstance.py:2480} INFO - Exporting env vars: AIRFLOW_CTX_DAG_OWNER='***' AIRFLOW_CTX_DAG_ID='etl_***' AIRFLOW_CTX_TASK_ID='extract' AIRFLOW_CTX_EXECUTION_DATE='2024-02-19T00:00:00+00:00' AIRFLOW_CTX_TRY_NUMBER='1' AIRFLOW_CTX_DAG_RUN_ID='scheduled__2024-02-19T00:00:00+00:00'
[2025-12-17T04:44:04.624+0000] {python.py:201} INFO - Done. Returned value was:    user_id event_type           timestamp country
0        1      login 2025-01-01 09:00:00      IN
1        1      click 2025-01-01 09:05:00      IN
2        1     logout 2025-01-01 09:15:00      IN
3        2      login 2025-01-01 10:00:00      US
4        2      click 2025-01-01 10:10:00      US
5        2     logout 2025-01-01 10:20:00      US
6        3      login 2025-01-02 08:00:00      FR
7        3      click 2025-01-02 08:05:00      FR
8        3     logout 2025-01-02 08:30:00      FR
[2025-12-17T04:44:04.686+0000] {taskinstance.py:1138} INFO - Marking task as SUCCESS. dag_id=etl_***, task_id=extract, execution_date=20240219T000000, start_date=20251217T044404, end_date=20251217T044404
[2025-12-17T04:44:04.771+0000] {local_task_job_runner.py:234} INFO - Task exited with return code 0
[2025-12-17T04:44:04.817+0000] {taskinstance.py:3280} INFO - 1 downstream tasks scheduled from follow-on schedule check
[2025-12-17T07:37:18.852+0000] {taskinstance.py:1956} INFO - Dependencies all met for dep_context=non-requeueable deps ti=<TaskInstance: etl_airflow.extract scheduled__2024-02-19T00:00:00+00:00 [queued]>
[2025-12-17T07:37:18.872+0000] {taskinstance.py:1956} INFO - Dependencies all met for dep_context=requeueable deps ti=<TaskInstance: etl_airflow.extract scheduled__2024-02-19T00:00:00+00:00 [queued]>
[2025-12-17T07:37:18.873+0000] {taskinstance.py:2170} INFO - Starting attempt 1 of 3
[2025-12-17T07:37:18.903+0000] {taskinstance.py:2191} INFO - Executing <Task(PythonOperator): extract> on 2024-02-19 00:00:00+00:00
[2025-12-17T07:37:18.919+0000] {standard_task_runner.py:60} INFO - Started process 930 to run task
[2025-12-17T07:37:18.926+0000] {standard_task_runner.py:87} INFO - Running: ['***', 'tasks', 'run', 'etl_***', 'extract', 'scheduled__2024-02-19T00:00:00+00:00', '--job-id', '196', '--raw', '--subdir', 'DAGS_FOLDER/etl_***.py', '--cfg-path', '/tmp/tmpfp_qmh0u']
[2025-12-17T07:37:18.931+0000] {standard_task_runner.py:88} INFO - Job 196: Subtask extract
[2025-12-17T07:37:19.068+0000] {task_command.py:423} INFO - Running <TaskInstance: etl_airflow.extract scheduled__2024-02-19T00:00:00+00:00 [running]> on host 2a0de06c8905
[2025-12-17T07:37:19.515+0000] {taskinstance.py:2480} INFO - Exporting env vars: AIRFLOW_CTX_DAG_OWNER='***' AIRFLOW_CTX_DAG_ID='etl_***' AIRFLOW_CTX_TASK_ID='extract' AIRFLOW_CTX_EXECUTION_DATE='2024-02-19T00:00:00+00:00' AIRFLOW_CTX_TRY_NUMBER='1' AIRFLOW_CTX_DAG_RUN_ID='scheduled__2024-02-19T00:00:00+00:00'
[2025-12-17T07:37:19.552+0000] {python.py:201} INFO - Done. Returned value was:    user_id event_type           timestamp country
0        1      login 2025-01-01 09:00:00      IN
1        1      click 2025-01-01 09:05:00      IN
2        1     logout 2025-01-01 09:15:00      IN
3        2      login 2025-01-01 10:00:00      US
4        2      click 2025-01-01 10:10:00      US
5        2     logout 2025-01-01 10:20:00      US
6        3      login 2025-01-02 08:00:00      FR
7        3      click 2025-01-02 08:05:00      FR
8        3     logout 2025-01-02 08:30:00      FR
[2025-12-17T07:37:19.628+0000] {taskinstance.py:1138} INFO - Marking task as SUCCESS. dag_id=etl_***, task_id=extract, execution_date=20240219T000000, start_date=20251217T073718, end_date=20251217T073719
[2025-12-17T07:37:19.788+0000] {local_task_job_runner.py:234} INFO - Task exited with return code 0
[2025-12-17T07:37:19.857+0000] {taskinstance.py:3280} INFO - 1 downstream tasks scheduled from follow-on schedule check
