[2025-12-16T17:11:14.298+0000] {taskinstance.py:1956} INFO - Dependencies all met for dep_context=non-requeueable deps ti=<TaskInstance: etl_airflow.transform scheduled__2024-04-21T00:00:00+00:00 [queued]>
[2025-12-16T17:11:14.357+0000] {taskinstance.py:1956} INFO - Dependencies all met for dep_context=requeueable deps ti=<TaskInstance: etl_airflow.transform scheduled__2024-04-21T00:00:00+00:00 [queued]>
[2025-12-16T17:11:14.363+0000] {taskinstance.py:2170} INFO - Starting attempt 1 of 3
[2025-12-16T17:11:14.953+0000] {taskinstance.py:2191} INFO - Executing <Task(PythonOperator): transform> on 2024-04-21 00:00:00+00:00
[2025-12-16T17:11:15.021+0000] {standard_task_runner.py:60} INFO - Started process 1353 to run task
[2025-12-16T17:11:15.041+0000] {standard_task_runner.py:87} INFO - Running: ['***', 'tasks', 'run', 'etl_***', 'transform', 'scheduled__2024-04-21T00:00:00+00:00', '--job-id', '3928', '--raw', '--subdir', 'DAGS_FOLDER/etl_dag.py', '--cfg-path', '/tmp/tmp7k_33ysa']
[2025-12-16T17:11:15.069+0000] {standard_task_runner.py:88} INFO - Job 3928: Subtask transform
[2025-12-16T17:11:15.472+0000] {task_command.py:423} INFO - Running <TaskInstance: etl_airflow.transform scheduled__2024-04-21T00:00:00+00:00 [running]> on host 3b89cfee50e9
[2025-12-16T17:11:15.933+0000] {taskinstance.py:2480} INFO - Exporting env vars: AIRFLOW_CTX_DAG_OWNER='***' AIRFLOW_CTX_DAG_ID='etl_***' AIRFLOW_CTX_TASK_ID='transform' AIRFLOW_CTX_EXECUTION_DATE='2024-04-21T00:00:00+00:00' AIRFLOW_CTX_TRY_NUMBER='1' AIRFLOW_CTX_DAG_RUN_ID='scheduled__2024-04-21T00:00:00+00:00'
[2025-12-16T17:11:15.974+0000] {logging_mixin.py:188} INFO - [TRANSFORM]
[2025-12-16T17:11:16.395+0000] {logging_mixin.py:188} INFO - [TRANSFORM] done
[2025-12-16T17:11:16.397+0000] {python.py:201} INFO - Done. Returned value was: None
[2025-12-16T17:11:16.433+0000] {taskinstance.py:1138} INFO - Marking task as SUCCESS. dag_id=etl_***, task_id=transform, execution_date=20240421T000000, start_date=20251216T171114, end_date=20251216T171116
[2025-12-16T17:11:16.557+0000] {local_task_job_runner.py:234} INFO - Task exited with return code 0
[2025-12-16T17:11:16.618+0000] {taskinstance.py:3280} INFO - 1 downstream tasks scheduled from follow-on schedule check
[2025-12-17T01:52:06.461+0000] {taskinstance.py:1956} INFO - Dependencies all met for dep_context=non-requeueable deps ti=<TaskInstance: etl_airflow.transform scheduled__2024-04-21T00:00:00+00:00 [queued]>
[2025-12-17T01:52:06.512+0000] {taskinstance.py:1956} INFO - Dependencies all met for dep_context=requeueable deps ti=<TaskInstance: etl_airflow.transform scheduled__2024-04-21T00:00:00+00:00 [queued]>
[2025-12-17T01:52:06.513+0000] {taskinstance.py:2170} INFO - Starting attempt 1 of 3
[2025-12-17T01:52:06.569+0000] {taskinstance.py:2191} INFO - Executing <Task(PythonOperator): transform> on 2024-04-21 00:00:00+00:00
[2025-12-17T01:52:06.592+0000] {standard_task_runner.py:60} INFO - Started process 1301 to run task
[2025-12-17T01:52:06.602+0000] {standard_task_runner.py:87} INFO - Running: ['***', 'tasks', 'run', 'etl_***', 'transform', 'scheduled__2024-04-21T00:00:00+00:00', '--job-id', '342', '--raw', '--subdir', 'DAGS_FOLDER/etl_dag.py', '--cfg-path', '/tmp/tmpyi8pft0c']
[2025-12-17T01:52:06.613+0000] {standard_task_runner.py:88} INFO - Job 342: Subtask transform
[2025-12-17T01:52:06.867+0000] {task_command.py:423} INFO - Running <TaskInstance: etl_airflow.transform scheduled__2024-04-21T00:00:00+00:00 [running]> on host 571e042550da
[2025-12-17T01:52:07.872+0000] {taskinstance.py:2480} INFO - Exporting env vars: AIRFLOW_CTX_DAG_OWNER='***' AIRFLOW_CTX_DAG_ID='etl_***' AIRFLOW_CTX_TASK_ID='transform' AIRFLOW_CTX_EXECUTION_DATE='2024-04-21T00:00:00+00:00' AIRFLOW_CTX_TRY_NUMBER='1' AIRFLOW_CTX_DAG_RUN_ID='scheduled__2024-04-21T00:00:00+00:00'
[2025-12-17T01:52:07.878+0000] {logging_mixin.py:188} INFO - [TRANSFORM]
[2025-12-17T01:52:07.937+0000] {logging_mixin.py:188} INFO - [TRANSFORM] done
[2025-12-17T01:52:07.940+0000] {python.py:201} INFO - Done. Returned value was: None
[2025-12-17T01:52:07.979+0000] {taskinstance.py:1138} INFO - Marking task as SUCCESS. dag_id=etl_***, task_id=transform, execution_date=20240421T000000, start_date=20251217T015206, end_date=20251217T015207
[2025-12-17T01:52:08.056+0000] {local_task_job_runner.py:234} INFO - Task exited with return code 0
[2025-12-17T01:52:08.134+0000] {taskinstance.py:3280} INFO - 1 downstream tasks scheduled from follow-on schedule check
[2025-12-17T04:46:00.838+0000] {taskinstance.py:1956} INFO - Dependencies all met for dep_context=non-requeueable deps ti=<TaskInstance: etl_airflow.transform scheduled__2024-04-21T00:00:00+00:00 [queued]>
[2025-12-17T04:46:00.857+0000] {taskinstance.py:1956} INFO - Dependencies all met for dep_context=requeueable deps ti=<TaskInstance: etl_airflow.transform scheduled__2024-04-21T00:00:00+00:00 [queued]>
[2025-12-17T04:46:00.859+0000] {taskinstance.py:2170} INFO - Starting attempt 1 of 3
[2025-12-17T04:46:00.874+0000] {taskinstance.py:2191} INFO - Executing <Task(PythonOperator): transform> on 2024-04-21 00:00:00+00:00
[2025-12-17T04:46:00.882+0000] {standard_task_runner.py:60} INFO - Started process 1591 to run task
[2025-12-17T04:46:00.886+0000] {standard_task_runner.py:87} INFO - Running: ['***', 'tasks', 'run', 'etl_***', 'transform', 'scheduled__2024-04-21T00:00:00+00:00', '--job-id', '416', '--raw', '--subdir', 'DAGS_FOLDER/etl_***.py', '--cfg-path', '/tmp/tmp33ign5i4']
[2025-12-17T04:46:00.889+0000] {standard_task_runner.py:88} INFO - Job 416: Subtask transform
[2025-12-17T04:46:01.011+0000] {task_command.py:423} INFO - Running <TaskInstance: etl_airflow.transform scheduled__2024-04-21T00:00:00+00:00 [running]> on host b3426f05ac70
[2025-12-17T04:46:01.501+0000] {taskinstance.py:2480} INFO - Exporting env vars: AIRFLOW_CTX_DAG_OWNER='***' AIRFLOW_CTX_DAG_ID='etl_***' AIRFLOW_CTX_TASK_ID='transform' AIRFLOW_CTX_EXECUTION_DATE='2024-04-21T00:00:00+00:00' AIRFLOW_CTX_TRY_NUMBER='1' AIRFLOW_CTX_DAG_RUN_ID='scheduled__2024-04-21T00:00:00+00:00'
[2025-12-17T04:46:01.505+0000] {taskinstance.py:2698} ERROR - Task failed with exception
Traceback (most recent call last):
  File "/home/airflow/.local/lib/python3.8/site-packages/airflow/models/taskinstance.py", line 433, in _execute_task
    result = execute_callable(context=context, **execute_callable_kwargs)
  File "/home/airflow/.local/lib/python3.8/site-packages/airflow/operators/python.py", line 199, in execute
    return_value = self.execute_callable()
  File "/home/airflow/.local/lib/python3.8/site-packages/airflow/operators/python.py", line 216, in execute_callable
    return self.python_callable(*self.op_args, **self.op_kwargs)
TypeError: transform_data() missing 1 required positional argument: 'df'
[2025-12-17T04:46:01.523+0000] {taskinstance.py:1138} INFO - Marking task as UP_FOR_RETRY. dag_id=etl_***, task_id=transform, execution_date=20240421T000000, start_date=20251217T044600, end_date=20251217T044601
[2025-12-17T04:46:01.537+0000] {standard_task_runner.py:107} ERROR - Failed to execute job 416 for task transform (transform_data() missing 1 required positional argument: 'df'; 1591)
[2025-12-17T04:46:01.584+0000] {local_task_job_runner.py:234} INFO - Task exited with return code 1
[2025-12-17T04:46:01.720+0000] {taskinstance.py:3280} INFO - 0 downstream tasks scheduled from follow-on schedule check
[2025-12-17T07:39:51.551+0000] {taskinstance.py:1956} INFO - Dependencies all met for dep_context=non-requeueable deps ti=<TaskInstance: etl_airflow.transform scheduled__2024-04-21T00:00:00+00:00 [queued]>
[2025-12-17T07:39:51.577+0000] {taskinstance.py:1956} INFO - Dependencies all met for dep_context=requeueable deps ti=<TaskInstance: etl_airflow.transform scheduled__2024-04-21T00:00:00+00:00 [queued]>
[2025-12-17T07:39:51.582+0000] {taskinstance.py:2170} INFO - Starting attempt 1 of 3
[2025-12-17T07:39:51.635+0000] {taskinstance.py:2191} INFO - Executing <Task(PythonOperator): transform> on 2024-04-21 00:00:00+00:00
[2025-12-17T07:39:51.650+0000] {standard_task_runner.py:60} INFO - Started process 1791 to run task
[2025-12-17T07:39:51.657+0000] {standard_task_runner.py:87} INFO - Running: ['***', 'tasks', 'run', 'etl_***', 'transform', 'scheduled__2024-04-21T00:00:00+00:00', '--job-id', '458', '--raw', '--subdir', 'DAGS_FOLDER/etl_***.py', '--cfg-path', '/tmp/tmpf8ysde4h']
[2025-12-17T07:39:51.662+0000] {standard_task_runner.py:88} INFO - Job 458: Subtask transform
[2025-12-17T07:39:51.799+0000] {task_command.py:423} INFO - Running <TaskInstance: etl_airflow.transform scheduled__2024-04-21T00:00:00+00:00 [running]> on host 2a0de06c8905
[2025-12-17T07:39:52.284+0000] {taskinstance.py:2480} INFO - Exporting env vars: AIRFLOW_CTX_DAG_OWNER='***' AIRFLOW_CTX_DAG_ID='etl_***' AIRFLOW_CTX_TASK_ID='transform' AIRFLOW_CTX_EXECUTION_DATE='2024-04-21T00:00:00+00:00' AIRFLOW_CTX_TRY_NUMBER='1' AIRFLOW_CTX_DAG_RUN_ID='scheduled__2024-04-21T00:00:00+00:00'
[2025-12-17T07:39:52.287+0000] {taskinstance.py:2698} ERROR - Task failed with exception
Traceback (most recent call last):
  File "/home/airflow/.local/lib/python3.8/site-packages/airflow/models/taskinstance.py", line 433, in _execute_task
    result = execute_callable(context=context, **execute_callable_kwargs)
  File "/home/airflow/.local/lib/python3.8/site-packages/airflow/operators/python.py", line 199, in execute
    return_value = self.execute_callable()
  File "/home/airflow/.local/lib/python3.8/site-packages/airflow/operators/python.py", line 216, in execute_callable
    return self.python_callable(*self.op_args, **self.op_kwargs)
TypeError: transform_data() missing 1 required positional argument: 'df'
[2025-12-17T07:39:52.305+0000] {taskinstance.py:1138} INFO - Marking task as UP_FOR_RETRY. dag_id=etl_***, task_id=transform, execution_date=20240421T000000, start_date=20251217T073951, end_date=20251217T073952
[2025-12-17T07:39:52.335+0000] {standard_task_runner.py:107} ERROR - Failed to execute job 458 for task transform (transform_data() missing 1 required positional argument: 'df'; 1791)
[2025-12-17T07:39:52.397+0000] {local_task_job_runner.py:234} INFO - Task exited with return code 1
[2025-12-17T07:39:52.443+0000] {taskinstance.py:3280} INFO - 0 downstream tasks scheduled from follow-on schedule check
