[2025-12-17T02:01:57.540+0000] {taskinstance.py:1956} INFO - Dependencies all met for dep_context=non-requeueable deps ti=<TaskInstance: etl_airflow.transform scheduled__2025-12-15T00:00:00+00:00 [queued]>
[2025-12-17T02:01:57.556+0000] {taskinstance.py:1956} INFO - Dependencies all met for dep_context=requeueable deps ti=<TaskInstance: etl_airflow.transform scheduled__2025-12-15T00:00:00+00:00 [queued]>
[2025-12-17T02:01:57.559+0000] {taskinstance.py:2170} INFO - Starting attempt 1 of 3
[2025-12-17T02:01:57.582+0000] {taskinstance.py:2191} INFO - Executing <Task(PythonOperator): transform> on 2025-12-15 00:00:00+00:00
[2025-12-17T02:01:57.591+0000] {standard_task_runner.py:60} INFO - Started process 7091 to run task
[2025-12-17T02:01:57.597+0000] {standard_task_runner.py:87} INFO - Running: ['***', 'tasks', 'run', 'etl_***', 'transform', 'scheduled__2025-12-15T00:00:00+00:00', '--job-id', '2176', '--raw', '--subdir', 'DAGS_FOLDER/etl_dag.py', '--cfg-path', '/tmp/tmpmnsz_sca']
[2025-12-17T02:01:57.601+0000] {standard_task_runner.py:88} INFO - Job 2176: Subtask transform
[2025-12-17T02:01:57.727+0000] {task_command.py:423} INFO - Running <TaskInstance: etl_airflow.transform scheduled__2025-12-15T00:00:00+00:00 [running]> on host 571e042550da
[2025-12-17T02:01:58.214+0000] {taskinstance.py:2480} INFO - Exporting env vars: AIRFLOW_CTX_DAG_OWNER='***' AIRFLOW_CTX_DAG_ID='etl_***' AIRFLOW_CTX_TASK_ID='transform' AIRFLOW_CTX_EXECUTION_DATE='2025-12-15T00:00:00+00:00' AIRFLOW_CTX_TRY_NUMBER='1' AIRFLOW_CTX_DAG_RUN_ID='scheduled__2025-12-15T00:00:00+00:00'
[2025-12-17T02:01:58.217+0000] {logging_mixin.py:188} INFO - [TRANSFORM]
[2025-12-17T02:01:58.251+0000] {logging_mixin.py:188} INFO - [TRANSFORM] done
[2025-12-17T02:01:58.253+0000] {python.py:201} INFO - Done. Returned value was: None
[2025-12-17T02:01:58.272+0000] {taskinstance.py:1138} INFO - Marking task as SUCCESS. dag_id=etl_***, task_id=transform, execution_date=20251215T000000, start_date=20251217T020157, end_date=20251217T020158
[2025-12-17T02:01:58.334+0000] {local_task_job_runner.py:234} INFO - Task exited with return code 0
[2025-12-17T02:01:58.384+0000] {taskinstance.py:3280} INFO - 1 downstream tasks scheduled from follow-on schedule check
[2025-12-17T05:07:52.016+0000] {taskinstance.py:1956} INFO - Dependencies all met for dep_context=non-requeueable deps ti=<TaskInstance: etl_airflow.transform scheduled__2025-12-15T00:00:00+00:00 [queued]>
[2025-12-17T05:07:52.031+0000] {taskinstance.py:1956} INFO - Dependencies all met for dep_context=requeueable deps ti=<TaskInstance: etl_airflow.transform scheduled__2025-12-15T00:00:00+00:00 [queued]>
[2025-12-17T05:07:52.032+0000] {taskinstance.py:2170} INFO - Starting attempt 1 of 3
[2025-12-17T05:07:52.048+0000] {taskinstance.py:2191} INFO - Executing <Task(PythonOperator): transform> on 2025-12-15 00:00:00+00:00
[2025-12-17T05:07:52.055+0000] {standard_task_runner.py:60} INFO - Started process 9588 to run task
[2025-12-17T05:07:52.063+0000] {standard_task_runner.py:87} INFO - Running: ['***', 'tasks', 'run', 'etl_***', 'transform', 'scheduled__2025-12-15T00:00:00+00:00', '--job-id', '2842', '--raw', '--subdir', 'DAGS_FOLDER/etl_***.py', '--cfg-path', '/tmp/tmpzug4ewpf']
[2025-12-17T05:07:52.069+0000] {standard_task_runner.py:88} INFO - Job 2842: Subtask transform
[2025-12-17T05:07:52.238+0000] {task_command.py:423} INFO - Running <TaskInstance: etl_airflow.transform scheduled__2025-12-15T00:00:00+00:00 [running]> on host b3426f05ac70
[2025-12-17T05:07:52.580+0000] {taskinstance.py:2480} INFO - Exporting env vars: AIRFLOW_CTX_DAG_OWNER='***' AIRFLOW_CTX_DAG_ID='etl_***' AIRFLOW_CTX_TASK_ID='transform' AIRFLOW_CTX_EXECUTION_DATE='2025-12-15T00:00:00+00:00' AIRFLOW_CTX_TRY_NUMBER='1' AIRFLOW_CTX_DAG_RUN_ID='scheduled__2025-12-15T00:00:00+00:00'
[2025-12-17T05:07:52.583+0000] {taskinstance.py:2698} ERROR - Task failed with exception
Traceback (most recent call last):
  File "/home/airflow/.local/lib/python3.8/site-packages/airflow/models/taskinstance.py", line 433, in _execute_task
    result = execute_callable(context=context, **execute_callable_kwargs)
  File "/home/airflow/.local/lib/python3.8/site-packages/airflow/operators/python.py", line 199, in execute
    return_value = self.execute_callable()
  File "/home/airflow/.local/lib/python3.8/site-packages/airflow/operators/python.py", line 216, in execute_callable
    return self.python_callable(*self.op_args, **self.op_kwargs)
TypeError: transform_data() missing 1 required positional argument: 'df'
[2025-12-17T05:07:52.594+0000] {taskinstance.py:1138} INFO - Marking task as UP_FOR_RETRY. dag_id=etl_***, task_id=transform, execution_date=20251215T000000, start_date=20251217T050752, end_date=20251217T050752
[2025-12-17T05:07:52.607+0000] {standard_task_runner.py:107} ERROR - Failed to execute job 2842 for task transform (transform_data() missing 1 required positional argument: 'df'; 9588)
[2025-12-17T05:07:52.643+0000] {local_task_job_runner.py:234} INFO - Task exited with return code 1
[2025-12-17T05:07:52.688+0000] {taskinstance.py:3280} INFO - 0 downstream tasks scheduled from follow-on schedule check
