[2025-12-16T17:13:26.230+0000] {taskinstance.py:1956} INFO - Dependencies all met for dep_context=non-requeueable deps ti=<TaskInstance: etl_airflow.transform scheduled__2024-08-23T00:00:00+00:00 [queued]>
[2025-12-16T17:13:26.258+0000] {taskinstance.py:1956} INFO - Dependencies all met for dep_context=requeueable deps ti=<TaskInstance: etl_airflow.transform scheduled__2024-08-23T00:00:00+00:00 [queued]>
[2025-12-16T17:13:26.260+0000] {taskinstance.py:2170} INFO - Starting attempt 1 of 3
[2025-12-16T17:13:26.298+0000] {taskinstance.py:2191} INFO - Executing <Task(PythonOperator): transform> on 2024-08-23 00:00:00+00:00
[2025-12-16T17:13:26.313+0000] {standard_task_runner.py:60} INFO - Started process 720 to run task
[2025-12-16T17:13:26.320+0000] {standard_task_runner.py:87} INFO - Running: ['***', 'tasks', 'run', 'etl_***', 'transform', 'scheduled__2024-08-23T00:00:00+00:00', '--job-id', '4306', '--raw', '--subdir', 'DAGS_FOLDER/etl_dag.py', '--cfg-path', '/tmp/tmph6l2jsbz']
[2025-12-16T17:13:26.325+0000] {standard_task_runner.py:88} INFO - Job 4306: Subtask transform
[2025-12-16T17:13:26.489+0000] {task_command.py:423} INFO - Running <TaskInstance: etl_airflow.transform scheduled__2024-08-23T00:00:00+00:00 [running]> on host 3b89cfee50e9
[2025-12-16T17:13:26.734+0000] {taskinstance.py:2480} INFO - Exporting env vars: AIRFLOW_CTX_DAG_OWNER='***' AIRFLOW_CTX_DAG_ID='etl_***' AIRFLOW_CTX_TASK_ID='transform' AIRFLOW_CTX_EXECUTION_DATE='2024-08-23T00:00:00+00:00' AIRFLOW_CTX_TRY_NUMBER='1' AIRFLOW_CTX_DAG_RUN_ID='scheduled__2024-08-23T00:00:00+00:00'
[2025-12-16T17:13:26.738+0000] {logging_mixin.py:188} INFO - [TRANSFORM]
[2025-12-16T17:13:27.087+0000] {logging_mixin.py:188} INFO - [TRANSFORM] done
[2025-12-16T17:13:27.088+0000] {python.py:201} INFO - Done. Returned value was: None
[2025-12-16T17:13:27.108+0000] {taskinstance.py:1138} INFO - Marking task as SUCCESS. dag_id=etl_***, task_id=transform, execution_date=20240823T000000, start_date=20251216T171326, end_date=20251216T171327
[2025-12-16T17:13:27.184+0000] {local_task_job_runner.py:234} INFO - Task exited with return code 0
[2025-12-16T17:13:27.223+0000] {taskinstance.py:3280} INFO - 1 downstream tasks scheduled from follow-on schedule check
[2025-12-17T01:54:23.030+0000] {taskinstance.py:1956} INFO - Dependencies all met for dep_context=non-requeueable deps ti=<TaskInstance: etl_airflow.transform scheduled__2024-08-23T00:00:00+00:00 [queued]>
[2025-12-17T01:54:23.054+0000] {taskinstance.py:1956} INFO - Dependencies all met for dep_context=requeueable deps ti=<TaskInstance: etl_airflow.transform scheduled__2024-08-23T00:00:00+00:00 [queued]>
[2025-12-17T01:54:23.055+0000] {taskinstance.py:2170} INFO - Starting attempt 1 of 3
[2025-12-17T01:54:23.093+0000] {taskinstance.py:2191} INFO - Executing <Task(PythonOperator): transform> on 2024-08-23 00:00:00+00:00
[2025-12-17T01:54:23.108+0000] {standard_task_runner.py:60} INFO - Started process 2542 to run task
[2025-12-17T01:54:23.113+0000] {standard_task_runner.py:87} INFO - Running: ['***', 'tasks', 'run', 'etl_***', 'transform', 'scheduled__2024-08-23T00:00:00+00:00', '--job-id', '734', '--raw', '--subdir', 'DAGS_FOLDER/etl_dag.py', '--cfg-path', '/tmp/tmpo9y92rrb']
[2025-12-17T01:54:23.122+0000] {standard_task_runner.py:88} INFO - Job 734: Subtask transform
[2025-12-17T01:54:23.323+0000] {task_command.py:423} INFO - Running <TaskInstance: etl_airflow.transform scheduled__2024-08-23T00:00:00+00:00 [running]> on host 571e042550da
[2025-12-17T01:54:23.967+0000] {taskinstance.py:2480} INFO - Exporting env vars: AIRFLOW_CTX_DAG_OWNER='***' AIRFLOW_CTX_DAG_ID='etl_***' AIRFLOW_CTX_TASK_ID='transform' AIRFLOW_CTX_EXECUTION_DATE='2024-08-23T00:00:00+00:00' AIRFLOW_CTX_TRY_NUMBER='1' AIRFLOW_CTX_DAG_RUN_ID='scheduled__2024-08-23T00:00:00+00:00'
[2025-12-17T01:54:23.978+0000] {logging_mixin.py:188} INFO - [TRANSFORM]
[2025-12-17T01:54:24.038+0000] {logging_mixin.py:188} INFO - [TRANSFORM] done
[2025-12-17T01:54:24.040+0000] {python.py:201} INFO - Done. Returned value was: None
[2025-12-17T01:54:24.060+0000] {taskinstance.py:1138} INFO - Marking task as SUCCESS. dag_id=etl_***, task_id=transform, execution_date=20240823T000000, start_date=20251217T015423, end_date=20251217T015424
[2025-12-17T01:54:24.216+0000] {local_task_job_runner.py:234} INFO - Task exited with return code 0
[2025-12-17T01:54:24.276+0000] {taskinstance.py:3280} INFO - 1 downstream tasks scheduled from follow-on schedule check
[2025-12-17T04:50:33.617+0000] {taskinstance.py:1956} INFO - Dependencies all met for dep_context=non-requeueable deps ti=<TaskInstance: etl_airflow.transform scheduled__2024-08-23T00:00:00+00:00 [queued]>
[2025-12-17T04:50:33.631+0000] {taskinstance.py:1956} INFO - Dependencies all met for dep_context=requeueable deps ti=<TaskInstance: etl_airflow.transform scheduled__2024-08-23T00:00:00+00:00 [queued]>
[2025-12-17T04:50:33.632+0000] {taskinstance.py:2170} INFO - Starting attempt 1 of 3
[2025-12-17T04:50:33.648+0000] {taskinstance.py:2191} INFO - Executing <Task(PythonOperator): transform> on 2024-08-23 00:00:00+00:00
[2025-12-17T04:50:33.654+0000] {standard_task_runner.py:60} INFO - Started process 3263 to run task
[2025-12-17T04:50:33.664+0000] {standard_task_runner.py:87} INFO - Running: ['***', 'tasks', 'run', 'etl_***', 'transform', 'scheduled__2024-08-23T00:00:00+00:00', '--job-id', '925', '--raw', '--subdir', 'DAGS_FOLDER/etl_***.py', '--cfg-path', '/tmp/tmpzqik3vca']
[2025-12-17T04:50:33.677+0000] {standard_task_runner.py:88} INFO - Job 925: Subtask transform
[2025-12-17T04:50:33.793+0000] {task_command.py:423} INFO - Running <TaskInstance: etl_airflow.transform scheduled__2024-08-23T00:00:00+00:00 [running]> on host b3426f05ac70
[2025-12-17T04:50:34.305+0000] {taskinstance.py:2480} INFO - Exporting env vars: AIRFLOW_CTX_DAG_OWNER='***' AIRFLOW_CTX_DAG_ID='etl_***' AIRFLOW_CTX_TASK_ID='transform' AIRFLOW_CTX_EXECUTION_DATE='2024-08-23T00:00:00+00:00' AIRFLOW_CTX_TRY_NUMBER='1' AIRFLOW_CTX_DAG_RUN_ID='scheduled__2024-08-23T00:00:00+00:00'
[2025-12-17T04:50:34.308+0000] {taskinstance.py:2698} ERROR - Task failed with exception
Traceback (most recent call last):
  File "/home/airflow/.local/lib/python3.8/site-packages/airflow/models/taskinstance.py", line 433, in _execute_task
    result = execute_callable(context=context, **execute_callable_kwargs)
  File "/home/airflow/.local/lib/python3.8/site-packages/airflow/operators/python.py", line 199, in execute
    return_value = self.execute_callable()
  File "/home/airflow/.local/lib/python3.8/site-packages/airflow/operators/python.py", line 216, in execute_callable
    return self.python_callable(*self.op_args, **self.op_kwargs)
TypeError: transform_data() missing 1 required positional argument: 'df'
[2025-12-17T04:50:34.324+0000] {taskinstance.py:1138} INFO - Marking task as UP_FOR_RETRY. dag_id=etl_***, task_id=transform, execution_date=20240823T000000, start_date=20251217T045033, end_date=20251217T045034
[2025-12-17T04:50:34.343+0000] {standard_task_runner.py:107} ERROR - Failed to execute job 925 for task transform (transform_data() missing 1 required positional argument: 'df'; 3263)
[2025-12-17T04:50:34.405+0000] {local_task_job_runner.py:234} INFO - Task exited with return code 1
[2025-12-17T04:50:34.631+0000] {taskinstance.py:3280} INFO - 0 downstream tasks scheduled from follow-on schedule check
[2025-12-17T07:44:26.674+0000] {taskinstance.py:1956} INFO - Dependencies all met for dep_context=non-requeueable deps ti=<TaskInstance: etl_airflow.transform scheduled__2024-08-23T00:00:00+00:00 [queued]>
[2025-12-17T07:44:26.704+0000] {taskinstance.py:1956} INFO - Dependencies all met for dep_context=requeueable deps ti=<TaskInstance: etl_airflow.transform scheduled__2024-08-23T00:00:00+00:00 [queued]>
[2025-12-17T07:44:26.706+0000] {taskinstance.py:2170} INFO - Starting attempt 1 of 3
[2025-12-17T07:44:26.741+0000] {taskinstance.py:2191} INFO - Executing <Task(PythonOperator): transform> on 2024-08-23 00:00:00+00:00
[2025-12-17T07:44:26.759+0000] {standard_task_runner.py:60} INFO - Started process 3341 to run task
[2025-12-17T07:44:26.772+0000] {standard_task_runner.py:87} INFO - Running: ['***', 'tasks', 'run', 'etl_***', 'transform', 'scheduled__2024-08-23T00:00:00+00:00', '--job-id', '927', '--raw', '--subdir', 'DAGS_FOLDER/etl_***.py', '--cfg-path', '/tmp/tmpxgibyf1q']
[2025-12-17T07:44:26.779+0000] {standard_task_runner.py:88} INFO - Job 927: Subtask transform
[2025-12-17T07:44:26.964+0000] {task_command.py:423} INFO - Running <TaskInstance: etl_airflow.transform scheduled__2024-08-23T00:00:00+00:00 [running]> on host 2a0de06c8905
[2025-12-17T07:44:27.441+0000] {taskinstance.py:2480} INFO - Exporting env vars: AIRFLOW_CTX_DAG_OWNER='***' AIRFLOW_CTX_DAG_ID='etl_***' AIRFLOW_CTX_TASK_ID='transform' AIRFLOW_CTX_EXECUTION_DATE='2024-08-23T00:00:00+00:00' AIRFLOW_CTX_TRY_NUMBER='1' AIRFLOW_CTX_DAG_RUN_ID='scheduled__2024-08-23T00:00:00+00:00'
[2025-12-17T07:44:27.447+0000] {taskinstance.py:2698} ERROR - Task failed with exception
Traceback (most recent call last):
  File "/home/airflow/.local/lib/python3.8/site-packages/airflow/models/taskinstance.py", line 433, in _execute_task
    result = execute_callable(context=context, **execute_callable_kwargs)
  File "/home/airflow/.local/lib/python3.8/site-packages/airflow/operators/python.py", line 199, in execute
    return_value = self.execute_callable()
  File "/home/airflow/.local/lib/python3.8/site-packages/airflow/operators/python.py", line 216, in execute_callable
    return self.python_callable(*self.op_args, **self.op_kwargs)
TypeError: transform_data() missing 1 required positional argument: 'df'
[2025-12-17T07:44:27.478+0000] {taskinstance.py:1138} INFO - Marking task as UP_FOR_RETRY. dag_id=etl_***, task_id=transform, execution_date=20240823T000000, start_date=20251217T074426, end_date=20251217T074427
[2025-12-17T07:44:27.531+0000] {standard_task_runner.py:107} ERROR - Failed to execute job 927 for task transform (transform_data() missing 1 required positional argument: 'df'; 3341)
[2025-12-17T07:44:27.592+0000] {local_task_job_runner.py:234} INFO - Task exited with return code 1
[2025-12-17T07:44:27.663+0000] {taskinstance.py:3280} INFO - 0 downstream tasks scheduled from follow-on schedule check
