[2025-12-16T17:21:11.245+0000] {taskinstance.py:1956} INFO - Dependencies all met for dep_context=non-requeueable deps ti=<TaskInstance: etl_airflow.transform scheduled__2024-01-10T00:00:00+00:00 [queued]>
[2025-12-16T17:21:11.276+0000] {taskinstance.py:1956} INFO - Dependencies all met for dep_context=requeueable deps ti=<TaskInstance: etl_airflow.transform scheduled__2024-01-10T00:00:00+00:00 [queued]>
[2025-12-16T17:21:11.279+0000] {taskinstance.py:2170} INFO - Starting attempt 3 of 5
[2025-12-16T17:21:11.323+0000] {taskinstance.py:2191} INFO - Executing <Task(PythonOperator): transform> on 2024-01-10 00:00:00+00:00
[2025-12-16T17:21:11.363+0000] {standard_task_runner.py:60} INFO - Started process 5606 to run task
[2025-12-16T17:21:11.386+0000] {standard_task_runner.py:87} INFO - Running: ['***', 'tasks', 'run', 'etl_***', 'transform', 'scheduled__2024-01-10T00:00:00+00:00', '--job-id', '5855', '--raw', '--subdir', 'DAGS_FOLDER/etl_dag.py', '--cfg-path', '/tmp/tmpc33t7gsd']
[2025-12-16T17:21:11.398+0000] {standard_task_runner.py:88} INFO - Job 5855: Subtask transform
[2025-12-16T17:21:11.747+0000] {task_command.py:423} INFO - Running <TaskInstance: etl_airflow.transform scheduled__2024-01-10T00:00:00+00:00 [running]> on host 3b89cfee50e9
[2025-12-16T17:21:12.194+0000] {taskinstance.py:2480} INFO - Exporting env vars: AIRFLOW_CTX_DAG_OWNER='***' AIRFLOW_CTX_DAG_ID='etl_***' AIRFLOW_CTX_TASK_ID='transform' AIRFLOW_CTX_EXECUTION_DATE='2024-01-10T00:00:00+00:00' AIRFLOW_CTX_TRY_NUMBER='3' AIRFLOW_CTX_DAG_RUN_ID='scheduled__2024-01-10T00:00:00+00:00'
[2025-12-16T17:21:12.216+0000] {logging_mixin.py:188} INFO - [TRANSFORM]
[2025-12-16T17:21:12.328+0000] {logging_mixin.py:188} INFO - [TRANSFORM] done
[2025-12-16T17:21:12.330+0000] {python.py:201} INFO - Done. Returned value was: None
[2025-12-16T17:21:12.821+0000] {taskinstance.py:1138} INFO - Marking task as SUCCESS. dag_id=etl_***, task_id=transform, execution_date=20240110T000000, start_date=20251216T172111, end_date=20251216T172112
[2025-12-16T17:21:12.878+0000] {local_task_job_runner.py:234} INFO - Task exited with return code 0
[2025-12-16T17:21:12.955+0000] {taskinstance.py:3280} INFO - 1 downstream tasks scheduled from follow-on schedule check
[2025-12-17T04:42:50.907+0000] {taskinstance.py:1956} INFO - Dependencies all met for dep_context=non-requeueable deps ti=<TaskInstance: etl_airflow.transform scheduled__2024-01-10T00:00:00+00:00 [queued]>
[2025-12-17T04:42:50.920+0000] {taskinstance.py:1956} INFO - Dependencies all met for dep_context=requeueable deps ti=<TaskInstance: etl_airflow.transform scheduled__2024-01-10T00:00:00+00:00 [queued]>
[2025-12-17T04:42:50.921+0000] {taskinstance.py:2170} INFO - Starting attempt 3 of 3
[2025-12-17T04:42:50.942+0000] {taskinstance.py:2191} INFO - Executing <Task(PythonOperator): transform> on 2024-01-10 00:00:00+00:00
[2025-12-17T04:42:50.949+0000] {standard_task_runner.py:60} INFO - Started process 425 to run task
[2025-12-17T04:42:50.954+0000] {standard_task_runner.py:87} INFO - Running: ['***', 'tasks', 'run', 'etl_***', 'transform', 'scheduled__2024-01-10T00:00:00+00:00', '--job-id', '58', '--raw', '--subdir', 'DAGS_FOLDER/etl_***.py', '--cfg-path', '/tmp/tmpm4dyd5f_']
[2025-12-17T04:42:50.962+0000] {standard_task_runner.py:88} INFO - Job 58: Subtask transform
[2025-12-17T04:42:51.073+0000] {task_command.py:423} INFO - Running <TaskInstance: etl_airflow.transform scheduled__2024-01-10T00:00:00+00:00 [running]> on host b3426f05ac70
[2025-12-17T04:42:51.519+0000] {taskinstance.py:2480} INFO - Exporting env vars: AIRFLOW_CTX_DAG_OWNER='***' AIRFLOW_CTX_DAG_ID='etl_***' AIRFLOW_CTX_TASK_ID='transform' AIRFLOW_CTX_EXECUTION_DATE='2024-01-10T00:00:00+00:00' AIRFLOW_CTX_TRY_NUMBER='3' AIRFLOW_CTX_DAG_RUN_ID='scheduled__2024-01-10T00:00:00+00:00'
[2025-12-17T04:42:51.521+0000] {taskinstance.py:2698} ERROR - Task failed with exception
Traceback (most recent call last):
  File "/home/airflow/.local/lib/python3.8/site-packages/airflow/models/taskinstance.py", line 433, in _execute_task
    result = execute_callable(context=context, **execute_callable_kwargs)
  File "/home/airflow/.local/lib/python3.8/site-packages/airflow/operators/python.py", line 199, in execute
    return_value = self.execute_callable()
  File "/home/airflow/.local/lib/python3.8/site-packages/airflow/operators/python.py", line 216, in execute_callable
    return self.python_callable(*self.op_args, **self.op_kwargs)
TypeError: transform_data() missing 1 required positional argument: 'df'
[2025-12-17T04:42:51.534+0000] {taskinstance.py:1138} INFO - Marking task as FAILED. dag_id=etl_***, task_id=transform, execution_date=20240110T000000, start_date=20251217T044250, end_date=20251217T044251
[2025-12-17T04:42:51.551+0000] {standard_task_runner.py:107} ERROR - Failed to execute job 58 for task transform (transform_data() missing 1 required positional argument: 'df'; 425)
[2025-12-17T04:42:51.572+0000] {local_task_job_runner.py:234} INFO - Task exited with return code 1
[2025-12-17T04:42:51.603+0000] {taskinstance.py:3280} INFO - 0 downstream tasks scheduled from follow-on schedule check
[2025-12-17T07:35:47.579+0000] {taskinstance.py:1956} INFO - Dependencies all met for dep_context=non-requeueable deps ti=<TaskInstance: etl_airflow.transform scheduled__2024-01-10T00:00:00+00:00 [queued]>
[2025-12-17T07:35:47.600+0000] {taskinstance.py:1956} INFO - Dependencies all met for dep_context=requeueable deps ti=<TaskInstance: etl_airflow.transform scheduled__2024-01-10T00:00:00+00:00 [queued]>
[2025-12-17T07:35:47.602+0000] {taskinstance.py:2170} INFO - Starting attempt 3 of 3
[2025-12-17T07:35:47.637+0000] {taskinstance.py:2191} INFO - Executing <Task(PythonOperator): transform> on 2024-01-10 00:00:00+00:00
[2025-12-17T07:35:47.650+0000] {standard_task_runner.py:60} INFO - Started process 454 to run task
[2025-12-17T07:35:47.659+0000] {standard_task_runner.py:87} INFO - Running: ['***', 'tasks', 'run', 'etl_***', 'transform', 'scheduled__2024-01-10T00:00:00+00:00', '--job-id', '50', '--raw', '--subdir', 'DAGS_FOLDER/etl_***.py', '--cfg-path', '/tmp/tmp21jan_z8']
[2025-12-17T07:35:47.667+0000] {standard_task_runner.py:88} INFO - Job 50: Subtask transform
[2025-12-17T07:35:47.827+0000] {task_command.py:423} INFO - Running <TaskInstance: etl_airflow.transform scheduled__2024-01-10T00:00:00+00:00 [running]> on host 2a0de06c8905
[2025-12-17T07:35:48.396+0000] {taskinstance.py:2480} INFO - Exporting env vars: AIRFLOW_CTX_DAG_OWNER='***' AIRFLOW_CTX_DAG_ID='etl_***' AIRFLOW_CTX_TASK_ID='transform' AIRFLOW_CTX_EXECUTION_DATE='2024-01-10T00:00:00+00:00' AIRFLOW_CTX_TRY_NUMBER='3' AIRFLOW_CTX_DAG_RUN_ID='scheduled__2024-01-10T00:00:00+00:00'
[2025-12-17T07:35:48.400+0000] {taskinstance.py:2698} ERROR - Task failed with exception
Traceback (most recent call last):
  File "/home/airflow/.local/lib/python3.8/site-packages/airflow/models/taskinstance.py", line 433, in _execute_task
    result = execute_callable(context=context, **execute_callable_kwargs)
  File "/home/airflow/.local/lib/python3.8/site-packages/airflow/operators/python.py", line 199, in execute
    return_value = self.execute_callable()
  File "/home/airflow/.local/lib/python3.8/site-packages/airflow/operators/python.py", line 216, in execute_callable
    return self.python_callable(*self.op_args, **self.op_kwargs)
TypeError: transform_data() missing 1 required positional argument: 'df'
[2025-12-17T07:35:48.429+0000] {taskinstance.py:1138} INFO - Marking task as FAILED. dag_id=etl_***, task_id=transform, execution_date=20240110T000000, start_date=20251217T073547, end_date=20251217T073548
[2025-12-17T07:35:48.464+0000] {standard_task_runner.py:107} ERROR - Failed to execute job 50 for task transform (transform_data() missing 1 required positional argument: 'df'; 454)
[2025-12-17T07:35:48.522+0000] {local_task_job_runner.py:234} INFO - Task exited with return code 1
[2025-12-17T07:35:48.727+0000] {taskinstance.py:3280} INFO - 0 downstream tasks scheduled from follow-on schedule check
