[2025-12-16T17:11:31.749+0000] {taskinstance.py:1956} INFO - Dependencies all met for dep_context=non-requeueable deps ti=<TaskInstance: etl_airflow.transform scheduled__2024-05-06T00:00:00+00:00 [queued]>
[2025-12-16T17:11:31.809+0000] {taskinstance.py:1956} INFO - Dependencies all met for dep_context=requeueable deps ti=<TaskInstance: etl_airflow.transform scheduled__2024-05-06T00:00:00+00:00 [queued]>
[2025-12-16T17:11:31.812+0000] {taskinstance.py:2170} INFO - Starting attempt 1 of 3
[2025-12-16T17:11:31.885+0000] {taskinstance.py:2191} INFO - Executing <Task(PythonOperator): transform> on 2024-05-06 00:00:00+00:00
[2025-12-16T17:11:31.911+0000] {standard_task_runner.py:60} INFO - Started process 1501 to run task
[2025-12-16T17:11:31.925+0000] {standard_task_runner.py:87} INFO - Running: ['***', 'tasks', 'run', 'etl_***', 'transform', 'scheduled__2024-05-06T00:00:00+00:00', '--job-id', '3979', '--raw', '--subdir', 'DAGS_FOLDER/etl_dag.py', '--cfg-path', '/tmp/tmp8x5lfp75']
[2025-12-16T17:11:31.934+0000] {standard_task_runner.py:88} INFO - Job 3979: Subtask transform
[2025-12-16T17:11:32.139+0000] {task_command.py:423} INFO - Running <TaskInstance: etl_airflow.transform scheduled__2024-05-06T00:00:00+00:00 [running]> on host 3b89cfee50e9
[2025-12-16T17:11:32.362+0000] {taskinstance.py:2480} INFO - Exporting env vars: AIRFLOW_CTX_DAG_OWNER='***' AIRFLOW_CTX_DAG_ID='etl_***' AIRFLOW_CTX_TASK_ID='transform' AIRFLOW_CTX_EXECUTION_DATE='2024-05-06T00:00:00+00:00' AIRFLOW_CTX_TRY_NUMBER='1' AIRFLOW_CTX_DAG_RUN_ID='scheduled__2024-05-06T00:00:00+00:00'
[2025-12-16T17:11:32.370+0000] {logging_mixin.py:188} INFO - [TRANSFORM]
[2025-12-16T17:11:32.746+0000] {logging_mixin.py:188} INFO - [TRANSFORM] done
[2025-12-16T17:11:32.748+0000] {python.py:201} INFO - Done. Returned value was: None
[2025-12-16T17:11:32.772+0000] {taskinstance.py:1138} INFO - Marking task as SUCCESS. dag_id=etl_***, task_id=transform, execution_date=20240506T000000, start_date=20251216T171131, end_date=20251216T171132
[2025-12-16T17:11:32.954+0000] {local_task_job_runner.py:234} INFO - Task exited with return code 0
[2025-12-16T17:11:33.287+0000] {taskinstance.py:3280} INFO - 0 downstream tasks scheduled from follow-on schedule check
[2025-12-17T01:52:20.742+0000] {taskinstance.py:1956} INFO - Dependencies all met for dep_context=non-requeueable deps ti=<TaskInstance: etl_airflow.transform scheduled__2024-05-06T00:00:00+00:00 [queued]>
[2025-12-17T01:52:20.773+0000] {taskinstance.py:1956} INFO - Dependencies all met for dep_context=requeueable deps ti=<TaskInstance: etl_airflow.transform scheduled__2024-05-06T00:00:00+00:00 [queued]>
[2025-12-17T01:52:20.774+0000] {taskinstance.py:2170} INFO - Starting attempt 1 of 3
[2025-12-17T01:52:20.834+0000] {taskinstance.py:2191} INFO - Executing <Task(PythonOperator): transform> on 2024-05-06 00:00:00+00:00
[2025-12-17T01:52:20.863+0000] {standard_task_runner.py:60} INFO - Started process 1429 to run task
[2025-12-17T01:52:20.876+0000] {standard_task_runner.py:87} INFO - Running: ['***', 'tasks', 'run', 'etl_***', 'transform', 'scheduled__2024-05-06T00:00:00+00:00', '--job-id', '385', '--raw', '--subdir', 'DAGS_FOLDER/etl_dag.py', '--cfg-path', '/tmp/tmp84pkd8zq']
[2025-12-17T01:52:20.883+0000] {standard_task_runner.py:88} INFO - Job 385: Subtask transform
[2025-12-17T01:52:21.198+0000] {task_command.py:423} INFO - Running <TaskInstance: etl_airflow.transform scheduled__2024-05-06T00:00:00+00:00 [running]> on host 571e042550da
[2025-12-17T01:52:21.925+0000] {taskinstance.py:2480} INFO - Exporting env vars: AIRFLOW_CTX_DAG_OWNER='***' AIRFLOW_CTX_DAG_ID='etl_***' AIRFLOW_CTX_TASK_ID='transform' AIRFLOW_CTX_EXECUTION_DATE='2024-05-06T00:00:00+00:00' AIRFLOW_CTX_TRY_NUMBER='1' AIRFLOW_CTX_DAG_RUN_ID='scheduled__2024-05-06T00:00:00+00:00'
[2025-12-17T01:52:21.929+0000] {logging_mixin.py:188} INFO - [TRANSFORM]
[2025-12-17T01:52:21.981+0000] {logging_mixin.py:188} INFO - [TRANSFORM] done
[2025-12-17T01:52:21.983+0000] {python.py:201} INFO - Done. Returned value was: None
[2025-12-17T01:52:22.015+0000] {taskinstance.py:1138} INFO - Marking task as SUCCESS. dag_id=etl_***, task_id=transform, execution_date=20240506T000000, start_date=20251217T015220, end_date=20251217T015222
[2025-12-17T01:52:22.325+0000] {local_task_job_runner.py:234} INFO - Task exited with return code 0
[2025-12-17T01:52:22.424+0000] {taskinstance.py:3280} INFO - 1 downstream tasks scheduled from follow-on schedule check
[2025-12-17T04:46:33.721+0000] {taskinstance.py:1956} INFO - Dependencies all met for dep_context=non-requeueable deps ti=<TaskInstance: etl_airflow.transform scheduled__2024-05-06T00:00:00+00:00 [queued]>
[2025-12-17T04:46:33.735+0000] {taskinstance.py:1956} INFO - Dependencies all met for dep_context=requeueable deps ti=<TaskInstance: etl_airflow.transform scheduled__2024-05-06T00:00:00+00:00 [queued]>
[2025-12-17T04:46:33.736+0000] {taskinstance.py:2170} INFO - Starting attempt 1 of 3
[2025-12-17T04:46:33.752+0000] {taskinstance.py:2191} INFO - Executing <Task(PythonOperator): transform> on 2024-05-06 00:00:00+00:00
[2025-12-17T04:46:33.763+0000] {standard_task_runner.py:60} INFO - Started process 1797 to run task
[2025-12-17T04:46:33.768+0000] {standard_task_runner.py:87} INFO - Running: ['***', 'tasks', 'run', 'etl_***', 'transform', 'scheduled__2024-05-06T00:00:00+00:00', '--job-id', '477', '--raw', '--subdir', 'DAGS_FOLDER/etl_***.py', '--cfg-path', '/tmp/tmp76tz5n7i']
[2025-12-17T04:46:33.773+0000] {standard_task_runner.py:88} INFO - Job 477: Subtask transform
[2025-12-17T04:46:33.895+0000] {task_command.py:423} INFO - Running <TaskInstance: etl_airflow.transform scheduled__2024-05-06T00:00:00+00:00 [running]> on host b3426f05ac70
[2025-12-17T04:46:34.241+0000] {taskinstance.py:2480} INFO - Exporting env vars: AIRFLOW_CTX_DAG_OWNER='***' AIRFLOW_CTX_DAG_ID='etl_***' AIRFLOW_CTX_TASK_ID='transform' AIRFLOW_CTX_EXECUTION_DATE='2024-05-06T00:00:00+00:00' AIRFLOW_CTX_TRY_NUMBER='1' AIRFLOW_CTX_DAG_RUN_ID='scheduled__2024-05-06T00:00:00+00:00'
[2025-12-17T04:46:34.243+0000] {taskinstance.py:2698} ERROR - Task failed with exception
Traceback (most recent call last):
  File "/home/airflow/.local/lib/python3.8/site-packages/airflow/models/taskinstance.py", line 433, in _execute_task
    result = execute_callable(context=context, **execute_callable_kwargs)
  File "/home/airflow/.local/lib/python3.8/site-packages/airflow/operators/python.py", line 199, in execute
    return_value = self.execute_callable()
  File "/home/airflow/.local/lib/python3.8/site-packages/airflow/operators/python.py", line 216, in execute_callable
    return self.python_callable(*self.op_args, **self.op_kwargs)
TypeError: transform_data() missing 1 required positional argument: 'df'
[2025-12-17T04:46:34.256+0000] {taskinstance.py:1138} INFO - Marking task as UP_FOR_RETRY. dag_id=etl_***, task_id=transform, execution_date=20240506T000000, start_date=20251217T044633, end_date=20251217T044634
[2025-12-17T04:46:34.284+0000] {standard_task_runner.py:107} ERROR - Failed to execute job 477 for task transform (transform_data() missing 1 required positional argument: 'df'; 1797)
[2025-12-17T04:46:34.308+0000] {local_task_job_runner.py:234} INFO - Task exited with return code 1
[2025-12-17T04:46:34.369+0000] {taskinstance.py:3280} INFO - 0 downstream tasks scheduled from follow-on schedule check
[2025-12-17T07:40:01.006+0000] {taskinstance.py:1956} INFO - Dependencies all met for dep_context=non-requeueable deps ti=<TaskInstance: etl_airflow.transform scheduled__2024-05-06T00:00:00+00:00 [queued]>
[2025-12-17T07:40:01.025+0000] {taskinstance.py:1956} INFO - Dependencies all met for dep_context=requeueable deps ti=<TaskInstance: etl_airflow.transform scheduled__2024-05-06T00:00:00+00:00 [queued]>
[2025-12-17T07:40:01.027+0000] {taskinstance.py:2170} INFO - Starting attempt 1 of 3
[2025-12-17T07:40:01.060+0000] {taskinstance.py:2191} INFO - Executing <Task(PythonOperator): transform> on 2024-05-06 00:00:00+00:00
[2025-12-17T07:40:01.073+0000] {standard_task_runner.py:60} INFO - Started process 1866 to run task
[2025-12-17T07:40:01.081+0000] {standard_task_runner.py:87} INFO - Running: ['***', 'tasks', 'run', 'etl_***', 'transform', 'scheduled__2024-05-06T00:00:00+00:00', '--job-id', '481', '--raw', '--subdir', 'DAGS_FOLDER/etl_***.py', '--cfg-path', '/tmp/tmp8do31ovq']
[2025-12-17T07:40:01.087+0000] {standard_task_runner.py:88} INFO - Job 481: Subtask transform
[2025-12-17T07:40:01.268+0000] {task_command.py:423} INFO - Running <TaskInstance: etl_airflow.transform scheduled__2024-05-06T00:00:00+00:00 [running]> on host 2a0de06c8905
[2025-12-17T07:40:01.824+0000] {taskinstance.py:2480} INFO - Exporting env vars: AIRFLOW_CTX_DAG_OWNER='***' AIRFLOW_CTX_DAG_ID='etl_***' AIRFLOW_CTX_TASK_ID='transform' AIRFLOW_CTX_EXECUTION_DATE='2024-05-06T00:00:00+00:00' AIRFLOW_CTX_TRY_NUMBER='1' AIRFLOW_CTX_DAG_RUN_ID='scheduled__2024-05-06T00:00:00+00:00'
[2025-12-17T07:40:01.827+0000] {taskinstance.py:2698} ERROR - Task failed with exception
Traceback (most recent call last):
  File "/home/airflow/.local/lib/python3.8/site-packages/airflow/models/taskinstance.py", line 433, in _execute_task
    result = execute_callable(context=context, **execute_callable_kwargs)
  File "/home/airflow/.local/lib/python3.8/site-packages/airflow/operators/python.py", line 199, in execute
    return_value = self.execute_callable()
  File "/home/airflow/.local/lib/python3.8/site-packages/airflow/operators/python.py", line 216, in execute_callable
    return self.python_callable(*self.op_args, **self.op_kwargs)
TypeError: transform_data() missing 1 required positional argument: 'df'
[2025-12-17T07:40:01.841+0000] {taskinstance.py:1138} INFO - Marking task as UP_FOR_RETRY. dag_id=etl_***, task_id=transform, execution_date=20240506T000000, start_date=20251217T074001, end_date=20251217T074001
[2025-12-17T07:40:01.866+0000] {standard_task_runner.py:107} ERROR - Failed to execute job 481 for task transform (transform_data() missing 1 required positional argument: 'df'; 1866)
[2025-12-17T07:40:01.901+0000] {local_task_job_runner.py:234} INFO - Task exited with return code 1
[2025-12-17T07:40:01.949+0000] {taskinstance.py:3280} INFO - 0 downstream tasks scheduled from follow-on schedule check
