[2025-12-17T04:54:10.542+0000] {taskinstance.py:1956} INFO - Dependencies all met for dep_context=non-requeueable deps ti=<TaskInstance: etl_airflow.transform scheduled__2024-11-19T00:00:00+00:00 [queued]>
[2025-12-17T04:54:10.561+0000] {taskinstance.py:1956} INFO - Dependencies all met for dep_context=requeueable deps ti=<TaskInstance: etl_airflow.transform scheduled__2024-11-19T00:00:00+00:00 [queued]>
[2025-12-17T04:54:10.562+0000] {taskinstance.py:2170} INFO - Starting attempt 2 of 3
[2025-12-17T04:54:10.587+0000] {taskinstance.py:2191} INFO - Executing <Task(PythonOperator): transform> on 2024-11-19 00:00:00+00:00
[2025-12-17T04:54:10.598+0000] {standard_task_runner.py:60} INFO - Started process 4561 to run task
[2025-12-17T04:54:10.603+0000] {standard_task_runner.py:87} INFO - Running: ['***', 'tasks', 'run', 'etl_***', 'transform', 'scheduled__2024-11-19T00:00:00+00:00', '--job-id', '1318', '--raw', '--subdir', 'DAGS_FOLDER/etl_***.py', '--cfg-path', '/tmp/tmp3a_jgkrq']
[2025-12-17T04:54:10.607+0000] {standard_task_runner.py:88} INFO - Job 1318: Subtask transform
[2025-12-17T04:54:10.716+0000] {task_command.py:423} INFO - Running <TaskInstance: etl_airflow.transform scheduled__2024-11-19T00:00:00+00:00 [running]> on host b3426f05ac70
[2025-12-17T04:54:11.049+0000] {taskinstance.py:2480} INFO - Exporting env vars: AIRFLOW_CTX_DAG_OWNER='***' AIRFLOW_CTX_DAG_ID='etl_***' AIRFLOW_CTX_TASK_ID='transform' AIRFLOW_CTX_EXECUTION_DATE='2024-11-19T00:00:00+00:00' AIRFLOW_CTX_TRY_NUMBER='2' AIRFLOW_CTX_DAG_RUN_ID='scheduled__2024-11-19T00:00:00+00:00'
[2025-12-17T04:54:11.053+0000] {taskinstance.py:2698} ERROR - Task failed with exception
Traceback (most recent call last):
  File "/home/airflow/.local/lib/python3.8/site-packages/airflow/models/taskinstance.py", line 433, in _execute_task
    result = execute_callable(context=context, **execute_callable_kwargs)
  File "/home/airflow/.local/lib/python3.8/site-packages/airflow/operators/python.py", line 199, in execute
    return_value = self.execute_callable()
  File "/home/airflow/.local/lib/python3.8/site-packages/airflow/operators/python.py", line 216, in execute_callable
    return self.python_callable(*self.op_args, **self.op_kwargs)
TypeError: transform_data() missing 1 required positional argument: 'df'
[2025-12-17T04:54:11.073+0000] {taskinstance.py:1138} INFO - Marking task as UP_FOR_RETRY. dag_id=etl_***, task_id=transform, execution_date=20241119T000000, start_date=20251217T045410, end_date=20251217T045411
[2025-12-17T04:54:11.112+0000] {standard_task_runner.py:107} ERROR - Failed to execute job 1318 for task transform (transform_data() missing 1 required positional argument: 'df'; 4561)
[2025-12-17T04:54:11.184+0000] {local_task_job_runner.py:234} INFO - Task exited with return code 1
[2025-12-17T04:54:11.451+0000] {taskinstance.py:3280} INFO - 0 downstream tasks scheduled from follow-on schedule check
[2025-12-17T07:59:28.129+0000] {taskinstance.py:1956} INFO - Dependencies all met for dep_context=non-requeueable deps ti=<TaskInstance: etl_airflow.transform scheduled__2024-11-19T00:00:00+00:00 [queued]>
[2025-12-17T07:59:28.155+0000] {taskinstance.py:1956} INFO - Dependencies all met for dep_context=requeueable deps ti=<TaskInstance: etl_airflow.transform scheduled__2024-11-19T00:00:00+00:00 [queued]>
[2025-12-17T07:59:28.158+0000] {taskinstance.py:2170} INFO - Starting attempt 2 of 3
[2025-12-17T07:59:28.186+0000] {taskinstance.py:2191} INFO - Executing <Task(PythonOperator): transform> on 2024-11-19 00:00:00+00:00
[2025-12-17T07:59:28.199+0000] {standard_task_runner.py:60} INFO - Started process 4661 to run task
[2025-12-17T07:59:28.210+0000] {standard_task_runner.py:87} INFO - Running: ['***', 'tasks', 'run', 'etl_***', 'transform', 'scheduled__2024-11-19T00:00:00+00:00', '--job-id', '1320', '--raw', '--subdir', 'DAGS_FOLDER/etl_***.py', '--cfg-path', '/tmp/tmp_j3efgud']
[2025-12-17T07:59:28.216+0000] {standard_task_runner.py:88} INFO - Job 1320: Subtask transform
[2025-12-17T07:59:28.435+0000] {task_command.py:423} INFO - Running <TaskInstance: etl_airflow.transform scheduled__2024-11-19T00:00:00+00:00 [running]> on host 2a0de06c8905
[2025-12-17T07:59:28.818+0000] {taskinstance.py:2480} INFO - Exporting env vars: AIRFLOW_CTX_DAG_OWNER='***' AIRFLOW_CTX_DAG_ID='etl_***' AIRFLOW_CTX_TASK_ID='transform' AIRFLOW_CTX_EXECUTION_DATE='2024-11-19T00:00:00+00:00' AIRFLOW_CTX_TRY_NUMBER='2' AIRFLOW_CTX_DAG_RUN_ID='scheduled__2024-11-19T00:00:00+00:00'
[2025-12-17T07:59:28.829+0000] {taskinstance.py:2698} ERROR - Task failed with exception
Traceback (most recent call last):
  File "/home/airflow/.local/lib/python3.8/site-packages/airflow/models/taskinstance.py", line 433, in _execute_task
    result = execute_callable(context=context, **execute_callable_kwargs)
  File "/home/airflow/.local/lib/python3.8/site-packages/airflow/operators/python.py", line 199, in execute
    return_value = self.execute_callable()
  File "/home/airflow/.local/lib/python3.8/site-packages/airflow/operators/python.py", line 216, in execute_callable
    return self.python_callable(*self.op_args, **self.op_kwargs)
TypeError: transform_data() missing 1 required positional argument: 'df'
[2025-12-17T07:59:28.847+0000] {taskinstance.py:1138} INFO - Marking task as UP_FOR_RETRY. dag_id=etl_***, task_id=transform, execution_date=20241119T000000, start_date=20251217T075928, end_date=20251217T075928
[2025-12-17T07:59:29.171+0000] {standard_task_runner.py:107} ERROR - Failed to execute job 1320 for task transform (transform_data() missing 1 required positional argument: 'df'; 4661)
[2025-12-17T07:59:29.226+0000] {local_task_job_runner.py:234} INFO - Task exited with return code 1
[2025-12-17T07:59:29.278+0000] {taskinstance.py:3280} INFO - 0 downstream tasks scheduled from follow-on schedule check
