[2025-12-17T01:59:33.459+0000] {taskinstance.py:1956} INFO - Dependencies all met for dep_context=non-requeueable deps ti=<TaskInstance: etl_airflow.transform scheduled__2025-07-12T00:00:00+00:00 [queued]>
[2025-12-17T01:59:33.488+0000] {taskinstance.py:1956} INFO - Dependencies all met for dep_context=requeueable deps ti=<TaskInstance: etl_airflow.transform scheduled__2025-07-12T00:00:00+00:00 [queued]>
[2025-12-17T01:59:33.489+0000] {taskinstance.py:2170} INFO - Starting attempt 1 of 3
[2025-12-17T01:59:33.537+0000] {taskinstance.py:2191} INFO - Executing <Task(PythonOperator): transform> on 2025-07-12 00:00:00+00:00
[2025-12-17T01:59:33.554+0000] {standard_task_runner.py:60} INFO - Started process 5598 to run task
[2025-12-17T01:59:33.565+0000] {standard_task_runner.py:87} INFO - Running: ['***', 'tasks', 'run', 'etl_***', 'transform', 'scheduled__2025-07-12T00:00:00+00:00', '--job-id', '1700', '--raw', '--subdir', 'DAGS_FOLDER/etl_dag.py', '--cfg-path', '/tmp/tmpjiksx7v9']
[2025-12-17T01:59:33.571+0000] {standard_task_runner.py:88} INFO - Job 1700: Subtask transform
[2025-12-17T01:59:33.753+0000] {task_command.py:423} INFO - Running <TaskInstance: etl_airflow.transform scheduled__2025-07-12T00:00:00+00:00 [running]> on host 571e042550da
[2025-12-17T01:59:34.306+0000] {taskinstance.py:2480} INFO - Exporting env vars: AIRFLOW_CTX_DAG_OWNER='***' AIRFLOW_CTX_DAG_ID='etl_***' AIRFLOW_CTX_TASK_ID='transform' AIRFLOW_CTX_EXECUTION_DATE='2025-07-12T00:00:00+00:00' AIRFLOW_CTX_TRY_NUMBER='1' AIRFLOW_CTX_DAG_RUN_ID='scheduled__2025-07-12T00:00:00+00:00'
[2025-12-17T01:59:34.312+0000] {logging_mixin.py:188} INFO - [TRANSFORM]
[2025-12-17T01:59:34.342+0000] {logging_mixin.py:188} INFO - [TRANSFORM] done
[2025-12-17T01:59:34.343+0000] {python.py:201} INFO - Done. Returned value was: None
[2025-12-17T01:59:34.363+0000] {taskinstance.py:1138} INFO - Marking task as SUCCESS. dag_id=etl_***, task_id=transform, execution_date=20250712T000000, start_date=20251217T015933, end_date=20251217T015934
[2025-12-17T01:59:34.435+0000] {local_task_job_runner.py:234} INFO - Task exited with return code 0
[2025-12-17T01:59:34.477+0000] {taskinstance.py:3280} INFO - 1 downstream tasks scheduled from follow-on schedule check
[2025-12-17T05:02:07.481+0000] {taskinstance.py:1956} INFO - Dependencies all met for dep_context=non-requeueable deps ti=<TaskInstance: etl_airflow.transform scheduled__2025-07-12T00:00:00+00:00 [queued]>
[2025-12-17T05:02:07.494+0000] {taskinstance.py:1956} INFO - Dependencies all met for dep_context=requeueable deps ti=<TaskInstance: etl_airflow.transform scheduled__2025-07-12T00:00:00+00:00 [queued]>
[2025-12-17T05:02:07.495+0000] {taskinstance.py:2170} INFO - Starting attempt 1 of 3
[2025-12-17T05:02:07.513+0000] {taskinstance.py:2191} INFO - Executing <Task(PythonOperator): transform> on 2025-07-12 00:00:00+00:00
[2025-12-17T05:02:07.519+0000] {standard_task_runner.py:60} INFO - Started process 7494 to run task
[2025-12-17T05:02:07.525+0000] {standard_task_runner.py:87} INFO - Running: ['***', 'tasks', 'run', 'etl_***', 'transform', 'scheduled__2025-07-12T00:00:00+00:00', '--job-id', '2208', '--raw', '--subdir', 'DAGS_FOLDER/etl_***.py', '--cfg-path', '/tmp/tmpv29wfl8q']
[2025-12-17T05:02:07.529+0000] {standard_task_runner.py:88} INFO - Job 2208: Subtask transform
[2025-12-17T05:02:07.646+0000] {task_command.py:423} INFO - Running <TaskInstance: etl_airflow.transform scheduled__2025-07-12T00:00:00+00:00 [running]> on host b3426f05ac70
[2025-12-17T05:02:07.961+0000] {taskinstance.py:2480} INFO - Exporting env vars: AIRFLOW_CTX_DAG_OWNER='***' AIRFLOW_CTX_DAG_ID='etl_***' AIRFLOW_CTX_TASK_ID='transform' AIRFLOW_CTX_EXECUTION_DATE='2025-07-12T00:00:00+00:00' AIRFLOW_CTX_TRY_NUMBER='1' AIRFLOW_CTX_DAG_RUN_ID='scheduled__2025-07-12T00:00:00+00:00'
[2025-12-17T05:02:07.963+0000] {taskinstance.py:2698} ERROR - Task failed with exception
Traceback (most recent call last):
  File "/home/airflow/.local/lib/python3.8/site-packages/airflow/models/taskinstance.py", line 433, in _execute_task
    result = execute_callable(context=context, **execute_callable_kwargs)
  File "/home/airflow/.local/lib/python3.8/site-packages/airflow/operators/python.py", line 199, in execute
    return_value = self.execute_callable()
  File "/home/airflow/.local/lib/python3.8/site-packages/airflow/operators/python.py", line 216, in execute_callable
    return self.python_callable(*self.op_args, **self.op_kwargs)
TypeError: transform_data() missing 1 required positional argument: 'df'
[2025-12-17T05:02:07.973+0000] {taskinstance.py:1138} INFO - Marking task as UP_FOR_RETRY. dag_id=etl_***, task_id=transform, execution_date=20250712T000000, start_date=20251217T050207, end_date=20251217T050207
[2025-12-17T05:02:07.985+0000] {standard_task_runner.py:107} ERROR - Failed to execute job 2208 for task transform (transform_data() missing 1 required positional argument: 'df'; 7494)
[2025-12-17T05:02:08.023+0000] {local_task_job_runner.py:234} INFO - Task exited with return code 1
[2025-12-17T05:02:08.064+0000] {taskinstance.py:3280} INFO - 0 downstream tasks scheduled from follow-on schedule check
