[2025-12-17T05:03:33.060+0000] {taskinstance.py:1956} INFO - Dependencies all met for dep_context=non-requeueable deps ti=<TaskInstance: etl_airflow.transform scheduled__2025-07-30T00:00:00+00:00 [queued]>
[2025-12-17T05:03:33.080+0000] {taskinstance.py:1956} INFO - Dependencies all met for dep_context=requeueable deps ti=<TaskInstance: etl_airflow.transform scheduled__2025-07-30T00:00:00+00:00 [queued]>
[2025-12-17T05:03:33.082+0000] {taskinstance.py:2170} INFO - Starting attempt 3 of 3
[2025-12-17T05:03:33.110+0000] {taskinstance.py:2191} INFO - Executing <Task(PythonOperator): transform> on 2025-07-30 00:00:00+00:00
[2025-12-17T05:03:33.122+0000] {standard_task_runner.py:60} INFO - Started process 7975 to run task
[2025-12-17T05:03:33.128+0000] {standard_task_runner.py:87} INFO - Running: ['***', 'tasks', 'run', 'etl_***', 'transform', 'scheduled__2025-07-30T00:00:00+00:00', '--job-id', '2354', '--raw', '--subdir', 'DAGS_FOLDER/etl_***.py', '--cfg-path', '/tmp/tmpboddbw15']
[2025-12-17T05:03:33.134+0000] {standard_task_runner.py:88} INFO - Job 2354: Subtask transform
[2025-12-17T05:03:33.299+0000] {task_command.py:423} INFO - Running <TaskInstance: etl_airflow.transform scheduled__2025-07-30T00:00:00+00:00 [running]> on host b3426f05ac70
[2025-12-17T05:03:33.671+0000] {taskinstance.py:2480} INFO - Exporting env vars: AIRFLOW_CTX_DAG_OWNER='***' AIRFLOW_CTX_DAG_ID='etl_***' AIRFLOW_CTX_TASK_ID='transform' AIRFLOW_CTX_EXECUTION_DATE='2025-07-30T00:00:00+00:00' AIRFLOW_CTX_TRY_NUMBER='3' AIRFLOW_CTX_DAG_RUN_ID='scheduled__2025-07-30T00:00:00+00:00'
[2025-12-17T05:03:33.674+0000] {taskinstance.py:2698} ERROR - Task failed with exception
Traceback (most recent call last):
  File "/home/airflow/.local/lib/python3.8/site-packages/airflow/models/taskinstance.py", line 433, in _execute_task
    result = execute_callable(context=context, **execute_callable_kwargs)
  File "/home/airflow/.local/lib/python3.8/site-packages/airflow/operators/python.py", line 199, in execute
    return_value = self.execute_callable()
  File "/home/airflow/.local/lib/python3.8/site-packages/airflow/operators/python.py", line 216, in execute_callable
    return self.python_callable(*self.op_args, **self.op_kwargs)
TypeError: transform_data() missing 1 required positional argument: 'df'
[2025-12-17T05:03:33.687+0000] {taskinstance.py:1138} INFO - Marking task as FAILED. dag_id=etl_***, task_id=transform, execution_date=20250730T000000, start_date=20251217T050333, end_date=20251217T050333
[2025-12-17T05:03:33.703+0000] {standard_task_runner.py:107} ERROR - Failed to execute job 2354 for task transform (transform_data() missing 1 required positional argument: 'df'; 7975)
[2025-12-17T05:03:33.747+0000] {local_task_job_runner.py:234} INFO - Task exited with return code 1
[2025-12-17T05:03:33.841+0000] {taskinstance.py:3280} INFO - 0 downstream tasks scheduled from follow-on schedule check
