[2025-12-17T04:55:38.503+0000] {taskinstance.py:1956} INFO - Dependencies all met for dep_context=non-requeueable deps ti=<TaskInstance: etl_airflow.transform scheduled__2024-12-25T00:00:00+00:00 [queued]>
[2025-12-17T04:55:38.515+0000] {taskinstance.py:1956} INFO - Dependencies all met for dep_context=requeueable deps ti=<TaskInstance: etl_airflow.transform scheduled__2024-12-25T00:00:00+00:00 [queued]>
[2025-12-17T04:55:38.516+0000] {taskinstance.py:2170} INFO - Starting attempt 3 of 3
[2025-12-17T04:55:38.535+0000] {taskinstance.py:2191} INFO - Executing <Task(PythonOperator): transform> on 2024-12-25 00:00:00+00:00
[2025-12-17T04:55:38.544+0000] {standard_task_runner.py:60} INFO - Started process 5053 to run task
[2025-12-17T04:55:38.551+0000] {standard_task_runner.py:87} INFO - Running: ['***', 'tasks', 'run', 'etl_***', 'transform', 'scheduled__2024-12-25T00:00:00+00:00', '--job-id', '1464', '--raw', '--subdir', 'DAGS_FOLDER/etl_***.py', '--cfg-path', '/tmp/tmpqzd7m6zw']
[2025-12-17T04:55:38.556+0000] {standard_task_runner.py:88} INFO - Job 1464: Subtask transform
[2025-12-17T04:55:38.707+0000] {task_command.py:423} INFO - Running <TaskInstance: etl_airflow.transform scheduled__2024-12-25T00:00:00+00:00 [running]> on host b3426f05ac70
[2025-12-17T04:55:39.108+0000] {taskinstance.py:2480} INFO - Exporting env vars: AIRFLOW_CTX_DAG_OWNER='***' AIRFLOW_CTX_DAG_ID='etl_***' AIRFLOW_CTX_TASK_ID='transform' AIRFLOW_CTX_EXECUTION_DATE='2024-12-25T00:00:00+00:00' AIRFLOW_CTX_TRY_NUMBER='3' AIRFLOW_CTX_DAG_RUN_ID='scheduled__2024-12-25T00:00:00+00:00'
[2025-12-17T04:55:39.110+0000] {taskinstance.py:2698} ERROR - Task failed with exception
Traceback (most recent call last):
  File "/home/airflow/.local/lib/python3.8/site-packages/airflow/models/taskinstance.py", line 433, in _execute_task
    result = execute_callable(context=context, **execute_callable_kwargs)
  File "/home/airflow/.local/lib/python3.8/site-packages/airflow/operators/python.py", line 199, in execute
    return_value = self.execute_callable()
  File "/home/airflow/.local/lib/python3.8/site-packages/airflow/operators/python.py", line 216, in execute_callable
    return self.python_callable(*self.op_args, **self.op_kwargs)
TypeError: transform_data() missing 1 required positional argument: 'df'
[2025-12-17T04:55:39.141+0000] {taskinstance.py:1138} INFO - Marking task as FAILED. dag_id=etl_***, task_id=transform, execution_date=20241225T000000, start_date=20251217T045538, end_date=20251217T045539
[2025-12-17T04:55:39.189+0000] {standard_task_runner.py:107} ERROR - Failed to execute job 1464 for task transform (transform_data() missing 1 required positional argument: 'df'; 5053)
[2025-12-17T04:55:39.212+0000] {local_task_job_runner.py:234} INFO - Task exited with return code 1
[2025-12-17T04:55:39.299+0000] {taskinstance.py:3280} INFO - 0 downstream tasks scheduled from follow-on schedule check
[2025-12-17T08:01:04.015+0000] {taskinstance.py:1956} INFO - Dependencies all met for dep_context=non-requeueable deps ti=<TaskInstance: etl_airflow.transform scheduled__2024-12-25T00:00:00+00:00 [queued]>
[2025-12-17T08:01:04.039+0000] {taskinstance.py:1956} INFO - Dependencies all met for dep_context=requeueable deps ti=<TaskInstance: etl_airflow.transform scheduled__2024-12-25T00:00:00+00:00 [queued]>
[2025-12-17T08:01:04.041+0000] {taskinstance.py:2170} INFO - Starting attempt 3 of 3
[2025-12-17T08:01:04.073+0000] {taskinstance.py:2191} INFO - Executing <Task(PythonOperator): transform> on 2024-12-25 00:00:00+00:00
[2025-12-17T08:01:04.086+0000] {standard_task_runner.py:60} INFO - Started process 5155 to run task
[2025-12-17T08:01:04.099+0000] {standard_task_runner.py:87} INFO - Running: ['***', 'tasks', 'run', 'etl_***', 'transform', 'scheduled__2024-12-25T00:00:00+00:00', '--job-id', '1464', '--raw', '--subdir', 'DAGS_FOLDER/etl_***.py', '--cfg-path', '/tmp/tmpfzr7dgmq']
[2025-12-17T08:01:04.109+0000] {standard_task_runner.py:88} INFO - Job 1464: Subtask transform
[2025-12-17T08:01:04.290+0000] {task_command.py:423} INFO - Running <TaskInstance: etl_airflow.transform scheduled__2024-12-25T00:00:00+00:00 [running]> on host 2a0de06c8905
[2025-12-17T08:01:05.031+0000] {taskinstance.py:2480} INFO - Exporting env vars: AIRFLOW_CTX_DAG_OWNER='***' AIRFLOW_CTX_DAG_ID='etl_***' AIRFLOW_CTX_TASK_ID='transform' AIRFLOW_CTX_EXECUTION_DATE='2024-12-25T00:00:00+00:00' AIRFLOW_CTX_TRY_NUMBER='3' AIRFLOW_CTX_DAG_RUN_ID='scheduled__2024-12-25T00:00:00+00:00'
[2025-12-17T08:01:05.035+0000] {taskinstance.py:2698} ERROR - Task failed with exception
Traceback (most recent call last):
  File "/home/airflow/.local/lib/python3.8/site-packages/airflow/models/taskinstance.py", line 433, in _execute_task
    result = execute_callable(context=context, **execute_callable_kwargs)
  File "/home/airflow/.local/lib/python3.8/site-packages/airflow/operators/python.py", line 199, in execute
    return_value = self.execute_callable()
  File "/home/airflow/.local/lib/python3.8/site-packages/airflow/operators/python.py", line 216, in execute_callable
    return self.python_callable(*self.op_args, **self.op_kwargs)
TypeError: transform_data() missing 1 required positional argument: 'df'
[2025-12-17T08:01:05.060+0000] {taskinstance.py:1138} INFO - Marking task as FAILED. dag_id=etl_***, task_id=transform, execution_date=20241225T000000, start_date=20251217T080104, end_date=20251217T080105
[2025-12-17T08:01:05.101+0000] {standard_task_runner.py:107} ERROR - Failed to execute job 1464 for task transform (transform_data() missing 1 required positional argument: 'df'; 5155)
[2025-12-17T08:01:05.141+0000] {local_task_job_runner.py:234} INFO - Task exited with return code 1
[2025-12-17T08:01:05.230+0000] {taskinstance.py:3280} INFO - 0 downstream tasks scheduled from follow-on schedule check
