[2025-12-17T04:55:26.085+0000] {taskinstance.py:1956} INFO - Dependencies all met for dep_context=non-requeueable deps ti=<TaskInstance: etl_airflow.transform scheduled__2024-12-25T00:00:00+00:00 [queued]>
[2025-12-17T04:55:26.096+0000] {taskinstance.py:1956} INFO - Dependencies all met for dep_context=requeueable deps ti=<TaskInstance: etl_airflow.transform scheduled__2024-12-25T00:00:00+00:00 [queued]>
[2025-12-17T04:55:26.098+0000] {taskinstance.py:2170} INFO - Starting attempt 2 of 3
[2025-12-17T04:55:26.129+0000] {taskinstance.py:2191} INFO - Executing <Task(PythonOperator): transform> on 2024-12-25 00:00:00+00:00
[2025-12-17T04:55:26.141+0000] {standard_task_runner.py:60} INFO - Started process 5000 to run task
[2025-12-17T04:55:26.149+0000] {standard_task_runner.py:87} INFO - Running: ['***', 'tasks', 'run', 'etl_***', 'transform', 'scheduled__2024-12-25T00:00:00+00:00', '--job-id', '1448', '--raw', '--subdir', 'DAGS_FOLDER/etl_***.py', '--cfg-path', '/tmp/tmpc43l5vpx']
[2025-12-17T04:55:26.157+0000] {standard_task_runner.py:88} INFO - Job 1448: Subtask transform
[2025-12-17T04:55:26.302+0000] {task_command.py:423} INFO - Running <TaskInstance: etl_airflow.transform scheduled__2024-12-25T00:00:00+00:00 [running]> on host b3426f05ac70
[2025-12-17T04:55:26.666+0000] {taskinstance.py:2480} INFO - Exporting env vars: AIRFLOW_CTX_DAG_OWNER='***' AIRFLOW_CTX_DAG_ID='etl_***' AIRFLOW_CTX_TASK_ID='transform' AIRFLOW_CTX_EXECUTION_DATE='2024-12-25T00:00:00+00:00' AIRFLOW_CTX_TRY_NUMBER='2' AIRFLOW_CTX_DAG_RUN_ID='scheduled__2024-12-25T00:00:00+00:00'
[2025-12-17T04:55:26.672+0000] {taskinstance.py:2698} ERROR - Task failed with exception
Traceback (most recent call last):
  File "/home/airflow/.local/lib/python3.8/site-packages/airflow/models/taskinstance.py", line 433, in _execute_task
    result = execute_callable(context=context, **execute_callable_kwargs)
  File "/home/airflow/.local/lib/python3.8/site-packages/airflow/operators/python.py", line 199, in execute
    return_value = self.execute_callable()
  File "/home/airflow/.local/lib/python3.8/site-packages/airflow/operators/python.py", line 216, in execute_callable
    return self.python_callable(*self.op_args, **self.op_kwargs)
TypeError: transform_data() missing 1 required positional argument: 'df'
[2025-12-17T04:55:26.688+0000] {taskinstance.py:1138} INFO - Marking task as UP_FOR_RETRY. dag_id=etl_***, task_id=transform, execution_date=20241225T000000, start_date=20251217T045526, end_date=20251217T045526
[2025-12-17T04:55:26.706+0000] {standard_task_runner.py:107} ERROR - Failed to execute job 1448 for task transform (transform_data() missing 1 required positional argument: 'df'; 5000)
[2025-12-17T04:55:26.769+0000] {local_task_job_runner.py:234} INFO - Task exited with return code 1
[2025-12-17T04:55:26.955+0000] {taskinstance.py:3280} INFO - 0 downstream tasks scheduled from follow-on schedule check
[2025-12-17T08:00:50.764+0000] {taskinstance.py:1956} INFO - Dependencies all met for dep_context=non-requeueable deps ti=<TaskInstance: etl_airflow.transform scheduled__2024-12-25T00:00:00+00:00 [queued]>
[2025-12-17T08:00:50.787+0000] {taskinstance.py:1956} INFO - Dependencies all met for dep_context=requeueable deps ti=<TaskInstance: etl_airflow.transform scheduled__2024-12-25T00:00:00+00:00 [queued]>
[2025-12-17T08:00:50.789+0000] {taskinstance.py:2170} INFO - Starting attempt 2 of 3
[2025-12-17T08:00:50.825+0000] {taskinstance.py:2191} INFO - Executing <Task(PythonOperator): transform> on 2024-12-25 00:00:00+00:00
[2025-12-17T08:00:50.848+0000] {standard_task_runner.py:60} INFO - Started process 5098 to run task
[2025-12-17T08:00:50.860+0000] {standard_task_runner.py:87} INFO - Running: ['***', 'tasks', 'run', 'etl_***', 'transform', 'scheduled__2024-12-25T00:00:00+00:00', '--job-id', '1449', '--raw', '--subdir', 'DAGS_FOLDER/etl_***.py', '--cfg-path', '/tmp/tmpkquuaz71']
[2025-12-17T08:00:50.869+0000] {standard_task_runner.py:88} INFO - Job 1449: Subtask transform
[2025-12-17T08:00:51.051+0000] {task_command.py:423} INFO - Running <TaskInstance: etl_airflow.transform scheduled__2024-12-25T00:00:00+00:00 [running]> on host 2a0de06c8905
[2025-12-17T08:00:51.540+0000] {taskinstance.py:2480} INFO - Exporting env vars: AIRFLOW_CTX_DAG_OWNER='***' AIRFLOW_CTX_DAG_ID='etl_***' AIRFLOW_CTX_TASK_ID='transform' AIRFLOW_CTX_EXECUTION_DATE='2024-12-25T00:00:00+00:00' AIRFLOW_CTX_TRY_NUMBER='2' AIRFLOW_CTX_DAG_RUN_ID='scheduled__2024-12-25T00:00:00+00:00'
[2025-12-17T08:00:51.543+0000] {taskinstance.py:2698} ERROR - Task failed with exception
Traceback (most recent call last):
  File "/home/airflow/.local/lib/python3.8/site-packages/airflow/models/taskinstance.py", line 433, in _execute_task
    result = execute_callable(context=context, **execute_callable_kwargs)
  File "/home/airflow/.local/lib/python3.8/site-packages/airflow/operators/python.py", line 199, in execute
    return_value = self.execute_callable()
  File "/home/airflow/.local/lib/python3.8/site-packages/airflow/operators/python.py", line 216, in execute_callable
    return self.python_callable(*self.op_args, **self.op_kwargs)
TypeError: transform_data() missing 1 required positional argument: 'df'
[2025-12-17T08:00:51.562+0000] {taskinstance.py:1138} INFO - Marking task as UP_FOR_RETRY. dag_id=etl_***, task_id=transform, execution_date=20241225T000000, start_date=20251217T080050, end_date=20251217T080051
[2025-12-17T08:00:51.589+0000] {standard_task_runner.py:107} ERROR - Failed to execute job 1449 for task transform (transform_data() missing 1 required positional argument: 'df'; 5098)
[2025-12-17T08:00:51.635+0000] {local_task_job_runner.py:234} INFO - Task exited with return code 1
[2025-12-17T08:00:51.694+0000] {taskinstance.py:3280} INFO - 0 downstream tasks scheduled from follow-on schedule check
