[2025-12-16T16:52:02.991+0000] {taskinstance.py:1956} INFO - Dependencies all met for dep_context=non-requeueable deps ti=<TaskInstance: etl_airflow.extract scheduled__2024-05-16T00:00:00+00:00 [queued]>
[2025-12-16T16:52:03.005+0000] {taskinstance.py:1956} INFO - Dependencies all met for dep_context=requeueable deps ti=<TaskInstance: etl_airflow.extract scheduled__2024-05-16T00:00:00+00:00 [queued]>
[2025-12-16T16:52:03.005+0000] {taskinstance.py:2170} INFO - Starting attempt 4 of 6
[2025-12-16T16:52:03.022+0000] {taskinstance.py:2191} INFO - Executing <Task(PythonOperator): extract> on 2024-05-16 00:00:00+00:00
[2025-12-16T16:52:03.032+0000] {standard_task_runner.py:60} INFO - Started process 3556 to run task
[2025-12-16T16:52:03.038+0000] {standard_task_runner.py:87} INFO - Running: ['***', 'tasks', 'run', 'etl_***', 'extract', 'scheduled__2024-05-16T00:00:00+00:00', '--job-id', '1890', '--raw', '--subdir', 'DAGS_FOLDER/etl_dag.py', '--cfg-path', '/tmp/tmp6dpxbqqe']
[2025-12-16T16:52:03.042+0000] {standard_task_runner.py:88} INFO - Job 1890: Subtask extract
[2025-12-16T16:52:03.153+0000] {task_command.py:423} INFO - Running <TaskInstance: etl_airflow.extract scheduled__2024-05-16T00:00:00+00:00 [running]> on host db658e834d9d
[2025-12-16T16:52:03.380+0000] {taskinstance.py:2480} INFO - Exporting env vars: AIRFLOW_CTX_DAG_OWNER='***' AIRFLOW_CTX_DAG_ID='etl_***' AIRFLOW_CTX_TASK_ID='extract' AIRFLOW_CTX_EXECUTION_DATE='2024-05-16T00:00:00+00:00' AIRFLOW_CTX_TRY_NUMBER='4' AIRFLOW_CTX_DAG_RUN_ID='scheduled__2024-05-16T00:00:00+00:00'
[2025-12-16T16:52:03.384+0000] {logging_mixin.py:188} INFO - Extracting data from E:\GPP\Task_4\comparative-data-orchestrationirflow\data\synthetic_events.csv
[2025-12-16T16:52:03.389+0000] {taskinstance.py:2698} ERROR - Task failed with exception
Traceback (most recent call last):
  File "/home/airflow/.local/lib/python3.8/site-packages/airflow/models/taskinstance.py", line 433, in _execute_task
    result = execute_callable(context=context, **execute_callable_kwargs)
  File "/home/airflow/.local/lib/python3.8/site-packages/airflow/operators/python.py", line 199, in execute
    return_value = self.execute_callable()
  File "/home/airflow/.local/lib/python3.8/site-packages/airflow/operators/python.py", line 216, in execute_callable
    return self.python_callable(*self.op_args, **self.op_kwargs)
  File "/opt/airflow/etl_logic/pipeline.py", line 97, in extract_data
    df = pd.read_csv(input_path)
  File "/home/airflow/.local/lib/python3.8/site-packages/pandas/io/parsers/readers.py", line 912, in read_csv
    return _read(filepath_or_buffer, kwds)
  File "/home/airflow/.local/lib/python3.8/site-packages/pandas/io/parsers/readers.py", line 577, in _read
    parser = TextFileReader(filepath_or_buffer, **kwds)
  File "/home/airflow/.local/lib/python3.8/site-packages/pandas/io/parsers/readers.py", line 1407, in __init__
    self._engine = self._make_engine(f, self.engine)
  File "/home/airflow/.local/lib/python3.8/site-packages/pandas/io/parsers/readers.py", line 1661, in _make_engine
    self.handles = get_handle(
  File "/home/airflow/.local/lib/python3.8/site-packages/pandas/io/common.py", line 859, in get_handle
    handle = open(
FileNotFoundError: [Errno 2] No such file or directory: 'E:\\GPP\\Task_4\\comparative-data-orchestration\x07irflow\\data\\synthetic_events.csv'
[2025-12-16T16:52:03.410+0000] {taskinstance.py:1138} INFO - Marking task as UP_FOR_RETRY. dag_id=etl_***, task_id=extract, execution_date=20240516T000000, start_date=20251216T165202, end_date=20251216T165203
[2025-12-16T16:52:03.429+0000] {standard_task_runner.py:107} ERROR - Failed to execute job 1890 for task extract ([Errno 2] No such file or directory: 'E:\\GPP\\Task_4\\comparative-data-orchestration\x07irflow\\data\\synthetic_events.csv'; 3556)
[2025-12-16T16:52:03.454+0000] {local_task_job_runner.py:234} INFO - Task exited with return code 1
[2025-12-16T16:52:03.507+0000] {taskinstance.py:3280} INFO - 0 downstream tasks scheduled from follow-on schedule check
