[2025-12-17T01:59:54.612+0000] {taskinstance.py:1956} INFO - Dependencies all met for dep_context=non-requeueable deps ti=<TaskInstance: etl_airflow.extract scheduled__2025-08-07T00:00:00+00:00 [queued]>
[2025-12-17T01:59:54.642+0000] {taskinstance.py:1956} INFO - Dependencies all met for dep_context=requeueable deps ti=<TaskInstance: etl_airflow.extract scheduled__2025-08-07T00:00:00+00:00 [queued]>
[2025-12-17T01:59:54.645+0000] {taskinstance.py:2170} INFO - Starting attempt 1 of 3
[2025-12-17T01:59:54.672+0000] {taskinstance.py:2191} INFO - Executing <Task(PythonOperator): extract> on 2025-08-07 00:00:00+00:00
[2025-12-17T01:59:54.684+0000] {standard_task_runner.py:60} INFO - Started process 5812 to run task
[2025-12-17T01:59:54.691+0000] {standard_task_runner.py:87} INFO - Running: ['***', 'tasks', 'run', 'etl_***', 'extract', 'scheduled__2025-08-07T00:00:00+00:00', '--job-id', '1766', '--raw', '--subdir', 'DAGS_FOLDER/etl_dag.py', '--cfg-path', '/tmp/tmppafbj__4']
[2025-12-17T01:59:54.701+0000] {standard_task_runner.py:88} INFO - Job 1766: Subtask extract
[2025-12-17T01:59:54.843+0000] {task_command.py:423} INFO - Running <TaskInstance: etl_airflow.extract scheduled__2025-08-07T00:00:00+00:00 [running]> on host 571e042550da
[2025-12-17T01:59:55.328+0000] {taskinstance.py:2480} INFO - Exporting env vars: AIRFLOW_CTX_DAG_OWNER='***' AIRFLOW_CTX_DAG_ID='etl_***' AIRFLOW_CTX_TASK_ID='extract' AIRFLOW_CTX_EXECUTION_DATE='2025-08-07T00:00:00+00:00' AIRFLOW_CTX_TRY_NUMBER='1' AIRFLOW_CTX_DAG_RUN_ID='scheduled__2025-08-07T00:00:00+00:00'
[2025-12-17T01:59:55.331+0000] {logging_mixin.py:188} INFO - [EXTRACT] Reading /opt/***/data/synthetic_events.csv
[2025-12-17T01:59:55.366+0000] {logging_mixin.py:188} INFO - [EXTRACT] done
[2025-12-17T01:59:55.367+0000] {python.py:201} INFO - Done. Returned value was: None
[2025-12-17T01:59:55.398+0000] {taskinstance.py:1138} INFO - Marking task as SUCCESS. dag_id=etl_***, task_id=extract, execution_date=20250807T000000, start_date=20251217T015954, end_date=20251217T015955
[2025-12-17T01:59:55.483+0000] {local_task_job_runner.py:234} INFO - Task exited with return code 0
[2025-12-17T01:59:55.822+0000] {taskinstance.py:3280} INFO - 0 downstream tasks scheduled from follow-on schedule check
[2025-12-17T05:03:10.814+0000] {taskinstance.py:1956} INFO - Dependencies all met for dep_context=non-requeueable deps ti=<TaskInstance: etl_airflow.extract scheduled__2025-08-07T00:00:00+00:00 [queued]>
[2025-12-17T05:03:10.832+0000] {taskinstance.py:1956} INFO - Dependencies all met for dep_context=requeueable deps ti=<TaskInstance: etl_airflow.extract scheduled__2025-08-07T00:00:00+00:00 [queued]>
[2025-12-17T05:03:10.834+0000] {taskinstance.py:2170} INFO - Starting attempt 1 of 3
[2025-12-17T05:03:11.056+0000] {taskinstance.py:2191} INFO - Executing <Task(PythonOperator): extract> on 2025-08-07 00:00:00+00:00
[2025-12-17T05:03:11.066+0000] {standard_task_runner.py:60} INFO - Started process 7859 to run task
[2025-12-17T05:03:11.071+0000] {standard_task_runner.py:87} INFO - Running: ['***', 'tasks', 'run', 'etl_***', 'extract', 'scheduled__2025-08-07T00:00:00+00:00', '--job-id', '2315', '--raw', '--subdir', 'DAGS_FOLDER/etl_***.py', '--cfg-path', '/tmp/tmp1q4bi8jg']
[2025-12-17T05:03:11.076+0000] {standard_task_runner.py:88} INFO - Job 2315: Subtask extract
[2025-12-17T05:03:11.216+0000] {task_command.py:423} INFO - Running <TaskInstance: etl_airflow.extract scheduled__2025-08-07T00:00:00+00:00 [running]> on host b3426f05ac70
[2025-12-17T05:03:11.605+0000] {taskinstance.py:2480} INFO - Exporting env vars: AIRFLOW_CTX_DAG_OWNER='***' AIRFLOW_CTX_DAG_ID='etl_***' AIRFLOW_CTX_TASK_ID='extract' AIRFLOW_CTX_EXECUTION_DATE='2025-08-07T00:00:00+00:00' AIRFLOW_CTX_TRY_NUMBER='1' AIRFLOW_CTX_DAG_RUN_ID='scheduled__2025-08-07T00:00:00+00:00'
[2025-12-17T05:03:11.627+0000] {python.py:201} INFO - Done. Returned value was:    user_id event_type           timestamp country
0        1      login 2025-01-01 09:00:00      IN
1        1      click 2025-01-01 09:05:00      IN
2        1     logout 2025-01-01 09:15:00      IN
3        2      login 2025-01-01 10:00:00      US
4        2      click 2025-01-01 10:10:00      US
5        2     logout 2025-01-01 10:20:00      US
6        3      login 2025-01-02 08:00:00      FR
7        3      click 2025-01-02 08:05:00      FR
8        3     logout 2025-01-02 08:30:00      FR
[2025-12-17T05:03:11.693+0000] {taskinstance.py:1138} INFO - Marking task as SUCCESS. dag_id=etl_***, task_id=extract, execution_date=20250807T000000, start_date=20251217T050310, end_date=20251217T050311
[2025-12-17T05:03:11.790+0000] {local_task_job_runner.py:234} INFO - Task exited with return code 0
[2025-12-17T05:03:11.851+0000] {taskinstance.py:3280} INFO - 1 downstream tasks scheduled from follow-on schedule check
