[2025-12-17T04:51:29.589+0000] {taskinstance.py:1956} INFO - Dependencies all met for dep_context=non-requeueable deps ti=<TaskInstance: etl_airflow.transform scheduled__2024-08-28T00:00:00+00:00 [queued]>
[2025-12-17T04:51:29.608+0000] {taskinstance.py:1956} INFO - Dependencies all met for dep_context=requeueable deps ti=<TaskInstance: etl_airflow.transform scheduled__2024-08-28T00:00:00+00:00 [queued]>
[2025-12-17T04:51:29.609+0000] {taskinstance.py:2170} INFO - Starting attempt 3 of 3
[2025-12-17T04:51:29.625+0000] {taskinstance.py:2191} INFO - Executing <Task(PythonOperator): transform> on 2024-08-28 00:00:00+00:00
[2025-12-17T04:51:29.637+0000] {standard_task_runner.py:60} INFO - Started process 3558 to run task
[2025-12-17T04:51:29.643+0000] {standard_task_runner.py:87} INFO - Running: ['***', 'tasks', 'run', 'etl_***', 'transform', 'scheduled__2024-08-28T00:00:00+00:00', '--job-id', '1014', '--raw', '--subdir', 'DAGS_FOLDER/etl_***.py', '--cfg-path', '/tmp/tmp2j35bimj']
[2025-12-17T04:51:29.647+0000] {standard_task_runner.py:88} INFO - Job 1014: Subtask transform
[2025-12-17T04:51:29.758+0000] {task_command.py:423} INFO - Running <TaskInstance: etl_airflow.transform scheduled__2024-08-28T00:00:00+00:00 [running]> on host b3426f05ac70
[2025-12-17T04:51:30.166+0000] {taskinstance.py:2480} INFO - Exporting env vars: AIRFLOW_CTX_DAG_OWNER='***' AIRFLOW_CTX_DAG_ID='etl_***' AIRFLOW_CTX_TASK_ID='transform' AIRFLOW_CTX_EXECUTION_DATE='2024-08-28T00:00:00+00:00' AIRFLOW_CTX_TRY_NUMBER='3' AIRFLOW_CTX_DAG_RUN_ID='scheduled__2024-08-28T00:00:00+00:00'
[2025-12-17T04:51:30.168+0000] {taskinstance.py:2698} ERROR - Task failed with exception
Traceback (most recent call last):
  File "/home/airflow/.local/lib/python3.8/site-packages/airflow/models/taskinstance.py", line 433, in _execute_task
    result = execute_callable(context=context, **execute_callable_kwargs)
  File "/home/airflow/.local/lib/python3.8/site-packages/airflow/operators/python.py", line 199, in execute
    return_value = self.execute_callable()
  File "/home/airflow/.local/lib/python3.8/site-packages/airflow/operators/python.py", line 216, in execute_callable
    return self.python_callable(*self.op_args, **self.op_kwargs)
TypeError: transform_data() missing 1 required positional argument: 'df'
[2025-12-17T04:51:30.182+0000] {taskinstance.py:1138} INFO - Marking task as FAILED. dag_id=etl_***, task_id=transform, execution_date=20240828T000000, start_date=20251217T045129, end_date=20251217T045130
[2025-12-17T04:51:30.382+0000] {standard_task_runner.py:107} ERROR - Failed to execute job 1014 for task transform (transform_data() missing 1 required positional argument: 'df'; 3558)
[2025-12-17T04:51:30.421+0000] {local_task_job_runner.py:234} INFO - Task exited with return code 1
[2025-12-17T04:51:30.461+0000] {taskinstance.py:3280} INFO - 0 downstream tasks scheduled from follow-on schedule check
[2025-12-17T07:45:25.331+0000] {taskinstance.py:1956} INFO - Dependencies all met for dep_context=non-requeueable deps ti=<TaskInstance: etl_airflow.transform scheduled__2024-08-28T00:00:00+00:00 [queued]>
[2025-12-17T07:45:25.353+0000] {taskinstance.py:1956} INFO - Dependencies all met for dep_context=requeueable deps ti=<TaskInstance: etl_airflow.transform scheduled__2024-08-28T00:00:00+00:00 [queued]>
[2025-12-17T07:45:25.357+0000] {taskinstance.py:2170} INFO - Starting attempt 3 of 3
[2025-12-17T07:45:25.389+0000] {taskinstance.py:2191} INFO - Executing <Task(PythonOperator): transform> on 2024-08-28 00:00:00+00:00
[2025-12-17T07:45:25.398+0000] {standard_task_runner.py:60} INFO - Started process 3638 to run task
[2025-12-17T07:45:25.403+0000] {standard_task_runner.py:87} INFO - Running: ['***', 'tasks', 'run', 'etl_***', 'transform', 'scheduled__2024-08-28T00:00:00+00:00', '--job-id', '1015', '--raw', '--subdir', 'DAGS_FOLDER/etl_***.py', '--cfg-path', '/tmp/tmphif2f8_c']
[2025-12-17T07:45:25.408+0000] {standard_task_runner.py:88} INFO - Job 1015: Subtask transform
[2025-12-17T07:45:25.554+0000] {task_command.py:423} INFO - Running <TaskInstance: etl_airflow.transform scheduled__2024-08-28T00:00:00+00:00 [running]> on host 2a0de06c8905
[2025-12-17T07:45:26.206+0000] {taskinstance.py:2480} INFO - Exporting env vars: AIRFLOW_CTX_DAG_OWNER='***' AIRFLOW_CTX_DAG_ID='etl_***' AIRFLOW_CTX_TASK_ID='transform' AIRFLOW_CTX_EXECUTION_DATE='2024-08-28T00:00:00+00:00' AIRFLOW_CTX_TRY_NUMBER='3' AIRFLOW_CTX_DAG_RUN_ID='scheduled__2024-08-28T00:00:00+00:00'
[2025-12-17T07:45:26.211+0000] {taskinstance.py:2698} ERROR - Task failed with exception
Traceback (most recent call last):
  File "/home/airflow/.local/lib/python3.8/site-packages/airflow/models/taskinstance.py", line 433, in _execute_task
    result = execute_callable(context=context, **execute_callable_kwargs)
  File "/home/airflow/.local/lib/python3.8/site-packages/airflow/operators/python.py", line 199, in execute
    return_value = self.execute_callable()
  File "/home/airflow/.local/lib/python3.8/site-packages/airflow/operators/python.py", line 216, in execute_callable
    return self.python_callable(*self.op_args, **self.op_kwargs)
TypeError: transform_data() missing 1 required positional argument: 'df'
[2025-12-17T07:45:26.236+0000] {taskinstance.py:1138} INFO - Marking task as FAILED. dag_id=etl_***, task_id=transform, execution_date=20240828T000000, start_date=20251217T074525, end_date=20251217T074526
[2025-12-17T07:45:26.516+0000] {standard_task_runner.py:107} ERROR - Failed to execute job 1015 for task transform (transform_data() missing 1 required positional argument: 'df'; 3638)
[2025-12-17T07:45:26.580+0000] {local_task_job_runner.py:234} INFO - Task exited with return code 1
[2025-12-17T07:45:26.886+0000] {taskinstance.py:3280} INFO - 0 downstream tasks scheduled from follow-on schedule check
