[2025-12-16T16:43:21.236+0000] {taskinstance.py:1956} INFO - Dependencies all met for dep_context=non-requeueable deps ti=<TaskInstance: etl_airflow.extract scheduled__2024-12-17T00:00:00+00:00 [queued]>
[2025-12-16T16:43:21.278+0000] {taskinstance.py:1956} INFO - Dependencies all met for dep_context=requeueable deps ti=<TaskInstance: etl_airflow.extract scheduled__2024-12-17T00:00:00+00:00 [queued]>
[2025-12-16T16:43:21.281+0000] {taskinstance.py:2170} INFO - Starting attempt 1 of 3
[2025-12-16T16:43:21.330+0000] {taskinstance.py:2191} INFO - Executing <Task(PythonOperator): extract> on 2024-12-17 00:00:00+00:00
[2025-12-16T16:43:21.345+0000] {standard_task_runner.py:60} INFO - Started process 797 to run task
[2025-12-16T16:43:21.358+0000] {standard_task_runner.py:87} INFO - Running: ['***', 'tasks', 'run', 'etl_***', 'extract', 'scheduled__2024-12-17T00:00:00+00:00', '--job-id', '1060', '--raw', '--subdir', 'DAGS_FOLDER/etl_dag.py', '--cfg-path', '/tmp/tmpr5hd9zyh']
[2025-12-16T16:43:21.365+0000] {standard_task_runner.py:88} INFO - Job 1060: Subtask extract
[2025-12-16T16:43:21.547+0000] {task_command.py:423} INFO - Running <TaskInstance: etl_airflow.extract scheduled__2024-12-17T00:00:00+00:00 [running]> on host db658e834d9d
[2025-12-16T16:43:21.796+0000] {taskinstance.py:2480} INFO - Exporting env vars: AIRFLOW_CTX_DAG_OWNER='***' AIRFLOW_CTX_DAG_ID='etl_***' AIRFLOW_CTX_TASK_ID='extract' AIRFLOW_CTX_EXECUTION_DATE='2024-12-17T00:00:00+00:00' AIRFLOW_CTX_TRY_NUMBER='1' AIRFLOW_CTX_DAG_RUN_ID='scheduled__2024-12-17T00:00:00+00:00'
[2025-12-16T16:43:21.801+0000] {logging_mixin.py:188} INFO - Extracting data from /opt/***/data/input.csv
[2025-12-16T16:43:21.814+0000] {taskinstance.py:2698} ERROR - Task failed with exception
Traceback (most recent call last):
  File "/home/airflow/.local/lib/python3.8/site-packages/airflow/models/taskinstance.py", line 433, in _execute_task
    result = execute_callable(context=context, **execute_callable_kwargs)
  File "/home/airflow/.local/lib/python3.8/site-packages/airflow/operators/python.py", line 199, in execute
    return_value = self.execute_callable()
  File "/home/airflow/.local/lib/python3.8/site-packages/airflow/operators/python.py", line 216, in execute_callable
    return self.python_callable(*self.op_args, **self.op_kwargs)
  File "/opt/airflow/etl_logic/pipeline.py", line 97, in extract_data
    df = pd.read_csv(input_path)
  File "/home/airflow/.local/lib/python3.8/site-packages/pandas/io/parsers/readers.py", line 912, in read_csv
    return _read(filepath_or_buffer, kwds)
  File "/home/airflow/.local/lib/python3.8/site-packages/pandas/io/parsers/readers.py", line 577, in _read
    parser = TextFileReader(filepath_or_buffer, **kwds)
  File "/home/airflow/.local/lib/python3.8/site-packages/pandas/io/parsers/readers.py", line 1407, in __init__
    self._engine = self._make_engine(f, self.engine)
  File "/home/airflow/.local/lib/python3.8/site-packages/pandas/io/parsers/readers.py", line 1661, in _make_engine
    self.handles = get_handle(
  File "/home/airflow/.local/lib/python3.8/site-packages/pandas/io/common.py", line 859, in get_handle
    handle = open(
FileNotFoundError: [Errno 2] No such file or directory: '/opt/airflow/data/input.csv'
[2025-12-16T16:43:21.862+0000] {taskinstance.py:1138} INFO - Marking task as UP_FOR_RETRY. dag_id=etl_***, task_id=extract, execution_date=20241217T000000, start_date=20251216T164321, end_date=20251216T164321
[2025-12-16T16:43:22.055+0000] {standard_task_runner.py:107} ERROR - Failed to execute job 1060 for task extract ([Errno 2] No such file or directory: '/opt/airflow/data/input.csv'; 797)
[2025-12-16T16:43:22.099+0000] {local_task_job_runner.py:234} INFO - Task exited with return code 1
[2025-12-16T16:43:22.192+0000] {taskinstance.py:3280} INFO - 0 downstream tasks scheduled from follow-on schedule check
[2025-12-17T01:56:13.338+0000] {taskinstance.py:1956} INFO - Dependencies all met for dep_context=non-requeueable deps ti=<TaskInstance: etl_airflow.extract scheduled__2024-12-17T00:00:00+00:00 [queued]>
[2025-12-17T01:56:13.369+0000] {taskinstance.py:1956} INFO - Dependencies all met for dep_context=requeueable deps ti=<TaskInstance: etl_airflow.extract scheduled__2024-12-17T00:00:00+00:00 [queued]>
[2025-12-17T01:56:13.370+0000] {taskinstance.py:2170} INFO - Starting attempt 1 of 3
[2025-12-17T01:56:13.676+0000] {taskinstance.py:2191} INFO - Executing <Task(PythonOperator): extract> on 2024-12-17 00:00:00+00:00
[2025-12-17T01:56:13.687+0000] {standard_task_runner.py:60} INFO - Started process 3563 to run task
[2025-12-17T01:56:13.707+0000] {standard_task_runner.py:87} INFO - Running: ['***', 'tasks', 'run', 'etl_***', 'extract', 'scheduled__2024-12-17T00:00:00+00:00', '--job-id', '1054', '--raw', '--subdir', 'DAGS_FOLDER/etl_dag.py', '--cfg-path', '/tmp/tmp0ivyi1bf']
[2025-12-17T01:56:13.718+0000] {standard_task_runner.py:88} INFO - Job 1054: Subtask extract
[2025-12-17T01:56:13.934+0000] {task_command.py:423} INFO - Running <TaskInstance: etl_airflow.extract scheduled__2024-12-17T00:00:00+00:00 [running]> on host 571e042550da
[2025-12-17T01:56:14.509+0000] {taskinstance.py:2480} INFO - Exporting env vars: AIRFLOW_CTX_DAG_OWNER='***' AIRFLOW_CTX_DAG_ID='etl_***' AIRFLOW_CTX_TASK_ID='extract' AIRFLOW_CTX_EXECUTION_DATE='2024-12-17T00:00:00+00:00' AIRFLOW_CTX_TRY_NUMBER='1' AIRFLOW_CTX_DAG_RUN_ID='scheduled__2024-12-17T00:00:00+00:00'
[2025-12-17T01:56:14.514+0000] {logging_mixin.py:188} INFO - [EXTRACT] Reading /opt/***/data/synthetic_events.csv
[2025-12-17T01:56:14.603+0000] {logging_mixin.py:188} INFO - [EXTRACT] done
[2025-12-17T01:56:14.608+0000] {python.py:201} INFO - Done. Returned value was: None
[2025-12-17T01:56:14.644+0000] {taskinstance.py:1138} INFO - Marking task as SUCCESS. dag_id=etl_***, task_id=extract, execution_date=20241217T000000, start_date=20251217T015613, end_date=20251217T015614
[2025-12-17T01:56:14.742+0000] {local_task_job_runner.py:234} INFO - Task exited with return code 0
[2025-12-17T01:56:14.841+0000] {taskinstance.py:3280} INFO - 1 downstream tasks scheduled from follow-on schedule check
[2025-12-17T04:54:42.076+0000] {taskinstance.py:1956} INFO - Dependencies all met for dep_context=non-requeueable deps ti=<TaskInstance: etl_airflow.extract scheduled__2024-12-17T00:00:00+00:00 [queued]>
[2025-12-17T04:54:42.095+0000] {taskinstance.py:1956} INFO - Dependencies all met for dep_context=requeueable deps ti=<TaskInstance: etl_airflow.extract scheduled__2024-12-17T00:00:00+00:00 [queued]>
[2025-12-17T04:54:42.099+0000] {taskinstance.py:2170} INFO - Starting attempt 1 of 3
[2025-12-17T04:54:42.143+0000] {taskinstance.py:2191} INFO - Executing <Task(PythonOperator): extract> on 2024-12-17 00:00:00+00:00
[2025-12-17T04:54:42.153+0000] {standard_task_runner.py:60} INFO - Started process 4741 to run task
[2025-12-17T04:54:42.165+0000] {standard_task_runner.py:87} INFO - Running: ['***', 'tasks', 'run', 'etl_***', 'extract', 'scheduled__2024-12-17T00:00:00+00:00', '--job-id', '1369', '--raw', '--subdir', 'DAGS_FOLDER/etl_***.py', '--cfg-path', '/tmp/tmphmeis4jk']
[2025-12-17T04:54:42.171+0000] {standard_task_runner.py:88} INFO - Job 1369: Subtask extract
[2025-12-17T04:54:42.318+0000] {task_command.py:423} INFO - Running <TaskInstance: etl_airflow.extract scheduled__2024-12-17T00:00:00+00:00 [running]> on host b3426f05ac70
[2025-12-17T04:54:42.721+0000] {taskinstance.py:2480} INFO - Exporting env vars: AIRFLOW_CTX_DAG_OWNER='***' AIRFLOW_CTX_DAG_ID='etl_***' AIRFLOW_CTX_TASK_ID='extract' AIRFLOW_CTX_EXECUTION_DATE='2024-12-17T00:00:00+00:00' AIRFLOW_CTX_TRY_NUMBER='1' AIRFLOW_CTX_DAG_RUN_ID='scheduled__2024-12-17T00:00:00+00:00'
[2025-12-17T04:54:42.752+0000] {python.py:201} INFO - Done. Returned value was:    user_id event_type           timestamp country
0        1      login 2025-01-01 09:00:00      IN
1        1      click 2025-01-01 09:05:00      IN
2        1     logout 2025-01-01 09:15:00      IN
3        2      login 2025-01-01 10:00:00      US
4        2      click 2025-01-01 10:10:00      US
5        2     logout 2025-01-01 10:20:00      US
6        3      login 2025-01-02 08:00:00      FR
7        3      click 2025-01-02 08:05:00      FR
8        3     logout 2025-01-02 08:30:00      FR
[2025-12-17T04:54:42.813+0000] {taskinstance.py:1138} INFO - Marking task as SUCCESS. dag_id=etl_***, task_id=extract, execution_date=20241217T000000, start_date=20251217T045442, end_date=20251217T045442
[2025-12-17T04:54:43.033+0000] {local_task_job_runner.py:234} INFO - Task exited with return code 0
[2025-12-17T04:54:43.069+0000] {taskinstance.py:3280} INFO - 1 downstream tasks scheduled from follow-on schedule check
[2025-12-17T08:00:30.740+0000] {taskinstance.py:1956} INFO - Dependencies all met for dep_context=non-requeueable deps ti=<TaskInstance: etl_airflow.extract scheduled__2024-12-17T00:00:00+00:00 [queued]>
[2025-12-17T08:00:30.763+0000] {taskinstance.py:1956} INFO - Dependencies all met for dep_context=requeueable deps ti=<TaskInstance: etl_airflow.extract scheduled__2024-12-17T00:00:00+00:00 [queued]>
[2025-12-17T08:00:30.765+0000] {taskinstance.py:2170} INFO - Starting attempt 1 of 3
[2025-12-17T08:00:30.803+0000] {taskinstance.py:2191} INFO - Executing <Task(PythonOperator): extract> on 2024-12-17 00:00:00+00:00
[2025-12-17T08:00:30.818+0000] {standard_task_runner.py:60} INFO - Started process 4979 to run task
[2025-12-17T08:00:30.824+0000] {standard_task_runner.py:87} INFO - Running: ['***', 'tasks', 'run', 'etl_***', 'extract', 'scheduled__2024-12-17T00:00:00+00:00', '--job-id', '1412', '--raw', '--subdir', 'DAGS_FOLDER/etl_***.py', '--cfg-path', '/tmp/tmpqyra_l5f']
[2025-12-17T08:00:30.832+0000] {standard_task_runner.py:88} INFO - Job 1412: Subtask extract
[2025-12-17T08:00:31.007+0000] {task_command.py:423} INFO - Running <TaskInstance: etl_airflow.extract scheduled__2024-12-17T00:00:00+00:00 [running]> on host 2a0de06c8905
[2025-12-17T08:00:31.733+0000] {taskinstance.py:2480} INFO - Exporting env vars: AIRFLOW_CTX_DAG_OWNER='***' AIRFLOW_CTX_DAG_ID='etl_***' AIRFLOW_CTX_TASK_ID='extract' AIRFLOW_CTX_EXECUTION_DATE='2024-12-17T00:00:00+00:00' AIRFLOW_CTX_TRY_NUMBER='1' AIRFLOW_CTX_DAG_RUN_ID='scheduled__2024-12-17T00:00:00+00:00'
[2025-12-17T08:00:31.777+0000] {python.py:201} INFO - Done. Returned value was:    user_id event_type           timestamp country
0        1      login 2025-01-01 09:00:00      IN
1        1      click 2025-01-01 09:05:00      IN
2        1     logout 2025-01-01 09:15:00      IN
3        2      login 2025-01-01 10:00:00      US
4        2      click 2025-01-01 10:10:00      US
5        2     logout 2025-01-01 10:20:00      US
6        3      login 2025-01-02 08:00:00      FR
7        3      click 2025-01-02 08:05:00      FR
8        3     logout 2025-01-02 08:30:00      FR
[2025-12-17T08:00:31.856+0000] {taskinstance.py:1138} INFO - Marking task as SUCCESS. dag_id=etl_***, task_id=extract, execution_date=20241217T000000, start_date=20251217T080030, end_date=20251217T080031
[2025-12-17T08:00:32.045+0000] {local_task_job_runner.py:234} INFO - Task exited with return code 0
[2025-12-17T08:00:32.123+0000] {taskinstance.py:3280} INFO - 1 downstream tasks scheduled from follow-on schedule check
