[2025-12-16T16:33:28.959+0000] {taskinstance.py:1956} INFO - Dependencies all met for dep_context=non-requeueable deps ti=<TaskInstance: etl_airflow.extract scheduled__2024-05-05T00:00:00+00:00 [queued]>
[2025-12-16T16:33:28.976+0000] {taskinstance.py:1956} INFO - Dependencies all met for dep_context=requeueable deps ti=<TaskInstance: etl_airflow.extract scheduled__2024-05-05T00:00:00+00:00 [queued]>
[2025-12-16T16:33:28.977+0000] {taskinstance.py:2170} INFO - Starting attempt 1 of 3
[2025-12-16T16:33:29.047+0000] {taskinstance.py:2191} INFO - Executing <Task(PythonOperator): extract> on 2024-05-05 00:00:00+00:00
[2025-12-16T16:33:29.058+0000] {standard_task_runner.py:60} INFO - Started process 1695 to run task
[2025-12-16T16:33:29.064+0000] {standard_task_runner.py:87} INFO - Running: ['***', 'tasks', 'run', 'etl_***', 'extract', 'scheduled__2024-05-05T00:00:00+00:00', '--job-id', '375', '--raw', '--subdir', 'DAGS_FOLDER/etl_dag.py', '--cfg-path', '/tmp/tmppl7n8eol']
[2025-12-16T16:33:29.072+0000] {standard_task_runner.py:88} INFO - Job 375: Subtask extract
[2025-12-16T16:33:29.208+0000] {task_command.py:423} INFO - Running <TaskInstance: etl_airflow.extract scheduled__2024-05-05T00:00:00+00:00 [running]> on host 528de643acfe
[2025-12-16T16:33:29.607+0000] {taskinstance.py:2480} INFO - Exporting env vars: AIRFLOW_CTX_DAG_OWNER='***' AIRFLOW_CTX_DAG_ID='etl_***' AIRFLOW_CTX_TASK_ID='extract' AIRFLOW_CTX_EXECUTION_DATE='2024-05-05T00:00:00+00:00' AIRFLOW_CTX_TRY_NUMBER='1' AIRFLOW_CTX_DAG_RUN_ID='scheduled__2024-05-05T00:00:00+00:00'
[2025-12-16T16:33:29.609+0000] {logging_mixin.py:188} INFO - Extracting data from /opt/***/data/input.csv
[2025-12-16T16:33:29.616+0000] {taskinstance.py:2698} ERROR - Task failed with exception
Traceback (most recent call last):
  File "/home/airflow/.local/lib/python3.8/site-packages/airflow/models/taskinstance.py", line 433, in _execute_task
    result = execute_callable(context=context, **execute_callable_kwargs)
  File "/home/airflow/.local/lib/python3.8/site-packages/airflow/operators/python.py", line 199, in execute
    return_value = self.execute_callable()
  File "/home/airflow/.local/lib/python3.8/site-packages/airflow/operators/python.py", line 216, in execute_callable
    return self.python_callable(*self.op_args, **self.op_kwargs)
  File "/opt/airflow/dags/etl_logic/pipeline.py", line 97, in extract_data
    df = pd.read_csv(input_path)
  File "/home/airflow/.local/lib/python3.8/site-packages/pandas/io/parsers/readers.py", line 912, in read_csv
    return _read(filepath_or_buffer, kwds)
  File "/home/airflow/.local/lib/python3.8/site-packages/pandas/io/parsers/readers.py", line 577, in _read
    parser = TextFileReader(filepath_or_buffer, **kwds)
  File "/home/airflow/.local/lib/python3.8/site-packages/pandas/io/parsers/readers.py", line 1407, in __init__
    self._engine = self._make_engine(f, self.engine)
  File "/home/airflow/.local/lib/python3.8/site-packages/pandas/io/parsers/readers.py", line 1661, in _make_engine
    self.handles = get_handle(
  File "/home/airflow/.local/lib/python3.8/site-packages/pandas/io/common.py", line 859, in get_handle
    handle = open(
FileNotFoundError: [Errno 2] No such file or directory: '/opt/airflow/data/input.csv'
[2025-12-16T16:33:29.650+0000] {taskinstance.py:1138} INFO - Marking task as UP_FOR_RETRY. dag_id=etl_***, task_id=extract, execution_date=20240505T000000, start_date=20251216T163328, end_date=20251216T163329
[2025-12-16T16:33:29.675+0000] {standard_task_runner.py:107} ERROR - Failed to execute job 375 for task extract ([Errno 2] No such file or directory: '/opt/airflow/data/input.csv'; 1695)
[2025-12-16T16:33:29.721+0000] {local_task_job_runner.py:234} INFO - Task exited with return code 1
[2025-12-16T16:33:29.761+0000] {taskinstance.py:3280} INFO - 0 downstream tasks scheduled from follow-on schedule check
[2025-12-17T01:52:17.381+0000] {taskinstance.py:1956} INFO - Dependencies all met for dep_context=non-requeueable deps ti=<TaskInstance: etl_airflow.extract scheduled__2024-05-05T00:00:00+00:00 [queued]>
[2025-12-17T01:52:17.401+0000] {taskinstance.py:1956} INFO - Dependencies all met for dep_context=requeueable deps ti=<TaskInstance: etl_airflow.extract scheduled__2024-05-05T00:00:00+00:00 [queued]>
[2025-12-17T01:52:17.402+0000] {taskinstance.py:2170} INFO - Starting attempt 1 of 3
[2025-12-17T01:52:17.700+0000] {taskinstance.py:2191} INFO - Executing <Task(PythonOperator): extract> on 2024-05-05 00:00:00+00:00
[2025-12-17T01:52:17.718+0000] {standard_task_runner.py:60} INFO - Started process 1390 to run task
[2025-12-17T01:52:17.747+0000] {standard_task_runner.py:87} INFO - Running: ['***', 'tasks', 'run', 'etl_***', 'extract', 'scheduled__2024-05-05T00:00:00+00:00', '--job-id', '369', '--raw', '--subdir', 'DAGS_FOLDER/etl_dag.py', '--cfg-path', '/tmp/tmp8ue4y3y8']
[2025-12-17T01:52:17.756+0000] {standard_task_runner.py:88} INFO - Job 369: Subtask extract
[2025-12-17T01:52:17.952+0000] {task_command.py:423} INFO - Running <TaskInstance: etl_airflow.extract scheduled__2024-05-05T00:00:00+00:00 [running]> on host 571e042550da
[2025-12-17T01:52:18.573+0000] {taskinstance.py:2480} INFO - Exporting env vars: AIRFLOW_CTX_DAG_OWNER='***' AIRFLOW_CTX_DAG_ID='etl_***' AIRFLOW_CTX_TASK_ID='extract' AIRFLOW_CTX_EXECUTION_DATE='2024-05-05T00:00:00+00:00' AIRFLOW_CTX_TRY_NUMBER='1' AIRFLOW_CTX_DAG_RUN_ID='scheduled__2024-05-05T00:00:00+00:00'
[2025-12-17T01:52:18.580+0000] {logging_mixin.py:188} INFO - [EXTRACT] Reading /opt/***/data/synthetic_events.csv
[2025-12-17T01:52:18.632+0000] {logging_mixin.py:188} INFO - [EXTRACT] done
[2025-12-17T01:52:18.634+0000] {python.py:201} INFO - Done. Returned value was: None
[2025-12-17T01:52:18.666+0000] {taskinstance.py:1138} INFO - Marking task as SUCCESS. dag_id=etl_***, task_id=extract, execution_date=20240505T000000, start_date=20251217T015217, end_date=20251217T015218
[2025-12-17T01:52:18.761+0000] {local_task_job_runner.py:234} INFO - Task exited with return code 0
[2025-12-17T01:52:19.108+0000] {taskinstance.py:3280} INFO - 0 downstream tasks scheduled from follow-on schedule check
[2025-12-17T04:20:00.534+0000] {taskinstance.py:1956} INFO - Dependencies all met for dep_context=non-requeueable deps ti=<TaskInstance: etl_airflow.extract scheduled__2024-05-05T00:00:00+00:00 [queued]>
[2025-12-17T04:20:00.551+0000] {taskinstance.py:1956} INFO - Dependencies all met for dep_context=requeueable deps ti=<TaskInstance: etl_airflow.extract scheduled__2024-05-05T00:00:00+00:00 [queued]>
[2025-12-17T04:20:00.552+0000] {taskinstance.py:2170} INFO - Starting attempt 1 of 3
[2025-12-17T04:20:00.642+0000] {taskinstance.py:2191} INFO - Executing <Task(PythonOperator): extract> on 2024-05-05 00:00:00+00:00
[2025-12-17T04:20:00.651+0000] {standard_task_runner.py:60} INFO - Started process 830 to run task
[2025-12-17T04:20:00.656+0000] {standard_task_runner.py:87} INFO - Running: ['***', 'tasks', 'run', 'etl_***', 'extract', 'scheduled__2024-05-05T00:00:00+00:00', '--job-id', '189', '--raw', '--subdir', 'DAGS_FOLDER/etl_***.py', '--cfg-path', '/tmp/tmpa1ahsc0j']
[2025-12-17T04:20:00.659+0000] {standard_task_runner.py:88} INFO - Job 189: Subtask extract
[2025-12-17T04:20:00.769+0000] {task_command.py:423} INFO - Running <TaskInstance: etl_airflow.extract scheduled__2024-05-05T00:00:00+00:00 [running]> on host c5811fe183ca
[2025-12-17T04:20:01.157+0000] {taskinstance.py:2480} INFO - Exporting env vars: AIRFLOW_CTX_DAG_OWNER='***' AIRFLOW_CTX_DAG_ID='etl_***' AIRFLOW_CTX_TASK_ID='extract' AIRFLOW_CTX_EXECUTION_DATE='2024-05-05T00:00:00+00:00' AIRFLOW_CTX_TRY_NUMBER='1' AIRFLOW_CTX_DAG_RUN_ID='scheduled__2024-05-05T00:00:00+00:00'
[2025-12-17T04:20:01.202+0000] {python.py:201} INFO - Done. Returned value was:    user_id event_type           timestamp country
0        1      login 2025-01-01 09:00:00      IN
1        1      click 2025-01-01 09:05:00      IN
2        1     logout 2025-01-01 09:15:00      IN
3        2      login 2025-01-01 10:00:00      US
4        2      click 2025-01-01 10:10:00      US
5        2     logout 2025-01-01 10:20:00      US
6        3      login 2025-01-02 08:00:00      FR
7        3      click 2025-01-02 08:05:00      FR
8        3     logout 2025-01-02 08:30:00      FR
[2025-12-17T04:20:01.247+0000] {taskinstance.py:1138} INFO - Marking task as SUCCESS. dag_id=etl_***, task_id=extract, execution_date=20240505T000000, start_date=20251217T042000, end_date=20251217T042001
[2025-12-17T04:20:01.313+0000] {local_task_job_runner.py:234} INFO - Task exited with return code 0
[2025-12-17T04:20:01.347+0000] {taskinstance.py:3280} INFO - 0 downstream tasks scheduled from follow-on schedule check
[2025-12-17T04:46:31.183+0000] {taskinstance.py:1956} INFO - Dependencies all met for dep_context=non-requeueable deps ti=<TaskInstance: etl_airflow.extract scheduled__2024-05-05T00:00:00+00:00 [queued]>
[2025-12-17T04:46:31.206+0000] {taskinstance.py:1956} INFO - Dependencies all met for dep_context=requeueable deps ti=<TaskInstance: etl_airflow.extract scheduled__2024-05-05T00:00:00+00:00 [queued]>
[2025-12-17T04:46:31.212+0000] {taskinstance.py:2170} INFO - Starting attempt 1 of 3
[2025-12-17T04:46:31.258+0000] {taskinstance.py:2191} INFO - Executing <Task(PythonOperator): extract> on 2024-05-05 00:00:00+00:00
[2025-12-17T04:46:31.269+0000] {standard_task_runner.py:60} INFO - Started process 1778 to run task
[2025-12-17T04:46:31.275+0000] {standard_task_runner.py:87} INFO - Running: ['***', 'tasks', 'run', 'etl_***', 'extract', 'scheduled__2024-05-05T00:00:00+00:00', '--job-id', '470', '--raw', '--subdir', 'DAGS_FOLDER/etl_***.py', '--cfg-path', '/tmp/tmp6nvjj2hq']
[2025-12-17T04:46:31.281+0000] {standard_task_runner.py:88} INFO - Job 470: Subtask extract
[2025-12-17T04:46:31.402+0000] {task_command.py:423} INFO - Running <TaskInstance: etl_airflow.extract scheduled__2024-05-05T00:00:00+00:00 [running]> on host b3426f05ac70
[2025-12-17T04:46:31.831+0000] {taskinstance.py:2480} INFO - Exporting env vars: AIRFLOW_CTX_DAG_OWNER='***' AIRFLOW_CTX_DAG_ID='etl_***' AIRFLOW_CTX_TASK_ID='extract' AIRFLOW_CTX_EXECUTION_DATE='2024-05-05T00:00:00+00:00' AIRFLOW_CTX_TRY_NUMBER='1' AIRFLOW_CTX_DAG_RUN_ID='scheduled__2024-05-05T00:00:00+00:00'
[2025-12-17T04:46:31.861+0000] {python.py:201} INFO - Done. Returned value was:    user_id event_type           timestamp country
0        1      login 2025-01-01 09:00:00      IN
1        1      click 2025-01-01 09:05:00      IN
2        1     logout 2025-01-01 09:15:00      IN
3        2      login 2025-01-01 10:00:00      US
4        2      click 2025-01-01 10:10:00      US
5        2     logout 2025-01-01 10:20:00      US
6        3      login 2025-01-02 08:00:00      FR
7        3      click 2025-01-02 08:05:00      FR
8        3     logout 2025-01-02 08:30:00      FR
[2025-12-17T04:46:31.920+0000] {taskinstance.py:1138} INFO - Marking task as SUCCESS. dag_id=etl_***, task_id=extract, execution_date=20240505T000000, start_date=20251217T044631, end_date=20251217T044631
[2025-12-17T04:46:31.977+0000] {local_task_job_runner.py:234} INFO - Task exited with return code 0
[2025-12-17T04:46:32.011+0000] {taskinstance.py:3280} INFO - 1 downstream tasks scheduled from follow-on schedule check
[2025-12-17T07:39:56.623+0000] {taskinstance.py:1956} INFO - Dependencies all met for dep_context=non-requeueable deps ti=<TaskInstance: etl_airflow.extract scheduled__2024-05-05T00:00:00+00:00 [queued]>
[2025-12-17T07:39:56.645+0000] {taskinstance.py:1956} INFO - Dependencies all met for dep_context=requeueable deps ti=<TaskInstance: etl_airflow.extract scheduled__2024-05-05T00:00:00+00:00 [queued]>
[2025-12-17T07:39:56.647+0000] {taskinstance.py:2170} INFO - Starting attempt 1 of 3
[2025-12-17T07:39:56.718+0000] {taskinstance.py:2191} INFO - Executing <Task(PythonOperator): extract> on 2024-05-05 00:00:00+00:00
[2025-12-17T07:39:56.731+0000] {standard_task_runner.py:60} INFO - Started process 1833 to run task
[2025-12-17T07:39:56.739+0000] {standard_task_runner.py:87} INFO - Running: ['***', 'tasks', 'run', 'etl_***', 'extract', 'scheduled__2024-05-05T00:00:00+00:00', '--job-id', '470', '--raw', '--subdir', 'DAGS_FOLDER/etl_***.py', '--cfg-path', '/tmp/tmpqhbf1u65']
[2025-12-17T07:39:56.743+0000] {standard_task_runner.py:88} INFO - Job 470: Subtask extract
[2025-12-17T07:39:56.913+0000] {task_command.py:423} INFO - Running <TaskInstance: etl_airflow.extract scheduled__2024-05-05T00:00:00+00:00 [running]> on host 2a0de06c8905
[2025-12-17T07:39:57.350+0000] {taskinstance.py:2480} INFO - Exporting env vars: AIRFLOW_CTX_DAG_OWNER='***' AIRFLOW_CTX_DAG_ID='etl_***' AIRFLOW_CTX_TASK_ID='extract' AIRFLOW_CTX_EXECUTION_DATE='2024-05-05T00:00:00+00:00' AIRFLOW_CTX_TRY_NUMBER='1' AIRFLOW_CTX_DAG_RUN_ID='scheduled__2024-05-05T00:00:00+00:00'
[2025-12-17T07:39:57.392+0000] {python.py:201} INFO - Done. Returned value was:    user_id event_type           timestamp country
0        1      login 2025-01-01 09:00:00      IN
1        1      click 2025-01-01 09:05:00      IN
2        1     logout 2025-01-01 09:15:00      IN
3        2      login 2025-01-01 10:00:00      US
4        2      click 2025-01-01 10:10:00      US
5        2     logout 2025-01-01 10:20:00      US
6        3      login 2025-01-02 08:00:00      FR
7        3      click 2025-01-02 08:05:00      FR
8        3     logout 2025-01-02 08:30:00      FR
[2025-12-17T07:39:57.476+0000] {taskinstance.py:1138} INFO - Marking task as SUCCESS. dag_id=etl_***, task_id=extract, execution_date=20240505T000000, start_date=20251217T073956, end_date=20251217T073957
[2025-12-17T07:39:57.560+0000] {local_task_job_runner.py:234} INFO - Task exited with return code 0
[2025-12-17T07:39:57.892+0000] {taskinstance.py:3280} INFO - 0 downstream tasks scheduled from follow-on schedule check
