[2025-12-16T17:10:25.732+0000] {taskinstance.py:1956} INFO - Dependencies all met for dep_context=non-requeueable deps ti=<TaskInstance: etl_airflow.load scheduled__2024-02-08T00:00:00+00:00 [queued]>
[2025-12-16T17:10:25.781+0000] {taskinstance.py:1956} INFO - Dependencies all met for dep_context=requeueable deps ti=<TaskInstance: etl_airflow.load scheduled__2024-02-08T00:00:00+00:00 [queued]>
[2025-12-16T17:10:25.796+0000] {taskinstance.py:2170} INFO - Starting attempt 1 of 3
[2025-12-16T17:10:25.867+0000] {taskinstance.py:2191} INFO - Executing <Task(PythonOperator): load> on 2024-02-08 00:00:00+00:00
[2025-12-16T17:10:25.896+0000] {standard_task_runner.py:60} INFO - Started process 794 to run task
[2025-12-16T17:10:25.907+0000] {standard_task_runner.py:87} INFO - Running: ['***', 'tasks', 'run', 'etl_***', 'load', 'scheduled__2024-02-08T00:00:00+00:00', '--job-id', '3752', '--raw', '--subdir', 'DAGS_FOLDER/etl_dag.py', '--cfg-path', '/tmp/tmp7qa6bo4n']
[2025-12-16T17:10:25.923+0000] {standard_task_runner.py:88} INFO - Job 3752: Subtask load
[2025-12-16T17:10:26.360+0000] {task_command.py:423} INFO - Running <TaskInstance: etl_airflow.load scheduled__2024-02-08T00:00:00+00:00 [running]> on host 3b89cfee50e9
[2025-12-16T17:10:26.793+0000] {taskinstance.py:2480} INFO - Exporting env vars: AIRFLOW_CTX_DAG_OWNER='***' AIRFLOW_CTX_DAG_ID='etl_***' AIRFLOW_CTX_TASK_ID='load' AIRFLOW_CTX_EXECUTION_DATE='2024-02-08T00:00:00+00:00' AIRFLOW_CTX_TRY_NUMBER='1' AIRFLOW_CTX_DAG_RUN_ID='scheduled__2024-02-08T00:00:00+00:00'
[2025-12-16T17:10:26.825+0000] {logging_mixin.py:188} INFO - [LOAD]
[2025-12-16T17:10:27.321+0000] {logging_mixin.py:188} INFO -    user_id event_type            timestamp country
0        1      login  2025-01-01T09:00:00      IN
1        1      click  2025-01-01T09:05:00      IN
2        1     logout  2025-01-01T09:15:00      IN
3        3      login  2025-01-02T08:00:00      FR
4        3      click  2025-01-02T08:05:00      FR
[2025-12-16T17:10:27.326+0000] {logging_mixin.py:188} INFO - [LOAD] done
[2025-12-16T17:10:27.327+0000] {python.py:201} INFO - Done. Returned value was: None
[2025-12-16T17:10:27.345+0000] {taskinstance.py:1138} INFO - Marking task as SUCCESS. dag_id=etl_***, task_id=load, execution_date=20240208T000000, start_date=20251216T171025, end_date=20251216T171027
[2025-12-16T17:10:27.436+0000] {local_task_job_runner.py:234} INFO - Task exited with return code 0
[2025-12-16T17:10:27.481+0000] {taskinstance.py:3280} INFO - 0 downstream tasks scheduled from follow-on schedule check
[2025-12-17T01:50:45.398+0000] {taskinstance.py:1956} INFO - Dependencies all met for dep_context=non-requeueable deps ti=<TaskInstance: etl_airflow.load scheduled__2024-02-08T00:00:00+00:00 [queued]>
[2025-12-17T01:50:45.423+0000] {taskinstance.py:1956} INFO - Dependencies all met for dep_context=requeueable deps ti=<TaskInstance: etl_airflow.load scheduled__2024-02-08T00:00:00+00:00 [queued]>
[2025-12-17T01:50:45.427+0000] {taskinstance.py:2170} INFO - Starting attempt 1 of 3
[2025-12-17T01:50:45.463+0000] {taskinstance.py:2191} INFO - Executing <Task(PythonOperator): load> on 2024-02-08 00:00:00+00:00
[2025-12-17T01:50:45.482+0000] {standard_task_runner.py:60} INFO - Started process 611 to run task
[2025-12-17T01:50:45.488+0000] {standard_task_runner.py:87} INFO - Running: ['***', 'tasks', 'run', 'etl_***', 'load', 'scheduled__2024-02-08T00:00:00+00:00', '--job-id', '128', '--raw', '--subdir', 'DAGS_FOLDER/etl_dag.py', '--cfg-path', '/tmp/tmp4q52k66l']
[2025-12-17T01:50:45.495+0000] {standard_task_runner.py:88} INFO - Job 128: Subtask load
[2025-12-17T01:50:45.691+0000] {task_command.py:423} INFO - Running <TaskInstance: etl_airflow.load scheduled__2024-02-08T00:00:00+00:00 [running]> on host 571e042550da
[2025-12-17T01:50:46.288+0000] {taskinstance.py:2480} INFO - Exporting env vars: AIRFLOW_CTX_DAG_OWNER='***' AIRFLOW_CTX_DAG_ID='etl_***' AIRFLOW_CTX_TASK_ID='load' AIRFLOW_CTX_EXECUTION_DATE='2024-02-08T00:00:00+00:00' AIRFLOW_CTX_TRY_NUMBER='1' AIRFLOW_CTX_DAG_RUN_ID='scheduled__2024-02-08T00:00:00+00:00'
[2025-12-17T01:50:46.293+0000] {logging_mixin.py:188} INFO - [LOAD]
[2025-12-17T01:50:46.353+0000] {logging_mixin.py:188} INFO -    user_id event_type            timestamp country
0        1      login  2025-01-01T09:00:00      IN
1        1      click  2025-01-01T09:05:00      IN
2        1     logout  2025-01-01T09:15:00      IN
3        3      login  2025-01-02T08:00:00      FR
4        3      click  2025-01-02T08:05:00      FR
[2025-12-17T01:50:46.358+0000] {logging_mixin.py:188} INFO - [LOAD] done
[2025-12-17T01:50:46.360+0000] {python.py:201} INFO - Done. Returned value was: None
[2025-12-17T01:50:46.395+0000] {taskinstance.py:1138} INFO - Marking task as SUCCESS. dag_id=etl_***, task_id=load, execution_date=20240208T000000, start_date=20251217T015045, end_date=20251217T015046
[2025-12-17T01:50:46.762+0000] {local_task_job_runner.py:234} INFO - Task exited with return code 0
[2025-12-17T01:50:46.821+0000] {taskinstance.py:3280} INFO - 0 downstream tasks scheduled from follow-on schedule check
