[2025-12-16T17:10:38.032+0000] {taskinstance.py:1956} INFO - Dependencies all met for dep_context=non-requeueable deps ti=<TaskInstance: etl_airflow.load scheduled__2024-02-21T00:00:00+00:00 [queued]>
[2025-12-16T17:10:38.088+0000] {taskinstance.py:1956} INFO - Dependencies all met for dep_context=requeueable deps ti=<TaskInstance: etl_airflow.load scheduled__2024-02-21T00:00:00+00:00 [queued]>
[2025-12-16T17:10:38.098+0000] {taskinstance.py:2170} INFO - Starting attempt 1 of 3
[2025-12-16T17:10:38.188+0000] {taskinstance.py:2191} INFO - Executing <Task(PythonOperator): load> on 2024-02-21 00:00:00+00:00
[2025-12-16T17:10:38.246+0000] {standard_task_runner.py:60} INFO - Started process 945 to run task
[2025-12-16T17:10:38.269+0000] {standard_task_runner.py:87} INFO - Running: ['***', 'tasks', 'run', 'etl_***', 'load', 'scheduled__2024-02-21T00:00:00+00:00', '--job-id', '3793', '--raw', '--subdir', 'DAGS_FOLDER/etl_dag.py', '--cfg-path', '/tmp/tmpdv5t8pag']
[2025-12-16T17:10:38.281+0000] {standard_task_runner.py:88} INFO - Job 3793: Subtask load
[2025-12-16T17:10:38.617+0000] {task_command.py:423} INFO - Running <TaskInstance: etl_airflow.load scheduled__2024-02-21T00:00:00+00:00 [running]> on host 3b89cfee50e9
[2025-12-16T17:10:38.917+0000] {taskinstance.py:2480} INFO - Exporting env vars: AIRFLOW_CTX_DAG_OWNER='***' AIRFLOW_CTX_DAG_ID='etl_***' AIRFLOW_CTX_TASK_ID='load' AIRFLOW_CTX_EXECUTION_DATE='2024-02-21T00:00:00+00:00' AIRFLOW_CTX_TRY_NUMBER='1' AIRFLOW_CTX_DAG_RUN_ID='scheduled__2024-02-21T00:00:00+00:00'
[2025-12-16T17:10:38.927+0000] {logging_mixin.py:188} INFO - [LOAD]
[2025-12-16T17:10:39.554+0000] {logging_mixin.py:188} INFO -    user_id event_type            timestamp country
0        1      login  2025-01-01T09:00:00      IN
1        1      click  2025-01-01T09:05:00      IN
2        1     logout  2025-01-01T09:15:00      IN
3        3      login  2025-01-02T08:00:00      FR
4        3      click  2025-01-02T08:05:00      FR
[2025-12-16T17:10:39.559+0000] {logging_mixin.py:188} INFO - [LOAD] done
[2025-12-16T17:10:39.567+0000] {python.py:201} INFO - Done. Returned value was: None
[2025-12-16T17:10:39.734+0000] {taskinstance.py:1138} INFO - Marking task as SUCCESS. dag_id=etl_***, task_id=load, execution_date=20240221T000000, start_date=20251216T171038, end_date=20251216T171039
[2025-12-16T17:10:39.882+0000] {local_task_job_runner.py:234} INFO - Task exited with return code 0
[2025-12-16T17:10:39.959+0000] {taskinstance.py:3280} INFO - 0 downstream tasks scheduled from follow-on schedule check
[2025-12-17T01:50:53.028+0000] {taskinstance.py:1956} INFO - Dependencies all met for dep_context=non-requeueable deps ti=<TaskInstance: etl_airflow.load scheduled__2024-02-21T00:00:00+00:00 [queued]>
[2025-12-17T01:50:53.044+0000] {taskinstance.py:1956} INFO - Dependencies all met for dep_context=requeueable deps ti=<TaskInstance: etl_airflow.load scheduled__2024-02-21T00:00:00+00:00 [queued]>
[2025-12-17T01:50:53.045+0000] {taskinstance.py:2170} INFO - Starting attempt 1 of 3
[2025-12-17T01:50:53.066+0000] {taskinstance.py:2191} INFO - Executing <Task(PythonOperator): load> on 2024-02-21 00:00:00+00:00
[2025-12-17T01:50:53.077+0000] {standard_task_runner.py:60} INFO - Started process 707 to run task
[2025-12-17T01:50:53.083+0000] {standard_task_runner.py:87} INFO - Running: ['***', 'tasks', 'run', 'etl_***', 'load', 'scheduled__2024-02-21T00:00:00+00:00', '--job-id', '158', '--raw', '--subdir', 'DAGS_FOLDER/etl_dag.py', '--cfg-path', '/tmp/tmp4qes4_vq']
[2025-12-17T01:50:53.086+0000] {standard_task_runner.py:88} INFO - Job 158: Subtask load
[2025-12-17T01:50:53.214+0000] {task_command.py:423} INFO - Running <TaskInstance: etl_airflow.load scheduled__2024-02-21T00:00:00+00:00 [running]> on host 571e042550da
[2025-12-17T01:50:53.608+0000] {taskinstance.py:2480} INFO - Exporting env vars: AIRFLOW_CTX_DAG_OWNER='***' AIRFLOW_CTX_DAG_ID='etl_***' AIRFLOW_CTX_TASK_ID='load' AIRFLOW_CTX_EXECUTION_DATE='2024-02-21T00:00:00+00:00' AIRFLOW_CTX_TRY_NUMBER='1' AIRFLOW_CTX_DAG_RUN_ID='scheduled__2024-02-21T00:00:00+00:00'
[2025-12-17T01:50:53.612+0000] {logging_mixin.py:188} INFO - [LOAD]
[2025-12-17T01:50:53.644+0000] {logging_mixin.py:188} INFO -    user_id event_type            timestamp country
0        1      login  2025-01-01T09:00:00      IN
1        1      click  2025-01-01T09:05:00      IN
2        1     logout  2025-01-01T09:15:00      IN
3        3      login  2025-01-02T08:00:00      FR
4        3      click  2025-01-02T08:05:00      FR
[2025-12-17T01:50:53.645+0000] {logging_mixin.py:188} INFO - [LOAD] done
[2025-12-17T01:50:53.646+0000] {python.py:201} INFO - Done. Returned value was: None
[2025-12-17T01:50:53.666+0000] {taskinstance.py:1138} INFO - Marking task as SUCCESS. dag_id=etl_***, task_id=load, execution_date=20240221T000000, start_date=20251217T015053, end_date=20251217T015053
[2025-12-17T01:50:53.739+0000] {local_task_job_runner.py:234} INFO - Task exited with return code 0
[2025-12-17T01:50:53.782+0000] {taskinstance.py:3280} INFO - 0 downstream tasks scheduled from follow-on schedule check
