[2025-12-16T16:35:02.467+0000] {taskinstance.py:1956} INFO - Dependencies all met for dep_context=non-requeueable deps ti=<TaskInstance: etl_airflow.extract scheduled__2024-06-01T00:00:00+00:00 [queued]>
[2025-12-16T16:35:02.478+0000] {taskinstance.py:1956} INFO - Dependencies all met for dep_context=requeueable deps ti=<TaskInstance: etl_airflow.extract scheduled__2024-06-01T00:00:00+00:00 [queued]>
[2025-12-16T16:35:02.479+0000] {taskinstance.py:2170} INFO - Starting attempt 1 of 3
[2025-12-16T16:35:02.502+0000] {taskinstance.py:2191} INFO - Executing <Task(PythonOperator): extract> on 2024-06-01 00:00:00+00:00
[2025-12-16T16:35:02.515+0000] {standard_task_runner.py:60} INFO - Started process 298 to run task
[2025-12-16T16:35:02.521+0000] {standard_task_runner.py:87} INFO - Running: ['***', 'tasks', 'run', 'etl_***', 'extract', 'scheduled__2024-06-01T00:00:00+00:00', '--job-id', '440', '--raw', '--subdir', 'DAGS_FOLDER/etl_dag.py', '--cfg-path', '/tmp/tmpq4qzfnzz']
[2025-12-16T16:35:02.526+0000] {standard_task_runner.py:88} INFO - Job 440: Subtask extract
[2025-12-16T16:35:02.651+0000] {task_command.py:423} INFO - Running <TaskInstance: etl_airflow.extract scheduled__2024-06-01T00:00:00+00:00 [running]> on host 02b83863a69a
[2025-12-16T16:35:02.807+0000] {taskinstance.py:2480} INFO - Exporting env vars: AIRFLOW_CTX_DAG_OWNER='***' AIRFLOW_CTX_DAG_ID='etl_***' AIRFLOW_CTX_TASK_ID='extract' AIRFLOW_CTX_EXECUTION_DATE='2024-06-01T00:00:00+00:00' AIRFLOW_CTX_TRY_NUMBER='1' AIRFLOW_CTX_DAG_RUN_ID='scheduled__2024-06-01T00:00:00+00:00'
[2025-12-16T16:35:02.810+0000] {logging_mixin.py:188} INFO - Extracting data from /opt/***/data/input.csv
[2025-12-16T16:35:02.819+0000] {taskinstance.py:2698} ERROR - Task failed with exception
Traceback (most recent call last):
  File "/home/airflow/.local/lib/python3.8/site-packages/airflow/models/taskinstance.py", line 433, in _execute_task
    result = execute_callable(context=context, **execute_callable_kwargs)
  File "/home/airflow/.local/lib/python3.8/site-packages/airflow/operators/python.py", line 199, in execute
    return_value = self.execute_callable()
  File "/home/airflow/.local/lib/python3.8/site-packages/airflow/operators/python.py", line 216, in execute_callable
    return self.python_callable(*self.op_args, **self.op_kwargs)
  File "/opt/airflow/dags/etl_logic/pipeline.py", line 97, in extract_data
    df = pd.read_csv(input_path)
  File "/home/airflow/.local/lib/python3.8/site-packages/pandas/io/parsers/readers.py", line 912, in read_csv
    return _read(filepath_or_buffer, kwds)
  File "/home/airflow/.local/lib/python3.8/site-packages/pandas/io/parsers/readers.py", line 577, in _read
    parser = TextFileReader(filepath_or_buffer, **kwds)
  File "/home/airflow/.local/lib/python3.8/site-packages/pandas/io/parsers/readers.py", line 1407, in __init__
    self._engine = self._make_engine(f, self.engine)
  File "/home/airflow/.local/lib/python3.8/site-packages/pandas/io/parsers/readers.py", line 1661, in _make_engine
    self.handles = get_handle(
  File "/home/airflow/.local/lib/python3.8/site-packages/pandas/io/common.py", line 859, in get_handle
    handle = open(
FileNotFoundError: [Errno 2] No such file or directory: '/opt/airflow/data/input.csv'
[2025-12-16T16:35:02.849+0000] {taskinstance.py:1138} INFO - Marking task as UP_FOR_RETRY. dag_id=etl_***, task_id=extract, execution_date=20240601T000000, start_date=20251216T163502, end_date=20251216T163502
[2025-12-16T16:35:02.867+0000] {standard_task_runner.py:107} ERROR - Failed to execute job 440 for task extract ([Errno 2] No such file or directory: '/opt/airflow/data/input.csv'; 298)
[2025-12-16T16:35:02.896+0000] {local_task_job_runner.py:234} INFO - Task exited with return code 1
[2025-12-16T16:35:02.936+0000] {taskinstance.py:3280} INFO - 0 downstream tasks scheduled from follow-on schedule check
[2025-12-17T01:52:47.974+0000] {taskinstance.py:1956} INFO - Dependencies all met for dep_context=non-requeueable deps ti=<TaskInstance: etl_airflow.extract scheduled__2024-06-01T00:00:00+00:00 [queued]>
[2025-12-17T01:52:48.016+0000] {taskinstance.py:1956} INFO - Dependencies all met for dep_context=requeueable deps ti=<TaskInstance: etl_airflow.extract scheduled__2024-06-01T00:00:00+00:00 [queued]>
[2025-12-17T01:52:48.023+0000] {taskinstance.py:2170} INFO - Starting attempt 1 of 3
[2025-12-17T01:52:48.077+0000] {taskinstance.py:2191} INFO - Executing <Task(PythonOperator): extract> on 2024-06-01 00:00:00+00:00
[2025-12-17T01:52:48.096+0000] {standard_task_runner.py:60} INFO - Started process 1663 to run task
[2025-12-17T01:52:48.115+0000] {standard_task_runner.py:87} INFO - Running: ['***', 'tasks', 'run', 'etl_***', 'extract', 'scheduled__2024-06-01T00:00:00+00:00', '--job-id', '458', '--raw', '--subdir', 'DAGS_FOLDER/etl_dag.py', '--cfg-path', '/tmp/tmpl3ti9pxh']
[2025-12-17T01:52:48.136+0000] {standard_task_runner.py:88} INFO - Job 458: Subtask extract
[2025-12-17T01:52:48.333+0000] {task_command.py:423} INFO - Running <TaskInstance: etl_airflow.extract scheduled__2024-06-01T00:00:00+00:00 [running]> on host 571e042550da
[2025-12-17T01:52:48.782+0000] {taskinstance.py:2480} INFO - Exporting env vars: AIRFLOW_CTX_DAG_OWNER='***' AIRFLOW_CTX_DAG_ID='etl_***' AIRFLOW_CTX_TASK_ID='extract' AIRFLOW_CTX_EXECUTION_DATE='2024-06-01T00:00:00+00:00' AIRFLOW_CTX_TRY_NUMBER='1' AIRFLOW_CTX_DAG_RUN_ID='scheduled__2024-06-01T00:00:00+00:00'
[2025-12-17T01:52:48.785+0000] {logging_mixin.py:188} INFO - [EXTRACT] Reading /opt/***/data/synthetic_events.csv
[2025-12-17T01:52:48.830+0000] {logging_mixin.py:188} INFO - [EXTRACT] done
[2025-12-17T01:52:48.833+0000] {python.py:201} INFO - Done. Returned value was: None
[2025-12-17T01:52:48.861+0000] {taskinstance.py:1138} INFO - Marking task as SUCCESS. dag_id=etl_***, task_id=extract, execution_date=20240601T000000, start_date=20251217T015247, end_date=20251217T015248
[2025-12-17T01:52:49.181+0000] {local_task_job_runner.py:234} INFO - Task exited with return code 0
[2025-12-17T01:52:49.245+0000] {taskinstance.py:3280} INFO - 1 downstream tasks scheduled from follow-on schedule check
[2025-12-17T04:20:14.929+0000] {taskinstance.py:1956} INFO - Dependencies all met for dep_context=non-requeueable deps ti=<TaskInstance: etl_airflow.extract scheduled__2024-06-01T00:00:00+00:00 [queued]>
[2025-12-17T04:20:14.944+0000] {taskinstance.py:1956} INFO - Dependencies all met for dep_context=requeueable deps ti=<TaskInstance: etl_airflow.extract scheduled__2024-06-01T00:00:00+00:00 [queued]>
[2025-12-17T04:20:14.946+0000] {taskinstance.py:2170} INFO - Starting attempt 1 of 3
[2025-12-17T04:20:14.990+0000] {taskinstance.py:2191} INFO - Executing <Task(PythonOperator): extract> on 2024-06-01 00:00:00+00:00
[2025-12-17T04:20:15.002+0000] {standard_task_runner.py:60} INFO - Started process 946 to run task
[2025-12-17T04:20:15.013+0000] {standard_task_runner.py:87} INFO - Running: ['***', 'tasks', 'run', 'etl_***', 'extract', 'scheduled__2024-06-01T00:00:00+00:00', '--job-id', '222', '--raw', '--subdir', 'DAGS_FOLDER/etl_***.py', '--cfg-path', '/tmp/tmpublg5zwp']
[2025-12-17T04:20:15.018+0000] {standard_task_runner.py:88} INFO - Job 222: Subtask extract
[2025-12-17T04:20:15.138+0000] {task_command.py:423} INFO - Running <TaskInstance: etl_airflow.extract scheduled__2024-06-01T00:00:00+00:00 [running]> on host c5811fe183ca
[2025-12-17T04:20:15.515+0000] {taskinstance.py:2480} INFO - Exporting env vars: AIRFLOW_CTX_DAG_OWNER='***' AIRFLOW_CTX_DAG_ID='etl_***' AIRFLOW_CTX_TASK_ID='extract' AIRFLOW_CTX_EXECUTION_DATE='2024-06-01T00:00:00+00:00' AIRFLOW_CTX_TRY_NUMBER='1' AIRFLOW_CTX_DAG_RUN_ID='scheduled__2024-06-01T00:00:00+00:00'
[2025-12-17T04:20:15.544+0000] {python.py:201} INFO - Done. Returned value was:    user_id event_type           timestamp country
0        1      login 2025-01-01 09:00:00      IN
1        1      click 2025-01-01 09:05:00      IN
2        1     logout 2025-01-01 09:15:00      IN
3        2      login 2025-01-01 10:00:00      US
4        2      click 2025-01-01 10:10:00      US
5        2     logout 2025-01-01 10:20:00      US
6        3      login 2025-01-02 08:00:00      FR
7        3      click 2025-01-02 08:05:00      FR
8        3     logout 2025-01-02 08:30:00      FR
[2025-12-17T04:20:15.606+0000] {taskinstance.py:1138} INFO - Marking task as SUCCESS. dag_id=etl_***, task_id=extract, execution_date=20240601T000000, start_date=20251217T042014, end_date=20251217T042015
[2025-12-17T04:20:15.828+0000] {local_task_job_runner.py:234} INFO - Task exited with return code 0
[2025-12-17T04:20:16.062+0000] {taskinstance.py:3280} INFO - 0 downstream tasks scheduled from follow-on schedule check
[2025-12-17T04:47:38.178+0000] {taskinstance.py:1956} INFO - Dependencies all met for dep_context=non-requeueable deps ti=<TaskInstance: etl_airflow.extract scheduled__2024-06-01T00:00:00+00:00 [queued]>
[2025-12-17T04:47:38.197+0000] {taskinstance.py:1956} INFO - Dependencies all met for dep_context=requeueable deps ti=<TaskInstance: etl_airflow.extract scheduled__2024-06-01T00:00:00+00:00 [queued]>
[2025-12-17T04:47:38.202+0000] {taskinstance.py:2170} INFO - Starting attempt 1 of 3
[2025-12-17T04:47:38.392+0000] {taskinstance.py:2191} INFO - Executing <Task(PythonOperator): extract> on 2024-06-01 00:00:00+00:00
[2025-12-17T04:47:38.407+0000] {standard_task_runner.py:60} INFO - Started process 2162 to run task
[2025-12-17T04:47:38.415+0000] {standard_task_runner.py:87} INFO - Running: ['***', 'tasks', 'run', 'etl_***', 'extract', 'scheduled__2024-06-01T00:00:00+00:00', '--job-id', '586', '--raw', '--subdir', 'DAGS_FOLDER/etl_***.py', '--cfg-path', '/tmp/tmp8tmtf07o']
[2025-12-17T04:47:38.420+0000] {standard_task_runner.py:88} INFO - Job 586: Subtask extract
[2025-12-17T04:47:38.591+0000] {task_command.py:423} INFO - Running <TaskInstance: etl_airflow.extract scheduled__2024-06-01T00:00:00+00:00 [running]> on host b3426f05ac70
[2025-12-17T04:47:39.069+0000] {taskinstance.py:2480} INFO - Exporting env vars: AIRFLOW_CTX_DAG_OWNER='***' AIRFLOW_CTX_DAG_ID='etl_***' AIRFLOW_CTX_TASK_ID='extract' AIRFLOW_CTX_EXECUTION_DATE='2024-06-01T00:00:00+00:00' AIRFLOW_CTX_TRY_NUMBER='1' AIRFLOW_CTX_DAG_RUN_ID='scheduled__2024-06-01T00:00:00+00:00'
[2025-12-17T04:47:39.103+0000] {python.py:201} INFO - Done. Returned value was:    user_id event_type           timestamp country
0        1      login 2025-01-01 09:00:00      IN
1        1      click 2025-01-01 09:05:00      IN
2        1     logout 2025-01-01 09:15:00      IN
3        2      login 2025-01-01 10:00:00      US
4        2      click 2025-01-01 10:10:00      US
5        2     logout 2025-01-01 10:20:00      US
6        3      login 2025-01-02 08:00:00      FR
7        3      click 2025-01-02 08:05:00      FR
8        3     logout 2025-01-02 08:30:00      FR
[2025-12-17T04:47:39.195+0000] {taskinstance.py:1138} INFO - Marking task as SUCCESS. dag_id=etl_***, task_id=extract, execution_date=20240601T000000, start_date=20251217T044738, end_date=20251217T044739
[2025-12-17T04:47:39.288+0000] {local_task_job_runner.py:234} INFO - Task exited with return code 0
[2025-12-17T04:47:39.357+0000] {taskinstance.py:3280} INFO - 1 downstream tasks scheduled from follow-on schedule check
[2025-12-17T07:41:07.648+0000] {taskinstance.py:1956} INFO - Dependencies all met for dep_context=non-requeueable deps ti=<TaskInstance: etl_airflow.extract scheduled__2024-06-01T00:00:00+00:00 [queued]>
[2025-12-17T07:41:07.669+0000] {taskinstance.py:1956} INFO - Dependencies all met for dep_context=requeueable deps ti=<TaskInstance: etl_airflow.extract scheduled__2024-06-01T00:00:00+00:00 [queued]>
[2025-12-17T07:41:07.672+0000] {taskinstance.py:2170} INFO - Starting attempt 1 of 3
[2025-12-17T07:41:07.931+0000] {taskinstance.py:2191} INFO - Executing <Task(PythonOperator): extract> on 2024-06-01 00:00:00+00:00
[2025-12-17T07:41:07.951+0000] {standard_task_runner.py:60} INFO - Started process 2239 to run task
[2025-12-17T07:41:07.967+0000] {standard_task_runner.py:87} INFO - Running: ['***', 'tasks', 'run', 'etl_***', 'extract', 'scheduled__2024-06-01T00:00:00+00:00', '--job-id', '588', '--raw', '--subdir', 'DAGS_FOLDER/etl_***.py', '--cfg-path', '/tmp/tmp1x9t6kxd']
[2025-12-17T07:41:07.976+0000] {standard_task_runner.py:88} INFO - Job 588: Subtask extract
[2025-12-17T07:41:08.204+0000] {task_command.py:423} INFO - Running <TaskInstance: etl_airflow.extract scheduled__2024-06-01T00:00:00+00:00 [running]> on host 2a0de06c8905
[2025-12-17T07:41:09.062+0000] {taskinstance.py:2480} INFO - Exporting env vars: AIRFLOW_CTX_DAG_OWNER='***' AIRFLOW_CTX_DAG_ID='etl_***' AIRFLOW_CTX_TASK_ID='extract' AIRFLOW_CTX_EXECUTION_DATE='2024-06-01T00:00:00+00:00' AIRFLOW_CTX_TRY_NUMBER='1' AIRFLOW_CTX_DAG_RUN_ID='scheduled__2024-06-01T00:00:00+00:00'
[2025-12-17T07:41:09.098+0000] {python.py:201} INFO - Done. Returned value was:    user_id event_type           timestamp country
0        1      login 2025-01-01 09:00:00      IN
1        1      click 2025-01-01 09:05:00      IN
2        1     logout 2025-01-01 09:15:00      IN
3        2      login 2025-01-01 10:00:00      US
4        2      click 2025-01-01 10:10:00      US
5        2     logout 2025-01-01 10:20:00      US
6        3      login 2025-01-02 08:00:00      FR
7        3      click 2025-01-02 08:05:00      FR
8        3     logout 2025-01-02 08:30:00      FR
[2025-12-17T07:41:09.207+0000] {taskinstance.py:1138} INFO - Marking task as SUCCESS. dag_id=etl_***, task_id=extract, execution_date=20240601T000000, start_date=20251217T074107, end_date=20251217T074109
[2025-12-17T07:41:09.481+0000] {local_task_job_runner.py:234} INFO - Task exited with return code 0
[2025-12-17T07:41:09.571+0000] {taskinstance.py:3280} INFO - 1 downstream tasks scheduled from follow-on schedule check
