[2025-12-16T17:21:11.527+0000] {taskinstance.py:1956} INFO - Dependencies all met for dep_context=non-requeueable deps ti=<TaskInstance: etl_airflow.transform scheduled__2024-01-08T00:00:00+00:00 [queued]>
[2025-12-16T17:21:11.631+0000] {taskinstance.py:1956} INFO - Dependencies all met for dep_context=requeueable deps ti=<TaskInstance: etl_airflow.transform scheduled__2024-01-08T00:00:00+00:00 [queued]>
[2025-12-16T17:21:11.638+0000] {taskinstance.py:2170} INFO - Starting attempt 3 of 5
[2025-12-16T17:21:11.687+0000] {taskinstance.py:2191} INFO - Executing <Task(PythonOperator): transform> on 2024-01-08 00:00:00+00:00
[2025-12-16T17:21:11.715+0000] {standard_task_runner.py:60} INFO - Started process 5610 to run task
[2025-12-16T17:21:11.734+0000] {standard_task_runner.py:87} INFO - Running: ['***', 'tasks', 'run', 'etl_***', 'transform', 'scheduled__2024-01-08T00:00:00+00:00', '--job-id', '5858', '--raw', '--subdir', 'DAGS_FOLDER/etl_dag.py', '--cfg-path', '/tmp/tmpnr90voaj']
[2025-12-16T17:21:11.744+0000] {standard_task_runner.py:88} INFO - Job 5858: Subtask transform
[2025-12-16T17:21:12.044+0000] {task_command.py:423} INFO - Running <TaskInstance: etl_airflow.transform scheduled__2024-01-08T00:00:00+00:00 [running]> on host 3b89cfee50e9
[2025-12-16T17:21:12.517+0000] {taskinstance.py:2480} INFO - Exporting env vars: AIRFLOW_CTX_DAG_OWNER='***' AIRFLOW_CTX_DAG_ID='etl_***' AIRFLOW_CTX_TASK_ID='transform' AIRFLOW_CTX_EXECUTION_DATE='2024-01-08T00:00:00+00:00' AIRFLOW_CTX_TRY_NUMBER='3' AIRFLOW_CTX_DAG_RUN_ID='scheduled__2024-01-08T00:00:00+00:00'
[2025-12-16T17:21:12.529+0000] {logging_mixin.py:188} INFO - [TRANSFORM]
[2025-12-16T17:21:12.643+0000] {logging_mixin.py:188} INFO - [TRANSFORM] done
[2025-12-16T17:21:12.645+0000] {python.py:201} INFO - Done. Returned value was: None
[2025-12-16T17:21:13.116+0000] {taskinstance.py:1138} INFO - Marking task as SUCCESS. dag_id=etl_***, task_id=transform, execution_date=20240108T000000, start_date=20251216T172111, end_date=20251216T172113
[2025-12-16T17:21:13.458+0000] {local_task_job_runner.py:234} INFO - Task exited with return code 0
[2025-12-16T17:21:13.530+0000] {taskinstance.py:3280} INFO - 1 downstream tasks scheduled from follow-on schedule check
[2025-12-17T04:42:50.906+0000] {taskinstance.py:1956} INFO - Dependencies all met for dep_context=non-requeueable deps ti=<TaskInstance: etl_airflow.transform scheduled__2024-01-08T00:00:00+00:00 [queued]>
[2025-12-17T04:42:50.920+0000] {taskinstance.py:1956} INFO - Dependencies all met for dep_context=requeueable deps ti=<TaskInstance: etl_airflow.transform scheduled__2024-01-08T00:00:00+00:00 [queued]>
[2025-12-17T04:42:50.921+0000] {taskinstance.py:2170} INFO - Starting attempt 3 of 3
[2025-12-17T04:42:50.940+0000] {taskinstance.py:2191} INFO - Executing <Task(PythonOperator): transform> on 2024-01-08 00:00:00+00:00
[2025-12-17T04:42:50.947+0000] {standard_task_runner.py:60} INFO - Started process 424 to run task
[2025-12-17T04:42:50.955+0000] {standard_task_runner.py:87} INFO - Running: ['***', 'tasks', 'run', 'etl_***', 'transform', 'scheduled__2024-01-08T00:00:00+00:00', '--job-id', '57', '--raw', '--subdir', 'DAGS_FOLDER/etl_***.py', '--cfg-path', '/tmp/tmprfxg3igh']
[2025-12-17T04:42:50.962+0000] {standard_task_runner.py:88} INFO - Job 57: Subtask transform
[2025-12-17T04:42:51.075+0000] {task_command.py:423} INFO - Running <TaskInstance: etl_airflow.transform scheduled__2024-01-08T00:00:00+00:00 [running]> on host b3426f05ac70
[2025-12-17T04:42:51.508+0000] {taskinstance.py:2480} INFO - Exporting env vars: AIRFLOW_CTX_DAG_OWNER='***' AIRFLOW_CTX_DAG_ID='etl_***' AIRFLOW_CTX_TASK_ID='transform' AIRFLOW_CTX_EXECUTION_DATE='2024-01-08T00:00:00+00:00' AIRFLOW_CTX_TRY_NUMBER='3' AIRFLOW_CTX_DAG_RUN_ID='scheduled__2024-01-08T00:00:00+00:00'
[2025-12-17T04:42:51.510+0000] {taskinstance.py:2698} ERROR - Task failed with exception
Traceback (most recent call last):
  File "/home/airflow/.local/lib/python3.8/site-packages/airflow/models/taskinstance.py", line 433, in _execute_task
    result = execute_callable(context=context, **execute_callable_kwargs)
  File "/home/airflow/.local/lib/python3.8/site-packages/airflow/operators/python.py", line 199, in execute
    return_value = self.execute_callable()
  File "/home/airflow/.local/lib/python3.8/site-packages/airflow/operators/python.py", line 216, in execute_callable
    return self.python_callable(*self.op_args, **self.op_kwargs)
TypeError: transform_data() missing 1 required positional argument: 'df'
[2025-12-17T04:42:51.522+0000] {taskinstance.py:1138} INFO - Marking task as FAILED. dag_id=etl_***, task_id=transform, execution_date=20240108T000000, start_date=20251217T044250, end_date=20251217T044251
[2025-12-17T04:42:51.538+0000] {standard_task_runner.py:107} ERROR - Failed to execute job 57 for task transform (transform_data() missing 1 required positional argument: 'df'; 424)
[2025-12-17T04:42:51.568+0000] {local_task_job_runner.py:234} INFO - Task exited with return code 1
[2025-12-17T04:42:51.602+0000] {taskinstance.py:3280} INFO - 0 downstream tasks scheduled from follow-on schedule check
[2025-12-17T07:35:47.608+0000] {taskinstance.py:1956} INFO - Dependencies all met for dep_context=non-requeueable deps ti=<TaskInstance: etl_airflow.transform scheduled__2024-01-08T00:00:00+00:00 [queued]>
[2025-12-17T07:35:47.630+0000] {taskinstance.py:1956} INFO - Dependencies all met for dep_context=requeueable deps ti=<TaskInstance: etl_airflow.transform scheduled__2024-01-08T00:00:00+00:00 [queued]>
[2025-12-17T07:35:47.631+0000] {taskinstance.py:2170} INFO - Starting attempt 3 of 3
[2025-12-17T07:35:47.672+0000] {taskinstance.py:2191} INFO - Executing <Task(PythonOperator): transform> on 2024-01-08 00:00:00+00:00
[2025-12-17T07:35:47.683+0000] {standard_task_runner.py:60} INFO - Started process 455 to run task
[2025-12-17T07:35:47.696+0000] {standard_task_runner.py:87} INFO - Running: ['***', 'tasks', 'run', 'etl_***', 'transform', 'scheduled__2024-01-08T00:00:00+00:00', '--job-id', '52', '--raw', '--subdir', 'DAGS_FOLDER/etl_***.py', '--cfg-path', '/tmp/tmpzvzxqy7h']
[2025-12-17T07:35:47.702+0000] {standard_task_runner.py:88} INFO - Job 52: Subtask transform
[2025-12-17T07:35:47.874+0000] {task_command.py:423} INFO - Running <TaskInstance: etl_airflow.transform scheduled__2024-01-08T00:00:00+00:00 [running]> on host 2a0de06c8905
[2025-12-17T07:35:48.467+0000] {taskinstance.py:2480} INFO - Exporting env vars: AIRFLOW_CTX_DAG_OWNER='***' AIRFLOW_CTX_DAG_ID='etl_***' AIRFLOW_CTX_TASK_ID='transform' AIRFLOW_CTX_EXECUTION_DATE='2024-01-08T00:00:00+00:00' AIRFLOW_CTX_TRY_NUMBER='3' AIRFLOW_CTX_DAG_RUN_ID='scheduled__2024-01-08T00:00:00+00:00'
[2025-12-17T07:35:48.475+0000] {taskinstance.py:2698} ERROR - Task failed with exception
Traceback (most recent call last):
  File "/home/airflow/.local/lib/python3.8/site-packages/airflow/models/taskinstance.py", line 433, in _execute_task
    result = execute_callable(context=context, **execute_callable_kwargs)
  File "/home/airflow/.local/lib/python3.8/site-packages/airflow/operators/python.py", line 199, in execute
    return_value = self.execute_callable()
  File "/home/airflow/.local/lib/python3.8/site-packages/airflow/operators/python.py", line 216, in execute_callable
    return self.python_callable(*self.op_args, **self.op_kwargs)
TypeError: transform_data() missing 1 required positional argument: 'df'
[2025-12-17T07:35:48.501+0000] {taskinstance.py:1138} INFO - Marking task as FAILED. dag_id=etl_***, task_id=transform, execution_date=20240108T000000, start_date=20251217T073547, end_date=20251217T073548
[2025-12-17T07:35:48.536+0000] {standard_task_runner.py:107} ERROR - Failed to execute job 52 for task transform (transform_data() missing 1 required positional argument: 'df'; 455)
[2025-12-17T07:35:48.597+0000] {local_task_job_runner.py:234} INFO - Task exited with return code 1
[2025-12-17T07:35:48.721+0000] {taskinstance.py:3280} INFO - 0 downstream tasks scheduled from follow-on schedule check
