[2025-12-16T17:09:44.086+0000] {taskinstance.py:1956} INFO - Dependencies all met for dep_context=non-requeueable deps ti=<TaskInstance: etl_airflow.load scheduled__2025-04-04T00:00:00+00:00 [queued]>
[2025-12-16T17:09:44.129+0000] {taskinstance.py:1956} INFO - Dependencies all met for dep_context=requeueable deps ti=<TaskInstance: etl_airflow.load scheduled__2025-04-04T00:00:00+00:00 [queued]>
[2025-12-16T17:09:44.130+0000] {taskinstance.py:2170} INFO - Starting attempt 1 of 3
[2025-12-16T17:09:44.200+0000] {taskinstance.py:2191} INFO - Executing <Task(PythonOperator): load> on 2025-04-04 00:00:00+00:00
[2025-12-16T17:09:44.211+0000] {standard_task_runner.py:60} INFO - Started process 336 to run task
[2025-12-16T17:09:44.233+0000] {standard_task_runner.py:87} INFO - Running: ['***', 'tasks', 'run', 'etl_***', 'load', 'scheduled__2025-04-04T00:00:00+00:00', '--job-id', '3599', '--raw', '--subdir', 'DAGS_FOLDER/etl_dag.py', '--cfg-path', '/tmp/tmph7zi20o9']
[2025-12-16T17:09:44.252+0000] {standard_task_runner.py:88} INFO - Job 3599: Subtask load
[2025-12-16T17:09:44.566+0000] {task_command.py:423} INFO - Running <TaskInstance: etl_airflow.load scheduled__2025-04-04T00:00:00+00:00 [running]> on host 3b89cfee50e9
[2025-12-16T17:09:44.860+0000] {taskinstance.py:2480} INFO - Exporting env vars: AIRFLOW_CTX_DAG_OWNER='***' AIRFLOW_CTX_DAG_ID='etl_***' AIRFLOW_CTX_TASK_ID='load' AIRFLOW_CTX_EXECUTION_DATE='2025-04-04T00:00:00+00:00' AIRFLOW_CTX_TRY_NUMBER='1' AIRFLOW_CTX_DAG_RUN_ID='scheduled__2025-04-04T00:00:00+00:00'
[2025-12-16T17:09:44.865+0000] {logging_mixin.py:188} INFO - [LOAD]
[2025-12-16T17:09:44.944+0000] {logging_mixin.py:188} INFO -    user_id event_type            timestamp country
0        1      login  2025-01-01T09:00:00      IN
1        1      click  2025-01-01T09:05:00      IN
2        1     logout  2025-01-01T09:15:00      IN
3        3      login  2025-01-02T08:00:00      FR
4        3      click  2025-01-02T08:05:00      FR
[2025-12-16T17:09:44.945+0000] {logging_mixin.py:188} INFO - [LOAD] done
[2025-12-16T17:09:44.946+0000] {python.py:201} INFO - Done. Returned value was: None
[2025-12-16T17:09:45.540+0000] {taskinstance.py:1138} INFO - Marking task as SUCCESS. dag_id=etl_***, task_id=load, execution_date=20250404T000000, start_date=20251216T170944, end_date=20251216T170945
[2025-12-16T17:09:45.636+0000] {local_task_job_runner.py:234} INFO - Task exited with return code 0
[2025-12-16T17:09:45.680+0000] {taskinstance.py:3280} INFO - 0 downstream tasks scheduled from follow-on schedule check
[2025-12-17T01:58:22.878+0000] {taskinstance.py:1956} INFO - Dependencies all met for dep_context=non-requeueable deps ti=<TaskInstance: etl_airflow.load scheduled__2025-04-04T00:00:00+00:00 [queued]>
[2025-12-17T01:58:22.919+0000] {taskinstance.py:1956} INFO - Dependencies all met for dep_context=requeueable deps ti=<TaskInstance: etl_airflow.load scheduled__2025-04-04T00:00:00+00:00 [queued]>
[2025-12-17T01:58:22.930+0000] {taskinstance.py:2170} INFO - Starting attempt 1 of 3
[2025-12-17T01:58:22.970+0000] {taskinstance.py:2191} INFO - Executing <Task(PythonOperator): load> on 2025-04-04 00:00:00+00:00
[2025-12-17T01:58:23.001+0000] {standard_task_runner.py:60} INFO - Started process 4828 to run task
[2025-12-17T01:58:23.013+0000] {standard_task_runner.py:87} INFO - Running: ['***', 'tasks', 'run', 'etl_***', 'load', 'scheduled__2025-04-04T00:00:00+00:00', '--job-id', '1455', '--raw', '--subdir', 'DAGS_FOLDER/etl_dag.py', '--cfg-path', '/tmp/tmpn8yn70du']
[2025-12-17T01:58:23.036+0000] {standard_task_runner.py:88} INFO - Job 1455: Subtask load
[2025-12-17T01:58:23.243+0000] {task_command.py:423} INFO - Running <TaskInstance: etl_airflow.load scheduled__2025-04-04T00:00:00+00:00 [running]> on host 571e042550da
[2025-12-17T01:58:23.710+0000] {taskinstance.py:2480} INFO - Exporting env vars: AIRFLOW_CTX_DAG_OWNER='***' AIRFLOW_CTX_DAG_ID='etl_***' AIRFLOW_CTX_TASK_ID='load' AIRFLOW_CTX_EXECUTION_DATE='2025-04-04T00:00:00+00:00' AIRFLOW_CTX_TRY_NUMBER='1' AIRFLOW_CTX_DAG_RUN_ID='scheduled__2025-04-04T00:00:00+00:00'
[2025-12-17T01:58:23.713+0000] {logging_mixin.py:188} INFO - [LOAD]
[2025-12-17T01:58:23.752+0000] {logging_mixin.py:188} INFO -    user_id event_type            timestamp country
0        1      login  2025-01-01T09:00:00      IN
1        1      click  2025-01-01T09:05:00      IN
2        1     logout  2025-01-01T09:15:00      IN
3        3      login  2025-01-02T08:00:00      FR
4        3      click  2025-01-02T08:05:00      FR
[2025-12-17T01:58:23.754+0000] {logging_mixin.py:188} INFO - [LOAD] done
[2025-12-17T01:58:23.756+0000] {python.py:201} INFO - Done. Returned value was: None
[2025-12-17T01:58:23.773+0000] {taskinstance.py:1138} INFO - Marking task as SUCCESS. dag_id=etl_***, task_id=load, execution_date=20250404T000000, start_date=20251217T015822, end_date=20251217T015823
[2025-12-17T01:58:24.091+0000] {local_task_job_runner.py:234} INFO - Task exited with return code 0
[2025-12-17T01:58:24.171+0000] {taskinstance.py:3280} INFO - 0 downstream tasks scheduled from follow-on schedule check
