[2025-12-16T17:11:13.743+0000] {taskinstance.py:1956} INFO - Dependencies all met for dep_context=non-requeueable deps ti=<TaskInstance: etl_airflow.transform scheduled__2024-04-22T00:00:00+00:00 [queued]>
[2025-12-16T17:11:13.802+0000] {taskinstance.py:1956} INFO - Dependencies all met for dep_context=requeueable deps ti=<TaskInstance: etl_airflow.transform scheduled__2024-04-22T00:00:00+00:00 [queued]>
[2025-12-16T17:11:13.822+0000] {taskinstance.py:2170} INFO - Starting attempt 1 of 3
[2025-12-16T17:11:13.927+0000] {taskinstance.py:2191} INFO - Executing <Task(PythonOperator): transform> on 2024-04-22 00:00:00+00:00
[2025-12-16T17:11:13.958+0000] {standard_task_runner.py:60} INFO - Started process 1344 to run task
[2025-12-16T17:11:13.962+0000] {standard_task_runner.py:87} INFO - Running: ['***', 'tasks', 'run', 'etl_***', 'transform', 'scheduled__2024-04-22T00:00:00+00:00', '--job-id', '3919', '--raw', '--subdir', 'DAGS_FOLDER/etl_dag.py', '--cfg-path', '/tmp/tmpz_mendqs']
[2025-12-16T17:11:13.980+0000] {standard_task_runner.py:88} INFO - Job 3919: Subtask transform
[2025-12-16T17:11:14.245+0000] {task_command.py:423} INFO - Running <TaskInstance: etl_airflow.transform scheduled__2024-04-22T00:00:00+00:00 [running]> on host 3b89cfee50e9
[2025-12-16T17:11:14.532+0000] {taskinstance.py:2480} INFO - Exporting env vars: AIRFLOW_CTX_DAG_OWNER='***' AIRFLOW_CTX_DAG_ID='etl_***' AIRFLOW_CTX_TASK_ID='transform' AIRFLOW_CTX_EXECUTION_DATE='2024-04-22T00:00:00+00:00' AIRFLOW_CTX_TRY_NUMBER='1' AIRFLOW_CTX_DAG_RUN_ID='scheduled__2024-04-22T00:00:00+00:00'
[2025-12-16T17:11:14.537+0000] {logging_mixin.py:188} INFO - [TRANSFORM]
[2025-12-16T17:11:15.409+0000] {logging_mixin.py:188} INFO - [TRANSFORM] done
[2025-12-16T17:11:15.413+0000] {python.py:201} INFO - Done. Returned value was: None
[2025-12-16T17:11:15.443+0000] {taskinstance.py:1138} INFO - Marking task as SUCCESS. dag_id=etl_***, task_id=transform, execution_date=20240422T000000, start_date=20251216T171113, end_date=20251216T171115
[2025-12-16T17:11:15.592+0000] {local_task_job_runner.py:234} INFO - Task exited with return code 0
[2025-12-16T17:11:15.708+0000] {taskinstance.py:3280} INFO - 1 downstream tasks scheduled from follow-on schedule check
[2025-12-17T01:52:06.847+0000] {taskinstance.py:1956} INFO - Dependencies all met for dep_context=non-requeueable deps ti=<TaskInstance: etl_airflow.transform scheduled__2024-04-22T00:00:00+00:00 [queued]>
[2025-12-17T01:52:06.928+0000] {taskinstance.py:1956} INFO - Dependencies all met for dep_context=requeueable deps ti=<TaskInstance: etl_airflow.transform scheduled__2024-04-22T00:00:00+00:00 [queued]>
[2025-12-17T01:52:06.932+0000] {taskinstance.py:2170} INFO - Starting attempt 1 of 3
[2025-12-17T01:52:07.200+0000] {taskinstance.py:2191} INFO - Executing <Task(PythonOperator): transform> on 2024-04-22 00:00:00+00:00
[2025-12-17T01:52:07.232+0000] {standard_task_runner.py:60} INFO - Started process 1309 to run task
[2025-12-17T01:52:07.283+0000] {standard_task_runner.py:87} INFO - Running: ['***', 'tasks', 'run', 'etl_***', 'transform', 'scheduled__2024-04-22T00:00:00+00:00', '--job-id', '344', '--raw', '--subdir', 'DAGS_FOLDER/etl_dag.py', '--cfg-path', '/tmp/tmp38ar9ckw']
[2025-12-17T01:52:07.301+0000] {standard_task_runner.py:88} INFO - Job 344: Subtask transform
[2025-12-17T01:52:07.610+0000] {task_command.py:423} INFO - Running <TaskInstance: etl_airflow.transform scheduled__2024-04-22T00:00:00+00:00 [running]> on host 571e042550da
[2025-12-17T01:52:08.415+0000] {taskinstance.py:2480} INFO - Exporting env vars: AIRFLOW_CTX_DAG_OWNER='***' AIRFLOW_CTX_DAG_ID='etl_***' AIRFLOW_CTX_TASK_ID='transform' AIRFLOW_CTX_EXECUTION_DATE='2024-04-22T00:00:00+00:00' AIRFLOW_CTX_TRY_NUMBER='1' AIRFLOW_CTX_DAG_RUN_ID='scheduled__2024-04-22T00:00:00+00:00'
[2025-12-17T01:52:08.420+0000] {logging_mixin.py:188} INFO - [TRANSFORM]
[2025-12-17T01:52:08.467+0000] {logging_mixin.py:188} INFO - [TRANSFORM] done
[2025-12-17T01:52:08.469+0000] {python.py:201} INFO - Done. Returned value was: None
[2025-12-17T01:52:08.496+0000] {taskinstance.py:1138} INFO - Marking task as SUCCESS. dag_id=etl_***, task_id=transform, execution_date=20240422T000000, start_date=20251217T015206, end_date=20251217T015208
[2025-12-17T01:52:08.583+0000] {local_task_job_runner.py:234} INFO - Task exited with return code 0
[2025-12-17T01:52:08.657+0000] {taskinstance.py:3280} INFO - 1 downstream tasks scheduled from follow-on schedule check
[2025-12-17T04:46:28.944+0000] {taskinstance.py:1956} INFO - Dependencies all met for dep_context=non-requeueable deps ti=<TaskInstance: etl_airflow.transform scheduled__2024-04-22T00:00:00+00:00 [queued]>
[2025-12-17T04:46:28.958+0000] {taskinstance.py:1956} INFO - Dependencies all met for dep_context=requeueable deps ti=<TaskInstance: etl_airflow.transform scheduled__2024-04-22T00:00:00+00:00 [queued]>
[2025-12-17T04:46:28.959+0000] {taskinstance.py:2170} INFO - Starting attempt 1 of 3
[2025-12-17T04:46:29.001+0000] {taskinstance.py:2191} INFO - Executing <Task(PythonOperator): transform> on 2024-04-22 00:00:00+00:00
[2025-12-17T04:46:29.011+0000] {standard_task_runner.py:60} INFO - Started process 1732 to run task
[2025-12-17T04:46:29.018+0000] {standard_task_runner.py:87} INFO - Running: ['***', 'tasks', 'run', 'etl_***', 'transform', 'scheduled__2024-04-22T00:00:00+00:00', '--job-id', '456', '--raw', '--subdir', 'DAGS_FOLDER/etl_***.py', '--cfg-path', '/tmp/tmpw4f8nhd4']
[2025-12-17T04:46:29.022+0000] {standard_task_runner.py:88} INFO - Job 456: Subtask transform
[2025-12-17T04:46:29.156+0000] {task_command.py:423} INFO - Running <TaskInstance: etl_airflow.transform scheduled__2024-04-22T00:00:00+00:00 [running]> on host b3426f05ac70
[2025-12-17T04:46:29.485+0000] {taskinstance.py:2480} INFO - Exporting env vars: AIRFLOW_CTX_DAG_OWNER='***' AIRFLOW_CTX_DAG_ID='etl_***' AIRFLOW_CTX_TASK_ID='transform' AIRFLOW_CTX_EXECUTION_DATE='2024-04-22T00:00:00+00:00' AIRFLOW_CTX_TRY_NUMBER='1' AIRFLOW_CTX_DAG_RUN_ID='scheduled__2024-04-22T00:00:00+00:00'
[2025-12-17T04:46:29.487+0000] {taskinstance.py:2698} ERROR - Task failed with exception
Traceback (most recent call last):
  File "/home/airflow/.local/lib/python3.8/site-packages/airflow/models/taskinstance.py", line 433, in _execute_task
    result = execute_callable(context=context, **execute_callable_kwargs)
  File "/home/airflow/.local/lib/python3.8/site-packages/airflow/operators/python.py", line 199, in execute
    return_value = self.execute_callable()
  File "/home/airflow/.local/lib/python3.8/site-packages/airflow/operators/python.py", line 216, in execute_callable
    return self.python_callable(*self.op_args, **self.op_kwargs)
TypeError: transform_data() missing 1 required positional argument: 'df'
[2025-12-17T04:46:29.499+0000] {taskinstance.py:1138} INFO - Marking task as UP_FOR_RETRY. dag_id=etl_***, task_id=transform, execution_date=20240422T000000, start_date=20251217T044628, end_date=20251217T044629
[2025-12-17T04:46:29.524+0000] {standard_task_runner.py:107} ERROR - Failed to execute job 456 for task transform (transform_data() missing 1 required positional argument: 'df'; 1732)
[2025-12-17T04:46:29.552+0000] {local_task_job_runner.py:234} INFO - Task exited with return code 1
[2025-12-17T04:46:29.589+0000] {taskinstance.py:3280} INFO - 0 downstream tasks scheduled from follow-on schedule check
[2025-12-17T07:39:51.517+0000] {taskinstance.py:1956} INFO - Dependencies all met for dep_context=non-requeueable deps ti=<TaskInstance: etl_airflow.transform scheduled__2024-04-22T00:00:00+00:00 [queued]>
[2025-12-17T07:39:51.536+0000] {taskinstance.py:1956} INFO - Dependencies all met for dep_context=requeueable deps ti=<TaskInstance: etl_airflow.transform scheduled__2024-04-22T00:00:00+00:00 [queued]>
[2025-12-17T07:39:51.538+0000] {taskinstance.py:2170} INFO - Starting attempt 1 of 3
[2025-12-17T07:39:51.566+0000] {taskinstance.py:2191} INFO - Executing <Task(PythonOperator): transform> on 2024-04-22 00:00:00+00:00
[2025-12-17T07:39:51.579+0000] {standard_task_runner.py:60} INFO - Started process 1789 to run task
[2025-12-17T07:39:51.583+0000] {standard_task_runner.py:87} INFO - Running: ['***', 'tasks', 'run', 'etl_***', 'transform', 'scheduled__2024-04-22T00:00:00+00:00', '--job-id', '456', '--raw', '--subdir', 'DAGS_FOLDER/etl_***.py', '--cfg-path', '/tmp/tmpdhhy_a35']
[2025-12-17T07:39:51.587+0000] {standard_task_runner.py:88} INFO - Job 456: Subtask transform
[2025-12-17T07:39:51.726+0000] {task_command.py:423} INFO - Running <TaskInstance: etl_airflow.transform scheduled__2024-04-22T00:00:00+00:00 [running]> on host 2a0de06c8905
[2025-12-17T07:39:52.162+0000] {taskinstance.py:2480} INFO - Exporting env vars: AIRFLOW_CTX_DAG_OWNER='***' AIRFLOW_CTX_DAG_ID='etl_***' AIRFLOW_CTX_TASK_ID='transform' AIRFLOW_CTX_EXECUTION_DATE='2024-04-22T00:00:00+00:00' AIRFLOW_CTX_TRY_NUMBER='1' AIRFLOW_CTX_DAG_RUN_ID='scheduled__2024-04-22T00:00:00+00:00'
[2025-12-17T07:39:52.169+0000] {taskinstance.py:2698} ERROR - Task failed with exception
Traceback (most recent call last):
  File "/home/airflow/.local/lib/python3.8/site-packages/airflow/models/taskinstance.py", line 433, in _execute_task
    result = execute_callable(context=context, **execute_callable_kwargs)
  File "/home/airflow/.local/lib/python3.8/site-packages/airflow/operators/python.py", line 199, in execute
    return_value = self.execute_callable()
  File "/home/airflow/.local/lib/python3.8/site-packages/airflow/operators/python.py", line 216, in execute_callable
    return self.python_callable(*self.op_args, **self.op_kwargs)
TypeError: transform_data() missing 1 required positional argument: 'df'
[2025-12-17T07:39:52.196+0000] {taskinstance.py:1138} INFO - Marking task as UP_FOR_RETRY. dag_id=etl_***, task_id=transform, execution_date=20240422T000000, start_date=20251217T073951, end_date=20251217T073952
[2025-12-17T07:39:52.228+0000] {standard_task_runner.py:107} ERROR - Failed to execute job 456 for task transform (transform_data() missing 1 required positional argument: 'df'; 1789)
[2025-12-17T07:39:52.281+0000] {local_task_job_runner.py:234} INFO - Task exited with return code 1
[2025-12-17T07:39:52.333+0000] {taskinstance.py:3280} INFO - 0 downstream tasks scheduled from follow-on schedule check
