[2025-12-16T17:22:34.408+0000] {taskinstance.py:1956} INFO - Dependencies all met for dep_context=non-requeueable deps ti=<TaskInstance: etl_airflow.transform scheduled__2024-04-22T00:00:00+00:00 [queued]>
[2025-12-16T17:22:34.431+0000] {taskinstance.py:1956} INFO - Dependencies all met for dep_context=requeueable deps ti=<TaskInstance: etl_airflow.transform scheduled__2024-04-22T00:00:00+00:00 [queued]>
[2025-12-16T17:22:34.432+0000] {taskinstance.py:2170} INFO - Starting attempt 3 of 5
[2025-12-16T17:22:34.479+0000] {taskinstance.py:2191} INFO - Executing <Task(PythonOperator): transform> on 2024-04-22 00:00:00+00:00
[2025-12-16T17:22:34.492+0000] {standard_task_runner.py:60} INFO - Started process 6587 to run task
[2025-12-16T17:22:34.502+0000] {standard_task_runner.py:87} INFO - Running: ['***', 'tasks', 'run', 'etl_***', 'transform', 'scheduled__2024-04-22T00:00:00+00:00', '--job-id', '6163', '--raw', '--subdir', 'DAGS_FOLDER/etl_dag.py', '--cfg-path', '/tmp/tmpqoxvxdiv']
[2025-12-16T17:22:34.509+0000] {standard_task_runner.py:88} INFO - Job 6163: Subtask transform
[2025-12-16T17:22:34.675+0000] {task_command.py:423} INFO - Running <TaskInstance: etl_airflow.transform scheduled__2024-04-22T00:00:00+00:00 [running]> on host 3b89cfee50e9
[2025-12-16T17:22:34.928+0000] {taskinstance.py:2480} INFO - Exporting env vars: AIRFLOW_CTX_DAG_OWNER='***' AIRFLOW_CTX_DAG_ID='etl_***' AIRFLOW_CTX_TASK_ID='transform' AIRFLOW_CTX_EXECUTION_DATE='2024-04-22T00:00:00+00:00' AIRFLOW_CTX_TRY_NUMBER='3' AIRFLOW_CTX_DAG_RUN_ID='scheduled__2024-04-22T00:00:00+00:00'
[2025-12-16T17:22:34.932+0000] {logging_mixin.py:188} INFO - [TRANSFORM]
[2025-12-16T17:22:35.338+0000] {logging_mixin.py:188} INFO - [TRANSFORM] done
[2025-12-16T17:22:35.339+0000] {python.py:201} INFO - Done. Returned value was: None
[2025-12-16T17:22:35.373+0000] {taskinstance.py:1138} INFO - Marking task as SUCCESS. dag_id=etl_***, task_id=transform, execution_date=20240422T000000, start_date=20251216T172234, end_date=20251216T172235
[2025-12-16T17:22:35.452+0000] {local_task_job_runner.py:234} INFO - Task exited with return code 0
[2025-12-16T17:22:35.509+0000] {taskinstance.py:3280} INFO - 1 downstream tasks scheduled from follow-on schedule check
[2025-12-17T04:46:53.440+0000] {taskinstance.py:1956} INFO - Dependencies all met for dep_context=non-requeueable deps ti=<TaskInstance: etl_airflow.transform scheduled__2024-04-22T00:00:00+00:00 [queued]>
[2025-12-17T04:46:53.455+0000] {taskinstance.py:1956} INFO - Dependencies all met for dep_context=requeueable deps ti=<TaskInstance: etl_airflow.transform scheduled__2024-04-22T00:00:00+00:00 [queued]>
[2025-12-17T04:46:53.456+0000] {taskinstance.py:2170} INFO - Starting attempt 3 of 3
[2025-12-17T04:46:53.572+0000] {taskinstance.py:2191} INFO - Executing <Task(PythonOperator): transform> on 2024-04-22 00:00:00+00:00
[2025-12-17T04:46:53.579+0000] {standard_task_runner.py:60} INFO - Started process 1875 to run task
[2025-12-17T04:46:53.584+0000] {standard_task_runner.py:87} INFO - Running: ['***', 'tasks', 'run', 'etl_***', 'transform', 'scheduled__2024-04-22T00:00:00+00:00', '--job-id', '499', '--raw', '--subdir', 'DAGS_FOLDER/etl_***.py', '--cfg-path', '/tmp/tmpk91230or']
[2025-12-17T04:46:53.589+0000] {standard_task_runner.py:88} INFO - Job 499: Subtask transform
[2025-12-17T04:46:53.698+0000] {task_command.py:423} INFO - Running <TaskInstance: etl_airflow.transform scheduled__2024-04-22T00:00:00+00:00 [running]> on host b3426f05ac70
[2025-12-17T04:46:54.054+0000] {taskinstance.py:2480} INFO - Exporting env vars: AIRFLOW_CTX_DAG_OWNER='***' AIRFLOW_CTX_DAG_ID='etl_***' AIRFLOW_CTX_TASK_ID='transform' AIRFLOW_CTX_EXECUTION_DATE='2024-04-22T00:00:00+00:00' AIRFLOW_CTX_TRY_NUMBER='3' AIRFLOW_CTX_DAG_RUN_ID='scheduled__2024-04-22T00:00:00+00:00'
[2025-12-17T04:46:54.056+0000] {taskinstance.py:2698} ERROR - Task failed with exception
Traceback (most recent call last):
  File "/home/airflow/.local/lib/python3.8/site-packages/airflow/models/taskinstance.py", line 433, in _execute_task
    result = execute_callable(context=context, **execute_callable_kwargs)
  File "/home/airflow/.local/lib/python3.8/site-packages/airflow/operators/python.py", line 199, in execute
    return_value = self.execute_callable()
  File "/home/airflow/.local/lib/python3.8/site-packages/airflow/operators/python.py", line 216, in execute_callable
    return self.python_callable(*self.op_args, **self.op_kwargs)
TypeError: transform_data() missing 1 required positional argument: 'df'
[2025-12-17T04:46:54.070+0000] {taskinstance.py:1138} INFO - Marking task as FAILED. dag_id=etl_***, task_id=transform, execution_date=20240422T000000, start_date=20251217T044653, end_date=20251217T044654
[2025-12-17T04:46:54.130+0000] {standard_task_runner.py:107} ERROR - Failed to execute job 499 for task transform (transform_data() missing 1 required positional argument: 'df'; 1875)
[2025-12-17T04:46:54.159+0000] {local_task_job_runner.py:234} INFO - Task exited with return code 1
[2025-12-17T04:46:54.210+0000] {taskinstance.py:3280} INFO - 0 downstream tasks scheduled from follow-on schedule check
[2025-12-17T07:40:17.065+0000] {taskinstance.py:1956} INFO - Dependencies all met for dep_context=non-requeueable deps ti=<TaskInstance: etl_airflow.transform scheduled__2024-04-22T00:00:00+00:00 [queued]>
[2025-12-17T07:40:17.081+0000] {taskinstance.py:1956} INFO - Dependencies all met for dep_context=requeueable deps ti=<TaskInstance: etl_airflow.transform scheduled__2024-04-22T00:00:00+00:00 [queued]>
[2025-12-17T07:40:17.083+0000] {taskinstance.py:2170} INFO - Starting attempt 3 of 3
[2025-12-17T07:40:17.110+0000] {taskinstance.py:2191} INFO - Executing <Task(PythonOperator): transform> on 2024-04-22 00:00:00+00:00
[2025-12-17T07:40:17.120+0000] {standard_task_runner.py:60} INFO - Started process 1938 to run task
[2025-12-17T07:40:17.130+0000] {standard_task_runner.py:87} INFO - Running: ['***', 'tasks', 'run', 'etl_***', 'transform', 'scheduled__2024-04-22T00:00:00+00:00', '--job-id', '502', '--raw', '--subdir', 'DAGS_FOLDER/etl_***.py', '--cfg-path', '/tmp/tmpm7xh3k4m']
[2025-12-17T07:40:17.134+0000] {standard_task_runner.py:88} INFO - Job 502: Subtask transform
[2025-12-17T07:40:17.279+0000] {task_command.py:423} INFO - Running <TaskInstance: etl_airflow.transform scheduled__2024-04-22T00:00:00+00:00 [running]> on host 2a0de06c8905
[2025-12-17T07:40:17.820+0000] {taskinstance.py:2480} INFO - Exporting env vars: AIRFLOW_CTX_DAG_OWNER='***' AIRFLOW_CTX_DAG_ID='etl_***' AIRFLOW_CTX_TASK_ID='transform' AIRFLOW_CTX_EXECUTION_DATE='2024-04-22T00:00:00+00:00' AIRFLOW_CTX_TRY_NUMBER='3' AIRFLOW_CTX_DAG_RUN_ID='scheduled__2024-04-22T00:00:00+00:00'
[2025-12-17T07:40:17.837+0000] {taskinstance.py:2698} ERROR - Task failed with exception
Traceback (most recent call last):
  File "/home/airflow/.local/lib/python3.8/site-packages/airflow/models/taskinstance.py", line 433, in _execute_task
    result = execute_callable(context=context, **execute_callable_kwargs)
  File "/home/airflow/.local/lib/python3.8/site-packages/airflow/operators/python.py", line 199, in execute
    return_value = self.execute_callable()
  File "/home/airflow/.local/lib/python3.8/site-packages/airflow/operators/python.py", line 216, in execute_callable
    return self.python_callable(*self.op_args, **self.op_kwargs)
TypeError: transform_data() missing 1 required positional argument: 'df'
[2025-12-17T07:40:17.857+0000] {taskinstance.py:1138} INFO - Marking task as FAILED. dag_id=etl_***, task_id=transform, execution_date=20240422T000000, start_date=20251217T074017, end_date=20251217T074017
[2025-12-17T07:40:17.893+0000] {standard_task_runner.py:107} ERROR - Failed to execute job 502 for task transform (transform_data() missing 1 required positional argument: 'df'; 1938)
[2025-12-17T07:40:17.945+0000] {local_task_job_runner.py:234} INFO - Task exited with return code 1
[2025-12-17T07:40:17.988+0000] {taskinstance.py:3280} INFO - 0 downstream tasks scheduled from follow-on schedule check
