[2025-12-16T16:36:39.907+0000] {taskinstance.py:1956} INFO - Dependencies all met for dep_context=non-requeueable deps ti=<TaskInstance: etl_airflow.extract scheduled__2024-07-13T00:00:00+00:00 [queued]>
[2025-12-16T16:36:39.923+0000] {taskinstance.py:1956} INFO - Dependencies all met for dep_context=requeueable deps ti=<TaskInstance: etl_airflow.extract scheduled__2024-07-13T00:00:00+00:00 [queued]>
[2025-12-16T16:36:39.931+0000] {taskinstance.py:2170} INFO - Starting attempt 1 of 3
[2025-12-16T16:36:40.047+0000] {taskinstance.py:2191} INFO - Executing <Task(PythonOperator): extract> on 2024-07-13 00:00:00+00:00
[2025-12-16T16:36:40.060+0000] {standard_task_runner.py:60} INFO - Started process 782 to run task
[2025-12-16T16:36:40.066+0000] {standard_task_runner.py:87} INFO - Running: ['***', 'tasks', 'run', 'etl_***', 'extract', 'scheduled__2024-07-13T00:00:00+00:00', '--job-id', '578', '--raw', '--subdir', 'DAGS_FOLDER/etl_dag.py', '--cfg-path', '/tmp/tmp068oghgb']
[2025-12-16T16:36:40.070+0000] {standard_task_runner.py:88} INFO - Job 578: Subtask extract
[2025-12-16T16:36:40.190+0000] {task_command.py:423} INFO - Running <TaskInstance: etl_airflow.extract scheduled__2024-07-13T00:00:00+00:00 [running]> on host 02b83863a69a
[2025-12-16T16:36:40.311+0000] {taskinstance.py:2480} INFO - Exporting env vars: AIRFLOW_CTX_DAG_OWNER='***' AIRFLOW_CTX_DAG_ID='etl_***' AIRFLOW_CTX_TASK_ID='extract' AIRFLOW_CTX_EXECUTION_DATE='2024-07-13T00:00:00+00:00' AIRFLOW_CTX_TRY_NUMBER='1' AIRFLOW_CTX_DAG_RUN_ID='scheduled__2024-07-13T00:00:00+00:00'
[2025-12-16T16:36:40.314+0000] {logging_mixin.py:188} INFO - Extracting data from /opt/***/data/input.csv
[2025-12-16T16:36:40.320+0000] {taskinstance.py:2698} ERROR - Task failed with exception
Traceback (most recent call last):
  File "/home/airflow/.local/lib/python3.8/site-packages/airflow/models/taskinstance.py", line 433, in _execute_task
    result = execute_callable(context=context, **execute_callable_kwargs)
  File "/home/airflow/.local/lib/python3.8/site-packages/airflow/operators/python.py", line 199, in execute
    return_value = self.execute_callable()
  File "/home/airflow/.local/lib/python3.8/site-packages/airflow/operators/python.py", line 216, in execute_callable
    return self.python_callable(*self.op_args, **self.op_kwargs)
  File "/opt/airflow/dags/etl_logic/pipeline.py", line 97, in extract_data
    df = pd.read_csv(input_path)
  File "/home/airflow/.local/lib/python3.8/site-packages/pandas/io/parsers/readers.py", line 912, in read_csv
    return _read(filepath_or_buffer, kwds)
  File "/home/airflow/.local/lib/python3.8/site-packages/pandas/io/parsers/readers.py", line 577, in _read
    parser = TextFileReader(filepath_or_buffer, **kwds)
  File "/home/airflow/.local/lib/python3.8/site-packages/pandas/io/parsers/readers.py", line 1407, in __init__
    self._engine = self._make_engine(f, self.engine)
  File "/home/airflow/.local/lib/python3.8/site-packages/pandas/io/parsers/readers.py", line 1661, in _make_engine
    self.handles = get_handle(
  File "/home/airflow/.local/lib/python3.8/site-packages/pandas/io/common.py", line 859, in get_handle
    handle = open(
FileNotFoundError: [Errno 2] No such file or directory: '/opt/airflow/data/input.csv'
[2025-12-16T16:36:40.355+0000] {taskinstance.py:1138} INFO - Marking task as UP_FOR_RETRY. dag_id=etl_***, task_id=extract, execution_date=20240713T000000, start_date=20251216T163639, end_date=20251216T163640
[2025-12-16T16:36:40.395+0000] {standard_task_runner.py:107} ERROR - Failed to execute job 578 for task extract ([Errno 2] No such file or directory: '/opt/airflow/data/input.csv'; 782)
[2025-12-16T16:36:40.440+0000] {local_task_job_runner.py:234} INFO - Task exited with return code 1
[2025-12-16T16:36:40.701+0000] {taskinstance.py:3280} INFO - 0 downstream tasks scheduled from follow-on schedule check
[2025-12-17T01:53:31.895+0000] {taskinstance.py:1956} INFO - Dependencies all met for dep_context=non-requeueable deps ti=<TaskInstance: etl_airflow.extract scheduled__2024-07-13T00:00:00+00:00 [queued]>
[2025-12-17T01:53:31.914+0000] {taskinstance.py:1956} INFO - Dependencies all met for dep_context=requeueable deps ti=<TaskInstance: etl_airflow.extract scheduled__2024-07-13T00:00:00+00:00 [queued]>
[2025-12-17T01:53:31.915+0000] {taskinstance.py:2170} INFO - Starting attempt 1 of 3
[2025-12-17T01:53:31.986+0000] {taskinstance.py:2191} INFO - Executing <Task(PythonOperator): extract> on 2024-07-13 00:00:00+00:00
[2025-12-17T01:53:31.997+0000] {standard_task_runner.py:60} INFO - Started process 2067 to run task
[2025-12-17T01:53:32.003+0000] {standard_task_runner.py:87} INFO - Running: ['***', 'tasks', 'run', 'etl_***', 'extract', 'scheduled__2024-07-13T00:00:00+00:00', '--job-id', '584', '--raw', '--subdir', 'DAGS_FOLDER/etl_dag.py', '--cfg-path', '/tmp/tmppcygcl54']
[2025-12-17T01:53:32.007+0000] {standard_task_runner.py:88} INFO - Job 584: Subtask extract
[2025-12-17T01:53:32.180+0000] {task_command.py:423} INFO - Running <TaskInstance: etl_airflow.extract scheduled__2024-07-13T00:00:00+00:00 [running]> on host 571e042550da
[2025-12-17T01:53:32.645+0000] {taskinstance.py:2480} INFO - Exporting env vars: AIRFLOW_CTX_DAG_OWNER='***' AIRFLOW_CTX_DAG_ID='etl_***' AIRFLOW_CTX_TASK_ID='extract' AIRFLOW_CTX_EXECUTION_DATE='2024-07-13T00:00:00+00:00' AIRFLOW_CTX_TRY_NUMBER='1' AIRFLOW_CTX_DAG_RUN_ID='scheduled__2024-07-13T00:00:00+00:00'
[2025-12-17T01:53:32.648+0000] {logging_mixin.py:188} INFO - [EXTRACT] Reading /opt/***/data/synthetic_events.csv
[2025-12-17T01:53:32.695+0000] {logging_mixin.py:188} INFO - [EXTRACT] done
[2025-12-17T01:53:32.696+0000] {python.py:201} INFO - Done. Returned value was: None
[2025-12-17T01:53:32.718+0000] {taskinstance.py:1138} INFO - Marking task as SUCCESS. dag_id=etl_***, task_id=extract, execution_date=20240713T000000, start_date=20251217T015331, end_date=20251217T015332
[2025-12-17T01:53:32.787+0000] {local_task_job_runner.py:234} INFO - Task exited with return code 0
[2025-12-17T01:53:32.842+0000] {taskinstance.py:3280} INFO - 1 downstream tasks scheduled from follow-on schedule check
[2025-12-17T04:21:10.211+0000] {taskinstance.py:1956} INFO - Dependencies all met for dep_context=non-requeueable deps ti=<TaskInstance: etl_airflow.extract scheduled__2024-07-13T00:00:00+00:00 [queued]>
[2025-12-17T04:21:10.229+0000] {taskinstance.py:1956} INFO - Dependencies all met for dep_context=requeueable deps ti=<TaskInstance: etl_airflow.extract scheduled__2024-07-13T00:00:00+00:00 [queued]>
[2025-12-17T04:21:10.230+0000] {taskinstance.py:2170} INFO - Starting attempt 1 of 3
[2025-12-17T04:21:10.250+0000] {taskinstance.py:2191} INFO - Executing <Task(PythonOperator): extract> on 2024-07-13 00:00:00+00:00
[2025-12-17T04:21:10.258+0000] {standard_task_runner.py:60} INFO - Started process 1217 to run task
[2025-12-17T04:21:10.263+0000] {standard_task_runner.py:87} INFO - Running: ['***', 'tasks', 'run', 'etl_***', 'extract', 'scheduled__2024-07-13T00:00:00+00:00', '--job-id', '306', '--raw', '--subdir', 'DAGS_FOLDER/etl_***.py', '--cfg-path', '/tmp/tmpfv3lvvep']
[2025-12-17T04:21:10.266+0000] {standard_task_runner.py:88} INFO - Job 306: Subtask extract
[2025-12-17T04:21:10.378+0000] {task_command.py:423} INFO - Running <TaskInstance: etl_airflow.extract scheduled__2024-07-13T00:00:00+00:00 [running]> on host c5811fe183ca
[2025-12-17T04:21:10.704+0000] {taskinstance.py:2480} INFO - Exporting env vars: AIRFLOW_CTX_DAG_OWNER='***' AIRFLOW_CTX_DAG_ID='etl_***' AIRFLOW_CTX_TASK_ID='extract' AIRFLOW_CTX_EXECUTION_DATE='2024-07-13T00:00:00+00:00' AIRFLOW_CTX_TRY_NUMBER='1' AIRFLOW_CTX_DAG_RUN_ID='scheduled__2024-07-13T00:00:00+00:00'
[2025-12-17T04:21:10.724+0000] {python.py:201} INFO - Done. Returned value was:    user_id event_type           timestamp country
0        1      login 2025-01-01 09:00:00      IN
1        1      click 2025-01-01 09:05:00      IN
2        1     logout 2025-01-01 09:15:00      IN
3        2      login 2025-01-01 10:00:00      US
4        2      click 2025-01-01 10:10:00      US
5        2     logout 2025-01-01 10:20:00      US
6        3      login 2025-01-02 08:00:00      FR
7        3      click 2025-01-02 08:05:00      FR
8        3     logout 2025-01-02 08:30:00      FR
[2025-12-17T04:21:10.782+0000] {taskinstance.py:1138} INFO - Marking task as SUCCESS. dag_id=etl_***, task_id=extract, execution_date=20240713T000000, start_date=20251217T042110, end_date=20251217T042110
[2025-12-17T04:21:10.837+0000] {local_task_job_runner.py:234} INFO - Task exited with return code 0
[2025-12-17T04:21:10.858+0000] {taskinstance.py:3280} INFO - 0 downstream tasks scheduled from follow-on schedule check
[2025-12-17T04:49:19.815+0000] {taskinstance.py:1956} INFO - Dependencies all met for dep_context=non-requeueable deps ti=<TaskInstance: etl_airflow.extract scheduled__2024-07-13T00:00:00+00:00 [queued]>
[2025-12-17T04:49:19.829+0000] {taskinstance.py:1956} INFO - Dependencies all met for dep_context=requeueable deps ti=<TaskInstance: etl_airflow.extract scheduled__2024-07-13T00:00:00+00:00 [queued]>
[2025-12-17T04:49:19.831+0000] {taskinstance.py:2170} INFO - Starting attempt 1 of 3
[2025-12-17T04:49:19.893+0000] {taskinstance.py:2191} INFO - Executing <Task(PythonOperator): extract> on 2024-07-13 00:00:00+00:00
[2025-12-17T04:49:19.903+0000] {standard_task_runner.py:60} INFO - Started process 2767 to run task
[2025-12-17T04:49:19.908+0000] {standard_task_runner.py:87} INFO - Running: ['***', 'tasks', 'run', 'etl_***', 'extract', 'scheduled__2024-07-13T00:00:00+00:00', '--job-id', '772', '--raw', '--subdir', 'DAGS_FOLDER/etl_***.py', '--cfg-path', '/tmp/tmp4oine2h_']
[2025-12-17T04:49:19.911+0000] {standard_task_runner.py:88} INFO - Job 772: Subtask extract
[2025-12-17T04:49:20.049+0000] {task_command.py:423} INFO - Running <TaskInstance: etl_airflow.extract scheduled__2024-07-13T00:00:00+00:00 [running]> on host b3426f05ac70
[2025-12-17T04:49:20.444+0000] {taskinstance.py:2480} INFO - Exporting env vars: AIRFLOW_CTX_DAG_OWNER='***' AIRFLOW_CTX_DAG_ID='etl_***' AIRFLOW_CTX_TASK_ID='extract' AIRFLOW_CTX_EXECUTION_DATE='2024-07-13T00:00:00+00:00' AIRFLOW_CTX_TRY_NUMBER='1' AIRFLOW_CTX_DAG_RUN_ID='scheduled__2024-07-13T00:00:00+00:00'
[2025-12-17T04:49:20.463+0000] {python.py:201} INFO - Done. Returned value was:    user_id event_type           timestamp country
0        1      login 2025-01-01 09:00:00      IN
1        1      click 2025-01-01 09:05:00      IN
2        1     logout 2025-01-01 09:15:00      IN
3        2      login 2025-01-01 10:00:00      US
4        2      click 2025-01-01 10:10:00      US
5        2     logout 2025-01-01 10:20:00      US
6        3      login 2025-01-02 08:00:00      FR
7        3      click 2025-01-02 08:05:00      FR
8        3     logout 2025-01-02 08:30:00      FR
[2025-12-17T04:49:20.524+0000] {taskinstance.py:1138} INFO - Marking task as SUCCESS. dag_id=etl_***, task_id=extract, execution_date=20240713T000000, start_date=20251217T044919, end_date=20251217T044920
[2025-12-17T04:49:20.645+0000] {local_task_job_runner.py:234} INFO - Task exited with return code 0
[2025-12-17T04:49:20.691+0000] {taskinstance.py:3280} INFO - 1 downstream tasks scheduled from follow-on schedule check
[2025-12-17T07:43:01.631+0000] {taskinstance.py:1956} INFO - Dependencies all met for dep_context=non-requeueable deps ti=<TaskInstance: etl_airflow.extract scheduled__2024-07-13T00:00:00+00:00 [queued]>
[2025-12-17T07:43:01.656+0000] {taskinstance.py:1956} INFO - Dependencies all met for dep_context=requeueable deps ti=<TaskInstance: etl_airflow.extract scheduled__2024-07-13T00:00:00+00:00 [queued]>
[2025-12-17T07:43:01.658+0000] {taskinstance.py:2170} INFO - Starting attempt 1 of 3
[2025-12-17T07:43:01.822+0000] {taskinstance.py:2191} INFO - Executing <Task(PythonOperator): extract> on 2024-07-13 00:00:00+00:00
[2025-12-17T07:43:01.845+0000] {standard_task_runner.py:60} INFO - Started process 2844 to run task
[2025-12-17T07:43:01.848+0000] {standard_task_runner.py:87} INFO - Running: ['***', 'tasks', 'run', 'etl_***', 'extract', 'scheduled__2024-07-13T00:00:00+00:00', '--job-id', '774', '--raw', '--subdir', 'DAGS_FOLDER/etl_***.py', '--cfg-path', '/tmp/tmpcrsrug8g']
[2025-12-17T07:43:01.853+0000] {standard_task_runner.py:88} INFO - Job 774: Subtask extract
[2025-12-17T07:43:02.043+0000] {task_command.py:423} INFO - Running <TaskInstance: etl_airflow.extract scheduled__2024-07-13T00:00:00+00:00 [running]> on host 2a0de06c8905
[2025-12-17T07:43:02.509+0000] {taskinstance.py:2480} INFO - Exporting env vars: AIRFLOW_CTX_DAG_OWNER='***' AIRFLOW_CTX_DAG_ID='etl_***' AIRFLOW_CTX_TASK_ID='extract' AIRFLOW_CTX_EXECUTION_DATE='2024-07-13T00:00:00+00:00' AIRFLOW_CTX_TRY_NUMBER='1' AIRFLOW_CTX_DAG_RUN_ID='scheduled__2024-07-13T00:00:00+00:00'
[2025-12-17T07:43:02.543+0000] {python.py:201} INFO - Done. Returned value was:    user_id event_type           timestamp country
0        1      login 2025-01-01 09:00:00      IN
1        1      click 2025-01-01 09:05:00      IN
2        1     logout 2025-01-01 09:15:00      IN
3        2      login 2025-01-01 10:00:00      US
4        2      click 2025-01-01 10:10:00      US
5        2     logout 2025-01-01 10:20:00      US
6        3      login 2025-01-02 08:00:00      FR
7        3      click 2025-01-02 08:05:00      FR
8        3     logout 2025-01-02 08:30:00      FR
[2025-12-17T07:43:02.649+0000] {taskinstance.py:1138} INFO - Marking task as SUCCESS. dag_id=etl_***, task_id=extract, execution_date=20240713T000000, start_date=20251217T074301, end_date=20251217T074302
[2025-12-17T07:43:02.975+0000] {local_task_job_runner.py:234} INFO - Task exited with return code 0
[2025-12-17T07:43:03.075+0000] {taskinstance.py:3280} INFO - 1 downstream tasks scheduled from follow-on schedule check
