[2025-12-16T17:10:46.198+0000] {taskinstance.py:1956} INFO - Dependencies all met for dep_context=non-requeueable deps ti=<TaskInstance: etl_airflow.transform scheduled__2024-03-09T00:00:00+00:00 [queued]>
[2025-12-16T17:10:46.237+0000] {taskinstance.py:1956} INFO - Dependencies all met for dep_context=requeueable deps ti=<TaskInstance: etl_airflow.transform scheduled__2024-03-09T00:00:00+00:00 [queued]>
[2025-12-16T17:10:46.257+0000] {taskinstance.py:2170} INFO - Starting attempt 1 of 3
[2025-12-16T17:10:46.328+0000] {taskinstance.py:2191} INFO - Executing <Task(PythonOperator): transform> on 2024-03-09 00:00:00+00:00
[2025-12-16T17:10:46.351+0000] {standard_task_runner.py:60} INFO - Started process 1045 to run task
[2025-12-16T17:10:46.385+0000] {standard_task_runner.py:87} INFO - Running: ['***', 'tasks', 'run', 'etl_***', 'transform', 'scheduled__2024-03-09T00:00:00+00:00', '--job-id', '3829', '--raw', '--subdir', 'DAGS_FOLDER/etl_dag.py', '--cfg-path', '/tmp/tmpxzowqmpk']
[2025-12-16T17:10:46.399+0000] {standard_task_runner.py:88} INFO - Job 3829: Subtask transform
[2025-12-16T17:10:46.721+0000] {task_command.py:423} INFO - Running <TaskInstance: etl_airflow.transform scheduled__2024-03-09T00:00:00+00:00 [running]> on host 3b89cfee50e9
[2025-12-16T17:10:47.011+0000] {taskinstance.py:2480} INFO - Exporting env vars: AIRFLOW_CTX_DAG_OWNER='***' AIRFLOW_CTX_DAG_ID='etl_***' AIRFLOW_CTX_TASK_ID='transform' AIRFLOW_CTX_EXECUTION_DATE='2024-03-09T00:00:00+00:00' AIRFLOW_CTX_TRY_NUMBER='1' AIRFLOW_CTX_DAG_RUN_ID='scheduled__2024-03-09T00:00:00+00:00'
[2025-12-16T17:10:47.019+0000] {logging_mixin.py:188} INFO - [TRANSFORM]
[2025-12-16T17:10:47.437+0000] {logging_mixin.py:188} INFO - [TRANSFORM] done
[2025-12-16T17:10:47.438+0000] {python.py:201} INFO - Done. Returned value was: None
[2025-12-16T17:10:47.457+0000] {taskinstance.py:1138} INFO - Marking task as SUCCESS. dag_id=etl_***, task_id=transform, execution_date=20240309T000000, start_date=20251216T171046, end_date=20251216T171047
[2025-12-16T17:10:47.556+0000] {local_task_job_runner.py:234} INFO - Task exited with return code 0
[2025-12-16T17:10:47.600+0000] {taskinstance.py:3280} INFO - 1 downstream tasks scheduled from follow-on schedule check
[2025-12-17T01:51:17.465+0000] {taskinstance.py:1956} INFO - Dependencies all met for dep_context=non-requeueable deps ti=<TaskInstance: etl_airflow.transform scheduled__2024-03-09T00:00:00+00:00 [queued]>
[2025-12-17T01:51:17.484+0000] {taskinstance.py:1956} INFO - Dependencies all met for dep_context=requeueable deps ti=<TaskInstance: etl_airflow.transform scheduled__2024-03-09T00:00:00+00:00 [queued]>
[2025-12-17T01:51:17.487+0000] {taskinstance.py:2170} INFO - Starting attempt 1 of 3
[2025-12-17T01:51:17.521+0000] {taskinstance.py:2191} INFO - Executing <Task(PythonOperator): transform> on 2024-03-09 00:00:00+00:00
[2025-12-17T01:51:17.535+0000] {standard_task_runner.py:60} INFO - Started process 876 to run task
[2025-12-17T01:51:17.550+0000] {standard_task_runner.py:87} INFO - Running: ['***', 'tasks', 'run', 'etl_***', 'transform', 'scheduled__2024-03-09T00:00:00+00:00', '--job-id', '213', '--raw', '--subdir', 'DAGS_FOLDER/etl_dag.py', '--cfg-path', '/tmp/tmpp0co9mdc']
[2025-12-17T01:51:17.556+0000] {standard_task_runner.py:88} INFO - Job 213: Subtask transform
[2025-12-17T01:51:17.754+0000] {task_command.py:423} INFO - Running <TaskInstance: etl_airflow.transform scheduled__2024-03-09T00:00:00+00:00 [running]> on host 571e042550da
[2025-12-17T01:51:18.291+0000] {taskinstance.py:2480} INFO - Exporting env vars: AIRFLOW_CTX_DAG_OWNER='***' AIRFLOW_CTX_DAG_ID='etl_***' AIRFLOW_CTX_TASK_ID='transform' AIRFLOW_CTX_EXECUTION_DATE='2024-03-09T00:00:00+00:00' AIRFLOW_CTX_TRY_NUMBER='1' AIRFLOW_CTX_DAG_RUN_ID='scheduled__2024-03-09T00:00:00+00:00'
[2025-12-17T01:51:18.293+0000] {logging_mixin.py:188} INFO - [TRANSFORM]
[2025-12-17T01:51:18.325+0000] {logging_mixin.py:188} INFO - [TRANSFORM] done
[2025-12-17T01:51:18.327+0000] {python.py:201} INFO - Done. Returned value was: None
[2025-12-17T01:51:18.347+0000] {taskinstance.py:1138} INFO - Marking task as SUCCESS. dag_id=etl_***, task_id=transform, execution_date=20240309T000000, start_date=20251217T015117, end_date=20251217T015118
[2025-12-17T01:51:18.409+0000] {local_task_job_runner.py:234} INFO - Task exited with return code 0
[2025-12-17T01:51:18.444+0000] {taskinstance.py:3280} INFO - 1 downstream tasks scheduled from follow-on schedule check
[2025-12-17T04:44:41.991+0000] {taskinstance.py:1956} INFO - Dependencies all met for dep_context=non-requeueable deps ti=<TaskInstance: etl_airflow.transform scheduled__2024-03-09T00:00:00+00:00 [queued]>
[2025-12-17T04:44:42.011+0000] {taskinstance.py:1956} INFO - Dependencies all met for dep_context=requeueable deps ti=<TaskInstance: etl_airflow.transform scheduled__2024-03-09T00:00:00+00:00 [queued]>
[2025-12-17T04:44:42.018+0000] {taskinstance.py:2170} INFO - Starting attempt 1 of 3
[2025-12-17T04:44:42.065+0000] {taskinstance.py:2191} INFO - Executing <Task(PythonOperator): transform> on 2024-03-09 00:00:00+00:00
[2025-12-17T04:44:42.080+0000] {standard_task_runner.py:60} INFO - Started process 1128 to run task
[2025-12-17T04:44:42.089+0000] {standard_task_runner.py:87} INFO - Running: ['***', 'tasks', 'run', 'etl_***', 'transform', 'scheduled__2024-03-09T00:00:00+00:00', '--job-id', '275', '--raw', '--subdir', 'DAGS_FOLDER/etl_***.py', '--cfg-path', '/tmp/tmpkbj4vj84']
[2025-12-17T04:44:42.099+0000] {standard_task_runner.py:88} INFO - Job 275: Subtask transform
[2025-12-17T04:44:42.252+0000] {task_command.py:423} INFO - Running <TaskInstance: etl_airflow.transform scheduled__2024-03-09T00:00:00+00:00 [running]> on host b3426f05ac70
[2025-12-17T04:44:42.655+0000] {taskinstance.py:2480} INFO - Exporting env vars: AIRFLOW_CTX_DAG_OWNER='***' AIRFLOW_CTX_DAG_ID='etl_***' AIRFLOW_CTX_TASK_ID='transform' AIRFLOW_CTX_EXECUTION_DATE='2024-03-09T00:00:00+00:00' AIRFLOW_CTX_TRY_NUMBER='1' AIRFLOW_CTX_DAG_RUN_ID='scheduled__2024-03-09T00:00:00+00:00'
[2025-12-17T04:44:42.658+0000] {taskinstance.py:2698} ERROR - Task failed with exception
Traceback (most recent call last):
  File "/home/airflow/.local/lib/python3.8/site-packages/airflow/models/taskinstance.py", line 433, in _execute_task
    result = execute_callable(context=context, **execute_callable_kwargs)
  File "/home/airflow/.local/lib/python3.8/site-packages/airflow/operators/python.py", line 199, in execute
    return_value = self.execute_callable()
  File "/home/airflow/.local/lib/python3.8/site-packages/airflow/operators/python.py", line 216, in execute_callable
    return self.python_callable(*self.op_args, **self.op_kwargs)
TypeError: transform_data() missing 1 required positional argument: 'df'
[2025-12-17T04:44:42.672+0000] {taskinstance.py:1138} INFO - Marking task as UP_FOR_RETRY. dag_id=etl_***, task_id=transform, execution_date=20240309T000000, start_date=20251217T044441, end_date=20251217T044442
[2025-12-17T04:44:42.712+0000] {standard_task_runner.py:107} ERROR - Failed to execute job 275 for task transform (transform_data() missing 1 required positional argument: 'df'; 1128)
[2025-12-17T04:44:42.758+0000] {local_task_job_runner.py:234} INFO - Task exited with return code 1
[2025-12-17T04:44:42.810+0000] {taskinstance.py:3280} INFO - 0 downstream tasks scheduled from follow-on schedule check
[2025-12-17T07:38:01.520+0000] {taskinstance.py:1956} INFO - Dependencies all met for dep_context=non-requeueable deps ti=<TaskInstance: etl_airflow.transform scheduled__2024-03-09T00:00:00+00:00 [queued]>
[2025-12-17T07:38:01.553+0000] {taskinstance.py:1956} INFO - Dependencies all met for dep_context=requeueable deps ti=<TaskInstance: etl_airflow.transform scheduled__2024-03-09T00:00:00+00:00 [queued]>
[2025-12-17T07:38:01.555+0000] {taskinstance.py:2170} INFO - Starting attempt 1 of 3
[2025-12-17T07:38:01.639+0000] {taskinstance.py:2191} INFO - Executing <Task(PythonOperator): transform> on 2024-03-09 00:00:00+00:00
[2025-12-17T07:38:01.667+0000] {standard_task_runner.py:60} INFO - Started process 1205 to run task
[2025-12-17T07:38:01.683+0000] {standard_task_runner.py:87} INFO - Running: ['***', 'tasks', 'run', 'etl_***', 'transform', 'scheduled__2024-03-09T00:00:00+00:00', '--job-id', '276', '--raw', '--subdir', 'DAGS_FOLDER/etl_***.py', '--cfg-path', '/tmp/tmpz5ibobn5']
[2025-12-17T07:38:01.697+0000] {standard_task_runner.py:88} INFO - Job 276: Subtask transform
[2025-12-17T07:38:01.928+0000] {task_command.py:423} INFO - Running <TaskInstance: etl_airflow.transform scheduled__2024-03-09T00:00:00+00:00 [running]> on host 2a0de06c8905
[2025-12-17T07:38:02.611+0000] {taskinstance.py:2480} INFO - Exporting env vars: AIRFLOW_CTX_DAG_OWNER='***' AIRFLOW_CTX_DAG_ID='etl_***' AIRFLOW_CTX_TASK_ID='transform' AIRFLOW_CTX_EXECUTION_DATE='2024-03-09T00:00:00+00:00' AIRFLOW_CTX_TRY_NUMBER='1' AIRFLOW_CTX_DAG_RUN_ID='scheduled__2024-03-09T00:00:00+00:00'
[2025-12-17T07:38:02.619+0000] {taskinstance.py:2698} ERROR - Task failed with exception
Traceback (most recent call last):
  File "/home/airflow/.local/lib/python3.8/site-packages/airflow/models/taskinstance.py", line 433, in _execute_task
    result = execute_callable(context=context, **execute_callable_kwargs)
  File "/home/airflow/.local/lib/python3.8/site-packages/airflow/operators/python.py", line 199, in execute
    return_value = self.execute_callable()
  File "/home/airflow/.local/lib/python3.8/site-packages/airflow/operators/python.py", line 216, in execute_callable
    return self.python_callable(*self.op_args, **self.op_kwargs)
TypeError: transform_data() missing 1 required positional argument: 'df'
[2025-12-17T07:38:02.636+0000] {taskinstance.py:1138} INFO - Marking task as UP_FOR_RETRY. dag_id=etl_***, task_id=transform, execution_date=20240309T000000, start_date=20251217T073801, end_date=20251217T073802
[2025-12-17T07:38:02.677+0000] {standard_task_runner.py:107} ERROR - Failed to execute job 276 for task transform (transform_data() missing 1 required positional argument: 'df'; 1205)
[2025-12-17T07:38:02.726+0000] {local_task_job_runner.py:234} INFO - Task exited with return code 1
[2025-12-17T07:38:02.824+0000] {taskinstance.py:3280} INFO - 0 downstream tasks scheduled from follow-on schedule check
