[2025-12-16T16:43:46.948+0000] {taskinstance.py:1956} INFO - Dependencies all met for dep_context=non-requeueable deps ti=<TaskInstance: etl_airflow.extract scheduled__2024-12-31T00:00:00+00:00 [queued]>
[2025-12-16T16:43:46.983+0000] {taskinstance.py:1956} INFO - Dependencies all met for dep_context=requeueable deps ti=<TaskInstance: etl_airflow.extract scheduled__2024-12-31T00:00:00+00:00 [queued]>
[2025-12-16T16:43:47.006+0000] {taskinstance.py:2170} INFO - Starting attempt 1 of 3
[2025-12-16T16:43:47.058+0000] {taskinstance.py:2191} INFO - Executing <Task(PythonOperator): extract> on 2024-12-31 00:00:00+00:00
[2025-12-16T16:43:47.086+0000] {standard_task_runner.py:60} INFO - Started process 908 to run task
[2025-12-16T16:43:47.092+0000] {standard_task_runner.py:87} INFO - Running: ['***', 'tasks', 'run', 'etl_***', 'extract', 'scheduled__2024-12-31T00:00:00+00:00', '--job-id', '1091', '--raw', '--subdir', 'DAGS_FOLDER/etl_dag.py', '--cfg-path', '/tmp/tmp4u3twvtr']
[2025-12-16T16:43:47.100+0000] {standard_task_runner.py:88} INFO - Job 1091: Subtask extract
[2025-12-16T16:43:47.245+0000] {task_command.py:423} INFO - Running <TaskInstance: etl_airflow.extract scheduled__2024-12-31T00:00:00+00:00 [running]> on host db658e834d9d
[2025-12-16T16:43:47.397+0000] {taskinstance.py:2480} INFO - Exporting env vars: AIRFLOW_CTX_DAG_OWNER='***' AIRFLOW_CTX_DAG_ID='etl_***' AIRFLOW_CTX_TASK_ID='extract' AIRFLOW_CTX_EXECUTION_DATE='2024-12-31T00:00:00+00:00' AIRFLOW_CTX_TRY_NUMBER='1' AIRFLOW_CTX_DAG_RUN_ID='scheduled__2024-12-31T00:00:00+00:00'
[2025-12-16T16:43:47.400+0000] {logging_mixin.py:188} INFO - Extracting data from /opt/***/data/input.csv
[2025-12-16T16:43:47.408+0000] {taskinstance.py:2698} ERROR - Task failed with exception
Traceback (most recent call last):
  File "/home/airflow/.local/lib/python3.8/site-packages/airflow/models/taskinstance.py", line 433, in _execute_task
    result = execute_callable(context=context, **execute_callable_kwargs)
  File "/home/airflow/.local/lib/python3.8/site-packages/airflow/operators/python.py", line 199, in execute
    return_value = self.execute_callable()
  File "/home/airflow/.local/lib/python3.8/site-packages/airflow/operators/python.py", line 216, in execute_callable
    return self.python_callable(*self.op_args, **self.op_kwargs)
  File "/opt/airflow/etl_logic/pipeline.py", line 97, in extract_data
    df = pd.read_csv(input_path)
  File "/home/airflow/.local/lib/python3.8/site-packages/pandas/io/parsers/readers.py", line 912, in read_csv
    return _read(filepath_or_buffer, kwds)
  File "/home/airflow/.local/lib/python3.8/site-packages/pandas/io/parsers/readers.py", line 577, in _read
    parser = TextFileReader(filepath_or_buffer, **kwds)
  File "/home/airflow/.local/lib/python3.8/site-packages/pandas/io/parsers/readers.py", line 1407, in __init__
    self._engine = self._make_engine(f, self.engine)
  File "/home/airflow/.local/lib/python3.8/site-packages/pandas/io/parsers/readers.py", line 1661, in _make_engine
    self.handles = get_handle(
  File "/home/airflow/.local/lib/python3.8/site-packages/pandas/io/common.py", line 859, in get_handle
    handle = open(
FileNotFoundError: [Errno 2] No such file or directory: '/opt/airflow/data/input.csv'
[2025-12-16T16:43:47.446+0000] {taskinstance.py:1138} INFO - Marking task as UP_FOR_RETRY. dag_id=etl_***, task_id=extract, execution_date=20241231T000000, start_date=20251216T164346, end_date=20251216T164347
[2025-12-16T16:43:47.465+0000] {standard_task_runner.py:107} ERROR - Failed to execute job 1091 for task extract ([Errno 2] No such file or directory: '/opt/airflow/data/input.csv'; 908)
[2025-12-16T16:43:47.509+0000] {local_task_job_runner.py:234} INFO - Task exited with return code 1
[2025-12-16T16:43:47.552+0000] {taskinstance.py:3280} INFO - 0 downstream tasks scheduled from follow-on schedule check
[2025-12-17T01:56:30.444+0000] {taskinstance.py:1956} INFO - Dependencies all met for dep_context=non-requeueable deps ti=<TaskInstance: etl_airflow.extract scheduled__2024-12-31T00:00:00+00:00 [queued]>
[2025-12-17T01:56:30.467+0000] {taskinstance.py:1956} INFO - Dependencies all met for dep_context=requeueable deps ti=<TaskInstance: etl_airflow.extract scheduled__2024-12-31T00:00:00+00:00 [queued]>
[2025-12-17T01:56:30.468+0000] {taskinstance.py:2170} INFO - Starting attempt 1 of 3
[2025-12-17T01:56:30.600+0000] {taskinstance.py:2191} INFO - Executing <Task(PythonOperator): extract> on 2024-12-31 00:00:00+00:00
[2025-12-17T01:56:30.614+0000] {standard_task_runner.py:60} INFO - Started process 3737 to run task
[2025-12-17T01:56:30.625+0000] {standard_task_runner.py:87} INFO - Running: ['***', 'tasks', 'run', 'etl_***', 'extract', 'scheduled__2024-12-31T00:00:00+00:00', '--job-id', '1110', '--raw', '--subdir', 'DAGS_FOLDER/etl_dag.py', '--cfg-path', '/tmp/tmpmrw054zr']
[2025-12-17T01:56:30.631+0000] {standard_task_runner.py:88} INFO - Job 1110: Subtask extract
[2025-12-17T01:56:30.781+0000] {task_command.py:423} INFO - Running <TaskInstance: etl_airflow.extract scheduled__2024-12-31T00:00:00+00:00 [running]> on host 571e042550da
[2025-12-17T01:56:31.224+0000] {taskinstance.py:2480} INFO - Exporting env vars: AIRFLOW_CTX_DAG_OWNER='***' AIRFLOW_CTX_DAG_ID='etl_***' AIRFLOW_CTX_TASK_ID='extract' AIRFLOW_CTX_EXECUTION_DATE='2024-12-31T00:00:00+00:00' AIRFLOW_CTX_TRY_NUMBER='1' AIRFLOW_CTX_DAG_RUN_ID='scheduled__2024-12-31T00:00:00+00:00'
[2025-12-17T01:56:31.227+0000] {logging_mixin.py:188} INFO - [EXTRACT] Reading /opt/***/data/synthetic_events.csv
[2025-12-17T01:56:31.263+0000] {logging_mixin.py:188} INFO - [EXTRACT] done
[2025-12-17T01:56:31.264+0000] {python.py:201} INFO - Done. Returned value was: None
[2025-12-17T01:56:31.285+0000] {taskinstance.py:1138} INFO - Marking task as SUCCESS. dag_id=etl_***, task_id=extract, execution_date=20241231T000000, start_date=20251217T015630, end_date=20251217T015631
[2025-12-17T01:56:31.357+0000] {local_task_job_runner.py:234} INFO - Task exited with return code 0
[2025-12-17T01:56:31.407+0000] {taskinstance.py:3280} INFO - 1 downstream tasks scheduled from follow-on schedule check
[2025-12-17T04:55:18.736+0000] {taskinstance.py:1956} INFO - Dependencies all met for dep_context=non-requeueable deps ti=<TaskInstance: etl_airflow.extract scheduled__2024-12-31T00:00:00+00:00 [queued]>
[2025-12-17T04:55:18.753+0000] {taskinstance.py:1956} INFO - Dependencies all met for dep_context=requeueable deps ti=<TaskInstance: etl_airflow.extract scheduled__2024-12-31T00:00:00+00:00 [queued]>
[2025-12-17T04:55:18.754+0000] {taskinstance.py:2170} INFO - Starting attempt 1 of 3
[2025-12-17T04:55:18.812+0000] {taskinstance.py:2191} INFO - Executing <Task(PythonOperator): extract> on 2024-12-31 00:00:00+00:00
[2025-12-17T04:55:18.821+0000] {standard_task_runner.py:60} INFO - Started process 4953 to run task
[2025-12-17T04:55:18.825+0000] {standard_task_runner.py:87} INFO - Running: ['***', 'tasks', 'run', 'etl_***', 'extract', 'scheduled__2024-12-31T00:00:00+00:00', '--job-id', '1434', '--raw', '--subdir', 'DAGS_FOLDER/etl_***.py', '--cfg-path', '/tmp/tmpz0otdq9v']
[2025-12-17T04:55:18.828+0000] {standard_task_runner.py:88} INFO - Job 1434: Subtask extract
[2025-12-17T04:55:18.942+0000] {task_command.py:423} INFO - Running <TaskInstance: etl_airflow.extract scheduled__2024-12-31T00:00:00+00:00 [running]> on host b3426f05ac70
[2025-12-17T04:55:19.323+0000] {taskinstance.py:2480} INFO - Exporting env vars: AIRFLOW_CTX_DAG_OWNER='***' AIRFLOW_CTX_DAG_ID='etl_***' AIRFLOW_CTX_TASK_ID='extract' AIRFLOW_CTX_EXECUTION_DATE='2024-12-31T00:00:00+00:00' AIRFLOW_CTX_TRY_NUMBER='1' AIRFLOW_CTX_DAG_RUN_ID='scheduled__2024-12-31T00:00:00+00:00'
[2025-12-17T04:55:19.351+0000] {python.py:201} INFO - Done. Returned value was:    user_id event_type           timestamp country
0        1      login 2025-01-01 09:00:00      IN
1        1      click 2025-01-01 09:05:00      IN
2        1     logout 2025-01-01 09:15:00      IN
3        2      login 2025-01-01 10:00:00      US
4        2      click 2025-01-01 10:10:00      US
5        2     logout 2025-01-01 10:20:00      US
6        3      login 2025-01-02 08:00:00      FR
7        3      click 2025-01-02 08:05:00      FR
8        3     logout 2025-01-02 08:30:00      FR
[2025-12-17T04:55:19.404+0000] {taskinstance.py:1138} INFO - Marking task as SUCCESS. dag_id=etl_***, task_id=extract, execution_date=20241231T000000, start_date=20251217T045518, end_date=20251217T045519
[2025-12-17T04:55:19.443+0000] {local_task_job_runner.py:234} INFO - Task exited with return code 0
[2025-12-17T04:55:19.477+0000] {taskinstance.py:3280} INFO - 1 downstream tasks scheduled from follow-on schedule check
[2025-12-17T08:01:12.885+0000] {taskinstance.py:1956} INFO - Dependencies all met for dep_context=non-requeueable deps ti=<TaskInstance: etl_airflow.extract scheduled__2024-12-31T00:00:00+00:00 [queued]>
[2025-12-17T08:01:12.912+0000] {taskinstance.py:1956} INFO - Dependencies all met for dep_context=requeueable deps ti=<TaskInstance: etl_airflow.extract scheduled__2024-12-31T00:00:00+00:00 [queued]>
[2025-12-17T08:01:12.914+0000] {taskinstance.py:2170} INFO - Starting attempt 1 of 3
[2025-12-17T08:01:13.068+0000] {taskinstance.py:2191} INFO - Executing <Task(PythonOperator): extract> on 2024-12-31 00:00:00+00:00
[2025-12-17T08:01:13.079+0000] {standard_task_runner.py:60} INFO - Started process 5184 to run task
[2025-12-17T08:01:13.084+0000] {standard_task_runner.py:87} INFO - Running: ['***', 'tasks', 'run', 'etl_***', 'extract', 'scheduled__2024-12-31T00:00:00+00:00', '--job-id', '1474', '--raw', '--subdir', 'DAGS_FOLDER/etl_***.py', '--cfg-path', '/tmp/tmpbusuy0_3']
[2025-12-17T08:01:13.089+0000] {standard_task_runner.py:88} INFO - Job 1474: Subtask extract
[2025-12-17T08:01:13.236+0000] {task_command.py:423} INFO - Running <TaskInstance: etl_airflow.extract scheduled__2024-12-31T00:00:00+00:00 [running]> on host 2a0de06c8905
[2025-12-17T08:01:13.738+0000] {taskinstance.py:2480} INFO - Exporting env vars: AIRFLOW_CTX_DAG_OWNER='***' AIRFLOW_CTX_DAG_ID='etl_***' AIRFLOW_CTX_TASK_ID='extract' AIRFLOW_CTX_EXECUTION_DATE='2024-12-31T00:00:00+00:00' AIRFLOW_CTX_TRY_NUMBER='1' AIRFLOW_CTX_DAG_RUN_ID='scheduled__2024-12-31T00:00:00+00:00'
[2025-12-17T08:01:13.768+0000] {python.py:201} INFO - Done. Returned value was:    user_id event_type           timestamp country
0        1      login 2025-01-01 09:00:00      IN
1        1      click 2025-01-01 09:05:00      IN
2        1     logout 2025-01-01 09:15:00      IN
3        2      login 2025-01-01 10:00:00      US
4        2      click 2025-01-01 10:10:00      US
5        2     logout 2025-01-01 10:20:00      US
6        3      login 2025-01-02 08:00:00      FR
7        3      click 2025-01-02 08:05:00      FR
8        3     logout 2025-01-02 08:30:00      FR
[2025-12-17T08:01:13.862+0000] {taskinstance.py:1138} INFO - Marking task as SUCCESS. dag_id=etl_***, task_id=extract, execution_date=20241231T000000, start_date=20251217T080112, end_date=20251217T080113
[2025-12-17T08:01:14.067+0000] {local_task_job_runner.py:234} INFO - Task exited with return code 0
[2025-12-17T08:01:14.123+0000] {taskinstance.py:3280} INFO - 1 downstream tasks scheduled from follow-on schedule check
