[2025-12-16T16:47:08.344+0000] {taskinstance.py:1956} INFO - Dependencies all met for dep_context=non-requeueable deps ti=<TaskInstance: etl_airflow.extract scheduled__2025-04-21T00:00:00+00:00 [queued]>
[2025-12-16T16:47:08.361+0000] {taskinstance.py:1956} INFO - Dependencies all met for dep_context=requeueable deps ti=<TaskInstance: etl_airflow.extract scheduled__2025-04-21T00:00:00+00:00 [queued]>
[2025-12-16T16:47:08.362+0000] {taskinstance.py:2170} INFO - Starting attempt 1 of 3
[2025-12-16T16:47:08.384+0000] {taskinstance.py:2191} INFO - Executing <Task(PythonOperator): extract> on 2025-04-21 00:00:00+00:00
[2025-12-16T16:47:08.394+0000] {standard_task_runner.py:60} INFO - Started process 1951 to run task
[2025-12-16T16:47:08.399+0000] {standard_task_runner.py:87} INFO - Running: ['***', 'tasks', 'run', 'etl_***', 'extract', 'scheduled__2025-04-21T00:00:00+00:00', '--job-id', '1410', '--raw', '--subdir', 'DAGS_FOLDER/etl_dag.py', '--cfg-path', '/tmp/tmpqhdmy_dv']
[2025-12-16T16:47:08.404+0000] {standard_task_runner.py:88} INFO - Job 1410: Subtask extract
[2025-12-16T16:47:08.603+0000] {task_command.py:423} INFO - Running <TaskInstance: etl_airflow.extract scheduled__2025-04-21T00:00:00+00:00 [running]> on host db658e834d9d
[2025-12-16T16:47:08.748+0000] {taskinstance.py:2480} INFO - Exporting env vars: AIRFLOW_CTX_DAG_OWNER='***' AIRFLOW_CTX_DAG_ID='etl_***' AIRFLOW_CTX_TASK_ID='extract' AIRFLOW_CTX_EXECUTION_DATE='2025-04-21T00:00:00+00:00' AIRFLOW_CTX_TRY_NUMBER='1' AIRFLOW_CTX_DAG_RUN_ID='scheduled__2025-04-21T00:00:00+00:00'
[2025-12-16T16:47:08.751+0000] {logging_mixin.py:188} INFO - Extracting data from /opt/***/data/input.csv
[2025-12-16T16:47:08.755+0000] {taskinstance.py:2698} ERROR - Task failed with exception
Traceback (most recent call last):
  File "/home/airflow/.local/lib/python3.8/site-packages/airflow/models/taskinstance.py", line 433, in _execute_task
    result = execute_callable(context=context, **execute_callable_kwargs)
  File "/home/airflow/.local/lib/python3.8/site-packages/airflow/operators/python.py", line 199, in execute
    return_value = self.execute_callable()
  File "/home/airflow/.local/lib/python3.8/site-packages/airflow/operators/python.py", line 216, in execute_callable
    return self.python_callable(*self.op_args, **self.op_kwargs)
  File "/opt/airflow/etl_logic/pipeline.py", line 97, in extract_data
    df = pd.read_csv(input_path)
  File "/home/airflow/.local/lib/python3.8/site-packages/pandas/io/parsers/readers.py", line 912, in read_csv
    return _read(filepath_or_buffer, kwds)
  File "/home/airflow/.local/lib/python3.8/site-packages/pandas/io/parsers/readers.py", line 577, in _read
    parser = TextFileReader(filepath_or_buffer, **kwds)
  File "/home/airflow/.local/lib/python3.8/site-packages/pandas/io/parsers/readers.py", line 1407, in __init__
    self._engine = self._make_engine(f, self.engine)
  File "/home/airflow/.local/lib/python3.8/site-packages/pandas/io/parsers/readers.py", line 1661, in _make_engine
    self.handles = get_handle(
  File "/home/airflow/.local/lib/python3.8/site-packages/pandas/io/common.py", line 859, in get_handle
    handle = open(
FileNotFoundError: [Errno 2] No such file or directory: '/opt/airflow/data/input.csv'
[2025-12-16T16:47:08.775+0000] {taskinstance.py:1138} INFO - Marking task as UP_FOR_RETRY. dag_id=etl_***, task_id=extract, execution_date=20250421T000000, start_date=20251216T164708, end_date=20251216T164708
[2025-12-16T16:47:08.790+0000] {standard_task_runner.py:107} ERROR - Failed to execute job 1410 for task extract ([Errno 2] No such file or directory: '/opt/airflow/data/input.csv'; 1951)
[2025-12-16T16:47:08.816+0000] {local_task_job_runner.py:234} INFO - Task exited with return code 1
[2025-12-16T16:47:08.868+0000] {taskinstance.py:3280} INFO - 0 downstream tasks scheduled from follow-on schedule check
[2025-12-17T01:58:19.591+0000] {taskinstance.py:1956} INFO - Dependencies all met for dep_context=non-requeueable deps ti=<TaskInstance: etl_airflow.extract scheduled__2025-04-21T00:00:00+00:00 [queued]>
[2025-12-17T01:58:19.611+0000] {taskinstance.py:1956} INFO - Dependencies all met for dep_context=requeueable deps ti=<TaskInstance: etl_airflow.extract scheduled__2025-04-21T00:00:00+00:00 [queued]>
[2025-12-17T01:58:19.612+0000] {taskinstance.py:2170} INFO - Starting attempt 1 of 3
[2025-12-17T01:58:19.880+0000] {taskinstance.py:2191} INFO - Executing <Task(PythonOperator): extract> on 2025-04-21 00:00:00+00:00
[2025-12-17T01:58:19.891+0000] {standard_task_runner.py:60} INFO - Started process 4780 to run task
[2025-12-17T01:58:19.901+0000] {standard_task_runner.py:87} INFO - Running: ['***', 'tasks', 'run', 'etl_***', 'extract', 'scheduled__2025-04-21T00:00:00+00:00', '--job-id', '1438', '--raw', '--subdir', 'DAGS_FOLDER/etl_dag.py', '--cfg-path', '/tmp/tmpn7buh5xm']
[2025-12-17T01:58:19.906+0000] {standard_task_runner.py:88} INFO - Job 1438: Subtask extract
[2025-12-17T01:58:20.084+0000] {task_command.py:423} INFO - Running <TaskInstance: etl_airflow.extract scheduled__2025-04-21T00:00:00+00:00 [running]> on host 571e042550da
[2025-12-17T01:58:20.579+0000] {taskinstance.py:2480} INFO - Exporting env vars: AIRFLOW_CTX_DAG_OWNER='***' AIRFLOW_CTX_DAG_ID='etl_***' AIRFLOW_CTX_TASK_ID='extract' AIRFLOW_CTX_EXECUTION_DATE='2025-04-21T00:00:00+00:00' AIRFLOW_CTX_TRY_NUMBER='1' AIRFLOW_CTX_DAG_RUN_ID='scheduled__2025-04-21T00:00:00+00:00'
[2025-12-17T01:58:20.583+0000] {logging_mixin.py:188} INFO - [EXTRACT] Reading /opt/***/data/synthetic_events.csv
[2025-12-17T01:58:20.618+0000] {logging_mixin.py:188} INFO - [EXTRACT] done
[2025-12-17T01:58:20.620+0000] {python.py:201} INFO - Done. Returned value was: None
[2025-12-17T01:58:20.640+0000] {taskinstance.py:1138} INFO - Marking task as SUCCESS. dag_id=etl_***, task_id=extract, execution_date=20250421T000000, start_date=20251217T015819, end_date=20251217T015820
[2025-12-17T01:58:20.762+0000] {local_task_job_runner.py:234} INFO - Task exited with return code 0
[2025-12-17T01:58:20.830+0000] {taskinstance.py:3280} INFO - 1 downstream tasks scheduled from follow-on schedule check
[2025-12-17T04:59:15.540+0000] {taskinstance.py:1956} INFO - Dependencies all met for dep_context=non-requeueable deps ti=<TaskInstance: etl_airflow.extract scheduled__2025-04-21T00:00:00+00:00 [queued]>
[2025-12-17T04:59:15.556+0000] {taskinstance.py:1956} INFO - Dependencies all met for dep_context=requeueable deps ti=<TaskInstance: etl_airflow.extract scheduled__2025-04-21T00:00:00+00:00 [queued]>
[2025-12-17T04:59:15.557+0000] {taskinstance.py:2170} INFO - Starting attempt 1 of 3
[2025-12-17T04:59:15.578+0000] {taskinstance.py:2191} INFO - Executing <Task(PythonOperator): extract> on 2025-04-21 00:00:00+00:00
[2025-12-17T04:59:15.585+0000] {standard_task_runner.py:60} INFO - Started process 6407 to run task
[2025-12-17T04:59:15.593+0000] {standard_task_runner.py:87} INFO - Running: ['***', 'tasks', 'run', 'etl_***', 'extract', 'scheduled__2025-04-21T00:00:00+00:00', '--job-id', '1877', '--raw', '--subdir', 'DAGS_FOLDER/etl_***.py', '--cfg-path', '/tmp/tmp3wa85f0c']
[2025-12-17T04:59:15.598+0000] {standard_task_runner.py:88} INFO - Job 1877: Subtask extract
[2025-12-17T04:59:15.747+0000] {task_command.py:423} INFO - Running <TaskInstance: etl_airflow.extract scheduled__2025-04-21T00:00:00+00:00 [running]> on host b3426f05ac70
[2025-12-17T04:59:16.160+0000] {taskinstance.py:2480} INFO - Exporting env vars: AIRFLOW_CTX_DAG_OWNER='***' AIRFLOW_CTX_DAG_ID='etl_***' AIRFLOW_CTX_TASK_ID='extract' AIRFLOW_CTX_EXECUTION_DATE='2025-04-21T00:00:00+00:00' AIRFLOW_CTX_TRY_NUMBER='1' AIRFLOW_CTX_DAG_RUN_ID='scheduled__2025-04-21T00:00:00+00:00'
[2025-12-17T04:59:16.188+0000] {python.py:201} INFO - Done. Returned value was:    user_id event_type           timestamp country
0        1      login 2025-01-01 09:00:00      IN
1        1      click 2025-01-01 09:05:00      IN
2        1     logout 2025-01-01 09:15:00      IN
3        2      login 2025-01-01 10:00:00      US
4        2      click 2025-01-01 10:10:00      US
5        2     logout 2025-01-01 10:20:00      US
6        3      login 2025-01-02 08:00:00      FR
7        3      click 2025-01-02 08:05:00      FR
8        3     logout 2025-01-02 08:30:00      FR
[2025-12-17T04:59:16.266+0000] {taskinstance.py:1138} INFO - Marking task as SUCCESS. dag_id=etl_***, task_id=extract, execution_date=20250421T000000, start_date=20251217T045915, end_date=20251217T045916
[2025-12-17T04:59:16.342+0000] {local_task_job_runner.py:234} INFO - Task exited with return code 0
[2025-12-17T04:59:16.591+0000] {taskinstance.py:3280} INFO - 0 downstream tasks scheduled from follow-on schedule check
