[2025-12-16T17:19:58.748+0000] {taskinstance.py:1956} INFO - Dependencies all met for dep_context=non-requeueable deps ti=<TaskInstance: etl_airflow.transform scheduled__2024-05-12T00:00:00+00:00 [queued]>
[2025-12-16T17:19:58.776+0000] {taskinstance.py:1956} INFO - Dependencies all met for dep_context=requeueable deps ti=<TaskInstance: etl_airflow.transform scheduled__2024-05-12T00:00:00+00:00 [queued]>
[2025-12-16T17:19:58.779+0000] {taskinstance.py:2170} INFO - Starting attempt 2 of 4
[2025-12-16T17:19:58.814+0000] {taskinstance.py:2191} INFO - Executing <Task(PythonOperator): transform> on 2024-05-12 00:00:00+00:00
[2025-12-16T17:19:58.820+0000] {standard_task_runner.py:60} INFO - Started process 4717 to run task
[2025-12-16T17:19:58.847+0000] {standard_task_runner.py:87} INFO - Running: ['***', 'tasks', 'run', 'etl_***', 'transform', 'scheduled__2024-05-12T00:00:00+00:00', '--job-id', '5573', '--raw', '--subdir', 'DAGS_FOLDER/etl_dag.py', '--cfg-path', '/tmp/tmpbzb4m0vn']
[2025-12-16T17:19:58.853+0000] {standard_task_runner.py:88} INFO - Job 5573: Subtask transform
[2025-12-16T17:19:59.132+0000] {task_command.py:423} INFO - Running <TaskInstance: etl_airflow.transform scheduled__2024-05-12T00:00:00+00:00 [running]> on host 3b89cfee50e9
[2025-12-16T17:19:59.516+0000] {taskinstance.py:2480} INFO - Exporting env vars: AIRFLOW_CTX_DAG_OWNER='***' AIRFLOW_CTX_DAG_ID='etl_***' AIRFLOW_CTX_TASK_ID='transform' AIRFLOW_CTX_EXECUTION_DATE='2024-05-12T00:00:00+00:00' AIRFLOW_CTX_TRY_NUMBER='2' AIRFLOW_CTX_DAG_RUN_ID='scheduled__2024-05-12T00:00:00+00:00'
[2025-12-16T17:19:59.523+0000] {logging_mixin.py:188} INFO - [TRANSFORM]
[2025-12-16T17:20:00.070+0000] {logging_mixin.py:188} INFO - [TRANSFORM] done
[2025-12-16T17:20:00.072+0000] {python.py:201} INFO - Done. Returned value was: None
[2025-12-16T17:20:00.117+0000] {taskinstance.py:1138} INFO - Marking task as SUCCESS. dag_id=etl_***, task_id=transform, execution_date=20240512T000000, start_date=20251216T171958, end_date=20251216T172000
[2025-12-16T17:20:00.410+0000] {local_task_job_runner.py:234} INFO - Task exited with return code 0
[2025-12-16T17:20:00.536+0000] {taskinstance.py:3280} INFO - 1 downstream tasks scheduled from follow-on schedule check
[2025-12-17T04:47:16.813+0000] {taskinstance.py:1956} INFO - Dependencies all met for dep_context=non-requeueable deps ti=<TaskInstance: etl_airflow.transform scheduled__2024-05-12T00:00:00+00:00 [queued]>
[2025-12-17T04:47:16.826+0000] {taskinstance.py:1956} INFO - Dependencies all met for dep_context=requeueable deps ti=<TaskInstance: etl_airflow.transform scheduled__2024-05-12T00:00:00+00:00 [queued]>
[2025-12-17T04:47:16.827+0000] {taskinstance.py:2170} INFO - Starting attempt 2 of 3
[2025-12-17T04:47:16.850+0000] {taskinstance.py:2191} INFO - Executing <Task(PythonOperator): transform> on 2024-05-12 00:00:00+00:00
[2025-12-17T04:47:16.857+0000] {standard_task_runner.py:60} INFO - Started process 2029 to run task
[2025-12-17T04:47:16.862+0000] {standard_task_runner.py:87} INFO - Running: ['***', 'tasks', 'run', 'etl_***', 'transform', 'scheduled__2024-05-12T00:00:00+00:00', '--job-id', '550', '--raw', '--subdir', 'DAGS_FOLDER/etl_***.py', '--cfg-path', '/tmp/tmpb300pt1l']
[2025-12-17T04:47:16.868+0000] {standard_task_runner.py:88} INFO - Job 550: Subtask transform
[2025-12-17T04:47:16.988+0000] {task_command.py:423} INFO - Running <TaskInstance: etl_airflow.transform scheduled__2024-05-12T00:00:00+00:00 [running]> on host b3426f05ac70
[2025-12-17T04:47:17.333+0000] {taskinstance.py:2480} INFO - Exporting env vars: AIRFLOW_CTX_DAG_OWNER='***' AIRFLOW_CTX_DAG_ID='etl_***' AIRFLOW_CTX_TASK_ID='transform' AIRFLOW_CTX_EXECUTION_DATE='2024-05-12T00:00:00+00:00' AIRFLOW_CTX_TRY_NUMBER='2' AIRFLOW_CTX_DAG_RUN_ID='scheduled__2024-05-12T00:00:00+00:00'
[2025-12-17T04:47:17.336+0000] {taskinstance.py:2698} ERROR - Task failed with exception
Traceback (most recent call last):
  File "/home/airflow/.local/lib/python3.8/site-packages/airflow/models/taskinstance.py", line 433, in _execute_task
    result = execute_callable(context=context, **execute_callable_kwargs)
  File "/home/airflow/.local/lib/python3.8/site-packages/airflow/operators/python.py", line 199, in execute
    return_value = self.execute_callable()
  File "/home/airflow/.local/lib/python3.8/site-packages/airflow/operators/python.py", line 216, in execute_callable
    return self.python_callable(*self.op_args, **self.op_kwargs)
TypeError: transform_data() missing 1 required positional argument: 'df'
[2025-12-17T04:47:17.348+0000] {taskinstance.py:1138} INFO - Marking task as UP_FOR_RETRY. dag_id=etl_***, task_id=transform, execution_date=20240512T000000, start_date=20251217T044716, end_date=20251217T044717
[2025-12-17T04:47:17.369+0000] {standard_task_runner.py:107} ERROR - Failed to execute job 550 for task transform (transform_data() missing 1 required positional argument: 'df'; 2029)
[2025-12-17T04:47:17.396+0000] {local_task_job_runner.py:234} INFO - Task exited with return code 1
[2025-12-17T04:47:17.602+0000] {taskinstance.py:3280} INFO - 0 downstream tasks scheduled from follow-on schedule check
[2025-12-17T07:40:45.673+0000] {taskinstance.py:1956} INFO - Dependencies all met for dep_context=non-requeueable deps ti=<TaskInstance: etl_airflow.transform scheduled__2024-05-12T00:00:00+00:00 [queued]>
[2025-12-17T07:40:45.698+0000] {taskinstance.py:1956} INFO - Dependencies all met for dep_context=requeueable deps ti=<TaskInstance: etl_airflow.transform scheduled__2024-05-12T00:00:00+00:00 [queued]>
[2025-12-17T07:40:45.700+0000] {taskinstance.py:2170} INFO - Starting attempt 2 of 3
[2025-12-17T07:40:45.921+0000] {taskinstance.py:2191} INFO - Executing <Task(PythonOperator): transform> on 2024-05-12 00:00:00+00:00
[2025-12-17T07:40:45.934+0000] {standard_task_runner.py:60} INFO - Started process 2104 to run task
[2025-12-17T07:40:45.943+0000] {standard_task_runner.py:87} INFO - Running: ['***', 'tasks', 'run', 'etl_***', 'transform', 'scheduled__2024-05-12T00:00:00+00:00', '--job-id', '551', '--raw', '--subdir', 'DAGS_FOLDER/etl_***.py', '--cfg-path', '/tmp/tmpq05qcnr1']
[2025-12-17T07:40:45.962+0000] {standard_task_runner.py:88} INFO - Job 551: Subtask transform
[2025-12-17T07:40:46.119+0000] {task_command.py:423} INFO - Running <TaskInstance: etl_airflow.transform scheduled__2024-05-12T00:00:00+00:00 [running]> on host 2a0de06c8905
[2025-12-17T07:40:46.539+0000] {taskinstance.py:2480} INFO - Exporting env vars: AIRFLOW_CTX_DAG_OWNER='***' AIRFLOW_CTX_DAG_ID='etl_***' AIRFLOW_CTX_TASK_ID='transform' AIRFLOW_CTX_EXECUTION_DATE='2024-05-12T00:00:00+00:00' AIRFLOW_CTX_TRY_NUMBER='2' AIRFLOW_CTX_DAG_RUN_ID='scheduled__2024-05-12T00:00:00+00:00'
[2025-12-17T07:40:46.543+0000] {taskinstance.py:2698} ERROR - Task failed with exception
Traceback (most recent call last):
  File "/home/airflow/.local/lib/python3.8/site-packages/airflow/models/taskinstance.py", line 433, in _execute_task
    result = execute_callable(context=context, **execute_callable_kwargs)
  File "/home/airflow/.local/lib/python3.8/site-packages/airflow/operators/python.py", line 199, in execute
    return_value = self.execute_callable()
  File "/home/airflow/.local/lib/python3.8/site-packages/airflow/operators/python.py", line 216, in execute_callable
    return self.python_callable(*self.op_args, **self.op_kwargs)
TypeError: transform_data() missing 1 required positional argument: 'df'
[2025-12-17T07:40:46.559+0000] {taskinstance.py:1138} INFO - Marking task as UP_FOR_RETRY. dag_id=etl_***, task_id=transform, execution_date=20240512T000000, start_date=20251217T074045, end_date=20251217T074046
[2025-12-17T07:40:46.591+0000] {standard_task_runner.py:107} ERROR - Failed to execute job 551 for task transform (transform_data() missing 1 required positional argument: 'df'; 2104)
[2025-12-17T07:40:46.614+0000] {local_task_job_runner.py:234} INFO - Task exited with return code 1
[2025-12-17T07:40:46.659+0000] {taskinstance.py:3280} INFO - 0 downstream tasks scheduled from follow-on schedule check
