[2025-12-16T16:32:09.528+0000] {taskinstance.py:1956} INFO - Dependencies all met for dep_context=non-requeueable deps ti=<TaskInstance: etl_airflow.extract scheduled__2024-04-01T00:00:00+00:00 [queued]>
[2025-12-16T16:32:09.542+0000] {taskinstance.py:1956} INFO - Dependencies all met for dep_context=requeueable deps ti=<TaskInstance: etl_airflow.extract scheduled__2024-04-01T00:00:00+00:00 [queued]>
[2025-12-16T16:32:09.543+0000] {taskinstance.py:2170} INFO - Starting attempt 1 of 3
[2025-12-16T16:32:09.563+0000] {taskinstance.py:2191} INFO - Executing <Task(PythonOperator): extract> on 2024-04-01 00:00:00+00:00
[2025-12-16T16:32:09.571+0000] {standard_task_runner.py:60} INFO - Started process 1302 to run task
[2025-12-16T16:32:09.577+0000] {standard_task_runner.py:87} INFO - Running: ['***', 'tasks', 'run', 'etl_***', 'extract', 'scheduled__2024-04-01T00:00:00+00:00', '--job-id', '265', '--raw', '--subdir', 'DAGS_FOLDER/etl_dag.py', '--cfg-path', '/tmp/tmp51c3f0x6']
[2025-12-16T16:32:09.581+0000] {standard_task_runner.py:88} INFO - Job 265: Subtask extract
[2025-12-16T16:32:09.722+0000] {task_command.py:423} INFO - Running <TaskInstance: etl_airflow.extract scheduled__2024-04-01T00:00:00+00:00 [running]> on host 528de643acfe
[2025-12-16T16:32:10.142+0000] {taskinstance.py:2480} INFO - Exporting env vars: AIRFLOW_CTX_DAG_OWNER='***' AIRFLOW_CTX_DAG_ID='etl_***' AIRFLOW_CTX_TASK_ID='extract' AIRFLOW_CTX_EXECUTION_DATE='2024-04-01T00:00:00+00:00' AIRFLOW_CTX_TRY_NUMBER='1' AIRFLOW_CTX_DAG_RUN_ID='scheduled__2024-04-01T00:00:00+00:00'
[2025-12-16T16:32:10.145+0000] {logging_mixin.py:188} INFO - Extracting data from /opt/***/data/input.csv
[2025-12-16T16:32:10.151+0000] {taskinstance.py:2698} ERROR - Task failed with exception
Traceback (most recent call last):
  File "/home/airflow/.local/lib/python3.8/site-packages/airflow/models/taskinstance.py", line 433, in _execute_task
    result = execute_callable(context=context, **execute_callable_kwargs)
  File "/home/airflow/.local/lib/python3.8/site-packages/airflow/operators/python.py", line 199, in execute
    return_value = self.execute_callable()
  File "/home/airflow/.local/lib/python3.8/site-packages/airflow/operators/python.py", line 216, in execute_callable
    return self.python_callable(*self.op_args, **self.op_kwargs)
  File "/opt/airflow/dags/etl_logic/pipeline.py", line 92, in extract_data
    return pd.read_csv(input_path)
  File "/home/airflow/.local/lib/python3.8/site-packages/pandas/io/parsers/readers.py", line 912, in read_csv
    return _read(filepath_or_buffer, kwds)
  File "/home/airflow/.local/lib/python3.8/site-packages/pandas/io/parsers/readers.py", line 577, in _read
    parser = TextFileReader(filepath_or_buffer, **kwds)
  File "/home/airflow/.local/lib/python3.8/site-packages/pandas/io/parsers/readers.py", line 1407, in __init__
    self._engine = self._make_engine(f, self.engine)
  File "/home/airflow/.local/lib/python3.8/site-packages/pandas/io/parsers/readers.py", line 1661, in _make_engine
    self.handles = get_handle(
  File "/home/airflow/.local/lib/python3.8/site-packages/pandas/io/common.py", line 859, in get_handle
    handle = open(
FileNotFoundError: [Errno 2] No such file or directory: '/opt/airflow/data/input.csv'
[2025-12-16T16:32:10.182+0000] {taskinstance.py:1138} INFO - Marking task as UP_FOR_RETRY. dag_id=etl_***, task_id=extract, execution_date=20240401T000000, start_date=20251216T163209, end_date=20251216T163210
[2025-12-16T16:32:10.209+0000] {standard_task_runner.py:107} ERROR - Failed to execute job 265 for task extract ([Errno 2] No such file or directory: '/opt/airflow/data/input.csv'; 1302)
[2025-12-16T16:32:10.274+0000] {local_task_job_runner.py:234} INFO - Task exited with return code 1
[2025-12-16T16:32:10.330+0000] {taskinstance.py:3280} INFO - 0 downstream tasks scheduled from follow-on schedule check
[2025-12-17T01:51:40.622+0000] {taskinstance.py:1956} INFO - Dependencies all met for dep_context=non-requeueable deps ti=<TaskInstance: etl_airflow.extract scheduled__2024-04-01T00:00:00+00:00 [queued]>
[2025-12-17T01:51:40.640+0000] {taskinstance.py:1956} INFO - Dependencies all met for dep_context=requeueable deps ti=<TaskInstance: etl_airflow.extract scheduled__2024-04-01T00:00:00+00:00 [queued]>
[2025-12-17T01:51:40.643+0000] {taskinstance.py:2170} INFO - Starting attempt 1 of 3
[2025-12-17T01:51:40.675+0000] {taskinstance.py:2191} INFO - Executing <Task(PythonOperator): extract> on 2024-04-01 00:00:00+00:00
[2025-12-17T01:51:40.686+0000] {standard_task_runner.py:60} INFO - Started process 1080 to run task
[2025-12-17T01:51:40.692+0000] {standard_task_runner.py:87} INFO - Running: ['***', 'tasks', 'run', 'etl_***', 'extract', 'scheduled__2024-04-01T00:00:00+00:00', '--job-id', '274', '--raw', '--subdir', 'DAGS_FOLDER/etl_dag.py', '--cfg-path', '/tmp/tmpehcp9ubs']
[2025-12-17T01:51:40.697+0000] {standard_task_runner.py:88} INFO - Job 274: Subtask extract
[2025-12-17T01:51:40.869+0000] {task_command.py:423} INFO - Running <TaskInstance: etl_airflow.extract scheduled__2024-04-01T00:00:00+00:00 [running]> on host 571e042550da
[2025-12-17T01:51:41.379+0000] {taskinstance.py:2480} INFO - Exporting env vars: AIRFLOW_CTX_DAG_OWNER='***' AIRFLOW_CTX_DAG_ID='etl_***' AIRFLOW_CTX_TASK_ID='extract' AIRFLOW_CTX_EXECUTION_DATE='2024-04-01T00:00:00+00:00' AIRFLOW_CTX_TRY_NUMBER='1' AIRFLOW_CTX_DAG_RUN_ID='scheduled__2024-04-01T00:00:00+00:00'
[2025-12-17T01:51:41.402+0000] {logging_mixin.py:188} INFO - [EXTRACT] Reading /opt/***/data/synthetic_events.csv
[2025-12-17T01:51:42.015+0000] {logging_mixin.py:188} INFO - [EXTRACT] done
[2025-12-17T01:51:42.057+0000] {python.py:201} INFO - Done. Returned value was: None
[2025-12-17T01:51:42.150+0000] {taskinstance.py:1138} INFO - Marking task as SUCCESS. dag_id=etl_***, task_id=extract, execution_date=20240401T000000, start_date=20251217T015140, end_date=20251217T015142
[2025-12-17T01:51:42.400+0000] {local_task_job_runner.py:234} INFO - Task exited with return code 0
[2025-12-17T01:51:42.623+0000] {taskinstance.py:3280} INFO - 0 downstream tasks scheduled from follow-on schedule check
[2025-12-17T04:19:46.407+0000] {taskinstance.py:1956} INFO - Dependencies all met for dep_context=non-requeueable deps ti=<TaskInstance: etl_airflow.extract scheduled__2024-04-01T00:00:00+00:00 [queued]>
[2025-12-17T04:19:46.423+0000] {taskinstance.py:1956} INFO - Dependencies all met for dep_context=requeueable deps ti=<TaskInstance: etl_airflow.extract scheduled__2024-04-01T00:00:00+00:00 [queued]>
[2025-12-17T04:19:46.424+0000] {taskinstance.py:2170} INFO - Starting attempt 1 of 3
[2025-12-17T04:19:46.445+0000] {taskinstance.py:2191} INFO - Executing <Task(PythonOperator): extract> on 2024-04-01 00:00:00+00:00
[2025-12-17T04:19:46.453+0000] {standard_task_runner.py:60} INFO - Started process 723 to run task
[2025-12-17T04:19:46.457+0000] {standard_task_runner.py:87} INFO - Running: ['***', 'tasks', 'run', 'etl_***', 'extract', 'scheduled__2024-04-01T00:00:00+00:00', '--job-id', '155', '--raw', '--subdir', 'DAGS_FOLDER/etl_***.py', '--cfg-path', '/tmp/tmpsqgjmz9x']
[2025-12-17T04:19:46.460+0000] {standard_task_runner.py:88} INFO - Job 155: Subtask extract
[2025-12-17T04:19:46.569+0000] {task_command.py:423} INFO - Running <TaskInstance: etl_airflow.extract scheduled__2024-04-01T00:00:00+00:00 [running]> on host c5811fe183ca
[2025-12-17T04:19:46.943+0000] {taskinstance.py:2480} INFO - Exporting env vars: AIRFLOW_CTX_DAG_OWNER='***' AIRFLOW_CTX_DAG_ID='etl_***' AIRFLOW_CTX_TASK_ID='extract' AIRFLOW_CTX_EXECUTION_DATE='2024-04-01T00:00:00+00:00' AIRFLOW_CTX_TRY_NUMBER='1' AIRFLOW_CTX_DAG_RUN_ID='scheduled__2024-04-01T00:00:00+00:00'
[2025-12-17T04:19:46.994+0000] {python.py:201} INFO - Done. Returned value was:    user_id event_type           timestamp country
0        1      login 2025-01-01 09:00:00      IN
1        1      click 2025-01-01 09:05:00      IN
2        1     logout 2025-01-01 09:15:00      IN
3        2      login 2025-01-01 10:00:00      US
4        2      click 2025-01-01 10:10:00      US
5        2     logout 2025-01-01 10:20:00      US
6        3      login 2025-01-02 08:00:00      FR
7        3      click 2025-01-02 08:05:00      FR
8        3     logout 2025-01-02 08:30:00      FR
[2025-12-17T04:19:47.044+0000] {taskinstance.py:1138} INFO - Marking task as SUCCESS. dag_id=etl_***, task_id=extract, execution_date=20240401T000000, start_date=20251217T041946, end_date=20251217T041947
[2025-12-17T04:19:47.074+0000] {local_task_job_runner.py:234} INFO - Task exited with return code 0
[2025-12-17T04:19:47.098+0000] {taskinstance.py:3280} INFO - 0 downstream tasks scheduled from follow-on schedule check
[2025-12-17T04:45:14.078+0000] {taskinstance.py:1956} INFO - Dependencies all met for dep_context=non-requeueable deps ti=<TaskInstance: etl_airflow.extract scheduled__2024-04-01T00:00:00+00:00 [queued]>
[2025-12-17T04:45:14.107+0000] {taskinstance.py:1956} INFO - Dependencies all met for dep_context=requeueable deps ti=<TaskInstance: etl_airflow.extract scheduled__2024-04-01T00:00:00+00:00 [queued]>
[2025-12-17T04:45:14.116+0000] {taskinstance.py:2170} INFO - Starting attempt 1 of 3
[2025-12-17T04:45:14.336+0000] {taskinstance.py:2191} INFO - Executing <Task(PythonOperator): extract> on 2024-04-01 00:00:00+00:00
[2025-12-17T04:45:14.352+0000] {standard_task_runner.py:60} INFO - Started process 1326 to run task
[2025-12-17T04:45:14.361+0000] {standard_task_runner.py:87} INFO - Running: ['***', 'tasks', 'run', 'etl_***', 'extract', 'scheduled__2024-04-01T00:00:00+00:00', '--job-id', '335', '--raw', '--subdir', 'DAGS_FOLDER/etl_***.py', '--cfg-path', '/tmp/tmpu3ppyhao']
[2025-12-17T04:45:14.367+0000] {standard_task_runner.py:88} INFO - Job 335: Subtask extract
[2025-12-17T04:45:14.584+0000] {task_command.py:423} INFO - Running <TaskInstance: etl_airflow.extract scheduled__2024-04-01T00:00:00+00:00 [running]> on host b3426f05ac70
[2025-12-17T04:45:15.063+0000] {taskinstance.py:2480} INFO - Exporting env vars: AIRFLOW_CTX_DAG_OWNER='***' AIRFLOW_CTX_DAG_ID='etl_***' AIRFLOW_CTX_TASK_ID='extract' AIRFLOW_CTX_EXECUTION_DATE='2024-04-01T00:00:00+00:00' AIRFLOW_CTX_TRY_NUMBER='1' AIRFLOW_CTX_DAG_RUN_ID='scheduled__2024-04-01T00:00:00+00:00'
[2025-12-17T04:45:15.093+0000] {python.py:201} INFO - Done. Returned value was:    user_id event_type           timestamp country
0        1      login 2025-01-01 09:00:00      IN
1        1      click 2025-01-01 09:05:00      IN
2        1     logout 2025-01-01 09:15:00      IN
3        2      login 2025-01-01 10:00:00      US
4        2      click 2025-01-01 10:10:00      US
5        2     logout 2025-01-01 10:20:00      US
6        3      login 2025-01-02 08:00:00      FR
7        3      click 2025-01-02 08:05:00      FR
8        3     logout 2025-01-02 08:30:00      FR
[2025-12-17T04:45:15.265+0000] {taskinstance.py:1138} INFO - Marking task as SUCCESS. dag_id=etl_***, task_id=extract, execution_date=20240401T000000, start_date=20251217T044514, end_date=20251217T044515
[2025-12-17T04:45:15.751+0000] {local_task_job_runner.py:234} INFO - Task exited with return code 0
[2025-12-17T04:45:15.805+0000] {taskinstance.py:3280} INFO - 1 downstream tasks scheduled from follow-on schedule check
[2025-12-17T07:38:39.938+0000] {taskinstance.py:1956} INFO - Dependencies all met for dep_context=non-requeueable deps ti=<TaskInstance: etl_airflow.extract scheduled__2024-04-01T00:00:00+00:00 [queued]>
[2025-12-17T07:38:39.962+0000] {taskinstance.py:1956} INFO - Dependencies all met for dep_context=requeueable deps ti=<TaskInstance: etl_airflow.extract scheduled__2024-04-01T00:00:00+00:00 [queued]>
[2025-12-17T07:38:39.966+0000] {taskinstance.py:2170} INFO - Starting attempt 1 of 3
[2025-12-17T07:38:40.263+0000] {taskinstance.py:2191} INFO - Executing <Task(PythonOperator): extract> on 2024-04-01 00:00:00+00:00
[2025-12-17T07:38:40.300+0000] {standard_task_runner.py:60} INFO - Started process 1412 to run task
[2025-12-17T07:38:40.323+0000] {standard_task_runner.py:87} INFO - Running: ['***', 'tasks', 'run', 'etl_***', 'extract', 'scheduled__2024-04-01T00:00:00+00:00', '--job-id', '338', '--raw', '--subdir', 'DAGS_FOLDER/etl_***.py', '--cfg-path', '/tmp/tmpzjipvqo_']
[2025-12-17T07:38:40.340+0000] {standard_task_runner.py:88} INFO - Job 338: Subtask extract
[2025-12-17T07:38:40.676+0000] {task_command.py:423} INFO - Running <TaskInstance: etl_airflow.extract scheduled__2024-04-01T00:00:00+00:00 [running]> on host 2a0de06c8905
[2025-12-17T07:38:41.228+0000] {taskinstance.py:2480} INFO - Exporting env vars: AIRFLOW_CTX_DAG_OWNER='***' AIRFLOW_CTX_DAG_ID='etl_***' AIRFLOW_CTX_TASK_ID='extract' AIRFLOW_CTX_EXECUTION_DATE='2024-04-01T00:00:00+00:00' AIRFLOW_CTX_TRY_NUMBER='1' AIRFLOW_CTX_DAG_RUN_ID='scheduled__2024-04-01T00:00:00+00:00'
[2025-12-17T07:38:41.260+0000] {python.py:201} INFO - Done. Returned value was:    user_id event_type           timestamp country
0        1      login 2025-01-01 09:00:00      IN
1        1      click 2025-01-01 09:05:00      IN
2        1     logout 2025-01-01 09:15:00      IN
3        2      login 2025-01-01 10:00:00      US
4        2      click 2025-01-01 10:10:00      US
5        2     logout 2025-01-01 10:20:00      US
6        3      login 2025-01-02 08:00:00      FR
7        3      click 2025-01-02 08:05:00      FR
8        3     logout 2025-01-02 08:30:00      FR
[2025-12-17T07:38:41.361+0000] {taskinstance.py:1138} INFO - Marking task as SUCCESS. dag_id=etl_***, task_id=extract, execution_date=20240401T000000, start_date=20251217T073839, end_date=20251217T073841
[2025-12-17T07:38:41.409+0000] {local_task_job_runner.py:234} INFO - Task exited with return code 0
[2025-12-17T07:38:41.467+0000] {taskinstance.py:3280} INFO - 1 downstream tasks scheduled from follow-on schedule check
