[2025-12-16T17:09:56.493+0000] {taskinstance.py:1956} INFO - Dependencies all met for dep_context=non-requeueable deps ti=<TaskInstance: etl_airflow.load scheduled__2024-01-11T00:00:00+00:00 [queued]>
[2025-12-16T17:09:56.530+0000] {taskinstance.py:1956} INFO - Dependencies all met for dep_context=requeueable deps ti=<TaskInstance: etl_airflow.load scheduled__2024-01-11T00:00:00+00:00 [queued]>
[2025-12-16T17:09:56.531+0000] {taskinstance.py:2170} INFO - Starting attempt 1 of 3
[2025-12-16T17:09:56.570+0000] {taskinstance.py:2191} INFO - Executing <Task(PythonOperator): load> on 2024-01-11 00:00:00+00:00
[2025-12-16T17:09:56.586+0000] {standard_task_runner.py:60} INFO - Started process 480 to run task
[2025-12-16T17:09:56.603+0000] {standard_task_runner.py:87} INFO - Running: ['***', 'tasks', 'run', 'etl_***', 'load', 'scheduled__2024-01-11T00:00:00+00:00', '--job-id', '3649', '--raw', '--subdir', 'DAGS_FOLDER/etl_dag.py', '--cfg-path', '/tmp/tmpf2idiirm']
[2025-12-16T17:09:56.617+0000] {standard_task_runner.py:88} INFO - Job 3649: Subtask load
[2025-12-16T17:09:56.858+0000] {task_command.py:423} INFO - Running <TaskInstance: etl_airflow.load scheduled__2024-01-11T00:00:00+00:00 [running]> on host 3b89cfee50e9
[2025-12-16T17:09:57.183+0000] {taskinstance.py:2480} INFO - Exporting env vars: AIRFLOW_CTX_DAG_OWNER='***' AIRFLOW_CTX_DAG_ID='etl_***' AIRFLOW_CTX_TASK_ID='load' AIRFLOW_CTX_EXECUTION_DATE='2024-01-11T00:00:00+00:00' AIRFLOW_CTX_TRY_NUMBER='1' AIRFLOW_CTX_DAG_RUN_ID='scheduled__2024-01-11T00:00:00+00:00'
[2025-12-16T17:09:57.196+0000] {logging_mixin.py:188} INFO - [LOAD]
[2025-12-16T17:09:57.345+0000] {logging_mixin.py:188} INFO -    user_id event_type            timestamp country
0        1      login  2025-01-01T09:00:00      IN
1        1      click  2025-01-01T09:05:00      IN
2        1     logout  2025-01-01T09:15:00      IN
3        3      login  2025-01-02T08:00:00      FR
4        3      click  2025-01-02T08:05:00      FR
[2025-12-16T17:09:57.357+0000] {logging_mixin.py:188} INFO - [LOAD] done
[2025-12-16T17:09:57.364+0000] {python.py:201} INFO - Done. Returned value was: None
[2025-12-16T17:09:57.939+0000] {taskinstance.py:1138} INFO - Marking task as SUCCESS. dag_id=etl_***, task_id=load, execution_date=20240111T000000, start_date=20251216T170956, end_date=20251216T170957
[2025-12-16T17:09:58.059+0000] {local_task_job_runner.py:234} INFO - Task exited with return code 0
[2025-12-16T17:09:58.107+0000] {taskinstance.py:3280} INFO - 0 downstream tasks scheduled from follow-on schedule check
[2025-12-17T01:50:12.060+0000] {taskinstance.py:1956} INFO - Dependencies all met for dep_context=non-requeueable deps ti=<TaskInstance: etl_airflow.load scheduled__2024-01-11T00:00:00+00:00 [queued]>
[2025-12-17T01:50:12.084+0000] {taskinstance.py:1956} INFO - Dependencies all met for dep_context=requeueable deps ti=<TaskInstance: etl_airflow.load scheduled__2024-01-11T00:00:00+00:00 [queued]>
[2025-12-17T01:50:12.085+0000] {taskinstance.py:2170} INFO - Starting attempt 1 of 3
[2025-12-17T01:50:12.110+0000] {taskinstance.py:2191} INFO - Executing <Task(PythonOperator): load> on 2024-01-11 00:00:00+00:00
[2025-12-17T01:50:12.119+0000] {standard_task_runner.py:60} INFO - Started process 331 to run task
[2025-12-17T01:50:12.125+0000] {standard_task_runner.py:87} INFO - Running: ['***', 'tasks', 'run', 'etl_***', 'load', 'scheduled__2024-01-11T00:00:00+00:00', '--job-id', '42', '--raw', '--subdir', 'DAGS_FOLDER/etl_dag.py', '--cfg-path', '/tmp/tmp6xum252i']
[2025-12-17T01:50:12.129+0000] {standard_task_runner.py:88} INFO - Job 42: Subtask load
[2025-12-17T01:50:12.250+0000] {task_command.py:423} INFO - Running <TaskInstance: etl_airflow.load scheduled__2024-01-11T00:00:00+00:00 [running]> on host 571e042550da
[2025-12-17T01:50:12.824+0000] {taskinstance.py:2480} INFO - Exporting env vars: AIRFLOW_CTX_DAG_OWNER='***' AIRFLOW_CTX_DAG_ID='etl_***' AIRFLOW_CTX_TASK_ID='load' AIRFLOW_CTX_EXECUTION_DATE='2024-01-11T00:00:00+00:00' AIRFLOW_CTX_TRY_NUMBER='1' AIRFLOW_CTX_DAG_RUN_ID='scheduled__2024-01-11T00:00:00+00:00'
[2025-12-17T01:50:12.829+0000] {logging_mixin.py:188} INFO - [LOAD]
[2025-12-17T01:50:12.875+0000] {logging_mixin.py:188} INFO -    user_id event_type            timestamp country
0        1      login  2025-01-01T09:00:00      IN
1        1      click  2025-01-01T09:05:00      IN
2        1     logout  2025-01-01T09:15:00      IN
3        3      login  2025-01-02T08:00:00      FR
4        3      click  2025-01-02T08:05:00      FR
[2025-12-17T01:50:12.878+0000] {logging_mixin.py:188} INFO - [LOAD] done
[2025-12-17T01:50:12.879+0000] {python.py:201} INFO - Done. Returned value was: None
[2025-12-17T01:50:12.903+0000] {taskinstance.py:1138} INFO - Marking task as SUCCESS. dag_id=etl_***, task_id=load, execution_date=20240111T000000, start_date=20251217T015012, end_date=20251217T015012
[2025-12-17T01:50:12.985+0000] {local_task_job_runner.py:234} INFO - Task exited with return code 0
[2025-12-17T01:50:13.233+0000] {taskinstance.py:3280} INFO - 0 downstream tasks scheduled from follow-on schedule check
