[2025-12-17T01:59:41.806+0000] {taskinstance.py:1956} INFO - Dependencies all met for dep_context=non-requeueable deps ti=<TaskInstance: etl_airflow.transform scheduled__2025-07-17T00:00:00+00:00 [queued]>
[2025-12-17T01:59:41.831+0000] {taskinstance.py:1956} INFO - Dependencies all met for dep_context=requeueable deps ti=<TaskInstance: etl_airflow.transform scheduled__2025-07-17T00:00:00+00:00 [queued]>
[2025-12-17T01:59:41.837+0000] {taskinstance.py:2170} INFO - Starting attempt 1 of 3
[2025-12-17T01:59:42.177+0000] {taskinstance.py:2191} INFO - Executing <Task(PythonOperator): transform> on 2025-07-17 00:00:00+00:00
[2025-12-17T01:59:42.197+0000] {standard_task_runner.py:60} INFO - Started process 5691 to run task
[2025-12-17T01:59:42.204+0000] {standard_task_runner.py:87} INFO - Running: ['***', 'tasks', 'run', 'etl_***', 'transform', 'scheduled__2025-07-17T00:00:00+00:00', '--job-id', '1725', '--raw', '--subdir', 'DAGS_FOLDER/etl_dag.py', '--cfg-path', '/tmp/tmpv3u2t644']
[2025-12-17T01:59:42.209+0000] {standard_task_runner.py:88} INFO - Job 1725: Subtask transform
[2025-12-17T01:59:42.363+0000] {task_command.py:423} INFO - Running <TaskInstance: etl_airflow.transform scheduled__2025-07-17T00:00:00+00:00 [running]> on host 571e042550da
[2025-12-17T01:59:42.876+0000] {taskinstance.py:2480} INFO - Exporting env vars: AIRFLOW_CTX_DAG_OWNER='***' AIRFLOW_CTX_DAG_ID='etl_***' AIRFLOW_CTX_TASK_ID='transform' AIRFLOW_CTX_EXECUTION_DATE='2025-07-17T00:00:00+00:00' AIRFLOW_CTX_TRY_NUMBER='1' AIRFLOW_CTX_DAG_RUN_ID='scheduled__2025-07-17T00:00:00+00:00'
[2025-12-17T01:59:42.880+0000] {logging_mixin.py:188} INFO - [TRANSFORM]
[2025-12-17T01:59:42.924+0000] {logging_mixin.py:188} INFO - [TRANSFORM] done
[2025-12-17T01:59:42.926+0000] {python.py:201} INFO - Done. Returned value was: None
[2025-12-17T01:59:42.956+0000] {taskinstance.py:1138} INFO - Marking task as SUCCESS. dag_id=etl_***, task_id=transform, execution_date=20250717T000000, start_date=20251217T015941, end_date=20251217T015942
[2025-12-17T01:59:43.045+0000] {local_task_job_runner.py:234} INFO - Task exited with return code 0
[2025-12-17T01:59:43.326+0000] {taskinstance.py:3280} INFO - 0 downstream tasks scheduled from follow-on schedule check
[2025-12-17T05:02:37.862+0000] {taskinstance.py:1956} INFO - Dependencies all met for dep_context=non-requeueable deps ti=<TaskInstance: etl_airflow.transform scheduled__2025-07-17T00:00:00+00:00 [queued]>
[2025-12-17T05:02:37.879+0000] {taskinstance.py:1956} INFO - Dependencies all met for dep_context=requeueable deps ti=<TaskInstance: etl_airflow.transform scheduled__2025-07-17T00:00:00+00:00 [queued]>
[2025-12-17T05:02:37.880+0000] {taskinstance.py:2170} INFO - Starting attempt 1 of 3
[2025-12-17T05:02:38.002+0000] {taskinstance.py:2191} INFO - Executing <Task(PythonOperator): transform> on 2025-07-17 00:00:00+00:00
[2025-12-17T05:02:38.021+0000] {standard_task_runner.py:60} INFO - Started process 7672 to run task
[2025-12-17T05:02:38.028+0000] {standard_task_runner.py:87} INFO - Running: ['***', 'tasks', 'run', 'etl_***', 'transform', 'scheduled__2025-07-17T00:00:00+00:00', '--job-id', '2257', '--raw', '--subdir', 'DAGS_FOLDER/etl_***.py', '--cfg-path', '/tmp/tmp7_2in83l']
[2025-12-17T05:02:38.034+0000] {standard_task_runner.py:88} INFO - Job 2257: Subtask transform
[2025-12-17T05:02:38.187+0000] {task_command.py:423} INFO - Running <TaskInstance: etl_airflow.transform scheduled__2025-07-17T00:00:00+00:00 [running]> on host b3426f05ac70
[2025-12-17T05:02:38.586+0000] {taskinstance.py:2480} INFO - Exporting env vars: AIRFLOW_CTX_DAG_OWNER='***' AIRFLOW_CTX_DAG_ID='etl_***' AIRFLOW_CTX_TASK_ID='transform' AIRFLOW_CTX_EXECUTION_DATE='2025-07-17T00:00:00+00:00' AIRFLOW_CTX_TRY_NUMBER='1' AIRFLOW_CTX_DAG_RUN_ID='scheduled__2025-07-17T00:00:00+00:00'
[2025-12-17T05:02:38.589+0000] {taskinstance.py:2698} ERROR - Task failed with exception
Traceback (most recent call last):
  File "/home/airflow/.local/lib/python3.8/site-packages/airflow/models/taskinstance.py", line 433, in _execute_task
    result = execute_callable(context=context, **execute_callable_kwargs)
  File "/home/airflow/.local/lib/python3.8/site-packages/airflow/operators/python.py", line 199, in execute
    return_value = self.execute_callable()
  File "/home/airflow/.local/lib/python3.8/site-packages/airflow/operators/python.py", line 216, in execute_callable
    return self.python_callable(*self.op_args, **self.op_kwargs)
TypeError: transform_data() missing 1 required positional argument: 'df'
[2025-12-17T05:02:38.604+0000] {taskinstance.py:1138} INFO - Marking task as UP_FOR_RETRY. dag_id=etl_***, task_id=transform, execution_date=20250717T000000, start_date=20251217T050237, end_date=20251217T050238
[2025-12-17T05:02:38.646+0000] {standard_task_runner.py:107} ERROR - Failed to execute job 2257 for task transform (transform_data() missing 1 required positional argument: 'df'; 7672)
[2025-12-17T05:02:38.695+0000] {local_task_job_runner.py:234} INFO - Task exited with return code 1
[2025-12-17T05:02:38.744+0000] {taskinstance.py:3280} INFO - 0 downstream tasks scheduled from follow-on schedule check
