[2025-12-17T05:07:29.671+0000] {taskinstance.py:1956} INFO - Dependencies all met for dep_context=non-requeueable deps ti=<TaskInstance: etl_airflow.transform scheduled__2025-11-22T00:00:00+00:00 [queued]>
[2025-12-17T05:07:29.682+0000] {taskinstance.py:1956} INFO - Dependencies all met for dep_context=requeueable deps ti=<TaskInstance: etl_airflow.transform scheduled__2025-11-22T00:00:00+00:00 [queued]>
[2025-12-17T05:07:29.683+0000] {taskinstance.py:2170} INFO - Starting attempt 2 of 3
[2025-12-17T05:07:29.703+0000] {taskinstance.py:2191} INFO - Executing <Task(PythonOperator): transform> on 2025-11-22 00:00:00+00:00
[2025-12-17T05:07:29.711+0000] {standard_task_runner.py:60} INFO - Started process 9426 to run task
[2025-12-17T05:07:29.718+0000] {standard_task_runner.py:87} INFO - Running: ['***', 'tasks', 'run', 'etl_***', 'transform', 'scheduled__2025-11-22T00:00:00+00:00', '--job-id', '2792', '--raw', '--subdir', 'DAGS_FOLDER/etl_***.py', '--cfg-path', '/tmp/tmpftv_vurx']
[2025-12-17T05:07:29.723+0000] {standard_task_runner.py:88} INFO - Job 2792: Subtask transform
[2025-12-17T05:07:29.825+0000] {task_command.py:423} INFO - Running <TaskInstance: etl_airflow.transform scheduled__2025-11-22T00:00:00+00:00 [running]> on host b3426f05ac70
[2025-12-17T05:07:30.125+0000] {taskinstance.py:2480} INFO - Exporting env vars: AIRFLOW_CTX_DAG_OWNER='***' AIRFLOW_CTX_DAG_ID='etl_***' AIRFLOW_CTX_TASK_ID='transform' AIRFLOW_CTX_EXECUTION_DATE='2025-11-22T00:00:00+00:00' AIRFLOW_CTX_TRY_NUMBER='2' AIRFLOW_CTX_DAG_RUN_ID='scheduled__2025-11-22T00:00:00+00:00'
[2025-12-17T05:07:30.127+0000] {taskinstance.py:2698} ERROR - Task failed with exception
Traceback (most recent call last):
  File "/home/airflow/.local/lib/python3.8/site-packages/airflow/models/taskinstance.py", line 433, in _execute_task
    result = execute_callable(context=context, **execute_callable_kwargs)
  File "/home/airflow/.local/lib/python3.8/site-packages/airflow/operators/python.py", line 199, in execute
    return_value = self.execute_callable()
  File "/home/airflow/.local/lib/python3.8/site-packages/airflow/operators/python.py", line 216, in execute_callable
    return self.python_callable(*self.op_args, **self.op_kwargs)
TypeError: transform_data() missing 1 required positional argument: 'df'
[2025-12-17T05:07:30.148+0000] {taskinstance.py:1138} INFO - Marking task as UP_FOR_RETRY. dag_id=etl_***, task_id=transform, execution_date=20251122T000000, start_date=20251217T050729, end_date=20251217T050730
[2025-12-17T05:07:30.178+0000] {standard_task_runner.py:107} ERROR - Failed to execute job 2792 for task transform (transform_data() missing 1 required positional argument: 'df'; 9426)
[2025-12-17T05:07:30.211+0000] {local_task_job_runner.py:234} INFO - Task exited with return code 1
[2025-12-17T05:07:30.237+0000] {taskinstance.py:3280} INFO - 0 downstream tasks scheduled from follow-on schedule check
