[2025-12-17T02:02:00.394+0000] {taskinstance.py:1956} INFO - Dependencies all met for dep_context=non-requeueable deps ti=<TaskInstance: etl_airflow.load scheduled__2025-12-16T00:00:00+00:00 [queued]>
[2025-12-17T02:02:00.408+0000] {taskinstance.py:1956} INFO - Dependencies all met for dep_context=requeueable deps ti=<TaskInstance: etl_airflow.load scheduled__2025-12-16T00:00:00+00:00 [queued]>
[2025-12-17T02:02:00.411+0000] {taskinstance.py:2170} INFO - Starting attempt 1 of 3
[2025-12-17T02:02:00.440+0000] {taskinstance.py:2191} INFO - Executing <Task(PythonOperator): load> on 2025-12-16 00:00:00+00:00
[2025-12-17T02:02:00.451+0000] {standard_task_runner.py:60} INFO - Started process 7117 to run task
[2025-12-17T02:02:00.458+0000] {standard_task_runner.py:87} INFO - Running: ['***', 'tasks', 'run', 'etl_***', 'load', 'scheduled__2025-12-16T00:00:00+00:00', '--job-id', '2184', '--raw', '--subdir', 'DAGS_FOLDER/etl_dag.py', '--cfg-path', '/tmp/tmppndj_7bb']
[2025-12-17T02:02:00.463+0000] {standard_task_runner.py:88} INFO - Job 2184: Subtask load
[2025-12-17T02:02:00.613+0000] {task_command.py:423} INFO - Running <TaskInstance: etl_airflow.load scheduled__2025-12-16T00:00:00+00:00 [running]> on host 571e042550da
[2025-12-17T02:02:00.983+0000] {taskinstance.py:2480} INFO - Exporting env vars: AIRFLOW_CTX_DAG_OWNER='***' AIRFLOW_CTX_DAG_ID='etl_***' AIRFLOW_CTX_TASK_ID='load' AIRFLOW_CTX_EXECUTION_DATE='2025-12-16T00:00:00+00:00' AIRFLOW_CTX_TRY_NUMBER='1' AIRFLOW_CTX_DAG_RUN_ID='scheduled__2025-12-16T00:00:00+00:00'
[2025-12-17T02:02:00.991+0000] {logging_mixin.py:188} INFO - [LOAD]
[2025-12-17T02:02:01.014+0000] {logging_mixin.py:188} INFO -    user_id event_type            timestamp country
0        1      login  2025-01-01T09:00:00      IN
1        1      click  2025-01-01T09:05:00      IN
2        1     logout  2025-01-01T09:15:00      IN
3        3      login  2025-01-02T08:00:00      FR
4        3      click  2025-01-02T08:05:00      FR
[2025-12-17T02:02:01.015+0000] {logging_mixin.py:188} INFO - [LOAD] done
[2025-12-17T02:02:01.016+0000] {python.py:201} INFO - Done. Returned value was: None
[2025-12-17T02:02:01.033+0000] {taskinstance.py:1138} INFO - Marking task as SUCCESS. dag_id=etl_***, task_id=load, execution_date=20251216T000000, start_date=20251217T020200, end_date=20251217T020201
[2025-12-17T02:02:01.116+0000] {local_task_job_runner.py:234} INFO - Task exited with return code 0
[2025-12-17T02:02:01.156+0000] {taskinstance.py:3280} INFO - 0 downstream tasks scheduled from follow-on schedule check
