[2025-12-17T01:59:43.464+0000] {taskinstance.py:1956} INFO - Dependencies all met for dep_context=non-requeueable deps ti=<TaskInstance: etl_airflow.transform scheduled__2025-07-22T00:00:00+00:00 [queued]>
[2025-12-17T01:59:43.486+0000] {taskinstance.py:1956} INFO - Dependencies all met for dep_context=requeueable deps ti=<TaskInstance: etl_airflow.transform scheduled__2025-07-22T00:00:00+00:00 [queued]>
[2025-12-17T01:59:43.487+0000] {taskinstance.py:2170} INFO - Starting attempt 1 of 3
[2025-12-17T01:59:43.788+0000] {taskinstance.py:2191} INFO - Executing <Task(PythonOperator): transform> on 2025-07-22 00:00:00+00:00
[2025-12-17T01:59:43.805+0000] {standard_task_runner.py:60} INFO - Started process 5717 to run task
[2025-12-17T01:59:43.814+0000] {standard_task_runner.py:87} INFO - Running: ['***', 'tasks', 'run', 'etl_***', 'transform', 'scheduled__2025-07-22T00:00:00+00:00', '--job-id', '1734', '--raw', '--subdir', 'DAGS_FOLDER/etl_dag.py', '--cfg-path', '/tmp/tmpau7drsy3']
[2025-12-17T01:59:43.824+0000] {standard_task_runner.py:88} INFO - Job 1734: Subtask transform
[2025-12-17T01:59:44.137+0000] {task_command.py:423} INFO - Running <TaskInstance: etl_airflow.transform scheduled__2025-07-22T00:00:00+00:00 [running]> on host 571e042550da
[2025-12-17T01:59:44.726+0000] {taskinstance.py:2480} INFO - Exporting env vars: AIRFLOW_CTX_DAG_OWNER='***' AIRFLOW_CTX_DAG_ID='etl_***' AIRFLOW_CTX_TASK_ID='transform' AIRFLOW_CTX_EXECUTION_DATE='2025-07-22T00:00:00+00:00' AIRFLOW_CTX_TRY_NUMBER='1' AIRFLOW_CTX_DAG_RUN_ID='scheduled__2025-07-22T00:00:00+00:00'
[2025-12-17T01:59:44.729+0000] {logging_mixin.py:188} INFO - [TRANSFORM]
[2025-12-17T01:59:44.777+0000] {logging_mixin.py:188} INFO - [TRANSFORM] done
[2025-12-17T01:59:44.781+0000] {python.py:201} INFO - Done. Returned value was: None
[2025-12-17T01:59:44.828+0000] {taskinstance.py:1138} INFO - Marking task as SUCCESS. dag_id=etl_***, task_id=transform, execution_date=20250722T000000, start_date=20251217T015943, end_date=20251217T015944
[2025-12-17T01:59:44.919+0000] {local_task_job_runner.py:234} INFO - Task exited with return code 0
[2025-12-17T01:59:45.260+0000] {taskinstance.py:3280} INFO - 0 downstream tasks scheduled from follow-on schedule check
[2025-12-17T05:02:39.018+0000] {taskinstance.py:1956} INFO - Dependencies all met for dep_context=non-requeueable deps ti=<TaskInstance: etl_airflow.transform scheduled__2025-07-22T00:00:00+00:00 [queued]>
[2025-12-17T05:02:39.041+0000] {taskinstance.py:1956} INFO - Dependencies all met for dep_context=requeueable deps ti=<TaskInstance: etl_airflow.transform scheduled__2025-07-22T00:00:00+00:00 [queued]>
[2025-12-17T05:02:39.043+0000] {taskinstance.py:2170} INFO - Starting attempt 1 of 3
[2025-12-17T05:02:39.069+0000] {taskinstance.py:2191} INFO - Executing <Task(PythonOperator): transform> on 2025-07-22 00:00:00+00:00
[2025-12-17T05:02:39.081+0000] {standard_task_runner.py:60} INFO - Started process 7689 to run task
[2025-12-17T05:02:39.092+0000] {standard_task_runner.py:87} INFO - Running: ['***', 'tasks', 'run', 'etl_***', 'transform', 'scheduled__2025-07-22T00:00:00+00:00', '--job-id', '2266', '--raw', '--subdir', 'DAGS_FOLDER/etl_***.py', '--cfg-path', '/tmp/tmps6buyrpu']
[2025-12-17T05:02:39.096+0000] {standard_task_runner.py:88} INFO - Job 2266: Subtask transform
[2025-12-17T05:02:39.211+0000] {task_command.py:423} INFO - Running <TaskInstance: etl_airflow.transform scheduled__2025-07-22T00:00:00+00:00 [running]> on host b3426f05ac70
[2025-12-17T05:02:39.522+0000] {taskinstance.py:2480} INFO - Exporting env vars: AIRFLOW_CTX_DAG_OWNER='***' AIRFLOW_CTX_DAG_ID='etl_***' AIRFLOW_CTX_TASK_ID='transform' AIRFLOW_CTX_EXECUTION_DATE='2025-07-22T00:00:00+00:00' AIRFLOW_CTX_TRY_NUMBER='1' AIRFLOW_CTX_DAG_RUN_ID='scheduled__2025-07-22T00:00:00+00:00'
[2025-12-17T05:02:39.525+0000] {taskinstance.py:2698} ERROR - Task failed with exception
Traceback (most recent call last):
  File "/home/airflow/.local/lib/python3.8/site-packages/airflow/models/taskinstance.py", line 433, in _execute_task
    result = execute_callable(context=context, **execute_callable_kwargs)
  File "/home/airflow/.local/lib/python3.8/site-packages/airflow/operators/python.py", line 199, in execute
    return_value = self.execute_callable()
  File "/home/airflow/.local/lib/python3.8/site-packages/airflow/operators/python.py", line 216, in execute_callable
    return self.python_callable(*self.op_args, **self.op_kwargs)
TypeError: transform_data() missing 1 required positional argument: 'df'
[2025-12-17T05:02:39.536+0000] {taskinstance.py:1138} INFO - Marking task as UP_FOR_RETRY. dag_id=etl_***, task_id=transform, execution_date=20250722T000000, start_date=20251217T050239, end_date=20251217T050239
[2025-12-17T05:02:39.552+0000] {standard_task_runner.py:107} ERROR - Failed to execute job 2266 for task transform (transform_data() missing 1 required positional argument: 'df'; 7689)
[2025-12-17T05:02:39.582+0000] {local_task_job_runner.py:234} INFO - Task exited with return code 1
[2025-12-17T05:02:39.611+0000] {taskinstance.py:3280} INFO - 0 downstream tasks scheduled from follow-on schedule check
