[2025-12-16T17:14:08.111+0000] {taskinstance.py:1956} INFO - Dependencies all met for dep_context=non-requeueable deps ti=<TaskInstance: etl_airflow.load scheduled__2024-09-24T00:00:00+00:00 [queued]>
[2025-12-16T17:14:08.156+0000] {taskinstance.py:1956} INFO - Dependencies all met for dep_context=requeueable deps ti=<TaskInstance: etl_airflow.load scheduled__2024-09-24T00:00:00+00:00 [queued]>
[2025-12-16T17:14:08.167+0000] {taskinstance.py:2170} INFO - Starting attempt 1 of 3
[2025-12-16T17:14:08.616+0000] {taskinstance.py:2191} INFO - Executing <Task(PythonOperator): load> on 2024-09-24 00:00:00+00:00
[2025-12-16T17:14:08.641+0000] {standard_task_runner.py:60} INFO - Started process 1115 to run task
[2025-12-16T17:14:08.653+0000] {standard_task_runner.py:87} INFO - Running: ['***', 'tasks', 'run', 'etl_***', 'load', 'scheduled__2024-09-24T00:00:00+00:00', '--job-id', '4432', '--raw', '--subdir', 'DAGS_FOLDER/etl_dag.py', '--cfg-path', '/tmp/tmpe42uldz7']
[2025-12-16T17:14:08.684+0000] {standard_task_runner.py:88} INFO - Job 4432: Subtask load
[2025-12-16T17:14:09.039+0000] {task_command.py:423} INFO - Running <TaskInstance: etl_airflow.load scheduled__2024-09-24T00:00:00+00:00 [running]> on host 3b89cfee50e9
[2025-12-16T17:14:09.496+0000] {taskinstance.py:2480} INFO - Exporting env vars: AIRFLOW_CTX_DAG_OWNER='***' AIRFLOW_CTX_DAG_ID='etl_***' AIRFLOW_CTX_TASK_ID='load' AIRFLOW_CTX_EXECUTION_DATE='2024-09-24T00:00:00+00:00' AIRFLOW_CTX_TRY_NUMBER='1' AIRFLOW_CTX_DAG_RUN_ID='scheduled__2024-09-24T00:00:00+00:00'
[2025-12-16T17:14:09.505+0000] {logging_mixin.py:188} INFO - [LOAD]
[2025-12-16T17:14:09.961+0000] {logging_mixin.py:188} INFO -    user_id event_type            timestamp country
0        1      login  2025-01-01T09:00:00      IN
1        1      click  2025-01-01T09:05:00      IN
2        1     logout  2025-01-01T09:15:00      IN
3        3      login  2025-01-02T08:00:00      FR
4        3      click  2025-01-02T08:05:00      FR
[2025-12-16T17:14:09.965+0000] {logging_mixin.py:188} INFO - [LOAD] done
[2025-12-16T17:14:09.970+0000] {python.py:201} INFO - Done. Returned value was: None
[2025-12-16T17:14:09.996+0000] {taskinstance.py:1138} INFO - Marking task as SUCCESS. dag_id=etl_***, task_id=load, execution_date=20240924T000000, start_date=20251216T171408, end_date=20251216T171409
[2025-12-16T17:14:10.084+0000] {local_task_job_runner.py:234} INFO - Task exited with return code 0
[2025-12-16T17:14:10.153+0000] {taskinstance.py:3280} INFO - 0 downstream tasks scheduled from follow-on schedule check
[2025-12-17T01:54:58.337+0000] {taskinstance.py:1956} INFO - Dependencies all met for dep_context=non-requeueable deps ti=<TaskInstance: etl_airflow.load scheduled__2024-09-24T00:00:00+00:00 [queued]>
[2025-12-17T01:54:58.369+0000] {taskinstance.py:1956} INFO - Dependencies all met for dep_context=requeueable deps ti=<TaskInstance: etl_airflow.load scheduled__2024-09-24T00:00:00+00:00 [queued]>
[2025-12-17T01:54:58.371+0000] {taskinstance.py:2170} INFO - Starting attempt 1 of 3
[2025-12-17T01:54:58.605+0000] {taskinstance.py:2191} INFO - Executing <Task(PythonOperator): load> on 2024-09-24 00:00:00+00:00
[2025-12-17T01:54:58.617+0000] {standard_task_runner.py:60} INFO - Started process 2873 to run task
[2025-12-17T01:54:58.624+0000] {standard_task_runner.py:87} INFO - Running: ['***', 'tasks', 'run', 'etl_***', 'load', 'scheduled__2024-09-24T00:00:00+00:00', '--job-id', '838', '--raw', '--subdir', 'DAGS_FOLDER/etl_dag.py', '--cfg-path', '/tmp/tmpb6v45q2i']
[2025-12-17T01:54:58.630+0000] {standard_task_runner.py:88} INFO - Job 838: Subtask load
[2025-12-17T01:54:58.828+0000] {task_command.py:423} INFO - Running <TaskInstance: etl_airflow.load scheduled__2024-09-24T00:00:00+00:00 [running]> on host 571e042550da
[2025-12-17T01:54:59.392+0000] {taskinstance.py:2480} INFO - Exporting env vars: AIRFLOW_CTX_DAG_OWNER='***' AIRFLOW_CTX_DAG_ID='etl_***' AIRFLOW_CTX_TASK_ID='load' AIRFLOW_CTX_EXECUTION_DATE='2024-09-24T00:00:00+00:00' AIRFLOW_CTX_TRY_NUMBER='1' AIRFLOW_CTX_DAG_RUN_ID='scheduled__2024-09-24T00:00:00+00:00'
[2025-12-17T01:54:59.398+0000] {logging_mixin.py:188} INFO - [LOAD]
[2025-12-17T01:54:59.447+0000] {logging_mixin.py:188} INFO -    user_id event_type            timestamp country
0        1      login  2025-01-01T09:00:00      IN
1        1      click  2025-01-01T09:05:00      IN
2        1     logout  2025-01-01T09:15:00      IN
3        3      login  2025-01-02T08:00:00      FR
4        3      click  2025-01-02T08:05:00      FR
[2025-12-17T01:54:59.449+0000] {logging_mixin.py:188} INFO - [LOAD] done
[2025-12-17T01:54:59.451+0000] {python.py:201} INFO - Done. Returned value was: None
[2025-12-17T01:54:59.480+0000] {taskinstance.py:1138} INFO - Marking task as SUCCESS. dag_id=etl_***, task_id=load, execution_date=20240924T000000, start_date=20251217T015458, end_date=20251217T015459
[2025-12-17T01:54:59.570+0000] {local_task_job_runner.py:234} INFO - Task exited with return code 0
[2025-12-17T01:54:59.617+0000] {taskinstance.py:3280} INFO - 0 downstream tasks scheduled from follow-on schedule check
