[2025-12-16T17:08:01.275+0000] {taskinstance.py:1956} INFO - Dependencies all met for dep_context=non-requeueable deps ti=<TaskInstance: etl_airflow.transform scheduled__2025-03-10T00:00:00+00:00 [queued]>
[2025-12-16T17:08:01.293+0000] {taskinstance.py:1956} INFO - Dependencies all met for dep_context=requeueable deps ti=<TaskInstance: etl_airflow.transform scheduled__2025-03-10T00:00:00+00:00 [queued]>
[2025-12-16T17:08:01.294+0000] {taskinstance.py:2170} INFO - Starting attempt 3 of 3
[2025-12-16T17:08:01.312+0000] {taskinstance.py:2191} INFO - Executing <Task(PythonOperator): transform> on 2025-03-10 00:00:00+00:00
[2025-12-16T17:08:01.321+0000] {standard_task_runner.py:60} INFO - Started process 1798 to run task
[2025-12-16T17:08:01.325+0000] {standard_task_runner.py:87} INFO - Running: ['***', 'tasks', 'run', 'etl_***', 'transform', 'scheduled__2025-03-10T00:00:00+00:00', '--job-id', '3468', '--raw', '--subdir', 'DAGS_FOLDER/etl_dag.py', '--cfg-path', '/tmp/tmpv2bhra9x']
[2025-12-16T17:08:01.328+0000] {standard_task_runner.py:88} INFO - Job 3468: Subtask transform
[2025-12-16T17:08:01.434+0000] {task_command.py:423} INFO - Running <TaskInstance: etl_airflow.transform scheduled__2025-03-10T00:00:00+00:00 [running]> on host db658e834d9d
[2025-12-16T17:08:01.559+0000] {taskinstance.py:2480} INFO - Exporting env vars: AIRFLOW_CTX_DAG_OWNER='***' AIRFLOW_CTX_DAG_ID='etl_***' AIRFLOW_CTX_TASK_ID='transform' AIRFLOW_CTX_EXECUTION_DATE='2025-03-10T00:00:00+00:00' AIRFLOW_CTX_TRY_NUMBER='3' AIRFLOW_CTX_DAG_RUN_ID='scheduled__2025-03-10T00:00:00+00:00'
[2025-12-16T17:08:01.562+0000] {logging_mixin.py:188} INFO - [TRANSFORM]
[2025-12-16T17:08:01.580+0000] {taskinstance.py:2698} ERROR - Task failed with exception
Traceback (most recent call last):
  File "/home/airflow/.local/lib/python3.8/site-packages/airflow/models/taskinstance.py", line 433, in _execute_task
    result = execute_callable(context=context, **execute_callable_kwargs)
  File "/home/airflow/.local/lib/python3.8/site-packages/airflow/operators/python.py", line 199, in execute
    return_value = self.execute_callable()
  File "/home/airflow/.local/lib/python3.8/site-packages/airflow/operators/python.py", line 216, in execute_callable
    return self.python_callable(*self.op_args, **self.op_kwargs)
  File "/opt/airflow/etl_logic/pipeline.py", line 113, in transform_data
    df.to_csv(OUTPUT_PATH, index=False)
  File "/home/airflow/.local/lib/python3.8/site-packages/pandas/core/generic.py", line 3772, in to_csv
    return DataFrameRenderer(formatter).to_csv(
  File "/home/airflow/.local/lib/python3.8/site-packages/pandas/io/formats/format.py", line 1186, in to_csv
    csv_formatter.save()
  File "/home/airflow/.local/lib/python3.8/site-packages/pandas/io/formats/csvs.py", line 240, in save
    with get_handle(
  File "/home/airflow/.local/lib/python3.8/site-packages/pandas/io/common.py", line 737, in get_handle
    check_parent_directory(str(handle))
  File "/home/airflow/.local/lib/python3.8/site-packages/pandas/io/common.py", line 600, in check_parent_directory
    raise OSError(rf"Cannot save file into a non-existent directory: '{parent}'")
OSError: Cannot save file into a non-existent directory: 'E:\GPP\Task_4\comparative-data-orchestrationirflow\data'
[2025-12-16T17:08:01.627+0000] {taskinstance.py:1138} INFO - Marking task as FAILED. dag_id=etl_***, task_id=transform, execution_date=20250310T000000, start_date=20251216T170801, end_date=20251216T170801
[2025-12-16T17:08:01.657+0000] {standard_task_runner.py:107} ERROR - Failed to execute job 3468 for task transform (Cannot save file into a non-existent directory: 'E:\GPP\Task_4\comparative-data-orchestrationirflow\data'; 1798)
[2025-12-16T17:08:01.701+0000] {local_task_job_runner.py:234} INFO - Task exited with return code 1
[2025-12-16T17:08:01.740+0000] {taskinstance.py:3280} INFO - 0 downstream tasks scheduled from follow-on schedule check
[2025-12-17T04:58:30.444+0000] {taskinstance.py:1956} INFO - Dependencies all met for dep_context=non-requeueable deps ti=<TaskInstance: etl_airflow.transform scheduled__2025-03-10T00:00:00+00:00 [queued]>
[2025-12-17T04:58:30.457+0000] {taskinstance.py:1956} INFO - Dependencies all met for dep_context=requeueable deps ti=<TaskInstance: etl_airflow.transform scheduled__2025-03-10T00:00:00+00:00 [queued]>
[2025-12-17T04:58:30.458+0000] {taskinstance.py:2170} INFO - Starting attempt 3 of 3
[2025-12-17T04:58:30.474+0000] {taskinstance.py:2191} INFO - Executing <Task(PythonOperator): transform> on 2025-03-10 00:00:00+00:00
[2025-12-17T04:58:30.483+0000] {standard_task_runner.py:60} INFO - Started process 6100 to run task
[2025-12-17T04:58:30.489+0000] {standard_task_runner.py:87} INFO - Running: ['***', 'tasks', 'run', 'etl_***', 'transform', 'scheduled__2025-03-10T00:00:00+00:00', '--job-id', '1782', '--raw', '--subdir', 'DAGS_FOLDER/etl_***.py', '--cfg-path', '/tmp/tmpglt7n62e']
[2025-12-17T04:58:30.493+0000] {standard_task_runner.py:88} INFO - Job 1782: Subtask transform
[2025-12-17T04:58:30.622+0000] {task_command.py:423} INFO - Running <TaskInstance: etl_airflow.transform scheduled__2025-03-10T00:00:00+00:00 [running]> on host b3426f05ac70
[2025-12-17T04:58:31.051+0000] {taskinstance.py:2480} INFO - Exporting env vars: AIRFLOW_CTX_DAG_OWNER='***' AIRFLOW_CTX_DAG_ID='etl_***' AIRFLOW_CTX_TASK_ID='transform' AIRFLOW_CTX_EXECUTION_DATE='2025-03-10T00:00:00+00:00' AIRFLOW_CTX_TRY_NUMBER='3' AIRFLOW_CTX_DAG_RUN_ID='scheduled__2025-03-10T00:00:00+00:00'
[2025-12-17T04:58:31.055+0000] {taskinstance.py:2698} ERROR - Task failed with exception
Traceback (most recent call last):
  File "/home/airflow/.local/lib/python3.8/site-packages/airflow/models/taskinstance.py", line 433, in _execute_task
    result = execute_callable(context=context, **execute_callable_kwargs)
  File "/home/airflow/.local/lib/python3.8/site-packages/airflow/operators/python.py", line 199, in execute
    return_value = self.execute_callable()
  File "/home/airflow/.local/lib/python3.8/site-packages/airflow/operators/python.py", line 216, in execute_callable
    return self.python_callable(*self.op_args, **self.op_kwargs)
TypeError: transform_data() missing 1 required positional argument: 'df'
[2025-12-17T04:58:31.065+0000] {taskinstance.py:1138} INFO - Marking task as FAILED. dag_id=etl_***, task_id=transform, execution_date=20250310T000000, start_date=20251217T045830, end_date=20251217T045831
[2025-12-17T04:58:31.081+0000] {standard_task_runner.py:107} ERROR - Failed to execute job 1782 for task transform (transform_data() missing 1 required positional argument: 'df'; 6100)
[2025-12-17T04:58:31.147+0000] {local_task_job_runner.py:234} INFO - Task exited with return code 1
[2025-12-17T04:58:31.400+0000] {taskinstance.py:3280} INFO - 0 downstream tasks scheduled from follow-on schedule check
