[2025-12-16T17:13:51.598+0000] {taskinstance.py:1956} INFO - Dependencies all met for dep_context=non-requeueable deps ti=<TaskInstance: etl_airflow.load scheduled__2024-08-25T00:00:00+00:00 [queued]>
[2025-12-16T17:13:51.629+0000] {taskinstance.py:1956} INFO - Dependencies all met for dep_context=requeueable deps ti=<TaskInstance: etl_airflow.load scheduled__2024-08-25T00:00:00+00:00 [queued]>
[2025-12-16T17:13:51.633+0000] {taskinstance.py:2170} INFO - Starting attempt 1 of 3
[2025-12-16T17:13:51.710+0000] {taskinstance.py:2191} INFO - Executing <Task(PythonOperator): load> on 2024-08-25 00:00:00+00:00
[2025-12-16T17:13:51.729+0000] {standard_task_runner.py:60} INFO - Started process 983 to run task
[2025-12-16T17:13:51.755+0000] {standard_task_runner.py:87} INFO - Running: ['***', 'tasks', 'run', 'etl_***', 'load', 'scheduled__2024-08-25T00:00:00+00:00', '--job-id', '4390', '--raw', '--subdir', 'DAGS_FOLDER/etl_dag.py', '--cfg-path', '/tmp/tmpfd5a31dp']
[2025-12-16T17:13:51.783+0000] {standard_task_runner.py:88} INFO - Job 4390: Subtask load
[2025-12-16T17:13:52.149+0000] {task_command.py:423} INFO - Running <TaskInstance: etl_airflow.load scheduled__2024-08-25T00:00:00+00:00 [running]> on host 3b89cfee50e9
[2025-12-16T17:13:52.540+0000] {taskinstance.py:2480} INFO - Exporting env vars: AIRFLOW_CTX_DAG_OWNER='***' AIRFLOW_CTX_DAG_ID='etl_***' AIRFLOW_CTX_TASK_ID='load' AIRFLOW_CTX_EXECUTION_DATE='2024-08-25T00:00:00+00:00' AIRFLOW_CTX_TRY_NUMBER='1' AIRFLOW_CTX_DAG_RUN_ID='scheduled__2024-08-25T00:00:00+00:00'
[2025-12-16T17:13:52.562+0000] {logging_mixin.py:188} INFO - [LOAD]
[2025-12-16T17:13:53.478+0000] {logging_mixin.py:188} INFO -    user_id event_type            timestamp country
0        1      login  2025-01-01T09:00:00      IN
1        1      click  2025-01-01T09:05:00      IN
2        1     logout  2025-01-01T09:15:00      IN
3        3      login  2025-01-02T08:00:00      FR
4        3      click  2025-01-02T08:05:00      FR
[2025-12-16T17:13:53.487+0000] {logging_mixin.py:188} INFO - [LOAD] done
[2025-12-16T17:13:53.501+0000] {python.py:201} INFO - Done. Returned value was: None
[2025-12-16T17:13:53.533+0000] {taskinstance.py:1138} INFO - Marking task as SUCCESS. dag_id=etl_***, task_id=load, execution_date=20240825T000000, start_date=20251216T171351, end_date=20251216T171353
[2025-12-16T17:13:53.606+0000] {local_task_job_runner.py:234} INFO - Task exited with return code 0
[2025-12-16T17:13:53.645+0000] {taskinstance.py:3280} INFO - 0 downstream tasks scheduled from follow-on schedule check
[2025-12-17T01:54:27.339+0000] {taskinstance.py:1956} INFO - Dependencies all met for dep_context=non-requeueable deps ti=<TaskInstance: etl_airflow.load scheduled__2024-08-25T00:00:00+00:00 [queued]>
[2025-12-17T01:54:27.365+0000] {taskinstance.py:1956} INFO - Dependencies all met for dep_context=requeueable deps ti=<TaskInstance: etl_airflow.load scheduled__2024-08-25T00:00:00+00:00 [queued]>
[2025-12-17T01:54:27.367+0000] {taskinstance.py:2170} INFO - Starting attempt 1 of 3
[2025-12-17T01:54:27.500+0000] {taskinstance.py:2191} INFO - Executing <Task(PythonOperator): load> on 2024-08-25 00:00:00+00:00
[2025-12-17T01:54:27.539+0000] {standard_task_runner.py:60} INFO - Started process 2595 to run task
[2025-12-17T01:54:27.550+0000] {standard_task_runner.py:87} INFO - Running: ['***', 'tasks', 'run', 'etl_***', 'load', 'scheduled__2024-08-25T00:00:00+00:00', '--job-id', '750', '--raw', '--subdir', 'DAGS_FOLDER/etl_dag.py', '--cfg-path', '/tmp/tmpiqawtl11']
[2025-12-17T01:54:27.561+0000] {standard_task_runner.py:88} INFO - Job 750: Subtask load
[2025-12-17T01:54:27.800+0000] {task_command.py:423} INFO - Running <TaskInstance: etl_airflow.load scheduled__2024-08-25T00:00:00+00:00 [running]> on host 571e042550da
[2025-12-17T01:54:28.616+0000] {taskinstance.py:2480} INFO - Exporting env vars: AIRFLOW_CTX_DAG_OWNER='***' AIRFLOW_CTX_DAG_ID='etl_***' AIRFLOW_CTX_TASK_ID='load' AIRFLOW_CTX_EXECUTION_DATE='2024-08-25T00:00:00+00:00' AIRFLOW_CTX_TRY_NUMBER='1' AIRFLOW_CTX_DAG_RUN_ID='scheduled__2024-08-25T00:00:00+00:00'
[2025-12-17T01:54:28.623+0000] {logging_mixin.py:188} INFO - [LOAD]
[2025-12-17T01:54:28.699+0000] {logging_mixin.py:188} INFO -    user_id event_type            timestamp country
0        1      login  2025-01-01T09:00:00      IN
1        1      click  2025-01-01T09:05:00      IN
2        1     logout  2025-01-01T09:15:00      IN
3        3      login  2025-01-02T08:00:00      FR
4        3      click  2025-01-02T08:05:00      FR
[2025-12-17T01:54:28.700+0000] {logging_mixin.py:188} INFO - [LOAD] done
[2025-12-17T01:54:28.702+0000] {python.py:201} INFO - Done. Returned value was: None
[2025-12-17T01:54:28.749+0000] {taskinstance.py:1138} INFO - Marking task as SUCCESS. dag_id=etl_***, task_id=load, execution_date=20240825T000000, start_date=20251217T015427, end_date=20251217T015428
[2025-12-17T01:54:28.874+0000] {local_task_job_runner.py:234} INFO - Task exited with return code 0
[2025-12-17T01:54:28.950+0000] {taskinstance.py:3280} INFO - 0 downstream tasks scheduled from follow-on schedule check
