[2025-12-17T05:06:24.977+0000] {taskinstance.py:1956} INFO - Dependencies all met for dep_context=non-requeueable deps ti=<TaskInstance: etl_airflow.transform scheduled__2025-10-31T00:00:00+00:00 [queued]>
[2025-12-17T05:06:24.994+0000] {taskinstance.py:1956} INFO - Dependencies all met for dep_context=requeueable deps ti=<TaskInstance: etl_airflow.transform scheduled__2025-10-31T00:00:00+00:00 [queued]>
[2025-12-17T05:06:24.996+0000] {taskinstance.py:2170} INFO - Starting attempt 2 of 3
[2025-12-17T05:06:25.021+0000] {taskinstance.py:2191} INFO - Executing <Task(PythonOperator): transform> on 2025-10-31 00:00:00+00:00
[2025-12-17T05:06:25.035+0000] {standard_task_runner.py:60} INFO - Started process 9037 to run task
[2025-12-17T05:06:25.042+0000] {standard_task_runner.py:87} INFO - Running: ['***', 'tasks', 'run', 'etl_***', 'transform', 'scheduled__2025-10-31T00:00:00+00:00', '--job-id', '2676', '--raw', '--subdir', 'DAGS_FOLDER/etl_***.py', '--cfg-path', '/tmp/tmpo574ewkd']
[2025-12-17T05:06:25.047+0000] {standard_task_runner.py:88} INFO - Job 2676: Subtask transform
[2025-12-17T05:06:25.234+0000] {task_command.py:423} INFO - Running <TaskInstance: etl_airflow.transform scheduled__2025-10-31T00:00:00+00:00 [running]> on host b3426f05ac70
[2025-12-17T05:06:25.744+0000] {taskinstance.py:2480} INFO - Exporting env vars: AIRFLOW_CTX_DAG_OWNER='***' AIRFLOW_CTX_DAG_ID='etl_***' AIRFLOW_CTX_TASK_ID='transform' AIRFLOW_CTX_EXECUTION_DATE='2025-10-31T00:00:00+00:00' AIRFLOW_CTX_TRY_NUMBER='2' AIRFLOW_CTX_DAG_RUN_ID='scheduled__2025-10-31T00:00:00+00:00'
[2025-12-17T05:06:25.750+0000] {taskinstance.py:2698} ERROR - Task failed with exception
Traceback (most recent call last):
  File "/home/airflow/.local/lib/python3.8/site-packages/airflow/models/taskinstance.py", line 433, in _execute_task
    result = execute_callable(context=context, **execute_callable_kwargs)
  File "/home/airflow/.local/lib/python3.8/site-packages/airflow/operators/python.py", line 199, in execute
    return_value = self.execute_callable()
  File "/home/airflow/.local/lib/python3.8/site-packages/airflow/operators/python.py", line 216, in execute_callable
    return self.python_callable(*self.op_args, **self.op_kwargs)
TypeError: transform_data() missing 1 required positional argument: 'df'
[2025-12-17T05:06:25.766+0000] {taskinstance.py:1138} INFO - Marking task as UP_FOR_RETRY. dag_id=etl_***, task_id=transform, execution_date=20251031T000000, start_date=20251217T050624, end_date=20251217T050625
[2025-12-17T05:06:25.789+0000] {standard_task_runner.py:107} ERROR - Failed to execute job 2676 for task transform (transform_data() missing 1 required positional argument: 'df'; 9037)
[2025-12-17T05:06:25.820+0000] {local_task_job_runner.py:234} INFO - Task exited with return code 1
[2025-12-17T05:06:25.866+0000] {taskinstance.py:3280} INFO - 0 downstream tasks scheduled from follow-on schedule check
