[2025-12-16T17:11:44.411+0000] {taskinstance.py:1956} INFO - Dependencies all met for dep_context=non-requeueable deps ti=<TaskInstance: etl_airflow.transform scheduled__2024-05-23T00:00:00+00:00 [queued]>
[2025-12-16T17:11:44.440+0000] {taskinstance.py:1956} INFO - Dependencies all met for dep_context=requeueable deps ti=<TaskInstance: etl_airflow.transform scheduled__2024-05-23T00:00:00+00:00 [queued]>
[2025-12-16T17:11:44.444+0000] {taskinstance.py:2170} INFO - Starting attempt 1 of 3
[2025-12-16T17:11:44.512+0000] {taskinstance.py:2191} INFO - Executing <Task(PythonOperator): transform> on 2024-05-23 00:00:00+00:00
[2025-12-16T17:11:44.528+0000] {standard_task_runner.py:60} INFO - Started process 1657 to run task
[2025-12-16T17:11:44.537+0000] {standard_task_runner.py:87} INFO - Running: ['***', 'tasks', 'run', 'etl_***', 'transform', 'scheduled__2024-05-23T00:00:00+00:00', '--job-id', '4023', '--raw', '--subdir', 'DAGS_FOLDER/etl_dag.py', '--cfg-path', '/tmp/tmpnk0lv_ou']
[2025-12-16T17:11:44.550+0000] {standard_task_runner.py:88} INFO - Job 4023: Subtask transform
[2025-12-16T17:11:44.811+0000] {task_command.py:423} INFO - Running <TaskInstance: etl_airflow.transform scheduled__2024-05-23T00:00:00+00:00 [running]> on host 3b89cfee50e9
[2025-12-16T17:11:45.147+0000] {taskinstance.py:2480} INFO - Exporting env vars: AIRFLOW_CTX_DAG_OWNER='***' AIRFLOW_CTX_DAG_ID='etl_***' AIRFLOW_CTX_TASK_ID='transform' AIRFLOW_CTX_EXECUTION_DATE='2024-05-23T00:00:00+00:00' AIRFLOW_CTX_TRY_NUMBER='1' AIRFLOW_CTX_DAG_RUN_ID='scheduled__2024-05-23T00:00:00+00:00'
[2025-12-16T17:11:45.151+0000] {logging_mixin.py:188} INFO - [TRANSFORM]
[2025-12-16T17:11:45.867+0000] {logging_mixin.py:188} INFO - [TRANSFORM] done
[2025-12-16T17:11:45.868+0000] {python.py:201} INFO - Done. Returned value was: None
[2025-12-16T17:11:45.885+0000] {taskinstance.py:1138} INFO - Marking task as SUCCESS. dag_id=etl_***, task_id=transform, execution_date=20240523T000000, start_date=20251216T171144, end_date=20251216T171145
[2025-12-16T17:11:45.967+0000] {local_task_job_runner.py:234} INFO - Task exited with return code 0
[2025-12-16T17:11:46.043+0000] {taskinstance.py:3280} INFO - 1 downstream tasks scheduled from follow-on schedule check
[2025-12-17T01:52:38.396+0000] {taskinstance.py:1956} INFO - Dependencies all met for dep_context=non-requeueable deps ti=<TaskInstance: etl_airflow.transform scheduled__2024-05-23T00:00:00+00:00 [queued]>
[2025-12-17T01:52:38.433+0000] {taskinstance.py:1956} INFO - Dependencies all met for dep_context=requeueable deps ti=<TaskInstance: etl_airflow.transform scheduled__2024-05-23T00:00:00+00:00 [queued]>
[2025-12-17T01:52:38.436+0000] {taskinstance.py:2170} INFO - Starting attempt 1 of 3
[2025-12-17T01:52:38.523+0000] {taskinstance.py:2191} INFO - Executing <Task(PythonOperator): transform> on 2024-05-23 00:00:00+00:00
[2025-12-17T01:52:38.556+0000] {standard_task_runner.py:60} INFO - Started process 1610 to run task
[2025-12-17T01:52:38.565+0000] {standard_task_runner.py:87} INFO - Running: ['***', 'tasks', 'run', 'etl_***', 'transform', 'scheduled__2024-05-23T00:00:00+00:00', '--job-id', '440', '--raw', '--subdir', 'DAGS_FOLDER/etl_dag.py', '--cfg-path', '/tmp/tmp3ourk4rv']
[2025-12-17T01:52:38.570+0000] {standard_task_runner.py:88} INFO - Job 440: Subtask transform
[2025-12-17T01:52:38.793+0000] {task_command.py:423} INFO - Running <TaskInstance: etl_airflow.transform scheduled__2024-05-23T00:00:00+00:00 [running]> on host 571e042550da
[2025-12-17T01:52:39.349+0000] {taskinstance.py:2480} INFO - Exporting env vars: AIRFLOW_CTX_DAG_OWNER='***' AIRFLOW_CTX_DAG_ID='etl_***' AIRFLOW_CTX_TASK_ID='transform' AIRFLOW_CTX_EXECUTION_DATE='2024-05-23T00:00:00+00:00' AIRFLOW_CTX_TRY_NUMBER='1' AIRFLOW_CTX_DAG_RUN_ID='scheduled__2024-05-23T00:00:00+00:00'
[2025-12-17T01:52:39.353+0000] {logging_mixin.py:188} INFO - [TRANSFORM]
[2025-12-17T01:52:39.402+0000] {logging_mixin.py:188} INFO - [TRANSFORM] done
[2025-12-17T01:52:39.403+0000] {python.py:201} INFO - Done. Returned value was: None
[2025-12-17T01:52:39.424+0000] {taskinstance.py:1138} INFO - Marking task as SUCCESS. dag_id=etl_***, task_id=transform, execution_date=20240523T000000, start_date=20251217T015238, end_date=20251217T015239
[2025-12-17T01:52:39.477+0000] {local_task_job_runner.py:234} INFO - Task exited with return code 0
[2025-12-17T01:52:39.780+0000] {taskinstance.py:3280} INFO - 0 downstream tasks scheduled from follow-on schedule check
[2025-12-17T04:20:13.992+0000] {taskinstance.py:1956} INFO - Dependencies all met for dep_context=non-requeueable deps ti=<TaskInstance: etl_airflow.transform scheduled__2024-05-23T00:00:00+00:00 [queued]>
[2025-12-17T04:20:14.008+0000] {taskinstance.py:1956} INFO - Dependencies all met for dep_context=requeueable deps ti=<TaskInstance: etl_airflow.transform scheduled__2024-05-23T00:00:00+00:00 [queued]>
[2025-12-17T04:20:14.009+0000] {taskinstance.py:2170} INFO - Starting attempt 1 of 3
[2025-12-17T04:20:14.070+0000] {taskinstance.py:2191} INFO - Executing <Task(PythonOperator): transform> on 2024-05-23 00:00:00+00:00
[2025-12-17T04:20:14.082+0000] {standard_task_runner.py:60} INFO - Started process 931 to run task
[2025-12-17T04:20:14.090+0000] {standard_task_runner.py:87} INFO - Running: ['***', 'tasks', 'run', 'etl_***', 'transform', 'scheduled__2024-05-23T00:00:00+00:00', '--job-id', '213', '--raw', '--subdir', 'DAGS_FOLDER/etl_***.py', '--cfg-path', '/tmp/tmp183wzmg6']
[2025-12-17T04:20:14.095+0000] {standard_task_runner.py:88} INFO - Job 213: Subtask transform
[2025-12-17T04:20:14.225+0000] {task_command.py:423} INFO - Running <TaskInstance: etl_airflow.transform scheduled__2024-05-23T00:00:00+00:00 [running]> on host c5811fe183ca
[2025-12-17T04:20:14.782+0000] {taskinstance.py:2480} INFO - Exporting env vars: AIRFLOW_CTX_DAG_OWNER='***' AIRFLOW_CTX_DAG_ID='etl_***' AIRFLOW_CTX_TASK_ID='transform' AIRFLOW_CTX_EXECUTION_DATE='2024-05-23T00:00:00+00:00' AIRFLOW_CTX_TRY_NUMBER='1' AIRFLOW_CTX_DAG_RUN_ID='scheduled__2024-05-23T00:00:00+00:00'
[2025-12-17T04:20:14.784+0000] {taskinstance.py:2698} ERROR - Task failed with exception
Traceback (most recent call last):
  File "/home/airflow/.local/lib/python3.8/site-packages/airflow/models/taskinstance.py", line 433, in _execute_task
    result = execute_callable(context=context, **execute_callable_kwargs)
  File "/home/airflow/.local/lib/python3.8/site-packages/airflow/operators/python.py", line 199, in execute
    return_value = self.execute_callable()
  File "/home/airflow/.local/lib/python3.8/site-packages/airflow/operators/python.py", line 216, in execute_callable
    return self.python_callable(*self.op_args, **self.op_kwargs)
TypeError: transform_data() missing 1 required positional argument: 'df'
[2025-12-17T04:20:14.800+0000] {taskinstance.py:1138} INFO - Marking task as UP_FOR_RETRY. dag_id=etl_***, task_id=transform, execution_date=20240523T000000, start_date=20251217T042013, end_date=20251217T042014
[2025-12-17T04:20:14.959+0000] {standard_task_runner.py:107} ERROR - Failed to execute job 213 for task transform (transform_data() missing 1 required positional argument: 'df'; 931)
[2025-12-17T04:20:15.048+0000] {local_task_job_runner.py:234} INFO - Task exited with return code 1
[2025-12-17T04:20:15.226+0000] {taskinstance.py:3280} INFO - 0 downstream tasks scheduled from follow-on schedule check
[2025-12-17T04:47:08.047+0000] {taskinstance.py:1956} INFO - Dependencies all met for dep_context=non-requeueable deps ti=<TaskInstance: etl_airflow.transform scheduled__2024-05-23T00:00:00+00:00 [queued]>
[2025-12-17T04:47:08.074+0000] {taskinstance.py:1956} INFO - Dependencies all met for dep_context=requeueable deps ti=<TaskInstance: etl_airflow.transform scheduled__2024-05-23T00:00:00+00:00 [queued]>
[2025-12-17T04:47:08.076+0000] {taskinstance.py:2170} INFO - Starting attempt 1 of 3
[2025-12-17T04:47:08.120+0000] {taskinstance.py:2191} INFO - Executing <Task(PythonOperator): transform> on 2024-05-23 00:00:00+00:00
[2025-12-17T04:47:08.137+0000] {standard_task_runner.py:60} INFO - Started process 2010 to run task
[2025-12-17T04:47:08.153+0000] {standard_task_runner.py:87} INFO - Running: ['***', 'tasks', 'run', 'etl_***', 'transform', 'scheduled__2024-05-23T00:00:00+00:00', '--job-id', '545', '--raw', '--subdir', 'DAGS_FOLDER/etl_***.py', '--cfg-path', '/tmp/tmpkf873vzh']
[2025-12-17T04:47:08.157+0000] {standard_task_runner.py:88} INFO - Job 545: Subtask transform
[2025-12-17T04:47:08.294+0000] {task_command.py:423} INFO - Running <TaskInstance: etl_airflow.transform scheduled__2024-05-23T00:00:00+00:00 [running]> on host b3426f05ac70
[2025-12-17T04:47:08.663+0000] {taskinstance.py:2480} INFO - Exporting env vars: AIRFLOW_CTX_DAG_OWNER='***' AIRFLOW_CTX_DAG_ID='etl_***' AIRFLOW_CTX_TASK_ID='transform' AIRFLOW_CTX_EXECUTION_DATE='2024-05-23T00:00:00+00:00' AIRFLOW_CTX_TRY_NUMBER='1' AIRFLOW_CTX_DAG_RUN_ID='scheduled__2024-05-23T00:00:00+00:00'
[2025-12-17T04:47:08.667+0000] {taskinstance.py:2698} ERROR - Task failed with exception
Traceback (most recent call last):
  File "/home/airflow/.local/lib/python3.8/site-packages/airflow/models/taskinstance.py", line 433, in _execute_task
    result = execute_callable(context=context, **execute_callable_kwargs)
  File "/home/airflow/.local/lib/python3.8/site-packages/airflow/operators/python.py", line 199, in execute
    return_value = self.execute_callable()
  File "/home/airflow/.local/lib/python3.8/site-packages/airflow/operators/python.py", line 216, in execute_callable
    return self.python_callable(*self.op_args, **self.op_kwargs)
TypeError: transform_data() missing 1 required positional argument: 'df'
[2025-12-17T04:47:08.689+0000] {taskinstance.py:1138} INFO - Marking task as UP_FOR_RETRY. dag_id=etl_***, task_id=transform, execution_date=20240523T000000, start_date=20251217T044708, end_date=20251217T044708
[2025-12-17T04:47:08.725+0000] {standard_task_runner.py:107} ERROR - Failed to execute job 545 for task transform (transform_data() missing 1 required positional argument: 'df'; 2010)
[2025-12-17T04:47:08.771+0000] {local_task_job_runner.py:234} INFO - Task exited with return code 1
[2025-12-17T04:47:08.815+0000] {taskinstance.py:3280} INFO - 0 downstream tasks scheduled from follow-on schedule check
[2025-12-17T07:41:07.738+0000] {taskinstance.py:1956} INFO - Dependencies all met for dep_context=non-requeueable deps ti=<TaskInstance: etl_airflow.transform scheduled__2024-05-23T00:00:00+00:00 [queued]>
[2025-12-17T07:41:07.775+0000] {taskinstance.py:1956} INFO - Dependencies all met for dep_context=requeueable deps ti=<TaskInstance: etl_airflow.transform scheduled__2024-05-23T00:00:00+00:00 [queued]>
[2025-12-17T07:41:07.776+0000] {taskinstance.py:2170} INFO - Starting attempt 1 of 3
[2025-12-17T07:41:07.925+0000] {taskinstance.py:2191} INFO - Executing <Task(PythonOperator): transform> on 2024-05-23 00:00:00+00:00
[2025-12-17T07:41:07.939+0000] {standard_task_runner.py:60} INFO - Started process 2238 to run task
[2025-12-17T07:41:07.973+0000] {standard_task_runner.py:87} INFO - Running: ['***', 'tasks', 'run', 'etl_***', 'transform', 'scheduled__2024-05-23T00:00:00+00:00', '--job-id', '589', '--raw', '--subdir', 'DAGS_FOLDER/etl_***.py', '--cfg-path', '/tmp/tmp_md0hxk8']
[2025-12-17T07:41:07.982+0000] {standard_task_runner.py:88} INFO - Job 589: Subtask transform
[2025-12-17T07:41:08.237+0000] {task_command.py:423} INFO - Running <TaskInstance: etl_airflow.transform scheduled__2024-05-23T00:00:00+00:00 [running]> on host 2a0de06c8905
[2025-12-17T07:41:08.935+0000] {taskinstance.py:2480} INFO - Exporting env vars: AIRFLOW_CTX_DAG_OWNER='***' AIRFLOW_CTX_DAG_ID='etl_***' AIRFLOW_CTX_TASK_ID='transform' AIRFLOW_CTX_EXECUTION_DATE='2024-05-23T00:00:00+00:00' AIRFLOW_CTX_TRY_NUMBER='1' AIRFLOW_CTX_DAG_RUN_ID='scheduled__2024-05-23T00:00:00+00:00'
[2025-12-17T07:41:08.947+0000] {taskinstance.py:2698} ERROR - Task failed with exception
Traceback (most recent call last):
  File "/home/airflow/.local/lib/python3.8/site-packages/airflow/models/taskinstance.py", line 433, in _execute_task
    result = execute_callable(context=context, **execute_callable_kwargs)
  File "/home/airflow/.local/lib/python3.8/site-packages/airflow/operators/python.py", line 199, in execute
    return_value = self.execute_callable()
  File "/home/airflow/.local/lib/python3.8/site-packages/airflow/operators/python.py", line 216, in execute_callable
    return self.python_callable(*self.op_args, **self.op_kwargs)
TypeError: transform_data() missing 1 required positional argument: 'df'
[2025-12-17T07:41:08.976+0000] {taskinstance.py:1138} INFO - Marking task as UP_FOR_RETRY. dag_id=etl_***, task_id=transform, execution_date=20240523T000000, start_date=20251217T074107, end_date=20251217T074108
[2025-12-17T07:41:09.011+0000] {standard_task_runner.py:107} ERROR - Failed to execute job 589 for task transform (transform_data() missing 1 required positional argument: 'df'; 2238)
[2025-12-17T07:41:09.084+0000] {local_task_job_runner.py:234} INFO - Task exited with return code 1
[2025-12-17T07:41:09.406+0000] {taskinstance.py:3280} INFO - 0 downstream tasks scheduled from follow-on schedule check
