[2025-12-16T17:15:36.257+0000] {taskinstance.py:1956} INFO - Dependencies all met for dep_context=non-requeueable deps ti=<TaskInstance: etl_airflow.transform scheduled__2024-12-19T00:00:00+00:00 [queued]>
[2025-12-16T17:15:36.282+0000] {taskinstance.py:1956} INFO - Dependencies all met for dep_context=requeueable deps ti=<TaskInstance: etl_airflow.transform scheduled__2024-12-19T00:00:00+00:00 [queued]>
[2025-12-16T17:15:36.285+0000] {taskinstance.py:2170} INFO - Starting attempt 2 of 3
[2025-12-16T17:15:36.322+0000] {taskinstance.py:2191} INFO - Executing <Task(PythonOperator): transform> on 2024-12-19 00:00:00+00:00
[2025-12-16T17:15:36.342+0000] {standard_task_runner.py:60} INFO - Started process 2100 to run task
[2025-12-16T17:15:36.349+0000] {standard_task_runner.py:87} INFO - Running: ['***', 'tasks', 'run', 'etl_***', 'transform', 'scheduled__2024-12-19T00:00:00+00:00', '--job-id', '4743', '--raw', '--subdir', 'DAGS_FOLDER/etl_dag.py', '--cfg-path', '/tmp/tmpozt8gl59']
[2025-12-16T17:15:36.355+0000] {standard_task_runner.py:88} INFO - Job 4743: Subtask transform
[2025-12-16T17:15:36.546+0000] {task_command.py:423} INFO - Running <TaskInstance: etl_airflow.transform scheduled__2024-12-19T00:00:00+00:00 [running]> on host 3b89cfee50e9
[2025-12-16T17:15:36.776+0000] {taskinstance.py:2480} INFO - Exporting env vars: AIRFLOW_CTX_DAG_OWNER='***' AIRFLOW_CTX_DAG_ID='etl_***' AIRFLOW_CTX_TASK_ID='transform' AIRFLOW_CTX_EXECUTION_DATE='2024-12-19T00:00:00+00:00' AIRFLOW_CTX_TRY_NUMBER='2' AIRFLOW_CTX_DAG_RUN_ID='scheduled__2024-12-19T00:00:00+00:00'
[2025-12-16T17:15:36.783+0000] {logging_mixin.py:188} INFO - [TRANSFORM]
[2025-12-16T17:15:37.264+0000] {logging_mixin.py:188} INFO - [TRANSFORM] done
[2025-12-16T17:15:37.266+0000] {python.py:201} INFO - Done. Returned value was: None
[2025-12-16T17:15:37.288+0000] {taskinstance.py:1138} INFO - Marking task as SUCCESS. dag_id=etl_***, task_id=transform, execution_date=20241219T000000, start_date=20251216T171536, end_date=20251216T171537
[2025-12-16T17:15:37.351+0000] {local_task_job_runner.py:234} INFO - Task exited with return code 0
[2025-12-16T17:15:37.403+0000] {taskinstance.py:3280} INFO - 1 downstream tasks scheduled from follow-on schedule check
[2025-12-17T04:55:24.522+0000] {taskinstance.py:1956} INFO - Dependencies all met for dep_context=non-requeueable deps ti=<TaskInstance: etl_airflow.transform scheduled__2024-12-19T00:00:00+00:00 [queued]>
[2025-12-17T04:55:24.534+0000] {taskinstance.py:1956} INFO - Dependencies all met for dep_context=requeueable deps ti=<TaskInstance: etl_airflow.transform scheduled__2024-12-19T00:00:00+00:00 [queued]>
[2025-12-17T04:55:24.535+0000] {taskinstance.py:2170} INFO - Starting attempt 2 of 3
[2025-12-17T04:55:24.551+0000] {taskinstance.py:2191} INFO - Executing <Task(PythonOperator): transform> on 2024-12-19 00:00:00+00:00
[2025-12-17T04:55:24.559+0000] {standard_task_runner.py:60} INFO - Started process 4983 to run task
[2025-12-17T04:55:24.563+0000] {standard_task_runner.py:87} INFO - Running: ['***', 'tasks', 'run', 'etl_***', 'transform', 'scheduled__2024-12-19T00:00:00+00:00', '--job-id', '1442', '--raw', '--subdir', 'DAGS_FOLDER/etl_***.py', '--cfg-path', '/tmp/tmpalg2p0z9']
[2025-12-17T04:55:24.566+0000] {standard_task_runner.py:88} INFO - Job 1442: Subtask transform
[2025-12-17T04:55:24.677+0000] {task_command.py:423} INFO - Running <TaskInstance: etl_airflow.transform scheduled__2024-12-19T00:00:00+00:00 [running]> on host b3426f05ac70
[2025-12-17T04:55:25.066+0000] {taskinstance.py:2480} INFO - Exporting env vars: AIRFLOW_CTX_DAG_OWNER='***' AIRFLOW_CTX_DAG_ID='etl_***' AIRFLOW_CTX_TASK_ID='transform' AIRFLOW_CTX_EXECUTION_DATE='2024-12-19T00:00:00+00:00' AIRFLOW_CTX_TRY_NUMBER='2' AIRFLOW_CTX_DAG_RUN_ID='scheduled__2024-12-19T00:00:00+00:00'
[2025-12-17T04:55:25.068+0000] {taskinstance.py:2698} ERROR - Task failed with exception
Traceback (most recent call last):
  File "/home/airflow/.local/lib/python3.8/site-packages/airflow/models/taskinstance.py", line 433, in _execute_task
    result = execute_callable(context=context, **execute_callable_kwargs)
  File "/home/airflow/.local/lib/python3.8/site-packages/airflow/operators/python.py", line 199, in execute
    return_value = self.execute_callable()
  File "/home/airflow/.local/lib/python3.8/site-packages/airflow/operators/python.py", line 216, in execute_callable
    return self.python_callable(*self.op_args, **self.op_kwargs)
TypeError: transform_data() missing 1 required positional argument: 'df'
[2025-12-17T04:55:25.084+0000] {taskinstance.py:1138} INFO - Marking task as UP_FOR_RETRY. dag_id=etl_***, task_id=transform, execution_date=20241219T000000, start_date=20251217T045524, end_date=20251217T045525
[2025-12-17T04:55:25.101+0000] {standard_task_runner.py:107} ERROR - Failed to execute job 1442 for task transform (transform_data() missing 1 required positional argument: 'df'; 4983)
[2025-12-17T04:55:25.141+0000] {local_task_job_runner.py:234} INFO - Task exited with return code 1
[2025-12-17T04:55:25.300+0000] {taskinstance.py:3280} INFO - 0 downstream tasks scheduled from follow-on schedule check
[2025-12-17T08:00:46.873+0000] {taskinstance.py:1956} INFO - Dependencies all met for dep_context=non-requeueable deps ti=<TaskInstance: etl_airflow.transform scheduled__2024-12-19T00:00:00+00:00 [queued]>
[2025-12-17T08:00:46.894+0000] {taskinstance.py:1956} INFO - Dependencies all met for dep_context=requeueable deps ti=<TaskInstance: etl_airflow.transform scheduled__2024-12-19T00:00:00+00:00 [queued]>
[2025-12-17T08:00:46.896+0000] {taskinstance.py:2170} INFO - Starting attempt 2 of 3
[2025-12-17T08:00:46.920+0000] {taskinstance.py:2191} INFO - Executing <Task(PythonOperator): transform> on 2024-12-19 00:00:00+00:00
[2025-12-17T08:00:46.932+0000] {standard_task_runner.py:60} INFO - Started process 5076 to run task
[2025-12-17T08:00:46.939+0000] {standard_task_runner.py:87} INFO - Running: ['***', 'tasks', 'run', 'etl_***', 'transform', 'scheduled__2024-12-19T00:00:00+00:00', '--job-id', '1445', '--raw', '--subdir', 'DAGS_FOLDER/etl_***.py', '--cfg-path', '/tmp/tmpsd855do6']
[2025-12-17T08:00:46.943+0000] {standard_task_runner.py:88} INFO - Job 1445: Subtask transform
[2025-12-17T08:00:47.121+0000] {task_command.py:423} INFO - Running <TaskInstance: etl_airflow.transform scheduled__2024-12-19T00:00:00+00:00 [running]> on host 2a0de06c8905
[2025-12-17T08:00:47.653+0000] {taskinstance.py:2480} INFO - Exporting env vars: AIRFLOW_CTX_DAG_OWNER='***' AIRFLOW_CTX_DAG_ID='etl_***' AIRFLOW_CTX_TASK_ID='transform' AIRFLOW_CTX_EXECUTION_DATE='2024-12-19T00:00:00+00:00' AIRFLOW_CTX_TRY_NUMBER='2' AIRFLOW_CTX_DAG_RUN_ID='scheduled__2024-12-19T00:00:00+00:00'
[2025-12-17T08:00:47.656+0000] {taskinstance.py:2698} ERROR - Task failed with exception
Traceback (most recent call last):
  File "/home/airflow/.local/lib/python3.8/site-packages/airflow/models/taskinstance.py", line 433, in _execute_task
    result = execute_callable(context=context, **execute_callable_kwargs)
  File "/home/airflow/.local/lib/python3.8/site-packages/airflow/operators/python.py", line 199, in execute
    return_value = self.execute_callable()
  File "/home/airflow/.local/lib/python3.8/site-packages/airflow/operators/python.py", line 216, in execute_callable
    return self.python_callable(*self.op_args, **self.op_kwargs)
TypeError: transform_data() missing 1 required positional argument: 'df'
[2025-12-17T08:00:47.672+0000] {taskinstance.py:1138} INFO - Marking task as UP_FOR_RETRY. dag_id=etl_***, task_id=transform, execution_date=20241219T000000, start_date=20251217T080046, end_date=20251217T080047
[2025-12-17T08:00:47.852+0000] {standard_task_runner.py:107} ERROR - Failed to execute job 1445 for task transform (transform_data() missing 1 required positional argument: 'df'; 5076)
[2025-12-17T08:00:47.921+0000] {local_task_job_runner.py:234} INFO - Task exited with return code 1
[2025-12-17T08:00:48.003+0000] {taskinstance.py:3280} INFO - 0 downstream tasks scheduled from follow-on schedule check
