[2025-12-16T16:47:06.366+0000] {taskinstance.py:1956} INFO - Dependencies all met for dep_context=non-requeueable deps ti=<TaskInstance: etl_airflow.extract scheduled__2025-04-14T00:00:00+00:00 [queued]>
[2025-12-16T16:47:06.380+0000] {taskinstance.py:1956} INFO - Dependencies all met for dep_context=requeueable deps ti=<TaskInstance: etl_airflow.extract scheduled__2025-04-14T00:00:00+00:00 [queued]>
[2025-12-16T16:47:06.381+0000] {taskinstance.py:2170} INFO - Starting attempt 1 of 3
[2025-12-16T16:47:06.578+0000] {taskinstance.py:2191} INFO - Executing <Task(PythonOperator): extract> on 2025-04-14 00:00:00+00:00
[2025-12-16T16:47:06.586+0000] {standard_task_runner.py:60} INFO - Started process 1936 to run task
[2025-12-16T16:47:06.591+0000] {standard_task_runner.py:87} INFO - Running: ['***', 'tasks', 'run', 'etl_***', 'extract', 'scheduled__2025-04-14T00:00:00+00:00', '--job-id', '1403', '--raw', '--subdir', 'DAGS_FOLDER/etl_dag.py', '--cfg-path', '/tmp/tmpgt8uy0wo']
[2025-12-16T16:47:06.596+0000] {standard_task_runner.py:88} INFO - Job 1403: Subtask extract
[2025-12-16T16:47:06.697+0000] {task_command.py:423} INFO - Running <TaskInstance: etl_airflow.extract scheduled__2025-04-14T00:00:00+00:00 [running]> on host db658e834d9d
[2025-12-16T16:47:06.804+0000] {taskinstance.py:2480} INFO - Exporting env vars: AIRFLOW_CTX_DAG_OWNER='***' AIRFLOW_CTX_DAG_ID='etl_***' AIRFLOW_CTX_TASK_ID='extract' AIRFLOW_CTX_EXECUTION_DATE='2025-04-14T00:00:00+00:00' AIRFLOW_CTX_TRY_NUMBER='1' AIRFLOW_CTX_DAG_RUN_ID='scheduled__2025-04-14T00:00:00+00:00'
[2025-12-16T16:47:06.807+0000] {logging_mixin.py:188} INFO - Extracting data from /opt/***/data/input.csv
[2025-12-16T16:47:06.813+0000] {taskinstance.py:2698} ERROR - Task failed with exception
Traceback (most recent call last):
  File "/home/airflow/.local/lib/python3.8/site-packages/airflow/models/taskinstance.py", line 433, in _execute_task
    result = execute_callable(context=context, **execute_callable_kwargs)
  File "/home/airflow/.local/lib/python3.8/site-packages/airflow/operators/python.py", line 199, in execute
    return_value = self.execute_callable()
  File "/home/airflow/.local/lib/python3.8/site-packages/airflow/operators/python.py", line 216, in execute_callable
    return self.python_callable(*self.op_args, **self.op_kwargs)
  File "/opt/airflow/etl_logic/pipeline.py", line 97, in extract_data
    df = pd.read_csv(input_path)
  File "/home/airflow/.local/lib/python3.8/site-packages/pandas/io/parsers/readers.py", line 912, in read_csv
    return _read(filepath_or_buffer, kwds)
  File "/home/airflow/.local/lib/python3.8/site-packages/pandas/io/parsers/readers.py", line 577, in _read
    parser = TextFileReader(filepath_or_buffer, **kwds)
  File "/home/airflow/.local/lib/python3.8/site-packages/pandas/io/parsers/readers.py", line 1407, in __init__
    self._engine = self._make_engine(f, self.engine)
  File "/home/airflow/.local/lib/python3.8/site-packages/pandas/io/parsers/readers.py", line 1661, in _make_engine
    self.handles = get_handle(
  File "/home/airflow/.local/lib/python3.8/site-packages/pandas/io/common.py", line 859, in get_handle
    handle = open(
FileNotFoundError: [Errno 2] No such file or directory: '/opt/airflow/data/input.csv'
[2025-12-16T16:47:06.838+0000] {taskinstance.py:1138} INFO - Marking task as UP_FOR_RETRY. dag_id=etl_***, task_id=extract, execution_date=20250414T000000, start_date=20251216T164706, end_date=20251216T164706
[2025-12-16T16:47:06.863+0000] {standard_task_runner.py:107} ERROR - Failed to execute job 1403 for task extract ([Errno 2] No such file or directory: '/opt/airflow/data/input.csv'; 1936)
[2025-12-16T16:47:06.884+0000] {local_task_job_runner.py:234} INFO - Task exited with return code 1
[2025-12-16T16:47:06.914+0000] {taskinstance.py:3280} INFO - 0 downstream tasks scheduled from follow-on schedule check
[2025-12-17T01:58:18.115+0000] {taskinstance.py:1956} INFO - Dependencies all met for dep_context=non-requeueable deps ti=<TaskInstance: etl_airflow.extract scheduled__2025-04-14T00:00:00+00:00 [queued]>
[2025-12-17T01:58:18.137+0000] {taskinstance.py:1956} INFO - Dependencies all met for dep_context=requeueable deps ti=<TaskInstance: etl_airflow.extract scheduled__2025-04-14T00:00:00+00:00 [queued]>
[2025-12-17T01:58:18.139+0000] {taskinstance.py:2170} INFO - Starting attempt 1 of 3
[2025-12-17T01:58:18.319+0000] {taskinstance.py:2191} INFO - Executing <Task(PythonOperator): extract> on 2025-04-14 00:00:00+00:00
[2025-12-17T01:58:18.329+0000] {standard_task_runner.py:60} INFO - Started process 4753 to run task
[2025-12-17T01:58:18.338+0000] {standard_task_runner.py:87} INFO - Running: ['***', 'tasks', 'run', 'etl_***', 'extract', 'scheduled__2025-04-14T00:00:00+00:00', '--job-id', '1431', '--raw', '--subdir', 'DAGS_FOLDER/etl_dag.py', '--cfg-path', '/tmp/tmp0k4xfgfw']
[2025-12-17T01:58:18.342+0000] {standard_task_runner.py:88} INFO - Job 1431: Subtask extract
[2025-12-17T01:58:18.489+0000] {task_command.py:423} INFO - Running <TaskInstance: etl_airflow.extract scheduled__2025-04-14T00:00:00+00:00 [running]> on host 571e042550da
[2025-12-17T01:58:18.870+0000] {taskinstance.py:2480} INFO - Exporting env vars: AIRFLOW_CTX_DAG_OWNER='***' AIRFLOW_CTX_DAG_ID='etl_***' AIRFLOW_CTX_TASK_ID='extract' AIRFLOW_CTX_EXECUTION_DATE='2025-04-14T00:00:00+00:00' AIRFLOW_CTX_TRY_NUMBER='1' AIRFLOW_CTX_DAG_RUN_ID='scheduled__2025-04-14T00:00:00+00:00'
[2025-12-17T01:58:18.872+0000] {logging_mixin.py:188} INFO - [EXTRACT] Reading /opt/***/data/synthetic_events.csv
[2025-12-17T01:58:18.905+0000] {logging_mixin.py:188} INFO - [EXTRACT] done
[2025-12-17T01:58:18.906+0000] {python.py:201} INFO - Done. Returned value was: None
[2025-12-17T01:58:18.926+0000] {taskinstance.py:1138} INFO - Marking task as SUCCESS. dag_id=etl_***, task_id=extract, execution_date=20250414T000000, start_date=20251217T015818, end_date=20251217T015818
[2025-12-17T01:58:18.991+0000] {local_task_job_runner.py:234} INFO - Task exited with return code 0
[2025-12-17T01:58:19.214+0000] {taskinstance.py:3280} INFO - 0 downstream tasks scheduled from follow-on schedule check
[2025-12-17T04:59:13.781+0000] {taskinstance.py:1956} INFO - Dependencies all met for dep_context=non-requeueable deps ti=<TaskInstance: etl_airflow.extract scheduled__2025-04-14T00:00:00+00:00 [queued]>
[2025-12-17T04:59:13.797+0000] {taskinstance.py:1956} INFO - Dependencies all met for dep_context=requeueable deps ti=<TaskInstance: etl_airflow.extract scheduled__2025-04-14T00:00:00+00:00 [queued]>
[2025-12-17T04:59:13.798+0000] {taskinstance.py:2170} INFO - Starting attempt 1 of 3
[2025-12-17T04:59:13.851+0000] {taskinstance.py:2191} INFO - Executing <Task(PythonOperator): extract> on 2025-04-14 00:00:00+00:00
[2025-12-17T04:59:13.859+0000] {standard_task_runner.py:60} INFO - Started process 6372 to run task
[2025-12-17T04:59:13.864+0000] {standard_task_runner.py:87} INFO - Running: ['***', 'tasks', 'run', 'etl_***', 'extract', 'scheduled__2025-04-14T00:00:00+00:00', '--job-id', '1865', '--raw', '--subdir', 'DAGS_FOLDER/etl_***.py', '--cfg-path', '/tmp/tmph0os2ndz']
[2025-12-17T04:59:13.868+0000] {standard_task_runner.py:88} INFO - Job 1865: Subtask extract
[2025-12-17T04:59:13.990+0000] {task_command.py:423} INFO - Running <TaskInstance: etl_airflow.extract scheduled__2025-04-14T00:00:00+00:00 [running]> on host b3426f05ac70
[2025-12-17T04:59:14.309+0000] {taskinstance.py:2480} INFO - Exporting env vars: AIRFLOW_CTX_DAG_OWNER='***' AIRFLOW_CTX_DAG_ID='etl_***' AIRFLOW_CTX_TASK_ID='extract' AIRFLOW_CTX_EXECUTION_DATE='2025-04-14T00:00:00+00:00' AIRFLOW_CTX_TRY_NUMBER='1' AIRFLOW_CTX_DAG_RUN_ID='scheduled__2025-04-14T00:00:00+00:00'
[2025-12-17T04:59:14.326+0000] {python.py:201} INFO - Done. Returned value was:    user_id event_type           timestamp country
0        1      login 2025-01-01 09:00:00      IN
1        1      click 2025-01-01 09:05:00      IN
2        1     logout 2025-01-01 09:15:00      IN
3        2      login 2025-01-01 10:00:00      US
4        2      click 2025-01-01 10:10:00      US
5        2     logout 2025-01-01 10:20:00      US
6        3      login 2025-01-02 08:00:00      FR
7        3      click 2025-01-02 08:05:00      FR
8        3     logout 2025-01-02 08:30:00      FR
[2025-12-17T04:59:14.388+0000] {taskinstance.py:1138} INFO - Marking task as SUCCESS. dag_id=etl_***, task_id=extract, execution_date=20250414T000000, start_date=20251217T045913, end_date=20251217T045914
[2025-12-17T04:59:14.440+0000] {local_task_job_runner.py:234} INFO - Task exited with return code 0
[2025-12-17T04:59:14.625+0000] {taskinstance.py:3280} INFO - 0 downstream tasks scheduled from follow-on schedule check
