[2025-12-16T17:15:08.400+0000] {taskinstance.py:1956} INFO - Dependencies all met for dep_context=non-requeueable deps ti=<TaskInstance: etl_airflow.load scheduled__2024-11-09T00:00:00+00:00 [queued]>
[2025-12-16T17:15:08.430+0000] {taskinstance.py:1956} INFO - Dependencies all met for dep_context=requeueable deps ti=<TaskInstance: etl_airflow.load scheduled__2024-11-09T00:00:00+00:00 [queued]>
[2025-12-16T17:15:08.432+0000] {taskinstance.py:2170} INFO - Starting attempt 1 of 3
[2025-12-16T17:15:08.474+0000] {taskinstance.py:2191} INFO - Executing <Task(PythonOperator): load> on 2024-11-09 00:00:00+00:00
[2025-12-16T17:15:08.496+0000] {standard_task_runner.py:60} INFO - Started process 1780 to run task
[2025-12-16T17:15:08.511+0000] {standard_task_runner.py:87} INFO - Running: ['***', 'tasks', 'run', 'etl_***', 'load', 'scheduled__2024-11-09T00:00:00+00:00', '--job-id', '4640', '--raw', '--subdir', 'DAGS_FOLDER/etl_dag.py', '--cfg-path', '/tmp/tmp9qmcdp8e']
[2025-12-16T17:15:08.517+0000] {standard_task_runner.py:88} INFO - Job 4640: Subtask load
[2025-12-16T17:15:08.687+0000] {task_command.py:423} INFO - Running <TaskInstance: etl_airflow.load scheduled__2024-11-09T00:00:00+00:00 [running]> on host 3b89cfee50e9
[2025-12-16T17:15:08.964+0000] {taskinstance.py:2480} INFO - Exporting env vars: AIRFLOW_CTX_DAG_OWNER='***' AIRFLOW_CTX_DAG_ID='etl_***' AIRFLOW_CTX_TASK_ID='load' AIRFLOW_CTX_EXECUTION_DATE='2024-11-09T00:00:00+00:00' AIRFLOW_CTX_TRY_NUMBER='1' AIRFLOW_CTX_DAG_RUN_ID='scheduled__2024-11-09T00:00:00+00:00'
[2025-12-16T17:15:08.967+0000] {logging_mixin.py:188} INFO - [LOAD]
[2025-12-16T17:15:09.346+0000] {logging_mixin.py:188} INFO -    user_id event_type            timestamp country
0        1      login  2025-01-01T09:00:00      IN
1        1      click  2025-01-01T09:05:00      IN
2        1     logout  2025-01-01T09:15:00      IN
3        3      login  2025-01-02T08:00:00      FR
4        3      click  2025-01-02T08:05:00      FR
[2025-12-16T17:15:09.347+0000] {logging_mixin.py:188} INFO - [LOAD] done
[2025-12-16T17:15:09.351+0000] {python.py:201} INFO - Done. Returned value was: None
[2025-12-16T17:15:09.379+0000] {taskinstance.py:1138} INFO - Marking task as SUCCESS. dag_id=etl_***, task_id=load, execution_date=20241109T000000, start_date=20251216T171508, end_date=20251216T171509
[2025-12-16T17:15:09.605+0000] {local_task_job_runner.py:234} INFO - Task exited with return code 0
[2025-12-16T17:15:09.647+0000] {taskinstance.py:3280} INFO - 0 downstream tasks scheduled from follow-on schedule check
[2025-12-17T01:55:47.132+0000] {taskinstance.py:1956} INFO - Dependencies all met for dep_context=non-requeueable deps ti=<TaskInstance: etl_airflow.load scheduled__2024-11-09T00:00:00+00:00 [queued]>
[2025-12-17T01:55:47.170+0000] {taskinstance.py:1956} INFO - Dependencies all met for dep_context=requeueable deps ti=<TaskInstance: etl_airflow.load scheduled__2024-11-09T00:00:00+00:00 [queued]>
[2025-12-17T01:55:47.173+0000] {taskinstance.py:2170} INFO - Starting attempt 1 of 3
[2025-12-17T01:55:47.212+0000] {taskinstance.py:2191} INFO - Executing <Task(PythonOperator): load> on 2024-11-09 00:00:00+00:00
[2025-12-17T01:55:47.228+0000] {standard_task_runner.py:60} INFO - Started process 3312 to run task
[2025-12-17T01:55:47.239+0000] {standard_task_runner.py:87} INFO - Running: ['***', 'tasks', 'run', 'etl_***', 'load', 'scheduled__2024-11-09T00:00:00+00:00', '--job-id', '976', '--raw', '--subdir', 'DAGS_FOLDER/etl_dag.py', '--cfg-path', '/tmp/tmpl_6bmm02']
[2025-12-17T01:55:47.247+0000] {standard_task_runner.py:88} INFO - Job 976: Subtask load
[2025-12-17T01:55:47.426+0000] {task_command.py:423} INFO - Running <TaskInstance: etl_airflow.load scheduled__2024-11-09T00:00:00+00:00 [running]> on host 571e042550da
[2025-12-17T01:55:47.954+0000] {taskinstance.py:2480} INFO - Exporting env vars: AIRFLOW_CTX_DAG_OWNER='***' AIRFLOW_CTX_DAG_ID='etl_***' AIRFLOW_CTX_TASK_ID='load' AIRFLOW_CTX_EXECUTION_DATE='2024-11-09T00:00:00+00:00' AIRFLOW_CTX_TRY_NUMBER='1' AIRFLOW_CTX_DAG_RUN_ID='scheduled__2024-11-09T00:00:00+00:00'
[2025-12-17T01:55:47.961+0000] {logging_mixin.py:188} INFO - [LOAD]
[2025-12-17T01:55:48.014+0000] {logging_mixin.py:188} INFO -    user_id event_type            timestamp country
0        1      login  2025-01-01T09:00:00      IN
1        1      click  2025-01-01T09:05:00      IN
2        1     logout  2025-01-01T09:15:00      IN
3        3      login  2025-01-02T08:00:00      FR
4        3      click  2025-01-02T08:05:00      FR
[2025-12-17T01:55:48.016+0000] {logging_mixin.py:188} INFO - [LOAD] done
[2025-12-17T01:55:48.017+0000] {python.py:201} INFO - Done. Returned value was: None
[2025-12-17T01:55:48.046+0000] {taskinstance.py:1138} INFO - Marking task as SUCCESS. dag_id=etl_***, task_id=load, execution_date=20241109T000000, start_date=20251217T015547, end_date=20251217T015548
[2025-12-17T01:55:48.146+0000] {local_task_job_runner.py:234} INFO - Task exited with return code 0
[2025-12-17T01:55:48.230+0000] {taskinstance.py:3280} INFO - 0 downstream tasks scheduled from follow-on schedule check
