[2025-12-17T07:57:14.898+0000] {taskinstance.py:1956} INFO - Dependencies all met for dep_context=non-requeueable deps ti=<TaskInstance: etl_airflow.transform manual__2025-12-17T07:57:01.715775+00:00 [queued]>
[2025-12-17T07:57:14.923+0000] {taskinstance.py:1956} INFO - Dependencies all met for dep_context=requeueable deps ti=<TaskInstance: etl_airflow.transform manual__2025-12-17T07:57:01.715775+00:00 [queued]>
[2025-12-17T07:57:14.933+0000] {taskinstance.py:2170} INFO - Starting attempt 1 of 3
[2025-12-17T07:57:15.150+0000] {taskinstance.py:2191} INFO - Executing <Task(PythonOperator): transform> on 2025-12-17 07:57:01.715775+00:00
[2025-12-17T07:57:15.164+0000] {standard_task_runner.py:60} INFO - Started process 3927 to run task
[2025-12-17T07:57:15.182+0000] {standard_task_runner.py:87} INFO - Running: ['***', 'tasks', 'run', 'etl_***', 'transform', 'manual__2025-12-17T07:57:01.715775+00:00', '--job-id', '1098', '--raw', '--subdir', 'DAGS_FOLDER/etl_***.py', '--cfg-path', '/tmp/tmpdkn0d2i4']
[2025-12-17T07:57:15.188+0000] {standard_task_runner.py:88} INFO - Job 1098: Subtask transform
[2025-12-17T07:57:15.405+0000] {task_command.py:423} INFO - Running <TaskInstance: etl_airflow.transform manual__2025-12-17T07:57:01.715775+00:00 [running]> on host 2a0de06c8905
[2025-12-17T07:57:16.021+0000] {taskinstance.py:2480} INFO - Exporting env vars: AIRFLOW_CTX_DAG_OWNER='***' AIRFLOW_CTX_DAG_ID='etl_***' AIRFLOW_CTX_TASK_ID='transform' AIRFLOW_CTX_EXECUTION_DATE='2025-12-17T07:57:01.715775+00:00' AIRFLOW_CTX_TRY_NUMBER='1' AIRFLOW_CTX_DAG_RUN_ID='manual__2025-12-17T07:57:01.715775+00:00'
[2025-12-17T07:57:16.024+0000] {taskinstance.py:2698} ERROR - Task failed with exception
Traceback (most recent call last):
  File "/home/airflow/.local/lib/python3.8/site-packages/airflow/models/taskinstance.py", line 433, in _execute_task
    result = execute_callable(context=context, **execute_callable_kwargs)
  File "/home/airflow/.local/lib/python3.8/site-packages/airflow/operators/python.py", line 199, in execute
    return_value = self.execute_callable()
  File "/home/airflow/.local/lib/python3.8/site-packages/airflow/operators/python.py", line 216, in execute_callable
    return self.python_callable(*self.op_args, **self.op_kwargs)
TypeError: transform_data() missing 1 required positional argument: 'df'
[2025-12-17T07:57:16.057+0000] {taskinstance.py:1138} INFO - Marking task as UP_FOR_RETRY. dag_id=etl_***, task_id=transform, execution_date=20251217T075701, start_date=20251217T075714, end_date=20251217T075716
[2025-12-17T07:57:16.387+0000] {standard_task_runner.py:107} ERROR - Failed to execute job 1098 for task transform (transform_data() missing 1 required positional argument: 'df'; 3927)
[2025-12-17T07:57:16.428+0000] {local_task_job_runner.py:234} INFO - Task exited with return code 1
[2025-12-17T07:57:16.516+0000] {taskinstance.py:3280} INFO - 0 downstream tasks scheduled from follow-on schedule check
