[2025-12-16T17:10:38.260+0000] {taskinstance.py:1956} INFO - Dependencies all met for dep_context=non-requeueable deps ti=<TaskInstance: etl_airflow.load scheduled__2024-03-05T00:00:00+00:00 [queued]>
[2025-12-16T17:10:38.315+0000] {taskinstance.py:1956} INFO - Dependencies all met for dep_context=requeueable deps ti=<TaskInstance: etl_airflow.load scheduled__2024-03-05T00:00:00+00:00 [queued]>
[2025-12-16T17:10:38.317+0000] {taskinstance.py:2170} INFO - Starting attempt 1 of 3
[2025-12-16T17:10:38.406+0000] {taskinstance.py:2191} INFO - Executing <Task(PythonOperator): load> on 2024-03-05 00:00:00+00:00
[2025-12-16T17:10:38.436+0000] {standard_task_runner.py:60} INFO - Started process 950 to run task
[2025-12-16T17:10:38.478+0000] {standard_task_runner.py:87} INFO - Running: ['***', 'tasks', 'run', 'etl_***', 'load', 'scheduled__2024-03-05T00:00:00+00:00', '--job-id', '3795', '--raw', '--subdir', 'DAGS_FOLDER/etl_dag.py', '--cfg-path', '/tmp/tmpm6mh2_p1']
[2025-12-16T17:10:38.490+0000] {standard_task_runner.py:88} INFO - Job 3795: Subtask load
[2025-12-16T17:10:38.711+0000] {task_command.py:423} INFO - Running <TaskInstance: etl_airflow.load scheduled__2024-03-05T00:00:00+00:00 [running]> on host 3b89cfee50e9
[2025-12-16T17:10:38.977+0000] {taskinstance.py:2480} INFO - Exporting env vars: AIRFLOW_CTX_DAG_OWNER='***' AIRFLOW_CTX_DAG_ID='etl_***' AIRFLOW_CTX_TASK_ID='load' AIRFLOW_CTX_EXECUTION_DATE='2024-03-05T00:00:00+00:00' AIRFLOW_CTX_TRY_NUMBER='1' AIRFLOW_CTX_DAG_RUN_ID='scheduled__2024-03-05T00:00:00+00:00'
[2025-12-16T17:10:38.983+0000] {logging_mixin.py:188} INFO - [LOAD]
[2025-12-16T17:10:39.604+0000] {logging_mixin.py:188} INFO -    user_id event_type            timestamp country
0        1      login  2025-01-01T09:00:00      IN
1        1      click  2025-01-01T09:05:00      IN
2        1     logout  2025-01-01T09:15:00      IN
3        3      login  2025-01-02T08:00:00      FR
4        3      click  2025-01-02T08:05:00      FR
[2025-12-16T17:10:39.605+0000] {logging_mixin.py:188} INFO - [LOAD] done
[2025-12-16T17:10:39.607+0000] {python.py:201} INFO - Done. Returned value was: None
[2025-12-16T17:10:39.776+0000] {taskinstance.py:1138} INFO - Marking task as SUCCESS. dag_id=etl_***, task_id=load, execution_date=20240305T000000, start_date=20251216T171038, end_date=20251216T171039
[2025-12-16T17:10:39.918+0000] {local_task_job_runner.py:234} INFO - Task exited with return code 0
[2025-12-16T17:10:39.963+0000] {taskinstance.py:3280} INFO - 0 downstream tasks scheduled from follow-on schedule check
[2025-12-17T01:51:07.717+0000] {taskinstance.py:1956} INFO - Dependencies all met for dep_context=non-requeueable deps ti=<TaskInstance: etl_airflow.load scheduled__2024-03-05T00:00:00+00:00 [queued]>
[2025-12-17T01:51:07.735+0000] {taskinstance.py:1956} INFO - Dependencies all met for dep_context=requeueable deps ti=<TaskInstance: etl_airflow.load scheduled__2024-03-05T00:00:00+00:00 [queued]>
[2025-12-17T01:51:07.736+0000] {taskinstance.py:2170} INFO - Starting attempt 1 of 3
[2025-12-17T01:51:07.761+0000] {taskinstance.py:2191} INFO - Executing <Task(PythonOperator): load> on 2024-03-05 00:00:00+00:00
[2025-12-17T01:51:07.771+0000] {standard_task_runner.py:60} INFO - Started process 844 to run task
[2025-12-17T01:51:07.777+0000] {standard_task_runner.py:87} INFO - Running: ['***', 'tasks', 'run', 'etl_***', 'load', 'scheduled__2024-03-05T00:00:00+00:00', '--job-id', '201', '--raw', '--subdir', 'DAGS_FOLDER/etl_dag.py', '--cfg-path', '/tmp/tmpmlf8swyh']
[2025-12-17T01:51:07.781+0000] {standard_task_runner.py:88} INFO - Job 201: Subtask load
[2025-12-17T01:51:07.918+0000] {task_command.py:423} INFO - Running <TaskInstance: etl_airflow.load scheduled__2024-03-05T00:00:00+00:00 [running]> on host 571e042550da
[2025-12-17T01:51:08.340+0000] {taskinstance.py:2480} INFO - Exporting env vars: AIRFLOW_CTX_DAG_OWNER='***' AIRFLOW_CTX_DAG_ID='etl_***' AIRFLOW_CTX_TASK_ID='load' AIRFLOW_CTX_EXECUTION_DATE='2024-03-05T00:00:00+00:00' AIRFLOW_CTX_TRY_NUMBER='1' AIRFLOW_CTX_DAG_RUN_ID='scheduled__2024-03-05T00:00:00+00:00'
[2025-12-17T01:51:08.346+0000] {logging_mixin.py:188} INFO - [LOAD]
[2025-12-17T01:51:08.384+0000] {logging_mixin.py:188} INFO -    user_id event_type            timestamp country
0        1      login  2025-01-01T09:00:00      IN
1        1      click  2025-01-01T09:05:00      IN
2        1     logout  2025-01-01T09:15:00      IN
3        3      login  2025-01-02T08:00:00      FR
4        3      click  2025-01-02T08:05:00      FR
[2025-12-17T01:51:08.385+0000] {logging_mixin.py:188} INFO - [LOAD] done
[2025-12-17T01:51:08.386+0000] {python.py:201} INFO - Done. Returned value was: None
[2025-12-17T01:51:08.406+0000] {taskinstance.py:1138} INFO - Marking task as SUCCESS. dag_id=etl_***, task_id=load, execution_date=20240305T000000, start_date=20251217T015107, end_date=20251217T015108
[2025-12-17T01:51:08.475+0000] {local_task_job_runner.py:234} INFO - Task exited with return code 0
[2025-12-17T01:51:08.510+0000] {taskinstance.py:3280} INFO - 0 downstream tasks scheduled from follow-on schedule check
