[2025-12-16T16:32:56.679+0000] {taskinstance.py:1956} INFO - Dependencies all met for dep_context=non-requeueable deps ti=<TaskInstance: etl_airflow.extract scheduled__2024-04-26T00:00:00+00:00 [queued]>
[2025-12-16T16:32:56.699+0000] {taskinstance.py:1956} INFO - Dependencies all met for dep_context=requeueable deps ti=<TaskInstance: etl_airflow.extract scheduled__2024-04-26T00:00:00+00:00 [queued]>
[2025-12-16T16:32:56.701+0000] {taskinstance.py:2170} INFO - Starting attempt 1 of 3
[2025-12-16T16:32:56.727+0000] {taskinstance.py:2191} INFO - Executing <Task(PythonOperator): extract> on 2024-04-26 00:00:00+00:00
[2025-12-16T16:32:56.737+0000] {standard_task_runner.py:60} INFO - Started process 1549 to run task
[2025-12-16T16:32:56.742+0000] {standard_task_runner.py:87} INFO - Running: ['***', 'tasks', 'run', 'etl_***', 'extract', 'scheduled__2024-04-26T00:00:00+00:00', '--job-id', '334', '--raw', '--subdir', 'DAGS_FOLDER/etl_dag.py', '--cfg-path', '/tmp/tmp1z5n8x88']
[2025-12-16T16:32:56.746+0000] {standard_task_runner.py:88} INFO - Job 334: Subtask extract
[2025-12-16T16:32:56.864+0000] {task_command.py:423} INFO - Running <TaskInstance: etl_airflow.extract scheduled__2024-04-26T00:00:00+00:00 [running]> on host 528de643acfe
[2025-12-16T16:32:57.231+0000] {taskinstance.py:2480} INFO - Exporting env vars: AIRFLOW_CTX_DAG_OWNER='***' AIRFLOW_CTX_DAG_ID='etl_***' AIRFLOW_CTX_TASK_ID='extract' AIRFLOW_CTX_EXECUTION_DATE='2024-04-26T00:00:00+00:00' AIRFLOW_CTX_TRY_NUMBER='1' AIRFLOW_CTX_DAG_RUN_ID='scheduled__2024-04-26T00:00:00+00:00'
[2025-12-16T16:32:57.233+0000] {logging_mixin.py:188} INFO - Extracting data from /opt/***/data/input.csv
[2025-12-16T16:32:57.237+0000] {taskinstance.py:2698} ERROR - Task failed with exception
Traceback (most recent call last):
  File "/home/airflow/.local/lib/python3.8/site-packages/airflow/models/taskinstance.py", line 433, in _execute_task
    result = execute_callable(context=context, **execute_callable_kwargs)
  File "/home/airflow/.local/lib/python3.8/site-packages/airflow/operators/python.py", line 199, in execute
    return_value = self.execute_callable()
  File "/home/airflow/.local/lib/python3.8/site-packages/airflow/operators/python.py", line 216, in execute_callable
    return self.python_callable(*self.op_args, **self.op_kwargs)
  File "/opt/airflow/dags/etl_logic/pipeline.py", line 97, in extract_data
    df = pd.read_csv(input_path)
  File "/home/airflow/.local/lib/python3.8/site-packages/pandas/io/parsers/readers.py", line 912, in read_csv
    return _read(filepath_or_buffer, kwds)
  File "/home/airflow/.local/lib/python3.8/site-packages/pandas/io/parsers/readers.py", line 577, in _read
    parser = TextFileReader(filepath_or_buffer, **kwds)
  File "/home/airflow/.local/lib/python3.8/site-packages/pandas/io/parsers/readers.py", line 1407, in __init__
    self._engine = self._make_engine(f, self.engine)
  File "/home/airflow/.local/lib/python3.8/site-packages/pandas/io/parsers/readers.py", line 1661, in _make_engine
    self.handles = get_handle(
  File "/home/airflow/.local/lib/python3.8/site-packages/pandas/io/common.py", line 859, in get_handle
    handle = open(
FileNotFoundError: [Errno 2] No such file or directory: '/opt/airflow/data/input.csv'
[2025-12-16T16:32:57.263+0000] {taskinstance.py:1138} INFO - Marking task as UP_FOR_RETRY. dag_id=etl_***, task_id=extract, execution_date=20240426T000000, start_date=20251216T163256, end_date=20251216T163257
[2025-12-16T16:32:57.364+0000] {standard_task_runner.py:107} ERROR - Failed to execute job 334 for task extract ([Errno 2] No such file or directory: '/opt/airflow/data/input.csv'; 1549)
[2025-12-16T16:32:57.400+0000] {local_task_job_runner.py:234} INFO - Task exited with return code 1
[2025-12-16T16:32:57.442+0000] {taskinstance.py:3280} INFO - 0 downstream tasks scheduled from follow-on schedule check
[2025-12-17T01:52:15.273+0000] {taskinstance.py:1956} INFO - Dependencies all met for dep_context=non-requeueable deps ti=<TaskInstance: etl_airflow.extract scheduled__2024-04-26T00:00:00+00:00 [queued]>
[2025-12-17T01:52:15.295+0000] {taskinstance.py:1956} INFO - Dependencies all met for dep_context=requeueable deps ti=<TaskInstance: etl_airflow.extract scheduled__2024-04-26T00:00:00+00:00 [queued]>
[2025-12-17T01:52:15.296+0000] {taskinstance.py:2170} INFO - Starting attempt 1 of 3
[2025-12-17T01:52:15.434+0000] {taskinstance.py:2191} INFO - Executing <Task(PythonOperator): extract> on 2024-04-26 00:00:00+00:00
[2025-12-17T01:52:15.446+0000] {standard_task_runner.py:60} INFO - Started process 1351 to run task
[2025-12-17T01:52:15.453+0000] {standard_task_runner.py:87} INFO - Running: ['***', 'tasks', 'run', 'etl_***', 'extract', 'scheduled__2024-04-26T00:00:00+00:00', '--job-id', '359', '--raw', '--subdir', 'DAGS_FOLDER/etl_dag.py', '--cfg-path', '/tmp/tmpsl5pehaa']
[2025-12-17T01:52:15.457+0000] {standard_task_runner.py:88} INFO - Job 359: Subtask extract
[2025-12-17T01:52:15.582+0000] {task_command.py:423} INFO - Running <TaskInstance: etl_airflow.extract scheduled__2024-04-26T00:00:00+00:00 [running]> on host 571e042550da
[2025-12-17T01:52:15.991+0000] {taskinstance.py:2480} INFO - Exporting env vars: AIRFLOW_CTX_DAG_OWNER='***' AIRFLOW_CTX_DAG_ID='etl_***' AIRFLOW_CTX_TASK_ID='extract' AIRFLOW_CTX_EXECUTION_DATE='2024-04-26T00:00:00+00:00' AIRFLOW_CTX_TRY_NUMBER='1' AIRFLOW_CTX_DAG_RUN_ID='scheduled__2024-04-26T00:00:00+00:00'
[2025-12-17T01:52:15.995+0000] {logging_mixin.py:188} INFO - [EXTRACT] Reading /opt/***/data/synthetic_events.csv
[2025-12-17T01:52:16.049+0000] {logging_mixin.py:188} INFO - [EXTRACT] done
[2025-12-17T01:52:16.051+0000] {python.py:201} INFO - Done. Returned value was: None
[2025-12-17T01:52:16.073+0000] {taskinstance.py:1138} INFO - Marking task as SUCCESS. dag_id=etl_***, task_id=extract, execution_date=20240426T000000, start_date=20251217T015215, end_date=20251217T015216
[2025-12-17T01:52:16.312+0000] {local_task_job_runner.py:234} INFO - Task exited with return code 0
[2025-12-17T01:52:16.367+0000] {taskinstance.py:3280} INFO - 1 downstream tasks scheduled from follow-on schedule check
[2025-12-17T04:19:55.140+0000] {taskinstance.py:1956} INFO - Dependencies all met for dep_context=non-requeueable deps ti=<TaskInstance: etl_airflow.extract scheduled__2024-04-26T00:00:00+00:00 [queued]>
[2025-12-17T04:19:55.155+0000] {taskinstance.py:1956} INFO - Dependencies all met for dep_context=requeueable deps ti=<TaskInstance: etl_airflow.extract scheduled__2024-04-26T00:00:00+00:00 [queued]>
[2025-12-17T04:19:55.156+0000] {taskinstance.py:2170} INFO - Starting attempt 1 of 3
[2025-12-17T04:19:55.177+0000] {taskinstance.py:2191} INFO - Executing <Task(PythonOperator): extract> on 2024-04-26 00:00:00+00:00
[2025-12-17T04:19:55.186+0000] {standard_task_runner.py:60} INFO - Started process 798 to run task
[2025-12-17T04:19:55.190+0000] {standard_task_runner.py:87} INFO - Running: ['***', 'tasks', 'run', 'etl_***', 'extract', 'scheduled__2024-04-26T00:00:00+00:00', '--job-id', '180', '--raw', '--subdir', 'DAGS_FOLDER/etl_***.py', '--cfg-path', '/tmp/tmptqu7v84g']
[2025-12-17T04:19:55.193+0000] {standard_task_runner.py:88} INFO - Job 180: Subtask extract
[2025-12-17T04:19:55.295+0000] {task_command.py:423} INFO - Running <TaskInstance: etl_airflow.extract scheduled__2024-04-26T00:00:00+00:00 [running]> on host c5811fe183ca
[2025-12-17T04:19:55.597+0000] {taskinstance.py:2480} INFO - Exporting env vars: AIRFLOW_CTX_DAG_OWNER='***' AIRFLOW_CTX_DAG_ID='etl_***' AIRFLOW_CTX_TASK_ID='extract' AIRFLOW_CTX_EXECUTION_DATE='2024-04-26T00:00:00+00:00' AIRFLOW_CTX_TRY_NUMBER='1' AIRFLOW_CTX_DAG_RUN_ID='scheduled__2024-04-26T00:00:00+00:00'
[2025-12-17T04:19:55.613+0000] {python.py:201} INFO - Done. Returned value was:    user_id event_type           timestamp country
0        1      login 2025-01-01 09:00:00      IN
1        1      click 2025-01-01 09:05:00      IN
2        1     logout 2025-01-01 09:15:00      IN
3        2      login 2025-01-01 10:00:00      US
4        2      click 2025-01-01 10:10:00      US
5        2     logout 2025-01-01 10:20:00      US
6        3      login 2025-01-02 08:00:00      FR
7        3      click 2025-01-02 08:05:00      FR
8        3     logout 2025-01-02 08:30:00      FR
[2025-12-17T04:19:55.660+0000] {taskinstance.py:1138} INFO - Marking task as SUCCESS. dag_id=etl_***, task_id=extract, execution_date=20240426T000000, start_date=20251217T041955, end_date=20251217T041955
[2025-12-17T04:19:55.726+0000] {local_task_job_runner.py:234} INFO - Task exited with return code 0
[2025-12-17T04:19:55.746+0000] {taskinstance.py:3280} INFO - 0 downstream tasks scheduled from follow-on schedule check
[2025-12-17T04:46:28.728+0000] {taskinstance.py:1956} INFO - Dependencies all met for dep_context=non-requeueable deps ti=<TaskInstance: etl_airflow.extract scheduled__2024-04-26T00:00:00+00:00 [queued]>
[2025-12-17T04:46:28.743+0000] {taskinstance.py:1956} INFO - Dependencies all met for dep_context=requeueable deps ti=<TaskInstance: etl_airflow.extract scheduled__2024-04-26T00:00:00+00:00 [queued]>
[2025-12-17T04:46:28.744+0000] {taskinstance.py:2170} INFO - Starting attempt 1 of 3
[2025-12-17T04:46:28.768+0000] {taskinstance.py:2191} INFO - Executing <Task(PythonOperator): extract> on 2024-04-26 00:00:00+00:00
[2025-12-17T04:46:28.779+0000] {standard_task_runner.py:60} INFO - Started process 1728 to run task
[2025-12-17T04:46:28.783+0000] {standard_task_runner.py:87} INFO - Running: ['***', 'tasks', 'run', 'etl_***', 'extract', 'scheduled__2024-04-26T00:00:00+00:00', '--job-id', '454', '--raw', '--subdir', 'DAGS_FOLDER/etl_***.py', '--cfg-path', '/tmp/tmpc58pbcwp']
[2025-12-17T04:46:28.787+0000] {standard_task_runner.py:88} INFO - Job 454: Subtask extract
[2025-12-17T04:46:28.906+0000] {task_command.py:423} INFO - Running <TaskInstance: etl_airflow.extract scheduled__2024-04-26T00:00:00+00:00 [running]> on host b3426f05ac70
[2025-12-17T04:46:29.272+0000] {taskinstance.py:2480} INFO - Exporting env vars: AIRFLOW_CTX_DAG_OWNER='***' AIRFLOW_CTX_DAG_ID='etl_***' AIRFLOW_CTX_TASK_ID='extract' AIRFLOW_CTX_EXECUTION_DATE='2024-04-26T00:00:00+00:00' AIRFLOW_CTX_TRY_NUMBER='1' AIRFLOW_CTX_DAG_RUN_ID='scheduled__2024-04-26T00:00:00+00:00'
[2025-12-17T04:46:29.297+0000] {python.py:201} INFO - Done. Returned value was:    user_id event_type           timestamp country
0        1      login 2025-01-01 09:00:00      IN
1        1      click 2025-01-01 09:05:00      IN
2        1     logout 2025-01-01 09:15:00      IN
3        2      login 2025-01-01 10:00:00      US
4        2      click 2025-01-01 10:10:00      US
5        2     logout 2025-01-01 10:20:00      US
6        3      login 2025-01-02 08:00:00      FR
7        3      click 2025-01-02 08:05:00      FR
8        3     logout 2025-01-02 08:30:00      FR
[2025-12-17T04:46:29.353+0000] {taskinstance.py:1138} INFO - Marking task as SUCCESS. dag_id=etl_***, task_id=extract, execution_date=20240426T000000, start_date=20251217T044628, end_date=20251217T044629
[2025-12-17T04:46:29.525+0000] {local_task_job_runner.py:234} INFO - Task exited with return code 0
[2025-12-17T04:46:29.575+0000] {taskinstance.py:3280} INFO - 1 downstream tasks scheduled from follow-on schedule check
[2025-12-17T07:39:50.352+0000] {taskinstance.py:1956} INFO - Dependencies all met for dep_context=non-requeueable deps ti=<TaskInstance: etl_airflow.extract scheduled__2024-04-26T00:00:00+00:00 [queued]>
[2025-12-17T07:39:50.368+0000] {taskinstance.py:1956} INFO - Dependencies all met for dep_context=requeueable deps ti=<TaskInstance: etl_airflow.extract scheduled__2024-04-26T00:00:00+00:00 [queued]>
[2025-12-17T07:39:50.370+0000] {taskinstance.py:2170} INFO - Starting attempt 1 of 3
[2025-12-17T07:39:50.401+0000] {taskinstance.py:2191} INFO - Executing <Task(PythonOperator): extract> on 2024-04-26 00:00:00+00:00
[2025-12-17T07:39:50.420+0000] {standard_task_runner.py:60} INFO - Started process 1778 to run task
[2025-12-17T07:39:50.427+0000] {standard_task_runner.py:87} INFO - Running: ['***', 'tasks', 'run', 'etl_***', 'extract', 'scheduled__2024-04-26T00:00:00+00:00', '--job-id', '455', '--raw', '--subdir', 'DAGS_FOLDER/etl_***.py', '--cfg-path', '/tmp/tmptv7lkrcg']
[2025-12-17T07:39:50.432+0000] {standard_task_runner.py:88} INFO - Job 455: Subtask extract
[2025-12-17T07:39:50.591+0000] {task_command.py:423} INFO - Running <TaskInstance: etl_airflow.extract scheduled__2024-04-26T00:00:00+00:00 [running]> on host 2a0de06c8905
[2025-12-17T07:39:51.016+0000] {taskinstance.py:2480} INFO - Exporting env vars: AIRFLOW_CTX_DAG_OWNER='***' AIRFLOW_CTX_DAG_ID='etl_***' AIRFLOW_CTX_TASK_ID='extract' AIRFLOW_CTX_EXECUTION_DATE='2024-04-26T00:00:00+00:00' AIRFLOW_CTX_TRY_NUMBER='1' AIRFLOW_CTX_DAG_RUN_ID='scheduled__2024-04-26T00:00:00+00:00'
[2025-12-17T07:39:51.046+0000] {python.py:201} INFO - Done. Returned value was:    user_id event_type           timestamp country
0        1      login 2025-01-01 09:00:00      IN
1        1      click 2025-01-01 09:05:00      IN
2        1     logout 2025-01-01 09:15:00      IN
3        2      login 2025-01-01 10:00:00      US
4        2      click 2025-01-01 10:10:00      US
5        2     logout 2025-01-01 10:20:00      US
6        3      login 2025-01-02 08:00:00      FR
7        3      click 2025-01-02 08:05:00      FR
8        3     logout 2025-01-02 08:30:00      FR
[2025-12-17T07:39:51.105+0000] {taskinstance.py:1138} INFO - Marking task as SUCCESS. dag_id=etl_***, task_id=extract, execution_date=20240426T000000, start_date=20251217T073950, end_date=20251217T073951
[2025-12-17T07:39:51.164+0000] {local_task_job_runner.py:234} INFO - Task exited with return code 0
[2025-12-17T07:39:51.209+0000] {taskinstance.py:3280} INFO - 1 downstream tasks scheduled from follow-on schedule check
