[2025-12-16T17:15:43.345+0000] {taskinstance.py:1956} INFO - Dependencies all met for dep_context=non-requeueable deps ti=<TaskInstance: etl_airflow.transform scheduled__2025-01-11T00:00:00+00:00 [queued]>
[2025-12-16T17:15:43.382+0000] {taskinstance.py:1956} INFO - Dependencies all met for dep_context=requeueable deps ti=<TaskInstance: etl_airflow.transform scheduled__2025-01-11T00:00:00+00:00 [queued]>
[2025-12-16T17:15:43.386+0000] {taskinstance.py:2170} INFO - Starting attempt 1 of 3
[2025-12-16T17:15:43.444+0000] {taskinstance.py:2191} INFO - Executing <Task(PythonOperator): transform> on 2025-01-11 00:00:00+00:00
[2025-12-16T17:15:43.461+0000] {standard_task_runner.py:60} INFO - Started process 2192 to run task
[2025-12-16T17:15:43.473+0000] {standard_task_runner.py:87} INFO - Running: ['***', 'tasks', 'run', 'etl_***', 'transform', 'scheduled__2025-01-11T00:00:00+00:00', '--job-id', '4770', '--raw', '--subdir', 'DAGS_FOLDER/etl_dag.py', '--cfg-path', '/tmp/tmpa5bu0bu6']
[2025-12-16T17:15:43.482+0000] {standard_task_runner.py:88} INFO - Job 4770: Subtask transform
[2025-12-16T17:15:43.698+0000] {task_command.py:423} INFO - Running <TaskInstance: etl_airflow.transform scheduled__2025-01-11T00:00:00+00:00 [running]> on host 3b89cfee50e9
[2025-12-16T17:15:44.017+0000] {taskinstance.py:2480} INFO - Exporting env vars: AIRFLOW_CTX_DAG_OWNER='***' AIRFLOW_CTX_DAG_ID='etl_***' AIRFLOW_CTX_TASK_ID='transform' AIRFLOW_CTX_EXECUTION_DATE='2025-01-11T00:00:00+00:00' AIRFLOW_CTX_TRY_NUMBER='1' AIRFLOW_CTX_DAG_RUN_ID='scheduled__2025-01-11T00:00:00+00:00'
[2025-12-16T17:15:44.022+0000] {logging_mixin.py:188} INFO - [TRANSFORM]
[2025-12-16T17:15:44.046+0000] {taskinstance.py:2698} ERROR - Task failed with exception
Traceback (most recent call last):
  File "/home/airflow/.local/lib/python3.8/site-packages/airflow/models/taskinstance.py", line 433, in _execute_task
    result = execute_callable(context=context, **execute_callable_kwargs)
  File "/home/airflow/.local/lib/python3.8/site-packages/airflow/operators/python.py", line 199, in execute
    return_value = self.execute_callable()
  File "/home/airflow/.local/lib/python3.8/site-packages/airflow/operators/python.py", line 216, in execute_callable
    return self.python_callable(*self.op_args, **self.op_kwargs)
  File "/opt/airflow/etl_logic/pipeline.py", line 111, in transform_data
    df = pd.read_csv(TRANSFORMED_PATH)
  File "/home/airflow/.local/lib/python3.8/site-packages/pandas/io/parsers/readers.py", line 912, in read_csv
    return _read(filepath_or_buffer, kwds)
  File "/home/airflow/.local/lib/python3.8/site-packages/pandas/io/parsers/readers.py", line 577, in _read
    parser = TextFileReader(filepath_or_buffer, **kwds)
  File "/home/airflow/.local/lib/python3.8/site-packages/pandas/io/parsers/readers.py", line 1407, in __init__
    self._engine = self._make_engine(f, self.engine)
  File "/home/airflow/.local/lib/python3.8/site-packages/pandas/io/parsers/readers.py", line 1679, in _make_engine
    return mapping[engine](f, **self.options)
  File "/home/airflow/.local/lib/python3.8/site-packages/pandas/io/parsers/c_parser_wrapper.py", line 93, in __init__
    self._reader = parsers.TextReader(src, **kwds)
  File "pandas/_libs/parsers.pyx", line 557, in pandas._libs.parsers.TextReader.__cinit__
pandas.errors.EmptyDataError: No columns to parse from file
[2025-12-16T17:15:44.121+0000] {taskinstance.py:1138} INFO - Marking task as UP_FOR_RETRY. dag_id=etl_***, task_id=transform, execution_date=20250111T000000, start_date=20251216T171543, end_date=20251216T171544
[2025-12-16T17:15:44.572+0000] {standard_task_runner.py:107} ERROR - Failed to execute job 4770 for task transform (No columns to parse from file; 2192)
[2025-12-16T17:15:44.648+0000] {local_task_job_runner.py:234} INFO - Task exited with return code 1
[2025-12-16T17:15:44.847+0000] {taskinstance.py:3280} INFO - 0 downstream tasks scheduled from follow-on schedule check
[2025-12-17T01:56:40.605+0000] {taskinstance.py:1956} INFO - Dependencies all met for dep_context=non-requeueable deps ti=<TaskInstance: etl_airflow.transform scheduled__2025-01-11T00:00:00+00:00 [queued]>
[2025-12-17T01:56:40.632+0000] {taskinstance.py:1956} INFO - Dependencies all met for dep_context=requeueable deps ti=<TaskInstance: etl_airflow.transform scheduled__2025-01-11T00:00:00+00:00 [queued]>
[2025-12-17T01:56:40.633+0000] {taskinstance.py:2170} INFO - Starting attempt 1 of 3
[2025-12-17T01:56:40.767+0000] {taskinstance.py:2191} INFO - Executing <Task(PythonOperator): transform> on 2025-01-11 00:00:00+00:00
[2025-12-17T01:56:40.781+0000] {standard_task_runner.py:60} INFO - Started process 3844 to run task
[2025-12-17T01:56:40.797+0000] {standard_task_runner.py:87} INFO - Running: ['***', 'tasks', 'run', 'etl_***', 'transform', 'scheduled__2025-01-11T00:00:00+00:00', '--job-id', '1143', '--raw', '--subdir', 'DAGS_FOLDER/etl_dag.py', '--cfg-path', '/tmp/tmploevf326']
[2025-12-17T01:56:40.802+0000] {standard_task_runner.py:88} INFO - Job 1143: Subtask transform
[2025-12-17T01:56:40.994+0000] {task_command.py:423} INFO - Running <TaskInstance: etl_airflow.transform scheduled__2025-01-11T00:00:00+00:00 [running]> on host 571e042550da
[2025-12-17T01:56:41.537+0000] {taskinstance.py:2480} INFO - Exporting env vars: AIRFLOW_CTX_DAG_OWNER='***' AIRFLOW_CTX_DAG_ID='etl_***' AIRFLOW_CTX_TASK_ID='transform' AIRFLOW_CTX_EXECUTION_DATE='2025-01-11T00:00:00+00:00' AIRFLOW_CTX_TRY_NUMBER='1' AIRFLOW_CTX_DAG_RUN_ID='scheduled__2025-01-11T00:00:00+00:00'
[2025-12-17T01:56:41.539+0000] {logging_mixin.py:188} INFO - [TRANSFORM]
[2025-12-17T01:56:41.583+0000] {logging_mixin.py:188} INFO - [TRANSFORM] done
[2025-12-17T01:56:41.586+0000] {python.py:201} INFO - Done. Returned value was: None
[2025-12-17T01:56:41.607+0000] {taskinstance.py:1138} INFO - Marking task as SUCCESS. dag_id=etl_***, task_id=transform, execution_date=20250111T000000, start_date=20251217T015640, end_date=20251217T015641
[2025-12-17T01:56:41.777+0000] {local_task_job_runner.py:234} INFO - Task exited with return code 0
[2025-12-17T01:56:41.833+0000] {taskinstance.py:3280} INFO - 1 downstream tasks scheduled from follow-on schedule check
[2025-12-17T04:55:51.846+0000] {taskinstance.py:1956} INFO - Dependencies all met for dep_context=non-requeueable deps ti=<TaskInstance: etl_airflow.transform scheduled__2025-01-11T00:00:00+00:00 [queued]>
[2025-12-17T04:55:51.866+0000] {taskinstance.py:1956} INFO - Dependencies all met for dep_context=requeueable deps ti=<TaskInstance: etl_airflow.transform scheduled__2025-01-11T00:00:00+00:00 [queued]>
[2025-12-17T04:55:51.872+0000] {taskinstance.py:2170} INFO - Starting attempt 1 of 3
[2025-12-17T04:55:51.904+0000] {taskinstance.py:2191} INFO - Executing <Task(PythonOperator): transform> on 2025-01-11 00:00:00+00:00
[2025-12-17T04:55:51.917+0000] {standard_task_runner.py:60} INFO - Started process 5160 to run task
[2025-12-17T04:55:51.925+0000] {standard_task_runner.py:87} INFO - Running: ['***', 'tasks', 'run', 'etl_***', 'transform', 'scheduled__2025-01-11T00:00:00+00:00', '--job-id', '1496', '--raw', '--subdir', 'DAGS_FOLDER/etl_***.py', '--cfg-path', '/tmp/tmpe34s6qpe']
[2025-12-17T04:55:51.931+0000] {standard_task_runner.py:88} INFO - Job 1496: Subtask transform
[2025-12-17T04:55:52.112+0000] {task_command.py:423} INFO - Running <TaskInstance: etl_airflow.transform scheduled__2025-01-11T00:00:00+00:00 [running]> on host b3426f05ac70
[2025-12-17T04:55:52.519+0000] {taskinstance.py:2480} INFO - Exporting env vars: AIRFLOW_CTX_DAG_OWNER='***' AIRFLOW_CTX_DAG_ID='etl_***' AIRFLOW_CTX_TASK_ID='transform' AIRFLOW_CTX_EXECUTION_DATE='2025-01-11T00:00:00+00:00' AIRFLOW_CTX_TRY_NUMBER='1' AIRFLOW_CTX_DAG_RUN_ID='scheduled__2025-01-11T00:00:00+00:00'
[2025-12-17T04:55:52.525+0000] {taskinstance.py:2698} ERROR - Task failed with exception
Traceback (most recent call last):
  File "/home/airflow/.local/lib/python3.8/site-packages/airflow/models/taskinstance.py", line 433, in _execute_task
    result = execute_callable(context=context, **execute_callable_kwargs)
  File "/home/airflow/.local/lib/python3.8/site-packages/airflow/operators/python.py", line 199, in execute
    return_value = self.execute_callable()
  File "/home/airflow/.local/lib/python3.8/site-packages/airflow/operators/python.py", line 216, in execute_callable
    return self.python_callable(*self.op_args, **self.op_kwargs)
TypeError: transform_data() missing 1 required positional argument: 'df'
[2025-12-17T04:55:52.542+0000] {taskinstance.py:1138} INFO - Marking task as UP_FOR_RETRY. dag_id=etl_***, task_id=transform, execution_date=20250111T000000, start_date=20251217T045551, end_date=20251217T045552
[2025-12-17T04:55:52.594+0000] {standard_task_runner.py:107} ERROR - Failed to execute job 1496 for task transform (transform_data() missing 1 required positional argument: 'df'; 5160)
[2025-12-17T04:55:52.624+0000] {local_task_job_runner.py:234} INFO - Task exited with return code 1
[2025-12-17T04:55:52.686+0000] {taskinstance.py:3280} INFO - 0 downstream tasks scheduled from follow-on schedule check
[2025-12-17T08:01:19.728+0000] {taskinstance.py:1956} INFO - Dependencies all met for dep_context=non-requeueable deps ti=<TaskInstance: etl_airflow.transform scheduled__2025-01-11T00:00:00+00:00 [queued]>
[2025-12-17T08:01:19.748+0000] {taskinstance.py:1956} INFO - Dependencies all met for dep_context=requeueable deps ti=<TaskInstance: etl_airflow.transform scheduled__2025-01-11T00:00:00+00:00 [queued]>
[2025-12-17T08:01:19.749+0000] {taskinstance.py:2170} INFO - Starting attempt 1 of 3
[2025-12-17T08:01:19.774+0000] {taskinstance.py:2191} INFO - Executing <Task(PythonOperator): transform> on 2025-01-11 00:00:00+00:00
[2025-12-17T08:01:19.784+0000] {standard_task_runner.py:60} INFO - Started process 5262 to run task
[2025-12-17T08:01:19.790+0000] {standard_task_runner.py:87} INFO - Running: ['***', 'tasks', 'run', 'etl_***', 'transform', 'scheduled__2025-01-11T00:00:00+00:00', '--job-id', '1501', '--raw', '--subdir', 'DAGS_FOLDER/etl_***.py', '--cfg-path', '/tmp/tmpzp3ya4a7']
[2025-12-17T08:01:19.798+0000] {standard_task_runner.py:88} INFO - Job 1501: Subtask transform
[2025-12-17T08:01:19.927+0000] {task_command.py:423} INFO - Running <TaskInstance: etl_airflow.transform scheduled__2025-01-11T00:00:00+00:00 [running]> on host 2a0de06c8905
[2025-12-17T08:01:20.511+0000] {taskinstance.py:2480} INFO - Exporting env vars: AIRFLOW_CTX_DAG_OWNER='***' AIRFLOW_CTX_DAG_ID='etl_***' AIRFLOW_CTX_TASK_ID='transform' AIRFLOW_CTX_EXECUTION_DATE='2025-01-11T00:00:00+00:00' AIRFLOW_CTX_TRY_NUMBER='1' AIRFLOW_CTX_DAG_RUN_ID='scheduled__2025-01-11T00:00:00+00:00'
[2025-12-17T08:01:20.516+0000] {taskinstance.py:2698} ERROR - Task failed with exception
Traceback (most recent call last):
  File "/home/airflow/.local/lib/python3.8/site-packages/airflow/models/taskinstance.py", line 433, in _execute_task
    result = execute_callable(context=context, **execute_callable_kwargs)
  File "/home/airflow/.local/lib/python3.8/site-packages/airflow/operators/python.py", line 199, in execute
    return_value = self.execute_callable()
  File "/home/airflow/.local/lib/python3.8/site-packages/airflow/operators/python.py", line 216, in execute_callable
    return self.python_callable(*self.op_args, **self.op_kwargs)
TypeError: transform_data() missing 1 required positional argument: 'df'
[2025-12-17T08:01:20.534+0000] {taskinstance.py:1138} INFO - Marking task as UP_FOR_RETRY. dag_id=etl_***, task_id=transform, execution_date=20250111T000000, start_date=20251217T080119, end_date=20251217T080120
[2025-12-17T08:01:20.553+0000] {standard_task_runner.py:107} ERROR - Failed to execute job 1501 for task transform (transform_data() missing 1 required positional argument: 'df'; 5262)
[2025-12-17T08:01:20.609+0000] {local_task_job_runner.py:234} INFO - Task exited with return code 1
[2025-12-17T08:01:20.848+0000] {taskinstance.py:3280} INFO - 0 downstream tasks scheduled from follow-on schedule check
