[2025-12-16T17:07:49.757+0000] {taskinstance.py:1956} INFO - Dependencies all met for dep_context=non-requeueable deps ti=<TaskInstance: etl_airflow.transform scheduled__2025-03-07T00:00:00+00:00 [queued]>
[2025-12-16T17:07:49.775+0000] {taskinstance.py:1956} INFO - Dependencies all met for dep_context=requeueable deps ti=<TaskInstance: etl_airflow.transform scheduled__2025-03-07T00:00:00+00:00 [queued]>
[2025-12-16T17:07:49.776+0000] {taskinstance.py:2170} INFO - Starting attempt 2 of 3
[2025-12-16T17:07:49.794+0000] {taskinstance.py:2191} INFO - Executing <Task(PythonOperator): transform> on 2025-03-07 00:00:00+00:00
[2025-12-16T17:07:49.802+0000] {standard_task_runner.py:60} INFO - Started process 1685 to run task
[2025-12-16T17:07:49.808+0000] {standard_task_runner.py:87} INFO - Running: ['***', 'tasks', 'run', 'etl_***', 'transform', 'scheduled__2025-03-07T00:00:00+00:00', '--job-id', '3434', '--raw', '--subdir', 'DAGS_FOLDER/etl_dag.py', '--cfg-path', '/tmp/tmpcftni_99']
[2025-12-16T17:07:49.813+0000] {standard_task_runner.py:88} INFO - Job 3434: Subtask transform
[2025-12-16T17:07:49.918+0000] {task_command.py:423} INFO - Running <TaskInstance: etl_airflow.transform scheduled__2025-03-07T00:00:00+00:00 [running]> on host db658e834d9d
[2025-12-16T17:07:50.022+0000] {taskinstance.py:2480} INFO - Exporting env vars: AIRFLOW_CTX_DAG_OWNER='***' AIRFLOW_CTX_DAG_ID='etl_***' AIRFLOW_CTX_TASK_ID='transform' AIRFLOW_CTX_EXECUTION_DATE='2025-03-07T00:00:00+00:00' AIRFLOW_CTX_TRY_NUMBER='2' AIRFLOW_CTX_DAG_RUN_ID='scheduled__2025-03-07T00:00:00+00:00'
[2025-12-16T17:07:50.024+0000] {logging_mixin.py:188} INFO - [TRANSFORM]
[2025-12-16T17:07:50.035+0000] {taskinstance.py:2698} ERROR - Task failed with exception
Traceback (most recent call last):
  File "/home/airflow/.local/lib/python3.8/site-packages/airflow/models/taskinstance.py", line 433, in _execute_task
    result = execute_callable(context=context, **execute_callable_kwargs)
  File "/home/airflow/.local/lib/python3.8/site-packages/airflow/operators/python.py", line 199, in execute
    return_value = self.execute_callable()
  File "/home/airflow/.local/lib/python3.8/site-packages/airflow/operators/python.py", line 216, in execute_callable
    return self.python_callable(*self.op_args, **self.op_kwargs)
  File "/opt/airflow/etl_logic/pipeline.py", line 113, in transform_data
    df.to_csv(OUTPUT_PATH, index=False)
  File "/home/airflow/.local/lib/python3.8/site-packages/pandas/core/generic.py", line 3772, in to_csv
    return DataFrameRenderer(formatter).to_csv(
  File "/home/airflow/.local/lib/python3.8/site-packages/pandas/io/formats/format.py", line 1186, in to_csv
    csv_formatter.save()
  File "/home/airflow/.local/lib/python3.8/site-packages/pandas/io/formats/csvs.py", line 240, in save
    with get_handle(
  File "/home/airflow/.local/lib/python3.8/site-packages/pandas/io/common.py", line 737, in get_handle
    check_parent_directory(str(handle))
  File "/home/airflow/.local/lib/python3.8/site-packages/pandas/io/common.py", line 600, in check_parent_directory
    raise OSError(rf"Cannot save file into a non-existent directory: '{parent}'")
OSError: Cannot save file into a non-existent directory: 'E:\GPP\Task_4\comparative-data-orchestrationirflow\data'
[2025-12-16T17:07:50.052+0000] {taskinstance.py:1138} INFO - Marking task as UP_FOR_RETRY. dag_id=etl_***, task_id=transform, execution_date=20250307T000000, start_date=20251216T170749, end_date=20251216T170750
[2025-12-16T17:07:50.067+0000] {standard_task_runner.py:107} ERROR - Failed to execute job 3434 for task transform (Cannot save file into a non-existent directory: 'E:\GPP\Task_4\comparative-data-orchestrationirflow\data'; 1685)
[2025-12-16T17:07:50.104+0000] {local_task_job_runner.py:234} INFO - Task exited with return code 1
[2025-12-16T17:07:50.347+0000] {taskinstance.py:3280} INFO - 0 downstream tasks scheduled from follow-on schedule check
[2025-12-17T04:57:47.498+0000] {taskinstance.py:1956} INFO - Dependencies all met for dep_context=non-requeueable deps ti=<TaskInstance: etl_airflow.transform scheduled__2025-03-07T00:00:00+00:00 [queued]>
[2025-12-17T04:57:47.518+0000] {taskinstance.py:1956} INFO - Dependencies all met for dep_context=requeueable deps ti=<TaskInstance: etl_airflow.transform scheduled__2025-03-07T00:00:00+00:00 [queued]>
[2025-12-17T04:57:47.520+0000] {taskinstance.py:2170} INFO - Starting attempt 2 of 3
[2025-12-17T04:57:47.547+0000] {taskinstance.py:2191} INFO - Executing <Task(PythonOperator): transform> on 2025-03-07 00:00:00+00:00
[2025-12-17T04:57:47.555+0000] {standard_task_runner.py:60} INFO - Started process 5864 to run task
[2025-12-17T04:57:47.561+0000] {standard_task_runner.py:87} INFO - Running: ['***', 'tasks', 'run', 'etl_***', 'transform', 'scheduled__2025-03-07T00:00:00+00:00', '--job-id', '1712', '--raw', '--subdir', 'DAGS_FOLDER/etl_***.py', '--cfg-path', '/tmp/tmp_sf8jf4e']
[2025-12-17T04:57:47.566+0000] {standard_task_runner.py:88} INFO - Job 1712: Subtask transform
[2025-12-17T04:57:47.691+0000] {task_command.py:423} INFO - Running <TaskInstance: etl_airflow.transform scheduled__2025-03-07T00:00:00+00:00 [running]> on host b3426f05ac70
[2025-12-17T04:57:48.060+0000] {taskinstance.py:2480} INFO - Exporting env vars: AIRFLOW_CTX_DAG_OWNER='***' AIRFLOW_CTX_DAG_ID='etl_***' AIRFLOW_CTX_TASK_ID='transform' AIRFLOW_CTX_EXECUTION_DATE='2025-03-07T00:00:00+00:00' AIRFLOW_CTX_TRY_NUMBER='2' AIRFLOW_CTX_DAG_RUN_ID='scheduled__2025-03-07T00:00:00+00:00'
[2025-12-17T04:57:48.064+0000] {taskinstance.py:2698} ERROR - Task failed with exception
Traceback (most recent call last):
  File "/home/airflow/.local/lib/python3.8/site-packages/airflow/models/taskinstance.py", line 433, in _execute_task
    result = execute_callable(context=context, **execute_callable_kwargs)
  File "/home/airflow/.local/lib/python3.8/site-packages/airflow/operators/python.py", line 199, in execute
    return_value = self.execute_callable()
  File "/home/airflow/.local/lib/python3.8/site-packages/airflow/operators/python.py", line 216, in execute_callable
    return self.python_callable(*self.op_args, **self.op_kwargs)
TypeError: transform_data() missing 1 required positional argument: 'df'
[2025-12-17T04:57:48.078+0000] {taskinstance.py:1138} INFO - Marking task as UP_FOR_RETRY. dag_id=etl_***, task_id=transform, execution_date=20250307T000000, start_date=20251217T045747, end_date=20251217T045748
[2025-12-17T04:57:48.093+0000] {standard_task_runner.py:107} ERROR - Failed to execute job 1712 for task transform (transform_data() missing 1 required positional argument: 'df'; 5864)
[2025-12-17T04:57:48.139+0000] {local_task_job_runner.py:234} INFO - Task exited with return code 1
[2025-12-17T04:57:48.283+0000] {taskinstance.py:3280} INFO - 0 downstream tasks scheduled from follow-on schedule check
