[2025-12-16T17:06:29.584+0000] {taskinstance.py:1956} INFO - Dependencies all met for dep_context=non-requeueable deps ti=<TaskInstance: etl_airflow.transform scheduled__2025-02-03T00:00:00+00:00 [queued]>
[2025-12-16T17:06:29.606+0000] {taskinstance.py:1956} INFO - Dependencies all met for dep_context=requeueable deps ti=<TaskInstance: etl_airflow.transform scheduled__2025-02-03T00:00:00+00:00 [queued]>
[2025-12-16T17:06:29.609+0000] {taskinstance.py:2170} INFO - Starting attempt 1 of 3
[2025-12-16T17:06:29.635+0000] {taskinstance.py:2191} INFO - Executing <Task(PythonOperator): transform> on 2025-02-03 00:00:00+00:00
[2025-12-16T17:06:29.645+0000] {standard_task_runner.py:60} INFO - Started process 1173 to run task
[2025-12-16T17:06:29.652+0000] {standard_task_runner.py:87} INFO - Running: ['***', 'tasks', 'run', 'etl_***', 'transform', 'scheduled__2025-02-03T00:00:00+00:00', '--job-id', '3275', '--raw', '--subdir', 'DAGS_FOLDER/etl_dag.py', '--cfg-path', '/tmp/tmpv2lptxa8']
[2025-12-16T17:06:29.657+0000] {standard_task_runner.py:88} INFO - Job 3275: Subtask transform
[2025-12-16T17:06:29.787+0000] {task_command.py:423} INFO - Running <TaskInstance: etl_airflow.transform scheduled__2025-02-03T00:00:00+00:00 [running]> on host db658e834d9d
[2025-12-16T17:06:29.944+0000] {taskinstance.py:2480} INFO - Exporting env vars: AIRFLOW_CTX_DAG_OWNER='***' AIRFLOW_CTX_DAG_ID='etl_***' AIRFLOW_CTX_TASK_ID='transform' AIRFLOW_CTX_EXECUTION_DATE='2025-02-03T00:00:00+00:00' AIRFLOW_CTX_TRY_NUMBER='1' AIRFLOW_CTX_DAG_RUN_ID='scheduled__2025-02-03T00:00:00+00:00'
[2025-12-16T17:06:29.947+0000] {logging_mixin.py:188} INFO - [TRANSFORM]
[2025-12-16T17:06:29.966+0000] {taskinstance.py:2698} ERROR - Task failed with exception
Traceback (most recent call last):
  File "/home/airflow/.local/lib/python3.8/site-packages/airflow/models/taskinstance.py", line 433, in _execute_task
    result = execute_callable(context=context, **execute_callable_kwargs)
  File "/home/airflow/.local/lib/python3.8/site-packages/airflow/operators/python.py", line 199, in execute
    return_value = self.execute_callable()
  File "/home/airflow/.local/lib/python3.8/site-packages/airflow/operators/python.py", line 216, in execute_callable
    return self.python_callable(*self.op_args, **self.op_kwargs)
  File "/opt/airflow/etl_logic/pipeline.py", line 113, in transform_data
    df.to_csv(OUTPUT_PATH, index=False)
  File "/home/airflow/.local/lib/python3.8/site-packages/pandas/core/generic.py", line 3772, in to_csv
    return DataFrameRenderer(formatter).to_csv(
  File "/home/airflow/.local/lib/python3.8/site-packages/pandas/io/formats/format.py", line 1186, in to_csv
    csv_formatter.save()
  File "/home/airflow/.local/lib/python3.8/site-packages/pandas/io/formats/csvs.py", line 240, in save
    with get_handle(
  File "/home/airflow/.local/lib/python3.8/site-packages/pandas/io/common.py", line 737, in get_handle
    check_parent_directory(str(handle))
  File "/home/airflow/.local/lib/python3.8/site-packages/pandas/io/common.py", line 600, in check_parent_directory
    raise OSError(rf"Cannot save file into a non-existent directory: '{parent}'")
OSError: Cannot save file into a non-existent directory: 'E:\GPP\Task_4\comparative-data-orchestrationirflow\data'
[2025-12-16T17:06:29.997+0000] {taskinstance.py:1138} INFO - Marking task as UP_FOR_RETRY. dag_id=etl_***, task_id=transform, execution_date=20250203T000000, start_date=20251216T170629, end_date=20251216T170629
[2025-12-16T17:06:30.019+0000] {standard_task_runner.py:107} ERROR - Failed to execute job 3275 for task transform (Cannot save file into a non-existent directory: 'E:\GPP\Task_4\comparative-data-orchestrationirflow\data'; 1173)
[2025-12-16T17:06:30.067+0000] {local_task_job_runner.py:234} INFO - Task exited with return code 1
[2025-12-16T17:06:30.110+0000] {taskinstance.py:3280} INFO - 0 downstream tasks scheduled from follow-on schedule check
[2025-12-17T01:57:05.389+0000] {taskinstance.py:1956} INFO - Dependencies all met for dep_context=non-requeueable deps ti=<TaskInstance: etl_airflow.transform scheduled__2025-02-03T00:00:00+00:00 [queued]>
[2025-12-17T01:57:05.413+0000] {taskinstance.py:1956} INFO - Dependencies all met for dep_context=requeueable deps ti=<TaskInstance: etl_airflow.transform scheduled__2025-02-03T00:00:00+00:00 [queued]>
[2025-12-17T01:57:05.416+0000] {taskinstance.py:2170} INFO - Starting attempt 1 of 3
[2025-12-17T01:57:05.675+0000] {taskinstance.py:2191} INFO - Executing <Task(PythonOperator): transform> on 2025-02-03 00:00:00+00:00
[2025-12-17T01:57:05.701+0000] {standard_task_runner.py:60} INFO - Started process 4089 to run task
[2025-12-17T01:57:05.706+0000] {standard_task_runner.py:87} INFO - Running: ['***', 'tasks', 'run', 'etl_***', 'transform', 'scheduled__2025-02-03T00:00:00+00:00', '--job-id', '1219', '--raw', '--subdir', 'DAGS_FOLDER/etl_dag.py', '--cfg-path', '/tmp/tmpf2hw7vgu']
[2025-12-17T01:57:05.713+0000] {standard_task_runner.py:88} INFO - Job 1219: Subtask transform
[2025-12-17T01:57:05.957+0000] {task_command.py:423} INFO - Running <TaskInstance: etl_airflow.transform scheduled__2025-02-03T00:00:00+00:00 [running]> on host 571e042550da
[2025-12-17T01:57:06.646+0000] {taskinstance.py:2480} INFO - Exporting env vars: AIRFLOW_CTX_DAG_OWNER='***' AIRFLOW_CTX_DAG_ID='etl_***' AIRFLOW_CTX_TASK_ID='transform' AIRFLOW_CTX_EXECUTION_DATE='2025-02-03T00:00:00+00:00' AIRFLOW_CTX_TRY_NUMBER='1' AIRFLOW_CTX_DAG_RUN_ID='scheduled__2025-02-03T00:00:00+00:00'
[2025-12-17T01:57:06.658+0000] {logging_mixin.py:188} INFO - [TRANSFORM]
[2025-12-17T01:57:06.769+0000] {logging_mixin.py:188} INFO - [TRANSFORM] done
[2025-12-17T01:57:06.771+0000] {python.py:201} INFO - Done. Returned value was: None
[2025-12-17T01:57:06.805+0000] {taskinstance.py:1138} INFO - Marking task as SUCCESS. dag_id=etl_***, task_id=transform, execution_date=20250203T000000, start_date=20251217T015705, end_date=20251217T015706
[2025-12-17T01:57:06.922+0000] {local_task_job_runner.py:234} INFO - Task exited with return code 0
[2025-12-17T01:57:07.002+0000] {taskinstance.py:3280} INFO - 1 downstream tasks scheduled from follow-on schedule check
[2025-12-17T04:56:27.416+0000] {taskinstance.py:1956} INFO - Dependencies all met for dep_context=non-requeueable deps ti=<TaskInstance: etl_airflow.transform scheduled__2025-02-03T00:00:00+00:00 [queued]>
[2025-12-17T04:56:27.431+0000] {taskinstance.py:1956} INFO - Dependencies all met for dep_context=requeueable deps ti=<TaskInstance: etl_airflow.transform scheduled__2025-02-03T00:00:00+00:00 [queued]>
[2025-12-17T04:56:27.432+0000] {taskinstance.py:2170} INFO - Starting attempt 1 of 3
[2025-12-17T04:56:27.451+0000] {taskinstance.py:2191} INFO - Executing <Task(PythonOperator): transform> on 2025-02-03 00:00:00+00:00
[2025-12-17T04:56:27.463+0000] {standard_task_runner.py:60} INFO - Started process 5387 to run task
[2025-12-17T04:56:27.471+0000] {standard_task_runner.py:87} INFO - Running: ['***', 'tasks', 'run', 'etl_***', 'transform', 'scheduled__2025-02-03T00:00:00+00:00', '--job-id', '1568', '--raw', '--subdir', 'DAGS_FOLDER/etl_***.py', '--cfg-path', '/tmp/tmpa31696jy']
[2025-12-17T04:56:27.475+0000] {standard_task_runner.py:88} INFO - Job 1568: Subtask transform
[2025-12-17T04:56:27.581+0000] {task_command.py:423} INFO - Running <TaskInstance: etl_airflow.transform scheduled__2025-02-03T00:00:00+00:00 [running]> on host b3426f05ac70
[2025-12-17T04:56:27.854+0000] {taskinstance.py:2480} INFO - Exporting env vars: AIRFLOW_CTX_DAG_OWNER='***' AIRFLOW_CTX_DAG_ID='etl_***' AIRFLOW_CTX_TASK_ID='transform' AIRFLOW_CTX_EXECUTION_DATE='2025-02-03T00:00:00+00:00' AIRFLOW_CTX_TRY_NUMBER='1' AIRFLOW_CTX_DAG_RUN_ID='scheduled__2025-02-03T00:00:00+00:00'
[2025-12-17T04:56:27.857+0000] {taskinstance.py:2698} ERROR - Task failed with exception
Traceback (most recent call last):
  File "/home/airflow/.local/lib/python3.8/site-packages/airflow/models/taskinstance.py", line 433, in _execute_task
    result = execute_callable(context=context, **execute_callable_kwargs)
  File "/home/airflow/.local/lib/python3.8/site-packages/airflow/operators/python.py", line 199, in execute
    return_value = self.execute_callable()
  File "/home/airflow/.local/lib/python3.8/site-packages/airflow/operators/python.py", line 216, in execute_callable
    return self.python_callable(*self.op_args, **self.op_kwargs)
TypeError: transform_data() missing 1 required positional argument: 'df'
[2025-12-17T04:56:27.880+0000] {taskinstance.py:1138} INFO - Marking task as UP_FOR_RETRY. dag_id=etl_***, task_id=transform, execution_date=20250203T000000, start_date=20251217T045627, end_date=20251217T045627
[2025-12-17T04:56:27.898+0000] {standard_task_runner.py:107} ERROR - Failed to execute job 1568 for task transform (transform_data() missing 1 required positional argument: 'df'; 5387)
[2025-12-17T04:56:27.968+0000] {local_task_job_runner.py:234} INFO - Task exited with return code 1
[2025-12-17T04:56:28.005+0000] {taskinstance.py:3280} INFO - 0 downstream tasks scheduled from follow-on schedule check
