[2025-12-16T17:16:49.042+0000] {taskinstance.py:1956} INFO - Dependencies all met for dep_context=non-requeueable deps ti=<TaskInstance: etl_airflow.transform scheduled__2025-04-16T00:00:00+00:00 [queued]>
[2025-12-16T17:16:49.077+0000] {taskinstance.py:1956} INFO - Dependencies all met for dep_context=requeueable deps ti=<TaskInstance: etl_airflow.transform scheduled__2025-04-16T00:00:00+00:00 [queued]>
[2025-12-16T17:16:49.081+0000] {taskinstance.py:2170} INFO - Starting attempt 1 of 3
[2025-12-16T17:16:49.126+0000] {taskinstance.py:2191} INFO - Executing <Task(PythonOperator): transform> on 2025-04-16 00:00:00+00:00
[2025-12-16T17:16:49.147+0000] {standard_task_runner.py:60} INFO - Started process 2979 to run task
[2025-12-16T17:16:49.167+0000] {standard_task_runner.py:87} INFO - Running: ['***', 'tasks', 'run', 'etl_***', 'transform', 'scheduled__2025-04-16T00:00:00+00:00', '--job-id', '5024', '--raw', '--subdir', 'DAGS_FOLDER/etl_dag.py', '--cfg-path', '/tmp/tmpyfho56cj']
[2025-12-16T17:16:49.178+0000] {standard_task_runner.py:88} INFO - Job 5024: Subtask transform
[2025-12-16T17:16:49.383+0000] {task_command.py:423} INFO - Running <TaskInstance: etl_airflow.transform scheduled__2025-04-16T00:00:00+00:00 [running]> on host 3b89cfee50e9
[2025-12-16T17:16:49.673+0000] {taskinstance.py:2480} INFO - Exporting env vars: AIRFLOW_CTX_DAG_OWNER='***' AIRFLOW_CTX_DAG_ID='etl_***' AIRFLOW_CTX_TASK_ID='transform' AIRFLOW_CTX_EXECUTION_DATE='2025-04-16T00:00:00+00:00' AIRFLOW_CTX_TRY_NUMBER='1' AIRFLOW_CTX_DAG_RUN_ID='scheduled__2025-04-16T00:00:00+00:00'
[2025-12-16T17:16:49.677+0000] {logging_mixin.py:188} INFO - [TRANSFORM]
[2025-12-16T17:16:49.690+0000] {taskinstance.py:2698} ERROR - Task failed with exception
Traceback (most recent call last):
  File "/home/airflow/.local/lib/python3.8/site-packages/airflow/models/taskinstance.py", line 433, in _execute_task
    result = execute_callable(context=context, **execute_callable_kwargs)
  File "/home/airflow/.local/lib/python3.8/site-packages/airflow/operators/python.py", line 199, in execute
    return_value = self.execute_callable()
  File "/home/airflow/.local/lib/python3.8/site-packages/airflow/operators/python.py", line 216, in execute_callable
    return self.python_callable(*self.op_args, **self.op_kwargs)
  File "/opt/airflow/etl_logic/pipeline.py", line 111, in transform_data
    df = pd.read_csv(TRANSFORMED_PATH)
  File "/home/airflow/.local/lib/python3.8/site-packages/pandas/io/parsers/readers.py", line 912, in read_csv
    return _read(filepath_or_buffer, kwds)
  File "/home/airflow/.local/lib/python3.8/site-packages/pandas/io/parsers/readers.py", line 577, in _read
    parser = TextFileReader(filepath_or_buffer, **kwds)
  File "/home/airflow/.local/lib/python3.8/site-packages/pandas/io/parsers/readers.py", line 1407, in __init__
    self._engine = self._make_engine(f, self.engine)
  File "/home/airflow/.local/lib/python3.8/site-packages/pandas/io/parsers/readers.py", line 1679, in _make_engine
    return mapping[engine](f, **self.options)
  File "/home/airflow/.local/lib/python3.8/site-packages/pandas/io/parsers/c_parser_wrapper.py", line 93, in __init__
    self._reader = parsers.TextReader(src, **kwds)
  File "pandas/_libs/parsers.pyx", line 557, in pandas._libs.parsers.TextReader.__cinit__
pandas.errors.EmptyDataError: No columns to parse from file
[2025-12-16T17:16:49.719+0000] {taskinstance.py:1138} INFO - Marking task as UP_FOR_RETRY. dag_id=etl_***, task_id=transform, execution_date=20250416T000000, start_date=20251216T171649, end_date=20251216T171649
[2025-12-16T17:16:50.051+0000] {standard_task_runner.py:107} ERROR - Failed to execute job 5024 for task transform (No columns to parse from file; 2979)
[2025-12-16T17:16:50.117+0000] {local_task_job_runner.py:234} INFO - Task exited with return code 1
[2025-12-16T17:16:50.295+0000] {taskinstance.py:3280} INFO - 0 downstream tasks scheduled from follow-on schedule check
[2025-12-17T01:58:20.650+0000] {taskinstance.py:1956} INFO - Dependencies all met for dep_context=non-requeueable deps ti=<TaskInstance: etl_airflow.transform scheduled__2025-04-16T00:00:00+00:00 [queued]>
[2025-12-17T01:58:20.673+0000] {taskinstance.py:1956} INFO - Dependencies all met for dep_context=requeueable deps ti=<TaskInstance: etl_airflow.transform scheduled__2025-04-16T00:00:00+00:00 [queued]>
[2025-12-17T01:58:20.674+0000] {taskinstance.py:2170} INFO - Starting attempt 1 of 3
[2025-12-17T01:58:20.703+0000] {taskinstance.py:2191} INFO - Executing <Task(PythonOperator): transform> on 2025-04-16 00:00:00+00:00
[2025-12-17T01:58:20.715+0000] {standard_task_runner.py:60} INFO - Started process 4796 to run task
[2025-12-17T01:58:20.725+0000] {standard_task_runner.py:87} INFO - Running: ['***', 'tasks', 'run', 'etl_***', 'transform', 'scheduled__2025-04-16T00:00:00+00:00', '--job-id', '1445', '--raw', '--subdir', 'DAGS_FOLDER/etl_dag.py', '--cfg-path', '/tmp/tmpp2c9nlcm']
[2025-12-17T01:58:20.732+0000] {standard_task_runner.py:88} INFO - Job 1445: Subtask transform
[2025-12-17T01:58:20.930+0000] {task_command.py:423} INFO - Running <TaskInstance: etl_airflow.transform scheduled__2025-04-16T00:00:00+00:00 [running]> on host 571e042550da
[2025-12-17T01:58:21.419+0000] {taskinstance.py:2480} INFO - Exporting env vars: AIRFLOW_CTX_DAG_OWNER='***' AIRFLOW_CTX_DAG_ID='etl_***' AIRFLOW_CTX_TASK_ID='transform' AIRFLOW_CTX_EXECUTION_DATE='2025-04-16T00:00:00+00:00' AIRFLOW_CTX_TRY_NUMBER='1' AIRFLOW_CTX_DAG_RUN_ID='scheduled__2025-04-16T00:00:00+00:00'
[2025-12-17T01:58:21.422+0000] {logging_mixin.py:188} INFO - [TRANSFORM]
[2025-12-17T01:58:21.460+0000] {logging_mixin.py:188} INFO - [TRANSFORM] done
[2025-12-17T01:58:21.462+0000] {python.py:201} INFO - Done. Returned value was: None
[2025-12-17T01:58:21.485+0000] {taskinstance.py:1138} INFO - Marking task as SUCCESS. dag_id=etl_***, task_id=transform, execution_date=20250416T000000, start_date=20251217T015820, end_date=20251217T015821
[2025-12-17T01:58:21.561+0000] {local_task_job_runner.py:234} INFO - Task exited with return code 0
[2025-12-17T01:58:21.626+0000] {taskinstance.py:3280} INFO - 1 downstream tasks scheduled from follow-on schedule check
[2025-12-17T04:59:16.232+0000] {taskinstance.py:1956} INFO - Dependencies all met for dep_context=non-requeueable deps ti=<TaskInstance: etl_airflow.transform scheduled__2025-04-16T00:00:00+00:00 [queued]>
[2025-12-17T04:59:16.250+0000] {taskinstance.py:1956} INFO - Dependencies all met for dep_context=requeueable deps ti=<TaskInstance: etl_airflow.transform scheduled__2025-04-16T00:00:00+00:00 [queued]>
[2025-12-17T04:59:16.251+0000] {taskinstance.py:2170} INFO - Starting attempt 1 of 3
[2025-12-17T04:59:16.282+0000] {taskinstance.py:2191} INFO - Executing <Task(PythonOperator): transform> on 2025-04-16 00:00:00+00:00
[2025-12-17T04:59:16.297+0000] {standard_task_runner.py:60} INFO - Started process 6424 to run task
[2025-12-17T04:59:16.306+0000] {standard_task_runner.py:87} INFO - Running: ['***', 'tasks', 'run', 'etl_***', 'transform', 'scheduled__2025-04-16T00:00:00+00:00', '--job-id', '1880', '--raw', '--subdir', 'DAGS_FOLDER/etl_***.py', '--cfg-path', '/tmp/tmpiq0_wa91']
[2025-12-17T04:59:16.314+0000] {standard_task_runner.py:88} INFO - Job 1880: Subtask transform
[2025-12-17T04:59:16.453+0000] {task_command.py:423} INFO - Running <TaskInstance: etl_airflow.transform scheduled__2025-04-16T00:00:00+00:00 [running]> on host b3426f05ac70
[2025-12-17T04:59:16.811+0000] {taskinstance.py:2480} INFO - Exporting env vars: AIRFLOW_CTX_DAG_OWNER='***' AIRFLOW_CTX_DAG_ID='etl_***' AIRFLOW_CTX_TASK_ID='transform' AIRFLOW_CTX_EXECUTION_DATE='2025-04-16T00:00:00+00:00' AIRFLOW_CTX_TRY_NUMBER='1' AIRFLOW_CTX_DAG_RUN_ID='scheduled__2025-04-16T00:00:00+00:00'
[2025-12-17T04:59:16.813+0000] {taskinstance.py:2698} ERROR - Task failed with exception
Traceback (most recent call last):
  File "/home/airflow/.local/lib/python3.8/site-packages/airflow/models/taskinstance.py", line 433, in _execute_task
    result = execute_callable(context=context, **execute_callable_kwargs)
  File "/home/airflow/.local/lib/python3.8/site-packages/airflow/operators/python.py", line 199, in execute
    return_value = self.execute_callable()
  File "/home/airflow/.local/lib/python3.8/site-packages/airflow/operators/python.py", line 216, in execute_callable
    return self.python_callable(*self.op_args, **self.op_kwargs)
TypeError: transform_data() missing 1 required positional argument: 'df'
[2025-12-17T04:59:16.830+0000] {taskinstance.py:1138} INFO - Marking task as UP_FOR_RETRY. dag_id=etl_***, task_id=transform, execution_date=20250416T000000, start_date=20251217T045916, end_date=20251217T045916
[2025-12-17T04:59:16.869+0000] {standard_task_runner.py:107} ERROR - Failed to execute job 1880 for task transform (transform_data() missing 1 required positional argument: 'df'; 6424)
[2025-12-17T04:59:16.927+0000] {local_task_job_runner.py:234} INFO - Task exited with return code 1
[2025-12-17T04:59:16.960+0000] {taskinstance.py:3280} INFO - 0 downstream tasks scheduled from follow-on schedule check
