[2025-12-16T17:11:57.346+0000] {taskinstance.py:1956} INFO - Dependencies all met for dep_context=non-requeueable deps ti=<TaskInstance: etl_airflow.transform scheduled__2024-06-09T00:00:00+00:00 [queued]>
[2025-12-16T17:11:57.369+0000] {taskinstance.py:1956} INFO - Dependencies all met for dep_context=requeueable deps ti=<TaskInstance: etl_airflow.transform scheduled__2024-06-09T00:00:00+00:00 [queued]>
[2025-12-16T17:11:57.371+0000] {taskinstance.py:2170} INFO - Starting attempt 1 of 3
[2025-12-16T17:11:57.403+0000] {taskinstance.py:2191} INFO - Executing <Task(PythonOperator): transform> on 2024-06-09 00:00:00+00:00
[2025-12-16T17:11:57.418+0000] {standard_task_runner.py:60} INFO - Started process 1795 to run task
[2025-12-16T17:11:57.429+0000] {standard_task_runner.py:87} INFO - Running: ['***', 'tasks', 'run', 'etl_***', 'transform', 'scheduled__2024-06-09T00:00:00+00:00', '--job-id', '4066', '--raw', '--subdir', 'DAGS_FOLDER/etl_dag.py', '--cfg-path', '/tmp/tmpmjp719zz']
[2025-12-16T17:11:57.434+0000] {standard_task_runner.py:88} INFO - Job 4066: Subtask transform
[2025-12-16T17:11:57.675+0000] {task_command.py:423} INFO - Running <TaskInstance: etl_airflow.transform scheduled__2024-06-09T00:00:00+00:00 [running]> on host 3b89cfee50e9
[2025-12-16T17:11:57.928+0000] {taskinstance.py:2480} INFO - Exporting env vars: AIRFLOW_CTX_DAG_OWNER='***' AIRFLOW_CTX_DAG_ID='etl_***' AIRFLOW_CTX_TASK_ID='transform' AIRFLOW_CTX_EXECUTION_DATE='2024-06-09T00:00:00+00:00' AIRFLOW_CTX_TRY_NUMBER='1' AIRFLOW_CTX_DAG_RUN_ID='scheduled__2024-06-09T00:00:00+00:00'
[2025-12-16T17:11:57.940+0000] {logging_mixin.py:188} INFO - [TRANSFORM]
[2025-12-16T17:11:58.451+0000] {logging_mixin.py:188} INFO - [TRANSFORM] done
[2025-12-16T17:11:58.453+0000] {python.py:201} INFO - Done. Returned value was: None
[2025-12-16T17:11:58.485+0000] {taskinstance.py:1138} INFO - Marking task as SUCCESS. dag_id=etl_***, task_id=transform, execution_date=20240609T000000, start_date=20251216T171157, end_date=20251216T171158
[2025-12-16T17:11:58.576+0000] {local_task_job_runner.py:234} INFO - Task exited with return code 0
[2025-12-16T17:11:58.636+0000] {taskinstance.py:3280} INFO - 1 downstream tasks scheduled from follow-on schedule check
[2025-12-17T01:52:54.169+0000] {taskinstance.py:1956} INFO - Dependencies all met for dep_context=non-requeueable deps ti=<TaskInstance: etl_airflow.transform scheduled__2024-06-09T00:00:00+00:00 [queued]>
[2025-12-17T01:52:54.198+0000] {taskinstance.py:1956} INFO - Dependencies all met for dep_context=requeueable deps ti=<TaskInstance: etl_airflow.transform scheduled__2024-06-09T00:00:00+00:00 [queued]>
[2025-12-17T01:52:54.203+0000] {taskinstance.py:2170} INFO - Starting attempt 1 of 3
[2025-12-17T01:52:54.321+0000] {taskinstance.py:2191} INFO - Executing <Task(PythonOperator): transform> on 2024-06-09 00:00:00+00:00
[2025-12-17T01:52:54.343+0000] {standard_task_runner.py:60} INFO - Started process 1754 to run task
[2025-12-17T01:52:54.357+0000] {standard_task_runner.py:87} INFO - Running: ['***', 'tasks', 'run', 'etl_***', 'transform', 'scheduled__2024-06-09T00:00:00+00:00', '--job-id', '489', '--raw', '--subdir', 'DAGS_FOLDER/etl_dag.py', '--cfg-path', '/tmp/tmpm8ktme2u']
[2025-12-17T01:52:54.368+0000] {standard_task_runner.py:88} INFO - Job 489: Subtask transform
[2025-12-17T01:52:54.596+0000] {task_command.py:423} INFO - Running <TaskInstance: etl_airflow.transform scheduled__2024-06-09T00:00:00+00:00 [running]> on host 571e042550da
[2025-12-17T01:52:55.248+0000] {taskinstance.py:2480} INFO - Exporting env vars: AIRFLOW_CTX_DAG_OWNER='***' AIRFLOW_CTX_DAG_ID='etl_***' AIRFLOW_CTX_TASK_ID='transform' AIRFLOW_CTX_EXECUTION_DATE='2024-06-09T00:00:00+00:00' AIRFLOW_CTX_TRY_NUMBER='1' AIRFLOW_CTX_DAG_RUN_ID='scheduled__2024-06-09T00:00:00+00:00'
[2025-12-17T01:52:55.252+0000] {logging_mixin.py:188} INFO - [TRANSFORM]
[2025-12-17T01:52:55.297+0000] {logging_mixin.py:188} INFO - [TRANSFORM] done
[2025-12-17T01:52:55.299+0000] {python.py:201} INFO - Done. Returned value was: None
[2025-12-17T01:52:55.325+0000] {taskinstance.py:1138} INFO - Marking task as SUCCESS. dag_id=etl_***, task_id=transform, execution_date=20240609T000000, start_date=20251217T015254, end_date=20251217T015255
[2025-12-17T01:52:55.396+0000] {local_task_job_runner.py:234} INFO - Task exited with return code 0
[2025-12-17T01:52:55.565+0000] {taskinstance.py:3280} INFO - 0 downstream tasks scheduled from follow-on schedule check
[2025-12-17T04:48:12.786+0000] {taskinstance.py:1956} INFO - Dependencies all met for dep_context=non-requeueable deps ti=<TaskInstance: etl_airflow.transform scheduled__2024-06-09T00:00:00+00:00 [queued]>
[2025-12-17T04:48:12.802+0000] {taskinstance.py:1956} INFO - Dependencies all met for dep_context=requeueable deps ti=<TaskInstance: etl_airflow.transform scheduled__2024-06-09T00:00:00+00:00 [queued]>
[2025-12-17T04:48:12.804+0000] {taskinstance.py:2170} INFO - Starting attempt 1 of 3
[2025-12-17T04:48:12.867+0000] {taskinstance.py:2191} INFO - Executing <Task(PythonOperator): transform> on 2024-06-09 00:00:00+00:00
[2025-12-17T04:48:12.882+0000] {standard_task_runner.py:60} INFO - Started process 2382 to run task
[2025-12-17T04:48:12.887+0000] {standard_task_runner.py:87} INFO - Running: ['***', 'tasks', 'run', 'etl_***', 'transform', 'scheduled__2024-06-09T00:00:00+00:00', '--job-id', '652', '--raw', '--subdir', 'DAGS_FOLDER/etl_***.py', '--cfg-path', '/tmp/tmp5i54ohfh']
[2025-12-17T04:48:12.899+0000] {standard_task_runner.py:88} INFO - Job 652: Subtask transform
[2025-12-17T04:48:13.075+0000] {task_command.py:423} INFO - Running <TaskInstance: etl_airflow.transform scheduled__2024-06-09T00:00:00+00:00 [running]> on host b3426f05ac70
[2025-12-17T04:48:13.558+0000] {taskinstance.py:2480} INFO - Exporting env vars: AIRFLOW_CTX_DAG_OWNER='***' AIRFLOW_CTX_DAG_ID='etl_***' AIRFLOW_CTX_TASK_ID='transform' AIRFLOW_CTX_EXECUTION_DATE='2024-06-09T00:00:00+00:00' AIRFLOW_CTX_TRY_NUMBER='1' AIRFLOW_CTX_DAG_RUN_ID='scheduled__2024-06-09T00:00:00+00:00'
[2025-12-17T04:48:13.561+0000] {taskinstance.py:2698} ERROR - Task failed with exception
Traceback (most recent call last):
  File "/home/airflow/.local/lib/python3.8/site-packages/airflow/models/taskinstance.py", line 433, in _execute_task
    result = execute_callable(context=context, **execute_callable_kwargs)
  File "/home/airflow/.local/lib/python3.8/site-packages/airflow/operators/python.py", line 199, in execute
    return_value = self.execute_callable()
  File "/home/airflow/.local/lib/python3.8/site-packages/airflow/operators/python.py", line 216, in execute_callable
    return self.python_callable(*self.op_args, **self.op_kwargs)
TypeError: transform_data() missing 1 required positional argument: 'df'
[2025-12-17T04:48:13.578+0000] {taskinstance.py:1138} INFO - Marking task as UP_FOR_RETRY. dag_id=etl_***, task_id=transform, execution_date=20240609T000000, start_date=20251217T044812, end_date=20251217T044813
[2025-12-17T04:48:13.667+0000] {standard_task_runner.py:107} ERROR - Failed to execute job 652 for task transform (transform_data() missing 1 required positional argument: 'df'; 2382)
[2025-12-17T04:48:13.737+0000] {local_task_job_runner.py:234} INFO - Task exited with return code 1
[2025-12-17T04:48:14.068+0000] {taskinstance.py:3280} INFO - 0 downstream tasks scheduled from follow-on schedule check
[2025-12-17T07:41:46.869+0000] {taskinstance.py:1956} INFO - Dependencies all met for dep_context=non-requeueable deps ti=<TaskInstance: etl_airflow.transform scheduled__2024-06-09T00:00:00+00:00 [queued]>
[2025-12-17T07:41:46.906+0000] {taskinstance.py:1956} INFO - Dependencies all met for dep_context=requeueable deps ti=<TaskInstance: etl_airflow.transform scheduled__2024-06-09T00:00:00+00:00 [queued]>
[2025-12-17T07:41:46.914+0000] {taskinstance.py:2170} INFO - Starting attempt 1 of 3
[2025-12-17T07:41:46.950+0000] {taskinstance.py:2191} INFO - Executing <Task(PythonOperator): transform> on 2024-06-09 00:00:00+00:00
[2025-12-17T07:41:46.977+0000] {standard_task_runner.py:60} INFO - Started process 2463 to run task
[2025-12-17T07:41:47.018+0000] {standard_task_runner.py:87} INFO - Running: ['***', 'tasks', 'run', 'etl_***', 'transform', 'scheduled__2024-06-09T00:00:00+00:00', '--job-id', '656', '--raw', '--subdir', 'DAGS_FOLDER/etl_***.py', '--cfg-path', '/tmp/tmpe5soiz6z']
[2025-12-17T07:41:47.035+0000] {standard_task_runner.py:88} INFO - Job 656: Subtask transform
[2025-12-17T07:41:47.265+0000] {task_command.py:423} INFO - Running <TaskInstance: etl_airflow.transform scheduled__2024-06-09T00:00:00+00:00 [running]> on host 2a0de06c8905
[2025-12-17T07:41:47.892+0000] {taskinstance.py:2480} INFO - Exporting env vars: AIRFLOW_CTX_DAG_OWNER='***' AIRFLOW_CTX_DAG_ID='etl_***' AIRFLOW_CTX_TASK_ID='transform' AIRFLOW_CTX_EXECUTION_DATE='2024-06-09T00:00:00+00:00' AIRFLOW_CTX_TRY_NUMBER='1' AIRFLOW_CTX_DAG_RUN_ID='scheduled__2024-06-09T00:00:00+00:00'
[2025-12-17T07:41:47.898+0000] {taskinstance.py:2698} ERROR - Task failed with exception
Traceback (most recent call last):
  File "/home/airflow/.local/lib/python3.8/site-packages/airflow/models/taskinstance.py", line 433, in _execute_task
    result = execute_callable(context=context, **execute_callable_kwargs)
  File "/home/airflow/.local/lib/python3.8/site-packages/airflow/operators/python.py", line 199, in execute
    return_value = self.execute_callable()
  File "/home/airflow/.local/lib/python3.8/site-packages/airflow/operators/python.py", line 216, in execute_callable
    return self.python_callable(*self.op_args, **self.op_kwargs)
TypeError: transform_data() missing 1 required positional argument: 'df'
[2025-12-17T07:41:47.925+0000] {taskinstance.py:1138} INFO - Marking task as UP_FOR_RETRY. dag_id=etl_***, task_id=transform, execution_date=20240609T000000, start_date=20251217T074146, end_date=20251217T074147
[2025-12-17T07:41:47.965+0000] {standard_task_runner.py:107} ERROR - Failed to execute job 656 for task transform (transform_data() missing 1 required positional argument: 'df'; 2463)
[2025-12-17T07:41:48.043+0000] {local_task_job_runner.py:234} INFO - Task exited with return code 1
[2025-12-17T07:41:48.453+0000] {taskinstance.py:3280} INFO - 0 downstream tasks scheduled from follow-on schedule check
