[2025-12-17T02:01:05.632+0000] {taskinstance.py:1956} INFO - Dependencies all met for dep_context=non-requeueable deps ti=<TaskInstance: etl_airflow.transform scheduled__2025-10-22T00:00:00+00:00 [queued]>
[2025-12-17T02:01:05.654+0000] {taskinstance.py:1956} INFO - Dependencies all met for dep_context=requeueable deps ti=<TaskInstance: etl_airflow.transform scheduled__2025-10-22T00:00:00+00:00 [queued]>
[2025-12-17T02:01:05.656+0000] {taskinstance.py:2170} INFO - Starting attempt 1 of 3
[2025-12-17T02:01:05.711+0000] {taskinstance.py:2191} INFO - Executing <Task(PythonOperator): transform> on 2025-10-22 00:00:00+00:00
[2025-12-17T02:01:05.724+0000] {standard_task_runner.py:60} INFO - Started process 6591 to run task
[2025-12-17T02:01:05.736+0000] {standard_task_runner.py:87} INFO - Running: ['***', 'tasks', 'run', 'etl_***', 'transform', 'scheduled__2025-10-22T00:00:00+00:00', '--job-id', '2013', '--raw', '--subdir', 'DAGS_FOLDER/etl_dag.py', '--cfg-path', '/tmp/tmp3dgjevwp']
[2025-12-17T02:01:05.746+0000] {standard_task_runner.py:88} INFO - Job 2013: Subtask transform
[2025-12-17T02:01:05.890+0000] {task_command.py:423} INFO - Running <TaskInstance: etl_airflow.transform scheduled__2025-10-22T00:00:00+00:00 [running]> on host 571e042550da
[2025-12-17T02:01:06.502+0000] {taskinstance.py:2480} INFO - Exporting env vars: AIRFLOW_CTX_DAG_OWNER='***' AIRFLOW_CTX_DAG_ID='etl_***' AIRFLOW_CTX_TASK_ID='transform' AIRFLOW_CTX_EXECUTION_DATE='2025-10-22T00:00:00+00:00' AIRFLOW_CTX_TRY_NUMBER='1' AIRFLOW_CTX_DAG_RUN_ID='scheduled__2025-10-22T00:00:00+00:00'
[2025-12-17T02:01:06.504+0000] {logging_mixin.py:188} INFO - [TRANSFORM]
[2025-12-17T02:01:06.553+0000] {logging_mixin.py:188} INFO - [TRANSFORM] done
[2025-12-17T02:01:06.555+0000] {python.py:201} INFO - Done. Returned value was: None
[2025-12-17T02:01:06.581+0000] {taskinstance.py:1138} INFO - Marking task as SUCCESS. dag_id=etl_***, task_id=transform, execution_date=20251022T000000, start_date=20251217T020105, end_date=20251217T020106
[2025-12-17T02:01:06.762+0000] {local_task_job_runner.py:234} INFO - Task exited with return code 0
[2025-12-17T02:01:06.806+0000] {taskinstance.py:3280} INFO - 1 downstream tasks scheduled from follow-on schedule check
[2025-12-17T05:06:09.916+0000] {taskinstance.py:1956} INFO - Dependencies all met for dep_context=non-requeueable deps ti=<TaskInstance: etl_airflow.transform scheduled__2025-10-22T00:00:00+00:00 [queued]>
[2025-12-17T05:06:09.940+0000] {taskinstance.py:1956} INFO - Dependencies all met for dep_context=requeueable deps ti=<TaskInstance: etl_airflow.transform scheduled__2025-10-22T00:00:00+00:00 [queued]>
[2025-12-17T05:06:09.948+0000] {taskinstance.py:2170} INFO - Starting attempt 1 of 3
[2025-12-17T05:06:09.978+0000] {taskinstance.py:2191} INFO - Executing <Task(PythonOperator): transform> on 2025-10-22 00:00:00+00:00
[2025-12-17T05:06:09.989+0000] {standard_task_runner.py:60} INFO - Started process 8944 to run task
[2025-12-17T05:06:09.994+0000] {standard_task_runner.py:87} INFO - Running: ['***', 'tasks', 'run', 'etl_***', 'transform', 'scheduled__2025-10-22T00:00:00+00:00', '--job-id', '2644', '--raw', '--subdir', 'DAGS_FOLDER/etl_***.py', '--cfg-path', '/tmp/tmpvaoy2iyj']
[2025-12-17T05:06:10.005+0000] {standard_task_runner.py:88} INFO - Job 2644: Subtask transform
[2025-12-17T05:06:10.202+0000] {task_command.py:423} INFO - Running <TaskInstance: etl_airflow.transform scheduled__2025-10-22T00:00:00+00:00 [running]> on host b3426f05ac70
[2025-12-17T05:06:10.880+0000] {taskinstance.py:2480} INFO - Exporting env vars: AIRFLOW_CTX_DAG_OWNER='***' AIRFLOW_CTX_DAG_ID='etl_***' AIRFLOW_CTX_TASK_ID='transform' AIRFLOW_CTX_EXECUTION_DATE='2025-10-22T00:00:00+00:00' AIRFLOW_CTX_TRY_NUMBER='1' AIRFLOW_CTX_DAG_RUN_ID='scheduled__2025-10-22T00:00:00+00:00'
[2025-12-17T05:06:10.893+0000] {taskinstance.py:2698} ERROR - Task failed with exception
Traceback (most recent call last):
  File "/home/airflow/.local/lib/python3.8/site-packages/airflow/models/taskinstance.py", line 433, in _execute_task
    result = execute_callable(context=context, **execute_callable_kwargs)
  File "/home/airflow/.local/lib/python3.8/site-packages/airflow/operators/python.py", line 199, in execute
    return_value = self.execute_callable()
  File "/home/airflow/.local/lib/python3.8/site-packages/airflow/operators/python.py", line 216, in execute_callable
    return self.python_callable(*self.op_args, **self.op_kwargs)
TypeError: transform_data() missing 1 required positional argument: 'df'
[2025-12-17T05:06:10.924+0000] {taskinstance.py:1138} INFO - Marking task as UP_FOR_RETRY. dag_id=etl_***, task_id=transform, execution_date=20251022T000000, start_date=20251217T050609, end_date=20251217T050610
[2025-12-17T05:06:10.971+0000] {standard_task_runner.py:107} ERROR - Failed to execute job 2644 for task transform (transform_data() missing 1 required positional argument: 'df'; 8944)
[2025-12-17T05:06:11.040+0000] {local_task_job_runner.py:234} INFO - Task exited with return code 1
[2025-12-17T05:06:11.088+0000] {taskinstance.py:3280} INFO - 0 downstream tasks scheduled from follow-on schedule check
