[2025-12-16T17:14:02.544+0000] {taskinstance.py:1956} INFO - Dependencies all met for dep_context=non-requeueable deps ti=<TaskInstance: etl_airflow.transform scheduled__2024-09-26T00:00:00+00:00 [queued]>
[2025-12-16T17:14:02.585+0000] {taskinstance.py:1956} INFO - Dependencies all met for dep_context=requeueable deps ti=<TaskInstance: etl_airflow.transform scheduled__2024-09-26T00:00:00+00:00 [queued]>
[2025-12-16T17:14:02.591+0000] {taskinstance.py:2170} INFO - Starting attempt 1 of 3
[2025-12-16T17:14:02.673+0000] {taskinstance.py:2191} INFO - Executing <Task(PythonOperator): transform> on 2024-09-26 00:00:00+00:00
[2025-12-16T17:14:02.711+0000] {standard_task_runner.py:60} INFO - Started process 1066 to run task
[2025-12-16T17:14:02.726+0000] {standard_task_runner.py:87} INFO - Running: ['***', 'tasks', 'run', 'etl_***', 'transform', 'scheduled__2024-09-26T00:00:00+00:00', '--job-id', '4415', '--raw', '--subdir', 'DAGS_FOLDER/etl_dag.py', '--cfg-path', '/tmp/tmpo4kpd2zu']
[2025-12-16T17:14:02.743+0000] {standard_task_runner.py:88} INFO - Job 4415: Subtask transform
[2025-12-16T17:14:02.969+0000] {task_command.py:423} INFO - Running <TaskInstance: etl_airflow.transform scheduled__2024-09-26T00:00:00+00:00 [running]> on host 3b89cfee50e9
[2025-12-16T17:14:03.673+0000] {taskinstance.py:2480} INFO - Exporting env vars: AIRFLOW_CTX_DAG_OWNER='***' AIRFLOW_CTX_DAG_ID='etl_***' AIRFLOW_CTX_TASK_ID='transform' AIRFLOW_CTX_EXECUTION_DATE='2024-09-26T00:00:00+00:00' AIRFLOW_CTX_TRY_NUMBER='1' AIRFLOW_CTX_DAG_RUN_ID='scheduled__2024-09-26T00:00:00+00:00'
[2025-12-16T17:14:03.692+0000] {logging_mixin.py:188} INFO - [TRANSFORM]
[2025-12-16T17:14:04.200+0000] {logging_mixin.py:188} INFO - [TRANSFORM] done
[2025-12-16T17:14:04.204+0000] {python.py:201} INFO - Done. Returned value was: None
[2025-12-16T17:14:04.243+0000] {taskinstance.py:1138} INFO - Marking task as SUCCESS. dag_id=etl_***, task_id=transform, execution_date=20240926T000000, start_date=20251216T171402, end_date=20251216T171404
[2025-12-16T17:14:04.364+0000] {local_task_job_runner.py:234} INFO - Task exited with return code 0
[2025-12-16T17:14:04.441+0000] {taskinstance.py:3280} INFO - 1 downstream tasks scheduled from follow-on schedule check
[2025-12-17T01:54:55.977+0000] {taskinstance.py:1956} INFO - Dependencies all met for dep_context=non-requeueable deps ti=<TaskInstance: etl_airflow.transform scheduled__2024-09-26T00:00:00+00:00 [queued]>
[2025-12-17T01:54:56.012+0000] {taskinstance.py:1956} INFO - Dependencies all met for dep_context=requeueable deps ti=<TaskInstance: etl_airflow.transform scheduled__2024-09-26T00:00:00+00:00 [queued]>
[2025-12-17T01:54:56.014+0000] {taskinstance.py:2170} INFO - Starting attempt 1 of 3
[2025-12-17T01:54:56.053+0000] {taskinstance.py:2191} INFO - Executing <Task(PythonOperator): transform> on 2024-09-26 00:00:00+00:00
[2025-12-17T01:54:56.065+0000] {standard_task_runner.py:60} INFO - Started process 2840 to run task
[2025-12-17T01:54:56.072+0000] {standard_task_runner.py:87} INFO - Running: ['***', 'tasks', 'run', 'etl_***', 'transform', 'scheduled__2024-09-26T00:00:00+00:00', '--job-id', '829', '--raw', '--subdir', 'DAGS_FOLDER/etl_dag.py', '--cfg-path', '/tmp/tmprt52dsva']
[2025-12-17T01:54:56.080+0000] {standard_task_runner.py:88} INFO - Job 829: Subtask transform
[2025-12-17T01:54:56.237+0000] {task_command.py:423} INFO - Running <TaskInstance: etl_airflow.transform scheduled__2024-09-26T00:00:00+00:00 [running]> on host 571e042550da
[2025-12-17T01:54:56.681+0000] {taskinstance.py:2480} INFO - Exporting env vars: AIRFLOW_CTX_DAG_OWNER='***' AIRFLOW_CTX_DAG_ID='etl_***' AIRFLOW_CTX_TASK_ID='transform' AIRFLOW_CTX_EXECUTION_DATE='2024-09-26T00:00:00+00:00' AIRFLOW_CTX_TRY_NUMBER='1' AIRFLOW_CTX_DAG_RUN_ID='scheduled__2024-09-26T00:00:00+00:00'
[2025-12-17T01:54:56.685+0000] {logging_mixin.py:188} INFO - [TRANSFORM]
[2025-12-17T01:54:56.733+0000] {logging_mixin.py:188} INFO - [TRANSFORM] done
[2025-12-17T01:54:56.734+0000] {python.py:201} INFO - Done. Returned value was: None
[2025-12-17T01:54:56.757+0000] {taskinstance.py:1138} INFO - Marking task as SUCCESS. dag_id=etl_***, task_id=transform, execution_date=20240926T000000, start_date=20251217T015455, end_date=20251217T015456
[2025-12-17T01:54:56.934+0000] {local_task_job_runner.py:234} INFO - Task exited with return code 0
[2025-12-17T01:54:57.174+0000] {taskinstance.py:3280} INFO - 0 downstream tasks scheduled from follow-on schedule check
[2025-12-17T04:51:43.357+0000] {taskinstance.py:1956} INFO - Dependencies all met for dep_context=non-requeueable deps ti=<TaskInstance: etl_airflow.transform scheduled__2024-09-26T00:00:00+00:00 [queued]>
[2025-12-17T04:51:43.369+0000] {taskinstance.py:1956} INFO - Dependencies all met for dep_context=requeueable deps ti=<TaskInstance: etl_airflow.transform scheduled__2024-09-26T00:00:00+00:00 [queued]>
[2025-12-17T04:51:43.370+0000] {taskinstance.py:2170} INFO - Starting attempt 1 of 3
[2025-12-17T04:51:43.390+0000] {taskinstance.py:2191} INFO - Executing <Task(PythonOperator): transform> on 2024-09-26 00:00:00+00:00
[2025-12-17T04:51:43.400+0000] {standard_task_runner.py:60} INFO - Started process 3695 to run task
[2025-12-17T04:51:43.404+0000] {standard_task_runner.py:87} INFO - Running: ['***', 'tasks', 'run', 'etl_***', 'transform', 'scheduled__2024-09-26T00:00:00+00:00', '--job-id', '1055', '--raw', '--subdir', 'DAGS_FOLDER/etl_***.py', '--cfg-path', '/tmp/tmpxizsbkqd']
[2025-12-17T04:51:43.408+0000] {standard_task_runner.py:88} INFO - Job 1055: Subtask transform
[2025-12-17T04:51:43.583+0000] {task_command.py:423} INFO - Running <TaskInstance: etl_airflow.transform scheduled__2024-09-26T00:00:00+00:00 [running]> on host b3426f05ac70
[2025-12-17T04:51:43.926+0000] {taskinstance.py:2480} INFO - Exporting env vars: AIRFLOW_CTX_DAG_OWNER='***' AIRFLOW_CTX_DAG_ID='etl_***' AIRFLOW_CTX_TASK_ID='transform' AIRFLOW_CTX_EXECUTION_DATE='2024-09-26T00:00:00+00:00' AIRFLOW_CTX_TRY_NUMBER='1' AIRFLOW_CTX_DAG_RUN_ID='scheduled__2024-09-26T00:00:00+00:00'
[2025-12-17T04:51:43.928+0000] {taskinstance.py:2698} ERROR - Task failed with exception
Traceback (most recent call last):
  File "/home/airflow/.local/lib/python3.8/site-packages/airflow/models/taskinstance.py", line 433, in _execute_task
    result = execute_callable(context=context, **execute_callable_kwargs)
  File "/home/airflow/.local/lib/python3.8/site-packages/airflow/operators/python.py", line 199, in execute
    return_value = self.execute_callable()
  File "/home/airflow/.local/lib/python3.8/site-packages/airflow/operators/python.py", line 216, in execute_callable
    return self.python_callable(*self.op_args, **self.op_kwargs)
TypeError: transform_data() missing 1 required positional argument: 'df'
[2025-12-17T04:51:43.941+0000] {taskinstance.py:1138} INFO - Marking task as UP_FOR_RETRY. dag_id=etl_***, task_id=transform, execution_date=20240926T000000, start_date=20251217T045143, end_date=20251217T045143
[2025-12-17T04:51:43.957+0000] {standard_task_runner.py:107} ERROR - Failed to execute job 1055 for task transform (transform_data() missing 1 required positional argument: 'df'; 3695)
[2025-12-17T04:51:43.980+0000] {local_task_job_runner.py:234} INFO - Task exited with return code 1
[2025-12-17T04:51:44.032+0000] {taskinstance.py:3280} INFO - 0 downstream tasks scheduled from follow-on schedule check
[2025-12-17T07:45:41.324+0000] {taskinstance.py:1956} INFO - Dependencies all met for dep_context=non-requeueable deps ti=<TaskInstance: etl_airflow.transform scheduled__2024-09-26T00:00:00+00:00 [queued]>
[2025-12-17T07:45:41.340+0000] {taskinstance.py:1956} INFO - Dependencies all met for dep_context=requeueable deps ti=<TaskInstance: etl_airflow.transform scheduled__2024-09-26T00:00:00+00:00 [queued]>
[2025-12-17T07:45:41.341+0000] {taskinstance.py:2170} INFO - Starting attempt 1 of 3
[2025-12-17T07:45:41.366+0000] {taskinstance.py:2191} INFO - Executing <Task(PythonOperator): transform> on 2024-09-26 00:00:00+00:00
[2025-12-17T07:45:41.373+0000] {standard_task_runner.py:60} INFO - Started process 3776 to run task
[2025-12-17T07:45:41.379+0000] {standard_task_runner.py:87} INFO - Running: ['***', 'tasks', 'run', 'etl_***', 'transform', 'scheduled__2024-09-26T00:00:00+00:00', '--job-id', '1057', '--raw', '--subdir', 'DAGS_FOLDER/etl_***.py', '--cfg-path', '/tmp/tmpcxhm1lfz']
[2025-12-17T07:45:41.385+0000] {standard_task_runner.py:88} INFO - Job 1057: Subtask transform
[2025-12-17T07:45:41.536+0000] {task_command.py:423} INFO - Running <TaskInstance: etl_airflow.transform scheduled__2024-09-26T00:00:00+00:00 [running]> on host 2a0de06c8905
[2025-12-17T07:45:41.951+0000] {taskinstance.py:2480} INFO - Exporting env vars: AIRFLOW_CTX_DAG_OWNER='***' AIRFLOW_CTX_DAG_ID='etl_***' AIRFLOW_CTX_TASK_ID='transform' AIRFLOW_CTX_EXECUTION_DATE='2024-09-26T00:00:00+00:00' AIRFLOW_CTX_TRY_NUMBER='1' AIRFLOW_CTX_DAG_RUN_ID='scheduled__2024-09-26T00:00:00+00:00'
[2025-12-17T07:45:41.963+0000] {taskinstance.py:2698} ERROR - Task failed with exception
Traceback (most recent call last):
  File "/home/airflow/.local/lib/python3.8/site-packages/airflow/models/taskinstance.py", line 433, in _execute_task
    result = execute_callable(context=context, **execute_callable_kwargs)
  File "/home/airflow/.local/lib/python3.8/site-packages/airflow/operators/python.py", line 199, in execute
    return_value = self.execute_callable()
  File "/home/airflow/.local/lib/python3.8/site-packages/airflow/operators/python.py", line 216, in execute_callable
    return self.python_callable(*self.op_args, **self.op_kwargs)
TypeError: transform_data() missing 1 required positional argument: 'df'
[2025-12-17T07:45:41.988+0000] {taskinstance.py:1138} INFO - Marking task as UP_FOR_RETRY. dag_id=etl_***, task_id=transform, execution_date=20240926T000000, start_date=20251217T074541, end_date=20251217T074541
[2025-12-17T07:45:42.005+0000] {standard_task_runner.py:107} ERROR - Failed to execute job 1057 for task transform (transform_data() missing 1 required positional argument: 'df'; 3776)
[2025-12-17T07:45:42.037+0000] {local_task_job_runner.py:234} INFO - Task exited with return code 1
[2025-12-17T07:45:42.070+0000] {taskinstance.py:3280} INFO - 0 downstream tasks scheduled from follow-on schedule check
