[2025-12-16T17:13:02.913+0000] {taskinstance.py:1956} INFO - Dependencies all met for dep_context=non-requeueable deps ti=<TaskInstance: etl_airflow.load scheduled__2024-07-15T00:00:00+00:00 [queued]>
[2025-12-16T17:13:02.943+0000] {taskinstance.py:1956} INFO - Dependencies all met for dep_context=requeueable deps ti=<TaskInstance: etl_airflow.load scheduled__2024-07-15T00:00:00+00:00 [queued]>
[2025-12-16T17:13:02.945+0000] {taskinstance.py:2170} INFO - Starting attempt 1 of 3
[2025-12-16T17:13:03.227+0000] {taskinstance.py:2191} INFO - Executing <Task(PythonOperator): load> on 2024-07-15 00:00:00+00:00
[2025-12-16T17:13:03.258+0000] {standard_task_runner.py:60} INFO - Started process 465 to run task
[2025-12-16T17:13:03.265+0000] {standard_task_runner.py:87} INFO - Running: ['***', 'tasks', 'run', 'etl_***', 'load', 'scheduled__2024-07-15T00:00:00+00:00', '--job-id', '4222', '--raw', '--subdir', 'DAGS_FOLDER/etl_dag.py', '--cfg-path', '/tmp/tmp9iah_89a']
[2025-12-16T17:13:03.273+0000] {standard_task_runner.py:88} INFO - Job 4222: Subtask load
[2025-12-16T17:13:03.521+0000] {task_command.py:423} INFO - Running <TaskInstance: etl_airflow.load scheduled__2024-07-15T00:00:00+00:00 [running]> on host 3b89cfee50e9
[2025-12-16T17:13:03.826+0000] {taskinstance.py:2480} INFO - Exporting env vars: AIRFLOW_CTX_DAG_OWNER='***' AIRFLOW_CTX_DAG_ID='etl_***' AIRFLOW_CTX_TASK_ID='load' AIRFLOW_CTX_EXECUTION_DATE='2024-07-15T00:00:00+00:00' AIRFLOW_CTX_TRY_NUMBER='1' AIRFLOW_CTX_DAG_RUN_ID='scheduled__2024-07-15T00:00:00+00:00'
[2025-12-16T17:13:03.830+0000] {logging_mixin.py:188} INFO - [LOAD]
[2025-12-16T17:13:04.218+0000] {logging_mixin.py:188} INFO -    user_id event_type            timestamp country
0        1      login  2025-01-01T09:00:00      IN
1        1      click  2025-01-01T09:05:00      IN
2        1     logout  2025-01-01T09:15:00      IN
3        3      login  2025-01-02T08:00:00      FR
4        3      click  2025-01-02T08:05:00      FR
[2025-12-16T17:13:04.221+0000] {logging_mixin.py:188} INFO - [LOAD] done
[2025-12-16T17:13:04.223+0000] {python.py:201} INFO - Done. Returned value was: None
[2025-12-16T17:13:04.244+0000] {taskinstance.py:1138} INFO - Marking task as SUCCESS. dag_id=etl_***, task_id=load, execution_date=20240715T000000, start_date=20251216T171302, end_date=20251216T171304
[2025-12-16T17:13:04.332+0000] {local_task_job_runner.py:234} INFO - Task exited with return code 0
[2025-12-16T17:13:04.637+0000] {taskinstance.py:3280} INFO - 0 downstream tasks scheduled from follow-on schedule check
[2025-12-17T01:53:39.369+0000] {taskinstance.py:1956} INFO - Dependencies all met for dep_context=non-requeueable deps ti=<TaskInstance: etl_airflow.load scheduled__2024-07-15T00:00:00+00:00 [queued]>
[2025-12-17T01:53:39.399+0000] {taskinstance.py:1956} INFO - Dependencies all met for dep_context=requeueable deps ti=<TaskInstance: etl_airflow.load scheduled__2024-07-15T00:00:00+00:00 [queued]>
[2025-12-17T01:53:39.400+0000] {taskinstance.py:2170} INFO - Starting attempt 1 of 3
[2025-12-17T01:53:39.437+0000] {taskinstance.py:2191} INFO - Executing <Task(PythonOperator): load> on 2024-07-15 00:00:00+00:00
[2025-12-17T01:53:39.449+0000] {standard_task_runner.py:60} INFO - Started process 2175 to run task
[2025-12-17T01:53:39.463+0000] {standard_task_runner.py:87} INFO - Running: ['***', 'tasks', 'run', 'etl_***', 'load', 'scheduled__2024-07-15T00:00:00+00:00', '--job-id', '618', '--raw', '--subdir', 'DAGS_FOLDER/etl_dag.py', '--cfg-path', '/tmp/tmpwg9m02qz']
[2025-12-17T01:53:39.471+0000] {standard_task_runner.py:88} INFO - Job 618: Subtask load
[2025-12-17T01:53:39.661+0000] {task_command.py:423} INFO - Running <TaskInstance: etl_airflow.load scheduled__2024-07-15T00:00:00+00:00 [running]> on host 571e042550da
[2025-12-17T01:53:40.235+0000] {taskinstance.py:2480} INFO - Exporting env vars: AIRFLOW_CTX_DAG_OWNER='***' AIRFLOW_CTX_DAG_ID='etl_***' AIRFLOW_CTX_TASK_ID='load' AIRFLOW_CTX_EXECUTION_DATE='2024-07-15T00:00:00+00:00' AIRFLOW_CTX_TRY_NUMBER='1' AIRFLOW_CTX_DAG_RUN_ID='scheduled__2024-07-15T00:00:00+00:00'
[2025-12-17T01:53:40.239+0000] {logging_mixin.py:188} INFO - [LOAD]
[2025-12-17T01:53:40.285+0000] {logging_mixin.py:188} INFO -    user_id event_type            timestamp country
0        1      login  2025-01-01T09:00:00      IN
1        1      click  2025-01-01T09:05:00      IN
2        1     logout  2025-01-01T09:15:00      IN
3        3      login  2025-01-02T08:00:00      FR
4        3      click  2025-01-02T08:05:00      FR
[2025-12-17T01:53:40.286+0000] {logging_mixin.py:188} INFO - [LOAD] done
[2025-12-17T01:53:40.287+0000] {python.py:201} INFO - Done. Returned value was: None
[2025-12-17T01:53:40.315+0000] {taskinstance.py:1138} INFO - Marking task as SUCCESS. dag_id=etl_***, task_id=load, execution_date=20240715T000000, start_date=20251217T015339, end_date=20251217T015340
[2025-12-17T01:53:40.390+0000] {local_task_job_runner.py:234} INFO - Task exited with return code 0
[2025-12-17T01:53:40.609+0000] {taskinstance.py:3280} INFO - 0 downstream tasks scheduled from follow-on schedule check
