[2025-12-16T17:17:04.609+0000] {taskinstance.py:1956} INFO - Dependencies all met for dep_context=non-requeueable deps ti=<TaskInstance: etl_airflow.load scheduled__2025-03-25T00:00:00+00:00 [queued]>
[2025-12-16T17:17:04.631+0000] {taskinstance.py:1956} INFO - Dependencies all met for dep_context=requeueable deps ti=<TaskInstance: etl_airflow.load scheduled__2025-03-25T00:00:00+00:00 [queued]>
[2025-12-16T17:17:04.633+0000] {taskinstance.py:2170} INFO - Starting attempt 1 of 3
[2025-12-16T17:17:04.671+0000] {taskinstance.py:2191} INFO - Executing <Task(PythonOperator): load> on 2025-03-25 00:00:00+00:00
[2025-12-16T17:17:04.687+0000] {standard_task_runner.py:60} INFO - Started process 3157 to run task
[2025-12-16T17:17:04.694+0000] {standard_task_runner.py:87} INFO - Running: ['***', 'tasks', 'run', 'etl_***', 'load', 'scheduled__2025-03-25T00:00:00+00:00', '--job-id', '5077', '--raw', '--subdir', 'DAGS_FOLDER/etl_dag.py', '--cfg-path', '/tmp/tmpf9xmd_ap']
[2025-12-16T17:17:04.702+0000] {standard_task_runner.py:88} INFO - Job 5077: Subtask load
[2025-12-16T17:17:04.942+0000] {task_command.py:423} INFO - Running <TaskInstance: etl_airflow.load scheduled__2025-03-25T00:00:00+00:00 [running]> on host 3b89cfee50e9
[2025-12-16T17:17:05.226+0000] {taskinstance.py:2480} INFO - Exporting env vars: AIRFLOW_CTX_DAG_OWNER='***' AIRFLOW_CTX_DAG_ID='etl_***' AIRFLOW_CTX_TASK_ID='load' AIRFLOW_CTX_EXECUTION_DATE='2025-03-25T00:00:00+00:00' AIRFLOW_CTX_TRY_NUMBER='1' AIRFLOW_CTX_DAG_RUN_ID='scheduled__2025-03-25T00:00:00+00:00'
[2025-12-16T17:17:05.237+0000] {logging_mixin.py:188} INFO - [LOAD]
[2025-12-16T17:17:05.778+0000] {logging_mixin.py:188} INFO -    user_id event_type            timestamp country
0        1      login  2025-01-01T09:00:00      IN
1        1      click  2025-01-01T09:05:00      IN
2        1     logout  2025-01-01T09:15:00      IN
3        3      login  2025-01-02T08:00:00      FR
4        3      click  2025-01-02T08:05:00      FR
[2025-12-16T17:17:05.780+0000] {logging_mixin.py:188} INFO - [LOAD] done
[2025-12-16T17:17:05.782+0000] {python.py:201} INFO - Done. Returned value was: None
[2025-12-16T17:17:05.805+0000] {taskinstance.py:1138} INFO - Marking task as SUCCESS. dag_id=etl_***, task_id=load, execution_date=20250325T000000, start_date=20251216T171704, end_date=20251216T171705
[2025-12-16T17:17:05.859+0000] {local_task_job_runner.py:234} INFO - Task exited with return code 0
[2025-12-16T17:17:06.084+0000] {taskinstance.py:3280} INFO - 0 downstream tasks scheduled from follow-on schedule check
[2025-12-17T01:57:57.073+0000] {taskinstance.py:1956} INFO - Dependencies all met for dep_context=non-requeueable deps ti=<TaskInstance: etl_airflow.load scheduled__2025-03-25T00:00:00+00:00 [queued]>
[2025-12-17T01:57:57.094+0000] {taskinstance.py:1956} INFO - Dependencies all met for dep_context=requeueable deps ti=<TaskInstance: etl_airflow.load scheduled__2025-03-25T00:00:00+00:00 [queued]>
[2025-12-17T01:57:57.098+0000] {taskinstance.py:2170} INFO - Starting attempt 1 of 3
[2025-12-17T01:57:57.129+0000] {taskinstance.py:2191} INFO - Executing <Task(PythonOperator): load> on 2025-03-25 00:00:00+00:00
[2025-12-17T01:57:57.143+0000] {standard_task_runner.py:60} INFO - Started process 4585 to run task
[2025-12-17T01:57:57.152+0000] {standard_task_runner.py:87} INFO - Running: ['***', 'tasks', 'run', 'etl_***', 'load', 'scheduled__2025-03-25T00:00:00+00:00', '--job-id', '1381', '--raw', '--subdir', 'DAGS_FOLDER/etl_dag.py', '--cfg-path', '/tmp/tmp5njfpcfm']
[2025-12-17T01:57:57.157+0000] {standard_task_runner.py:88} INFO - Job 1381: Subtask load
[2025-12-17T01:57:57.320+0000] {task_command.py:423} INFO - Running <TaskInstance: etl_airflow.load scheduled__2025-03-25T00:00:00+00:00 [running]> on host 571e042550da
[2025-12-17T01:57:57.900+0000] {taskinstance.py:2480} INFO - Exporting env vars: AIRFLOW_CTX_DAG_OWNER='***' AIRFLOW_CTX_DAG_ID='etl_***' AIRFLOW_CTX_TASK_ID='load' AIRFLOW_CTX_EXECUTION_DATE='2025-03-25T00:00:00+00:00' AIRFLOW_CTX_TRY_NUMBER='1' AIRFLOW_CTX_DAG_RUN_ID='scheduled__2025-03-25T00:00:00+00:00'
[2025-12-17T01:57:57.907+0000] {logging_mixin.py:188} INFO - [LOAD]
[2025-12-17T01:57:57.964+0000] {logging_mixin.py:188} INFO -    user_id event_type            timestamp country
0        1      login  2025-01-01T09:00:00      IN
1        1      click  2025-01-01T09:05:00      IN
2        1     logout  2025-01-01T09:15:00      IN
3        3      login  2025-01-02T08:00:00      FR
4        3      click  2025-01-02T08:05:00      FR
[2025-12-17T01:57:57.966+0000] {logging_mixin.py:188} INFO - [LOAD] done
[2025-12-17T01:57:57.968+0000] {python.py:201} INFO - Done. Returned value was: None
[2025-12-17T01:57:58.009+0000] {taskinstance.py:1138} INFO - Marking task as SUCCESS. dag_id=etl_***, task_id=load, execution_date=20250325T000000, start_date=20251217T015757, end_date=20251217T015758
[2025-12-17T01:57:58.095+0000] {local_task_job_runner.py:234} INFO - Task exited with return code 0
[2025-12-17T01:57:58.130+0000] {taskinstance.py:3280} INFO - 0 downstream tasks scheduled from follow-on schedule check
