[2025-12-17T02:00:22.765+0000] {taskinstance.py:1956} INFO - Dependencies all met for dep_context=non-requeueable deps ti=<TaskInstance: etl_airflow.transform scheduled__2025-08-27T00:00:00+00:00 [queued]>
[2025-12-17T02:00:22.792+0000] {taskinstance.py:1956} INFO - Dependencies all met for dep_context=requeueable deps ti=<TaskInstance: etl_airflow.transform scheduled__2025-08-27T00:00:00+00:00 [queued]>
[2025-12-17T02:00:22.795+0000] {taskinstance.py:2170} INFO - Starting attempt 1 of 3
[2025-12-17T02:00:22.829+0000] {taskinstance.py:2191} INFO - Executing <Task(PythonOperator): transform> on 2025-08-27 00:00:00+00:00
[2025-12-17T02:00:22.840+0000] {standard_task_runner.py:60} INFO - Started process 6101 to run task
[2025-12-17T02:00:22.851+0000] {standard_task_runner.py:87} INFO - Running: ['***', 'tasks', 'run', 'etl_***', 'transform', 'scheduled__2025-08-27T00:00:00+00:00', '--job-id', '1856', '--raw', '--subdir', 'DAGS_FOLDER/etl_dag.py', '--cfg-path', '/tmp/tmp866ran57']
[2025-12-17T02:00:22.858+0000] {standard_task_runner.py:88} INFO - Job 1856: Subtask transform
[2025-12-17T02:00:23.021+0000] {task_command.py:423} INFO - Running <TaskInstance: etl_airflow.transform scheduled__2025-08-27T00:00:00+00:00 [running]> on host 571e042550da
[2025-12-17T02:00:23.595+0000] {taskinstance.py:2480} INFO - Exporting env vars: AIRFLOW_CTX_DAG_OWNER='***' AIRFLOW_CTX_DAG_ID='etl_***' AIRFLOW_CTX_TASK_ID='transform' AIRFLOW_CTX_EXECUTION_DATE='2025-08-27T00:00:00+00:00' AIRFLOW_CTX_TRY_NUMBER='1' AIRFLOW_CTX_DAG_RUN_ID='scheduled__2025-08-27T00:00:00+00:00'
[2025-12-17T02:00:23.602+0000] {logging_mixin.py:188} INFO - [TRANSFORM]
[2025-12-17T02:00:23.639+0000] {logging_mixin.py:188} INFO - [TRANSFORM] done
[2025-12-17T02:00:23.640+0000] {python.py:201} INFO - Done. Returned value was: None
[2025-12-17T02:00:23.661+0000] {taskinstance.py:1138} INFO - Marking task as SUCCESS. dag_id=etl_***, task_id=transform, execution_date=20250827T000000, start_date=20251217T020022, end_date=20251217T020023
[2025-12-17T02:00:23.761+0000] {local_task_job_runner.py:234} INFO - Task exited with return code 0
[2025-12-17T02:00:24.061+0000] {taskinstance.py:3280} INFO - 0 downstream tasks scheduled from follow-on schedule check
[2025-12-17T05:03:48.257+0000] {taskinstance.py:1956} INFO - Dependencies all met for dep_context=non-requeueable deps ti=<TaskInstance: etl_airflow.transform scheduled__2025-08-27T00:00:00+00:00 [queued]>
[2025-12-17T05:03:48.271+0000] {taskinstance.py:1956} INFO - Dependencies all met for dep_context=requeueable deps ti=<TaskInstance: etl_airflow.transform scheduled__2025-08-27T00:00:00+00:00 [queued]>
[2025-12-17T05:03:48.272+0000] {taskinstance.py:2170} INFO - Starting attempt 1 of 3
[2025-12-17T05:03:48.291+0000] {taskinstance.py:2191} INFO - Executing <Task(PythonOperator): transform> on 2025-08-27 00:00:00+00:00
[2025-12-17T05:03:48.300+0000] {standard_task_runner.py:60} INFO - Started process 8122 to run task
[2025-12-17T05:03:48.306+0000] {standard_task_runner.py:87} INFO - Running: ['***', 'tasks', 'run', 'etl_***', 'transform', 'scheduled__2025-08-27T00:00:00+00:00', '--job-id', '2398', '--raw', '--subdir', 'DAGS_FOLDER/etl_***.py', '--cfg-path', '/tmp/tmppy37bkfb']
[2025-12-17T05:03:48.309+0000] {standard_task_runner.py:88} INFO - Job 2398: Subtask transform
[2025-12-17T05:03:48.413+0000] {task_command.py:423} INFO - Running <TaskInstance: etl_airflow.transform scheduled__2025-08-27T00:00:00+00:00 [running]> on host b3426f05ac70
[2025-12-17T05:03:48.734+0000] {taskinstance.py:2480} INFO - Exporting env vars: AIRFLOW_CTX_DAG_OWNER='***' AIRFLOW_CTX_DAG_ID='etl_***' AIRFLOW_CTX_TASK_ID='transform' AIRFLOW_CTX_EXECUTION_DATE='2025-08-27T00:00:00+00:00' AIRFLOW_CTX_TRY_NUMBER='1' AIRFLOW_CTX_DAG_RUN_ID='scheduled__2025-08-27T00:00:00+00:00'
[2025-12-17T05:03:48.738+0000] {taskinstance.py:2698} ERROR - Task failed with exception
Traceback (most recent call last):
  File "/home/airflow/.local/lib/python3.8/site-packages/airflow/models/taskinstance.py", line 433, in _execute_task
    result = execute_callable(context=context, **execute_callable_kwargs)
  File "/home/airflow/.local/lib/python3.8/site-packages/airflow/operators/python.py", line 199, in execute
    return_value = self.execute_callable()
  File "/home/airflow/.local/lib/python3.8/site-packages/airflow/operators/python.py", line 216, in execute_callable
    return self.python_callable(*self.op_args, **self.op_kwargs)
TypeError: transform_data() missing 1 required positional argument: 'df'
[2025-12-17T05:03:48.762+0000] {taskinstance.py:1138} INFO - Marking task as UP_FOR_RETRY. dag_id=etl_***, task_id=transform, execution_date=20250827T000000, start_date=20251217T050348, end_date=20251217T050348
[2025-12-17T05:03:48.787+0000] {standard_task_runner.py:107} ERROR - Failed to execute job 2398 for task transform (transform_data() missing 1 required positional argument: 'df'; 8122)
[2025-12-17T05:03:48.840+0000] {local_task_job_runner.py:234} INFO - Task exited with return code 1
[2025-12-17T05:03:48.876+0000] {taskinstance.py:3280} INFO - 0 downstream tasks scheduled from follow-on schedule check
