[2025-12-16T16:29:10.893+0000] {taskinstance.py:1956} INFO - Dependencies all met for dep_context=non-requeueable deps ti=<TaskInstance: etl_airflow.extract scheduled__2024-01-11T00:00:00+00:00 [queued]>
[2025-12-16T16:29:10.917+0000] {taskinstance.py:1956} INFO - Dependencies all met for dep_context=requeueable deps ti=<TaskInstance: etl_airflow.extract scheduled__2024-01-11T00:00:00+00:00 [queued]>
[2025-12-16T16:29:10.924+0000] {taskinstance.py:2170} INFO - Starting attempt 2 of 3
[2025-12-16T16:29:10.964+0000] {taskinstance.py:2191} INFO - Executing <Task(PythonOperator): extract> on 2024-01-11 00:00:00+00:00
[2025-12-16T16:29:10.980+0000] {standard_task_runner.py:60} INFO - Started process 484 to run task
[2025-12-16T16:29:10.989+0000] {standard_task_runner.py:87} INFO - Running: ['***', 'tasks', 'run', 'etl_***', 'extract', 'scheduled__2024-01-11T00:00:00+00:00', '--job-id', '27', '--raw', '--subdir', 'DAGS_FOLDER/etl_dag.py', '--cfg-path', '/tmp/tmp_wa5u_kt']
[2025-12-16T16:29:10.996+0000] {standard_task_runner.py:88} INFO - Job 27: Subtask extract
[2025-12-16T16:29:11.185+0000] {task_command.py:423} INFO - Running <TaskInstance: etl_airflow.extract scheduled__2024-01-11T00:00:00+00:00 [running]> on host 528de643acfe
[2025-12-16T16:29:11.423+0000] {taskinstance.py:2480} INFO - Exporting env vars: AIRFLOW_CTX_DAG_OWNER='***' AIRFLOW_CTX_DAG_ID='etl_***' AIRFLOW_CTX_TASK_ID='extract' AIRFLOW_CTX_EXECUTION_DATE='2024-01-11T00:00:00+00:00' AIRFLOW_CTX_TRY_NUMBER='2' AIRFLOW_CTX_DAG_RUN_ID='scheduled__2024-01-11T00:00:00+00:00'
[2025-12-16T16:29:12.015+0000] {logging_mixin.py:188} INFO - Extracting data from /opt/***/data/input.csv
[2025-12-16T16:29:12.021+0000] {taskinstance.py:2698} ERROR - Task failed with exception
Traceback (most recent call last):
  File "/home/airflow/.local/lib/python3.8/site-packages/airflow/models/taskinstance.py", line 433, in _execute_task
    result = execute_callable(context=context, **execute_callable_kwargs)
  File "/home/airflow/.local/lib/python3.8/site-packages/airflow/operators/python.py", line 199, in execute
    return_value = self.execute_callable()
  File "/home/airflow/.local/lib/python3.8/site-packages/airflow/operators/python.py", line 216, in execute_callable
    return self.python_callable(*self.op_args, **self.op_kwargs)
  File "/opt/airflow/dags/etl_logic/pipeline.py", line 92, in extract_data
    return pd.read_csv(input_path)
  File "/home/airflow/.local/lib/python3.8/site-packages/pandas/io/parsers/readers.py", line 912, in read_csv
    return _read(filepath_or_buffer, kwds)
  File "/home/airflow/.local/lib/python3.8/site-packages/pandas/io/parsers/readers.py", line 577, in _read
    parser = TextFileReader(filepath_or_buffer, **kwds)
  File "/home/airflow/.local/lib/python3.8/site-packages/pandas/io/parsers/readers.py", line 1407, in __init__
    self._engine = self._make_engine(f, self.engine)
  File "/home/airflow/.local/lib/python3.8/site-packages/pandas/io/parsers/readers.py", line 1661, in _make_engine
    self.handles = get_handle(
  File "/home/airflow/.local/lib/python3.8/site-packages/pandas/io/common.py", line 859, in get_handle
    handle = open(
FileNotFoundError: [Errno 2] No such file or directory: '/opt/airflow/data/input.csv'
[2025-12-16T16:29:12.059+0000] {taskinstance.py:1138} INFO - Marking task as UP_FOR_RETRY. dag_id=etl_***, task_id=extract, execution_date=20240111T000000, start_date=20251216T162910, end_date=20251216T162912
[2025-12-16T16:29:12.090+0000] {standard_task_runner.py:107} ERROR - Failed to execute job 27 for task extract ([Errno 2] No such file or directory: '/opt/airflow/data/input.csv'; 484)
[2025-12-16T16:29:12.114+0000] {local_task_job_runner.py:234} INFO - Task exited with return code 1
[2025-12-16T16:29:12.171+0000] {taskinstance.py:3280} INFO - 0 downstream tasks scheduled from follow-on schedule check
[2025-12-17T03:58:45.533+0000] {taskinstance.py:1956} INFO - Dependencies all met for dep_context=non-requeueable deps ti=<TaskInstance: etl_airflow.extract scheduled__2024-01-11T00:00:00+00:00 [queued]>
[2025-12-17T03:58:45.553+0000] {taskinstance.py:1956} INFO - Dependencies all met for dep_context=requeueable deps ti=<TaskInstance: etl_airflow.extract scheduled__2024-01-11T00:00:00+00:00 [queued]>
[2025-12-17T03:58:45.555+0000] {taskinstance.py:2170} INFO - Starting attempt 2 of 3
[2025-12-17T03:58:45.585+0000] {taskinstance.py:2191} INFO - Executing <Task(PythonOperator): extract> on 2024-01-11 00:00:00+00:00
[2025-12-17T03:58:45.607+0000] {standard_task_runner.py:60} INFO - Started process 290 to run task
[2025-12-17T03:58:45.618+0000] {standard_task_runner.py:87} INFO - Running: ['***', 'tasks', 'run', 'etl_***', 'extract', 'scheduled__2024-01-11T00:00:00+00:00', '--job-id', '27', '--raw', '--subdir', 'DAGS_FOLDER/etl_dag.py', '--cfg-path', '/tmp/tmpi9fxu272']
[2025-12-17T03:58:45.624+0000] {standard_task_runner.py:88} INFO - Job 27: Subtask extract
[2025-12-17T03:58:45.854+0000] {task_command.py:423} INFO - Running <TaskInstance: etl_airflow.extract scheduled__2024-01-11T00:00:00+00:00 [running]> on host 29a134c3fa9b
[2025-12-17T03:58:46.412+0000] {taskinstance.py:2480} INFO - Exporting env vars: AIRFLOW_CTX_DAG_OWNER='***' AIRFLOW_CTX_DAG_ID='etl_***' AIRFLOW_CTX_TASK_ID='extract' AIRFLOW_CTX_EXECUTION_DATE='2024-01-11T00:00:00+00:00' AIRFLOW_CTX_TRY_NUMBER='2' AIRFLOW_CTX_DAG_RUN_ID='scheduled__2024-01-11T00:00:00+00:00'
[2025-12-17T03:58:46.415+0000] {taskinstance.py:2698} ERROR - Task failed with exception
Traceback (most recent call last):
  File "/home/airflow/.local/lib/python3.8/site-packages/airflow/models/taskinstance.py", line 433, in _execute_task
    result = execute_callable(context=context, **execute_callable_kwargs)
  File "/home/airflow/.local/lib/python3.8/site-packages/airflow/operators/python.py", line 199, in execute
    return_value = self.execute_callable()
  File "/home/airflow/.local/lib/python3.8/site-packages/airflow/operators/python.py", line 216, in execute_callable
    return self.python_callable(*self.op_args, **self.op_kwargs)
TypeError: extract_data() missing 1 required positional argument: 'tmp_path'
[2025-12-17T03:58:46.432+0000] {taskinstance.py:1138} INFO - Marking task as UP_FOR_RETRY. dag_id=etl_***, task_id=extract, execution_date=20240111T000000, start_date=20251217T035845, end_date=20251217T035846
[2025-12-17T03:58:46.593+0000] {standard_task_runner.py:107} ERROR - Failed to execute job 27 for task extract (extract_data() missing 1 required positional argument: 'tmp_path'; 290)
[2025-12-17T03:58:46.656+0000] {local_task_job_runner.py:234} INFO - Task exited with return code 1
[2025-12-17T03:58:46.690+0000] {taskinstance.py:3280} INFO - 0 downstream tasks scheduled from follow-on schedule check
