[2025-12-17T01:54:49.826+0000] {taskinstance.py:1956} INFO - Dependencies all met for dep_context=non-requeueable deps ti=<TaskInstance: etl_airflow.transform scheduled__2024-08-29T00:00:00+00:00 [queued]>
[2025-12-17T01:54:49.855+0000] {taskinstance.py:1956} INFO - Dependencies all met for dep_context=requeueable deps ti=<TaskInstance: etl_airflow.transform scheduled__2024-08-29T00:00:00+00:00 [queued]>
[2025-12-17T01:54:49.858+0000] {taskinstance.py:2170} INFO - Starting attempt 3 of 3
[2025-12-17T01:54:49.896+0000] {taskinstance.py:2191} INFO - Executing <Task(PythonOperator): transform> on 2024-08-29 00:00:00+00:00
[2025-12-17T01:54:49.912+0000] {standard_task_runner.py:60} INFO - Started process 2781 to run task
[2025-12-17T01:54:49.931+0000] {standard_task_runner.py:87} INFO - Running: ['***', 'tasks', 'run', 'etl_***', 'transform', 'scheduled__2024-08-29T00:00:00+00:00', '--job-id', '812', '--raw', '--subdir', 'DAGS_FOLDER/etl_dag.py', '--cfg-path', '/tmp/tmp6ycqw24g']
[2025-12-17T01:54:49.941+0000] {standard_task_runner.py:88} INFO - Job 812: Subtask transform
[2025-12-17T01:54:50.203+0000] {task_command.py:423} INFO - Running <TaskInstance: etl_airflow.transform scheduled__2024-08-29T00:00:00+00:00 [running]> on host 571e042550da
[2025-12-17T01:54:50.871+0000] {taskinstance.py:2480} INFO - Exporting env vars: AIRFLOW_CTX_DAG_OWNER='***' AIRFLOW_CTX_DAG_ID='etl_***' AIRFLOW_CTX_TASK_ID='transform' AIRFLOW_CTX_EXECUTION_DATE='2024-08-29T00:00:00+00:00' AIRFLOW_CTX_TRY_NUMBER='3' AIRFLOW_CTX_DAG_RUN_ID='scheduled__2024-08-29T00:00:00+00:00'
[2025-12-17T01:54:50.875+0000] {logging_mixin.py:188} INFO - [TRANSFORM]
[2025-12-17T01:54:50.931+0000] {logging_mixin.py:188} INFO - [TRANSFORM] done
[2025-12-17T01:54:50.933+0000] {python.py:201} INFO - Done. Returned value was: None
[2025-12-17T01:54:50.961+0000] {taskinstance.py:1138} INFO - Marking task as SUCCESS. dag_id=etl_***, task_id=transform, execution_date=20240829T000000, start_date=20251217T015449, end_date=20251217T015450
[2025-12-17T01:54:51.033+0000] {local_task_job_runner.py:234} INFO - Task exited with return code 0
[2025-12-17T01:54:51.088+0000] {taskinstance.py:3280} INFO - 1 downstream tasks scheduled from follow-on schedule check
[2025-12-17T04:51:29.548+0000] {taskinstance.py:1956} INFO - Dependencies all met for dep_context=non-requeueable deps ti=<TaskInstance: etl_airflow.transform scheduled__2024-08-29T00:00:00+00:00 [queued]>
[2025-12-17T04:51:29.563+0000] {taskinstance.py:1956} INFO - Dependencies all met for dep_context=requeueable deps ti=<TaskInstance: etl_airflow.transform scheduled__2024-08-29T00:00:00+00:00 [queued]>
[2025-12-17T04:51:29.564+0000] {taskinstance.py:2170} INFO - Starting attempt 3 of 3
[2025-12-17T04:51:29.588+0000] {taskinstance.py:2191} INFO - Executing <Task(PythonOperator): transform> on 2024-08-29 00:00:00+00:00
[2025-12-17T04:51:29.596+0000] {standard_task_runner.py:60} INFO - Started process 3555 to run task
[2025-12-17T04:51:29.605+0000] {standard_task_runner.py:87} INFO - Running: ['***', 'tasks', 'run', 'etl_***', 'transform', 'scheduled__2024-08-29T00:00:00+00:00', '--job-id', '1011', '--raw', '--subdir', 'DAGS_FOLDER/etl_***.py', '--cfg-path', '/tmp/tmpk6t97o3p']
[2025-12-17T04:51:29.610+0000] {standard_task_runner.py:88} INFO - Job 1011: Subtask transform
[2025-12-17T04:51:29.714+0000] {task_command.py:423} INFO - Running <TaskInstance: etl_airflow.transform scheduled__2024-08-29T00:00:00+00:00 [running]> on host b3426f05ac70
[2025-12-17T04:51:30.127+0000] {taskinstance.py:2480} INFO - Exporting env vars: AIRFLOW_CTX_DAG_OWNER='***' AIRFLOW_CTX_DAG_ID='etl_***' AIRFLOW_CTX_TASK_ID='transform' AIRFLOW_CTX_EXECUTION_DATE='2024-08-29T00:00:00+00:00' AIRFLOW_CTX_TRY_NUMBER='3' AIRFLOW_CTX_DAG_RUN_ID='scheduled__2024-08-29T00:00:00+00:00'
[2025-12-17T04:51:30.130+0000] {taskinstance.py:2698} ERROR - Task failed with exception
Traceback (most recent call last):
  File "/home/airflow/.local/lib/python3.8/site-packages/airflow/models/taskinstance.py", line 433, in _execute_task
    result = execute_callable(context=context, **execute_callable_kwargs)
  File "/home/airflow/.local/lib/python3.8/site-packages/airflow/operators/python.py", line 199, in execute
    return_value = self.execute_callable()
  File "/home/airflow/.local/lib/python3.8/site-packages/airflow/operators/python.py", line 216, in execute_callable
    return self.python_callable(*self.op_args, **self.op_kwargs)
TypeError: transform_data() missing 1 required positional argument: 'df'
[2025-12-17T04:51:30.145+0000] {taskinstance.py:1138} INFO - Marking task as FAILED. dag_id=etl_***, task_id=transform, execution_date=20240829T000000, start_date=20251217T045129, end_date=20251217T045130
[2025-12-17T04:51:30.166+0000] {standard_task_runner.py:107} ERROR - Failed to execute job 1011 for task transform (transform_data() missing 1 required positional argument: 'df'; 3555)
[2025-12-17T04:51:30.182+0000] {local_task_job_runner.py:234} INFO - Task exited with return code 1
[2025-12-17T04:51:30.379+0000] {taskinstance.py:3280} INFO - 0 downstream tasks scheduled from follow-on schedule check
[2025-12-17T07:45:25.292+0000] {taskinstance.py:1956} INFO - Dependencies all met for dep_context=non-requeueable deps ti=<TaskInstance: etl_airflow.transform scheduled__2024-08-29T00:00:00+00:00 [queued]>
[2025-12-17T07:45:25.314+0000] {taskinstance.py:1956} INFO - Dependencies all met for dep_context=requeueable deps ti=<TaskInstance: etl_airflow.transform scheduled__2024-08-29T00:00:00+00:00 [queued]>
[2025-12-17T07:45:25.316+0000] {taskinstance.py:2170} INFO - Starting attempt 3 of 3
[2025-12-17T07:45:25.340+0000] {taskinstance.py:2191} INFO - Executing <Task(PythonOperator): transform> on 2024-08-29 00:00:00+00:00
[2025-12-17T07:45:25.354+0000] {standard_task_runner.py:60} INFO - Started process 3633 to run task
[2025-12-17T07:45:25.359+0000] {standard_task_runner.py:87} INFO - Running: ['***', 'tasks', 'run', 'etl_***', 'transform', 'scheduled__2024-08-29T00:00:00+00:00', '--job-id', '1011', '--raw', '--subdir', 'DAGS_FOLDER/etl_***.py', '--cfg-path', '/tmp/tmp20nd0ivz']
[2025-12-17T07:45:25.365+0000] {standard_task_runner.py:88} INFO - Job 1011: Subtask transform
[2025-12-17T07:45:25.507+0000] {task_command.py:423} INFO - Running <TaskInstance: etl_airflow.transform scheduled__2024-08-29T00:00:00+00:00 [running]> on host 2a0de06c8905
[2025-12-17T07:45:26.065+0000] {taskinstance.py:2480} INFO - Exporting env vars: AIRFLOW_CTX_DAG_OWNER='***' AIRFLOW_CTX_DAG_ID='etl_***' AIRFLOW_CTX_TASK_ID='transform' AIRFLOW_CTX_EXECUTION_DATE='2024-08-29T00:00:00+00:00' AIRFLOW_CTX_TRY_NUMBER='3' AIRFLOW_CTX_DAG_RUN_ID='scheduled__2024-08-29T00:00:00+00:00'
[2025-12-17T07:45:26.076+0000] {taskinstance.py:2698} ERROR - Task failed with exception
Traceback (most recent call last):
  File "/home/airflow/.local/lib/python3.8/site-packages/airflow/models/taskinstance.py", line 433, in _execute_task
    result = execute_callable(context=context, **execute_callable_kwargs)
  File "/home/airflow/.local/lib/python3.8/site-packages/airflow/operators/python.py", line 199, in execute
    return_value = self.execute_callable()
  File "/home/airflow/.local/lib/python3.8/site-packages/airflow/operators/python.py", line 216, in execute_callable
    return self.python_callable(*self.op_args, **self.op_kwargs)
TypeError: transform_data() missing 1 required positional argument: 'df'
[2025-12-17T07:45:26.126+0000] {taskinstance.py:1138} INFO - Marking task as FAILED. dag_id=etl_***, task_id=transform, execution_date=20240829T000000, start_date=20251217T074525, end_date=20251217T074526
[2025-12-17T07:45:26.492+0000] {standard_task_runner.py:107} ERROR - Failed to execute job 1011 for task transform (transform_data() missing 1 required positional argument: 'df'; 3633)
[2025-12-17T07:45:26.617+0000] {local_task_job_runner.py:234} INFO - Task exited with return code 1
[2025-12-17T07:45:26.888+0000] {taskinstance.py:3280} INFO - 0 downstream tasks scheduled from follow-on schedule check
