[2025-12-16T17:13:29.168+0000] {taskinstance.py:1956} INFO - Dependencies all met for dep_context=non-requeueable deps ti=<TaskInstance: etl_airflow.load scheduled__2024-08-23T00:00:00+00:00 [queued]>
[2025-12-16T17:13:29.198+0000] {taskinstance.py:1956} INFO - Dependencies all met for dep_context=requeueable deps ti=<TaskInstance: etl_airflow.load scheduled__2024-08-23T00:00:00+00:00 [queued]>
[2025-12-16T17:13:29.200+0000] {taskinstance.py:2170} INFO - Starting attempt 1 of 3
[2025-12-16T17:13:29.246+0000] {taskinstance.py:2191} INFO - Executing <Task(PythonOperator): load> on 2024-08-23 00:00:00+00:00
[2025-12-16T17:13:29.262+0000] {standard_task_runner.py:60} INFO - Started process 742 to run task
[2025-12-16T17:13:29.272+0000] {standard_task_runner.py:87} INFO - Running: ['***', 'tasks', 'run', 'etl_***', 'load', 'scheduled__2024-08-23T00:00:00+00:00', '--job-id', '4310', '--raw', '--subdir', 'DAGS_FOLDER/etl_dag.py', '--cfg-path', '/tmp/tmpov4_t5x3']
[2025-12-16T17:13:29.280+0000] {standard_task_runner.py:88} INFO - Job 4310: Subtask load
[2025-12-16T17:13:29.472+0000] {task_command.py:423} INFO - Running <TaskInstance: etl_airflow.load scheduled__2024-08-23T00:00:00+00:00 [running]> on host 3b89cfee50e9
[2025-12-16T17:13:29.736+0000] {taskinstance.py:2480} INFO - Exporting env vars: AIRFLOW_CTX_DAG_OWNER='***' AIRFLOW_CTX_DAG_ID='etl_***' AIRFLOW_CTX_TASK_ID='load' AIRFLOW_CTX_EXECUTION_DATE='2024-08-23T00:00:00+00:00' AIRFLOW_CTX_TRY_NUMBER='1' AIRFLOW_CTX_DAG_RUN_ID='scheduled__2024-08-23T00:00:00+00:00'
[2025-12-16T17:13:29.756+0000] {logging_mixin.py:188} INFO - [LOAD]
[2025-12-16T17:13:30.245+0000] {logging_mixin.py:188} INFO -    user_id event_type            timestamp country
0        1      login  2025-01-01T09:00:00      IN
1        1      click  2025-01-01T09:05:00      IN
2        1     logout  2025-01-01T09:15:00      IN
3        3      login  2025-01-02T08:00:00      FR
4        3      click  2025-01-02T08:05:00      FR
[2025-12-16T17:13:30.249+0000] {logging_mixin.py:188} INFO - [LOAD] done
[2025-12-16T17:13:30.250+0000] {python.py:201} INFO - Done. Returned value was: None
[2025-12-16T17:13:30.284+0000] {taskinstance.py:1138} INFO - Marking task as SUCCESS. dag_id=etl_***, task_id=load, execution_date=20240823T000000, start_date=20251216T171329, end_date=20251216T171330
[2025-12-16T17:13:30.393+0000] {local_task_job_runner.py:234} INFO - Task exited with return code 0
[2025-12-16T17:13:30.486+0000] {taskinstance.py:3280} INFO - 0 downstream tasks scheduled from follow-on schedule check
[2025-12-17T01:54:26.644+0000] {taskinstance.py:1956} INFO - Dependencies all met for dep_context=non-requeueable deps ti=<TaskInstance: etl_airflow.load scheduled__2024-08-23T00:00:00+00:00 [queued]>
[2025-12-17T01:54:26.707+0000] {taskinstance.py:1956} INFO - Dependencies all met for dep_context=requeueable deps ti=<TaskInstance: etl_airflow.load scheduled__2024-08-23T00:00:00+00:00 [queued]>
[2025-12-17T01:54:26.713+0000] {taskinstance.py:2170} INFO - Starting attempt 1 of 3
[2025-12-17T01:54:26.982+0000] {taskinstance.py:2191} INFO - Executing <Task(PythonOperator): load> on 2024-08-23 00:00:00+00:00
[2025-12-17T01:54:27.004+0000] {standard_task_runner.py:60} INFO - Started process 2587 to run task
[2025-12-17T01:54:27.026+0000] {standard_task_runner.py:87} INFO - Running: ['***', 'tasks', 'run', 'etl_***', 'load', 'scheduled__2024-08-23T00:00:00+00:00', '--job-id', '747', '--raw', '--subdir', 'DAGS_FOLDER/etl_dag.py', '--cfg-path', '/tmp/tmp9v7j87gi']
[2025-12-17T01:54:27.036+0000] {standard_task_runner.py:88} INFO - Job 747: Subtask load
[2025-12-17T01:54:27.284+0000] {task_command.py:423} INFO - Running <TaskInstance: etl_airflow.load scheduled__2024-08-23T00:00:00+00:00 [running]> on host 571e042550da
[2025-12-17T01:54:27.908+0000] {taskinstance.py:2480} INFO - Exporting env vars: AIRFLOW_CTX_DAG_OWNER='***' AIRFLOW_CTX_DAG_ID='etl_***' AIRFLOW_CTX_TASK_ID='load' AIRFLOW_CTX_EXECUTION_DATE='2024-08-23T00:00:00+00:00' AIRFLOW_CTX_TRY_NUMBER='1' AIRFLOW_CTX_DAG_RUN_ID='scheduled__2024-08-23T00:00:00+00:00'
[2025-12-17T01:54:27.912+0000] {logging_mixin.py:188} INFO - [LOAD]
[2025-12-17T01:54:27.999+0000] {logging_mixin.py:188} INFO -    user_id event_type            timestamp country
0        1      login  2025-01-01T09:00:00      IN
1        1      click  2025-01-01T09:05:00      IN
2        1     logout  2025-01-01T09:15:00      IN
3        3      login  2025-01-02T08:00:00      FR
4        3      click  2025-01-02T08:05:00      FR
[2025-12-17T01:54:28.000+0000] {logging_mixin.py:188} INFO - [LOAD] done
[2025-12-17T01:54:28.002+0000] {python.py:201} INFO - Done. Returned value was: None
[2025-12-17T01:54:28.028+0000] {taskinstance.py:1138} INFO - Marking task as SUCCESS. dag_id=etl_***, task_id=load, execution_date=20240823T000000, start_date=20251217T015426, end_date=20251217T015428
[2025-12-17T01:54:28.158+0000] {local_task_job_runner.py:234} INFO - Task exited with return code 0
[2025-12-17T01:54:28.640+0000] {taskinstance.py:3280} INFO - 0 downstream tasks scheduled from follow-on schedule check
