[2025-12-16T16:28:47.465+0000] {taskinstance.py:1956} INFO - Dependencies all met for dep_context=non-requeueable deps ti=<TaskInstance: etl_airflow.extract scheduled__2024-01-01T00:00:00+00:00 [queued]>
[2025-12-16T16:28:47.483+0000] {taskinstance.py:1956} INFO - Dependencies all met for dep_context=requeueable deps ti=<TaskInstance: etl_airflow.extract scheduled__2024-01-01T00:00:00+00:00 [queued]>
[2025-12-16T16:28:47.484+0000] {taskinstance.py:2170} INFO - Starting attempt 1 of 3
[2025-12-16T16:28:47.513+0000] {taskinstance.py:2191} INFO - Executing <Task(PythonOperator): extract> on 2024-01-01 00:00:00+00:00
[2025-12-16T16:28:47.525+0000] {standard_task_runner.py:60} INFO - Started process 386 to run task
[2025-12-16T16:28:47.532+0000] {standard_task_runner.py:87} INFO - Running: ['***', 'tasks', 'run', 'etl_***', 'extract', 'scheduled__2024-01-01T00:00:00+00:00', '--job-id', '2', '--raw', '--subdir', 'DAGS_FOLDER/etl_dag.py', '--cfg-path', '/tmp/tmpn1zx3fxp']
[2025-12-16T16:28:47.537+0000] {standard_task_runner.py:88} INFO - Job 2: Subtask extract
[2025-12-16T16:28:47.728+0000] {task_command.py:423} INFO - Running <TaskInstance: etl_airflow.extract scheduled__2024-01-01T00:00:00+00:00 [running]> on host 528de643acfe
[2025-12-16T16:28:56.491+0000] {taskinstance.py:2480} INFO - Exporting env vars: AIRFLOW_CTX_DAG_OWNER='***' AIRFLOW_CTX_DAG_ID='etl_***' AIRFLOW_CTX_TASK_ID='extract' AIRFLOW_CTX_EXECUTION_DATE='2024-01-01T00:00:00+00:00' AIRFLOW_CTX_TRY_NUMBER='1' AIRFLOW_CTX_DAG_RUN_ID='scheduled__2024-01-01T00:00:00+00:00'
[2025-12-16T16:28:56.522+0000] {logging_mixin.py:188} INFO - Extracting data from /opt/***/data/input.csv
[2025-12-16T16:28:56.550+0000] {taskinstance.py:2698} ERROR - Task failed with exception
Traceback (most recent call last):
  File "/home/airflow/.local/lib/python3.8/site-packages/airflow/models/taskinstance.py", line 433, in _execute_task
    result = execute_callable(context=context, **execute_callable_kwargs)
  File "/home/airflow/.local/lib/python3.8/site-packages/airflow/operators/python.py", line 199, in execute
    return_value = self.execute_callable()
  File "/home/airflow/.local/lib/python3.8/site-packages/airflow/operators/python.py", line 216, in execute_callable
    return self.python_callable(*self.op_args, **self.op_kwargs)
  File "/opt/airflow/dags/etl_logic/pipeline.py", line 92, in extract_data
    return pd.read_csv(input_path)
  File "/home/airflow/.local/lib/python3.8/site-packages/pandas/io/parsers/readers.py", line 912, in read_csv
    return _read(filepath_or_buffer, kwds)
  File "/home/airflow/.local/lib/python3.8/site-packages/pandas/io/parsers/readers.py", line 577, in _read
    parser = TextFileReader(filepath_or_buffer, **kwds)
  File "/home/airflow/.local/lib/python3.8/site-packages/pandas/io/parsers/readers.py", line 1407, in __init__
    self._engine = self._make_engine(f, self.engine)
  File "/home/airflow/.local/lib/python3.8/site-packages/pandas/io/parsers/readers.py", line 1661, in _make_engine
    self.handles = get_handle(
  File "/home/airflow/.local/lib/python3.8/site-packages/pandas/io/common.py", line 859, in get_handle
    handle = open(
FileNotFoundError: [Errno 2] No such file or directory: '/opt/airflow/data/input.csv'
[2025-12-16T16:28:56.754+0000] {taskinstance.py:1138} INFO - Marking task as UP_FOR_RETRY. dag_id=etl_***, task_id=extract, execution_date=20240101T000000, start_date=20251216T162847, end_date=20251216T162856
[2025-12-16T16:28:57.170+0000] {standard_task_runner.py:107} ERROR - Failed to execute job 2 for task extract ([Errno 2] No such file or directory: '/opt/airflow/data/input.csv'; 386)
[2025-12-16T16:28:57.313+0000] {local_task_job_runner.py:234} INFO - Task exited with return code 1
[2025-12-16T16:28:57.597+0000] {taskinstance.py:3280} INFO - 0 downstream tasks scheduled from follow-on schedule check
[2025-12-17T01:50:03.586+0000] {taskinstance.py:1956} INFO - Dependencies all met for dep_context=non-requeueable deps ti=<TaskInstance: etl_airflow.extract scheduled__2024-01-01T00:00:00+00:00 [queued]>
[2025-12-17T01:50:03.603+0000] {taskinstance.py:1956} INFO - Dependencies all met for dep_context=requeueable deps ti=<TaskInstance: etl_airflow.extract scheduled__2024-01-01T00:00:00+00:00 [queued]>
[2025-12-17T01:50:03.605+0000] {taskinstance.py:2170} INFO - Starting attempt 1 of 3
[2025-12-17T01:50:03.654+0000] {taskinstance.py:2191} INFO - Executing <Task(PythonOperator): extract> on 2024-01-01 00:00:00+00:00
[2025-12-17T01:50:03.667+0000] {standard_task_runner.py:60} INFO - Started process 218 to run task
[2025-12-17T01:50:03.678+0000] {standard_task_runner.py:87} INFO - Running: ['***', 'tasks', 'run', 'etl_***', 'extract', 'scheduled__2024-01-01T00:00:00+00:00', '--job-id', '2', '--raw', '--subdir', 'DAGS_FOLDER/etl_dag.py', '--cfg-path', '/tmp/tmp4730fu0s']
[2025-12-17T01:50:03.683+0000] {standard_task_runner.py:88} INFO - Job 2: Subtask extract
[2025-12-17T01:50:03.859+0000] {task_command.py:423} INFO - Running <TaskInstance: etl_airflow.extract scheduled__2024-01-01T00:00:00+00:00 [running]> on host 571e042550da
[2025-12-17T01:50:04.374+0000] {taskinstance.py:2480} INFO - Exporting env vars: AIRFLOW_CTX_DAG_OWNER='***' AIRFLOW_CTX_DAG_ID='etl_***' AIRFLOW_CTX_TASK_ID='extract' AIRFLOW_CTX_EXECUTION_DATE='2024-01-01T00:00:00+00:00' AIRFLOW_CTX_TRY_NUMBER='1' AIRFLOW_CTX_DAG_RUN_ID='scheduled__2024-01-01T00:00:00+00:00'
[2025-12-17T01:50:04.377+0000] {logging_mixin.py:188} INFO - [EXTRACT] Reading /opt/***/data/synthetic_events.csv
[2025-12-17T01:50:04.475+0000] {logging_mixin.py:188} INFO - [EXTRACT] done
[2025-12-17T01:50:04.476+0000] {python.py:201} INFO - Done. Returned value was: None
[2025-12-17T01:50:04.505+0000] {taskinstance.py:1138} INFO - Marking task as SUCCESS. dag_id=etl_***, task_id=extract, execution_date=20240101T000000, start_date=20251217T015003, end_date=20251217T015004
[2025-12-17T01:50:04.738+0000] {local_task_job_runner.py:234} INFO - Task exited with return code 0
[2025-12-17T01:50:04.804+0000] {taskinstance.py:3280} INFO - 1 downstream tasks scheduled from follow-on schedule check
[2025-12-17T03:58:31.671+0000] {taskinstance.py:1956} INFO - Dependencies all met for dep_context=non-requeueable deps ti=<TaskInstance: etl_airflow.extract scheduled__2024-01-01T00:00:00+00:00 [queued]>
[2025-12-17T03:58:31.687+0000] {taskinstance.py:1956} INFO - Dependencies all met for dep_context=requeueable deps ti=<TaskInstance: etl_airflow.extract scheduled__2024-01-01T00:00:00+00:00 [queued]>
[2025-12-17T03:58:31.688+0000] {taskinstance.py:2170} INFO - Starting attempt 1 of 3
[2025-12-17T03:58:31.785+0000] {taskinstance.py:2191} INFO - Executing <Task(PythonOperator): extract> on 2024-01-01 00:00:00+00:00
[2025-12-17T03:58:31.799+0000] {standard_task_runner.py:60} INFO - Started process 222 to run task
[2025-12-17T03:58:31.810+0000] {standard_task_runner.py:87} INFO - Running: ['***', 'tasks', 'run', 'etl_***', 'extract', 'scheduled__2024-01-01T00:00:00+00:00', '--job-id', '2', '--raw', '--subdir', 'DAGS_FOLDER/etl_dag.py', '--cfg-path', '/tmp/tmp4dpfjp1w']
[2025-12-17T03:58:31.815+0000] {standard_task_runner.py:88} INFO - Job 2: Subtask extract
[2025-12-17T03:58:31.980+0000] {task_command.py:423} INFO - Running <TaskInstance: etl_airflow.extract scheduled__2024-01-01T00:00:00+00:00 [running]> on host 29a134c3fa9b
[2025-12-17T03:58:32.532+0000] {taskinstance.py:2480} INFO - Exporting env vars: AIRFLOW_CTX_DAG_OWNER='***' AIRFLOW_CTX_DAG_ID='etl_***' AIRFLOW_CTX_TASK_ID='extract' AIRFLOW_CTX_EXECUTION_DATE='2024-01-01T00:00:00+00:00' AIRFLOW_CTX_TRY_NUMBER='1' AIRFLOW_CTX_DAG_RUN_ID='scheduled__2024-01-01T00:00:00+00:00'
[2025-12-17T03:58:32.535+0000] {taskinstance.py:2698} ERROR - Task failed with exception
Traceback (most recent call last):
  File "/home/airflow/.local/lib/python3.8/site-packages/airflow/models/taskinstance.py", line 433, in _execute_task
    result = execute_callable(context=context, **execute_callable_kwargs)
  File "/home/airflow/.local/lib/python3.8/site-packages/airflow/operators/python.py", line 199, in execute
    return_value = self.execute_callable()
  File "/home/airflow/.local/lib/python3.8/site-packages/airflow/operators/python.py", line 216, in execute_callable
    return self.python_callable(*self.op_args, **self.op_kwargs)
TypeError: extract_data() missing 1 required positional argument: 'tmp_path'
[2025-12-17T03:58:32.592+0000] {taskinstance.py:1138} INFO - Marking task as UP_FOR_RETRY. dag_id=etl_***, task_id=extract, execution_date=20240101T000000, start_date=20251217T035831, end_date=20251217T035832
[2025-12-17T03:58:32.623+0000] {standard_task_runner.py:107} ERROR - Failed to execute job 2 for task extract (extract_data() missing 1 required positional argument: 'tmp_path'; 222)
[2025-12-17T03:58:32.671+0000] {local_task_job_runner.py:234} INFO - Task exited with return code 1
[2025-12-17T03:58:32.897+0000] {taskinstance.py:3280} INFO - 0 downstream tasks scheduled from follow-on schedule check
[2025-12-17T04:18:26.188+0000] {taskinstance.py:1956} INFO - Dependencies all met for dep_context=non-requeueable deps ti=<TaskInstance: etl_airflow.extract scheduled__2024-01-01T00:00:00+00:00 [queued]>
[2025-12-17T04:18:26.210+0000] {taskinstance.py:1956} INFO - Dependencies all met for dep_context=requeueable deps ti=<TaskInstance: etl_airflow.extract scheduled__2024-01-01T00:00:00+00:00 [queued]>
[2025-12-17T04:18:26.211+0000] {taskinstance.py:2170} INFO - Starting attempt 1 of 3
[2025-12-17T04:18:26.246+0000] {taskinstance.py:2191} INFO - Executing <Task(PythonOperator): extract> on 2024-01-01 00:00:00+00:00
[2025-12-17T04:18:26.268+0000] {standard_task_runner.py:60} INFO - Started process 223 to run task
[2025-12-17T04:18:26.276+0000] {standard_task_runner.py:87} INFO - Running: ['***', 'tasks', 'run', 'etl_***', 'extract', 'scheduled__2024-01-01T00:00:00+00:00', '--job-id', '2', '--raw', '--subdir', 'DAGS_FOLDER/etl_***.py', '--cfg-path', '/tmp/tmp52c34gu1']
[2025-12-17T04:18:26.281+0000] {standard_task_runner.py:88} INFO - Job 2: Subtask extract
[2025-12-17T04:18:26.466+0000] {task_command.py:423} INFO - Running <TaskInstance: etl_airflow.extract scheduled__2024-01-01T00:00:00+00:00 [running]> on host c5811fe183ca
[2025-12-17T04:18:27.116+0000] {taskinstance.py:2480} INFO - Exporting env vars: AIRFLOW_CTX_DAG_OWNER='***' AIRFLOW_CTX_DAG_ID='etl_***' AIRFLOW_CTX_TASK_ID='extract' AIRFLOW_CTX_EXECUTION_DATE='2024-01-01T00:00:00+00:00' AIRFLOW_CTX_TRY_NUMBER='1' AIRFLOW_CTX_DAG_RUN_ID='scheduled__2024-01-01T00:00:00+00:00'
[2025-12-17T04:18:27.188+0000] {python.py:201} INFO - Done. Returned value was:    user_id event_type           timestamp country
0        1      login 2025-01-01 09:00:00      IN
1        1      click 2025-01-01 09:05:00      IN
2        1     logout 2025-01-01 09:15:00      IN
3        2      login 2025-01-01 10:00:00      US
4        2      click 2025-01-01 10:10:00      US
5        2     logout 2025-01-01 10:20:00      US
6        3      login 2025-01-02 08:00:00      FR
7        3      click 2025-01-02 08:05:00      FR
8        3     logout 2025-01-02 08:30:00      FR
[2025-12-17T04:18:27.444+0000] {taskinstance.py:1138} INFO - Marking task as SUCCESS. dag_id=etl_***, task_id=extract, execution_date=20240101T000000, start_date=20251217T041826, end_date=20251217T041827
[2025-12-17T04:18:27.579+0000] {local_task_job_runner.py:234} INFO - Task exited with return code 0
[2025-12-17T04:18:27.629+0000] {taskinstance.py:3280} INFO - 1 downstream tasks scheduled from follow-on schedule check
[2025-12-17T04:42:19.205+0000] {taskinstance.py:1956} INFO - Dependencies all met for dep_context=non-requeueable deps ti=<TaskInstance: etl_airflow.extract scheduled__2024-01-01T00:00:00+00:00 [queued]>
[2025-12-17T04:42:19.222+0000] {taskinstance.py:1956} INFO - Dependencies all met for dep_context=requeueable deps ti=<TaskInstance: etl_airflow.extract scheduled__2024-01-01T00:00:00+00:00 [queued]>
[2025-12-17T04:42:19.223+0000] {taskinstance.py:2170} INFO - Starting attempt 1 of 3
[2025-12-17T04:42:19.251+0000] {taskinstance.py:2191} INFO - Executing <Task(PythonOperator): extract> on 2024-01-01 00:00:00+00:00
[2025-12-17T04:42:19.262+0000] {standard_task_runner.py:60} INFO - Started process 239 to run task
[2025-12-17T04:42:19.268+0000] {standard_task_runner.py:87} INFO - Running: ['***', 'tasks', 'run', 'etl_***', 'extract', 'scheduled__2024-01-01T00:00:00+00:00', '--job-id', '2', '--raw', '--subdir', 'DAGS_FOLDER/etl_***.py', '--cfg-path', '/tmp/tmpuhcx9ku1']
[2025-12-17T04:42:19.273+0000] {standard_task_runner.py:88} INFO - Job 2: Subtask extract
[2025-12-17T04:42:19.428+0000] {task_command.py:423} INFO - Running <TaskInstance: etl_airflow.extract scheduled__2024-01-01T00:00:00+00:00 [running]> on host b3426f05ac70
[2025-12-17T04:42:20.315+0000] {taskinstance.py:2480} INFO - Exporting env vars: AIRFLOW_CTX_DAG_OWNER='***' AIRFLOW_CTX_DAG_ID='etl_***' AIRFLOW_CTX_TASK_ID='extract' AIRFLOW_CTX_EXECUTION_DATE='2024-01-01T00:00:00+00:00' AIRFLOW_CTX_TRY_NUMBER='1' AIRFLOW_CTX_DAG_RUN_ID='scheduled__2024-01-01T00:00:00+00:00'
[2025-12-17T04:42:20.389+0000] {python.py:201} INFO - Done. Returned value was:    user_id event_type           timestamp country
0        1      login 2025-01-01 09:00:00      IN
1        1      click 2025-01-01 09:05:00      IN
2        1     logout 2025-01-01 09:15:00      IN
3        2      login 2025-01-01 10:00:00      US
4        2      click 2025-01-01 10:10:00      US
5        2     logout 2025-01-01 10:20:00      US
6        3      login 2025-01-02 08:00:00      FR
7        3      click 2025-01-02 08:05:00      FR
8        3     logout 2025-01-02 08:30:00      FR
[2025-12-17T04:42:20.783+0000] {taskinstance.py:1138} INFO - Marking task as SUCCESS. dag_id=etl_***, task_id=extract, execution_date=20240101T000000, start_date=20251217T044219, end_date=20251217T044220
[2025-12-17T04:42:20.974+0000] {local_task_job_runner.py:234} INFO - Task exited with return code 0
[2025-12-17T04:42:21.188+0000] {taskinstance.py:3280} INFO - 0 downstream tasks scheduled from follow-on schedule check
[2025-12-17T07:35:06.697+0000] {taskinstance.py:1956} INFO - Dependencies all met for dep_context=non-requeueable deps ti=<TaskInstance: etl_airflow.extract scheduled__2024-01-01T00:00:00+00:00 [queued]>
[2025-12-17T07:35:06.725+0000] {taskinstance.py:1956} INFO - Dependencies all met for dep_context=requeueable deps ti=<TaskInstance: etl_airflow.extract scheduled__2024-01-01T00:00:00+00:00 [queued]>
[2025-12-17T07:35:06.730+0000] {taskinstance.py:2170} INFO - Starting attempt 1 of 3
[2025-12-17T07:35:06.881+0000] {taskinstance.py:2191} INFO - Executing <Task(PythonOperator): extract> on 2024-01-01 00:00:00+00:00
[2025-12-17T07:35:06.906+0000] {standard_task_runner.py:60} INFO - Started process 291 to run task
[2025-12-17T07:35:06.922+0000] {standard_task_runner.py:87} INFO - Running: ['***', 'tasks', 'run', 'etl_***', 'extract', 'scheduled__2024-01-01T00:00:00+00:00', '--job-id', '2', '--raw', '--subdir', 'DAGS_FOLDER/etl_***.py', '--cfg-path', '/tmp/tmpt8wa4pf5']
[2025-12-17T07:35:06.942+0000] {standard_task_runner.py:88} INFO - Job 2: Subtask extract
[2025-12-17T07:35:07.355+0000] {task_command.py:423} INFO - Running <TaskInstance: etl_airflow.extract scheduled__2024-01-01T00:00:00+00:00 [running]> on host 2a0de06c8905
[2025-12-17T07:35:14.087+0000] {taskinstance.py:2480} INFO - Exporting env vars: AIRFLOW_CTX_DAG_OWNER='***' AIRFLOW_CTX_DAG_ID='etl_***' AIRFLOW_CTX_TASK_ID='extract' AIRFLOW_CTX_EXECUTION_DATE='2024-01-01T00:00:00+00:00' AIRFLOW_CTX_TRY_NUMBER='1' AIRFLOW_CTX_DAG_RUN_ID='scheduled__2024-01-01T00:00:00+00:00'
[2025-12-17T07:35:14.538+0000] {python.py:201} INFO - Done. Returned value was:    user_id event_type           timestamp country
0        1      login 2025-01-01 09:00:00      IN
1        1      click 2025-01-01 09:05:00      IN
2        1     logout 2025-01-01 09:15:00      IN
3        2      login 2025-01-01 10:00:00      US
4        2      click 2025-01-01 10:10:00      US
5        2     logout 2025-01-01 10:20:00      US
6        3      login 2025-01-02 08:00:00      FR
7        3      click 2025-01-02 08:05:00      FR
8        3     logout 2025-01-02 08:30:00      FR
[2025-12-17T07:35:15.925+0000] {taskinstance.py:1138} INFO - Marking task as SUCCESS. dag_id=etl_***, task_id=extract, execution_date=20240101T000000, start_date=20251217T073506, end_date=20251217T073515
[2025-12-17T07:35:16.263+0000] {local_task_job_runner.py:234} INFO - Task exited with return code 0
[2025-12-17T07:35:16.646+0000] {taskinstance.py:3280} INFO - 1 downstream tasks scheduled from follow-on schedule check
