[2025-12-16T16:39:05.789+0000] {taskinstance.py:1956} INFO - Dependencies all met for dep_context=non-requeueable deps ti=<TaskInstance: etl_airflow.extract scheduled__2024-09-24T00:00:00+00:00 [queued]>
[2025-12-16T16:39:05.802+0000] {taskinstance.py:1956} INFO - Dependencies all met for dep_context=requeueable deps ti=<TaskInstance: etl_airflow.extract scheduled__2024-09-24T00:00:00+00:00 [queued]>
[2025-12-16T16:39:05.803+0000] {taskinstance.py:2170} INFO - Starting attempt 1 of 3
[2025-12-16T16:39:05.836+0000] {taskinstance.py:2191} INFO - Executing <Task(PythonOperator): extract> on 2024-09-24 00:00:00+00:00
[2025-12-16T16:39:05.856+0000] {standard_task_runner.py:60} INFO - Started process 1482 to run task
[2025-12-16T16:39:05.867+0000] {standard_task_runner.py:87} INFO - Running: ['***', 'tasks', 'run', 'etl_***', 'extract', 'scheduled__2024-09-24T00:00:00+00:00', '--job-id', '782', '--raw', '--subdir', 'DAGS_FOLDER/etl_dag.py', '--cfg-path', '/tmp/tmpyuccgr8b']
[2025-12-16T16:39:05.874+0000] {standard_task_runner.py:88} INFO - Job 782: Subtask extract
[2025-12-16T16:39:06.016+0000] {task_command.py:423} INFO - Running <TaskInstance: etl_airflow.extract scheduled__2024-09-24T00:00:00+00:00 [running]> on host 02b83863a69a
[2025-12-16T16:39:06.253+0000] {taskinstance.py:2480} INFO - Exporting env vars: AIRFLOW_CTX_DAG_OWNER='***' AIRFLOW_CTX_DAG_ID='etl_***' AIRFLOW_CTX_TASK_ID='extract' AIRFLOW_CTX_EXECUTION_DATE='2024-09-24T00:00:00+00:00' AIRFLOW_CTX_TRY_NUMBER='1' AIRFLOW_CTX_DAG_RUN_ID='scheduled__2024-09-24T00:00:00+00:00'
[2025-12-16T16:39:06.256+0000] {logging_mixin.py:188} INFO - Extracting data from /opt/***/data/input.csv
[2025-12-16T16:39:06.262+0000] {taskinstance.py:2698} ERROR - Task failed with exception
Traceback (most recent call last):
  File "/home/airflow/.local/lib/python3.8/site-packages/airflow/models/taskinstance.py", line 433, in _execute_task
    result = execute_callable(context=context, **execute_callable_kwargs)
  File "/home/airflow/.local/lib/python3.8/site-packages/airflow/operators/python.py", line 199, in execute
    return_value = self.execute_callable()
  File "/home/airflow/.local/lib/python3.8/site-packages/airflow/operators/python.py", line 216, in execute_callable
    return self.python_callable(*self.op_args, **self.op_kwargs)
  File "/opt/airflow/etl_logic/pipeline.py", line 97, in extract_data
    df = pd.read_csv(input_path)
  File "/home/airflow/.local/lib/python3.8/site-packages/pandas/io/parsers/readers.py", line 912, in read_csv
    return _read(filepath_or_buffer, kwds)
  File "/home/airflow/.local/lib/python3.8/site-packages/pandas/io/parsers/readers.py", line 577, in _read
    parser = TextFileReader(filepath_or_buffer, **kwds)
  File "/home/airflow/.local/lib/python3.8/site-packages/pandas/io/parsers/readers.py", line 1407, in __init__
    self._engine = self._make_engine(f, self.engine)
  File "/home/airflow/.local/lib/python3.8/site-packages/pandas/io/parsers/readers.py", line 1661, in _make_engine
    self.handles = get_handle(
  File "/home/airflow/.local/lib/python3.8/site-packages/pandas/io/common.py", line 859, in get_handle
    handle = open(
FileNotFoundError: [Errno 2] No such file or directory: '/opt/airflow/data/input.csv'
[2025-12-16T16:39:06.288+0000] {taskinstance.py:1138} INFO - Marking task as UP_FOR_RETRY. dag_id=etl_***, task_id=extract, execution_date=20240924T000000, start_date=20251216T163905, end_date=20251216T163906
[2025-12-16T16:39:06.312+0000] {standard_task_runner.py:107} ERROR - Failed to execute job 782 for task extract ([Errno 2] No such file or directory: '/opt/airflow/data/input.csv'; 1482)
[2025-12-16T16:39:06.366+0000] {local_task_job_runner.py:234} INFO - Task exited with return code 1
[2025-12-16T16:39:06.414+0000] {taskinstance.py:3280} INFO - 0 downstream tasks scheduled from follow-on schedule check
[2025-12-17T01:54:53.147+0000] {taskinstance.py:1956} INFO - Dependencies all met for dep_context=non-requeueable deps ti=<TaskInstance: etl_airflow.extract scheduled__2024-09-24T00:00:00+00:00 [queued]>
[2025-12-17T01:54:53.171+0000] {taskinstance.py:1956} INFO - Dependencies all met for dep_context=requeueable deps ti=<TaskInstance: etl_airflow.extract scheduled__2024-09-24T00:00:00+00:00 [queued]>
[2025-12-17T01:54:53.172+0000] {taskinstance.py:2170} INFO - Starting attempt 1 of 3
[2025-12-17T01:54:53.207+0000] {taskinstance.py:2191} INFO - Executing <Task(PythonOperator): extract> on 2024-09-24 00:00:00+00:00
[2025-12-17T01:54:53.220+0000] {standard_task_runner.py:60} INFO - Started process 2800 to run task
[2025-12-17T01:54:53.229+0000] {standard_task_runner.py:87} INFO - Running: ['***', 'tasks', 'run', 'etl_***', 'extract', 'scheduled__2024-09-24T00:00:00+00:00', '--job-id', '816', '--raw', '--subdir', 'DAGS_FOLDER/etl_dag.py', '--cfg-path', '/tmp/tmpy8cyamw_']
[2025-12-17T01:54:53.235+0000] {standard_task_runner.py:88} INFO - Job 816: Subtask extract
[2025-12-17T01:54:53.408+0000] {task_command.py:423} INFO - Running <TaskInstance: etl_airflow.extract scheduled__2024-09-24T00:00:00+00:00 [running]> on host 571e042550da
[2025-12-17T01:54:53.867+0000] {taskinstance.py:2480} INFO - Exporting env vars: AIRFLOW_CTX_DAG_OWNER='***' AIRFLOW_CTX_DAG_ID='etl_***' AIRFLOW_CTX_TASK_ID='extract' AIRFLOW_CTX_EXECUTION_DATE='2024-09-24T00:00:00+00:00' AIRFLOW_CTX_TRY_NUMBER='1' AIRFLOW_CTX_DAG_RUN_ID='scheduled__2024-09-24T00:00:00+00:00'
[2025-12-17T01:54:53.871+0000] {logging_mixin.py:188} INFO - [EXTRACT] Reading /opt/***/data/synthetic_events.csv
[2025-12-17T01:54:53.916+0000] {logging_mixin.py:188} INFO - [EXTRACT] done
[2025-12-17T01:54:53.918+0000] {python.py:201} INFO - Done. Returned value was: None
[2025-12-17T01:54:53.939+0000] {taskinstance.py:1138} INFO - Marking task as SUCCESS. dag_id=etl_***, task_id=extract, execution_date=20240924T000000, start_date=20251217T015453, end_date=20251217T015453
[2025-12-17T01:54:54.209+0000] {local_task_job_runner.py:234} INFO - Task exited with return code 0
[2025-12-17T01:54:54.270+0000] {taskinstance.py:3280} INFO - 1 downstream tasks scheduled from follow-on schedule check
[2025-12-17T04:51:40.413+0000] {taskinstance.py:1956} INFO - Dependencies all met for dep_context=non-requeueable deps ti=<TaskInstance: etl_airflow.extract scheduled__2024-09-24T00:00:00+00:00 [queued]>
[2025-12-17T04:51:40.436+0000] {taskinstance.py:1956} INFO - Dependencies all met for dep_context=requeueable deps ti=<TaskInstance: etl_airflow.extract scheduled__2024-09-24T00:00:00+00:00 [queued]>
[2025-12-17T04:51:40.438+0000] {taskinstance.py:2170} INFO - Starting attempt 1 of 3
[2025-12-17T04:51:40.478+0000] {taskinstance.py:2191} INFO - Executing <Task(PythonOperator): extract> on 2024-09-24 00:00:00+00:00
[2025-12-17T04:51:40.491+0000] {standard_task_runner.py:60} INFO - Started process 3662 to run task
[2025-12-17T04:51:40.502+0000] {standard_task_runner.py:87} INFO - Running: ['***', 'tasks', 'run', 'etl_***', 'extract', 'scheduled__2024-09-24T00:00:00+00:00', '--job-id', '1040', '--raw', '--subdir', 'DAGS_FOLDER/etl_***.py', '--cfg-path', '/tmp/tmp31ws58yr']
[2025-12-17T04:51:40.511+0000] {standard_task_runner.py:88} INFO - Job 1040: Subtask extract
[2025-12-17T04:51:40.693+0000] {task_command.py:423} INFO - Running <TaskInstance: etl_airflow.extract scheduled__2024-09-24T00:00:00+00:00 [running]> on host b3426f05ac70
[2025-12-17T04:51:41.167+0000] {taskinstance.py:2480} INFO - Exporting env vars: AIRFLOW_CTX_DAG_OWNER='***' AIRFLOW_CTX_DAG_ID='etl_***' AIRFLOW_CTX_TASK_ID='extract' AIRFLOW_CTX_EXECUTION_DATE='2024-09-24T00:00:00+00:00' AIRFLOW_CTX_TRY_NUMBER='1' AIRFLOW_CTX_DAG_RUN_ID='scheduled__2024-09-24T00:00:00+00:00'
[2025-12-17T04:51:41.193+0000] {python.py:201} INFO - Done. Returned value was:    user_id event_type           timestamp country
0        1      login 2025-01-01 09:00:00      IN
1        1      click 2025-01-01 09:05:00      IN
2        1     logout 2025-01-01 09:15:00      IN
3        2      login 2025-01-01 10:00:00      US
4        2      click 2025-01-01 10:10:00      US
5        2     logout 2025-01-01 10:20:00      US
6        3      login 2025-01-02 08:00:00      FR
7        3      click 2025-01-02 08:05:00      FR
8        3     logout 2025-01-02 08:30:00      FR
[2025-12-17T04:51:41.283+0000] {taskinstance.py:1138} INFO - Marking task as SUCCESS. dag_id=etl_***, task_id=extract, execution_date=20240924T000000, start_date=20251217T045140, end_date=20251217T045141
[2025-12-17T04:51:41.336+0000] {local_task_job_runner.py:234} INFO - Task exited with return code 0
[2025-12-17T04:51:41.644+0000] {taskinstance.py:3280} INFO - 0 downstream tasks scheduled from follow-on schedule check
[2025-12-17T07:45:37.839+0000] {taskinstance.py:1956} INFO - Dependencies all met for dep_context=non-requeueable deps ti=<TaskInstance: etl_airflow.extract scheduled__2024-09-24T00:00:00+00:00 [queued]>
[2025-12-17T07:45:37.860+0000] {taskinstance.py:1956} INFO - Dependencies all met for dep_context=requeueable deps ti=<TaskInstance: etl_airflow.extract scheduled__2024-09-24T00:00:00+00:00 [queued]>
[2025-12-17T07:45:37.863+0000] {taskinstance.py:2170} INFO - Starting attempt 1 of 3
[2025-12-17T07:45:37.907+0000] {taskinstance.py:2191} INFO - Executing <Task(PythonOperator): extract> on 2024-09-24 00:00:00+00:00
[2025-12-17T07:45:37.923+0000] {standard_task_runner.py:60} INFO - Started process 3750 to run task
[2025-12-17T07:45:37.936+0000] {standard_task_runner.py:87} INFO - Running: ['***', 'tasks', 'run', 'etl_***', 'extract', 'scheduled__2024-09-24T00:00:00+00:00', '--job-id', '1046', '--raw', '--subdir', 'DAGS_FOLDER/etl_***.py', '--cfg-path', '/tmp/tmpmcyg18b7']
[2025-12-17T07:45:37.940+0000] {standard_task_runner.py:88} INFO - Job 1046: Subtask extract
[2025-12-17T07:45:38.133+0000] {task_command.py:423} INFO - Running <TaskInstance: etl_airflow.extract scheduled__2024-09-24T00:00:00+00:00 [running]> on host 2a0de06c8905
[2025-12-17T07:45:38.805+0000] {taskinstance.py:2480} INFO - Exporting env vars: AIRFLOW_CTX_DAG_OWNER='***' AIRFLOW_CTX_DAG_ID='etl_***' AIRFLOW_CTX_TASK_ID='extract' AIRFLOW_CTX_EXECUTION_DATE='2024-09-24T00:00:00+00:00' AIRFLOW_CTX_TRY_NUMBER='1' AIRFLOW_CTX_DAG_RUN_ID='scheduled__2024-09-24T00:00:00+00:00'
[2025-12-17T07:45:38.862+0000] {python.py:201} INFO - Done. Returned value was:    user_id event_type           timestamp country
0        1      login 2025-01-01 09:00:00      IN
1        1      click 2025-01-01 09:05:00      IN
2        1     logout 2025-01-01 09:15:00      IN
3        2      login 2025-01-01 10:00:00      US
4        2      click 2025-01-01 10:10:00      US
5        2     logout 2025-01-01 10:20:00      US
6        3      login 2025-01-02 08:00:00      FR
7        3      click 2025-01-02 08:05:00      FR
8        3     logout 2025-01-02 08:30:00      FR
[2025-12-17T07:45:38.945+0000] {taskinstance.py:1138} INFO - Marking task as SUCCESS. dag_id=etl_***, task_id=extract, execution_date=20240924T000000, start_date=20251217T074537, end_date=20251217T074538
[2025-12-17T07:45:39.128+0000] {local_task_job_runner.py:234} INFO - Task exited with return code 0
[2025-12-17T07:45:39.207+0000] {taskinstance.py:3280} INFO - 1 downstream tasks scheduled from follow-on schedule check
