[2025-12-16T16:36:07.330+0000] {taskinstance.py:1956} INFO - Dependencies all met for dep_context=non-requeueable deps ti=<TaskInstance: etl_airflow.extract scheduled__2024-06-29T00:00:00+00:00 [queued]>
[2025-12-16T16:36:07.347+0000] {taskinstance.py:1956} INFO - Dependencies all met for dep_context=requeueable deps ti=<TaskInstance: etl_airflow.extract scheduled__2024-06-29T00:00:00+00:00 [queued]>
[2025-12-16T16:36:07.348+0000] {taskinstance.py:2170} INFO - Starting attempt 1 of 3
[2025-12-16T16:36:07.375+0000] {taskinstance.py:2191} INFO - Executing <Task(PythonOperator): extract> on 2024-06-29 00:00:00+00:00
[2025-12-16T16:36:07.384+0000] {standard_task_runner.py:60} INFO - Started process 621 to run task
[2025-12-16T16:36:07.389+0000] {standard_task_runner.py:87} INFO - Running: ['***', 'tasks', 'run', 'etl_***', 'extract', 'scheduled__2024-06-29T00:00:00+00:00', '--job-id', '532', '--raw', '--subdir', 'DAGS_FOLDER/etl_dag.py', '--cfg-path', '/tmp/tmp6v23oohe']
[2025-12-16T16:36:07.392+0000] {standard_task_runner.py:88} INFO - Job 532: Subtask extract
[2025-12-16T16:36:07.502+0000] {task_command.py:423} INFO - Running <TaskInstance: etl_airflow.extract scheduled__2024-06-29T00:00:00+00:00 [running]> on host 02b83863a69a
[2025-12-16T16:36:07.650+0000] {taskinstance.py:2480} INFO - Exporting env vars: AIRFLOW_CTX_DAG_OWNER='***' AIRFLOW_CTX_DAG_ID='etl_***' AIRFLOW_CTX_TASK_ID='extract' AIRFLOW_CTX_EXECUTION_DATE='2024-06-29T00:00:00+00:00' AIRFLOW_CTX_TRY_NUMBER='1' AIRFLOW_CTX_DAG_RUN_ID='scheduled__2024-06-29T00:00:00+00:00'
[2025-12-16T16:36:07.652+0000] {logging_mixin.py:188} INFO - Extracting data from /opt/***/data/input.csv
[2025-12-16T16:36:07.658+0000] {taskinstance.py:2698} ERROR - Task failed with exception
Traceback (most recent call last):
  File "/home/airflow/.local/lib/python3.8/site-packages/airflow/models/taskinstance.py", line 433, in _execute_task
    result = execute_callable(context=context, **execute_callable_kwargs)
  File "/home/airflow/.local/lib/python3.8/site-packages/airflow/operators/python.py", line 199, in execute
    return_value = self.execute_callable()
  File "/home/airflow/.local/lib/python3.8/site-packages/airflow/operators/python.py", line 216, in execute_callable
    return self.python_callable(*self.op_args, **self.op_kwargs)
  File "/opt/airflow/dags/etl_logic/pipeline.py", line 97, in extract_data
    df = pd.read_csv(input_path)
  File "/home/airflow/.local/lib/python3.8/site-packages/pandas/io/parsers/readers.py", line 912, in read_csv
    return _read(filepath_or_buffer, kwds)
  File "/home/airflow/.local/lib/python3.8/site-packages/pandas/io/parsers/readers.py", line 577, in _read
    parser = TextFileReader(filepath_or_buffer, **kwds)
  File "/home/airflow/.local/lib/python3.8/site-packages/pandas/io/parsers/readers.py", line 1407, in __init__
    self._engine = self._make_engine(f, self.engine)
  File "/home/airflow/.local/lib/python3.8/site-packages/pandas/io/parsers/readers.py", line 1661, in _make_engine
    self.handles = get_handle(
  File "/home/airflow/.local/lib/python3.8/site-packages/pandas/io/common.py", line 859, in get_handle
    handle = open(
FileNotFoundError: [Errno 2] No such file or directory: '/opt/airflow/data/input.csv'
[2025-12-16T16:36:07.690+0000] {taskinstance.py:1138} INFO - Marking task as UP_FOR_RETRY. dag_id=etl_***, task_id=extract, execution_date=20240629T000000, start_date=20251216T163607, end_date=20251216T163607
[2025-12-16T16:36:07.711+0000] {standard_task_runner.py:107} ERROR - Failed to execute job 532 for task extract ([Errno 2] No such file or directory: '/opt/airflow/data/input.csv'; 621)
[2025-12-16T16:36:07.764+0000] {local_task_job_runner.py:234} INFO - Task exited with return code 1
[2025-12-16T16:36:07.823+0000] {taskinstance.py:3280} INFO - 0 downstream tasks scheduled from follow-on schedule check
[2025-12-17T01:53:19.930+0000] {taskinstance.py:1956} INFO - Dependencies all met for dep_context=non-requeueable deps ti=<TaskInstance: etl_airflow.extract scheduled__2024-06-29T00:00:00+00:00 [queued]>
[2025-12-17T01:53:19.950+0000] {taskinstance.py:1956} INFO - Dependencies all met for dep_context=requeueable deps ti=<TaskInstance: etl_airflow.extract scheduled__2024-06-29T00:00:00+00:00 [queued]>
[2025-12-17T01:53:19.951+0000] {taskinstance.py:2170} INFO - Starting attempt 1 of 3
[2025-12-17T01:53:20.116+0000] {taskinstance.py:2191} INFO - Executing <Task(PythonOperator): extract> on 2024-06-29 00:00:00+00:00
[2025-12-17T01:53:20.128+0000] {standard_task_runner.py:60} INFO - Started process 1954 to run task
[2025-12-17T01:53:20.138+0000] {standard_task_runner.py:87} INFO - Running: ['***', 'tasks', 'run', 'etl_***', 'extract', 'scheduled__2024-06-29T00:00:00+00:00', '--job-id', '550', '--raw', '--subdir', 'DAGS_FOLDER/etl_dag.py', '--cfg-path', '/tmp/tmpfb86c0nz']
[2025-12-17T01:53:20.147+0000] {standard_task_runner.py:88} INFO - Job 550: Subtask extract
[2025-12-17T01:53:20.282+0000] {task_command.py:423} INFO - Running <TaskInstance: etl_airflow.extract scheduled__2024-06-29T00:00:00+00:00 [running]> on host 571e042550da
[2025-12-17T01:53:20.662+0000] {taskinstance.py:2480} INFO - Exporting env vars: AIRFLOW_CTX_DAG_OWNER='***' AIRFLOW_CTX_DAG_ID='etl_***' AIRFLOW_CTX_TASK_ID='extract' AIRFLOW_CTX_EXECUTION_DATE='2024-06-29T00:00:00+00:00' AIRFLOW_CTX_TRY_NUMBER='1' AIRFLOW_CTX_DAG_RUN_ID='scheduled__2024-06-29T00:00:00+00:00'
[2025-12-17T01:53:20.666+0000] {logging_mixin.py:188} INFO - [EXTRACT] Reading /opt/***/data/synthetic_events.csv
[2025-12-17T01:53:20.710+0000] {logging_mixin.py:188} INFO - [EXTRACT] done
[2025-12-17T01:53:20.711+0000] {python.py:201} INFO - Done. Returned value was: None
[2025-12-17T01:53:20.731+0000] {taskinstance.py:1138} INFO - Marking task as SUCCESS. dag_id=etl_***, task_id=extract, execution_date=20240629T000000, start_date=20251217T015319, end_date=20251217T015320
[2025-12-17T01:53:20.914+0000] {local_task_job_runner.py:234} INFO - Task exited with return code 0
[2025-12-17T01:53:20.975+0000] {taskinstance.py:3280} INFO - 1 downstream tasks scheduled from follow-on schedule check
[2025-12-17T04:21:04.499+0000] {taskinstance.py:1956} INFO - Dependencies all met for dep_context=non-requeueable deps ti=<TaskInstance: etl_airflow.extract scheduled__2024-06-29T00:00:00+00:00 [queued]>
[2025-12-17T04:21:04.517+0000] {taskinstance.py:1956} INFO - Dependencies all met for dep_context=requeueable deps ti=<TaskInstance: etl_airflow.extract scheduled__2024-06-29T00:00:00+00:00 [queued]>
[2025-12-17T04:21:04.519+0000] {taskinstance.py:2170} INFO - Starting attempt 1 of 3
[2025-12-17T04:21:04.615+0000] {taskinstance.py:2191} INFO - Executing <Task(PythonOperator): extract> on 2024-06-29 00:00:00+00:00
[2025-12-17T04:21:04.625+0000] {standard_task_runner.py:60} INFO - Started process 1173 to run task
[2025-12-17T04:21:04.631+0000] {standard_task_runner.py:87} INFO - Running: ['***', 'tasks', 'run', 'etl_***', 'extract', 'scheduled__2024-06-29T00:00:00+00:00', '--job-id', '292', '--raw', '--subdir', 'DAGS_FOLDER/etl_***.py', '--cfg-path', '/tmp/tmpd8lii_jd']
[2025-12-17T04:21:04.635+0000] {standard_task_runner.py:88} INFO - Job 292: Subtask extract
[2025-12-17T04:21:04.745+0000] {task_command.py:423} INFO - Running <TaskInstance: etl_airflow.extract scheduled__2024-06-29T00:00:00+00:00 [running]> on host c5811fe183ca
[2025-12-17T04:21:05.073+0000] {taskinstance.py:2480} INFO - Exporting env vars: AIRFLOW_CTX_DAG_OWNER='***' AIRFLOW_CTX_DAG_ID='etl_***' AIRFLOW_CTX_TASK_ID='extract' AIRFLOW_CTX_EXECUTION_DATE='2024-06-29T00:00:00+00:00' AIRFLOW_CTX_TRY_NUMBER='1' AIRFLOW_CTX_DAG_RUN_ID='scheduled__2024-06-29T00:00:00+00:00'
[2025-12-17T04:21:05.097+0000] {python.py:201} INFO - Done. Returned value was:    user_id event_type           timestamp country
0        1      login 2025-01-01 09:00:00      IN
1        1      click 2025-01-01 09:05:00      IN
2        1     logout 2025-01-01 09:15:00      IN
3        2      login 2025-01-01 10:00:00      US
4        2      click 2025-01-01 10:10:00      US
5        2     logout 2025-01-01 10:20:00      US
6        3      login 2025-01-02 08:00:00      FR
7        3      click 2025-01-02 08:05:00      FR
8        3     logout 2025-01-02 08:30:00      FR
[2025-12-17T04:21:05.149+0000] {taskinstance.py:1138} INFO - Marking task as SUCCESS. dag_id=etl_***, task_id=extract, execution_date=20240629T000000, start_date=20251217T042104, end_date=20251217T042105
[2025-12-17T04:21:05.207+0000] {local_task_job_runner.py:234} INFO - Task exited with return code 0
[2025-12-17T04:21:05.233+0000] {taskinstance.py:3280} INFO - 0 downstream tasks scheduled from follow-on schedule check
[2025-12-17T04:48:46.203+0000] {taskinstance.py:1956} INFO - Dependencies all met for dep_context=non-requeueable deps ti=<TaskInstance: etl_airflow.extract scheduled__2024-06-29T00:00:00+00:00 [queued]>
[2025-12-17T04:48:46.218+0000] {taskinstance.py:1956} INFO - Dependencies all met for dep_context=requeueable deps ti=<TaskInstance: etl_airflow.extract scheduled__2024-06-29T00:00:00+00:00 [queued]>
[2025-12-17T04:48:46.220+0000] {taskinstance.py:2170} INFO - Starting attempt 1 of 3
[2025-12-17T04:48:46.237+0000] {taskinstance.py:2191} INFO - Executing <Task(PythonOperator): extract> on 2024-06-29 00:00:00+00:00
[2025-12-17T04:48:46.245+0000] {standard_task_runner.py:60} INFO - Started process 2556 to run task
[2025-12-17T04:48:46.250+0000] {standard_task_runner.py:87} INFO - Running: ['***', 'tasks', 'run', 'etl_***', 'extract', 'scheduled__2024-06-29T00:00:00+00:00', '--job-id', '710', '--raw', '--subdir', 'DAGS_FOLDER/etl_***.py', '--cfg-path', '/tmp/tmpy4wiv6vy']
[2025-12-17T04:48:46.253+0000] {standard_task_runner.py:88} INFO - Job 710: Subtask extract
[2025-12-17T04:48:46.365+0000] {task_command.py:423} INFO - Running <TaskInstance: etl_airflow.extract scheduled__2024-06-29T00:00:00+00:00 [running]> on host b3426f05ac70
[2025-12-17T04:48:46.749+0000] {taskinstance.py:2480} INFO - Exporting env vars: AIRFLOW_CTX_DAG_OWNER='***' AIRFLOW_CTX_DAG_ID='etl_***' AIRFLOW_CTX_TASK_ID='extract' AIRFLOW_CTX_EXECUTION_DATE='2024-06-29T00:00:00+00:00' AIRFLOW_CTX_TRY_NUMBER='1' AIRFLOW_CTX_DAG_RUN_ID='scheduled__2024-06-29T00:00:00+00:00'
[2025-12-17T04:48:46.769+0000] {python.py:201} INFO - Done. Returned value was:    user_id event_type           timestamp country
0        1      login 2025-01-01 09:00:00      IN
1        1      click 2025-01-01 09:05:00      IN
2        1     logout 2025-01-01 09:15:00      IN
3        2      login 2025-01-01 10:00:00      US
4        2      click 2025-01-01 10:10:00      US
5        2     logout 2025-01-01 10:20:00      US
6        3      login 2025-01-02 08:00:00      FR
7        3      click 2025-01-02 08:05:00      FR
8        3     logout 2025-01-02 08:30:00      FR
[2025-12-17T04:48:46.830+0000] {taskinstance.py:1138} INFO - Marking task as SUCCESS. dag_id=etl_***, task_id=extract, execution_date=20240629T000000, start_date=20251217T044846, end_date=20251217T044846
[2025-12-17T04:48:46.869+0000] {local_task_job_runner.py:234} INFO - Task exited with return code 0
[2025-12-17T04:48:46.919+0000] {taskinstance.py:3280} INFO - 1 downstream tasks scheduled from follow-on schedule check
[2025-12-17T07:42:22.810+0000] {taskinstance.py:1956} INFO - Dependencies all met for dep_context=non-requeueable deps ti=<TaskInstance: etl_airflow.extract scheduled__2024-06-29T00:00:00+00:00 [queued]>
[2025-12-17T07:42:22.831+0000] {taskinstance.py:1956} INFO - Dependencies all met for dep_context=requeueable deps ti=<TaskInstance: etl_airflow.extract scheduled__2024-06-29T00:00:00+00:00 [queued]>
[2025-12-17T07:42:22.834+0000] {taskinstance.py:2170} INFO - Starting attempt 1 of 3
[2025-12-17T07:42:22.871+0000] {taskinstance.py:2191} INFO - Executing <Task(PythonOperator): extract> on 2024-06-29 00:00:00+00:00
[2025-12-17T07:42:22.883+0000] {standard_task_runner.py:60} INFO - Started process 2639 to run task
[2025-12-17T07:42:22.901+0000] {standard_task_runner.py:87} INFO - Running: ['***', 'tasks', 'run', 'etl_***', 'extract', 'scheduled__2024-06-29T00:00:00+00:00', '--job-id', '713', '--raw', '--subdir', 'DAGS_FOLDER/etl_***.py', '--cfg-path', '/tmp/tmpl8em2k6k']
[2025-12-17T07:42:22.907+0000] {standard_task_runner.py:88} INFO - Job 713: Subtask extract
[2025-12-17T07:42:23.052+0000] {task_command.py:423} INFO - Running <TaskInstance: etl_airflow.extract scheduled__2024-06-29T00:00:00+00:00 [running]> on host 2a0de06c8905
[2025-12-17T07:42:23.516+0000] {taskinstance.py:2480} INFO - Exporting env vars: AIRFLOW_CTX_DAG_OWNER='***' AIRFLOW_CTX_DAG_ID='etl_***' AIRFLOW_CTX_TASK_ID='extract' AIRFLOW_CTX_EXECUTION_DATE='2024-06-29T00:00:00+00:00' AIRFLOW_CTX_TRY_NUMBER='1' AIRFLOW_CTX_DAG_RUN_ID='scheduled__2024-06-29T00:00:00+00:00'
[2025-12-17T07:42:23.552+0000] {python.py:201} INFO - Done. Returned value was:    user_id event_type           timestamp country
0        1      login 2025-01-01 09:00:00      IN
1        1      click 2025-01-01 09:05:00      IN
2        1     logout 2025-01-01 09:15:00      IN
3        2      login 2025-01-01 10:00:00      US
4        2      click 2025-01-01 10:10:00      US
5        2     logout 2025-01-01 10:20:00      US
6        3      login 2025-01-02 08:00:00      FR
7        3      click 2025-01-02 08:05:00      FR
8        3     logout 2025-01-02 08:30:00      FR
[2025-12-17T07:42:23.645+0000] {taskinstance.py:1138} INFO - Marking task as SUCCESS. dag_id=etl_***, task_id=extract, execution_date=20240629T000000, start_date=20251217T074222, end_date=20251217T074223
[2025-12-17T07:42:23.724+0000] {local_task_job_runner.py:234} INFO - Task exited with return code 0
[2025-12-17T07:42:23.993+0000] {taskinstance.py:3280} INFO - 0 downstream tasks scheduled from follow-on schedule check
