[2025-12-17T01:50:22.131+0000] {taskinstance.py:1956} INFO - Dependencies all met for dep_context=non-requeueable deps ti=<TaskInstance: etl_airflow.load scheduled__2024-01-01T00:00:00+00:00 [queued]>
[2025-12-17T01:50:22.162+0000] {taskinstance.py:1956} INFO - Dependencies all met for dep_context=requeueable deps ti=<TaskInstance: etl_airflow.load scheduled__2024-01-01T00:00:00+00:00 [queued]>
[2025-12-17T01:50:22.165+0000] {taskinstance.py:2170} INFO - Starting attempt 1 of 3
[2025-12-17T01:50:22.394+0000] {taskinstance.py:2191} INFO - Executing <Task(PythonOperator): load> on 2024-01-01 00:00:00+00:00
[2025-12-17T01:50:22.426+0000] {standard_task_runner.py:60} INFO - Started process 419 to run task
[2025-12-17T01:50:22.439+0000] {standard_task_runner.py:87} INFO - Running: ['***', 'tasks', 'run', 'etl_***', 'load', 'scheduled__2024-01-01T00:00:00+00:00', '--job-id', '65', '--raw', '--subdir', 'DAGS_FOLDER/etl_dag.py', '--cfg-path', '/tmp/tmp_6xua58h']
[2025-12-17T01:50:22.446+0000] {standard_task_runner.py:88} INFO - Job 65: Subtask load
[2025-12-17T01:50:22.636+0000] {task_command.py:423} INFO - Running <TaskInstance: etl_airflow.load scheduled__2024-01-01T00:00:00+00:00 [running]> on host 571e042550da
[2025-12-17T01:50:23.354+0000] {taskinstance.py:2480} INFO - Exporting env vars: AIRFLOW_CTX_DAG_OWNER='***' AIRFLOW_CTX_DAG_ID='etl_***' AIRFLOW_CTX_TASK_ID='load' AIRFLOW_CTX_EXECUTION_DATE='2024-01-01T00:00:00+00:00' AIRFLOW_CTX_TRY_NUMBER='1' AIRFLOW_CTX_DAG_RUN_ID='scheduled__2024-01-01T00:00:00+00:00'
[2025-12-17T01:50:23.360+0000] {logging_mixin.py:188} INFO - [LOAD]
[2025-12-17T01:50:23.414+0000] {logging_mixin.py:188} INFO -    user_id event_type            timestamp country
0        1      login  2025-01-01T09:00:00      IN
1        1      click  2025-01-01T09:05:00      IN
2        1     logout  2025-01-01T09:15:00      IN
3        3      login  2025-01-02T08:00:00      FR
4        3      click  2025-01-02T08:05:00      FR
[2025-12-17T01:50:23.416+0000] {logging_mixin.py:188} INFO - [LOAD] done
[2025-12-17T01:50:23.417+0000] {python.py:201} INFO - Done. Returned value was: None
[2025-12-17T01:50:23.446+0000] {taskinstance.py:1138} INFO - Marking task as SUCCESS. dag_id=etl_***, task_id=load, execution_date=20240101T000000, start_date=20251217T015022, end_date=20251217T015023
[2025-12-17T01:50:23.775+0000] {local_task_job_runner.py:234} INFO - Task exited with return code 0
[2025-12-17T01:50:24.127+0000] {taskinstance.py:3280} INFO - 0 downstream tasks scheduled from follow-on schedule check
