[2025-12-16T17:14:26.730+0000] {taskinstance.py:1956} INFO - Dependencies all met for dep_context=non-requeueable deps ti=<TaskInstance: etl_airflow.transform scheduled__2024-10-12T00:00:00+00:00 [queued]>
[2025-12-16T17:14:26.779+0000] {taskinstance.py:1956} INFO - Dependencies all met for dep_context=requeueable deps ti=<TaskInstance: etl_airflow.transform scheduled__2024-10-12T00:00:00+00:00 [queued]>
[2025-12-16T17:14:26.781+0000] {taskinstance.py:2170} INFO - Starting attempt 1 of 3
[2025-12-16T17:14:26.826+0000] {taskinstance.py:2191} INFO - Executing <Task(PythonOperator): transform> on 2024-10-12 00:00:00+00:00
[2025-12-16T17:14:26.844+0000] {standard_task_runner.py:60} INFO - Started process 1277 to run task
[2025-12-16T17:14:26.856+0000] {standard_task_runner.py:87} INFO - Running: ['***', 'tasks', 'run', 'etl_***', 'transform', 'scheduled__2024-10-12T00:00:00+00:00', '--job-id', '4480', '--raw', '--subdir', 'DAGS_FOLDER/etl_dag.py', '--cfg-path', '/tmp/tmp0a3hddlb']
[2025-12-16T17:14:26.864+0000] {standard_task_runner.py:88} INFO - Job 4480: Subtask transform
[2025-12-16T17:14:27.061+0000] {task_command.py:423} INFO - Running <TaskInstance: etl_airflow.transform scheduled__2024-10-12T00:00:00+00:00 [running]> on host 3b89cfee50e9
[2025-12-16T17:14:27.351+0000] {taskinstance.py:2480} INFO - Exporting env vars: AIRFLOW_CTX_DAG_OWNER='***' AIRFLOW_CTX_DAG_ID='etl_***' AIRFLOW_CTX_TASK_ID='transform' AIRFLOW_CTX_EXECUTION_DATE='2024-10-12T00:00:00+00:00' AIRFLOW_CTX_TRY_NUMBER='1' AIRFLOW_CTX_DAG_RUN_ID='scheduled__2024-10-12T00:00:00+00:00'
[2025-12-16T17:14:27.357+0000] {logging_mixin.py:188} INFO - [TRANSFORM]
[2025-12-16T17:14:27.764+0000] {logging_mixin.py:188} INFO - [TRANSFORM] done
[2025-12-16T17:14:27.767+0000] {python.py:201} INFO - Done. Returned value was: None
[2025-12-16T17:14:27.800+0000] {taskinstance.py:1138} INFO - Marking task as SUCCESS. dag_id=etl_***, task_id=transform, execution_date=20241012T000000, start_date=20251216T171426, end_date=20251216T171427
[2025-12-16T17:14:28.132+0000] {local_task_job_runner.py:234} INFO - Task exited with return code 0
[2025-12-16T17:14:28.651+0000] {taskinstance.py:3280} INFO - 0 downstream tasks scheduled from follow-on schedule check
[2025-12-17T01:55:12.055+0000] {taskinstance.py:1956} INFO - Dependencies all met for dep_context=non-requeueable deps ti=<TaskInstance: etl_airflow.transform scheduled__2024-10-12T00:00:00+00:00 [queued]>
[2025-12-17T01:55:12.102+0000] {taskinstance.py:1956} INFO - Dependencies all met for dep_context=requeueable deps ti=<TaskInstance: etl_airflow.transform scheduled__2024-10-12T00:00:00+00:00 [queued]>
[2025-12-17T01:55:12.109+0000] {taskinstance.py:2170} INFO - Starting attempt 1 of 3
[2025-12-17T01:55:12.172+0000] {taskinstance.py:2191} INFO - Executing <Task(PythonOperator): transform> on 2024-10-12 00:00:00+00:00
[2025-12-17T01:55:12.210+0000] {standard_task_runner.py:60} INFO - Started process 2982 to run task
[2025-12-17T01:55:12.222+0000] {standard_task_runner.py:87} INFO - Running: ['***', 'tasks', 'run', 'etl_***', 'transform', 'scheduled__2024-10-12T00:00:00+00:00', '--job-id', '873', '--raw', '--subdir', 'DAGS_FOLDER/etl_dag.py', '--cfg-path', '/tmp/tmp9skejneq']
[2025-12-17T01:55:12.238+0000] {standard_task_runner.py:88} INFO - Job 873: Subtask transform
[2025-12-17T01:55:12.479+0000] {task_command.py:423} INFO - Running <TaskInstance: etl_airflow.transform scheduled__2024-10-12T00:00:00+00:00 [running]> on host 571e042550da
[2025-12-17T01:55:13.137+0000] {taskinstance.py:2480} INFO - Exporting env vars: AIRFLOW_CTX_DAG_OWNER='***' AIRFLOW_CTX_DAG_ID='etl_***' AIRFLOW_CTX_TASK_ID='transform' AIRFLOW_CTX_EXECUTION_DATE='2024-10-12T00:00:00+00:00' AIRFLOW_CTX_TRY_NUMBER='1' AIRFLOW_CTX_DAG_RUN_ID='scheduled__2024-10-12T00:00:00+00:00'
[2025-12-17T01:55:13.143+0000] {logging_mixin.py:188} INFO - [TRANSFORM]
[2025-12-17T01:55:13.224+0000] {logging_mixin.py:188} INFO - [TRANSFORM] done
[2025-12-17T01:55:13.227+0000] {python.py:201} INFO - Done. Returned value was: None
[2025-12-17T01:55:13.288+0000] {taskinstance.py:1138} INFO - Marking task as SUCCESS. dag_id=etl_***, task_id=transform, execution_date=20241012T000000, start_date=20251217T015512, end_date=20251217T015513
[2025-12-17T01:55:13.437+0000] {local_task_job_runner.py:234} INFO - Task exited with return code 0
[2025-12-17T01:55:13.609+0000] {taskinstance.py:3280} INFO - 1 downstream tasks scheduled from follow-on schedule check
[2025-12-17T04:52:18.859+0000] {taskinstance.py:1956} INFO - Dependencies all met for dep_context=non-requeueable deps ti=<TaskInstance: etl_airflow.transform scheduled__2024-10-12T00:00:00+00:00 [queued]>
[2025-12-17T04:52:18.887+0000] {taskinstance.py:1956} INFO - Dependencies all met for dep_context=requeueable deps ti=<TaskInstance: etl_airflow.transform scheduled__2024-10-12T00:00:00+00:00 [queued]>
[2025-12-17T04:52:18.888+0000] {taskinstance.py:2170} INFO - Starting attempt 1 of 3
[2025-12-17T04:52:18.906+0000] {taskinstance.py:2191} INFO - Executing <Task(PythonOperator): transform> on 2024-10-12 00:00:00+00:00
[2025-12-17T04:52:18.919+0000] {standard_task_runner.py:60} INFO - Started process 3902 to run task
[2025-12-17T04:52:18.924+0000] {standard_task_runner.py:87} INFO - Running: ['***', 'tasks', 'run', 'etl_***', 'transform', 'scheduled__2024-10-12T00:00:00+00:00', '--job-id', '1119', '--raw', '--subdir', 'DAGS_FOLDER/etl_***.py', '--cfg-path', '/tmp/tmptbk9wzxy']
[2025-12-17T04:52:18.928+0000] {standard_task_runner.py:88} INFO - Job 1119: Subtask transform
[2025-12-17T04:52:19.054+0000] {task_command.py:423} INFO - Running <TaskInstance: etl_airflow.transform scheduled__2024-10-12T00:00:00+00:00 [running]> on host b3426f05ac70
[2025-12-17T04:52:19.574+0000] {taskinstance.py:2480} INFO - Exporting env vars: AIRFLOW_CTX_DAG_OWNER='***' AIRFLOW_CTX_DAG_ID='etl_***' AIRFLOW_CTX_TASK_ID='transform' AIRFLOW_CTX_EXECUTION_DATE='2024-10-12T00:00:00+00:00' AIRFLOW_CTX_TRY_NUMBER='1' AIRFLOW_CTX_DAG_RUN_ID='scheduled__2024-10-12T00:00:00+00:00'
[2025-12-17T04:52:19.579+0000] {taskinstance.py:2698} ERROR - Task failed with exception
Traceback (most recent call last):
  File "/home/airflow/.local/lib/python3.8/site-packages/airflow/models/taskinstance.py", line 433, in _execute_task
    result = execute_callable(context=context, **execute_callable_kwargs)
  File "/home/airflow/.local/lib/python3.8/site-packages/airflow/operators/python.py", line 199, in execute
    return_value = self.execute_callable()
  File "/home/airflow/.local/lib/python3.8/site-packages/airflow/operators/python.py", line 216, in execute_callable
    return self.python_callable(*self.op_args, **self.op_kwargs)
TypeError: transform_data() missing 1 required positional argument: 'df'
[2025-12-17T04:52:19.596+0000] {taskinstance.py:1138} INFO - Marking task as UP_FOR_RETRY. dag_id=etl_***, task_id=transform, execution_date=20241012T000000, start_date=20251217T045218, end_date=20251217T045219
[2025-12-17T04:52:19.623+0000] {standard_task_runner.py:107} ERROR - Failed to execute job 1119 for task transform (transform_data() missing 1 required positional argument: 'df'; 3902)
[2025-12-17T04:52:19.663+0000] {local_task_job_runner.py:234} INFO - Task exited with return code 1
[2025-12-17T04:52:19.734+0000] {taskinstance.py:3280} INFO - 0 downstream tasks scheduled from follow-on schedule check
[2025-12-17T07:57:54.712+0000] {taskinstance.py:1956} INFO - Dependencies all met for dep_context=non-requeueable deps ti=<TaskInstance: etl_airflow.transform scheduled__2024-10-12T00:00:00+00:00 [queued]>
[2025-12-17T07:57:54.732+0000] {taskinstance.py:1956} INFO - Dependencies all met for dep_context=requeueable deps ti=<TaskInstance: etl_airflow.transform scheduled__2024-10-12T00:00:00+00:00 [queued]>
[2025-12-17T07:57:54.734+0000] {taskinstance.py:2170} INFO - Starting attempt 1 of 3
[2025-12-17T07:57:54.840+0000] {taskinstance.py:2191} INFO - Executing <Task(PythonOperator): transform> on 2024-10-12 00:00:00+00:00
[2025-12-17T07:57:54.853+0000] {standard_task_runner.py:60} INFO - Started process 4151 to run task
[2025-12-17T07:57:54.867+0000] {standard_task_runner.py:87} INFO - Running: ['***', 'tasks', 'run', 'etl_***', 'transform', 'scheduled__2024-10-12T00:00:00+00:00', '--job-id', '1162', '--raw', '--subdir', 'DAGS_FOLDER/etl_***.py', '--cfg-path', '/tmp/tmpaog8hvrd']
[2025-12-17T07:57:54.874+0000] {standard_task_runner.py:88} INFO - Job 1162: Subtask transform
[2025-12-17T07:57:55.058+0000] {task_command.py:423} INFO - Running <TaskInstance: etl_airflow.transform scheduled__2024-10-12T00:00:00+00:00 [running]> on host 2a0de06c8905
[2025-12-17T07:57:55.585+0000] {taskinstance.py:2480} INFO - Exporting env vars: AIRFLOW_CTX_DAG_OWNER='***' AIRFLOW_CTX_DAG_ID='etl_***' AIRFLOW_CTX_TASK_ID='transform' AIRFLOW_CTX_EXECUTION_DATE='2024-10-12T00:00:00+00:00' AIRFLOW_CTX_TRY_NUMBER='1' AIRFLOW_CTX_DAG_RUN_ID='scheduled__2024-10-12T00:00:00+00:00'
[2025-12-17T07:57:55.591+0000] {taskinstance.py:2698} ERROR - Task failed with exception
Traceback (most recent call last):
  File "/home/airflow/.local/lib/python3.8/site-packages/airflow/models/taskinstance.py", line 433, in _execute_task
    result = execute_callable(context=context, **execute_callable_kwargs)
  File "/home/airflow/.local/lib/python3.8/site-packages/airflow/operators/python.py", line 199, in execute
    return_value = self.execute_callable()
  File "/home/airflow/.local/lib/python3.8/site-packages/airflow/operators/python.py", line 216, in execute_callable
    return self.python_callable(*self.op_args, **self.op_kwargs)
TypeError: transform_data() missing 1 required positional argument: 'df'
[2025-12-17T07:57:55.611+0000] {taskinstance.py:1138} INFO - Marking task as UP_FOR_RETRY. dag_id=etl_***, task_id=transform, execution_date=20241012T000000, start_date=20251217T075754, end_date=20251217T075755
[2025-12-17T07:57:55.707+0000] {standard_task_runner.py:107} ERROR - Failed to execute job 1162 for task transform (transform_data() missing 1 required positional argument: 'df'; 4151)
[2025-12-17T07:57:55.740+0000] {local_task_job_runner.py:234} INFO - Task exited with return code 1
[2025-12-17T07:57:55.797+0000] {taskinstance.py:3280} INFO - 0 downstream tasks scheduled from follow-on schedule check
