[2025-12-17T04:52:30.637+0000] {taskinstance.py:1956} INFO - Dependencies all met for dep_context=non-requeueable deps ti=<TaskInstance: etl_airflow.transform scheduled__2024-10-12T00:00:00+00:00 [queued]>
[2025-12-17T04:52:30.668+0000] {taskinstance.py:1956} INFO - Dependencies all met for dep_context=requeueable deps ti=<TaskInstance: etl_airflow.transform scheduled__2024-10-12T00:00:00+00:00 [queued]>
[2025-12-17T04:52:30.670+0000] {taskinstance.py:2170} INFO - Starting attempt 2 of 3
[2025-12-17T04:52:30.707+0000] {taskinstance.py:2191} INFO - Executing <Task(PythonOperator): transform> on 2024-10-12 00:00:00+00:00
[2025-12-17T04:52:30.717+0000] {standard_task_runner.py:60} INFO - Started process 3955 to run task
[2025-12-17T04:52:30.723+0000] {standard_task_runner.py:87} INFO - Running: ['***', 'tasks', 'run', 'etl_***', 'transform', 'scheduled__2024-10-12T00:00:00+00:00', '--job-id', '1135', '--raw', '--subdir', 'DAGS_FOLDER/etl_***.py', '--cfg-path', '/tmp/tmpea1awl7w']
[2025-12-17T04:52:30.728+0000] {standard_task_runner.py:88} INFO - Job 1135: Subtask transform
[2025-12-17T04:52:30.872+0000] {task_command.py:423} INFO - Running <TaskInstance: etl_airflow.transform scheduled__2024-10-12T00:00:00+00:00 [running]> on host b3426f05ac70
[2025-12-17T04:52:31.328+0000] {taskinstance.py:2480} INFO - Exporting env vars: AIRFLOW_CTX_DAG_OWNER='***' AIRFLOW_CTX_DAG_ID='etl_***' AIRFLOW_CTX_TASK_ID='transform' AIRFLOW_CTX_EXECUTION_DATE='2024-10-12T00:00:00+00:00' AIRFLOW_CTX_TRY_NUMBER='2' AIRFLOW_CTX_DAG_RUN_ID='scheduled__2024-10-12T00:00:00+00:00'
[2025-12-17T04:52:31.334+0000] {taskinstance.py:2698} ERROR - Task failed with exception
Traceback (most recent call last):
  File "/home/airflow/.local/lib/python3.8/site-packages/airflow/models/taskinstance.py", line 433, in _execute_task
    result = execute_callable(context=context, **execute_callable_kwargs)
  File "/home/airflow/.local/lib/python3.8/site-packages/airflow/operators/python.py", line 199, in execute
    return_value = self.execute_callable()
  File "/home/airflow/.local/lib/python3.8/site-packages/airflow/operators/python.py", line 216, in execute_callable
    return self.python_callable(*self.op_args, **self.op_kwargs)
TypeError: transform_data() missing 1 required positional argument: 'df'
[2025-12-17T04:52:31.366+0000] {taskinstance.py:1138} INFO - Marking task as UP_FOR_RETRY. dag_id=etl_***, task_id=transform, execution_date=20241012T000000, start_date=20251217T045230, end_date=20251217T045231
[2025-12-17T04:52:31.418+0000] {standard_task_runner.py:107} ERROR - Failed to execute job 1135 for task transform (transform_data() missing 1 required positional argument: 'df'; 3955)
[2025-12-17T04:52:31.462+0000] {local_task_job_runner.py:234} INFO - Task exited with return code 1
[2025-12-17T04:52:31.733+0000] {taskinstance.py:3280} INFO - 0 downstream tasks scheduled from follow-on schedule check
[2025-12-17T07:58:07.516+0000] {taskinstance.py:1956} INFO - Dependencies all met for dep_context=non-requeueable deps ti=<TaskInstance: etl_airflow.transform scheduled__2024-10-12T00:00:00+00:00 [queued]>
[2025-12-17T07:58:07.557+0000] {taskinstance.py:1956} INFO - Dependencies all met for dep_context=requeueable deps ti=<TaskInstance: etl_airflow.transform scheduled__2024-10-12T00:00:00+00:00 [queued]>
[2025-12-17T07:58:07.559+0000] {taskinstance.py:2170} INFO - Starting attempt 2 of 3
[2025-12-17T07:58:07.610+0000] {taskinstance.py:2191} INFO - Executing <Task(PythonOperator): transform> on 2024-10-12 00:00:00+00:00
[2025-12-17T07:58:07.628+0000] {standard_task_runner.py:60} INFO - Started process 4215 to run task
[2025-12-17T07:58:07.645+0000] {standard_task_runner.py:87} INFO - Running: ['***', 'tasks', 'run', 'etl_***', 'transform', 'scheduled__2024-10-12T00:00:00+00:00', '--job-id', '1186', '--raw', '--subdir', 'DAGS_FOLDER/etl_***.py', '--cfg-path', '/tmp/tmpwk0s482u']
[2025-12-17T07:58:07.656+0000] {standard_task_runner.py:88} INFO - Job 1186: Subtask transform
[2025-12-17T07:58:07.855+0000] {task_command.py:423} INFO - Running <TaskInstance: etl_airflow.transform scheduled__2024-10-12T00:00:00+00:00 [running]> on host 2a0de06c8905
[2025-12-17T07:58:08.262+0000] {taskinstance.py:2480} INFO - Exporting env vars: AIRFLOW_CTX_DAG_OWNER='***' AIRFLOW_CTX_DAG_ID='etl_***' AIRFLOW_CTX_TASK_ID='transform' AIRFLOW_CTX_EXECUTION_DATE='2024-10-12T00:00:00+00:00' AIRFLOW_CTX_TRY_NUMBER='2' AIRFLOW_CTX_DAG_RUN_ID='scheduled__2024-10-12T00:00:00+00:00'
[2025-12-17T07:58:08.265+0000] {taskinstance.py:2698} ERROR - Task failed with exception
Traceback (most recent call last):
  File "/home/airflow/.local/lib/python3.8/site-packages/airflow/models/taskinstance.py", line 433, in _execute_task
    result = execute_callable(context=context, **execute_callable_kwargs)
  File "/home/airflow/.local/lib/python3.8/site-packages/airflow/operators/python.py", line 199, in execute
    return_value = self.execute_callable()
  File "/home/airflow/.local/lib/python3.8/site-packages/airflow/operators/python.py", line 216, in execute_callable
    return self.python_callable(*self.op_args, **self.op_kwargs)
TypeError: transform_data() missing 1 required positional argument: 'df'
[2025-12-17T07:58:08.281+0000] {taskinstance.py:1138} INFO - Marking task as UP_FOR_RETRY. dag_id=etl_***, task_id=transform, execution_date=20241012T000000, start_date=20251217T075807, end_date=20251217T075808
[2025-12-17T07:58:08.305+0000] {standard_task_runner.py:107} ERROR - Failed to execute job 1186 for task transform (transform_data() missing 1 required positional argument: 'df'; 4215)
[2025-12-17T07:58:08.339+0000] {local_task_job_runner.py:234} INFO - Task exited with return code 1
[2025-12-17T07:58:08.379+0000] {taskinstance.py:3280} INFO - 0 downstream tasks scheduled from follow-on schedule check
