[2025-12-16T17:14:57.824+0000] {taskinstance.py:1956} INFO - Dependencies all met for dep_context=non-requeueable deps ti=<TaskInstance: etl_airflow.load scheduled__2024-11-20T00:00:00+00:00 [queued]>
[2025-12-16T17:14:57.843+0000] {taskinstance.py:1956} INFO - Dependencies all met for dep_context=requeueable deps ti=<TaskInstance: etl_airflow.load scheduled__2024-11-20T00:00:00+00:00 [queued]>
[2025-12-16T17:14:57.845+0000] {taskinstance.py:2170} INFO - Starting attempt 1 of 3
[2025-12-16T17:14:57.870+0000] {taskinstance.py:2191} INFO - Executing <Task(PythonOperator): load> on 2024-11-20 00:00:00+00:00
[2025-12-16T17:14:57.883+0000] {standard_task_runner.py:60} INFO - Started process 1656 to run task
[2025-12-16T17:14:57.888+0000] {standard_task_runner.py:87} INFO - Running: ['***', 'tasks', 'run', 'etl_***', 'load', 'scheduled__2024-11-20T00:00:00+00:00', '--job-id', '4602', '--raw', '--subdir', 'DAGS_FOLDER/etl_dag.py', '--cfg-path', '/tmp/tmpf7zs6lf6']
[2025-12-16T17:14:57.893+0000] {standard_task_runner.py:88} INFO - Job 4602: Subtask load
[2025-12-16T17:14:58.036+0000] {task_command.py:423} INFO - Running <TaskInstance: etl_airflow.load scheduled__2024-11-20T00:00:00+00:00 [running]> on host 3b89cfee50e9
[2025-12-16T17:14:58.274+0000] {taskinstance.py:2480} INFO - Exporting env vars: AIRFLOW_CTX_DAG_OWNER='***' AIRFLOW_CTX_DAG_ID='etl_***' AIRFLOW_CTX_TASK_ID='load' AIRFLOW_CTX_EXECUTION_DATE='2024-11-20T00:00:00+00:00' AIRFLOW_CTX_TRY_NUMBER='1' AIRFLOW_CTX_DAG_RUN_ID='scheduled__2024-11-20T00:00:00+00:00'
[2025-12-16T17:14:58.278+0000] {logging_mixin.py:188} INFO - [LOAD]
[2025-12-16T17:14:58.624+0000] {logging_mixin.py:188} INFO -    user_id event_type            timestamp country
0        1      login  2025-01-01T09:00:00      IN
1        1      click  2025-01-01T09:05:00      IN
2        1     logout  2025-01-01T09:15:00      IN
3        3      login  2025-01-02T08:00:00      FR
4        3      click  2025-01-02T08:05:00      FR
[2025-12-16T17:14:58.626+0000] {logging_mixin.py:188} INFO - [LOAD] done
[2025-12-16T17:14:58.628+0000] {python.py:201} INFO - Done. Returned value was: None
[2025-12-16T17:14:58.652+0000] {taskinstance.py:1138} INFO - Marking task as SUCCESS. dag_id=etl_***, task_id=load, execution_date=20241120T000000, start_date=20251216T171457, end_date=20251216T171458
[2025-12-16T17:14:58.850+0000] {local_task_job_runner.py:234} INFO - Task exited with return code 0
[2025-12-16T17:14:58.896+0000] {taskinstance.py:3280} INFO - 0 downstream tasks scheduled from follow-on schedule check
[2025-12-17T01:56:00.841+0000] {taskinstance.py:1956} INFO - Dependencies all met for dep_context=non-requeueable deps ti=<TaskInstance: etl_airflow.load scheduled__2024-11-20T00:00:00+00:00 [queued]>
[2025-12-17T01:56:00.872+0000] {taskinstance.py:1956} INFO - Dependencies all met for dep_context=requeueable deps ti=<TaskInstance: etl_airflow.load scheduled__2024-11-20T00:00:00+00:00 [queued]>
[2025-12-17T01:56:00.874+0000] {taskinstance.py:2170} INFO - Starting attempt 1 of 3
[2025-12-17T01:56:01.031+0000] {taskinstance.py:2191} INFO - Executing <Task(PythonOperator): load> on 2024-11-20 00:00:00+00:00
[2025-12-17T01:56:01.048+0000] {standard_task_runner.py:60} INFO - Started process 3447 to run task
[2025-12-17T01:56:01.082+0000] {standard_task_runner.py:87} INFO - Running: ['***', 'tasks', 'run', 'etl_***', 'load', 'scheduled__2024-11-20T00:00:00+00:00', '--job-id', '1016', '--raw', '--subdir', 'DAGS_FOLDER/etl_dag.py', '--cfg-path', '/tmp/tmpljla6847']
[2025-12-17T01:56:01.088+0000] {standard_task_runner.py:88} INFO - Job 1016: Subtask load
[2025-12-17T01:56:01.415+0000] {task_command.py:423} INFO - Running <TaskInstance: etl_airflow.load scheduled__2024-11-20T00:00:00+00:00 [running]> on host 571e042550da
[2025-12-17T01:56:02.076+0000] {taskinstance.py:2480} INFO - Exporting env vars: AIRFLOW_CTX_DAG_OWNER='***' AIRFLOW_CTX_DAG_ID='etl_***' AIRFLOW_CTX_TASK_ID='load' AIRFLOW_CTX_EXECUTION_DATE='2024-11-20T00:00:00+00:00' AIRFLOW_CTX_TRY_NUMBER='1' AIRFLOW_CTX_DAG_RUN_ID='scheduled__2024-11-20T00:00:00+00:00'
[2025-12-17T01:56:02.084+0000] {logging_mixin.py:188} INFO - [LOAD]
[2025-12-17T01:56:02.140+0000] {logging_mixin.py:188} INFO -    user_id event_type            timestamp country
0        1      login  2025-01-01T09:00:00      IN
1        1      click  2025-01-01T09:05:00      IN
2        1     logout  2025-01-01T09:15:00      IN
3        3      login  2025-01-02T08:00:00      FR
4        3      click  2025-01-02T08:05:00      FR
[2025-12-17T01:56:02.142+0000] {logging_mixin.py:188} INFO - [LOAD] done
[2025-12-17T01:56:02.144+0000] {python.py:201} INFO - Done. Returned value was: None
[2025-12-17T01:56:02.174+0000] {taskinstance.py:1138} INFO - Marking task as SUCCESS. dag_id=etl_***, task_id=load, execution_date=20241120T000000, start_date=20251217T015600, end_date=20251217T015602
[2025-12-17T01:56:02.255+0000] {local_task_job_runner.py:234} INFO - Task exited with return code 0
[2025-12-17T01:56:02.441+0000] {taskinstance.py:3280} INFO - 0 downstream tasks scheduled from follow-on schedule check
