[2025-12-16T16:56:55.189+0000] {taskinstance.py:1956} INFO - Dependencies all met for dep_context=non-requeueable deps ti=<TaskInstance: etl_airflow.extract scheduled__2024-03-20T00:00:00+00:00 [queued]>
[2025-12-16T16:56:55.207+0000] {taskinstance.py:1956} INFO - Dependencies all met for dep_context=requeueable deps ti=<TaskInstance: etl_airflow.extract scheduled__2024-03-20T00:00:00+00:00 [queued]>
[2025-12-16T16:56:55.208+0000] {taskinstance.py:2170} INFO - Starting attempt 9 of 9
[2025-12-16T16:56:55.234+0000] {taskinstance.py:2191} INFO - Executing <Task(PythonOperator): extract> on 2024-03-20 00:00:00+00:00
[2025-12-16T16:56:55.246+0000] {standard_task_runner.py:60} INFO - Started process 5129 to run task
[2025-12-16T16:56:55.257+0000] {standard_task_runner.py:87} INFO - Running: ['***', 'tasks', 'run', 'etl_***', 'extract', 'scheduled__2024-03-20T00:00:00+00:00', '--job-id', '2358', '--raw', '--subdir', 'DAGS_FOLDER/etl_dag.py', '--cfg-path', '/tmp/tmprmcids0_']
[2025-12-16T16:56:55.267+0000] {standard_task_runner.py:88} INFO - Job 2358: Subtask extract
[2025-12-16T16:56:55.429+0000] {task_command.py:423} INFO - Running <TaskInstance: etl_airflow.extract scheduled__2024-03-20T00:00:00+00:00 [running]> on host db658e834d9d
[2025-12-16T16:56:55.608+0000] {taskinstance.py:2480} INFO - Exporting env vars: AIRFLOW_CTX_DAG_OWNER='***' AIRFLOW_CTX_DAG_ID='etl_***' AIRFLOW_CTX_TASK_ID='extract' AIRFLOW_CTX_EXECUTION_DATE='2024-03-20T00:00:00+00:00' AIRFLOW_CTX_TRY_NUMBER='9' AIRFLOW_CTX_DAG_RUN_ID='scheduled__2024-03-20T00:00:00+00:00'
[2025-12-16T16:56:55.613+0000] {logging_mixin.py:188} INFO - [EXTRACT] E:\GPP\Task_4\comparative-data-orchestrationirflow\data\synthetic_events.csv
[2025-12-16T16:56:55.614+0000] {taskinstance.py:2698} ERROR - Task failed with exception
Traceback (most recent call last):
  File "/home/airflow/.local/lib/python3.8/site-packages/airflow/models/taskinstance.py", line 433, in _execute_task
    result = execute_callable(context=context, **execute_callable_kwargs)
  File "/home/airflow/.local/lib/python3.8/site-packages/airflow/operators/python.py", line 199, in execute
    return_value = self.execute_callable()
  File "/home/airflow/.local/lib/python3.8/site-packages/airflow/operators/python.py", line 216, in execute_callable
    return self.python_callable(*self.op_args, **self.op_kwargs)
  File "/opt/airflow/etl_logic/pipeline.py", line 100, in extract_data
    raise FileNotFoundError(f"{input_path} not found")
FileNotFoundError: E:\GPP\Task_4\comparative-data-orchestrationirflow\data\synthetic_events.csv not found
[2025-12-16T16:56:55.667+0000] {taskinstance.py:1138} INFO - Marking task as FAILED. dag_id=etl_***, task_id=extract, execution_date=20240320T000000, start_date=20251216T165655, end_date=20251216T165655
[2025-12-16T16:56:55.692+0000] {standard_task_runner.py:107} ERROR - Failed to execute job 2358 for task extract (E:\GPP\Task_4\comparative-data-orchestrationirflow\data\synthetic_events.csv not found; 5129)
[2025-12-16T16:56:55.726+0000] {local_task_job_runner.py:234} INFO - Task exited with return code 1
[2025-12-16T16:56:55.811+0000] {taskinstance.py:3280} INFO - 0 downstream tasks scheduled from follow-on schedule check
