[2025-12-17T02:01:05.275+0000] {taskinstance.py:1956} INFO - Dependencies all met for dep_context=non-requeueable deps ti=<TaskInstance: etl_airflow.transform scheduled__2025-10-21T00:00:00+00:00 [queued]>
[2025-12-17T02:01:05.312+0000] {taskinstance.py:1956} INFO - Dependencies all met for dep_context=requeueable deps ti=<TaskInstance: etl_airflow.transform scheduled__2025-10-21T00:00:00+00:00 [queued]>
[2025-12-17T02:01:05.314+0000] {taskinstance.py:2170} INFO - Starting attempt 1 of 3
[2025-12-17T02:01:05.602+0000] {taskinstance.py:2191} INFO - Executing <Task(PythonOperator): transform> on 2025-10-21 00:00:00+00:00
[2025-12-17T02:01:05.617+0000] {standard_task_runner.py:60} INFO - Started process 6586 to run task
[2025-12-17T02:01:05.634+0000] {standard_task_runner.py:87} INFO - Running: ['***', 'tasks', 'run', 'etl_***', 'transform', 'scheduled__2025-10-21T00:00:00+00:00', '--job-id', '2009', '--raw', '--subdir', 'DAGS_FOLDER/etl_dag.py', '--cfg-path', '/tmp/tmp7j0na2yq']
[2025-12-17T02:01:05.645+0000] {standard_task_runner.py:88} INFO - Job 2009: Subtask transform
[2025-12-17T02:01:05.807+0000] {task_command.py:423} INFO - Running <TaskInstance: etl_airflow.transform scheduled__2025-10-21T00:00:00+00:00 [running]> on host 571e042550da
[2025-12-17T02:01:06.400+0000] {taskinstance.py:2480} INFO - Exporting env vars: AIRFLOW_CTX_DAG_OWNER='***' AIRFLOW_CTX_DAG_ID='etl_***' AIRFLOW_CTX_TASK_ID='transform' AIRFLOW_CTX_EXECUTION_DATE='2025-10-21T00:00:00+00:00' AIRFLOW_CTX_TRY_NUMBER='1' AIRFLOW_CTX_DAG_RUN_ID='scheduled__2025-10-21T00:00:00+00:00'
[2025-12-17T02:01:06.407+0000] {logging_mixin.py:188} INFO - [TRANSFORM]
[2025-12-17T02:01:06.457+0000] {logging_mixin.py:188} INFO - [TRANSFORM] done
[2025-12-17T02:01:06.459+0000] {python.py:201} INFO - Done. Returned value was: None
[2025-12-17T02:01:06.481+0000] {taskinstance.py:1138} INFO - Marking task as SUCCESS. dag_id=etl_***, task_id=transform, execution_date=20251021T000000, start_date=20251217T020105, end_date=20251217T020106
[2025-12-17T02:01:06.718+0000] {local_task_job_runner.py:234} INFO - Task exited with return code 0
[2025-12-17T02:01:06.775+0000] {taskinstance.py:3280} INFO - 1 downstream tasks scheduled from follow-on schedule check
[2025-12-17T05:06:09.734+0000] {taskinstance.py:1956} INFO - Dependencies all met for dep_context=non-requeueable deps ti=<TaskInstance: etl_airflow.transform scheduled__2025-10-21T00:00:00+00:00 [queued]>
[2025-12-17T05:06:09.756+0000] {taskinstance.py:1956} INFO - Dependencies all met for dep_context=requeueable deps ti=<TaskInstance: etl_airflow.transform scheduled__2025-10-21T00:00:00+00:00 [queued]>
[2025-12-17T05:06:09.758+0000] {taskinstance.py:2170} INFO - Starting attempt 1 of 3
[2025-12-17T05:06:09.918+0000] {taskinstance.py:2191} INFO - Executing <Task(PythonOperator): transform> on 2025-10-21 00:00:00+00:00
[2025-12-17T05:06:09.931+0000] {standard_task_runner.py:60} INFO - Started process 8940 to run task
[2025-12-17T05:06:09.942+0000] {standard_task_runner.py:87} INFO - Running: ['***', 'tasks', 'run', 'etl_***', 'transform', 'scheduled__2025-10-21T00:00:00+00:00', '--job-id', '2642', '--raw', '--subdir', 'DAGS_FOLDER/etl_***.py', '--cfg-path', '/tmp/tmpb0hh4clc']
[2025-12-17T05:06:09.949+0000] {standard_task_runner.py:88} INFO - Job 2642: Subtask transform
[2025-12-17T05:06:10.122+0000] {task_command.py:423} INFO - Running <TaskInstance: etl_airflow.transform scheduled__2025-10-21T00:00:00+00:00 [running]> on host b3426f05ac70
[2025-12-17T05:06:10.655+0000] {taskinstance.py:2480} INFO - Exporting env vars: AIRFLOW_CTX_DAG_OWNER='***' AIRFLOW_CTX_DAG_ID='etl_***' AIRFLOW_CTX_TASK_ID='transform' AIRFLOW_CTX_EXECUTION_DATE='2025-10-21T00:00:00+00:00' AIRFLOW_CTX_TRY_NUMBER='1' AIRFLOW_CTX_DAG_RUN_ID='scheduled__2025-10-21T00:00:00+00:00'
[2025-12-17T05:06:10.656+0000] {taskinstance.py:2698} ERROR - Task failed with exception
Traceback (most recent call last):
  File "/home/airflow/.local/lib/python3.8/site-packages/airflow/models/taskinstance.py", line 433, in _execute_task
    result = execute_callable(context=context, **execute_callable_kwargs)
  File "/home/airflow/.local/lib/python3.8/site-packages/airflow/operators/python.py", line 199, in execute
    return_value = self.execute_callable()
  File "/home/airflow/.local/lib/python3.8/site-packages/airflow/operators/python.py", line 216, in execute_callable
    return self.python_callable(*self.op_args, **self.op_kwargs)
TypeError: transform_data() missing 1 required positional argument: 'df'
[2025-12-17T05:06:10.677+0000] {taskinstance.py:1138} INFO - Marking task as UP_FOR_RETRY. dag_id=etl_***, task_id=transform, execution_date=20251021T000000, start_date=20251217T050609, end_date=20251217T050610
[2025-12-17T05:06:10.717+0000] {standard_task_runner.py:107} ERROR - Failed to execute job 2642 for task transform (transform_data() missing 1 required positional argument: 'df'; 8940)
[2025-12-17T05:06:10.767+0000] {local_task_job_runner.py:234} INFO - Task exited with return code 1
[2025-12-17T05:06:10.851+0000] {taskinstance.py:3280} INFO - 0 downstream tasks scheduled from follow-on schedule check
