[2025-12-16T17:14:53.156+0000] {taskinstance.py:1956} INFO - Dependencies all met for dep_context=non-requeueable deps ti=<TaskInstance: etl_airflow.transform scheduled__2024-11-13T00:00:00+00:00 [queued]>
[2025-12-16T17:14:53.183+0000] {taskinstance.py:1956} INFO - Dependencies all met for dep_context=requeueable deps ti=<TaskInstance: etl_airflow.transform scheduled__2024-11-13T00:00:00+00:00 [queued]>
[2025-12-16T17:14:53.186+0000] {taskinstance.py:2170} INFO - Starting attempt 1 of 3
[2025-12-16T17:14:53.225+0000] {taskinstance.py:2191} INFO - Executing <Task(PythonOperator): transform> on 2024-11-13 00:00:00+00:00
[2025-12-16T17:14:53.240+0000] {standard_task_runner.py:60} INFO - Started process 1593 to run task
[2025-12-16T17:14:53.249+0000] {standard_task_runner.py:87} INFO - Running: ['***', 'tasks', 'run', 'etl_***', 'transform', 'scheduled__2024-11-13T00:00:00+00:00', '--job-id', '4579', '--raw', '--subdir', 'DAGS_FOLDER/etl_dag.py', '--cfg-path', '/tmp/tmppagpdrrq']
[2025-12-16T17:14:53.255+0000] {standard_task_runner.py:88} INFO - Job 4579: Subtask transform
[2025-12-16T17:14:53.404+0000] {task_command.py:423} INFO - Running <TaskInstance: etl_airflow.transform scheduled__2024-11-13T00:00:00+00:00 [running]> on host 3b89cfee50e9
[2025-12-16T17:14:53.633+0000] {taskinstance.py:2480} INFO - Exporting env vars: AIRFLOW_CTX_DAG_OWNER='***' AIRFLOW_CTX_DAG_ID='etl_***' AIRFLOW_CTX_TASK_ID='transform' AIRFLOW_CTX_EXECUTION_DATE='2024-11-13T00:00:00+00:00' AIRFLOW_CTX_TRY_NUMBER='1' AIRFLOW_CTX_DAG_RUN_ID='scheduled__2024-11-13T00:00:00+00:00'
[2025-12-16T17:14:53.636+0000] {logging_mixin.py:188} INFO - [TRANSFORM]
[2025-12-16T17:14:53.943+0000] {logging_mixin.py:188} INFO - [TRANSFORM] done
[2025-12-16T17:14:53.945+0000] {python.py:201} INFO - Done. Returned value was: None
[2025-12-16T17:14:53.964+0000] {taskinstance.py:1138} INFO - Marking task as SUCCESS. dag_id=etl_***, task_id=transform, execution_date=20241113T000000, start_date=20251216T171453, end_date=20251216T171453
[2025-12-16T17:14:54.030+0000] {local_task_job_runner.py:234} INFO - Task exited with return code 0
[2025-12-16T17:14:54.129+0000] {taskinstance.py:3280} INFO - 1 downstream tasks scheduled from follow-on schedule check
[2025-12-17T01:55:44.932+0000] {taskinstance.py:1956} INFO - Dependencies all met for dep_context=non-requeueable deps ti=<TaskInstance: etl_airflow.transform scheduled__2024-11-13T00:00:00+00:00 [queued]>
[2025-12-17T01:55:44.983+0000] {taskinstance.py:1956} INFO - Dependencies all met for dep_context=requeueable deps ti=<TaskInstance: etl_airflow.transform scheduled__2024-11-13T00:00:00+00:00 [queued]>
[2025-12-17T01:55:44.987+0000] {taskinstance.py:2170} INFO - Starting attempt 1 of 3
[2025-12-17T01:55:45.042+0000] {taskinstance.py:2191} INFO - Executing <Task(PythonOperator): transform> on 2024-11-13 00:00:00+00:00
[2025-12-17T01:55:45.068+0000] {standard_task_runner.py:60} INFO - Started process 3294 to run task
[2025-12-17T01:55:45.122+0000] {standard_task_runner.py:87} INFO - Running: ['***', 'tasks', 'run', 'etl_***', 'transform', 'scheduled__2024-11-13T00:00:00+00:00', '--job-id', '968', '--raw', '--subdir', 'DAGS_FOLDER/etl_dag.py', '--cfg-path', '/tmp/tmp4qr8nkyi']
[2025-12-17T01:55:45.135+0000] {standard_task_runner.py:88} INFO - Job 968: Subtask transform
[2025-12-17T01:55:45.372+0000] {task_command.py:423} INFO - Running <TaskInstance: etl_airflow.transform scheduled__2024-11-13T00:00:00+00:00 [running]> on host 571e042550da
[2025-12-17T01:55:46.266+0000] {taskinstance.py:2480} INFO - Exporting env vars: AIRFLOW_CTX_DAG_OWNER='***' AIRFLOW_CTX_DAG_ID='etl_***' AIRFLOW_CTX_TASK_ID='transform' AIRFLOW_CTX_EXECUTION_DATE='2024-11-13T00:00:00+00:00' AIRFLOW_CTX_TRY_NUMBER='1' AIRFLOW_CTX_DAG_RUN_ID='scheduled__2024-11-13T00:00:00+00:00'
[2025-12-17T01:55:46.272+0000] {logging_mixin.py:188} INFO - [TRANSFORM]
[2025-12-17T01:55:46.336+0000] {logging_mixin.py:188} INFO - [TRANSFORM] done
[2025-12-17T01:55:46.338+0000] {python.py:201} INFO - Done. Returned value was: None
[2025-12-17T01:55:46.393+0000] {taskinstance.py:1138} INFO - Marking task as SUCCESS. dag_id=etl_***, task_id=transform, execution_date=20241113T000000, start_date=20251217T015544, end_date=20251217T015546
[2025-12-17T01:55:46.535+0000] {local_task_job_runner.py:234} INFO - Task exited with return code 0
[2025-12-17T01:55:46.622+0000] {taskinstance.py:3280} INFO - 1 downstream tasks scheduled from follow-on schedule check
[2025-12-17T04:53:28.758+0000] {taskinstance.py:1956} INFO - Dependencies all met for dep_context=non-requeueable deps ti=<TaskInstance: etl_airflow.transform scheduled__2024-11-13T00:00:00+00:00 [queued]>
[2025-12-17T04:53:28.770+0000] {taskinstance.py:1956} INFO - Dependencies all met for dep_context=requeueable deps ti=<TaskInstance: etl_airflow.transform scheduled__2024-11-13T00:00:00+00:00 [queued]>
[2025-12-17T04:53:28.774+0000] {taskinstance.py:2170} INFO - Starting attempt 1 of 3
[2025-12-17T04:53:28.788+0000] {taskinstance.py:2191} INFO - Executing <Task(PythonOperator): transform> on 2024-11-13 00:00:00+00:00
[2025-12-17T04:53:28.794+0000] {standard_task_runner.py:60} INFO - Started process 4322 to run task
[2025-12-17T04:53:28.800+0000] {standard_task_runner.py:87} INFO - Running: ['***', 'tasks', 'run', 'etl_***', 'transform', 'scheduled__2024-11-13T00:00:00+00:00', '--job-id', '1247', '--raw', '--subdir', 'DAGS_FOLDER/etl_***.py', '--cfg-path', '/tmp/tmp8plhsrvz']
[2025-12-17T04:53:28.802+0000] {standard_task_runner.py:88} INFO - Job 1247: Subtask transform
[2025-12-17T04:53:28.932+0000] {task_command.py:423} INFO - Running <TaskInstance: etl_airflow.transform scheduled__2024-11-13T00:00:00+00:00 [running]> on host b3426f05ac70
[2025-12-17T04:53:29.278+0000] {taskinstance.py:2480} INFO - Exporting env vars: AIRFLOW_CTX_DAG_OWNER='***' AIRFLOW_CTX_DAG_ID='etl_***' AIRFLOW_CTX_TASK_ID='transform' AIRFLOW_CTX_EXECUTION_DATE='2024-11-13T00:00:00+00:00' AIRFLOW_CTX_TRY_NUMBER='1' AIRFLOW_CTX_DAG_RUN_ID='scheduled__2024-11-13T00:00:00+00:00'
[2025-12-17T04:53:29.280+0000] {taskinstance.py:2698} ERROR - Task failed with exception
Traceback (most recent call last):
  File "/home/airflow/.local/lib/python3.8/site-packages/airflow/models/taskinstance.py", line 433, in _execute_task
    result = execute_callable(context=context, **execute_callable_kwargs)
  File "/home/airflow/.local/lib/python3.8/site-packages/airflow/operators/python.py", line 199, in execute
    return_value = self.execute_callable()
  File "/home/airflow/.local/lib/python3.8/site-packages/airflow/operators/python.py", line 216, in execute_callable
    return self.python_callable(*self.op_args, **self.op_kwargs)
TypeError: transform_data() missing 1 required positional argument: 'df'
[2025-12-17T04:53:29.290+0000] {taskinstance.py:1138} INFO - Marking task as UP_FOR_RETRY. dag_id=etl_***, task_id=transform, execution_date=20241113T000000, start_date=20251217T045328, end_date=20251217T045329
[2025-12-17T04:53:29.309+0000] {standard_task_runner.py:107} ERROR - Failed to execute job 1247 for task transform (transform_data() missing 1 required positional argument: 'df'; 4322)
[2025-12-17T04:53:29.334+0000] {local_task_job_runner.py:234} INFO - Task exited with return code 1
[2025-12-17T04:53:29.370+0000] {taskinstance.py:3280} INFO - 0 downstream tasks scheduled from follow-on schedule check
[2025-12-17T07:59:14.093+0000] {taskinstance.py:1956} INFO - Dependencies all met for dep_context=non-requeueable deps ti=<TaskInstance: etl_airflow.transform scheduled__2024-11-13T00:00:00+00:00 [queued]>
[2025-12-17T07:59:14.127+0000] {taskinstance.py:1956} INFO - Dependencies all met for dep_context=requeueable deps ti=<TaskInstance: etl_airflow.transform scheduled__2024-11-13T00:00:00+00:00 [queued]>
[2025-12-17T07:59:14.131+0000] {taskinstance.py:2170} INFO - Starting attempt 1 of 3
[2025-12-17T07:59:14.490+0000] {taskinstance.py:2191} INFO - Executing <Task(PythonOperator): transform> on 2024-11-13 00:00:00+00:00
[2025-12-17T07:59:14.506+0000] {standard_task_runner.py:60} INFO - Started process 4582 to run task
[2025-12-17T07:59:14.523+0000] {standard_task_runner.py:87} INFO - Running: ['***', 'tasks', 'run', 'etl_***', 'transform', 'scheduled__2024-11-13T00:00:00+00:00', '--job-id', '1293', '--raw', '--subdir', 'DAGS_FOLDER/etl_***.py', '--cfg-path', '/tmp/tmpltdvbj3y']
[2025-12-17T07:59:14.538+0000] {standard_task_runner.py:88} INFO - Job 1293: Subtask transform
[2025-12-17T07:59:14.748+0000] {task_command.py:423} INFO - Running <TaskInstance: etl_airflow.transform scheduled__2024-11-13T00:00:00+00:00 [running]> on host 2a0de06c8905
[2025-12-17T07:59:15.369+0000] {taskinstance.py:2480} INFO - Exporting env vars: AIRFLOW_CTX_DAG_OWNER='***' AIRFLOW_CTX_DAG_ID='etl_***' AIRFLOW_CTX_TASK_ID='transform' AIRFLOW_CTX_EXECUTION_DATE='2024-11-13T00:00:00+00:00' AIRFLOW_CTX_TRY_NUMBER='1' AIRFLOW_CTX_DAG_RUN_ID='scheduled__2024-11-13T00:00:00+00:00'
[2025-12-17T07:59:15.375+0000] {taskinstance.py:2698} ERROR - Task failed with exception
Traceback (most recent call last):
  File "/home/airflow/.local/lib/python3.8/site-packages/airflow/models/taskinstance.py", line 433, in _execute_task
    result = execute_callable(context=context, **execute_callable_kwargs)
  File "/home/airflow/.local/lib/python3.8/site-packages/airflow/operators/python.py", line 199, in execute
    return_value = self.execute_callable()
  File "/home/airflow/.local/lib/python3.8/site-packages/airflow/operators/python.py", line 216, in execute_callable
    return self.python_callable(*self.op_args, **self.op_kwargs)
TypeError: transform_data() missing 1 required positional argument: 'df'
[2025-12-17T07:59:15.400+0000] {taskinstance.py:1138} INFO - Marking task as UP_FOR_RETRY. dag_id=etl_***, task_id=transform, execution_date=20241113T000000, start_date=20251217T075914, end_date=20251217T075915
[2025-12-17T07:59:15.635+0000] {standard_task_runner.py:107} ERROR - Failed to execute job 1293 for task transform (transform_data() missing 1 required positional argument: 'df'; 4582)
[2025-12-17T07:59:15.730+0000] {local_task_job_runner.py:234} INFO - Task exited with return code 1
[2025-12-17T07:59:15.831+0000] {taskinstance.py:3280} INFO - 0 downstream tasks scheduled from follow-on schedule check
