[2025-12-16T17:20:24.598+0000] {taskinstance.py:1956} INFO - Dependencies all met for dep_context=non-requeueable deps ti=<TaskInstance: etl_airflow.load scheduled__2024-05-23T00:00:00+00:00 [queued]>
[2025-12-16T17:20:24.622+0000] {taskinstance.py:1956} INFO - Dependencies all met for dep_context=requeueable deps ti=<TaskInstance: etl_airflow.load scheduled__2024-05-23T00:00:00+00:00 [queued]>
[2025-12-16T17:20:24.625+0000] {taskinstance.py:2170} INFO - Starting attempt 3 of 4
[2025-12-16T17:20:24.673+0000] {taskinstance.py:2191} INFO - Executing <Task(PythonOperator): load> on 2024-05-23 00:00:00+00:00
[2025-12-16T17:20:24.693+0000] {standard_task_runner.py:60} INFO - Started process 5046 to run task
[2025-12-16T17:20:24.700+0000] {standard_task_runner.py:87} INFO - Running: ['***', 'tasks', 'run', 'etl_***', 'load', 'scheduled__2024-05-23T00:00:00+00:00', '--job-id', '5668', '--raw', '--subdir', 'DAGS_FOLDER/etl_dag.py', '--cfg-path', '/tmp/tmpgrlihtkg']
[2025-12-16T17:20:24.706+0000] {standard_task_runner.py:88} INFO - Job 5668: Subtask load
[2025-12-16T17:20:24.955+0000] {task_command.py:423} INFO - Running <TaskInstance: etl_airflow.load scheduled__2024-05-23T00:00:00+00:00 [running]> on host 3b89cfee50e9
[2025-12-16T17:20:25.274+0000] {taskinstance.py:2480} INFO - Exporting env vars: AIRFLOW_CTX_DAG_OWNER='***' AIRFLOW_CTX_DAG_ID='etl_***' AIRFLOW_CTX_TASK_ID='load' AIRFLOW_CTX_EXECUTION_DATE='2024-05-23T00:00:00+00:00' AIRFLOW_CTX_TRY_NUMBER='3' AIRFLOW_CTX_DAG_RUN_ID='scheduled__2024-05-23T00:00:00+00:00'
[2025-12-16T17:20:25.278+0000] {logging_mixin.py:188} INFO - [LOAD]
[2025-12-16T17:20:25.729+0000] {logging_mixin.py:188} INFO -    user_id event_type            timestamp country
0        1      login  2025-01-01T09:00:00      IN
1        1      click  2025-01-01T09:05:00      IN
2        1     logout  2025-01-01T09:15:00      IN
3        3      login  2025-01-02T08:00:00      FR
4        3      click  2025-01-02T08:05:00      FR
[2025-12-16T17:20:25.730+0000] {logging_mixin.py:188} INFO - [LOAD] done
[2025-12-16T17:20:25.731+0000] {python.py:201} INFO - Done. Returned value was: None
[2025-12-16T17:20:25.766+0000] {taskinstance.py:1138} INFO - Marking task as SUCCESS. dag_id=etl_***, task_id=load, execution_date=20240523T000000, start_date=20251216T172024, end_date=20251216T172025
[2025-12-16T17:20:25.875+0000] {local_task_job_runner.py:234} INFO - Task exited with return code 0
[2025-12-16T17:20:25.931+0000] {taskinstance.py:3280} INFO - 0 downstream tasks scheduled from follow-on schedule check
