[2025-12-17T01:59:57.203+0000] {taskinstance.py:1956} INFO - Dependencies all met for dep_context=non-requeueable deps ti=<TaskInstance: etl_airflow.extract scheduled__2025-08-13T00:00:00+00:00 [queued]>
[2025-12-17T01:59:57.235+0000] {taskinstance.py:1956} INFO - Dependencies all met for dep_context=requeueable deps ti=<TaskInstance: etl_airflow.extract scheduled__2025-08-13T00:00:00+00:00 [queued]>
[2025-12-17T01:59:57.242+0000] {taskinstance.py:2170} INFO - Starting attempt 1 of 3
[2025-12-17T01:59:57.308+0000] {taskinstance.py:2191} INFO - Executing <Task(PythonOperator): extract> on 2025-08-13 00:00:00+00:00
[2025-12-17T01:59:57.334+0000] {standard_task_runner.py:60} INFO - Started process 5858 to run task
[2025-12-17T01:59:57.346+0000] {standard_task_runner.py:87} INFO - Running: ['***', 'tasks', 'run', 'etl_***', 'extract', 'scheduled__2025-08-13T00:00:00+00:00', '--job-id', '1780', '--raw', '--subdir', 'DAGS_FOLDER/etl_dag.py', '--cfg-path', '/tmp/tmpclk3wk7m']
[2025-12-17T01:59:57.369+0000] {standard_task_runner.py:88} INFO - Job 1780: Subtask extract
[2025-12-17T01:59:57.539+0000] {task_command.py:423} INFO - Running <TaskInstance: etl_airflow.extract scheduled__2025-08-13T00:00:00+00:00 [running]> on host 571e042550da
[2025-12-17T01:59:58.053+0000] {taskinstance.py:2480} INFO - Exporting env vars: AIRFLOW_CTX_DAG_OWNER='***' AIRFLOW_CTX_DAG_ID='etl_***' AIRFLOW_CTX_TASK_ID='extract' AIRFLOW_CTX_EXECUTION_DATE='2025-08-13T00:00:00+00:00' AIRFLOW_CTX_TRY_NUMBER='1' AIRFLOW_CTX_DAG_RUN_ID='scheduled__2025-08-13T00:00:00+00:00'
[2025-12-17T01:59:58.057+0000] {logging_mixin.py:188} INFO - [EXTRACT] Reading /opt/***/data/synthetic_events.csv
[2025-12-17T01:59:58.108+0000] {logging_mixin.py:188} INFO - [EXTRACT] done
[2025-12-17T01:59:58.109+0000] {python.py:201} INFO - Done. Returned value was: None
[2025-12-17T01:59:58.137+0000] {taskinstance.py:1138} INFO - Marking task as SUCCESS. dag_id=etl_***, task_id=extract, execution_date=20250813T000000, start_date=20251217T015957, end_date=20251217T015958
[2025-12-17T01:59:58.223+0000] {local_task_job_runner.py:234} INFO - Task exited with return code 0
[2025-12-17T01:59:58.280+0000] {taskinstance.py:3280} INFO - 1 downstream tasks scheduled from follow-on schedule check
[2025-12-17T05:03:12.761+0000] {taskinstance.py:1956} INFO - Dependencies all met for dep_context=non-requeueable deps ti=<TaskInstance: etl_airflow.extract scheduled__2025-08-13T00:00:00+00:00 [queued]>
[2025-12-17T05:03:12.778+0000] {taskinstance.py:1956} INFO - Dependencies all met for dep_context=requeueable deps ti=<TaskInstance: etl_airflow.extract scheduled__2025-08-13T00:00:00+00:00 [queued]>
[2025-12-17T05:03:12.780+0000] {taskinstance.py:2170} INFO - Starting attempt 1 of 3
[2025-12-17T05:03:12.809+0000] {taskinstance.py:2191} INFO - Executing <Task(PythonOperator): extract> on 2025-08-13 00:00:00+00:00
[2025-12-17T05:03:12.818+0000] {standard_task_runner.py:60} INFO - Started process 7894 to run task
[2025-12-17T05:03:12.826+0000] {standard_task_runner.py:87} INFO - Running: ['***', 'tasks', 'run', 'etl_***', 'extract', 'scheduled__2025-08-13T00:00:00+00:00', '--job-id', '2328', '--raw', '--subdir', 'DAGS_FOLDER/etl_***.py', '--cfg-path', '/tmp/tmpset4w0rp']
[2025-12-17T05:03:12.831+0000] {standard_task_runner.py:88} INFO - Job 2328: Subtask extract
[2025-12-17T05:03:12.973+0000] {task_command.py:423} INFO - Running <TaskInstance: etl_airflow.extract scheduled__2025-08-13T00:00:00+00:00 [running]> on host b3426f05ac70
[2025-12-17T05:03:13.327+0000] {taskinstance.py:2480} INFO - Exporting env vars: AIRFLOW_CTX_DAG_OWNER='***' AIRFLOW_CTX_DAG_ID='etl_***' AIRFLOW_CTX_TASK_ID='extract' AIRFLOW_CTX_EXECUTION_DATE='2025-08-13T00:00:00+00:00' AIRFLOW_CTX_TRY_NUMBER='1' AIRFLOW_CTX_DAG_RUN_ID='scheduled__2025-08-13T00:00:00+00:00'
[2025-12-17T05:03:13.347+0000] {python.py:201} INFO - Done. Returned value was:    user_id event_type           timestamp country
0        1      login 2025-01-01 09:00:00      IN
1        1      click 2025-01-01 09:05:00      IN
2        1     logout 2025-01-01 09:15:00      IN
3        2      login 2025-01-01 10:00:00      US
4        2      click 2025-01-01 10:10:00      US
5        2     logout 2025-01-01 10:20:00      US
6        3      login 2025-01-02 08:00:00      FR
7        3      click 2025-01-02 08:05:00      FR
8        3     logout 2025-01-02 08:30:00      FR
[2025-12-17T05:03:13.415+0000] {taskinstance.py:1138} INFO - Marking task as SUCCESS. dag_id=etl_***, task_id=extract, execution_date=20250813T000000, start_date=20251217T050312, end_date=20251217T050313
[2025-12-17T05:03:13.683+0000] {local_task_job_runner.py:234} INFO - Task exited with return code 0
[2025-12-17T05:03:13.731+0000] {taskinstance.py:3280} INFO - 1 downstream tasks scheduled from follow-on schedule check
