[2025-12-16T16:35:33.900+0000] {taskinstance.py:1956} INFO - Dependencies all met for dep_context=non-requeueable deps ti=<TaskInstance: etl_airflow.extract scheduled__2024-06-15T00:00:00+00:00 [queued]>
[2025-12-16T16:35:33.918+0000] {taskinstance.py:1956} INFO - Dependencies all met for dep_context=requeueable deps ti=<TaskInstance: etl_airflow.extract scheduled__2024-06-15T00:00:00+00:00 [queued]>
[2025-12-16T16:35:33.919+0000] {taskinstance.py:2170} INFO - Starting attempt 1 of 3
[2025-12-16T16:35:33.941+0000] {taskinstance.py:2191} INFO - Executing <Task(PythonOperator): extract> on 2024-06-15 00:00:00+00:00
[2025-12-16T16:35:33.951+0000] {standard_task_runner.py:60} INFO - Started process 460 to run task
[2025-12-16T16:35:33.958+0000] {standard_task_runner.py:87} INFO - Running: ['***', 'tasks', 'run', 'etl_***', 'extract', 'scheduled__2024-06-15T00:00:00+00:00', '--job-id', '486', '--raw', '--subdir', 'DAGS_FOLDER/etl_dag.py', '--cfg-path', '/tmp/tmpdbr_g85n']
[2025-12-16T16:35:33.962+0000] {standard_task_runner.py:88} INFO - Job 486: Subtask extract
[2025-12-16T16:35:34.163+0000] {task_command.py:423} INFO - Running <TaskInstance: etl_airflow.extract scheduled__2024-06-15T00:00:00+00:00 [running]> on host 02b83863a69a
[2025-12-16T16:35:34.428+0000] {taskinstance.py:2480} INFO - Exporting env vars: AIRFLOW_CTX_DAG_OWNER='***' AIRFLOW_CTX_DAG_ID='etl_***' AIRFLOW_CTX_TASK_ID='extract' AIRFLOW_CTX_EXECUTION_DATE='2024-06-15T00:00:00+00:00' AIRFLOW_CTX_TRY_NUMBER='1' AIRFLOW_CTX_DAG_RUN_ID='scheduled__2024-06-15T00:00:00+00:00'
[2025-12-16T16:35:34.434+0000] {logging_mixin.py:188} INFO - Extracting data from /opt/***/data/input.csv
[2025-12-16T16:35:34.447+0000] {taskinstance.py:2698} ERROR - Task failed with exception
Traceback (most recent call last):
  File "/home/airflow/.local/lib/python3.8/site-packages/airflow/models/taskinstance.py", line 433, in _execute_task
    result = execute_callable(context=context, **execute_callable_kwargs)
  File "/home/airflow/.local/lib/python3.8/site-packages/airflow/operators/python.py", line 199, in execute
    return_value = self.execute_callable()
  File "/home/airflow/.local/lib/python3.8/site-packages/airflow/operators/python.py", line 216, in execute_callable
    return self.python_callable(*self.op_args, **self.op_kwargs)
  File "/opt/airflow/dags/etl_logic/pipeline.py", line 97, in extract_data
    df = pd.read_csv(input_path)
  File "/home/airflow/.local/lib/python3.8/site-packages/pandas/io/parsers/readers.py", line 912, in read_csv
    return _read(filepath_or_buffer, kwds)
  File "/home/airflow/.local/lib/python3.8/site-packages/pandas/io/parsers/readers.py", line 577, in _read
    parser = TextFileReader(filepath_or_buffer, **kwds)
  File "/home/airflow/.local/lib/python3.8/site-packages/pandas/io/parsers/readers.py", line 1407, in __init__
    self._engine = self._make_engine(f, self.engine)
  File "/home/airflow/.local/lib/python3.8/site-packages/pandas/io/parsers/readers.py", line 1661, in _make_engine
    self.handles = get_handle(
  File "/home/airflow/.local/lib/python3.8/site-packages/pandas/io/common.py", line 859, in get_handle
    handle = open(
FileNotFoundError: [Errno 2] No such file or directory: '/opt/airflow/data/input.csv'
[2025-12-16T16:35:34.493+0000] {taskinstance.py:1138} INFO - Marking task as UP_FOR_RETRY. dag_id=etl_***, task_id=extract, execution_date=20240615T000000, start_date=20251216T163533, end_date=20251216T163534
[2025-12-16T16:35:34.515+0000] {standard_task_runner.py:107} ERROR - Failed to execute job 486 for task extract ([Errno 2] No such file or directory: '/opt/airflow/data/input.csv'; 460)
[2025-12-16T16:35:34.534+0000] {local_task_job_runner.py:234} INFO - Task exited with return code 1
[2025-12-16T16:35:34.573+0000] {taskinstance.py:3280} INFO - 0 downstream tasks scheduled from follow-on schedule check
[2025-12-17T01:53:05.517+0000] {taskinstance.py:1956} INFO - Dependencies all met for dep_context=non-requeueable deps ti=<TaskInstance: etl_airflow.extract scheduled__2024-06-15T00:00:00+00:00 [queued]>
[2025-12-17T01:53:05.536+0000] {taskinstance.py:1956} INFO - Dependencies all met for dep_context=requeueable deps ti=<TaskInstance: etl_airflow.extract scheduled__2024-06-15T00:00:00+00:00 [queued]>
[2025-12-17T01:53:05.537+0000] {taskinstance.py:2170} INFO - Starting attempt 1 of 3
[2025-12-17T01:53:05.562+0000] {taskinstance.py:2191} INFO - Executing <Task(PythonOperator): extract> on 2024-06-15 00:00:00+00:00
[2025-12-17T01:53:05.575+0000] {standard_task_runner.py:60} INFO - Started process 1809 to run task
[2025-12-17T01:53:05.581+0000] {standard_task_runner.py:87} INFO - Running: ['***', 'tasks', 'run', 'etl_***', 'extract', 'scheduled__2024-06-15T00:00:00+00:00', '--job-id', '504', '--raw', '--subdir', 'DAGS_FOLDER/etl_dag.py', '--cfg-path', '/tmp/tmp9inrp355']
[2025-12-17T01:53:05.586+0000] {standard_task_runner.py:88} INFO - Job 504: Subtask extract
[2025-12-17T01:53:05.764+0000] {task_command.py:423} INFO - Running <TaskInstance: etl_airflow.extract scheduled__2024-06-15T00:00:00+00:00 [running]> on host 571e042550da
[2025-12-17T01:53:06.231+0000] {taskinstance.py:2480} INFO - Exporting env vars: AIRFLOW_CTX_DAG_OWNER='***' AIRFLOW_CTX_DAG_ID='etl_***' AIRFLOW_CTX_TASK_ID='extract' AIRFLOW_CTX_EXECUTION_DATE='2024-06-15T00:00:00+00:00' AIRFLOW_CTX_TRY_NUMBER='1' AIRFLOW_CTX_DAG_RUN_ID='scheduled__2024-06-15T00:00:00+00:00'
[2025-12-17T01:53:06.242+0000] {logging_mixin.py:188} INFO - [EXTRACT] Reading /opt/***/data/synthetic_events.csv
[2025-12-17T01:53:06.329+0000] {logging_mixin.py:188} INFO - [EXTRACT] done
[2025-12-17T01:53:06.332+0000] {python.py:201} INFO - Done. Returned value was: None
[2025-12-17T01:53:06.349+0000] {taskinstance.py:1138} INFO - Marking task as SUCCESS. dag_id=etl_***, task_id=extract, execution_date=20240615T000000, start_date=20251217T015305, end_date=20251217T015306
[2025-12-17T01:53:06.401+0000] {local_task_job_runner.py:234} INFO - Task exited with return code 0
[2025-12-17T01:53:06.463+0000] {taskinstance.py:3280} INFO - 1 downstream tasks scheduled from follow-on schedule check
[2025-12-17T04:20:53.565+0000] {taskinstance.py:1956} INFO - Dependencies all met for dep_context=non-requeueable deps ti=<TaskInstance: etl_airflow.extract scheduled__2024-06-15T00:00:00+00:00 [queued]>
[2025-12-17T04:20:53.574+0000] {taskinstance.py:1956} INFO - Dependencies all met for dep_context=requeueable deps ti=<TaskInstance: etl_airflow.extract scheduled__2024-06-15T00:00:00+00:00 [queued]>
[2025-12-17T04:20:53.575+0000] {taskinstance.py:2170} INFO - Starting attempt 1 of 3
[2025-12-17T04:20:53.589+0000] {taskinstance.py:2191} INFO - Executing <Task(PythonOperator): extract> on 2024-06-15 00:00:00+00:00
[2025-12-17T04:20:53.596+0000] {standard_task_runner.py:60} INFO - Started process 1124 to run task
[2025-12-17T04:20:53.600+0000] {standard_task_runner.py:87} INFO - Running: ['***', 'tasks', 'run', 'etl_***', 'extract', 'scheduled__2024-06-15T00:00:00+00:00', '--job-id', '278', '--raw', '--subdir', 'DAGS_FOLDER/etl_***.py', '--cfg-path', '/tmp/tmpaqy5unsd']
[2025-12-17T04:20:53.603+0000] {standard_task_runner.py:88} INFO - Job 278: Subtask extract
[2025-12-17T04:20:53.694+0000] {task_command.py:423} INFO - Running <TaskInstance: etl_airflow.extract scheduled__2024-06-15T00:00:00+00:00 [running]> on host c5811fe183ca
[2025-12-17T04:20:53.942+0000] {taskinstance.py:2480} INFO - Exporting env vars: AIRFLOW_CTX_DAG_OWNER='***' AIRFLOW_CTX_DAG_ID='etl_***' AIRFLOW_CTX_TASK_ID='extract' AIRFLOW_CTX_EXECUTION_DATE='2024-06-15T00:00:00+00:00' AIRFLOW_CTX_TRY_NUMBER='1' AIRFLOW_CTX_DAG_RUN_ID='scheduled__2024-06-15T00:00:00+00:00'
[2025-12-17T04:20:53.958+0000] {python.py:201} INFO - Done. Returned value was:    user_id event_type           timestamp country
0        1      login 2025-01-01 09:00:00      IN
1        1      click 2025-01-01 09:05:00      IN
2        1     logout 2025-01-01 09:15:00      IN
3        2      login 2025-01-01 10:00:00      US
4        2      click 2025-01-01 10:10:00      US
5        2     logout 2025-01-01 10:20:00      US
6        3      login 2025-01-02 08:00:00      FR
7        3      click 2025-01-02 08:05:00      FR
8        3     logout 2025-01-02 08:30:00      FR
[2025-12-17T04:20:53.994+0000] {taskinstance.py:1138} INFO - Marking task as SUCCESS. dag_id=etl_***, task_id=extract, execution_date=20240615T000000, start_date=20251217T042053, end_date=20251217T042053
[2025-12-17T04:20:54.056+0000] {local_task_job_runner.py:234} INFO - Task exited with return code 0
[2025-12-17T04:20:54.082+0000] {taskinstance.py:3280} INFO - 0 downstream tasks scheduled from follow-on schedule check
[2025-12-17T04:48:11.788+0000] {taskinstance.py:1956} INFO - Dependencies all met for dep_context=non-requeueable deps ti=<TaskInstance: etl_airflow.extract scheduled__2024-06-15T00:00:00+00:00 [queued]>
[2025-12-17T04:48:11.802+0000] {taskinstance.py:1956} INFO - Dependencies all met for dep_context=requeueable deps ti=<TaskInstance: etl_airflow.extract scheduled__2024-06-15T00:00:00+00:00 [queued]>
[2025-12-17T04:48:11.803+0000] {taskinstance.py:2170} INFO - Starting attempt 1 of 3
[2025-12-17T04:48:11.856+0000] {taskinstance.py:2191} INFO - Executing <Task(PythonOperator): extract> on 2024-06-15 00:00:00+00:00
[2025-12-17T04:48:11.866+0000] {standard_task_runner.py:60} INFO - Started process 2358 to run task
[2025-12-17T04:48:11.873+0000] {standard_task_runner.py:87} INFO - Running: ['***', 'tasks', 'run', 'etl_***', 'extract', 'scheduled__2024-06-15T00:00:00+00:00', '--job-id', '648', '--raw', '--subdir', 'DAGS_FOLDER/etl_***.py', '--cfg-path', '/tmp/tmpexmaotc4']
[2025-12-17T04:48:11.877+0000] {standard_task_runner.py:88} INFO - Job 648: Subtask extract
[2025-12-17T04:48:11.997+0000] {task_command.py:423} INFO - Running <TaskInstance: etl_airflow.extract scheduled__2024-06-15T00:00:00+00:00 [running]> on host b3426f05ac70
[2025-12-17T04:48:12.374+0000] {taskinstance.py:2480} INFO - Exporting env vars: AIRFLOW_CTX_DAG_OWNER='***' AIRFLOW_CTX_DAG_ID='etl_***' AIRFLOW_CTX_TASK_ID='extract' AIRFLOW_CTX_EXECUTION_DATE='2024-06-15T00:00:00+00:00' AIRFLOW_CTX_TRY_NUMBER='1' AIRFLOW_CTX_DAG_RUN_ID='scheduled__2024-06-15T00:00:00+00:00'
[2025-12-17T04:48:12.404+0000] {python.py:201} INFO - Done. Returned value was:    user_id event_type           timestamp country
0        1      login 2025-01-01 09:00:00      IN
1        1      click 2025-01-01 09:05:00      IN
2        1     logout 2025-01-01 09:15:00      IN
3        2      login 2025-01-01 10:00:00      US
4        2      click 2025-01-01 10:10:00      US
5        2     logout 2025-01-01 10:20:00      US
6        3      login 2025-01-02 08:00:00      FR
7        3      click 2025-01-02 08:05:00      FR
8        3     logout 2025-01-02 08:30:00      FR
[2025-12-17T04:48:12.470+0000] {taskinstance.py:1138} INFO - Marking task as SUCCESS. dag_id=etl_***, task_id=extract, execution_date=20240615T000000, start_date=20251217T044811, end_date=20251217T044812
[2025-12-17T04:48:12.530+0000] {local_task_job_runner.py:234} INFO - Task exited with return code 0
[2025-12-17T04:48:12.576+0000] {taskinstance.py:3280} INFO - 1 downstream tasks scheduled from follow-on schedule check
[2025-12-17T07:41:45.232+0000] {taskinstance.py:1956} INFO - Dependencies all met for dep_context=non-requeueable deps ti=<TaskInstance: etl_airflow.extract scheduled__2024-06-15T00:00:00+00:00 [queued]>
[2025-12-17T07:41:45.251+0000] {taskinstance.py:1956} INFO - Dependencies all met for dep_context=requeueable deps ti=<TaskInstance: etl_airflow.extract scheduled__2024-06-15T00:00:00+00:00 [queued]>
[2025-12-17T07:41:45.253+0000] {taskinstance.py:2170} INFO - Starting attempt 1 of 3
[2025-12-17T07:41:45.446+0000] {taskinstance.py:2191} INFO - Executing <Task(PythonOperator): extract> on 2024-06-15 00:00:00+00:00
[2025-12-17T07:41:45.466+0000] {standard_task_runner.py:60} INFO - Started process 2436 to run task
[2025-12-17T07:41:45.472+0000] {standard_task_runner.py:87} INFO - Running: ['***', 'tasks', 'run', 'etl_***', 'extract', 'scheduled__2024-06-15T00:00:00+00:00', '--job-id', '651', '--raw', '--subdir', 'DAGS_FOLDER/etl_***.py', '--cfg-path', '/tmp/tmp6lf2mzx5']
[2025-12-17T07:41:45.484+0000] {standard_task_runner.py:88} INFO - Job 651: Subtask extract
[2025-12-17T07:41:45.725+0000] {task_command.py:423} INFO - Running <TaskInstance: etl_airflow.extract scheduled__2024-06-15T00:00:00+00:00 [running]> on host 2a0de06c8905
[2025-12-17T07:41:46.306+0000] {taskinstance.py:2480} INFO - Exporting env vars: AIRFLOW_CTX_DAG_OWNER='***' AIRFLOW_CTX_DAG_ID='etl_***' AIRFLOW_CTX_TASK_ID='extract' AIRFLOW_CTX_EXECUTION_DATE='2024-06-15T00:00:00+00:00' AIRFLOW_CTX_TRY_NUMBER='1' AIRFLOW_CTX_DAG_RUN_ID='scheduled__2024-06-15T00:00:00+00:00'
[2025-12-17T07:41:46.367+0000] {python.py:201} INFO - Done. Returned value was:    user_id event_type           timestamp country
0        1      login 2025-01-01 09:00:00      IN
1        1      click 2025-01-01 09:05:00      IN
2        1     logout 2025-01-01 09:15:00      IN
3        2      login 2025-01-01 10:00:00      US
4        2      click 2025-01-01 10:10:00      US
5        2     logout 2025-01-01 10:20:00      US
6        3      login 2025-01-02 08:00:00      FR
7        3      click 2025-01-02 08:05:00      FR
8        3     logout 2025-01-02 08:30:00      FR
[2025-12-17T07:41:46.488+0000] {taskinstance.py:1138} INFO - Marking task as SUCCESS. dag_id=etl_***, task_id=extract, execution_date=20240615T000000, start_date=20251217T074145, end_date=20251217T074146
[2025-12-17T07:41:46.583+0000] {local_task_job_runner.py:234} INFO - Task exited with return code 0
[2025-12-17T07:41:46.925+0000] {taskinstance.py:3280} INFO - 0 downstream tasks scheduled from follow-on schedule check
