[2025-12-16T16:32:57.261+0000] {taskinstance.py:1956} INFO - Dependencies all met for dep_context=non-requeueable deps ti=<TaskInstance: etl_airflow.extract scheduled__2024-04-28T00:00:00+00:00 [queued]>
[2025-12-16T16:32:57.275+0000] {taskinstance.py:1956} INFO - Dependencies all met for dep_context=requeueable deps ti=<TaskInstance: etl_airflow.extract scheduled__2024-04-28T00:00:00+00:00 [queued]>
[2025-12-16T16:32:57.277+0000] {taskinstance.py:2170} INFO - Starting attempt 1 of 3
[2025-12-16T16:32:57.295+0000] {taskinstance.py:2191} INFO - Executing <Task(PythonOperator): extract> on 2024-04-28 00:00:00+00:00
[2025-12-16T16:32:57.311+0000] {standard_task_runner.py:60} INFO - Started process 1554 to run task
[2025-12-16T16:32:57.320+0000] {standard_task_runner.py:87} INFO - Running: ['***', 'tasks', 'run', 'etl_***', 'extract', 'scheduled__2024-04-28T00:00:00+00:00', '--job-id', '336', '--raw', '--subdir', 'DAGS_FOLDER/etl_dag.py', '--cfg-path', '/tmp/tmpwekkxrjr']
[2025-12-16T16:32:57.325+0000] {standard_task_runner.py:88} INFO - Job 336: Subtask extract
[2025-12-16T16:32:57.442+0000] {task_command.py:423} INFO - Running <TaskInstance: etl_airflow.extract scheduled__2024-04-28T00:00:00+00:00 [running]> on host 528de643acfe
[2025-12-16T16:32:57.594+0000] {taskinstance.py:2480} INFO - Exporting env vars: AIRFLOW_CTX_DAG_OWNER='***' AIRFLOW_CTX_DAG_ID='etl_***' AIRFLOW_CTX_TASK_ID='extract' AIRFLOW_CTX_EXECUTION_DATE='2024-04-28T00:00:00+00:00' AIRFLOW_CTX_TRY_NUMBER='1' AIRFLOW_CTX_DAG_RUN_ID='scheduled__2024-04-28T00:00:00+00:00'
[2025-12-16T16:32:57.599+0000] {logging_mixin.py:188} INFO - Extracting data from /opt/***/data/input.csv
[2025-12-16T16:32:57.606+0000] {taskinstance.py:2698} ERROR - Task failed with exception
Traceback (most recent call last):
  File "/home/airflow/.local/lib/python3.8/site-packages/airflow/models/taskinstance.py", line 433, in _execute_task
    result = execute_callable(context=context, **execute_callable_kwargs)
  File "/home/airflow/.local/lib/python3.8/site-packages/airflow/operators/python.py", line 199, in execute
    return_value = self.execute_callable()
  File "/home/airflow/.local/lib/python3.8/site-packages/airflow/operators/python.py", line 216, in execute_callable
    return self.python_callable(*self.op_args, **self.op_kwargs)
  File "/opt/airflow/dags/etl_logic/pipeline.py", line 97, in extract_data
    df = pd.read_csv(input_path)
  File "/home/airflow/.local/lib/python3.8/site-packages/pandas/io/parsers/readers.py", line 912, in read_csv
    return _read(filepath_or_buffer, kwds)
  File "/home/airflow/.local/lib/python3.8/site-packages/pandas/io/parsers/readers.py", line 577, in _read
    parser = TextFileReader(filepath_or_buffer, **kwds)
  File "/home/airflow/.local/lib/python3.8/site-packages/pandas/io/parsers/readers.py", line 1407, in __init__
    self._engine = self._make_engine(f, self.engine)
  File "/home/airflow/.local/lib/python3.8/site-packages/pandas/io/parsers/readers.py", line 1661, in _make_engine
    self.handles = get_handle(
  File "/home/airflow/.local/lib/python3.8/site-packages/pandas/io/common.py", line 859, in get_handle
    handle = open(
FileNotFoundError: [Errno 2] No such file or directory: '/opt/airflow/data/input.csv'
[2025-12-16T16:32:57.893+0000] {taskinstance.py:1138} INFO - Marking task as UP_FOR_RETRY. dag_id=etl_***, task_id=extract, execution_date=20240428T000000, start_date=20251216T163257, end_date=20251216T163257
[2025-12-16T16:32:57.924+0000] {standard_task_runner.py:107} ERROR - Failed to execute job 336 for task extract ([Errno 2] No such file or directory: '/opt/airflow/data/input.csv'; 1554)
[2025-12-16T16:32:57.977+0000] {local_task_job_runner.py:234} INFO - Task exited with return code 1
[2025-12-16T16:32:58.026+0000] {taskinstance.py:3280} INFO - 0 downstream tasks scheduled from follow-on schedule check
[2025-12-17T01:52:15.577+0000] {taskinstance.py:1956} INFO - Dependencies all met for dep_context=non-requeueable deps ti=<TaskInstance: etl_airflow.extract scheduled__2024-04-28T00:00:00+00:00 [queued]>
[2025-12-17T01:52:15.593+0000] {taskinstance.py:1956} INFO - Dependencies all met for dep_context=requeueable deps ti=<TaskInstance: etl_airflow.extract scheduled__2024-04-28T00:00:00+00:00 [queued]>
[2025-12-17T01:52:15.594+0000] {taskinstance.py:2170} INFO - Starting attempt 1 of 3
[2025-12-17T01:52:15.682+0000] {taskinstance.py:2191} INFO - Executing <Task(PythonOperator): extract> on 2024-04-28 00:00:00+00:00
[2025-12-17T01:52:15.694+0000] {standard_task_runner.py:60} INFO - Started process 1355 to run task
[2025-12-17T01:52:15.699+0000] {standard_task_runner.py:87} INFO - Running: ['***', 'tasks', 'run', 'etl_***', 'extract', 'scheduled__2024-04-28T00:00:00+00:00', '--job-id', '361', '--raw', '--subdir', 'DAGS_FOLDER/etl_dag.py', '--cfg-path', '/tmp/tmpofcrjmib']
[2025-12-17T01:52:15.705+0000] {standard_task_runner.py:88} INFO - Job 361: Subtask extract
[2025-12-17T01:52:15.850+0000] {task_command.py:423} INFO - Running <TaskInstance: etl_airflow.extract scheduled__2024-04-28T00:00:00+00:00 [running]> on host 571e042550da
[2025-12-17T01:52:16.280+0000] {taskinstance.py:2480} INFO - Exporting env vars: AIRFLOW_CTX_DAG_OWNER='***' AIRFLOW_CTX_DAG_ID='etl_***' AIRFLOW_CTX_TASK_ID='extract' AIRFLOW_CTX_EXECUTION_DATE='2024-04-28T00:00:00+00:00' AIRFLOW_CTX_TRY_NUMBER='1' AIRFLOW_CTX_DAG_RUN_ID='scheduled__2024-04-28T00:00:00+00:00'
[2025-12-17T01:52:16.288+0000] {logging_mixin.py:188} INFO - [EXTRACT] Reading /opt/***/data/synthetic_events.csv
[2025-12-17T01:52:16.326+0000] {logging_mixin.py:188} INFO - [EXTRACT] done
[2025-12-17T01:52:16.327+0000] {python.py:201} INFO - Done. Returned value was: None
[2025-12-17T01:52:16.344+0000] {taskinstance.py:1138} INFO - Marking task as SUCCESS. dag_id=etl_***, task_id=extract, execution_date=20240428T000000, start_date=20251217T015215, end_date=20251217T015216
[2025-12-17T01:52:16.598+0000] {local_task_job_runner.py:234} INFO - Task exited with return code 0
[2025-12-17T01:52:16.679+0000] {taskinstance.py:3280} INFO - 1 downstream tasks scheduled from follow-on schedule check
[2025-12-17T04:19:59.523+0000] {taskinstance.py:1956} INFO - Dependencies all met for dep_context=non-requeueable deps ti=<TaskInstance: etl_airflow.extract scheduled__2024-04-28T00:00:00+00:00 [queued]>
[2025-12-17T04:19:59.538+0000] {taskinstance.py:1956} INFO - Dependencies all met for dep_context=requeueable deps ti=<TaskInstance: etl_airflow.extract scheduled__2024-04-28T00:00:00+00:00 [queued]>
[2025-12-17T04:19:59.540+0000] {taskinstance.py:2170} INFO - Starting attempt 1 of 3
[2025-12-17T04:19:59.630+0000] {taskinstance.py:2191} INFO - Executing <Task(PythonOperator): extract> on 2024-04-28 00:00:00+00:00
[2025-12-17T04:19:59.640+0000] {standard_task_runner.py:60} INFO - Started process 814 to run task
[2025-12-17T04:19:59.646+0000] {standard_task_runner.py:87} INFO - Running: ['***', 'tasks', 'run', 'etl_***', 'extract', 'scheduled__2024-04-28T00:00:00+00:00', '--job-id', '182', '--raw', '--subdir', 'DAGS_FOLDER/etl_***.py', '--cfg-path', '/tmp/tmpyf1l40wm']
[2025-12-17T04:19:59.649+0000] {standard_task_runner.py:88} INFO - Job 182: Subtask extract
[2025-12-17T04:19:59.768+0000] {task_command.py:423} INFO - Running <TaskInstance: etl_airflow.extract scheduled__2024-04-28T00:00:00+00:00 [running]> on host c5811fe183ca
[2025-12-17T04:20:00.154+0000] {taskinstance.py:2480} INFO - Exporting env vars: AIRFLOW_CTX_DAG_OWNER='***' AIRFLOW_CTX_DAG_ID='etl_***' AIRFLOW_CTX_TASK_ID='extract' AIRFLOW_CTX_EXECUTION_DATE='2024-04-28T00:00:00+00:00' AIRFLOW_CTX_TRY_NUMBER='1' AIRFLOW_CTX_DAG_RUN_ID='scheduled__2024-04-28T00:00:00+00:00'
[2025-12-17T04:20:00.178+0000] {python.py:201} INFO - Done. Returned value was:    user_id event_type           timestamp country
0        1      login 2025-01-01 09:00:00      IN
1        1      click 2025-01-01 09:05:00      IN
2        1     logout 2025-01-01 09:15:00      IN
3        2      login 2025-01-01 10:00:00      US
4        2      click 2025-01-01 10:10:00      US
5        2     logout 2025-01-01 10:20:00      US
6        3      login 2025-01-02 08:00:00      FR
7        3      click 2025-01-02 08:05:00      FR
8        3     logout 2025-01-02 08:30:00      FR
[2025-12-17T04:20:00.251+0000] {taskinstance.py:1138} INFO - Marking task as SUCCESS. dag_id=etl_***, task_id=extract, execution_date=20240428T000000, start_date=20251217T041959, end_date=20251217T042000
[2025-12-17T04:20:00.305+0000] {local_task_job_runner.py:234} INFO - Task exited with return code 0
[2025-12-17T04:20:00.448+0000] {taskinstance.py:3280} INFO - 0 downstream tasks scheduled from follow-on schedule check
[2025-12-17T04:46:29.168+0000] {taskinstance.py:1956} INFO - Dependencies all met for dep_context=non-requeueable deps ti=<TaskInstance: etl_airflow.extract scheduled__2024-04-28T00:00:00+00:00 [queued]>
[2025-12-17T04:46:29.182+0000] {taskinstance.py:1956} INFO - Dependencies all met for dep_context=requeueable deps ti=<TaskInstance: etl_airflow.extract scheduled__2024-04-28T00:00:00+00:00 [queued]>
[2025-12-17T04:46:29.185+0000] {taskinstance.py:2170} INFO - Starting attempt 1 of 3
[2025-12-17T04:46:29.242+0000] {taskinstance.py:2191} INFO - Executing <Task(PythonOperator): extract> on 2024-04-28 00:00:00+00:00
[2025-12-17T04:46:29.251+0000] {standard_task_runner.py:60} INFO - Started process 1734 to run task
[2025-12-17T04:46:29.260+0000] {standard_task_runner.py:87} INFO - Running: ['***', 'tasks', 'run', 'etl_***', 'extract', 'scheduled__2024-04-28T00:00:00+00:00', '--job-id', '457', '--raw', '--subdir', 'DAGS_FOLDER/etl_***.py', '--cfg-path', '/tmp/tmpcrlc_x94']
[2025-12-17T04:46:29.267+0000] {standard_task_runner.py:88} INFO - Job 457: Subtask extract
[2025-12-17T04:46:29.385+0000] {task_command.py:423} INFO - Running <TaskInstance: etl_airflow.extract scheduled__2024-04-28T00:00:00+00:00 [running]> on host b3426f05ac70
[2025-12-17T04:46:29.731+0000] {taskinstance.py:2480} INFO - Exporting env vars: AIRFLOW_CTX_DAG_OWNER='***' AIRFLOW_CTX_DAG_ID='etl_***' AIRFLOW_CTX_TASK_ID='extract' AIRFLOW_CTX_EXECUTION_DATE='2024-04-28T00:00:00+00:00' AIRFLOW_CTX_TRY_NUMBER='1' AIRFLOW_CTX_DAG_RUN_ID='scheduled__2024-04-28T00:00:00+00:00'
[2025-12-17T04:46:29.752+0000] {python.py:201} INFO - Done. Returned value was:    user_id event_type           timestamp country
0        1      login 2025-01-01 09:00:00      IN
1        1      click 2025-01-01 09:05:00      IN
2        1     logout 2025-01-01 09:15:00      IN
3        2      login 2025-01-01 10:00:00      US
4        2      click 2025-01-01 10:10:00      US
5        2     logout 2025-01-01 10:20:00      US
6        3      login 2025-01-02 08:00:00      FR
7        3      click 2025-01-02 08:05:00      FR
8        3     logout 2025-01-02 08:30:00      FR
[2025-12-17T04:46:29.816+0000] {taskinstance.py:1138} INFO - Marking task as SUCCESS. dag_id=etl_***, task_id=extract, execution_date=20240428T000000, start_date=20251217T044629, end_date=20251217T044629
[2025-12-17T04:46:29.882+0000] {local_task_job_runner.py:234} INFO - Task exited with return code 0
[2025-12-17T04:46:30.137+0000] {taskinstance.py:3280} INFO - 0 downstream tasks scheduled from follow-on schedule check
[2025-12-17T07:39:54.168+0000] {taskinstance.py:1956} INFO - Dependencies all met for dep_context=non-requeueable deps ti=<TaskInstance: etl_airflow.extract scheduled__2024-04-28T00:00:00+00:00 [queued]>
[2025-12-17T07:39:54.186+0000] {taskinstance.py:1956} INFO - Dependencies all met for dep_context=requeueable deps ti=<TaskInstance: etl_airflow.extract scheduled__2024-04-28T00:00:00+00:00 [queued]>
[2025-12-17T07:39:54.188+0000] {taskinstance.py:2170} INFO - Starting attempt 1 of 3
[2025-12-17T07:39:54.243+0000] {taskinstance.py:2191} INFO - Executing <Task(PythonOperator): extract> on 2024-04-28 00:00:00+00:00
[2025-12-17T07:39:54.253+0000] {standard_task_runner.py:60} INFO - Started process 1808 to run task
[2025-12-17T07:39:54.259+0000] {standard_task_runner.py:87} INFO - Running: ['***', 'tasks', 'run', 'etl_***', 'extract', 'scheduled__2024-04-28T00:00:00+00:00', '--job-id', '463', '--raw', '--subdir', 'DAGS_FOLDER/etl_***.py', '--cfg-path', '/tmp/tmptzxo95w8']
[2025-12-17T07:39:54.263+0000] {standard_task_runner.py:88} INFO - Job 463: Subtask extract
[2025-12-17T07:39:54.401+0000] {task_command.py:423} INFO - Running <TaskInstance: etl_airflow.extract scheduled__2024-04-28T00:00:00+00:00 [running]> on host 2a0de06c8905
[2025-12-17T07:39:54.796+0000] {taskinstance.py:2480} INFO - Exporting env vars: AIRFLOW_CTX_DAG_OWNER='***' AIRFLOW_CTX_DAG_ID='etl_***' AIRFLOW_CTX_TASK_ID='extract' AIRFLOW_CTX_EXECUTION_DATE='2024-04-28T00:00:00+00:00' AIRFLOW_CTX_TRY_NUMBER='1' AIRFLOW_CTX_DAG_RUN_ID='scheduled__2024-04-28T00:00:00+00:00'
[2025-12-17T07:39:54.819+0000] {python.py:201} INFO - Done. Returned value was:    user_id event_type           timestamp country
0        1      login 2025-01-01 09:00:00      IN
1        1      click 2025-01-01 09:05:00      IN
2        1     logout 2025-01-01 09:15:00      IN
3        2      login 2025-01-01 10:00:00      US
4        2      click 2025-01-01 10:10:00      US
5        2     logout 2025-01-01 10:20:00      US
6        3      login 2025-01-02 08:00:00      FR
7        3      click 2025-01-02 08:05:00      FR
8        3     logout 2025-01-02 08:30:00      FR
[2025-12-17T07:39:54.891+0000] {taskinstance.py:1138} INFO - Marking task as SUCCESS. dag_id=etl_***, task_id=extract, execution_date=20240428T000000, start_date=20251217T073954, end_date=20251217T073954
[2025-12-17T07:39:54.956+0000] {local_task_job_runner.py:234} INFO - Task exited with return code 0
[2025-12-17T07:39:55.254+0000] {taskinstance.py:3280} INFO - 0 downstream tasks scheduled from follow-on schedule check
