[2025-12-16T16:39:36.401+0000] {taskinstance.py:1956} INFO - Dependencies all met for dep_context=non-requeueable deps ti=<TaskInstance: etl_airflow.extract scheduled__2024-09-29T00:00:00+00:00 [queued]>
[2025-12-16T16:39:36.418+0000] {taskinstance.py:1956} INFO - Dependencies all met for dep_context=requeueable deps ti=<TaskInstance: etl_airflow.extract scheduled__2024-09-29T00:00:00+00:00 [queued]>
[2025-12-16T16:39:36.419+0000] {taskinstance.py:2170} INFO - Starting attempt 1 of 3
[2025-12-16T16:39:36.511+0000] {taskinstance.py:2191} INFO - Executing <Task(PythonOperator): extract> on 2024-09-29 00:00:00+00:00
[2025-12-16T16:39:36.523+0000] {standard_task_runner.py:60} INFO - Started process 1614 to run task
[2025-12-16T16:39:36.531+0000] {standard_task_runner.py:87} INFO - Running: ['***', 'tasks', 'run', 'etl_***', 'extract', 'scheduled__2024-09-29T00:00:00+00:00', '--job-id', '819', '--raw', '--subdir', 'DAGS_FOLDER/etl_dag.py', '--cfg-path', '/tmp/tmp2um01pqp']
[2025-12-16T16:39:36.538+0000] {standard_task_runner.py:88} INFO - Job 819: Subtask extract
[2025-12-16T16:39:36.689+0000] {task_command.py:423} INFO - Running <TaskInstance: etl_airflow.extract scheduled__2024-09-29T00:00:00+00:00 [running]> on host 02b83863a69a
[2025-12-16T16:39:36.851+0000] {taskinstance.py:2480} INFO - Exporting env vars: AIRFLOW_CTX_DAG_OWNER='***' AIRFLOW_CTX_DAG_ID='etl_***' AIRFLOW_CTX_TASK_ID='extract' AIRFLOW_CTX_EXECUTION_DATE='2024-09-29T00:00:00+00:00' AIRFLOW_CTX_TRY_NUMBER='1' AIRFLOW_CTX_DAG_RUN_ID='scheduled__2024-09-29T00:00:00+00:00'
[2025-12-16T16:39:36.854+0000] {logging_mixin.py:188} INFO - Extracting data from /opt/***/data/input.csv
[2025-12-16T16:39:36.862+0000] {taskinstance.py:2698} ERROR - Task failed with exception
Traceback (most recent call last):
  File "/home/airflow/.local/lib/python3.8/site-packages/airflow/models/taskinstance.py", line 433, in _execute_task
    result = execute_callable(context=context, **execute_callable_kwargs)
  File "/home/airflow/.local/lib/python3.8/site-packages/airflow/operators/python.py", line 199, in execute
    return_value = self.execute_callable()
  File "/home/airflow/.local/lib/python3.8/site-packages/airflow/operators/python.py", line 216, in execute_callable
    return self.python_callable(*self.op_args, **self.op_kwargs)
  File "/opt/airflow/etl_logic/pipeline.py", line 97, in extract_data
    df = pd.read_csv(input_path)
  File "/home/airflow/.local/lib/python3.8/site-packages/pandas/io/parsers/readers.py", line 912, in read_csv
    return _read(filepath_or_buffer, kwds)
  File "/home/airflow/.local/lib/python3.8/site-packages/pandas/io/parsers/readers.py", line 577, in _read
    parser = TextFileReader(filepath_or_buffer, **kwds)
  File "/home/airflow/.local/lib/python3.8/site-packages/pandas/io/parsers/readers.py", line 1407, in __init__
    self._engine = self._make_engine(f, self.engine)
  File "/home/airflow/.local/lib/python3.8/site-packages/pandas/io/parsers/readers.py", line 1661, in _make_engine
    self.handles = get_handle(
  File "/home/airflow/.local/lib/python3.8/site-packages/pandas/io/common.py", line 859, in get_handle
    handle = open(
FileNotFoundError: [Errno 2] No such file or directory: '/opt/airflow/data/input.csv'
[2025-12-16T16:39:36.901+0000] {taskinstance.py:1138} INFO - Marking task as UP_FOR_RETRY. dag_id=etl_***, task_id=extract, execution_date=20240929T000000, start_date=20251216T163936, end_date=20251216T163936
[2025-12-16T16:39:37.058+0000] {standard_task_runner.py:107} ERROR - Failed to execute job 819 for task extract ([Errno 2] No such file or directory: '/opt/airflow/data/input.csv'; 1614)
[2025-12-16T16:39:37.108+0000] {local_task_job_runner.py:234} INFO - Task exited with return code 1
[2025-12-16T16:39:37.157+0000] {taskinstance.py:3280} INFO - 0 downstream tasks scheduled from follow-on schedule check
[2025-12-17T01:54:54.379+0000] {taskinstance.py:1956} INFO - Dependencies all met for dep_context=non-requeueable deps ti=<TaskInstance: etl_airflow.extract scheduled__2024-09-29T00:00:00+00:00 [queued]>
[2025-12-17T01:54:54.404+0000] {taskinstance.py:1956} INFO - Dependencies all met for dep_context=requeueable deps ti=<TaskInstance: etl_airflow.extract scheduled__2024-09-29T00:00:00+00:00 [queued]>
[2025-12-17T01:54:54.407+0000] {taskinstance.py:2170} INFO - Starting attempt 1 of 3
[2025-12-17T01:54:54.458+0000] {taskinstance.py:2191} INFO - Executing <Task(PythonOperator): extract> on 2024-09-29 00:00:00+00:00
[2025-12-17T01:54:54.473+0000] {standard_task_runner.py:60} INFO - Started process 2818 to run task
[2025-12-17T01:54:54.480+0000] {standard_task_runner.py:87} INFO - Running: ['***', 'tasks', 'run', 'etl_***', 'extract', 'scheduled__2024-09-29T00:00:00+00:00', '--job-id', '821', '--raw', '--subdir', 'DAGS_FOLDER/etl_dag.py', '--cfg-path', '/tmp/tmpjnntewnm']
[2025-12-17T01:54:54.487+0000] {standard_task_runner.py:88} INFO - Job 821: Subtask extract
[2025-12-17T01:54:54.654+0000] {task_command.py:423} INFO - Running <TaskInstance: etl_airflow.extract scheduled__2024-09-29T00:00:00+00:00 [running]> on host 571e042550da
[2025-12-17T01:54:55.116+0000] {taskinstance.py:2480} INFO - Exporting env vars: AIRFLOW_CTX_DAG_OWNER='***' AIRFLOW_CTX_DAG_ID='etl_***' AIRFLOW_CTX_TASK_ID='extract' AIRFLOW_CTX_EXECUTION_DATE='2024-09-29T00:00:00+00:00' AIRFLOW_CTX_TRY_NUMBER='1' AIRFLOW_CTX_DAG_RUN_ID='scheduled__2024-09-29T00:00:00+00:00'
[2025-12-17T01:54:55.125+0000] {logging_mixin.py:188} INFO - [EXTRACT] Reading /opt/***/data/synthetic_events.csv
[2025-12-17T01:54:55.193+0000] {logging_mixin.py:188} INFO - [EXTRACT] done
[2025-12-17T01:54:55.195+0000] {python.py:201} INFO - Done. Returned value was: None
[2025-12-17T01:54:55.225+0000] {taskinstance.py:1138} INFO - Marking task as SUCCESS. dag_id=etl_***, task_id=extract, execution_date=20240929T000000, start_date=20251217T015454, end_date=20251217T015455
[2025-12-17T01:54:55.430+0000] {local_task_job_runner.py:234} INFO - Task exited with return code 0
[2025-12-17T01:54:55.491+0000] {taskinstance.py:3280} INFO - 1 downstream tasks scheduled from follow-on schedule check
[2025-12-17T04:52:11.400+0000] {taskinstance.py:1956} INFO - Dependencies all met for dep_context=non-requeueable deps ti=<TaskInstance: etl_airflow.extract scheduled__2024-09-29T00:00:00+00:00 [queued]>
[2025-12-17T04:52:11.423+0000] {taskinstance.py:1956} INFO - Dependencies all met for dep_context=requeueable deps ti=<TaskInstance: etl_airflow.extract scheduled__2024-09-29T00:00:00+00:00 [queued]>
[2025-12-17T04:52:11.425+0000] {taskinstance.py:2170} INFO - Starting attempt 1 of 3
[2025-12-17T04:52:11.454+0000] {taskinstance.py:2191} INFO - Executing <Task(PythonOperator): extract> on 2024-09-29 00:00:00+00:00
[2025-12-17T04:52:11.462+0000] {standard_task_runner.py:60} INFO - Started process 3815 to run task
[2025-12-17T04:52:11.468+0000] {standard_task_runner.py:87} INFO - Running: ['***', 'tasks', 'run', 'etl_***', 'extract', 'scheduled__2024-09-29T00:00:00+00:00', '--job-id', '1090', '--raw', '--subdir', 'DAGS_FOLDER/etl_***.py', '--cfg-path', '/tmp/tmp3rnl6jj3']
[2025-12-17T04:52:11.472+0000] {standard_task_runner.py:88} INFO - Job 1090: Subtask extract
[2025-12-17T04:52:11.581+0000] {task_command.py:423} INFO - Running <TaskInstance: etl_airflow.extract scheduled__2024-09-29T00:00:00+00:00 [running]> on host b3426f05ac70
[2025-12-17T04:52:11.992+0000] {taskinstance.py:2480} INFO - Exporting env vars: AIRFLOW_CTX_DAG_OWNER='***' AIRFLOW_CTX_DAG_ID='etl_***' AIRFLOW_CTX_TASK_ID='extract' AIRFLOW_CTX_EXECUTION_DATE='2024-09-29T00:00:00+00:00' AIRFLOW_CTX_TRY_NUMBER='1' AIRFLOW_CTX_DAG_RUN_ID='scheduled__2024-09-29T00:00:00+00:00'
[2025-12-17T04:52:12.020+0000] {python.py:201} INFO - Done. Returned value was:    user_id event_type           timestamp country
0        1      login 2025-01-01 09:00:00      IN
1        1      click 2025-01-01 09:05:00      IN
2        1     logout 2025-01-01 09:15:00      IN
3        2      login 2025-01-01 10:00:00      US
4        2      click 2025-01-01 10:10:00      US
5        2     logout 2025-01-01 10:20:00      US
6        3      login 2025-01-02 08:00:00      FR
7        3      click 2025-01-02 08:05:00      FR
8        3     logout 2025-01-02 08:30:00      FR
[2025-12-17T04:52:12.072+0000] {taskinstance.py:1138} INFO - Marking task as SUCCESS. dag_id=etl_***, task_id=extract, execution_date=20240929T000000, start_date=20251217T045211, end_date=20251217T045212
[2025-12-17T04:52:12.125+0000] {local_task_job_runner.py:234} INFO - Task exited with return code 0
[2025-12-17T04:52:12.196+0000] {taskinstance.py:3280} INFO - 1 downstream tasks scheduled from follow-on schedule check
[2025-12-17T07:57:13.593+0000] {taskinstance.py:1956} INFO - Dependencies all met for dep_context=non-requeueable deps ti=<TaskInstance: etl_airflow.extract scheduled__2024-09-29T00:00:00+00:00 [queued]>
[2025-12-17T07:57:13.608+0000] {taskinstance.py:1956} INFO - Dependencies all met for dep_context=requeueable deps ti=<TaskInstance: etl_airflow.extract scheduled__2024-09-29T00:00:00+00:00 [queued]>
[2025-12-17T07:57:13.609+0000] {taskinstance.py:2170} INFO - Starting attempt 1 of 3
[2025-12-17T07:57:13.637+0000] {taskinstance.py:2191} INFO - Executing <Task(PythonOperator): extract> on 2024-09-29 00:00:00+00:00
[2025-12-17T07:57:13.654+0000] {standard_task_runner.py:60} INFO - Started process 3909 to run task
[2025-12-17T07:57:13.662+0000] {standard_task_runner.py:87} INFO - Running: ['***', 'tasks', 'run', 'etl_***', 'extract', 'scheduled__2024-09-29T00:00:00+00:00', '--job-id', '1093', '--raw', '--subdir', 'DAGS_FOLDER/etl_***.py', '--cfg-path', '/tmp/tmpludq5bhj']
[2025-12-17T07:57:13.666+0000] {standard_task_runner.py:88} INFO - Job 1093: Subtask extract
[2025-12-17T07:57:13.826+0000] {task_command.py:423} INFO - Running <TaskInstance: etl_airflow.extract scheduled__2024-09-29T00:00:00+00:00 [running]> on host 2a0de06c8905
[2025-12-17T07:57:14.337+0000] {taskinstance.py:2480} INFO - Exporting env vars: AIRFLOW_CTX_DAG_OWNER='***' AIRFLOW_CTX_DAG_ID='etl_***' AIRFLOW_CTX_TASK_ID='extract' AIRFLOW_CTX_EXECUTION_DATE='2024-09-29T00:00:00+00:00' AIRFLOW_CTX_TRY_NUMBER='1' AIRFLOW_CTX_DAG_RUN_ID='scheduled__2024-09-29T00:00:00+00:00'
[2025-12-17T07:57:14.402+0000] {python.py:201} INFO - Done. Returned value was:    user_id event_type           timestamp country
0        1      login 2025-01-01 09:00:00      IN
1        1      click 2025-01-01 09:05:00      IN
2        1     logout 2025-01-01 09:15:00      IN
3        2      login 2025-01-01 10:00:00      US
4        2      click 2025-01-01 10:10:00      US
5        2     logout 2025-01-01 10:20:00      US
6        3      login 2025-01-02 08:00:00      FR
7        3      click 2025-01-02 08:05:00      FR
8        3     logout 2025-01-02 08:30:00      FR
[2025-12-17T07:57:14.500+0000] {taskinstance.py:1138} INFO - Marking task as SUCCESS. dag_id=etl_***, task_id=extract, execution_date=20240929T000000, start_date=20251217T075713, end_date=20251217T075714
[2025-12-17T07:57:14.773+0000] {local_task_job_runner.py:234} INFO - Task exited with return code 0
[2025-12-17T07:57:14.838+0000] {taskinstance.py:3280} INFO - 1 downstream tasks scheduled from follow-on schedule check
