[2025-12-16T17:19:46.459+0000] {taskinstance.py:1956} INFO - Dependencies all met for dep_context=non-requeueable deps ti=<TaskInstance: etl_airflow.transform scheduled__2024-04-28T00:00:00+00:00 [queued]>
[2025-12-16T17:19:46.506+0000] {taskinstance.py:1956} INFO - Dependencies all met for dep_context=requeueable deps ti=<TaskInstance: etl_airflow.transform scheduled__2024-04-28T00:00:00+00:00 [queued]>
[2025-12-16T17:19:46.508+0000] {taskinstance.py:2170} INFO - Starting attempt 2 of 4
[2025-12-16T17:19:46.592+0000] {taskinstance.py:2191} INFO - Executing <Task(PythonOperator): transform> on 2024-04-28 00:00:00+00:00
[2025-12-16T17:19:46.616+0000] {standard_task_runner.py:60} INFO - Started process 4559 to run task
[2025-12-16T17:19:46.630+0000] {standard_task_runner.py:87} INFO - Running: ['***', 'tasks', 'run', 'etl_***', 'transform', 'scheduled__2024-04-28T00:00:00+00:00', '--job-id', '5517', '--raw', '--subdir', 'DAGS_FOLDER/etl_dag.py', '--cfg-path', '/tmp/tmptx6ciw1x']
[2025-12-16T17:19:46.642+0000] {standard_task_runner.py:88} INFO - Job 5517: Subtask transform
[2025-12-16T17:19:46.982+0000] {task_command.py:423} INFO - Running <TaskInstance: etl_airflow.transform scheduled__2024-04-28T00:00:00+00:00 [running]> on host 3b89cfee50e9
[2025-12-16T17:19:47.243+0000] {taskinstance.py:2480} INFO - Exporting env vars: AIRFLOW_CTX_DAG_OWNER='***' AIRFLOW_CTX_DAG_ID='etl_***' AIRFLOW_CTX_TASK_ID='transform' AIRFLOW_CTX_EXECUTION_DATE='2024-04-28T00:00:00+00:00' AIRFLOW_CTX_TRY_NUMBER='2' AIRFLOW_CTX_DAG_RUN_ID='scheduled__2024-04-28T00:00:00+00:00'
[2025-12-16T17:19:47.250+0000] {logging_mixin.py:188} INFO - [TRANSFORM]
[2025-12-16T17:19:47.628+0000] {logging_mixin.py:188} INFO - [TRANSFORM] done
[2025-12-16T17:19:47.629+0000] {python.py:201} INFO - Done. Returned value was: None
[2025-12-16T17:19:47.653+0000] {taskinstance.py:1138} INFO - Marking task as SUCCESS. dag_id=etl_***, task_id=transform, execution_date=20240428T000000, start_date=20251216T171946, end_date=20251216T171947
[2025-12-16T17:19:47.735+0000] {local_task_job_runner.py:234} INFO - Task exited with return code 0
[2025-12-16T17:19:48.037+0000] {taskinstance.py:3280} INFO - 0 downstream tasks scheduled from follow-on schedule check
[2025-12-17T04:46:42.671+0000] {taskinstance.py:1956} INFO - Dependencies all met for dep_context=non-requeueable deps ti=<TaskInstance: etl_airflow.transform scheduled__2024-04-28T00:00:00+00:00 [queued]>
[2025-12-17T04:46:42.686+0000] {taskinstance.py:1956} INFO - Dependencies all met for dep_context=requeueable deps ti=<TaskInstance: etl_airflow.transform scheduled__2024-04-28T00:00:00+00:00 [queued]>
[2025-12-17T04:46:42.687+0000] {taskinstance.py:2170} INFO - Starting attempt 2 of 3
[2025-12-17T04:46:42.741+0000] {taskinstance.py:2191} INFO - Executing <Task(PythonOperator): transform> on 2024-04-28 00:00:00+00:00
[2025-12-17T04:46:42.750+0000] {standard_task_runner.py:60} INFO - Started process 1826 to run task
[2025-12-17T04:46:42.754+0000] {standard_task_runner.py:87} INFO - Running: ['***', 'tasks', 'run', 'etl_***', 'transform', 'scheduled__2024-04-28T00:00:00+00:00', '--job-id', '488', '--raw', '--subdir', 'DAGS_FOLDER/etl_***.py', '--cfg-path', '/tmp/tmplbtk4g98']
[2025-12-17T04:46:42.758+0000] {standard_task_runner.py:88} INFO - Job 488: Subtask transform
[2025-12-17T04:46:42.862+0000] {task_command.py:423} INFO - Running <TaskInstance: etl_airflow.transform scheduled__2024-04-28T00:00:00+00:00 [running]> on host b3426f05ac70
[2025-12-17T04:46:43.161+0000] {taskinstance.py:2480} INFO - Exporting env vars: AIRFLOW_CTX_DAG_OWNER='***' AIRFLOW_CTX_DAG_ID='etl_***' AIRFLOW_CTX_TASK_ID='transform' AIRFLOW_CTX_EXECUTION_DATE='2024-04-28T00:00:00+00:00' AIRFLOW_CTX_TRY_NUMBER='2' AIRFLOW_CTX_DAG_RUN_ID='scheduled__2024-04-28T00:00:00+00:00'
[2025-12-17T04:46:43.163+0000] {taskinstance.py:2698} ERROR - Task failed with exception
Traceback (most recent call last):
  File "/home/airflow/.local/lib/python3.8/site-packages/airflow/models/taskinstance.py", line 433, in _execute_task
    result = execute_callable(context=context, **execute_callable_kwargs)
  File "/home/airflow/.local/lib/python3.8/site-packages/airflow/operators/python.py", line 199, in execute
    return_value = self.execute_callable()
  File "/home/airflow/.local/lib/python3.8/site-packages/airflow/operators/python.py", line 216, in execute_callable
    return self.python_callable(*self.op_args, **self.op_kwargs)
TypeError: transform_data() missing 1 required positional argument: 'df'
[2025-12-17T04:46:43.177+0000] {taskinstance.py:1138} INFO - Marking task as UP_FOR_RETRY. dag_id=etl_***, task_id=transform, execution_date=20240428T000000, start_date=20251217T044642, end_date=20251217T044643
[2025-12-17T04:46:43.261+0000] {standard_task_runner.py:107} ERROR - Failed to execute job 488 for task transform (transform_data() missing 1 required positional argument: 'df'; 1826)
[2025-12-17T04:46:43.289+0000] {local_task_job_runner.py:234} INFO - Task exited with return code 1
[2025-12-17T04:46:43.323+0000] {taskinstance.py:3280} INFO - 0 downstream tasks scheduled from follow-on schedule check
[2025-12-17T07:40:09.133+0000] {taskinstance.py:1956} INFO - Dependencies all met for dep_context=non-requeueable deps ti=<TaskInstance: etl_airflow.transform scheduled__2024-04-28T00:00:00+00:00 [queued]>
[2025-12-17T07:40:09.165+0000] {taskinstance.py:1956} INFO - Dependencies all met for dep_context=requeueable deps ti=<TaskInstance: etl_airflow.transform scheduled__2024-04-28T00:00:00+00:00 [queued]>
[2025-12-17T07:40:09.169+0000] {taskinstance.py:2170} INFO - Starting attempt 2 of 3
[2025-12-17T07:40:09.224+0000] {taskinstance.py:2191} INFO - Executing <Task(PythonOperator): transform> on 2024-04-28 00:00:00+00:00
[2025-12-17T07:40:09.250+0000] {standard_task_runner.py:60} INFO - Started process 1895 to run task
[2025-12-17T07:40:09.266+0000] {standard_task_runner.py:87} INFO - Running: ['***', 'tasks', 'run', 'etl_***', 'transform', 'scheduled__2024-04-28T00:00:00+00:00', '--job-id', '488', '--raw', '--subdir', 'DAGS_FOLDER/etl_***.py', '--cfg-path', '/tmp/tmp1o6vlvzw']
[2025-12-17T07:40:09.276+0000] {standard_task_runner.py:88} INFO - Job 488: Subtask transform
[2025-12-17T07:40:09.501+0000] {task_command.py:423} INFO - Running <TaskInstance: etl_airflow.transform scheduled__2024-04-28T00:00:00+00:00 [running]> on host 2a0de06c8905
[2025-12-17T07:40:09.986+0000] {taskinstance.py:2480} INFO - Exporting env vars: AIRFLOW_CTX_DAG_OWNER='***' AIRFLOW_CTX_DAG_ID='etl_***' AIRFLOW_CTX_TASK_ID='transform' AIRFLOW_CTX_EXECUTION_DATE='2024-04-28T00:00:00+00:00' AIRFLOW_CTX_TRY_NUMBER='2' AIRFLOW_CTX_DAG_RUN_ID='scheduled__2024-04-28T00:00:00+00:00'
[2025-12-17T07:40:09.989+0000] {taskinstance.py:2698} ERROR - Task failed with exception
Traceback (most recent call last):
  File "/home/airflow/.local/lib/python3.8/site-packages/airflow/models/taskinstance.py", line 433, in _execute_task
    result = execute_callable(context=context, **execute_callable_kwargs)
  File "/home/airflow/.local/lib/python3.8/site-packages/airflow/operators/python.py", line 199, in execute
    return_value = self.execute_callable()
  File "/home/airflow/.local/lib/python3.8/site-packages/airflow/operators/python.py", line 216, in execute_callable
    return self.python_callable(*self.op_args, **self.op_kwargs)
TypeError: transform_data() missing 1 required positional argument: 'df'
[2025-12-17T07:40:10.002+0000] {taskinstance.py:1138} INFO - Marking task as UP_FOR_RETRY. dag_id=etl_***, task_id=transform, execution_date=20240428T000000, start_date=20251217T074009, end_date=20251217T074010
[2025-12-17T07:40:10.022+0000] {standard_task_runner.py:107} ERROR - Failed to execute job 488 for task transform (transform_data() missing 1 required positional argument: 'df'; 1895)
[2025-12-17T07:40:10.046+0000] {local_task_job_runner.py:234} INFO - Task exited with return code 1
[2025-12-17T07:40:10.544+0000] {taskinstance.py:3280} INFO - 0 downstream tasks scheduled from follow-on schedule check
