[2025-12-16T17:11:03.954+0000] {taskinstance.py:1956} INFO - Dependencies all met for dep_context=non-requeueable deps ti=<TaskInstance: etl_airflow.load scheduled__2024-03-30T00:00:00+00:00 [queued]>
[2025-12-16T17:11:03.987+0000] {taskinstance.py:1956} INFO - Dependencies all met for dep_context=requeueable deps ti=<TaskInstance: etl_airflow.load scheduled__2024-03-30T00:00:00+00:00 [queued]>
[2025-12-16T17:11:03.990+0000] {taskinstance.py:2170} INFO - Starting attempt 1 of 3
[2025-12-16T17:11:04.296+0000] {taskinstance.py:2191} INFO - Executing <Task(PythonOperator): load> on 2024-03-30 00:00:00+00:00
[2025-12-16T17:11:04.328+0000] {standard_task_runner.py:60} INFO - Started process 1238 to run task
[2025-12-16T17:11:04.344+0000] {standard_task_runner.py:87} INFO - Running: ['***', 'tasks', 'run', 'etl_***', 'load', 'scheduled__2024-03-30T00:00:00+00:00', '--job-id', '3888', '--raw', '--subdir', 'DAGS_FOLDER/etl_dag.py', '--cfg-path', '/tmp/tmpctm1bkcn']
[2025-12-16T17:11:04.355+0000] {standard_task_runner.py:88} INFO - Job 3888: Subtask load
[2025-12-16T17:11:04.698+0000] {task_command.py:423} INFO - Running <TaskInstance: etl_airflow.load scheduled__2024-03-30T00:00:00+00:00 [running]> on host 3b89cfee50e9
[2025-12-16T17:11:04.950+0000] {taskinstance.py:2480} INFO - Exporting env vars: AIRFLOW_CTX_DAG_OWNER='***' AIRFLOW_CTX_DAG_ID='etl_***' AIRFLOW_CTX_TASK_ID='load' AIRFLOW_CTX_EXECUTION_DATE='2024-03-30T00:00:00+00:00' AIRFLOW_CTX_TRY_NUMBER='1' AIRFLOW_CTX_DAG_RUN_ID='scheduled__2024-03-30T00:00:00+00:00'
[2025-12-16T17:11:04.956+0000] {logging_mixin.py:188} INFO - [LOAD]
[2025-12-16T17:11:05.387+0000] {logging_mixin.py:188} INFO -    user_id event_type            timestamp country
0        1      login  2025-01-01T09:00:00      IN
1        1      click  2025-01-01T09:05:00      IN
2        1     logout  2025-01-01T09:15:00      IN
3        3      login  2025-01-02T08:00:00      FR
4        3      click  2025-01-02T08:05:00      FR
[2025-12-16T17:11:05.395+0000] {logging_mixin.py:188} INFO - [LOAD] done
[2025-12-16T17:11:05.398+0000] {python.py:201} INFO - Done. Returned value was: None
[2025-12-16T17:11:05.445+0000] {taskinstance.py:1138} INFO - Marking task as SUCCESS. dag_id=etl_***, task_id=load, execution_date=20240330T000000, start_date=20251216T171103, end_date=20251216T171105
[2025-12-16T17:11:05.584+0000] {local_task_job_runner.py:234} INFO - Task exited with return code 0
[2025-12-16T17:11:05.890+0000] {taskinstance.py:3280} INFO - 0 downstream tasks scheduled from follow-on schedule check
[2025-12-17T01:51:50.265+0000] {taskinstance.py:1956} INFO - Dependencies all met for dep_context=non-requeueable deps ti=<TaskInstance: etl_airflow.load scheduled__2024-03-30T00:00:00+00:00 [queued]>
[2025-12-17T01:51:50.297+0000] {taskinstance.py:1956} INFO - Dependencies all met for dep_context=requeueable deps ti=<TaskInstance: etl_airflow.load scheduled__2024-03-30T00:00:00+00:00 [queued]>
[2025-12-17T01:51:50.298+0000] {taskinstance.py:2170} INFO - Starting attempt 1 of 3
[2025-12-17T01:51:50.337+0000] {taskinstance.py:2191} INFO - Executing <Task(PythonOperator): load> on 2024-03-30 00:00:00+00:00
[2025-12-17T01:51:50.360+0000] {standard_task_runner.py:60} INFO - Started process 1163 to run task
[2025-12-17T01:51:50.372+0000] {standard_task_runner.py:87} INFO - Running: ['***', 'tasks', 'run', 'etl_***', 'load', 'scheduled__2024-03-30T00:00:00+00:00', '--job-id', '298', '--raw', '--subdir', 'DAGS_FOLDER/etl_dag.py', '--cfg-path', '/tmp/tmpdcwnx1gy']
[2025-12-17T01:51:50.381+0000] {standard_task_runner.py:88} INFO - Job 298: Subtask load
[2025-12-17T01:51:50.670+0000] {task_command.py:423} INFO - Running <TaskInstance: etl_airflow.load scheduled__2024-03-30T00:00:00+00:00 [running]> on host 571e042550da
[2025-12-17T01:51:51.819+0000] {taskinstance.py:2480} INFO - Exporting env vars: AIRFLOW_CTX_DAG_OWNER='***' AIRFLOW_CTX_DAG_ID='etl_***' AIRFLOW_CTX_TASK_ID='load' AIRFLOW_CTX_EXECUTION_DATE='2024-03-30T00:00:00+00:00' AIRFLOW_CTX_TRY_NUMBER='1' AIRFLOW_CTX_DAG_RUN_ID='scheduled__2024-03-30T00:00:00+00:00'
[2025-12-17T01:51:51.822+0000] {logging_mixin.py:188} INFO - [LOAD]
[2025-12-17T01:51:51.865+0000] {logging_mixin.py:188} INFO -    user_id event_type            timestamp country
0        1      login  2025-01-01T09:00:00      IN
1        1      click  2025-01-01T09:05:00      IN
2        1     logout  2025-01-01T09:15:00      IN
3        3      login  2025-01-02T08:00:00      FR
4        3      click  2025-01-02T08:05:00      FR
[2025-12-17T01:51:51.866+0000] {logging_mixin.py:188} INFO - [LOAD] done
[2025-12-17T01:51:51.868+0000] {python.py:201} INFO - Done. Returned value was: None
[2025-12-17T01:51:51.890+0000] {taskinstance.py:1138} INFO - Marking task as SUCCESS. dag_id=etl_***, task_id=load, execution_date=20240330T000000, start_date=20251217T015150, end_date=20251217T015151
[2025-12-17T01:51:52.078+0000] {local_task_job_runner.py:234} INFO - Task exited with return code 0
[2025-12-17T01:51:52.165+0000] {taskinstance.py:3280} INFO - 0 downstream tasks scheduled from follow-on schedule check
