[2025-12-16T17:08:36.908+0000] {taskinstance.py:1956} INFO - Dependencies all met for dep_context=non-requeueable deps ti=<TaskInstance: etl_airflow.transform scheduled__2025-04-04T00:00:00+00:00 [queued]>
[2025-12-16T17:08:36.926+0000] {taskinstance.py:1956} INFO - Dependencies all met for dep_context=requeueable deps ti=<TaskInstance: etl_airflow.transform scheduled__2025-04-04T00:00:00+00:00 [queued]>
[2025-12-16T17:08:36.928+0000] {taskinstance.py:2170} INFO - Starting attempt 1 of 3
[2025-12-16T17:08:36.953+0000] {taskinstance.py:2191} INFO - Executing <Task(PythonOperator): transform> on 2025-04-04 00:00:00+00:00
[2025-12-16T17:08:36.963+0000] {standard_task_runner.py:60} INFO - Started process 2049 to run task
[2025-12-16T17:08:36.967+0000] {standard_task_runner.py:87} INFO - Running: ['***', 'tasks', 'run', 'etl_***', 'transform', 'scheduled__2025-04-04T00:00:00+00:00', '--job-id', '3543', '--raw', '--subdir', 'DAGS_FOLDER/etl_dag.py', '--cfg-path', '/tmp/tmphx83b_x2']
[2025-12-16T17:08:36.970+0000] {standard_task_runner.py:88} INFO - Job 3543: Subtask transform
[2025-12-16T17:08:37.071+0000] {task_command.py:423} INFO - Running <TaskInstance: etl_airflow.transform scheduled__2025-04-04T00:00:00+00:00 [running]> on host db658e834d9d
[2025-12-16T17:08:37.213+0000] {taskinstance.py:2480} INFO - Exporting env vars: AIRFLOW_CTX_DAG_OWNER='***' AIRFLOW_CTX_DAG_ID='etl_***' AIRFLOW_CTX_TASK_ID='transform' AIRFLOW_CTX_EXECUTION_DATE='2025-04-04T00:00:00+00:00' AIRFLOW_CTX_TRY_NUMBER='1' AIRFLOW_CTX_DAG_RUN_ID='scheduled__2025-04-04T00:00:00+00:00'
[2025-12-16T17:08:37.216+0000] {logging_mixin.py:188} INFO - [TRANSFORM]
[2025-12-16T17:08:37.233+0000] {taskinstance.py:2698} ERROR - Task failed with exception
Traceback (most recent call last):
  File "/home/airflow/.local/lib/python3.8/site-packages/airflow/models/taskinstance.py", line 433, in _execute_task
    result = execute_callable(context=context, **execute_callable_kwargs)
  File "/home/airflow/.local/lib/python3.8/site-packages/airflow/operators/python.py", line 199, in execute
    return_value = self.execute_callable()
  File "/home/airflow/.local/lib/python3.8/site-packages/airflow/operators/python.py", line 216, in execute_callable
    return self.python_callable(*self.op_args, **self.op_kwargs)
  File "/opt/airflow/etl_logic/pipeline.py", line 113, in transform_data
    df.to_csv(OUTPUT_PATH, index=False)
  File "/home/airflow/.local/lib/python3.8/site-packages/pandas/core/generic.py", line 3772, in to_csv
    return DataFrameRenderer(formatter).to_csv(
  File "/home/airflow/.local/lib/python3.8/site-packages/pandas/io/formats/format.py", line 1186, in to_csv
    csv_formatter.save()
  File "/home/airflow/.local/lib/python3.8/site-packages/pandas/io/formats/csvs.py", line 240, in save
    with get_handle(
  File "/home/airflow/.local/lib/python3.8/site-packages/pandas/io/common.py", line 737, in get_handle
    check_parent_directory(str(handle))
  File "/home/airflow/.local/lib/python3.8/site-packages/pandas/io/common.py", line 600, in check_parent_directory
    raise OSError(rf"Cannot save file into a non-existent directory: '{parent}'")
OSError: Cannot save file into a non-existent directory: 'E:\GPP\Task_4\comparative-data-orchestrationirflow\data'
[2025-12-16T17:08:37.262+0000] {taskinstance.py:1138} INFO - Marking task as UP_FOR_RETRY. dag_id=etl_***, task_id=transform, execution_date=20250404T000000, start_date=20251216T170836, end_date=20251216T170837
[2025-12-16T17:08:37.285+0000] {standard_task_runner.py:107} ERROR - Failed to execute job 3543 for task transform (Cannot save file into a non-existent directory: 'E:\GPP\Task_4\comparative-data-orchestrationirflow\data'; 2049)
[2025-12-16T17:08:37.302+0000] {local_task_job_runner.py:234} INFO - Task exited with return code 1
[2025-12-16T17:08:37.342+0000] {taskinstance.py:3280} INFO - 0 downstream tasks scheduled from follow-on schedule check
[2025-12-17T01:58:07.402+0000] {taskinstance.py:1956} INFO - Dependencies all met for dep_context=non-requeueable deps ti=<TaskInstance: etl_airflow.transform scheduled__2025-04-04T00:00:00+00:00 [queued]>
[2025-12-17T01:58:07.440+0000] {taskinstance.py:1956} INFO - Dependencies all met for dep_context=requeueable deps ti=<TaskInstance: etl_airflow.transform scheduled__2025-04-04T00:00:00+00:00 [queued]>
[2025-12-17T01:58:07.442+0000] {taskinstance.py:2170} INFO - Starting attempt 1 of 3
[2025-12-17T01:58:07.471+0000] {taskinstance.py:2191} INFO - Executing <Task(PythonOperator): transform> on 2025-04-04 00:00:00+00:00
[2025-12-17T01:58:07.483+0000] {standard_task_runner.py:60} INFO - Started process 4674 to run task
[2025-12-17T01:58:07.504+0000] {standard_task_runner.py:87} INFO - Running: ['***', 'tasks', 'run', 'etl_***', 'transform', 'scheduled__2025-04-04T00:00:00+00:00', '--job-id', '1404', '--raw', '--subdir', 'DAGS_FOLDER/etl_dag.py', '--cfg-path', '/tmp/tmpehrsvec3']
[2025-12-17T01:58:07.514+0000] {standard_task_runner.py:88} INFO - Job 1404: Subtask transform
[2025-12-17T01:58:07.687+0000] {task_command.py:423} INFO - Running <TaskInstance: etl_airflow.transform scheduled__2025-04-04T00:00:00+00:00 [running]> on host 571e042550da
[2025-12-17T01:58:08.274+0000] {taskinstance.py:2480} INFO - Exporting env vars: AIRFLOW_CTX_DAG_OWNER='***' AIRFLOW_CTX_DAG_ID='etl_***' AIRFLOW_CTX_TASK_ID='transform' AIRFLOW_CTX_EXECUTION_DATE='2025-04-04T00:00:00+00:00' AIRFLOW_CTX_TRY_NUMBER='1' AIRFLOW_CTX_DAG_RUN_ID='scheduled__2025-04-04T00:00:00+00:00'
[2025-12-17T01:58:08.279+0000] {logging_mixin.py:188} INFO - [TRANSFORM]
[2025-12-17T01:58:08.289+0000] {taskinstance.py:2698} ERROR - Task failed with exception
Traceback (most recent call last):
  File "/home/airflow/.local/lib/python3.8/site-packages/airflow/models/taskinstance.py", line 433, in _execute_task
    result = execute_callable(context=context, **execute_callable_kwargs)
  File "/home/airflow/.local/lib/python3.8/site-packages/airflow/operators/python.py", line 199, in execute
    return_value = self.execute_callable()
  File "/home/airflow/.local/lib/python3.8/site-packages/airflow/operators/python.py", line 216, in execute_callable
    return self.python_callable(*self.op_args, **self.op_kwargs)
  File "/opt/airflow/etl_logic/pipeline.py", line 111, in transform_data
    df = pd.read_csv(TRANSFORMED_PATH)
  File "/home/airflow/.local/lib/python3.8/site-packages/pandas/io/parsers/readers.py", line 912, in read_csv
    return _read(filepath_or_buffer, kwds)
  File "/home/airflow/.local/lib/python3.8/site-packages/pandas/io/parsers/readers.py", line 577, in _read
    parser = TextFileReader(filepath_or_buffer, **kwds)
  File "/home/airflow/.local/lib/python3.8/site-packages/pandas/io/parsers/readers.py", line 1407, in __init__
    self._engine = self._make_engine(f, self.engine)
  File "/home/airflow/.local/lib/python3.8/site-packages/pandas/io/parsers/readers.py", line 1679, in _make_engine
    return mapping[engine](f, **self.options)
  File "/home/airflow/.local/lib/python3.8/site-packages/pandas/io/parsers/c_parser_wrapper.py", line 93, in __init__
    self._reader = parsers.TextReader(src, **kwds)
  File "pandas/_libs/parsers.pyx", line 557, in pandas._libs.parsers.TextReader.__cinit__
pandas.errors.EmptyDataError: No columns to parse from file
[2025-12-17T01:58:08.348+0000] {taskinstance.py:1138} INFO - Marking task as UP_FOR_RETRY. dag_id=etl_***, task_id=transform, execution_date=20250404T000000, start_date=20251217T015807, end_date=20251217T015808
[2025-12-17T01:58:08.418+0000] {standard_task_runner.py:107} ERROR - Failed to execute job 1404 for task transform (No columns to parse from file; 4674)
[2025-12-17T01:58:08.485+0000] {local_task_job_runner.py:234} INFO - Task exited with return code 1
[2025-12-17T01:58:08.541+0000] {taskinstance.py:3280} INFO - 0 downstream tasks scheduled from follow-on schedule check
[2025-12-17T04:58:42.241+0000] {taskinstance.py:1956} INFO - Dependencies all met for dep_context=non-requeueable deps ti=<TaskInstance: etl_airflow.transform scheduled__2025-04-04T00:00:00+00:00 [queued]>
[2025-12-17T04:58:42.253+0000] {taskinstance.py:1956} INFO - Dependencies all met for dep_context=requeueable deps ti=<TaskInstance: etl_airflow.transform scheduled__2025-04-04T00:00:00+00:00 [queued]>
[2025-12-17T04:58:42.254+0000] {taskinstance.py:2170} INFO - Starting attempt 1 of 3
[2025-12-17T04:58:42.278+0000] {taskinstance.py:2191} INFO - Executing <Task(PythonOperator): transform> on 2025-04-04 00:00:00+00:00
[2025-12-17T04:58:42.290+0000] {standard_task_runner.py:60} INFO - Started process 6220 to run task
[2025-12-17T04:58:42.295+0000] {standard_task_runner.py:87} INFO - Running: ['***', 'tasks', 'run', 'etl_***', 'transform', 'scheduled__2025-04-04T00:00:00+00:00', '--job-id', '1822', '--raw', '--subdir', 'DAGS_FOLDER/etl_***.py', '--cfg-path', '/tmp/tmpzfgecp9d']
[2025-12-17T04:58:42.299+0000] {standard_task_runner.py:88} INFO - Job 1822: Subtask transform
[2025-12-17T04:58:42.431+0000] {task_command.py:423} INFO - Running <TaskInstance: etl_airflow.transform scheduled__2025-04-04T00:00:00+00:00 [running]> on host b3426f05ac70
[2025-12-17T04:58:42.891+0000] {taskinstance.py:2480} INFO - Exporting env vars: AIRFLOW_CTX_DAG_OWNER='***' AIRFLOW_CTX_DAG_ID='etl_***' AIRFLOW_CTX_TASK_ID='transform' AIRFLOW_CTX_EXECUTION_DATE='2025-04-04T00:00:00+00:00' AIRFLOW_CTX_TRY_NUMBER='1' AIRFLOW_CTX_DAG_RUN_ID='scheduled__2025-04-04T00:00:00+00:00'
[2025-12-17T04:58:42.894+0000] {taskinstance.py:2698} ERROR - Task failed with exception
Traceback (most recent call last):
  File "/home/airflow/.local/lib/python3.8/site-packages/airflow/models/taskinstance.py", line 433, in _execute_task
    result = execute_callable(context=context, **execute_callable_kwargs)
  File "/home/airflow/.local/lib/python3.8/site-packages/airflow/operators/python.py", line 199, in execute
    return_value = self.execute_callable()
  File "/home/airflow/.local/lib/python3.8/site-packages/airflow/operators/python.py", line 216, in execute_callable
    return self.python_callable(*self.op_args, **self.op_kwargs)
TypeError: transform_data() missing 1 required positional argument: 'df'
[2025-12-17T04:58:42.918+0000] {taskinstance.py:1138} INFO - Marking task as UP_FOR_RETRY. dag_id=etl_***, task_id=transform, execution_date=20250404T000000, start_date=20251217T045842, end_date=20251217T045842
[2025-12-17T04:58:43.100+0000] {standard_task_runner.py:107} ERROR - Failed to execute job 1822 for task transform (transform_data() missing 1 required positional argument: 'df'; 6220)
[2025-12-17T04:58:43.122+0000] {local_task_job_runner.py:234} INFO - Task exited with return code 1
[2025-12-17T04:58:43.165+0000] {taskinstance.py:3280} INFO - 0 downstream tasks scheduled from follow-on schedule check
