[2025-12-17T01:59:17.485+0000] {taskinstance.py:1956} INFO - Dependencies all met for dep_context=non-requeueable deps ti=<TaskInstance: etl_airflow.transform scheduled__2025-06-17T00:00:00+00:00 [queued]>
[2025-12-17T01:59:17.510+0000] {taskinstance.py:1956} INFO - Dependencies all met for dep_context=requeueable deps ti=<TaskInstance: etl_airflow.transform scheduled__2025-06-17T00:00:00+00:00 [queued]>
[2025-12-17T01:59:17.511+0000] {taskinstance.py:2170} INFO - Starting attempt 1 of 3
[2025-12-17T01:59:17.556+0000] {taskinstance.py:2191} INFO - Executing <Task(PythonOperator): transform> on 2025-06-17 00:00:00+00:00
[2025-12-17T01:59:17.576+0000] {standard_task_runner.py:60} INFO - Started process 5398 to run task
[2025-12-17T01:59:17.584+0000] {standard_task_runner.py:87} INFO - Running: ['***', 'tasks', 'run', 'etl_***', 'transform', 'scheduled__2025-06-17T00:00:00+00:00', '--job-id', '1634', '--raw', '--subdir', 'DAGS_FOLDER/etl_dag.py', '--cfg-path', '/tmp/tmpjxfck67y']
[2025-12-17T01:59:17.596+0000] {standard_task_runner.py:88} INFO - Job 1634: Subtask transform
[2025-12-17T01:59:17.788+0000] {task_command.py:423} INFO - Running <TaskInstance: etl_airflow.transform scheduled__2025-06-17T00:00:00+00:00 [running]> on host 571e042550da
[2025-12-17T01:59:18.369+0000] {taskinstance.py:2480} INFO - Exporting env vars: AIRFLOW_CTX_DAG_OWNER='***' AIRFLOW_CTX_DAG_ID='etl_***' AIRFLOW_CTX_TASK_ID='transform' AIRFLOW_CTX_EXECUTION_DATE='2025-06-17T00:00:00+00:00' AIRFLOW_CTX_TRY_NUMBER='1' AIRFLOW_CTX_DAG_RUN_ID='scheduled__2025-06-17T00:00:00+00:00'
[2025-12-17T01:59:18.375+0000] {logging_mixin.py:188} INFO - [TRANSFORM]
[2025-12-17T01:59:18.441+0000] {logging_mixin.py:188} INFO - [TRANSFORM] done
[2025-12-17T01:59:18.443+0000] {python.py:201} INFO - Done. Returned value was: None
[2025-12-17T01:59:18.467+0000] {taskinstance.py:1138} INFO - Marking task as SUCCESS. dag_id=etl_***, task_id=transform, execution_date=20250617T000000, start_date=20251217T015917, end_date=20251217T015918
[2025-12-17T01:59:18.793+0000] {local_task_job_runner.py:234} INFO - Task exited with return code 0
[2025-12-17T01:59:19.087+0000] {taskinstance.py:3280} INFO - 0 downstream tasks scheduled from follow-on schedule check
[2025-12-17T05:01:31.082+0000] {taskinstance.py:1956} INFO - Dependencies all met for dep_context=non-requeueable deps ti=<TaskInstance: etl_airflow.transform scheduled__2025-06-17T00:00:00+00:00 [queued]>
[2025-12-17T05:01:31.103+0000] {taskinstance.py:1956} INFO - Dependencies all met for dep_context=requeueable deps ti=<TaskInstance: etl_airflow.transform scheduled__2025-06-17T00:00:00+00:00 [queued]>
[2025-12-17T05:01:31.104+0000] {taskinstance.py:2170} INFO - Starting attempt 1 of 3
[2025-12-17T05:01:31.142+0000] {taskinstance.py:2191} INFO - Executing <Task(PythonOperator): transform> on 2025-06-17 00:00:00+00:00
[2025-12-17T05:01:31.156+0000] {standard_task_runner.py:60} INFO - Started process 7254 to run task
[2025-12-17T05:01:31.164+0000] {standard_task_runner.py:87} INFO - Running: ['***', 'tasks', 'run', 'etl_***', 'transform', 'scheduled__2025-06-17T00:00:00+00:00', '--job-id', '2131', '--raw', '--subdir', 'DAGS_FOLDER/etl_***.py', '--cfg-path', '/tmp/tmp6n5f4fe8']
[2025-12-17T05:01:31.172+0000] {standard_task_runner.py:88} INFO - Job 2131: Subtask transform
[2025-12-17T05:01:31.329+0000] {task_command.py:423} INFO - Running <TaskInstance: etl_airflow.transform scheduled__2025-06-17T00:00:00+00:00 [running]> on host b3426f05ac70
[2025-12-17T05:01:31.827+0000] {taskinstance.py:2480} INFO - Exporting env vars: AIRFLOW_CTX_DAG_OWNER='***' AIRFLOW_CTX_DAG_ID='etl_***' AIRFLOW_CTX_TASK_ID='transform' AIRFLOW_CTX_EXECUTION_DATE='2025-06-17T00:00:00+00:00' AIRFLOW_CTX_TRY_NUMBER='1' AIRFLOW_CTX_DAG_RUN_ID='scheduled__2025-06-17T00:00:00+00:00'
[2025-12-17T05:01:31.831+0000] {taskinstance.py:2698} ERROR - Task failed with exception
Traceback (most recent call last):
  File "/home/airflow/.local/lib/python3.8/site-packages/airflow/models/taskinstance.py", line 433, in _execute_task
    result = execute_callable(context=context, **execute_callable_kwargs)
  File "/home/airflow/.local/lib/python3.8/site-packages/airflow/operators/python.py", line 199, in execute
    return_value = self.execute_callable()
  File "/home/airflow/.local/lib/python3.8/site-packages/airflow/operators/python.py", line 216, in execute_callable
    return self.python_callable(*self.op_args, **self.op_kwargs)
TypeError: transform_data() missing 1 required positional argument: 'df'
[2025-12-17T05:01:31.860+0000] {taskinstance.py:1138} INFO - Marking task as UP_FOR_RETRY. dag_id=etl_***, task_id=transform, execution_date=20250617T000000, start_date=20251217T050131, end_date=20251217T050131
[2025-12-17T05:01:31.900+0000] {standard_task_runner.py:107} ERROR - Failed to execute job 2131 for task transform (transform_data() missing 1 required positional argument: 'df'; 7254)
[2025-12-17T05:01:31.954+0000] {local_task_job_runner.py:234} INFO - Task exited with return code 1
[2025-12-17T05:01:31.987+0000] {taskinstance.py:3280} INFO - 0 downstream tasks scheduled from follow-on schedule check
