[2025-12-17T02:01:42.499+0000] {taskinstance.py:1956} INFO - Dependencies all met for dep_context=non-requeueable deps ti=<TaskInstance: etl_airflow.extract scheduled__2025-12-02T00:00:00+00:00 [queued]>
[2025-12-17T02:01:42.518+0000] {taskinstance.py:1956} INFO - Dependencies all met for dep_context=requeueable deps ti=<TaskInstance: etl_airflow.extract scheduled__2025-12-02T00:00:00+00:00 [queued]>
[2025-12-17T02:01:42.520+0000] {taskinstance.py:2170} INFO - Starting attempt 1 of 3
[2025-12-17T02:01:42.587+0000] {taskinstance.py:2191} INFO - Executing <Task(PythonOperator): extract> on 2025-12-02 00:00:00+00:00
[2025-12-17T02:01:42.598+0000] {standard_task_runner.py:60} INFO - Started process 6948 to run task
[2025-12-17T02:01:42.604+0000] {standard_task_runner.py:87} INFO - Running: ['***', 'tasks', 'run', 'etl_***', 'extract', 'scheduled__2025-12-02T00:00:00+00:00', '--job-id', '2128', '--raw', '--subdir', 'DAGS_FOLDER/etl_dag.py', '--cfg-path', '/tmp/tmpb8y1jmsb']
[2025-12-17T02:01:42.614+0000] {standard_task_runner.py:88} INFO - Job 2128: Subtask extract
[2025-12-17T02:01:42.759+0000] {task_command.py:423} INFO - Running <TaskInstance: etl_airflow.extract scheduled__2025-12-02T00:00:00+00:00 [running]> on host 571e042550da
[2025-12-17T02:01:43.200+0000] {taskinstance.py:2480} INFO - Exporting env vars: AIRFLOW_CTX_DAG_OWNER='***' AIRFLOW_CTX_DAG_ID='etl_***' AIRFLOW_CTX_TASK_ID='extract' AIRFLOW_CTX_EXECUTION_DATE='2025-12-02T00:00:00+00:00' AIRFLOW_CTX_TRY_NUMBER='1' AIRFLOW_CTX_DAG_RUN_ID='scheduled__2025-12-02T00:00:00+00:00'
[2025-12-17T02:01:43.205+0000] {logging_mixin.py:188} INFO - [EXTRACT] Reading /opt/***/data/synthetic_events.csv
[2025-12-17T02:01:43.238+0000] {logging_mixin.py:188} INFO - [EXTRACT] done
[2025-12-17T02:01:43.239+0000] {python.py:201} INFO - Done. Returned value was: None
[2025-12-17T02:01:43.258+0000] {taskinstance.py:1138} INFO - Marking task as SUCCESS. dag_id=etl_***, task_id=extract, execution_date=20251202T000000, start_date=20251217T020142, end_date=20251217T020143
[2025-12-17T02:01:43.342+0000] {local_task_job_runner.py:234} INFO - Task exited with return code 0
[2025-12-17T02:01:43.615+0000] {taskinstance.py:3280} INFO - 0 downstream tasks scheduled from follow-on schedule check
[2025-12-17T05:07:18.351+0000] {taskinstance.py:1956} INFO - Dependencies all met for dep_context=non-requeueable deps ti=<TaskInstance: etl_airflow.extract scheduled__2025-12-02T00:00:00+00:00 [queued]>
[2025-12-17T05:07:18.374+0000] {taskinstance.py:1956} INFO - Dependencies all met for dep_context=requeueable deps ti=<TaskInstance: etl_airflow.extract scheduled__2025-12-02T00:00:00+00:00 [queued]>
[2025-12-17T05:07:18.376+0000] {taskinstance.py:2170} INFO - Starting attempt 1 of 3
[2025-12-17T05:07:18.418+0000] {taskinstance.py:2191} INFO - Executing <Task(PythonOperator): extract> on 2025-12-02 00:00:00+00:00
[2025-12-17T05:07:18.431+0000] {standard_task_runner.py:60} INFO - Started process 9377 to run task
[2025-12-17T05:07:18.446+0000] {standard_task_runner.py:87} INFO - Running: ['***', 'tasks', 'run', 'etl_***', 'extract', 'scheduled__2025-12-02T00:00:00+00:00', '--job-id', '2776', '--raw', '--subdir', 'DAGS_FOLDER/etl_***.py', '--cfg-path', '/tmp/tmpfp9htr51']
[2025-12-17T05:07:18.453+0000] {standard_task_runner.py:88} INFO - Job 2776: Subtask extract
[2025-12-17T05:07:18.618+0000] {task_command.py:423} INFO - Running <TaskInstance: etl_airflow.extract scheduled__2025-12-02T00:00:00+00:00 [running]> on host b3426f05ac70
[2025-12-17T05:07:19.081+0000] {taskinstance.py:2480} INFO - Exporting env vars: AIRFLOW_CTX_DAG_OWNER='***' AIRFLOW_CTX_DAG_ID='etl_***' AIRFLOW_CTX_TASK_ID='extract' AIRFLOW_CTX_EXECUTION_DATE='2025-12-02T00:00:00+00:00' AIRFLOW_CTX_TRY_NUMBER='1' AIRFLOW_CTX_DAG_RUN_ID='scheduled__2025-12-02T00:00:00+00:00'
[2025-12-17T05:07:19.109+0000] {python.py:201} INFO - Done. Returned value was:    user_id event_type           timestamp country
0        1      login 2025-01-01 09:00:00      IN
1        1      click 2025-01-01 09:05:00      IN
2        1     logout 2025-01-01 09:15:00      IN
3        2      login 2025-01-01 10:00:00      US
4        2      click 2025-01-01 10:10:00      US
5        2     logout 2025-01-01 10:20:00      US
6        3      login 2025-01-02 08:00:00      FR
7        3      click 2025-01-02 08:05:00      FR
8        3     logout 2025-01-02 08:30:00      FR
[2025-12-17T05:07:19.203+0000] {taskinstance.py:1138} INFO - Marking task as SUCCESS. dag_id=etl_***, task_id=extract, execution_date=20251202T000000, start_date=20251217T050718, end_date=20251217T050719
[2025-12-17T05:07:19.432+0000] {local_task_job_runner.py:234} INFO - Task exited with return code 0
[2025-12-17T05:07:19.480+0000] {taskinstance.py:3280} INFO - 1 downstream tasks scheduled from follow-on schedule check
