[2025-12-17T01:59:29.903+0000] {taskinstance.py:1956} INFO - Dependencies all met for dep_context=non-requeueable deps ti=<TaskInstance: etl_airflow.transform scheduled__2025-07-03T00:00:00+00:00 [queued]>
[2025-12-17T01:59:29.924+0000] {taskinstance.py:1956} INFO - Dependencies all met for dep_context=requeueable deps ti=<TaskInstance: etl_airflow.transform scheduled__2025-07-03T00:00:00+00:00 [queued]>
[2025-12-17T01:59:29.926+0000] {taskinstance.py:2170} INFO - Starting attempt 1 of 3
[2025-12-17T01:59:29.955+0000] {taskinstance.py:2191} INFO - Executing <Task(PythonOperator): transform> on 2025-07-03 00:00:00+00:00
[2025-12-17T01:59:29.969+0000] {standard_task_runner.py:60} INFO - Started process 5538 to run task
[2025-12-17T01:59:29.976+0000] {standard_task_runner.py:87} INFO - Running: ['***', 'tasks', 'run', 'etl_***', 'transform', 'scheduled__2025-07-03T00:00:00+00:00', '--job-id', '1679', '--raw', '--subdir', 'DAGS_FOLDER/etl_dag.py', '--cfg-path', '/tmp/tmphkaut0mk']
[2025-12-17T01:59:29.981+0000] {standard_task_runner.py:88} INFO - Job 1679: Subtask transform
[2025-12-17T01:59:30.128+0000] {task_command.py:423} INFO - Running <TaskInstance: etl_airflow.transform scheduled__2025-07-03T00:00:00+00:00 [running]> on host 571e042550da
[2025-12-17T01:59:30.579+0000] {taskinstance.py:2480} INFO - Exporting env vars: AIRFLOW_CTX_DAG_OWNER='***' AIRFLOW_CTX_DAG_ID='etl_***' AIRFLOW_CTX_TASK_ID='transform' AIRFLOW_CTX_EXECUTION_DATE='2025-07-03T00:00:00+00:00' AIRFLOW_CTX_TRY_NUMBER='1' AIRFLOW_CTX_DAG_RUN_ID='scheduled__2025-07-03T00:00:00+00:00'
[2025-12-17T01:59:30.583+0000] {logging_mixin.py:188} INFO - [TRANSFORM]
[2025-12-17T01:59:30.614+0000] {logging_mixin.py:188} INFO - [TRANSFORM] done
[2025-12-17T01:59:30.616+0000] {python.py:201} INFO - Done. Returned value was: None
[2025-12-17T01:59:30.641+0000] {taskinstance.py:1138} INFO - Marking task as SUCCESS. dag_id=etl_***, task_id=transform, execution_date=20250703T000000, start_date=20251217T015929, end_date=20251217T015930
[2025-12-17T01:59:30.724+0000] {local_task_job_runner.py:234} INFO - Task exited with return code 0
[2025-12-17T01:59:31.009+0000] {taskinstance.py:3280} INFO - 0 downstream tasks scheduled from follow-on schedule check
[2025-12-17T05:02:05.048+0000] {taskinstance.py:1956} INFO - Dependencies all met for dep_context=non-requeueable deps ti=<TaskInstance: etl_airflow.transform scheduled__2025-07-03T00:00:00+00:00 [queued]>
[2025-12-17T05:02:05.066+0000] {taskinstance.py:1956} INFO - Dependencies all met for dep_context=requeueable deps ti=<TaskInstance: etl_airflow.transform scheduled__2025-07-03T00:00:00+00:00 [queued]>
[2025-12-17T05:02:05.067+0000] {taskinstance.py:2170} INFO - Starting attempt 1 of 3
[2025-12-17T05:02:05.090+0000] {taskinstance.py:2191} INFO - Executing <Task(PythonOperator): transform> on 2025-07-03 00:00:00+00:00
[2025-12-17T05:02:05.100+0000] {standard_task_runner.py:60} INFO - Started process 7461 to run task
[2025-12-17T05:02:05.108+0000] {standard_task_runner.py:87} INFO - Running: ['***', 'tasks', 'run', 'etl_***', 'transform', 'scheduled__2025-07-03T00:00:00+00:00', '--job-id', '2193', '--raw', '--subdir', 'DAGS_FOLDER/etl_***.py', '--cfg-path', '/tmp/tmpatu84t9j']
[2025-12-17T05:02:05.113+0000] {standard_task_runner.py:88} INFO - Job 2193: Subtask transform
[2025-12-17T05:02:05.265+0000] {task_command.py:423} INFO - Running <TaskInstance: etl_airflow.transform scheduled__2025-07-03T00:00:00+00:00 [running]> on host b3426f05ac70
[2025-12-17T05:02:05.662+0000] {taskinstance.py:2480} INFO - Exporting env vars: AIRFLOW_CTX_DAG_OWNER='***' AIRFLOW_CTX_DAG_ID='etl_***' AIRFLOW_CTX_TASK_ID='transform' AIRFLOW_CTX_EXECUTION_DATE='2025-07-03T00:00:00+00:00' AIRFLOW_CTX_TRY_NUMBER='1' AIRFLOW_CTX_DAG_RUN_ID='scheduled__2025-07-03T00:00:00+00:00'
[2025-12-17T05:02:05.665+0000] {taskinstance.py:2698} ERROR - Task failed with exception
Traceback (most recent call last):
  File "/home/airflow/.local/lib/python3.8/site-packages/airflow/models/taskinstance.py", line 433, in _execute_task
    result = execute_callable(context=context, **execute_callable_kwargs)
  File "/home/airflow/.local/lib/python3.8/site-packages/airflow/operators/python.py", line 199, in execute
    return_value = self.execute_callable()
  File "/home/airflow/.local/lib/python3.8/site-packages/airflow/operators/python.py", line 216, in execute_callable
    return self.python_callable(*self.op_args, **self.op_kwargs)
TypeError: transform_data() missing 1 required positional argument: 'df'
[2025-12-17T05:02:05.681+0000] {taskinstance.py:1138} INFO - Marking task as UP_FOR_RETRY. dag_id=etl_***, task_id=transform, execution_date=20250703T000000, start_date=20251217T050205, end_date=20251217T050205
[2025-12-17T05:02:05.824+0000] {standard_task_runner.py:107} ERROR - Failed to execute job 2193 for task transform (transform_data() missing 1 required positional argument: 'df'; 7461)
[2025-12-17T05:02:05.857+0000] {local_task_job_runner.py:234} INFO - Task exited with return code 1
[2025-12-17T05:02:05.885+0000] {taskinstance.py:3280} INFO - 0 downstream tasks scheduled from follow-on schedule check
