[2025-12-16T17:13:46.849+0000] {taskinstance.py:1956} INFO - Dependencies all met for dep_context=non-requeueable deps ti=<TaskInstance: etl_airflow.transform scheduled__2024-09-12T00:00:00+00:00 [queued]>
[2025-12-16T17:13:46.884+0000] {taskinstance.py:1956} INFO - Dependencies all met for dep_context=requeueable deps ti=<TaskInstance: etl_airflow.transform scheduled__2024-09-12T00:00:00+00:00 [queued]>
[2025-12-16T17:13:46.888+0000] {taskinstance.py:2170} INFO - Starting attempt 1 of 3
[2025-12-16T17:13:46.975+0000] {taskinstance.py:2191} INFO - Executing <Task(PythonOperator): transform> on 2024-09-12 00:00:00+00:00
[2025-12-16T17:13:47.006+0000] {standard_task_runner.py:60} INFO - Started process 938 to run task
[2025-12-16T17:13:47.019+0000] {standard_task_runner.py:87} INFO - Running: ['***', 'tasks', 'run', 'etl_***', 'transform', 'scheduled__2024-09-12T00:00:00+00:00', '--job-id', '4372', '--raw', '--subdir', 'DAGS_FOLDER/etl_dag.py', '--cfg-path', '/tmp/tmppxek7_vr']
[2025-12-16T17:13:47.035+0000] {standard_task_runner.py:88} INFO - Job 4372: Subtask transform
[2025-12-16T17:13:47.481+0000] {task_command.py:423} INFO - Running <TaskInstance: etl_airflow.transform scheduled__2024-09-12T00:00:00+00:00 [running]> on host 3b89cfee50e9
[2025-12-16T17:13:47.896+0000] {taskinstance.py:2480} INFO - Exporting env vars: AIRFLOW_CTX_DAG_OWNER='***' AIRFLOW_CTX_DAG_ID='etl_***' AIRFLOW_CTX_TASK_ID='transform' AIRFLOW_CTX_EXECUTION_DATE='2024-09-12T00:00:00+00:00' AIRFLOW_CTX_TRY_NUMBER='1' AIRFLOW_CTX_DAG_RUN_ID='scheduled__2024-09-12T00:00:00+00:00'
[2025-12-16T17:13:47.901+0000] {logging_mixin.py:188} INFO - [TRANSFORM]
[2025-12-16T17:13:48.248+0000] {logging_mixin.py:188} INFO - [TRANSFORM] done
[2025-12-16T17:13:48.249+0000] {python.py:201} INFO - Done. Returned value was: None
[2025-12-16T17:13:48.265+0000] {taskinstance.py:1138} INFO - Marking task as SUCCESS. dag_id=etl_***, task_id=transform, execution_date=20240912T000000, start_date=20251216T171346, end_date=20251216T171348
[2025-12-16T17:13:48.316+0000] {local_task_job_runner.py:234} INFO - Task exited with return code 0
[2025-12-16T17:13:48.402+0000] {taskinstance.py:3280} INFO - 0 downstream tasks scheduled from follow-on schedule check
[2025-12-17T01:54:40.080+0000] {taskinstance.py:1956} INFO - Dependencies all met for dep_context=non-requeueable deps ti=<TaskInstance: etl_airflow.transform scheduled__2024-09-12T00:00:00+00:00 [queued]>
[2025-12-17T01:54:40.111+0000] {taskinstance.py:1956} INFO - Dependencies all met for dep_context=requeueable deps ti=<TaskInstance: etl_airflow.transform scheduled__2024-09-12T00:00:00+00:00 [queued]>
[2025-12-17T01:54:40.114+0000] {taskinstance.py:2170} INFO - Starting attempt 1 of 3
[2025-12-17T01:54:40.156+0000] {taskinstance.py:2191} INFO - Executing <Task(PythonOperator): transform> on 2024-09-12 00:00:00+00:00
[2025-12-17T01:54:40.178+0000] {standard_task_runner.py:60} INFO - Started process 2704 to run task
[2025-12-17T01:54:40.228+0000] {standard_task_runner.py:87} INFO - Running: ['***', 'tasks', 'run', 'etl_***', 'transform', 'scheduled__2024-09-12T00:00:00+00:00', '--job-id', '784', '--raw', '--subdir', 'DAGS_FOLDER/etl_dag.py', '--cfg-path', '/tmp/tmp64ob3i2i']
[2025-12-17T01:54:40.244+0000] {standard_task_runner.py:88} INFO - Job 784: Subtask transform
[2025-12-17T01:54:40.461+0000] {task_command.py:423} INFO - Running <TaskInstance: etl_airflow.transform scheduled__2024-09-12T00:00:00+00:00 [running]> on host 571e042550da
[2025-12-17T01:54:41.023+0000] {taskinstance.py:2480} INFO - Exporting env vars: AIRFLOW_CTX_DAG_OWNER='***' AIRFLOW_CTX_DAG_ID='etl_***' AIRFLOW_CTX_TASK_ID='transform' AIRFLOW_CTX_EXECUTION_DATE='2024-09-12T00:00:00+00:00' AIRFLOW_CTX_TRY_NUMBER='1' AIRFLOW_CTX_DAG_RUN_ID='scheduled__2024-09-12T00:00:00+00:00'
[2025-12-17T01:54:41.027+0000] {logging_mixin.py:188} INFO - [TRANSFORM]
[2025-12-17T01:54:41.090+0000] {logging_mixin.py:188} INFO - [TRANSFORM] done
[2025-12-17T01:54:41.095+0000] {python.py:201} INFO - Done. Returned value was: None
[2025-12-17T01:54:41.137+0000] {taskinstance.py:1138} INFO - Marking task as SUCCESS. dag_id=etl_***, task_id=transform, execution_date=20240912T000000, start_date=20251217T015440, end_date=20251217T015441
[2025-12-17T01:54:41.327+0000] {local_task_job_runner.py:234} INFO - Task exited with return code 0
[2025-12-17T01:54:41.608+0000] {taskinstance.py:3280} INFO - 0 downstream tasks scheduled from follow-on schedule check
[2025-12-17T04:51:09.255+0000] {taskinstance.py:1956} INFO - Dependencies all met for dep_context=non-requeueable deps ti=<TaskInstance: etl_airflow.transform scheduled__2024-09-12T00:00:00+00:00 [queued]>
[2025-12-17T04:51:09.266+0000] {taskinstance.py:1956} INFO - Dependencies all met for dep_context=requeueable deps ti=<TaskInstance: etl_airflow.transform scheduled__2024-09-12T00:00:00+00:00 [queued]>
[2025-12-17T04:51:09.268+0000] {taskinstance.py:2170} INFO - Starting attempt 1 of 3
[2025-12-17T04:51:09.287+0000] {taskinstance.py:2191} INFO - Executing <Task(PythonOperator): transform> on 2024-09-12 00:00:00+00:00
[2025-12-17T04:51:09.298+0000] {standard_task_runner.py:60} INFO - Started process 3488 to run task
[2025-12-17T04:51:09.306+0000] {standard_task_runner.py:87} INFO - Running: ['***', 'tasks', 'run', 'etl_***', 'transform', 'scheduled__2024-09-12T00:00:00+00:00', '--job-id', '991', '--raw', '--subdir', 'DAGS_FOLDER/etl_***.py', '--cfg-path', '/tmp/tmpnotu8zcf']
[2025-12-17T04:51:09.314+0000] {standard_task_runner.py:88} INFO - Job 991: Subtask transform
[2025-12-17T04:51:09.439+0000] {task_command.py:423} INFO - Running <TaskInstance: etl_airflow.transform scheduled__2024-09-12T00:00:00+00:00 [running]> on host b3426f05ac70
[2025-12-17T04:51:09.805+0000] {taskinstance.py:2480} INFO - Exporting env vars: AIRFLOW_CTX_DAG_OWNER='***' AIRFLOW_CTX_DAG_ID='etl_***' AIRFLOW_CTX_TASK_ID='transform' AIRFLOW_CTX_EXECUTION_DATE='2024-09-12T00:00:00+00:00' AIRFLOW_CTX_TRY_NUMBER='1' AIRFLOW_CTX_DAG_RUN_ID='scheduled__2024-09-12T00:00:00+00:00'
[2025-12-17T04:51:09.808+0000] {taskinstance.py:2698} ERROR - Task failed with exception
Traceback (most recent call last):
  File "/home/airflow/.local/lib/python3.8/site-packages/airflow/models/taskinstance.py", line 433, in _execute_task
    result = execute_callable(context=context, **execute_callable_kwargs)
  File "/home/airflow/.local/lib/python3.8/site-packages/airflow/operators/python.py", line 199, in execute
    return_value = self.execute_callable()
  File "/home/airflow/.local/lib/python3.8/site-packages/airflow/operators/python.py", line 216, in execute_callable
    return self.python_callable(*self.op_args, **self.op_kwargs)
TypeError: transform_data() missing 1 required positional argument: 'df'
[2025-12-17T04:51:09.825+0000] {taskinstance.py:1138} INFO - Marking task as UP_FOR_RETRY. dag_id=etl_***, task_id=transform, execution_date=20240912T000000, start_date=20251217T045109, end_date=20251217T045109
[2025-12-17T04:51:09.850+0000] {standard_task_runner.py:107} ERROR - Failed to execute job 991 for task transform (transform_data() missing 1 required positional argument: 'df'; 3488)
[2025-12-17T04:51:09.889+0000] {local_task_job_runner.py:234} INFO - Task exited with return code 1
[2025-12-17T04:51:09.924+0000] {taskinstance.py:3280} INFO - 0 downstream tasks scheduled from follow-on schedule check
[2025-12-17T07:45:36.538+0000] {taskinstance.py:1956} INFO - Dependencies all met for dep_context=non-requeueable deps ti=<TaskInstance: etl_airflow.transform scheduled__2024-09-12T00:00:00+00:00 [queued]>
[2025-12-17T07:45:36.561+0000] {taskinstance.py:1956} INFO - Dependencies all met for dep_context=requeueable deps ti=<TaskInstance: etl_airflow.transform scheduled__2024-09-12T00:00:00+00:00 [queued]>
[2025-12-17T07:45:36.565+0000] {taskinstance.py:2170} INFO - Starting attempt 1 of 3
[2025-12-17T07:45:36.605+0000] {taskinstance.py:2191} INFO - Executing <Task(PythonOperator): transform> on 2024-09-12 00:00:00+00:00
[2025-12-17T07:45:36.617+0000] {standard_task_runner.py:60} INFO - Started process 3727 to run task
[2025-12-17T07:45:36.628+0000] {standard_task_runner.py:87} INFO - Running: ['***', 'tasks', 'run', 'etl_***', 'transform', 'scheduled__2024-09-12T00:00:00+00:00', '--job-id', '1038', '--raw', '--subdir', 'DAGS_FOLDER/etl_***.py', '--cfg-path', '/tmp/tmp1l604lb5']
[2025-12-17T07:45:36.635+0000] {standard_task_runner.py:88} INFO - Job 1038: Subtask transform
[2025-12-17T07:45:36.835+0000] {task_command.py:423} INFO - Running <TaskInstance: etl_airflow.transform scheduled__2024-09-12T00:00:00+00:00 [running]> on host 2a0de06c8905
[2025-12-17T07:45:37.482+0000] {taskinstance.py:2480} INFO - Exporting env vars: AIRFLOW_CTX_DAG_OWNER='***' AIRFLOW_CTX_DAG_ID='etl_***' AIRFLOW_CTX_TASK_ID='transform' AIRFLOW_CTX_EXECUTION_DATE='2024-09-12T00:00:00+00:00' AIRFLOW_CTX_TRY_NUMBER='1' AIRFLOW_CTX_DAG_RUN_ID='scheduled__2024-09-12T00:00:00+00:00'
[2025-12-17T07:45:37.486+0000] {taskinstance.py:2698} ERROR - Task failed with exception
Traceback (most recent call last):
  File "/home/airflow/.local/lib/python3.8/site-packages/airflow/models/taskinstance.py", line 433, in _execute_task
    result = execute_callable(context=context, **execute_callable_kwargs)
  File "/home/airflow/.local/lib/python3.8/site-packages/airflow/operators/python.py", line 199, in execute
    return_value = self.execute_callable()
  File "/home/airflow/.local/lib/python3.8/site-packages/airflow/operators/python.py", line 216, in execute_callable
    return self.python_callable(*self.op_args, **self.op_kwargs)
TypeError: transform_data() missing 1 required positional argument: 'df'
[2025-12-17T07:45:37.517+0000] {taskinstance.py:1138} INFO - Marking task as UP_FOR_RETRY. dag_id=etl_***, task_id=transform, execution_date=20240912T000000, start_date=20251217T074536, end_date=20251217T074537
[2025-12-17T07:45:37.793+0000] {standard_task_runner.py:107} ERROR - Failed to execute job 1038 for task transform (transform_data() missing 1 required positional argument: 'df'; 3727)
[2025-12-17T07:45:37.886+0000] {local_task_job_runner.py:234} INFO - Task exited with return code 1
[2025-12-17T07:45:38.281+0000] {taskinstance.py:3280} INFO - 0 downstream tasks scheduled from follow-on schedule check
