[2025-12-16T17:19:45.047+0000] {taskinstance.py:1956} INFO - Dependencies all met for dep_context=non-requeueable deps ti=<TaskInstance: etl_airflow.transform scheduled__2024-04-11T00:00:00+00:00 [queued]>
[2025-12-16T17:19:45.073+0000] {taskinstance.py:1956} INFO - Dependencies all met for dep_context=requeueable deps ti=<TaskInstance: etl_airflow.transform scheduled__2024-04-11T00:00:00+00:00 [queued]>
[2025-12-16T17:19:45.074+0000] {taskinstance.py:2170} INFO - Starting attempt 3 of 4
[2025-12-16T17:19:45.115+0000] {taskinstance.py:2191} INFO - Executing <Task(PythonOperator): transform> on 2024-04-11 00:00:00+00:00
[2025-12-16T17:19:45.164+0000] {standard_task_runner.py:60} INFO - Started process 4538 to run task
[2025-12-16T17:19:45.191+0000] {standard_task_runner.py:87} INFO - Running: ['***', 'tasks', 'run', 'etl_***', 'transform', 'scheduled__2024-04-11T00:00:00+00:00', '--job-id', '5512', '--raw', '--subdir', 'DAGS_FOLDER/etl_dag.py', '--cfg-path', '/tmp/tmp0dqogenu']
[2025-12-16T17:19:45.213+0000] {standard_task_runner.py:88} INFO - Job 5512: Subtask transform
[2025-12-16T17:19:45.454+0000] {task_command.py:423} INFO - Running <TaskInstance: etl_airflow.transform scheduled__2024-04-11T00:00:00+00:00 [running]> on host 3b89cfee50e9
[2025-12-16T17:19:45.705+0000] {taskinstance.py:2480} INFO - Exporting env vars: AIRFLOW_CTX_DAG_OWNER='***' AIRFLOW_CTX_DAG_ID='etl_***' AIRFLOW_CTX_TASK_ID='transform' AIRFLOW_CTX_EXECUTION_DATE='2024-04-11T00:00:00+00:00' AIRFLOW_CTX_TRY_NUMBER='3' AIRFLOW_CTX_DAG_RUN_ID='scheduled__2024-04-11T00:00:00+00:00'
[2025-12-16T17:19:45.709+0000] {logging_mixin.py:188} INFO - [TRANSFORM]
[2025-12-16T17:19:46.101+0000] {logging_mixin.py:188} INFO - [TRANSFORM] done
[2025-12-16T17:19:46.104+0000] {python.py:201} INFO - Done. Returned value was: None
[2025-12-16T17:19:46.134+0000] {taskinstance.py:1138} INFO - Marking task as SUCCESS. dag_id=etl_***, task_id=transform, execution_date=20240411T000000, start_date=20251216T171945, end_date=20251216T171946
[2025-12-16T17:19:46.651+0000] {local_task_job_runner.py:234} INFO - Task exited with return code 0
[2025-12-16T17:19:46.745+0000] {taskinstance.py:3280} INFO - 1 downstream tasks scheduled from follow-on schedule check
[2025-12-17T04:46:21.506+0000] {taskinstance.py:1956} INFO - Dependencies all met for dep_context=non-requeueable deps ti=<TaskInstance: etl_airflow.transform scheduled__2024-04-11T00:00:00+00:00 [queued]>
[2025-12-17T04:46:21.522+0000] {taskinstance.py:1956} INFO - Dependencies all met for dep_context=requeueable deps ti=<TaskInstance: etl_airflow.transform scheduled__2024-04-11T00:00:00+00:00 [queued]>
[2025-12-17T04:46:21.523+0000] {taskinstance.py:2170} INFO - Starting attempt 3 of 3
[2025-12-17T04:46:21.557+0000] {taskinstance.py:2191} INFO - Executing <Task(PythonOperator): transform> on 2024-04-11 00:00:00+00:00
[2025-12-17T04:46:21.571+0000] {standard_task_runner.py:60} INFO - Started process 1678 to run task
[2025-12-17T04:46:21.582+0000] {standard_task_runner.py:87} INFO - Running: ['***', 'tasks', 'run', 'etl_***', 'transform', 'scheduled__2024-04-11T00:00:00+00:00', '--job-id', '441', '--raw', '--subdir', 'DAGS_FOLDER/etl_***.py', '--cfg-path', '/tmp/tmpdohw0hoc']
[2025-12-17T04:46:21.589+0000] {standard_task_runner.py:88} INFO - Job 441: Subtask transform
[2025-12-17T04:46:21.710+0000] {task_command.py:423} INFO - Running <TaskInstance: etl_airflow.transform scheduled__2024-04-11T00:00:00+00:00 [running]> on host b3426f05ac70
[2025-12-17T04:46:22.109+0000] {taskinstance.py:2480} INFO - Exporting env vars: AIRFLOW_CTX_DAG_OWNER='***' AIRFLOW_CTX_DAG_ID='etl_***' AIRFLOW_CTX_TASK_ID='transform' AIRFLOW_CTX_EXECUTION_DATE='2024-04-11T00:00:00+00:00' AIRFLOW_CTX_TRY_NUMBER='3' AIRFLOW_CTX_DAG_RUN_ID='scheduled__2024-04-11T00:00:00+00:00'
[2025-12-17T04:46:22.112+0000] {taskinstance.py:2698} ERROR - Task failed with exception
Traceback (most recent call last):
  File "/home/airflow/.local/lib/python3.8/site-packages/airflow/models/taskinstance.py", line 433, in _execute_task
    result = execute_callable(context=context, **execute_callable_kwargs)
  File "/home/airflow/.local/lib/python3.8/site-packages/airflow/operators/python.py", line 199, in execute
    return_value = self.execute_callable()
  File "/home/airflow/.local/lib/python3.8/site-packages/airflow/operators/python.py", line 216, in execute_callable
    return self.python_callable(*self.op_args, **self.op_kwargs)
TypeError: transform_data() missing 1 required positional argument: 'df'
[2025-12-17T04:46:22.127+0000] {taskinstance.py:1138} INFO - Marking task as FAILED. dag_id=etl_***, task_id=transform, execution_date=20240411T000000, start_date=20251217T044621, end_date=20251217T044622
[2025-12-17T04:46:22.147+0000] {standard_task_runner.py:107} ERROR - Failed to execute job 441 for task transform (transform_data() missing 1 required positional argument: 'df'; 1678)
[2025-12-17T04:46:22.198+0000] {local_task_job_runner.py:234} INFO - Task exited with return code 1
[2025-12-17T04:46:22.247+0000] {taskinstance.py:3280} INFO - 0 downstream tasks scheduled from follow-on schedule check
[2025-12-17T07:39:41.638+0000] {taskinstance.py:1956} INFO - Dependencies all met for dep_context=non-requeueable deps ti=<TaskInstance: etl_airflow.transform scheduled__2024-04-11T00:00:00+00:00 [queued]>
[2025-12-17T07:39:41.658+0000] {taskinstance.py:1956} INFO - Dependencies all met for dep_context=requeueable deps ti=<TaskInstance: etl_airflow.transform scheduled__2024-04-11T00:00:00+00:00 [queued]>
[2025-12-17T07:39:41.659+0000] {taskinstance.py:2170} INFO - Starting attempt 3 of 3
[2025-12-17T07:39:41.683+0000] {taskinstance.py:2191} INFO - Executing <Task(PythonOperator): transform> on 2024-04-11 00:00:00+00:00
[2025-12-17T07:39:41.692+0000] {standard_task_runner.py:60} INFO - Started process 1733 to run task
[2025-12-17T07:39:41.697+0000] {standard_task_runner.py:87} INFO - Running: ['***', 'tasks', 'run', 'etl_***', 'transform', 'scheduled__2024-04-11T00:00:00+00:00', '--job-id', '436', '--raw', '--subdir', 'DAGS_FOLDER/etl_***.py', '--cfg-path', '/tmp/tmp4gnj9sm8']
[2025-12-17T07:39:41.701+0000] {standard_task_runner.py:88} INFO - Job 436: Subtask transform
[2025-12-17T07:39:41.823+0000] {task_command.py:423} INFO - Running <TaskInstance: etl_airflow.transform scheduled__2024-04-11T00:00:00+00:00 [running]> on host 2a0de06c8905
[2025-12-17T07:39:42.277+0000] {taskinstance.py:2480} INFO - Exporting env vars: AIRFLOW_CTX_DAG_OWNER='***' AIRFLOW_CTX_DAG_ID='etl_***' AIRFLOW_CTX_TASK_ID='transform' AIRFLOW_CTX_EXECUTION_DATE='2024-04-11T00:00:00+00:00' AIRFLOW_CTX_TRY_NUMBER='3' AIRFLOW_CTX_DAG_RUN_ID='scheduled__2024-04-11T00:00:00+00:00'
[2025-12-17T07:39:42.280+0000] {taskinstance.py:2698} ERROR - Task failed with exception
Traceback (most recent call last):
  File "/home/airflow/.local/lib/python3.8/site-packages/airflow/models/taskinstance.py", line 433, in _execute_task
    result = execute_callable(context=context, **execute_callable_kwargs)
  File "/home/airflow/.local/lib/python3.8/site-packages/airflow/operators/python.py", line 199, in execute
    return_value = self.execute_callable()
  File "/home/airflow/.local/lib/python3.8/site-packages/airflow/operators/python.py", line 216, in execute_callable
    return self.python_callable(*self.op_args, **self.op_kwargs)
TypeError: transform_data() missing 1 required positional argument: 'df'
[2025-12-17T07:39:42.297+0000] {taskinstance.py:1138} INFO - Marking task as FAILED. dag_id=etl_***, task_id=transform, execution_date=20240411T000000, start_date=20251217T073941, end_date=20251217T073942
[2025-12-17T07:39:42.460+0000] {standard_task_runner.py:107} ERROR - Failed to execute job 436 for task transform (transform_data() missing 1 required positional argument: 'df'; 1733)
[2025-12-17T07:39:42.519+0000] {local_task_job_runner.py:234} INFO - Task exited with return code 1
[2025-12-17T07:39:42.733+0000] {taskinstance.py:3280} INFO - 0 downstream tasks scheduled from follow-on schedule check
