[2025-12-16T17:22:34.667+0000] {taskinstance.py:1956} INFO - Dependencies all met for dep_context=non-requeueable deps ti=<TaskInstance: etl_airflow.transform scheduled__2024-04-29T00:00:00+00:00 [queued]>
[2025-12-16T17:22:34.693+0000] {taskinstance.py:1956} INFO - Dependencies all met for dep_context=requeueable deps ti=<TaskInstance: etl_airflow.transform scheduled__2024-04-29T00:00:00+00:00 [queued]>
[2025-12-16T17:22:34.695+0000] {taskinstance.py:2170} INFO - Starting attempt 3 of 5
[2025-12-16T17:22:34.735+0000] {taskinstance.py:2191} INFO - Executing <Task(PythonOperator): transform> on 2024-04-29 00:00:00+00:00
[2025-12-16T17:22:34.762+0000] {standard_task_runner.py:60} INFO - Started process 6597 to run task
[2025-12-16T17:22:34.775+0000] {standard_task_runner.py:87} INFO - Running: ['***', 'tasks', 'run', 'etl_***', 'transform', 'scheduled__2024-04-29T00:00:00+00:00', '--job-id', '6172', '--raw', '--subdir', 'DAGS_FOLDER/etl_dag.py', '--cfg-path', '/tmp/tmpkpalxub6']
[2025-12-16T17:22:34.781+0000] {standard_task_runner.py:88} INFO - Job 6172: Subtask transform
[2025-12-16T17:22:34.980+0000] {task_command.py:423} INFO - Running <TaskInstance: etl_airflow.transform scheduled__2024-04-29T00:00:00+00:00 [running]> on host 3b89cfee50e9
[2025-12-16T17:22:35.288+0000] {taskinstance.py:2480} INFO - Exporting env vars: AIRFLOW_CTX_DAG_OWNER='***' AIRFLOW_CTX_DAG_ID='etl_***' AIRFLOW_CTX_TASK_ID='transform' AIRFLOW_CTX_EXECUTION_DATE='2024-04-29T00:00:00+00:00' AIRFLOW_CTX_TRY_NUMBER='3' AIRFLOW_CTX_DAG_RUN_ID='scheduled__2024-04-29T00:00:00+00:00'
[2025-12-16T17:22:35.297+0000] {logging_mixin.py:188} INFO - [TRANSFORM]
[2025-12-16T17:22:35.722+0000] {logging_mixin.py:188} INFO - [TRANSFORM] done
[2025-12-16T17:22:35.724+0000] {python.py:201} INFO - Done. Returned value was: None
[2025-12-16T17:22:35.747+0000] {taskinstance.py:1138} INFO - Marking task as SUCCESS. dag_id=etl_***, task_id=transform, execution_date=20240429T000000, start_date=20251216T172234, end_date=20251216T172235
[2025-12-16T17:22:35.829+0000] {local_task_job_runner.py:234} INFO - Task exited with return code 0
[2025-12-16T17:22:35.879+0000] {taskinstance.py:3280} INFO - 1 downstream tasks scheduled from follow-on schedule check
[2025-12-17T04:46:54.425+0000] {taskinstance.py:1956} INFO - Dependencies all met for dep_context=non-requeueable deps ti=<TaskInstance: etl_airflow.transform scheduled__2024-04-29T00:00:00+00:00 [queued]>
[2025-12-17T04:46:54.443+0000] {taskinstance.py:1956} INFO - Dependencies all met for dep_context=requeueable deps ti=<TaskInstance: etl_airflow.transform scheduled__2024-04-29T00:00:00+00:00 [queued]>
[2025-12-17T04:46:54.444+0000] {taskinstance.py:2170} INFO - Starting attempt 3 of 3
[2025-12-17T04:46:54.462+0000] {taskinstance.py:2191} INFO - Executing <Task(PythonOperator): transform> on 2024-04-29 00:00:00+00:00
[2025-12-17T04:46:54.474+0000] {standard_task_runner.py:60} INFO - Started process 1888 to run task
[2025-12-17T04:46:54.482+0000] {standard_task_runner.py:87} INFO - Running: ['***', 'tasks', 'run', 'etl_***', 'transform', 'scheduled__2024-04-29T00:00:00+00:00', '--job-id', '505', '--raw', '--subdir', 'DAGS_FOLDER/etl_***.py', '--cfg-path', '/tmp/tmp2n8_pifo']
[2025-12-17T04:46:54.486+0000] {standard_task_runner.py:88} INFO - Job 505: Subtask transform
[2025-12-17T04:46:54.593+0000] {task_command.py:423} INFO - Running <TaskInstance: etl_airflow.transform scheduled__2024-04-29T00:00:00+00:00 [running]> on host b3426f05ac70
[2025-12-17T04:46:55.045+0000] {taskinstance.py:2480} INFO - Exporting env vars: AIRFLOW_CTX_DAG_OWNER='***' AIRFLOW_CTX_DAG_ID='etl_***' AIRFLOW_CTX_TASK_ID='transform' AIRFLOW_CTX_EXECUTION_DATE='2024-04-29T00:00:00+00:00' AIRFLOW_CTX_TRY_NUMBER='3' AIRFLOW_CTX_DAG_RUN_ID='scheduled__2024-04-29T00:00:00+00:00'
[2025-12-17T04:46:55.052+0000] {taskinstance.py:2698} ERROR - Task failed with exception
Traceback (most recent call last):
  File "/home/airflow/.local/lib/python3.8/site-packages/airflow/models/taskinstance.py", line 433, in _execute_task
    result = execute_callable(context=context, **execute_callable_kwargs)
  File "/home/airflow/.local/lib/python3.8/site-packages/airflow/operators/python.py", line 199, in execute
    return_value = self.execute_callable()
  File "/home/airflow/.local/lib/python3.8/site-packages/airflow/operators/python.py", line 216, in execute_callable
    return self.python_callable(*self.op_args, **self.op_kwargs)
TypeError: transform_data() missing 1 required positional argument: 'df'
[2025-12-17T04:46:55.078+0000] {taskinstance.py:1138} INFO - Marking task as FAILED. dag_id=etl_***, task_id=transform, execution_date=20240429T000000, start_date=20251217T044654, end_date=20251217T044655
[2025-12-17T04:46:55.116+0000] {standard_task_runner.py:107} ERROR - Failed to execute job 505 for task transform (transform_data() missing 1 required positional argument: 'df'; 1888)
[2025-12-17T04:46:55.178+0000] {local_task_job_runner.py:234} INFO - Task exited with return code 1
[2025-12-17T04:46:55.280+0000] {taskinstance.py:3280} INFO - 0 downstream tasks scheduled from follow-on schedule check
[2025-12-17T07:40:21.799+0000] {taskinstance.py:1956} INFO - Dependencies all met for dep_context=non-requeueable deps ti=<TaskInstance: etl_airflow.transform scheduled__2024-04-29T00:00:00+00:00 [queued]>
[2025-12-17T07:40:21.828+0000] {taskinstance.py:1956} INFO - Dependencies all met for dep_context=requeueable deps ti=<TaskInstance: etl_airflow.transform scheduled__2024-04-29T00:00:00+00:00 [queued]>
[2025-12-17T07:40:21.830+0000] {taskinstance.py:2170} INFO - Starting attempt 3 of 3
[2025-12-17T07:40:21.877+0000] {taskinstance.py:2191} INFO - Executing <Task(PythonOperator): transform> on 2024-04-29 00:00:00+00:00
[2025-12-17T07:40:21.892+0000] {standard_task_runner.py:60} INFO - Started process 1946 to run task
[2025-12-17T07:40:21.903+0000] {standard_task_runner.py:87} INFO - Running: ['***', 'tasks', 'run', 'etl_***', 'transform', 'scheduled__2024-04-29T00:00:00+00:00', '--job-id', '504', '--raw', '--subdir', 'DAGS_FOLDER/etl_***.py', '--cfg-path', '/tmp/tmptblu3maf']
[2025-12-17T07:40:21.928+0000] {standard_task_runner.py:88} INFO - Job 504: Subtask transform
[2025-12-17T07:40:22.070+0000] {task_command.py:423} INFO - Running <TaskInstance: etl_airflow.transform scheduled__2024-04-29T00:00:00+00:00 [running]> on host 2a0de06c8905
[2025-12-17T07:40:22.761+0000] {taskinstance.py:2480} INFO - Exporting env vars: AIRFLOW_CTX_DAG_OWNER='***' AIRFLOW_CTX_DAG_ID='etl_***' AIRFLOW_CTX_TASK_ID='transform' AIRFLOW_CTX_EXECUTION_DATE='2024-04-29T00:00:00+00:00' AIRFLOW_CTX_TRY_NUMBER='3' AIRFLOW_CTX_DAG_RUN_ID='scheduled__2024-04-29T00:00:00+00:00'
[2025-12-17T07:40:22.764+0000] {taskinstance.py:2698} ERROR - Task failed with exception
Traceback (most recent call last):
  File "/home/airflow/.local/lib/python3.8/site-packages/airflow/models/taskinstance.py", line 433, in _execute_task
    result = execute_callable(context=context, **execute_callable_kwargs)
  File "/home/airflow/.local/lib/python3.8/site-packages/airflow/operators/python.py", line 199, in execute
    return_value = self.execute_callable()
  File "/home/airflow/.local/lib/python3.8/site-packages/airflow/operators/python.py", line 216, in execute_callable
    return self.python_callable(*self.op_args, **self.op_kwargs)
TypeError: transform_data() missing 1 required positional argument: 'df'
[2025-12-17T07:40:22.785+0000] {taskinstance.py:1138} INFO - Marking task as FAILED. dag_id=etl_***, task_id=transform, execution_date=20240429T000000, start_date=20251217T074021, end_date=20251217T074022
[2025-12-17T07:40:22.956+0000] {standard_task_runner.py:107} ERROR - Failed to execute job 504 for task transform (transform_data() missing 1 required positional argument: 'df'; 1946)
[2025-12-17T07:40:23.003+0000] {local_task_job_runner.py:234} INFO - Task exited with return code 1
[2025-12-17T07:40:23.060+0000] {taskinstance.py:3280} INFO - 0 downstream tasks scheduled from follow-on schedule check
