[2025-12-16T17:11:30.937+0000] {taskinstance.py:1956} INFO - Dependencies all met for dep_context=non-requeueable deps ti=<TaskInstance: etl_airflow.transform scheduled__2024-04-29T00:00:00+00:00 [queued]>
[2025-12-16T17:11:30.963+0000] {taskinstance.py:1956} INFO - Dependencies all met for dep_context=requeueable deps ti=<TaskInstance: etl_airflow.transform scheduled__2024-04-29T00:00:00+00:00 [queued]>
[2025-12-16T17:11:30.964+0000] {taskinstance.py:2170} INFO - Starting attempt 1 of 3
[2025-12-16T17:11:31.015+0000] {taskinstance.py:2191} INFO - Executing <Task(PythonOperator): transform> on 2024-04-29 00:00:00+00:00
[2025-12-16T17:11:31.046+0000] {standard_task_runner.py:60} INFO - Started process 1493 to run task
[2025-12-16T17:11:31.061+0000] {standard_task_runner.py:87} INFO - Running: ['***', 'tasks', 'run', 'etl_***', 'transform', 'scheduled__2024-04-29T00:00:00+00:00', '--job-id', '3974', '--raw', '--subdir', 'DAGS_FOLDER/etl_dag.py', '--cfg-path', '/tmp/tmpqfazs34v']
[2025-12-16T17:11:31.075+0000] {standard_task_runner.py:88} INFO - Job 3974: Subtask transform
[2025-12-16T17:11:31.300+0000] {task_command.py:423} INFO - Running <TaskInstance: etl_airflow.transform scheduled__2024-04-29T00:00:00+00:00 [running]> on host 3b89cfee50e9
[2025-12-16T17:11:31.623+0000] {taskinstance.py:2480} INFO - Exporting env vars: AIRFLOW_CTX_DAG_OWNER='***' AIRFLOW_CTX_DAG_ID='etl_***' AIRFLOW_CTX_TASK_ID='transform' AIRFLOW_CTX_EXECUTION_DATE='2024-04-29T00:00:00+00:00' AIRFLOW_CTX_TRY_NUMBER='1' AIRFLOW_CTX_DAG_RUN_ID='scheduled__2024-04-29T00:00:00+00:00'
[2025-12-16T17:11:31.627+0000] {logging_mixin.py:188} INFO - [TRANSFORM]
[2025-12-16T17:11:32.159+0000] {logging_mixin.py:188} INFO - [TRANSFORM] done
[2025-12-16T17:11:32.161+0000] {python.py:201} INFO - Done. Returned value was: None
[2025-12-16T17:11:32.192+0000] {taskinstance.py:1138} INFO - Marking task as SUCCESS. dag_id=etl_***, task_id=transform, execution_date=20240429T000000, start_date=20251216T171130, end_date=20251216T171132
[2025-12-16T17:11:32.273+0000] {local_task_job_runner.py:234} INFO - Task exited with return code 0
[2025-12-16T17:11:32.417+0000] {taskinstance.py:3280} INFO - 0 downstream tasks scheduled from follow-on schedule check
[2025-12-17T01:52:18.251+0000] {taskinstance.py:1956} INFO - Dependencies all met for dep_context=non-requeueable deps ti=<TaskInstance: etl_airflow.transform scheduled__2024-04-29T00:00:00+00:00 [queued]>
[2025-12-17T01:52:18.289+0000] {taskinstance.py:1956} INFO - Dependencies all met for dep_context=requeueable deps ti=<TaskInstance: etl_airflow.transform scheduled__2024-04-29T00:00:00+00:00 [queued]>
[2025-12-17T01:52:18.291+0000] {taskinstance.py:2170} INFO - Starting attempt 1 of 3
[2025-12-17T01:52:18.671+0000] {taskinstance.py:2191} INFO - Executing <Task(PythonOperator): transform> on 2024-04-29 00:00:00+00:00
[2025-12-17T01:52:18.690+0000] {standard_task_runner.py:60} INFO - Started process 1403 to run task
[2025-12-17T01:52:18.699+0000] {standard_task_runner.py:87} INFO - Running: ['***', 'tasks', 'run', 'etl_***', 'transform', 'scheduled__2024-04-29T00:00:00+00:00', '--job-id', '374', '--raw', '--subdir', 'DAGS_FOLDER/etl_dag.py', '--cfg-path', '/tmp/tmpb2o8c3iq']
[2025-12-17T01:52:18.713+0000] {standard_task_runner.py:88} INFO - Job 374: Subtask transform
[2025-12-17T01:52:18.923+0000] {task_command.py:423} INFO - Running <TaskInstance: etl_airflow.transform scheduled__2024-04-29T00:00:00+00:00 [running]> on host 571e042550da
[2025-12-17T01:52:19.501+0000] {taskinstance.py:2480} INFO - Exporting env vars: AIRFLOW_CTX_DAG_OWNER='***' AIRFLOW_CTX_DAG_ID='etl_***' AIRFLOW_CTX_TASK_ID='transform' AIRFLOW_CTX_EXECUTION_DATE='2024-04-29T00:00:00+00:00' AIRFLOW_CTX_TRY_NUMBER='1' AIRFLOW_CTX_DAG_RUN_ID='scheduled__2024-04-29T00:00:00+00:00'
[2025-12-17T01:52:19.505+0000] {logging_mixin.py:188} INFO - [TRANSFORM]
[2025-12-17T01:52:19.573+0000] {logging_mixin.py:188} INFO - [TRANSFORM] done
[2025-12-17T01:52:19.574+0000] {python.py:201} INFO - Done. Returned value was: None
[2025-12-17T01:52:19.599+0000] {taskinstance.py:1138} INFO - Marking task as SUCCESS. dag_id=etl_***, task_id=transform, execution_date=20240429T000000, start_date=20251217T015218, end_date=20251217T015219
[2025-12-17T01:52:19.941+0000] {local_task_job_runner.py:234} INFO - Task exited with return code 0
[2025-12-17T01:52:20.379+0000] {taskinstance.py:3280} INFO - 0 downstream tasks scheduled from follow-on schedule check
[2025-12-17T04:46:31.573+0000] {taskinstance.py:1956} INFO - Dependencies all met for dep_context=non-requeueable deps ti=<TaskInstance: etl_airflow.transform scheduled__2024-04-29T00:00:00+00:00 [queued]>
[2025-12-17T04:46:31.590+0000] {taskinstance.py:1956} INFO - Dependencies all met for dep_context=requeueable deps ti=<TaskInstance: etl_airflow.transform scheduled__2024-04-29T00:00:00+00:00 [queued]>
[2025-12-17T04:46:31.591+0000] {taskinstance.py:2170} INFO - Starting attempt 1 of 3
[2025-12-17T04:46:31.622+0000] {taskinstance.py:2191} INFO - Executing <Task(PythonOperator): transform> on 2024-04-29 00:00:00+00:00
[2025-12-17T04:46:31.635+0000] {standard_task_runner.py:60} INFO - Started process 1782 to run task
[2025-12-17T04:46:31.639+0000] {standard_task_runner.py:87} INFO - Running: ['***', 'tasks', 'run', 'etl_***', 'transform', 'scheduled__2024-04-29T00:00:00+00:00', '--job-id', '472', '--raw', '--subdir', 'DAGS_FOLDER/etl_***.py', '--cfg-path', '/tmp/tmpbx7wy4fp']
[2025-12-17T04:46:31.649+0000] {standard_task_runner.py:88} INFO - Job 472: Subtask transform
[2025-12-17T04:46:31.793+0000] {task_command.py:423} INFO - Running <TaskInstance: etl_airflow.transform scheduled__2024-04-29T00:00:00+00:00 [running]> on host b3426f05ac70
[2025-12-17T04:46:32.117+0000] {taskinstance.py:2480} INFO - Exporting env vars: AIRFLOW_CTX_DAG_OWNER='***' AIRFLOW_CTX_DAG_ID='etl_***' AIRFLOW_CTX_TASK_ID='transform' AIRFLOW_CTX_EXECUTION_DATE='2024-04-29T00:00:00+00:00' AIRFLOW_CTX_TRY_NUMBER='1' AIRFLOW_CTX_DAG_RUN_ID='scheduled__2024-04-29T00:00:00+00:00'
[2025-12-17T04:46:32.119+0000] {taskinstance.py:2698} ERROR - Task failed with exception
Traceback (most recent call last):
  File "/home/airflow/.local/lib/python3.8/site-packages/airflow/models/taskinstance.py", line 433, in _execute_task
    result = execute_callable(context=context, **execute_callable_kwargs)
  File "/home/airflow/.local/lib/python3.8/site-packages/airflow/operators/python.py", line 199, in execute
    return_value = self.execute_callable()
  File "/home/airflow/.local/lib/python3.8/site-packages/airflow/operators/python.py", line 216, in execute_callable
    return self.python_callable(*self.op_args, **self.op_kwargs)
TypeError: transform_data() missing 1 required positional argument: 'df'
[2025-12-17T04:46:32.134+0000] {taskinstance.py:1138} INFO - Marking task as UP_FOR_RETRY. dag_id=etl_***, task_id=transform, execution_date=20240429T000000, start_date=20251217T044631, end_date=20251217T044632
[2025-12-17T04:46:32.154+0000] {standard_task_runner.py:107} ERROR - Failed to execute job 472 for task transform (transform_data() missing 1 required positional argument: 'df'; 1782)
[2025-12-17T04:46:32.189+0000] {local_task_job_runner.py:234} INFO - Task exited with return code 1
[2025-12-17T04:46:32.223+0000] {taskinstance.py:3280} INFO - 0 downstream tasks scheduled from follow-on schedule check
[2025-12-17T07:39:57.053+0000] {taskinstance.py:1956} INFO - Dependencies all met for dep_context=non-requeueable deps ti=<TaskInstance: etl_airflow.transform scheduled__2024-04-29T00:00:00+00:00 [queued]>
[2025-12-17T07:39:57.078+0000] {taskinstance.py:1956} INFO - Dependencies all met for dep_context=requeueable deps ti=<TaskInstance: etl_airflow.transform scheduled__2024-04-29T00:00:00+00:00 [queued]>
[2025-12-17T07:39:57.080+0000] {taskinstance.py:2170} INFO - Starting attempt 1 of 3
[2025-12-17T07:39:57.115+0000] {taskinstance.py:2191} INFO - Executing <Task(PythonOperator): transform> on 2024-04-29 00:00:00+00:00
[2025-12-17T07:39:57.130+0000] {standard_task_runner.py:60} INFO - Started process 1841 to run task
[2025-12-17T07:39:57.143+0000] {standard_task_runner.py:87} INFO - Running: ['***', 'tasks', 'run', 'etl_***', 'transform', 'scheduled__2024-04-29T00:00:00+00:00', '--job-id', '473', '--raw', '--subdir', 'DAGS_FOLDER/etl_***.py', '--cfg-path', '/tmp/tmp9jqjj8yi']
[2025-12-17T07:39:57.148+0000] {standard_task_runner.py:88} INFO - Job 473: Subtask transform
[2025-12-17T07:39:57.335+0000] {task_command.py:423} INFO - Running <TaskInstance: etl_airflow.transform scheduled__2024-04-29T00:00:00+00:00 [running]> on host 2a0de06c8905
[2025-12-17T07:39:57.794+0000] {taskinstance.py:2480} INFO - Exporting env vars: AIRFLOW_CTX_DAG_OWNER='***' AIRFLOW_CTX_DAG_ID='etl_***' AIRFLOW_CTX_TASK_ID='transform' AIRFLOW_CTX_EXECUTION_DATE='2024-04-29T00:00:00+00:00' AIRFLOW_CTX_TRY_NUMBER='1' AIRFLOW_CTX_DAG_RUN_ID='scheduled__2024-04-29T00:00:00+00:00'
[2025-12-17T07:39:57.796+0000] {taskinstance.py:2698} ERROR - Task failed with exception
Traceback (most recent call last):
  File "/home/airflow/.local/lib/python3.8/site-packages/airflow/models/taskinstance.py", line 433, in _execute_task
    result = execute_callable(context=context, **execute_callable_kwargs)
  File "/home/airflow/.local/lib/python3.8/site-packages/airflow/operators/python.py", line 199, in execute
    return_value = self.execute_callable()
  File "/home/airflow/.local/lib/python3.8/site-packages/airflow/operators/python.py", line 216, in execute_callable
    return self.python_callable(*self.op_args, **self.op_kwargs)
TypeError: transform_data() missing 1 required positional argument: 'df'
[2025-12-17T07:39:57.812+0000] {taskinstance.py:1138} INFO - Marking task as UP_FOR_RETRY. dag_id=etl_***, task_id=transform, execution_date=20240429T000000, start_date=20251217T073957, end_date=20251217T073957
[2025-12-17T07:39:57.875+0000] {standard_task_runner.py:107} ERROR - Failed to execute job 473 for task transform (transform_data() missing 1 required positional argument: 'df'; 1841)
[2025-12-17T07:39:57.921+0000] {local_task_job_runner.py:234} INFO - Task exited with return code 1
[2025-12-17T07:39:58.272+0000] {taskinstance.py:3280} INFO - 0 downstream tasks scheduled from follow-on schedule check
