[2025-12-16T17:14:19.349+0000] {taskinstance.py:1956} INFO - Dependencies all met for dep_context=non-requeueable deps ti=<TaskInstance: etl_airflow.load scheduled__2024-09-28T00:00:00+00:00 [queued]>
[2025-12-16T17:14:19.387+0000] {taskinstance.py:1956} INFO - Dependencies all met for dep_context=requeueable deps ti=<TaskInstance: etl_airflow.load scheduled__2024-09-28T00:00:00+00:00 [queued]>
[2025-12-16T17:14:19.396+0000] {taskinstance.py:2170} INFO - Starting attempt 1 of 3
[2025-12-16T17:14:19.488+0000] {taskinstance.py:2191} INFO - Executing <Task(PythonOperator): load> on 2024-09-28 00:00:00+00:00
[2025-12-16T17:14:19.509+0000] {standard_task_runner.py:60} INFO - Started process 1223 to run task
[2025-12-16T17:14:19.523+0000] {standard_task_runner.py:87} INFO - Running: ['***', 'tasks', 'run', 'etl_***', 'load', 'scheduled__2024-09-28T00:00:00+00:00', '--job-id', '4464', '--raw', '--subdir', 'DAGS_FOLDER/etl_dag.py', '--cfg-path', '/tmp/tmp20kfx10n']
[2025-12-16T17:14:19.535+0000] {standard_task_runner.py:88} INFO - Job 4464: Subtask load
[2025-12-16T17:14:19.788+0000] {task_command.py:423} INFO - Running <TaskInstance: etl_airflow.load scheduled__2024-09-28T00:00:00+00:00 [running]> on host 3b89cfee50e9
[2025-12-16T17:14:20.214+0000] {taskinstance.py:2480} INFO - Exporting env vars: AIRFLOW_CTX_DAG_OWNER='***' AIRFLOW_CTX_DAG_ID='etl_***' AIRFLOW_CTX_TASK_ID='load' AIRFLOW_CTX_EXECUTION_DATE='2024-09-28T00:00:00+00:00' AIRFLOW_CTX_TRY_NUMBER='1' AIRFLOW_CTX_DAG_RUN_ID='scheduled__2024-09-28T00:00:00+00:00'
[2025-12-16T17:14:20.224+0000] {logging_mixin.py:188} INFO - [LOAD]
[2025-12-16T17:14:20.809+0000] {logging_mixin.py:188} INFO -    user_id event_type            timestamp country
0        1      login  2025-01-01T09:00:00      IN
1        1      click  2025-01-01T09:05:00      IN
2        1     logout  2025-01-01T09:15:00      IN
3        3      login  2025-01-02T08:00:00      FR
4        3      click  2025-01-02T08:05:00      FR
[2025-12-16T17:14:20.820+0000] {logging_mixin.py:188} INFO - [LOAD] done
[2025-12-16T17:14:20.822+0000] {python.py:201} INFO - Done. Returned value was: None
[2025-12-16T17:14:20.869+0000] {taskinstance.py:1138} INFO - Marking task as SUCCESS. dag_id=etl_***, task_id=load, execution_date=20240928T000000, start_date=20251216T171419, end_date=20251216T171420
[2025-12-16T17:14:20.993+0000] {local_task_job_runner.py:234} INFO - Task exited with return code 0
[2025-12-16T17:14:21.050+0000] {taskinstance.py:3280} INFO - 0 downstream tasks scheduled from follow-on schedule check
[2025-12-17T01:54:59.403+0000] {taskinstance.py:1956} INFO - Dependencies all met for dep_context=non-requeueable deps ti=<TaskInstance: etl_airflow.load scheduled__2024-09-28T00:00:00+00:00 [queued]>
[2025-12-17T01:54:59.428+0000] {taskinstance.py:1956} INFO - Dependencies all met for dep_context=requeueable deps ti=<TaskInstance: etl_airflow.load scheduled__2024-09-28T00:00:00+00:00 [queued]>
[2025-12-17T01:54:59.430+0000] {taskinstance.py:2170} INFO - Starting attempt 1 of 3
[2025-12-17T01:54:59.466+0000] {taskinstance.py:2191} INFO - Executing <Task(PythonOperator): load> on 2024-09-28 00:00:00+00:00
[2025-12-17T01:54:59.479+0000] {standard_task_runner.py:60} INFO - Started process 2885 to run task
[2025-12-17T01:54:59.486+0000] {standard_task_runner.py:87} INFO - Running: ['***', 'tasks', 'run', 'etl_***', 'load', 'scheduled__2024-09-28T00:00:00+00:00', '--job-id', '842', '--raw', '--subdir', 'DAGS_FOLDER/etl_dag.py', '--cfg-path', '/tmp/tmpqthn4gne']
[2025-12-17T01:54:59.492+0000] {standard_task_runner.py:88} INFO - Job 842: Subtask load
[2025-12-17T01:54:59.680+0000] {task_command.py:423} INFO - Running <TaskInstance: etl_airflow.load scheduled__2024-09-28T00:00:00+00:00 [running]> on host 571e042550da
[2025-12-17T01:55:00.188+0000] {taskinstance.py:2480} INFO - Exporting env vars: AIRFLOW_CTX_DAG_OWNER='***' AIRFLOW_CTX_DAG_ID='etl_***' AIRFLOW_CTX_TASK_ID='load' AIRFLOW_CTX_EXECUTION_DATE='2024-09-28T00:00:00+00:00' AIRFLOW_CTX_TRY_NUMBER='1' AIRFLOW_CTX_DAG_RUN_ID='scheduled__2024-09-28T00:00:00+00:00'
[2025-12-17T01:55:00.191+0000] {logging_mixin.py:188} INFO - [LOAD]
[2025-12-17T01:55:00.254+0000] {logging_mixin.py:188} INFO -    user_id event_type            timestamp country
0        1      login  2025-01-01T09:00:00      IN
1        1      click  2025-01-01T09:05:00      IN
2        1     logout  2025-01-01T09:15:00      IN
3        3      login  2025-01-02T08:00:00      FR
4        3      click  2025-01-02T08:05:00      FR
[2025-12-17T01:55:00.256+0000] {logging_mixin.py:188} INFO - [LOAD] done
[2025-12-17T01:55:00.259+0000] {python.py:201} INFO - Done. Returned value was: None
[2025-12-17T01:55:00.290+0000] {taskinstance.py:1138} INFO - Marking task as SUCCESS. dag_id=etl_***, task_id=load, execution_date=20240928T000000, start_date=20251217T015459, end_date=20251217T015500
[2025-12-17T01:55:00.384+0000] {local_task_job_runner.py:234} INFO - Task exited with return code 0
[2025-12-17T01:55:00.589+0000] {taskinstance.py:3280} INFO - 0 downstream tasks scheduled from follow-on schedule check
