[2025-12-16T16:44:31.652+0000] {taskinstance.py:1956} INFO - Dependencies all met for dep_context=non-requeueable deps ti=<TaskInstance: etl_airflow.extract scheduled__2025-01-28T00:00:00+00:00 [queued]>
[2025-12-16T16:44:31.669+0000] {taskinstance.py:1956} INFO - Dependencies all met for dep_context=requeueable deps ti=<TaskInstance: etl_airflow.extract scheduled__2025-01-28T00:00:00+00:00 [queued]>
[2025-12-16T16:44:31.670+0000] {taskinstance.py:2170} INFO - Starting attempt 1 of 3
[2025-12-16T16:44:31.742+0000] {taskinstance.py:2191} INFO - Executing <Task(PythonOperator): extract> on 2025-01-28 00:00:00+00:00
[2025-12-16T16:44:31.750+0000] {standard_task_runner.py:60} INFO - Started process 1146 to run task
[2025-12-16T16:44:31.754+0000] {standard_task_runner.py:87} INFO - Running: ['***', 'tasks', 'run', 'etl_***', 'extract', 'scheduled__2025-01-28T00:00:00+00:00', '--job-id', '1167', '--raw', '--subdir', 'DAGS_FOLDER/etl_dag.py', '--cfg-path', '/tmp/tmpd289gdwn']
[2025-12-16T16:44:31.757+0000] {standard_task_runner.py:88} INFO - Job 1167: Subtask extract
[2025-12-16T16:44:31.864+0000] {task_command.py:423} INFO - Running <TaskInstance: etl_airflow.extract scheduled__2025-01-28T00:00:00+00:00 [running]> on host db658e834d9d
[2025-12-16T16:44:31.995+0000] {taskinstance.py:2480} INFO - Exporting env vars: AIRFLOW_CTX_DAG_OWNER='***' AIRFLOW_CTX_DAG_ID='etl_***' AIRFLOW_CTX_TASK_ID='extract' AIRFLOW_CTX_EXECUTION_DATE='2025-01-28T00:00:00+00:00' AIRFLOW_CTX_TRY_NUMBER='1' AIRFLOW_CTX_DAG_RUN_ID='scheduled__2025-01-28T00:00:00+00:00'
[2025-12-16T16:44:31.999+0000] {logging_mixin.py:188} INFO - Extracting data from /opt/***/data/input.csv
[2025-12-16T16:44:32.005+0000] {taskinstance.py:2698} ERROR - Task failed with exception
Traceback (most recent call last):
  File "/home/airflow/.local/lib/python3.8/site-packages/airflow/models/taskinstance.py", line 433, in _execute_task
    result = execute_callable(context=context, **execute_callable_kwargs)
  File "/home/airflow/.local/lib/python3.8/site-packages/airflow/operators/python.py", line 199, in execute
    return_value = self.execute_callable()
  File "/home/airflow/.local/lib/python3.8/site-packages/airflow/operators/python.py", line 216, in execute_callable
    return self.python_callable(*self.op_args, **self.op_kwargs)
  File "/opt/airflow/etl_logic/pipeline.py", line 97, in extract_data
    df = pd.read_csv(input_path)
  File "/home/airflow/.local/lib/python3.8/site-packages/pandas/io/parsers/readers.py", line 912, in read_csv
    return _read(filepath_or_buffer, kwds)
  File "/home/airflow/.local/lib/python3.8/site-packages/pandas/io/parsers/readers.py", line 577, in _read
    parser = TextFileReader(filepath_or_buffer, **kwds)
  File "/home/airflow/.local/lib/python3.8/site-packages/pandas/io/parsers/readers.py", line 1407, in __init__
    self._engine = self._make_engine(f, self.engine)
  File "/home/airflow/.local/lib/python3.8/site-packages/pandas/io/parsers/readers.py", line 1661, in _make_engine
    self.handles = get_handle(
  File "/home/airflow/.local/lib/python3.8/site-packages/pandas/io/common.py", line 859, in get_handle
    handle = open(
FileNotFoundError: [Errno 2] No such file or directory: '/opt/airflow/data/input.csv'
[2025-12-16T16:44:32.038+0000] {taskinstance.py:1138} INFO - Marking task as UP_FOR_RETRY. dag_id=etl_***, task_id=extract, execution_date=20250128T000000, start_date=20251216T164431, end_date=20251216T164432
[2025-12-16T16:44:32.068+0000] {standard_task_runner.py:107} ERROR - Failed to execute job 1167 for task extract ([Errno 2] No such file or directory: '/opt/airflow/data/input.csv'; 1146)
[2025-12-16T16:44:32.088+0000] {local_task_job_runner.py:234} INFO - Task exited with return code 1
[2025-12-16T16:44:32.131+0000] {taskinstance.py:3280} INFO - 0 downstream tasks scheduled from follow-on schedule check
[2025-12-17T01:57:00.476+0000] {taskinstance.py:1956} INFO - Dependencies all met for dep_context=non-requeueable deps ti=<TaskInstance: etl_airflow.extract scheduled__2025-01-28T00:00:00+00:00 [queued]>
[2025-12-17T01:57:00.494+0000] {taskinstance.py:1956} INFO - Dependencies all met for dep_context=requeueable deps ti=<TaskInstance: etl_airflow.extract scheduled__2025-01-28T00:00:00+00:00 [queued]>
[2025-12-17T01:57:00.496+0000] {taskinstance.py:2170} INFO - Starting attempt 1 of 3
[2025-12-17T01:57:00.523+0000] {taskinstance.py:2191} INFO - Executing <Task(PythonOperator): extract> on 2025-01-28 00:00:00+00:00
[2025-12-17T01:57:00.534+0000] {standard_task_runner.py:60} INFO - Started process 4009 to run task
[2025-12-17T01:57:00.543+0000] {standard_task_runner.py:87} INFO - Running: ['***', 'tasks', 'run', 'etl_***', 'extract', 'scheduled__2025-01-28T00:00:00+00:00', '--job-id', '1196', '--raw', '--subdir', 'DAGS_FOLDER/etl_dag.py', '--cfg-path', '/tmp/tmp5hkjcq9_']
[2025-12-17T01:57:00.549+0000] {standard_task_runner.py:88} INFO - Job 1196: Subtask extract
[2025-12-17T01:57:00.668+0000] {task_command.py:423} INFO - Running <TaskInstance: etl_airflow.extract scheduled__2025-01-28T00:00:00+00:00 [running]> on host 571e042550da
[2025-12-17T01:57:01.055+0000] {taskinstance.py:2480} INFO - Exporting env vars: AIRFLOW_CTX_DAG_OWNER='***' AIRFLOW_CTX_DAG_ID='etl_***' AIRFLOW_CTX_TASK_ID='extract' AIRFLOW_CTX_EXECUTION_DATE='2025-01-28T00:00:00+00:00' AIRFLOW_CTX_TRY_NUMBER='1' AIRFLOW_CTX_DAG_RUN_ID='scheduled__2025-01-28T00:00:00+00:00'
[2025-12-17T01:57:01.061+0000] {logging_mixin.py:188} INFO - [EXTRACT] Reading /opt/***/data/synthetic_events.csv
[2025-12-17T01:57:01.089+0000] {logging_mixin.py:188} INFO - [EXTRACT] done
[2025-12-17T01:57:01.090+0000] {python.py:201} INFO - Done. Returned value was: None
[2025-12-17T01:57:01.109+0000] {taskinstance.py:1138} INFO - Marking task as SUCCESS. dag_id=etl_***, task_id=extract, execution_date=20250128T000000, start_date=20251217T015700, end_date=20251217T015701
[2025-12-17T01:57:01.280+0000] {local_task_job_runner.py:234} INFO - Task exited with return code 0
[2025-12-17T01:57:01.337+0000] {taskinstance.py:3280} INFO - 1 downstream tasks scheduled from follow-on schedule check
[2025-12-17T04:56:23.392+0000] {taskinstance.py:1956} INFO - Dependencies all met for dep_context=non-requeueable deps ti=<TaskInstance: etl_airflow.extract scheduled__2025-01-28T00:00:00+00:00 [queued]>
[2025-12-17T04:56:23.411+0000] {taskinstance.py:1956} INFO - Dependencies all met for dep_context=requeueable deps ti=<TaskInstance: etl_airflow.extract scheduled__2025-01-28T00:00:00+00:00 [queued]>
[2025-12-17T04:56:23.412+0000] {taskinstance.py:2170} INFO - Starting attempt 1 of 3
[2025-12-17T04:56:23.437+0000] {taskinstance.py:2191} INFO - Executing <Task(PythonOperator): extract> on 2025-01-28 00:00:00+00:00
[2025-12-17T04:56:23.446+0000] {standard_task_runner.py:60} INFO - Started process 5338 to run task
[2025-12-17T04:56:23.451+0000] {standard_task_runner.py:87} INFO - Running: ['***', 'tasks', 'run', 'etl_***', 'extract', 'scheduled__2025-01-28T00:00:00+00:00', '--job-id', '1548', '--raw', '--subdir', 'DAGS_FOLDER/etl_***.py', '--cfg-path', '/tmp/tmpgu3lu68m']
[2025-12-17T04:56:23.455+0000] {standard_task_runner.py:88} INFO - Job 1548: Subtask extract
[2025-12-17T04:56:23.574+0000] {task_command.py:423} INFO - Running <TaskInstance: etl_airflow.extract scheduled__2025-01-28T00:00:00+00:00 [running]> on host b3426f05ac70
[2025-12-17T04:56:24.001+0000] {taskinstance.py:2480} INFO - Exporting env vars: AIRFLOW_CTX_DAG_OWNER='***' AIRFLOW_CTX_DAG_ID='etl_***' AIRFLOW_CTX_TASK_ID='extract' AIRFLOW_CTX_EXECUTION_DATE='2025-01-28T00:00:00+00:00' AIRFLOW_CTX_TRY_NUMBER='1' AIRFLOW_CTX_DAG_RUN_ID='scheduled__2025-01-28T00:00:00+00:00'
[2025-12-17T04:56:24.030+0000] {python.py:201} INFO - Done. Returned value was:    user_id event_type           timestamp country
0        1      login 2025-01-01 09:00:00      IN
1        1      click 2025-01-01 09:05:00      IN
2        1     logout 2025-01-01 09:15:00      IN
3        2      login 2025-01-01 10:00:00      US
4        2      click 2025-01-01 10:10:00      US
5        2     logout 2025-01-01 10:20:00      US
6        3      login 2025-01-02 08:00:00      FR
7        3      click 2025-01-02 08:05:00      FR
8        3     logout 2025-01-02 08:30:00      FR
[2025-12-17T04:56:24.100+0000] {taskinstance.py:1138} INFO - Marking task as SUCCESS. dag_id=etl_***, task_id=extract, execution_date=20250128T000000, start_date=20251217T045623, end_date=20251217T045624
[2025-12-17T04:56:24.196+0000] {local_task_job_runner.py:234} INFO - Task exited with return code 0
[2025-12-17T04:56:24.259+0000] {taskinstance.py:3280} INFO - 1 downstream tasks scheduled from follow-on schedule check
