[2025-12-16T17:14:29.487+0000] {taskinstance.py:1956} INFO - Dependencies all met for dep_context=non-requeueable deps ti=<TaskInstance: etl_airflow.transform scheduled__2024-10-14T00:00:00+00:00 [queued]>
[2025-12-16T17:14:29.535+0000] {taskinstance.py:1956} INFO - Dependencies all met for dep_context=requeueable deps ti=<TaskInstance: etl_airflow.transform scheduled__2024-10-14T00:00:00+00:00 [queued]>
[2025-12-16T17:14:29.540+0000] {taskinstance.py:2170} INFO - Starting attempt 1 of 3
[2025-12-16T17:14:29.733+0000] {taskinstance.py:2191} INFO - Executing <Task(PythonOperator): transform> on 2024-10-14 00:00:00+00:00
[2025-12-16T17:14:29.761+0000] {standard_task_runner.py:60} INFO - Started process 1308 to run task
[2025-12-16T17:14:29.771+0000] {standard_task_runner.py:87} INFO - Running: ['***', 'tasks', 'run', 'etl_***', 'transform', 'scheduled__2024-10-14T00:00:00+00:00', '--job-id', '4491', '--raw', '--subdir', 'DAGS_FOLDER/etl_dag.py', '--cfg-path', '/tmp/tmpx3pppjqr']
[2025-12-16T17:14:29.777+0000] {standard_task_runner.py:88} INFO - Job 4491: Subtask transform
[2025-12-16T17:14:29.997+0000] {task_command.py:423} INFO - Running <TaskInstance: etl_airflow.transform scheduled__2024-10-14T00:00:00+00:00 [running]> on host 3b89cfee50e9
[2025-12-16T17:14:30.260+0000] {taskinstance.py:2480} INFO - Exporting env vars: AIRFLOW_CTX_DAG_OWNER='***' AIRFLOW_CTX_DAG_ID='etl_***' AIRFLOW_CTX_TASK_ID='transform' AIRFLOW_CTX_EXECUTION_DATE='2024-10-14T00:00:00+00:00' AIRFLOW_CTX_TRY_NUMBER='1' AIRFLOW_CTX_DAG_RUN_ID='scheduled__2024-10-14T00:00:00+00:00'
[2025-12-16T17:14:30.264+0000] {logging_mixin.py:188} INFO - [TRANSFORM]
[2025-12-16T17:14:30.655+0000] {logging_mixin.py:188} INFO - [TRANSFORM] done
[2025-12-16T17:14:30.659+0000] {python.py:201} INFO - Done. Returned value was: None
[2025-12-16T17:14:30.681+0000] {taskinstance.py:1138} INFO - Marking task as SUCCESS. dag_id=etl_***, task_id=transform, execution_date=20241014T000000, start_date=20251216T171429, end_date=20251216T171430
[2025-12-16T17:14:30.765+0000] {local_task_job_runner.py:234} INFO - Task exited with return code 0
[2025-12-16T17:14:30.813+0000] {taskinstance.py:3280} INFO - 1 downstream tasks scheduled from follow-on schedule check
[2025-12-17T01:55:14.525+0000] {taskinstance.py:1956} INFO - Dependencies all met for dep_context=non-requeueable deps ti=<TaskInstance: etl_airflow.transform scheduled__2024-10-14T00:00:00+00:00 [queued]>
[2025-12-17T01:55:14.552+0000] {taskinstance.py:1956} INFO - Dependencies all met for dep_context=requeueable deps ti=<TaskInstance: etl_airflow.transform scheduled__2024-10-14T00:00:00+00:00 [queued]>
[2025-12-17T01:55:14.557+0000] {taskinstance.py:2170} INFO - Starting attempt 1 of 3
[2025-12-17T01:55:14.595+0000] {taskinstance.py:2191} INFO - Executing <Task(PythonOperator): transform> on 2024-10-14 00:00:00+00:00
[2025-12-17T01:55:14.609+0000] {standard_task_runner.py:60} INFO - Started process 3012 to run task
[2025-12-17T01:55:14.620+0000] {standard_task_runner.py:87} INFO - Running: ['***', 'tasks', 'run', 'etl_***', 'transform', 'scheduled__2024-10-14T00:00:00+00:00', '--job-id', '881', '--raw', '--subdir', 'DAGS_FOLDER/etl_dag.py', '--cfg-path', '/tmp/tmpgn9_wy8o']
[2025-12-17T01:55:14.626+0000] {standard_task_runner.py:88} INFO - Job 881: Subtask transform
[2025-12-17T01:55:14.830+0000] {task_command.py:423} INFO - Running <TaskInstance: etl_airflow.transform scheduled__2024-10-14T00:00:00+00:00 [running]> on host 571e042550da
[2025-12-17T01:55:15.890+0000] {taskinstance.py:2480} INFO - Exporting env vars: AIRFLOW_CTX_DAG_OWNER='***' AIRFLOW_CTX_DAG_ID='etl_***' AIRFLOW_CTX_TASK_ID='transform' AIRFLOW_CTX_EXECUTION_DATE='2024-10-14T00:00:00+00:00' AIRFLOW_CTX_TRY_NUMBER='1' AIRFLOW_CTX_DAG_RUN_ID='scheduled__2024-10-14T00:00:00+00:00'
[2025-12-17T01:55:15.895+0000] {logging_mixin.py:188} INFO - [TRANSFORM]
[2025-12-17T01:55:15.954+0000] {logging_mixin.py:188} INFO - [TRANSFORM] done
[2025-12-17T01:55:15.956+0000] {python.py:201} INFO - Done. Returned value was: None
[2025-12-17T01:55:15.995+0000] {taskinstance.py:1138} INFO - Marking task as SUCCESS. dag_id=etl_***, task_id=transform, execution_date=20241014T000000, start_date=20251217T015514, end_date=20251217T015515
[2025-12-17T01:55:16.105+0000] {local_task_job_runner.py:234} INFO - Task exited with return code 0
[2025-12-17T01:55:16.175+0000] {taskinstance.py:3280} INFO - 1 downstream tasks scheduled from follow-on schedule check
[2025-12-17T04:52:20.556+0000] {taskinstance.py:1956} INFO - Dependencies all met for dep_context=non-requeueable deps ti=<TaskInstance: etl_airflow.transform scheduled__2024-10-14T00:00:00+00:00 [queued]>
[2025-12-17T04:52:20.567+0000] {taskinstance.py:1956} INFO - Dependencies all met for dep_context=requeueable deps ti=<TaskInstance: etl_airflow.transform scheduled__2024-10-14T00:00:00+00:00 [queued]>
[2025-12-17T04:52:20.568+0000] {taskinstance.py:2170} INFO - Starting attempt 1 of 3
[2025-12-17T04:52:20.584+0000] {taskinstance.py:2191} INFO - Executing <Task(PythonOperator): transform> on 2024-10-14 00:00:00+00:00
[2025-12-17T04:52:20.593+0000] {standard_task_runner.py:60} INFO - Started process 3907 to run task
[2025-12-17T04:52:20.598+0000] {standard_task_runner.py:87} INFO - Running: ['***', 'tasks', 'run', 'etl_***', 'transform', 'scheduled__2024-10-14T00:00:00+00:00', '--job-id', '1120', '--raw', '--subdir', 'DAGS_FOLDER/etl_***.py', '--cfg-path', '/tmp/tmpwgm0fldy']
[2025-12-17T04:52:20.604+0000] {standard_task_runner.py:88} INFO - Job 1120: Subtask transform
[2025-12-17T04:52:20.729+0000] {task_command.py:423} INFO - Running <TaskInstance: etl_airflow.transform scheduled__2024-10-14T00:00:00+00:00 [running]> on host b3426f05ac70
[2025-12-17T04:52:21.098+0000] {taskinstance.py:2480} INFO - Exporting env vars: AIRFLOW_CTX_DAG_OWNER='***' AIRFLOW_CTX_DAG_ID='etl_***' AIRFLOW_CTX_TASK_ID='transform' AIRFLOW_CTX_EXECUTION_DATE='2024-10-14T00:00:00+00:00' AIRFLOW_CTX_TRY_NUMBER='1' AIRFLOW_CTX_DAG_RUN_ID='scheduled__2024-10-14T00:00:00+00:00'
[2025-12-17T04:52:21.104+0000] {taskinstance.py:2698} ERROR - Task failed with exception
Traceback (most recent call last):
  File "/home/airflow/.local/lib/python3.8/site-packages/airflow/models/taskinstance.py", line 433, in _execute_task
    result = execute_callable(context=context, **execute_callable_kwargs)
  File "/home/airflow/.local/lib/python3.8/site-packages/airflow/operators/python.py", line 199, in execute
    return_value = self.execute_callable()
  File "/home/airflow/.local/lib/python3.8/site-packages/airflow/operators/python.py", line 216, in execute_callable
    return self.python_callable(*self.op_args, **self.op_kwargs)
TypeError: transform_data() missing 1 required positional argument: 'df'
[2025-12-17T04:52:21.141+0000] {taskinstance.py:1138} INFO - Marking task as UP_FOR_RETRY. dag_id=etl_***, task_id=transform, execution_date=20241014T000000, start_date=20251217T045220, end_date=20251217T045221
[2025-12-17T04:52:21.189+0000] {standard_task_runner.py:107} ERROR - Failed to execute job 1120 for task transform (transform_data() missing 1 required positional argument: 'df'; 3907)
[2025-12-17T04:52:21.261+0000] {local_task_job_runner.py:234} INFO - Task exited with return code 1
[2025-12-17T04:52:21.450+0000] {taskinstance.py:3280} INFO - 0 downstream tasks scheduled from follow-on schedule check
[2025-12-17T07:57:54.950+0000] {taskinstance.py:1956} INFO - Dependencies all met for dep_context=non-requeueable deps ti=<TaskInstance: etl_airflow.transform scheduled__2024-10-14T00:00:00+00:00 [queued]>
[2025-12-17T07:57:54.983+0000] {taskinstance.py:1956} INFO - Dependencies all met for dep_context=requeueable deps ti=<TaskInstance: etl_airflow.transform scheduled__2024-10-14T00:00:00+00:00 [queued]>
[2025-12-17T07:57:54.984+0000] {taskinstance.py:2170} INFO - Starting attempt 1 of 3
[2025-12-17T07:57:55.235+0000] {taskinstance.py:2191} INFO - Executing <Task(PythonOperator): transform> on 2024-10-14 00:00:00+00:00
[2025-12-17T07:57:55.251+0000] {standard_task_runner.py:60} INFO - Started process 4157 to run task
[2025-12-17T07:57:55.267+0000] {standard_task_runner.py:87} INFO - Running: ['***', 'tasks', 'run', 'etl_***', 'transform', 'scheduled__2024-10-14T00:00:00+00:00', '--job-id', '1163', '--raw', '--subdir', 'DAGS_FOLDER/etl_***.py', '--cfg-path', '/tmp/tmprw2sn2m9']
[2025-12-17T07:57:55.274+0000] {standard_task_runner.py:88} INFO - Job 1163: Subtask transform
[2025-12-17T07:57:55.496+0000] {task_command.py:423} INFO - Running <TaskInstance: etl_airflow.transform scheduled__2024-10-14T00:00:00+00:00 [running]> on host 2a0de06c8905
[2025-12-17T07:57:56.012+0000] {taskinstance.py:2480} INFO - Exporting env vars: AIRFLOW_CTX_DAG_OWNER='***' AIRFLOW_CTX_DAG_ID='etl_***' AIRFLOW_CTX_TASK_ID='transform' AIRFLOW_CTX_EXECUTION_DATE='2024-10-14T00:00:00+00:00' AIRFLOW_CTX_TRY_NUMBER='1' AIRFLOW_CTX_DAG_RUN_ID='scheduled__2024-10-14T00:00:00+00:00'
[2025-12-17T07:57:56.015+0000] {taskinstance.py:2698} ERROR - Task failed with exception
Traceback (most recent call last):
  File "/home/airflow/.local/lib/python3.8/site-packages/airflow/models/taskinstance.py", line 433, in _execute_task
    result = execute_callable(context=context, **execute_callable_kwargs)
  File "/home/airflow/.local/lib/python3.8/site-packages/airflow/operators/python.py", line 199, in execute
    return_value = self.execute_callable()
  File "/home/airflow/.local/lib/python3.8/site-packages/airflow/operators/python.py", line 216, in execute_callable
    return self.python_callable(*self.op_args, **self.op_kwargs)
TypeError: transform_data() missing 1 required positional argument: 'df'
[2025-12-17T07:57:56.030+0000] {taskinstance.py:1138} INFO - Marking task as UP_FOR_RETRY. dag_id=etl_***, task_id=transform, execution_date=20241014T000000, start_date=20251217T075754, end_date=20251217T075756
[2025-12-17T07:57:56.148+0000] {standard_task_runner.py:107} ERROR - Failed to execute job 1163 for task transform (transform_data() missing 1 required positional argument: 'df'; 4157)
[2025-12-17T07:57:56.190+0000] {local_task_job_runner.py:234} INFO - Task exited with return code 1
[2025-12-17T07:57:56.271+0000] {taskinstance.py:3280} INFO - 0 downstream tasks scheduled from follow-on schedule check
