[2025-12-17T04:56:03.798+0000] {taskinstance.py:1956} INFO - Dependencies all met for dep_context=non-requeueable deps ti=<TaskInstance: etl_airflow.transform scheduled__2025-01-12T00:00:00+00:00 [queued]>
[2025-12-17T04:56:03.812+0000] {taskinstance.py:1956} INFO - Dependencies all met for dep_context=requeueable deps ti=<TaskInstance: etl_airflow.transform scheduled__2025-01-12T00:00:00+00:00 [queued]>
[2025-12-17T04:56:03.813+0000] {taskinstance.py:2170} INFO - Starting attempt 2 of 3
[2025-12-17T04:56:03.834+0000] {taskinstance.py:2191} INFO - Executing <Task(PythonOperator): transform> on 2025-01-12 00:00:00+00:00
[2025-12-17T04:56:03.844+0000] {standard_task_runner.py:60} INFO - Started process 5214 to run task
[2025-12-17T04:56:03.849+0000] {standard_task_runner.py:87} INFO - Running: ['***', 'tasks', 'run', 'etl_***', 'transform', 'scheduled__2025-01-12T00:00:00+00:00', '--job-id', '1515', '--raw', '--subdir', 'DAGS_FOLDER/etl_***.py', '--cfg-path', '/tmp/tmppauj8boz']
[2025-12-17T04:56:03.852+0000] {standard_task_runner.py:88} INFO - Job 1515: Subtask transform
[2025-12-17T04:56:03.954+0000] {task_command.py:423} INFO - Running <TaskInstance: etl_airflow.transform scheduled__2025-01-12T00:00:00+00:00 [running]> on host b3426f05ac70
[2025-12-17T04:56:04.377+0000] {taskinstance.py:2480} INFO - Exporting env vars: AIRFLOW_CTX_DAG_OWNER='***' AIRFLOW_CTX_DAG_ID='etl_***' AIRFLOW_CTX_TASK_ID='transform' AIRFLOW_CTX_EXECUTION_DATE='2025-01-12T00:00:00+00:00' AIRFLOW_CTX_TRY_NUMBER='2' AIRFLOW_CTX_DAG_RUN_ID='scheduled__2025-01-12T00:00:00+00:00'
[2025-12-17T04:56:04.384+0000] {taskinstance.py:2698} ERROR - Task failed with exception
Traceback (most recent call last):
  File "/home/airflow/.local/lib/python3.8/site-packages/airflow/models/taskinstance.py", line 433, in _execute_task
    result = execute_callable(context=context, **execute_callable_kwargs)
  File "/home/airflow/.local/lib/python3.8/site-packages/airflow/operators/python.py", line 199, in execute
    return_value = self.execute_callable()
  File "/home/airflow/.local/lib/python3.8/site-packages/airflow/operators/python.py", line 216, in execute_callable
    return self.python_callable(*self.op_args, **self.op_kwargs)
TypeError: transform_data() missing 1 required positional argument: 'df'
[2025-12-17T04:56:04.421+0000] {taskinstance.py:1138} INFO - Marking task as UP_FOR_RETRY. dag_id=etl_***, task_id=transform, execution_date=20250112T000000, start_date=20251217T045603, end_date=20251217T045604
[2025-12-17T04:56:04.463+0000] {standard_task_runner.py:107} ERROR - Failed to execute job 1515 for task transform (transform_data() missing 1 required positional argument: 'df'; 5214)
[2025-12-17T04:56:04.508+0000] {local_task_job_runner.py:234} INFO - Task exited with return code 1
[2025-12-17T04:56:04.679+0000] {taskinstance.py:3280} INFO - 0 downstream tasks scheduled from follow-on schedule check
[2025-12-17T08:01:32.495+0000] {taskinstance.py:1956} INFO - Dependencies all met for dep_context=non-requeueable deps ti=<TaskInstance: etl_airflow.transform scheduled__2025-01-12T00:00:00+00:00 [queued]>
[2025-12-17T08:01:32.523+0000] {taskinstance.py:1956} INFO - Dependencies all met for dep_context=requeueable deps ti=<TaskInstance: etl_airflow.transform scheduled__2025-01-12T00:00:00+00:00 [queued]>
[2025-12-17T08:01:32.524+0000] {taskinstance.py:2170} INFO - Starting attempt 2 of 3
[2025-12-17T08:01:32.562+0000] {taskinstance.py:2191} INFO - Executing <Task(PythonOperator): transform> on 2025-01-12 00:00:00+00:00
[2025-12-17T08:01:32.575+0000] {standard_task_runner.py:60} INFO - Started process 5321 to run task
[2025-12-17T08:01:32.584+0000] {standard_task_runner.py:87} INFO - Running: ['***', 'tasks', 'run', 'etl_***', 'transform', 'scheduled__2025-01-12T00:00:00+00:00', '--job-id', '1518', '--raw', '--subdir', 'DAGS_FOLDER/etl_***.py', '--cfg-path', '/tmp/tmpqar6p7sb']
[2025-12-17T08:01:32.591+0000] {standard_task_runner.py:88} INFO - Job 1518: Subtask transform
[2025-12-17T08:01:32.777+0000] {task_command.py:423} INFO - Running <TaskInstance: etl_airflow.transform scheduled__2025-01-12T00:00:00+00:00 [running]> on host 2a0de06c8905
[2025-12-17T08:01:33.369+0000] {taskinstance.py:2480} INFO - Exporting env vars: AIRFLOW_CTX_DAG_OWNER='***' AIRFLOW_CTX_DAG_ID='etl_***' AIRFLOW_CTX_TASK_ID='transform' AIRFLOW_CTX_EXECUTION_DATE='2025-01-12T00:00:00+00:00' AIRFLOW_CTX_TRY_NUMBER='2' AIRFLOW_CTX_DAG_RUN_ID='scheduled__2025-01-12T00:00:00+00:00'
[2025-12-17T08:01:33.372+0000] {taskinstance.py:2698} ERROR - Task failed with exception
Traceback (most recent call last):
  File "/home/airflow/.local/lib/python3.8/site-packages/airflow/models/taskinstance.py", line 433, in _execute_task
    result = execute_callable(context=context, **execute_callable_kwargs)
  File "/home/airflow/.local/lib/python3.8/site-packages/airflow/operators/python.py", line 199, in execute
    return_value = self.execute_callable()
  File "/home/airflow/.local/lib/python3.8/site-packages/airflow/operators/python.py", line 216, in execute_callable
    return self.python_callable(*self.op_args, **self.op_kwargs)
TypeError: transform_data() missing 1 required positional argument: 'df'
[2025-12-17T08:01:33.386+0000] {taskinstance.py:1138} INFO - Marking task as UP_FOR_RETRY. dag_id=etl_***, task_id=transform, execution_date=20250112T000000, start_date=20251217T080132, end_date=20251217T080133
[2025-12-17T08:01:33.641+0000] {standard_task_runner.py:107} ERROR - Failed to execute job 1518 for task transform (transform_data() missing 1 required positional argument: 'df'; 5321)
[2025-12-17T08:01:33.688+0000] {local_task_job_runner.py:234} INFO - Task exited with return code 1
[2025-12-17T08:01:33.732+0000] {taskinstance.py:3280} INFO - 0 downstream tasks scheduled from follow-on schedule check
