[2025-12-16T17:15:44.138+0000] {taskinstance.py:1956} INFO - Dependencies all met for dep_context=non-requeueable deps ti=<TaskInstance: etl_airflow.transform scheduled__2025-01-12T00:00:00+00:00 [queued]>
[2025-12-16T17:15:44.172+0000] {taskinstance.py:1956} INFO - Dependencies all met for dep_context=requeueable deps ti=<TaskInstance: etl_airflow.transform scheduled__2025-01-12T00:00:00+00:00 [queued]>
[2025-12-16T17:15:44.174+0000] {taskinstance.py:2170} INFO - Starting attempt 1 of 3
[2025-12-16T17:15:44.219+0000] {taskinstance.py:2191} INFO - Executing <Task(PythonOperator): transform> on 2025-01-12 00:00:00+00:00
[2025-12-16T17:15:44.241+0000] {standard_task_runner.py:60} INFO - Started process 2200 to run task
[2025-12-16T17:15:44.252+0000] {standard_task_runner.py:87} INFO - Running: ['***', 'tasks', 'run', 'etl_***', 'transform', 'scheduled__2025-01-12T00:00:00+00:00', '--job-id', '4775', '--raw', '--subdir', 'DAGS_FOLDER/etl_dag.py', '--cfg-path', '/tmp/tmpdn5y3h3e']
[2025-12-16T17:15:44.258+0000] {standard_task_runner.py:88} INFO - Job 4775: Subtask transform
[2025-12-16T17:15:44.528+0000] {task_command.py:423} INFO - Running <TaskInstance: etl_airflow.transform scheduled__2025-01-12T00:00:00+00:00 [running]> on host 3b89cfee50e9
[2025-12-16T17:15:44.752+0000] {taskinstance.py:2480} INFO - Exporting env vars: AIRFLOW_CTX_DAG_OWNER='***' AIRFLOW_CTX_DAG_ID='etl_***' AIRFLOW_CTX_TASK_ID='transform' AIRFLOW_CTX_EXECUTION_DATE='2025-01-12T00:00:00+00:00' AIRFLOW_CTX_TRY_NUMBER='1' AIRFLOW_CTX_DAG_RUN_ID='scheduled__2025-01-12T00:00:00+00:00'
[2025-12-16T17:15:44.755+0000] {logging_mixin.py:188} INFO - [TRANSFORM]
[2025-12-16T17:15:45.291+0000] {logging_mixin.py:188} INFO - [TRANSFORM] done
[2025-12-16T17:15:45.293+0000] {python.py:201} INFO - Done. Returned value was: None
[2025-12-16T17:15:45.318+0000] {taskinstance.py:1138} INFO - Marking task as SUCCESS. dag_id=etl_***, task_id=transform, execution_date=20250112T000000, start_date=20251216T171544, end_date=20251216T171545
[2025-12-16T17:15:45.555+0000] {local_task_job_runner.py:234} INFO - Task exited with return code 0
[2025-12-16T17:15:45.642+0000] {taskinstance.py:3280} INFO - 1 downstream tasks scheduled from follow-on schedule check
[2025-12-17T01:56:40.616+0000] {taskinstance.py:1956} INFO - Dependencies all met for dep_context=non-requeueable deps ti=<TaskInstance: etl_airflow.transform scheduled__2025-01-12T00:00:00+00:00 [queued]>
[2025-12-17T01:56:40.641+0000] {taskinstance.py:1956} INFO - Dependencies all met for dep_context=requeueable deps ti=<TaskInstance: etl_airflow.transform scheduled__2025-01-12T00:00:00+00:00 [queued]>
[2025-12-17T01:56:40.643+0000] {taskinstance.py:2170} INFO - Starting attempt 1 of 3
[2025-12-17T01:56:40.763+0000] {taskinstance.py:2191} INFO - Executing <Task(PythonOperator): transform> on 2025-01-12 00:00:00+00:00
[2025-12-17T01:56:40.785+0000] {standard_task_runner.py:60} INFO - Started process 3845 to run task
[2025-12-17T01:56:40.795+0000] {standard_task_runner.py:87} INFO - Running: ['***', 'tasks', 'run', 'etl_***', 'transform', 'scheduled__2025-01-12T00:00:00+00:00', '--job-id', '1144', '--raw', '--subdir', 'DAGS_FOLDER/etl_dag.py', '--cfg-path', '/tmp/tmpao9410s7']
[2025-12-17T01:56:40.806+0000] {standard_task_runner.py:88} INFO - Job 1144: Subtask transform
[2025-12-17T01:56:40.995+0000] {task_command.py:423} INFO - Running <TaskInstance: etl_airflow.transform scheduled__2025-01-12T00:00:00+00:00 [running]> on host 571e042550da
[2025-12-17T01:56:41.538+0000] {taskinstance.py:2480} INFO - Exporting env vars: AIRFLOW_CTX_DAG_OWNER='***' AIRFLOW_CTX_DAG_ID='etl_***' AIRFLOW_CTX_TASK_ID='transform' AIRFLOW_CTX_EXECUTION_DATE='2025-01-12T00:00:00+00:00' AIRFLOW_CTX_TRY_NUMBER='1' AIRFLOW_CTX_DAG_RUN_ID='scheduled__2025-01-12T00:00:00+00:00'
[2025-12-17T01:56:41.542+0000] {logging_mixin.py:188} INFO - [TRANSFORM]
[2025-12-17T01:56:41.582+0000] {logging_mixin.py:188} INFO - [TRANSFORM] done
[2025-12-17T01:56:41.585+0000] {python.py:201} INFO - Done. Returned value was: None
[2025-12-17T01:56:41.603+0000] {taskinstance.py:1138} INFO - Marking task as SUCCESS. dag_id=etl_***, task_id=transform, execution_date=20250112T000000, start_date=20251217T015640, end_date=20251217T015641
[2025-12-17T01:56:41.781+0000] {local_task_job_runner.py:234} INFO - Task exited with return code 0
[2025-12-17T01:56:41.844+0000] {taskinstance.py:3280} INFO - 1 downstream tasks scheduled from follow-on schedule check
[2025-12-17T04:55:52.239+0000] {taskinstance.py:1956} INFO - Dependencies all met for dep_context=non-requeueable deps ti=<TaskInstance: etl_airflow.transform scheduled__2025-01-12T00:00:00+00:00 [queued]>
[2025-12-17T04:55:52.257+0000] {taskinstance.py:1956} INFO - Dependencies all met for dep_context=requeueable deps ti=<TaskInstance: etl_airflow.transform scheduled__2025-01-12T00:00:00+00:00 [queued]>
[2025-12-17T04:55:52.258+0000] {taskinstance.py:2170} INFO - Starting attempt 1 of 3
[2025-12-17T04:55:52.291+0000] {taskinstance.py:2191} INFO - Executing <Task(PythonOperator): transform> on 2025-01-12 00:00:00+00:00
[2025-12-17T04:55:52.302+0000] {standard_task_runner.py:60} INFO - Started process 5165 to run task
[2025-12-17T04:55:52.310+0000] {standard_task_runner.py:87} INFO - Running: ['***', 'tasks', 'run', 'etl_***', 'transform', 'scheduled__2025-01-12T00:00:00+00:00', '--job-id', '1498', '--raw', '--subdir', 'DAGS_FOLDER/etl_***.py', '--cfg-path', '/tmp/tmp1jcreuax']
[2025-12-17T04:55:52.315+0000] {standard_task_runner.py:88} INFO - Job 1498: Subtask transform
[2025-12-17T04:55:52.440+0000] {task_command.py:423} INFO - Running <TaskInstance: etl_airflow.transform scheduled__2025-01-12T00:00:00+00:00 [running]> on host b3426f05ac70
[2025-12-17T04:55:52.861+0000] {taskinstance.py:2480} INFO - Exporting env vars: AIRFLOW_CTX_DAG_OWNER='***' AIRFLOW_CTX_DAG_ID='etl_***' AIRFLOW_CTX_TASK_ID='transform' AIRFLOW_CTX_EXECUTION_DATE='2025-01-12T00:00:00+00:00' AIRFLOW_CTX_TRY_NUMBER='1' AIRFLOW_CTX_DAG_RUN_ID='scheduled__2025-01-12T00:00:00+00:00'
[2025-12-17T04:55:52.864+0000] {taskinstance.py:2698} ERROR - Task failed with exception
Traceback (most recent call last):
  File "/home/airflow/.local/lib/python3.8/site-packages/airflow/models/taskinstance.py", line 433, in _execute_task
    result = execute_callable(context=context, **execute_callable_kwargs)
  File "/home/airflow/.local/lib/python3.8/site-packages/airflow/operators/python.py", line 199, in execute
    return_value = self.execute_callable()
  File "/home/airflow/.local/lib/python3.8/site-packages/airflow/operators/python.py", line 216, in execute_callable
    return self.python_callable(*self.op_args, **self.op_kwargs)
TypeError: transform_data() missing 1 required positional argument: 'df'
[2025-12-17T04:55:52.878+0000] {taskinstance.py:1138} INFO - Marking task as UP_FOR_RETRY. dag_id=etl_***, task_id=transform, execution_date=20250112T000000, start_date=20251217T045552, end_date=20251217T045552
[2025-12-17T04:55:52.914+0000] {standard_task_runner.py:107} ERROR - Failed to execute job 1498 for task transform (transform_data() missing 1 required positional argument: 'df'; 5165)
[2025-12-17T04:55:52.970+0000] {local_task_job_runner.py:234} INFO - Task exited with return code 1
[2025-12-17T04:55:53.018+0000] {taskinstance.py:3280} INFO - 0 downstream tasks scheduled from follow-on schedule check
[2025-12-17T08:01:20.080+0000] {taskinstance.py:1956} INFO - Dependencies all met for dep_context=non-requeueable deps ti=<TaskInstance: etl_airflow.transform scheduled__2025-01-12T00:00:00+00:00 [queued]>
[2025-12-17T08:01:20.124+0000] {taskinstance.py:1956} INFO - Dependencies all met for dep_context=requeueable deps ti=<TaskInstance: etl_airflow.transform scheduled__2025-01-12T00:00:00+00:00 [queued]>
[2025-12-17T08:01:20.128+0000] {taskinstance.py:2170} INFO - Starting attempt 1 of 3
[2025-12-17T08:01:20.173+0000] {taskinstance.py:2191} INFO - Executing <Task(PythonOperator): transform> on 2025-01-12 00:00:00+00:00
[2025-12-17T08:01:20.185+0000] {standard_task_runner.py:60} INFO - Started process 5263 to run task
[2025-12-17T08:01:20.192+0000] {standard_task_runner.py:87} INFO - Running: ['***', 'tasks', 'run', 'etl_***', 'transform', 'scheduled__2025-01-12T00:00:00+00:00', '--job-id', '1502', '--raw', '--subdir', 'DAGS_FOLDER/etl_***.py', '--cfg-path', '/tmp/tmpealsbdca']
[2025-12-17T08:01:20.200+0000] {standard_task_runner.py:88} INFO - Job 1502: Subtask transform
[2025-12-17T08:01:20.363+0000] {task_command.py:423} INFO - Running <TaskInstance: etl_airflow.transform scheduled__2025-01-12T00:00:00+00:00 [running]> on host 2a0de06c8905
[2025-12-17T08:01:21.005+0000] {taskinstance.py:2480} INFO - Exporting env vars: AIRFLOW_CTX_DAG_OWNER='***' AIRFLOW_CTX_DAG_ID='etl_***' AIRFLOW_CTX_TASK_ID='transform' AIRFLOW_CTX_EXECUTION_DATE='2025-01-12T00:00:00+00:00' AIRFLOW_CTX_TRY_NUMBER='1' AIRFLOW_CTX_DAG_RUN_ID='scheduled__2025-01-12T00:00:00+00:00'
[2025-12-17T08:01:21.007+0000] {taskinstance.py:2698} ERROR - Task failed with exception
Traceback (most recent call last):
  File "/home/airflow/.local/lib/python3.8/site-packages/airflow/models/taskinstance.py", line 433, in _execute_task
    result = execute_callable(context=context, **execute_callable_kwargs)
  File "/home/airflow/.local/lib/python3.8/site-packages/airflow/operators/python.py", line 199, in execute
    return_value = self.execute_callable()
  File "/home/airflow/.local/lib/python3.8/site-packages/airflow/operators/python.py", line 216, in execute_callable
    return self.python_callable(*self.op_args, **self.op_kwargs)
TypeError: transform_data() missing 1 required positional argument: 'df'
[2025-12-17T08:01:21.022+0000] {taskinstance.py:1138} INFO - Marking task as UP_FOR_RETRY. dag_id=etl_***, task_id=transform, execution_date=20250112T000000, start_date=20251217T080120, end_date=20251217T080121
[2025-12-17T08:01:21.325+0000] {standard_task_runner.py:107} ERROR - Failed to execute job 1502 for task transform (transform_data() missing 1 required positional argument: 'df'; 5263)
[2025-12-17T08:01:21.375+0000] {local_task_job_runner.py:234} INFO - Task exited with return code 1
[2025-12-17T08:01:21.415+0000] {taskinstance.py:3280} INFO - 0 downstream tasks scheduled from follow-on schedule check
