[2025-12-16T17:10:25.344+0000] {taskinstance.py:1956} INFO - Dependencies all met for dep_context=non-requeueable deps ti=<TaskInstance: etl_airflow.load scheduled__2024-02-06T00:00:00+00:00 [queued]>
[2025-12-16T17:10:25.379+0000] {taskinstance.py:1956} INFO - Dependencies all met for dep_context=requeueable deps ti=<TaskInstance: etl_airflow.load scheduled__2024-02-06T00:00:00+00:00 [queued]>
[2025-12-16T17:10:25.380+0000] {taskinstance.py:2170} INFO - Starting attempt 1 of 3
[2025-12-16T17:10:25.408+0000] {taskinstance.py:2191} INFO - Executing <Task(PythonOperator): load> on 2024-02-06 00:00:00+00:00
[2025-12-16T17:10:25.429+0000] {standard_task_runner.py:60} INFO - Started process 785 to run task
[2025-12-16T17:10:25.440+0000] {standard_task_runner.py:87} INFO - Running: ['***', 'tasks', 'run', 'etl_***', 'load', 'scheduled__2024-02-06T00:00:00+00:00', '--job-id', '3744', '--raw', '--subdir', 'DAGS_FOLDER/etl_dag.py', '--cfg-path', '/tmp/tmpoh3zu_90']
[2025-12-16T17:10:25.444+0000] {standard_task_runner.py:88} INFO - Job 3744: Subtask load
[2025-12-16T17:10:25.626+0000] {task_command.py:423} INFO - Running <TaskInstance: etl_airflow.load scheduled__2024-02-06T00:00:00+00:00 [running]> on host 3b89cfee50e9
[2025-12-16T17:10:26.050+0000] {taskinstance.py:2480} INFO - Exporting env vars: AIRFLOW_CTX_DAG_OWNER='***' AIRFLOW_CTX_DAG_ID='etl_***' AIRFLOW_CTX_TASK_ID='load' AIRFLOW_CTX_EXECUTION_DATE='2024-02-06T00:00:00+00:00' AIRFLOW_CTX_TRY_NUMBER='1' AIRFLOW_CTX_DAG_RUN_ID='scheduled__2024-02-06T00:00:00+00:00'
[2025-12-16T17:10:26.065+0000] {logging_mixin.py:188} INFO - [LOAD]
[2025-12-16T17:10:26.805+0000] {logging_mixin.py:188} INFO -    user_id event_type            timestamp country
0        1      login  2025-01-01T09:00:00      IN
1        1      click  2025-01-01T09:05:00      IN
2        1     logout  2025-01-01T09:15:00      IN
3        3      login  2025-01-02T08:00:00      FR
4        3      click  2025-01-02T08:05:00      FR
[2025-12-16T17:10:26.820+0000] {logging_mixin.py:188} INFO - [LOAD] done
[2025-12-16T17:10:26.823+0000] {python.py:201} INFO - Done. Returned value was: None
[2025-12-16T17:10:26.872+0000] {taskinstance.py:1138} INFO - Marking task as SUCCESS. dag_id=etl_***, task_id=load, execution_date=20240206T000000, start_date=20251216T171025, end_date=20251216T171026
[2025-12-16T17:10:27.019+0000] {local_task_job_runner.py:234} INFO - Task exited with return code 0
[2025-12-16T17:10:27.167+0000] {taskinstance.py:3280} INFO - 0 downstream tasks scheduled from follow-on schedule check
[2025-12-17T01:50:40.195+0000] {taskinstance.py:1956} INFO - Dependencies all met for dep_context=non-requeueable deps ti=<TaskInstance: etl_airflow.load scheduled__2024-02-06T00:00:00+00:00 [queued]>
[2025-12-17T01:50:40.216+0000] {taskinstance.py:1956} INFO - Dependencies all met for dep_context=requeueable deps ti=<TaskInstance: etl_airflow.load scheduled__2024-02-06T00:00:00+00:00 [queued]>
[2025-12-17T01:50:40.217+0000] {taskinstance.py:2170} INFO - Starting attempt 1 of 3
[2025-12-17T01:50:40.240+0000] {taskinstance.py:2191} INFO - Executing <Task(PythonOperator): load> on 2024-02-06 00:00:00+00:00
[2025-12-17T01:50:40.248+0000] {standard_task_runner.py:60} INFO - Started process 573 to run task
[2025-12-17T01:50:40.254+0000] {standard_task_runner.py:87} INFO - Running: ['***', 'tasks', 'run', 'etl_***', 'load', 'scheduled__2024-02-06T00:00:00+00:00', '--job-id', '116', '--raw', '--subdir', 'DAGS_FOLDER/etl_dag.py', '--cfg-path', '/tmp/tmpii5nov7l']
[2025-12-17T01:50:40.258+0000] {standard_task_runner.py:88} INFO - Job 116: Subtask load
[2025-12-17T01:50:40.399+0000] {task_command.py:423} INFO - Running <TaskInstance: etl_airflow.load scheduled__2024-02-06T00:00:00+00:00 [running]> on host 571e042550da
[2025-12-17T01:50:40.861+0000] {taskinstance.py:2480} INFO - Exporting env vars: AIRFLOW_CTX_DAG_OWNER='***' AIRFLOW_CTX_DAG_ID='etl_***' AIRFLOW_CTX_TASK_ID='load' AIRFLOW_CTX_EXECUTION_DATE='2024-02-06T00:00:00+00:00' AIRFLOW_CTX_TRY_NUMBER='1' AIRFLOW_CTX_DAG_RUN_ID='scheduled__2024-02-06T00:00:00+00:00'
[2025-12-17T01:50:40.865+0000] {logging_mixin.py:188} INFO - [LOAD]
[2025-12-17T01:50:40.898+0000] {logging_mixin.py:188} INFO -    user_id event_type            timestamp country
0        1      login  2025-01-01T09:00:00      IN
1        1      click  2025-01-01T09:05:00      IN
2        1     logout  2025-01-01T09:15:00      IN
3        3      login  2025-01-02T08:00:00      FR
4        3      click  2025-01-02T08:05:00      FR
[2025-12-17T01:50:40.900+0000] {logging_mixin.py:188} INFO - [LOAD] done
[2025-12-17T01:50:40.902+0000] {python.py:201} INFO - Done. Returned value was: None
[2025-12-17T01:50:40.929+0000] {taskinstance.py:1138} INFO - Marking task as SUCCESS. dag_id=etl_***, task_id=load, execution_date=20240206T000000, start_date=20251217T015040, end_date=20251217T015040
[2025-12-17T01:50:40.991+0000] {local_task_job_runner.py:234} INFO - Task exited with return code 0
[2025-12-17T01:50:41.047+0000] {taskinstance.py:3280} INFO - 0 downstream tasks scheduled from follow-on schedule check
