[2025-12-17T01:59:06.148+0000] {taskinstance.py:1956} INFO - Dependencies all met for dep_context=non-requeueable deps ti=<TaskInstance: etl_airflow.load scheduled__2025-05-22T00:00:00+00:00 [queued]>
[2025-12-17T01:59:06.169+0000] {taskinstance.py:1956} INFO - Dependencies all met for dep_context=requeueable deps ti=<TaskInstance: etl_airflow.load scheduled__2025-05-22T00:00:00+00:00 [queued]>
[2025-12-17T01:59:06.170+0000] {taskinstance.py:2170} INFO - Starting attempt 2 of 3
[2025-12-17T01:59:06.198+0000] {taskinstance.py:2191} INFO - Executing <Task(PythonOperator): load> on 2025-05-22 00:00:00+00:00
[2025-12-17T01:59:06.209+0000] {standard_task_runner.py:60} INFO - Started process 5296 to run task
[2025-12-17T01:59:06.217+0000] {standard_task_runner.py:87} INFO - Running: ['***', 'tasks', 'run', 'etl_***', 'load', 'scheduled__2025-05-22T00:00:00+00:00', '--job-id', '1604', '--raw', '--subdir', 'DAGS_FOLDER/etl_dag.py', '--cfg-path', '/tmp/tmpkplrryag']
[2025-12-17T01:59:06.225+0000] {standard_task_runner.py:88} INFO - Job 1604: Subtask load
[2025-12-17T01:59:06.392+0000] {task_command.py:423} INFO - Running <TaskInstance: etl_airflow.load scheduled__2025-05-22T00:00:00+00:00 [running]> on host 571e042550da
[2025-12-17T01:59:06.782+0000] {taskinstance.py:2480} INFO - Exporting env vars: AIRFLOW_CTX_DAG_OWNER='***' AIRFLOW_CTX_DAG_ID='etl_***' AIRFLOW_CTX_TASK_ID='load' AIRFLOW_CTX_EXECUTION_DATE='2025-05-22T00:00:00+00:00' AIRFLOW_CTX_TRY_NUMBER='2' AIRFLOW_CTX_DAG_RUN_ID='scheduled__2025-05-22T00:00:00+00:00'
[2025-12-17T01:59:06.785+0000] {logging_mixin.py:188} INFO - [LOAD]
[2025-12-17T01:59:06.798+0000] {taskinstance.py:2698} ERROR - Task failed with exception
Traceback (most recent call last):
  File "/home/airflow/.local/lib/python3.8/site-packages/airflow/models/taskinstance.py", line 433, in _execute_task
    result = execute_callable(context=context, **execute_callable_kwargs)
  File "/home/airflow/.local/lib/python3.8/site-packages/airflow/operators/python.py", line 199, in execute
    return_value = self.execute_callable()
  File "/home/airflow/.local/lib/python3.8/site-packages/airflow/operators/python.py", line 216, in execute_callable
    return self.python_callable(*self.op_args, **self.op_kwargs)
  File "/opt/airflow/etl_logic/pipeline.py", line 125, in load_data
    df = pd.read_csv(output_path)
  File "/home/airflow/.local/lib/python3.8/site-packages/pandas/io/parsers/readers.py", line 912, in read_csv
    return _read(filepath_or_buffer, kwds)
  File "/home/airflow/.local/lib/python3.8/site-packages/pandas/io/parsers/readers.py", line 577, in _read
    parser = TextFileReader(filepath_or_buffer, **kwds)
  File "/home/airflow/.local/lib/python3.8/site-packages/pandas/io/parsers/readers.py", line 1407, in __init__
    self._engine = self._make_engine(f, self.engine)
  File "/home/airflow/.local/lib/python3.8/site-packages/pandas/io/parsers/readers.py", line 1679, in _make_engine
    return mapping[engine](f, **self.options)
  File "/home/airflow/.local/lib/python3.8/site-packages/pandas/io/parsers/c_parser_wrapper.py", line 93, in __init__
    self._reader = parsers.TextReader(src, **kwds)
  File "pandas/_libs/parsers.pyx", line 557, in pandas._libs.parsers.TextReader.__cinit__
pandas.errors.EmptyDataError: No columns to parse from file
[2025-12-17T01:59:06.823+0000] {taskinstance.py:1138} INFO - Marking task as UP_FOR_RETRY. dag_id=etl_***, task_id=load, execution_date=20250522T000000, start_date=20251217T015906, end_date=20251217T015906
[2025-12-17T01:59:06.847+0000] {standard_task_runner.py:107} ERROR - Failed to execute job 1604 for task load (No columns to parse from file; 5296)
[2025-12-17T01:59:06.881+0000] {local_task_job_runner.py:234} INFO - Task exited with return code 1
[2025-12-17T01:59:06.936+0000] {taskinstance.py:3280} INFO - 0 downstream tasks scheduled from follow-on schedule check
