[2025-12-16T17:15:18.962+0000] {taskinstance.py:1956} INFO - Dependencies all met for dep_context=non-requeueable deps ti=<TaskInstance: etl_airflow.transform scheduled__2024-11-30T00:00:00+00:00 [queued]>
[2025-12-16T17:15:18.999+0000] {taskinstance.py:1956} INFO - Dependencies all met for dep_context=requeueable deps ti=<TaskInstance: etl_airflow.transform scheduled__2024-11-30T00:00:00+00:00 [queued]>
[2025-12-16T17:15:19.001+0000] {taskinstance.py:2170} INFO - Starting attempt 2 of 3
[2025-12-16T17:15:19.134+0000] {taskinstance.py:2191} INFO - Executing <Task(PythonOperator): transform> on 2024-11-30 00:00:00+00:00
[2025-12-16T17:15:19.153+0000] {standard_task_runner.py:60} INFO - Started process 1914 to run task
[2025-12-16T17:15:19.170+0000] {standard_task_runner.py:87} INFO - Running: ['***', 'tasks', 'run', 'etl_***', 'transform', 'scheduled__2024-11-30T00:00:00+00:00', '--job-id', '4680', '--raw', '--subdir', 'DAGS_FOLDER/etl_dag.py', '--cfg-path', '/tmp/tmpb337uq6x']
[2025-12-16T17:15:19.183+0000] {standard_task_runner.py:88} INFO - Job 4680: Subtask transform
[2025-12-16T17:15:19.410+0000] {task_command.py:423} INFO - Running <TaskInstance: etl_airflow.transform scheduled__2024-11-30T00:00:00+00:00 [running]> on host 3b89cfee50e9
[2025-12-16T17:15:19.721+0000] {taskinstance.py:2480} INFO - Exporting env vars: AIRFLOW_CTX_DAG_OWNER='***' AIRFLOW_CTX_DAG_ID='etl_***' AIRFLOW_CTX_TASK_ID='transform' AIRFLOW_CTX_EXECUTION_DATE='2024-11-30T00:00:00+00:00' AIRFLOW_CTX_TRY_NUMBER='2' AIRFLOW_CTX_DAG_RUN_ID='scheduled__2024-11-30T00:00:00+00:00'
[2025-12-16T17:15:19.728+0000] {logging_mixin.py:188} INFO - [TRANSFORM]
[2025-12-16T17:15:20.130+0000] {logging_mixin.py:188} INFO - [TRANSFORM] done
[2025-12-16T17:15:20.133+0000] {python.py:201} INFO - Done. Returned value was: None
[2025-12-16T17:15:20.160+0000] {taskinstance.py:1138} INFO - Marking task as SUCCESS. dag_id=etl_***, task_id=transform, execution_date=20241130T000000, start_date=20251216T171518, end_date=20251216T171520
[2025-12-16T17:15:20.270+0000] {local_task_job_runner.py:234} INFO - Task exited with return code 0
[2025-12-16T17:15:20.402+0000] {taskinstance.py:3280} INFO - 1 downstream tasks scheduled from follow-on schedule check
[2025-12-17T04:54:16.469+0000] {taskinstance.py:1956} INFO - Dependencies all met for dep_context=non-requeueable deps ti=<TaskInstance: etl_airflow.transform scheduled__2024-11-30T00:00:00+00:00 [queued]>
[2025-12-17T04:54:16.485+0000] {taskinstance.py:1956} INFO - Dependencies all met for dep_context=requeueable deps ti=<TaskInstance: etl_airflow.transform scheduled__2024-11-30T00:00:00+00:00 [queued]>
[2025-12-17T04:54:16.486+0000] {taskinstance.py:2170} INFO - Starting attempt 2 of 3
[2025-12-17T04:54:16.511+0000] {taskinstance.py:2191} INFO - Executing <Task(PythonOperator): transform> on 2024-11-30 00:00:00+00:00
[2025-12-17T04:54:16.519+0000] {standard_task_runner.py:60} INFO - Started process 4599 to run task
[2025-12-17T04:54:16.527+0000] {standard_task_runner.py:87} INFO - Running: ['***', 'tasks', 'run', 'etl_***', 'transform', 'scheduled__2024-11-30T00:00:00+00:00', '--job-id', '1328', '--raw', '--subdir', 'DAGS_FOLDER/etl_***.py', '--cfg-path', '/tmp/tmpi1kczy3_']
[2025-12-17T04:54:16.534+0000] {standard_task_runner.py:88} INFO - Job 1328: Subtask transform
[2025-12-17T04:54:16.641+0000] {task_command.py:423} INFO - Running <TaskInstance: etl_airflow.transform scheduled__2024-11-30T00:00:00+00:00 [running]> on host b3426f05ac70
[2025-12-17T04:54:16.961+0000] {taskinstance.py:2480} INFO - Exporting env vars: AIRFLOW_CTX_DAG_OWNER='***' AIRFLOW_CTX_DAG_ID='etl_***' AIRFLOW_CTX_TASK_ID='transform' AIRFLOW_CTX_EXECUTION_DATE='2024-11-30T00:00:00+00:00' AIRFLOW_CTX_TRY_NUMBER='2' AIRFLOW_CTX_DAG_RUN_ID='scheduled__2024-11-30T00:00:00+00:00'
[2025-12-17T04:54:16.963+0000] {taskinstance.py:2698} ERROR - Task failed with exception
Traceback (most recent call last):
  File "/home/airflow/.local/lib/python3.8/site-packages/airflow/models/taskinstance.py", line 433, in _execute_task
    result = execute_callable(context=context, **execute_callable_kwargs)
  File "/home/airflow/.local/lib/python3.8/site-packages/airflow/operators/python.py", line 199, in execute
    return_value = self.execute_callable()
  File "/home/airflow/.local/lib/python3.8/site-packages/airflow/operators/python.py", line 216, in execute_callable
    return self.python_callable(*self.op_args, **self.op_kwargs)
TypeError: transform_data() missing 1 required positional argument: 'df'
[2025-12-17T04:54:16.973+0000] {taskinstance.py:1138} INFO - Marking task as UP_FOR_RETRY. dag_id=etl_***, task_id=transform, execution_date=20241130T000000, start_date=20251217T045416, end_date=20251217T045416
[2025-12-17T04:54:16.990+0000] {standard_task_runner.py:107} ERROR - Failed to execute job 1328 for task transform (transform_data() missing 1 required positional argument: 'df'; 4599)
[2025-12-17T04:54:17.023+0000] {local_task_job_runner.py:234} INFO - Task exited with return code 1
[2025-12-17T04:54:17.059+0000] {taskinstance.py:3280} INFO - 0 downstream tasks scheduled from follow-on schedule check
[2025-12-17T08:00:06.580+0000] {taskinstance.py:1956} INFO - Dependencies all met for dep_context=non-requeueable deps ti=<TaskInstance: etl_airflow.transform scheduled__2024-11-30T00:00:00+00:00 [queued]>
[2025-12-17T08:00:06.598+0000] {taskinstance.py:1956} INFO - Dependencies all met for dep_context=requeueable deps ti=<TaskInstance: etl_airflow.transform scheduled__2024-11-30T00:00:00+00:00 [queued]>
[2025-12-17T08:00:06.601+0000] {taskinstance.py:2170} INFO - Starting attempt 2 of 3
[2025-12-17T08:00:06.628+0000] {taskinstance.py:2191} INFO - Executing <Task(PythonOperator): transform> on 2024-11-30 00:00:00+00:00
[2025-12-17T08:00:06.639+0000] {standard_task_runner.py:60} INFO - Started process 4868 to run task
[2025-12-17T08:00:06.645+0000] {standard_task_runner.py:87} INFO - Running: ['***', 'tasks', 'run', 'etl_***', 'transform', 'scheduled__2024-11-30T00:00:00+00:00', '--job-id', '1381', '--raw', '--subdir', 'DAGS_FOLDER/etl_***.py', '--cfg-path', '/tmp/tmpl23q82cs']
[2025-12-17T08:00:06.650+0000] {standard_task_runner.py:88} INFO - Job 1381: Subtask transform
[2025-12-17T08:00:06.844+0000] {task_command.py:423} INFO - Running <TaskInstance: etl_airflow.transform scheduled__2024-11-30T00:00:00+00:00 [running]> on host 2a0de06c8905
[2025-12-17T08:00:07.289+0000] {taskinstance.py:2480} INFO - Exporting env vars: AIRFLOW_CTX_DAG_OWNER='***' AIRFLOW_CTX_DAG_ID='etl_***' AIRFLOW_CTX_TASK_ID='transform' AIRFLOW_CTX_EXECUTION_DATE='2024-11-30T00:00:00+00:00' AIRFLOW_CTX_TRY_NUMBER='2' AIRFLOW_CTX_DAG_RUN_ID='scheduled__2024-11-30T00:00:00+00:00'
[2025-12-17T08:00:07.291+0000] {taskinstance.py:2698} ERROR - Task failed with exception
Traceback (most recent call last):
  File "/home/airflow/.local/lib/python3.8/site-packages/airflow/models/taskinstance.py", line 433, in _execute_task
    result = execute_callable(context=context, **execute_callable_kwargs)
  File "/home/airflow/.local/lib/python3.8/site-packages/airflow/operators/python.py", line 199, in execute
    return_value = self.execute_callable()
  File "/home/airflow/.local/lib/python3.8/site-packages/airflow/operators/python.py", line 216, in execute_callable
    return self.python_callable(*self.op_args, **self.op_kwargs)
TypeError: transform_data() missing 1 required positional argument: 'df'
[2025-12-17T08:00:07.308+0000] {taskinstance.py:1138} INFO - Marking task as UP_FOR_RETRY. dag_id=etl_***, task_id=transform, execution_date=20241130T000000, start_date=20251217T080006, end_date=20251217T080007
[2025-12-17T08:00:07.328+0000] {standard_task_runner.py:107} ERROR - Failed to execute job 1381 for task transform (transform_data() missing 1 required positional argument: 'df'; 4868)
[2025-12-17T08:00:07.383+0000] {local_task_job_runner.py:234} INFO - Task exited with return code 1
[2025-12-17T08:00:07.427+0000] {taskinstance.py:3280} INFO - 0 downstream tasks scheduled from follow-on schedule check
