[2025-12-17T04:56:03.230+0000] {taskinstance.py:1956} INFO - Dependencies all met for dep_context=non-requeueable deps ti=<TaskInstance: etl_airflow.transform scheduled__2025-01-08T00:00:00+00:00 [queued]>
[2025-12-17T04:56:03.245+0000] {taskinstance.py:1956} INFO - Dependencies all met for dep_context=requeueable deps ti=<TaskInstance: etl_airflow.transform scheduled__2025-01-08T00:00:00+00:00 [queued]>
[2025-12-17T04:56:03.246+0000] {taskinstance.py:2170} INFO - Starting attempt 2 of 3
[2025-12-17T04:56:03.324+0000] {taskinstance.py:2191} INFO - Executing <Task(PythonOperator): transform> on 2025-01-08 00:00:00+00:00
[2025-12-17T04:56:03.332+0000] {standard_task_runner.py:60} INFO - Started process 5206 to run task
[2025-12-17T04:56:03.341+0000] {standard_task_runner.py:87} INFO - Running: ['***', 'tasks', 'run', 'etl_***', 'transform', 'scheduled__2025-01-08T00:00:00+00:00', '--job-id', '1512', '--raw', '--subdir', 'DAGS_FOLDER/etl_***.py', '--cfg-path', '/tmp/tmp6mr1ljzh']
[2025-12-17T04:56:03.344+0000] {standard_task_runner.py:88} INFO - Job 1512: Subtask transform
[2025-12-17T04:56:03.450+0000] {task_command.py:423} INFO - Running <TaskInstance: etl_airflow.transform scheduled__2025-01-08T00:00:00+00:00 [running]> on host b3426f05ac70
[2025-12-17T04:56:03.771+0000] {taskinstance.py:2480} INFO - Exporting env vars: AIRFLOW_CTX_DAG_OWNER='***' AIRFLOW_CTX_DAG_ID='etl_***' AIRFLOW_CTX_TASK_ID='transform' AIRFLOW_CTX_EXECUTION_DATE='2025-01-08T00:00:00+00:00' AIRFLOW_CTX_TRY_NUMBER='2' AIRFLOW_CTX_DAG_RUN_ID='scheduled__2025-01-08T00:00:00+00:00'
[2025-12-17T04:56:03.773+0000] {taskinstance.py:2698} ERROR - Task failed with exception
Traceback (most recent call last):
  File "/home/airflow/.local/lib/python3.8/site-packages/airflow/models/taskinstance.py", line 433, in _execute_task
    result = execute_callable(context=context, **execute_callable_kwargs)
  File "/home/airflow/.local/lib/python3.8/site-packages/airflow/operators/python.py", line 199, in execute
    return_value = self.execute_callable()
  File "/home/airflow/.local/lib/python3.8/site-packages/airflow/operators/python.py", line 216, in execute_callable
    return self.python_callable(*self.op_args, **self.op_kwargs)
TypeError: transform_data() missing 1 required positional argument: 'df'
[2025-12-17T04:56:03.791+0000] {taskinstance.py:1138} INFO - Marking task as UP_FOR_RETRY. dag_id=etl_***, task_id=transform, execution_date=20250108T000000, start_date=20251217T045603, end_date=20251217T045603
[2025-12-17T04:56:03.808+0000] {standard_task_runner.py:107} ERROR - Failed to execute job 1512 for task transform (transform_data() missing 1 required positional argument: 'df'; 5206)
[2025-12-17T04:56:03.837+0000] {local_task_job_runner.py:234} INFO - Task exited with return code 1
[2025-12-17T04:56:03.865+0000] {taskinstance.py:3280} INFO - 0 downstream tasks scheduled from follow-on schedule check
[2025-12-17T08:01:32.091+0000] {taskinstance.py:1956} INFO - Dependencies all met for dep_context=non-requeueable deps ti=<TaskInstance: etl_airflow.transform scheduled__2025-01-08T00:00:00+00:00 [queued]>
[2025-12-17T08:01:32.111+0000] {taskinstance.py:1956} INFO - Dependencies all met for dep_context=requeueable deps ti=<TaskInstance: etl_airflow.transform scheduled__2025-01-08T00:00:00+00:00 [queued]>
[2025-12-17T08:01:32.112+0000] {taskinstance.py:2170} INFO - Starting attempt 2 of 3
[2025-12-17T08:01:32.140+0000] {taskinstance.py:2191} INFO - Executing <Task(PythonOperator): transform> on 2025-01-08 00:00:00+00:00
[2025-12-17T08:01:32.156+0000] {standard_task_runner.py:60} INFO - Started process 5318 to run task
[2025-12-17T08:01:32.164+0000] {standard_task_runner.py:87} INFO - Running: ['***', 'tasks', 'run', 'etl_***', 'transform', 'scheduled__2025-01-08T00:00:00+00:00', '--job-id', '1514', '--raw', '--subdir', 'DAGS_FOLDER/etl_***.py', '--cfg-path', '/tmp/tmpvvsnecpa']
[2025-12-17T08:01:32.169+0000] {standard_task_runner.py:88} INFO - Job 1514: Subtask transform
[2025-12-17T08:01:32.315+0000] {task_command.py:423} INFO - Running <TaskInstance: etl_airflow.transform scheduled__2025-01-08T00:00:00+00:00 [running]> on host 2a0de06c8905
[2025-12-17T08:01:32.783+0000] {taskinstance.py:2480} INFO - Exporting env vars: AIRFLOW_CTX_DAG_OWNER='***' AIRFLOW_CTX_DAG_ID='etl_***' AIRFLOW_CTX_TASK_ID='transform' AIRFLOW_CTX_EXECUTION_DATE='2025-01-08T00:00:00+00:00' AIRFLOW_CTX_TRY_NUMBER='2' AIRFLOW_CTX_DAG_RUN_ID='scheduled__2025-01-08T00:00:00+00:00'
[2025-12-17T08:01:32.788+0000] {taskinstance.py:2698} ERROR - Task failed with exception
Traceback (most recent call last):
  File "/home/airflow/.local/lib/python3.8/site-packages/airflow/models/taskinstance.py", line 433, in _execute_task
    result = execute_callable(context=context, **execute_callable_kwargs)
  File "/home/airflow/.local/lib/python3.8/site-packages/airflow/operators/python.py", line 199, in execute
    return_value = self.execute_callable()
  File "/home/airflow/.local/lib/python3.8/site-packages/airflow/operators/python.py", line 216, in execute_callable
    return self.python_callable(*self.op_args, **self.op_kwargs)
TypeError: transform_data() missing 1 required positional argument: 'df'
[2025-12-17T08:01:32.805+0000] {taskinstance.py:1138} INFO - Marking task as UP_FOR_RETRY. dag_id=etl_***, task_id=transform, execution_date=20250108T000000, start_date=20251217T080132, end_date=20251217T080132
[2025-12-17T08:01:32.831+0000] {standard_task_runner.py:107} ERROR - Failed to execute job 1514 for task transform (transform_data() missing 1 required positional argument: 'df'; 5318)
[2025-12-17T08:01:32.860+0000] {local_task_job_runner.py:234} INFO - Task exited with return code 1
[2025-12-17T08:01:33.174+0000] {taskinstance.py:3280} INFO - 0 downstream tasks scheduled from follow-on schedule check
