[2025-12-16T17:15:36.230+0000] {taskinstance.py:1956} INFO - Dependencies all met for dep_context=non-requeueable deps ti=<TaskInstance: etl_airflow.transform scheduled__2025-01-08T00:00:00+00:00 [queued]>
[2025-12-16T17:15:36.263+0000] {taskinstance.py:1956} INFO - Dependencies all met for dep_context=requeueable deps ti=<TaskInstance: etl_airflow.transform scheduled__2025-01-08T00:00:00+00:00 [queued]>
[2025-12-16T17:15:36.266+0000] {taskinstance.py:2170} INFO - Starting attempt 1 of 3
[2025-12-16T17:15:36.304+0000] {taskinstance.py:2191} INFO - Executing <Task(PythonOperator): transform> on 2025-01-08 00:00:00+00:00
[2025-12-16T17:15:36.326+0000] {standard_task_runner.py:60} INFO - Started process 2099 to run task
[2025-12-16T17:15:36.340+0000] {standard_task_runner.py:87} INFO - Running: ['***', 'tasks', 'run', 'etl_***', 'transform', 'scheduled__2025-01-08T00:00:00+00:00', '--job-id', '4741', '--raw', '--subdir', 'DAGS_FOLDER/etl_dag.py', '--cfg-path', '/tmp/tmpu4v6ql0k']
[2025-12-16T17:15:36.348+0000] {standard_task_runner.py:88} INFO - Job 4741: Subtask transform
[2025-12-16T17:15:36.563+0000] {task_command.py:423} INFO - Running <TaskInstance: etl_airflow.transform scheduled__2025-01-08T00:00:00+00:00 [running]> on host 3b89cfee50e9
[2025-12-16T17:15:36.791+0000] {taskinstance.py:2480} INFO - Exporting env vars: AIRFLOW_CTX_DAG_OWNER='***' AIRFLOW_CTX_DAG_ID='etl_***' AIRFLOW_CTX_TASK_ID='transform' AIRFLOW_CTX_EXECUTION_DATE='2025-01-08T00:00:00+00:00' AIRFLOW_CTX_TRY_NUMBER='1' AIRFLOW_CTX_DAG_RUN_ID='scheduled__2025-01-08T00:00:00+00:00'
[2025-12-16T17:15:36.798+0000] {logging_mixin.py:188} INFO - [TRANSFORM]
[2025-12-16T17:15:37.283+0000] {logging_mixin.py:188} INFO - [TRANSFORM] done
[2025-12-16T17:15:37.286+0000] {python.py:201} INFO - Done. Returned value was: None
[2025-12-16T17:15:37.305+0000] {taskinstance.py:1138} INFO - Marking task as SUCCESS. dag_id=etl_***, task_id=transform, execution_date=20250108T000000, start_date=20251216T171536, end_date=20251216T171537
[2025-12-16T17:15:37.380+0000] {local_task_job_runner.py:234} INFO - Task exited with return code 0
[2025-12-16T17:15:37.432+0000] {taskinstance.py:3280} INFO - 1 downstream tasks scheduled from follow-on schedule check
[2025-12-17T01:56:40.038+0000] {taskinstance.py:1956} INFO - Dependencies all met for dep_context=non-requeueable deps ti=<TaskInstance: etl_airflow.transform scheduled__2025-01-08T00:00:00+00:00 [queued]>
[2025-12-17T01:56:40.055+0000] {taskinstance.py:1956} INFO - Dependencies all met for dep_context=requeueable deps ti=<TaskInstance: etl_airflow.transform scheduled__2025-01-08T00:00:00+00:00 [queued]>
[2025-12-17T01:56:40.058+0000] {taskinstance.py:2170} INFO - Starting attempt 1 of 3
[2025-12-17T01:56:40.181+0000] {taskinstance.py:2191} INFO - Executing <Task(PythonOperator): transform> on 2025-01-08 00:00:00+00:00
[2025-12-17T01:56:40.193+0000] {standard_task_runner.py:60} INFO - Started process 3835 to run task
[2025-12-17T01:56:40.203+0000] {standard_task_runner.py:87} INFO - Running: ['***', 'tasks', 'run', 'etl_***', 'transform', 'scheduled__2025-01-08T00:00:00+00:00', '--job-id', '1139', '--raw', '--subdir', 'DAGS_FOLDER/etl_dag.py', '--cfg-path', '/tmp/tmp5t9h5_gp']
[2025-12-17T01:56:40.211+0000] {standard_task_runner.py:88} INFO - Job 1139: Subtask transform
[2025-12-17T01:56:40.368+0000] {task_command.py:423} INFO - Running <TaskInstance: etl_airflow.transform scheduled__2025-01-08T00:00:00+00:00 [running]> on host 571e042550da
[2025-12-17T01:56:40.863+0000] {taskinstance.py:2480} INFO - Exporting env vars: AIRFLOW_CTX_DAG_OWNER='***' AIRFLOW_CTX_DAG_ID='etl_***' AIRFLOW_CTX_TASK_ID='transform' AIRFLOW_CTX_EXECUTION_DATE='2025-01-08T00:00:00+00:00' AIRFLOW_CTX_TRY_NUMBER='1' AIRFLOW_CTX_DAG_RUN_ID='scheduled__2025-01-08T00:00:00+00:00'
[2025-12-17T01:56:40.867+0000] {logging_mixin.py:188} INFO - [TRANSFORM]
[2025-12-17T01:56:40.922+0000] {logging_mixin.py:188} INFO - [TRANSFORM] done
[2025-12-17T01:56:40.924+0000] {python.py:201} INFO - Done. Returned value was: None
[2025-12-17T01:56:40.950+0000] {taskinstance.py:1138} INFO - Marking task as SUCCESS. dag_id=etl_***, task_id=transform, execution_date=20250108T000000, start_date=20251217T015640, end_date=20251217T015640
[2025-12-17T01:56:41.020+0000] {local_task_job_runner.py:234} INFO - Task exited with return code 0
[2025-12-17T01:56:41.093+0000] {taskinstance.py:3280} INFO - 1 downstream tasks scheduled from follow-on schedule check
[2025-12-17T04:55:51.068+0000] {taskinstance.py:1956} INFO - Dependencies all met for dep_context=non-requeueable deps ti=<TaskInstance: etl_airflow.transform scheduled__2025-01-08T00:00:00+00:00 [queued]>
[2025-12-17T04:55:51.084+0000] {taskinstance.py:1956} INFO - Dependencies all met for dep_context=requeueable deps ti=<TaskInstance: etl_airflow.transform scheduled__2025-01-08T00:00:00+00:00 [queued]>
[2025-12-17T04:55:51.085+0000] {taskinstance.py:2170} INFO - Starting attempt 1 of 3
[2025-12-17T04:55:51.208+0000] {taskinstance.py:2191} INFO - Executing <Task(PythonOperator): transform> on 2025-01-08 00:00:00+00:00
[2025-12-17T04:55:51.221+0000] {standard_task_runner.py:60} INFO - Started process 5150 to run task
[2025-12-17T04:55:51.228+0000] {standard_task_runner.py:87} INFO - Running: ['***', 'tasks', 'run', 'etl_***', 'transform', 'scheduled__2025-01-08T00:00:00+00:00', '--job-id', '1492', '--raw', '--subdir', 'DAGS_FOLDER/etl_***.py', '--cfg-path', '/tmp/tmpup8pvmdu']
[2025-12-17T04:55:51.234+0000] {standard_task_runner.py:88} INFO - Job 1492: Subtask transform
[2025-12-17T04:55:51.369+0000] {task_command.py:423} INFO - Running <TaskInstance: etl_airflow.transform scheduled__2025-01-08T00:00:00+00:00 [running]> on host b3426f05ac70
[2025-12-17T04:55:51.796+0000] {taskinstance.py:2480} INFO - Exporting env vars: AIRFLOW_CTX_DAG_OWNER='***' AIRFLOW_CTX_DAG_ID='etl_***' AIRFLOW_CTX_TASK_ID='transform' AIRFLOW_CTX_EXECUTION_DATE='2025-01-08T00:00:00+00:00' AIRFLOW_CTX_TRY_NUMBER='1' AIRFLOW_CTX_DAG_RUN_ID='scheduled__2025-01-08T00:00:00+00:00'
[2025-12-17T04:55:51.800+0000] {taskinstance.py:2698} ERROR - Task failed with exception
Traceback (most recent call last):
  File "/home/airflow/.local/lib/python3.8/site-packages/airflow/models/taskinstance.py", line 433, in _execute_task
    result = execute_callable(context=context, **execute_callable_kwargs)
  File "/home/airflow/.local/lib/python3.8/site-packages/airflow/operators/python.py", line 199, in execute
    return_value = self.execute_callable()
  File "/home/airflow/.local/lib/python3.8/site-packages/airflow/operators/python.py", line 216, in execute_callable
    return self.python_callable(*self.op_args, **self.op_kwargs)
TypeError: transform_data() missing 1 required positional argument: 'df'
[2025-12-17T04:55:51.816+0000] {taskinstance.py:1138} INFO - Marking task as UP_FOR_RETRY. dag_id=etl_***, task_id=transform, execution_date=20250108T000000, start_date=20251217T045551, end_date=20251217T045551
[2025-12-17T04:55:51.895+0000] {standard_task_runner.py:107} ERROR - Failed to execute job 1492 for task transform (transform_data() missing 1 required positional argument: 'df'; 5150)
[2025-12-17T04:55:51.931+0000] {local_task_job_runner.py:234} INFO - Task exited with return code 1
[2025-12-17T04:55:51.986+0000] {taskinstance.py:3280} INFO - 0 downstream tasks scheduled from follow-on schedule check
[2025-12-17T08:01:18.674+0000] {taskinstance.py:1956} INFO - Dependencies all met for dep_context=non-requeueable deps ti=<TaskInstance: etl_airflow.transform scheduled__2025-01-08T00:00:00+00:00 [queued]>
[2025-12-17T08:01:18.699+0000] {taskinstance.py:1956} INFO - Dependencies all met for dep_context=requeueable deps ti=<TaskInstance: etl_airflow.transform scheduled__2025-01-08T00:00:00+00:00 [queued]>
[2025-12-17T08:01:18.700+0000] {taskinstance.py:2170} INFO - Starting attempt 1 of 3
[2025-12-17T08:01:18.871+0000] {taskinstance.py:2191} INFO - Executing <Task(PythonOperator): transform> on 2025-01-08 00:00:00+00:00
[2025-12-17T08:01:18.886+0000] {standard_task_runner.py:60} INFO - Started process 5256 to run task
[2025-12-17T08:01:18.901+0000] {standard_task_runner.py:87} INFO - Running: ['***', 'tasks', 'run', 'etl_***', 'transform', 'scheduled__2025-01-08T00:00:00+00:00', '--job-id', '1497', '--raw', '--subdir', 'DAGS_FOLDER/etl_***.py', '--cfg-path', '/tmp/tmpj9jifc96']
[2025-12-17T08:01:18.910+0000] {standard_task_runner.py:88} INFO - Job 1497: Subtask transform
[2025-12-17T08:01:19.111+0000] {task_command.py:423} INFO - Running <TaskInstance: etl_airflow.transform scheduled__2025-01-08T00:00:00+00:00 [running]> on host 2a0de06c8905
[2025-12-17T08:01:19.622+0000] {taskinstance.py:2480} INFO - Exporting env vars: AIRFLOW_CTX_DAG_OWNER='***' AIRFLOW_CTX_DAG_ID='etl_***' AIRFLOW_CTX_TASK_ID='transform' AIRFLOW_CTX_EXECUTION_DATE='2025-01-08T00:00:00+00:00' AIRFLOW_CTX_TRY_NUMBER='1' AIRFLOW_CTX_DAG_RUN_ID='scheduled__2025-01-08T00:00:00+00:00'
[2025-12-17T08:01:19.624+0000] {taskinstance.py:2698} ERROR - Task failed with exception
Traceback (most recent call last):
  File "/home/airflow/.local/lib/python3.8/site-packages/airflow/models/taskinstance.py", line 433, in _execute_task
    result = execute_callable(context=context, **execute_callable_kwargs)
  File "/home/airflow/.local/lib/python3.8/site-packages/airflow/operators/python.py", line 199, in execute
    return_value = self.execute_callable()
  File "/home/airflow/.local/lib/python3.8/site-packages/airflow/operators/python.py", line 216, in execute_callable
    return self.python_callable(*self.op_args, **self.op_kwargs)
TypeError: transform_data() missing 1 required positional argument: 'df'
[2025-12-17T08:01:19.641+0000] {taskinstance.py:1138} INFO - Marking task as UP_FOR_RETRY. dag_id=etl_***, task_id=transform, execution_date=20250108T000000, start_date=20251217T080118, end_date=20251217T080119
[2025-12-17T08:01:19.663+0000] {standard_task_runner.py:107} ERROR - Failed to execute job 1497 for task transform (transform_data() missing 1 required positional argument: 'df'; 5256)
[2025-12-17T08:01:19.722+0000] {local_task_job_runner.py:234} INFO - Task exited with return code 1
[2025-12-17T08:01:19.758+0000] {taskinstance.py:3280} INFO - 0 downstream tasks scheduled from follow-on schedule check
