[2025-12-16T17:22:26.171+0000] {taskinstance.py:1956} INFO - Dependencies all met for dep_context=non-requeueable deps ti=<TaskInstance: etl_airflow.load scheduled__2024-04-14T00:00:00+00:00 [queued]>
[2025-12-16T17:22:26.196+0000] {taskinstance.py:1956} INFO - Dependencies all met for dep_context=requeueable deps ti=<TaskInstance: etl_airflow.load scheduled__2024-04-14T00:00:00+00:00 [queued]>
[2025-12-16T17:22:26.198+0000] {taskinstance.py:2170} INFO - Starting attempt 3 of 5
[2025-12-16T17:22:26.248+0000] {taskinstance.py:2191} INFO - Executing <Task(PythonOperator): load> on 2024-04-14 00:00:00+00:00
[2025-12-16T17:22:26.311+0000] {standard_task_runner.py:87} INFO - Running: ['***', 'tasks', 'run', 'etl_***', 'load', 'scheduled__2024-04-14T00:00:00+00:00', '--job-id', '6130', '--raw', '--subdir', 'DAGS_FOLDER/etl_dag.py', '--cfg-path', '/tmp/tmp93x1e2we']
[2025-12-16T17:22:26.338+0000] {standard_task_runner.py:88} INFO - Job 6130: Subtask load
[2025-12-16T17:22:26.333+0000] {standard_task_runner.py:60} INFO - Started process 6494 to run task
[2025-12-16T17:22:26.595+0000] {task_command.py:423} INFO - Running <TaskInstance: etl_airflow.load scheduled__2024-04-14T00:00:00+00:00 [running]> on host 3b89cfee50e9
[2025-12-16T17:22:26.847+0000] {taskinstance.py:2480} INFO - Exporting env vars: AIRFLOW_CTX_DAG_OWNER='***' AIRFLOW_CTX_DAG_ID='etl_***' AIRFLOW_CTX_TASK_ID='load' AIRFLOW_CTX_EXECUTION_DATE='2024-04-14T00:00:00+00:00' AIRFLOW_CTX_TRY_NUMBER='3' AIRFLOW_CTX_DAG_RUN_ID='scheduled__2024-04-14T00:00:00+00:00'
[2025-12-16T17:22:26.852+0000] {logging_mixin.py:188} INFO - [LOAD]
[2025-12-16T17:22:27.323+0000] {logging_mixin.py:188} INFO -    user_id event_type            timestamp country
0        1      login  2025-01-01T09:00:00      IN
1        1      click  2025-01-01T09:05:00      IN
2        1     logout  2025-01-01T09:15:00      IN
3        3      login  2025-01-02T08:00:00      FR
4        3      click  2025-01-02T08:05:00      FR
[2025-12-16T17:22:27.324+0000] {logging_mixin.py:188} INFO - [LOAD] done
[2025-12-16T17:22:27.325+0000] {python.py:201} INFO - Done. Returned value was: None
[2025-12-16T17:22:27.372+0000] {taskinstance.py:1138} INFO - Marking task as SUCCESS. dag_id=etl_***, task_id=load, execution_date=20240414T000000, start_date=20251216T172226, end_date=20251216T172227
[2025-12-16T17:22:27.483+0000] {local_task_job_runner.py:234} INFO - Task exited with return code 0
[2025-12-16T17:22:27.538+0000] {taskinstance.py:3280} INFO - 0 downstream tasks scheduled from follow-on schedule check
