[2025-12-16T17:14:43.919+0000] {taskinstance.py:1956} INFO - Dependencies all met for dep_context=non-requeueable deps ti=<TaskInstance: etl_airflow.transform scheduled__2024-11-02T00:00:00+00:00 [queued]>
[2025-12-16T17:14:43.945+0000] {taskinstance.py:1956} INFO - Dependencies all met for dep_context=requeueable deps ti=<TaskInstance: etl_airflow.transform scheduled__2024-11-02T00:00:00+00:00 [queued]>
[2025-12-16T17:14:43.947+0000] {taskinstance.py:2170} INFO - Starting attempt 1 of 3
[2025-12-16T17:14:43.982+0000] {taskinstance.py:2191} INFO - Executing <Task(PythonOperator): transform> on 2024-11-02 00:00:00+00:00
[2025-12-16T17:14:43.998+0000] {standard_task_runner.py:60} INFO - Started process 1471 to run task
[2025-12-16T17:14:44.008+0000] {standard_task_runner.py:87} INFO - Running: ['***', 'tasks', 'run', 'etl_***', 'transform', 'scheduled__2024-11-02T00:00:00+00:00', '--job-id', '4540', '--raw', '--subdir', 'DAGS_FOLDER/etl_dag.py', '--cfg-path', '/tmp/tmp_ks7hs4l']
[2025-12-16T17:14:44.014+0000] {standard_task_runner.py:88} INFO - Job 4540: Subtask transform
[2025-12-16T17:14:44.199+0000] {task_command.py:423} INFO - Running <TaskInstance: etl_airflow.transform scheduled__2024-11-02T00:00:00+00:00 [running]> on host 3b89cfee50e9
[2025-12-16T17:14:44.429+0000] {taskinstance.py:2480} INFO - Exporting env vars: AIRFLOW_CTX_DAG_OWNER='***' AIRFLOW_CTX_DAG_ID='etl_***' AIRFLOW_CTX_TASK_ID='transform' AIRFLOW_CTX_EXECUTION_DATE='2024-11-02T00:00:00+00:00' AIRFLOW_CTX_TRY_NUMBER='1' AIRFLOW_CTX_DAG_RUN_ID='scheduled__2024-11-02T00:00:00+00:00'
[2025-12-16T17:14:44.432+0000] {logging_mixin.py:188} INFO - [TRANSFORM]
[2025-12-16T17:14:44.794+0000] {logging_mixin.py:188} INFO - [TRANSFORM] done
[2025-12-16T17:14:44.795+0000] {python.py:201} INFO - Done. Returned value was: None
[2025-12-16T17:14:44.819+0000] {taskinstance.py:1138} INFO - Marking task as SUCCESS. dag_id=etl_***, task_id=transform, execution_date=20241102T000000, start_date=20251216T171443, end_date=20251216T171444
[2025-12-16T17:14:44.876+0000] {local_task_job_runner.py:234} INFO - Task exited with return code 0
[2025-12-16T17:14:44.937+0000] {taskinstance.py:3280} INFO - 1 downstream tasks scheduled from follow-on schedule check
[2025-12-17T01:55:32.595+0000] {taskinstance.py:1956} INFO - Dependencies all met for dep_context=non-requeueable deps ti=<TaskInstance: etl_airflow.transform scheduled__2024-11-02T00:00:00+00:00 [queued]>
[2025-12-17T01:55:32.626+0000] {taskinstance.py:1956} INFO - Dependencies all met for dep_context=requeueable deps ti=<TaskInstance: etl_airflow.transform scheduled__2024-11-02T00:00:00+00:00 [queued]>
[2025-12-17T01:55:32.632+0000] {taskinstance.py:2170} INFO - Starting attempt 1 of 3
[2025-12-17T01:55:32.672+0000] {taskinstance.py:2191} INFO - Executing <Task(PythonOperator): transform> on 2024-11-02 00:00:00+00:00
[2025-12-17T01:55:32.686+0000] {standard_task_runner.py:60} INFO - Started process 3177 to run task
[2025-12-17T01:55:32.695+0000] {standard_task_runner.py:87} INFO - Running: ['***', 'tasks', 'run', 'etl_***', 'transform', 'scheduled__2024-11-02T00:00:00+00:00', '--job-id', '930', '--raw', '--subdir', 'DAGS_FOLDER/etl_dag.py', '--cfg-path', '/tmp/tmpobdpg6or']
[2025-12-17T01:55:32.701+0000] {standard_task_runner.py:88} INFO - Job 930: Subtask transform
[2025-12-17T01:55:32.911+0000] {task_command.py:423} INFO - Running <TaskInstance: etl_airflow.transform scheduled__2024-11-02T00:00:00+00:00 [running]> on host 571e042550da
[2025-12-17T01:55:33.504+0000] {taskinstance.py:2480} INFO - Exporting env vars: AIRFLOW_CTX_DAG_OWNER='***' AIRFLOW_CTX_DAG_ID='etl_***' AIRFLOW_CTX_TASK_ID='transform' AIRFLOW_CTX_EXECUTION_DATE='2024-11-02T00:00:00+00:00' AIRFLOW_CTX_TRY_NUMBER='1' AIRFLOW_CTX_DAG_RUN_ID='scheduled__2024-11-02T00:00:00+00:00'
[2025-12-17T01:55:33.508+0000] {logging_mixin.py:188} INFO - [TRANSFORM]
[2025-12-17T01:55:33.550+0000] {logging_mixin.py:188} INFO - [TRANSFORM] done
[2025-12-17T01:55:33.552+0000] {python.py:201} INFO - Done. Returned value was: None
[2025-12-17T01:55:33.582+0000] {taskinstance.py:1138} INFO - Marking task as SUCCESS. dag_id=etl_***, task_id=transform, execution_date=20241102T000000, start_date=20251217T015532, end_date=20251217T015533
[2025-12-17T01:55:33.678+0000] {local_task_job_runner.py:234} INFO - Task exited with return code 0
[2025-12-17T01:55:33.736+0000] {taskinstance.py:3280} INFO - 1 downstream tasks scheduled from follow-on schedule check
[2025-12-17T04:53:26.025+0000] {taskinstance.py:1956} INFO - Dependencies all met for dep_context=non-requeueable deps ti=<TaskInstance: etl_airflow.transform scheduled__2024-11-02T00:00:00+00:00 [queued]>
[2025-12-17T04:53:26.048+0000] {taskinstance.py:1956} INFO - Dependencies all met for dep_context=requeueable deps ti=<TaskInstance: etl_airflow.transform scheduled__2024-11-02T00:00:00+00:00 [queued]>
[2025-12-17T04:53:26.049+0000] {taskinstance.py:2170} INFO - Starting attempt 1 of 3
[2025-12-17T04:53:26.172+0000] {taskinstance.py:2191} INFO - Executing <Task(PythonOperator): transform> on 2024-11-02 00:00:00+00:00
[2025-12-17T04:53:26.181+0000] {standard_task_runner.py:60} INFO - Started process 4286 to run task
[2025-12-17T04:53:26.189+0000] {standard_task_runner.py:87} INFO - Running: ['***', 'tasks', 'run', 'etl_***', 'transform', 'scheduled__2024-11-02T00:00:00+00:00', '--job-id', '1231', '--raw', '--subdir', 'DAGS_FOLDER/etl_***.py', '--cfg-path', '/tmp/tmptm9od1b9']
[2025-12-17T04:53:26.196+0000] {standard_task_runner.py:88} INFO - Job 1231: Subtask transform
[2025-12-17T04:53:26.356+0000] {task_command.py:423} INFO - Running <TaskInstance: etl_airflow.transform scheduled__2024-11-02T00:00:00+00:00 [running]> on host b3426f05ac70
[2025-12-17T04:53:26.783+0000] {taskinstance.py:2480} INFO - Exporting env vars: AIRFLOW_CTX_DAG_OWNER='***' AIRFLOW_CTX_DAG_ID='etl_***' AIRFLOW_CTX_TASK_ID='transform' AIRFLOW_CTX_EXECUTION_DATE='2024-11-02T00:00:00+00:00' AIRFLOW_CTX_TRY_NUMBER='1' AIRFLOW_CTX_DAG_RUN_ID='scheduled__2024-11-02T00:00:00+00:00'
[2025-12-17T04:53:26.786+0000] {taskinstance.py:2698} ERROR - Task failed with exception
Traceback (most recent call last):
  File "/home/airflow/.local/lib/python3.8/site-packages/airflow/models/taskinstance.py", line 433, in _execute_task
    result = execute_callable(context=context, **execute_callable_kwargs)
  File "/home/airflow/.local/lib/python3.8/site-packages/airflow/operators/python.py", line 199, in execute
    return_value = self.execute_callable()
  File "/home/airflow/.local/lib/python3.8/site-packages/airflow/operators/python.py", line 216, in execute_callable
    return self.python_callable(*self.op_args, **self.op_kwargs)
TypeError: transform_data() missing 1 required positional argument: 'df'
[2025-12-17T04:53:26.801+0000] {taskinstance.py:1138} INFO - Marking task as UP_FOR_RETRY. dag_id=etl_***, task_id=transform, execution_date=20241102T000000, start_date=20251217T045326, end_date=20251217T045326
[2025-12-17T04:53:26.894+0000] {standard_task_runner.py:107} ERROR - Failed to execute job 1231 for task transform (transform_data() missing 1 required positional argument: 'df'; 4286)
[2025-12-17T04:53:26.934+0000] {local_task_job_runner.py:234} INFO - Task exited with return code 1
[2025-12-17T04:53:27.255+0000] {taskinstance.py:3280} INFO - 0 downstream tasks scheduled from follow-on schedule check
[2025-12-17T07:58:35.322+0000] {taskinstance.py:1956} INFO - Dependencies all met for dep_context=non-requeueable deps ti=<TaskInstance: etl_airflow.transform scheduled__2024-11-02T00:00:00+00:00 [queued]>
[2025-12-17T07:58:35.360+0000] {taskinstance.py:1956} INFO - Dependencies all met for dep_context=requeueable deps ti=<TaskInstance: etl_airflow.transform scheduled__2024-11-02T00:00:00+00:00 [queued]>
[2025-12-17T07:58:35.366+0000] {taskinstance.py:2170} INFO - Starting attempt 1 of 3
[2025-12-17T07:58:35.636+0000] {taskinstance.py:2191} INFO - Executing <Task(PythonOperator): transform> on 2024-11-02 00:00:00+00:00
[2025-12-17T07:58:35.681+0000] {standard_task_runner.py:60} INFO - Started process 4392 to run task
[2025-12-17T07:58:35.739+0000] {standard_task_runner.py:87} INFO - Running: ['***', 'tasks', 'run', 'etl_***', 'transform', 'scheduled__2024-11-02T00:00:00+00:00', '--job-id', '1235', '--raw', '--subdir', 'DAGS_FOLDER/etl_***.py', '--cfg-path', '/tmp/tmpduer1jx4']
[2025-12-17T07:58:35.781+0000] {standard_task_runner.py:88} INFO - Job 1235: Subtask transform
[2025-12-17T07:58:36.104+0000] {task_command.py:423} INFO - Running <TaskInstance: etl_airflow.transform scheduled__2024-11-02T00:00:00+00:00 [running]> on host 2a0de06c8905
[2025-12-17T07:58:36.926+0000] {taskinstance.py:2480} INFO - Exporting env vars: AIRFLOW_CTX_DAG_OWNER='***' AIRFLOW_CTX_DAG_ID='etl_***' AIRFLOW_CTX_TASK_ID='transform' AIRFLOW_CTX_EXECUTION_DATE='2024-11-02T00:00:00+00:00' AIRFLOW_CTX_TRY_NUMBER='1' AIRFLOW_CTX_DAG_RUN_ID='scheduled__2024-11-02T00:00:00+00:00'
[2025-12-17T07:58:36.929+0000] {taskinstance.py:2698} ERROR - Task failed with exception
Traceback (most recent call last):
  File "/home/airflow/.local/lib/python3.8/site-packages/airflow/models/taskinstance.py", line 433, in _execute_task
    result = execute_callable(context=context, **execute_callable_kwargs)
  File "/home/airflow/.local/lib/python3.8/site-packages/airflow/operators/python.py", line 199, in execute
    return_value = self.execute_callable()
  File "/home/airflow/.local/lib/python3.8/site-packages/airflow/operators/python.py", line 216, in execute_callable
    return self.python_callable(*self.op_args, **self.op_kwargs)
TypeError: transform_data() missing 1 required positional argument: 'df'
[2025-12-17T07:58:36.968+0000] {taskinstance.py:1138} INFO - Marking task as UP_FOR_RETRY. dag_id=etl_***, task_id=transform, execution_date=20241102T000000, start_date=20251217T075835, end_date=20251217T075836
[2025-12-17T07:58:37.005+0000] {standard_task_runner.py:107} ERROR - Failed to execute job 1235 for task transform (transform_data() missing 1 required positional argument: 'df'; 4392)
[2025-12-17T07:58:37.074+0000] {local_task_job_runner.py:234} INFO - Task exited with return code 1
[2025-12-17T07:58:37.413+0000] {taskinstance.py:3280} INFO - 0 downstream tasks scheduled from follow-on schedule check
