[2025-12-16T17:16:28.287+0000] {taskinstance.py:1956} INFO - Dependencies all met for dep_context=non-requeueable deps ti=<TaskInstance: etl_airflow.load scheduled__2025-02-25T00:00:00+00:00 [queued]>
[2025-12-16T17:16:28.308+0000] {taskinstance.py:1956} INFO - Dependencies all met for dep_context=requeueable deps ti=<TaskInstance: etl_airflow.load scheduled__2025-02-25T00:00:00+00:00 [queued]>
[2025-12-16T17:16:28.310+0000] {taskinstance.py:2170} INFO - Starting attempt 1 of 3
[2025-12-16T17:16:28.338+0000] {taskinstance.py:2191} INFO - Executing <Task(PythonOperator): load> on 2025-02-25 00:00:00+00:00
[2025-12-16T17:16:28.350+0000] {standard_task_runner.py:60} INFO - Started process 2689 to run task
[2025-12-16T17:16:28.358+0000] {standard_task_runner.py:87} INFO - Running: ['***', 'tasks', 'run', 'etl_***', 'load', 'scheduled__2025-02-25T00:00:00+00:00', '--job-id', '4926', '--raw', '--subdir', 'DAGS_FOLDER/etl_dag.py', '--cfg-path', '/tmp/tmp_6ipd0ts']
[2025-12-16T17:16:28.363+0000] {standard_task_runner.py:88} INFO - Job 4926: Subtask load
[2025-12-16T17:16:28.536+0000] {task_command.py:423} INFO - Running <TaskInstance: etl_airflow.load scheduled__2025-02-25T00:00:00+00:00 [running]> on host 3b89cfee50e9
[2025-12-16T17:16:28.753+0000] {taskinstance.py:2480} INFO - Exporting env vars: AIRFLOW_CTX_DAG_OWNER='***' AIRFLOW_CTX_DAG_ID='etl_***' AIRFLOW_CTX_TASK_ID='load' AIRFLOW_CTX_EXECUTION_DATE='2025-02-25T00:00:00+00:00' AIRFLOW_CTX_TRY_NUMBER='1' AIRFLOW_CTX_DAG_RUN_ID='scheduled__2025-02-25T00:00:00+00:00'
[2025-12-16T17:16:28.753+0000] {logging_mixin.py:188} INFO - [LOAD]
[2025-12-16T17:16:29.110+0000] {logging_mixin.py:188} INFO -    user_id event_type            timestamp country
0        1      login  2025-01-01T09:00:00      IN
1        1      click  2025-01-01T09:05:00      IN
2        1     logout  2025-01-01T09:15:00      IN
3        3      login  2025-01-02T08:00:00      FR
4        3      click  2025-01-02T08:05:00      FR
[2025-12-16T17:16:29.111+0000] {logging_mixin.py:188} INFO - [LOAD] done
[2025-12-16T17:16:29.112+0000] {python.py:201} INFO - Done. Returned value was: None
[2025-12-16T17:16:29.139+0000] {taskinstance.py:1138} INFO - Marking task as SUCCESS. dag_id=etl_***, task_id=load, execution_date=20250225T000000, start_date=20251216T171628, end_date=20251216T171629
[2025-12-16T17:16:29.261+0000] {local_task_job_runner.py:234} INFO - Task exited with return code 0
[2025-12-16T17:16:29.302+0000] {taskinstance.py:3280} INFO - 0 downstream tasks scheduled from follow-on schedule check
[2025-12-17T01:57:29.344+0000] {taskinstance.py:1956} INFO - Dependencies all met for dep_context=non-requeueable deps ti=<TaskInstance: etl_airflow.load scheduled__2025-02-25T00:00:00+00:00 [queued]>
[2025-12-17T01:57:29.359+0000] {taskinstance.py:1956} INFO - Dependencies all met for dep_context=requeueable deps ti=<TaskInstance: etl_airflow.load scheduled__2025-02-25T00:00:00+00:00 [queued]>
[2025-12-17T01:57:29.361+0000] {taskinstance.py:2170} INFO - Starting attempt 1 of 3
[2025-12-17T01:57:29.381+0000] {taskinstance.py:2191} INFO - Executing <Task(PythonOperator): load> on 2025-02-25 00:00:00+00:00
[2025-12-17T01:57:29.389+0000] {standard_task_runner.py:60} INFO - Started process 4292 to run task
[2025-12-17T01:57:29.395+0000] {standard_task_runner.py:87} INFO - Running: ['***', 'tasks', 'run', 'etl_***', 'load', 'scheduled__2025-02-25T00:00:00+00:00', '--job-id', '1289', '--raw', '--subdir', 'DAGS_FOLDER/etl_dag.py', '--cfg-path', '/tmp/tmpjecbfe8i']
[2025-12-17T01:57:29.400+0000] {standard_task_runner.py:88} INFO - Job 1289: Subtask load
[2025-12-17T01:57:29.518+0000] {task_command.py:423} INFO - Running <TaskInstance: etl_airflow.load scheduled__2025-02-25T00:00:00+00:00 [running]> on host 571e042550da
[2025-12-17T01:57:29.846+0000] {taskinstance.py:2480} INFO - Exporting env vars: AIRFLOW_CTX_DAG_OWNER='***' AIRFLOW_CTX_DAG_ID='etl_***' AIRFLOW_CTX_TASK_ID='load' AIRFLOW_CTX_EXECUTION_DATE='2025-02-25T00:00:00+00:00' AIRFLOW_CTX_TRY_NUMBER='1' AIRFLOW_CTX_DAG_RUN_ID='scheduled__2025-02-25T00:00:00+00:00'
[2025-12-17T01:57:29.849+0000] {logging_mixin.py:188} INFO - [LOAD]
[2025-12-17T01:57:29.874+0000] {logging_mixin.py:188} INFO -    user_id event_type            timestamp country
0        1      login  2025-01-01T09:00:00      IN
1        1      click  2025-01-01T09:05:00      IN
2        1     logout  2025-01-01T09:15:00      IN
3        3      login  2025-01-02T08:00:00      FR
4        3      click  2025-01-02T08:05:00      FR
[2025-12-17T01:57:29.879+0000] {logging_mixin.py:188} INFO - [LOAD] done
[2025-12-17T01:57:29.880+0000] {python.py:201} INFO - Done. Returned value was: None
[2025-12-17T01:57:29.902+0000] {taskinstance.py:1138} INFO - Marking task as SUCCESS. dag_id=etl_***, task_id=load, execution_date=20250225T000000, start_date=20251217T015729, end_date=20251217T015729
[2025-12-17T01:57:29.974+0000] {local_task_job_runner.py:234} INFO - Task exited with return code 0
[2025-12-17T01:57:29.999+0000] {taskinstance.py:3280} INFO - 0 downstream tasks scheduled from follow-on schedule check
