[2025-12-16T16:42:14.583+0000] {taskinstance.py:1956} INFO - Dependencies all met for dep_context=non-requeueable deps ti=<TaskInstance: etl_airflow.extract scheduled__2024-11-25T00:00:00+00:00 [queued]>
[2025-12-16T16:42:14.607+0000] {taskinstance.py:1956} INFO - Dependencies all met for dep_context=requeueable deps ti=<TaskInstance: etl_airflow.extract scheduled__2024-11-25T00:00:00+00:00 [queued]>
[2025-12-16T16:42:14.608+0000] {taskinstance.py:2170} INFO - Starting attempt 1 of 3
[2025-12-16T16:42:14.698+0000] {taskinstance.py:2191} INFO - Executing <Task(PythonOperator): extract> on 2024-11-25 00:00:00+00:00
[2025-12-16T16:42:14.717+0000] {standard_task_runner.py:60} INFO - Started process 505 to run task
[2025-12-16T16:42:14.730+0000] {standard_task_runner.py:87} INFO - Running: ['***', 'tasks', 'run', 'etl_***', 'extract', 'scheduled__2024-11-25T00:00:00+00:00', '--job-id', '974', '--raw', '--subdir', 'DAGS_FOLDER/etl_dag.py', '--cfg-path', '/tmp/tmpqk1llell']
[2025-12-16T16:42:14.740+0000] {standard_task_runner.py:88} INFO - Job 974: Subtask extract
[2025-12-16T16:42:14.977+0000] {task_command.py:423} INFO - Running <TaskInstance: etl_airflow.extract scheduled__2024-11-25T00:00:00+00:00 [running]> on host db658e834d9d
[2025-12-16T16:42:15.300+0000] {taskinstance.py:2480} INFO - Exporting env vars: AIRFLOW_CTX_DAG_OWNER='***' AIRFLOW_CTX_DAG_ID='etl_***' AIRFLOW_CTX_TASK_ID='extract' AIRFLOW_CTX_EXECUTION_DATE='2024-11-25T00:00:00+00:00' AIRFLOW_CTX_TRY_NUMBER='1' AIRFLOW_CTX_DAG_RUN_ID='scheduled__2024-11-25T00:00:00+00:00'
[2025-12-16T16:42:15.306+0000] {logging_mixin.py:188} INFO - Extracting data from /opt/***/data/input.csv
[2025-12-16T16:42:15.320+0000] {taskinstance.py:2698} ERROR - Task failed with exception
Traceback (most recent call last):
  File "/home/airflow/.local/lib/python3.8/site-packages/airflow/models/taskinstance.py", line 433, in _execute_task
    result = execute_callable(context=context, **execute_callable_kwargs)
  File "/home/airflow/.local/lib/python3.8/site-packages/airflow/operators/python.py", line 199, in execute
    return_value = self.execute_callable()
  File "/home/airflow/.local/lib/python3.8/site-packages/airflow/operators/python.py", line 216, in execute_callable
    return self.python_callable(*self.op_args, **self.op_kwargs)
  File "/opt/airflow/etl_logic/pipeline.py", line 97, in extract_data
    df = pd.read_csv(input_path)
  File "/home/airflow/.local/lib/python3.8/site-packages/pandas/io/parsers/readers.py", line 912, in read_csv
    return _read(filepath_or_buffer, kwds)
  File "/home/airflow/.local/lib/python3.8/site-packages/pandas/io/parsers/readers.py", line 577, in _read
    parser = TextFileReader(filepath_or_buffer, **kwds)
  File "/home/airflow/.local/lib/python3.8/site-packages/pandas/io/parsers/readers.py", line 1407, in __init__
    self._engine = self._make_engine(f, self.engine)
  File "/home/airflow/.local/lib/python3.8/site-packages/pandas/io/parsers/readers.py", line 1661, in _make_engine
    self.handles = get_handle(
  File "/home/airflow/.local/lib/python3.8/site-packages/pandas/io/common.py", line 859, in get_handle
    handle = open(
FileNotFoundError: [Errno 2] No such file or directory: '/opt/airflow/data/input.csv'
[2025-12-16T16:42:15.368+0000] {taskinstance.py:1138} INFO - Marking task as UP_FOR_RETRY. dag_id=etl_***, task_id=extract, execution_date=20241125T000000, start_date=20251216T164214, end_date=20251216T164215
[2025-12-16T16:42:15.415+0000] {standard_task_runner.py:107} ERROR - Failed to execute job 974 for task extract ([Errno 2] No such file or directory: '/opt/airflow/data/input.csv'; 505)
[2025-12-16T16:42:15.478+0000] {local_task_job_runner.py:234} INFO - Task exited with return code 1
[2025-12-16T16:42:15.559+0000] {taskinstance.py:3280} INFO - 0 downstream tasks scheduled from follow-on schedule check
[2025-12-17T01:55:55.717+0000] {taskinstance.py:1956} INFO - Dependencies all met for dep_context=non-requeueable deps ti=<TaskInstance: etl_airflow.extract scheduled__2024-11-25T00:00:00+00:00 [queued]>
[2025-12-17T01:55:55.737+0000] {taskinstance.py:1956} INFO - Dependencies all met for dep_context=requeueable deps ti=<TaskInstance: etl_airflow.extract scheduled__2024-11-25T00:00:00+00:00 [queued]>
[2025-12-17T01:55:55.739+0000] {taskinstance.py:2170} INFO - Starting attempt 1 of 3
[2025-12-17T01:55:55.841+0000] {taskinstance.py:2191} INFO - Executing <Task(PythonOperator): extract> on 2024-11-25 00:00:00+00:00
[2025-12-17T01:55:55.853+0000] {standard_task_runner.py:60} INFO - Started process 3371 to run task
[2025-12-17T01:55:55.858+0000] {standard_task_runner.py:87} INFO - Running: ['***', 'tasks', 'run', 'etl_***', 'extract', 'scheduled__2024-11-25T00:00:00+00:00', '--job-id', '996', '--raw', '--subdir', 'DAGS_FOLDER/etl_dag.py', '--cfg-path', '/tmp/tmp_kcikibk']
[2025-12-17T01:55:55.863+0000] {standard_task_runner.py:88} INFO - Job 996: Subtask extract
[2025-12-17T01:55:56.010+0000] {task_command.py:423} INFO - Running <TaskInstance: etl_airflow.extract scheduled__2024-11-25T00:00:00+00:00 [running]> on host 571e042550da
[2025-12-17T01:55:56.461+0000] {taskinstance.py:2480} INFO - Exporting env vars: AIRFLOW_CTX_DAG_OWNER='***' AIRFLOW_CTX_DAG_ID='etl_***' AIRFLOW_CTX_TASK_ID='extract' AIRFLOW_CTX_EXECUTION_DATE='2024-11-25T00:00:00+00:00' AIRFLOW_CTX_TRY_NUMBER='1' AIRFLOW_CTX_DAG_RUN_ID='scheduled__2024-11-25T00:00:00+00:00'
[2025-12-17T01:55:56.464+0000] {logging_mixin.py:188} INFO - [EXTRACT] Reading /opt/***/data/synthetic_events.csv
[2025-12-17T01:55:56.499+0000] {logging_mixin.py:188} INFO - [EXTRACT] done
[2025-12-17T01:55:56.500+0000] {python.py:201} INFO - Done. Returned value was: None
[2025-12-17T01:55:56.522+0000] {taskinstance.py:1138} INFO - Marking task as SUCCESS. dag_id=etl_***, task_id=extract, execution_date=20241125T000000, start_date=20251217T015555, end_date=20251217T015556
[2025-12-17T01:55:56.602+0000] {local_task_job_runner.py:234} INFO - Task exited with return code 0
[2025-12-17T01:55:56.674+0000] {taskinstance.py:3280} INFO - 1 downstream tasks scheduled from follow-on schedule check
[2025-12-17T04:54:01.992+0000] {taskinstance.py:1956} INFO - Dependencies all met for dep_context=non-requeueable deps ti=<TaskInstance: etl_airflow.extract scheduled__2024-11-25T00:00:00+00:00 [queued]>
[2025-12-17T04:54:02.005+0000] {taskinstance.py:1956} INFO - Dependencies all met for dep_context=requeueable deps ti=<TaskInstance: etl_airflow.extract scheduled__2024-11-25T00:00:00+00:00 [queued]>
[2025-12-17T04:54:02.006+0000] {taskinstance.py:2170} INFO - Starting attempt 1 of 3
[2025-12-17T04:54:02.027+0000] {taskinstance.py:2191} INFO - Executing <Task(PythonOperator): extract> on 2024-11-25 00:00:00+00:00
[2025-12-17T04:54:02.034+0000] {standard_task_runner.py:60} INFO - Started process 4495 to run task
[2025-12-17T04:54:02.037+0000] {standard_task_runner.py:87} INFO - Running: ['***', 'tasks', 'run', 'etl_***', 'extract', 'scheduled__2024-11-25T00:00:00+00:00', '--job-id', '1296', '--raw', '--subdir', 'DAGS_FOLDER/etl_***.py', '--cfg-path', '/tmp/tmpv1w3r90a']
[2025-12-17T04:54:02.040+0000] {standard_task_runner.py:88} INFO - Job 1296: Subtask extract
[2025-12-17T04:54:02.149+0000] {task_command.py:423} INFO - Running <TaskInstance: etl_airflow.extract scheduled__2024-11-25T00:00:00+00:00 [running]> on host b3426f05ac70
[2025-12-17T04:54:02.497+0000] {taskinstance.py:2480} INFO - Exporting env vars: AIRFLOW_CTX_DAG_OWNER='***' AIRFLOW_CTX_DAG_ID='etl_***' AIRFLOW_CTX_TASK_ID='extract' AIRFLOW_CTX_EXECUTION_DATE='2024-11-25T00:00:00+00:00' AIRFLOW_CTX_TRY_NUMBER='1' AIRFLOW_CTX_DAG_RUN_ID='scheduled__2024-11-25T00:00:00+00:00'
[2025-12-17T04:54:02.518+0000] {python.py:201} INFO - Done. Returned value was:    user_id event_type           timestamp country
0        1      login 2025-01-01 09:00:00      IN
1        1      click 2025-01-01 09:05:00      IN
2        1     logout 2025-01-01 09:15:00      IN
3        2      login 2025-01-01 10:00:00      US
4        2      click 2025-01-01 10:10:00      US
5        2     logout 2025-01-01 10:20:00      US
6        3      login 2025-01-02 08:00:00      FR
7        3      click 2025-01-02 08:05:00      FR
8        3     logout 2025-01-02 08:30:00      FR
[2025-12-17T04:54:02.586+0000] {taskinstance.py:1138} INFO - Marking task as SUCCESS. dag_id=etl_***, task_id=extract, execution_date=20241125T000000, start_date=20251217T045401, end_date=20251217T045402
[2025-12-17T04:54:02.655+0000] {local_task_job_runner.py:234} INFO - Task exited with return code 0
[2025-12-17T04:54:02.841+0000] {taskinstance.py:3280} INFO - 0 downstream tasks scheduled from follow-on schedule check
[2025-12-17T07:59:15.331+0000] {taskinstance.py:1956} INFO - Dependencies all met for dep_context=non-requeueable deps ti=<TaskInstance: etl_airflow.extract scheduled__2024-11-25T00:00:00+00:00 [queued]>
[2025-12-17T07:59:15.367+0000] {taskinstance.py:1956} INFO - Dependencies all met for dep_context=requeueable deps ti=<TaskInstance: etl_airflow.extract scheduled__2024-11-25T00:00:00+00:00 [queued]>
[2025-12-17T07:59:15.373+0000] {taskinstance.py:2170} INFO - Starting attempt 1 of 3
[2025-12-17T07:59:15.615+0000] {taskinstance.py:2191} INFO - Executing <Task(PythonOperator): extract> on 2024-11-25 00:00:00+00:00
[2025-12-17T07:59:15.665+0000] {standard_task_runner.py:60} INFO - Started process 4597 to run task
[2025-12-17T07:59:15.684+0000] {standard_task_runner.py:87} INFO - Running: ['***', 'tasks', 'run', 'etl_***', 'extract', 'scheduled__2024-11-25T00:00:00+00:00', '--job-id', '1299', '--raw', '--subdir', 'DAGS_FOLDER/etl_***.py', '--cfg-path', '/tmp/tmpqai0n_44']
[2025-12-17T07:59:15.699+0000] {standard_task_runner.py:88} INFO - Job 1299: Subtask extract
[2025-12-17T07:59:15.936+0000] {task_command.py:423} INFO - Running <TaskInstance: etl_airflow.extract scheduled__2024-11-25T00:00:00+00:00 [running]> on host 2a0de06c8905
[2025-12-17T07:59:16.594+0000] {taskinstance.py:2480} INFO - Exporting env vars: AIRFLOW_CTX_DAG_OWNER='***' AIRFLOW_CTX_DAG_ID='etl_***' AIRFLOW_CTX_TASK_ID='extract' AIRFLOW_CTX_EXECUTION_DATE='2024-11-25T00:00:00+00:00' AIRFLOW_CTX_TRY_NUMBER='1' AIRFLOW_CTX_DAG_RUN_ID='scheduled__2024-11-25T00:00:00+00:00'
[2025-12-17T07:59:16.639+0000] {python.py:201} INFO - Done. Returned value was:    user_id event_type           timestamp country
0        1      login 2025-01-01 09:00:00      IN
1        1      click 2025-01-01 09:05:00      IN
2        1     logout 2025-01-01 09:15:00      IN
3        2      login 2025-01-01 10:00:00      US
4        2      click 2025-01-01 10:10:00      US
5        2     logout 2025-01-01 10:20:00      US
6        3      login 2025-01-02 08:00:00      FR
7        3      click 2025-01-02 08:05:00      FR
8        3     logout 2025-01-02 08:30:00      FR
[2025-12-17T07:59:16.717+0000] {taskinstance.py:1138} INFO - Marking task as SUCCESS. dag_id=etl_***, task_id=extract, execution_date=20241125T000000, start_date=20251217T075915, end_date=20251217T075916
[2025-12-17T07:59:16.776+0000] {local_task_job_runner.py:234} INFO - Task exited with return code 0
[2025-12-17T07:59:17.065+0000] {taskinstance.py:3280} INFO - 0 downstream tasks scheduled from follow-on schedule check
