[2025-12-16T17:18:59.962+0000] {taskinstance.py:1956} INFO - Dependencies all met for dep_context=non-requeueable deps ti=<TaskInstance: etl_airflow.transform scheduled__2024-03-02T00:00:00+00:00 [queued]>
[2025-12-16T17:18:59.992+0000] {taskinstance.py:1956} INFO - Dependencies all met for dep_context=requeueable deps ti=<TaskInstance: etl_airflow.transform scheduled__2024-03-02T00:00:00+00:00 [queued]>
[2025-12-16T17:18:59.998+0000] {taskinstance.py:2170} INFO - Starting attempt 2 of 4
[2025-12-16T17:19:00.044+0000] {taskinstance.py:2191} INFO - Executing <Task(PythonOperator): transform> on 2024-03-02 00:00:00+00:00
[2025-12-16T17:19:00.062+0000] {standard_task_runner.py:60} INFO - Started process 4002 to run task
[2025-12-16T17:19:00.071+0000] {standard_task_runner.py:87} INFO - Running: ['***', 'tasks', 'run', 'etl_***', 'transform', 'scheduled__2024-03-02T00:00:00+00:00', '--job-id', '5336', '--raw', '--subdir', 'DAGS_FOLDER/etl_dag.py', '--cfg-path', '/tmp/tmpcqcw7gft']
[2025-12-16T17:19:00.079+0000] {standard_task_runner.py:88} INFO - Job 5336: Subtask transform
[2025-12-16T17:19:00.267+0000] {task_command.py:423} INFO - Running <TaskInstance: etl_airflow.transform scheduled__2024-03-02T00:00:00+00:00 [running]> on host 3b89cfee50e9
[2025-12-16T17:19:00.597+0000] {taskinstance.py:2480} INFO - Exporting env vars: AIRFLOW_CTX_DAG_OWNER='***' AIRFLOW_CTX_DAG_ID='etl_***' AIRFLOW_CTX_TASK_ID='transform' AIRFLOW_CTX_EXECUTION_DATE='2024-03-02T00:00:00+00:00' AIRFLOW_CTX_TRY_NUMBER='2' AIRFLOW_CTX_DAG_RUN_ID='scheduled__2024-03-02T00:00:00+00:00'
[2025-12-16T17:19:00.602+0000] {logging_mixin.py:188} INFO - [TRANSFORM]
[2025-12-16T17:19:01.078+0000] {logging_mixin.py:188} INFO - [TRANSFORM] done
[2025-12-16T17:19:01.080+0000] {python.py:201} INFO - Done. Returned value was: None
[2025-12-16T17:19:01.117+0000] {taskinstance.py:1138} INFO - Marking task as SUCCESS. dag_id=etl_***, task_id=transform, execution_date=20240302T000000, start_date=20251216T171859, end_date=20251216T171901
[2025-12-16T17:19:01.209+0000] {local_task_job_runner.py:234} INFO - Task exited with return code 0
[2025-12-16T17:19:01.274+0000] {taskinstance.py:3280} INFO - 1 downstream tasks scheduled from follow-on schedule check
[2025-12-17T04:44:21.472+0000] {taskinstance.py:1956} INFO - Dependencies all met for dep_context=non-requeueable deps ti=<TaskInstance: etl_airflow.transform scheduled__2024-03-02T00:00:00+00:00 [queued]>
[2025-12-17T04:44:21.485+0000] {taskinstance.py:1956} INFO - Dependencies all met for dep_context=requeueable deps ti=<TaskInstance: etl_airflow.transform scheduled__2024-03-02T00:00:00+00:00 [queued]>
[2025-12-17T04:44:21.486+0000] {taskinstance.py:2170} INFO - Starting attempt 2 of 3
[2025-12-17T04:44:21.502+0000] {taskinstance.py:2191} INFO - Executing <Task(PythonOperator): transform> on 2024-03-02 00:00:00+00:00
[2025-12-17T04:44:21.507+0000] {standard_task_runner.py:60} INFO - Started process 1012 to run task
[2025-12-17T04:44:21.512+0000] {standard_task_runner.py:87} INFO - Running: ['***', 'tasks', 'run', 'etl_***', 'transform', 'scheduled__2024-03-02T00:00:00+00:00', '--job-id', '240', '--raw', '--subdir', 'DAGS_FOLDER/etl_***.py', '--cfg-path', '/tmp/tmpdw47ota1']
[2025-12-17T04:44:21.515+0000] {standard_task_runner.py:88} INFO - Job 240: Subtask transform
[2025-12-17T04:44:21.610+0000] {task_command.py:423} INFO - Running <TaskInstance: etl_airflow.transform scheduled__2024-03-02T00:00:00+00:00 [running]> on host b3426f05ac70
[2025-12-17T04:44:21.912+0000] {taskinstance.py:2480} INFO - Exporting env vars: AIRFLOW_CTX_DAG_OWNER='***' AIRFLOW_CTX_DAG_ID='etl_***' AIRFLOW_CTX_TASK_ID='transform' AIRFLOW_CTX_EXECUTION_DATE='2024-03-02T00:00:00+00:00' AIRFLOW_CTX_TRY_NUMBER='2' AIRFLOW_CTX_DAG_RUN_ID='scheduled__2024-03-02T00:00:00+00:00'
[2025-12-17T04:44:21.915+0000] {taskinstance.py:2698} ERROR - Task failed with exception
Traceback (most recent call last):
  File "/home/airflow/.local/lib/python3.8/site-packages/airflow/models/taskinstance.py", line 433, in _execute_task
    result = execute_callable(context=context, **execute_callable_kwargs)
  File "/home/airflow/.local/lib/python3.8/site-packages/airflow/operators/python.py", line 199, in execute
    return_value = self.execute_callable()
  File "/home/airflow/.local/lib/python3.8/site-packages/airflow/operators/python.py", line 216, in execute_callable
    return self.python_callable(*self.op_args, **self.op_kwargs)
TypeError: transform_data() missing 1 required positional argument: 'df'
[2025-12-17T04:44:21.929+0000] {taskinstance.py:1138} INFO - Marking task as UP_FOR_RETRY. dag_id=etl_***, task_id=transform, execution_date=20240302T000000, start_date=20251217T044421, end_date=20251217T044421
[2025-12-17T04:44:21.959+0000] {standard_task_runner.py:107} ERROR - Failed to execute job 240 for task transform (transform_data() missing 1 required positional argument: 'df'; 1012)
[2025-12-17T04:44:22.009+0000] {local_task_job_runner.py:234} INFO - Task exited with return code 1
[2025-12-17T04:44:22.057+0000] {taskinstance.py:3280} INFO - 0 downstream tasks scheduled from follow-on schedule check
[2025-12-17T07:37:39.033+0000] {taskinstance.py:1956} INFO - Dependencies all met for dep_context=non-requeueable deps ti=<TaskInstance: etl_airflow.transform scheduled__2024-03-02T00:00:00+00:00 [queued]>
[2025-12-17T07:37:39.049+0000] {taskinstance.py:1956} INFO - Dependencies all met for dep_context=requeueable deps ti=<TaskInstance: etl_airflow.transform scheduled__2024-03-02T00:00:00+00:00 [queued]>
[2025-12-17T07:37:39.050+0000] {taskinstance.py:2170} INFO - Starting attempt 2 of 3
[2025-12-17T07:37:39.073+0000] {taskinstance.py:2191} INFO - Executing <Task(PythonOperator): transform> on 2024-03-02 00:00:00+00:00
[2025-12-17T07:37:39.083+0000] {standard_task_runner.py:60} INFO - Started process 1071 to run task
[2025-12-17T07:37:39.096+0000] {standard_task_runner.py:87} INFO - Running: ['***', 'tasks', 'run', 'etl_***', 'transform', 'scheduled__2024-03-02T00:00:00+00:00', '--job-id', '240', '--raw', '--subdir', 'DAGS_FOLDER/etl_***.py', '--cfg-path', '/tmp/tmpvjrogivb']
[2025-12-17T07:37:39.110+0000] {standard_task_runner.py:88} INFO - Job 240: Subtask transform
[2025-12-17T07:37:39.310+0000] {task_command.py:423} INFO - Running <TaskInstance: etl_airflow.transform scheduled__2024-03-02T00:00:00+00:00 [running]> on host 2a0de06c8905
[2025-12-17T07:37:40.046+0000] {taskinstance.py:2480} INFO - Exporting env vars: AIRFLOW_CTX_DAG_OWNER='***' AIRFLOW_CTX_DAG_ID='etl_***' AIRFLOW_CTX_TASK_ID='transform' AIRFLOW_CTX_EXECUTION_DATE='2024-03-02T00:00:00+00:00' AIRFLOW_CTX_TRY_NUMBER='2' AIRFLOW_CTX_DAG_RUN_ID='scheduled__2024-03-02T00:00:00+00:00'
[2025-12-17T07:37:40.053+0000] {taskinstance.py:2698} ERROR - Task failed with exception
Traceback (most recent call last):
  File "/home/airflow/.local/lib/python3.8/site-packages/airflow/models/taskinstance.py", line 433, in _execute_task
    result = execute_callable(context=context, **execute_callable_kwargs)
  File "/home/airflow/.local/lib/python3.8/site-packages/airflow/operators/python.py", line 199, in execute
    return_value = self.execute_callable()
  File "/home/airflow/.local/lib/python3.8/site-packages/airflow/operators/python.py", line 216, in execute_callable
    return self.python_callable(*self.op_args, **self.op_kwargs)
TypeError: transform_data() missing 1 required positional argument: 'df'
[2025-12-17T07:37:40.095+0000] {taskinstance.py:1138} INFO - Marking task as UP_FOR_RETRY. dag_id=etl_***, task_id=transform, execution_date=20240302T000000, start_date=20251217T073739, end_date=20251217T073740
[2025-12-17T07:37:40.158+0000] {standard_task_runner.py:107} ERROR - Failed to execute job 240 for task transform (transform_data() missing 1 required positional argument: 'df'; 1071)
[2025-12-17T07:37:40.202+0000] {local_task_job_runner.py:234} INFO - Task exited with return code 1
[2025-12-17T07:37:40.251+0000] {taskinstance.py:3280} INFO - 0 downstream tasks scheduled from follow-on schedule check
