[2025-12-16T16:37:24.388+0000] {taskinstance.py:1956} INFO - Dependencies all met for dep_context=non-requeueable deps ti=<TaskInstance: etl_airflow.extract scheduled__2024-08-06T00:00:00+00:00 [queued]>
[2025-12-16T16:37:24.404+0000] {taskinstance.py:1956} INFO - Dependencies all met for dep_context=requeueable deps ti=<TaskInstance: etl_airflow.extract scheduled__2024-08-06T00:00:00+00:00 [queued]>
[2025-12-16T16:37:24.406+0000] {taskinstance.py:2170} INFO - Starting attempt 1 of 3
[2025-12-16T16:37:24.434+0000] {taskinstance.py:2191} INFO - Executing <Task(PythonOperator): extract> on 2024-08-06 00:00:00+00:00
[2025-12-16T16:37:24.443+0000] {standard_task_runner.py:60} INFO - Started process 1001 to run task
[2025-12-16T16:37:24.449+0000] {standard_task_runner.py:87} INFO - Running: ['***', 'tasks', 'run', 'etl_***', 'extract', 'scheduled__2024-08-06T00:00:00+00:00', '--job-id', '637', '--raw', '--subdir', 'DAGS_FOLDER/etl_dag.py', '--cfg-path', '/tmp/tmpi2cm0j79']
[2025-12-16T16:37:24.453+0000] {standard_task_runner.py:88} INFO - Job 637: Subtask extract
[2025-12-16T16:37:24.575+0000] {task_command.py:423} INFO - Running <TaskInstance: etl_airflow.extract scheduled__2024-08-06T00:00:00+00:00 [running]> on host 02b83863a69a
[2025-12-16T16:37:24.696+0000] {taskinstance.py:2480} INFO - Exporting env vars: AIRFLOW_CTX_DAG_OWNER='***' AIRFLOW_CTX_DAG_ID='etl_***' AIRFLOW_CTX_TASK_ID='extract' AIRFLOW_CTX_EXECUTION_DATE='2024-08-06T00:00:00+00:00' AIRFLOW_CTX_TRY_NUMBER='1' AIRFLOW_CTX_DAG_RUN_ID='scheduled__2024-08-06T00:00:00+00:00'
[2025-12-16T16:37:24.705+0000] {logging_mixin.py:188} INFO - Extracting data from /opt/***/data/input.csv
[2025-12-16T16:37:24.711+0000] {taskinstance.py:2698} ERROR - Task failed with exception
Traceback (most recent call last):
  File "/home/airflow/.local/lib/python3.8/site-packages/airflow/models/taskinstance.py", line 433, in _execute_task
    result = execute_callable(context=context, **execute_callable_kwargs)
  File "/home/airflow/.local/lib/python3.8/site-packages/airflow/operators/python.py", line 199, in execute
    return_value = self.execute_callable()
  File "/home/airflow/.local/lib/python3.8/site-packages/airflow/operators/python.py", line 216, in execute_callable
    return self.python_callable(*self.op_args, **self.op_kwargs)
  File "/opt/airflow/dags/etl_logic/pipeline.py", line 97, in extract_data
    df = pd.read_csv(input_path)
  File "/home/airflow/.local/lib/python3.8/site-packages/pandas/io/parsers/readers.py", line 912, in read_csv
    return _read(filepath_or_buffer, kwds)
  File "/home/airflow/.local/lib/python3.8/site-packages/pandas/io/parsers/readers.py", line 577, in _read
    parser = TextFileReader(filepath_or_buffer, **kwds)
  File "/home/airflow/.local/lib/python3.8/site-packages/pandas/io/parsers/readers.py", line 1407, in __init__
    self._engine = self._make_engine(f, self.engine)
  File "/home/airflow/.local/lib/python3.8/site-packages/pandas/io/parsers/readers.py", line 1661, in _make_engine
    self.handles = get_handle(
  File "/home/airflow/.local/lib/python3.8/site-packages/pandas/io/common.py", line 859, in get_handle
    handle = open(
FileNotFoundError: [Errno 2] No such file or directory: '/opt/airflow/data/input.csv'
[2025-12-16T16:37:24.742+0000] {taskinstance.py:1138} INFO - Marking task as UP_FOR_RETRY. dag_id=etl_***, task_id=extract, execution_date=20240806T000000, start_date=20251216T163724, end_date=20251216T163724
[2025-12-16T16:37:24.761+0000] {standard_task_runner.py:107} ERROR - Failed to execute job 637 for task extract ([Errno 2] No such file or directory: '/opt/airflow/data/input.csv'; 1001)
[2025-12-16T16:37:24.784+0000] {local_task_job_runner.py:234} INFO - Task exited with return code 1
[2025-12-16T16:37:24.836+0000] {taskinstance.py:3280} INFO - 0 downstream tasks scheduled from follow-on schedule check
[2025-12-17T01:53:55.619+0000] {taskinstance.py:1956} INFO - Dependencies all met for dep_context=non-requeueable deps ti=<TaskInstance: etl_airflow.extract scheduled__2024-08-06T00:00:00+00:00 [queued]>
[2025-12-17T01:53:55.643+0000] {taskinstance.py:1956} INFO - Dependencies all met for dep_context=requeueable deps ti=<TaskInstance: etl_airflow.extract scheduled__2024-08-06T00:00:00+00:00 [queued]>
[2025-12-17T01:53:55.645+0000] {taskinstance.py:2170} INFO - Starting attempt 1 of 3
[2025-12-17T01:53:55.679+0000] {taskinstance.py:2191} INFO - Executing <Task(PythonOperator): extract> on 2024-08-06 00:00:00+00:00
[2025-12-17T01:53:55.693+0000] {standard_task_runner.py:60} INFO - Started process 2305 to run task
[2025-12-17T01:53:55.703+0000] {standard_task_runner.py:87} INFO - Running: ['***', 'tasks', 'run', 'etl_***', 'extract', 'scheduled__2024-08-06T00:00:00+00:00', '--job-id', '664', '--raw', '--subdir', 'DAGS_FOLDER/etl_dag.py', '--cfg-path', '/tmp/tmpu_cef9kg']
[2025-12-17T01:53:55.715+0000] {standard_task_runner.py:88} INFO - Job 664: Subtask extract
[2025-12-17T01:53:55.918+0000] {task_command.py:423} INFO - Running <TaskInstance: etl_airflow.extract scheduled__2024-08-06T00:00:00+00:00 [running]> on host 571e042550da
[2025-12-17T01:53:56.619+0000] {taskinstance.py:2480} INFO - Exporting env vars: AIRFLOW_CTX_DAG_OWNER='***' AIRFLOW_CTX_DAG_ID='etl_***' AIRFLOW_CTX_TASK_ID='extract' AIRFLOW_CTX_EXECUTION_DATE='2024-08-06T00:00:00+00:00' AIRFLOW_CTX_TRY_NUMBER='1' AIRFLOW_CTX_DAG_RUN_ID='scheduled__2024-08-06T00:00:00+00:00'
[2025-12-17T01:53:56.622+0000] {logging_mixin.py:188} INFO - [EXTRACT] Reading /opt/***/data/synthetic_events.csv
[2025-12-17T01:53:56.688+0000] {logging_mixin.py:188} INFO - [EXTRACT] done
[2025-12-17T01:53:56.691+0000] {python.py:201} INFO - Done. Returned value was: None
[2025-12-17T01:53:56.721+0000] {taskinstance.py:1138} INFO - Marking task as SUCCESS. dag_id=etl_***, task_id=extract, execution_date=20240806T000000, start_date=20251217T015355, end_date=20251217T015356
[2025-12-17T01:53:56.924+0000] {local_task_job_runner.py:234} INFO - Task exited with return code 0
[2025-12-17T01:53:56.994+0000] {taskinstance.py:3280} INFO - 1 downstream tasks scheduled from follow-on schedule check
[2025-12-17T04:21:47.861+0000] {taskinstance.py:1956} INFO - Dependencies all met for dep_context=non-requeueable deps ti=<TaskInstance: etl_airflow.extract scheduled__2024-08-06T00:00:00+00:00 [queued]>
[2025-12-17T04:21:47.876+0000] {taskinstance.py:1956} INFO - Dependencies all met for dep_context=requeueable deps ti=<TaskInstance: etl_airflow.extract scheduled__2024-08-06T00:00:00+00:00 [queued]>
[2025-12-17T04:21:47.877+0000] {taskinstance.py:2170} INFO - Starting attempt 1 of 3
[2025-12-17T04:21:47.896+0000] {taskinstance.py:2191} INFO - Executing <Task(PythonOperator): extract> on 2024-08-06 00:00:00+00:00
[2025-12-17T04:21:47.903+0000] {standard_task_runner.py:60} INFO - Started process 1460 to run task
[2025-12-17T04:21:47.909+0000] {standard_task_runner.py:87} INFO - Running: ['***', 'tasks', 'run', 'etl_***', 'extract', 'scheduled__2024-08-06T00:00:00+00:00', '--job-id', '378', '--raw', '--subdir', 'DAGS_FOLDER/etl_***.py', '--cfg-path', '/tmp/tmpdp74xnud']
[2025-12-17T04:21:47.914+0000] {standard_task_runner.py:88} INFO - Job 378: Subtask extract
[2025-12-17T04:21:48.023+0000] {task_command.py:423} INFO - Running <TaskInstance: etl_airflow.extract scheduled__2024-08-06T00:00:00+00:00 [running]> on host c5811fe183ca
[2025-12-17T04:21:48.397+0000] {taskinstance.py:2480} INFO - Exporting env vars: AIRFLOW_CTX_DAG_OWNER='***' AIRFLOW_CTX_DAG_ID='etl_***' AIRFLOW_CTX_TASK_ID='extract' AIRFLOW_CTX_EXECUTION_DATE='2024-08-06T00:00:00+00:00' AIRFLOW_CTX_TRY_NUMBER='1' AIRFLOW_CTX_DAG_RUN_ID='scheduled__2024-08-06T00:00:00+00:00'
[2025-12-17T04:21:48.426+0000] {python.py:201} INFO - Done. Returned value was:    user_id event_type           timestamp country
0        1      login 2025-01-01 09:00:00      IN
1        1      click 2025-01-01 09:05:00      IN
2        1     logout 2025-01-01 09:15:00      IN
3        2      login 2025-01-01 10:00:00      US
4        2      click 2025-01-01 10:10:00      US
5        2     logout 2025-01-01 10:20:00      US
6        3      login 2025-01-02 08:00:00      FR
7        3      click 2025-01-02 08:05:00      FR
8        3     logout 2025-01-02 08:30:00      FR
[2025-12-17T04:21:48.488+0000] {taskinstance.py:1138} INFO - Marking task as SUCCESS. dag_id=etl_***, task_id=extract, execution_date=20240806T000000, start_date=20251217T042147, end_date=20251217T042148
[2025-12-17T04:21:48.567+0000] {local_task_job_runner.py:234} INFO - Task exited with return code 0
[2025-12-17T04:21:48.608+0000] {taskinstance.py:3280} INFO - 0 downstream tasks scheduled from follow-on schedule check
[2025-12-17T04:49:56.897+0000] {taskinstance.py:1956} INFO - Dependencies all met for dep_context=non-requeueable deps ti=<TaskInstance: etl_airflow.extract scheduled__2024-08-06T00:00:00+00:00 [queued]>
[2025-12-17T04:49:56.915+0000] {taskinstance.py:1956} INFO - Dependencies all met for dep_context=requeueable deps ti=<TaskInstance: etl_airflow.extract scheduled__2024-08-06T00:00:00+00:00 [queued]>
[2025-12-17T04:49:56.916+0000] {taskinstance.py:2170} INFO - Starting attempt 1 of 3
[2025-12-17T04:49:56.940+0000] {taskinstance.py:2191} INFO - Executing <Task(PythonOperator): extract> on 2024-08-06 00:00:00+00:00
[2025-12-17T04:49:56.960+0000] {standard_task_runner.py:60} INFO - Started process 3017 to run task
[2025-12-17T04:49:56.971+0000] {standard_task_runner.py:87} INFO - Running: ['***', 'tasks', 'run', 'etl_***', 'extract', 'scheduled__2024-08-06T00:00:00+00:00', '--job-id', '846', '--raw', '--subdir', 'DAGS_FOLDER/etl_***.py', '--cfg-path', '/tmp/tmpywgmk9_b']
[2025-12-17T04:49:56.979+0000] {standard_task_runner.py:88} INFO - Job 846: Subtask extract
[2025-12-17T04:49:57.119+0000] {task_command.py:423} INFO - Running <TaskInstance: etl_airflow.extract scheduled__2024-08-06T00:00:00+00:00 [running]> on host b3426f05ac70
[2025-12-17T04:49:57.582+0000] {taskinstance.py:2480} INFO - Exporting env vars: AIRFLOW_CTX_DAG_OWNER='***' AIRFLOW_CTX_DAG_ID='etl_***' AIRFLOW_CTX_TASK_ID='extract' AIRFLOW_CTX_EXECUTION_DATE='2024-08-06T00:00:00+00:00' AIRFLOW_CTX_TRY_NUMBER='1' AIRFLOW_CTX_DAG_RUN_ID='scheduled__2024-08-06T00:00:00+00:00'
[2025-12-17T04:49:57.602+0000] {python.py:201} INFO - Done. Returned value was:    user_id event_type           timestamp country
0        1      login 2025-01-01 09:00:00      IN
1        1      click 2025-01-01 09:05:00      IN
2        1     logout 2025-01-01 09:15:00      IN
3        2      login 2025-01-01 10:00:00      US
4        2      click 2025-01-01 10:10:00      US
5        2     logout 2025-01-01 10:20:00      US
6        3      login 2025-01-02 08:00:00      FR
7        3      click 2025-01-02 08:05:00      FR
8        3     logout 2025-01-02 08:30:00      FR
[2025-12-17T04:49:57.684+0000] {taskinstance.py:1138} INFO - Marking task as SUCCESS. dag_id=etl_***, task_id=extract, execution_date=20240806T000000, start_date=20251217T044956, end_date=20251217T044957
[2025-12-17T04:49:57.763+0000] {local_task_job_runner.py:234} INFO - Task exited with return code 0
[2025-12-17T04:49:58.027+0000] {taskinstance.py:3280} INFO - 0 downstream tasks scheduled from follow-on schedule check
[2025-12-17T07:43:44.503+0000] {taskinstance.py:1956} INFO - Dependencies all met for dep_context=non-requeueable deps ti=<TaskInstance: etl_airflow.extract scheduled__2024-08-06T00:00:00+00:00 [queued]>
[2025-12-17T07:43:44.533+0000] {taskinstance.py:1956} INFO - Dependencies all met for dep_context=requeueable deps ti=<TaskInstance: etl_airflow.extract scheduled__2024-08-06T00:00:00+00:00 [queued]>
[2025-12-17T07:43:44.537+0000] {taskinstance.py:2170} INFO - Starting attempt 1 of 3
[2025-12-17T07:43:44.600+0000] {taskinstance.py:2191} INFO - Executing <Task(PythonOperator): extract> on 2024-08-06 00:00:00+00:00
[2025-12-17T07:43:44.621+0000] {standard_task_runner.py:60} INFO - Started process 3101 to run task
[2025-12-17T07:43:44.638+0000] {standard_task_runner.py:87} INFO - Running: ['***', 'tasks', 'run', 'etl_***', 'extract', 'scheduled__2024-08-06T00:00:00+00:00', '--job-id', '848', '--raw', '--subdir', 'DAGS_FOLDER/etl_***.py', '--cfg-path', '/tmp/tmp2o5l18zz']
[2025-12-17T07:43:44.645+0000] {standard_task_runner.py:88} INFO - Job 848: Subtask extract
[2025-12-17T07:43:44.892+0000] {task_command.py:423} INFO - Running <TaskInstance: etl_airflow.extract scheduled__2024-08-06T00:00:00+00:00 [running]> on host 2a0de06c8905
[2025-12-17T07:43:45.534+0000] {taskinstance.py:2480} INFO - Exporting env vars: AIRFLOW_CTX_DAG_OWNER='***' AIRFLOW_CTX_DAG_ID='etl_***' AIRFLOW_CTX_TASK_ID='extract' AIRFLOW_CTX_EXECUTION_DATE='2024-08-06T00:00:00+00:00' AIRFLOW_CTX_TRY_NUMBER='1' AIRFLOW_CTX_DAG_RUN_ID='scheduled__2024-08-06T00:00:00+00:00'
[2025-12-17T07:43:45.571+0000] {python.py:201} INFO - Done. Returned value was:    user_id event_type           timestamp country
0        1      login 2025-01-01 09:00:00      IN
1        1      click 2025-01-01 09:05:00      IN
2        1     logout 2025-01-01 09:15:00      IN
3        2      login 2025-01-01 10:00:00      US
4        2      click 2025-01-01 10:10:00      US
5        2     logout 2025-01-01 10:20:00      US
6        3      login 2025-01-02 08:00:00      FR
7        3      click 2025-01-02 08:05:00      FR
8        3     logout 2025-01-02 08:30:00      FR
[2025-12-17T07:43:45.677+0000] {taskinstance.py:1138} INFO - Marking task as SUCCESS. dag_id=etl_***, task_id=extract, execution_date=20240806T000000, start_date=20251217T074344, end_date=20251217T074345
[2025-12-17T07:43:45.811+0000] {local_task_job_runner.py:234} INFO - Task exited with return code 0
[2025-12-17T07:43:46.313+0000] {taskinstance.py:3280} INFO - 0 downstream tasks scheduled from follow-on schedule check
