[2025-12-16T17:08:49.282+0000] {taskinstance.py:1956} INFO - Dependencies all met for dep_context=non-requeueable deps ti=<TaskInstance: etl_airflow.transform scheduled__2025-04-06T00:00:00+00:00 [queued]>
[2025-12-16T17:08:49.298+0000] {taskinstance.py:1956} INFO - Dependencies all met for dep_context=requeueable deps ti=<TaskInstance: etl_airflow.transform scheduled__2025-04-06T00:00:00+00:00 [queued]>
[2025-12-16T17:08:49.299+0000] {taskinstance.py:2170} INFO - Starting attempt 2 of 3
[2025-12-16T17:08:49.316+0000] {taskinstance.py:2191} INFO - Executing <Task(PythonOperator): transform> on 2025-04-06 00:00:00+00:00
[2025-12-16T17:08:49.324+0000] {standard_task_runner.py:60} INFO - Started process 2096 to run task
[2025-12-16T17:08:49.333+0000] {standard_task_runner.py:87} INFO - Running: ['***', 'tasks', 'run', 'etl_***', 'transform', 'scheduled__2025-04-06T00:00:00+00:00', '--job-id', '3557', '--raw', '--subdir', 'DAGS_FOLDER/etl_dag.py', '--cfg-path', '/tmp/tmpnos8mo2o']
[2025-12-16T17:08:49.336+0000] {standard_task_runner.py:88} INFO - Job 3557: Subtask transform
[2025-12-16T17:08:49.439+0000] {task_command.py:423} INFO - Running <TaskInstance: etl_airflow.transform scheduled__2025-04-06T00:00:00+00:00 [running]> on host db658e834d9d
[2025-12-16T17:08:49.571+0000] {taskinstance.py:2480} INFO - Exporting env vars: AIRFLOW_CTX_DAG_OWNER='***' AIRFLOW_CTX_DAG_ID='etl_***' AIRFLOW_CTX_TASK_ID='transform' AIRFLOW_CTX_EXECUTION_DATE='2025-04-06T00:00:00+00:00' AIRFLOW_CTX_TRY_NUMBER='2' AIRFLOW_CTX_DAG_RUN_ID='scheduled__2025-04-06T00:00:00+00:00'
[2025-12-16T17:08:49.573+0000] {logging_mixin.py:188} INFO - [TRANSFORM]
[2025-12-16T17:08:49.578+0000] {taskinstance.py:2698} ERROR - Task failed with exception
Traceback (most recent call last):
  File "/home/airflow/.local/lib/python3.8/site-packages/airflow/models/taskinstance.py", line 433, in _execute_task
    result = execute_callable(context=context, **execute_callable_kwargs)
  File "/home/airflow/.local/lib/python3.8/site-packages/airflow/operators/python.py", line 199, in execute
    return_value = self.execute_callable()
  File "/home/airflow/.local/lib/python3.8/site-packages/airflow/operators/python.py", line 216, in execute_callable
    return self.python_callable(*self.op_args, **self.op_kwargs)
  File "/opt/airflow/etl_logic/pipeline.py", line 111, in transform_data
    df = pd.read_csv(TRANSFORMED_PATH)
  File "/home/airflow/.local/lib/python3.8/site-packages/pandas/io/parsers/readers.py", line 912, in read_csv
    return _read(filepath_or_buffer, kwds)
  File "/home/airflow/.local/lib/python3.8/site-packages/pandas/io/parsers/readers.py", line 577, in _read
    parser = TextFileReader(filepath_or_buffer, **kwds)
  File "/home/airflow/.local/lib/python3.8/site-packages/pandas/io/parsers/readers.py", line 1407, in __init__
    self._engine = self._make_engine(f, self.engine)
  File "/home/airflow/.local/lib/python3.8/site-packages/pandas/io/parsers/readers.py", line 1661, in _make_engine
    self.handles = get_handle(
  File "/home/airflow/.local/lib/python3.8/site-packages/pandas/io/common.py", line 859, in get_handle
    handle = open(
FileNotFoundError: [Errno 2] No such file or directory: '/opt/airflow/data/transformed.csv'
[2025-12-16T17:08:49.597+0000] {taskinstance.py:1138} INFO - Marking task as UP_FOR_RETRY. dag_id=etl_***, task_id=transform, execution_date=20250406T000000, start_date=20251216T170849, end_date=20251216T170849
[2025-12-16T17:08:49.618+0000] {standard_task_runner.py:107} ERROR - Failed to execute job 3557 for task transform ([Errno 2] No such file or directory: '/opt/airflow/data/transformed.csv'; 2096)
[2025-12-16T17:08:49.666+0000] {local_task_job_runner.py:234} INFO - Task exited with return code 1
[2025-12-16T17:08:49.722+0000] {taskinstance.py:3280} INFO - 0 downstream tasks scheduled from follow-on schedule check
[2025-12-17T04:58:56.031+0000] {taskinstance.py:1956} INFO - Dependencies all met for dep_context=non-requeueable deps ti=<TaskInstance: etl_airflow.transform scheduled__2025-04-06T00:00:00+00:00 [queued]>
[2025-12-17T04:58:56.045+0000] {taskinstance.py:1956} INFO - Dependencies all met for dep_context=requeueable deps ti=<TaskInstance: etl_airflow.transform scheduled__2025-04-06T00:00:00+00:00 [queued]>
[2025-12-17T04:58:56.046+0000] {taskinstance.py:2170} INFO - Starting attempt 2 of 3
[2025-12-17T04:58:56.064+0000] {taskinstance.py:2191} INFO - Executing <Task(PythonOperator): transform> on 2025-04-06 00:00:00+00:00
[2025-12-17T04:58:56.072+0000] {standard_task_runner.py:60} INFO - Started process 6291 to run task
[2025-12-17T04:58:56.080+0000] {standard_task_runner.py:87} INFO - Running: ['***', 'tasks', 'run', 'etl_***', 'transform', 'scheduled__2025-04-06T00:00:00+00:00', '--job-id', '1841', '--raw', '--subdir', 'DAGS_FOLDER/etl_***.py', '--cfg-path', '/tmp/tmp1ii7b1a8']
[2025-12-17T04:58:56.084+0000] {standard_task_runner.py:88} INFO - Job 1841: Subtask transform
[2025-12-17T04:58:56.235+0000] {task_command.py:423} INFO - Running <TaskInstance: etl_airflow.transform scheduled__2025-04-06T00:00:00+00:00 [running]> on host b3426f05ac70
[2025-12-17T04:58:56.646+0000] {taskinstance.py:2480} INFO - Exporting env vars: AIRFLOW_CTX_DAG_OWNER='***' AIRFLOW_CTX_DAG_ID='etl_***' AIRFLOW_CTX_TASK_ID='transform' AIRFLOW_CTX_EXECUTION_DATE='2025-04-06T00:00:00+00:00' AIRFLOW_CTX_TRY_NUMBER='2' AIRFLOW_CTX_DAG_RUN_ID='scheduled__2025-04-06T00:00:00+00:00'
[2025-12-17T04:58:56.648+0000] {taskinstance.py:2698} ERROR - Task failed with exception
Traceback (most recent call last):
  File "/home/airflow/.local/lib/python3.8/site-packages/airflow/models/taskinstance.py", line 433, in _execute_task
    result = execute_callable(context=context, **execute_callable_kwargs)
  File "/home/airflow/.local/lib/python3.8/site-packages/airflow/operators/python.py", line 199, in execute
    return_value = self.execute_callable()
  File "/home/airflow/.local/lib/python3.8/site-packages/airflow/operators/python.py", line 216, in execute_callable
    return self.python_callable(*self.op_args, **self.op_kwargs)
TypeError: transform_data() missing 1 required positional argument: 'df'
[2025-12-17T04:58:56.660+0000] {taskinstance.py:1138} INFO - Marking task as UP_FOR_RETRY. dag_id=etl_***, task_id=transform, execution_date=20250406T000000, start_date=20251217T045856, end_date=20251217T045856
[2025-12-17T04:58:56.679+0000] {standard_task_runner.py:107} ERROR - Failed to execute job 1841 for task transform (transform_data() missing 1 required positional argument: 'df'; 6291)
[2025-12-17T04:58:56.737+0000] {local_task_job_runner.py:234} INFO - Task exited with return code 1
[2025-12-17T04:58:56.815+0000] {taskinstance.py:3280} INFO - 0 downstream tasks scheduled from follow-on schedule check
