[2025-12-16T17:10:22.467+0000] {taskinstance.py:1956} INFO - Dependencies all met for dep_context=non-requeueable deps ti=<TaskInstance: etl_airflow.transform scheduled__2024-02-06T00:00:00+00:00 [queued]>
[2025-12-16T17:10:22.488+0000] {taskinstance.py:1956} INFO - Dependencies all met for dep_context=requeueable deps ti=<TaskInstance: etl_airflow.transform scheduled__2024-02-06T00:00:00+00:00 [queued]>
[2025-12-16T17:10:22.491+0000] {taskinstance.py:2170} INFO - Starting attempt 1 of 3
[2025-12-16T17:10:22.534+0000] {taskinstance.py:2191} INFO - Executing <Task(PythonOperator): transform> on 2024-02-06 00:00:00+00:00
[2025-12-16T17:10:22.549+0000] {standard_task_runner.py:60} INFO - Started process 748 to run task
[2025-12-16T17:10:22.566+0000] {standard_task_runner.py:87} INFO - Running: ['***', 'tasks', 'run', 'etl_***', 'transform', 'scheduled__2024-02-06T00:00:00+00:00', '--job-id', '3739', '--raw', '--subdir', 'DAGS_FOLDER/etl_dag.py', '--cfg-path', '/tmp/tmpcp9h2o0k']
[2025-12-16T17:10:22.576+0000] {standard_task_runner.py:88} INFO - Job 3739: Subtask transform
[2025-12-16T17:10:22.796+0000] {task_command.py:423} INFO - Running <TaskInstance: etl_airflow.transform scheduled__2024-02-06T00:00:00+00:00 [running]> on host 3b89cfee50e9
[2025-12-16T17:10:23.094+0000] {taskinstance.py:2480} INFO - Exporting env vars: AIRFLOW_CTX_DAG_OWNER='***' AIRFLOW_CTX_DAG_ID='etl_***' AIRFLOW_CTX_TASK_ID='transform' AIRFLOW_CTX_EXECUTION_DATE='2024-02-06T00:00:00+00:00' AIRFLOW_CTX_TRY_NUMBER='1' AIRFLOW_CTX_DAG_RUN_ID='scheduled__2024-02-06T00:00:00+00:00'
[2025-12-16T17:10:23.100+0000] {logging_mixin.py:188} INFO - [TRANSFORM]
[2025-12-16T17:10:23.512+0000] {logging_mixin.py:188} INFO - [TRANSFORM] done
[2025-12-16T17:10:23.515+0000] {python.py:201} INFO - Done. Returned value was: None
[2025-12-16T17:10:23.534+0000] {taskinstance.py:1138} INFO - Marking task as SUCCESS. dag_id=etl_***, task_id=transform, execution_date=20240206T000000, start_date=20251216T171022, end_date=20251216T171023
[2025-12-16T17:10:23.577+0000] {local_task_job_runner.py:234} INFO - Task exited with return code 0
[2025-12-16T17:10:23.685+0000] {taskinstance.py:3280} INFO - 0 downstream tasks scheduled from follow-on schedule check
[2025-12-17T01:50:37.341+0000] {taskinstance.py:1956} INFO - Dependencies all met for dep_context=non-requeueable deps ti=<TaskInstance: etl_airflow.transform scheduled__2024-02-06T00:00:00+00:00 [queued]>
[2025-12-17T01:50:37.364+0000] {taskinstance.py:1956} INFO - Dependencies all met for dep_context=requeueable deps ti=<TaskInstance: etl_airflow.transform scheduled__2024-02-06T00:00:00+00:00 [queued]>
[2025-12-17T01:50:37.366+0000] {taskinstance.py:2170} INFO - Starting attempt 1 of 3
[2025-12-17T01:50:37.396+0000] {taskinstance.py:2191} INFO - Executing <Task(PythonOperator): transform> on 2024-02-06 00:00:00+00:00
[2025-12-17T01:50:37.408+0000] {standard_task_runner.py:60} INFO - Started process 547 to run task
[2025-12-17T01:50:37.416+0000] {standard_task_runner.py:87} INFO - Running: ['***', 'tasks', 'run', 'etl_***', 'transform', 'scheduled__2024-02-06T00:00:00+00:00', '--job-id', '110', '--raw', '--subdir', 'DAGS_FOLDER/etl_dag.py', '--cfg-path', '/tmp/tmpton6apep']
[2025-12-17T01:50:37.425+0000] {standard_task_runner.py:88} INFO - Job 110: Subtask transform
[2025-12-17T01:50:37.604+0000] {task_command.py:423} INFO - Running <TaskInstance: etl_airflow.transform scheduled__2024-02-06T00:00:00+00:00 [running]> on host 571e042550da
[2025-12-17T01:50:38.155+0000] {taskinstance.py:2480} INFO - Exporting env vars: AIRFLOW_CTX_DAG_OWNER='***' AIRFLOW_CTX_DAG_ID='etl_***' AIRFLOW_CTX_TASK_ID='transform' AIRFLOW_CTX_EXECUTION_DATE='2024-02-06T00:00:00+00:00' AIRFLOW_CTX_TRY_NUMBER='1' AIRFLOW_CTX_DAG_RUN_ID='scheduled__2024-02-06T00:00:00+00:00'
[2025-12-17T01:50:38.157+0000] {logging_mixin.py:188} INFO - [TRANSFORM]
[2025-12-17T01:50:38.203+0000] {logging_mixin.py:188} INFO - [TRANSFORM] done
[2025-12-17T01:50:38.205+0000] {python.py:201} INFO - Done. Returned value was: None
[2025-12-17T01:50:38.223+0000] {taskinstance.py:1138} INFO - Marking task as SUCCESS. dag_id=etl_***, task_id=transform, execution_date=20240206T000000, start_date=20251217T015037, end_date=20251217T015038
[2025-12-17T01:50:38.277+0000] {local_task_job_runner.py:234} INFO - Task exited with return code 0
[2025-12-17T01:50:38.316+0000] {taskinstance.py:3280} INFO - 1 downstream tasks scheduled from follow-on schedule check
[2025-12-17T04:43:34.358+0000] {taskinstance.py:1956} INFO - Dependencies all met for dep_context=non-requeueable deps ti=<TaskInstance: etl_airflow.transform scheduled__2024-02-06T00:00:00+00:00 [queued]>
[2025-12-17T04:43:34.371+0000] {taskinstance.py:1956} INFO - Dependencies all met for dep_context=requeueable deps ti=<TaskInstance: etl_airflow.transform scheduled__2024-02-06T00:00:00+00:00 [queued]>
[2025-12-17T04:43:34.372+0000] {taskinstance.py:2170} INFO - Starting attempt 1 of 3
[2025-12-17T04:43:34.395+0000] {taskinstance.py:2191} INFO - Executing <Task(PythonOperator): transform> on 2024-02-06 00:00:00+00:00
[2025-12-17T04:43:34.406+0000] {standard_task_runner.py:60} INFO - Started process 703 to run task
[2025-12-17T04:43:34.412+0000] {standard_task_runner.py:87} INFO - Running: ['***', 'tasks', 'run', 'etl_***', 'transform', 'scheduled__2024-02-06T00:00:00+00:00', '--job-id', '145', '--raw', '--subdir', 'DAGS_FOLDER/etl_***.py', '--cfg-path', '/tmp/tmp5p1ru6yd']
[2025-12-17T04:43:34.417+0000] {standard_task_runner.py:88} INFO - Job 145: Subtask transform
[2025-12-17T04:43:34.666+0000] {task_command.py:423} INFO - Running <TaskInstance: etl_airflow.transform scheduled__2024-02-06T00:00:00+00:00 [running]> on host b3426f05ac70
[2025-12-17T04:43:35.120+0000] {taskinstance.py:2480} INFO - Exporting env vars: AIRFLOW_CTX_DAG_OWNER='***' AIRFLOW_CTX_DAG_ID='etl_***' AIRFLOW_CTX_TASK_ID='transform' AIRFLOW_CTX_EXECUTION_DATE='2024-02-06T00:00:00+00:00' AIRFLOW_CTX_TRY_NUMBER='1' AIRFLOW_CTX_DAG_RUN_ID='scheduled__2024-02-06T00:00:00+00:00'
[2025-12-17T04:43:35.122+0000] {taskinstance.py:2698} ERROR - Task failed with exception
Traceback (most recent call last):
  File "/home/airflow/.local/lib/python3.8/site-packages/airflow/models/taskinstance.py", line 433, in _execute_task
    result = execute_callable(context=context, **execute_callable_kwargs)
  File "/home/airflow/.local/lib/python3.8/site-packages/airflow/operators/python.py", line 199, in execute
    return_value = self.execute_callable()
  File "/home/airflow/.local/lib/python3.8/site-packages/airflow/operators/python.py", line 216, in execute_callable
    return self.python_callable(*self.op_args, **self.op_kwargs)
TypeError: transform_data() missing 1 required positional argument: 'df'
[2025-12-17T04:43:35.144+0000] {taskinstance.py:1138} INFO - Marking task as UP_FOR_RETRY. dag_id=etl_***, task_id=transform, execution_date=20240206T000000, start_date=20251217T044334, end_date=20251217T044335
[2025-12-17T04:43:35.258+0000] {standard_task_runner.py:107} ERROR - Failed to execute job 145 for task transform (transform_data() missing 1 required positional argument: 'df'; 703)
[2025-12-17T04:43:35.322+0000] {local_task_job_runner.py:234} INFO - Task exited with return code 1
[2025-12-17T04:43:35.384+0000] {taskinstance.py:3280} INFO - 0 downstream tasks scheduled from follow-on schedule check
[2025-12-17T07:36:44.476+0000] {taskinstance.py:1956} INFO - Dependencies all met for dep_context=non-requeueable deps ti=<TaskInstance: etl_airflow.transform scheduled__2024-02-06T00:00:00+00:00 [queued]>
[2025-12-17T07:36:44.520+0000] {taskinstance.py:1956} INFO - Dependencies all met for dep_context=requeueable deps ti=<TaskInstance: etl_airflow.transform scheduled__2024-02-06T00:00:00+00:00 [queued]>
[2025-12-17T07:36:44.523+0000] {taskinstance.py:2170} INFO - Starting attempt 1 of 3
[2025-12-17T07:36:44.554+0000] {taskinstance.py:2191} INFO - Executing <Task(PythonOperator): transform> on 2024-02-06 00:00:00+00:00
[2025-12-17T07:36:44.577+0000] {standard_task_runner.py:60} INFO - Started process 774 to run task
[2025-12-17T07:36:44.586+0000] {standard_task_runner.py:87} INFO - Running: ['***', 'tasks', 'run', 'etl_***', 'transform', 'scheduled__2024-02-06T00:00:00+00:00', '--job-id', '150', '--raw', '--subdir', 'DAGS_FOLDER/etl_***.py', '--cfg-path', '/tmp/tmpwvtjs0_8']
[2025-12-17T07:36:44.597+0000] {standard_task_runner.py:88} INFO - Job 150: Subtask transform
[2025-12-17T07:36:44.828+0000] {task_command.py:423} INFO - Running <TaskInstance: etl_airflow.transform scheduled__2024-02-06T00:00:00+00:00 [running]> on host 2a0de06c8905
[2025-12-17T07:36:45.472+0000] {taskinstance.py:2480} INFO - Exporting env vars: AIRFLOW_CTX_DAG_OWNER='***' AIRFLOW_CTX_DAG_ID='etl_***' AIRFLOW_CTX_TASK_ID='transform' AIRFLOW_CTX_EXECUTION_DATE='2024-02-06T00:00:00+00:00' AIRFLOW_CTX_TRY_NUMBER='1' AIRFLOW_CTX_DAG_RUN_ID='scheduled__2024-02-06T00:00:00+00:00'
[2025-12-17T07:36:45.489+0000] {taskinstance.py:2698} ERROR - Task failed with exception
Traceback (most recent call last):
  File "/home/airflow/.local/lib/python3.8/site-packages/airflow/models/taskinstance.py", line 433, in _execute_task
    result = execute_callable(context=context, **execute_callable_kwargs)
  File "/home/airflow/.local/lib/python3.8/site-packages/airflow/operators/python.py", line 199, in execute
    return_value = self.execute_callable()
  File "/home/airflow/.local/lib/python3.8/site-packages/airflow/operators/python.py", line 216, in execute_callable
    return self.python_callable(*self.op_args, **self.op_kwargs)
TypeError: transform_data() missing 1 required positional argument: 'df'
[2025-12-17T07:36:45.529+0000] {taskinstance.py:1138} INFO - Marking task as UP_FOR_RETRY. dag_id=etl_***, task_id=transform, execution_date=20240206T000000, start_date=20251217T073644, end_date=20251217T073645
[2025-12-17T07:36:45.617+0000] {standard_task_runner.py:107} ERROR - Failed to execute job 150 for task transform (transform_data() missing 1 required positional argument: 'df'; 774)
[2025-12-17T07:36:45.708+0000] {local_task_job_runner.py:234} INFO - Task exited with return code 1
[2025-12-17T07:36:45.769+0000] {taskinstance.py:3280} INFO - 0 downstream tasks scheduled from follow-on schedule check
