[2025-12-17T04:54:28.630+0000] {taskinstance.py:1956} INFO - Dependencies all met for dep_context=non-requeueable deps ti=<TaskInstance: etl_airflow.transform scheduled__2024-12-01T00:00:00+00:00 [queued]>
[2025-12-17T04:54:28.650+0000] {taskinstance.py:1956} INFO - Dependencies all met for dep_context=requeueable deps ti=<TaskInstance: etl_airflow.transform scheduled__2024-12-01T00:00:00+00:00 [queued]>
[2025-12-17T04:54:28.652+0000] {taskinstance.py:2170} INFO - Starting attempt 3 of 3
[2025-12-17T04:54:28.689+0000] {taskinstance.py:2191} INFO - Executing <Task(PythonOperator): transform> on 2024-12-01 00:00:00+00:00
[2025-12-17T04:54:28.702+0000] {standard_task_runner.py:60} INFO - Started process 4648 to run task
[2025-12-17T04:54:28.711+0000] {standard_task_runner.py:87} INFO - Running: ['***', 'tasks', 'run', 'etl_***', 'transform', 'scheduled__2024-12-01T00:00:00+00:00', '--job-id', '1345', '--raw', '--subdir', 'DAGS_FOLDER/etl_***.py', '--cfg-path', '/tmp/tmpvset9_ht']
[2025-12-17T04:54:28.716+0000] {standard_task_runner.py:88} INFO - Job 1345: Subtask transform
[2025-12-17T04:54:28.904+0000] {task_command.py:423} INFO - Running <TaskInstance: etl_airflow.transform scheduled__2024-12-01T00:00:00+00:00 [running]> on host b3426f05ac70
[2025-12-17T04:54:29.411+0000] {taskinstance.py:2480} INFO - Exporting env vars: AIRFLOW_CTX_DAG_OWNER='***' AIRFLOW_CTX_DAG_ID='etl_***' AIRFLOW_CTX_TASK_ID='transform' AIRFLOW_CTX_EXECUTION_DATE='2024-12-01T00:00:00+00:00' AIRFLOW_CTX_TRY_NUMBER='3' AIRFLOW_CTX_DAG_RUN_ID='scheduled__2024-12-01T00:00:00+00:00'
[2025-12-17T04:54:29.426+0000] {taskinstance.py:2698} ERROR - Task failed with exception
Traceback (most recent call last):
  File "/home/airflow/.local/lib/python3.8/site-packages/airflow/models/taskinstance.py", line 433, in _execute_task
    result = execute_callable(context=context, **execute_callable_kwargs)
  File "/home/airflow/.local/lib/python3.8/site-packages/airflow/operators/python.py", line 199, in execute
    return_value = self.execute_callable()
  File "/home/airflow/.local/lib/python3.8/site-packages/airflow/operators/python.py", line 216, in execute_callable
    return self.python_callable(*self.op_args, **self.op_kwargs)
TypeError: transform_data() missing 1 required positional argument: 'df'
[2025-12-17T04:54:29.440+0000] {taskinstance.py:1138} INFO - Marking task as FAILED. dag_id=etl_***, task_id=transform, execution_date=20241201T000000, start_date=20251217T045428, end_date=20251217T045429
[2025-12-17T04:54:29.463+0000] {standard_task_runner.py:107} ERROR - Failed to execute job 1345 for task transform (transform_data() missing 1 required positional argument: 'df'; 4648)
[2025-12-17T04:54:29.499+0000] {local_task_job_runner.py:234} INFO - Task exited with return code 1
[2025-12-17T04:54:29.560+0000] {taskinstance.py:3280} INFO - 0 downstream tasks scheduled from follow-on schedule check
[2025-12-17T08:00:17.793+0000] {taskinstance.py:1956} INFO - Dependencies all met for dep_context=non-requeueable deps ti=<TaskInstance: etl_airflow.transform scheduled__2024-12-01T00:00:00+00:00 [queued]>
[2025-12-17T08:00:17.810+0000] {taskinstance.py:1956} INFO - Dependencies all met for dep_context=requeueable deps ti=<TaskInstance: etl_airflow.transform scheduled__2024-12-01T00:00:00+00:00 [queued]>
[2025-12-17T08:00:17.812+0000] {taskinstance.py:2170} INFO - Starting attempt 3 of 3
[2025-12-17T08:00:17.842+0000] {taskinstance.py:2191} INFO - Executing <Task(PythonOperator): transform> on 2024-12-01 00:00:00+00:00
[2025-12-17T08:00:17.857+0000] {standard_task_runner.py:60} INFO - Started process 4910 to run task
[2025-12-17T08:00:17.863+0000] {standard_task_runner.py:87} INFO - Running: ['***', 'tasks', 'run', 'etl_***', 'transform', 'scheduled__2024-12-01T00:00:00+00:00', '--job-id', '1395', '--raw', '--subdir', 'DAGS_FOLDER/etl_***.py', '--cfg-path', '/tmp/tmpm659qdlu']
[2025-12-17T08:00:17.867+0000] {standard_task_runner.py:88} INFO - Job 1395: Subtask transform
[2025-12-17T08:00:17.998+0000] {task_command.py:423} INFO - Running <TaskInstance: etl_airflow.transform scheduled__2024-12-01T00:00:00+00:00 [running]> on host 2a0de06c8905
[2025-12-17T08:00:18.452+0000] {taskinstance.py:2480} INFO - Exporting env vars: AIRFLOW_CTX_DAG_OWNER='***' AIRFLOW_CTX_DAG_ID='etl_***' AIRFLOW_CTX_TASK_ID='transform' AIRFLOW_CTX_EXECUTION_DATE='2024-12-01T00:00:00+00:00' AIRFLOW_CTX_TRY_NUMBER='3' AIRFLOW_CTX_DAG_RUN_ID='scheduled__2024-12-01T00:00:00+00:00'
[2025-12-17T08:00:18.456+0000] {taskinstance.py:2698} ERROR - Task failed with exception
Traceback (most recent call last):
  File "/home/airflow/.local/lib/python3.8/site-packages/airflow/models/taskinstance.py", line 433, in _execute_task
    result = execute_callable(context=context, **execute_callable_kwargs)
  File "/home/airflow/.local/lib/python3.8/site-packages/airflow/operators/python.py", line 199, in execute
    return_value = self.execute_callable()
  File "/home/airflow/.local/lib/python3.8/site-packages/airflow/operators/python.py", line 216, in execute_callable
    return self.python_callable(*self.op_args, **self.op_kwargs)
TypeError: transform_data() missing 1 required positional argument: 'df'
[2025-12-17T08:00:18.477+0000] {taskinstance.py:1138} INFO - Marking task as FAILED. dag_id=etl_***, task_id=transform, execution_date=20241201T000000, start_date=20251217T080017, end_date=20251217T080018
[2025-12-17T08:00:18.531+0000] {standard_task_runner.py:107} ERROR - Failed to execute job 1395 for task transform (transform_data() missing 1 required positional argument: 'df'; 4910)
[2025-12-17T08:00:18.561+0000] {local_task_job_runner.py:234} INFO - Task exited with return code 1
[2025-12-17T08:00:18.606+0000] {taskinstance.py:3280} INFO - 0 downstream tasks scheduled from follow-on schedule check
