[2025-12-16T16:35:34.396+0000] {taskinstance.py:1956} INFO - Dependencies all met for dep_context=non-requeueable deps ti=<TaskInstance: etl_airflow.extract scheduled__2024-06-16T00:00:00+00:00 [queued]>
[2025-12-16T16:35:34.428+0000] {taskinstance.py:1956} INFO - Dependencies all met for dep_context=requeueable deps ti=<TaskInstance: etl_airflow.extract scheduled__2024-06-16T00:00:00+00:00 [queued]>
[2025-12-16T16:35:34.431+0000] {taskinstance.py:2170} INFO - Starting attempt 1 of 3
[2025-12-16T16:35:34.475+0000] {taskinstance.py:2191} INFO - Executing <Task(PythonOperator): extract> on 2024-06-16 00:00:00+00:00
[2025-12-16T16:35:34.491+0000] {standard_task_runner.py:60} INFO - Started process 463 to run task
[2025-12-16T16:35:34.497+0000] {standard_task_runner.py:87} INFO - Running: ['***', 'tasks', 'run', 'etl_***', 'extract', 'scheduled__2024-06-16T00:00:00+00:00', '--job-id', '487', '--raw', '--subdir', 'DAGS_FOLDER/etl_dag.py', '--cfg-path', '/tmp/tmppehf1o8x']
[2025-12-16T16:35:34.501+0000] {standard_task_runner.py:88} INFO - Job 487: Subtask extract
[2025-12-16T16:35:34.621+0000] {task_command.py:423} INFO - Running <TaskInstance: etl_airflow.extract scheduled__2024-06-16T00:00:00+00:00 [running]> on host 02b83863a69a
[2025-12-16T16:35:34.778+0000] {taskinstance.py:2480} INFO - Exporting env vars: AIRFLOW_CTX_DAG_OWNER='***' AIRFLOW_CTX_DAG_ID='etl_***' AIRFLOW_CTX_TASK_ID='extract' AIRFLOW_CTX_EXECUTION_DATE='2024-06-16T00:00:00+00:00' AIRFLOW_CTX_TRY_NUMBER='1' AIRFLOW_CTX_DAG_RUN_ID='scheduled__2024-06-16T00:00:00+00:00'
[2025-12-16T16:35:34.781+0000] {logging_mixin.py:188} INFO - Extracting data from /opt/***/data/input.csv
[2025-12-16T16:35:34.788+0000] {taskinstance.py:2698} ERROR - Task failed with exception
Traceback (most recent call last):
  File "/home/airflow/.local/lib/python3.8/site-packages/airflow/models/taskinstance.py", line 433, in _execute_task
    result = execute_callable(context=context, **execute_callable_kwargs)
  File "/home/airflow/.local/lib/python3.8/site-packages/airflow/operators/python.py", line 199, in execute
    return_value = self.execute_callable()
  File "/home/airflow/.local/lib/python3.8/site-packages/airflow/operators/python.py", line 216, in execute_callable
    return self.python_callable(*self.op_args, **self.op_kwargs)
  File "/opt/airflow/dags/etl_logic/pipeline.py", line 97, in extract_data
    df = pd.read_csv(input_path)
  File "/home/airflow/.local/lib/python3.8/site-packages/pandas/io/parsers/readers.py", line 912, in read_csv
    return _read(filepath_or_buffer, kwds)
  File "/home/airflow/.local/lib/python3.8/site-packages/pandas/io/parsers/readers.py", line 577, in _read
    parser = TextFileReader(filepath_or_buffer, **kwds)
  File "/home/airflow/.local/lib/python3.8/site-packages/pandas/io/parsers/readers.py", line 1407, in __init__
    self._engine = self._make_engine(f, self.engine)
  File "/home/airflow/.local/lib/python3.8/site-packages/pandas/io/parsers/readers.py", line 1661, in _make_engine
    self.handles = get_handle(
  File "/home/airflow/.local/lib/python3.8/site-packages/pandas/io/common.py", line 859, in get_handle
    handle = open(
FileNotFoundError: [Errno 2] No such file or directory: '/opt/airflow/data/input.csv'
[2025-12-16T16:35:34.820+0000] {taskinstance.py:1138} INFO - Marking task as UP_FOR_RETRY. dag_id=etl_***, task_id=extract, execution_date=20240616T000000, start_date=20251216T163534, end_date=20251216T163534
[2025-12-16T16:35:34.840+0000] {standard_task_runner.py:107} ERROR - Failed to execute job 487 for task extract ([Errno 2] No such file or directory: '/opt/airflow/data/input.csv'; 463)
[2025-12-16T16:35:34.871+0000] {local_task_job_runner.py:234} INFO - Task exited with return code 1
[2025-12-16T16:35:34.925+0000] {taskinstance.py:3280} INFO - 0 downstream tasks scheduled from follow-on schedule check
[2025-12-17T01:53:06.970+0000] {taskinstance.py:1956} INFO - Dependencies all met for dep_context=non-requeueable deps ti=<TaskInstance: etl_airflow.extract scheduled__2024-06-16T00:00:00+00:00 [queued]>
[2025-12-17T01:53:06.998+0000] {taskinstance.py:1956} INFO - Dependencies all met for dep_context=requeueable deps ti=<TaskInstance: etl_airflow.extract scheduled__2024-06-16T00:00:00+00:00 [queued]>
[2025-12-17T01:53:07.003+0000] {taskinstance.py:2170} INFO - Starting attempt 1 of 3
[2025-12-17T01:53:07.039+0000] {taskinstance.py:2191} INFO - Executing <Task(PythonOperator): extract> on 2024-06-16 00:00:00+00:00
[2025-12-17T01:53:07.056+0000] {standard_task_runner.py:60} INFO - Started process 1833 to run task
[2025-12-17T01:53:07.066+0000] {standard_task_runner.py:87} INFO - Running: ['***', 'tasks', 'run', 'etl_***', 'extract', 'scheduled__2024-06-16T00:00:00+00:00', '--job-id', '505', '--raw', '--subdir', 'DAGS_FOLDER/etl_dag.py', '--cfg-path', '/tmp/tmpxparlh_v']
[2025-12-17T01:53:07.070+0000] {standard_task_runner.py:88} INFO - Job 505: Subtask extract
[2025-12-17T01:53:07.242+0000] {task_command.py:423} INFO - Running <TaskInstance: etl_airflow.extract scheduled__2024-06-16T00:00:00+00:00 [running]> on host 571e042550da
[2025-12-17T01:53:07.828+0000] {taskinstance.py:2480} INFO - Exporting env vars: AIRFLOW_CTX_DAG_OWNER='***' AIRFLOW_CTX_DAG_ID='etl_***' AIRFLOW_CTX_TASK_ID='extract' AIRFLOW_CTX_EXECUTION_DATE='2024-06-16T00:00:00+00:00' AIRFLOW_CTX_TRY_NUMBER='1' AIRFLOW_CTX_DAG_RUN_ID='scheduled__2024-06-16T00:00:00+00:00'
[2025-12-17T01:53:07.830+0000] {logging_mixin.py:188} INFO - [EXTRACT] Reading /opt/***/data/synthetic_events.csv
[2025-12-17T01:53:07.884+0000] {logging_mixin.py:188} INFO - [EXTRACT] done
[2025-12-17T01:53:07.885+0000] {python.py:201} INFO - Done. Returned value was: None
[2025-12-17T01:53:07.911+0000] {taskinstance.py:1138} INFO - Marking task as SUCCESS. dag_id=etl_***, task_id=extract, execution_date=20240616T000000, start_date=20251217T015306, end_date=20251217T015307
[2025-12-17T01:53:08.212+0000] {local_task_job_runner.py:234} INFO - Task exited with return code 0
[2025-12-17T01:53:08.295+0000] {taskinstance.py:3280} INFO - 1 downstream tasks scheduled from follow-on schedule check
[2025-12-17T04:20:55.372+0000] {taskinstance.py:1956} INFO - Dependencies all met for dep_context=non-requeueable deps ti=<TaskInstance: etl_airflow.extract scheduled__2024-06-16T00:00:00+00:00 [queued]>
[2025-12-17T04:20:55.382+0000] {taskinstance.py:1956} INFO - Dependencies all met for dep_context=requeueable deps ti=<TaskInstance: etl_airflow.extract scheduled__2024-06-16T00:00:00+00:00 [queued]>
[2025-12-17T04:20:55.383+0000] {taskinstance.py:2170} INFO - Starting attempt 1 of 3
[2025-12-17T04:20:55.397+0000] {taskinstance.py:2191} INFO - Executing <Task(PythonOperator): extract> on 2024-06-16 00:00:00+00:00
[2025-12-17T04:20:55.403+0000] {standard_task_runner.py:60} INFO - Started process 1127 to run task
[2025-12-17T04:20:55.407+0000] {standard_task_runner.py:87} INFO - Running: ['***', 'tasks', 'run', 'etl_***', 'extract', 'scheduled__2024-06-16T00:00:00+00:00', '--job-id', '279', '--raw', '--subdir', 'DAGS_FOLDER/etl_***.py', '--cfg-path', '/tmp/tmpwwnv4qm3']
[2025-12-17T04:20:55.411+0000] {standard_task_runner.py:88} INFO - Job 279: Subtask extract
[2025-12-17T04:20:55.503+0000] {task_command.py:423} INFO - Running <TaskInstance: etl_airflow.extract scheduled__2024-06-16T00:00:00+00:00 [running]> on host c5811fe183ca
[2025-12-17T04:20:55.805+0000] {taskinstance.py:2480} INFO - Exporting env vars: AIRFLOW_CTX_DAG_OWNER='***' AIRFLOW_CTX_DAG_ID='etl_***' AIRFLOW_CTX_TASK_ID='extract' AIRFLOW_CTX_EXECUTION_DATE='2024-06-16T00:00:00+00:00' AIRFLOW_CTX_TRY_NUMBER='1' AIRFLOW_CTX_DAG_RUN_ID='scheduled__2024-06-16T00:00:00+00:00'
[2025-12-17T04:20:55.826+0000] {python.py:201} INFO - Done. Returned value was:    user_id event_type           timestamp country
0        1      login 2025-01-01 09:00:00      IN
1        1      click 2025-01-01 09:05:00      IN
2        1     logout 2025-01-01 09:15:00      IN
3        2      login 2025-01-01 10:00:00      US
4        2      click 2025-01-01 10:10:00      US
5        2     logout 2025-01-01 10:20:00      US
6        3      login 2025-01-02 08:00:00      FR
7        3      click 2025-01-02 08:05:00      FR
8        3     logout 2025-01-02 08:30:00      FR
[2025-12-17T04:20:55.866+0000] {taskinstance.py:1138} INFO - Marking task as SUCCESS. dag_id=etl_***, task_id=extract, execution_date=20240616T000000, start_date=20251217T042055, end_date=20251217T042055
[2025-12-17T04:20:55.945+0000] {local_task_job_runner.py:234} INFO - Task exited with return code 0
[2025-12-17T04:20:55.995+0000] {taskinstance.py:3280} INFO - 0 downstream tasks scheduled from follow-on schedule check
[2025-12-17T04:48:11.988+0000] {taskinstance.py:1956} INFO - Dependencies all met for dep_context=non-requeueable deps ti=<TaskInstance: etl_airflow.extract scheduled__2024-06-16T00:00:00+00:00 [queued]>
[2025-12-17T04:48:12.004+0000] {taskinstance.py:1956} INFO - Dependencies all met for dep_context=requeueable deps ti=<TaskInstance: etl_airflow.extract scheduled__2024-06-16T00:00:00+00:00 [queued]>
[2025-12-17T04:48:12.006+0000] {taskinstance.py:2170} INFO - Starting attempt 1 of 3
[2025-12-17T04:48:12.161+0000] {taskinstance.py:2191} INFO - Executing <Task(PythonOperator): extract> on 2024-06-16 00:00:00+00:00
[2025-12-17T04:48:12.171+0000] {standard_task_runner.py:60} INFO - Started process 2366 to run task
[2025-12-17T04:48:12.181+0000] {standard_task_runner.py:87} INFO - Running: ['***', 'tasks', 'run', 'etl_***', 'extract', 'scheduled__2024-06-16T00:00:00+00:00', '--job-id', '649', '--raw', '--subdir', 'DAGS_FOLDER/etl_***.py', '--cfg-path', '/tmp/tmpmz8v50kb']
[2025-12-17T04:48:12.185+0000] {standard_task_runner.py:88} INFO - Job 649: Subtask extract
[2025-12-17T04:48:12.313+0000] {task_command.py:423} INFO - Running <TaskInstance: etl_airflow.extract scheduled__2024-06-16T00:00:00+00:00 [running]> on host b3426f05ac70
[2025-12-17T04:48:12.700+0000] {taskinstance.py:2480} INFO - Exporting env vars: AIRFLOW_CTX_DAG_OWNER='***' AIRFLOW_CTX_DAG_ID='etl_***' AIRFLOW_CTX_TASK_ID='extract' AIRFLOW_CTX_EXECUTION_DATE='2024-06-16T00:00:00+00:00' AIRFLOW_CTX_TRY_NUMBER='1' AIRFLOW_CTX_DAG_RUN_ID='scheduled__2024-06-16T00:00:00+00:00'
[2025-12-17T04:48:12.741+0000] {python.py:201} INFO - Done. Returned value was:    user_id event_type           timestamp country
0        1      login 2025-01-01 09:00:00      IN
1        1      click 2025-01-01 09:05:00      IN
2        1     logout 2025-01-01 09:15:00      IN
3        2      login 2025-01-01 10:00:00      US
4        2      click 2025-01-01 10:10:00      US
5        2     logout 2025-01-01 10:20:00      US
6        3      login 2025-01-02 08:00:00      FR
7        3      click 2025-01-02 08:05:00      FR
8        3     logout 2025-01-02 08:30:00      FR
[2025-12-17T04:48:12.823+0000] {taskinstance.py:1138} INFO - Marking task as SUCCESS. dag_id=etl_***, task_id=extract, execution_date=20240616T000000, start_date=20251217T044811, end_date=20251217T044812
[2025-12-17T04:48:12.918+0000] {local_task_job_runner.py:234} INFO - Task exited with return code 0
[2025-12-17T04:48:12.968+0000] {taskinstance.py:3280} INFO - 1 downstream tasks scheduled from follow-on schedule check
[2025-12-17T07:41:45.489+0000] {taskinstance.py:1956} INFO - Dependencies all met for dep_context=non-requeueable deps ti=<TaskInstance: etl_airflow.extract scheduled__2024-06-16T00:00:00+00:00 [queued]>
[2025-12-17T07:41:45.529+0000] {taskinstance.py:1956} INFO - Dependencies all met for dep_context=requeueable deps ti=<TaskInstance: etl_airflow.extract scheduled__2024-06-16T00:00:00+00:00 [queued]>
[2025-12-17T07:41:45.535+0000] {taskinstance.py:2170} INFO - Starting attempt 1 of 3
[2025-12-17T07:41:45.574+0000] {taskinstance.py:2191} INFO - Executing <Task(PythonOperator): extract> on 2024-06-16 00:00:00+00:00
[2025-12-17T07:41:45.589+0000] {standard_task_runner.py:60} INFO - Started process 2443 to run task
[2025-12-17T07:41:45.602+0000] {standard_task_runner.py:87} INFO - Running: ['***', 'tasks', 'run', 'etl_***', 'extract', 'scheduled__2024-06-16T00:00:00+00:00', '--job-id', '652', '--raw', '--subdir', 'DAGS_FOLDER/etl_***.py', '--cfg-path', '/tmp/tmp1bzj3esn']
[2025-12-17T07:41:45.608+0000] {standard_task_runner.py:88} INFO - Job 652: Subtask extract
[2025-12-17T07:41:45.763+0000] {task_command.py:423} INFO - Running <TaskInstance: etl_airflow.extract scheduled__2024-06-16T00:00:00+00:00 [running]> on host 2a0de06c8905
[2025-12-17T07:41:46.366+0000] {taskinstance.py:2480} INFO - Exporting env vars: AIRFLOW_CTX_DAG_OWNER='***' AIRFLOW_CTX_DAG_ID='etl_***' AIRFLOW_CTX_TASK_ID='extract' AIRFLOW_CTX_EXECUTION_DATE='2024-06-16T00:00:00+00:00' AIRFLOW_CTX_TRY_NUMBER='1' AIRFLOW_CTX_DAG_RUN_ID='scheduled__2024-06-16T00:00:00+00:00'
[2025-12-17T07:41:46.488+0000] {python.py:201} INFO - Done. Returned value was:    user_id event_type           timestamp country
0        1      login 2025-01-01 09:00:00      IN
1        1      click 2025-01-01 09:05:00      IN
2        1     logout 2025-01-01 09:15:00      IN
3        2      login 2025-01-01 10:00:00      US
4        2      click 2025-01-01 10:10:00      US
5        2     logout 2025-01-01 10:20:00      US
6        3      login 2025-01-02 08:00:00      FR
7        3      click 2025-01-02 08:05:00      FR
8        3     logout 2025-01-02 08:30:00      FR
[2025-12-17T07:41:46.580+0000] {taskinstance.py:1138} INFO - Marking task as SUCCESS. dag_id=etl_***, task_id=extract, execution_date=20240616T000000, start_date=20251217T074145, end_date=20251217T074146
[2025-12-17T07:41:46.942+0000] {local_task_job_runner.py:234} INFO - Task exited with return code 0
[2025-12-17T07:41:47.024+0000] {taskinstance.py:3280} INFO - 1 downstream tasks scheduled from follow-on schedule check
