[2025-12-16T17:13:03.034+0000] {taskinstance.py:1956} INFO - Dependencies all met for dep_context=non-requeueable deps ti=<TaskInstance: etl_airflow.load scheduled__2024-07-23T00:00:00+00:00 [queued]>
[2025-12-16T17:13:03.063+0000] {taskinstance.py:1956} INFO - Dependencies all met for dep_context=requeueable deps ti=<TaskInstance: etl_airflow.load scheduled__2024-07-23T00:00:00+00:00 [queued]>
[2025-12-16T17:13:03.065+0000] {taskinstance.py:2170} INFO - Starting attempt 1 of 3
[2025-12-16T17:13:03.099+0000] {taskinstance.py:2191} INFO - Executing <Task(PythonOperator): load> on 2024-07-23 00:00:00+00:00
[2025-12-16T17:13:03.117+0000] {standard_task_runner.py:60} INFO - Started process 461 to run task
[2025-12-16T17:13:03.124+0000] {standard_task_runner.py:87} INFO - Running: ['***', 'tasks', 'run', 'etl_***', 'load', 'scheduled__2024-07-23T00:00:00+00:00', '--job-id', '4224', '--raw', '--subdir', 'DAGS_FOLDER/etl_dag.py', '--cfg-path', '/tmp/tmpbgqof116']
[2025-12-16T17:13:03.130+0000] {standard_task_runner.py:88} INFO - Job 4224: Subtask load
[2025-12-16T17:13:03.399+0000] {task_command.py:423} INFO - Running <TaskInstance: etl_airflow.load scheduled__2024-07-23T00:00:00+00:00 [running]> on host 3b89cfee50e9
[2025-12-16T17:13:03.650+0000] {taskinstance.py:2480} INFO - Exporting env vars: AIRFLOW_CTX_DAG_OWNER='***' AIRFLOW_CTX_DAG_ID='etl_***' AIRFLOW_CTX_TASK_ID='load' AIRFLOW_CTX_EXECUTION_DATE='2024-07-23T00:00:00+00:00' AIRFLOW_CTX_TRY_NUMBER='1' AIRFLOW_CTX_DAG_RUN_ID='scheduled__2024-07-23T00:00:00+00:00'
[2025-12-16T17:13:03.660+0000] {logging_mixin.py:188} INFO - [LOAD]
[2025-12-16T17:13:04.262+0000] {logging_mixin.py:188} INFO -    user_id event_type            timestamp country
0        1      login  2025-01-01T09:00:00      IN
1        1      click  2025-01-01T09:05:00      IN
2        1     logout  2025-01-01T09:15:00      IN
3        3      login  2025-01-02T08:00:00      FR
4        3      click  2025-01-02T08:05:00      FR
[2025-12-16T17:13:04.264+0000] {logging_mixin.py:188} INFO - [LOAD] done
[2025-12-16T17:13:04.271+0000] {python.py:201} INFO - Done. Returned value was: None
[2025-12-16T17:13:04.305+0000] {taskinstance.py:1138} INFO - Marking task as SUCCESS. dag_id=etl_***, task_id=load, execution_date=20240723T000000, start_date=20251216T171303, end_date=20251216T171304
[2025-12-16T17:13:04.380+0000] {local_task_job_runner.py:234} INFO - Task exited with return code 0
[2025-12-16T17:13:04.633+0000] {taskinstance.py:3280} INFO - 0 downstream tasks scheduled from follow-on schedule check
[2025-12-17T01:53:51.611+0000] {taskinstance.py:1956} INFO - Dependencies all met for dep_context=non-requeueable deps ti=<TaskInstance: etl_airflow.load scheduled__2024-07-23T00:00:00+00:00 [queued]>
[2025-12-17T01:53:51.644+0000] {taskinstance.py:1956} INFO - Dependencies all met for dep_context=requeueable deps ti=<TaskInstance: etl_airflow.load scheduled__2024-07-23T00:00:00+00:00 [queued]>
[2025-12-17T01:53:51.649+0000] {taskinstance.py:2170} INFO - Starting attempt 1 of 3
[2025-12-17T01:53:51.902+0000] {taskinstance.py:2191} INFO - Executing <Task(PythonOperator): load> on 2024-07-23 00:00:00+00:00
[2025-12-17T01:53:51.918+0000] {standard_task_runner.py:60} INFO - Started process 2268 to run task
[2025-12-17T01:53:51.928+0000] {standard_task_runner.py:87} INFO - Running: ['***', 'tasks', 'run', 'etl_***', 'load', 'scheduled__2024-07-23T00:00:00+00:00', '--job-id', '648', '--raw', '--subdir', 'DAGS_FOLDER/etl_dag.py', '--cfg-path', '/tmp/tmpnnuljqoq']
[2025-12-17T01:53:51.938+0000] {standard_task_runner.py:88} INFO - Job 648: Subtask load
[2025-12-17T01:53:52.166+0000] {task_command.py:423} INFO - Running <TaskInstance: etl_airflow.load scheduled__2024-07-23T00:00:00+00:00 [running]> on host 571e042550da
[2025-12-17T01:53:52.766+0000] {taskinstance.py:2480} INFO - Exporting env vars: AIRFLOW_CTX_DAG_OWNER='***' AIRFLOW_CTX_DAG_ID='etl_***' AIRFLOW_CTX_TASK_ID='load' AIRFLOW_CTX_EXECUTION_DATE='2024-07-23T00:00:00+00:00' AIRFLOW_CTX_TRY_NUMBER='1' AIRFLOW_CTX_DAG_RUN_ID='scheduled__2024-07-23T00:00:00+00:00'
[2025-12-17T01:53:52.770+0000] {logging_mixin.py:188} INFO - [LOAD]
[2025-12-17T01:53:52.817+0000] {logging_mixin.py:188} INFO -    user_id event_type            timestamp country
0        1      login  2025-01-01T09:00:00      IN
1        1      click  2025-01-01T09:05:00      IN
2        1     logout  2025-01-01T09:15:00      IN
3        3      login  2025-01-02T08:00:00      FR
4        3      click  2025-01-02T08:05:00      FR
[2025-12-17T01:53:52.818+0000] {logging_mixin.py:188} INFO - [LOAD] done
[2025-12-17T01:53:52.820+0000] {python.py:201} INFO - Done. Returned value was: None
[2025-12-17T01:53:52.845+0000] {taskinstance.py:1138} INFO - Marking task as SUCCESS. dag_id=etl_***, task_id=load, execution_date=20240723T000000, start_date=20251217T015351, end_date=20251217T015352
[2025-12-17T01:53:52.925+0000] {local_task_job_runner.py:234} INFO - Task exited with return code 0
[2025-12-17T01:53:52.989+0000] {taskinstance.py:3280} INFO - 0 downstream tasks scheduled from follow-on schedule check
