[2025-12-16T17:13:06.787+0000] {taskinstance.py:1956} INFO - Dependencies all met for dep_context=non-requeueable deps ti=<TaskInstance: etl_airflow.transform scheduled__2024-07-27T00:00:00+00:00 [queued]>
[2025-12-16T17:13:06.819+0000] {taskinstance.py:1956} INFO - Dependencies all met for dep_context=requeueable deps ti=<TaskInstance: etl_airflow.transform scheduled__2024-07-27T00:00:00+00:00 [queued]>
[2025-12-16T17:13:06.824+0000] {taskinstance.py:2170} INFO - Starting attempt 1 of 3
[2025-12-16T17:13:07.182+0000] {taskinstance.py:2191} INFO - Executing <Task(PythonOperator): transform> on 2024-07-27 00:00:00+00:00
[2025-12-16T17:13:07.214+0000] {standard_task_runner.py:60} INFO - Started process 512 to run task
[2025-12-16T17:13:07.219+0000] {standard_task_runner.py:87} INFO - Running: ['***', 'tasks', 'run', 'etl_***', 'transform', 'scheduled__2024-07-27T00:00:00+00:00', '--job-id', '4236', '--raw', '--subdir', 'DAGS_FOLDER/etl_dag.py', '--cfg-path', '/tmp/tmplr4u01b6']
[2025-12-16T17:13:07.230+0000] {standard_task_runner.py:88} INFO - Job 4236: Subtask transform
[2025-12-16T17:13:07.463+0000] {task_command.py:423} INFO - Running <TaskInstance: etl_airflow.transform scheduled__2024-07-27T00:00:00+00:00 [running]> on host 3b89cfee50e9
[2025-12-16T17:13:07.866+0000] {taskinstance.py:2480} INFO - Exporting env vars: AIRFLOW_CTX_DAG_OWNER='***' AIRFLOW_CTX_DAG_ID='etl_***' AIRFLOW_CTX_TASK_ID='transform' AIRFLOW_CTX_EXECUTION_DATE='2024-07-27T00:00:00+00:00' AIRFLOW_CTX_TRY_NUMBER='1' AIRFLOW_CTX_DAG_RUN_ID='scheduled__2024-07-27T00:00:00+00:00'
[2025-12-16T17:13:07.873+0000] {logging_mixin.py:188} INFO - [TRANSFORM]
[2025-12-16T17:13:07.893+0000] {taskinstance.py:2698} ERROR - Task failed with exception
Traceback (most recent call last):
  File "/home/airflow/.local/lib/python3.8/site-packages/airflow/models/taskinstance.py", line 433, in _execute_task
    result = execute_callable(context=context, **execute_callable_kwargs)
  File "/home/airflow/.local/lib/python3.8/site-packages/airflow/operators/python.py", line 199, in execute
    return_value = self.execute_callable()
  File "/home/airflow/.local/lib/python3.8/site-packages/airflow/operators/python.py", line 216, in execute_callable
    return self.python_callable(*self.op_args, **self.op_kwargs)
  File "/opt/airflow/etl_logic/pipeline.py", line 111, in transform_data
    df = pd.read_csv(TRANSFORMED_PATH)
  File "/home/airflow/.local/lib/python3.8/site-packages/pandas/io/parsers/readers.py", line 912, in read_csv
    return _read(filepath_or_buffer, kwds)
  File "/home/airflow/.local/lib/python3.8/site-packages/pandas/io/parsers/readers.py", line 577, in _read
    parser = TextFileReader(filepath_or_buffer, **kwds)
  File "/home/airflow/.local/lib/python3.8/site-packages/pandas/io/parsers/readers.py", line 1407, in __init__
    self._engine = self._make_engine(f, self.engine)
  File "/home/airflow/.local/lib/python3.8/site-packages/pandas/io/parsers/readers.py", line 1679, in _make_engine
    return mapping[engine](f, **self.options)
  File "/home/airflow/.local/lib/python3.8/site-packages/pandas/io/parsers/c_parser_wrapper.py", line 93, in __init__
    self._reader = parsers.TextReader(src, **kwds)
  File "pandas/_libs/parsers.pyx", line 557, in pandas._libs.parsers.TextReader.__cinit__
pandas.errors.EmptyDataError: No columns to parse from file
[2025-12-16T17:13:07.929+0000] {taskinstance.py:1138} INFO - Marking task as UP_FOR_RETRY. dag_id=etl_***, task_id=transform, execution_date=20240727T000000, start_date=20251216T171306, end_date=20251216T171307
[2025-12-16T17:13:08.343+0000] {standard_task_runner.py:107} ERROR - Failed to execute job 4236 for task transform (No columns to parse from file; 512)
[2025-12-16T17:13:08.430+0000] {local_task_job_runner.py:234} INFO - Task exited with return code 1
[2025-12-16T17:13:08.629+0000] {taskinstance.py:3280} INFO - 0 downstream tasks scheduled from follow-on schedule check
[2025-12-17T01:53:49.818+0000] {taskinstance.py:1956} INFO - Dependencies all met for dep_context=non-requeueable deps ti=<TaskInstance: etl_airflow.transform scheduled__2024-07-27T00:00:00+00:00 [queued]>
[2025-12-17T01:53:49.850+0000] {taskinstance.py:1956} INFO - Dependencies all met for dep_context=requeueable deps ti=<TaskInstance: etl_airflow.transform scheduled__2024-07-27T00:00:00+00:00 [queued]>
[2025-12-17T01:53:49.854+0000] {taskinstance.py:2170} INFO - Starting attempt 1 of 3
[2025-12-17T01:53:49.941+0000] {taskinstance.py:2191} INFO - Executing <Task(PythonOperator): transform> on 2024-07-27 00:00:00+00:00
[2025-12-17T01:53:49.958+0000] {standard_task_runner.py:60} INFO - Started process 2249 to run task
[2025-12-17T01:53:49.977+0000] {standard_task_runner.py:87} INFO - Running: ['***', 'tasks', 'run', 'etl_***', 'transform', 'scheduled__2024-07-27T00:00:00+00:00', '--job-id', '643', '--raw', '--subdir', 'DAGS_FOLDER/etl_dag.py', '--cfg-path', '/tmp/tmpol4u76yb']
[2025-12-17T01:53:49.988+0000] {standard_task_runner.py:88} INFO - Job 643: Subtask transform
[2025-12-17T01:53:50.243+0000] {task_command.py:423} INFO - Running <TaskInstance: etl_airflow.transform scheduled__2024-07-27T00:00:00+00:00 [running]> on host 571e042550da
[2025-12-17T01:53:50.865+0000] {taskinstance.py:2480} INFO - Exporting env vars: AIRFLOW_CTX_DAG_OWNER='***' AIRFLOW_CTX_DAG_ID='etl_***' AIRFLOW_CTX_TASK_ID='transform' AIRFLOW_CTX_EXECUTION_DATE='2024-07-27T00:00:00+00:00' AIRFLOW_CTX_TRY_NUMBER='1' AIRFLOW_CTX_DAG_RUN_ID='scheduled__2024-07-27T00:00:00+00:00'
[2025-12-17T01:53:50.870+0000] {logging_mixin.py:188} INFO - [TRANSFORM]
[2025-12-17T01:53:50.940+0000] {logging_mixin.py:188} INFO - [TRANSFORM] done
[2025-12-17T01:53:50.946+0000] {python.py:201} INFO - Done. Returned value was: None
[2025-12-17T01:53:50.971+0000] {taskinstance.py:1138} INFO - Marking task as SUCCESS. dag_id=etl_***, task_id=transform, execution_date=20240727T000000, start_date=20251217T015349, end_date=20251217T015350
[2025-12-17T01:53:51.201+0000] {local_task_job_runner.py:234} INFO - Task exited with return code 0
[2025-12-17T01:53:51.254+0000] {taskinstance.py:3280} INFO - 1 downstream tasks scheduled from follow-on schedule check
[2025-12-17T04:21:18.155+0000] {taskinstance.py:1956} INFO - Dependencies all met for dep_context=non-requeueable deps ti=<TaskInstance: etl_airflow.transform scheduled__2024-07-27T00:00:00+00:00 [queued]>
[2025-12-17T04:21:18.171+0000] {taskinstance.py:1956} INFO - Dependencies all met for dep_context=requeueable deps ti=<TaskInstance: etl_airflow.transform scheduled__2024-07-27T00:00:00+00:00 [queued]>
[2025-12-17T04:21:18.172+0000] {taskinstance.py:2170} INFO - Starting attempt 1 of 3
[2025-12-17T04:21:18.244+0000] {taskinstance.py:2191} INFO - Executing <Task(PythonOperator): transform> on 2024-07-27 00:00:00+00:00
[2025-12-17T04:21:18.253+0000] {standard_task_runner.py:60} INFO - Started process 1315 to run task
[2025-12-17T04:21:18.257+0000] {standard_task_runner.py:87} INFO - Running: ['***', 'tasks', 'run', 'etl_***', 'transform', 'scheduled__2024-07-27T00:00:00+00:00', '--job-id', '336', '--raw', '--subdir', 'DAGS_FOLDER/etl_***.py', '--cfg-path', '/tmp/tmpedju2hxh']
[2025-12-17T04:21:18.260+0000] {standard_task_runner.py:88} INFO - Job 336: Subtask transform
[2025-12-17T04:21:18.366+0000] {task_command.py:423} INFO - Running <TaskInstance: etl_airflow.transform scheduled__2024-07-27T00:00:00+00:00 [running]> on host c5811fe183ca
[2025-12-17T04:21:18.713+0000] {taskinstance.py:2480} INFO - Exporting env vars: AIRFLOW_CTX_DAG_OWNER='***' AIRFLOW_CTX_DAG_ID='etl_***' AIRFLOW_CTX_TASK_ID='transform' AIRFLOW_CTX_EXECUTION_DATE='2024-07-27T00:00:00+00:00' AIRFLOW_CTX_TRY_NUMBER='1' AIRFLOW_CTX_DAG_RUN_ID='scheduled__2024-07-27T00:00:00+00:00'
[2025-12-17T04:21:18.715+0000] {taskinstance.py:2698} ERROR - Task failed with exception
Traceback (most recent call last):
  File "/home/airflow/.local/lib/python3.8/site-packages/airflow/models/taskinstance.py", line 433, in _execute_task
    result = execute_callable(context=context, **execute_callable_kwargs)
  File "/home/airflow/.local/lib/python3.8/site-packages/airflow/operators/python.py", line 199, in execute
    return_value = self.execute_callable()
  File "/home/airflow/.local/lib/python3.8/site-packages/airflow/operators/python.py", line 216, in execute_callable
    return self.python_callable(*self.op_args, **self.op_kwargs)
TypeError: transform_data() missing 1 required positional argument: 'df'
[2025-12-17T04:21:18.733+0000] {taskinstance.py:1138} INFO - Marking task as UP_FOR_RETRY. dag_id=etl_***, task_id=transform, execution_date=20240727T000000, start_date=20251217T042118, end_date=20251217T042118
[2025-12-17T04:21:18.754+0000] {standard_task_runner.py:107} ERROR - Failed to execute job 336 for task transform (transform_data() missing 1 required positional argument: 'df'; 1315)
[2025-12-17T04:21:18.795+0000] {local_task_job_runner.py:234} INFO - Task exited with return code 1
[2025-12-17T04:21:19.009+0000] {taskinstance.py:3280} INFO - 0 downstream tasks scheduled from follow-on schedule check
[2025-12-17T04:49:56.878+0000] {taskinstance.py:1956} INFO - Dependencies all met for dep_context=non-requeueable deps ti=<TaskInstance: etl_airflow.transform scheduled__2024-07-27T00:00:00+00:00 [queued]>
[2025-12-17T04:49:56.897+0000] {taskinstance.py:1956} INFO - Dependencies all met for dep_context=requeueable deps ti=<TaskInstance: etl_airflow.transform scheduled__2024-07-27T00:00:00+00:00 [queued]>
[2025-12-17T04:49:56.898+0000] {taskinstance.py:2170} INFO - Starting attempt 1 of 3
[2025-12-17T04:49:56.920+0000] {taskinstance.py:2191} INFO - Executing <Task(PythonOperator): transform> on 2024-07-27 00:00:00+00:00
[2025-12-17T04:49:56.933+0000] {standard_task_runner.py:60} INFO - Started process 3014 to run task
[2025-12-17T04:49:56.941+0000] {standard_task_runner.py:87} INFO - Running: ['***', 'tasks', 'run', 'etl_***', 'transform', 'scheduled__2024-07-27T00:00:00+00:00', '--job-id', '845', '--raw', '--subdir', 'DAGS_FOLDER/etl_***.py', '--cfg-path', '/tmp/tmpt1t8lm8n']
[2025-12-17T04:49:56.949+0000] {standard_task_runner.py:88} INFO - Job 845: Subtask transform
[2025-12-17T04:49:57.106+0000] {task_command.py:423} INFO - Running <TaskInstance: etl_airflow.transform scheduled__2024-07-27T00:00:00+00:00 [running]> on host b3426f05ac70
[2025-12-17T04:49:57.529+0000] {taskinstance.py:2480} INFO - Exporting env vars: AIRFLOW_CTX_DAG_OWNER='***' AIRFLOW_CTX_DAG_ID='etl_***' AIRFLOW_CTX_TASK_ID='transform' AIRFLOW_CTX_EXECUTION_DATE='2024-07-27T00:00:00+00:00' AIRFLOW_CTX_TRY_NUMBER='1' AIRFLOW_CTX_DAG_RUN_ID='scheduled__2024-07-27T00:00:00+00:00'
[2025-12-17T04:49:57.534+0000] {taskinstance.py:2698} ERROR - Task failed with exception
Traceback (most recent call last):
  File "/home/airflow/.local/lib/python3.8/site-packages/airflow/models/taskinstance.py", line 433, in _execute_task
    result = execute_callable(context=context, **execute_callable_kwargs)
  File "/home/airflow/.local/lib/python3.8/site-packages/airflow/operators/python.py", line 199, in execute
    return_value = self.execute_callable()
  File "/home/airflow/.local/lib/python3.8/site-packages/airflow/operators/python.py", line 216, in execute_callable
    return self.python_callable(*self.op_args, **self.op_kwargs)
TypeError: transform_data() missing 1 required positional argument: 'df'
[2025-12-17T04:49:57.552+0000] {taskinstance.py:1138} INFO - Marking task as UP_FOR_RETRY. dag_id=etl_***, task_id=transform, execution_date=20240727T000000, start_date=20251217T044956, end_date=20251217T044957
[2025-12-17T04:49:57.669+0000] {standard_task_runner.py:107} ERROR - Failed to execute job 845 for task transform (transform_data() missing 1 required positional argument: 'df'; 3014)
[2025-12-17T04:49:57.707+0000] {local_task_job_runner.py:234} INFO - Task exited with return code 1
[2025-12-17T04:49:57.780+0000] {taskinstance.py:3280} INFO - 0 downstream tasks scheduled from follow-on schedule check
[2025-12-17T07:43:44.934+0000] {taskinstance.py:1956} INFO - Dependencies all met for dep_context=non-requeueable deps ti=<TaskInstance: etl_airflow.transform scheduled__2024-07-27T00:00:00+00:00 [queued]>
[2025-12-17T07:43:44.967+0000] {taskinstance.py:1956} INFO - Dependencies all met for dep_context=requeueable deps ti=<TaskInstance: etl_airflow.transform scheduled__2024-07-27T00:00:00+00:00 [queued]>
[2025-12-17T07:43:44.970+0000] {taskinstance.py:2170} INFO - Starting attempt 1 of 3
[2025-12-17T07:43:45.203+0000] {taskinstance.py:2191} INFO - Executing <Task(PythonOperator): transform> on 2024-07-27 00:00:00+00:00
[2025-12-17T07:43:45.221+0000] {standard_task_runner.py:60} INFO - Started process 3106 to run task
[2025-12-17T07:43:45.271+0000] {standard_task_runner.py:87} INFO - Running: ['***', 'tasks', 'run', 'etl_***', 'transform', 'scheduled__2024-07-27T00:00:00+00:00', '--job-id', '849', '--raw', '--subdir', 'DAGS_FOLDER/etl_***.py', '--cfg-path', '/tmp/tmpbw_ylup4']
[2025-12-17T07:43:45.276+0000] {standard_task_runner.py:88} INFO - Job 849: Subtask transform
[2025-12-17T07:43:45.526+0000] {task_command.py:423} INFO - Running <TaskInstance: etl_airflow.transform scheduled__2024-07-27T00:00:00+00:00 [running]> on host 2a0de06c8905
[2025-12-17T07:43:46.168+0000] {taskinstance.py:2480} INFO - Exporting env vars: AIRFLOW_CTX_DAG_OWNER='***' AIRFLOW_CTX_DAG_ID='etl_***' AIRFLOW_CTX_TASK_ID='transform' AIRFLOW_CTX_EXECUTION_DATE='2024-07-27T00:00:00+00:00' AIRFLOW_CTX_TRY_NUMBER='1' AIRFLOW_CTX_DAG_RUN_ID='scheduled__2024-07-27T00:00:00+00:00'
[2025-12-17T07:43:46.172+0000] {taskinstance.py:2698} ERROR - Task failed with exception
Traceback (most recent call last):
  File "/home/airflow/.local/lib/python3.8/site-packages/airflow/models/taskinstance.py", line 433, in _execute_task
    result = execute_callable(context=context, **execute_callable_kwargs)
  File "/home/airflow/.local/lib/python3.8/site-packages/airflow/operators/python.py", line 199, in execute
    return_value = self.execute_callable()
  File "/home/airflow/.local/lib/python3.8/site-packages/airflow/operators/python.py", line 216, in execute_callable
    return self.python_callable(*self.op_args, **self.op_kwargs)
TypeError: transform_data() missing 1 required positional argument: 'df'
[2025-12-17T07:43:46.209+0000] {taskinstance.py:1138} INFO - Marking task as UP_FOR_RETRY. dag_id=etl_***, task_id=transform, execution_date=20240727T000000, start_date=20251217T074344, end_date=20251217T074346
[2025-12-17T07:43:46.299+0000] {standard_task_runner.py:107} ERROR - Failed to execute job 849 for task transform (transform_data() missing 1 required positional argument: 'df'; 3106)
[2025-12-17T07:43:46.343+0000] {local_task_job_runner.py:234} INFO - Task exited with return code 1
[2025-12-17T07:43:46.441+0000] {taskinstance.py:3280} INFO - 0 downstream tasks scheduled from follow-on schedule check
