[2025-12-16T17:13:13.595+0000] {taskinstance.py:1956} INFO - Dependencies all met for dep_context=non-requeueable deps ti=<TaskInstance: etl_airflow.load scheduled__2024-08-05T00:00:00+00:00 [queued]>
[2025-12-16T17:13:13.638+0000] {taskinstance.py:1956} INFO - Dependencies all met for dep_context=requeueable deps ti=<TaskInstance: etl_airflow.load scheduled__2024-08-05T00:00:00+00:00 [queued]>
[2025-12-16T17:13:13.640+0000] {taskinstance.py:2170} INFO - Starting attempt 1 of 3
[2025-12-16T17:13:13.697+0000] {taskinstance.py:2191} INFO - Executing <Task(PythonOperator): load> on 2024-08-05 00:00:00+00:00
[2025-12-16T17:13:13.720+0000] {standard_task_runner.py:60} INFO - Started process 594 to run task
[2025-12-16T17:13:13.728+0000] {standard_task_runner.py:87} INFO - Running: ['***', 'tasks', 'run', 'etl_***', 'load', 'scheduled__2024-08-05T00:00:00+00:00', '--job-id', '4260', '--raw', '--subdir', 'DAGS_FOLDER/etl_dag.py', '--cfg-path', '/tmp/tmpo4qizy_0']
[2025-12-16T17:13:13.735+0000] {standard_task_runner.py:88} INFO - Job 4260: Subtask load
[2025-12-16T17:13:13.898+0000] {task_command.py:423} INFO - Running <TaskInstance: etl_airflow.load scheduled__2024-08-05T00:00:00+00:00 [running]> on host 3b89cfee50e9
[2025-12-16T17:13:14.193+0000] {taskinstance.py:2480} INFO - Exporting env vars: AIRFLOW_CTX_DAG_OWNER='***' AIRFLOW_CTX_DAG_ID='etl_***' AIRFLOW_CTX_TASK_ID='load' AIRFLOW_CTX_EXECUTION_DATE='2024-08-05T00:00:00+00:00' AIRFLOW_CTX_TRY_NUMBER='1' AIRFLOW_CTX_DAG_RUN_ID='scheduled__2024-08-05T00:00:00+00:00'
[2025-12-16T17:13:14.200+0000] {logging_mixin.py:188} INFO - [LOAD]
[2025-12-16T17:13:14.586+0000] {logging_mixin.py:188} INFO -    user_id event_type            timestamp country
0        1      login  2025-01-01T09:00:00      IN
1        1      click  2025-01-01T09:05:00      IN
2        1     logout  2025-01-01T09:15:00      IN
3        3      login  2025-01-02T08:00:00      FR
4        3      click  2025-01-02T08:05:00      FR
[2025-12-16T17:13:14.587+0000] {logging_mixin.py:188} INFO - [LOAD] done
[2025-12-16T17:13:14.588+0000] {python.py:201} INFO - Done. Returned value was: None
[2025-12-16T17:13:14.622+0000] {taskinstance.py:1138} INFO - Marking task as SUCCESS. dag_id=etl_***, task_id=load, execution_date=20240805T000000, start_date=20251216T171313, end_date=20251216T171314
[2025-12-16T17:13:14.730+0000] {local_task_job_runner.py:234} INFO - Task exited with return code 0
[2025-12-16T17:13:14.766+0000] {taskinstance.py:3280} INFO - 0 downstream tasks scheduled from follow-on schedule check
[2025-12-17T01:54:00.802+0000] {taskinstance.py:1956} INFO - Dependencies all met for dep_context=non-requeueable deps ti=<TaskInstance: etl_airflow.load scheduled__2024-08-05T00:00:00+00:00 [queued]>
[2025-12-17T01:54:00.829+0000] {taskinstance.py:1956} INFO - Dependencies all met for dep_context=requeueable deps ti=<TaskInstance: etl_airflow.load scheduled__2024-08-05T00:00:00+00:00 [queued]>
[2025-12-17T01:54:00.830+0000] {taskinstance.py:2170} INFO - Starting attempt 1 of 3
[2025-12-17T01:54:00.861+0000] {taskinstance.py:2191} INFO - Executing <Task(PythonOperator): load> on 2024-08-05 00:00:00+00:00
[2025-12-17T01:54:00.871+0000] {standard_task_runner.py:60} INFO - Started process 2336 to run task
[2025-12-17T01:54:00.877+0000] {standard_task_runner.py:87} INFO - Running: ['***', 'tasks', 'run', 'etl_***', 'load', 'scheduled__2024-08-05T00:00:00+00:00', '--job-id', '671', '--raw', '--subdir', 'DAGS_FOLDER/etl_dag.py', '--cfg-path', '/tmp/tmp1xhk4vok']
[2025-12-17T01:54:00.881+0000] {standard_task_runner.py:88} INFO - Job 671: Subtask load
[2025-12-17T01:54:01.016+0000] {task_command.py:423} INFO - Running <TaskInstance: etl_airflow.load scheduled__2024-08-05T00:00:00+00:00 [running]> on host 571e042550da
[2025-12-17T01:54:01.510+0000] {taskinstance.py:2480} INFO - Exporting env vars: AIRFLOW_CTX_DAG_OWNER='***' AIRFLOW_CTX_DAG_ID='etl_***' AIRFLOW_CTX_TASK_ID='load' AIRFLOW_CTX_EXECUTION_DATE='2024-08-05T00:00:00+00:00' AIRFLOW_CTX_TRY_NUMBER='1' AIRFLOW_CTX_DAG_RUN_ID='scheduled__2024-08-05T00:00:00+00:00'
[2025-12-17T01:54:01.516+0000] {logging_mixin.py:188} INFO - [LOAD]
[2025-12-17T01:54:01.562+0000] {logging_mixin.py:188} INFO -    user_id event_type            timestamp country
0        1      login  2025-01-01T09:00:00      IN
1        1      click  2025-01-01T09:05:00      IN
2        1     logout  2025-01-01T09:15:00      IN
3        3      login  2025-01-02T08:00:00      FR
4        3      click  2025-01-02T08:05:00      FR
[2025-12-17T01:54:01.565+0000] {logging_mixin.py:188} INFO - [LOAD] done
[2025-12-17T01:54:01.567+0000] {python.py:201} INFO - Done. Returned value was: None
[2025-12-17T01:54:01.600+0000] {taskinstance.py:1138} INFO - Marking task as SUCCESS. dag_id=etl_***, task_id=load, execution_date=20240805T000000, start_date=20251217T015400, end_date=20251217T015401
[2025-12-17T01:54:01.698+0000] {local_task_job_runner.py:234} INFO - Task exited with return code 0
[2025-12-17T01:54:01.761+0000] {taskinstance.py:3280} INFO - 0 downstream tasks scheduled from follow-on schedule check
