[2025-12-16T17:09:53.778+0000] {taskinstance.py:1956} INFO - Dependencies all met for dep_context=non-requeueable deps ti=<TaskInstance: etl_airflow.transform scheduled__2024-01-19T00:00:00+00:00 [queued]>
[2025-12-16T17:09:53.806+0000] {taskinstance.py:1956} INFO - Dependencies all met for dep_context=requeueable deps ti=<TaskInstance: etl_airflow.transform scheduled__2024-01-19T00:00:00+00:00 [queued]>
[2025-12-16T17:09:53.811+0000] {taskinstance.py:2170} INFO - Starting attempt 1 of 3
[2025-12-16T17:09:53.849+0000] {taskinstance.py:2191} INFO - Executing <Task(PythonOperator): transform> on 2024-01-19 00:00:00+00:00
[2025-12-16T17:09:53.871+0000] {standard_task_runner.py:60} INFO - Started process 446 to run task
[2025-12-16T17:09:53.888+0000] {standard_task_runner.py:87} INFO - Running: ['***', 'tasks', 'run', 'etl_***', 'transform', 'scheduled__2024-01-19T00:00:00+00:00', '--job-id', '3645', '--raw', '--subdir', 'DAGS_FOLDER/etl_dag.py', '--cfg-path', '/tmp/tmpz4p41zhg']
[2025-12-16T17:09:53.905+0000] {standard_task_runner.py:88} INFO - Job 3645: Subtask transform
[2025-12-16T17:09:54.201+0000] {task_command.py:423} INFO - Running <TaskInstance: etl_airflow.transform scheduled__2024-01-19T00:00:00+00:00 [running]> on host 3b89cfee50e9
[2025-12-16T17:09:54.429+0000] {taskinstance.py:2480} INFO - Exporting env vars: AIRFLOW_CTX_DAG_OWNER='***' AIRFLOW_CTX_DAG_ID='etl_***' AIRFLOW_CTX_TASK_ID='transform' AIRFLOW_CTX_EXECUTION_DATE='2024-01-19T00:00:00+00:00' AIRFLOW_CTX_TRY_NUMBER='1' AIRFLOW_CTX_DAG_RUN_ID='scheduled__2024-01-19T00:00:00+00:00'
[2025-12-16T17:09:54.434+0000] {logging_mixin.py:188} INFO - [TRANSFORM]
[2025-12-16T17:09:54.473+0000] {logging_mixin.py:188} INFO - [TRANSFORM] done
[2025-12-16T17:09:54.474+0000] {python.py:201} INFO - Done. Returned value was: None
[2025-12-16T17:09:54.675+0000] {taskinstance.py:1138} INFO - Marking task as SUCCESS. dag_id=etl_***, task_id=transform, execution_date=20240119T000000, start_date=20251216T170953, end_date=20251216T170954
[2025-12-16T17:09:54.739+0000] {local_task_job_runner.py:234} INFO - Task exited with return code 0
[2025-12-16T17:09:54.770+0000] {taskinstance.py:3280} INFO - 1 downstream tasks scheduled from follow-on schedule check
[2025-12-17T01:50:21.795+0000] {taskinstance.py:1956} INFO - Dependencies all met for dep_context=non-requeueable deps ti=<TaskInstance: etl_airflow.transform scheduled__2024-01-19T00:00:00+00:00 [queued]>
[2025-12-17T01:50:21.829+0000] {taskinstance.py:1956} INFO - Dependencies all met for dep_context=requeueable deps ti=<TaskInstance: etl_airflow.transform scheduled__2024-01-19T00:00:00+00:00 [queued]>
[2025-12-17T01:50:21.830+0000] {taskinstance.py:2170} INFO - Starting attempt 1 of 3
[2025-12-17T01:50:21.870+0000] {taskinstance.py:2191} INFO - Executing <Task(PythonOperator): transform> on 2024-01-19 00:00:00+00:00
[2025-12-17T01:50:21.890+0000] {standard_task_runner.py:60} INFO - Started process 403 to run task
[2025-12-17T01:50:21.910+0000] {standard_task_runner.py:87} INFO - Running: ['***', 'tasks', 'run', 'etl_***', 'transform', 'scheduled__2024-01-19T00:00:00+00:00', '--job-id', '62', '--raw', '--subdir', 'DAGS_FOLDER/etl_dag.py', '--cfg-path', '/tmp/tmpyiydmuw1']
[2025-12-17T01:50:21.924+0000] {standard_task_runner.py:88} INFO - Job 62: Subtask transform
[2025-12-17T01:50:22.213+0000] {task_command.py:423} INFO - Running <TaskInstance: etl_airflow.transform scheduled__2024-01-19T00:00:00+00:00 [running]> on host 571e042550da
[2025-12-17T01:50:22.741+0000] {taskinstance.py:2480} INFO - Exporting env vars: AIRFLOW_CTX_DAG_OWNER='***' AIRFLOW_CTX_DAG_ID='etl_***' AIRFLOW_CTX_TASK_ID='transform' AIRFLOW_CTX_EXECUTION_DATE='2024-01-19T00:00:00+00:00' AIRFLOW_CTX_TRY_NUMBER='1' AIRFLOW_CTX_DAG_RUN_ID='scheduled__2024-01-19T00:00:00+00:00'
[2025-12-17T01:50:22.744+0000] {logging_mixin.py:188} INFO - [TRANSFORM]
[2025-12-17T01:50:22.831+0000] {logging_mixin.py:188} INFO - [TRANSFORM] done
[2025-12-17T01:50:22.832+0000] {python.py:201} INFO - Done. Returned value was: None
[2025-12-17T01:50:22.880+0000] {taskinstance.py:1138} INFO - Marking task as SUCCESS. dag_id=etl_***, task_id=transform, execution_date=20240119T000000, start_date=20251217T015021, end_date=20251217T015022
[2025-12-17T01:50:23.298+0000] {local_task_job_runner.py:234} INFO - Task exited with return code 0
[2025-12-17T01:50:23.696+0000] {taskinstance.py:3280} INFO - 0 downstream tasks scheduled from follow-on schedule check
[2025-12-17T04:42:58.955+0000] {taskinstance.py:1956} INFO - Dependencies all met for dep_context=non-requeueable deps ti=<TaskInstance: etl_airflow.transform scheduled__2024-01-19T00:00:00+00:00 [queued]>
[2025-12-17T04:42:58.989+0000] {taskinstance.py:1956} INFO - Dependencies all met for dep_context=requeueable deps ti=<TaskInstance: etl_airflow.transform scheduled__2024-01-19T00:00:00+00:00 [queued]>
[2025-12-17T04:42:58.991+0000] {taskinstance.py:2170} INFO - Starting attempt 1 of 3
[2025-12-17T04:42:59.024+0000] {taskinstance.py:2191} INFO - Executing <Task(PythonOperator): transform> on 2024-01-19 00:00:00+00:00
[2025-12-17T04:42:59.044+0000] {standard_task_runner.py:60} INFO - Started process 494 to run task
[2025-12-17T04:42:59.066+0000] {standard_task_runner.py:87} INFO - Running: ['***', 'tasks', 'run', 'etl_***', 'transform', 'scheduled__2024-01-19T00:00:00+00:00', '--job-id', '81', '--raw', '--subdir', 'DAGS_FOLDER/etl_***.py', '--cfg-path', '/tmp/tmp4s_lcx_n']
[2025-12-17T04:42:59.071+0000] {standard_task_runner.py:88} INFO - Job 81: Subtask transform
[2025-12-17T04:42:59.285+0000] {task_command.py:423} INFO - Running <TaskInstance: etl_airflow.transform scheduled__2024-01-19T00:00:00+00:00 [running]> on host b3426f05ac70
[2025-12-17T04:42:59.795+0000] {taskinstance.py:2480} INFO - Exporting env vars: AIRFLOW_CTX_DAG_OWNER='***' AIRFLOW_CTX_DAG_ID='etl_***' AIRFLOW_CTX_TASK_ID='transform' AIRFLOW_CTX_EXECUTION_DATE='2024-01-19T00:00:00+00:00' AIRFLOW_CTX_TRY_NUMBER='1' AIRFLOW_CTX_DAG_RUN_ID='scheduled__2024-01-19T00:00:00+00:00'
[2025-12-17T04:42:59.799+0000] {taskinstance.py:2698} ERROR - Task failed with exception
Traceback (most recent call last):
  File "/home/airflow/.local/lib/python3.8/site-packages/airflow/models/taskinstance.py", line 433, in _execute_task
    result = execute_callable(context=context, **execute_callable_kwargs)
  File "/home/airflow/.local/lib/python3.8/site-packages/airflow/operators/python.py", line 199, in execute
    return_value = self.execute_callable()
  File "/home/airflow/.local/lib/python3.8/site-packages/airflow/operators/python.py", line 216, in execute_callable
    return self.python_callable(*self.op_args, **self.op_kwargs)
TypeError: transform_data() missing 1 required positional argument: 'df'
[2025-12-17T04:42:59.816+0000] {taskinstance.py:1138} INFO - Marking task as UP_FOR_RETRY. dag_id=etl_***, task_id=transform, execution_date=20240119T000000, start_date=20251217T044258, end_date=20251217T044259
[2025-12-17T04:42:59.913+0000] {standard_task_runner.py:107} ERROR - Failed to execute job 81 for task transform (transform_data() missing 1 required positional argument: 'df'; 494)
[2025-12-17T04:42:59.980+0000] {local_task_job_runner.py:234} INFO - Task exited with return code 1
[2025-12-17T04:43:00.024+0000] {taskinstance.py:3280} INFO - 0 downstream tasks scheduled from follow-on schedule check
[2025-12-17T07:35:59.695+0000] {taskinstance.py:1956} INFO - Dependencies all met for dep_context=non-requeueable deps ti=<TaskInstance: etl_airflow.transform scheduled__2024-01-19T00:00:00+00:00 [queued]>
[2025-12-17T07:35:59.719+0000] {taskinstance.py:1956} INFO - Dependencies all met for dep_context=requeueable deps ti=<TaskInstance: etl_airflow.transform scheduled__2024-01-19T00:00:00+00:00 [queued]>
[2025-12-17T07:35:59.727+0000] {taskinstance.py:2170} INFO - Starting attempt 1 of 3
[2025-12-17T07:35:59.766+0000] {taskinstance.py:2191} INFO - Executing <Task(PythonOperator): transform> on 2024-01-19 00:00:00+00:00
[2025-12-17T07:35:59.781+0000] {standard_task_runner.py:60} INFO - Started process 535 to run task
[2025-12-17T07:35:59.798+0000] {standard_task_runner.py:87} INFO - Running: ['***', 'tasks', 'run', 'etl_***', 'transform', 'scheduled__2024-01-19T00:00:00+00:00', '--job-id', '76', '--raw', '--subdir', 'DAGS_FOLDER/etl_***.py', '--cfg-path', '/tmp/tmp6fcdicg7']
[2025-12-17T07:35:59.805+0000] {standard_task_runner.py:88} INFO - Job 76: Subtask transform
[2025-12-17T07:35:59.988+0000] {task_command.py:423} INFO - Running <TaskInstance: etl_airflow.transform scheduled__2024-01-19T00:00:00+00:00 [running]> on host 2a0de06c8905
[2025-12-17T07:36:00.624+0000] {taskinstance.py:2480} INFO - Exporting env vars: AIRFLOW_CTX_DAG_OWNER='***' AIRFLOW_CTX_DAG_ID='etl_***' AIRFLOW_CTX_TASK_ID='transform' AIRFLOW_CTX_EXECUTION_DATE='2024-01-19T00:00:00+00:00' AIRFLOW_CTX_TRY_NUMBER='1' AIRFLOW_CTX_DAG_RUN_ID='scheduled__2024-01-19T00:00:00+00:00'
[2025-12-17T07:36:00.627+0000] {taskinstance.py:2698} ERROR - Task failed with exception
Traceback (most recent call last):
  File "/home/airflow/.local/lib/python3.8/site-packages/airflow/models/taskinstance.py", line 433, in _execute_task
    result = execute_callable(context=context, **execute_callable_kwargs)
  File "/home/airflow/.local/lib/python3.8/site-packages/airflow/operators/python.py", line 199, in execute
    return_value = self.execute_callable()
  File "/home/airflow/.local/lib/python3.8/site-packages/airflow/operators/python.py", line 216, in execute_callable
    return self.python_callable(*self.op_args, **self.op_kwargs)
TypeError: transform_data() missing 1 required positional argument: 'df'
[2025-12-17T07:36:00.648+0000] {taskinstance.py:1138} INFO - Marking task as UP_FOR_RETRY. dag_id=etl_***, task_id=transform, execution_date=20240119T000000, start_date=20251217T073559, end_date=20251217T073600
[2025-12-17T07:36:00.713+0000] {standard_task_runner.py:107} ERROR - Failed to execute job 76 for task transform (transform_data() missing 1 required positional argument: 'df'; 535)
[2025-12-17T07:36:00.788+0000] {local_task_job_runner.py:234} INFO - Task exited with return code 1
[2025-12-17T07:36:00.855+0000] {taskinstance.py:3280} INFO - 0 downstream tasks scheduled from follow-on schedule check
