[2025-12-16T17:21:24.568+0000] {taskinstance.py:1956} INFO - Dependencies all met for dep_context=non-requeueable deps ti=<TaskInstance: etl_airflow.transform scheduled__2024-01-19T00:00:00+00:00 [queued]>
[2025-12-16T17:21:24.599+0000] {taskinstance.py:1956} INFO - Dependencies all met for dep_context=requeueable deps ti=<TaskInstance: etl_airflow.transform scheduled__2024-01-19T00:00:00+00:00 [queued]>
[2025-12-16T17:21:24.601+0000] {taskinstance.py:2170} INFO - Starting attempt 3 of 5
[2025-12-16T17:21:24.770+0000] {taskinstance.py:2191} INFO - Executing <Task(PythonOperator): transform> on 2024-01-19 00:00:00+00:00
[2025-12-16T17:21:24.792+0000] {standard_task_runner.py:60} INFO - Started process 5734 to run task
[2025-12-16T17:21:24.799+0000] {standard_task_runner.py:87} INFO - Running: ['***', 'tasks', 'run', 'etl_***', 'transform', 'scheduled__2024-01-19T00:00:00+00:00', '--job-id', '5889', '--raw', '--subdir', 'DAGS_FOLDER/etl_dag.py', '--cfg-path', '/tmp/tmplt19cdki']
[2025-12-16T17:21:24.808+0000] {standard_task_runner.py:88} INFO - Job 5889: Subtask transform
[2025-12-16T17:21:25.025+0000] {task_command.py:423} INFO - Running <TaskInstance: etl_airflow.transform scheduled__2024-01-19T00:00:00+00:00 [running]> on host 3b89cfee50e9
[2025-12-16T17:21:25.351+0000] {taskinstance.py:2480} INFO - Exporting env vars: AIRFLOW_CTX_DAG_OWNER='***' AIRFLOW_CTX_DAG_ID='etl_***' AIRFLOW_CTX_TASK_ID='transform' AIRFLOW_CTX_EXECUTION_DATE='2024-01-19T00:00:00+00:00' AIRFLOW_CTX_TRY_NUMBER='3' AIRFLOW_CTX_DAG_RUN_ID='scheduled__2024-01-19T00:00:00+00:00'
[2025-12-16T17:21:25.359+0000] {logging_mixin.py:188} INFO - [TRANSFORM]
[2025-12-16T17:21:25.862+0000] {logging_mixin.py:188} INFO - [TRANSFORM] done
[2025-12-16T17:21:25.865+0000] {python.py:201} INFO - Done. Returned value was: None
[2025-12-16T17:21:25.897+0000] {taskinstance.py:1138} INFO - Marking task as SUCCESS. dag_id=etl_***, task_id=transform, execution_date=20240119T000000, start_date=20251216T172124, end_date=20251216T172125
[2025-12-16T17:21:26.163+0000] {local_task_job_runner.py:234} INFO - Task exited with return code 0
[2025-12-16T17:21:26.285+0000] {taskinstance.py:3280} INFO - 1 downstream tasks scheduled from follow-on schedule check
[2025-12-17T04:43:23.752+0000] {taskinstance.py:1956} INFO - Dependencies all met for dep_context=non-requeueable deps ti=<TaskInstance: etl_airflow.transform scheduled__2024-01-19T00:00:00+00:00 [queued]>
[2025-12-17T04:43:23.767+0000] {taskinstance.py:1956} INFO - Dependencies all met for dep_context=requeueable deps ti=<TaskInstance: etl_airflow.transform scheduled__2024-01-19T00:00:00+00:00 [queued]>
[2025-12-17T04:43:23.768+0000] {taskinstance.py:2170} INFO - Starting attempt 3 of 3
[2025-12-17T04:43:23.785+0000] {taskinstance.py:2191} INFO - Executing <Task(PythonOperator): transform> on 2024-01-19 00:00:00+00:00
[2025-12-17T04:43:23.792+0000] {standard_task_runner.py:60} INFO - Started process 616 to run task
[2025-12-17T04:43:23.797+0000] {standard_task_runner.py:87} INFO - Running: ['***', 'tasks', 'run', 'etl_***', 'transform', 'scheduled__2024-01-19T00:00:00+00:00', '--job-id', '120', '--raw', '--subdir', 'DAGS_FOLDER/etl_***.py', '--cfg-path', '/tmp/tmpn052andf']
[2025-12-17T04:43:23.801+0000] {standard_task_runner.py:88} INFO - Job 120: Subtask transform
[2025-12-17T04:43:23.899+0000] {task_command.py:423} INFO - Running <TaskInstance: etl_airflow.transform scheduled__2024-01-19T00:00:00+00:00 [running]> on host b3426f05ac70
[2025-12-17T04:43:24.289+0000] {taskinstance.py:2480} INFO - Exporting env vars: AIRFLOW_CTX_DAG_OWNER='***' AIRFLOW_CTX_DAG_ID='etl_***' AIRFLOW_CTX_TASK_ID='transform' AIRFLOW_CTX_EXECUTION_DATE='2024-01-19T00:00:00+00:00' AIRFLOW_CTX_TRY_NUMBER='3' AIRFLOW_CTX_DAG_RUN_ID='scheduled__2024-01-19T00:00:00+00:00'
[2025-12-17T04:43:24.293+0000] {taskinstance.py:2698} ERROR - Task failed with exception
Traceback (most recent call last):
  File "/home/airflow/.local/lib/python3.8/site-packages/airflow/models/taskinstance.py", line 433, in _execute_task
    result = execute_callable(context=context, **execute_callable_kwargs)
  File "/home/airflow/.local/lib/python3.8/site-packages/airflow/operators/python.py", line 199, in execute
    return_value = self.execute_callable()
  File "/home/airflow/.local/lib/python3.8/site-packages/airflow/operators/python.py", line 216, in execute_callable
    return self.python_callable(*self.op_args, **self.op_kwargs)
TypeError: transform_data() missing 1 required positional argument: 'df'
[2025-12-17T04:43:24.306+0000] {taskinstance.py:1138} INFO - Marking task as FAILED. dag_id=etl_***, task_id=transform, execution_date=20240119T000000, start_date=20251217T044323, end_date=20251217T044324
[2025-12-17T04:43:24.325+0000] {standard_task_runner.py:107} ERROR - Failed to execute job 120 for task transform (transform_data() missing 1 required positional argument: 'df'; 616)
[2025-12-17T04:43:24.374+0000] {local_task_job_runner.py:234} INFO - Task exited with return code 1
[2025-12-17T04:43:24.415+0000] {taskinstance.py:3280} INFO - 0 downstream tasks scheduled from follow-on schedule check
[2025-12-17T07:36:24.683+0000] {taskinstance.py:1956} INFO - Dependencies all met for dep_context=non-requeueable deps ti=<TaskInstance: etl_airflow.transform scheduled__2024-01-19T00:00:00+00:00 [queued]>
[2025-12-17T07:36:24.697+0000] {taskinstance.py:1956} INFO - Dependencies all met for dep_context=requeueable deps ti=<TaskInstance: etl_airflow.transform scheduled__2024-01-19T00:00:00+00:00 [queued]>
[2025-12-17T07:36:24.698+0000] {taskinstance.py:2170} INFO - Starting attempt 3 of 3
[2025-12-17T07:36:24.720+0000] {taskinstance.py:2191} INFO - Executing <Task(PythonOperator): transform> on 2024-01-19 00:00:00+00:00
[2025-12-17T07:36:24.730+0000] {standard_task_runner.py:60} INFO - Started process 659 to run task
[2025-12-17T07:36:24.735+0000] {standard_task_runner.py:87} INFO - Running: ['***', 'tasks', 'run', 'etl_***', 'transform', 'scheduled__2024-01-19T00:00:00+00:00', '--job-id', '116', '--raw', '--subdir', 'DAGS_FOLDER/etl_***.py', '--cfg-path', '/tmp/tmpgzg6mfdg']
[2025-12-17T07:36:24.739+0000] {standard_task_runner.py:88} INFO - Job 116: Subtask transform
[2025-12-17T07:36:24.862+0000] {task_command.py:423} INFO - Running <TaskInstance: etl_airflow.transform scheduled__2024-01-19T00:00:00+00:00 [running]> on host 2a0de06c8905
[2025-12-17T07:36:25.394+0000] {taskinstance.py:2480} INFO - Exporting env vars: AIRFLOW_CTX_DAG_OWNER='***' AIRFLOW_CTX_DAG_ID='etl_***' AIRFLOW_CTX_TASK_ID='transform' AIRFLOW_CTX_EXECUTION_DATE='2024-01-19T00:00:00+00:00' AIRFLOW_CTX_TRY_NUMBER='3' AIRFLOW_CTX_DAG_RUN_ID='scheduled__2024-01-19T00:00:00+00:00'
[2025-12-17T07:36:25.398+0000] {taskinstance.py:2698} ERROR - Task failed with exception
Traceback (most recent call last):
  File "/home/airflow/.local/lib/python3.8/site-packages/airflow/models/taskinstance.py", line 433, in _execute_task
    result = execute_callable(context=context, **execute_callable_kwargs)
  File "/home/airflow/.local/lib/python3.8/site-packages/airflow/operators/python.py", line 199, in execute
    return_value = self.execute_callable()
  File "/home/airflow/.local/lib/python3.8/site-packages/airflow/operators/python.py", line 216, in execute_callable
    return self.python_callable(*self.op_args, **self.op_kwargs)
TypeError: transform_data() missing 1 required positional argument: 'df'
[2025-12-17T07:36:25.419+0000] {taskinstance.py:1138} INFO - Marking task as FAILED. dag_id=etl_***, task_id=transform, execution_date=20240119T000000, start_date=20251217T073624, end_date=20251217T073625
[2025-12-17T07:36:25.446+0000] {standard_task_runner.py:107} ERROR - Failed to execute job 116 for task transform (transform_data() missing 1 required positional argument: 'df'; 659)
[2025-12-17T07:36:25.474+0000] {local_task_job_runner.py:234} INFO - Task exited with return code 1
[2025-12-17T07:36:25.531+0000] {taskinstance.py:3280} INFO - 0 downstream tasks scheduled from follow-on schedule check
