[2025-12-16T17:18:26.666+0000] {taskinstance.py:1956} INFO - Dependencies all met for dep_context=non-requeueable deps ti=<TaskInstance: etl_airflow.transform scheduled__2024-01-19T00:00:00+00:00 [queued]>
[2025-12-16T17:18:26.684+0000] {taskinstance.py:1956} INFO - Dependencies all met for dep_context=requeueable deps ti=<TaskInstance: etl_airflow.transform scheduled__2024-01-19T00:00:00+00:00 [queued]>
[2025-12-16T17:18:26.688+0000] {taskinstance.py:2170} INFO - Starting attempt 2 of 4
[2025-12-16T17:18:26.717+0000] {taskinstance.py:2191} INFO - Executing <Task(PythonOperator): transform> on 2024-01-19 00:00:00+00:00
[2025-12-16T17:18:26.732+0000] {standard_task_runner.py:60} INFO - Started process 3590 to run task
[2025-12-16T17:18:26.739+0000] {standard_task_runner.py:87} INFO - Running: ['***', 'tasks', 'run', 'etl_***', 'transform', 'scheduled__2024-01-19T00:00:00+00:00', '--job-id', '5212', '--raw', '--subdir', 'DAGS_FOLDER/etl_dag.py', '--cfg-path', '/tmp/tmpdr_xh0ae']
[2025-12-16T17:18:26.743+0000] {standard_task_runner.py:88} INFO - Job 5212: Subtask transform
[2025-12-16T17:18:26.874+0000] {task_command.py:423} INFO - Running <TaskInstance: etl_airflow.transform scheduled__2024-01-19T00:00:00+00:00 [running]> on host 3b89cfee50e9
[2025-12-16T17:18:27.078+0000] {taskinstance.py:2480} INFO - Exporting env vars: AIRFLOW_CTX_DAG_OWNER='***' AIRFLOW_CTX_DAG_ID='etl_***' AIRFLOW_CTX_TASK_ID='transform' AIRFLOW_CTX_EXECUTION_DATE='2024-01-19T00:00:00+00:00' AIRFLOW_CTX_TRY_NUMBER='2' AIRFLOW_CTX_DAG_RUN_ID='scheduled__2024-01-19T00:00:00+00:00'
[2025-12-16T17:18:27.081+0000] {logging_mixin.py:188} INFO - [TRANSFORM]
[2025-12-16T17:18:27.416+0000] {logging_mixin.py:188} INFO - [TRANSFORM] done
[2025-12-16T17:18:27.417+0000] {python.py:201} INFO - Done. Returned value was: None
[2025-12-16T17:18:27.443+0000] {taskinstance.py:1138} INFO - Marking task as SUCCESS. dag_id=etl_***, task_id=transform, execution_date=20240119T000000, start_date=20251216T171826, end_date=20251216T171827
[2025-12-16T17:18:27.527+0000] {local_task_job_runner.py:234} INFO - Task exited with return code 0
[2025-12-16T17:18:27.579+0000] {taskinstance.py:3280} INFO - 1 downstream tasks scheduled from follow-on schedule check
[2025-12-17T04:43:11.217+0000] {taskinstance.py:1956} INFO - Dependencies all met for dep_context=non-requeueable deps ti=<TaskInstance: etl_airflow.transform scheduled__2024-01-19T00:00:00+00:00 [queued]>
[2025-12-17T04:43:11.232+0000] {taskinstance.py:1956} INFO - Dependencies all met for dep_context=requeueable deps ti=<TaskInstance: etl_airflow.transform scheduled__2024-01-19T00:00:00+00:00 [queued]>
[2025-12-17T04:43:11.233+0000] {taskinstance.py:2170} INFO - Starting attempt 2 of 3
[2025-12-17T04:43:11.373+0000] {taskinstance.py:2191} INFO - Executing <Task(PythonOperator): transform> on 2024-01-19 00:00:00+00:00
[2025-12-17T04:43:11.382+0000] {standard_task_runner.py:60} INFO - Started process 547 to run task
[2025-12-17T04:43:11.400+0000] {standard_task_runner.py:87} INFO - Running: ['***', 'tasks', 'run', 'etl_***', 'transform', 'scheduled__2024-01-19T00:00:00+00:00', '--job-id', '102', '--raw', '--subdir', 'DAGS_FOLDER/etl_***.py', '--cfg-path', '/tmp/tmp09gfpr4z']
[2025-12-17T04:43:11.404+0000] {standard_task_runner.py:88} INFO - Job 102: Subtask transform
[2025-12-17T04:43:11.525+0000] {task_command.py:423} INFO - Running <TaskInstance: etl_airflow.transform scheduled__2024-01-19T00:00:00+00:00 [running]> on host b3426f05ac70
[2025-12-17T04:43:11.848+0000] {taskinstance.py:2480} INFO - Exporting env vars: AIRFLOW_CTX_DAG_OWNER='***' AIRFLOW_CTX_DAG_ID='etl_***' AIRFLOW_CTX_TASK_ID='transform' AIRFLOW_CTX_EXECUTION_DATE='2024-01-19T00:00:00+00:00' AIRFLOW_CTX_TRY_NUMBER='2' AIRFLOW_CTX_DAG_RUN_ID='scheduled__2024-01-19T00:00:00+00:00'
[2025-12-17T04:43:11.850+0000] {taskinstance.py:2698} ERROR - Task failed with exception
Traceback (most recent call last):
  File "/home/airflow/.local/lib/python3.8/site-packages/airflow/models/taskinstance.py", line 433, in _execute_task
    result = execute_callable(context=context, **execute_callable_kwargs)
  File "/home/airflow/.local/lib/python3.8/site-packages/airflow/operators/python.py", line 199, in execute
    return_value = self.execute_callable()
  File "/home/airflow/.local/lib/python3.8/site-packages/airflow/operators/python.py", line 216, in execute_callable
    return self.python_callable(*self.op_args, **self.op_kwargs)
TypeError: transform_data() missing 1 required positional argument: 'df'
[2025-12-17T04:43:11.862+0000] {taskinstance.py:1138} INFO - Marking task as UP_FOR_RETRY. dag_id=etl_***, task_id=transform, execution_date=20240119T000000, start_date=20251217T044311, end_date=20251217T044311
[2025-12-17T04:43:11.879+0000] {standard_task_runner.py:107} ERROR - Failed to execute job 102 for task transform (transform_data() missing 1 required positional argument: 'df'; 547)
[2025-12-17T04:43:11.927+0000] {local_task_job_runner.py:234} INFO - Task exited with return code 1
[2025-12-17T04:43:11.974+0000] {taskinstance.py:3280} INFO - 0 downstream tasks scheduled from follow-on schedule check
[2025-12-17T07:36:12.510+0000] {taskinstance.py:1956} INFO - Dependencies all met for dep_context=non-requeueable deps ti=<TaskInstance: etl_airflow.transform scheduled__2024-01-19T00:00:00+00:00 [queued]>
[2025-12-17T07:36:12.527+0000] {taskinstance.py:1956} INFO - Dependencies all met for dep_context=requeueable deps ti=<TaskInstance: etl_airflow.transform scheduled__2024-01-19T00:00:00+00:00 [queued]>
[2025-12-17T07:36:12.528+0000] {taskinstance.py:2170} INFO - Starting attempt 2 of 3
[2025-12-17T07:36:12.548+0000] {taskinstance.py:2191} INFO - Executing <Task(PythonOperator): transform> on 2024-01-19 00:00:00+00:00
[2025-12-17T07:36:12.557+0000] {standard_task_runner.py:60} INFO - Started process 601 to run task
[2025-12-17T07:36:12.563+0000] {standard_task_runner.py:87} INFO - Running: ['***', 'tasks', 'run', 'etl_***', 'transform', 'scheduled__2024-01-19T00:00:00+00:00', '--job-id', '100', '--raw', '--subdir', 'DAGS_FOLDER/etl_***.py', '--cfg-path', '/tmp/tmp0kzbyl9r']
[2025-12-17T07:36:12.567+0000] {standard_task_runner.py:88} INFO - Job 100: Subtask transform
[2025-12-17T07:36:12.819+0000] {task_command.py:423} INFO - Running <TaskInstance: etl_airflow.transform scheduled__2024-01-19T00:00:00+00:00 [running]> on host 2a0de06c8905
[2025-12-17T07:36:13.420+0000] {taskinstance.py:2480} INFO - Exporting env vars: AIRFLOW_CTX_DAG_OWNER='***' AIRFLOW_CTX_DAG_ID='etl_***' AIRFLOW_CTX_TASK_ID='transform' AIRFLOW_CTX_EXECUTION_DATE='2024-01-19T00:00:00+00:00' AIRFLOW_CTX_TRY_NUMBER='2' AIRFLOW_CTX_DAG_RUN_ID='scheduled__2024-01-19T00:00:00+00:00'
[2025-12-17T07:36:13.423+0000] {taskinstance.py:2698} ERROR - Task failed with exception
Traceback (most recent call last):
  File "/home/airflow/.local/lib/python3.8/site-packages/airflow/models/taskinstance.py", line 433, in _execute_task
    result = execute_callable(context=context, **execute_callable_kwargs)
  File "/home/airflow/.local/lib/python3.8/site-packages/airflow/operators/python.py", line 199, in execute
    return_value = self.execute_callable()
  File "/home/airflow/.local/lib/python3.8/site-packages/airflow/operators/python.py", line 216, in execute_callable
    return self.python_callable(*self.op_args, **self.op_kwargs)
TypeError: transform_data() missing 1 required positional argument: 'df'
[2025-12-17T07:36:13.446+0000] {taskinstance.py:1138} INFO - Marking task as UP_FOR_RETRY. dag_id=etl_***, task_id=transform, execution_date=20240119T000000, start_date=20251217T073612, end_date=20251217T073613
[2025-12-17T07:36:13.478+0000] {standard_task_runner.py:107} ERROR - Failed to execute job 100 for task transform (transform_data() missing 1 required positional argument: 'df'; 601)
[2025-12-17T07:36:13.547+0000] {local_task_job_runner.py:234} INFO - Task exited with return code 1
[2025-12-17T07:36:13.604+0000] {taskinstance.py:3280} INFO - 0 downstream tasks scheduled from follow-on schedule check
