[2025-12-16T17:12:01.148+0000] {taskinstance.py:1956} INFO - Dependencies all met for dep_context=non-requeueable deps ti=<TaskInstance: etl_airflow.load scheduled__2024-06-05T00:00:00+00:00 [queued]>
[2025-12-16T17:12:01.170+0000] {taskinstance.py:1956} INFO - Dependencies all met for dep_context=requeueable deps ti=<TaskInstance: etl_airflow.load scheduled__2024-06-05T00:00:00+00:00 [queued]>
[2025-12-16T17:12:01.171+0000] {taskinstance.py:2170} INFO - Starting attempt 1 of 3
[2025-12-16T17:12:01.211+0000] {taskinstance.py:2191} INFO - Executing <Task(PythonOperator): load> on 2024-06-05 00:00:00+00:00
[2025-12-16T17:12:01.228+0000] {standard_task_runner.py:60} INFO - Started process 1843 to run task
[2025-12-16T17:12:01.243+0000] {standard_task_runner.py:87} INFO - Running: ['***', 'tasks', 'run', 'etl_***', 'load', 'scheduled__2024-06-05T00:00:00+00:00', '--job-id', '4079', '--raw', '--subdir', 'DAGS_FOLDER/etl_dag.py', '--cfg-path', '/tmp/tmpkon86ptl']
[2025-12-16T17:12:01.253+0000] {standard_task_runner.py:88} INFO - Job 4079: Subtask load
[2025-12-16T17:12:01.470+0000] {task_command.py:423} INFO - Running <TaskInstance: etl_airflow.load scheduled__2024-06-05T00:00:00+00:00 [running]> on host 3b89cfee50e9
[2025-12-16T17:12:01.745+0000] {taskinstance.py:2480} INFO - Exporting env vars: AIRFLOW_CTX_DAG_OWNER='***' AIRFLOW_CTX_DAG_ID='etl_***' AIRFLOW_CTX_TASK_ID='load' AIRFLOW_CTX_EXECUTION_DATE='2024-06-05T00:00:00+00:00' AIRFLOW_CTX_TRY_NUMBER='1' AIRFLOW_CTX_DAG_RUN_ID='scheduled__2024-06-05T00:00:00+00:00'
[2025-12-16T17:12:01.756+0000] {logging_mixin.py:188} INFO - [LOAD]
[2025-12-16T17:12:02.148+0000] {logging_mixin.py:188} INFO -    user_id event_type            timestamp country
0        1      login  2025-01-01T09:00:00      IN
1        1      click  2025-01-01T09:05:00      IN
2        1     logout  2025-01-01T09:15:00      IN
3        3      login  2025-01-02T08:00:00      FR
4        3      click  2025-01-02T08:05:00      FR
[2025-12-16T17:12:02.155+0000] {logging_mixin.py:188} INFO - [LOAD] done
[2025-12-16T17:12:02.166+0000] {python.py:201} INFO - Done. Returned value was: None
[2025-12-16T17:12:02.194+0000] {taskinstance.py:1138} INFO - Marking task as SUCCESS. dag_id=etl_***, task_id=load, execution_date=20240605T000000, start_date=20251216T171201, end_date=20251216T171202
[2025-12-16T17:12:02.275+0000] {local_task_job_runner.py:234} INFO - Task exited with return code 0
[2025-12-16T17:12:02.374+0000] {taskinstance.py:3280} INFO - 0 downstream tasks scheduled from follow-on schedule check
[2025-12-17T01:52:55.834+0000] {taskinstance.py:1956} INFO - Dependencies all met for dep_context=non-requeueable deps ti=<TaskInstance: etl_airflow.load scheduled__2024-06-05T00:00:00+00:00 [queued]>
[2025-12-17T01:52:55.857+0000] {taskinstance.py:1956} INFO - Dependencies all met for dep_context=requeueable deps ti=<TaskInstance: etl_airflow.load scheduled__2024-06-05T00:00:00+00:00 [queued]>
[2025-12-17T01:52:55.858+0000] {taskinstance.py:2170} INFO - Starting attempt 1 of 3
[2025-12-17T01:52:55.891+0000] {taskinstance.py:2191} INFO - Executing <Task(PythonOperator): load> on 2024-06-05 00:00:00+00:00
[2025-12-17T01:52:55.903+0000] {standard_task_runner.py:60} INFO - Started process 1777 to run task
[2025-12-17T01:52:55.910+0000] {standard_task_runner.py:87} INFO - Running: ['***', 'tasks', 'run', 'etl_***', 'load', 'scheduled__2024-06-05T00:00:00+00:00', '--job-id', '493', '--raw', '--subdir', 'DAGS_FOLDER/etl_dag.py', '--cfg-path', '/tmp/tmpakoe1inj']
[2025-12-17T01:52:55.918+0000] {standard_task_runner.py:88} INFO - Job 493: Subtask load
[2025-12-17T01:52:56.190+0000] {task_command.py:423} INFO - Running <TaskInstance: etl_airflow.load scheduled__2024-06-05T00:00:00+00:00 [running]> on host 571e042550da
[2025-12-17T01:52:56.828+0000] {taskinstance.py:2480} INFO - Exporting env vars: AIRFLOW_CTX_DAG_OWNER='***' AIRFLOW_CTX_DAG_ID='etl_***' AIRFLOW_CTX_TASK_ID='load' AIRFLOW_CTX_EXECUTION_DATE='2024-06-05T00:00:00+00:00' AIRFLOW_CTX_TRY_NUMBER='1' AIRFLOW_CTX_DAG_RUN_ID='scheduled__2024-06-05T00:00:00+00:00'
[2025-12-17T01:52:56.850+0000] {logging_mixin.py:188} INFO - [LOAD]
[2025-12-17T01:52:57.517+0000] {logging_mixin.py:188} INFO -    user_id event_type            timestamp country
0        1      login  2025-01-01T09:00:00      IN
1        1      click  2025-01-01T09:05:00      IN
2        1     logout  2025-01-01T09:15:00      IN
3        3      login  2025-01-02T08:00:00      FR
4        3      click  2025-01-02T08:05:00      FR
[2025-12-17T01:52:57.538+0000] {logging_mixin.py:188} INFO - [LOAD] done
[2025-12-17T01:52:57.594+0000] {python.py:201} INFO - Done. Returned value was: None
[2025-12-17T01:52:57.629+0000] {taskinstance.py:1138} INFO - Marking task as SUCCESS. dag_id=etl_***, task_id=load, execution_date=20240605T000000, start_date=20251217T015255, end_date=20251217T015257
[2025-12-17T01:52:57.736+0000] {local_task_job_runner.py:234} INFO - Task exited with return code 0
[2025-12-17T01:52:58.066+0000] {taskinstance.py:3280} INFO - 0 downstream tasks scheduled from follow-on schedule check
