[2025-12-16T17:15:39.712+0000] {taskinstance.py:1956} INFO - Dependencies all met for dep_context=non-requeueable deps ti=<TaskInstance: etl_airflow.transform scheduled__2025-01-10T00:00:00+00:00 [queued]>
[2025-12-16T17:15:39.733+0000] {taskinstance.py:1956} INFO - Dependencies all met for dep_context=requeueable deps ti=<TaskInstance: etl_airflow.transform scheduled__2025-01-10T00:00:00+00:00 [queued]>
[2025-12-16T17:15:39.735+0000] {taskinstance.py:2170} INFO - Starting attempt 1 of 3
[2025-12-16T17:15:39.774+0000] {taskinstance.py:2191} INFO - Executing <Task(PythonOperator): transform> on 2025-01-10 00:00:00+00:00
[2025-12-16T17:15:39.791+0000] {standard_task_runner.py:60} INFO - Started process 2141 to run task
[2025-12-16T17:15:39.809+0000] {standard_task_runner.py:87} INFO - Running: ['***', 'tasks', 'run', 'etl_***', 'transform', 'scheduled__2025-01-10T00:00:00+00:00', '--job-id', '4758', '--raw', '--subdir', 'DAGS_FOLDER/etl_dag.py', '--cfg-path', '/tmp/tmpq1figmrx']
[2025-12-16T17:15:39.818+0000] {standard_task_runner.py:88} INFO - Job 4758: Subtask transform
[2025-12-16T17:15:40.012+0000] {task_command.py:423} INFO - Running <TaskInstance: etl_airflow.transform scheduled__2025-01-10T00:00:00+00:00 [running]> on host 3b89cfee50e9
[2025-12-16T17:15:40.262+0000] {taskinstance.py:2480} INFO - Exporting env vars: AIRFLOW_CTX_DAG_OWNER='***' AIRFLOW_CTX_DAG_ID='etl_***' AIRFLOW_CTX_TASK_ID='transform' AIRFLOW_CTX_EXECUTION_DATE='2025-01-10T00:00:00+00:00' AIRFLOW_CTX_TRY_NUMBER='1' AIRFLOW_CTX_DAG_RUN_ID='scheduled__2025-01-10T00:00:00+00:00'
[2025-12-16T17:15:40.271+0000] {logging_mixin.py:188} INFO - [TRANSFORM]
[2025-12-16T17:15:40.698+0000] {logging_mixin.py:188} INFO - [TRANSFORM] done
[2025-12-16T17:15:40.699+0000] {python.py:201} INFO - Done. Returned value was: None
[2025-12-16T17:15:40.725+0000] {taskinstance.py:1138} INFO - Marking task as SUCCESS. dag_id=etl_***, task_id=transform, execution_date=20250110T000000, start_date=20251216T171539, end_date=20251216T171540
[2025-12-16T17:15:41.005+0000] {local_task_job_runner.py:234} INFO - Task exited with return code 0
[2025-12-16T17:15:41.061+0000] {taskinstance.py:3280} INFO - 1 downstream tasks scheduled from follow-on schedule check
[2025-12-17T01:56:40.322+0000] {taskinstance.py:1956} INFO - Dependencies all met for dep_context=non-requeueable deps ti=<TaskInstance: etl_airflow.transform scheduled__2025-01-10T00:00:00+00:00 [queued]>
[2025-12-17T01:56:40.344+0000] {taskinstance.py:1956} INFO - Dependencies all met for dep_context=requeueable deps ti=<TaskInstance: etl_airflow.transform scheduled__2025-01-10T00:00:00+00:00 [queued]>
[2025-12-17T01:56:40.345+0000] {taskinstance.py:2170} INFO - Starting attempt 1 of 3
[2025-12-17T01:56:40.439+0000] {taskinstance.py:2191} INFO - Executing <Task(PythonOperator): transform> on 2025-01-10 00:00:00+00:00
[2025-12-17T01:56:40.451+0000] {standard_task_runner.py:60} INFO - Started process 3837 to run task
[2025-12-17T01:56:40.459+0000] {standard_task_runner.py:87} INFO - Running: ['***', 'tasks', 'run', 'etl_***', 'transform', 'scheduled__2025-01-10T00:00:00+00:00', '--job-id', '1141', '--raw', '--subdir', 'DAGS_FOLDER/etl_dag.py', '--cfg-path', '/tmp/tmpdqwa363c']
[2025-12-17T01:56:40.464+0000] {standard_task_runner.py:88} INFO - Job 1141: Subtask transform
[2025-12-17T01:56:40.629+0000] {task_command.py:423} INFO - Running <TaskInstance: etl_airflow.transform scheduled__2025-01-10T00:00:00+00:00 [running]> on host 571e042550da
[2025-12-17T01:56:41.197+0000] {taskinstance.py:2480} INFO - Exporting env vars: AIRFLOW_CTX_DAG_OWNER='***' AIRFLOW_CTX_DAG_ID='etl_***' AIRFLOW_CTX_TASK_ID='transform' AIRFLOW_CTX_EXECUTION_DATE='2025-01-10T00:00:00+00:00' AIRFLOW_CTX_TRY_NUMBER='1' AIRFLOW_CTX_DAG_RUN_ID='scheduled__2025-01-10T00:00:00+00:00'
[2025-12-17T01:56:41.200+0000] {logging_mixin.py:188} INFO - [TRANSFORM]
[2025-12-17T01:56:41.246+0000] {logging_mixin.py:188} INFO - [TRANSFORM] done
[2025-12-17T01:56:41.248+0000] {python.py:201} INFO - Done. Returned value was: None
[2025-12-17T01:56:41.285+0000] {taskinstance.py:1138} INFO - Marking task as SUCCESS. dag_id=etl_***, task_id=transform, execution_date=20250110T000000, start_date=20251217T015640, end_date=20251217T015641
[2025-12-17T01:56:41.446+0000] {local_task_job_runner.py:234} INFO - Task exited with return code 0
[2025-12-17T01:56:41.499+0000] {taskinstance.py:3280} INFO - 1 downstream tasks scheduled from follow-on schedule check
[2025-12-17T04:55:51.896+0000] {taskinstance.py:1956} INFO - Dependencies all met for dep_context=non-requeueable deps ti=<TaskInstance: etl_airflow.transform scheduled__2025-01-10T00:00:00+00:00 [queued]>
[2025-12-17T04:55:51.922+0000] {taskinstance.py:1956} INFO - Dependencies all met for dep_context=requeueable deps ti=<TaskInstance: etl_airflow.transform scheduled__2025-01-10T00:00:00+00:00 [queued]>
[2025-12-17T04:55:51.923+0000] {taskinstance.py:2170} INFO - Starting attempt 1 of 3
[2025-12-17T04:55:51.951+0000] {taskinstance.py:2191} INFO - Executing <Task(PythonOperator): transform> on 2025-01-10 00:00:00+00:00
[2025-12-17T04:55:51.962+0000] {standard_task_runner.py:60} INFO - Started process 5162 to run task
[2025-12-17T04:55:51.979+0000] {standard_task_runner.py:87} INFO - Running: ['***', 'tasks', 'run', 'etl_***', 'transform', 'scheduled__2025-01-10T00:00:00+00:00', '--job-id', '1497', '--raw', '--subdir', 'DAGS_FOLDER/etl_***.py', '--cfg-path', '/tmp/tmppij8plsz']
[2025-12-17T04:55:51.992+0000] {standard_task_runner.py:88} INFO - Job 1497: Subtask transform
[2025-12-17T04:55:52.149+0000] {task_command.py:423} INFO - Running <TaskInstance: etl_airflow.transform scheduled__2025-01-10T00:00:00+00:00 [running]> on host b3426f05ac70
[2025-12-17T04:55:52.556+0000] {taskinstance.py:2480} INFO - Exporting env vars: AIRFLOW_CTX_DAG_OWNER='***' AIRFLOW_CTX_DAG_ID='etl_***' AIRFLOW_CTX_TASK_ID='transform' AIRFLOW_CTX_EXECUTION_DATE='2025-01-10T00:00:00+00:00' AIRFLOW_CTX_TRY_NUMBER='1' AIRFLOW_CTX_DAG_RUN_ID='scheduled__2025-01-10T00:00:00+00:00'
[2025-12-17T04:55:52.559+0000] {taskinstance.py:2698} ERROR - Task failed with exception
Traceback (most recent call last):
  File "/home/airflow/.local/lib/python3.8/site-packages/airflow/models/taskinstance.py", line 433, in _execute_task
    result = execute_callable(context=context, **execute_callable_kwargs)
  File "/home/airflow/.local/lib/python3.8/site-packages/airflow/operators/python.py", line 199, in execute
    return_value = self.execute_callable()
  File "/home/airflow/.local/lib/python3.8/site-packages/airflow/operators/python.py", line 216, in execute_callable
    return self.python_callable(*self.op_args, **self.op_kwargs)
TypeError: transform_data() missing 1 required positional argument: 'df'
[2025-12-17T04:55:52.575+0000] {taskinstance.py:1138} INFO - Marking task as UP_FOR_RETRY. dag_id=etl_***, task_id=transform, execution_date=20250110T000000, start_date=20251217T045551, end_date=20251217T045552
[2025-12-17T04:55:52.606+0000] {standard_task_runner.py:107} ERROR - Failed to execute job 1497 for task transform (transform_data() missing 1 required positional argument: 'df'; 5162)
[2025-12-17T04:55:52.669+0000] {local_task_job_runner.py:234} INFO - Task exited with return code 1
[2025-12-17T04:55:52.924+0000] {taskinstance.py:3280} INFO - 0 downstream tasks scheduled from follow-on schedule check
[2025-12-17T08:01:19.166+0000] {taskinstance.py:1956} INFO - Dependencies all met for dep_context=non-requeueable deps ti=<TaskInstance: etl_airflow.transform scheduled__2025-01-10T00:00:00+00:00 [queued]>
[2025-12-17T08:01:19.194+0000] {taskinstance.py:1956} INFO - Dependencies all met for dep_context=requeueable deps ti=<TaskInstance: etl_airflow.transform scheduled__2025-01-10T00:00:00+00:00 [queued]>
[2025-12-17T08:01:19.196+0000] {taskinstance.py:2170} INFO - Starting attempt 1 of 3
[2025-12-17T08:01:19.339+0000] {taskinstance.py:2191} INFO - Executing <Task(PythonOperator): transform> on 2025-01-10 00:00:00+00:00
[2025-12-17T08:01:19.356+0000] {standard_task_runner.py:60} INFO - Started process 5260 to run task
[2025-12-17T08:01:19.364+0000] {standard_task_runner.py:87} INFO - Running: ['***', 'tasks', 'run', 'etl_***', 'transform', 'scheduled__2025-01-10T00:00:00+00:00', '--job-id', '1499', '--raw', '--subdir', 'DAGS_FOLDER/etl_***.py', '--cfg-path', '/tmp/tmpbcsroovc']
[2025-12-17T08:01:19.373+0000] {standard_task_runner.py:88} INFO - Job 1499: Subtask transform
[2025-12-17T08:01:19.558+0000] {task_command.py:423} INFO - Running <TaskInstance: etl_airflow.transform scheduled__2025-01-10T00:00:00+00:00 [running]> on host 2a0de06c8905
[2025-12-17T08:01:19.941+0000] {taskinstance.py:2480} INFO - Exporting env vars: AIRFLOW_CTX_DAG_OWNER='***' AIRFLOW_CTX_DAG_ID='etl_***' AIRFLOW_CTX_TASK_ID='transform' AIRFLOW_CTX_EXECUTION_DATE='2025-01-10T00:00:00+00:00' AIRFLOW_CTX_TRY_NUMBER='1' AIRFLOW_CTX_DAG_RUN_ID='scheduled__2025-01-10T00:00:00+00:00'
[2025-12-17T08:01:19.944+0000] {taskinstance.py:2698} ERROR - Task failed with exception
Traceback (most recent call last):
  File "/home/airflow/.local/lib/python3.8/site-packages/airflow/models/taskinstance.py", line 433, in _execute_task
    result = execute_callable(context=context, **execute_callable_kwargs)
  File "/home/airflow/.local/lib/python3.8/site-packages/airflow/operators/python.py", line 199, in execute
    return_value = self.execute_callable()
  File "/home/airflow/.local/lib/python3.8/site-packages/airflow/operators/python.py", line 216, in execute_callable
    return self.python_callable(*self.op_args, **self.op_kwargs)
TypeError: transform_data() missing 1 required positional argument: 'df'
[2025-12-17T08:01:19.958+0000] {taskinstance.py:1138} INFO - Marking task as UP_FOR_RETRY. dag_id=etl_***, task_id=transform, execution_date=20250110T000000, start_date=20251217T080119, end_date=20251217T080119
[2025-12-17T08:01:19.978+0000] {standard_task_runner.py:107} ERROR - Failed to execute job 1499 for task transform (transform_data() missing 1 required positional argument: 'df'; 5260)
[2025-12-17T08:01:20.024+0000] {local_task_job_runner.py:234} INFO - Task exited with return code 1
[2025-12-17T08:01:20.118+0000] {taskinstance.py:3280} INFO - 0 downstream tasks scheduled from follow-on schedule check
