[2025-12-16T16:38:59.400+0000] {taskinstance.py:1956} INFO - Dependencies all met for dep_context=non-requeueable deps ti=<TaskInstance: etl_airflow.extract scheduled__2024-09-10T00:00:00+00:00 [queued]>
[2025-12-16T16:38:59.418+0000] {taskinstance.py:1956} INFO - Dependencies all met for dep_context=requeueable deps ti=<TaskInstance: etl_airflow.extract scheduled__2024-09-10T00:00:00+00:00 [queued]>
[2025-12-16T16:38:59.420+0000] {taskinstance.py:2170} INFO - Starting attempt 1 of 3
[2025-12-16T16:38:59.451+0000] {taskinstance.py:2191} INFO - Executing <Task(PythonOperator): extract> on 2024-09-10 00:00:00+00:00
[2025-12-16T16:38:59.467+0000] {standard_task_runner.py:60} INFO - Started process 1440 to run task
[2025-12-16T16:38:59.476+0000] {standard_task_runner.py:87} INFO - Running: ['***', 'tasks', 'run', 'etl_***', 'extract', 'scheduled__2024-09-10T00:00:00+00:00', '--job-id', '768', '--raw', '--subdir', 'DAGS_FOLDER/etl_dag.py', '--cfg-path', '/tmp/tmp2ijq727x']
[2025-12-16T16:38:59.484+0000] {standard_task_runner.py:88} INFO - Job 768: Subtask extract
[2025-12-16T16:38:59.628+0000] {task_command.py:423} INFO - Running <TaskInstance: etl_airflow.extract scheduled__2024-09-10T00:00:00+00:00 [running]> on host 02b83863a69a
[2025-12-16T16:38:59.788+0000] {taskinstance.py:2480} INFO - Exporting env vars: AIRFLOW_CTX_DAG_OWNER='***' AIRFLOW_CTX_DAG_ID='etl_***' AIRFLOW_CTX_TASK_ID='extract' AIRFLOW_CTX_EXECUTION_DATE='2024-09-10T00:00:00+00:00' AIRFLOW_CTX_TRY_NUMBER='1' AIRFLOW_CTX_DAG_RUN_ID='scheduled__2024-09-10T00:00:00+00:00'
[2025-12-16T16:38:59.792+0000] {logging_mixin.py:188} INFO - Extracting data from /opt/***/data/input.csv
[2025-12-16T16:38:59.799+0000] {taskinstance.py:2698} ERROR - Task failed with exception
Traceback (most recent call last):
  File "/home/airflow/.local/lib/python3.8/site-packages/airflow/models/taskinstance.py", line 433, in _execute_task
    result = execute_callable(context=context, **execute_callable_kwargs)
  File "/home/airflow/.local/lib/python3.8/site-packages/airflow/operators/python.py", line 199, in execute
    return_value = self.execute_callable()
  File "/home/airflow/.local/lib/python3.8/site-packages/airflow/operators/python.py", line 216, in execute_callable
    return self.python_callable(*self.op_args, **self.op_kwargs)
  File "/opt/airflow/etl_logic/pipeline.py", line 97, in extract_data
    df = pd.read_csv(input_path)
  File "/home/airflow/.local/lib/python3.8/site-packages/pandas/io/parsers/readers.py", line 912, in read_csv
    return _read(filepath_or_buffer, kwds)
  File "/home/airflow/.local/lib/python3.8/site-packages/pandas/io/parsers/readers.py", line 577, in _read
    parser = TextFileReader(filepath_or_buffer, **kwds)
  File "/home/airflow/.local/lib/python3.8/site-packages/pandas/io/parsers/readers.py", line 1407, in __init__
    self._engine = self._make_engine(f, self.engine)
  File "/home/airflow/.local/lib/python3.8/site-packages/pandas/io/parsers/readers.py", line 1661, in _make_engine
    self.handles = get_handle(
  File "/home/airflow/.local/lib/python3.8/site-packages/pandas/io/common.py", line 859, in get_handle
    handle = open(
FileNotFoundError: [Errno 2] No such file or directory: '/opt/airflow/data/input.csv'
[2025-12-16T16:38:59.834+0000] {taskinstance.py:1138} INFO - Marking task as UP_FOR_RETRY. dag_id=etl_***, task_id=extract, execution_date=20240910T000000, start_date=20251216T163859, end_date=20251216T163859
[2025-12-16T16:38:59.861+0000] {standard_task_runner.py:107} ERROR - Failed to execute job 768 for task extract ([Errno 2] No such file or directory: '/opt/airflow/data/input.csv'; 1440)
[2025-12-16T16:38:59.892+0000] {local_task_job_runner.py:234} INFO - Task exited with return code 1
[2025-12-16T16:38:59.935+0000] {taskinstance.py:3280} INFO - 0 downstream tasks scheduled from follow-on schedule check
[2025-12-17T01:54:37.179+0000] {taskinstance.py:1956} INFO - Dependencies all met for dep_context=non-requeueable deps ti=<TaskInstance: etl_airflow.extract scheduled__2024-09-10T00:00:00+00:00 [queued]>
[2025-12-17T01:54:37.203+0000] {taskinstance.py:1956} INFO - Dependencies all met for dep_context=requeueable deps ti=<TaskInstance: etl_airflow.extract scheduled__2024-09-10T00:00:00+00:00 [queued]>
[2025-12-17T01:54:37.205+0000] {taskinstance.py:2170} INFO - Starting attempt 1 of 3
[2025-12-17T01:54:37.414+0000] {taskinstance.py:2191} INFO - Executing <Task(PythonOperator): extract> on 2024-09-10 00:00:00+00:00
[2025-12-17T01:54:37.426+0000] {standard_task_runner.py:60} INFO - Started process 2655 to run task
[2025-12-17T01:54:37.435+0000] {standard_task_runner.py:87} INFO - Running: ['***', 'tasks', 'run', 'etl_***', 'extract', 'scheduled__2024-09-10T00:00:00+00:00', '--job-id', '769', '--raw', '--subdir', 'DAGS_FOLDER/etl_dag.py', '--cfg-path', '/tmp/tmpc4n_26m6']
[2025-12-17T01:54:37.440+0000] {standard_task_runner.py:88} INFO - Job 769: Subtask extract
[2025-12-17T01:54:37.594+0000] {task_command.py:423} INFO - Running <TaskInstance: etl_airflow.extract scheduled__2024-09-10T00:00:00+00:00 [running]> on host 571e042550da
[2025-12-17T01:54:38.018+0000] {taskinstance.py:2480} INFO - Exporting env vars: AIRFLOW_CTX_DAG_OWNER='***' AIRFLOW_CTX_DAG_ID='etl_***' AIRFLOW_CTX_TASK_ID='extract' AIRFLOW_CTX_EXECUTION_DATE='2024-09-10T00:00:00+00:00' AIRFLOW_CTX_TRY_NUMBER='1' AIRFLOW_CTX_DAG_RUN_ID='scheduled__2024-09-10T00:00:00+00:00'
[2025-12-17T01:54:38.021+0000] {logging_mixin.py:188} INFO - [EXTRACT] Reading /opt/***/data/synthetic_events.csv
[2025-12-17T01:54:38.067+0000] {logging_mixin.py:188} INFO - [EXTRACT] done
[2025-12-17T01:54:38.069+0000] {python.py:201} INFO - Done. Returned value was: None
[2025-12-17T01:54:38.088+0000] {taskinstance.py:1138} INFO - Marking task as SUCCESS. dag_id=etl_***, task_id=extract, execution_date=20240910T000000, start_date=20251217T015437, end_date=20251217T015438
[2025-12-17T01:54:38.134+0000] {local_task_job_runner.py:234} INFO - Task exited with return code 0
[2025-12-17T01:54:38.362+0000] {taskinstance.py:3280} INFO - 0 downstream tasks scheduled from follow-on schedule check
[2025-12-17T04:51:06.563+0000] {taskinstance.py:1956} INFO - Dependencies all met for dep_context=non-requeueable deps ti=<TaskInstance: etl_airflow.extract scheduled__2024-09-10T00:00:00+00:00 [queued]>
[2025-12-17T04:51:06.581+0000] {taskinstance.py:1956} INFO - Dependencies all met for dep_context=requeueable deps ti=<TaskInstance: etl_airflow.extract scheduled__2024-09-10T00:00:00+00:00 [queued]>
[2025-12-17T04:51:06.582+0000] {taskinstance.py:2170} INFO - Starting attempt 1 of 3
[2025-12-17T04:51:06.638+0000] {taskinstance.py:2191} INFO - Executing <Task(PythonOperator): extract> on 2024-09-10 00:00:00+00:00
[2025-12-17T04:51:06.663+0000] {standard_task_runner.py:60} INFO - Started process 3467 to run task
[2025-12-17T04:51:06.670+0000] {standard_task_runner.py:87} INFO - Running: ['***', 'tasks', 'run', 'etl_***', 'extract', 'scheduled__2024-09-10T00:00:00+00:00', '--job-id', '981', '--raw', '--subdir', 'DAGS_FOLDER/etl_***.py', '--cfg-path', '/tmp/tmp3tpjclp7']
[2025-12-17T04:51:06.673+0000] {standard_task_runner.py:88} INFO - Job 981: Subtask extract
[2025-12-17T04:51:06.845+0000] {task_command.py:423} INFO - Running <TaskInstance: etl_airflow.extract scheduled__2024-09-10T00:00:00+00:00 [running]> on host b3426f05ac70
[2025-12-17T04:51:07.283+0000] {taskinstance.py:2480} INFO - Exporting env vars: AIRFLOW_CTX_DAG_OWNER='***' AIRFLOW_CTX_DAG_ID='etl_***' AIRFLOW_CTX_TASK_ID='extract' AIRFLOW_CTX_EXECUTION_DATE='2024-09-10T00:00:00+00:00' AIRFLOW_CTX_TRY_NUMBER='1' AIRFLOW_CTX_DAG_RUN_ID='scheduled__2024-09-10T00:00:00+00:00'
[2025-12-17T04:51:07.322+0000] {python.py:201} INFO - Done. Returned value was:    user_id event_type           timestamp country
0        1      login 2025-01-01 09:00:00      IN
1        1      click 2025-01-01 09:05:00      IN
2        1     logout 2025-01-01 09:15:00      IN
3        2      login 2025-01-01 10:00:00      US
4        2      click 2025-01-01 10:10:00      US
5        2     logout 2025-01-01 10:20:00      US
6        3      login 2025-01-02 08:00:00      FR
7        3      click 2025-01-02 08:05:00      FR
8        3     logout 2025-01-02 08:30:00      FR
[2025-12-17T04:51:07.409+0000] {taskinstance.py:1138} INFO - Marking task as SUCCESS. dag_id=etl_***, task_id=extract, execution_date=20240910T000000, start_date=20251217T045106, end_date=20251217T045107
[2025-12-17T04:51:07.474+0000] {local_task_job_runner.py:234} INFO - Task exited with return code 0
[2025-12-17T04:51:07.510+0000] {taskinstance.py:3280} INFO - 1 downstream tasks scheduled from follow-on schedule check
[2025-12-17T07:45:01.156+0000] {taskinstance.py:1956} INFO - Dependencies all met for dep_context=non-requeueable deps ti=<TaskInstance: etl_airflow.extract scheduled__2024-09-10T00:00:00+00:00 [queued]>
[2025-12-17T07:45:01.189+0000] {taskinstance.py:1956} INFO - Dependencies all met for dep_context=requeueable deps ti=<TaskInstance: etl_airflow.extract scheduled__2024-09-10T00:00:00+00:00 [queued]>
[2025-12-17T07:45:01.190+0000] {taskinstance.py:2170} INFO - Starting attempt 1 of 3
[2025-12-17T07:45:01.417+0000] {taskinstance.py:2191} INFO - Executing <Task(PythonOperator): extract> on 2024-09-10 00:00:00+00:00
[2025-12-17T07:45:01.439+0000] {standard_task_runner.py:60} INFO - Started process 3537 to run task
[2025-12-17T07:45:01.450+0000] {standard_task_runner.py:87} INFO - Running: ['***', 'tasks', 'run', 'etl_***', 'extract', 'scheduled__2024-09-10T00:00:00+00:00', '--job-id', '986', '--raw', '--subdir', 'DAGS_FOLDER/etl_***.py', '--cfg-path', '/tmp/tmpub6gybi_']
[2025-12-17T07:45:01.459+0000] {standard_task_runner.py:88} INFO - Job 986: Subtask extract
[2025-12-17T07:45:01.668+0000] {task_command.py:423} INFO - Running <TaskInstance: etl_airflow.extract scheduled__2024-09-10T00:00:00+00:00 [running]> on host 2a0de06c8905
[2025-12-17T07:45:02.103+0000] {taskinstance.py:2480} INFO - Exporting env vars: AIRFLOW_CTX_DAG_OWNER='***' AIRFLOW_CTX_DAG_ID='etl_***' AIRFLOW_CTX_TASK_ID='extract' AIRFLOW_CTX_EXECUTION_DATE='2024-09-10T00:00:00+00:00' AIRFLOW_CTX_TRY_NUMBER='1' AIRFLOW_CTX_DAG_RUN_ID='scheduled__2024-09-10T00:00:00+00:00'
[2025-12-17T07:45:02.134+0000] {python.py:201} INFO - Done. Returned value was:    user_id event_type           timestamp country
0        1      login 2025-01-01 09:00:00      IN
1        1      click 2025-01-01 09:05:00      IN
2        1     logout 2025-01-01 09:15:00      IN
3        2      login 2025-01-01 10:00:00      US
4        2      click 2025-01-01 10:10:00      US
5        2     logout 2025-01-01 10:20:00      US
6        3      login 2025-01-02 08:00:00      FR
7        3      click 2025-01-02 08:05:00      FR
8        3     logout 2025-01-02 08:30:00      FR
[2025-12-17T07:45:02.201+0000] {taskinstance.py:1138} INFO - Marking task as SUCCESS. dag_id=etl_***, task_id=extract, execution_date=20240910T000000, start_date=20251217T074501, end_date=20251217T074502
[2025-12-17T07:45:02.284+0000] {local_task_job_runner.py:234} INFO - Task exited with return code 0
[2025-12-17T07:45:02.338+0000] {taskinstance.py:3280} INFO - 1 downstream tasks scheduled from follow-on schedule check
