[2025-12-17T02:01:03.517+0000] {taskinstance.py:1956} INFO - Dependencies all met for dep_context=non-requeueable deps ti=<TaskInstance: etl_airflow.transform scheduled__2025-10-15T00:00:00+00:00 [queued]>
[2025-12-17T02:01:03.546+0000] {taskinstance.py:1956} INFO - Dependencies all met for dep_context=requeueable deps ti=<TaskInstance: etl_airflow.transform scheduled__2025-10-15T00:00:00+00:00 [queued]>
[2025-12-17T02:01:03.550+0000] {taskinstance.py:2170} INFO - Starting attempt 1 of 3
[2025-12-17T02:01:03.587+0000] {taskinstance.py:2191} INFO - Executing <Task(PythonOperator): transform> on 2025-10-15 00:00:00+00:00
[2025-12-17T02:01:03.606+0000] {standard_task_runner.py:60} INFO - Started process 6550 to run task
[2025-12-17T02:01:03.620+0000] {standard_task_runner.py:87} INFO - Running: ['***', 'tasks', 'run', 'etl_***', 'transform', 'scheduled__2025-10-15T00:00:00+00:00', '--job-id', '2000', '--raw', '--subdir', 'DAGS_FOLDER/etl_dag.py', '--cfg-path', '/tmp/tmptzv9lhwx']
[2025-12-17T02:01:03.627+0000] {standard_task_runner.py:88} INFO - Job 2000: Subtask transform
[2025-12-17T02:01:03.785+0000] {task_command.py:423} INFO - Running <TaskInstance: etl_airflow.transform scheduled__2025-10-15T00:00:00+00:00 [running]> on host 571e042550da
[2025-12-17T02:01:04.296+0000] {taskinstance.py:2480} INFO - Exporting env vars: AIRFLOW_CTX_DAG_OWNER='***' AIRFLOW_CTX_DAG_ID='etl_***' AIRFLOW_CTX_TASK_ID='transform' AIRFLOW_CTX_EXECUTION_DATE='2025-10-15T00:00:00+00:00' AIRFLOW_CTX_TRY_NUMBER='1' AIRFLOW_CTX_DAG_RUN_ID='scheduled__2025-10-15T00:00:00+00:00'
[2025-12-17T02:01:04.299+0000] {logging_mixin.py:188} INFO - [TRANSFORM]
[2025-12-17T02:01:04.346+0000] {logging_mixin.py:188} INFO - [TRANSFORM] done
[2025-12-17T02:01:04.347+0000] {python.py:201} INFO - Done. Returned value was: None
[2025-12-17T02:01:04.377+0000] {taskinstance.py:1138} INFO - Marking task as SUCCESS. dag_id=etl_***, task_id=transform, execution_date=20251015T000000, start_date=20251217T020103, end_date=20251217T020104
[2025-12-17T02:01:04.490+0000] {local_task_job_runner.py:234} INFO - Task exited with return code 0
[2025-12-17T02:01:04.783+0000] {taskinstance.py:3280} INFO - 0 downstream tasks scheduled from follow-on schedule check
[2025-12-17T05:05:31.290+0000] {taskinstance.py:1956} INFO - Dependencies all met for dep_context=non-requeueable deps ti=<TaskInstance: etl_airflow.transform scheduled__2025-10-15T00:00:00+00:00 [queued]>
[2025-12-17T05:05:31.305+0000] {taskinstance.py:1956} INFO - Dependencies all met for dep_context=requeueable deps ti=<TaskInstance: etl_airflow.transform scheduled__2025-10-15T00:00:00+00:00 [queued]>
[2025-12-17T05:05:31.306+0000] {taskinstance.py:2170} INFO - Starting attempt 1 of 3
[2025-12-17T05:05:31.323+0000] {taskinstance.py:2191} INFO - Executing <Task(PythonOperator): transform> on 2025-10-15 00:00:00+00:00
[2025-12-17T05:05:31.333+0000] {standard_task_runner.py:60} INFO - Started process 8760 to run task
[2025-12-17T05:05:31.337+0000] {standard_task_runner.py:87} INFO - Running: ['***', 'tasks', 'run', 'etl_***', 'transform', 'scheduled__2025-10-15T00:00:00+00:00', '--job-id', '2592', '--raw', '--subdir', 'DAGS_FOLDER/etl_***.py', '--cfg-path', '/tmp/tmpckl8kht5']
[2025-12-17T05:05:31.341+0000] {standard_task_runner.py:88} INFO - Job 2592: Subtask transform
[2025-12-17T05:05:31.446+0000] {task_command.py:423} INFO - Running <TaskInstance: etl_airflow.transform scheduled__2025-10-15T00:00:00+00:00 [running]> on host b3426f05ac70
[2025-12-17T05:05:31.767+0000] {taskinstance.py:2480} INFO - Exporting env vars: AIRFLOW_CTX_DAG_OWNER='***' AIRFLOW_CTX_DAG_ID='etl_***' AIRFLOW_CTX_TASK_ID='transform' AIRFLOW_CTX_EXECUTION_DATE='2025-10-15T00:00:00+00:00' AIRFLOW_CTX_TRY_NUMBER='1' AIRFLOW_CTX_DAG_RUN_ID='scheduled__2025-10-15T00:00:00+00:00'
[2025-12-17T05:05:31.770+0000] {taskinstance.py:2698} ERROR - Task failed with exception
Traceback (most recent call last):
  File "/home/airflow/.local/lib/python3.8/site-packages/airflow/models/taskinstance.py", line 433, in _execute_task
    result = execute_callable(context=context, **execute_callable_kwargs)
  File "/home/airflow/.local/lib/python3.8/site-packages/airflow/operators/python.py", line 199, in execute
    return_value = self.execute_callable()
  File "/home/airflow/.local/lib/python3.8/site-packages/airflow/operators/python.py", line 216, in execute_callable
    return self.python_callable(*self.op_args, **self.op_kwargs)
TypeError: transform_data() missing 1 required positional argument: 'df'
[2025-12-17T05:05:31.782+0000] {taskinstance.py:1138} INFO - Marking task as UP_FOR_RETRY. dag_id=etl_***, task_id=transform, execution_date=20251015T000000, start_date=20251217T050531, end_date=20251217T050531
[2025-12-17T05:05:31.801+0000] {standard_task_runner.py:107} ERROR - Failed to execute job 2592 for task transform (transform_data() missing 1 required positional argument: 'df'; 8760)
[2025-12-17T05:05:31.833+0000] {local_task_job_runner.py:234} INFO - Task exited with return code 1
[2025-12-17T05:05:31.872+0000] {taskinstance.py:3280} INFO - 0 downstream tasks scheduled from follow-on schedule check
