[2025-12-16T16:47:05.691+0000] {taskinstance.py:1956} INFO - Dependencies all met for dep_context=non-requeueable deps ti=<TaskInstance: etl_airflow.extract scheduled__2025-04-10T00:00:00+00:00 [queued]>
[2025-12-16T16:47:05.709+0000] {taskinstance.py:1956} INFO - Dependencies all met for dep_context=requeueable deps ti=<TaskInstance: etl_airflow.extract scheduled__2025-04-10T00:00:00+00:00 [queued]>
[2025-12-16T16:47:05.710+0000] {taskinstance.py:2170} INFO - Starting attempt 1 of 3
[2025-12-16T16:47:05.732+0000] {taskinstance.py:2191} INFO - Executing <Task(PythonOperator): extract> on 2025-04-10 00:00:00+00:00
[2025-12-16T16:47:05.742+0000] {standard_task_runner.py:60} INFO - Started process 1924 to run task
[2025-12-16T16:47:05.750+0000] {standard_task_runner.py:87} INFO - Running: ['***', 'tasks', 'run', 'etl_***', 'extract', 'scheduled__2025-04-10T00:00:00+00:00', '--job-id', '1398', '--raw', '--subdir', 'DAGS_FOLDER/etl_dag.py', '--cfg-path', '/tmp/tmpmoa7oiht']
[2025-12-16T16:47:05.754+0000] {standard_task_runner.py:88} INFO - Job 1398: Subtask extract
[2025-12-16T16:47:05.879+0000] {task_command.py:423} INFO - Running <TaskInstance: etl_airflow.extract scheduled__2025-04-10T00:00:00+00:00 [running]> on host db658e834d9d
[2025-12-16T16:47:06.014+0000] {taskinstance.py:2480} INFO - Exporting env vars: AIRFLOW_CTX_DAG_OWNER='***' AIRFLOW_CTX_DAG_ID='etl_***' AIRFLOW_CTX_TASK_ID='extract' AIRFLOW_CTX_EXECUTION_DATE='2025-04-10T00:00:00+00:00' AIRFLOW_CTX_TRY_NUMBER='1' AIRFLOW_CTX_DAG_RUN_ID='scheduled__2025-04-10T00:00:00+00:00'
[2025-12-16T16:47:06.016+0000] {logging_mixin.py:188} INFO - Extracting data from /opt/***/data/input.csv
[2025-12-16T16:47:06.021+0000] {taskinstance.py:2698} ERROR - Task failed with exception
Traceback (most recent call last):
  File "/home/airflow/.local/lib/python3.8/site-packages/airflow/models/taskinstance.py", line 433, in _execute_task
    result = execute_callable(context=context, **execute_callable_kwargs)
  File "/home/airflow/.local/lib/python3.8/site-packages/airflow/operators/python.py", line 199, in execute
    return_value = self.execute_callable()
  File "/home/airflow/.local/lib/python3.8/site-packages/airflow/operators/python.py", line 216, in execute_callable
    return self.python_callable(*self.op_args, **self.op_kwargs)
  File "/opt/airflow/etl_logic/pipeline.py", line 97, in extract_data
    df = pd.read_csv(input_path)
  File "/home/airflow/.local/lib/python3.8/site-packages/pandas/io/parsers/readers.py", line 912, in read_csv
    return _read(filepath_or_buffer, kwds)
  File "/home/airflow/.local/lib/python3.8/site-packages/pandas/io/parsers/readers.py", line 577, in _read
    parser = TextFileReader(filepath_or_buffer, **kwds)
  File "/home/airflow/.local/lib/python3.8/site-packages/pandas/io/parsers/readers.py", line 1407, in __init__
    self._engine = self._make_engine(f, self.engine)
  File "/home/airflow/.local/lib/python3.8/site-packages/pandas/io/parsers/readers.py", line 1661, in _make_engine
    self.handles = get_handle(
  File "/home/airflow/.local/lib/python3.8/site-packages/pandas/io/common.py", line 859, in get_handle
    handle = open(
FileNotFoundError: [Errno 2] No such file or directory: '/opt/airflow/data/input.csv'
[2025-12-16T16:47:06.041+0000] {taskinstance.py:1138} INFO - Marking task as UP_FOR_RETRY. dag_id=etl_***, task_id=extract, execution_date=20250410T000000, start_date=20251216T164705, end_date=20251216T164706
[2025-12-16T16:47:06.059+0000] {standard_task_runner.py:107} ERROR - Failed to execute job 1398 for task extract ([Errno 2] No such file or directory: '/opt/airflow/data/input.csv'; 1924)
[2025-12-16T16:47:06.082+0000] {local_task_job_runner.py:234} INFO - Task exited with return code 1
[2025-12-16T16:47:06.124+0000] {taskinstance.py:3280} INFO - 0 downstream tasks scheduled from follow-on schedule check
[2025-12-17T01:58:06.853+0000] {taskinstance.py:1956} INFO - Dependencies all met for dep_context=non-requeueable deps ti=<TaskInstance: etl_airflow.extract scheduled__2025-04-10T00:00:00+00:00 [queued]>
[2025-12-17T01:58:06.889+0000] {taskinstance.py:1956} INFO - Dependencies all met for dep_context=requeueable deps ti=<TaskInstance: etl_airflow.extract scheduled__2025-04-10T00:00:00+00:00 [queued]>
[2025-12-17T01:58:06.891+0000] {taskinstance.py:2170} INFO - Starting attempt 1 of 3
[2025-12-17T01:58:06.930+0000] {taskinstance.py:2191} INFO - Executing <Task(PythonOperator): extract> on 2025-04-10 00:00:00+00:00
[2025-12-17T01:58:06.949+0000] {standard_task_runner.py:60} INFO - Started process 4665 to run task
[2025-12-17T01:58:06.962+0000] {standard_task_runner.py:87} INFO - Running: ['***', 'tasks', 'run', 'etl_***', 'extract', 'scheduled__2025-04-10T00:00:00+00:00', '--job-id', '1400', '--raw', '--subdir', 'DAGS_FOLDER/etl_dag.py', '--cfg-path', '/tmp/tmpi8t2ujw6']
[2025-12-17T01:58:06.973+0000] {standard_task_runner.py:88} INFO - Job 1400: Subtask extract
[2025-12-17T01:58:07.210+0000] {task_command.py:423} INFO - Running <TaskInstance: etl_airflow.extract scheduled__2025-04-10T00:00:00+00:00 [running]> on host 571e042550da
[2025-12-17T01:58:07.742+0000] {taskinstance.py:2480} INFO - Exporting env vars: AIRFLOW_CTX_DAG_OWNER='***' AIRFLOW_CTX_DAG_ID='etl_***' AIRFLOW_CTX_TASK_ID='extract' AIRFLOW_CTX_EXECUTION_DATE='2025-04-10T00:00:00+00:00' AIRFLOW_CTX_TRY_NUMBER='1' AIRFLOW_CTX_DAG_RUN_ID='scheduled__2025-04-10T00:00:00+00:00'
[2025-12-17T01:58:07.746+0000] {logging_mixin.py:188} INFO - [EXTRACT] Reading /opt/***/data/synthetic_events.csv
[2025-12-17T01:58:07.790+0000] {logging_mixin.py:188} INFO - [EXTRACT] done
[2025-12-17T01:58:07.794+0000] {python.py:201} INFO - Done. Returned value was: None
[2025-12-17T01:58:07.824+0000] {taskinstance.py:1138} INFO - Marking task as SUCCESS. dag_id=etl_***, task_id=extract, execution_date=20250410T000000, start_date=20251217T015806, end_date=20251217T015807
[2025-12-17T01:58:07.933+0000] {local_task_job_runner.py:234} INFO - Task exited with return code 0
[2025-12-17T01:58:08.276+0000] {taskinstance.py:3280} INFO - 0 downstream tasks scheduled from follow-on schedule check
[2025-12-17T04:59:13.275+0000] {taskinstance.py:1956} INFO - Dependencies all met for dep_context=non-requeueable deps ti=<TaskInstance: etl_airflow.extract scheduled__2025-04-10T00:00:00+00:00 [queued]>
[2025-12-17T04:59:13.288+0000] {taskinstance.py:1956} INFO - Dependencies all met for dep_context=requeueable deps ti=<TaskInstance: etl_airflow.extract scheduled__2025-04-10T00:00:00+00:00 [queued]>
[2025-12-17T04:59:13.289+0000] {taskinstance.py:2170} INFO - Starting attempt 1 of 3
[2025-12-17T04:59:13.309+0000] {taskinstance.py:2191} INFO - Executing <Task(PythonOperator): extract> on 2025-04-10 00:00:00+00:00
[2025-12-17T04:59:13.315+0000] {standard_task_runner.py:60} INFO - Started process 6363 to run task
[2025-12-17T04:59:13.321+0000] {standard_task_runner.py:87} INFO - Running: ['***', 'tasks', 'run', 'etl_***', 'extract', 'scheduled__2025-04-10T00:00:00+00:00', '--job-id', '1861', '--raw', '--subdir', 'DAGS_FOLDER/etl_***.py', '--cfg-path', '/tmp/tmpvegkf2gd']
[2025-12-17T04:59:13.323+0000] {standard_task_runner.py:88} INFO - Job 1861: Subtask extract
[2025-12-17T04:59:13.418+0000] {task_command.py:423} INFO - Running <TaskInstance: etl_airflow.extract scheduled__2025-04-10T00:00:00+00:00 [running]> on host b3426f05ac70
[2025-12-17T04:59:13.745+0000] {taskinstance.py:2480} INFO - Exporting env vars: AIRFLOW_CTX_DAG_OWNER='***' AIRFLOW_CTX_DAG_ID='etl_***' AIRFLOW_CTX_TASK_ID='extract' AIRFLOW_CTX_EXECUTION_DATE='2025-04-10T00:00:00+00:00' AIRFLOW_CTX_TRY_NUMBER='1' AIRFLOW_CTX_DAG_RUN_ID='scheduled__2025-04-10T00:00:00+00:00'
[2025-12-17T04:59:13.765+0000] {python.py:201} INFO - Done. Returned value was:    user_id event_type           timestamp country
0        1      login 2025-01-01 09:00:00      IN
1        1      click 2025-01-01 09:05:00      IN
2        1     logout 2025-01-01 09:15:00      IN
3        2      login 2025-01-01 10:00:00      US
4        2      click 2025-01-01 10:10:00      US
5        2     logout 2025-01-01 10:20:00      US
6        3      login 2025-01-02 08:00:00      FR
7        3      click 2025-01-02 08:05:00      FR
8        3     logout 2025-01-02 08:30:00      FR
[2025-12-17T04:59:13.828+0000] {taskinstance.py:1138} INFO - Marking task as SUCCESS. dag_id=etl_***, task_id=extract, execution_date=20250410T000000, start_date=20251217T045913, end_date=20251217T045913
[2025-12-17T04:59:13.894+0000] {local_task_job_runner.py:234} INFO - Task exited with return code 0
[2025-12-17T04:59:13.947+0000] {taskinstance.py:3280} INFO - 1 downstream tasks scheduled from follow-on schedule check
