[2025-12-16T17:13:39.821+0000] {taskinstance.py:1956} INFO - Dependencies all met for dep_context=non-requeueable deps ti=<TaskInstance: etl_airflow.load scheduled__2024-09-01T00:00:00+00:00 [queued]>
[2025-12-16T17:13:39.847+0000] {taskinstance.py:1956} INFO - Dependencies all met for dep_context=requeueable deps ti=<TaskInstance: etl_airflow.load scheduled__2024-09-01T00:00:00+00:00 [queued]>
[2025-12-16T17:13:39.852+0000] {taskinstance.py:2170} INFO - Starting attempt 1 of 3
[2025-12-16T17:13:39.883+0000] {taskinstance.py:2191} INFO - Executing <Task(PythonOperator): load> on 2024-09-01 00:00:00+00:00
[2025-12-16T17:13:39.902+0000] {standard_task_runner.py:60} INFO - Started process 847 to run task
[2025-12-16T17:13:39.912+0000] {standard_task_runner.py:87} INFO - Running: ['***', 'tasks', 'run', 'etl_***', 'load', 'scheduled__2024-09-01T00:00:00+00:00', '--job-id', '4344', '--raw', '--subdir', 'DAGS_FOLDER/etl_dag.py', '--cfg-path', '/tmp/tmp4d369e1d']
[2025-12-16T17:13:39.918+0000] {standard_task_runner.py:88} INFO - Job 4344: Subtask load
[2025-12-16T17:13:40.113+0000] {task_command.py:423} INFO - Running <TaskInstance: etl_airflow.load scheduled__2024-09-01T00:00:00+00:00 [running]> on host 3b89cfee50e9
[2025-12-16T17:13:40.366+0000] {taskinstance.py:2480} INFO - Exporting env vars: AIRFLOW_CTX_DAG_OWNER='***' AIRFLOW_CTX_DAG_ID='etl_***' AIRFLOW_CTX_TASK_ID='load' AIRFLOW_CTX_EXECUTION_DATE='2024-09-01T00:00:00+00:00' AIRFLOW_CTX_TRY_NUMBER='1' AIRFLOW_CTX_DAG_RUN_ID='scheduled__2024-09-01T00:00:00+00:00'
[2025-12-16T17:13:40.370+0000] {logging_mixin.py:188} INFO - [LOAD]
[2025-12-16T17:13:40.768+0000] {logging_mixin.py:188} INFO -    user_id event_type            timestamp country
0        1      login  2025-01-01T09:00:00      IN
1        1      click  2025-01-01T09:05:00      IN
2        1     logout  2025-01-01T09:15:00      IN
3        3      login  2025-01-02T08:00:00      FR
4        3      click  2025-01-02T08:05:00      FR
[2025-12-16T17:13:40.769+0000] {logging_mixin.py:188} INFO - [LOAD] done
[2025-12-16T17:13:40.771+0000] {python.py:201} INFO - Done. Returned value was: None
[2025-12-16T17:13:40.815+0000] {taskinstance.py:1138} INFO - Marking task as SUCCESS. dag_id=etl_***, task_id=load, execution_date=20240901T000000, start_date=20251216T171339, end_date=20251216T171340
[2025-12-16T17:13:40.909+0000] {local_task_job_runner.py:234} INFO - Task exited with return code 0
[2025-12-16T17:13:40.947+0000] {taskinstance.py:3280} INFO - 0 downstream tasks scheduled from follow-on schedule check
[2025-12-17T01:54:29.825+0000] {taskinstance.py:1956} INFO - Dependencies all met for dep_context=non-requeueable deps ti=<TaskInstance: etl_airflow.load scheduled__2024-09-01T00:00:00+00:00 [queued]>
[2025-12-17T01:54:29.852+0000] {taskinstance.py:1956} INFO - Dependencies all met for dep_context=requeueable deps ti=<TaskInstance: etl_airflow.load scheduled__2024-09-01T00:00:00+00:00 [queued]>
[2025-12-17T01:54:29.853+0000] {taskinstance.py:2170} INFO - Starting attempt 1 of 3
[2025-12-17T01:54:29.886+0000] {taskinstance.py:2191} INFO - Executing <Task(PythonOperator): load> on 2024-09-01 00:00:00+00:00
[2025-12-17T01:54:29.896+0000] {standard_task_runner.py:60} INFO - Started process 2619 to run task
[2025-12-17T01:54:29.902+0000] {standard_task_runner.py:87} INFO - Running: ['***', 'tasks', 'run', 'etl_***', 'load', 'scheduled__2024-09-01T00:00:00+00:00', '--job-id', '760', '--raw', '--subdir', 'DAGS_FOLDER/etl_dag.py', '--cfg-path', '/tmp/tmplbclil99']
[2025-12-17T01:54:29.909+0000] {standard_task_runner.py:88} INFO - Job 760: Subtask load
[2025-12-17T01:54:30.061+0000] {task_command.py:423} INFO - Running <TaskInstance: etl_airflow.load scheduled__2024-09-01T00:00:00+00:00 [running]> on host 571e042550da
[2025-12-17T01:54:30.522+0000] {taskinstance.py:2480} INFO - Exporting env vars: AIRFLOW_CTX_DAG_OWNER='***' AIRFLOW_CTX_DAG_ID='etl_***' AIRFLOW_CTX_TASK_ID='load' AIRFLOW_CTX_EXECUTION_DATE='2024-09-01T00:00:00+00:00' AIRFLOW_CTX_TRY_NUMBER='1' AIRFLOW_CTX_DAG_RUN_ID='scheduled__2024-09-01T00:00:00+00:00'
[2025-12-17T01:54:30.529+0000] {logging_mixin.py:188} INFO - [LOAD]
[2025-12-17T01:54:30.568+0000] {logging_mixin.py:188} INFO -    user_id event_type            timestamp country
0        1      login  2025-01-01T09:00:00      IN
1        1      click  2025-01-01T09:05:00      IN
2        1     logout  2025-01-01T09:15:00      IN
3        3      login  2025-01-02T08:00:00      FR
4        3      click  2025-01-02T08:05:00      FR
[2025-12-17T01:54:30.572+0000] {logging_mixin.py:188} INFO - [LOAD] done
[2025-12-17T01:54:30.573+0000] {python.py:201} INFO - Done. Returned value was: None
[2025-12-17T01:54:30.595+0000] {taskinstance.py:1138} INFO - Marking task as SUCCESS. dag_id=etl_***, task_id=load, execution_date=20240901T000000, start_date=20251217T015429, end_date=20251217T015430
[2025-12-17T01:54:30.802+0000] {local_task_job_runner.py:234} INFO - Task exited with return code 0
[2025-12-17T01:54:30.838+0000] {taskinstance.py:3280} INFO - 0 downstream tasks scheduled from follow-on schedule check
