[2025-12-16T16:32:22.037+0000] {taskinstance.py:1956} INFO - Dependencies all met for dep_context=non-requeueable deps ti=<TaskInstance: etl_airflow.extract scheduled__2024-04-11T00:00:00+00:00 [queued]>
[2025-12-16T16:32:22.057+0000] {taskinstance.py:1956} INFO - Dependencies all met for dep_context=requeueable deps ti=<TaskInstance: etl_airflow.extract scheduled__2024-04-11T00:00:00+00:00 [queued]>
[2025-12-16T16:32:22.058+0000] {taskinstance.py:2170} INFO - Starting attempt 1 of 3
[2025-12-16T16:32:22.087+0000] {taskinstance.py:2191} INFO - Executing <Task(PythonOperator): extract> on 2024-04-11 00:00:00+00:00
[2025-12-16T16:32:22.107+0000] {standard_task_runner.py:60} INFO - Started process 1396 to run task
[2025-12-16T16:32:22.118+0000] {standard_task_runner.py:87} INFO - Running: ['***', 'tasks', 'run', 'etl_***', 'extract', 'scheduled__2024-04-11T00:00:00+00:00', '--job-id', '290', '--raw', '--subdir', 'DAGS_FOLDER/etl_dag.py', '--cfg-path', '/tmp/tmpbvzzh5re']
[2025-12-16T16:32:22.132+0000] {standard_task_runner.py:88} INFO - Job 290: Subtask extract
[2025-12-16T16:32:22.296+0000] {task_command.py:423} INFO - Running <TaskInstance: etl_airflow.extract scheduled__2024-04-11T00:00:00+00:00 [running]> on host 528de643acfe
[2025-12-16T16:32:22.458+0000] {taskinstance.py:2480} INFO - Exporting env vars: AIRFLOW_CTX_DAG_OWNER='***' AIRFLOW_CTX_DAG_ID='etl_***' AIRFLOW_CTX_TASK_ID='extract' AIRFLOW_CTX_EXECUTION_DATE='2024-04-11T00:00:00+00:00' AIRFLOW_CTX_TRY_NUMBER='1' AIRFLOW_CTX_DAG_RUN_ID='scheduled__2024-04-11T00:00:00+00:00'
[2025-12-16T16:32:22.462+0000] {logging_mixin.py:188} INFO - Extracting data from /opt/***/data/input.csv
[2025-12-16T16:32:22.470+0000] {taskinstance.py:2698} ERROR - Task failed with exception
Traceback (most recent call last):
  File "/home/airflow/.local/lib/python3.8/site-packages/airflow/models/taskinstance.py", line 433, in _execute_task
    result = execute_callable(context=context, **execute_callable_kwargs)
  File "/home/airflow/.local/lib/python3.8/site-packages/airflow/operators/python.py", line 199, in execute
    return_value = self.execute_callable()
  File "/home/airflow/.local/lib/python3.8/site-packages/airflow/operators/python.py", line 216, in execute_callable
    return self.python_callable(*self.op_args, **self.op_kwargs)
  File "/opt/airflow/dags/etl_logic/pipeline.py", line 92, in extract_data
    return pd.read_csv(input_path)
  File "/home/airflow/.local/lib/python3.8/site-packages/pandas/io/parsers/readers.py", line 912, in read_csv
    return _read(filepath_or_buffer, kwds)
  File "/home/airflow/.local/lib/python3.8/site-packages/pandas/io/parsers/readers.py", line 577, in _read
    parser = TextFileReader(filepath_or_buffer, **kwds)
  File "/home/airflow/.local/lib/python3.8/site-packages/pandas/io/parsers/readers.py", line 1407, in __init__
    self._engine = self._make_engine(f, self.engine)
  File "/home/airflow/.local/lib/python3.8/site-packages/pandas/io/parsers/readers.py", line 1661, in _make_engine
    self.handles = get_handle(
  File "/home/airflow/.local/lib/python3.8/site-packages/pandas/io/common.py", line 859, in get_handle
    handle = open(
FileNotFoundError: [Errno 2] No such file or directory: '/opt/airflow/data/input.csv'
[2025-12-16T16:32:22.760+0000] {taskinstance.py:1138} INFO - Marking task as UP_FOR_RETRY. dag_id=etl_***, task_id=extract, execution_date=20240411T000000, start_date=20251216T163222, end_date=20251216T163222
[2025-12-16T16:32:22.812+0000] {standard_task_runner.py:107} ERROR - Failed to execute job 290 for task extract ([Errno 2] No such file or directory: '/opt/airflow/data/input.csv'; 1396)
[2025-12-16T16:32:22.854+0000] {local_task_job_runner.py:234} INFO - Task exited with return code 1
[2025-12-16T16:32:22.902+0000] {taskinstance.py:3280} INFO - 0 downstream tasks scheduled from follow-on schedule check
[2025-12-17T01:51:58.346+0000] {taskinstance.py:1956} INFO - Dependencies all met for dep_context=non-requeueable deps ti=<TaskInstance: etl_airflow.extract scheduled__2024-04-11T00:00:00+00:00 [queued]>
[2025-12-17T01:51:58.370+0000] {taskinstance.py:1956} INFO - Dependencies all met for dep_context=requeueable deps ti=<TaskInstance: etl_airflow.extract scheduled__2024-04-11T00:00:00+00:00 [queued]>
[2025-12-17T01:51:58.372+0000] {taskinstance.py:2170} INFO - Starting attempt 1 of 3
[2025-12-17T01:51:58.408+0000] {taskinstance.py:2191} INFO - Executing <Task(PythonOperator): extract> on 2024-04-11 00:00:00+00:00
[2025-12-17T01:51:58.420+0000] {standard_task_runner.py:60} INFO - Started process 1209 to run task
[2025-12-17T01:51:58.426+0000] {standard_task_runner.py:87} INFO - Running: ['***', 'tasks', 'run', 'etl_***', 'extract', 'scheduled__2024-04-11T00:00:00+00:00', '--job-id', '313', '--raw', '--subdir', 'DAGS_FOLDER/etl_dag.py', '--cfg-path', '/tmp/tmpg2behz34']
[2025-12-17T01:51:58.430+0000] {standard_task_runner.py:88} INFO - Job 313: Subtask extract
[2025-12-17T01:51:58.570+0000] {task_command.py:423} INFO - Running <TaskInstance: etl_airflow.extract scheduled__2024-04-11T00:00:00+00:00 [running]> on host 571e042550da
[2025-12-17T01:51:59.028+0000] {taskinstance.py:2480} INFO - Exporting env vars: AIRFLOW_CTX_DAG_OWNER='***' AIRFLOW_CTX_DAG_ID='etl_***' AIRFLOW_CTX_TASK_ID='extract' AIRFLOW_CTX_EXECUTION_DATE='2024-04-11T00:00:00+00:00' AIRFLOW_CTX_TRY_NUMBER='1' AIRFLOW_CTX_DAG_RUN_ID='scheduled__2024-04-11T00:00:00+00:00'
[2025-12-17T01:51:59.031+0000] {logging_mixin.py:188} INFO - [EXTRACT] Reading /opt/***/data/synthetic_events.csv
[2025-12-17T01:51:59.069+0000] {logging_mixin.py:188} INFO - [EXTRACT] done
[2025-12-17T01:51:59.070+0000] {python.py:201} INFO - Done. Returned value was: None
[2025-12-17T01:51:59.091+0000] {taskinstance.py:1138} INFO - Marking task as SUCCESS. dag_id=etl_***, task_id=extract, execution_date=20240411T000000, start_date=20251217T015158, end_date=20251217T015159
[2025-12-17T01:51:59.247+0000] {local_task_job_runner.py:234} INFO - Task exited with return code 0
[2025-12-17T01:51:59.308+0000] {taskinstance.py:3280} INFO - 1 downstream tasks scheduled from follow-on schedule check
[2025-12-17T04:19:49.698+0000] {taskinstance.py:1956} INFO - Dependencies all met for dep_context=non-requeueable deps ti=<TaskInstance: etl_airflow.extract scheduled__2024-04-11T00:00:00+00:00 [queued]>
[2025-12-17T04:19:49.711+0000] {taskinstance.py:1956} INFO - Dependencies all met for dep_context=requeueable deps ti=<TaskInstance: etl_airflow.extract scheduled__2024-04-11T00:00:00+00:00 [queued]>
[2025-12-17T04:19:49.713+0000] {taskinstance.py:2170} INFO - Starting attempt 1 of 3
[2025-12-17T04:19:49.759+0000] {taskinstance.py:2191} INFO - Executing <Task(PythonOperator): extract> on 2024-04-11 00:00:00+00:00
[2025-12-17T04:19:49.768+0000] {standard_task_runner.py:60} INFO - Started process 758 to run task
[2025-12-17T04:19:49.773+0000] {standard_task_runner.py:87} INFO - Running: ['***', 'tasks', 'run', 'etl_***', 'extract', 'scheduled__2024-04-11T00:00:00+00:00', '--job-id', '165', '--raw', '--subdir', 'DAGS_FOLDER/etl_***.py', '--cfg-path', '/tmp/tmph8haqa9h']
[2025-12-17T04:19:49.777+0000] {standard_task_runner.py:88} INFO - Job 165: Subtask extract
[2025-12-17T04:19:49.880+0000] {task_command.py:423} INFO - Running <TaskInstance: etl_airflow.extract scheduled__2024-04-11T00:00:00+00:00 [running]> on host c5811fe183ca
[2025-12-17T04:19:50.218+0000] {taskinstance.py:2480} INFO - Exporting env vars: AIRFLOW_CTX_DAG_OWNER='***' AIRFLOW_CTX_DAG_ID='etl_***' AIRFLOW_CTX_TASK_ID='extract' AIRFLOW_CTX_EXECUTION_DATE='2024-04-11T00:00:00+00:00' AIRFLOW_CTX_TRY_NUMBER='1' AIRFLOW_CTX_DAG_RUN_ID='scheduled__2024-04-11T00:00:00+00:00'
[2025-12-17T04:19:50.237+0000] {python.py:201} INFO - Done. Returned value was:    user_id event_type           timestamp country
0        1      login 2025-01-01 09:00:00      IN
1        1      click 2025-01-01 09:05:00      IN
2        1     logout 2025-01-01 09:15:00      IN
3        2      login 2025-01-01 10:00:00      US
4        2      click 2025-01-01 10:10:00      US
5        2     logout 2025-01-01 10:20:00      US
6        3      login 2025-01-02 08:00:00      FR
7        3      click 2025-01-02 08:05:00      FR
8        3     logout 2025-01-02 08:30:00      FR
[2025-12-17T04:19:50.285+0000] {taskinstance.py:1138} INFO - Marking task as SUCCESS. dag_id=etl_***, task_id=extract, execution_date=20240411T000000, start_date=20251217T041949, end_date=20251217T041950
[2025-12-17T04:19:50.349+0000] {local_task_job_runner.py:234} INFO - Task exited with return code 0
[2025-12-17T04:19:50.374+0000] {taskinstance.py:3280} INFO - 0 downstream tasks scheduled from follow-on schedule check
[2025-12-17T04:45:52.163+0000] {taskinstance.py:1956} INFO - Dependencies all met for dep_context=non-requeueable deps ti=<TaskInstance: etl_airflow.extract scheduled__2024-04-11T00:00:00+00:00 [queued]>
[2025-12-17T04:45:52.193+0000] {taskinstance.py:1956} INFO - Dependencies all met for dep_context=requeueable deps ti=<TaskInstance: etl_airflow.extract scheduled__2024-04-11T00:00:00+00:00 [queued]>
[2025-12-17T04:45:52.196+0000] {taskinstance.py:2170} INFO - Starting attempt 1 of 3
[2025-12-17T04:45:52.248+0000] {taskinstance.py:2191} INFO - Executing <Task(PythonOperator): extract> on 2024-04-11 00:00:00+00:00
[2025-12-17T04:45:52.270+0000] {standard_task_runner.py:60} INFO - Started process 1520 to run task
[2025-12-17T04:45:52.367+0000] {standard_task_runner.py:87} INFO - Running: ['***', 'tasks', 'run', 'etl_***', 'extract', 'scheduled__2024-04-11T00:00:00+00:00', '--job-id', '391', '--raw', '--subdir', 'DAGS_FOLDER/etl_***.py', '--cfg-path', '/tmp/tmps498j41m']
[2025-12-17T04:45:52.375+0000] {standard_task_runner.py:88} INFO - Job 391: Subtask extract
[2025-12-17T04:45:52.783+0000] {task_command.py:423} INFO - Running <TaskInstance: etl_airflow.extract scheduled__2024-04-11T00:00:00+00:00 [running]> on host b3426f05ac70
[2025-12-17T04:45:54.104+0000] {taskinstance.py:2480} INFO - Exporting env vars: AIRFLOW_CTX_DAG_OWNER='***' AIRFLOW_CTX_DAG_ID='etl_***' AIRFLOW_CTX_TASK_ID='extract' AIRFLOW_CTX_EXECUTION_DATE='2024-04-11T00:00:00+00:00' AIRFLOW_CTX_TRY_NUMBER='1' AIRFLOW_CTX_DAG_RUN_ID='scheduled__2024-04-11T00:00:00+00:00'
[2025-12-17T04:45:54.190+0000] {python.py:201} INFO - Done. Returned value was:    user_id event_type           timestamp country
0        1      login 2025-01-01 09:00:00      IN
1        1      click 2025-01-01 09:05:00      IN
2        1     logout 2025-01-01 09:15:00      IN
3        2      login 2025-01-01 10:00:00      US
4        2      click 2025-01-01 10:10:00      US
5        2     logout 2025-01-01 10:20:00      US
6        3      login 2025-01-02 08:00:00      FR
7        3      click 2025-01-02 08:05:00      FR
8        3     logout 2025-01-02 08:30:00      FR
[2025-12-17T04:45:54.370+0000] {taskinstance.py:1138} INFO - Marking task as SUCCESS. dag_id=etl_***, task_id=extract, execution_date=20240411T000000, start_date=20251217T044552, end_date=20251217T044554
[2025-12-17T04:45:54.614+0000] {local_task_job_runner.py:234} INFO - Task exited with return code 0
[2025-12-17T04:45:54.705+0000] {taskinstance.py:3280} INFO - 1 downstream tasks scheduled from follow-on schedule check
[2025-12-17T07:39:13.960+0000] {taskinstance.py:1956} INFO - Dependencies all met for dep_context=non-requeueable deps ti=<TaskInstance: etl_airflow.extract scheduled__2024-04-11T00:00:00+00:00 [queued]>
[2025-12-17T07:39:13.980+0000] {taskinstance.py:1956} INFO - Dependencies all met for dep_context=requeueable deps ti=<TaskInstance: etl_airflow.extract scheduled__2024-04-11T00:00:00+00:00 [queued]>
[2025-12-17T07:39:13.981+0000] {taskinstance.py:2170} INFO - Starting attempt 1 of 3
[2025-12-17T07:39:14.013+0000] {taskinstance.py:2191} INFO - Executing <Task(PythonOperator): extract> on 2024-04-11 00:00:00+00:00
[2025-12-17T07:39:14.022+0000] {standard_task_runner.py:60} INFO - Started process 1585 to run task
[2025-12-17T07:39:14.031+0000] {standard_task_runner.py:87} INFO - Running: ['***', 'tasks', 'run', 'etl_***', 'extract', 'scheduled__2024-04-11T00:00:00+00:00', '--job-id', '394', '--raw', '--subdir', 'DAGS_FOLDER/etl_***.py', '--cfg-path', '/tmp/tmppcy_k7mv']
[2025-12-17T07:39:14.037+0000] {standard_task_runner.py:88} INFO - Job 394: Subtask extract
[2025-12-17T07:39:14.194+0000] {task_command.py:423} INFO - Running <TaskInstance: etl_airflow.extract scheduled__2024-04-11T00:00:00+00:00 [running]> on host 2a0de06c8905
[2025-12-17T07:39:14.642+0000] {taskinstance.py:2480} INFO - Exporting env vars: AIRFLOW_CTX_DAG_OWNER='***' AIRFLOW_CTX_DAG_ID='etl_***' AIRFLOW_CTX_TASK_ID='extract' AIRFLOW_CTX_EXECUTION_DATE='2024-04-11T00:00:00+00:00' AIRFLOW_CTX_TRY_NUMBER='1' AIRFLOW_CTX_DAG_RUN_ID='scheduled__2024-04-11T00:00:00+00:00'
[2025-12-17T07:39:14.664+0000] {python.py:201} INFO - Done. Returned value was:    user_id event_type           timestamp country
0        1      login 2025-01-01 09:00:00      IN
1        1      click 2025-01-01 09:05:00      IN
2        1     logout 2025-01-01 09:15:00      IN
3        2      login 2025-01-01 10:00:00      US
4        2      click 2025-01-01 10:10:00      US
5        2     logout 2025-01-01 10:20:00      US
6        3      login 2025-01-02 08:00:00      FR
7        3      click 2025-01-02 08:05:00      FR
8        3     logout 2025-01-02 08:30:00      FR
[2025-12-17T07:39:14.731+0000] {taskinstance.py:1138} INFO - Marking task as SUCCESS. dag_id=etl_***, task_id=extract, execution_date=20240411T000000, start_date=20251217T073913, end_date=20251217T073914
[2025-12-17T07:39:14.850+0000] {local_task_job_runner.py:234} INFO - Task exited with return code 0
[2025-12-17T07:39:14.915+0000] {taskinstance.py:3280} INFO - 1 downstream tasks scheduled from follow-on schedule check
