[2025-12-16T17:20:45.274+0000] {taskinstance.py:1956} INFO - Dependencies all met for dep_context=non-requeueable deps ti=<TaskInstance: etl_airflow.transform scheduled__2024-07-23T00:00:00+00:00 [queued]>
[2025-12-16T17:20:45.329+0000] {taskinstance.py:1956} INFO - Dependencies all met for dep_context=requeueable deps ti=<TaskInstance: etl_airflow.transform scheduled__2024-07-23T00:00:00+00:00 [queued]>
[2025-12-16T17:20:45.333+0000] {taskinstance.py:2170} INFO - Starting attempt 2 of 4
[2025-12-16T17:20:45.372+0000] {taskinstance.py:2191} INFO - Executing <Task(PythonOperator): transform> on 2024-07-23 00:00:00+00:00
[2025-12-16T17:20:45.390+0000] {standard_task_runner.py:60} INFO - Started process 5304 to run task
[2025-12-16T17:20:45.406+0000] {standard_task_runner.py:87} INFO - Running: ['***', 'tasks', 'run', 'etl_***', 'transform', 'scheduled__2024-07-23T00:00:00+00:00', '--job-id', '5758', '--raw', '--subdir', 'DAGS_FOLDER/etl_dag.py', '--cfg-path', '/tmp/tmpu_y5kwd0']
[2025-12-16T17:20:45.411+0000] {standard_task_runner.py:88} INFO - Job 5758: Subtask transform
[2025-12-16T17:20:45.611+0000] {task_command.py:423} INFO - Running <TaskInstance: etl_airflow.transform scheduled__2024-07-23T00:00:00+00:00 [running]> on host 3b89cfee50e9
[2025-12-16T17:20:45.932+0000] {taskinstance.py:2480} INFO - Exporting env vars: AIRFLOW_CTX_DAG_OWNER='***' AIRFLOW_CTX_DAG_ID='etl_***' AIRFLOW_CTX_TASK_ID='transform' AIRFLOW_CTX_EXECUTION_DATE='2024-07-23T00:00:00+00:00' AIRFLOW_CTX_TRY_NUMBER='2' AIRFLOW_CTX_DAG_RUN_ID='scheduled__2024-07-23T00:00:00+00:00'
[2025-12-16T17:20:45.937+0000] {logging_mixin.py:188} INFO - [TRANSFORM]
[2025-12-16T17:20:46.431+0000] {logging_mixin.py:188} INFO - [TRANSFORM] done
[2025-12-16T17:20:46.432+0000] {python.py:201} INFO - Done. Returned value was: None
[2025-12-16T17:20:46.466+0000] {taskinstance.py:1138} INFO - Marking task as SUCCESS. dag_id=etl_***, task_id=transform, execution_date=20240723T000000, start_date=20251216T172045, end_date=20251216T172046
[2025-12-16T17:20:46.532+0000] {local_task_job_runner.py:234} INFO - Task exited with return code 0
[2025-12-16T17:20:46.579+0000] {taskinstance.py:3280} INFO - 1 downstream tasks scheduled from follow-on schedule check
[2025-12-17T04:21:28.731+0000] {taskinstance.py:1956} INFO - Dependencies all met for dep_context=non-requeueable deps ti=<TaskInstance: etl_airflow.transform scheduled__2024-07-23T00:00:00+00:00 [queued]>
[2025-12-17T04:21:28.744+0000] {taskinstance.py:1956} INFO - Dependencies all met for dep_context=requeueable deps ti=<TaskInstance: etl_airflow.transform scheduled__2024-07-23T00:00:00+00:00 [queued]>
[2025-12-17T04:21:28.745+0000] {taskinstance.py:2170} INFO - Starting attempt 2 of 3
[2025-12-17T04:21:28.770+0000] {taskinstance.py:2191} INFO - Executing <Task(PythonOperator): transform> on 2024-07-23 00:00:00+00:00
[2025-12-17T04:21:28.783+0000] {standard_task_runner.py:60} INFO - Started process 1350 to run task
[2025-12-17T04:21:28.793+0000] {standard_task_runner.py:87} INFO - Running: ['***', 'tasks', 'run', 'etl_***', 'transform', 'scheduled__2024-07-23T00:00:00+00:00', '--job-id', '347', '--raw', '--subdir', 'DAGS_FOLDER/etl_***.py', '--cfg-path', '/tmp/tmpfz_s0c7g']
[2025-12-17T04:21:28.800+0000] {standard_task_runner.py:88} INFO - Job 347: Subtask transform
[2025-12-17T04:21:28.919+0000] {task_command.py:423} INFO - Running <TaskInstance: etl_airflow.transform scheduled__2024-07-23T00:00:00+00:00 [running]> on host c5811fe183ca
[2025-12-17T04:21:29.422+0000] {taskinstance.py:2480} INFO - Exporting env vars: AIRFLOW_CTX_DAG_OWNER='***' AIRFLOW_CTX_DAG_ID='etl_***' AIRFLOW_CTX_TASK_ID='transform' AIRFLOW_CTX_EXECUTION_DATE='2024-07-23T00:00:00+00:00' AIRFLOW_CTX_TRY_NUMBER='2' AIRFLOW_CTX_DAG_RUN_ID='scheduled__2024-07-23T00:00:00+00:00'
[2025-12-17T04:21:29.425+0000] {taskinstance.py:2698} ERROR - Task failed with exception
Traceback (most recent call last):
  File "/home/airflow/.local/lib/python3.8/site-packages/airflow/models/taskinstance.py", line 433, in _execute_task
    result = execute_callable(context=context, **execute_callable_kwargs)
  File "/home/airflow/.local/lib/python3.8/site-packages/airflow/operators/python.py", line 199, in execute
    return_value = self.execute_callable()
  File "/home/airflow/.local/lib/python3.8/site-packages/airflow/operators/python.py", line 216, in execute_callable
    return self.python_callable(*self.op_args, **self.op_kwargs)
TypeError: transform_data() missing 1 required positional argument: 'df'
[2025-12-17T04:21:29.438+0000] {taskinstance.py:1138} INFO - Marking task as UP_FOR_RETRY. dag_id=etl_***, task_id=transform, execution_date=20240723T000000, start_date=20251217T042128, end_date=20251217T042129
[2025-12-17T04:21:29.646+0000] {standard_task_runner.py:107} ERROR - Failed to execute job 347 for task transform (transform_data() missing 1 required positional argument: 'df'; 1350)
[2025-12-17T04:21:29.691+0000] {local_task_job_runner.py:234} INFO - Task exited with return code 1
[2025-12-17T04:21:29.717+0000] {taskinstance.py:3280} INFO - 0 downstream tasks scheduled from follow-on schedule check
[2025-12-17T04:49:37.453+0000] {taskinstance.py:1956} INFO - Dependencies all met for dep_context=non-requeueable deps ti=<TaskInstance: etl_airflow.transform scheduled__2024-07-23T00:00:00+00:00 [queued]>
[2025-12-17T04:49:37.468+0000] {taskinstance.py:1956} INFO - Dependencies all met for dep_context=requeueable deps ti=<TaskInstance: etl_airflow.transform scheduled__2024-07-23T00:00:00+00:00 [queued]>
[2025-12-17T04:49:37.469+0000] {taskinstance.py:2170} INFO - Starting attempt 2 of 3
[2025-12-17T04:49:37.487+0000] {taskinstance.py:2191} INFO - Executing <Task(PythonOperator): transform> on 2024-07-23 00:00:00+00:00
[2025-12-17T04:49:37.495+0000] {standard_task_runner.py:60} INFO - Started process 2906 to run task
[2025-12-17T04:49:37.500+0000] {standard_task_runner.py:87} INFO - Running: ['***', 'tasks', 'run', 'etl_***', 'transform', 'scheduled__2024-07-23T00:00:00+00:00', '--job-id', '815', '--raw', '--subdir', 'DAGS_FOLDER/etl_***.py', '--cfg-path', '/tmp/tmpwhtrl7_8']
[2025-12-17T04:49:37.504+0000] {standard_task_runner.py:88} INFO - Job 815: Subtask transform
[2025-12-17T04:49:37.628+0000] {task_command.py:423} INFO - Running <TaskInstance: etl_airflow.transform scheduled__2024-07-23T00:00:00+00:00 [running]> on host b3426f05ac70
[2025-12-17T04:49:37.993+0000] {taskinstance.py:2480} INFO - Exporting env vars: AIRFLOW_CTX_DAG_OWNER='***' AIRFLOW_CTX_DAG_ID='etl_***' AIRFLOW_CTX_TASK_ID='transform' AIRFLOW_CTX_EXECUTION_DATE='2024-07-23T00:00:00+00:00' AIRFLOW_CTX_TRY_NUMBER='2' AIRFLOW_CTX_DAG_RUN_ID='scheduled__2024-07-23T00:00:00+00:00'
[2025-12-17T04:49:37.995+0000] {taskinstance.py:2698} ERROR - Task failed with exception
Traceback (most recent call last):
  File "/home/airflow/.local/lib/python3.8/site-packages/airflow/models/taskinstance.py", line 433, in _execute_task
    result = execute_callable(context=context, **execute_callable_kwargs)
  File "/home/airflow/.local/lib/python3.8/site-packages/airflow/operators/python.py", line 199, in execute
    return_value = self.execute_callable()
  File "/home/airflow/.local/lib/python3.8/site-packages/airflow/operators/python.py", line 216, in execute_callable
    return self.python_callable(*self.op_args, **self.op_kwargs)
TypeError: transform_data() missing 1 required positional argument: 'df'
[2025-12-17T04:49:38.006+0000] {taskinstance.py:1138} INFO - Marking task as UP_FOR_RETRY. dag_id=etl_***, task_id=transform, execution_date=20240723T000000, start_date=20251217T044937, end_date=20251217T044938
[2025-12-17T04:49:38.022+0000] {standard_task_runner.py:107} ERROR - Failed to execute job 815 for task transform (transform_data() missing 1 required positional argument: 'df'; 2906)
[2025-12-17T04:49:38.078+0000] {local_task_job_runner.py:234} INFO - Task exited with return code 1
[2025-12-17T04:49:38.403+0000] {taskinstance.py:3280} INFO - 0 downstream tasks scheduled from follow-on schedule check
[2025-12-17T07:43:21.364+0000] {taskinstance.py:1956} INFO - Dependencies all met for dep_context=non-requeueable deps ti=<TaskInstance: etl_airflow.transform scheduled__2024-07-23T00:00:00+00:00 [queued]>
[2025-12-17T07:43:21.383+0000] {taskinstance.py:1956} INFO - Dependencies all met for dep_context=requeueable deps ti=<TaskInstance: etl_airflow.transform scheduled__2024-07-23T00:00:00+00:00 [queued]>
[2025-12-17T07:43:21.385+0000] {taskinstance.py:2170} INFO - Starting attempt 2 of 3
[2025-12-17T07:43:21.413+0000] {taskinstance.py:2191} INFO - Executing <Task(PythonOperator): transform> on 2024-07-23 00:00:00+00:00
[2025-12-17T07:43:21.426+0000] {standard_task_runner.py:60} INFO - Started process 2975 to run task
[2025-12-17T07:43:21.431+0000] {standard_task_runner.py:87} INFO - Running: ['***', 'tasks', 'run', 'etl_***', 'transform', 'scheduled__2024-07-23T00:00:00+00:00', '--job-id', '815', '--raw', '--subdir', 'DAGS_FOLDER/etl_***.py', '--cfg-path', '/tmp/tmpbax0s8he']
[2025-12-17T07:43:21.435+0000] {standard_task_runner.py:88} INFO - Job 815: Subtask transform
[2025-12-17T07:43:21.585+0000] {task_command.py:423} INFO - Running <TaskInstance: etl_airflow.transform scheduled__2024-07-23T00:00:00+00:00 [running]> on host 2a0de06c8905
[2025-12-17T07:43:21.958+0000] {taskinstance.py:2480} INFO - Exporting env vars: AIRFLOW_CTX_DAG_OWNER='***' AIRFLOW_CTX_DAG_ID='etl_***' AIRFLOW_CTX_TASK_ID='transform' AIRFLOW_CTX_EXECUTION_DATE='2024-07-23T00:00:00+00:00' AIRFLOW_CTX_TRY_NUMBER='2' AIRFLOW_CTX_DAG_RUN_ID='scheduled__2024-07-23T00:00:00+00:00'
[2025-12-17T07:43:21.961+0000] {taskinstance.py:2698} ERROR - Task failed with exception
Traceback (most recent call last):
  File "/home/airflow/.local/lib/python3.8/site-packages/airflow/models/taskinstance.py", line 433, in _execute_task
    result = execute_callable(context=context, **execute_callable_kwargs)
  File "/home/airflow/.local/lib/python3.8/site-packages/airflow/operators/python.py", line 199, in execute
    return_value = self.execute_callable()
  File "/home/airflow/.local/lib/python3.8/site-packages/airflow/operators/python.py", line 216, in execute_callable
    return self.python_callable(*self.op_args, **self.op_kwargs)
TypeError: transform_data() missing 1 required positional argument: 'df'
[2025-12-17T07:43:21.976+0000] {taskinstance.py:1138} INFO - Marking task as UP_FOR_RETRY. dag_id=etl_***, task_id=transform, execution_date=20240723T000000, start_date=20251217T074321, end_date=20251217T074321
[2025-12-17T07:43:21.997+0000] {standard_task_runner.py:107} ERROR - Failed to execute job 815 for task transform (transform_data() missing 1 required positional argument: 'df'; 2975)
[2025-12-17T07:43:22.050+0000] {local_task_job_runner.py:234} INFO - Task exited with return code 1
[2025-12-17T07:43:22.118+0000] {taskinstance.py:3280} INFO - 0 downstream tasks scheduled from follow-on schedule check
