[2025-12-17T04:21:40.840+0000] {taskinstance.py:1956} INFO - Dependencies all met for dep_context=non-requeueable deps ti=<TaskInstance: etl_airflow.transform scheduled__2024-07-23T00:00:00+00:00 [queued]>
[2025-12-17T04:21:40.860+0000] {taskinstance.py:1956} INFO - Dependencies all met for dep_context=requeueable deps ti=<TaskInstance: etl_airflow.transform scheduled__2024-07-23T00:00:00+00:00 [queued]>
[2025-12-17T04:21:40.862+0000] {taskinstance.py:2170} INFO - Starting attempt 3 of 3
[2025-12-17T04:21:40.883+0000] {taskinstance.py:2191} INFO - Executing <Task(PythonOperator): transform> on 2024-07-23 00:00:00+00:00
[2025-12-17T04:21:40.890+0000] {standard_task_runner.py:60} INFO - Started process 1404 to run task
[2025-12-17T04:21:40.896+0000] {standard_task_runner.py:87} INFO - Running: ['***', 'tasks', 'run', 'etl_***', 'transform', 'scheduled__2024-07-23T00:00:00+00:00', '--job-id', '363', '--raw', '--subdir', 'DAGS_FOLDER/etl_***.py', '--cfg-path', '/tmp/tmp7q8y3u4w']
[2025-12-17T04:21:40.899+0000] {standard_task_runner.py:88} INFO - Job 363: Subtask transform
[2025-12-17T04:21:41.010+0000] {task_command.py:423} INFO - Running <TaskInstance: etl_airflow.transform scheduled__2024-07-23T00:00:00+00:00 [running]> on host c5811fe183ca
[2025-12-17T04:21:41.453+0000] {taskinstance.py:2480} INFO - Exporting env vars: AIRFLOW_CTX_DAG_OWNER='***' AIRFLOW_CTX_DAG_ID='etl_***' AIRFLOW_CTX_TASK_ID='transform' AIRFLOW_CTX_EXECUTION_DATE='2024-07-23T00:00:00+00:00' AIRFLOW_CTX_TRY_NUMBER='3' AIRFLOW_CTX_DAG_RUN_ID='scheduled__2024-07-23T00:00:00+00:00'
[2025-12-17T04:21:41.454+0000] {taskinstance.py:2698} ERROR - Task failed with exception
Traceback (most recent call last):
  File "/home/airflow/.local/lib/python3.8/site-packages/airflow/models/taskinstance.py", line 433, in _execute_task
    result = execute_callable(context=context, **execute_callable_kwargs)
  File "/home/airflow/.local/lib/python3.8/site-packages/airflow/operators/python.py", line 199, in execute
    return_value = self.execute_callable()
  File "/home/airflow/.local/lib/python3.8/site-packages/airflow/operators/python.py", line 216, in execute_callable
    return self.python_callable(*self.op_args, **self.op_kwargs)
TypeError: transform_data() missing 1 required positional argument: 'df'
[2025-12-17T04:21:41.463+0000] {taskinstance.py:1138} INFO - Marking task as FAILED. dag_id=etl_***, task_id=transform, execution_date=20240723T000000, start_date=20251217T042140, end_date=20251217T042141
[2025-12-17T04:21:41.476+0000] {standard_task_runner.py:107} ERROR - Failed to execute job 363 for task transform (transform_data() missing 1 required positional argument: 'df'; 1404)
[2025-12-17T04:21:41.512+0000] {local_task_job_runner.py:234} INFO - Task exited with return code 1
[2025-12-17T04:21:41.569+0000] {taskinstance.py:3280} INFO - 0 downstream tasks scheduled from follow-on schedule check
[2025-12-17T04:49:49.722+0000] {taskinstance.py:1956} INFO - Dependencies all met for dep_context=non-requeueable deps ti=<TaskInstance: etl_airflow.transform scheduled__2024-07-23T00:00:00+00:00 [queued]>
[2025-12-17T04:49:49.737+0000] {taskinstance.py:1956} INFO - Dependencies all met for dep_context=requeueable deps ti=<TaskInstance: etl_airflow.transform scheduled__2024-07-23T00:00:00+00:00 [queued]>
[2025-12-17T04:49:49.738+0000] {taskinstance.py:2170} INFO - Starting attempt 3 of 3
[2025-12-17T04:49:49.756+0000] {taskinstance.py:2191} INFO - Executing <Task(PythonOperator): transform> on 2024-07-23 00:00:00+00:00
[2025-12-17T04:49:49.763+0000] {standard_task_runner.py:60} INFO - Started process 2955 to run task
[2025-12-17T04:49:49.767+0000] {standard_task_runner.py:87} INFO - Running: ['***', 'tasks', 'run', 'etl_***', 'transform', 'scheduled__2024-07-23T00:00:00+00:00', '--job-id', '831', '--raw', '--subdir', 'DAGS_FOLDER/etl_***.py', '--cfg-path', '/tmp/tmp3ncxcnfm']
[2025-12-17T04:49:49.770+0000] {standard_task_runner.py:88} INFO - Job 831: Subtask transform
[2025-12-17T04:49:49.881+0000] {task_command.py:423} INFO - Running <TaskInstance: etl_airflow.transform scheduled__2024-07-23T00:00:00+00:00 [running]> on host b3426f05ac70
[2025-12-17T04:49:50.256+0000] {taskinstance.py:2480} INFO - Exporting env vars: AIRFLOW_CTX_DAG_OWNER='***' AIRFLOW_CTX_DAG_ID='etl_***' AIRFLOW_CTX_TASK_ID='transform' AIRFLOW_CTX_EXECUTION_DATE='2024-07-23T00:00:00+00:00' AIRFLOW_CTX_TRY_NUMBER='3' AIRFLOW_CTX_DAG_RUN_ID='scheduled__2024-07-23T00:00:00+00:00'
[2025-12-17T04:49:50.259+0000] {taskinstance.py:2698} ERROR - Task failed with exception
Traceback (most recent call last):
  File "/home/airflow/.local/lib/python3.8/site-packages/airflow/models/taskinstance.py", line 433, in _execute_task
    result = execute_callable(context=context, **execute_callable_kwargs)
  File "/home/airflow/.local/lib/python3.8/site-packages/airflow/operators/python.py", line 199, in execute
    return_value = self.execute_callable()
  File "/home/airflow/.local/lib/python3.8/site-packages/airflow/operators/python.py", line 216, in execute_callable
    return self.python_callable(*self.op_args, **self.op_kwargs)
TypeError: transform_data() missing 1 required positional argument: 'df'
[2025-12-17T04:49:50.270+0000] {taskinstance.py:1138} INFO - Marking task as FAILED. dag_id=etl_***, task_id=transform, execution_date=20240723T000000, start_date=20251217T044949, end_date=20251217T044950
[2025-12-17T04:49:50.287+0000] {standard_task_runner.py:107} ERROR - Failed to execute job 831 for task transform (transform_data() missing 1 required positional argument: 'df'; 2955)
[2025-12-17T04:49:50.304+0000] {local_task_job_runner.py:234} INFO - Task exited with return code 1
[2025-12-17T04:49:50.372+0000] {taskinstance.py:3280} INFO - 0 downstream tasks scheduled from follow-on schedule check
[2025-12-17T07:43:33.454+0000] {taskinstance.py:1956} INFO - Dependencies all met for dep_context=non-requeueable deps ti=<TaskInstance: etl_airflow.transform scheduled__2024-07-23T00:00:00+00:00 [queued]>
[2025-12-17T07:43:33.474+0000] {taskinstance.py:1956} INFO - Dependencies all met for dep_context=requeueable deps ti=<TaskInstance: etl_airflow.transform scheduled__2024-07-23T00:00:00+00:00 [queued]>
[2025-12-17T07:43:33.476+0000] {taskinstance.py:2170} INFO - Starting attempt 3 of 3
[2025-12-17T07:43:33.502+0000] {taskinstance.py:2191} INFO - Executing <Task(PythonOperator): transform> on 2024-07-23 00:00:00+00:00
[2025-12-17T07:43:33.513+0000] {standard_task_runner.py:60} INFO - Started process 3040 to run task
[2025-12-17T07:43:33.520+0000] {standard_task_runner.py:87} INFO - Running: ['***', 'tasks', 'run', 'etl_***', 'transform', 'scheduled__2024-07-23T00:00:00+00:00', '--job-id', '831', '--raw', '--subdir', 'DAGS_FOLDER/etl_***.py', '--cfg-path', '/tmp/tmpmrdhxqsy']
[2025-12-17T07:43:33.525+0000] {standard_task_runner.py:88} INFO - Job 831: Subtask transform
[2025-12-17T07:43:33.677+0000] {task_command.py:423} INFO - Running <TaskInstance: etl_airflow.transform scheduled__2024-07-23T00:00:00+00:00 [running]> on host 2a0de06c8905
[2025-12-17T07:43:34.185+0000] {taskinstance.py:2480} INFO - Exporting env vars: AIRFLOW_CTX_DAG_OWNER='***' AIRFLOW_CTX_DAG_ID='etl_***' AIRFLOW_CTX_TASK_ID='transform' AIRFLOW_CTX_EXECUTION_DATE='2024-07-23T00:00:00+00:00' AIRFLOW_CTX_TRY_NUMBER='3' AIRFLOW_CTX_DAG_RUN_ID='scheduled__2024-07-23T00:00:00+00:00'
[2025-12-17T07:43:34.189+0000] {taskinstance.py:2698} ERROR - Task failed with exception
Traceback (most recent call last):
  File "/home/airflow/.local/lib/python3.8/site-packages/airflow/models/taskinstance.py", line 433, in _execute_task
    result = execute_callable(context=context, **execute_callable_kwargs)
  File "/home/airflow/.local/lib/python3.8/site-packages/airflow/operators/python.py", line 199, in execute
    return_value = self.execute_callable()
  File "/home/airflow/.local/lib/python3.8/site-packages/airflow/operators/python.py", line 216, in execute_callable
    return self.python_callable(*self.op_args, **self.op_kwargs)
TypeError: transform_data() missing 1 required positional argument: 'df'
[2025-12-17T07:43:34.213+0000] {taskinstance.py:1138} INFO - Marking task as FAILED. dag_id=etl_***, task_id=transform, execution_date=20240723T000000, start_date=20251217T074333, end_date=20251217T074334
[2025-12-17T07:43:34.239+0000] {standard_task_runner.py:107} ERROR - Failed to execute job 831 for task transform (transform_data() missing 1 required positional argument: 'df'; 3040)
[2025-12-17T07:43:34.296+0000] {local_task_job_runner.py:234} INFO - Task exited with return code 1
[2025-12-17T07:43:34.349+0000] {taskinstance.py:3280} INFO - 0 downstream tasks scheduled from follow-on schedule check
