[2025-12-17T04:48:38.351+0000] {taskinstance.py:1956} INFO - Dependencies all met for dep_context=non-requeueable deps ti=<TaskInstance: etl_airflow.transform scheduled__2024-06-15T00:00:00+00:00 [queued]>
[2025-12-17T04:48:38.366+0000] {taskinstance.py:1956} INFO - Dependencies all met for dep_context=requeueable deps ti=<TaskInstance: etl_airflow.transform scheduled__2024-06-15T00:00:00+00:00 [queued]>
[2025-12-17T04:48:38.370+0000] {taskinstance.py:2170} INFO - Starting attempt 3 of 3
[2025-12-17T04:48:38.393+0000] {taskinstance.py:2191} INFO - Executing <Task(PythonOperator): transform> on 2024-06-15 00:00:00+00:00
[2025-12-17T04:48:38.401+0000] {standard_task_runner.py:60} INFO - Started process 2511 to run task
[2025-12-17T04:48:38.407+0000] {standard_task_runner.py:87} INFO - Running: ['***', 'tasks', 'run', 'etl_***', 'transform', 'scheduled__2024-06-15T00:00:00+00:00', '--job-id', '692', '--raw', '--subdir', 'DAGS_FOLDER/etl_***.py', '--cfg-path', '/tmp/tmpekqcezjq']
[2025-12-17T04:48:38.415+0000] {standard_task_runner.py:88} INFO - Job 692: Subtask transform
[2025-12-17T04:48:38.522+0000] {task_command.py:423} INFO - Running <TaskInstance: etl_airflow.transform scheduled__2024-06-15T00:00:00+00:00 [running]> on host b3426f05ac70
[2025-12-17T04:48:38.936+0000] {taskinstance.py:2480} INFO - Exporting env vars: AIRFLOW_CTX_DAG_OWNER='***' AIRFLOW_CTX_DAG_ID='etl_***' AIRFLOW_CTX_TASK_ID='transform' AIRFLOW_CTX_EXECUTION_DATE='2024-06-15T00:00:00+00:00' AIRFLOW_CTX_TRY_NUMBER='3' AIRFLOW_CTX_DAG_RUN_ID='scheduled__2024-06-15T00:00:00+00:00'
[2025-12-17T04:48:38.939+0000] {taskinstance.py:2698} ERROR - Task failed with exception
Traceback (most recent call last):
  File "/home/airflow/.local/lib/python3.8/site-packages/airflow/models/taskinstance.py", line 433, in _execute_task
    result = execute_callable(context=context, **execute_callable_kwargs)
  File "/home/airflow/.local/lib/python3.8/site-packages/airflow/operators/python.py", line 199, in execute
    return_value = self.execute_callable()
  File "/home/airflow/.local/lib/python3.8/site-packages/airflow/operators/python.py", line 216, in execute_callable
    return self.python_callable(*self.op_args, **self.op_kwargs)
TypeError: transform_data() missing 1 required positional argument: 'df'
[2025-12-17T04:48:38.951+0000] {taskinstance.py:1138} INFO - Marking task as FAILED. dag_id=etl_***, task_id=transform, execution_date=20240615T000000, start_date=20251217T044838, end_date=20251217T044838
[2025-12-17T04:48:38.972+0000] {standard_task_runner.py:107} ERROR - Failed to execute job 692 for task transform (transform_data() missing 1 required positional argument: 'df'; 2511)
[2025-12-17T04:48:39.024+0000] {local_task_job_runner.py:234} INFO - Task exited with return code 1
[2025-12-17T04:48:39.322+0000] {taskinstance.py:3280} INFO - 0 downstream tasks scheduled from follow-on schedule check
[2025-12-17T07:42:13.895+0000] {taskinstance.py:1956} INFO - Dependencies all met for dep_context=non-requeueable deps ti=<TaskInstance: etl_airflow.transform scheduled__2024-06-15T00:00:00+00:00 [queued]>
[2025-12-17T07:42:13.919+0000] {taskinstance.py:1956} INFO - Dependencies all met for dep_context=requeueable deps ti=<TaskInstance: etl_airflow.transform scheduled__2024-06-15T00:00:00+00:00 [queued]>
[2025-12-17T07:42:13.922+0000] {taskinstance.py:2170} INFO - Starting attempt 3 of 3
[2025-12-17T07:42:13.966+0000] {taskinstance.py:2191} INFO - Executing <Task(PythonOperator): transform> on 2024-06-15 00:00:00+00:00
[2025-12-17T07:42:13.980+0000] {standard_task_runner.py:60} INFO - Started process 2584 to run task
[2025-12-17T07:42:13.987+0000] {standard_task_runner.py:87} INFO - Running: ['***', 'tasks', 'run', 'etl_***', 'transform', 'scheduled__2024-06-15T00:00:00+00:00', '--job-id', '697', '--raw', '--subdir', 'DAGS_FOLDER/etl_***.py', '--cfg-path', '/tmp/tmpn1nsej2j']
[2025-12-17T07:42:13.995+0000] {standard_task_runner.py:88} INFO - Job 697: Subtask transform
[2025-12-17T07:42:14.142+0000] {task_command.py:423} INFO - Running <TaskInstance: etl_airflow.transform scheduled__2024-06-15T00:00:00+00:00 [running]> on host 2a0de06c8905
[2025-12-17T07:42:14.942+0000] {taskinstance.py:2480} INFO - Exporting env vars: AIRFLOW_CTX_DAG_OWNER='***' AIRFLOW_CTX_DAG_ID='etl_***' AIRFLOW_CTX_TASK_ID='transform' AIRFLOW_CTX_EXECUTION_DATE='2024-06-15T00:00:00+00:00' AIRFLOW_CTX_TRY_NUMBER='3' AIRFLOW_CTX_DAG_RUN_ID='scheduled__2024-06-15T00:00:00+00:00'
[2025-12-17T07:42:14.947+0000] {taskinstance.py:2698} ERROR - Task failed with exception
Traceback (most recent call last):
  File "/home/airflow/.local/lib/python3.8/site-packages/airflow/models/taskinstance.py", line 433, in _execute_task
    result = execute_callable(context=context, **execute_callable_kwargs)
  File "/home/airflow/.local/lib/python3.8/site-packages/airflow/operators/python.py", line 199, in execute
    return_value = self.execute_callable()
  File "/home/airflow/.local/lib/python3.8/site-packages/airflow/operators/python.py", line 216, in execute_callable
    return self.python_callable(*self.op_args, **self.op_kwargs)
TypeError: transform_data() missing 1 required positional argument: 'df'
[2025-12-17T07:42:14.975+0000] {taskinstance.py:1138} INFO - Marking task as FAILED. dag_id=etl_***, task_id=transform, execution_date=20240615T000000, start_date=20251217T074213, end_date=20251217T074214
[2025-12-17T07:42:15.038+0000] {standard_task_runner.py:107} ERROR - Failed to execute job 697 for task transform (transform_data() missing 1 required positional argument: 'df'; 2584)
[2025-12-17T07:42:15.076+0000] {local_task_job_runner.py:234} INFO - Task exited with return code 1
[2025-12-17T07:42:15.401+0000] {taskinstance.py:3280} INFO - 0 downstream tasks scheduled from follow-on schedule check
