[2025-12-16T16:36:41.946+0000] {taskinstance.py:1956} INFO - Dependencies all met for dep_context=non-requeueable deps ti=<TaskInstance: etl_airflow.extract scheduled__2024-07-20T00:00:00+00:00 [queued]>
[2025-12-16T16:36:41.959+0000] {taskinstance.py:1956} INFO - Dependencies all met for dep_context=requeueable deps ti=<TaskInstance: etl_airflow.extract scheduled__2024-07-20T00:00:00+00:00 [queued]>
[2025-12-16T16:36:41.960+0000] {taskinstance.py:2170} INFO - Starting attempt 1 of 3
[2025-12-16T16:36:41.984+0000] {taskinstance.py:2191} INFO - Executing <Task(PythonOperator): extract> on 2024-07-20 00:00:00+00:00
[2025-12-16T16:36:41.996+0000] {standard_task_runner.py:60} INFO - Started process 797 to run task
[2025-12-16T16:36:42.000+0000] {standard_task_runner.py:87} INFO - Running: ['***', 'tasks', 'run', 'etl_***', 'extract', 'scheduled__2024-07-20T00:00:00+00:00', '--job-id', '585', '--raw', '--subdir', 'DAGS_FOLDER/etl_dag.py', '--cfg-path', '/tmp/tmpejflbq_4']
[2025-12-16T16:36:42.005+0000] {standard_task_runner.py:88} INFO - Job 585: Subtask extract
[2025-12-16T16:36:42.137+0000] {task_command.py:423} INFO - Running <TaskInstance: etl_airflow.extract scheduled__2024-07-20T00:00:00+00:00 [running]> on host 02b83863a69a
[2025-12-16T16:36:42.288+0000] {taskinstance.py:2480} INFO - Exporting env vars: AIRFLOW_CTX_DAG_OWNER='***' AIRFLOW_CTX_DAG_ID='etl_***' AIRFLOW_CTX_TASK_ID='extract' AIRFLOW_CTX_EXECUTION_DATE='2024-07-20T00:00:00+00:00' AIRFLOW_CTX_TRY_NUMBER='1' AIRFLOW_CTX_DAG_RUN_ID='scheduled__2024-07-20T00:00:00+00:00'
[2025-12-16T16:36:42.291+0000] {logging_mixin.py:188} INFO - Extracting data from /opt/***/data/input.csv
[2025-12-16T16:36:42.301+0000] {taskinstance.py:2698} ERROR - Task failed with exception
Traceback (most recent call last):
  File "/home/airflow/.local/lib/python3.8/site-packages/airflow/models/taskinstance.py", line 433, in _execute_task
    result = execute_callable(context=context, **execute_callable_kwargs)
  File "/home/airflow/.local/lib/python3.8/site-packages/airflow/operators/python.py", line 199, in execute
    return_value = self.execute_callable()
  File "/home/airflow/.local/lib/python3.8/site-packages/airflow/operators/python.py", line 216, in execute_callable
    return self.python_callable(*self.op_args, **self.op_kwargs)
  File "/opt/airflow/dags/etl_logic/pipeline.py", line 97, in extract_data
    df = pd.read_csv(input_path)
  File "/home/airflow/.local/lib/python3.8/site-packages/pandas/io/parsers/readers.py", line 912, in read_csv
    return _read(filepath_or_buffer, kwds)
  File "/home/airflow/.local/lib/python3.8/site-packages/pandas/io/parsers/readers.py", line 577, in _read
    parser = TextFileReader(filepath_or_buffer, **kwds)
  File "/home/airflow/.local/lib/python3.8/site-packages/pandas/io/parsers/readers.py", line 1407, in __init__
    self._engine = self._make_engine(f, self.engine)
  File "/home/airflow/.local/lib/python3.8/site-packages/pandas/io/parsers/readers.py", line 1661, in _make_engine
    self.handles = get_handle(
  File "/home/airflow/.local/lib/python3.8/site-packages/pandas/io/common.py", line 859, in get_handle
    handle = open(
FileNotFoundError: [Errno 2] No such file or directory: '/opt/airflow/data/input.csv'
[2025-12-16T16:36:42.334+0000] {taskinstance.py:1138} INFO - Marking task as UP_FOR_RETRY. dag_id=etl_***, task_id=extract, execution_date=20240720T000000, start_date=20251216T163641, end_date=20251216T163642
[2025-12-16T16:36:42.357+0000] {standard_task_runner.py:107} ERROR - Failed to execute job 585 for task extract ([Errno 2] No such file or directory: '/opt/airflow/data/input.csv'; 797)
[2025-12-16T16:36:42.417+0000] {local_task_job_runner.py:234} INFO - Task exited with return code 1
[2025-12-16T16:36:42.625+0000] {taskinstance.py:3280} INFO - 0 downstream tasks scheduled from follow-on schedule check
[2025-12-17T01:53:34.665+0000] {taskinstance.py:1956} INFO - Dependencies all met for dep_context=non-requeueable deps ti=<TaskInstance: etl_airflow.extract scheduled__2024-07-20T00:00:00+00:00 [queued]>
[2025-12-17T01:53:34.691+0000] {taskinstance.py:1956} INFO - Dependencies all met for dep_context=requeueable deps ti=<TaskInstance: etl_airflow.extract scheduled__2024-07-20T00:00:00+00:00 [queued]>
[2025-12-17T01:53:34.693+0000] {taskinstance.py:2170} INFO - Starting attempt 1 of 3
[2025-12-17T01:53:34.971+0000] {taskinstance.py:2191} INFO - Executing <Task(PythonOperator): extract> on 2024-07-20 00:00:00+00:00
[2025-12-17T01:53:35.004+0000] {standard_task_runner.py:60} INFO - Started process 2118 to run task
[2025-12-17T01:53:35.025+0000] {standard_task_runner.py:87} INFO - Running: ['***', 'tasks', 'run', 'etl_***', 'extract', 'scheduled__2024-07-20T00:00:00+00:00', '--job-id', '599', '--raw', '--subdir', 'DAGS_FOLDER/etl_dag.py', '--cfg-path', '/tmp/tmpc731_ftn']
[2025-12-17T01:53:35.039+0000] {standard_task_runner.py:88} INFO - Job 599: Subtask extract
[2025-12-17T01:53:35.257+0000] {task_command.py:423} INFO - Running <TaskInstance: etl_airflow.extract scheduled__2024-07-20T00:00:00+00:00 [running]> on host 571e042550da
[2025-12-17T01:53:35.905+0000] {taskinstance.py:2480} INFO - Exporting env vars: AIRFLOW_CTX_DAG_OWNER='***' AIRFLOW_CTX_DAG_ID='etl_***' AIRFLOW_CTX_TASK_ID='extract' AIRFLOW_CTX_EXECUTION_DATE='2024-07-20T00:00:00+00:00' AIRFLOW_CTX_TRY_NUMBER='1' AIRFLOW_CTX_DAG_RUN_ID='scheduled__2024-07-20T00:00:00+00:00'
[2025-12-17T01:53:35.909+0000] {logging_mixin.py:188} INFO - [EXTRACT] Reading /opt/***/data/synthetic_events.csv
[2025-12-17T01:53:36.021+0000] {logging_mixin.py:188} INFO - [EXTRACT] done
[2025-12-17T01:53:36.041+0000] {python.py:201} INFO - Done. Returned value was: None
[2025-12-17T01:53:36.081+0000] {taskinstance.py:1138} INFO - Marking task as SUCCESS. dag_id=etl_***, task_id=extract, execution_date=20240720T000000, start_date=20251217T015334, end_date=20251217T015336
[2025-12-17T01:53:36.530+0000] {local_task_job_runner.py:234} INFO - Task exited with return code 0
[2025-12-17T01:53:36.872+0000] {taskinstance.py:3280} INFO - 0 downstream tasks scheduled from follow-on schedule check
[2025-12-17T04:21:14.449+0000] {taskinstance.py:1956} INFO - Dependencies all met for dep_context=non-requeueable deps ti=<TaskInstance: etl_airflow.extract scheduled__2024-07-20T00:00:00+00:00 [queued]>
[2025-12-17T04:21:14.467+0000] {taskinstance.py:1956} INFO - Dependencies all met for dep_context=requeueable deps ti=<TaskInstance: etl_airflow.extract scheduled__2024-07-20T00:00:00+00:00 [queued]>
[2025-12-17T04:21:14.468+0000] {taskinstance.py:2170} INFO - Starting attempt 1 of 3
[2025-12-17T04:21:14.495+0000] {taskinstance.py:2191} INFO - Executing <Task(PythonOperator): extract> on 2024-07-20 00:00:00+00:00
[2025-12-17T04:21:14.504+0000] {standard_task_runner.py:60} INFO - Started process 1253 to run task
[2025-12-17T04:21:14.510+0000] {standard_task_runner.py:87} INFO - Running: ['***', 'tasks', 'run', 'etl_***', 'extract', 'scheduled__2024-07-20T00:00:00+00:00', '--job-id', '313', '--raw', '--subdir', 'DAGS_FOLDER/etl_dag.py', '--cfg-path', '/tmp/tmpx055taex']
[2025-12-17T04:21:14.515+0000] {standard_task_runner.py:88} INFO - Job 313: Subtask extract
[2025-12-17T04:21:14.634+0000] {task_command.py:423} INFO - Running <TaskInstance: etl_airflow.extract scheduled__2024-07-20T00:00:00+00:00 [running]> on host c5811fe183ca
[2025-12-17T04:21:14.988+0000] {taskinstance.py:2480} INFO - Exporting env vars: AIRFLOW_CTX_DAG_OWNER='***' AIRFLOW_CTX_DAG_ID='etl_***' AIRFLOW_CTX_TASK_ID='extract' AIRFLOW_CTX_EXECUTION_DATE='2024-07-20T00:00:00+00:00' AIRFLOW_CTX_TRY_NUMBER='1' AIRFLOW_CTX_DAG_RUN_ID='scheduled__2024-07-20T00:00:00+00:00'
[2025-12-17T04:21:15.006+0000] {python.py:201} INFO - Done. Returned value was:    user_id event_type           timestamp country
0        1      login 2025-01-01 09:00:00      IN
1        1      click 2025-01-01 09:05:00      IN
2        1     logout 2025-01-01 09:15:00      IN
3        2      login 2025-01-01 10:00:00      US
4        2      click 2025-01-01 10:10:00      US
5        2     logout 2025-01-01 10:20:00      US
6        3      login 2025-01-02 08:00:00      FR
7        3      click 2025-01-02 08:05:00      FR
8        3     logout 2025-01-02 08:30:00      FR
[2025-12-17T04:21:15.064+0000] {taskinstance.py:1138} INFO - Marking task as SUCCESS. dag_id=etl_***, task_id=extract, execution_date=20240720T000000, start_date=20251217T042114, end_date=20251217T042115
[2025-12-17T04:21:15.166+0000] {local_task_job_runner.py:234} INFO - Task exited with return code 0
[2025-12-17T04:21:15.205+0000] {taskinstance.py:3280} INFO - 0 downstream tasks scheduled from follow-on schedule check
[2025-12-17T04:49:21.312+0000] {taskinstance.py:1956} INFO - Dependencies all met for dep_context=non-requeueable deps ti=<TaskInstance: etl_airflow.extract scheduled__2024-07-20T00:00:00+00:00 [queued]>
[2025-12-17T04:49:21.331+0000] {taskinstance.py:1956} INFO - Dependencies all met for dep_context=requeueable deps ti=<TaskInstance: etl_airflow.extract scheduled__2024-07-20T00:00:00+00:00 [queued]>
[2025-12-17T04:49:21.333+0000] {taskinstance.py:2170} INFO - Starting attempt 1 of 3
[2025-12-17T04:49:21.364+0000] {taskinstance.py:2191} INFO - Executing <Task(PythonOperator): extract> on 2024-07-20 00:00:00+00:00
[2025-12-17T04:49:21.380+0000] {standard_task_runner.py:60} INFO - Started process 2793 to run task
[2025-12-17T04:49:21.387+0000] {standard_task_runner.py:87} INFO - Running: ['***', 'tasks', 'run', 'etl_***', 'extract', 'scheduled__2024-07-20T00:00:00+00:00', '--job-id', '779', '--raw', '--subdir', 'DAGS_FOLDER/etl_***.py', '--cfg-path', '/tmp/tmptaqse5h9']
[2025-12-17T04:49:21.392+0000] {standard_task_runner.py:88} INFO - Job 779: Subtask extract
[2025-12-17T04:49:21.530+0000] {task_command.py:423} INFO - Running <TaskInstance: etl_airflow.extract scheduled__2024-07-20T00:00:00+00:00 [running]> on host b3426f05ac70
[2025-12-17T04:49:21.965+0000] {taskinstance.py:2480} INFO - Exporting env vars: AIRFLOW_CTX_DAG_OWNER='***' AIRFLOW_CTX_DAG_ID='etl_***' AIRFLOW_CTX_TASK_ID='extract' AIRFLOW_CTX_EXECUTION_DATE='2024-07-20T00:00:00+00:00' AIRFLOW_CTX_TRY_NUMBER='1' AIRFLOW_CTX_DAG_RUN_ID='scheduled__2024-07-20T00:00:00+00:00'
[2025-12-17T04:49:21.990+0000] {python.py:201} INFO - Done. Returned value was:    user_id event_type           timestamp country
0        1      login 2025-01-01 09:00:00      IN
1        1      click 2025-01-01 09:05:00      IN
2        1     logout 2025-01-01 09:15:00      IN
3        2      login 2025-01-01 10:00:00      US
4        2      click 2025-01-01 10:10:00      US
5        2     logout 2025-01-01 10:20:00      US
6        3      login 2025-01-02 08:00:00      FR
7        3      click 2025-01-02 08:05:00      FR
8        3     logout 2025-01-02 08:30:00      FR
[2025-12-17T04:49:22.065+0000] {taskinstance.py:1138} INFO - Marking task as SUCCESS. dag_id=etl_***, task_id=extract, execution_date=20240720T000000, start_date=20251217T044921, end_date=20251217T044922
[2025-12-17T04:49:22.139+0000] {local_task_job_runner.py:234} INFO - Task exited with return code 0
[2025-12-17T04:49:22.399+0000] {taskinstance.py:3280} INFO - 0 downstream tasks scheduled from follow-on schedule check
[2025-12-17T07:43:03.803+0000] {taskinstance.py:1956} INFO - Dependencies all met for dep_context=non-requeueable deps ti=<TaskInstance: etl_airflow.extract scheduled__2024-07-20T00:00:00+00:00 [queued]>
[2025-12-17T07:43:03.838+0000] {taskinstance.py:1956} INFO - Dependencies all met for dep_context=requeueable deps ti=<TaskInstance: etl_airflow.extract scheduled__2024-07-20T00:00:00+00:00 [queued]>
[2025-12-17T07:43:03.840+0000] {taskinstance.py:2170} INFO - Starting attempt 1 of 3
[2025-12-17T07:43:03.966+0000] {taskinstance.py:2191} INFO - Executing <Task(PythonOperator): extract> on 2024-07-20 00:00:00+00:00
[2025-12-17T07:43:03.991+0000] {standard_task_runner.py:60} INFO - Started process 2879 to run task
[2025-12-17T07:43:04.002+0000] {standard_task_runner.py:87} INFO - Running: ['***', 'tasks', 'run', 'etl_***', 'extract', 'scheduled__2024-07-20T00:00:00+00:00', '--job-id', '782', '--raw', '--subdir', 'DAGS_FOLDER/etl_***.py', '--cfg-path', '/tmp/tmp4h5ci0yq']
[2025-12-17T07:43:04.017+0000] {standard_task_runner.py:88} INFO - Job 782: Subtask extract
[2025-12-17T07:43:04.292+0000] {task_command.py:423} INFO - Running <TaskInstance: etl_airflow.extract scheduled__2024-07-20T00:00:00+00:00 [running]> on host 2a0de06c8905
[2025-12-17T07:43:04.810+0000] {taskinstance.py:2480} INFO - Exporting env vars: AIRFLOW_CTX_DAG_OWNER='***' AIRFLOW_CTX_DAG_ID='etl_***' AIRFLOW_CTX_TASK_ID='extract' AIRFLOW_CTX_EXECUTION_DATE='2024-07-20T00:00:00+00:00' AIRFLOW_CTX_TRY_NUMBER='1' AIRFLOW_CTX_DAG_RUN_ID='scheduled__2024-07-20T00:00:00+00:00'
[2025-12-17T07:43:04.857+0000] {python.py:201} INFO - Done. Returned value was:    user_id event_type           timestamp country
0        1      login 2025-01-01 09:00:00      IN
1        1      click 2025-01-01 09:05:00      IN
2        1     logout 2025-01-01 09:15:00      IN
3        2      login 2025-01-01 10:00:00      US
4        2      click 2025-01-01 10:10:00      US
5        2     logout 2025-01-01 10:20:00      US
6        3      login 2025-01-02 08:00:00      FR
7        3      click 2025-01-02 08:05:00      FR
8        3     logout 2025-01-02 08:30:00      FR
[2025-12-17T07:43:04.950+0000] {taskinstance.py:1138} INFO - Marking task as SUCCESS. dag_id=etl_***, task_id=extract, execution_date=20240720T000000, start_date=20251217T074303, end_date=20251217T074304
[2025-12-17T07:43:05.108+0000] {local_task_job_runner.py:234} INFO - Task exited with return code 0
[2025-12-17T07:43:05.507+0000] {taskinstance.py:3280} INFO - 0 downstream tasks scheduled from follow-on schedule check
