[2025-12-17T04:20:41.655+0000] {taskinstance.py:1956} INFO - Dependencies all met for dep_context=non-requeueable deps ti=<TaskInstance: etl_airflow.transform scheduled__2024-06-05T00:00:00+00:00 [queued]>
[2025-12-17T04:20:41.668+0000] {taskinstance.py:1956} INFO - Dependencies all met for dep_context=requeueable deps ti=<TaskInstance: etl_airflow.transform scheduled__2024-06-05T00:00:00+00:00 [queued]>
[2025-12-17T04:20:41.669+0000] {taskinstance.py:2170} INFO - Starting attempt 3 of 3
[2025-12-17T04:20:41.688+0000] {taskinstance.py:2191} INFO - Executing <Task(PythonOperator): transform> on 2024-06-05 00:00:00+00:00
[2025-12-17T04:20:41.695+0000] {standard_task_runner.py:60} INFO - Started process 1088 to run task
[2025-12-17T04:20:41.700+0000] {standard_task_runner.py:87} INFO - Running: ['***', 'tasks', 'run', 'etl_***', 'transform', 'scheduled__2024-06-05T00:00:00+00:00', '--job-id', '268', '--raw', '--subdir', 'DAGS_FOLDER/etl_***.py', '--cfg-path', '/tmp/tmpwehrbtmo']
[2025-12-17T04:20:41.703+0000] {standard_task_runner.py:88} INFO - Job 268: Subtask transform
[2025-12-17T04:20:41.809+0000] {task_command.py:423} INFO - Running <TaskInstance: etl_airflow.transform scheduled__2024-06-05T00:00:00+00:00 [running]> on host c5811fe183ca
[2025-12-17T04:20:42.188+0000] {taskinstance.py:2480} INFO - Exporting env vars: AIRFLOW_CTX_DAG_OWNER='***' AIRFLOW_CTX_DAG_ID='etl_***' AIRFLOW_CTX_TASK_ID='transform' AIRFLOW_CTX_EXECUTION_DATE='2024-06-05T00:00:00+00:00' AIRFLOW_CTX_TRY_NUMBER='3' AIRFLOW_CTX_DAG_RUN_ID='scheduled__2024-06-05T00:00:00+00:00'
[2025-12-17T04:20:42.194+0000] {taskinstance.py:2698} ERROR - Task failed with exception
Traceback (most recent call last):
  File "/home/airflow/.local/lib/python3.8/site-packages/airflow/models/taskinstance.py", line 433, in _execute_task
    result = execute_callable(context=context, **execute_callable_kwargs)
  File "/home/airflow/.local/lib/python3.8/site-packages/airflow/operators/python.py", line 199, in execute
    return_value = self.execute_callable()
  File "/home/airflow/.local/lib/python3.8/site-packages/airflow/operators/python.py", line 216, in execute_callable
    return self.python_callable(*self.op_args, **self.op_kwargs)
TypeError: transform_data() missing 1 required positional argument: 'df'
[2025-12-17T04:20:42.206+0000] {taskinstance.py:1138} INFO - Marking task as FAILED. dag_id=etl_***, task_id=transform, execution_date=20240605T000000, start_date=20251217T042041, end_date=20251217T042042
[2025-12-17T04:20:42.223+0000] {standard_task_runner.py:107} ERROR - Failed to execute job 268 for task transform (transform_data() missing 1 required positional argument: 'df'; 1088)
[2025-12-17T04:20:42.275+0000] {local_task_job_runner.py:234} INFO - Task exited with return code 1
[2025-12-17T04:20:42.323+0000] {taskinstance.py:3280} INFO - 0 downstream tasks scheduled from follow-on schedule check
[2025-12-17T04:48:05.990+0000] {taskinstance.py:1956} INFO - Dependencies all met for dep_context=non-requeueable deps ti=<TaskInstance: etl_airflow.transform scheduled__2024-06-05T00:00:00+00:00 [queued]>
[2025-12-17T04:48:06.015+0000] {taskinstance.py:1956} INFO - Dependencies all met for dep_context=requeueable deps ti=<TaskInstance: etl_airflow.transform scheduled__2024-06-05T00:00:00+00:00 [queued]>
[2025-12-17T04:48:06.023+0000] {taskinstance.py:2170} INFO - Starting attempt 3 of 3
[2025-12-17T04:48:06.051+0000] {taskinstance.py:2191} INFO - Executing <Task(PythonOperator): transform> on 2024-06-05 00:00:00+00:00
[2025-12-17T04:48:06.082+0000] {standard_task_runner.py:60} INFO - Started process 2326 to run task
[2025-12-17T04:48:06.111+0000] {standard_task_runner.py:87} INFO - Running: ['***', 'tasks', 'run', 'etl_***', 'transform', 'scheduled__2024-06-05T00:00:00+00:00', '--job-id', '639', '--raw', '--subdir', 'DAGS_FOLDER/etl_***.py', '--cfg-path', '/tmp/tmpponq4ms7']
[2025-12-17T04:48:06.120+0000] {standard_task_runner.py:88} INFO - Job 639: Subtask transform
[2025-12-17T04:48:06.264+0000] {task_command.py:423} INFO - Running <TaskInstance: etl_airflow.transform scheduled__2024-06-05T00:00:00+00:00 [running]> on host b3426f05ac70
[2025-12-17T04:48:06.612+0000] {taskinstance.py:2480} INFO - Exporting env vars: AIRFLOW_CTX_DAG_OWNER='***' AIRFLOW_CTX_DAG_ID='etl_***' AIRFLOW_CTX_TASK_ID='transform' AIRFLOW_CTX_EXECUTION_DATE='2024-06-05T00:00:00+00:00' AIRFLOW_CTX_TRY_NUMBER='3' AIRFLOW_CTX_DAG_RUN_ID='scheduled__2024-06-05T00:00:00+00:00'
[2025-12-17T04:48:06.614+0000] {taskinstance.py:2698} ERROR - Task failed with exception
Traceback (most recent call last):
  File "/home/airflow/.local/lib/python3.8/site-packages/airflow/models/taskinstance.py", line 433, in _execute_task
    result = execute_callable(context=context, **execute_callable_kwargs)
  File "/home/airflow/.local/lib/python3.8/site-packages/airflow/operators/python.py", line 199, in execute
    return_value = self.execute_callable()
  File "/home/airflow/.local/lib/python3.8/site-packages/airflow/operators/python.py", line 216, in execute_callable
    return self.python_callable(*self.op_args, **self.op_kwargs)
TypeError: transform_data() missing 1 required positional argument: 'df'
[2025-12-17T04:48:06.627+0000] {taskinstance.py:1138} INFO - Marking task as FAILED. dag_id=etl_***, task_id=transform, execution_date=20240605T000000, start_date=20251217T044805, end_date=20251217T044806
[2025-12-17T04:48:06.644+0000] {standard_task_runner.py:107} ERROR - Failed to execute job 639 for task transform (transform_data() missing 1 required positional argument: 'df'; 2326)
[2025-12-17T04:48:06.682+0000] {local_task_job_runner.py:234} INFO - Task exited with return code 1
[2025-12-17T04:48:06.728+0000] {taskinstance.py:3280} INFO - 0 downstream tasks scheduled from follow-on schedule check
[2025-12-17T07:41:37.131+0000] {taskinstance.py:1956} INFO - Dependencies all met for dep_context=non-requeueable deps ti=<TaskInstance: etl_airflow.transform scheduled__2024-06-05T00:00:00+00:00 [queued]>
[2025-12-17T07:41:37.159+0000] {taskinstance.py:1956} INFO - Dependencies all met for dep_context=requeueable deps ti=<TaskInstance: etl_airflow.transform scheduled__2024-06-05T00:00:00+00:00 [queued]>
[2025-12-17T07:41:37.165+0000] {taskinstance.py:2170} INFO - Starting attempt 3 of 3
[2025-12-17T07:41:37.209+0000] {taskinstance.py:2191} INFO - Executing <Task(PythonOperator): transform> on 2024-06-05 00:00:00+00:00
[2025-12-17T07:41:37.224+0000] {standard_task_runner.py:60} INFO - Started process 2387 to run task
[2025-12-17T07:41:37.237+0000] {standard_task_runner.py:87} INFO - Running: ['***', 'tasks', 'run', 'etl_***', 'transform', 'scheduled__2024-06-05T00:00:00+00:00', '--job-id', '635', '--raw', '--subdir', 'DAGS_FOLDER/etl_***.py', '--cfg-path', '/tmp/tmpsi6kn82c']
[2025-12-17T07:41:37.242+0000] {standard_task_runner.py:88} INFO - Job 635: Subtask transform
[2025-12-17T07:41:37.377+0000] {task_command.py:423} INFO - Running <TaskInstance: etl_airflow.transform scheduled__2024-06-05T00:00:00+00:00 [running]> on host 2a0de06c8905
[2025-12-17T07:41:37.832+0000] {taskinstance.py:2480} INFO - Exporting env vars: AIRFLOW_CTX_DAG_OWNER='***' AIRFLOW_CTX_DAG_ID='etl_***' AIRFLOW_CTX_TASK_ID='transform' AIRFLOW_CTX_EXECUTION_DATE='2024-06-05T00:00:00+00:00' AIRFLOW_CTX_TRY_NUMBER='3' AIRFLOW_CTX_DAG_RUN_ID='scheduled__2024-06-05T00:00:00+00:00'
[2025-12-17T07:41:37.835+0000] {taskinstance.py:2698} ERROR - Task failed with exception
Traceback (most recent call last):
  File "/home/airflow/.local/lib/python3.8/site-packages/airflow/models/taskinstance.py", line 433, in _execute_task
    result = execute_callable(context=context, **execute_callable_kwargs)
  File "/home/airflow/.local/lib/python3.8/site-packages/airflow/operators/python.py", line 199, in execute
    return_value = self.execute_callable()
  File "/home/airflow/.local/lib/python3.8/site-packages/airflow/operators/python.py", line 216, in execute_callable
    return self.python_callable(*self.op_args, **self.op_kwargs)
TypeError: transform_data() missing 1 required positional argument: 'df'
[2025-12-17T07:41:37.853+0000] {taskinstance.py:1138} INFO - Marking task as FAILED. dag_id=etl_***, task_id=transform, execution_date=20240605T000000, start_date=20251217T074137, end_date=20251217T074137
[2025-12-17T07:41:37.876+0000] {standard_task_runner.py:107} ERROR - Failed to execute job 635 for task transform (transform_data() missing 1 required positional argument: 'df'; 2387)
[2025-12-17T07:41:37.930+0000] {local_task_job_runner.py:234} INFO - Task exited with return code 1
[2025-12-17T07:41:37.986+0000] {taskinstance.py:3280} INFO - 0 downstream tasks scheduled from follow-on schedule check
