[2025-12-16T17:13:50.742+0000] {taskinstance.py:1956} INFO - Dependencies all met for dep_context=non-requeueable deps ti=<TaskInstance: etl_airflow.load scheduled__2024-09-12T00:00:00+00:00 [queued]>
[2025-12-16T17:13:50.787+0000] {taskinstance.py:1956} INFO - Dependencies all met for dep_context=requeueable deps ti=<TaskInstance: etl_airflow.load scheduled__2024-09-12T00:00:00+00:00 [queued]>
[2025-12-16T17:13:50.795+0000] {taskinstance.py:2170} INFO - Starting attempt 1 of 3
[2025-12-16T17:13:50.857+0000] {taskinstance.py:2191} INFO - Executing <Task(PythonOperator): load> on 2024-09-12 00:00:00+00:00
[2025-12-16T17:13:50.898+0000] {standard_task_runner.py:60} INFO - Started process 974 to run task
[2025-12-16T17:13:50.909+0000] {standard_task_runner.py:87} INFO - Running: ['***', 'tasks', 'run', 'etl_***', 'load', 'scheduled__2024-09-12T00:00:00+00:00', '--job-id', '4381', '--raw', '--subdir', 'DAGS_FOLDER/etl_dag.py', '--cfg-path', '/tmp/tmpws4165hj']
[2025-12-16T17:13:50.966+0000] {standard_task_runner.py:88} INFO - Job 4381: Subtask load
[2025-12-16T17:13:51.281+0000] {task_command.py:423} INFO - Running <TaskInstance: etl_airflow.load scheduled__2024-09-12T00:00:00+00:00 [running]> on host 3b89cfee50e9
[2025-12-16T17:13:51.836+0000] {taskinstance.py:2480} INFO - Exporting env vars: AIRFLOW_CTX_DAG_OWNER='***' AIRFLOW_CTX_DAG_ID='etl_***' AIRFLOW_CTX_TASK_ID='load' AIRFLOW_CTX_EXECUTION_DATE='2024-09-12T00:00:00+00:00' AIRFLOW_CTX_TRY_NUMBER='1' AIRFLOW_CTX_DAG_RUN_ID='scheduled__2024-09-12T00:00:00+00:00'
[2025-12-16T17:13:51.848+0000] {logging_mixin.py:188} INFO - [LOAD]
[2025-12-16T17:13:52.597+0000] {logging_mixin.py:188} INFO -    user_id event_type            timestamp country
0        1      login  2025-01-01T09:00:00      IN
1        1      click  2025-01-01T09:05:00      IN
2        1     logout  2025-01-01T09:15:00      IN
3        3      login  2025-01-02T08:00:00      FR
4        3      click  2025-01-02T08:05:00      FR
[2025-12-16T17:13:52.611+0000] {logging_mixin.py:188} INFO - [LOAD] done
[2025-12-16T17:13:52.626+0000] {python.py:201} INFO - Done. Returned value was: None
[2025-12-16T17:13:52.737+0000] {taskinstance.py:1138} INFO - Marking task as SUCCESS. dag_id=etl_***, task_id=load, execution_date=20240912T000000, start_date=20251216T171350, end_date=20251216T171352
[2025-12-16T17:13:52.908+0000] {local_task_job_runner.py:234} INFO - Task exited with return code 0
[2025-12-16T17:13:53.069+0000] {taskinstance.py:3280} INFO - 0 downstream tasks scheduled from follow-on schedule check
[2025-12-17T01:54:43.508+0000] {taskinstance.py:1956} INFO - Dependencies all met for dep_context=non-requeueable deps ti=<TaskInstance: etl_airflow.load scheduled__2024-09-12T00:00:00+00:00 [queued]>
[2025-12-17T01:54:43.557+0000] {taskinstance.py:1956} INFO - Dependencies all met for dep_context=requeueable deps ti=<TaskInstance: etl_airflow.load scheduled__2024-09-12T00:00:00+00:00 [queued]>
[2025-12-17T01:54:43.560+0000] {taskinstance.py:2170} INFO - Starting attempt 1 of 3
[2025-12-17T01:54:43.599+0000] {taskinstance.py:2191} INFO - Executing <Task(PythonOperator): load> on 2024-09-12 00:00:00+00:00
[2025-12-17T01:54:43.620+0000] {standard_task_runner.py:60} INFO - Started process 2741 to run task
[2025-12-17T01:54:43.633+0000] {standard_task_runner.py:87} INFO - Running: ['***', 'tasks', 'run', 'etl_***', 'load', 'scheduled__2024-09-12T00:00:00+00:00', '--job-id', '798', '--raw', '--subdir', 'DAGS_FOLDER/etl_dag.py', '--cfg-path', '/tmp/tmptefem0id']
[2025-12-17T01:54:43.640+0000] {standard_task_runner.py:88} INFO - Job 798: Subtask load
[2025-12-17T01:54:43.941+0000] {task_command.py:423} INFO - Running <TaskInstance: etl_airflow.load scheduled__2024-09-12T00:00:00+00:00 [running]> on host 571e042550da
[2025-12-17T01:54:44.642+0000] {taskinstance.py:2480} INFO - Exporting env vars: AIRFLOW_CTX_DAG_OWNER='***' AIRFLOW_CTX_DAG_ID='etl_***' AIRFLOW_CTX_TASK_ID='load' AIRFLOW_CTX_EXECUTION_DATE='2024-09-12T00:00:00+00:00' AIRFLOW_CTX_TRY_NUMBER='1' AIRFLOW_CTX_DAG_RUN_ID='scheduled__2024-09-12T00:00:00+00:00'
[2025-12-17T01:54:44.646+0000] {logging_mixin.py:188} INFO - [LOAD]
[2025-12-17T01:54:44.688+0000] {logging_mixin.py:188} INFO -    user_id event_type            timestamp country
0        1      login  2025-01-01T09:00:00      IN
1        1      click  2025-01-01T09:05:00      IN
2        1     logout  2025-01-01T09:15:00      IN
3        3      login  2025-01-02T08:00:00      FR
4        3      click  2025-01-02T08:05:00      FR
[2025-12-17T01:54:44.692+0000] {logging_mixin.py:188} INFO - [LOAD] done
[2025-12-17T01:54:44.695+0000] {python.py:201} INFO - Done. Returned value was: None
[2025-12-17T01:54:44.730+0000] {taskinstance.py:1138} INFO - Marking task as SUCCESS. dag_id=etl_***, task_id=load, execution_date=20240912T000000, start_date=20251217T015443, end_date=20251217T015444
[2025-12-17T01:54:44.825+0000] {local_task_job_runner.py:234} INFO - Task exited with return code 0
[2025-12-17T01:54:44.876+0000] {taskinstance.py:3280} INFO - 0 downstream tasks scheduled from follow-on schedule check
