[2025-12-17T02:01:03.886+0000] {taskinstance.py:1956} INFO - Dependencies all met for dep_context=non-requeueable deps ti=<TaskInstance: etl_airflow.transform scheduled__2025-10-16T00:00:00+00:00 [queued]>
[2025-12-17T02:01:03.909+0000] {taskinstance.py:1956} INFO - Dependencies all met for dep_context=requeueable deps ti=<TaskInstance: etl_airflow.transform scheduled__2025-10-16T00:00:00+00:00 [queued]>
[2025-12-17T02:01:03.910+0000] {taskinstance.py:2170} INFO - Starting attempt 1 of 3
[2025-12-17T02:01:03.942+0000] {taskinstance.py:2191} INFO - Executing <Task(PythonOperator): transform> on 2025-10-16 00:00:00+00:00
[2025-12-17T02:01:03.955+0000] {standard_task_runner.py:60} INFO - Started process 6555 to run task
[2025-12-17T02:01:03.969+0000] {standard_task_runner.py:87} INFO - Running: ['***', 'tasks', 'run', 'etl_***', 'transform', 'scheduled__2025-10-16T00:00:00+00:00', '--job-id', '2002', '--raw', '--subdir', 'DAGS_FOLDER/etl_dag.py', '--cfg-path', '/tmp/tmph5rzs986']
[2025-12-17T02:01:03.982+0000] {standard_task_runner.py:88} INFO - Job 2002: Subtask transform
[2025-12-17T02:01:04.125+0000] {task_command.py:423} INFO - Running <TaskInstance: etl_airflow.transform scheduled__2025-10-16T00:00:00+00:00 [running]> on host 571e042550da
[2025-12-17T02:01:04.629+0000] {taskinstance.py:2480} INFO - Exporting env vars: AIRFLOW_CTX_DAG_OWNER='***' AIRFLOW_CTX_DAG_ID='etl_***' AIRFLOW_CTX_TASK_ID='transform' AIRFLOW_CTX_EXECUTION_DATE='2025-10-16T00:00:00+00:00' AIRFLOW_CTX_TRY_NUMBER='1' AIRFLOW_CTX_DAG_RUN_ID='scheduled__2025-10-16T00:00:00+00:00'
[2025-12-17T02:01:04.634+0000] {logging_mixin.py:188} INFO - [TRANSFORM]
[2025-12-17T02:01:04.676+0000] {logging_mixin.py:188} INFO - [TRANSFORM] done
[2025-12-17T02:01:04.678+0000] {python.py:201} INFO - Done. Returned value was: None
[2025-12-17T02:01:04.704+0000] {taskinstance.py:1138} INFO - Marking task as SUCCESS. dag_id=etl_***, task_id=transform, execution_date=20251016T000000, start_date=20251217T020103, end_date=20251217T020104
[2025-12-17T02:01:04.805+0000] {local_task_job_runner.py:234} INFO - Task exited with return code 0
[2025-12-17T02:01:04.880+0000] {taskinstance.py:3280} INFO - 1 downstream tasks scheduled from follow-on schedule check
[2025-12-17T05:05:31.304+0000] {taskinstance.py:1956} INFO - Dependencies all met for dep_context=non-requeueable deps ti=<TaskInstance: etl_airflow.transform scheduled__2025-10-16T00:00:00+00:00 [queued]>
[2025-12-17T05:05:31.319+0000] {taskinstance.py:1956} INFO - Dependencies all met for dep_context=requeueable deps ti=<TaskInstance: etl_airflow.transform scheduled__2025-10-16T00:00:00+00:00 [queued]>
[2025-12-17T05:05:31.320+0000] {taskinstance.py:2170} INFO - Starting attempt 1 of 3
[2025-12-17T05:05:31.341+0000] {taskinstance.py:2191} INFO - Executing <Task(PythonOperator): transform> on 2025-10-16 00:00:00+00:00
[2025-12-17T05:05:31.348+0000] {standard_task_runner.py:60} INFO - Started process 8762 to run task
[2025-12-17T05:05:31.352+0000] {standard_task_runner.py:87} INFO - Running: ['***', 'tasks', 'run', 'etl_***', 'transform', 'scheduled__2025-10-16T00:00:00+00:00', '--job-id', '2593', '--raw', '--subdir', 'DAGS_FOLDER/etl_***.py', '--cfg-path', '/tmp/tmpyb62hc33']
[2025-12-17T05:05:31.356+0000] {standard_task_runner.py:88} INFO - Job 2593: Subtask transform
[2025-12-17T05:05:31.460+0000] {task_command.py:423} INFO - Running <TaskInstance: etl_airflow.transform scheduled__2025-10-16T00:00:00+00:00 [running]> on host b3426f05ac70
[2025-12-17T05:05:31.782+0000] {taskinstance.py:2480} INFO - Exporting env vars: AIRFLOW_CTX_DAG_OWNER='***' AIRFLOW_CTX_DAG_ID='etl_***' AIRFLOW_CTX_TASK_ID='transform' AIRFLOW_CTX_EXECUTION_DATE='2025-10-16T00:00:00+00:00' AIRFLOW_CTX_TRY_NUMBER='1' AIRFLOW_CTX_DAG_RUN_ID='scheduled__2025-10-16T00:00:00+00:00'
[2025-12-17T05:05:31.784+0000] {taskinstance.py:2698} ERROR - Task failed with exception
Traceback (most recent call last):
  File "/home/airflow/.local/lib/python3.8/site-packages/airflow/models/taskinstance.py", line 433, in _execute_task
    result = execute_callable(context=context, **execute_callable_kwargs)
  File "/home/airflow/.local/lib/python3.8/site-packages/airflow/operators/python.py", line 199, in execute
    return_value = self.execute_callable()
  File "/home/airflow/.local/lib/python3.8/site-packages/airflow/operators/python.py", line 216, in execute_callable
    return self.python_callable(*self.op_args, **self.op_kwargs)
TypeError: transform_data() missing 1 required positional argument: 'df'
[2025-12-17T05:05:31.795+0000] {taskinstance.py:1138} INFO - Marking task as UP_FOR_RETRY. dag_id=etl_***, task_id=transform, execution_date=20251016T000000, start_date=20251217T050531, end_date=20251217T050531
[2025-12-17T05:05:31.812+0000] {standard_task_runner.py:107} ERROR - Failed to execute job 2593 for task transform (transform_data() missing 1 required positional argument: 'df'; 8762)
[2025-12-17T05:05:31.851+0000] {local_task_job_runner.py:234} INFO - Task exited with return code 1
[2025-12-17T05:05:31.898+0000] {taskinstance.py:3280} INFO - 0 downstream tasks scheduled from follow-on schedule check
