[2025-12-16T17:20:44.959+0000] {taskinstance.py:1956} INFO - Dependencies all met for dep_context=non-requeueable deps ti=<TaskInstance: etl_airflow.transform scheduled__2024-07-19T00:00:00+00:00 [queued]>
[2025-12-16T17:20:44.992+0000] {taskinstance.py:1956} INFO - Dependencies all met for dep_context=requeueable deps ti=<TaskInstance: etl_airflow.transform scheduled__2024-07-19T00:00:00+00:00 [queued]>
[2025-12-16T17:20:44.995+0000] {taskinstance.py:2170} INFO - Starting attempt 2 of 4
[2025-12-16T17:20:45.026+0000] {taskinstance.py:2191} INFO - Executing <Task(PythonOperator): transform> on 2024-07-19 00:00:00+00:00
[2025-12-16T17:20:45.041+0000] {standard_task_runner.py:60} INFO - Started process 5291 to run task
[2025-12-16T17:20:45.055+0000] {standard_task_runner.py:87} INFO - Running: ['***', 'tasks', 'run', 'etl_***', 'transform', 'scheduled__2024-07-19T00:00:00+00:00', '--job-id', '5747', '--raw', '--subdir', 'DAGS_FOLDER/etl_dag.py', '--cfg-path', '/tmp/tmpaxkxpezt']
[2025-12-16T17:20:45.064+0000] {standard_task_runner.py:88} INFO - Job 5747: Subtask transform
[2025-12-16T17:20:45.242+0000] {task_command.py:423} INFO - Running <TaskInstance: etl_airflow.transform scheduled__2024-07-19T00:00:00+00:00 [running]> on host 3b89cfee50e9
[2025-12-16T17:20:45.558+0000] {taskinstance.py:2480} INFO - Exporting env vars: AIRFLOW_CTX_DAG_OWNER='***' AIRFLOW_CTX_DAG_ID='etl_***' AIRFLOW_CTX_TASK_ID='transform' AIRFLOW_CTX_EXECUTION_DATE='2024-07-19T00:00:00+00:00' AIRFLOW_CTX_TRY_NUMBER='2' AIRFLOW_CTX_DAG_RUN_ID='scheduled__2024-07-19T00:00:00+00:00'
[2025-12-16T17:20:45.567+0000] {logging_mixin.py:188} INFO - [TRANSFORM]
[2025-12-16T17:20:46.038+0000] {logging_mixin.py:188} INFO - [TRANSFORM] done
[2025-12-16T17:20:46.041+0000] {python.py:201} INFO - Done. Returned value was: None
[2025-12-16T17:20:46.112+0000] {taskinstance.py:1138} INFO - Marking task as SUCCESS. dag_id=etl_***, task_id=transform, execution_date=20240719T000000, start_date=20251216T172044, end_date=20251216T172046
[2025-12-16T17:20:46.225+0000] {local_task_job_runner.py:234} INFO - Task exited with return code 0
[2025-12-16T17:20:46.583+0000] {taskinstance.py:3280} INFO - 0 downstream tasks scheduled from follow-on schedule check
[2025-12-17T04:21:28.236+0000] {taskinstance.py:1956} INFO - Dependencies all met for dep_context=non-requeueable deps ti=<TaskInstance: etl_airflow.transform scheduled__2024-07-19T00:00:00+00:00 [queued]>
[2025-12-17T04:21:28.256+0000] {taskinstance.py:1956} INFO - Dependencies all met for dep_context=requeueable deps ti=<TaskInstance: etl_airflow.transform scheduled__2024-07-19T00:00:00+00:00 [queued]>
[2025-12-17T04:21:28.257+0000] {taskinstance.py:2170} INFO - Starting attempt 2 of 3
[2025-12-17T04:21:28.281+0000] {taskinstance.py:2191} INFO - Executing <Task(PythonOperator): transform> on 2024-07-19 00:00:00+00:00
[2025-12-17T04:21:28.290+0000] {standard_task_runner.py:60} INFO - Started process 1347 to run task
[2025-12-17T04:21:28.296+0000] {standard_task_runner.py:87} INFO - Running: ['***', 'tasks', 'run', 'etl_***', 'transform', 'scheduled__2024-07-19T00:00:00+00:00', '--job-id', '345', '--raw', '--subdir', 'DAGS_FOLDER/etl_***.py', '--cfg-path', '/tmp/tmp38mxger6']
[2025-12-17T04:21:28.299+0000] {standard_task_runner.py:88} INFO - Job 345: Subtask transform
[2025-12-17T04:21:28.413+0000] {task_command.py:423} INFO - Running <TaskInstance: etl_airflow.transform scheduled__2024-07-19T00:00:00+00:00 [running]> on host c5811fe183ca
[2025-12-17T04:21:28.702+0000] {taskinstance.py:2480} INFO - Exporting env vars: AIRFLOW_CTX_DAG_OWNER='***' AIRFLOW_CTX_DAG_ID='etl_***' AIRFLOW_CTX_TASK_ID='transform' AIRFLOW_CTX_EXECUTION_DATE='2024-07-19T00:00:00+00:00' AIRFLOW_CTX_TRY_NUMBER='2' AIRFLOW_CTX_DAG_RUN_ID='scheduled__2024-07-19T00:00:00+00:00'
[2025-12-17T04:21:28.704+0000] {taskinstance.py:2698} ERROR - Task failed with exception
Traceback (most recent call last):
  File "/home/airflow/.local/lib/python3.8/site-packages/airflow/models/taskinstance.py", line 433, in _execute_task
    result = execute_callable(context=context, **execute_callable_kwargs)
  File "/home/airflow/.local/lib/python3.8/site-packages/airflow/operators/python.py", line 199, in execute
    return_value = self.execute_callable()
  File "/home/airflow/.local/lib/python3.8/site-packages/airflow/operators/python.py", line 216, in execute_callable
    return self.python_callable(*self.op_args, **self.op_kwargs)
TypeError: transform_data() missing 1 required positional argument: 'df'
[2025-12-17T04:21:28.714+0000] {taskinstance.py:1138} INFO - Marking task as UP_FOR_RETRY. dag_id=etl_***, task_id=transform, execution_date=20240719T000000, start_date=20251217T042128, end_date=20251217T042128
[2025-12-17T04:21:28.728+0000] {standard_task_runner.py:107} ERROR - Failed to execute job 345 for task transform (transform_data() missing 1 required positional argument: 'df'; 1347)
[2025-12-17T04:21:28.751+0000] {local_task_job_runner.py:234} INFO - Task exited with return code 1
[2025-12-17T04:21:28.797+0000] {taskinstance.py:3280} INFO - 0 downstream tasks scheduled from follow-on schedule check
[2025-12-17T04:49:35.639+0000] {taskinstance.py:1956} INFO - Dependencies all met for dep_context=non-requeueable deps ti=<TaskInstance: etl_airflow.transform scheduled__2024-07-19T00:00:00+00:00 [queued]>
[2025-12-17T04:49:35.668+0000] {taskinstance.py:1956} INFO - Dependencies all met for dep_context=requeueable deps ti=<TaskInstance: etl_airflow.transform scheduled__2024-07-19T00:00:00+00:00 [queued]>
[2025-12-17T04:49:35.670+0000] {taskinstance.py:2170} INFO - Starting attempt 2 of 3
[2025-12-17T04:49:35.723+0000] {taskinstance.py:2191} INFO - Executing <Task(PythonOperator): transform> on 2024-07-19 00:00:00+00:00
[2025-12-17T04:49:35.740+0000] {standard_task_runner.py:60} INFO - Started process 2893 to run task
[2025-12-17T04:49:35.754+0000] {standard_task_runner.py:87} INFO - Running: ['***', 'tasks', 'run', 'etl_***', 'transform', 'scheduled__2024-07-19T00:00:00+00:00', '--job-id', '811', '--raw', '--subdir', 'DAGS_FOLDER/etl_***.py', '--cfg-path', '/tmp/tmpnizjjtm3']
[2025-12-17T04:49:35.764+0000] {standard_task_runner.py:88} INFO - Job 811: Subtask transform
[2025-12-17T04:49:35.936+0000] {task_command.py:423} INFO - Running <TaskInstance: etl_airflow.transform scheduled__2024-07-19T00:00:00+00:00 [running]> on host b3426f05ac70
[2025-12-17T04:49:36.598+0000] {taskinstance.py:2480} INFO - Exporting env vars: AIRFLOW_CTX_DAG_OWNER='***' AIRFLOW_CTX_DAG_ID='etl_***' AIRFLOW_CTX_TASK_ID='transform' AIRFLOW_CTX_EXECUTION_DATE='2024-07-19T00:00:00+00:00' AIRFLOW_CTX_TRY_NUMBER='2' AIRFLOW_CTX_DAG_RUN_ID='scheduled__2024-07-19T00:00:00+00:00'
[2025-12-17T04:49:36.603+0000] {taskinstance.py:2698} ERROR - Task failed with exception
Traceback (most recent call last):
  File "/home/airflow/.local/lib/python3.8/site-packages/airflow/models/taskinstance.py", line 433, in _execute_task
    result = execute_callable(context=context, **execute_callable_kwargs)
  File "/home/airflow/.local/lib/python3.8/site-packages/airflow/operators/python.py", line 199, in execute
    return_value = self.execute_callable()
  File "/home/airflow/.local/lib/python3.8/site-packages/airflow/operators/python.py", line 216, in execute_callable
    return self.python_callable(*self.op_args, **self.op_kwargs)
TypeError: transform_data() missing 1 required positional argument: 'df'
[2025-12-17T04:49:36.632+0000] {taskinstance.py:1138} INFO - Marking task as UP_FOR_RETRY. dag_id=etl_***, task_id=transform, execution_date=20240719T000000, start_date=20251217T044935, end_date=20251217T044936
[2025-12-17T04:49:36.674+0000] {standard_task_runner.py:107} ERROR - Failed to execute job 811 for task transform (transform_data() missing 1 required positional argument: 'df'; 2893)
[2025-12-17T04:49:36.734+0000] {local_task_job_runner.py:234} INFO - Task exited with return code 1
[2025-12-17T04:49:36.998+0000] {taskinstance.py:3280} INFO - 0 downstream tasks scheduled from follow-on schedule check
[2025-12-17T07:43:19.091+0000] {taskinstance.py:1956} INFO - Dependencies all met for dep_context=non-requeueable deps ti=<TaskInstance: etl_airflow.transform scheduled__2024-07-19T00:00:00+00:00 [queued]>
[2025-12-17T07:43:19.123+0000] {taskinstance.py:1956} INFO - Dependencies all met for dep_context=requeueable deps ti=<TaskInstance: etl_airflow.transform scheduled__2024-07-19T00:00:00+00:00 [queued]>
[2025-12-17T07:43:19.126+0000] {taskinstance.py:2170} INFO - Starting attempt 2 of 3
[2025-12-17T07:43:19.158+0000] {taskinstance.py:2191} INFO - Executing <Task(PythonOperator): transform> on 2024-07-19 00:00:00+00:00
[2025-12-17T07:43:19.171+0000] {standard_task_runner.py:60} INFO - Started process 2961 to run task
[2025-12-17T07:43:19.178+0000] {standard_task_runner.py:87} INFO - Running: ['***', 'tasks', 'run', 'etl_***', 'transform', 'scheduled__2024-07-19T00:00:00+00:00', '--job-id', '812', '--raw', '--subdir', 'DAGS_FOLDER/etl_***.py', '--cfg-path', '/tmp/tmpnf5drlx3']
[2025-12-17T07:43:19.190+0000] {standard_task_runner.py:88} INFO - Job 812: Subtask transform
[2025-12-17T07:43:19.348+0000] {task_command.py:423} INFO - Running <TaskInstance: etl_airflow.transform scheduled__2024-07-19T00:00:00+00:00 [running]> on host 2a0de06c8905
[2025-12-17T07:43:19.801+0000] {taskinstance.py:2480} INFO - Exporting env vars: AIRFLOW_CTX_DAG_OWNER='***' AIRFLOW_CTX_DAG_ID='etl_***' AIRFLOW_CTX_TASK_ID='transform' AIRFLOW_CTX_EXECUTION_DATE='2024-07-19T00:00:00+00:00' AIRFLOW_CTX_TRY_NUMBER='2' AIRFLOW_CTX_DAG_RUN_ID='scheduled__2024-07-19T00:00:00+00:00'
[2025-12-17T07:43:19.807+0000] {taskinstance.py:2698} ERROR - Task failed with exception
Traceback (most recent call last):
  File "/home/airflow/.local/lib/python3.8/site-packages/airflow/models/taskinstance.py", line 433, in _execute_task
    result = execute_callable(context=context, **execute_callable_kwargs)
  File "/home/airflow/.local/lib/python3.8/site-packages/airflow/operators/python.py", line 199, in execute
    return_value = self.execute_callable()
  File "/home/airflow/.local/lib/python3.8/site-packages/airflow/operators/python.py", line 216, in execute_callable
    return self.python_callable(*self.op_args, **self.op_kwargs)
TypeError: transform_data() missing 1 required positional argument: 'df'
[2025-12-17T07:43:19.824+0000] {taskinstance.py:1138} INFO - Marking task as UP_FOR_RETRY. dag_id=etl_***, task_id=transform, execution_date=20240719T000000, start_date=20251217T074319, end_date=20251217T074319
[2025-12-17T07:43:19.853+0000] {standard_task_runner.py:107} ERROR - Failed to execute job 812 for task transform (transform_data() missing 1 required positional argument: 'df'; 2961)
[2025-12-17T07:43:19.920+0000] {local_task_job_runner.py:234} INFO - Task exited with return code 1
[2025-12-17T07:43:20.022+0000] {taskinstance.py:3280} INFO - 0 downstream tasks scheduled from follow-on schedule check
