[2025-12-17T04:53:17.275+0000] {taskinstance.py:1956} INFO - Dependencies all met for dep_context=non-requeueable deps ti=<TaskInstance: etl_airflow.transform scheduled__2024-10-27T00:00:00+00:00 [queued]>
[2025-12-17T04:53:17.301+0000] {taskinstance.py:1956} INFO - Dependencies all met for dep_context=requeueable deps ti=<TaskInstance: etl_airflow.transform scheduled__2024-10-27T00:00:00+00:00 [queued]>
[2025-12-17T04:53:17.302+0000] {taskinstance.py:2170} INFO - Starting attempt 3 of 3
[2025-12-17T04:53:17.331+0000] {taskinstance.py:2191} INFO - Executing <Task(PythonOperator): transform> on 2024-10-27 00:00:00+00:00
[2025-12-17T04:53:17.341+0000] {standard_task_runner.py:60} INFO - Started process 4220 to run task
[2025-12-17T04:53:17.349+0000] {standard_task_runner.py:87} INFO - Running: ['***', 'tasks', 'run', 'etl_***', 'transform', 'scheduled__2024-10-27T00:00:00+00:00', '--job-id', '1213', '--raw', '--subdir', 'DAGS_FOLDER/etl_***.py', '--cfg-path', '/tmp/tmpq2v98cec']
[2025-12-17T04:53:17.354+0000] {standard_task_runner.py:88} INFO - Job 1213: Subtask transform
[2025-12-17T04:53:17.524+0000] {task_command.py:423} INFO - Running <TaskInstance: etl_airflow.transform scheduled__2024-10-27T00:00:00+00:00 [running]> on host b3426f05ac70
[2025-12-17T04:53:18.041+0000] {taskinstance.py:2480} INFO - Exporting env vars: AIRFLOW_CTX_DAG_OWNER='***' AIRFLOW_CTX_DAG_ID='etl_***' AIRFLOW_CTX_TASK_ID='transform' AIRFLOW_CTX_EXECUTION_DATE='2024-10-27T00:00:00+00:00' AIRFLOW_CTX_TRY_NUMBER='3' AIRFLOW_CTX_DAG_RUN_ID='scheduled__2024-10-27T00:00:00+00:00'
[2025-12-17T04:53:18.048+0000] {taskinstance.py:2698} ERROR - Task failed with exception
Traceback (most recent call last):
  File "/home/airflow/.local/lib/python3.8/site-packages/airflow/models/taskinstance.py", line 433, in _execute_task
    result = execute_callable(context=context, **execute_callable_kwargs)
  File "/home/airflow/.local/lib/python3.8/site-packages/airflow/operators/python.py", line 199, in execute
    return_value = self.execute_callable()
  File "/home/airflow/.local/lib/python3.8/site-packages/airflow/operators/python.py", line 216, in execute_callable
    return self.python_callable(*self.op_args, **self.op_kwargs)
TypeError: transform_data() missing 1 required positional argument: 'df'
[2025-12-17T04:53:18.092+0000] {taskinstance.py:1138} INFO - Marking task as FAILED. dag_id=etl_***, task_id=transform, execution_date=20241027T000000, start_date=20251217T045317, end_date=20251217T045318
[2025-12-17T04:53:18.138+0000] {standard_task_runner.py:107} ERROR - Failed to execute job 1213 for task transform (transform_data() missing 1 required positional argument: 'df'; 4220)
[2025-12-17T04:53:18.208+0000] {local_task_job_runner.py:234} INFO - Task exited with return code 1
[2025-12-17T04:53:18.263+0000] {taskinstance.py:3280} INFO - 0 downstream tasks scheduled from follow-on schedule check
[2025-12-17T07:58:26.247+0000] {taskinstance.py:1956} INFO - Dependencies all met for dep_context=non-requeueable deps ti=<TaskInstance: etl_airflow.transform scheduled__2024-10-27T00:00:00+00:00 [queued]>
[2025-12-17T07:58:26.284+0000] {taskinstance.py:1956} INFO - Dependencies all met for dep_context=requeueable deps ti=<TaskInstance: etl_airflow.transform scheduled__2024-10-27T00:00:00+00:00 [queued]>
[2025-12-17T07:58:26.288+0000] {taskinstance.py:2170} INFO - Starting attempt 3 of 3
[2025-12-17T07:58:26.328+0000] {taskinstance.py:2191} INFO - Executing <Task(PythonOperator): transform> on 2024-10-27 00:00:00+00:00
[2025-12-17T07:58:26.341+0000] {standard_task_runner.py:60} INFO - Started process 4324 to run task
[2025-12-17T07:58:26.346+0000] {standard_task_runner.py:87} INFO - Running: ['***', 'tasks', 'run', 'etl_***', 'transform', 'scheduled__2024-10-27T00:00:00+00:00', '--job-id', '1217', '--raw', '--subdir', 'DAGS_FOLDER/etl_***.py', '--cfg-path', '/tmp/tmpfbn4_h4m']
[2025-12-17T07:58:26.350+0000] {standard_task_runner.py:88} INFO - Job 1217: Subtask transform
[2025-12-17T07:58:26.473+0000] {task_command.py:423} INFO - Running <TaskInstance: etl_airflow.transform scheduled__2024-10-27T00:00:00+00:00 [running]> on host 2a0de06c8905
[2025-12-17T07:58:26.921+0000] {taskinstance.py:2480} INFO - Exporting env vars: AIRFLOW_CTX_DAG_OWNER='***' AIRFLOW_CTX_DAG_ID='etl_***' AIRFLOW_CTX_TASK_ID='transform' AIRFLOW_CTX_EXECUTION_DATE='2024-10-27T00:00:00+00:00' AIRFLOW_CTX_TRY_NUMBER='3' AIRFLOW_CTX_DAG_RUN_ID='scheduled__2024-10-27T00:00:00+00:00'
[2025-12-17T07:58:26.923+0000] {taskinstance.py:2698} ERROR - Task failed with exception
Traceback (most recent call last):
  File "/home/airflow/.local/lib/python3.8/site-packages/airflow/models/taskinstance.py", line 433, in _execute_task
    result = execute_callable(context=context, **execute_callable_kwargs)
  File "/home/airflow/.local/lib/python3.8/site-packages/airflow/operators/python.py", line 199, in execute
    return_value = self.execute_callable()
  File "/home/airflow/.local/lib/python3.8/site-packages/airflow/operators/python.py", line 216, in execute_callable
    return self.python_callable(*self.op_args, **self.op_kwargs)
TypeError: transform_data() missing 1 required positional argument: 'df'
[2025-12-17T07:58:26.938+0000] {taskinstance.py:1138} INFO - Marking task as FAILED. dag_id=etl_***, task_id=transform, execution_date=20241027T000000, start_date=20251217T075826, end_date=20251217T075826
[2025-12-17T07:58:26.959+0000] {standard_task_runner.py:107} ERROR - Failed to execute job 1217 for task transform (transform_data() missing 1 required positional argument: 'df'; 4324)
[2025-12-17T07:58:27.004+0000] {local_task_job_runner.py:234} INFO - Task exited with return code 1
[2025-12-17T07:58:27.039+0000] {taskinstance.py:3280} INFO - 0 downstream tasks scheduled from follow-on schedule check
