[2025-12-16T17:11:00.329+0000] {taskinstance.py:1956} INFO - Dependencies all met for dep_context=non-requeueable deps ti=<TaskInstance: etl_airflow.transform scheduled__2024-03-25T00:00:00+00:00 [queued]>
[2025-12-16T17:11:00.353+0000] {taskinstance.py:1956} INFO - Dependencies all met for dep_context=requeueable deps ti=<TaskInstance: etl_airflow.transform scheduled__2024-03-25T00:00:00+00:00 [queued]>
[2025-12-16T17:11:00.355+0000] {taskinstance.py:2170} INFO - Starting attempt 1 of 3
[2025-12-16T17:11:00.391+0000] {taskinstance.py:2191} INFO - Executing <Task(PythonOperator): transform> on 2024-03-25 00:00:00+00:00
[2025-12-16T17:11:00.408+0000] {standard_task_runner.py:60} INFO - Started process 1185 to run task
[2025-12-16T17:11:00.420+0000] {standard_task_runner.py:87} INFO - Running: ['***', 'tasks', 'run', 'etl_***', 'transform', 'scheduled__2024-03-25T00:00:00+00:00', '--job-id', '3872', '--raw', '--subdir', 'DAGS_FOLDER/etl_dag.py', '--cfg-path', '/tmp/tmpa2qne31b']
[2025-12-16T17:11:00.425+0000] {standard_task_runner.py:88} INFO - Job 3872: Subtask transform
[2025-12-16T17:11:00.620+0000] {task_command.py:423} INFO - Running <TaskInstance: etl_airflow.transform scheduled__2024-03-25T00:00:00+00:00 [running]> on host 3b89cfee50e9
[2025-12-16T17:11:00.890+0000] {taskinstance.py:2480} INFO - Exporting env vars: AIRFLOW_CTX_DAG_OWNER='***' AIRFLOW_CTX_DAG_ID='etl_***' AIRFLOW_CTX_TASK_ID='transform' AIRFLOW_CTX_EXECUTION_DATE='2024-03-25T00:00:00+00:00' AIRFLOW_CTX_TRY_NUMBER='1' AIRFLOW_CTX_DAG_RUN_ID='scheduled__2024-03-25T00:00:00+00:00'
[2025-12-16T17:11:00.896+0000] {logging_mixin.py:188} INFO - [TRANSFORM]
[2025-12-16T17:11:01.457+0000] {logging_mixin.py:188} INFO - [TRANSFORM] done
[2025-12-16T17:11:01.462+0000] {python.py:201} INFO - Done. Returned value was: None
[2025-12-16T17:11:01.493+0000] {taskinstance.py:1138} INFO - Marking task as SUCCESS. dag_id=etl_***, task_id=transform, execution_date=20240325T000000, start_date=20251216T171100, end_date=20251216T171101
[2025-12-16T17:11:01.583+0000] {local_task_job_runner.py:234} INFO - Task exited with return code 0
[2025-12-16T17:11:01.637+0000] {taskinstance.py:3280} INFO - 1 downstream tasks scheduled from follow-on schedule check
[2025-12-17T01:51:32.682+0000] {taskinstance.py:1956} INFO - Dependencies all met for dep_context=non-requeueable deps ti=<TaskInstance: etl_airflow.transform scheduled__2024-03-25T00:00:00+00:00 [queued]>
[2025-12-17T01:51:32.706+0000] {taskinstance.py:1956} INFO - Dependencies all met for dep_context=requeueable deps ti=<TaskInstance: etl_airflow.transform scheduled__2024-03-25T00:00:00+00:00 [queued]>
[2025-12-17T01:51:32.708+0000] {taskinstance.py:2170} INFO - Starting attempt 1 of 3
[2025-12-17T01:51:32.739+0000] {taskinstance.py:2191} INFO - Executing <Task(PythonOperator): transform> on 2024-03-25 00:00:00+00:00
[2025-12-17T01:51:32.754+0000] {standard_task_runner.py:60} INFO - Started process 1023 to run task
[2025-12-17T01:51:32.762+0000] {standard_task_runner.py:87} INFO - Running: ['***', 'tasks', 'run', 'etl_***', 'transform', 'scheduled__2024-03-25T00:00:00+00:00', '--job-id', '257', '--raw', '--subdir', 'DAGS_FOLDER/etl_dag.py', '--cfg-path', '/tmp/tmpoixiv7hn']
[2025-12-17T01:51:32.767+0000] {standard_task_runner.py:88} INFO - Job 257: Subtask transform
[2025-12-17T01:51:32.885+0000] {task_command.py:423} INFO - Running <TaskInstance: etl_airflow.transform scheduled__2024-03-25T00:00:00+00:00 [running]> on host 571e042550da
[2025-12-17T01:51:33.291+0000] {taskinstance.py:2480} INFO - Exporting env vars: AIRFLOW_CTX_DAG_OWNER='***' AIRFLOW_CTX_DAG_ID='etl_***' AIRFLOW_CTX_TASK_ID='transform' AIRFLOW_CTX_EXECUTION_DATE='2024-03-25T00:00:00+00:00' AIRFLOW_CTX_TRY_NUMBER='1' AIRFLOW_CTX_DAG_RUN_ID='scheduled__2024-03-25T00:00:00+00:00'
[2025-12-17T01:51:33.294+0000] {logging_mixin.py:188} INFO - [TRANSFORM]
[2025-12-17T01:51:33.334+0000] {logging_mixin.py:188} INFO - [TRANSFORM] done
[2025-12-17T01:51:33.335+0000] {python.py:201} INFO - Done. Returned value was: None
[2025-12-17T01:51:33.353+0000] {taskinstance.py:1138} INFO - Marking task as SUCCESS. dag_id=etl_***, task_id=transform, execution_date=20240325T000000, start_date=20251217T015132, end_date=20251217T015133
[2025-12-17T01:51:33.465+0000] {local_task_job_runner.py:234} INFO - Task exited with return code 0
[2025-12-17T01:51:33.510+0000] {taskinstance.py:3280} INFO - 1 downstream tasks scheduled from follow-on schedule check
[2025-12-17T04:19:16.676+0000] {taskinstance.py:1956} INFO - Dependencies all met for dep_context=non-requeueable deps ti=<TaskInstance: etl_airflow.transform scheduled__2024-03-25T00:00:00+00:00 [queued]>
[2025-12-17T04:19:16.693+0000] {taskinstance.py:1956} INFO - Dependencies all met for dep_context=requeueable deps ti=<TaskInstance: etl_airflow.transform scheduled__2024-03-25T00:00:00+00:00 [queued]>
[2025-12-17T04:19:16.694+0000] {taskinstance.py:2170} INFO - Starting attempt 1 of 3
[2025-12-17T04:19:16.714+0000] {taskinstance.py:2191} INFO - Executing <Task(PythonOperator): transform> on 2024-03-25 00:00:00+00:00
[2025-12-17T04:19:16.727+0000] {standard_task_runner.py:60} INFO - Started process 592 to run task
[2025-12-17T04:19:16.733+0000] {standard_task_runner.py:87} INFO - Running: ['***', 'tasks', 'run', 'etl_***', 'transform', 'scheduled__2024-03-25T00:00:00+00:00', '--job-id', '117', '--raw', '--subdir', 'DAGS_FOLDER/etl_***.py', '--cfg-path', '/tmp/tmpwwqdzzdt']
[2025-12-17T04:19:16.739+0000] {standard_task_runner.py:88} INFO - Job 117: Subtask transform
[2025-12-17T04:19:16.901+0000] {task_command.py:423} INFO - Running <TaskInstance: etl_airflow.transform scheduled__2024-03-25T00:00:00+00:00 [running]> on host c5811fe183ca
[2025-12-17T04:19:17.590+0000] {taskinstance.py:2480} INFO - Exporting env vars: AIRFLOW_CTX_DAG_OWNER='***' AIRFLOW_CTX_DAG_ID='etl_***' AIRFLOW_CTX_TASK_ID='transform' AIRFLOW_CTX_EXECUTION_DATE='2024-03-25T00:00:00+00:00' AIRFLOW_CTX_TRY_NUMBER='1' AIRFLOW_CTX_DAG_RUN_ID='scheduled__2024-03-25T00:00:00+00:00'
[2025-12-17T04:19:17.597+0000] {taskinstance.py:2698} ERROR - Task failed with exception
Traceback (most recent call last):
  File "/home/airflow/.local/lib/python3.8/site-packages/airflow/models/taskinstance.py", line 433, in _execute_task
    result = execute_callable(context=context, **execute_callable_kwargs)
  File "/home/airflow/.local/lib/python3.8/site-packages/airflow/operators/python.py", line 199, in execute
    return_value = self.execute_callable()
  File "/home/airflow/.local/lib/python3.8/site-packages/airflow/operators/python.py", line 216, in execute_callable
    return self.python_callable(*self.op_args, **self.op_kwargs)
TypeError: transform_data() missing 1 required positional argument: 'df'
[2025-12-17T04:19:17.623+0000] {taskinstance.py:1138} INFO - Marking task as UP_FOR_RETRY. dag_id=etl_***, task_id=transform, execution_date=20240325T000000, start_date=20251217T041916, end_date=20251217T041917
[2025-12-17T04:19:17.660+0000] {standard_task_runner.py:107} ERROR - Failed to execute job 117 for task transform (transform_data() missing 1 required positional argument: 'df'; 592)
[2025-12-17T04:19:17.719+0000] {local_task_job_runner.py:234} INFO - Task exited with return code 1
[2025-12-17T04:19:17.792+0000] {taskinstance.py:3280} INFO - 0 downstream tasks scheduled from follow-on schedule check
[2025-12-17T04:45:14.645+0000] {taskinstance.py:1956} INFO - Dependencies all met for dep_context=non-requeueable deps ti=<TaskInstance: etl_airflow.transform scheduled__2024-03-25T00:00:00+00:00 [queued]>
[2025-12-17T04:45:14.666+0000] {taskinstance.py:1956} INFO - Dependencies all met for dep_context=requeueable deps ti=<TaskInstance: etl_airflow.transform scheduled__2024-03-25T00:00:00+00:00 [queued]>
[2025-12-17T04:45:14.671+0000] {taskinstance.py:2170} INFO - Starting attempt 1 of 3
[2025-12-17T04:45:14.700+0000] {taskinstance.py:2191} INFO - Executing <Task(PythonOperator): transform> on 2024-03-25 00:00:00+00:00
[2025-12-17T04:45:14.712+0000] {standard_task_runner.py:60} INFO - Started process 1330 to run task
[2025-12-17T04:45:14.727+0000] {standard_task_runner.py:87} INFO - Running: ['***', 'tasks', 'run', 'etl_***', 'transform', 'scheduled__2024-03-25T00:00:00+00:00', '--job-id', '339', '--raw', '--subdir', 'DAGS_FOLDER/etl_***.py', '--cfg-path', '/tmp/tmpm9fx6e6o']
[2025-12-17T04:45:14.734+0000] {standard_task_runner.py:88} INFO - Job 339: Subtask transform
[2025-12-17T04:45:14.905+0000] {task_command.py:423} INFO - Running <TaskInstance: etl_airflow.transform scheduled__2024-03-25T00:00:00+00:00 [running]> on host b3426f05ac70
[2025-12-17T04:45:15.455+0000] {taskinstance.py:2480} INFO - Exporting env vars: AIRFLOW_CTX_DAG_OWNER='***' AIRFLOW_CTX_DAG_ID='etl_***' AIRFLOW_CTX_TASK_ID='transform' AIRFLOW_CTX_EXECUTION_DATE='2024-03-25T00:00:00+00:00' AIRFLOW_CTX_TRY_NUMBER='1' AIRFLOW_CTX_DAG_RUN_ID='scheduled__2024-03-25T00:00:00+00:00'
[2025-12-17T04:45:15.475+0000] {taskinstance.py:2698} ERROR - Task failed with exception
Traceback (most recent call last):
  File "/home/airflow/.local/lib/python3.8/site-packages/airflow/models/taskinstance.py", line 433, in _execute_task
    result = execute_callable(context=context, **execute_callable_kwargs)
  File "/home/airflow/.local/lib/python3.8/site-packages/airflow/operators/python.py", line 199, in execute
    return_value = self.execute_callable()
  File "/home/airflow/.local/lib/python3.8/site-packages/airflow/operators/python.py", line 216, in execute_callable
    return self.python_callable(*self.op_args, **self.op_kwargs)
TypeError: transform_data() missing 1 required positional argument: 'df'
[2025-12-17T04:45:15.494+0000] {taskinstance.py:1138} INFO - Marking task as UP_FOR_RETRY. dag_id=etl_***, task_id=transform, execution_date=20240325T000000, start_date=20251217T044514, end_date=20251217T044515
[2025-12-17T04:45:15.646+0000] {standard_task_runner.py:107} ERROR - Failed to execute job 339 for task transform (transform_data() missing 1 required positional argument: 'df'; 1330)
[2025-12-17T04:45:15.737+0000] {local_task_job_runner.py:234} INFO - Task exited with return code 1
[2025-12-17T04:45:15.814+0000] {taskinstance.py:3280} INFO - 0 downstream tasks scheduled from follow-on schedule check
[2025-12-17T07:38:40.750+0000] {taskinstance.py:1956} INFO - Dependencies all met for dep_context=non-requeueable deps ti=<TaskInstance: etl_airflow.transform scheduled__2024-03-25T00:00:00+00:00 [queued]>
[2025-12-17T07:38:40.784+0000] {taskinstance.py:1956} INFO - Dependencies all met for dep_context=requeueable deps ti=<TaskInstance: etl_airflow.transform scheduled__2024-03-25T00:00:00+00:00 [queued]>
[2025-12-17T07:38:40.788+0000] {taskinstance.py:2170} INFO - Starting attempt 1 of 3
[2025-12-17T07:38:40.859+0000] {taskinstance.py:2191} INFO - Executing <Task(PythonOperator): transform> on 2024-03-25 00:00:00+00:00
[2025-12-17T07:38:40.873+0000] {standard_task_runner.py:60} INFO - Started process 1416 to run task
[2025-12-17T07:38:40.918+0000] {standard_task_runner.py:87} INFO - Running: ['***', 'tasks', 'run', 'etl_***', 'transform', 'scheduled__2024-03-25T00:00:00+00:00', '--job-id', '342', '--raw', '--subdir', 'DAGS_FOLDER/etl_***.py', '--cfg-path', '/tmp/tmpiw2x_gf1']
[2025-12-17T07:38:40.923+0000] {standard_task_runner.py:88} INFO - Job 342: Subtask transform
[2025-12-17T07:38:41.127+0000] {task_command.py:423} INFO - Running <TaskInstance: etl_airflow.transform scheduled__2024-03-25T00:00:00+00:00 [running]> on host 2a0de06c8905
[2025-12-17T07:38:41.623+0000] {taskinstance.py:2480} INFO - Exporting env vars: AIRFLOW_CTX_DAG_OWNER='***' AIRFLOW_CTX_DAG_ID='etl_***' AIRFLOW_CTX_TASK_ID='transform' AIRFLOW_CTX_EXECUTION_DATE='2024-03-25T00:00:00+00:00' AIRFLOW_CTX_TRY_NUMBER='1' AIRFLOW_CTX_DAG_RUN_ID='scheduled__2024-03-25T00:00:00+00:00'
[2025-12-17T07:38:41.626+0000] {taskinstance.py:2698} ERROR - Task failed with exception
Traceback (most recent call last):
  File "/home/airflow/.local/lib/python3.8/site-packages/airflow/models/taskinstance.py", line 433, in _execute_task
    result = execute_callable(context=context, **execute_callable_kwargs)
  File "/home/airflow/.local/lib/python3.8/site-packages/airflow/operators/python.py", line 199, in execute
    return_value = self.execute_callable()
  File "/home/airflow/.local/lib/python3.8/site-packages/airflow/operators/python.py", line 216, in execute_callable
    return self.python_callable(*self.op_args, **self.op_kwargs)
TypeError: transform_data() missing 1 required positional argument: 'df'
[2025-12-17T07:38:41.644+0000] {taskinstance.py:1138} INFO - Marking task as UP_FOR_RETRY. dag_id=etl_***, task_id=transform, execution_date=20240325T000000, start_date=20251217T073840, end_date=20251217T073841
[2025-12-17T07:38:41.668+0000] {standard_task_runner.py:107} ERROR - Failed to execute job 342 for task transform (transform_data() missing 1 required positional argument: 'df'; 1416)
[2025-12-17T07:38:41.725+0000] {local_task_job_runner.py:234} INFO - Task exited with return code 1
[2025-12-17T07:38:41.768+0000] {taskinstance.py:3280} INFO - 0 downstream tasks scheduled from follow-on schedule check
