[2025-12-16T17:14:46.325+0000] {taskinstance.py:1956} INFO - Dependencies all met for dep_context=non-requeueable deps ti=<TaskInstance: etl_airflow.transform scheduled__2024-10-24T00:00:00+00:00 [queued]>
[2025-12-16T17:14:46.365+0000] {taskinstance.py:1956} INFO - Dependencies all met for dep_context=requeueable deps ti=<TaskInstance: etl_airflow.transform scheduled__2024-10-24T00:00:00+00:00 [queued]>
[2025-12-16T17:14:46.368+0000] {taskinstance.py:2170} INFO - Starting attempt 2 of 3
[2025-12-16T17:14:46.435+0000] {taskinstance.py:2191} INFO - Executing <Task(PythonOperator): transform> on 2024-10-24 00:00:00+00:00
[2025-12-16T17:14:46.462+0000] {standard_task_runner.py:60} INFO - Started process 1502 to run task
[2025-12-16T17:14:46.473+0000] {standard_task_runner.py:87} INFO - Running: ['***', 'tasks', 'run', 'etl_***', 'transform', 'scheduled__2024-10-24T00:00:00+00:00', '--job-id', '4549', '--raw', '--subdir', 'DAGS_FOLDER/etl_dag.py', '--cfg-path', '/tmp/tmpq0norv7p']
[2025-12-16T17:14:46.485+0000] {standard_task_runner.py:88} INFO - Job 4549: Subtask transform
[2025-12-16T17:14:46.686+0000] {task_command.py:423} INFO - Running <TaskInstance: etl_airflow.transform scheduled__2024-10-24T00:00:00+00:00 [running]> on host 3b89cfee50e9
[2025-12-16T17:14:46.942+0000] {taskinstance.py:2480} INFO - Exporting env vars: AIRFLOW_CTX_DAG_OWNER='***' AIRFLOW_CTX_DAG_ID='etl_***' AIRFLOW_CTX_TASK_ID='transform' AIRFLOW_CTX_EXECUTION_DATE='2024-10-24T00:00:00+00:00' AIRFLOW_CTX_TRY_NUMBER='2' AIRFLOW_CTX_DAG_RUN_ID='scheduled__2024-10-24T00:00:00+00:00'
[2025-12-16T17:14:46.945+0000] {logging_mixin.py:188} INFO - [TRANSFORM]
[2025-12-16T17:14:47.327+0000] {logging_mixin.py:188} INFO - [TRANSFORM] done
[2025-12-16T17:14:47.330+0000] {python.py:201} INFO - Done. Returned value was: None
[2025-12-16T17:14:47.359+0000] {taskinstance.py:1138} INFO - Marking task as SUCCESS. dag_id=etl_***, task_id=transform, execution_date=20241024T000000, start_date=20251216T171446, end_date=20251216T171447
[2025-12-16T17:14:47.443+0000] {local_task_job_runner.py:234} INFO - Task exited with return code 0
[2025-12-16T17:14:47.530+0000] {taskinstance.py:3280} INFO - 1 downstream tasks scheduled from follow-on schedule check
[2025-12-17T04:53:04.316+0000] {taskinstance.py:1956} INFO - Dependencies all met for dep_context=non-requeueable deps ti=<TaskInstance: etl_airflow.transform scheduled__2024-10-24T00:00:00+00:00 [queued]>
[2025-12-17T04:53:04.331+0000] {taskinstance.py:1956} INFO - Dependencies all met for dep_context=requeueable deps ti=<TaskInstance: etl_airflow.transform scheduled__2024-10-24T00:00:00+00:00 [queued]>
[2025-12-17T04:53:04.332+0000] {taskinstance.py:2170} INFO - Starting attempt 2 of 3
[2025-12-17T04:53:04.355+0000] {taskinstance.py:2191} INFO - Executing <Task(PythonOperator): transform> on 2024-10-24 00:00:00+00:00
[2025-12-17T04:53:04.366+0000] {standard_task_runner.py:60} INFO - Started process 4154 to run task
[2025-12-17T04:53:04.372+0000] {standard_task_runner.py:87} INFO - Running: ['***', 'tasks', 'run', 'etl_***', 'transform', 'scheduled__2024-10-24T00:00:00+00:00', '--job-id', '1195', '--raw', '--subdir', 'DAGS_FOLDER/etl_***.py', '--cfg-path', '/tmp/tmplmm7qg3j']
[2025-12-17T04:53:04.377+0000] {standard_task_runner.py:88} INFO - Job 1195: Subtask transform
[2025-12-17T04:53:04.520+0000] {task_command.py:423} INFO - Running <TaskInstance: etl_airflow.transform scheduled__2024-10-24T00:00:00+00:00 [running]> on host b3426f05ac70
[2025-12-17T04:53:04.935+0000] {taskinstance.py:2480} INFO - Exporting env vars: AIRFLOW_CTX_DAG_OWNER='***' AIRFLOW_CTX_DAG_ID='etl_***' AIRFLOW_CTX_TASK_ID='transform' AIRFLOW_CTX_EXECUTION_DATE='2024-10-24T00:00:00+00:00' AIRFLOW_CTX_TRY_NUMBER='2' AIRFLOW_CTX_DAG_RUN_ID='scheduled__2024-10-24T00:00:00+00:00'
[2025-12-17T04:53:04.937+0000] {taskinstance.py:2698} ERROR - Task failed with exception
Traceback (most recent call last):
  File "/home/airflow/.local/lib/python3.8/site-packages/airflow/models/taskinstance.py", line 433, in _execute_task
    result = execute_callable(context=context, **execute_callable_kwargs)
  File "/home/airflow/.local/lib/python3.8/site-packages/airflow/operators/python.py", line 199, in execute
    return_value = self.execute_callable()
  File "/home/airflow/.local/lib/python3.8/site-packages/airflow/operators/python.py", line 216, in execute_callable
    return self.python_callable(*self.op_args, **self.op_kwargs)
TypeError: transform_data() missing 1 required positional argument: 'df'
[2025-12-17T04:53:04.949+0000] {taskinstance.py:1138} INFO - Marking task as UP_FOR_RETRY. dag_id=etl_***, task_id=transform, execution_date=20241024T000000, start_date=20251217T045304, end_date=20251217T045304
[2025-12-17T04:53:04.968+0000] {standard_task_runner.py:107} ERROR - Failed to execute job 1195 for task transform (transform_data() missing 1 required positional argument: 'df'; 4154)
[2025-12-17T04:53:04.993+0000] {local_task_job_runner.py:234} INFO - Task exited with return code 1
[2025-12-17T04:53:05.027+0000] {taskinstance.py:3280} INFO - 0 downstream tasks scheduled from follow-on schedule check
[2025-12-17T07:58:11.649+0000] {taskinstance.py:1956} INFO - Dependencies all met for dep_context=non-requeueable deps ti=<TaskInstance: etl_airflow.transform scheduled__2024-10-24T00:00:00+00:00 [queued]>
[2025-12-17T07:58:11.665+0000] {taskinstance.py:1956} INFO - Dependencies all met for dep_context=requeueable deps ti=<TaskInstance: etl_airflow.transform scheduled__2024-10-24T00:00:00+00:00 [queued]>
[2025-12-17T07:58:11.668+0000] {taskinstance.py:2170} INFO - Starting attempt 2 of 3
[2025-12-17T07:58:11.694+0000] {taskinstance.py:2191} INFO - Executing <Task(PythonOperator): transform> on 2024-10-24 00:00:00+00:00
[2025-12-17T07:58:11.705+0000] {standard_task_runner.py:60} INFO - Started process 4247 to run task
[2025-12-17T07:58:11.712+0000] {standard_task_runner.py:87} INFO - Running: ['***', 'tasks', 'run', 'etl_***', 'transform', 'scheduled__2024-10-24T00:00:00+00:00', '--job-id', '1197', '--raw', '--subdir', 'DAGS_FOLDER/etl_***.py', '--cfg-path', '/tmp/tmpdblgpx06']
[2025-12-17T07:58:11.717+0000] {standard_task_runner.py:88} INFO - Job 1197: Subtask transform
[2025-12-17T07:58:11.881+0000] {task_command.py:423} INFO - Running <TaskInstance: etl_airflow.transform scheduled__2024-10-24T00:00:00+00:00 [running]> on host 2a0de06c8905
[2025-12-17T07:58:12.457+0000] {taskinstance.py:2480} INFO - Exporting env vars: AIRFLOW_CTX_DAG_OWNER='***' AIRFLOW_CTX_DAG_ID='etl_***' AIRFLOW_CTX_TASK_ID='transform' AIRFLOW_CTX_EXECUTION_DATE='2024-10-24T00:00:00+00:00' AIRFLOW_CTX_TRY_NUMBER='2' AIRFLOW_CTX_DAG_RUN_ID='scheduled__2024-10-24T00:00:00+00:00'
[2025-12-17T07:58:12.463+0000] {taskinstance.py:2698} ERROR - Task failed with exception
Traceback (most recent call last):
  File "/home/airflow/.local/lib/python3.8/site-packages/airflow/models/taskinstance.py", line 433, in _execute_task
    result = execute_callable(context=context, **execute_callable_kwargs)
  File "/home/airflow/.local/lib/python3.8/site-packages/airflow/operators/python.py", line 199, in execute
    return_value = self.execute_callable()
  File "/home/airflow/.local/lib/python3.8/site-packages/airflow/operators/python.py", line 216, in execute_callable
    return self.python_callable(*self.op_args, **self.op_kwargs)
TypeError: transform_data() missing 1 required positional argument: 'df'
[2025-12-17T07:58:12.495+0000] {taskinstance.py:1138} INFO - Marking task as UP_FOR_RETRY. dag_id=etl_***, task_id=transform, execution_date=20241024T000000, start_date=20251217T075811, end_date=20251217T075812
[2025-12-17T07:58:12.541+0000] {standard_task_runner.py:107} ERROR - Failed to execute job 1197 for task transform (transform_data() missing 1 required positional argument: 'df'; 4247)
[2025-12-17T07:58:12.573+0000] {local_task_job_runner.py:234} INFO - Task exited with return code 1
[2025-12-17T07:58:12.851+0000] {taskinstance.py:3280} INFO - 0 downstream tasks scheduled from follow-on schedule check
