[2025-12-16T17:14:43.964+0000] {taskinstance.py:1956} INFO - Dependencies all met for dep_context=non-requeueable deps ti=<TaskInstance: etl_airflow.transform scheduled__2024-10-30T00:00:00+00:00 [queued]>
[2025-12-16T17:14:43.997+0000] {taskinstance.py:1956} INFO - Dependencies all met for dep_context=requeueable deps ti=<TaskInstance: etl_airflow.transform scheduled__2024-10-30T00:00:00+00:00 [queued]>
[2025-12-16T17:14:44.000+0000] {taskinstance.py:2170} INFO - Starting attempt 1 of 3
[2025-12-16T17:14:44.036+0000] {taskinstance.py:2191} INFO - Executing <Task(PythonOperator): transform> on 2024-10-30 00:00:00+00:00
[2025-12-16T17:14:44.052+0000] {standard_task_runner.py:60} INFO - Started process 1472 to run task
[2025-12-16T17:14:44.059+0000] {standard_task_runner.py:87} INFO - Running: ['***', 'tasks', 'run', 'etl_***', 'transform', 'scheduled__2024-10-30T00:00:00+00:00', '--job-id', '4542', '--raw', '--subdir', 'DAGS_FOLDER/etl_dag.py', '--cfg-path', '/tmp/tmpmtfw5bk1']
[2025-12-16T17:14:44.065+0000] {standard_task_runner.py:88} INFO - Job 4542: Subtask transform
[2025-12-16T17:14:44.224+0000] {task_command.py:423} INFO - Running <TaskInstance: etl_airflow.transform scheduled__2024-10-30T00:00:00+00:00 [running]> on host 3b89cfee50e9
[2025-12-16T17:14:44.471+0000] {taskinstance.py:2480} INFO - Exporting env vars: AIRFLOW_CTX_DAG_OWNER='***' AIRFLOW_CTX_DAG_ID='etl_***' AIRFLOW_CTX_TASK_ID='transform' AIRFLOW_CTX_EXECUTION_DATE='2024-10-30T00:00:00+00:00' AIRFLOW_CTX_TRY_NUMBER='1' AIRFLOW_CTX_DAG_RUN_ID='scheduled__2024-10-30T00:00:00+00:00'
[2025-12-16T17:14:44.484+0000] {logging_mixin.py:188} INFO - [TRANSFORM]
[2025-12-16T17:14:44.859+0000] {logging_mixin.py:188} INFO - [TRANSFORM] done
[2025-12-16T17:14:44.863+0000] {python.py:201} INFO - Done. Returned value was: None
[2025-12-16T17:14:44.888+0000] {taskinstance.py:1138} INFO - Marking task as SUCCESS. dag_id=etl_***, task_id=transform, execution_date=20241030T000000, start_date=20251216T171443, end_date=20251216T171444
[2025-12-16T17:14:44.965+0000] {local_task_job_runner.py:234} INFO - Task exited with return code 0
[2025-12-16T17:14:45.067+0000] {taskinstance.py:3280} INFO - 1 downstream tasks scheduled from follow-on schedule check
[2025-12-17T01:55:32.679+0000] {taskinstance.py:1956} INFO - Dependencies all met for dep_context=non-requeueable deps ti=<TaskInstance: etl_airflow.transform scheduled__2024-10-30T00:00:00+00:00 [queued]>
[2025-12-17T01:55:32.714+0000] {taskinstance.py:1956} INFO - Dependencies all met for dep_context=requeueable deps ti=<TaskInstance: etl_airflow.transform scheduled__2024-10-30T00:00:00+00:00 [queued]>
[2025-12-17T01:55:32.716+0000] {taskinstance.py:2170} INFO - Starting attempt 1 of 3
[2025-12-17T01:55:32.751+0000] {taskinstance.py:2191} INFO - Executing <Task(PythonOperator): transform> on 2024-10-30 00:00:00+00:00
[2025-12-17T01:55:32.771+0000] {standard_task_runner.py:60} INFO - Started process 3180 to run task
[2025-12-17T01:55:32.789+0000] {standard_task_runner.py:87} INFO - Running: ['***', 'tasks', 'run', 'etl_***', 'transform', 'scheduled__2024-10-30T00:00:00+00:00', '--job-id', '935', '--raw', '--subdir', 'DAGS_FOLDER/etl_dag.py', '--cfg-path', '/tmp/tmpyimj0ab4']
[2025-12-17T01:55:32.797+0000] {standard_task_runner.py:88} INFO - Job 935: Subtask transform
[2025-12-17T01:55:32.971+0000] {task_command.py:423} INFO - Running <TaskInstance: etl_airflow.transform scheduled__2024-10-30T00:00:00+00:00 [running]> on host 571e042550da
[2025-12-17T01:55:33.563+0000] {taskinstance.py:2480} INFO - Exporting env vars: AIRFLOW_CTX_DAG_OWNER='***' AIRFLOW_CTX_DAG_ID='etl_***' AIRFLOW_CTX_TASK_ID='transform' AIRFLOW_CTX_EXECUTION_DATE='2024-10-30T00:00:00+00:00' AIRFLOW_CTX_TRY_NUMBER='1' AIRFLOW_CTX_DAG_RUN_ID='scheduled__2024-10-30T00:00:00+00:00'
[2025-12-17T01:55:33.565+0000] {logging_mixin.py:188} INFO - [TRANSFORM]
[2025-12-17T01:55:33.625+0000] {logging_mixin.py:188} INFO - [TRANSFORM] done
[2025-12-17T01:55:33.626+0000] {python.py:201} INFO - Done. Returned value was: None
[2025-12-17T01:55:33.652+0000] {taskinstance.py:1138} INFO - Marking task as SUCCESS. dag_id=etl_***, task_id=transform, execution_date=20241030T000000, start_date=20251217T015532, end_date=20251217T015533
[2025-12-17T01:55:33.728+0000] {local_task_job_runner.py:234} INFO - Task exited with return code 0
[2025-12-17T01:55:33.778+0000] {taskinstance.py:3280} INFO - 1 downstream tasks scheduled from follow-on schedule check
[2025-12-17T04:52:54.968+0000] {taskinstance.py:1956} INFO - Dependencies all met for dep_context=non-requeueable deps ti=<TaskInstance: etl_airflow.transform scheduled__2024-10-30T00:00:00+00:00 [queued]>
[2025-12-17T04:52:54.979+0000] {taskinstance.py:1956} INFO - Dependencies all met for dep_context=requeueable deps ti=<TaskInstance: etl_airflow.transform scheduled__2024-10-30T00:00:00+00:00 [queued]>
[2025-12-17T04:52:54.980+0000] {taskinstance.py:2170} INFO - Starting attempt 1 of 3
[2025-12-17T04:52:54.997+0000] {taskinstance.py:2191} INFO - Executing <Task(PythonOperator): transform> on 2024-10-30 00:00:00+00:00
[2025-12-17T04:52:55.006+0000] {standard_task_runner.py:60} INFO - Started process 4116 to run task
[2025-12-17T04:52:55.020+0000] {standard_task_runner.py:87} INFO - Running: ['***', 'tasks', 'run', 'etl_***', 'transform', 'scheduled__2024-10-30T00:00:00+00:00', '--job-id', '1184', '--raw', '--subdir', 'DAGS_FOLDER/etl_***.py', '--cfg-path', '/tmp/tmpm6k3053d']
[2025-12-17T04:52:55.026+0000] {standard_task_runner.py:88} INFO - Job 1184: Subtask transform
[2025-12-17T04:52:55.191+0000] {task_command.py:423} INFO - Running <TaskInstance: etl_airflow.transform scheduled__2024-10-30T00:00:00+00:00 [running]> on host b3426f05ac70
[2025-12-17T04:52:55.531+0000] {taskinstance.py:2480} INFO - Exporting env vars: AIRFLOW_CTX_DAG_OWNER='***' AIRFLOW_CTX_DAG_ID='etl_***' AIRFLOW_CTX_TASK_ID='transform' AIRFLOW_CTX_EXECUTION_DATE='2024-10-30T00:00:00+00:00' AIRFLOW_CTX_TRY_NUMBER='1' AIRFLOW_CTX_DAG_RUN_ID='scheduled__2024-10-30T00:00:00+00:00'
[2025-12-17T04:52:55.534+0000] {taskinstance.py:2698} ERROR - Task failed with exception
Traceback (most recent call last):
  File "/home/airflow/.local/lib/python3.8/site-packages/airflow/models/taskinstance.py", line 433, in _execute_task
    result = execute_callable(context=context, **execute_callable_kwargs)
  File "/home/airflow/.local/lib/python3.8/site-packages/airflow/operators/python.py", line 199, in execute
    return_value = self.execute_callable()
  File "/home/airflow/.local/lib/python3.8/site-packages/airflow/operators/python.py", line 216, in execute_callable
    return self.python_callable(*self.op_args, **self.op_kwargs)
TypeError: transform_data() missing 1 required positional argument: 'df'
[2025-12-17T04:52:55.549+0000] {taskinstance.py:1138} INFO - Marking task as UP_FOR_RETRY. dag_id=etl_***, task_id=transform, execution_date=20241030T000000, start_date=20251217T045254, end_date=20251217T045255
[2025-12-17T04:52:55.567+0000] {standard_task_runner.py:107} ERROR - Failed to execute job 1184 for task transform (transform_data() missing 1 required positional argument: 'df'; 4116)
[2025-12-17T04:52:55.597+0000] {local_task_job_runner.py:234} INFO - Task exited with return code 1
[2025-12-17T04:52:55.625+0000] {taskinstance.py:3280} INFO - 0 downstream tasks scheduled from follow-on schedule check
[2025-12-17T07:58:34.155+0000] {taskinstance.py:1956} INFO - Dependencies all met for dep_context=non-requeueable deps ti=<TaskInstance: etl_airflow.transform scheduled__2024-10-30T00:00:00+00:00 [queued]>
[2025-12-17T07:58:34.183+0000] {taskinstance.py:1956} INFO - Dependencies all met for dep_context=requeueable deps ti=<TaskInstance: etl_airflow.transform scheduled__2024-10-30T00:00:00+00:00 [queued]>
[2025-12-17T07:58:34.185+0000] {taskinstance.py:2170} INFO - Starting attempt 1 of 3
[2025-12-17T07:58:34.330+0000] {taskinstance.py:2191} INFO - Executing <Task(PythonOperator): transform> on 2024-10-30 00:00:00+00:00
[2025-12-17T07:58:34.362+0000] {standard_task_runner.py:60} INFO - Started process 4377 to run task
[2025-12-17T07:58:34.369+0000] {standard_task_runner.py:87} INFO - Running: ['***', 'tasks', 'run', 'etl_***', 'transform', 'scheduled__2024-10-30T00:00:00+00:00', '--job-id', '1230', '--raw', '--subdir', 'DAGS_FOLDER/etl_***.py', '--cfg-path', '/tmp/tmptu284ju3']
[2025-12-17T07:58:34.378+0000] {standard_task_runner.py:88} INFO - Job 1230: Subtask transform
[2025-12-17T07:58:34.567+0000] {task_command.py:423} INFO - Running <TaskInstance: etl_airflow.transform scheduled__2024-10-30T00:00:00+00:00 [running]> on host 2a0de06c8905
[2025-12-17T07:58:35.553+0000] {taskinstance.py:2480} INFO - Exporting env vars: AIRFLOW_CTX_DAG_OWNER='***' AIRFLOW_CTX_DAG_ID='etl_***' AIRFLOW_CTX_TASK_ID='transform' AIRFLOW_CTX_EXECUTION_DATE='2024-10-30T00:00:00+00:00' AIRFLOW_CTX_TRY_NUMBER='1' AIRFLOW_CTX_DAG_RUN_ID='scheduled__2024-10-30T00:00:00+00:00'
[2025-12-17T07:58:35.557+0000] {taskinstance.py:2698} ERROR - Task failed with exception
Traceback (most recent call last):
  File "/home/airflow/.local/lib/python3.8/site-packages/airflow/models/taskinstance.py", line 433, in _execute_task
    result = execute_callable(context=context, **execute_callable_kwargs)
  File "/home/airflow/.local/lib/python3.8/site-packages/airflow/operators/python.py", line 199, in execute
    return_value = self.execute_callable()
  File "/home/airflow/.local/lib/python3.8/site-packages/airflow/operators/python.py", line 216, in execute_callable
    return self.python_callable(*self.op_args, **self.op_kwargs)
TypeError: transform_data() missing 1 required positional argument: 'df'
[2025-12-17T07:58:35.632+0000] {taskinstance.py:1138} INFO - Marking task as UP_FOR_RETRY. dag_id=etl_***, task_id=transform, execution_date=20241030T000000, start_date=20251217T075834, end_date=20251217T075835
[2025-12-17T07:58:35.685+0000] {standard_task_runner.py:107} ERROR - Failed to execute job 1230 for task transform (transform_data() missing 1 required positional argument: 'df'; 4377)
[2025-12-17T07:58:35.778+0000] {local_task_job_runner.py:234} INFO - Task exited with return code 1
[2025-12-17T07:58:36.178+0000] {taskinstance.py:3280} INFO - 0 downstream tasks scheduled from follow-on schedule check
