[2025-12-16T16:42:12.623+0000] {taskinstance.py:1956} INFO - Dependencies all met for dep_context=non-requeueable deps ti=<TaskInstance: etl_airflow.extract scheduled__2024-11-24T00:00:00+00:00 [queued]>
[2025-12-16T16:42:12.663+0000] {taskinstance.py:1956} INFO - Dependencies all met for dep_context=requeueable deps ti=<TaskInstance: etl_airflow.extract scheduled__2024-11-24T00:00:00+00:00 [queued]>
[2025-12-16T16:42:12.668+0000] {taskinstance.py:2170} INFO - Starting attempt 1 of 3
[2025-12-16T16:42:12.714+0000] {taskinstance.py:2191} INFO - Executing <Task(PythonOperator): extract> on 2024-11-24 00:00:00+00:00
[2025-12-16T16:42:12.732+0000] {standard_task_runner.py:60} INFO - Started process 496 to run task
[2025-12-16T16:42:12.743+0000] {standard_task_runner.py:87} INFO - Running: ['***', 'tasks', 'run', 'etl_***', 'extract', 'scheduled__2024-11-24T00:00:00+00:00', '--job-id', '973', '--raw', '--subdir', 'DAGS_FOLDER/etl_dag.py', '--cfg-path', '/tmp/tmp3yi4jww7']
[2025-12-16T16:42:12.755+0000] {standard_task_runner.py:88} INFO - Job 973: Subtask extract
[2025-12-16T16:42:12.958+0000] {task_command.py:423} INFO - Running <TaskInstance: etl_airflow.extract scheduled__2024-11-24T00:00:00+00:00 [running]> on host db658e834d9d
[2025-12-16T16:42:13.288+0000] {taskinstance.py:2480} INFO - Exporting env vars: AIRFLOW_CTX_DAG_OWNER='***' AIRFLOW_CTX_DAG_ID='etl_***' AIRFLOW_CTX_TASK_ID='extract' AIRFLOW_CTX_EXECUTION_DATE='2024-11-24T00:00:00+00:00' AIRFLOW_CTX_TRY_NUMBER='1' AIRFLOW_CTX_DAG_RUN_ID='scheduled__2024-11-24T00:00:00+00:00'
[2025-12-16T16:42:13.294+0000] {logging_mixin.py:188} INFO - Extracting data from /opt/***/data/input.csv
[2025-12-16T16:42:13.308+0000] {taskinstance.py:2698} ERROR - Task failed with exception
Traceback (most recent call last):
  File "/home/airflow/.local/lib/python3.8/site-packages/airflow/models/taskinstance.py", line 433, in _execute_task
    result = execute_callable(context=context, **execute_callable_kwargs)
  File "/home/airflow/.local/lib/python3.8/site-packages/airflow/operators/python.py", line 199, in execute
    return_value = self.execute_callable()
  File "/home/airflow/.local/lib/python3.8/site-packages/airflow/operators/python.py", line 216, in execute_callable
    return self.python_callable(*self.op_args, **self.op_kwargs)
  File "/opt/airflow/etl_logic/pipeline.py", line 97, in extract_data
    df = pd.read_csv(input_path)
  File "/home/airflow/.local/lib/python3.8/site-packages/pandas/io/parsers/readers.py", line 912, in read_csv
    return _read(filepath_or_buffer, kwds)
  File "/home/airflow/.local/lib/python3.8/site-packages/pandas/io/parsers/readers.py", line 577, in _read
    parser = TextFileReader(filepath_or_buffer, **kwds)
  File "/home/airflow/.local/lib/python3.8/site-packages/pandas/io/parsers/readers.py", line 1407, in __init__
    self._engine = self._make_engine(f, self.engine)
  File "/home/airflow/.local/lib/python3.8/site-packages/pandas/io/parsers/readers.py", line 1661, in _make_engine
    self.handles = get_handle(
  File "/home/airflow/.local/lib/python3.8/site-packages/pandas/io/common.py", line 859, in get_handle
    handle = open(
FileNotFoundError: [Errno 2] No such file or directory: '/opt/airflow/data/input.csv'
[2025-12-16T16:42:13.361+0000] {taskinstance.py:1138} INFO - Marking task as UP_FOR_RETRY. dag_id=etl_***, task_id=extract, execution_date=20241124T000000, start_date=20251216T164212, end_date=20251216T164213
[2025-12-16T16:42:13.410+0000] {standard_task_runner.py:107} ERROR - Failed to execute job 973 for task extract ([Errno 2] No such file or directory: '/opt/airflow/data/input.csv'; 496)
[2025-12-16T16:42:13.447+0000] {local_task_job_runner.py:234} INFO - Task exited with return code 1
[2025-12-16T16:42:13.689+0000] {taskinstance.py:3280} INFO - 0 downstream tasks scheduled from follow-on schedule check
[2025-12-17T01:55:55.517+0000] {taskinstance.py:1956} INFO - Dependencies all met for dep_context=non-requeueable deps ti=<TaskInstance: etl_airflow.extract scheduled__2024-11-24T00:00:00+00:00 [queued]>
[2025-12-17T01:55:55.539+0000] {taskinstance.py:1956} INFO - Dependencies all met for dep_context=requeueable deps ti=<TaskInstance: etl_airflow.extract scheduled__2024-11-24T00:00:00+00:00 [queued]>
[2025-12-17T01:55:55.541+0000] {taskinstance.py:2170} INFO - Starting attempt 1 of 3
[2025-12-17T01:55:55.574+0000] {taskinstance.py:2191} INFO - Executing <Task(PythonOperator): extract> on 2024-11-24 00:00:00+00:00
[2025-12-17T01:55:55.584+0000] {standard_task_runner.py:60} INFO - Started process 3369 to run task
[2025-12-17T01:55:55.590+0000] {standard_task_runner.py:87} INFO - Running: ['***', 'tasks', 'run', 'etl_***', 'extract', 'scheduled__2024-11-24T00:00:00+00:00', '--job-id', '995', '--raw', '--subdir', 'DAGS_FOLDER/etl_dag.py', '--cfg-path', '/tmp/tmpg2y4bd4j']
[2025-12-17T01:55:55.598+0000] {standard_task_runner.py:88} INFO - Job 995: Subtask extract
[2025-12-17T01:55:55.736+0000] {task_command.py:423} INFO - Running <TaskInstance: etl_airflow.extract scheduled__2024-11-24T00:00:00+00:00 [running]> on host 571e042550da
[2025-12-17T01:55:56.192+0000] {taskinstance.py:2480} INFO - Exporting env vars: AIRFLOW_CTX_DAG_OWNER='***' AIRFLOW_CTX_DAG_ID='etl_***' AIRFLOW_CTX_TASK_ID='extract' AIRFLOW_CTX_EXECUTION_DATE='2024-11-24T00:00:00+00:00' AIRFLOW_CTX_TRY_NUMBER='1' AIRFLOW_CTX_DAG_RUN_ID='scheduled__2024-11-24T00:00:00+00:00'
[2025-12-17T01:55:56.195+0000] {logging_mixin.py:188} INFO - [EXTRACT] Reading /opt/***/data/synthetic_events.csv
[2025-12-17T01:55:56.251+0000] {logging_mixin.py:188} INFO - [EXTRACT] done
[2025-12-17T01:55:56.253+0000] {python.py:201} INFO - Done. Returned value was: None
[2025-12-17T01:55:56.272+0000] {taskinstance.py:1138} INFO - Marking task as SUCCESS. dag_id=etl_***, task_id=extract, execution_date=20241124T000000, start_date=20251217T015555, end_date=20251217T015556
[2025-12-17T01:55:56.569+0000] {local_task_job_runner.py:234} INFO - Task exited with return code 0
[2025-12-17T01:55:56.644+0000] {taskinstance.py:3280} INFO - 1 downstream tasks scheduled from follow-on schedule check
[2025-12-17T04:54:01.773+0000] {taskinstance.py:1956} INFO - Dependencies all met for dep_context=non-requeueable deps ti=<TaskInstance: etl_airflow.extract scheduled__2024-11-24T00:00:00+00:00 [queued]>
[2025-12-17T04:54:01.790+0000] {taskinstance.py:1956} INFO - Dependencies all met for dep_context=requeueable deps ti=<TaskInstance: etl_airflow.extract scheduled__2024-11-24T00:00:00+00:00 [queued]>
[2025-12-17T04:54:01.791+0000] {taskinstance.py:2170} INFO - Starting attempt 1 of 3
[2025-12-17T04:54:01.963+0000] {taskinstance.py:2191} INFO - Executing <Task(PythonOperator): extract> on 2024-11-24 00:00:00+00:00
[2025-12-17T04:54:01.971+0000] {standard_task_runner.py:60} INFO - Started process 4492 to run task
[2025-12-17T04:54:01.975+0000] {standard_task_runner.py:87} INFO - Running: ['***', 'tasks', 'run', 'etl_***', 'extract', 'scheduled__2024-11-24T00:00:00+00:00', '--job-id', '1295', '--raw', '--subdir', 'DAGS_FOLDER/etl_***.py', '--cfg-path', '/tmp/tmpxh1rn_o2']
[2025-12-17T04:54:01.978+0000] {standard_task_runner.py:88} INFO - Job 1295: Subtask extract
[2025-12-17T04:54:02.078+0000] {task_command.py:423} INFO - Running <TaskInstance: etl_airflow.extract scheduled__2024-11-24T00:00:00+00:00 [running]> on host b3426f05ac70
[2025-12-17T04:54:02.421+0000] {taskinstance.py:2480} INFO - Exporting env vars: AIRFLOW_CTX_DAG_OWNER='***' AIRFLOW_CTX_DAG_ID='etl_***' AIRFLOW_CTX_TASK_ID='extract' AIRFLOW_CTX_EXECUTION_DATE='2024-11-24T00:00:00+00:00' AIRFLOW_CTX_TRY_NUMBER='1' AIRFLOW_CTX_DAG_RUN_ID='scheduled__2024-11-24T00:00:00+00:00'
[2025-12-17T04:54:02.438+0000] {python.py:201} INFO - Done. Returned value was:    user_id event_type           timestamp country
0        1      login 2025-01-01 09:00:00      IN
1        1      click 2025-01-01 09:05:00      IN
2        1     logout 2025-01-01 09:15:00      IN
3        2      login 2025-01-01 10:00:00      US
4        2      click 2025-01-01 10:10:00      US
5        2     logout 2025-01-01 10:20:00      US
6        3      login 2025-01-02 08:00:00      FR
7        3      click 2025-01-02 08:05:00      FR
8        3     logout 2025-01-02 08:30:00      FR
[2025-12-17T04:54:02.490+0000] {taskinstance.py:1138} INFO - Marking task as SUCCESS. dag_id=etl_***, task_id=extract, execution_date=20241124T000000, start_date=20251217T045401, end_date=20251217T045402
[2025-12-17T04:54:02.551+0000] {local_task_job_runner.py:234} INFO - Task exited with return code 0
[2025-12-17T04:54:02.601+0000] {taskinstance.py:3280} INFO - 1 downstream tasks scheduled from follow-on schedule check
[2025-12-17T07:59:14.495+0000] {taskinstance.py:1956} INFO - Dependencies all met for dep_context=non-requeueable deps ti=<TaskInstance: etl_airflow.extract scheduled__2024-11-24T00:00:00+00:00 [queued]>
[2025-12-17T07:59:14.530+0000] {taskinstance.py:1956} INFO - Dependencies all met for dep_context=requeueable deps ti=<TaskInstance: etl_airflow.extract scheduled__2024-11-24T00:00:00+00:00 [queued]>
[2025-12-17T07:59:14.537+0000] {taskinstance.py:2170} INFO - Starting attempt 1 of 3
[2025-12-17T07:59:14.582+0000] {taskinstance.py:2191} INFO - Executing <Task(PythonOperator): extract> on 2024-11-24 00:00:00+00:00
[2025-12-17T07:59:14.602+0000] {standard_task_runner.py:60} INFO - Started process 4588 to run task
[2025-12-17T07:59:14.606+0000] {standard_task_runner.py:87} INFO - Running: ['***', 'tasks', 'run', 'etl_***', 'extract', 'scheduled__2024-11-24T00:00:00+00:00', '--job-id', '1295', '--raw', '--subdir', 'DAGS_FOLDER/etl_***.py', '--cfg-path', '/tmp/tmpj50mnxdp']
[2025-12-17T07:59:14.615+0000] {standard_task_runner.py:88} INFO - Job 1295: Subtask extract
[2025-12-17T07:59:14.828+0000] {task_command.py:423} INFO - Running <TaskInstance: etl_airflow.extract scheduled__2024-11-24T00:00:00+00:00 [running]> on host 2a0de06c8905
[2025-12-17T07:59:15.530+0000] {taskinstance.py:2480} INFO - Exporting env vars: AIRFLOW_CTX_DAG_OWNER='***' AIRFLOW_CTX_DAG_ID='etl_***' AIRFLOW_CTX_TASK_ID='extract' AIRFLOW_CTX_EXECUTION_DATE='2024-11-24T00:00:00+00:00' AIRFLOW_CTX_TRY_NUMBER='1' AIRFLOW_CTX_DAG_RUN_ID='scheduled__2024-11-24T00:00:00+00:00'
[2025-12-17T07:59:15.580+0000] {python.py:201} INFO - Done. Returned value was:    user_id event_type           timestamp country
0        1      login 2025-01-01 09:00:00      IN
1        1      click 2025-01-01 09:05:00      IN
2        1     logout 2025-01-01 09:15:00      IN
3        2      login 2025-01-01 10:00:00      US
4        2      click 2025-01-01 10:10:00      US
5        2     logout 2025-01-01 10:20:00      US
6        3      login 2025-01-02 08:00:00      FR
7        3      click 2025-01-02 08:05:00      FR
8        3     logout 2025-01-02 08:30:00      FR
[2025-12-17T07:59:15.697+0000] {taskinstance.py:1138} INFO - Marking task as SUCCESS. dag_id=etl_***, task_id=extract, execution_date=20241124T000000, start_date=20251217T075914, end_date=20251217T075915
[2025-12-17T07:59:15.830+0000] {local_task_job_runner.py:234} INFO - Task exited with return code 0
[2025-12-17T07:59:15.898+0000] {taskinstance.py:3280} INFO - 1 downstream tasks scheduled from follow-on schedule check
