[2025-12-17T04:54:10.485+0000] {taskinstance.py:1956} INFO - Dependencies all met for dep_context=non-requeueable deps ti=<TaskInstance: etl_airflow.transform scheduled__2024-11-20T00:00:00+00:00 [queued]>
[2025-12-17T04:54:10.500+0000] {taskinstance.py:1956} INFO - Dependencies all met for dep_context=requeueable deps ti=<TaskInstance: etl_airflow.transform scheduled__2024-11-20T00:00:00+00:00 [queued]>
[2025-12-17T04:54:10.501+0000] {taskinstance.py:2170} INFO - Starting attempt 2 of 3
[2025-12-17T04:54:10.519+0000] {taskinstance.py:2191} INFO - Executing <Task(PythonOperator): transform> on 2024-11-20 00:00:00+00:00
[2025-12-17T04:54:10.526+0000] {standard_task_runner.py:60} INFO - Started process 4558 to run task
[2025-12-17T04:54:10.536+0000] {standard_task_runner.py:87} INFO - Running: ['***', 'tasks', 'run', 'etl_***', 'transform', 'scheduled__2024-11-20T00:00:00+00:00', '--job-id', '1316', '--raw', '--subdir', 'DAGS_FOLDER/etl_***.py', '--cfg-path', '/tmp/tmpgr915r08']
[2025-12-17T04:54:10.540+0000] {standard_task_runner.py:88} INFO - Job 1316: Subtask transform
[2025-12-17T04:54:10.665+0000] {task_command.py:423} INFO - Running <TaskInstance: etl_airflow.transform scheduled__2024-11-20T00:00:00+00:00 [running]> on host b3426f05ac70
[2025-12-17T04:54:11.005+0000] {taskinstance.py:2480} INFO - Exporting env vars: AIRFLOW_CTX_DAG_OWNER='***' AIRFLOW_CTX_DAG_ID='etl_***' AIRFLOW_CTX_TASK_ID='transform' AIRFLOW_CTX_EXECUTION_DATE='2024-11-20T00:00:00+00:00' AIRFLOW_CTX_TRY_NUMBER='2' AIRFLOW_CTX_DAG_RUN_ID='scheduled__2024-11-20T00:00:00+00:00'
[2025-12-17T04:54:11.007+0000] {taskinstance.py:2698} ERROR - Task failed with exception
Traceback (most recent call last):
  File "/home/airflow/.local/lib/python3.8/site-packages/airflow/models/taskinstance.py", line 433, in _execute_task
    result = execute_callable(context=context, **execute_callable_kwargs)
  File "/home/airflow/.local/lib/python3.8/site-packages/airflow/operators/python.py", line 199, in execute
    return_value = self.execute_callable()
  File "/home/airflow/.local/lib/python3.8/site-packages/airflow/operators/python.py", line 216, in execute_callable
    return self.python_callable(*self.op_args, **self.op_kwargs)
TypeError: transform_data() missing 1 required positional argument: 'df'
[2025-12-17T04:54:11.017+0000] {taskinstance.py:1138} INFO - Marking task as UP_FOR_RETRY. dag_id=etl_***, task_id=transform, execution_date=20241120T000000, start_date=20251217T045410, end_date=20251217T045411
[2025-12-17T04:54:11.031+0000] {standard_task_runner.py:107} ERROR - Failed to execute job 1316 for task transform (transform_data() missing 1 required positional argument: 'df'; 4558)
[2025-12-17T04:54:11.069+0000] {local_task_job_runner.py:234} INFO - Task exited with return code 1
[2025-12-17T04:54:11.142+0000] {taskinstance.py:3280} INFO - 0 downstream tasks scheduled from follow-on schedule check
[2025-12-17T07:59:29.980+0000] {taskinstance.py:1956} INFO - Dependencies all met for dep_context=non-requeueable deps ti=<TaskInstance: etl_airflow.transform scheduled__2024-11-20T00:00:00+00:00 [queued]>
[2025-12-17T07:59:30.005+0000] {taskinstance.py:1956} INFO - Dependencies all met for dep_context=requeueable deps ti=<TaskInstance: etl_airflow.transform scheduled__2024-11-20T00:00:00+00:00 [queued]>
[2025-12-17T07:59:30.013+0000] {taskinstance.py:2170} INFO - Starting attempt 2 of 3
[2025-12-17T07:59:30.039+0000] {taskinstance.py:2191} INFO - Executing <Task(PythonOperator): transform> on 2024-11-20 00:00:00+00:00
[2025-12-17T07:59:30.062+0000] {standard_task_runner.py:60} INFO - Started process 4678 to run task
[2025-12-17T07:59:30.068+0000] {standard_task_runner.py:87} INFO - Running: ['***', 'tasks', 'run', 'etl_***', 'transform', 'scheduled__2024-11-20T00:00:00+00:00', '--job-id', '1322', '--raw', '--subdir', 'DAGS_FOLDER/etl_***.py', '--cfg-path', '/tmp/tmpend5_2i4']
[2025-12-17T07:59:30.078+0000] {standard_task_runner.py:88} INFO - Job 1322: Subtask transform
[2025-12-17T07:59:30.311+0000] {task_command.py:423} INFO - Running <TaskInstance: etl_airflow.transform scheduled__2024-11-20T00:00:00+00:00 [running]> on host 2a0de06c8905
[2025-12-17T07:59:30.760+0000] {taskinstance.py:2480} INFO - Exporting env vars: AIRFLOW_CTX_DAG_OWNER='***' AIRFLOW_CTX_DAG_ID='etl_***' AIRFLOW_CTX_TASK_ID='transform' AIRFLOW_CTX_EXECUTION_DATE='2024-11-20T00:00:00+00:00' AIRFLOW_CTX_TRY_NUMBER='2' AIRFLOW_CTX_DAG_RUN_ID='scheduled__2024-11-20T00:00:00+00:00'
[2025-12-17T07:59:30.767+0000] {taskinstance.py:2698} ERROR - Task failed with exception
Traceback (most recent call last):
  File "/home/airflow/.local/lib/python3.8/site-packages/airflow/models/taskinstance.py", line 433, in _execute_task
    result = execute_callable(context=context, **execute_callable_kwargs)
  File "/home/airflow/.local/lib/python3.8/site-packages/airflow/operators/python.py", line 199, in execute
    return_value = self.execute_callable()
  File "/home/airflow/.local/lib/python3.8/site-packages/airflow/operators/python.py", line 216, in execute_callable
    return self.python_callable(*self.op_args, **self.op_kwargs)
TypeError: transform_data() missing 1 required positional argument: 'df'
[2025-12-17T07:59:30.789+0000] {taskinstance.py:1138} INFO - Marking task as UP_FOR_RETRY. dag_id=etl_***, task_id=transform, execution_date=20241120T000000, start_date=20251217T075929, end_date=20251217T075930
[2025-12-17T07:59:30.814+0000] {standard_task_runner.py:107} ERROR - Failed to execute job 1322 for task transform (transform_data() missing 1 required positional argument: 'df'; 4678)
[2025-12-17T07:59:30.852+0000] {local_task_job_runner.py:234} INFO - Task exited with return code 1
[2025-12-17T07:59:30.990+0000] {taskinstance.py:3280} INFO - 0 downstream tasks scheduled from follow-on schedule check
