[2025-12-16T17:14:55.315+0000] {taskinstance.py:1956} INFO - Dependencies all met for dep_context=non-requeueable deps ti=<TaskInstance: etl_airflow.transform scheduled__2024-11-20T00:00:00+00:00 [queued]>
[2025-12-16T17:14:55.346+0000] {taskinstance.py:1956} INFO - Dependencies all met for dep_context=requeueable deps ti=<TaskInstance: etl_airflow.transform scheduled__2024-11-20T00:00:00+00:00 [queued]>
[2025-12-16T17:14:55.348+0000] {taskinstance.py:2170} INFO - Starting attempt 1 of 3
[2025-12-16T17:14:55.384+0000] {taskinstance.py:2191} INFO - Executing <Task(PythonOperator): transform> on 2024-11-20 00:00:00+00:00
[2025-12-16T17:14:55.400+0000] {standard_task_runner.py:60} INFO - Started process 1629 to run task
[2025-12-16T17:14:55.413+0000] {standard_task_runner.py:87} INFO - Running: ['***', 'tasks', 'run', 'etl_***', 'transform', 'scheduled__2024-11-20T00:00:00+00:00', '--job-id', '4589', '--raw', '--subdir', 'DAGS_FOLDER/etl_dag.py', '--cfg-path', '/tmp/tmp7xncl0o4']
[2025-12-16T17:14:55.418+0000] {standard_task_runner.py:88} INFO - Job 4589: Subtask transform
[2025-12-16T17:14:55.582+0000] {task_command.py:423} INFO - Running <TaskInstance: etl_airflow.transform scheduled__2024-11-20T00:00:00+00:00 [running]> on host 3b89cfee50e9
[2025-12-16T17:14:55.829+0000] {taskinstance.py:2480} INFO - Exporting env vars: AIRFLOW_CTX_DAG_OWNER='***' AIRFLOW_CTX_DAG_ID='etl_***' AIRFLOW_CTX_TASK_ID='transform' AIRFLOW_CTX_EXECUTION_DATE='2024-11-20T00:00:00+00:00' AIRFLOW_CTX_TRY_NUMBER='1' AIRFLOW_CTX_DAG_RUN_ID='scheduled__2024-11-20T00:00:00+00:00'
[2025-12-16T17:14:55.834+0000] {logging_mixin.py:188} INFO - [TRANSFORM]
[2025-12-16T17:14:56.216+0000] {logging_mixin.py:188} INFO - [TRANSFORM] done
[2025-12-16T17:14:56.217+0000] {python.py:201} INFO - Done. Returned value was: None
[2025-12-16T17:14:56.247+0000] {taskinstance.py:1138} INFO - Marking task as SUCCESS. dag_id=etl_***, task_id=transform, execution_date=20241120T000000, start_date=20251216T171455, end_date=20251216T171456
[2025-12-16T17:14:56.313+0000] {local_task_job_runner.py:234} INFO - Task exited with return code 0
[2025-12-16T17:14:56.376+0000] {taskinstance.py:3280} INFO - 1 downstream tasks scheduled from follow-on schedule check
[2025-12-17T01:55:57.319+0000] {taskinstance.py:1956} INFO - Dependencies all met for dep_context=non-requeueable deps ti=<TaskInstance: etl_airflow.transform scheduled__2024-11-20T00:00:00+00:00 [queued]>
[2025-12-17T01:55:57.346+0000] {taskinstance.py:1956} INFO - Dependencies all met for dep_context=requeueable deps ti=<TaskInstance: etl_airflow.transform scheduled__2024-11-20T00:00:00+00:00 [queued]>
[2025-12-17T01:55:57.348+0000] {taskinstance.py:2170} INFO - Starting attempt 1 of 3
[2025-12-17T01:55:57.388+0000] {taskinstance.py:2191} INFO - Executing <Task(PythonOperator): transform> on 2024-11-20 00:00:00+00:00
[2025-12-17T01:55:57.404+0000] {standard_task_runner.py:60} INFO - Started process 3397 to run task
[2025-12-17T01:55:57.423+0000] {standard_task_runner.py:87} INFO - Running: ['***', 'tasks', 'run', 'etl_***', 'transform', 'scheduled__2024-11-20T00:00:00+00:00', '--job-id', '1001', '--raw', '--subdir', 'DAGS_FOLDER/etl_dag.py', '--cfg-path', '/tmp/tmpx9zfm4cw']
[2025-12-17T01:55:57.435+0000] {standard_task_runner.py:88} INFO - Job 1001: Subtask transform
[2025-12-17T01:55:57.636+0000] {task_command.py:423} INFO - Running <TaskInstance: etl_airflow.transform scheduled__2024-11-20T00:00:00+00:00 [running]> on host 571e042550da
[2025-12-17T01:55:58.211+0000] {taskinstance.py:2480} INFO - Exporting env vars: AIRFLOW_CTX_DAG_OWNER='***' AIRFLOW_CTX_DAG_ID='etl_***' AIRFLOW_CTX_TASK_ID='transform' AIRFLOW_CTX_EXECUTION_DATE='2024-11-20T00:00:00+00:00' AIRFLOW_CTX_TRY_NUMBER='1' AIRFLOW_CTX_DAG_RUN_ID='scheduled__2024-11-20T00:00:00+00:00'
[2025-12-17T01:55:58.214+0000] {logging_mixin.py:188} INFO - [TRANSFORM]
[2025-12-17T01:55:58.251+0000] {logging_mixin.py:188} INFO - [TRANSFORM] done
[2025-12-17T01:55:58.252+0000] {python.py:201} INFO - Done. Returned value was: None
[2025-12-17T01:55:58.279+0000] {taskinstance.py:1138} INFO - Marking task as SUCCESS. dag_id=etl_***, task_id=transform, execution_date=20241120T000000, start_date=20251217T015557, end_date=20251217T015558
[2025-12-17T01:55:58.445+0000] {local_task_job_runner.py:234} INFO - Task exited with return code 0
[2025-12-17T01:55:58.903+0000] {taskinstance.py:3280} INFO - 0 downstream tasks scheduled from follow-on schedule check
[2025-12-17T04:53:58.747+0000] {taskinstance.py:1956} INFO - Dependencies all met for dep_context=non-requeueable deps ti=<TaskInstance: etl_airflow.transform scheduled__2024-11-20T00:00:00+00:00 [queued]>
[2025-12-17T04:53:58.766+0000] {taskinstance.py:1956} INFO - Dependencies all met for dep_context=requeueable deps ti=<TaskInstance: etl_airflow.transform scheduled__2024-11-20T00:00:00+00:00 [queued]>
[2025-12-17T04:53:58.768+0000] {taskinstance.py:2170} INFO - Starting attempt 1 of 3
[2025-12-17T04:53:58.791+0000] {taskinstance.py:2191} INFO - Executing <Task(PythonOperator): transform> on 2024-11-20 00:00:00+00:00
[2025-12-17T04:53:58.802+0000] {standard_task_runner.py:60} INFO - Started process 4469 to run task
[2025-12-17T04:53:58.811+0000] {standard_task_runner.py:87} INFO - Running: ['***', 'tasks', 'run', 'etl_***', 'transform', 'scheduled__2024-11-20T00:00:00+00:00', '--job-id', '1290', '--raw', '--subdir', 'DAGS_FOLDER/etl_***.py', '--cfg-path', '/tmp/tmpy7jxcyyz']
[2025-12-17T04:53:58.816+0000] {standard_task_runner.py:88} INFO - Job 1290: Subtask transform
[2025-12-17T04:53:58.962+0000] {task_command.py:423} INFO - Running <TaskInstance: etl_airflow.transform scheduled__2024-11-20T00:00:00+00:00 [running]> on host b3426f05ac70
[2025-12-17T04:53:59.354+0000] {taskinstance.py:2480} INFO - Exporting env vars: AIRFLOW_CTX_DAG_OWNER='***' AIRFLOW_CTX_DAG_ID='etl_***' AIRFLOW_CTX_TASK_ID='transform' AIRFLOW_CTX_EXECUTION_DATE='2024-11-20T00:00:00+00:00' AIRFLOW_CTX_TRY_NUMBER='1' AIRFLOW_CTX_DAG_RUN_ID='scheduled__2024-11-20T00:00:00+00:00'
[2025-12-17T04:53:59.360+0000] {taskinstance.py:2698} ERROR - Task failed with exception
Traceback (most recent call last):
  File "/home/airflow/.local/lib/python3.8/site-packages/airflow/models/taskinstance.py", line 433, in _execute_task
    result = execute_callable(context=context, **execute_callable_kwargs)
  File "/home/airflow/.local/lib/python3.8/site-packages/airflow/operators/python.py", line 199, in execute
    return_value = self.execute_callable()
  File "/home/airflow/.local/lib/python3.8/site-packages/airflow/operators/python.py", line 216, in execute_callable
    return self.python_callable(*self.op_args, **self.op_kwargs)
TypeError: transform_data() missing 1 required positional argument: 'df'
[2025-12-17T04:53:59.389+0000] {taskinstance.py:1138} INFO - Marking task as UP_FOR_RETRY. dag_id=etl_***, task_id=transform, execution_date=20241120T000000, start_date=20251217T045358, end_date=20251217T045359
[2025-12-17T04:53:59.413+0000] {standard_task_runner.py:107} ERROR - Failed to execute job 1290 for task transform (transform_data() missing 1 required positional argument: 'df'; 4469)
[2025-12-17T04:53:59.469+0000] {local_task_job_runner.py:234} INFO - Task exited with return code 1
[2025-12-17T04:53:59.541+0000] {taskinstance.py:3280} INFO - 0 downstream tasks scheduled from follow-on schedule check
[2025-12-17T07:59:16.477+0000] {taskinstance.py:1956} INFO - Dependencies all met for dep_context=non-requeueable deps ti=<TaskInstance: etl_airflow.transform scheduled__2024-11-20T00:00:00+00:00 [queued]>
[2025-12-17T07:59:16.504+0000] {taskinstance.py:1956} INFO - Dependencies all met for dep_context=requeueable deps ti=<TaskInstance: etl_airflow.transform scheduled__2024-11-20T00:00:00+00:00 [queued]>
[2025-12-17T07:59:16.505+0000] {taskinstance.py:2170} INFO - Starting attempt 1 of 3
[2025-12-17T07:59:16.552+0000] {taskinstance.py:2191} INFO - Executing <Task(PythonOperator): transform> on 2024-11-20 00:00:00+00:00
[2025-12-17T07:59:16.567+0000] {standard_task_runner.py:60} INFO - Started process 4604 to run task
[2025-12-17T07:59:16.575+0000] {standard_task_runner.py:87} INFO - Running: ['***', 'tasks', 'run', 'etl_***', 'transform', 'scheduled__2024-11-20T00:00:00+00:00', '--job-id', '1303', '--raw', '--subdir', 'DAGS_FOLDER/etl_***.py', '--cfg-path', '/tmp/tmpvbg304xv']
[2025-12-17T07:59:16.589+0000] {standard_task_runner.py:88} INFO - Job 1303: Subtask transform
[2025-12-17T07:59:16.771+0000] {task_command.py:423} INFO - Running <TaskInstance: etl_airflow.transform scheduled__2024-11-20T00:00:00+00:00 [running]> on host 2a0de06c8905
[2025-12-17T07:59:17.230+0000] {taskinstance.py:2480} INFO - Exporting env vars: AIRFLOW_CTX_DAG_OWNER='***' AIRFLOW_CTX_DAG_ID='etl_***' AIRFLOW_CTX_TASK_ID='transform' AIRFLOW_CTX_EXECUTION_DATE='2024-11-20T00:00:00+00:00' AIRFLOW_CTX_TRY_NUMBER='1' AIRFLOW_CTX_DAG_RUN_ID='scheduled__2024-11-20T00:00:00+00:00'
[2025-12-17T07:59:17.241+0000] {taskinstance.py:2698} ERROR - Task failed with exception
Traceback (most recent call last):
  File "/home/airflow/.local/lib/python3.8/site-packages/airflow/models/taskinstance.py", line 433, in _execute_task
    result = execute_callable(context=context, **execute_callable_kwargs)
  File "/home/airflow/.local/lib/python3.8/site-packages/airflow/operators/python.py", line 199, in execute
    return_value = self.execute_callable()
  File "/home/airflow/.local/lib/python3.8/site-packages/airflow/operators/python.py", line 216, in execute_callable
    return self.python_callable(*self.op_args, **self.op_kwargs)
TypeError: transform_data() missing 1 required positional argument: 'df'
[2025-12-17T07:59:17.261+0000] {taskinstance.py:1138} INFO - Marking task as UP_FOR_RETRY. dag_id=etl_***, task_id=transform, execution_date=20241120T000000, start_date=20251217T075916, end_date=20251217T075917
[2025-12-17T07:59:17.511+0000] {standard_task_runner.py:107} ERROR - Failed to execute job 1303 for task transform (transform_data() missing 1 required positional argument: 'df'; 4604)
[2025-12-17T07:59:17.563+0000] {local_task_job_runner.py:234} INFO - Task exited with return code 1
[2025-12-17T07:59:17.620+0000] {taskinstance.py:3280} INFO - 0 downstream tasks scheduled from follow-on schedule check
