[2025-12-16T16:29:30.447+0000] {taskinstance.py:1956} INFO - Dependencies all met for dep_context=non-requeueable deps ti=<TaskInstance: etl_airflow.extract scheduled__2024-01-18T00:00:00+00:00 [queued]>
[2025-12-16T16:29:30.465+0000] {taskinstance.py:1956} INFO - Dependencies all met for dep_context=requeueable deps ti=<TaskInstance: etl_airflow.extract scheduled__2024-01-18T00:00:00+00:00 [queued]>
[2025-12-16T16:29:30.467+0000] {taskinstance.py:2170} INFO - Starting attempt 1 of 3
[2025-12-16T16:29:30.561+0000] {taskinstance.py:2191} INFO - Executing <Task(PythonOperator): extract> on 2024-01-18 00:00:00+00:00
[2025-12-16T16:29:30.575+0000] {standard_task_runner.py:60} INFO - Started process 553 to run task
[2025-12-16T16:29:30.581+0000] {standard_task_runner.py:87} INFO - Running: ['***', 'tasks', 'run', 'etl_***', 'extract', 'scheduled__2024-01-18T00:00:00+00:00', '--job-id', '51', '--raw', '--subdir', 'DAGS_FOLDER/etl_dag.py', '--cfg-path', '/tmp/tmpbycsgidt']
[2025-12-16T16:29:30.585+0000] {standard_task_runner.py:88} INFO - Job 51: Subtask extract
[2025-12-16T16:29:30.719+0000] {task_command.py:423} INFO - Running <TaskInstance: etl_airflow.extract scheduled__2024-01-18T00:00:00+00:00 [running]> on host 528de643acfe
[2025-12-16T16:29:31.104+0000] {taskinstance.py:2480} INFO - Exporting env vars: AIRFLOW_CTX_DAG_OWNER='***' AIRFLOW_CTX_DAG_ID='etl_***' AIRFLOW_CTX_TASK_ID='extract' AIRFLOW_CTX_EXECUTION_DATE='2024-01-18T00:00:00+00:00' AIRFLOW_CTX_TRY_NUMBER='1' AIRFLOW_CTX_DAG_RUN_ID='scheduled__2024-01-18T00:00:00+00:00'
[2025-12-16T16:29:31.108+0000] {logging_mixin.py:188} INFO - Extracting data from /opt/***/data/input.csv
[2025-12-16T16:29:31.116+0000] {taskinstance.py:2698} ERROR - Task failed with exception
Traceback (most recent call last):
  File "/home/airflow/.local/lib/python3.8/site-packages/airflow/models/taskinstance.py", line 433, in _execute_task
    result = execute_callable(context=context, **execute_callable_kwargs)
  File "/home/airflow/.local/lib/python3.8/site-packages/airflow/operators/python.py", line 199, in execute
    return_value = self.execute_callable()
  File "/home/airflow/.local/lib/python3.8/site-packages/airflow/operators/python.py", line 216, in execute_callable
    return self.python_callable(*self.op_args, **self.op_kwargs)
  File "/opt/airflow/dags/etl_logic/pipeline.py", line 92, in extract_data
    return pd.read_csv(input_path)
  File "/home/airflow/.local/lib/python3.8/site-packages/pandas/io/parsers/readers.py", line 912, in read_csv
    return _read(filepath_or_buffer, kwds)
  File "/home/airflow/.local/lib/python3.8/site-packages/pandas/io/parsers/readers.py", line 577, in _read
    parser = TextFileReader(filepath_or_buffer, **kwds)
  File "/home/airflow/.local/lib/python3.8/site-packages/pandas/io/parsers/readers.py", line 1407, in __init__
    self._engine = self._make_engine(f, self.engine)
  File "/home/airflow/.local/lib/python3.8/site-packages/pandas/io/parsers/readers.py", line 1661, in _make_engine
    self.handles = get_handle(
  File "/home/airflow/.local/lib/python3.8/site-packages/pandas/io/common.py", line 859, in get_handle
    handle = open(
FileNotFoundError: [Errno 2] No such file or directory: '/opt/airflow/data/input.csv'
[2025-12-16T16:29:31.166+0000] {taskinstance.py:1138} INFO - Marking task as UP_FOR_RETRY. dag_id=etl_***, task_id=extract, execution_date=20240118T000000, start_date=20251216T162930, end_date=20251216T162931
[2025-12-16T16:29:31.356+0000] {standard_task_runner.py:107} ERROR - Failed to execute job 51 for task extract ([Errno 2] No such file or directory: '/opt/airflow/data/input.csv'; 553)
[2025-12-16T16:29:31.398+0000] {local_task_job_runner.py:234} INFO - Task exited with return code 1
[2025-12-16T16:29:31.460+0000] {taskinstance.py:3280} INFO - 0 downstream tasks scheduled from follow-on schedule check
[2025-12-17T01:50:19.020+0000] {taskinstance.py:1956} INFO - Dependencies all met for dep_context=non-requeueable deps ti=<TaskInstance: etl_airflow.extract scheduled__2024-01-18T00:00:00+00:00 [queued]>
[2025-12-17T01:50:19.038+0000] {taskinstance.py:1956} INFO - Dependencies all met for dep_context=requeueable deps ti=<TaskInstance: etl_airflow.extract scheduled__2024-01-18T00:00:00+00:00 [queued]>
[2025-12-17T01:50:19.039+0000] {taskinstance.py:2170} INFO - Starting attempt 1 of 3
[2025-12-17T01:50:19.115+0000] {taskinstance.py:2191} INFO - Executing <Task(PythonOperator): extract> on 2024-01-18 00:00:00+00:00
[2025-12-17T01:50:19.127+0000] {standard_task_runner.py:60} INFO - Started process 356 to run task
[2025-12-17T01:50:19.134+0000] {standard_task_runner.py:87} INFO - Running: ['***', 'tasks', 'run', 'etl_***', 'extract', 'scheduled__2024-01-18T00:00:00+00:00', '--job-id', '49', '--raw', '--subdir', 'DAGS_FOLDER/etl_dag.py', '--cfg-path', '/tmp/tmp00q0devt']
[2025-12-17T01:50:19.138+0000] {standard_task_runner.py:88} INFO - Job 49: Subtask extract
[2025-12-17T01:50:19.280+0000] {task_command.py:423} INFO - Running <TaskInstance: etl_airflow.extract scheduled__2024-01-18T00:00:00+00:00 [running]> on host 571e042550da
[2025-12-17T01:50:19.732+0000] {taskinstance.py:2480} INFO - Exporting env vars: AIRFLOW_CTX_DAG_OWNER='***' AIRFLOW_CTX_DAG_ID='etl_***' AIRFLOW_CTX_TASK_ID='extract' AIRFLOW_CTX_EXECUTION_DATE='2024-01-18T00:00:00+00:00' AIRFLOW_CTX_TRY_NUMBER='1' AIRFLOW_CTX_DAG_RUN_ID='scheduled__2024-01-18T00:00:00+00:00'
[2025-12-17T01:50:19.734+0000] {logging_mixin.py:188} INFO - [EXTRACT] Reading /opt/***/data/synthetic_events.csv
[2025-12-17T01:50:19.778+0000] {logging_mixin.py:188} INFO - [EXTRACT] done
[2025-12-17T01:50:19.780+0000] {python.py:201} INFO - Done. Returned value was: None
[2025-12-17T01:50:19.805+0000] {taskinstance.py:1138} INFO - Marking task as SUCCESS. dag_id=etl_***, task_id=extract, execution_date=20240118T000000, start_date=20251217T015019, end_date=20251217T015019
[2025-12-17T01:50:19.873+0000] {local_task_job_runner.py:234} INFO - Task exited with return code 0
[2025-12-17T01:50:19.931+0000] {taskinstance.py:3280} INFO - 1 downstream tasks scheduled from follow-on schedule check
[2025-12-17T04:18:40.162+0000] {taskinstance.py:1956} INFO - Dependencies all met for dep_context=non-requeueable deps ti=<TaskInstance: etl_airflow.extract scheduled__2024-01-18T00:00:00+00:00 [queued]>
[2025-12-17T04:18:40.211+0000] {taskinstance.py:1956} INFO - Dependencies all met for dep_context=requeueable deps ti=<TaskInstance: etl_airflow.extract scheduled__2024-01-18T00:00:00+00:00 [queued]>
[2025-12-17T04:18:40.218+0000] {taskinstance.py:2170} INFO - Starting attempt 1 of 3
[2025-12-17T04:18:40.263+0000] {taskinstance.py:2191} INFO - Executing <Task(PythonOperator): extract> on 2024-01-18 00:00:00+00:00
[2025-12-17T04:18:40.275+0000] {standard_task_runner.py:60} INFO - Started process 337 to run task
[2025-12-17T04:18:40.282+0000] {standard_task_runner.py:87} INFO - Running: ['***', 'tasks', 'run', 'etl_***', 'extract', 'scheduled__2024-01-18T00:00:00+00:00', '--job-id', '35', '--raw', '--subdir', 'DAGS_FOLDER/etl_***.py', '--cfg-path', '/tmp/tmpuet4yo5g']
[2025-12-17T04:18:40.288+0000] {standard_task_runner.py:88} INFO - Job 35: Subtask extract
[2025-12-17T04:18:40.422+0000] {task_command.py:423} INFO - Running <TaskInstance: etl_airflow.extract scheduled__2024-01-18T00:00:00+00:00 [running]> on host c5811fe183ca
[2025-12-17T04:18:41.031+0000] {taskinstance.py:2480} INFO - Exporting env vars: AIRFLOW_CTX_DAG_OWNER='***' AIRFLOW_CTX_DAG_ID='etl_***' AIRFLOW_CTX_TASK_ID='extract' AIRFLOW_CTX_EXECUTION_DATE='2024-01-18T00:00:00+00:00' AIRFLOW_CTX_TRY_NUMBER='1' AIRFLOW_CTX_DAG_RUN_ID='scheduled__2024-01-18T00:00:00+00:00'
[2025-12-17T04:18:41.060+0000] {python.py:201} INFO - Done. Returned value was:    user_id event_type           timestamp country
0        1      login 2025-01-01 09:00:00      IN
1        1      click 2025-01-01 09:05:00      IN
2        1     logout 2025-01-01 09:15:00      IN
3        2      login 2025-01-01 10:00:00      US
4        2      click 2025-01-01 10:10:00      US
5        2     logout 2025-01-01 10:20:00      US
6        3      login 2025-01-02 08:00:00      FR
7        3      click 2025-01-02 08:05:00      FR
8        3     logout 2025-01-02 08:30:00      FR
[2025-12-17T04:18:41.159+0000] {taskinstance.py:1138} INFO - Marking task as SUCCESS. dag_id=etl_***, task_id=extract, execution_date=20240118T000000, start_date=20251217T041840, end_date=20251217T041841
[2025-12-17T04:18:41.227+0000] {local_task_job_runner.py:234} INFO - Task exited with return code 0
[2025-12-17T04:18:41.446+0000] {taskinstance.py:3280} INFO - 0 downstream tasks scheduled from follow-on schedule check
[2025-12-17T04:42:56.703+0000] {taskinstance.py:1956} INFO - Dependencies all met for dep_context=non-requeueable deps ti=<TaskInstance: etl_airflow.extract scheduled__2024-01-18T00:00:00+00:00 [queued]>
[2025-12-17T04:42:56.724+0000] {taskinstance.py:1956} INFO - Dependencies all met for dep_context=requeueable deps ti=<TaskInstance: etl_airflow.extract scheduled__2024-01-18T00:00:00+00:00 [queued]>
[2025-12-17T04:42:56.725+0000] {taskinstance.py:2170} INFO - Starting attempt 1 of 3
[2025-12-17T04:42:56.752+0000] {taskinstance.py:2191} INFO - Executing <Task(PythonOperator): extract> on 2024-01-18 00:00:00+00:00
[2025-12-17T04:42:56.760+0000] {standard_task_runner.py:60} INFO - Started process 450 to run task
[2025-12-17T04:42:56.766+0000] {standard_task_runner.py:87} INFO - Running: ['***', 'tasks', 'run', 'etl_***', 'extract', 'scheduled__2024-01-18T00:00:00+00:00', '--job-id', '67', '--raw', '--subdir', 'DAGS_FOLDER/etl_***.py', '--cfg-path', '/tmp/tmp6ela6kcs']
[2025-12-17T04:42:56.769+0000] {standard_task_runner.py:88} INFO - Job 67: Subtask extract
[2025-12-17T04:42:56.896+0000] {task_command.py:423} INFO - Running <TaskInstance: etl_airflow.extract scheduled__2024-01-18T00:00:00+00:00 [running]> on host b3426f05ac70
[2025-12-17T04:42:57.400+0000] {taskinstance.py:2480} INFO - Exporting env vars: AIRFLOW_CTX_DAG_OWNER='***' AIRFLOW_CTX_DAG_ID='etl_***' AIRFLOW_CTX_TASK_ID='extract' AIRFLOW_CTX_EXECUTION_DATE='2024-01-18T00:00:00+00:00' AIRFLOW_CTX_TRY_NUMBER='1' AIRFLOW_CTX_DAG_RUN_ID='scheduled__2024-01-18T00:00:00+00:00'
[2025-12-17T04:42:57.425+0000] {python.py:201} INFO - Done. Returned value was:    user_id event_type           timestamp country
0        1      login 2025-01-01 09:00:00      IN
1        1      click 2025-01-01 09:05:00      IN
2        1     logout 2025-01-01 09:15:00      IN
3        2      login 2025-01-01 10:00:00      US
4        2      click 2025-01-01 10:10:00      US
5        2     logout 2025-01-01 10:20:00      US
6        3      login 2025-01-02 08:00:00      FR
7        3      click 2025-01-02 08:05:00      FR
8        3     logout 2025-01-02 08:30:00      FR
[2025-12-17T04:42:57.498+0000] {taskinstance.py:1138} INFO - Marking task as SUCCESS. dag_id=etl_***, task_id=extract, execution_date=20240118T000000, start_date=20251217T044256, end_date=20251217T044257
[2025-12-17T04:42:57.577+0000] {local_task_job_runner.py:234} INFO - Task exited with return code 0
[2025-12-17T04:42:57.724+0000] {taskinstance.py:3280} INFO - 0 downstream tasks scheduled from follow-on schedule check
[2025-12-17T07:35:56.381+0000] {taskinstance.py:1956} INFO - Dependencies all met for dep_context=non-requeueable deps ti=<TaskInstance: etl_airflow.extract scheduled__2024-01-18T00:00:00+00:00 [queued]>
[2025-12-17T07:35:56.408+0000] {taskinstance.py:1956} INFO - Dependencies all met for dep_context=requeueable deps ti=<TaskInstance: etl_airflow.extract scheduled__2024-01-18T00:00:00+00:00 [queued]>
[2025-12-17T07:35:56.410+0000] {taskinstance.py:2170} INFO - Starting attempt 1 of 3
[2025-12-17T07:35:56.446+0000] {taskinstance.py:2191} INFO - Executing <Task(PythonOperator): extract> on 2024-01-18 00:00:00+00:00
[2025-12-17T07:35:56.462+0000] {standard_task_runner.py:60} INFO - Started process 504 to run task
[2025-12-17T07:35:56.471+0000] {standard_task_runner.py:87} INFO - Running: ['***', 'tasks', 'run', 'etl_***', 'extract', 'scheduled__2024-01-18T00:00:00+00:00', '--job-id', '67', '--raw', '--subdir', 'DAGS_FOLDER/etl_***.py', '--cfg-path', '/tmp/tmp58fo0viu']
[2025-12-17T07:35:56.480+0000] {standard_task_runner.py:88} INFO - Job 67: Subtask extract
[2025-12-17T07:35:56.675+0000] {task_command.py:423} INFO - Running <TaskInstance: etl_airflow.extract scheduled__2024-01-18T00:00:00+00:00 [running]> on host 2a0de06c8905
[2025-12-17T07:35:57.257+0000] {taskinstance.py:2480} INFO - Exporting env vars: AIRFLOW_CTX_DAG_OWNER='***' AIRFLOW_CTX_DAG_ID='etl_***' AIRFLOW_CTX_TASK_ID='extract' AIRFLOW_CTX_EXECUTION_DATE='2024-01-18T00:00:00+00:00' AIRFLOW_CTX_TRY_NUMBER='1' AIRFLOW_CTX_DAG_RUN_ID='scheduled__2024-01-18T00:00:00+00:00'
[2025-12-17T07:35:57.279+0000] {python.py:201} INFO - Done. Returned value was:    user_id event_type           timestamp country
0        1      login 2025-01-01 09:00:00      IN
1        1      click 2025-01-01 09:05:00      IN
2        1     logout 2025-01-01 09:15:00      IN
3        2      login 2025-01-01 10:00:00      US
4        2      click 2025-01-01 10:10:00      US
5        2     logout 2025-01-01 10:20:00      US
6        3      login 2025-01-02 08:00:00      FR
7        3      click 2025-01-02 08:05:00      FR
8        3     logout 2025-01-02 08:30:00      FR
[2025-12-17T07:35:57.346+0000] {taskinstance.py:1138} INFO - Marking task as SUCCESS. dag_id=etl_***, task_id=extract, execution_date=20240118T000000, start_date=20251217T073556, end_date=20251217T073557
[2025-12-17T07:35:57.440+0000] {local_task_job_runner.py:234} INFO - Task exited with return code 0
[2025-12-17T07:35:57.494+0000] {taskinstance.py:3280} INFO - 1 downstream tasks scheduled from follow-on schedule check
