[2025-12-16T17:14:49.587+0000] {taskinstance.py:1956} INFO - Dependencies all met for dep_context=non-requeueable deps ti=<TaskInstance: etl_airflow.transform scheduled__2024-11-08T00:00:00+00:00 [queued]>
[2025-12-16T17:14:49.626+0000] {taskinstance.py:1956} INFO - Dependencies all met for dep_context=requeueable deps ti=<TaskInstance: etl_airflow.transform scheduled__2024-11-08T00:00:00+00:00 [queued]>
[2025-12-16T17:14:49.629+0000] {taskinstance.py:2170} INFO - Starting attempt 1 of 3
[2025-12-16T17:14:49.740+0000] {taskinstance.py:2191} INFO - Executing <Task(PythonOperator): transform> on 2024-11-08 00:00:00+00:00
[2025-12-16T17:14:49.758+0000] {standard_task_runner.py:60} INFO - Started process 1547 to run task
[2025-12-16T17:14:49.783+0000] {standard_task_runner.py:87} INFO - Running: ['***', 'tasks', 'run', 'etl_***', 'transform', 'scheduled__2024-11-08T00:00:00+00:00', '--job-id', '4563', '--raw', '--subdir', 'DAGS_FOLDER/etl_dag.py', '--cfg-path', '/tmp/tmp9sm3ysfk']
[2025-12-16T17:14:49.790+0000] {standard_task_runner.py:88} INFO - Job 4563: Subtask transform
[2025-12-16T17:14:49.994+0000] {task_command.py:423} INFO - Running <TaskInstance: etl_airflow.transform scheduled__2024-11-08T00:00:00+00:00 [running]> on host 3b89cfee50e9
[2025-12-16T17:14:50.240+0000] {taskinstance.py:2480} INFO - Exporting env vars: AIRFLOW_CTX_DAG_OWNER='***' AIRFLOW_CTX_DAG_ID='etl_***' AIRFLOW_CTX_TASK_ID='transform' AIRFLOW_CTX_EXECUTION_DATE='2024-11-08T00:00:00+00:00' AIRFLOW_CTX_TRY_NUMBER='1' AIRFLOW_CTX_DAG_RUN_ID='scheduled__2024-11-08T00:00:00+00:00'
[2025-12-16T17:14:50.246+0000] {logging_mixin.py:188} INFO - [TRANSFORM]
[2025-12-16T17:14:50.597+0000] {logging_mixin.py:188} INFO - [TRANSFORM] done
[2025-12-16T17:14:50.599+0000] {python.py:201} INFO - Done. Returned value was: None
[2025-12-16T17:14:50.621+0000] {taskinstance.py:1138} INFO - Marking task as SUCCESS. dag_id=etl_***, task_id=transform, execution_date=20241108T000000, start_date=20251216T171449, end_date=20251216T171450
[2025-12-16T17:14:50.739+0000] {local_task_job_runner.py:234} INFO - Task exited with return code 0
[2025-12-16T17:14:50.803+0000] {taskinstance.py:3280} INFO - 1 downstream tasks scheduled from follow-on schedule check
[2025-12-17T01:55:42.758+0000] {taskinstance.py:1956} INFO - Dependencies all met for dep_context=non-requeueable deps ti=<TaskInstance: etl_airflow.transform scheduled__2024-11-08T00:00:00+00:00 [queued]>
[2025-12-17T01:55:42.792+0000] {taskinstance.py:1956} INFO - Dependencies all met for dep_context=requeueable deps ti=<TaskInstance: etl_airflow.transform scheduled__2024-11-08T00:00:00+00:00 [queued]>
[2025-12-17T01:55:42.793+0000] {taskinstance.py:2170} INFO - Starting attempt 1 of 3
[2025-12-17T01:55:43.217+0000] {taskinstance.py:2191} INFO - Executing <Task(PythonOperator): transform> on 2024-11-08 00:00:00+00:00
[2025-12-17T01:55:43.250+0000] {standard_task_runner.py:60} INFO - Started process 3264 to run task
[2025-12-17T01:55:43.266+0000] {standard_task_runner.py:87} INFO - Running: ['***', 'tasks', 'run', 'etl_***', 'transform', 'scheduled__2024-11-08T00:00:00+00:00', '--job-id', '959', '--raw', '--subdir', 'DAGS_FOLDER/etl_dag.py', '--cfg-path', '/tmp/tmp3caru995']
[2025-12-17T01:55:43.274+0000] {standard_task_runner.py:88} INFO - Job 959: Subtask transform
[2025-12-17T01:55:43.515+0000] {task_command.py:423} INFO - Running <TaskInstance: etl_airflow.transform scheduled__2024-11-08T00:00:00+00:00 [running]> on host 571e042550da
[2025-12-17T01:55:44.276+0000] {taskinstance.py:2480} INFO - Exporting env vars: AIRFLOW_CTX_DAG_OWNER='***' AIRFLOW_CTX_DAG_ID='etl_***' AIRFLOW_CTX_TASK_ID='transform' AIRFLOW_CTX_EXECUTION_DATE='2024-11-08T00:00:00+00:00' AIRFLOW_CTX_TRY_NUMBER='1' AIRFLOW_CTX_DAG_RUN_ID='scheduled__2024-11-08T00:00:00+00:00'
[2025-12-17T01:55:44.290+0000] {logging_mixin.py:188} INFO - [TRANSFORM]
[2025-12-17T01:55:44.347+0000] {logging_mixin.py:188} INFO - [TRANSFORM] done
[2025-12-17T01:55:44.353+0000] {python.py:201} INFO - Done. Returned value was: None
[2025-12-17T01:55:44.380+0000] {taskinstance.py:1138} INFO - Marking task as SUCCESS. dag_id=etl_***, task_id=transform, execution_date=20241108T000000, start_date=20251217T015542, end_date=20251217T015544
[2025-12-17T01:55:44.474+0000] {local_task_job_runner.py:234} INFO - Task exited with return code 0
[2025-12-17T01:55:44.614+0000] {taskinstance.py:3280} INFO - 1 downstream tasks scheduled from follow-on schedule check
[2025-12-17T04:53:27.707+0000] {taskinstance.py:1956} INFO - Dependencies all met for dep_context=non-requeueable deps ti=<TaskInstance: etl_airflow.transform scheduled__2024-11-08T00:00:00+00:00 [queued]>
[2025-12-17T04:53:27.722+0000] {taskinstance.py:1956} INFO - Dependencies all met for dep_context=requeueable deps ti=<TaskInstance: etl_airflow.transform scheduled__2024-11-08T00:00:00+00:00 [queued]>
[2025-12-17T04:53:27.723+0000] {taskinstance.py:2170} INFO - Starting attempt 1 of 3
[2025-12-17T04:53:27.881+0000] {taskinstance.py:2191} INFO - Executing <Task(PythonOperator): transform> on 2024-11-08 00:00:00+00:00
[2025-12-17T04:53:27.901+0000] {standard_task_runner.py:60} INFO - Started process 4314 to run task
[2025-12-17T04:53:27.904+0000] {standard_task_runner.py:87} INFO - Running: ['***', 'tasks', 'run', 'etl_***', 'transform', 'scheduled__2024-11-08T00:00:00+00:00', '--job-id', '1243', '--raw', '--subdir', 'DAGS_FOLDER/etl_***.py', '--cfg-path', '/tmp/tmpc_p7sizv']
[2025-12-17T04:53:27.925+0000] {standard_task_runner.py:88} INFO - Job 1243: Subtask transform
[2025-12-17T04:53:28.089+0000] {task_command.py:423} INFO - Running <TaskInstance: etl_airflow.transform scheduled__2024-11-08T00:00:00+00:00 [running]> on host b3426f05ac70
[2025-12-17T04:53:28.461+0000] {taskinstance.py:2480} INFO - Exporting env vars: AIRFLOW_CTX_DAG_OWNER='***' AIRFLOW_CTX_DAG_ID='etl_***' AIRFLOW_CTX_TASK_ID='transform' AIRFLOW_CTX_EXECUTION_DATE='2024-11-08T00:00:00+00:00' AIRFLOW_CTX_TRY_NUMBER='1' AIRFLOW_CTX_DAG_RUN_ID='scheduled__2024-11-08T00:00:00+00:00'
[2025-12-17T04:53:28.463+0000] {taskinstance.py:2698} ERROR - Task failed with exception
Traceback (most recent call last):
  File "/home/airflow/.local/lib/python3.8/site-packages/airflow/models/taskinstance.py", line 433, in _execute_task
    result = execute_callable(context=context, **execute_callable_kwargs)
  File "/home/airflow/.local/lib/python3.8/site-packages/airflow/operators/python.py", line 199, in execute
    return_value = self.execute_callable()
  File "/home/airflow/.local/lib/python3.8/site-packages/airflow/operators/python.py", line 216, in execute_callable
    return self.python_callable(*self.op_args, **self.op_kwargs)
TypeError: transform_data() missing 1 required positional argument: 'df'
[2025-12-17T04:53:28.475+0000] {taskinstance.py:1138} INFO - Marking task as UP_FOR_RETRY. dag_id=etl_***, task_id=transform, execution_date=20241108T000000, start_date=20251217T045327, end_date=20251217T045328
[2025-12-17T04:53:28.516+0000] {standard_task_runner.py:107} ERROR - Failed to execute job 1243 for task transform (transform_data() missing 1 required positional argument: 'df'; 4314)
[2025-12-17T04:53:28.540+0000] {local_task_job_runner.py:234} INFO - Task exited with return code 1
[2025-12-17T04:53:28.575+0000] {taskinstance.py:3280} INFO - 0 downstream tasks scheduled from follow-on schedule check
[2025-12-17T07:58:39.188+0000] {taskinstance.py:1956} INFO - Dependencies all met for dep_context=non-requeueable deps ti=<TaskInstance: etl_airflow.transform scheduled__2024-11-08T00:00:00+00:00 [queued]>
[2025-12-17T07:58:39.209+0000] {taskinstance.py:1956} INFO - Dependencies all met for dep_context=requeueable deps ti=<TaskInstance: etl_airflow.transform scheduled__2024-11-08T00:00:00+00:00 [queued]>
[2025-12-17T07:58:39.211+0000] {taskinstance.py:2170} INFO - Starting attempt 1 of 3
[2025-12-17T07:58:39.242+0000] {taskinstance.py:2191} INFO - Executing <Task(PythonOperator): transform> on 2024-11-08 00:00:00+00:00
[2025-12-17T07:58:39.255+0000] {standard_task_runner.py:60} INFO - Started process 4411 to run task
[2025-12-17T07:58:39.265+0000] {standard_task_runner.py:87} INFO - Running: ['***', 'tasks', 'run', 'etl_***', 'transform', 'scheduled__2024-11-08T00:00:00+00:00', '--job-id', '1246', '--raw', '--subdir', 'DAGS_FOLDER/etl_***.py', '--cfg-path', '/tmp/tmpgelqa1hg']
[2025-12-17T07:58:39.271+0000] {standard_task_runner.py:88} INFO - Job 1246: Subtask transform
[2025-12-17T07:58:39.455+0000] {task_command.py:423} INFO - Running <TaskInstance: etl_airflow.transform scheduled__2024-11-08T00:00:00+00:00 [running]> on host 2a0de06c8905
[2025-12-17T07:58:40.217+0000] {taskinstance.py:2480} INFO - Exporting env vars: AIRFLOW_CTX_DAG_OWNER='***' AIRFLOW_CTX_DAG_ID='etl_***' AIRFLOW_CTX_TASK_ID='transform' AIRFLOW_CTX_EXECUTION_DATE='2024-11-08T00:00:00+00:00' AIRFLOW_CTX_TRY_NUMBER='1' AIRFLOW_CTX_DAG_RUN_ID='scheduled__2024-11-08T00:00:00+00:00'
[2025-12-17T07:58:40.221+0000] {taskinstance.py:2698} ERROR - Task failed with exception
Traceback (most recent call last):
  File "/home/airflow/.local/lib/python3.8/site-packages/airflow/models/taskinstance.py", line 433, in _execute_task
    result = execute_callable(context=context, **execute_callable_kwargs)
  File "/home/airflow/.local/lib/python3.8/site-packages/airflow/operators/python.py", line 199, in execute
    return_value = self.execute_callable()
  File "/home/airflow/.local/lib/python3.8/site-packages/airflow/operators/python.py", line 216, in execute_callable
    return self.python_callable(*self.op_args, **self.op_kwargs)
TypeError: transform_data() missing 1 required positional argument: 'df'
[2025-12-17T07:58:40.241+0000] {taskinstance.py:1138} INFO - Marking task as UP_FOR_RETRY. dag_id=etl_***, task_id=transform, execution_date=20241108T000000, start_date=20251217T075839, end_date=20251217T075840
[2025-12-17T07:58:40.269+0000] {standard_task_runner.py:107} ERROR - Failed to execute job 1246 for task transform (transform_data() missing 1 required positional argument: 'df'; 4411)
[2025-12-17T07:58:40.331+0000] {local_task_job_runner.py:234} INFO - Task exited with return code 1
[2025-12-17T07:58:40.378+0000] {taskinstance.py:3280} INFO - 0 downstream tasks scheduled from follow-on schedule check
