[2025-12-17T02:00:50.481+0000] {taskinstance.py:1956} INFO - Dependencies all met for dep_context=non-requeueable deps ti=<TaskInstance: etl_airflow.transform scheduled__2025-10-03T00:00:00+00:00 [queued]>
[2025-12-17T02:00:50.524+0000] {taskinstance.py:1956} INFO - Dependencies all met for dep_context=requeueable deps ti=<TaskInstance: etl_airflow.transform scheduled__2025-10-03T00:00:00+00:00 [queued]>
[2025-12-17T02:00:50.528+0000] {taskinstance.py:2170} INFO - Starting attempt 1 of 3
[2025-12-17T02:00:50.586+0000] {taskinstance.py:2191} INFO - Executing <Task(PythonOperator): transform> on 2025-10-03 00:00:00+00:00
[2025-12-17T02:00:50.599+0000] {standard_task_runner.py:60} INFO - Started process 6422 to run task
[2025-12-17T02:00:50.610+0000] {standard_task_runner.py:87} INFO - Running: ['***', 'tasks', 'run', 'etl_***', 'transform', 'scheduled__2025-10-03T00:00:00+00:00', '--job-id', '1959', '--raw', '--subdir', 'DAGS_FOLDER/etl_dag.py', '--cfg-path', '/tmp/tmpkikxza67']
[2025-12-17T02:00:50.618+0000] {standard_task_runner.py:88} INFO - Job 1959: Subtask transform
[2025-12-17T02:00:50.855+0000] {task_command.py:423} INFO - Running <TaskInstance: etl_airflow.transform scheduled__2025-10-03T00:00:00+00:00 [running]> on host 571e042550da
[2025-12-17T02:00:51.461+0000] {taskinstance.py:2480} INFO - Exporting env vars: AIRFLOW_CTX_DAG_OWNER='***' AIRFLOW_CTX_DAG_ID='etl_***' AIRFLOW_CTX_TASK_ID='transform' AIRFLOW_CTX_EXECUTION_DATE='2025-10-03T00:00:00+00:00' AIRFLOW_CTX_TRY_NUMBER='1' AIRFLOW_CTX_DAG_RUN_ID='scheduled__2025-10-03T00:00:00+00:00'
[2025-12-17T02:00:51.465+0000] {logging_mixin.py:188} INFO - [TRANSFORM]
[2025-12-17T02:00:51.524+0000] {logging_mixin.py:188} INFO - [TRANSFORM] done
[2025-12-17T02:00:51.528+0000] {python.py:201} INFO - Done. Returned value was: None
[2025-12-17T02:00:51.567+0000] {taskinstance.py:1138} INFO - Marking task as SUCCESS. dag_id=etl_***, task_id=transform, execution_date=20251003T000000, start_date=20251217T020050, end_date=20251217T020051
[2025-12-17T02:00:51.697+0000] {local_task_job_runner.py:234} INFO - Task exited with return code 0
[2025-12-17T02:00:51.976+0000] {taskinstance.py:3280} INFO - 0 downstream tasks scheduled from follow-on schedule check
[2025-12-17T05:05:26.888+0000] {taskinstance.py:1956} INFO - Dependencies all met for dep_context=non-requeueable deps ti=<TaskInstance: etl_airflow.transform scheduled__2025-10-03T00:00:00+00:00 [queued]>
[2025-12-17T05:05:26.905+0000] {taskinstance.py:1956} INFO - Dependencies all met for dep_context=requeueable deps ti=<TaskInstance: etl_airflow.transform scheduled__2025-10-03T00:00:00+00:00 [queued]>
[2025-12-17T05:05:26.906+0000] {taskinstance.py:2170} INFO - Starting attempt 1 of 3
[2025-12-17T05:05:26.930+0000] {taskinstance.py:2191} INFO - Executing <Task(PythonOperator): transform> on 2025-10-03 00:00:00+00:00
[2025-12-17T05:05:26.939+0000] {standard_task_runner.py:60} INFO - Started process 8709 to run task
[2025-12-17T05:05:26.944+0000] {standard_task_runner.py:87} INFO - Running: ['***', 'tasks', 'run', 'etl_***', 'transform', 'scheduled__2025-10-03T00:00:00+00:00', '--job-id', '2574', '--raw', '--subdir', 'DAGS_FOLDER/etl_***.py', '--cfg-path', '/tmp/tmprkumsc5w']
[2025-12-17T05:05:26.947+0000] {standard_task_runner.py:88} INFO - Job 2574: Subtask transform
[2025-12-17T05:05:27.070+0000] {task_command.py:423} INFO - Running <TaskInstance: etl_airflow.transform scheduled__2025-10-03T00:00:00+00:00 [running]> on host b3426f05ac70
[2025-12-17T05:05:27.603+0000] {taskinstance.py:2480} INFO - Exporting env vars: AIRFLOW_CTX_DAG_OWNER='***' AIRFLOW_CTX_DAG_ID='etl_***' AIRFLOW_CTX_TASK_ID='transform' AIRFLOW_CTX_EXECUTION_DATE='2025-10-03T00:00:00+00:00' AIRFLOW_CTX_TRY_NUMBER='1' AIRFLOW_CTX_DAG_RUN_ID='scheduled__2025-10-03T00:00:00+00:00'
[2025-12-17T05:05:27.612+0000] {taskinstance.py:2698} ERROR - Task failed with exception
Traceback (most recent call last):
  File "/home/airflow/.local/lib/python3.8/site-packages/airflow/models/taskinstance.py", line 433, in _execute_task
    result = execute_callable(context=context, **execute_callable_kwargs)
  File "/home/airflow/.local/lib/python3.8/site-packages/airflow/operators/python.py", line 199, in execute
    return_value = self.execute_callable()
  File "/home/airflow/.local/lib/python3.8/site-packages/airflow/operators/python.py", line 216, in execute_callable
    return self.python_callable(*self.op_args, **self.op_kwargs)
TypeError: transform_data() missing 1 required positional argument: 'df'
[2025-12-17T05:05:27.679+0000] {taskinstance.py:1138} INFO - Marking task as UP_FOR_RETRY. dag_id=etl_***, task_id=transform, execution_date=20251003T000000, start_date=20251217T050526, end_date=20251217T050527
[2025-12-17T05:05:27.922+0000] {standard_task_runner.py:107} ERROR - Failed to execute job 2574 for task transform (transform_data() missing 1 required positional argument: 'df'; 8709)
[2025-12-17T05:05:27.978+0000] {local_task_job_runner.py:234} INFO - Task exited with return code 1
[2025-12-17T05:05:28.377+0000] {taskinstance.py:3280} INFO - 0 downstream tasks scheduled from follow-on schedule check
