[2025-12-16T17:21:39.470+0000] {taskinstance.py:1956} INFO - Dependencies all met for dep_context=non-requeueable deps ti=<TaskInstance: etl_airflow.transform scheduled__2024-02-08T00:00:00+00:00 [queued]>
[2025-12-16T17:21:39.513+0000] {taskinstance.py:1956} INFO - Dependencies all met for dep_context=requeueable deps ti=<TaskInstance: etl_airflow.transform scheduled__2024-02-08T00:00:00+00:00 [queued]>
[2025-12-16T17:21:39.515+0000] {taskinstance.py:2170} INFO - Starting attempt 3 of 5
[2025-12-16T17:21:39.551+0000] {taskinstance.py:2191} INFO - Executing <Task(PythonOperator): transform> on 2024-02-08 00:00:00+00:00
[2025-12-16T17:21:39.568+0000] {standard_task_runner.py:60} INFO - Started process 5895 to run task
[2025-12-16T17:21:39.580+0000] {standard_task_runner.py:87} INFO - Running: ['***', 'tasks', 'run', 'etl_***', 'transform', 'scheduled__2024-02-08T00:00:00+00:00', '--job-id', '5947', '--raw', '--subdir', 'DAGS_FOLDER/etl_dag.py', '--cfg-path', '/tmp/tmpoxcavwqq']
[2025-12-16T17:21:39.585+0000] {standard_task_runner.py:88} INFO - Job 5947: Subtask transform
[2025-12-16T17:21:39.798+0000] {task_command.py:423} INFO - Running <TaskInstance: etl_airflow.transform scheduled__2024-02-08T00:00:00+00:00 [running]> on host 3b89cfee50e9
[2025-12-16T17:21:40.033+0000] {taskinstance.py:2480} INFO - Exporting env vars: AIRFLOW_CTX_DAG_OWNER='***' AIRFLOW_CTX_DAG_ID='etl_***' AIRFLOW_CTX_TASK_ID='transform' AIRFLOW_CTX_EXECUTION_DATE='2024-02-08T00:00:00+00:00' AIRFLOW_CTX_TRY_NUMBER='3' AIRFLOW_CTX_DAG_RUN_ID='scheduled__2024-02-08T00:00:00+00:00'
[2025-12-16T17:21:40.041+0000] {logging_mixin.py:188} INFO - [TRANSFORM]
[2025-12-16T17:21:40.450+0000] {logging_mixin.py:188} INFO - [TRANSFORM] done
[2025-12-16T17:21:40.452+0000] {python.py:201} INFO - Done. Returned value was: None
[2025-12-16T17:21:40.473+0000] {taskinstance.py:1138} INFO - Marking task as SUCCESS. dag_id=etl_***, task_id=transform, execution_date=20240208T000000, start_date=20251216T172139, end_date=20251216T172140
[2025-12-16T17:21:40.597+0000] {local_task_job_runner.py:234} INFO - Task exited with return code 0
[2025-12-16T17:21:40.660+0000] {taskinstance.py:3280} INFO - 1 downstream tasks scheduled from follow-on schedule check
[2025-12-17T04:43:58.517+0000] {taskinstance.py:1956} INFO - Dependencies all met for dep_context=non-requeueable deps ti=<TaskInstance: etl_airflow.transform scheduled__2024-02-08T00:00:00+00:00 [queued]>
[2025-12-17T04:43:58.533+0000] {taskinstance.py:1956} INFO - Dependencies all met for dep_context=requeueable deps ti=<TaskInstance: etl_airflow.transform scheduled__2024-02-08T00:00:00+00:00 [queued]>
[2025-12-17T04:43:58.534+0000] {taskinstance.py:2170} INFO - Starting attempt 3 of 3
[2025-12-17T04:43:58.556+0000] {taskinstance.py:2191} INFO - Executing <Task(PythonOperator): transform> on 2024-02-08 00:00:00+00:00
[2025-12-17T04:43:58.565+0000] {standard_task_runner.py:60} INFO - Started process 831 to run task
[2025-12-17T04:43:58.574+0000] {standard_task_runner.py:87} INFO - Running: ['***', 'tasks', 'run', 'etl_***', 'transform', 'scheduled__2024-02-08T00:00:00+00:00', '--job-id', '182', '--raw', '--subdir', 'DAGS_FOLDER/etl_***.py', '--cfg-path', '/tmp/tmpekdjx9ry']
[2025-12-17T04:43:58.580+0000] {standard_task_runner.py:88} INFO - Job 182: Subtask transform
[2025-12-17T04:43:58.686+0000] {task_command.py:423} INFO - Running <TaskInstance: etl_airflow.transform scheduled__2024-02-08T00:00:00+00:00 [running]> on host b3426f05ac70
[2025-12-17T04:43:59.070+0000] {taskinstance.py:2480} INFO - Exporting env vars: AIRFLOW_CTX_DAG_OWNER='***' AIRFLOW_CTX_DAG_ID='etl_***' AIRFLOW_CTX_TASK_ID='transform' AIRFLOW_CTX_EXECUTION_DATE='2024-02-08T00:00:00+00:00' AIRFLOW_CTX_TRY_NUMBER='3' AIRFLOW_CTX_DAG_RUN_ID='scheduled__2024-02-08T00:00:00+00:00'
[2025-12-17T04:43:59.072+0000] {taskinstance.py:2698} ERROR - Task failed with exception
Traceback (most recent call last):
  File "/home/airflow/.local/lib/python3.8/site-packages/airflow/models/taskinstance.py", line 433, in _execute_task
    result = execute_callable(context=context, **execute_callable_kwargs)
  File "/home/airflow/.local/lib/python3.8/site-packages/airflow/operators/python.py", line 199, in execute
    return_value = self.execute_callable()
  File "/home/airflow/.local/lib/python3.8/site-packages/airflow/operators/python.py", line 216, in execute_callable
    return self.python_callable(*self.op_args, **self.op_kwargs)
TypeError: transform_data() missing 1 required positional argument: 'df'
[2025-12-17T04:43:59.086+0000] {taskinstance.py:1138} INFO - Marking task as FAILED. dag_id=etl_***, task_id=transform, execution_date=20240208T000000, start_date=20251217T044358, end_date=20251217T044359
[2025-12-17T04:43:59.110+0000] {standard_task_runner.py:107} ERROR - Failed to execute job 182 for task transform (transform_data() missing 1 required positional argument: 'df'; 831)
[2025-12-17T04:43:59.149+0000] {local_task_job_runner.py:234} INFO - Task exited with return code 1
[2025-12-17T04:43:59.198+0000] {taskinstance.py:3280} INFO - 0 downstream tasks scheduled from follow-on schedule check
[2025-12-17T07:37:09.903+0000] {taskinstance.py:1956} INFO - Dependencies all met for dep_context=non-requeueable deps ti=<TaskInstance: etl_airflow.transform scheduled__2024-02-08T00:00:00+00:00 [queued]>
[2025-12-17T07:37:09.933+0000] {taskinstance.py:1956} INFO - Dependencies all met for dep_context=requeueable deps ti=<TaskInstance: etl_airflow.transform scheduled__2024-02-08T00:00:00+00:00 [queued]>
[2025-12-17T07:37:09.935+0000] {taskinstance.py:2170} INFO - Starting attempt 3 of 3
[2025-12-17T07:37:09.969+0000] {taskinstance.py:2191} INFO - Executing <Task(PythonOperator): transform> on 2024-02-08 00:00:00+00:00
[2025-12-17T07:37:09.980+0000] {standard_task_runner.py:60} INFO - Started process 891 to run task
[2025-12-17T07:37:09.986+0000] {standard_task_runner.py:87} INFO - Running: ['***', 'tasks', 'run', 'etl_***', 'transform', 'scheduled__2024-02-08T00:00:00+00:00', '--job-id', '184', '--raw', '--subdir', 'DAGS_FOLDER/etl_***.py', '--cfg-path', '/tmp/tmpd_izsky2']
[2025-12-17T07:37:09.992+0000] {standard_task_runner.py:88} INFO - Job 184: Subtask transform
[2025-12-17T07:37:10.158+0000] {task_command.py:423} INFO - Running <TaskInstance: etl_airflow.transform scheduled__2024-02-08T00:00:00+00:00 [running]> on host 2a0de06c8905
[2025-12-17T07:37:10.656+0000] {taskinstance.py:2480} INFO - Exporting env vars: AIRFLOW_CTX_DAG_OWNER='***' AIRFLOW_CTX_DAG_ID='etl_***' AIRFLOW_CTX_TASK_ID='transform' AIRFLOW_CTX_EXECUTION_DATE='2024-02-08T00:00:00+00:00' AIRFLOW_CTX_TRY_NUMBER='3' AIRFLOW_CTX_DAG_RUN_ID='scheduled__2024-02-08T00:00:00+00:00'
[2025-12-17T07:37:10.661+0000] {taskinstance.py:2698} ERROR - Task failed with exception
Traceback (most recent call last):
  File "/home/airflow/.local/lib/python3.8/site-packages/airflow/models/taskinstance.py", line 433, in _execute_task
    result = execute_callable(context=context, **execute_callable_kwargs)
  File "/home/airflow/.local/lib/python3.8/site-packages/airflow/operators/python.py", line 199, in execute
    return_value = self.execute_callable()
  File "/home/airflow/.local/lib/python3.8/site-packages/airflow/operators/python.py", line 216, in execute_callable
    return self.python_callable(*self.op_args, **self.op_kwargs)
TypeError: transform_data() missing 1 required positional argument: 'df'
[2025-12-17T07:37:10.679+0000] {taskinstance.py:1138} INFO - Marking task as FAILED. dag_id=etl_***, task_id=transform, execution_date=20240208T000000, start_date=20251217T073709, end_date=20251217T073710
[2025-12-17T07:37:10.944+0000] {standard_task_runner.py:107} ERROR - Failed to execute job 184 for task transform (transform_data() missing 1 required positional argument: 'df'; 891)
[2025-12-17T07:37:11.007+0000] {local_task_job_runner.py:234} INFO - Task exited with return code 1
[2025-12-17T07:37:11.278+0000] {taskinstance.py:3280} INFO - 0 downstream tasks scheduled from follow-on schedule check
