[2025-12-16T17:10:22.044+0000] {taskinstance.py:1956} INFO - Dependencies all met for dep_context=non-requeueable deps ti=<TaskInstance: etl_airflow.transform scheduled__2024-02-08T00:00:00+00:00 [queued]>
[2025-12-16T17:10:22.073+0000] {taskinstance.py:1956} INFO - Dependencies all met for dep_context=requeueable deps ti=<TaskInstance: etl_airflow.transform scheduled__2024-02-08T00:00:00+00:00 [queued]>
[2025-12-16T17:10:22.075+0000] {taskinstance.py:2170} INFO - Starting attempt 1 of 3
[2025-12-16T17:10:22.107+0000] {taskinstance.py:2191} INFO - Executing <Task(PythonOperator): transform> on 2024-02-08 00:00:00+00:00
[2025-12-16T17:10:22.125+0000] {standard_task_runner.py:60} INFO - Started process 735 to run task
[2025-12-16T17:10:22.141+0000] {standard_task_runner.py:87} INFO - Running: ['***', 'tasks', 'run', 'etl_***', 'transform', 'scheduled__2024-02-08T00:00:00+00:00', '--job-id', '3726', '--raw', '--subdir', 'DAGS_FOLDER/etl_dag.py', '--cfg-path', '/tmp/tmprxoespoj']
[2025-12-16T17:10:22.152+0000] {standard_task_runner.py:88} INFO - Job 3726: Subtask transform
[2025-12-16T17:10:22.352+0000] {task_command.py:423} INFO - Running <TaskInstance: etl_airflow.transform scheduled__2024-02-08T00:00:00+00:00 [running]> on host 3b89cfee50e9
[2025-12-16T17:10:22.582+0000] {taskinstance.py:2480} INFO - Exporting env vars: AIRFLOW_CTX_DAG_OWNER='***' AIRFLOW_CTX_DAG_ID='etl_***' AIRFLOW_CTX_TASK_ID='transform' AIRFLOW_CTX_EXECUTION_DATE='2024-02-08T00:00:00+00:00' AIRFLOW_CTX_TRY_NUMBER='1' AIRFLOW_CTX_DAG_RUN_ID='scheduled__2024-02-08T00:00:00+00:00'
[2025-12-16T17:10:22.584+0000] {logging_mixin.py:188} INFO - [TRANSFORM]
[2025-12-16T17:10:22.948+0000] {logging_mixin.py:188} INFO - [TRANSFORM] done
[2025-12-16T17:10:22.950+0000] {python.py:201} INFO - Done. Returned value was: None
[2025-12-16T17:10:22.981+0000] {taskinstance.py:1138} INFO - Marking task as SUCCESS. dag_id=etl_***, task_id=transform, execution_date=20240208T000000, start_date=20251216T171022, end_date=20251216T171022
[2025-12-16T17:10:23.094+0000] {local_task_job_runner.py:234} INFO - Task exited with return code 0
[2025-12-16T17:10:23.183+0000] {taskinstance.py:3280} INFO - 1 downstream tasks scheduled from follow-on schedule check
[2025-12-17T01:50:43.016+0000] {taskinstance.py:1956} INFO - Dependencies all met for dep_context=non-requeueable deps ti=<TaskInstance: etl_airflow.transform scheduled__2024-02-08T00:00:00+00:00 [queued]>
[2025-12-17T01:50:43.040+0000] {taskinstance.py:1956} INFO - Dependencies all met for dep_context=requeueable deps ti=<TaskInstance: etl_airflow.transform scheduled__2024-02-08T00:00:00+00:00 [queued]>
[2025-12-17T01:50:43.042+0000] {taskinstance.py:2170} INFO - Starting attempt 1 of 3
[2025-12-17T01:50:43.072+0000] {taskinstance.py:2191} INFO - Executing <Task(PythonOperator): transform> on 2024-02-08 00:00:00+00:00
[2025-12-17T01:50:43.084+0000] {standard_task_runner.py:60} INFO - Started process 584 to run task
[2025-12-17T01:50:43.093+0000] {standard_task_runner.py:87} INFO - Running: ['***', 'tasks', 'run', 'etl_***', 'transform', 'scheduled__2024-02-08T00:00:00+00:00', '--job-id', '121', '--raw', '--subdir', 'DAGS_FOLDER/etl_dag.py', '--cfg-path', '/tmp/tmpp_jmukct']
[2025-12-17T01:50:43.100+0000] {standard_task_runner.py:88} INFO - Job 121: Subtask transform
[2025-12-17T01:50:43.340+0000] {task_command.py:423} INFO - Running <TaskInstance: etl_airflow.transform scheduled__2024-02-08T00:00:00+00:00 [running]> on host 571e042550da
[2025-12-17T01:50:43.867+0000] {taskinstance.py:2480} INFO - Exporting env vars: AIRFLOW_CTX_DAG_OWNER='***' AIRFLOW_CTX_DAG_ID='etl_***' AIRFLOW_CTX_TASK_ID='transform' AIRFLOW_CTX_EXECUTION_DATE='2024-02-08T00:00:00+00:00' AIRFLOW_CTX_TRY_NUMBER='1' AIRFLOW_CTX_DAG_RUN_ID='scheduled__2024-02-08T00:00:00+00:00'
[2025-12-17T01:50:43.869+0000] {logging_mixin.py:188} INFO - [TRANSFORM]
[2025-12-17T01:50:43.902+0000] {logging_mixin.py:188} INFO - [TRANSFORM] done
[2025-12-17T01:50:43.903+0000] {python.py:201} INFO - Done. Returned value was: None
[2025-12-17T01:50:43.920+0000] {taskinstance.py:1138} INFO - Marking task as SUCCESS. dag_id=etl_***, task_id=transform, execution_date=20240208T000000, start_date=20251217T015043, end_date=20251217T015043
[2025-12-17T01:50:43.992+0000] {local_task_job_runner.py:234} INFO - Task exited with return code 0
[2025-12-17T01:50:44.036+0000] {taskinstance.py:3280} INFO - 1 downstream tasks scheduled from follow-on schedule check
[2025-12-17T04:43:34.798+0000] {taskinstance.py:1956} INFO - Dependencies all met for dep_context=non-requeueable deps ti=<TaskInstance: etl_airflow.transform scheduled__2024-02-08T00:00:00+00:00 [queued]>
[2025-12-17T04:43:34.822+0000] {taskinstance.py:1956} INFO - Dependencies all met for dep_context=requeueable deps ti=<TaskInstance: etl_airflow.transform scheduled__2024-02-08T00:00:00+00:00 [queued]>
[2025-12-17T04:43:34.823+0000] {taskinstance.py:2170} INFO - Starting attempt 1 of 3
[2025-12-17T04:43:34.882+0000] {taskinstance.py:2191} INFO - Executing <Task(PythonOperator): transform> on 2024-02-08 00:00:00+00:00
[2025-12-17T04:43:34.903+0000] {standard_task_runner.py:60} INFO - Started process 714 to run task
[2025-12-17T04:43:34.914+0000] {standard_task_runner.py:87} INFO - Running: ['***', 'tasks', 'run', 'etl_***', 'transform', 'scheduled__2024-02-08T00:00:00+00:00', '--job-id', '149', '--raw', '--subdir', 'DAGS_FOLDER/etl_***.py', '--cfg-path', '/tmp/tmpfwli06zr']
[2025-12-17T04:43:34.928+0000] {standard_task_runner.py:88} INFO - Job 149: Subtask transform
[2025-12-17T04:43:35.102+0000] {task_command.py:423} INFO - Running <TaskInstance: etl_airflow.transform scheduled__2024-02-08T00:00:00+00:00 [running]> on host b3426f05ac70
[2025-12-17T04:43:35.564+0000] {taskinstance.py:2480} INFO - Exporting env vars: AIRFLOW_CTX_DAG_OWNER='***' AIRFLOW_CTX_DAG_ID='etl_***' AIRFLOW_CTX_TASK_ID='transform' AIRFLOW_CTX_EXECUTION_DATE='2024-02-08T00:00:00+00:00' AIRFLOW_CTX_TRY_NUMBER='1' AIRFLOW_CTX_DAG_RUN_ID='scheduled__2024-02-08T00:00:00+00:00'
[2025-12-17T04:43:35.566+0000] {taskinstance.py:2698} ERROR - Task failed with exception
Traceback (most recent call last):
  File "/home/airflow/.local/lib/python3.8/site-packages/airflow/models/taskinstance.py", line 433, in _execute_task
    result = execute_callable(context=context, **execute_callable_kwargs)
  File "/home/airflow/.local/lib/python3.8/site-packages/airflow/operators/python.py", line 199, in execute
    return_value = self.execute_callable()
  File "/home/airflow/.local/lib/python3.8/site-packages/airflow/operators/python.py", line 216, in execute_callable
    return self.python_callable(*self.op_args, **self.op_kwargs)
TypeError: transform_data() missing 1 required positional argument: 'df'
[2025-12-17T04:43:35.587+0000] {taskinstance.py:1138} INFO - Marking task as UP_FOR_RETRY. dag_id=etl_***, task_id=transform, execution_date=20240208T000000, start_date=20251217T044334, end_date=20251217T044335
[2025-12-17T04:43:35.613+0000] {standard_task_runner.py:107} ERROR - Failed to execute job 149 for task transform (transform_data() missing 1 required positional argument: 'df'; 714)
[2025-12-17T04:43:35.654+0000] {local_task_job_runner.py:234} INFO - Task exited with return code 1
[2025-12-17T04:43:35.755+0000] {taskinstance.py:3280} INFO - 0 downstream tasks scheduled from follow-on schedule check
[2025-12-17T07:36:44.473+0000] {taskinstance.py:1956} INFO - Dependencies all met for dep_context=non-requeueable deps ti=<TaskInstance: etl_airflow.transform scheduled__2024-02-08T00:00:00+00:00 [queued]>
[2025-12-17T07:36:44.558+0000] {taskinstance.py:1956} INFO - Dependencies all met for dep_context=requeueable deps ti=<TaskInstance: etl_airflow.transform scheduled__2024-02-08T00:00:00+00:00 [queued]>
[2025-12-17T07:36:44.566+0000] {taskinstance.py:2170} INFO - Starting attempt 1 of 3
[2025-12-17T07:36:44.610+0000] {taskinstance.py:2191} INFO - Executing <Task(PythonOperator): transform> on 2024-02-08 00:00:00+00:00
[2025-12-17T07:36:44.649+0000] {standard_task_runner.py:60} INFO - Started process 775 to run task
[2025-12-17T07:36:44.658+0000] {standard_task_runner.py:87} INFO - Running: ['***', 'tasks', 'run', 'etl_***', 'transform', 'scheduled__2024-02-08T00:00:00+00:00', '--job-id', '149', '--raw', '--subdir', 'DAGS_FOLDER/etl_***.py', '--cfg-path', '/tmp/tmpb5gz4l30']
[2025-12-17T07:36:44.672+0000] {standard_task_runner.py:88} INFO - Job 149: Subtask transform
[2025-12-17T07:36:44.944+0000] {task_command.py:423} INFO - Running <TaskInstance: etl_airflow.transform scheduled__2024-02-08T00:00:00+00:00 [running]> on host 2a0de06c8905
[2025-12-17T07:36:45.902+0000] {taskinstance.py:2480} INFO - Exporting env vars: AIRFLOW_CTX_DAG_OWNER='***' AIRFLOW_CTX_DAG_ID='etl_***' AIRFLOW_CTX_TASK_ID='transform' AIRFLOW_CTX_EXECUTION_DATE='2024-02-08T00:00:00+00:00' AIRFLOW_CTX_TRY_NUMBER='1' AIRFLOW_CTX_DAG_RUN_ID='scheduled__2024-02-08T00:00:00+00:00'
[2025-12-17T07:36:45.909+0000] {taskinstance.py:2698} ERROR - Task failed with exception
Traceback (most recent call last):
  File "/home/airflow/.local/lib/python3.8/site-packages/airflow/models/taskinstance.py", line 433, in _execute_task
    result = execute_callable(context=context, **execute_callable_kwargs)
  File "/home/airflow/.local/lib/python3.8/site-packages/airflow/operators/python.py", line 199, in execute
    return_value = self.execute_callable()
  File "/home/airflow/.local/lib/python3.8/site-packages/airflow/operators/python.py", line 216, in execute_callable
    return self.python_callable(*self.op_args, **self.op_kwargs)
TypeError: transform_data() missing 1 required positional argument: 'df'
[2025-12-17T07:36:45.934+0000] {taskinstance.py:1138} INFO - Marking task as UP_FOR_RETRY. dag_id=etl_***, task_id=transform, execution_date=20240208T000000, start_date=20251217T073644, end_date=20251217T073645
[2025-12-17T07:36:45.960+0000] {standard_task_runner.py:107} ERROR - Failed to execute job 149 for task transform (transform_data() missing 1 required positional argument: 'df'; 775)
[2025-12-17T07:36:46.009+0000] {local_task_job_runner.py:234} INFO - Task exited with return code 1
[2025-12-17T07:36:46.076+0000] {taskinstance.py:3280} INFO - 0 downstream tasks scheduled from follow-on schedule check
