[2025-12-16T17:05:27.881+0000] {taskinstance.py:1956} INFO - Dependencies all met for dep_context=non-requeueable deps ti=<TaskInstance: etl_airflow.extract scheduled__2024-12-25T00:00:00+00:00 [queued]>
[2025-12-16T17:05:27.898+0000] {taskinstance.py:1956} INFO - Dependencies all met for dep_context=requeueable deps ti=<TaskInstance: etl_airflow.extract scheduled__2024-12-25T00:00:00+00:00 [queued]>
[2025-12-16T17:05:27.899+0000] {taskinstance.py:2170} INFO - Starting attempt 5 of 6
[2025-12-16T17:05:27.919+0000] {taskinstance.py:2191} INFO - Executing <Task(PythonOperator): extract> on 2024-12-25 00:00:00+00:00
[2025-12-16T17:05:27.927+0000] {standard_task_runner.py:60} INFO - Started process 806 to run task
[2025-12-16T17:05:27.935+0000] {standard_task_runner.py:87} INFO - Running: ['***', 'tasks', 'run', 'etl_***', 'extract', 'scheduled__2024-12-25T00:00:00+00:00', '--job-id', '3164', '--raw', '--subdir', 'DAGS_FOLDER/etl_dag.py', '--cfg-path', '/tmp/tmprcrdnfqr']
[2025-12-16T17:05:27.940+0000] {standard_task_runner.py:88} INFO - Job 3164: Subtask extract
[2025-12-16T17:05:28.048+0000] {task_command.py:423} INFO - Running <TaskInstance: etl_airflow.extract scheduled__2024-12-25T00:00:00+00:00 [running]> on host db658e834d9d
[2025-12-16T17:05:28.187+0000] {taskinstance.py:2480} INFO - Exporting env vars: AIRFLOW_CTX_DAG_OWNER='***' AIRFLOW_CTX_DAG_ID='etl_***' AIRFLOW_CTX_TASK_ID='extract' AIRFLOW_CTX_EXECUTION_DATE='2024-12-25T00:00:00+00:00' AIRFLOW_CTX_TRY_NUMBER='5' AIRFLOW_CTX_DAG_RUN_ID='scheduled__2024-12-25T00:00:00+00:00'
[2025-12-16T17:05:28.190+0000] {logging_mixin.py:188} INFO - [EXTRACT] E:\GPP\Task_4\comparative-data-orchestrationirflow\data\synthetic_events.csv
[2025-12-16T17:05:28.193+0000] {taskinstance.py:2698} ERROR - Task failed with exception
Traceback (most recent call last):
  File "/home/airflow/.local/lib/python3.8/site-packages/airflow/models/taskinstance.py", line 433, in _execute_task
    result = execute_callable(context=context, **execute_callable_kwargs)
  File "/home/airflow/.local/lib/python3.8/site-packages/airflow/operators/python.py", line 199, in execute
    return_value = self.execute_callable()
  File "/home/airflow/.local/lib/python3.8/site-packages/airflow/operators/python.py", line 216, in execute_callable
    return self.python_callable(*self.op_args, **self.op_kwargs)
  File "/opt/airflow/etl_logic/pipeline.py", line 100, in extract_data
    raise FileNotFoundError(f"{input_path} not found")
FileNotFoundError: E:\GPP\Task_4\comparative-data-orchestrationirflow\data\synthetic_events.csv not found
[2025-12-16T17:05:28.223+0000] {taskinstance.py:1138} INFO - Marking task as UP_FOR_RETRY. dag_id=etl_***, task_id=extract, execution_date=20241225T000000, start_date=20251216T170527, end_date=20251216T170528
[2025-12-16T17:05:28.241+0000] {standard_task_runner.py:107} ERROR - Failed to execute job 3164 for task extract (E:\GPP\Task_4\comparative-data-orchestrationirflow\data\synthetic_events.csv not found; 806)
[2025-12-16T17:05:28.269+0000] {local_task_job_runner.py:234} INFO - Task exited with return code 1
[2025-12-16T17:05:28.307+0000] {taskinstance.py:3280} INFO - 0 downstream tasks scheduled from follow-on schedule check
