[2025-12-16T16:43:23.149+0000] {taskinstance.py:1956} INFO - Dependencies all met for dep_context=non-requeueable deps ti=<TaskInstance: etl_airflow.extract scheduled__2024-12-23T00:00:00+00:00 [queued]>
[2025-12-16T16:43:23.179+0000] {taskinstance.py:1956} INFO - Dependencies all met for dep_context=requeueable deps ti=<TaskInstance: etl_airflow.extract scheduled__2024-12-23T00:00:00+00:00 [queued]>
[2025-12-16T16:43:23.180+0000] {taskinstance.py:2170} INFO - Starting attempt 1 of 3
[2025-12-16T16:43:23.410+0000] {taskinstance.py:2191} INFO - Executing <Task(PythonOperator): extract> on 2024-12-23 00:00:00+00:00
[2025-12-16T16:43:23.425+0000] {standard_task_runner.py:60} INFO - Started process 813 to run task
[2025-12-16T16:43:23.437+0000] {standard_task_runner.py:87} INFO - Running: ['***', 'tasks', 'run', 'etl_***', 'extract', 'scheduled__2024-12-23T00:00:00+00:00', '--job-id', '1066', '--raw', '--subdir', 'DAGS_FOLDER/etl_dag.py', '--cfg-path', '/tmp/tmp98_j7d55']
[2025-12-16T16:43:23.443+0000] {standard_task_runner.py:88} INFO - Job 1066: Subtask extract
[2025-12-16T16:43:23.643+0000] {task_command.py:423} INFO - Running <TaskInstance: etl_airflow.extract scheduled__2024-12-23T00:00:00+00:00 [running]> on host db658e834d9d
[2025-12-16T16:43:23.886+0000] {taskinstance.py:2480} INFO - Exporting env vars: AIRFLOW_CTX_DAG_OWNER='***' AIRFLOW_CTX_DAG_ID='etl_***' AIRFLOW_CTX_TASK_ID='extract' AIRFLOW_CTX_EXECUTION_DATE='2024-12-23T00:00:00+00:00' AIRFLOW_CTX_TRY_NUMBER='1' AIRFLOW_CTX_DAG_RUN_ID='scheduled__2024-12-23T00:00:00+00:00'
[2025-12-16T16:43:23.894+0000] {logging_mixin.py:188} INFO - Extracting data from /opt/***/data/input.csv
[2025-12-16T16:43:23.902+0000] {taskinstance.py:2698} ERROR - Task failed with exception
Traceback (most recent call last):
  File "/home/airflow/.local/lib/python3.8/site-packages/airflow/models/taskinstance.py", line 433, in _execute_task
    result = execute_callable(context=context, **execute_callable_kwargs)
  File "/home/airflow/.local/lib/python3.8/site-packages/airflow/operators/python.py", line 199, in execute
    return_value = self.execute_callable()
  File "/home/airflow/.local/lib/python3.8/site-packages/airflow/operators/python.py", line 216, in execute_callable
    return self.python_callable(*self.op_args, **self.op_kwargs)
  File "/opt/airflow/etl_logic/pipeline.py", line 97, in extract_data
    df = pd.read_csv(input_path)
  File "/home/airflow/.local/lib/python3.8/site-packages/pandas/io/parsers/readers.py", line 912, in read_csv
    return _read(filepath_or_buffer, kwds)
  File "/home/airflow/.local/lib/python3.8/site-packages/pandas/io/parsers/readers.py", line 577, in _read
    parser = TextFileReader(filepath_or_buffer, **kwds)
  File "/home/airflow/.local/lib/python3.8/site-packages/pandas/io/parsers/readers.py", line 1407, in __init__
    self._engine = self._make_engine(f, self.engine)
  File "/home/airflow/.local/lib/python3.8/site-packages/pandas/io/parsers/readers.py", line 1661, in _make_engine
    self.handles = get_handle(
  File "/home/airflow/.local/lib/python3.8/site-packages/pandas/io/common.py", line 859, in get_handle
    handle = open(
FileNotFoundError: [Errno 2] No such file or directory: '/opt/airflow/data/input.csv'
[2025-12-16T16:43:23.934+0000] {taskinstance.py:1138} INFO - Marking task as UP_FOR_RETRY. dag_id=etl_***, task_id=extract, execution_date=20241223T000000, start_date=20251216T164323, end_date=20251216T164323
[2025-12-16T16:43:23.968+0000] {standard_task_runner.py:107} ERROR - Failed to execute job 1066 for task extract ([Errno 2] No such file or directory: '/opt/airflow/data/input.csv'; 813)
[2025-12-16T16:43:24.015+0000] {local_task_job_runner.py:234} INFO - Task exited with return code 1
[2025-12-16T16:43:24.086+0000] {taskinstance.py:3280} INFO - 0 downstream tasks scheduled from follow-on schedule check
[2025-12-17T01:56:25.794+0000] {taskinstance.py:1956} INFO - Dependencies all met for dep_context=non-requeueable deps ti=<TaskInstance: etl_airflow.extract scheduled__2024-12-23T00:00:00+00:00 [queued]>
[2025-12-17T01:56:25.812+0000] {taskinstance.py:1956} INFO - Dependencies all met for dep_context=requeueable deps ti=<TaskInstance: etl_airflow.extract scheduled__2024-12-23T00:00:00+00:00 [queued]>
[2025-12-17T01:56:25.814+0000] {taskinstance.py:2170} INFO - Starting attempt 1 of 3
[2025-12-17T01:56:25.840+0000] {taskinstance.py:2191} INFO - Executing <Task(PythonOperator): extract> on 2024-12-23 00:00:00+00:00
[2025-12-17T01:56:25.851+0000] {standard_task_runner.py:60} INFO - Started process 3666 to run task
[2025-12-17T01:56:25.856+0000] {standard_task_runner.py:87} INFO - Running: ['***', 'tasks', 'run', 'etl_***', 'extract', 'scheduled__2024-12-23T00:00:00+00:00', '--job-id', '1088', '--raw', '--subdir', 'DAGS_FOLDER/etl_dag.py', '--cfg-path', '/tmp/tmpnn6x364m']
[2025-12-17T01:56:25.860+0000] {standard_task_runner.py:88} INFO - Job 1088: Subtask extract
[2025-12-17T01:56:26.005+0000] {task_command.py:423} INFO - Running <TaskInstance: etl_airflow.extract scheduled__2024-12-23T00:00:00+00:00 [running]> on host 571e042550da
[2025-12-17T01:56:26.452+0000] {taskinstance.py:2480} INFO - Exporting env vars: AIRFLOW_CTX_DAG_OWNER='***' AIRFLOW_CTX_DAG_ID='etl_***' AIRFLOW_CTX_TASK_ID='extract' AIRFLOW_CTX_EXECUTION_DATE='2024-12-23T00:00:00+00:00' AIRFLOW_CTX_TRY_NUMBER='1' AIRFLOW_CTX_DAG_RUN_ID='scheduled__2024-12-23T00:00:00+00:00'
[2025-12-17T01:56:26.455+0000] {logging_mixin.py:188} INFO - [EXTRACT] Reading /opt/***/data/synthetic_events.csv
[2025-12-17T01:56:26.491+0000] {logging_mixin.py:188} INFO - [EXTRACT] done
[2025-12-17T01:56:26.492+0000] {python.py:201} INFO - Done. Returned value was: None
[2025-12-17T01:56:26.509+0000] {taskinstance.py:1138} INFO - Marking task as SUCCESS. dag_id=etl_***, task_id=extract, execution_date=20241223T000000, start_date=20251217T015625, end_date=20251217T015626
[2025-12-17T01:56:26.638+0000] {local_task_job_runner.py:234} INFO - Task exited with return code 0
[2025-12-17T01:56:26.688+0000] {taskinstance.py:3280} INFO - 1 downstream tasks scheduled from follow-on schedule check
[2025-12-17T04:55:11.342+0000] {taskinstance.py:1956} INFO - Dependencies all met for dep_context=non-requeueable deps ti=<TaskInstance: etl_airflow.extract scheduled__2024-12-23T00:00:00+00:00 [queued]>
[2025-12-17T04:55:11.355+0000] {taskinstance.py:1956} INFO - Dependencies all met for dep_context=requeueable deps ti=<TaskInstance: etl_airflow.extract scheduled__2024-12-23T00:00:00+00:00 [queued]>
[2025-12-17T04:55:11.356+0000] {taskinstance.py:2170} INFO - Starting attempt 1 of 3
[2025-12-17T04:55:11.420+0000] {taskinstance.py:2191} INFO - Executing <Task(PythonOperator): extract> on 2024-12-23 00:00:00+00:00
[2025-12-17T04:55:11.431+0000] {standard_task_runner.py:60} INFO - Started process 4892 to run task
[2025-12-17T04:55:11.438+0000] {standard_task_runner.py:87} INFO - Running: ['***', 'tasks', 'run', 'etl_***', 'extract', 'scheduled__2024-12-23T00:00:00+00:00', '--job-id', '1415', '--raw', '--subdir', 'DAGS_FOLDER/etl_***.py', '--cfg-path', '/tmp/tmpgz4h9cv4']
[2025-12-17T04:55:11.442+0000] {standard_task_runner.py:88} INFO - Job 1415: Subtask extract
[2025-12-17T04:55:11.550+0000] {task_command.py:423} INFO - Running <TaskInstance: etl_airflow.extract scheduled__2024-12-23T00:00:00+00:00 [running]> on host b3426f05ac70
[2025-12-17T04:55:11.878+0000] {taskinstance.py:2480} INFO - Exporting env vars: AIRFLOW_CTX_DAG_OWNER='***' AIRFLOW_CTX_DAG_ID='etl_***' AIRFLOW_CTX_TASK_ID='extract' AIRFLOW_CTX_EXECUTION_DATE='2024-12-23T00:00:00+00:00' AIRFLOW_CTX_TRY_NUMBER='1' AIRFLOW_CTX_DAG_RUN_ID='scheduled__2024-12-23T00:00:00+00:00'
[2025-12-17T04:55:11.900+0000] {python.py:201} INFO - Done. Returned value was:    user_id event_type           timestamp country
0        1      login 2025-01-01 09:00:00      IN
1        1      click 2025-01-01 09:05:00      IN
2        1     logout 2025-01-01 09:15:00      IN
3        2      login 2025-01-01 10:00:00      US
4        2      click 2025-01-01 10:10:00      US
5        2     logout 2025-01-01 10:20:00      US
6        3      login 2025-01-02 08:00:00      FR
7        3      click 2025-01-02 08:05:00      FR
8        3     logout 2025-01-02 08:30:00      FR
[2025-12-17T04:55:11.963+0000] {taskinstance.py:1138} INFO - Marking task as SUCCESS. dag_id=etl_***, task_id=extract, execution_date=20241223T000000, start_date=20251217T045511, end_date=20251217T045511
[2025-12-17T04:55:12.019+0000] {local_task_job_runner.py:234} INFO - Task exited with return code 0
[2025-12-17T04:55:12.065+0000] {taskinstance.py:3280} INFO - 1 downstream tasks scheduled from follow-on schedule check
[2025-12-17T08:00:32.745+0000] {taskinstance.py:1956} INFO - Dependencies all met for dep_context=non-requeueable deps ti=<TaskInstance: etl_airflow.extract scheduled__2024-12-23T00:00:00+00:00 [queued]>
[2025-12-17T08:00:32.801+0000] {taskinstance.py:1956} INFO - Dependencies all met for dep_context=requeueable deps ti=<TaskInstance: etl_airflow.extract scheduled__2024-12-23T00:00:00+00:00 [queued]>
[2025-12-17T08:00:32.811+0000] {taskinstance.py:2170} INFO - Starting attempt 1 of 3
[2025-12-17T08:00:32.866+0000] {taskinstance.py:2191} INFO - Executing <Task(PythonOperator): extract> on 2024-12-23 00:00:00+00:00
[2025-12-17T08:00:32.877+0000] {standard_task_runner.py:60} INFO - Started process 5003 to run task
[2025-12-17T08:00:32.885+0000] {standard_task_runner.py:87} INFO - Running: ['***', 'tasks', 'run', 'etl_***', 'extract', 'scheduled__2024-12-23T00:00:00+00:00', '--job-id', '1418', '--raw', '--subdir', 'DAGS_FOLDER/etl_***.py', '--cfg-path', '/tmp/tmpuxclu5fe']
[2025-12-17T08:00:32.891+0000] {standard_task_runner.py:88} INFO - Job 1418: Subtask extract
[2025-12-17T08:00:33.140+0000] {task_command.py:423} INFO - Running <TaskInstance: etl_airflow.extract scheduled__2024-12-23T00:00:00+00:00 [running]> on host 2a0de06c8905
[2025-12-17T08:00:33.855+0000] {taskinstance.py:2480} INFO - Exporting env vars: AIRFLOW_CTX_DAG_OWNER='***' AIRFLOW_CTX_DAG_ID='etl_***' AIRFLOW_CTX_TASK_ID='extract' AIRFLOW_CTX_EXECUTION_DATE='2024-12-23T00:00:00+00:00' AIRFLOW_CTX_TRY_NUMBER='1' AIRFLOW_CTX_DAG_RUN_ID='scheduled__2024-12-23T00:00:00+00:00'
[2025-12-17T08:00:33.937+0000] {python.py:201} INFO - Done. Returned value was:    user_id event_type           timestamp country
0        1      login 2025-01-01 09:00:00      IN
1        1      click 2025-01-01 09:05:00      IN
2        1     logout 2025-01-01 09:15:00      IN
3        2      login 2025-01-01 10:00:00      US
4        2      click 2025-01-01 10:10:00      US
5        2     logout 2025-01-01 10:20:00      US
6        3      login 2025-01-02 08:00:00      FR
7        3      click 2025-01-02 08:05:00      FR
8        3     logout 2025-01-02 08:30:00      FR
[2025-12-17T08:00:34.043+0000] {taskinstance.py:1138} INFO - Marking task as SUCCESS. dag_id=etl_***, task_id=extract, execution_date=20241223T000000, start_date=20251217T080032, end_date=20251217T080034
[2025-12-17T08:00:34.123+0000] {local_task_job_runner.py:234} INFO - Task exited with return code 0
[2025-12-17T08:00:34.343+0000] {taskinstance.py:3280} INFO - 1 downstream tasks scheduled from follow-on schedule check
