[2025-12-16T16:43:57.060+0000] {taskinstance.py:1956} INFO - Dependencies all met for dep_context=non-requeueable deps ti=<TaskInstance: etl_airflow.extract scheduled__2025-01-03T00:00:00+00:00 [queued]>
[2025-12-16T16:43:57.083+0000] {taskinstance.py:1956} INFO - Dependencies all met for dep_context=requeueable deps ti=<TaskInstance: etl_airflow.extract scheduled__2025-01-03T00:00:00+00:00 [queued]>
[2025-12-16T16:43:57.086+0000] {taskinstance.py:2170} INFO - Starting attempt 1 of 3
[2025-12-16T16:43:57.118+0000] {taskinstance.py:2191} INFO - Executing <Task(PythonOperator): extract> on 2025-01-03 00:00:00+00:00
[2025-12-16T16:43:57.131+0000] {standard_task_runner.py:60} INFO - Started process 960 to run task
[2025-12-16T16:43:57.142+0000] {standard_task_runner.py:87} INFO - Running: ['***', 'tasks', 'run', 'etl_***', 'extract', 'scheduled__2025-01-03T00:00:00+00:00', '--job-id', '1109', '--raw', '--subdir', 'DAGS_FOLDER/etl_dag.py', '--cfg-path', '/tmp/tmpxcwh_8nr']
[2025-12-16T16:43:57.149+0000] {standard_task_runner.py:88} INFO - Job 1109: Subtask extract
[2025-12-16T16:43:57.288+0000] {task_command.py:423} INFO - Running <TaskInstance: etl_airflow.extract scheduled__2025-01-03T00:00:00+00:00 [running]> on host db658e834d9d
[2025-12-16T16:43:57.459+0000] {taskinstance.py:2480} INFO - Exporting env vars: AIRFLOW_CTX_DAG_OWNER='***' AIRFLOW_CTX_DAG_ID='etl_***' AIRFLOW_CTX_TASK_ID='extract' AIRFLOW_CTX_EXECUTION_DATE='2025-01-03T00:00:00+00:00' AIRFLOW_CTX_TRY_NUMBER='1' AIRFLOW_CTX_DAG_RUN_ID='scheduled__2025-01-03T00:00:00+00:00'
[2025-12-16T16:43:57.464+0000] {logging_mixin.py:188} INFO - Extracting data from /opt/***/data/input.csv
[2025-12-16T16:43:57.472+0000] {taskinstance.py:2698} ERROR - Task failed with exception
Traceback (most recent call last):
  File "/home/airflow/.local/lib/python3.8/site-packages/airflow/models/taskinstance.py", line 433, in _execute_task
    result = execute_callable(context=context, **execute_callable_kwargs)
  File "/home/airflow/.local/lib/python3.8/site-packages/airflow/operators/python.py", line 199, in execute
    return_value = self.execute_callable()
  File "/home/airflow/.local/lib/python3.8/site-packages/airflow/operators/python.py", line 216, in execute_callable
    return self.python_callable(*self.op_args, **self.op_kwargs)
  File "/opt/airflow/etl_logic/pipeline.py", line 97, in extract_data
    df = pd.read_csv(input_path)
  File "/home/airflow/.local/lib/python3.8/site-packages/pandas/io/parsers/readers.py", line 912, in read_csv
    return _read(filepath_or_buffer, kwds)
  File "/home/airflow/.local/lib/python3.8/site-packages/pandas/io/parsers/readers.py", line 577, in _read
    parser = TextFileReader(filepath_or_buffer, **kwds)
  File "/home/airflow/.local/lib/python3.8/site-packages/pandas/io/parsers/readers.py", line 1407, in __init__
    self._engine = self._make_engine(f, self.engine)
  File "/home/airflow/.local/lib/python3.8/site-packages/pandas/io/parsers/readers.py", line 1661, in _make_engine
    self.handles = get_handle(
  File "/home/airflow/.local/lib/python3.8/site-packages/pandas/io/common.py", line 859, in get_handle
    handle = open(
FileNotFoundError: [Errno 2] No such file or directory: '/opt/airflow/data/input.csv'
[2025-12-16T16:43:57.500+0000] {taskinstance.py:1138} INFO - Marking task as UP_FOR_RETRY. dag_id=etl_***, task_id=extract, execution_date=20250103T000000, start_date=20251216T164357, end_date=20251216T164357
[2025-12-16T16:43:57.640+0000] {standard_task_runner.py:107} ERROR - Failed to execute job 1109 for task extract ([Errno 2] No such file or directory: '/opt/airflow/data/input.csv'; 960)
[2025-12-16T16:43:57.677+0000] {local_task_job_runner.py:234} INFO - Task exited with return code 1
[2025-12-16T16:43:57.722+0000] {taskinstance.py:3280} INFO - 0 downstream tasks scheduled from follow-on schedule check
[2025-12-17T01:56:36.190+0000] {taskinstance.py:1956} INFO - Dependencies all met for dep_context=non-requeueable deps ti=<TaskInstance: etl_airflow.extract scheduled__2025-01-03T00:00:00+00:00 [queued]>
[2025-12-17T01:56:36.210+0000] {taskinstance.py:1956} INFO - Dependencies all met for dep_context=requeueable deps ti=<TaskInstance: etl_airflow.extract scheduled__2025-01-03T00:00:00+00:00 [queued]>
[2025-12-17T01:56:36.211+0000] {taskinstance.py:2170} INFO - Starting attempt 1 of 3
[2025-12-17T01:56:36.307+0000] {taskinstance.py:2191} INFO - Executing <Task(PythonOperator): extract> on 2025-01-03 00:00:00+00:00
[2025-12-17T01:56:36.319+0000] {standard_task_runner.py:60} INFO - Started process 3776 to run task
[2025-12-17T01:56:36.326+0000] {standard_task_runner.py:87} INFO - Running: ['***', 'tasks', 'run', 'etl_***', 'extract', 'scheduled__2025-01-03T00:00:00+00:00', '--job-id', '1122', '--raw', '--subdir', 'DAGS_FOLDER/etl_dag.py', '--cfg-path', '/tmp/tmpvogocige']
[2025-12-17T01:56:36.331+0000] {standard_task_runner.py:88} INFO - Job 1122: Subtask extract
[2025-12-17T01:56:36.480+0000] {task_command.py:423} INFO - Running <TaskInstance: etl_airflow.extract scheduled__2025-01-03T00:00:00+00:00 [running]> on host 571e042550da
[2025-12-17T01:56:36.933+0000] {taskinstance.py:2480} INFO - Exporting env vars: AIRFLOW_CTX_DAG_OWNER='***' AIRFLOW_CTX_DAG_ID='etl_***' AIRFLOW_CTX_TASK_ID='extract' AIRFLOW_CTX_EXECUTION_DATE='2025-01-03T00:00:00+00:00' AIRFLOW_CTX_TRY_NUMBER='1' AIRFLOW_CTX_DAG_RUN_ID='scheduled__2025-01-03T00:00:00+00:00'
[2025-12-17T01:56:36.939+0000] {logging_mixin.py:188} INFO - [EXTRACT] Reading /opt/***/data/synthetic_events.csv
[2025-12-17T01:56:36.983+0000] {logging_mixin.py:188} INFO - [EXTRACT] done
[2025-12-17T01:56:36.984+0000] {python.py:201} INFO - Done. Returned value was: None
[2025-12-17T01:56:37.006+0000] {taskinstance.py:1138} INFO - Marking task as SUCCESS. dag_id=etl_***, task_id=extract, execution_date=20250103T000000, start_date=20251217T015636, end_date=20251217T015637
[2025-12-17T01:56:37.224+0000] {local_task_job_runner.py:234} INFO - Task exited with return code 0
[2025-12-17T01:56:37.275+0000] {taskinstance.py:3280} INFO - 1 downstream tasks scheduled from follow-on schedule check
[2025-12-17T04:55:45.968+0000] {taskinstance.py:1956} INFO - Dependencies all met for dep_context=non-requeueable deps ti=<TaskInstance: etl_airflow.extract scheduled__2025-01-03T00:00:00+00:00 [queued]>
[2025-12-17T04:55:45.991+0000] {taskinstance.py:1956} INFO - Dependencies all met for dep_context=requeueable deps ti=<TaskInstance: etl_airflow.extract scheduled__2025-01-03T00:00:00+00:00 [queued]>
[2025-12-17T04:55:45.993+0000] {taskinstance.py:2170} INFO - Starting attempt 1 of 3
[2025-12-17T04:55:46.034+0000] {taskinstance.py:2191} INFO - Executing <Task(PythonOperator): extract> on 2025-01-03 00:00:00+00:00
[2025-12-17T04:55:46.053+0000] {standard_task_runner.py:60} INFO - Started process 5084 to run task
[2025-12-17T04:55:46.066+0000] {standard_task_runner.py:87} INFO - Running: ['***', 'tasks', 'run', 'etl_***', 'extract', 'scheduled__2025-01-03T00:00:00+00:00', '--job-id', '1474', '--raw', '--subdir', 'DAGS_FOLDER/etl_***.py', '--cfg-path', '/tmp/tmpidnh18b8']
[2025-12-17T04:55:46.076+0000] {standard_task_runner.py:88} INFO - Job 1474: Subtask extract
[2025-12-17T04:55:46.222+0000] {task_command.py:423} INFO - Running <TaskInstance: etl_airflow.extract scheduled__2025-01-03T00:00:00+00:00 [running]> on host b3426f05ac70
[2025-12-17T04:55:46.536+0000] {taskinstance.py:2480} INFO - Exporting env vars: AIRFLOW_CTX_DAG_OWNER='***' AIRFLOW_CTX_DAG_ID='etl_***' AIRFLOW_CTX_TASK_ID='extract' AIRFLOW_CTX_EXECUTION_DATE='2025-01-03T00:00:00+00:00' AIRFLOW_CTX_TRY_NUMBER='1' AIRFLOW_CTX_DAG_RUN_ID='scheduled__2025-01-03T00:00:00+00:00'
[2025-12-17T04:55:46.561+0000] {python.py:201} INFO - Done. Returned value was:    user_id event_type           timestamp country
0        1      login 2025-01-01 09:00:00      IN
1        1      click 2025-01-01 09:05:00      IN
2        1     logout 2025-01-01 09:15:00      IN
3        2      login 2025-01-01 10:00:00      US
4        2      click 2025-01-01 10:10:00      US
5        2     logout 2025-01-01 10:20:00      US
6        3      login 2025-01-02 08:00:00      FR
7        3      click 2025-01-02 08:05:00      FR
8        3     logout 2025-01-02 08:30:00      FR
[2025-12-17T04:55:46.608+0000] {taskinstance.py:1138} INFO - Marking task as SUCCESS. dag_id=etl_***, task_id=extract, execution_date=20250103T000000, start_date=20251217T045545, end_date=20251217T045546
[2025-12-17T04:55:46.645+0000] {local_task_job_runner.py:234} INFO - Task exited with return code 0
[2025-12-17T04:55:46.731+0000] {taskinstance.py:3280} INFO - 1 downstream tasks scheduled from follow-on schedule check
[2025-12-17T08:01:13.308+0000] {taskinstance.py:1956} INFO - Dependencies all met for dep_context=non-requeueable deps ti=<TaskInstance: etl_airflow.extract scheduled__2025-01-03T00:00:00+00:00 [queued]>
[2025-12-17T08:01:13.333+0000] {taskinstance.py:1956} INFO - Dependencies all met for dep_context=requeueable deps ti=<TaskInstance: etl_airflow.extract scheduled__2025-01-03T00:00:00+00:00 [queued]>
[2025-12-17T08:01:13.339+0000] {taskinstance.py:2170} INFO - Starting attempt 1 of 3
[2025-12-17T08:01:13.371+0000] {taskinstance.py:2191} INFO - Executing <Task(PythonOperator): extract> on 2025-01-03 00:00:00+00:00
[2025-12-17T08:01:13.383+0000] {standard_task_runner.py:60} INFO - Started process 5190 to run task
[2025-12-17T08:01:13.389+0000] {standard_task_runner.py:87} INFO - Running: ['***', 'tasks', 'run', 'etl_***', 'extract', 'scheduled__2025-01-03T00:00:00+00:00', '--job-id', '1477', '--raw', '--subdir', 'DAGS_FOLDER/etl_***.py', '--cfg-path', '/tmp/tmpddfeju5l']
[2025-12-17T08:01:13.396+0000] {standard_task_runner.py:88} INFO - Job 1477: Subtask extract
[2025-12-17T08:01:13.577+0000] {task_command.py:423} INFO - Running <TaskInstance: etl_airflow.extract scheduled__2025-01-03T00:00:00+00:00 [running]> on host 2a0de06c8905
[2025-12-17T08:01:14.085+0000] {taskinstance.py:2480} INFO - Exporting env vars: AIRFLOW_CTX_DAG_OWNER='***' AIRFLOW_CTX_DAG_ID='etl_***' AIRFLOW_CTX_TASK_ID='extract' AIRFLOW_CTX_EXECUTION_DATE='2025-01-03T00:00:00+00:00' AIRFLOW_CTX_TRY_NUMBER='1' AIRFLOW_CTX_DAG_RUN_ID='scheduled__2025-01-03T00:00:00+00:00'
[2025-12-17T08:01:14.123+0000] {python.py:201} INFO - Done. Returned value was:    user_id event_type           timestamp country
0        1      login 2025-01-01 09:00:00      IN
1        1      click 2025-01-01 09:05:00      IN
2        1     logout 2025-01-01 09:15:00      IN
3        2      login 2025-01-01 10:00:00      US
4        2      click 2025-01-01 10:10:00      US
5        2     logout 2025-01-01 10:20:00      US
6        3      login 2025-01-02 08:00:00      FR
7        3      click 2025-01-02 08:05:00      FR
8        3     logout 2025-01-02 08:30:00      FR
[2025-12-17T08:01:14.211+0000] {taskinstance.py:1138} INFO - Marking task as SUCCESS. dag_id=etl_***, task_id=extract, execution_date=20250103T000000, start_date=20251217T080113, end_date=20251217T080114
[2025-12-17T08:01:14.369+0000] {local_task_job_runner.py:234} INFO - Task exited with return code 0
[2025-12-17T08:01:14.477+0000] {taskinstance.py:3280} INFO - 1 downstream tasks scheduled from follow-on schedule check
