[2025-12-16T17:12:16.269+0000] {taskinstance.py:1956} INFO - Dependencies all met for dep_context=non-requeueable deps ti=<TaskInstance: etl_airflow.load scheduled__2024-06-19T00:00:00+00:00 [queued]>
[2025-12-16T17:12:16.274+0000] {local_task_job_runner.py:121} ERROR - Received SIGTERM. Terminating subprocesses
[2025-12-16T17:12:16.292+0000] {local_task_job_runner.py:234} INFO - Task exited with return code 143
[2025-12-16T17:12:16.333+0000] {taskinstance.py:3280} INFO - 0 downstream tasks scheduled from follow-on schedule check
[2025-12-16T17:12:16.424+0000] {taskinstance.py:1956} INFO - Dependencies all met for dep_context=requeueable deps ti=<TaskInstance: etl_airflow.load scheduled__2024-06-19T00:00:00+00:00 [queued]>
[2025-12-16T17:12:16.429+0000] {taskinstance.py:2170} INFO - Starting attempt 1 of 3
[2025-12-16T17:12:16.465+0000] {taskinstance.py:2191} INFO - Executing <Task(PythonOperator): load> on 2024-06-19 00:00:00+00:00
[2025-12-16T17:12:16.495+0000] {standard_task_runner.py:60} INFO - Started process 2060 to run task
[2025-12-16T17:12:16.511+0000] {process_utils.py:131} INFO - Sending 15 to group 2060. PIDs of all processes in the group: [2060]
[2025-12-16T17:12:16.505+0000] {standard_task_runner.py:87} INFO - Running: ['***', 'tasks', 'run', 'etl_***', 'load', 'scheduled__2024-06-19T00:00:00+00:00', '--job-id', '4141', '--raw', '--subdir', 'DAGS_FOLDER/etl_dag.py', '--cfg-path', '/tmp/tmpry8s0618']
[2025-12-16T17:12:16.532+0000] {process_utils.py:86} INFO - Sending the signal 15 to group 2060
[2025-12-16T17:12:16.534+0000] {standard_task_runner.py:88} INFO - Job 4141: Subtask load
[2025-12-16T17:12:16.595+0000] {process_utils.py:79} INFO - Process psutil.Process(pid=2060, status='terminated', exitcode=<Negsignal.SIGTERM: -15>, started='17:12:15') (2060) terminated with exit code -15
[2025-12-17T01:53:15.000+0000] {taskinstance.py:1956} INFO - Dependencies all met for dep_context=non-requeueable deps ti=<TaskInstance: etl_airflow.load scheduled__2024-06-19T00:00:00+00:00 [queued]>
[2025-12-17T01:53:15.028+0000] {taskinstance.py:1956} INFO - Dependencies all met for dep_context=requeueable deps ti=<TaskInstance: etl_airflow.load scheduled__2024-06-19T00:00:00+00:00 [queued]>
[2025-12-17T01:53:15.030+0000] {taskinstance.py:2170} INFO - Starting attempt 1 of 3
[2025-12-17T01:53:15.067+0000] {taskinstance.py:2191} INFO - Executing <Task(PythonOperator): load> on 2024-06-19 00:00:00+00:00
[2025-12-17T01:53:15.080+0000] {standard_task_runner.py:60} INFO - Started process 1918 to run task
[2025-12-17T01:53:15.089+0000] {standard_task_runner.py:87} INFO - Running: ['***', 'tasks', 'run', 'etl_***', 'load', 'scheduled__2024-06-19T00:00:00+00:00', '--job-id', '539', '--raw', '--subdir', 'DAGS_FOLDER/etl_dag.py', '--cfg-path', '/tmp/tmpc3n8xsdj']
[2025-12-17T01:53:15.099+0000] {standard_task_runner.py:88} INFO - Job 539: Subtask load
[2025-12-17T01:53:15.268+0000] {task_command.py:423} INFO - Running <TaskInstance: etl_airflow.load scheduled__2024-06-19T00:00:00+00:00 [running]> on host 571e042550da
[2025-12-17T01:53:15.782+0000] {taskinstance.py:2480} INFO - Exporting env vars: AIRFLOW_CTX_DAG_OWNER='***' AIRFLOW_CTX_DAG_ID='etl_***' AIRFLOW_CTX_TASK_ID='load' AIRFLOW_CTX_EXECUTION_DATE='2024-06-19T00:00:00+00:00' AIRFLOW_CTX_TRY_NUMBER='1' AIRFLOW_CTX_DAG_RUN_ID='scheduled__2024-06-19T00:00:00+00:00'
[2025-12-17T01:53:15.786+0000] {logging_mixin.py:188} INFO - [LOAD]
[2025-12-17T01:53:15.817+0000] {logging_mixin.py:188} INFO -    user_id event_type            timestamp country
0        1      login  2025-01-01T09:00:00      IN
1        1      click  2025-01-01T09:05:00      IN
2        1     logout  2025-01-01T09:15:00      IN
3        3      login  2025-01-02T08:00:00      FR
4        3      click  2025-01-02T08:05:00      FR
[2025-12-17T01:53:15.818+0000] {logging_mixin.py:188} INFO - [LOAD] done
[2025-12-17T01:53:15.820+0000] {python.py:201} INFO - Done. Returned value was: None
[2025-12-17T01:53:15.846+0000] {taskinstance.py:1138} INFO - Marking task as SUCCESS. dag_id=etl_***, task_id=load, execution_date=20240619T000000, start_date=20251217T015315, end_date=20251217T015315
[2025-12-17T01:53:15.911+0000] {local_task_job_runner.py:234} INFO - Task exited with return code 0
[2025-12-17T01:53:15.962+0000] {taskinstance.py:3280} INFO - 0 downstream tasks scheduled from follow-on schedule check
