[2025-12-16T16:32:58.412+0000] {taskinstance.py:1956} INFO - Dependencies all met for dep_context=non-requeueable deps ti=<TaskInstance: etl_airflow.extract scheduled__2024-05-01T00:00:00+00:00 [queued]>
[2025-12-16T16:32:58.428+0000] {taskinstance.py:1956} INFO - Dependencies all met for dep_context=requeueable deps ti=<TaskInstance: etl_airflow.extract scheduled__2024-05-01T00:00:00+00:00 [queued]>
[2025-12-16T16:32:58.429+0000] {taskinstance.py:2170} INFO - Starting attempt 1 of 3
[2025-12-16T16:32:58.456+0000] {taskinstance.py:2191} INFO - Executing <Task(PythonOperator): extract> on 2024-05-01 00:00:00+00:00
[2025-12-16T16:32:58.469+0000] {standard_task_runner.py:60} INFO - Started process 1559 to run task
[2025-12-16T16:32:58.476+0000] {standard_task_runner.py:87} INFO - Running: ['***', 'tasks', 'run', 'etl_***', 'extract', 'scheduled__2024-05-01T00:00:00+00:00', '--job-id', '339', '--raw', '--subdir', 'DAGS_FOLDER/etl_dag.py', '--cfg-path', '/tmp/tmpzt54g7_z']
[2025-12-16T16:32:58.481+0000] {standard_task_runner.py:88} INFO - Job 339: Subtask extract
[2025-12-16T16:32:58.657+0000] {task_command.py:423} INFO - Running <TaskInstance: etl_airflow.extract scheduled__2024-05-01T00:00:00+00:00 [running]> on host 528de643acfe
[2025-12-16T16:32:58.852+0000] {taskinstance.py:2480} INFO - Exporting env vars: AIRFLOW_CTX_DAG_OWNER='***' AIRFLOW_CTX_DAG_ID='etl_***' AIRFLOW_CTX_TASK_ID='extract' AIRFLOW_CTX_EXECUTION_DATE='2024-05-01T00:00:00+00:00' AIRFLOW_CTX_TRY_NUMBER='1' AIRFLOW_CTX_DAG_RUN_ID='scheduled__2024-05-01T00:00:00+00:00'
[2025-12-16T16:32:58.856+0000] {logging_mixin.py:188} INFO - Extracting data from /opt/***/data/input.csv
[2025-12-16T16:32:58.865+0000] {taskinstance.py:2698} ERROR - Task failed with exception
Traceback (most recent call last):
  File "/home/airflow/.local/lib/python3.8/site-packages/airflow/models/taskinstance.py", line 433, in _execute_task
    result = execute_callable(context=context, **execute_callable_kwargs)
  File "/home/airflow/.local/lib/python3.8/site-packages/airflow/operators/python.py", line 199, in execute
    return_value = self.execute_callable()
  File "/home/airflow/.local/lib/python3.8/site-packages/airflow/operators/python.py", line 216, in execute_callable
    return self.python_callable(*self.op_args, **self.op_kwargs)
  File "/opt/airflow/dags/etl_logic/pipeline.py", line 97, in extract_data
    df = pd.read_csv(input_path)
  File "/home/airflow/.local/lib/python3.8/site-packages/pandas/io/parsers/readers.py", line 912, in read_csv
    return _read(filepath_or_buffer, kwds)
  File "/home/airflow/.local/lib/python3.8/site-packages/pandas/io/parsers/readers.py", line 577, in _read
    parser = TextFileReader(filepath_or_buffer, **kwds)
  File "/home/airflow/.local/lib/python3.8/site-packages/pandas/io/parsers/readers.py", line 1407, in __init__
    self._engine = self._make_engine(f, self.engine)
  File "/home/airflow/.local/lib/python3.8/site-packages/pandas/io/parsers/readers.py", line 1661, in _make_engine
    self.handles = get_handle(
  File "/home/airflow/.local/lib/python3.8/site-packages/pandas/io/common.py", line 859, in get_handle
    handle = open(
FileNotFoundError: [Errno 2] No such file or directory: '/opt/airflow/data/input.csv'
[2025-12-16T16:32:59.260+0000] {taskinstance.py:1138} INFO - Marking task as UP_FOR_RETRY. dag_id=etl_***, task_id=extract, execution_date=20240501T000000, start_date=20251216T163258, end_date=20251216T163259
[2025-12-16T16:32:59.305+0000] {standard_task_runner.py:107} ERROR - Failed to execute job 339 for task extract ([Errno 2] No such file or directory: '/opt/airflow/data/input.csv'; 1559)
[2025-12-16T16:32:59.338+0000] {local_task_job_runner.py:234} INFO - Task exited with return code 1
[2025-12-16T16:32:59.408+0000] {taskinstance.py:3280} INFO - 0 downstream tasks scheduled from follow-on schedule check
[2025-12-17T01:52:16.204+0000] {taskinstance.py:1956} INFO - Dependencies all met for dep_context=non-requeueable deps ti=<TaskInstance: etl_airflow.extract scheduled__2024-05-01T00:00:00+00:00 [queued]>
[2025-12-17T01:52:16.223+0000] {taskinstance.py:1956} INFO - Dependencies all met for dep_context=requeueable deps ti=<TaskInstance: etl_airflow.extract scheduled__2024-05-01T00:00:00+00:00 [queued]>
[2025-12-17T01:52:16.225+0000] {taskinstance.py:2170} INFO - Starting attempt 1 of 3
[2025-12-17T01:52:16.254+0000] {taskinstance.py:2191} INFO - Executing <Task(PythonOperator): extract> on 2024-05-01 00:00:00+00:00
[2025-12-17T01:52:16.265+0000] {standard_task_runner.py:60} INFO - Started process 1362 to run task
[2025-12-17T01:52:16.272+0000] {standard_task_runner.py:87} INFO - Running: ['***', 'tasks', 'run', 'etl_***', 'extract', 'scheduled__2024-05-01T00:00:00+00:00', '--job-id', '364', '--raw', '--subdir', 'DAGS_FOLDER/etl_dag.py', '--cfg-path', '/tmp/tmp7yhw0k_a']
[2025-12-17T01:52:16.276+0000] {standard_task_runner.py:88} INFO - Job 364: Subtask extract
[2025-12-17T01:52:16.420+0000] {task_command.py:423} INFO - Running <TaskInstance: etl_airflow.extract scheduled__2024-05-01T00:00:00+00:00 [running]> on host 571e042550da
[2025-12-17T01:52:16.855+0000] {taskinstance.py:2480} INFO - Exporting env vars: AIRFLOW_CTX_DAG_OWNER='***' AIRFLOW_CTX_DAG_ID='etl_***' AIRFLOW_CTX_TASK_ID='extract' AIRFLOW_CTX_EXECUTION_DATE='2024-05-01T00:00:00+00:00' AIRFLOW_CTX_TRY_NUMBER='1' AIRFLOW_CTX_DAG_RUN_ID='scheduled__2024-05-01T00:00:00+00:00'
[2025-12-17T01:52:16.858+0000] {logging_mixin.py:188} INFO - [EXTRACT] Reading /opt/***/data/synthetic_events.csv
[2025-12-17T01:52:16.888+0000] {logging_mixin.py:188} INFO - [EXTRACT] done
[2025-12-17T01:52:16.889+0000] {python.py:201} INFO - Done. Returned value was: None
[2025-12-17T01:52:16.909+0000] {taskinstance.py:1138} INFO - Marking task as SUCCESS. dag_id=etl_***, task_id=extract, execution_date=20240501T000000, start_date=20251217T015216, end_date=20251217T015216
[2025-12-17T01:52:16.973+0000] {local_task_job_runner.py:234} INFO - Task exited with return code 0
[2025-12-17T01:52:17.040+0000] {taskinstance.py:3280} INFO - 1 downstream tasks scheduled from follow-on schedule check
[2025-12-17T04:19:59.811+0000] {taskinstance.py:1956} INFO - Dependencies all met for dep_context=non-requeueable deps ti=<TaskInstance: etl_airflow.extract scheduled__2024-05-01T00:00:00+00:00 [queued]>
[2025-12-17T04:19:59.830+0000] {taskinstance.py:1956} INFO - Dependencies all met for dep_context=requeueable deps ti=<TaskInstance: etl_airflow.extract scheduled__2024-05-01T00:00:00+00:00 [queued]>
[2025-12-17T04:19:59.831+0000] {taskinstance.py:2170} INFO - Starting attempt 1 of 3
[2025-12-17T04:19:59.855+0000] {taskinstance.py:2191} INFO - Executing <Task(PythonOperator): extract> on 2024-05-01 00:00:00+00:00
[2025-12-17T04:19:59.865+0000] {standard_task_runner.py:60} INFO - Started process 820 to run task
[2025-12-17T04:19:59.871+0000] {standard_task_runner.py:87} INFO - Running: ['***', 'tasks', 'run', 'etl_***', 'extract', 'scheduled__2024-05-01T00:00:00+00:00', '--job-id', '185', '--raw', '--subdir', 'DAGS_FOLDER/etl_***.py', '--cfg-path', '/tmp/tmpt9tehzfp']
[2025-12-17T04:19:59.874+0000] {standard_task_runner.py:88} INFO - Job 185: Subtask extract
[2025-12-17T04:19:59.994+0000] {task_command.py:423} INFO - Running <TaskInstance: etl_airflow.extract scheduled__2024-05-01T00:00:00+00:00 [running]> on host c5811fe183ca
[2025-12-17T04:20:00.429+0000] {taskinstance.py:2480} INFO - Exporting env vars: AIRFLOW_CTX_DAG_OWNER='***' AIRFLOW_CTX_DAG_ID='etl_***' AIRFLOW_CTX_TASK_ID='extract' AIRFLOW_CTX_EXECUTION_DATE='2024-05-01T00:00:00+00:00' AIRFLOW_CTX_TRY_NUMBER='1' AIRFLOW_CTX_DAG_RUN_ID='scheduled__2024-05-01T00:00:00+00:00'
[2025-12-17T04:20:00.453+0000] {python.py:201} INFO - Done. Returned value was:    user_id event_type           timestamp country
0        1      login 2025-01-01 09:00:00      IN
1        1      click 2025-01-01 09:05:00      IN
2        1     logout 2025-01-01 09:15:00      IN
3        2      login 2025-01-01 10:00:00      US
4        2      click 2025-01-01 10:10:00      US
5        2     logout 2025-01-01 10:20:00      US
6        3      login 2025-01-02 08:00:00      FR
7        3      click 2025-01-02 08:05:00      FR
8        3     logout 2025-01-02 08:30:00      FR
[2025-12-17T04:20:00.522+0000] {taskinstance.py:1138} INFO - Marking task as SUCCESS. dag_id=etl_***, task_id=extract, execution_date=20240501T000000, start_date=20251217T041959, end_date=20251217T042000
[2025-12-17T04:20:00.690+0000] {local_task_job_runner.py:234} INFO - Task exited with return code 0
[2025-12-17T04:20:00.710+0000] {taskinstance.py:3280} INFO - 0 downstream tasks scheduled from follow-on schedule check
[2025-12-17T04:46:29.876+0000] {taskinstance.py:1956} INFO - Dependencies all met for dep_context=non-requeueable deps ti=<TaskInstance: etl_airflow.extract scheduled__2024-05-01T00:00:00+00:00 [queued]>
[2025-12-17T04:46:29.892+0000] {taskinstance.py:1956} INFO - Dependencies all met for dep_context=requeueable deps ti=<TaskInstance: etl_airflow.extract scheduled__2024-05-01T00:00:00+00:00 [queued]>
[2025-12-17T04:46:29.894+0000] {taskinstance.py:2170} INFO - Starting attempt 1 of 3
[2025-12-17T04:46:30.112+0000] {taskinstance.py:2191} INFO - Executing <Task(PythonOperator): extract> on 2024-05-01 00:00:00+00:00
[2025-12-17T04:46:30.123+0000] {standard_task_runner.py:60} INFO - Started process 1755 to run task
[2025-12-17T04:46:30.128+0000] {standard_task_runner.py:87} INFO - Running: ['***', 'tasks', 'run', 'etl_***', 'extract', 'scheduled__2024-05-01T00:00:00+00:00', '--job-id', '460', '--raw', '--subdir', 'DAGS_FOLDER/etl_***.py', '--cfg-path', '/tmp/tmp5wnhmopz']
[2025-12-17T04:46:30.132+0000] {standard_task_runner.py:88} INFO - Job 460: Subtask extract
[2025-12-17T04:46:30.258+0000] {task_command.py:423} INFO - Running <TaskInstance: etl_airflow.extract scheduled__2024-05-01T00:00:00+00:00 [running]> on host b3426f05ac70
[2025-12-17T04:46:30.687+0000] {taskinstance.py:2480} INFO - Exporting env vars: AIRFLOW_CTX_DAG_OWNER='***' AIRFLOW_CTX_DAG_ID='etl_***' AIRFLOW_CTX_TASK_ID='extract' AIRFLOW_CTX_EXECUTION_DATE='2024-05-01T00:00:00+00:00' AIRFLOW_CTX_TRY_NUMBER='1' AIRFLOW_CTX_DAG_RUN_ID='scheduled__2024-05-01T00:00:00+00:00'
[2025-12-17T04:46:30.712+0000] {python.py:201} INFO - Done. Returned value was:    user_id event_type           timestamp country
0        1      login 2025-01-01 09:00:00      IN
1        1      click 2025-01-01 09:05:00      IN
2        1     logout 2025-01-01 09:15:00      IN
3        2      login 2025-01-01 10:00:00      US
4        2      click 2025-01-01 10:10:00      US
5        2     logout 2025-01-01 10:20:00      US
6        3      login 2025-01-02 08:00:00      FR
7        3      click 2025-01-02 08:05:00      FR
8        3     logout 2025-01-02 08:30:00      FR
[2025-12-17T04:46:30.789+0000] {taskinstance.py:1138} INFO - Marking task as SUCCESS. dag_id=etl_***, task_id=extract, execution_date=20240501T000000, start_date=20251217T044629, end_date=20251217T044630
[2025-12-17T04:46:30.881+0000] {local_task_job_runner.py:234} INFO - Task exited with return code 0
[2025-12-17T04:46:31.173+0000] {taskinstance.py:3280} INFO - 0 downstream tasks scheduled from follow-on schedule check
[2025-12-17T07:39:54.932+0000] {taskinstance.py:1956} INFO - Dependencies all met for dep_context=non-requeueable deps ti=<TaskInstance: etl_airflow.extract scheduled__2024-05-01T00:00:00+00:00 [queued]>
[2025-12-17T07:39:54.954+0000] {taskinstance.py:1956} INFO - Dependencies all met for dep_context=requeueable deps ti=<TaskInstance: etl_airflow.extract scheduled__2024-05-01T00:00:00+00:00 [queued]>
[2025-12-17T07:39:54.956+0000] {taskinstance.py:2170} INFO - Starting attempt 1 of 3
[2025-12-17T07:39:55.236+0000] {taskinstance.py:2191} INFO - Executing <Task(PythonOperator): extract> on 2024-05-01 00:00:00+00:00
[2025-12-17T07:39:55.248+0000] {standard_task_runner.py:60} INFO - Started process 1817 to run task
[2025-12-17T07:39:55.255+0000] {standard_task_runner.py:87} INFO - Running: ['***', 'tasks', 'run', 'etl_***', 'extract', 'scheduled__2024-05-01T00:00:00+00:00', '--job-id', '466', '--raw', '--subdir', 'DAGS_FOLDER/etl_***.py', '--cfg-path', '/tmp/tmp754r4ql6']
[2025-12-17T07:39:55.263+0000] {standard_task_runner.py:88} INFO - Job 466: Subtask extract
[2025-12-17T07:39:55.480+0000] {task_command.py:423} INFO - Running <TaskInstance: etl_airflow.extract scheduled__2024-05-01T00:00:00+00:00 [running]> on host 2a0de06c8905
[2025-12-17T07:39:56.020+0000] {taskinstance.py:2480} INFO - Exporting env vars: AIRFLOW_CTX_DAG_OWNER='***' AIRFLOW_CTX_DAG_ID='etl_***' AIRFLOW_CTX_TASK_ID='extract' AIRFLOW_CTX_EXECUTION_DATE='2024-05-01T00:00:00+00:00' AIRFLOW_CTX_TRY_NUMBER='1' AIRFLOW_CTX_DAG_RUN_ID='scheduled__2024-05-01T00:00:00+00:00'
[2025-12-17T07:39:56.060+0000] {python.py:201} INFO - Done. Returned value was:    user_id event_type           timestamp country
0        1      login 2025-01-01 09:00:00      IN
1        1      click 2025-01-01 09:05:00      IN
2        1     logout 2025-01-01 09:15:00      IN
3        2      login 2025-01-01 10:00:00      US
4        2      click 2025-01-01 10:10:00      US
5        2     logout 2025-01-01 10:20:00      US
6        3      login 2025-01-02 08:00:00      FR
7        3      click 2025-01-02 08:05:00      FR
8        3     logout 2025-01-02 08:30:00      FR
[2025-12-17T07:39:56.170+0000] {taskinstance.py:1138} INFO - Marking task as SUCCESS. dag_id=etl_***, task_id=extract, execution_date=20240501T000000, start_date=20251217T073954, end_date=20251217T073956
[2025-12-17T07:39:56.413+0000] {local_task_job_runner.py:234} INFO - Task exited with return code 0
[2025-12-17T07:39:56.479+0000] {taskinstance.py:3280} INFO - 1 downstream tasks scheduled from follow-on schedule check
