[2025-12-17T02:01:31.302+0000] {taskinstance.py:1956} INFO - Dependencies all met for dep_context=non-requeueable deps ti=<TaskInstance: etl_airflow.transform scheduled__2025-11-15T00:00:00+00:00 [queued]>
[2025-12-17T02:01:31.333+0000] {taskinstance.py:1956} INFO - Dependencies all met for dep_context=requeueable deps ti=<TaskInstance: etl_airflow.transform scheduled__2025-11-15T00:00:00+00:00 [queued]>
[2025-12-17T02:01:31.335+0000] {taskinstance.py:2170} INFO - Starting attempt 1 of 3
[2025-12-17T02:01:31.515+0000] {taskinstance.py:2191} INFO - Executing <Task(PythonOperator): transform> on 2025-11-15 00:00:00+00:00
[2025-12-17T02:01:31.528+0000] {standard_task_runner.py:60} INFO - Started process 6846 to run task
[2025-12-17T02:01:31.539+0000] {standard_task_runner.py:87} INFO - Running: ['***', 'tasks', 'run', 'etl_***', 'transform', 'scheduled__2025-11-15T00:00:00+00:00', '--job-id', '2096', '--raw', '--subdir', 'DAGS_FOLDER/etl_dag.py', '--cfg-path', '/tmp/tmpjeo9m5if']
[2025-12-17T02:01:31.547+0000] {standard_task_runner.py:88} INFO - Job 2096: Subtask transform
[2025-12-17T02:01:31.720+0000] {task_command.py:423} INFO - Running <TaskInstance: etl_airflow.transform scheduled__2025-11-15T00:00:00+00:00 [running]> on host 571e042550da
[2025-12-17T02:01:32.222+0000] {taskinstance.py:2480} INFO - Exporting env vars: AIRFLOW_CTX_DAG_OWNER='***' AIRFLOW_CTX_DAG_ID='etl_***' AIRFLOW_CTX_TASK_ID='transform' AIRFLOW_CTX_EXECUTION_DATE='2025-11-15T00:00:00+00:00' AIRFLOW_CTX_TRY_NUMBER='1' AIRFLOW_CTX_DAG_RUN_ID='scheduled__2025-11-15T00:00:00+00:00'
[2025-12-17T02:01:32.228+0000] {logging_mixin.py:188} INFO - [TRANSFORM]
[2025-12-17T02:01:32.261+0000] {logging_mixin.py:188} INFO - [TRANSFORM] done
[2025-12-17T02:01:32.262+0000] {python.py:201} INFO - Done. Returned value was: None
[2025-12-17T02:01:32.281+0000] {taskinstance.py:1138} INFO - Marking task as SUCCESS. dag_id=etl_***, task_id=transform, execution_date=20251115T000000, start_date=20251217T020131, end_date=20251217T020132
[2025-12-17T02:01:32.361+0000] {local_task_job_runner.py:234} INFO - Task exited with return code 0
[2025-12-17T02:01:32.545+0000] {taskinstance.py:3280} INFO - 0 downstream tasks scheduled from follow-on schedule check
[2025-12-17T05:06:48.147+0000] {taskinstance.py:1956} INFO - Dependencies all met for dep_context=non-requeueable deps ti=<TaskInstance: etl_airflow.transform scheduled__2025-11-15T00:00:00+00:00 [queued]>
[2025-12-17T05:06:48.166+0000] {taskinstance.py:1956} INFO - Dependencies all met for dep_context=requeueable deps ti=<TaskInstance: etl_airflow.transform scheduled__2025-11-15T00:00:00+00:00 [queued]>
[2025-12-17T05:06:48.167+0000] {taskinstance.py:2170} INFO - Starting attempt 1 of 3
[2025-12-17T05:06:48.186+0000] {taskinstance.py:2191} INFO - Executing <Task(PythonOperator): transform> on 2025-11-15 00:00:00+00:00
[2025-12-17T05:06:48.196+0000] {standard_task_runner.py:60} INFO - Started process 9195 to run task
[2025-12-17T05:06:48.202+0000] {standard_task_runner.py:87} INFO - Running: ['***', 'tasks', 'run', 'etl_***', 'transform', 'scheduled__2025-11-15T00:00:00+00:00', '--job-id', '2724', '--raw', '--subdir', 'DAGS_FOLDER/etl_***.py', '--cfg-path', '/tmp/tmpp47tnvda']
[2025-12-17T05:06:48.207+0000] {standard_task_runner.py:88} INFO - Job 2724: Subtask transform
[2025-12-17T05:06:48.337+0000] {task_command.py:423} INFO - Running <TaskInstance: etl_airflow.transform scheduled__2025-11-15T00:00:00+00:00 [running]> on host b3426f05ac70
[2025-12-17T05:06:48.700+0000] {taskinstance.py:2480} INFO - Exporting env vars: AIRFLOW_CTX_DAG_OWNER='***' AIRFLOW_CTX_DAG_ID='etl_***' AIRFLOW_CTX_TASK_ID='transform' AIRFLOW_CTX_EXECUTION_DATE='2025-11-15T00:00:00+00:00' AIRFLOW_CTX_TRY_NUMBER='1' AIRFLOW_CTX_DAG_RUN_ID='scheduled__2025-11-15T00:00:00+00:00'
[2025-12-17T05:06:48.707+0000] {taskinstance.py:2698} ERROR - Task failed with exception
Traceback (most recent call last):
  File "/home/airflow/.local/lib/python3.8/site-packages/airflow/models/taskinstance.py", line 433, in _execute_task
    result = execute_callable(context=context, **execute_callable_kwargs)
  File "/home/airflow/.local/lib/python3.8/site-packages/airflow/operators/python.py", line 199, in execute
    return_value = self.execute_callable()
  File "/home/airflow/.local/lib/python3.8/site-packages/airflow/operators/python.py", line 216, in execute_callable
    return self.python_callable(*self.op_args, **self.op_kwargs)
TypeError: transform_data() missing 1 required positional argument: 'df'
[2025-12-17T05:06:48.721+0000] {taskinstance.py:1138} INFO - Marking task as UP_FOR_RETRY. dag_id=etl_***, task_id=transform, execution_date=20251115T000000, start_date=20251217T050648, end_date=20251217T050648
[2025-12-17T05:06:48.749+0000] {standard_task_runner.py:107} ERROR - Failed to execute job 2724 for task transform (transform_data() missing 1 required positional argument: 'df'; 9195)
[2025-12-17T05:06:48.820+0000] {local_task_job_runner.py:234} INFO - Task exited with return code 1
[2025-12-17T05:06:48.858+0000] {taskinstance.py:3280} INFO - 0 downstream tasks scheduled from follow-on schedule check
