[2025-12-17T02:00:47.545+0000] {taskinstance.py:1956} INFO - Dependencies all met for dep_context=non-requeueable deps ti=<TaskInstance: etl_airflow.extract scheduled__2025-10-02T00:00:00+00:00 [queued]>
[2025-12-17T02:00:47.563+0000] {taskinstance.py:1956} INFO - Dependencies all met for dep_context=requeueable deps ti=<TaskInstance: etl_airflow.extract scheduled__2025-10-02T00:00:00+00:00 [queued]>
[2025-12-17T02:00:47.565+0000] {taskinstance.py:2170} INFO - Starting attempt 1 of 3
[2025-12-17T02:00:47.605+0000] {taskinstance.py:2191} INFO - Executing <Task(PythonOperator): extract> on 2025-10-02 00:00:00+00:00
[2025-12-17T02:00:47.616+0000] {standard_task_runner.py:60} INFO - Started process 6368 to run task
[2025-12-17T02:00:47.627+0000] {standard_task_runner.py:87} INFO - Running: ['***', 'tasks', 'run', 'etl_***', 'extract', 'scheduled__2025-10-02T00:00:00+00:00', '--job-id', '1943', '--raw', '--subdir', 'DAGS_FOLDER/etl_dag.py', '--cfg-path', '/tmp/tmpjbdklntb']
[2025-12-17T02:00:47.632+0000] {standard_task_runner.py:88} INFO - Job 1943: Subtask extract
[2025-12-17T02:00:47.782+0000] {task_command.py:423} INFO - Running <TaskInstance: etl_airflow.extract scheduled__2025-10-02T00:00:00+00:00 [running]> on host 571e042550da
[2025-12-17T02:00:48.243+0000] {taskinstance.py:2480} INFO - Exporting env vars: AIRFLOW_CTX_DAG_OWNER='***' AIRFLOW_CTX_DAG_ID='etl_***' AIRFLOW_CTX_TASK_ID='extract' AIRFLOW_CTX_EXECUTION_DATE='2025-10-02T00:00:00+00:00' AIRFLOW_CTX_TRY_NUMBER='1' AIRFLOW_CTX_DAG_RUN_ID='scheduled__2025-10-02T00:00:00+00:00'
[2025-12-17T02:00:48.246+0000] {logging_mixin.py:188} INFO - [EXTRACT] Reading /opt/***/data/synthetic_events.csv
[2025-12-17T02:00:48.279+0000] {logging_mixin.py:188} INFO - [EXTRACT] done
[2025-12-17T02:00:48.280+0000] {python.py:201} INFO - Done. Returned value was: None
[2025-12-17T02:00:48.302+0000] {taskinstance.py:1138} INFO - Marking task as SUCCESS. dag_id=etl_***, task_id=extract, execution_date=20251002T000000, start_date=20251217T020047, end_date=20251217T020048
[2025-12-17T02:00:48.408+0000] {local_task_job_runner.py:234} INFO - Task exited with return code 0
[2025-12-17T02:00:48.480+0000] {taskinstance.py:3280} INFO - 1 downstream tasks scheduled from follow-on schedule check
[2025-12-17T05:05:11.560+0000] {taskinstance.py:1956} INFO - Dependencies all met for dep_context=non-requeueable deps ti=<TaskInstance: etl_airflow.extract scheduled__2025-10-02T00:00:00+00:00 [queued]>
[2025-12-17T05:05:11.579+0000] {taskinstance.py:1956} INFO - Dependencies all met for dep_context=requeueable deps ti=<TaskInstance: etl_airflow.extract scheduled__2025-10-02T00:00:00+00:00 [queued]>
[2025-12-17T05:05:11.580+0000] {taskinstance.py:2170} INFO - Starting attempt 1 of 3
[2025-12-17T05:05:11.602+0000] {taskinstance.py:2191} INFO - Executing <Task(PythonOperator): extract> on 2025-10-02 00:00:00+00:00
[2025-12-17T05:05:11.610+0000] {standard_task_runner.py:60} INFO - Started process 8611 to run task
[2025-12-17T05:05:11.615+0000] {standard_task_runner.py:87} INFO - Running: ['***', 'tasks', 'run', 'etl_***', 'extract', 'scheduled__2025-10-02T00:00:00+00:00', '--job-id', '2547', '--raw', '--subdir', 'DAGS_FOLDER/etl_***.py', '--cfg-path', '/tmp/tmp2bbyflzd']
[2025-12-17T05:05:11.620+0000] {standard_task_runner.py:88} INFO - Job 2547: Subtask extract
[2025-12-17T05:05:11.762+0000] {task_command.py:423} INFO - Running <TaskInstance: etl_airflow.extract scheduled__2025-10-02T00:00:00+00:00 [running]> on host b3426f05ac70
[2025-12-17T05:05:12.146+0000] {taskinstance.py:2480} INFO - Exporting env vars: AIRFLOW_CTX_DAG_OWNER='***' AIRFLOW_CTX_DAG_ID='etl_***' AIRFLOW_CTX_TASK_ID='extract' AIRFLOW_CTX_EXECUTION_DATE='2025-10-02T00:00:00+00:00' AIRFLOW_CTX_TRY_NUMBER='1' AIRFLOW_CTX_DAG_RUN_ID='scheduled__2025-10-02T00:00:00+00:00'
[2025-12-17T05:05:12.185+0000] {python.py:201} INFO - Done. Returned value was:    user_id event_type           timestamp country
0        1      login 2025-01-01 09:00:00      IN
1        1      click 2025-01-01 09:05:00      IN
2        1     logout 2025-01-01 09:15:00      IN
3        2      login 2025-01-01 10:00:00      US
4        2      click 2025-01-01 10:10:00      US
5        2     logout 2025-01-01 10:20:00      US
6        3      login 2025-01-02 08:00:00      FR
7        3      click 2025-01-02 08:05:00      FR
8        3     logout 2025-01-02 08:30:00      FR
[2025-12-17T05:05:12.278+0000] {taskinstance.py:1138} INFO - Marking task as SUCCESS. dag_id=etl_***, task_id=extract, execution_date=20251002T000000, start_date=20251217T050511, end_date=20251217T050512
[2025-12-17T05:05:12.353+0000] {local_task_job_runner.py:234} INFO - Task exited with return code 0
[2025-12-17T05:05:12.401+0000] {taskinstance.py:3280} INFO - 1 downstream tasks scheduled from follow-on schedule check
