[2025-12-16T17:19:24.198+0000] {taskinstance.py:1956} INFO - Dependencies all met for dep_context=non-requeueable deps ti=<TaskInstance: etl_airflow.transform scheduled__2024-04-08T00:00:00+00:00 [queued]>
[2025-12-16T17:19:24.222+0000] {taskinstance.py:1956} INFO - Dependencies all met for dep_context=requeueable deps ti=<TaskInstance: etl_airflow.transform scheduled__2024-04-08T00:00:00+00:00 [queued]>
[2025-12-16T17:19:24.227+0000] {taskinstance.py:2170} INFO - Starting attempt 2 of 4
[2025-12-16T17:19:24.257+0000] {taskinstance.py:2191} INFO - Executing <Task(PythonOperator): transform> on 2024-04-08 00:00:00+00:00
[2025-12-16T17:19:24.277+0000] {standard_task_runner.py:60} INFO - Started process 4299 to run task
[2025-12-16T17:19:24.311+0000] {standard_task_runner.py:87} INFO - Running: ['***', 'tasks', 'run', 'etl_***', 'transform', 'scheduled__2024-04-08T00:00:00+00:00', '--job-id', '5439', '--raw', '--subdir', 'DAGS_FOLDER/etl_dag.py', '--cfg-path', '/tmp/tmpf6ycczlz']
[2025-12-16T17:19:24.333+0000] {standard_task_runner.py:88} INFO - Job 5439: Subtask transform
[2025-12-16T17:19:24.527+0000] {task_command.py:423} INFO - Running <TaskInstance: etl_airflow.transform scheduled__2024-04-08T00:00:00+00:00 [running]> on host 3b89cfee50e9
[2025-12-16T17:19:24.816+0000] {taskinstance.py:2480} INFO - Exporting env vars: AIRFLOW_CTX_DAG_OWNER='***' AIRFLOW_CTX_DAG_ID='etl_***' AIRFLOW_CTX_TASK_ID='transform' AIRFLOW_CTX_EXECUTION_DATE='2024-04-08T00:00:00+00:00' AIRFLOW_CTX_TRY_NUMBER='2' AIRFLOW_CTX_DAG_RUN_ID='scheduled__2024-04-08T00:00:00+00:00'
[2025-12-16T17:19:24.823+0000] {logging_mixin.py:188} INFO - [TRANSFORM]
[2025-12-16T17:19:25.215+0000] {logging_mixin.py:188} INFO - [TRANSFORM] done
[2025-12-16T17:19:25.216+0000] {python.py:201} INFO - Done. Returned value was: None
[2025-12-16T17:19:25.234+0000] {taskinstance.py:1138} INFO - Marking task as SUCCESS. dag_id=etl_***, task_id=transform, execution_date=20240408T000000, start_date=20251216T171924, end_date=20251216T171925
[2025-12-16T17:19:25.285+0000] {local_task_job_runner.py:234} INFO - Task exited with return code 0
[2025-12-16T17:19:25.316+0000] {taskinstance.py:3280} INFO - 1 downstream tasks scheduled from follow-on schedule check
[2025-12-17T04:46:08.030+0000] {taskinstance.py:1956} INFO - Dependencies all met for dep_context=non-requeueable deps ti=<TaskInstance: etl_airflow.transform scheduled__2024-04-08T00:00:00+00:00 [queued]>
[2025-12-17T04:46:08.043+0000] {taskinstance.py:1956} INFO - Dependencies all met for dep_context=requeueable deps ti=<TaskInstance: etl_airflow.transform scheduled__2024-04-08T00:00:00+00:00 [queued]>
[2025-12-17T04:46:08.044+0000] {taskinstance.py:2170} INFO - Starting attempt 2 of 3
[2025-12-17T04:46:08.058+0000] {taskinstance.py:2191} INFO - Executing <Task(PythonOperator): transform> on 2024-04-08 00:00:00+00:00
[2025-12-17T04:46:08.065+0000] {standard_task_runner.py:60} INFO - Started process 1601 to run task
[2025-12-17T04:46:08.069+0000] {standard_task_runner.py:87} INFO - Running: ['***', 'tasks', 'run', 'etl_***', 'transform', 'scheduled__2024-04-08T00:00:00+00:00', '--job-id', '420', '--raw', '--subdir', 'DAGS_FOLDER/etl_***.py', '--cfg-path', '/tmp/tmpo6npg3pr']
[2025-12-17T04:46:08.071+0000] {standard_task_runner.py:88} INFO - Job 420: Subtask transform
[2025-12-17T04:46:08.188+0000] {task_command.py:423} INFO - Running <TaskInstance: etl_airflow.transform scheduled__2024-04-08T00:00:00+00:00 [running]> on host b3426f05ac70
[2025-12-17T04:46:08.595+0000] {taskinstance.py:2480} INFO - Exporting env vars: AIRFLOW_CTX_DAG_OWNER='***' AIRFLOW_CTX_DAG_ID='etl_***' AIRFLOW_CTX_TASK_ID='transform' AIRFLOW_CTX_EXECUTION_DATE='2024-04-08T00:00:00+00:00' AIRFLOW_CTX_TRY_NUMBER='2' AIRFLOW_CTX_DAG_RUN_ID='scheduled__2024-04-08T00:00:00+00:00'
[2025-12-17T04:46:08.598+0000] {taskinstance.py:2698} ERROR - Task failed with exception
Traceback (most recent call last):
  File "/home/airflow/.local/lib/python3.8/site-packages/airflow/models/taskinstance.py", line 433, in _execute_task
    result = execute_callable(context=context, **execute_callable_kwargs)
  File "/home/airflow/.local/lib/python3.8/site-packages/airflow/operators/python.py", line 199, in execute
    return_value = self.execute_callable()
  File "/home/airflow/.local/lib/python3.8/site-packages/airflow/operators/python.py", line 216, in execute_callable
    return self.python_callable(*self.op_args, **self.op_kwargs)
TypeError: transform_data() missing 1 required positional argument: 'df'
[2025-12-17T04:46:08.609+0000] {taskinstance.py:1138} INFO - Marking task as UP_FOR_RETRY. dag_id=etl_***, task_id=transform, execution_date=20240408T000000, start_date=20251217T044608, end_date=20251217T044608
[2025-12-17T04:46:08.625+0000] {standard_task_runner.py:107} ERROR - Failed to execute job 420 for task transform (transform_data() missing 1 required positional argument: 'df'; 1601)
[2025-12-17T04:46:08.645+0000] {local_task_job_runner.py:234} INFO - Task exited with return code 1
[2025-12-17T04:46:08.853+0000] {taskinstance.py:3280} INFO - 0 downstream tasks scheduled from follow-on schedule check
[2025-12-17T07:39:29.445+0000] {taskinstance.py:1956} INFO - Dependencies all met for dep_context=non-requeueable deps ti=<TaskInstance: etl_airflow.transform scheduled__2024-04-08T00:00:00+00:00 [queued]>
[2025-12-17T07:39:29.470+0000] {taskinstance.py:1956} INFO - Dependencies all met for dep_context=requeueable deps ti=<TaskInstance: etl_airflow.transform scheduled__2024-04-08T00:00:00+00:00 [queued]>
[2025-12-17T07:39:29.472+0000] {taskinstance.py:2170} INFO - Starting attempt 2 of 3
[2025-12-17T07:39:29.500+0000] {taskinstance.py:2191} INFO - Executing <Task(PythonOperator): transform> on 2024-04-08 00:00:00+00:00
[2025-12-17T07:39:29.512+0000] {standard_task_runner.py:60} INFO - Started process 1681 to run task
[2025-12-17T07:39:29.519+0000] {standard_task_runner.py:87} INFO - Running: ['***', 'tasks', 'run', 'etl_***', 'transform', 'scheduled__2024-04-08T00:00:00+00:00', '--job-id', '420', '--raw', '--subdir', 'DAGS_FOLDER/etl_***.py', '--cfg-path', '/tmp/tmpilptgw4a']
[2025-12-17T07:39:29.526+0000] {standard_task_runner.py:88} INFO - Job 420: Subtask transform
[2025-12-17T07:39:29.709+0000] {task_command.py:423} INFO - Running <TaskInstance: etl_airflow.transform scheduled__2024-04-08T00:00:00+00:00 [running]> on host 2a0de06c8905
[2025-12-17T07:39:30.191+0000] {taskinstance.py:2480} INFO - Exporting env vars: AIRFLOW_CTX_DAG_OWNER='***' AIRFLOW_CTX_DAG_ID='etl_***' AIRFLOW_CTX_TASK_ID='transform' AIRFLOW_CTX_EXECUTION_DATE='2024-04-08T00:00:00+00:00' AIRFLOW_CTX_TRY_NUMBER='2' AIRFLOW_CTX_DAG_RUN_ID='scheduled__2024-04-08T00:00:00+00:00'
[2025-12-17T07:39:30.195+0000] {taskinstance.py:2698} ERROR - Task failed with exception
Traceback (most recent call last):
  File "/home/airflow/.local/lib/python3.8/site-packages/airflow/models/taskinstance.py", line 433, in _execute_task
    result = execute_callable(context=context, **execute_callable_kwargs)
  File "/home/airflow/.local/lib/python3.8/site-packages/airflow/operators/python.py", line 199, in execute
    return_value = self.execute_callable()
  File "/home/airflow/.local/lib/python3.8/site-packages/airflow/operators/python.py", line 216, in execute_callable
    return self.python_callable(*self.op_args, **self.op_kwargs)
TypeError: transform_data() missing 1 required positional argument: 'df'
[2025-12-17T07:39:30.215+0000] {taskinstance.py:1138} INFO - Marking task as UP_FOR_RETRY. dag_id=etl_***, task_id=transform, execution_date=20240408T000000, start_date=20251217T073929, end_date=20251217T073930
[2025-12-17T07:39:30.243+0000] {standard_task_runner.py:107} ERROR - Failed to execute job 420 for task transform (transform_data() missing 1 required positional argument: 'df'; 1681)
[2025-12-17T07:39:30.307+0000] {local_task_job_runner.py:234} INFO - Task exited with return code 1
[2025-12-17T07:39:30.408+0000] {taskinstance.py:3280} INFO - 0 downstream tasks scheduled from follow-on schedule check
