[2025-12-16T17:13:46.526+0000] {taskinstance.py:1956} INFO - Dependencies all met for dep_context=non-requeueable deps ti=<TaskInstance: etl_airflow.transform scheduled__2024-09-08T00:00:00+00:00 [queued]>
[2025-12-16T17:13:46.567+0000] {taskinstance.py:1956} INFO - Dependencies all met for dep_context=requeueable deps ti=<TaskInstance: etl_airflow.transform scheduled__2024-09-08T00:00:00+00:00 [queued]>
[2025-12-16T17:13:46.571+0000] {taskinstance.py:2170} INFO - Starting attempt 1 of 3
[2025-12-16T17:13:46.631+0000] {taskinstance.py:2191} INFO - Executing <Task(PythonOperator): transform> on 2024-09-08 00:00:00+00:00
[2025-12-16T17:13:46.648+0000] {standard_task_runner.py:60} INFO - Started process 935 to run task
[2025-12-16T17:13:46.657+0000] {standard_task_runner.py:87} INFO - Running: ['***', 'tasks', 'run', 'etl_***', 'transform', 'scheduled__2024-09-08T00:00:00+00:00', '--job-id', '4371', '--raw', '--subdir', 'DAGS_FOLDER/etl_dag.py', '--cfg-path', '/tmp/tmpsirba4rv']
[2025-12-16T17:13:46.665+0000] {standard_task_runner.py:88} INFO - Job 4371: Subtask transform
[2025-12-16T17:13:46.927+0000] {task_command.py:423} INFO - Running <TaskInstance: etl_airflow.transform scheduled__2024-09-08T00:00:00+00:00 [running]> on host 3b89cfee50e9
[2025-12-16T17:13:47.482+0000] {taskinstance.py:2480} INFO - Exporting env vars: AIRFLOW_CTX_DAG_OWNER='***' AIRFLOW_CTX_DAG_ID='etl_***' AIRFLOW_CTX_TASK_ID='transform' AIRFLOW_CTX_EXECUTION_DATE='2024-09-08T00:00:00+00:00' AIRFLOW_CTX_TRY_NUMBER='1' AIRFLOW_CTX_DAG_RUN_ID='scheduled__2024-09-08T00:00:00+00:00'
[2025-12-16T17:13:47.490+0000] {logging_mixin.py:188} INFO - [TRANSFORM]
[2025-12-16T17:13:47.960+0000] {logging_mixin.py:188} INFO - [TRANSFORM] done
[2025-12-16T17:13:47.962+0000] {python.py:201} INFO - Done. Returned value was: None
[2025-12-16T17:13:47.986+0000] {taskinstance.py:1138} INFO - Marking task as SUCCESS. dag_id=etl_***, task_id=transform, execution_date=20240908T000000, start_date=20251216T171346, end_date=20251216T171347
[2025-12-16T17:13:48.074+0000] {local_task_job_runner.py:234} INFO - Task exited with return code 0
[2025-12-16T17:13:48.124+0000] {taskinstance.py:3280} INFO - 1 downstream tasks scheduled from follow-on schedule check
[2025-12-17T01:54:39.057+0000] {taskinstance.py:1956} INFO - Dependencies all met for dep_context=non-requeueable deps ti=<TaskInstance: etl_airflow.transform scheduled__2024-09-08T00:00:00+00:00 [queued]>
[2025-12-17T01:54:39.078+0000] {taskinstance.py:1956} INFO - Dependencies all met for dep_context=requeueable deps ti=<TaskInstance: etl_airflow.transform scheduled__2024-09-08T00:00:00+00:00 [queued]>
[2025-12-17T01:54:39.079+0000] {taskinstance.py:2170} INFO - Starting attempt 1 of 3
[2025-12-17T01:54:39.112+0000] {taskinstance.py:2191} INFO - Executing <Task(PythonOperator): transform> on 2024-09-08 00:00:00+00:00
[2025-12-17T01:54:39.126+0000] {standard_task_runner.py:60} INFO - Started process 2686 to run task
[2025-12-17T01:54:39.148+0000] {standard_task_runner.py:87} INFO - Running: ['***', 'tasks', 'run', 'etl_***', 'transform', 'scheduled__2024-09-08T00:00:00+00:00', '--job-id', '777', '--raw', '--subdir', 'DAGS_FOLDER/etl_dag.py', '--cfg-path', '/tmp/tmpian4p771']
[2025-12-17T01:54:39.153+0000] {standard_task_runner.py:88} INFO - Job 777: Subtask transform
[2025-12-17T01:54:39.308+0000] {task_command.py:423} INFO - Running <TaskInstance: etl_airflow.transform scheduled__2024-09-08T00:00:00+00:00 [running]> on host 571e042550da
[2025-12-17T01:54:39.897+0000] {taskinstance.py:2480} INFO - Exporting env vars: AIRFLOW_CTX_DAG_OWNER='***' AIRFLOW_CTX_DAG_ID='etl_***' AIRFLOW_CTX_TASK_ID='transform' AIRFLOW_CTX_EXECUTION_DATE='2024-09-08T00:00:00+00:00' AIRFLOW_CTX_TRY_NUMBER='1' AIRFLOW_CTX_DAG_RUN_ID='scheduled__2024-09-08T00:00:00+00:00'
[2025-12-17T01:54:39.905+0000] {logging_mixin.py:188} INFO - [TRANSFORM]
[2025-12-17T01:54:40.012+0000] {logging_mixin.py:188} INFO - [TRANSFORM] done
[2025-12-17T01:54:40.020+0000] {python.py:201} INFO - Done. Returned value was: None
[2025-12-17T01:54:40.049+0000] {taskinstance.py:1138} INFO - Marking task as SUCCESS. dag_id=etl_***, task_id=transform, execution_date=20240908T000000, start_date=20251217T015439, end_date=20251217T015440
[2025-12-17T01:54:40.161+0000] {local_task_job_runner.py:234} INFO - Task exited with return code 0
[2025-12-17T01:54:40.213+0000] {taskinstance.py:3280} INFO - 1 downstream tasks scheduled from follow-on schedule check
[2025-12-17T04:51:07.894+0000] {taskinstance.py:1956} INFO - Dependencies all met for dep_context=non-requeueable deps ti=<TaskInstance: etl_airflow.transform scheduled__2024-09-08T00:00:00+00:00 [queued]>
[2025-12-17T04:51:07.909+0000] {taskinstance.py:1956} INFO - Dependencies all met for dep_context=requeueable deps ti=<TaskInstance: etl_airflow.transform scheduled__2024-09-08T00:00:00+00:00 [queued]>
[2025-12-17T04:51:07.910+0000] {taskinstance.py:2170} INFO - Starting attempt 1 of 3
[2025-12-17T04:51:07.927+0000] {taskinstance.py:2191} INFO - Executing <Task(PythonOperator): transform> on 2024-09-08 00:00:00+00:00
[2025-12-17T04:51:07.936+0000] {standard_task_runner.py:60} INFO - Started process 3478 to run task
[2025-12-17T04:51:07.940+0000] {standard_task_runner.py:87} INFO - Running: ['***', 'tasks', 'run', 'etl_***', 'transform', 'scheduled__2024-09-08T00:00:00+00:00', '--job-id', '989', '--raw', '--subdir', 'DAGS_FOLDER/etl_***.py', '--cfg-path', '/tmp/tmpo69qtkha']
[2025-12-17T04:51:07.943+0000] {standard_task_runner.py:88} INFO - Job 989: Subtask transform
[2025-12-17T04:51:08.048+0000] {task_command.py:423} INFO - Running <TaskInstance: etl_airflow.transform scheduled__2024-09-08T00:00:00+00:00 [running]> on host b3426f05ac70
[2025-12-17T04:51:08.385+0000] {taskinstance.py:2480} INFO - Exporting env vars: AIRFLOW_CTX_DAG_OWNER='***' AIRFLOW_CTX_DAG_ID='etl_***' AIRFLOW_CTX_TASK_ID='transform' AIRFLOW_CTX_EXECUTION_DATE='2024-09-08T00:00:00+00:00' AIRFLOW_CTX_TRY_NUMBER='1' AIRFLOW_CTX_DAG_RUN_ID='scheduled__2024-09-08T00:00:00+00:00'
[2025-12-17T04:51:08.387+0000] {taskinstance.py:2698} ERROR - Task failed with exception
Traceback (most recent call last):
  File "/home/airflow/.local/lib/python3.8/site-packages/airflow/models/taskinstance.py", line 433, in _execute_task
    result = execute_callable(context=context, **execute_callable_kwargs)
  File "/home/airflow/.local/lib/python3.8/site-packages/airflow/operators/python.py", line 199, in execute
    return_value = self.execute_callable()
  File "/home/airflow/.local/lib/python3.8/site-packages/airflow/operators/python.py", line 216, in execute_callable
    return self.python_callable(*self.op_args, **self.op_kwargs)
TypeError: transform_data() missing 1 required positional argument: 'df'
[2025-12-17T04:51:08.396+0000] {taskinstance.py:1138} INFO - Marking task as UP_FOR_RETRY. dag_id=etl_***, task_id=transform, execution_date=20240908T000000, start_date=20251217T045107, end_date=20251217T045108
[2025-12-17T04:51:08.410+0000] {standard_task_runner.py:107} ERROR - Failed to execute job 989 for task transform (transform_data() missing 1 required positional argument: 'df'; 3478)
[2025-12-17T04:51:08.435+0000] {local_task_job_runner.py:234} INFO - Task exited with return code 1
[2025-12-17T04:51:08.507+0000] {taskinstance.py:3280} INFO - 0 downstream tasks scheduled from follow-on schedule check
[2025-12-17T07:45:02.914+0000] {taskinstance.py:1956} INFO - Dependencies all met for dep_context=non-requeueable deps ti=<TaskInstance: etl_airflow.transform scheduled__2024-09-08T00:00:00+00:00 [queued]>
[2025-12-17T07:45:02.940+0000] {taskinstance.py:1956} INFO - Dependencies all met for dep_context=requeueable deps ti=<TaskInstance: etl_airflow.transform scheduled__2024-09-08T00:00:00+00:00 [queued]>
[2025-12-17T07:45:02.941+0000] {taskinstance.py:2170} INFO - Starting attempt 1 of 3
[2025-12-17T07:45:02.974+0000] {taskinstance.py:2191} INFO - Executing <Task(PythonOperator): transform> on 2024-09-08 00:00:00+00:00
[2025-12-17T07:45:02.987+0000] {standard_task_runner.py:60} INFO - Started process 3548 to run task
[2025-12-17T07:45:02.992+0000] {standard_task_runner.py:87} INFO - Running: ['***', 'tasks', 'run', 'etl_***', 'transform', 'scheduled__2024-09-08T00:00:00+00:00', '--job-id', '991', '--raw', '--subdir', 'DAGS_FOLDER/etl_***.py', '--cfg-path', '/tmp/tmpl_j6c2to']
[2025-12-17T07:45:02.999+0000] {standard_task_runner.py:88} INFO - Job 991: Subtask transform
[2025-12-17T07:45:03.129+0000] {task_command.py:423} INFO - Running <TaskInstance: etl_airflow.transform scheduled__2024-09-08T00:00:00+00:00 [running]> on host 2a0de06c8905
[2025-12-17T07:45:03.484+0000] {taskinstance.py:2480} INFO - Exporting env vars: AIRFLOW_CTX_DAG_OWNER='***' AIRFLOW_CTX_DAG_ID='etl_***' AIRFLOW_CTX_TASK_ID='transform' AIRFLOW_CTX_EXECUTION_DATE='2024-09-08T00:00:00+00:00' AIRFLOW_CTX_TRY_NUMBER='1' AIRFLOW_CTX_DAG_RUN_ID='scheduled__2024-09-08T00:00:00+00:00'
[2025-12-17T07:45:03.487+0000] {taskinstance.py:2698} ERROR - Task failed with exception
Traceback (most recent call last):
  File "/home/airflow/.local/lib/python3.8/site-packages/airflow/models/taskinstance.py", line 433, in _execute_task
    result = execute_callable(context=context, **execute_callable_kwargs)
  File "/home/airflow/.local/lib/python3.8/site-packages/airflow/operators/python.py", line 199, in execute
    return_value = self.execute_callable()
  File "/home/airflow/.local/lib/python3.8/site-packages/airflow/operators/python.py", line 216, in execute_callable
    return self.python_callable(*self.op_args, **self.op_kwargs)
TypeError: transform_data() missing 1 required positional argument: 'df'
[2025-12-17T07:45:03.503+0000] {taskinstance.py:1138} INFO - Marking task as UP_FOR_RETRY. dag_id=etl_***, task_id=transform, execution_date=20240908T000000, start_date=20251217T074502, end_date=20251217T074503
[2025-12-17T07:45:03.542+0000] {standard_task_runner.py:107} ERROR - Failed to execute job 991 for task transform (transform_data() missing 1 required positional argument: 'df'; 3548)
[2025-12-17T07:45:03.570+0000] {local_task_job_runner.py:234} INFO - Task exited with return code 1
[2025-12-17T07:45:03.616+0000] {taskinstance.py:3280} INFO - 0 downstream tasks scheduled from follow-on schedule check
