[2025-12-16T17:16:21.755+0000] {taskinstance.py:1956} INFO - Dependencies all met for dep_context=non-requeueable deps ti=<TaskInstance: etl_airflow.load scheduled__2025-01-24T00:00:00+00:00 [queued]>
[2025-12-16T17:16:21.780+0000] {taskinstance.py:1956} INFO - Dependencies all met for dep_context=requeueable deps ti=<TaskInstance: etl_airflow.load scheduled__2025-01-24T00:00:00+00:00 [queued]>
[2025-12-16T17:16:21.782+0000] {taskinstance.py:2170} INFO - Starting attempt 1 of 3
[2025-12-16T17:16:21.811+0000] {taskinstance.py:2191} INFO - Executing <Task(PythonOperator): load> on 2025-01-24 00:00:00+00:00
[2025-12-16T17:16:21.823+0000] {standard_task_runner.py:60} INFO - Started process 2611 to run task
[2025-12-16T17:16:21.830+0000] {standard_task_runner.py:87} INFO - Running: ['***', 'tasks', 'run', 'etl_***', 'load', 'scheduled__2025-01-24T00:00:00+00:00', '--job-id', '4902', '--raw', '--subdir', 'DAGS_FOLDER/etl_dag.py', '--cfg-path', '/tmp/tmpmpcu9fiz']
[2025-12-16T17:16:21.835+0000] {standard_task_runner.py:88} INFO - Job 4902: Subtask load
[2025-12-16T17:16:21.973+0000] {task_command.py:423} INFO - Running <TaskInstance: etl_airflow.load scheduled__2025-01-24T00:00:00+00:00 [running]> on host 3b89cfee50e9
[2025-12-16T17:16:22.181+0000] {taskinstance.py:2480} INFO - Exporting env vars: AIRFLOW_CTX_DAG_OWNER='***' AIRFLOW_CTX_DAG_ID='etl_***' AIRFLOW_CTX_TASK_ID='load' AIRFLOW_CTX_EXECUTION_DATE='2025-01-24T00:00:00+00:00' AIRFLOW_CTX_TRY_NUMBER='1' AIRFLOW_CTX_DAG_RUN_ID='scheduled__2025-01-24T00:00:00+00:00'
[2025-12-16T17:16:22.187+0000] {logging_mixin.py:188} INFO - [LOAD]
[2025-12-16T17:16:22.597+0000] {logging_mixin.py:188} INFO -    user_id event_type            timestamp country
0        1      login  2025-01-01T09:00:00      IN
1        1      click  2025-01-01T09:05:00      IN
2        1     logout  2025-01-01T09:15:00      IN
3        3      login  2025-01-02T08:00:00      FR
4        3      click  2025-01-02T08:05:00      FR
[2025-12-16T17:16:22.598+0000] {logging_mixin.py:188} INFO - [LOAD] done
[2025-12-16T17:16:22.599+0000] {python.py:201} INFO - Done. Returned value was: None
[2025-12-16T17:16:22.632+0000] {taskinstance.py:1138} INFO - Marking task as SUCCESS. dag_id=etl_***, task_id=load, execution_date=20250124T000000, start_date=20251216T171621, end_date=20251216T171622
[2025-12-16T17:16:22.711+0000] {local_task_job_runner.py:234} INFO - Task exited with return code 0
[2025-12-16T17:16:22.770+0000] {taskinstance.py:3280} INFO - 0 downstream tasks scheduled from follow-on schedule check
[2025-12-17T01:56:56.851+0000] {taskinstance.py:1956} INFO - Dependencies all met for dep_context=non-requeueable deps ti=<TaskInstance: etl_airflow.load scheduled__2025-01-24T00:00:00+00:00 [queued]>
[2025-12-17T01:56:56.870+0000] {taskinstance.py:1956} INFO - Dependencies all met for dep_context=requeueable deps ti=<TaskInstance: etl_airflow.load scheduled__2025-01-24T00:00:00+00:00 [queued]>
[2025-12-17T01:56:56.873+0000] {taskinstance.py:2170} INFO - Starting attempt 1 of 3
[2025-12-17T01:56:56.900+0000] {taskinstance.py:2191} INFO - Executing <Task(PythonOperator): load> on 2025-01-24 00:00:00+00:00
[2025-12-17T01:56:56.910+0000] {standard_task_runner.py:60} INFO - Started process 3985 to run task
[2025-12-17T01:56:56.916+0000] {standard_task_runner.py:87} INFO - Running: ['***', 'tasks', 'run', 'etl_***', 'load', 'scheduled__2025-01-24T00:00:00+00:00', '--job-id', '1192', '--raw', '--subdir', 'DAGS_FOLDER/etl_dag.py', '--cfg-path', '/tmp/tmpkz0w7by2']
[2025-12-17T01:56:56.920+0000] {standard_task_runner.py:88} INFO - Job 1192: Subtask load
[2025-12-17T01:56:57.049+0000] {task_command.py:423} INFO - Running <TaskInstance: etl_airflow.load scheduled__2025-01-24T00:00:00+00:00 [running]> on host 571e042550da
[2025-12-17T01:56:57.572+0000] {taskinstance.py:2480} INFO - Exporting env vars: AIRFLOW_CTX_DAG_OWNER='***' AIRFLOW_CTX_DAG_ID='etl_***' AIRFLOW_CTX_TASK_ID='load' AIRFLOW_CTX_EXECUTION_DATE='2025-01-24T00:00:00+00:00' AIRFLOW_CTX_TRY_NUMBER='1' AIRFLOW_CTX_DAG_RUN_ID='scheduled__2025-01-24T00:00:00+00:00'
[2025-12-17T01:56:57.575+0000] {logging_mixin.py:188} INFO - [LOAD]
[2025-12-17T01:56:57.605+0000] {logging_mixin.py:188} INFO -    user_id event_type            timestamp country
0        1      login  2025-01-01T09:00:00      IN
1        1      click  2025-01-01T09:05:00      IN
2        1     logout  2025-01-01T09:15:00      IN
3        3      login  2025-01-02T08:00:00      FR
4        3      click  2025-01-02T08:05:00      FR
[2025-12-17T01:56:57.607+0000] {logging_mixin.py:188} INFO - [LOAD] done
[2025-12-17T01:56:57.608+0000] {python.py:201} INFO - Done. Returned value was: None
[2025-12-17T01:56:57.631+0000] {taskinstance.py:1138} INFO - Marking task as SUCCESS. dag_id=etl_***, task_id=load, execution_date=20250124T000000, start_date=20251217T015656, end_date=20251217T015657
[2025-12-17T01:56:57.697+0000] {local_task_job_runner.py:234} INFO - Task exited with return code 0
[2025-12-17T01:56:57.732+0000] {taskinstance.py:3280} INFO - 0 downstream tasks scheduled from follow-on schedule check
