[2025-12-16T17:13:42.610+0000] {taskinstance.py:1956} INFO - Dependencies all met for dep_context=non-requeueable deps ti=<TaskInstance: etl_airflow.transform scheduled__2024-09-02T00:00:00+00:00 [queued]>
[2025-12-16T17:13:42.635+0000] {taskinstance.py:1956} INFO - Dependencies all met for dep_context=requeueable deps ti=<TaskInstance: etl_airflow.transform scheduled__2024-09-02T00:00:00+00:00 [queued]>
[2025-12-16T17:13:42.637+0000] {taskinstance.py:2170} INFO - Starting attempt 1 of 3
[2025-12-16T17:13:42.673+0000] {taskinstance.py:2191} INFO - Executing <Task(PythonOperator): transform> on 2024-09-02 00:00:00+00:00
[2025-12-16T17:13:42.689+0000] {standard_task_runner.py:60} INFO - Started process 883 to run task
[2025-12-16T17:13:42.703+0000] {standard_task_runner.py:87} INFO - Running: ['***', 'tasks', 'run', 'etl_***', 'transform', 'scheduled__2024-09-02T00:00:00+00:00', '--job-id', '4352', '--raw', '--subdir', 'DAGS_FOLDER/etl_dag.py', '--cfg-path', '/tmp/tmppz1ej29b']
[2025-12-16T17:13:42.711+0000] {standard_task_runner.py:88} INFO - Job 4352: Subtask transform
[2025-12-16T17:13:42.885+0000] {task_command.py:423} INFO - Running <TaskInstance: etl_airflow.transform scheduled__2024-09-02T00:00:00+00:00 [running]> on host 3b89cfee50e9
[2025-12-16T17:13:43.108+0000] {taskinstance.py:2480} INFO - Exporting env vars: AIRFLOW_CTX_DAG_OWNER='***' AIRFLOW_CTX_DAG_ID='etl_***' AIRFLOW_CTX_TASK_ID='transform' AIRFLOW_CTX_EXECUTION_DATE='2024-09-02T00:00:00+00:00' AIRFLOW_CTX_TRY_NUMBER='1' AIRFLOW_CTX_DAG_RUN_ID='scheduled__2024-09-02T00:00:00+00:00'
[2025-12-16T17:13:43.112+0000] {logging_mixin.py:188} INFO - [TRANSFORM]
[2025-12-16T17:13:43.469+0000] {logging_mixin.py:188} INFO - [TRANSFORM] done
[2025-12-16T17:13:43.471+0000] {python.py:201} INFO - Done. Returned value was: None
[2025-12-16T17:13:43.496+0000] {taskinstance.py:1138} INFO - Marking task as SUCCESS. dag_id=etl_***, task_id=transform, execution_date=20240902T000000, start_date=20251216T171342, end_date=20251216T171343
[2025-12-16T17:13:43.564+0000] {local_task_job_runner.py:234} INFO - Task exited with return code 0
[2025-12-16T17:13:43.799+0000] {taskinstance.py:3280} INFO - 1 downstream tasks scheduled from follow-on schedule check
[2025-12-17T01:54:26.734+0000] {taskinstance.py:1956} INFO - Dependencies all met for dep_context=non-requeueable deps ti=<TaskInstance: etl_airflow.transform scheduled__2024-09-02T00:00:00+00:00 [queued]>
[2025-12-17T01:54:26.768+0000] {taskinstance.py:1956} INFO - Dependencies all met for dep_context=requeueable deps ti=<TaskInstance: etl_airflow.transform scheduled__2024-09-02T00:00:00+00:00 [queued]>
[2025-12-17T01:54:26.769+0000] {taskinstance.py:2170} INFO - Starting attempt 1 of 3
[2025-12-17T01:54:26.984+0000] {taskinstance.py:2191} INFO - Executing <Task(PythonOperator): transform> on 2024-09-02 00:00:00+00:00
[2025-12-17T01:54:27.006+0000] {standard_task_runner.py:60} INFO - Started process 2586 to run task
[2025-12-17T01:54:27.024+0000] {standard_task_runner.py:87} INFO - Running: ['***', 'tasks', 'run', 'etl_***', 'transform', 'scheduled__2024-09-02T00:00:00+00:00', '--job-id', '748', '--raw', '--subdir', 'DAGS_FOLDER/etl_dag.py', '--cfg-path', '/tmp/tmplzmcqe95']
[2025-12-17T01:54:27.032+0000] {standard_task_runner.py:88} INFO - Job 748: Subtask transform
[2025-12-17T01:54:27.317+0000] {task_command.py:423} INFO - Running <TaskInstance: etl_airflow.transform scheduled__2024-09-02T00:00:00+00:00 [running]> on host 571e042550da
[2025-12-17T01:54:28.062+0000] {taskinstance.py:2480} INFO - Exporting env vars: AIRFLOW_CTX_DAG_OWNER='***' AIRFLOW_CTX_DAG_ID='etl_***' AIRFLOW_CTX_TASK_ID='transform' AIRFLOW_CTX_EXECUTION_DATE='2024-09-02T00:00:00+00:00' AIRFLOW_CTX_TRY_NUMBER='1' AIRFLOW_CTX_DAG_RUN_ID='scheduled__2024-09-02T00:00:00+00:00'
[2025-12-17T01:54:28.072+0000] {logging_mixin.py:188} INFO - [TRANSFORM]
[2025-12-17T01:54:28.260+0000] {logging_mixin.py:188} INFO - [TRANSFORM] done
[2025-12-17T01:54:28.264+0000] {python.py:201} INFO - Done. Returned value was: None
[2025-12-17T01:54:28.293+0000] {taskinstance.py:1138} INFO - Marking task as SUCCESS. dag_id=etl_***, task_id=transform, execution_date=20240902T000000, start_date=20251217T015426, end_date=20251217T015428
[2025-12-17T01:54:28.708+0000] {local_task_job_runner.py:234} INFO - Task exited with return code 0
[2025-12-17T01:54:28.778+0000] {taskinstance.py:3280} INFO - 1 downstream tasks scheduled from follow-on schedule check
[2025-12-17T04:51:06.178+0000] {taskinstance.py:1956} INFO - Dependencies all met for dep_context=non-requeueable deps ti=<TaskInstance: etl_airflow.transform scheduled__2024-09-02T00:00:00+00:00 [queued]>
[2025-12-17T04:51:06.199+0000] {taskinstance.py:1956} INFO - Dependencies all met for dep_context=requeueable deps ti=<TaskInstance: etl_airflow.transform scheduled__2024-09-02T00:00:00+00:00 [queued]>
[2025-12-17T04:51:06.200+0000] {taskinstance.py:2170} INFO - Starting attempt 1 of 3
[2025-12-17T04:51:06.237+0000] {taskinstance.py:2191} INFO - Executing <Task(PythonOperator): transform> on 2024-09-02 00:00:00+00:00
[2025-12-17T04:51:06.247+0000] {standard_task_runner.py:60} INFO - Started process 3458 to run task
[2025-12-17T04:51:06.254+0000] {standard_task_runner.py:87} INFO - Running: ['***', 'tasks', 'run', 'etl_***', 'transform', 'scheduled__2024-09-02T00:00:00+00:00', '--job-id', '978', '--raw', '--subdir', 'DAGS_FOLDER/etl_***.py', '--cfg-path', '/tmp/tmpl1mu_6in']
[2025-12-17T04:51:06.262+0000] {standard_task_runner.py:88} INFO - Job 978: Subtask transform
[2025-12-17T04:51:06.403+0000] {task_command.py:423} INFO - Running <TaskInstance: etl_airflow.transform scheduled__2024-09-02T00:00:00+00:00 [running]> on host b3426f05ac70
[2025-12-17T04:51:06.827+0000] {taskinstance.py:2480} INFO - Exporting env vars: AIRFLOW_CTX_DAG_OWNER='***' AIRFLOW_CTX_DAG_ID='etl_***' AIRFLOW_CTX_TASK_ID='transform' AIRFLOW_CTX_EXECUTION_DATE='2024-09-02T00:00:00+00:00' AIRFLOW_CTX_TRY_NUMBER='1' AIRFLOW_CTX_DAG_RUN_ID='scheduled__2024-09-02T00:00:00+00:00'
[2025-12-17T04:51:06.831+0000] {taskinstance.py:2698} ERROR - Task failed with exception
Traceback (most recent call last):
  File "/home/airflow/.local/lib/python3.8/site-packages/airflow/models/taskinstance.py", line 433, in _execute_task
    result = execute_callable(context=context, **execute_callable_kwargs)
  File "/home/airflow/.local/lib/python3.8/site-packages/airflow/operators/python.py", line 199, in execute
    return_value = self.execute_callable()
  File "/home/airflow/.local/lib/python3.8/site-packages/airflow/operators/python.py", line 216, in execute_callable
    return self.python_callable(*self.op_args, **self.op_kwargs)
TypeError: transform_data() missing 1 required positional argument: 'df'
[2025-12-17T04:51:06.842+0000] {taskinstance.py:1138} INFO - Marking task as UP_FOR_RETRY. dag_id=etl_***, task_id=transform, execution_date=20240902T000000, start_date=20251217T045106, end_date=20251217T045106
[2025-12-17T04:51:06.955+0000] {standard_task_runner.py:107} ERROR - Failed to execute job 978 for task transform (transform_data() missing 1 required positional argument: 'df'; 3458)
[2025-12-17T04:51:07.008+0000] {local_task_job_runner.py:234} INFO - Task exited with return code 1
[2025-12-17T04:51:07.050+0000] {taskinstance.py:3280} INFO - 0 downstream tasks scheduled from follow-on schedule check
[2025-12-17T07:45:00.902+0000] {taskinstance.py:1956} INFO - Dependencies all met for dep_context=non-requeueable deps ti=<TaskInstance: etl_airflow.transform scheduled__2024-09-02T00:00:00+00:00 [queued]>
[2025-12-17T07:45:00.930+0000] {taskinstance.py:1956} INFO - Dependencies all met for dep_context=requeueable deps ti=<TaskInstance: etl_airflow.transform scheduled__2024-09-02T00:00:00+00:00 [queued]>
[2025-12-17T07:45:00.932+0000] {taskinstance.py:2170} INFO - Starting attempt 1 of 3
[2025-12-17T07:45:00.979+0000] {taskinstance.py:2191} INFO - Executing <Task(PythonOperator): transform> on 2024-09-02 00:00:00+00:00
[2025-12-17T07:45:00.991+0000] {standard_task_runner.py:60} INFO - Started process 3533 to run task
[2025-12-17T07:45:01.004+0000] {standard_task_runner.py:87} INFO - Running: ['***', 'tasks', 'run', 'etl_***', 'transform', 'scheduled__2024-09-02T00:00:00+00:00', '--job-id', '984', '--raw', '--subdir', 'DAGS_FOLDER/etl_***.py', '--cfg-path', '/tmp/tmpy1d9ftge']
[2025-12-17T07:45:01.011+0000] {standard_task_runner.py:88} INFO - Job 984: Subtask transform
[2025-12-17T07:45:01.249+0000] {task_command.py:423} INFO - Running <TaskInstance: etl_airflow.transform scheduled__2024-09-02T00:00:00+00:00 [running]> on host 2a0de06c8905
[2025-12-17T07:45:01.781+0000] {taskinstance.py:2480} INFO - Exporting env vars: AIRFLOW_CTX_DAG_OWNER='***' AIRFLOW_CTX_DAG_ID='etl_***' AIRFLOW_CTX_TASK_ID='transform' AIRFLOW_CTX_EXECUTION_DATE='2024-09-02T00:00:00+00:00' AIRFLOW_CTX_TRY_NUMBER='1' AIRFLOW_CTX_DAG_RUN_ID='scheduled__2024-09-02T00:00:00+00:00'
[2025-12-17T07:45:01.785+0000] {taskinstance.py:2698} ERROR - Task failed with exception
Traceback (most recent call last):
  File "/home/airflow/.local/lib/python3.8/site-packages/airflow/models/taskinstance.py", line 433, in _execute_task
    result = execute_callable(context=context, **execute_callable_kwargs)
  File "/home/airflow/.local/lib/python3.8/site-packages/airflow/operators/python.py", line 199, in execute
    return_value = self.execute_callable()
  File "/home/airflow/.local/lib/python3.8/site-packages/airflow/operators/python.py", line 216, in execute_callable
    return self.python_callable(*self.op_args, **self.op_kwargs)
TypeError: transform_data() missing 1 required positional argument: 'df'
[2025-12-17T07:45:01.803+0000] {taskinstance.py:1138} INFO - Marking task as UP_FOR_RETRY. dag_id=etl_***, task_id=transform, execution_date=20240902T000000, start_date=20251217T074500, end_date=20251217T074501
[2025-12-17T07:45:01.837+0000] {standard_task_runner.py:107} ERROR - Failed to execute job 984 for task transform (transform_data() missing 1 required positional argument: 'df'; 3533)
[2025-12-17T07:45:01.880+0000] {local_task_job_runner.py:234} INFO - Task exited with return code 1
[2025-12-17T07:45:02.191+0000] {taskinstance.py:3280} INFO - 0 downstream tasks scheduled from follow-on schedule check
