[2025-12-17T04:54:15.362+0000] {taskinstance.py:1956} INFO - Dependencies all met for dep_context=non-requeueable deps ti=<TaskInstance: etl_airflow.transform scheduled__2024-11-25T00:00:00+00:00 [queued]>
[2025-12-17T04:54:15.374+0000] {taskinstance.py:1956} INFO - Dependencies all met for dep_context=requeueable deps ti=<TaskInstance: etl_airflow.transform scheduled__2024-11-25T00:00:00+00:00 [queued]>
[2025-12-17T04:54:15.375+0000] {taskinstance.py:2170} INFO - Starting attempt 2 of 3
[2025-12-17T04:54:15.456+0000] {taskinstance.py:2191} INFO - Executing <Task(PythonOperator): transform> on 2024-11-25 00:00:00+00:00
[2025-12-17T04:54:15.468+0000] {standard_task_runner.py:60} INFO - Started process 4588 to run task
[2025-12-17T04:54:15.472+0000] {standard_task_runner.py:87} INFO - Running: ['***', 'tasks', 'run', 'etl_***', 'transform', 'scheduled__2024-11-25T00:00:00+00:00', '--job-id', '1321', '--raw', '--subdir', 'DAGS_FOLDER/etl_***.py', '--cfg-path', '/tmp/tmphk96bto1']
[2025-12-17T04:54:15.476+0000] {standard_task_runner.py:88} INFO - Job 1321: Subtask transform
[2025-12-17T04:54:15.586+0000] {task_command.py:423} INFO - Running <TaskInstance: etl_airflow.transform scheduled__2024-11-25T00:00:00+00:00 [running]> on host b3426f05ac70
[2025-12-17T04:54:15.950+0000] {taskinstance.py:2480} INFO - Exporting env vars: AIRFLOW_CTX_DAG_OWNER='***' AIRFLOW_CTX_DAG_ID='etl_***' AIRFLOW_CTX_TASK_ID='transform' AIRFLOW_CTX_EXECUTION_DATE='2024-11-25T00:00:00+00:00' AIRFLOW_CTX_TRY_NUMBER='2' AIRFLOW_CTX_DAG_RUN_ID='scheduled__2024-11-25T00:00:00+00:00'
[2025-12-17T04:54:15.954+0000] {taskinstance.py:2698} ERROR - Task failed with exception
Traceback (most recent call last):
  File "/home/airflow/.local/lib/python3.8/site-packages/airflow/models/taskinstance.py", line 433, in _execute_task
    result = execute_callable(context=context, **execute_callable_kwargs)
  File "/home/airflow/.local/lib/python3.8/site-packages/airflow/operators/python.py", line 199, in execute
    return_value = self.execute_callable()
  File "/home/airflow/.local/lib/python3.8/site-packages/airflow/operators/python.py", line 216, in execute_callable
    return self.python_callable(*self.op_args, **self.op_kwargs)
TypeError: transform_data() missing 1 required positional argument: 'df'
[2025-12-17T04:54:15.968+0000] {taskinstance.py:1138} INFO - Marking task as UP_FOR_RETRY. dag_id=etl_***, task_id=transform, execution_date=20241125T000000, start_date=20251217T045415, end_date=20251217T045415
[2025-12-17T04:54:16.017+0000] {standard_task_runner.py:107} ERROR - Failed to execute job 1321 for task transform (transform_data() missing 1 required positional argument: 'df'; 4588)
[2025-12-17T04:54:16.089+0000] {local_task_job_runner.py:234} INFO - Task exited with return code 1
[2025-12-17T04:54:16.265+0000] {taskinstance.py:3280} INFO - 0 downstream tasks scheduled from follow-on schedule check
[2025-12-17T07:59:30.553+0000] {taskinstance.py:1956} INFO - Dependencies all met for dep_context=non-requeueable deps ti=<TaskInstance: etl_airflow.transform scheduled__2024-11-25T00:00:00+00:00 [queued]>
[2025-12-17T07:59:30.575+0000] {taskinstance.py:1956} INFO - Dependencies all met for dep_context=requeueable deps ti=<TaskInstance: etl_airflow.transform scheduled__2024-11-25T00:00:00+00:00 [queued]>
[2025-12-17T07:59:30.577+0000] {taskinstance.py:2170} INFO - Starting attempt 2 of 3
[2025-12-17T07:59:30.610+0000] {taskinstance.py:2191} INFO - Executing <Task(PythonOperator): transform> on 2024-11-25 00:00:00+00:00
[2025-12-17T07:59:30.627+0000] {standard_task_runner.py:60} INFO - Started process 4684 to run task
[2025-12-17T07:59:30.634+0000] {standard_task_runner.py:87} INFO - Running: ['***', 'tasks', 'run', 'etl_***', 'transform', 'scheduled__2024-11-25T00:00:00+00:00', '--job-id', '1326', '--raw', '--subdir', 'DAGS_FOLDER/etl_***.py', '--cfg-path', '/tmp/tmpsh9lvh8a']
[2025-12-17T07:59:30.646+0000] {standard_task_runner.py:88} INFO - Job 1326: Subtask transform
[2025-12-17T07:59:30.798+0000] {task_command.py:423} INFO - Running <TaskInstance: etl_airflow.transform scheduled__2024-11-25T00:00:00+00:00 [running]> on host 2a0de06c8905
[2025-12-17T07:59:31.225+0000] {taskinstance.py:2480} INFO - Exporting env vars: AIRFLOW_CTX_DAG_OWNER='***' AIRFLOW_CTX_DAG_ID='etl_***' AIRFLOW_CTX_TASK_ID='transform' AIRFLOW_CTX_EXECUTION_DATE='2024-11-25T00:00:00+00:00' AIRFLOW_CTX_TRY_NUMBER='2' AIRFLOW_CTX_DAG_RUN_ID='scheduled__2024-11-25T00:00:00+00:00'
[2025-12-17T07:59:31.229+0000] {taskinstance.py:2698} ERROR - Task failed with exception
Traceback (most recent call last):
  File "/home/airflow/.local/lib/python3.8/site-packages/airflow/models/taskinstance.py", line 433, in _execute_task
    result = execute_callable(context=context, **execute_callable_kwargs)
  File "/home/airflow/.local/lib/python3.8/site-packages/airflow/operators/python.py", line 199, in execute
    return_value = self.execute_callable()
  File "/home/airflow/.local/lib/python3.8/site-packages/airflow/operators/python.py", line 216, in execute_callable
    return self.python_callable(*self.op_args, **self.op_kwargs)
TypeError: transform_data() missing 1 required positional argument: 'df'
[2025-12-17T07:59:31.246+0000] {taskinstance.py:1138} INFO - Marking task as UP_FOR_RETRY. dag_id=etl_***, task_id=transform, execution_date=20241125T000000, start_date=20251217T075930, end_date=20251217T075931
[2025-12-17T07:59:31.367+0000] {standard_task_runner.py:107} ERROR - Failed to execute job 1326 for task transform (transform_data() missing 1 required positional argument: 'df'; 4684)
[2025-12-17T07:59:31.417+0000] {local_task_job_runner.py:234} INFO - Task exited with return code 1
[2025-12-17T07:59:31.465+0000] {taskinstance.py:3280} INFO - 0 downstream tasks scheduled from follow-on schedule check
