[2025-12-16T17:15:01.558+0000] {taskinstance.py:1956} INFO - Dependencies all met for dep_context=non-requeueable deps ti=<TaskInstance: etl_airflow.transform scheduled__2024-11-25T00:00:00+00:00 [queued]>
[2025-12-16T17:15:01.586+0000] {taskinstance.py:1956} INFO - Dependencies all met for dep_context=requeueable deps ti=<TaskInstance: etl_airflow.transform scheduled__2024-11-25T00:00:00+00:00 [queued]>
[2025-12-16T17:15:01.587+0000] {taskinstance.py:2170} INFO - Starting attempt 1 of 3
[2025-12-16T17:15:01.754+0000] {taskinstance.py:2191} INFO - Executing <Task(PythonOperator): transform> on 2024-11-25 00:00:00+00:00
[2025-12-16T17:15:01.774+0000] {standard_task_runner.py:60} INFO - Started process 1704 to run task
[2025-12-16T17:15:01.783+0000] {standard_task_runner.py:87} INFO - Running: ['***', 'tasks', 'run', 'etl_***', 'transform', 'scheduled__2024-11-25T00:00:00+00:00', '--job-id', '4612', '--raw', '--subdir', 'DAGS_FOLDER/etl_dag.py', '--cfg-path', '/tmp/tmp6za465tv']
[2025-12-16T17:15:01.790+0000] {standard_task_runner.py:88} INFO - Job 4612: Subtask transform
[2025-12-16T17:15:01.999+0000] {task_command.py:423} INFO - Running <TaskInstance: etl_airflow.transform scheduled__2024-11-25T00:00:00+00:00 [running]> on host 3b89cfee50e9
[2025-12-16T17:15:02.307+0000] {taskinstance.py:2480} INFO - Exporting env vars: AIRFLOW_CTX_DAG_OWNER='***' AIRFLOW_CTX_DAG_ID='etl_***' AIRFLOW_CTX_TASK_ID='transform' AIRFLOW_CTX_EXECUTION_DATE='2024-11-25T00:00:00+00:00' AIRFLOW_CTX_TRY_NUMBER='1' AIRFLOW_CTX_DAG_RUN_ID='scheduled__2024-11-25T00:00:00+00:00'
[2025-12-16T17:15:02.312+0000] {logging_mixin.py:188} INFO - [TRANSFORM]
[2025-12-16T17:15:02.742+0000] {logging_mixin.py:188} INFO - [TRANSFORM] done
[2025-12-16T17:15:02.746+0000] {python.py:201} INFO - Done. Returned value was: None
[2025-12-16T17:15:02.775+0000] {taskinstance.py:1138} INFO - Marking task as SUCCESS. dag_id=etl_***, task_id=transform, execution_date=20241125T000000, start_date=20251216T171501, end_date=20251216T171502
[2025-12-16T17:15:02.858+0000] {local_task_job_runner.py:234} INFO - Task exited with return code 0
[2025-12-16T17:15:03.164+0000] {taskinstance.py:3280} INFO - 0 downstream tasks scheduled from follow-on schedule check
[2025-12-17T01:55:58.340+0000] {taskinstance.py:1956} INFO - Dependencies all met for dep_context=non-requeueable deps ti=<TaskInstance: etl_airflow.transform scheduled__2024-11-25T00:00:00+00:00 [queued]>
[2025-12-17T01:55:58.373+0000] {taskinstance.py:1956} INFO - Dependencies all met for dep_context=requeueable deps ti=<TaskInstance: etl_airflow.transform scheduled__2024-11-25T00:00:00+00:00 [queued]>
[2025-12-17T01:55:58.375+0000] {taskinstance.py:2170} INFO - Starting attempt 1 of 3
[2025-12-17T01:55:58.434+0000] {taskinstance.py:2191} INFO - Executing <Task(PythonOperator): transform> on 2024-11-25 00:00:00+00:00
[2025-12-17T01:55:58.446+0000] {standard_task_runner.py:60} INFO - Started process 3414 to run task
[2025-12-17T01:55:58.461+0000] {standard_task_runner.py:87} INFO - Running: ['***', 'tasks', 'run', 'etl_***', 'transform', 'scheduled__2024-11-25T00:00:00+00:00', '--job-id', '1009', '--raw', '--subdir', 'DAGS_FOLDER/etl_dag.py', '--cfg-path', '/tmp/tmp8fsng5fg']
[2025-12-17T01:55:58.466+0000] {standard_task_runner.py:88} INFO - Job 1009: Subtask transform
[2025-12-17T01:55:58.652+0000] {task_command.py:423} INFO - Running <TaskInstance: etl_airflow.transform scheduled__2024-11-25T00:00:00+00:00 [running]> on host 571e042550da
[2025-12-17T01:55:59.430+0000] {taskinstance.py:2480} INFO - Exporting env vars: AIRFLOW_CTX_DAG_OWNER='***' AIRFLOW_CTX_DAG_ID='etl_***' AIRFLOW_CTX_TASK_ID='transform' AIRFLOW_CTX_EXECUTION_DATE='2024-11-25T00:00:00+00:00' AIRFLOW_CTX_TRY_NUMBER='1' AIRFLOW_CTX_DAG_RUN_ID='scheduled__2024-11-25T00:00:00+00:00'
[2025-12-17T01:55:59.439+0000] {logging_mixin.py:188} INFO - [TRANSFORM]
[2025-12-17T01:55:59.514+0000] {logging_mixin.py:188} INFO - [TRANSFORM] done
[2025-12-17T01:55:59.518+0000] {python.py:201} INFO - Done. Returned value was: None
[2025-12-17T01:55:59.542+0000] {taskinstance.py:1138} INFO - Marking task as SUCCESS. dag_id=etl_***, task_id=transform, execution_date=20241125T000000, start_date=20251217T015558, end_date=20251217T015559
[2025-12-17T01:55:59.664+0000] {local_task_job_runner.py:234} INFO - Task exited with return code 0
[2025-12-17T01:56:00.012+0000] {taskinstance.py:3280} INFO - 0 downstream tasks scheduled from follow-on schedule check
[2025-12-17T04:54:03.617+0000] {taskinstance.py:1956} INFO - Dependencies all met for dep_context=non-requeueable deps ti=<TaskInstance: etl_airflow.transform scheduled__2024-11-25T00:00:00+00:00 [queued]>
[2025-12-17T04:54:03.632+0000] {taskinstance.py:1956} INFO - Dependencies all met for dep_context=requeueable deps ti=<TaskInstance: etl_airflow.transform scheduled__2024-11-25T00:00:00+00:00 [queued]>
[2025-12-17T04:54:03.633+0000] {taskinstance.py:2170} INFO - Starting attempt 1 of 3
[2025-12-17T04:54:03.688+0000] {taskinstance.py:2191} INFO - Executing <Task(PythonOperator): transform> on 2024-11-25 00:00:00+00:00
[2025-12-17T04:54:03.699+0000] {standard_task_runner.py:60} INFO - Started process 4525 to run task
[2025-12-17T04:54:03.703+0000] {standard_task_runner.py:87} INFO - Running: ['***', 'tasks', 'run', 'etl_***', 'transform', 'scheduled__2024-11-25T00:00:00+00:00', '--job-id', '1306', '--raw', '--subdir', 'DAGS_FOLDER/etl_***.py', '--cfg-path', '/tmp/tmpoe9y6wqq']
[2025-12-17T04:54:03.712+0000] {standard_task_runner.py:88} INFO - Job 1306: Subtask transform
[2025-12-17T04:54:03.824+0000] {task_command.py:423} INFO - Running <TaskInstance: etl_airflow.transform scheduled__2024-11-25T00:00:00+00:00 [running]> on host b3426f05ac70
[2025-12-17T04:54:04.204+0000] {taskinstance.py:2480} INFO - Exporting env vars: AIRFLOW_CTX_DAG_OWNER='***' AIRFLOW_CTX_DAG_ID='etl_***' AIRFLOW_CTX_TASK_ID='transform' AIRFLOW_CTX_EXECUTION_DATE='2024-11-25T00:00:00+00:00' AIRFLOW_CTX_TRY_NUMBER='1' AIRFLOW_CTX_DAG_RUN_ID='scheduled__2024-11-25T00:00:00+00:00'
[2025-12-17T04:54:04.206+0000] {taskinstance.py:2698} ERROR - Task failed with exception
Traceback (most recent call last):
  File "/home/airflow/.local/lib/python3.8/site-packages/airflow/models/taskinstance.py", line 433, in _execute_task
    result = execute_callable(context=context, **execute_callable_kwargs)
  File "/home/airflow/.local/lib/python3.8/site-packages/airflow/operators/python.py", line 199, in execute
    return_value = self.execute_callable()
  File "/home/airflow/.local/lib/python3.8/site-packages/airflow/operators/python.py", line 216, in execute_callable
    return self.python_callable(*self.op_args, **self.op_kwargs)
TypeError: transform_data() missing 1 required positional argument: 'df'
[2025-12-17T04:54:04.218+0000] {taskinstance.py:1138} INFO - Marking task as UP_FOR_RETRY. dag_id=etl_***, task_id=transform, execution_date=20241125T000000, start_date=20251217T045403, end_date=20251217T045404
[2025-12-17T04:54:04.269+0000] {standard_task_runner.py:107} ERROR - Failed to execute job 1306 for task transform (transform_data() missing 1 required positional argument: 'df'; 4525)
[2025-12-17T04:54:04.320+0000] {local_task_job_runner.py:234} INFO - Task exited with return code 1
[2025-12-17T04:54:04.517+0000] {taskinstance.py:3280} INFO - 0 downstream tasks scheduled from follow-on schedule check
[2025-12-17T07:59:18.219+0000] {taskinstance.py:1956} INFO - Dependencies all met for dep_context=non-requeueable deps ti=<TaskInstance: etl_airflow.transform scheduled__2024-11-25T00:00:00+00:00 [queued]>
[2025-12-17T07:59:18.238+0000] {taskinstance.py:1956} INFO - Dependencies all met for dep_context=requeueable deps ti=<TaskInstance: etl_airflow.transform scheduled__2024-11-25T00:00:00+00:00 [queued]>
[2025-12-17T07:59:18.240+0000] {taskinstance.py:2170} INFO - Starting attempt 1 of 3
[2025-12-17T07:59:18.264+0000] {taskinstance.py:2191} INFO - Executing <Task(PythonOperator): transform> on 2024-11-25 00:00:00+00:00
[2025-12-17T07:59:18.274+0000] {standard_task_runner.py:60} INFO - Started process 4618 to run task
[2025-12-17T07:59:18.280+0000] {standard_task_runner.py:87} INFO - Running: ['***', 'tasks', 'run', 'etl_***', 'transform', 'scheduled__2024-11-25T00:00:00+00:00', '--job-id', '1308', '--raw', '--subdir', 'DAGS_FOLDER/etl_***.py', '--cfg-path', '/tmp/tmp5rzbpk8f']
[2025-12-17T07:59:18.285+0000] {standard_task_runner.py:88} INFO - Job 1308: Subtask transform
[2025-12-17T07:59:18.407+0000] {task_command.py:423} INFO - Running <TaskInstance: etl_airflow.transform scheduled__2024-11-25T00:00:00+00:00 [running]> on host 2a0de06c8905
[2025-12-17T07:59:18.792+0000] {taskinstance.py:2480} INFO - Exporting env vars: AIRFLOW_CTX_DAG_OWNER='***' AIRFLOW_CTX_DAG_ID='etl_***' AIRFLOW_CTX_TASK_ID='transform' AIRFLOW_CTX_EXECUTION_DATE='2024-11-25T00:00:00+00:00' AIRFLOW_CTX_TRY_NUMBER='1' AIRFLOW_CTX_DAG_RUN_ID='scheduled__2024-11-25T00:00:00+00:00'
[2025-12-17T07:59:18.797+0000] {taskinstance.py:2698} ERROR - Task failed with exception
Traceback (most recent call last):
  File "/home/airflow/.local/lib/python3.8/site-packages/airflow/models/taskinstance.py", line 433, in _execute_task
    result = execute_callable(context=context, **execute_callable_kwargs)
  File "/home/airflow/.local/lib/python3.8/site-packages/airflow/operators/python.py", line 199, in execute
    return_value = self.execute_callable()
  File "/home/airflow/.local/lib/python3.8/site-packages/airflow/operators/python.py", line 216, in execute_callable
    return self.python_callable(*self.op_args, **self.op_kwargs)
TypeError: transform_data() missing 1 required positional argument: 'df'
[2025-12-17T07:59:18.812+0000] {taskinstance.py:1138} INFO - Marking task as UP_FOR_RETRY. dag_id=etl_***, task_id=transform, execution_date=20241125T000000, start_date=20251217T075918, end_date=20251217T075918
[2025-12-17T07:59:18.831+0000] {standard_task_runner.py:107} ERROR - Failed to execute job 1308 for task transform (transform_data() missing 1 required positional argument: 'df'; 4618)
[2025-12-17T07:59:18.858+0000] {local_task_job_runner.py:234} INFO - Task exited with return code 1
[2025-12-17T07:59:18.898+0000] {taskinstance.py:3280} INFO - 0 downstream tasks scheduled from follow-on schedule check
