[2025-12-17T04:53:04.313+0000] {taskinstance.py:1956} INFO - Dependencies all met for dep_context=non-requeueable deps ti=<TaskInstance: etl_airflow.transform scheduled__2024-10-23T00:00:00+00:00 [queued]>
[2025-12-17T04:53:04.330+0000] {taskinstance.py:1956} INFO - Dependencies all met for dep_context=requeueable deps ti=<TaskInstance: etl_airflow.transform scheduled__2024-10-23T00:00:00+00:00 [queued]>
[2025-12-17T04:53:04.331+0000] {taskinstance.py:2170} INFO - Starting attempt 2 of 3
[2025-12-17T04:53:04.355+0000] {taskinstance.py:2191} INFO - Executing <Task(PythonOperator): transform> on 2024-10-23 00:00:00+00:00
[2025-12-17T04:53:04.367+0000] {standard_task_runner.py:60} INFO - Started process 4155 to run task
[2025-12-17T04:53:04.373+0000] {standard_task_runner.py:87} INFO - Running: ['***', 'tasks', 'run', 'etl_***', 'transform', 'scheduled__2024-10-23T00:00:00+00:00', '--job-id', '1194', '--raw', '--subdir', 'DAGS_FOLDER/etl_***.py', '--cfg-path', '/tmp/tmpzmf_ip_t']
[2025-12-17T04:53:04.382+0000] {standard_task_runner.py:88} INFO - Job 1194: Subtask transform
[2025-12-17T04:53:04.520+0000] {task_command.py:423} INFO - Running <TaskInstance: etl_airflow.transform scheduled__2024-10-23T00:00:00+00:00 [running]> on host b3426f05ac70
[2025-12-17T04:53:04.932+0000] {taskinstance.py:2480} INFO - Exporting env vars: AIRFLOW_CTX_DAG_OWNER='***' AIRFLOW_CTX_DAG_ID='etl_***' AIRFLOW_CTX_TASK_ID='transform' AIRFLOW_CTX_EXECUTION_DATE='2024-10-23T00:00:00+00:00' AIRFLOW_CTX_TRY_NUMBER='2' AIRFLOW_CTX_DAG_RUN_ID='scheduled__2024-10-23T00:00:00+00:00'
[2025-12-17T04:53:04.934+0000] {taskinstance.py:2698} ERROR - Task failed with exception
Traceback (most recent call last):
  File "/home/airflow/.local/lib/python3.8/site-packages/airflow/models/taskinstance.py", line 433, in _execute_task
    result = execute_callable(context=context, **execute_callable_kwargs)
  File "/home/airflow/.local/lib/python3.8/site-packages/airflow/operators/python.py", line 199, in execute
    return_value = self.execute_callable()
  File "/home/airflow/.local/lib/python3.8/site-packages/airflow/operators/python.py", line 216, in execute_callable
    return self.python_callable(*self.op_args, **self.op_kwargs)
TypeError: transform_data() missing 1 required positional argument: 'df'
[2025-12-17T04:53:04.947+0000] {taskinstance.py:1138} INFO - Marking task as UP_FOR_RETRY. dag_id=etl_***, task_id=transform, execution_date=20241023T000000, start_date=20251217T045304, end_date=20251217T045304
[2025-12-17T04:53:04.966+0000] {standard_task_runner.py:107} ERROR - Failed to execute job 1194 for task transform (transform_data() missing 1 required positional argument: 'df'; 4155)
[2025-12-17T04:53:04.994+0000] {local_task_job_runner.py:234} INFO - Task exited with return code 1
[2025-12-17T04:53:05.021+0000] {taskinstance.py:3280} INFO - 0 downstream tasks scheduled from follow-on schedule check
[2025-12-17T07:58:12.077+0000] {taskinstance.py:1956} INFO - Dependencies all met for dep_context=non-requeueable deps ti=<TaskInstance: etl_airflow.transform scheduled__2024-10-23T00:00:00+00:00 [queued]>
[2025-12-17T07:58:12.096+0000] {taskinstance.py:1956} INFO - Dependencies all met for dep_context=requeueable deps ti=<TaskInstance: etl_airflow.transform scheduled__2024-10-23T00:00:00+00:00 [queued]>
[2025-12-17T07:58:12.099+0000] {taskinstance.py:2170} INFO - Starting attempt 2 of 3
[2025-12-17T07:58:12.130+0000] {taskinstance.py:2191} INFO - Executing <Task(PythonOperator): transform> on 2024-10-23 00:00:00+00:00
[2025-12-17T07:58:12.141+0000] {standard_task_runner.py:60} INFO - Started process 4249 to run task
[2025-12-17T07:58:12.148+0000] {standard_task_runner.py:87} INFO - Running: ['***', 'tasks', 'run', 'etl_***', 'transform', 'scheduled__2024-10-23T00:00:00+00:00', '--job-id', '1198', '--raw', '--subdir', 'DAGS_FOLDER/etl_***.py', '--cfg-path', '/tmp/tmpegsshtez']
[2025-12-17T07:58:12.153+0000] {standard_task_runner.py:88} INFO - Job 1198: Subtask transform
[2025-12-17T07:58:12.354+0000] {task_command.py:423} INFO - Running <TaskInstance: etl_airflow.transform scheduled__2024-10-23T00:00:00+00:00 [running]> on host 2a0de06c8905
[2025-12-17T07:58:12.959+0000] {taskinstance.py:2480} INFO - Exporting env vars: AIRFLOW_CTX_DAG_OWNER='***' AIRFLOW_CTX_DAG_ID='etl_***' AIRFLOW_CTX_TASK_ID='transform' AIRFLOW_CTX_EXECUTION_DATE='2024-10-23T00:00:00+00:00' AIRFLOW_CTX_TRY_NUMBER='2' AIRFLOW_CTX_DAG_RUN_ID='scheduled__2024-10-23T00:00:00+00:00'
[2025-12-17T07:58:12.965+0000] {taskinstance.py:2698} ERROR - Task failed with exception
Traceback (most recent call last):
  File "/home/airflow/.local/lib/python3.8/site-packages/airflow/models/taskinstance.py", line 433, in _execute_task
    result = execute_callable(context=context, **execute_callable_kwargs)
  File "/home/airflow/.local/lib/python3.8/site-packages/airflow/operators/python.py", line 199, in execute
    return_value = self.execute_callable()
  File "/home/airflow/.local/lib/python3.8/site-packages/airflow/operators/python.py", line 216, in execute_callable
    return self.python_callable(*self.op_args, **self.op_kwargs)
TypeError: transform_data() missing 1 required positional argument: 'df'
[2025-12-17T07:58:12.991+0000] {taskinstance.py:1138} INFO - Marking task as UP_FOR_RETRY. dag_id=etl_***, task_id=transform, execution_date=20241023T000000, start_date=20251217T075812, end_date=20251217T075812
[2025-12-17T07:58:13.298+0000] {standard_task_runner.py:107} ERROR - Failed to execute job 1198 for task transform (transform_data() missing 1 required positional argument: 'df'; 4249)
[2025-12-17T07:58:13.330+0000] {local_task_job_runner.py:234} INFO - Task exited with return code 1
[2025-12-17T07:58:13.373+0000] {taskinstance.py:3280} INFO - 0 downstream tasks scheduled from follow-on schedule check
