[2025-12-16T17:10:38.407+0000] {taskinstance.py:1956} INFO - Dependencies all met for dep_context=non-requeueable deps ti=<TaskInstance: etl_airflow.load scheduled__2024-02-26T00:00:00+00:00 [queued]>
[2025-12-16T17:10:38.441+0000] {taskinstance.py:1956} INFO - Dependencies all met for dep_context=requeueable deps ti=<TaskInstance: etl_airflow.load scheduled__2024-02-26T00:00:00+00:00 [queued]>
[2025-12-16T17:10:38.442+0000] {taskinstance.py:2170} INFO - Starting attempt 1 of 3
[2025-12-16T17:10:38.492+0000] {taskinstance.py:2191} INFO - Executing <Task(PythonOperator): load> on 2024-02-26 00:00:00+00:00
[2025-12-16T17:10:38.520+0000] {standard_task_runner.py:60} INFO - Started process 952 to run task
[2025-12-16T17:10:38.537+0000] {standard_task_runner.py:87} INFO - Running: ['***', 'tasks', 'run', 'etl_***', 'load', 'scheduled__2024-02-26T00:00:00+00:00', '--job-id', '3797', '--raw', '--subdir', 'DAGS_FOLDER/etl_dag.py', '--cfg-path', '/tmp/tmp3atnaqjq']
[2025-12-16T17:10:38.553+0000] {standard_task_runner.py:88} INFO - Job 3797: Subtask load
[2025-12-16T17:10:38.835+0000] {task_command.py:423} INFO - Running <TaskInstance: etl_airflow.load scheduled__2024-02-26T00:00:00+00:00 [running]> on host 3b89cfee50e9
[2025-12-16T17:10:39.147+0000] {taskinstance.py:2480} INFO - Exporting env vars: AIRFLOW_CTX_DAG_OWNER='***' AIRFLOW_CTX_DAG_ID='etl_***' AIRFLOW_CTX_TASK_ID='load' AIRFLOW_CTX_EXECUTION_DATE='2024-02-26T00:00:00+00:00' AIRFLOW_CTX_TRY_NUMBER='1' AIRFLOW_CTX_DAG_RUN_ID='scheduled__2024-02-26T00:00:00+00:00'
[2025-12-16T17:10:39.153+0000] {logging_mixin.py:188} INFO - [LOAD]
[2025-12-16T17:10:40.205+0000] {logging_mixin.py:188} INFO -    user_id event_type            timestamp country
0        1      login  2025-01-01T09:00:00      IN
1        1      click  2025-01-01T09:05:00      IN
2        1     logout  2025-01-01T09:15:00      IN
3        3      login  2025-01-02T08:00:00      FR
4        3      click  2025-01-02T08:05:00      FR
[2025-12-16T17:10:40.207+0000] {logging_mixin.py:188} INFO - [LOAD] done
[2025-12-16T17:10:40.209+0000] {python.py:201} INFO - Done. Returned value was: None
[2025-12-16T17:10:40.234+0000] {taskinstance.py:1138} INFO - Marking task as SUCCESS. dag_id=etl_***, task_id=load, execution_date=20240226T000000, start_date=20251216T171038, end_date=20251216T171040
[2025-12-16T17:10:40.486+0000] {local_task_job_runner.py:234} INFO - Task exited with return code 0
[2025-12-16T17:10:40.534+0000] {taskinstance.py:3280} INFO - 0 downstream tasks scheduled from follow-on schedule check
[2025-12-17T01:51:04.956+0000] {taskinstance.py:1956} INFO - Dependencies all met for dep_context=non-requeueable deps ti=<TaskInstance: etl_airflow.load scheduled__2024-02-26T00:00:00+00:00 [queued]>
[2025-12-17T01:51:04.988+0000] {taskinstance.py:1956} INFO - Dependencies all met for dep_context=requeueable deps ti=<TaskInstance: etl_airflow.load scheduled__2024-02-26T00:00:00+00:00 [queued]>
[2025-12-17T01:51:04.994+0000] {taskinstance.py:2170} INFO - Starting attempt 1 of 3
[2025-12-17T01:51:05.332+0000] {taskinstance.py:2191} INFO - Executing <Task(PythonOperator): load> on 2024-02-26 00:00:00+00:00
[2025-12-17T01:51:05.348+0000] {standard_task_runner.py:60} INFO - Started process 824 to run task
[2025-12-17T01:51:05.367+0000] {standard_task_runner.py:87} INFO - Running: ['***', 'tasks', 'run', 'etl_***', 'load', 'scheduled__2024-02-26T00:00:00+00:00', '--job-id', '193', '--raw', '--subdir', 'DAGS_FOLDER/etl_dag.py', '--cfg-path', '/tmp/tmp73v7qu33']
[2025-12-17T01:51:05.375+0000] {standard_task_runner.py:88} INFO - Job 193: Subtask load
[2025-12-17T01:51:05.567+0000] {task_command.py:423} INFO - Running <TaskInstance: etl_airflow.load scheduled__2024-02-26T00:00:00+00:00 [running]> on host 571e042550da
[2025-12-17T01:51:06.117+0000] {taskinstance.py:2480} INFO - Exporting env vars: AIRFLOW_CTX_DAG_OWNER='***' AIRFLOW_CTX_DAG_ID='etl_***' AIRFLOW_CTX_TASK_ID='load' AIRFLOW_CTX_EXECUTION_DATE='2024-02-26T00:00:00+00:00' AIRFLOW_CTX_TRY_NUMBER='1' AIRFLOW_CTX_DAG_RUN_ID='scheduled__2024-02-26T00:00:00+00:00'
[2025-12-17T01:51:06.121+0000] {logging_mixin.py:188} INFO - [LOAD]
[2025-12-17T01:51:06.161+0000] {logging_mixin.py:188} INFO -    user_id event_type            timestamp country
0        1      login  2025-01-01T09:00:00      IN
1        1      click  2025-01-01T09:05:00      IN
2        1     logout  2025-01-01T09:15:00      IN
3        3      login  2025-01-02T08:00:00      FR
4        3      click  2025-01-02T08:05:00      FR
[2025-12-17T01:51:06.163+0000] {logging_mixin.py:188} INFO - [LOAD] done
[2025-12-17T01:51:06.165+0000] {python.py:201} INFO - Done. Returned value was: None
[2025-12-17T01:51:06.190+0000] {taskinstance.py:1138} INFO - Marking task as SUCCESS. dag_id=etl_***, task_id=load, execution_date=20240226T000000, start_date=20251217T015104, end_date=20251217T015106
[2025-12-17T01:51:06.244+0000] {local_task_job_runner.py:234} INFO - Task exited with return code 0
[2025-12-17T01:51:06.283+0000] {taskinstance.py:3280} INFO - 0 downstream tasks scheduled from follow-on schedule check
