[2025-12-16T17:10:13.243+0000] {taskinstance.py:1956} INFO - Dependencies all met for dep_context=non-requeueable deps ti=<TaskInstance: etl_airflow.load scheduled__2024-01-31T00:00:00+00:00 [queued]>
[2025-12-16T17:10:13.276+0000] {taskinstance.py:1956} INFO - Dependencies all met for dep_context=requeueable deps ti=<TaskInstance: etl_airflow.load scheduled__2024-01-31T00:00:00+00:00 [queued]>
[2025-12-16T17:10:13.291+0000] {taskinstance.py:2170} INFO - Starting attempt 1 of 3
[2025-12-16T17:10:13.335+0000] {taskinstance.py:2191} INFO - Executing <Task(PythonOperator): load> on 2024-01-31 00:00:00+00:00
[2025-12-16T17:10:13.356+0000] {standard_task_runner.py:60} INFO - Started process 654 to run task
[2025-12-16T17:10:13.371+0000] {standard_task_runner.py:87} INFO - Running: ['***', 'tasks', 'run', 'etl_***', 'load', 'scheduled__2024-01-31T00:00:00+00:00', '--job-id', '3709', '--raw', '--subdir', 'DAGS_FOLDER/etl_dag.py', '--cfg-path', '/tmp/tmpuhz84qi8']
[2025-12-16T17:10:13.377+0000] {standard_task_runner.py:88} INFO - Job 3709: Subtask load
[2025-12-16T17:10:13.717+0000] {task_command.py:423} INFO - Running <TaskInstance: etl_airflow.load scheduled__2024-01-31T00:00:00+00:00 [running]> on host 3b89cfee50e9
[2025-12-16T17:10:14.237+0000] {taskinstance.py:2480} INFO - Exporting env vars: AIRFLOW_CTX_DAG_OWNER='***' AIRFLOW_CTX_DAG_ID='etl_***' AIRFLOW_CTX_TASK_ID='load' AIRFLOW_CTX_EXECUTION_DATE='2024-01-31T00:00:00+00:00' AIRFLOW_CTX_TRY_NUMBER='1' AIRFLOW_CTX_DAG_RUN_ID='scheduled__2024-01-31T00:00:00+00:00'
[2025-12-16T17:10:14.240+0000] {logging_mixin.py:188} INFO - [LOAD]
[2025-12-16T17:10:14.566+0000] {logging_mixin.py:188} INFO -    user_id event_type            timestamp country
0        1      login  2025-01-01T09:00:00      IN
1        1      click  2025-01-01T09:05:00      IN
2        1     logout  2025-01-01T09:15:00      IN
3        3      login  2025-01-02T08:00:00      FR
4        3      click  2025-01-02T08:05:00      FR
[2025-12-16T17:10:14.567+0000] {logging_mixin.py:188} INFO - [LOAD] done
[2025-12-16T17:10:14.568+0000] {python.py:201} INFO - Done. Returned value was: None
[2025-12-16T17:10:14.587+0000] {taskinstance.py:1138} INFO - Marking task as SUCCESS. dag_id=etl_***, task_id=load, execution_date=20240131T000000, start_date=20251216T171013, end_date=20251216T171014
[2025-12-16T17:10:14.640+0000] {local_task_job_runner.py:234} INFO - Task exited with return code 0
[2025-12-16T17:10:14.735+0000] {taskinstance.py:3280} INFO - 0 downstream tasks scheduled from follow-on schedule check
[2025-12-17T01:50:31.993+0000] {taskinstance.py:1956} INFO - Dependencies all met for dep_context=non-requeueable deps ti=<TaskInstance: etl_airflow.load scheduled__2024-01-31T00:00:00+00:00 [queued]>
[2025-12-17T01:50:32.022+0000] {taskinstance.py:1956} INFO - Dependencies all met for dep_context=requeueable deps ti=<TaskInstance: etl_airflow.load scheduled__2024-01-31T00:00:00+00:00 [queued]>
[2025-12-17T01:50:32.024+0000] {taskinstance.py:2170} INFO - Starting attempt 1 of 3
[2025-12-17T01:50:32.056+0000] {taskinstance.py:2191} INFO - Executing <Task(PythonOperator): load> on 2024-01-31 00:00:00+00:00
[2025-12-17T01:50:32.068+0000] {standard_task_runner.py:60} INFO - Started process 505 to run task
[2025-12-17T01:50:32.074+0000] {standard_task_runner.py:87} INFO - Running: ['***', 'tasks', 'run', 'etl_***', 'load', 'scheduled__2024-01-31T00:00:00+00:00', '--job-id', '96', '--raw', '--subdir', 'DAGS_FOLDER/etl_dag.py', '--cfg-path', '/tmp/tmpbx7vonv2']
[2025-12-17T01:50:32.080+0000] {standard_task_runner.py:88} INFO - Job 96: Subtask load
[2025-12-17T01:50:32.258+0000] {task_command.py:423} INFO - Running <TaskInstance: etl_airflow.load scheduled__2024-01-31T00:00:00+00:00 [running]> on host 571e042550da
[2025-12-17T01:50:32.743+0000] {taskinstance.py:2480} INFO - Exporting env vars: AIRFLOW_CTX_DAG_OWNER='***' AIRFLOW_CTX_DAG_ID='etl_***' AIRFLOW_CTX_TASK_ID='load' AIRFLOW_CTX_EXECUTION_DATE='2024-01-31T00:00:00+00:00' AIRFLOW_CTX_TRY_NUMBER='1' AIRFLOW_CTX_DAG_RUN_ID='scheduled__2024-01-31T00:00:00+00:00'
[2025-12-17T01:50:32.745+0000] {logging_mixin.py:188} INFO - [LOAD]
[2025-12-17T01:50:32.776+0000] {logging_mixin.py:188} INFO -    user_id event_type            timestamp country
0        1      login  2025-01-01T09:00:00      IN
1        1      click  2025-01-01T09:05:00      IN
2        1     logout  2025-01-01T09:15:00      IN
3        3      login  2025-01-02T08:00:00      FR
4        3      click  2025-01-02T08:05:00      FR
[2025-12-17T01:50:32.777+0000] {logging_mixin.py:188} INFO - [LOAD] done
[2025-12-17T01:50:32.778+0000] {python.py:201} INFO - Done. Returned value was: None
[2025-12-17T01:50:32.794+0000] {taskinstance.py:1138} INFO - Marking task as SUCCESS. dag_id=etl_***, task_id=load, execution_date=20240131T000000, start_date=20251217T015031, end_date=20251217T015032
[2025-12-17T01:50:32.936+0000] {local_task_job_runner.py:234} INFO - Task exited with return code 0
[2025-12-17T01:50:32.969+0000] {taskinstance.py:3280} INFO - 0 downstream tasks scheduled from follow-on schedule check
