[2025-12-16T16:36:40.120+0000] {taskinstance.py:1956} INFO - Dependencies all met for dep_context=non-requeueable deps ti=<TaskInstance: etl_airflow.extract scheduled__2024-07-14T00:00:00+00:00 [queued]>
[2025-12-16T16:36:40.138+0000] {taskinstance.py:1956} INFO - Dependencies all met for dep_context=requeueable deps ti=<TaskInstance: etl_airflow.extract scheduled__2024-07-14T00:00:00+00:00 [queued]>
[2025-12-16T16:36:40.139+0000] {taskinstance.py:2170} INFO - Starting attempt 1 of 3
[2025-12-16T16:36:40.348+0000] {taskinstance.py:2191} INFO - Executing <Task(PythonOperator): extract> on 2024-07-14 00:00:00+00:00
[2025-12-16T16:36:40.361+0000] {standard_task_runner.py:60} INFO - Started process 785 to run task
[2025-12-16T16:36:40.370+0000] {standard_task_runner.py:87} INFO - Running: ['***', 'tasks', 'run', 'etl_***', 'extract', 'scheduled__2024-07-14T00:00:00+00:00', '--job-id', '579', '--raw', '--subdir', 'DAGS_FOLDER/etl_dag.py', '--cfg-path', '/tmp/tmptux39qr7']
[2025-12-16T16:36:40.379+0000] {standard_task_runner.py:88} INFO - Job 579: Subtask extract
[2025-12-16T16:36:40.508+0000] {task_command.py:423} INFO - Running <TaskInstance: etl_airflow.extract scheduled__2024-07-14T00:00:00+00:00 [running]> on host 02b83863a69a
[2025-12-16T16:36:40.646+0000] {taskinstance.py:2480} INFO - Exporting env vars: AIRFLOW_CTX_DAG_OWNER='***' AIRFLOW_CTX_DAG_ID='etl_***' AIRFLOW_CTX_TASK_ID='extract' AIRFLOW_CTX_EXECUTION_DATE='2024-07-14T00:00:00+00:00' AIRFLOW_CTX_TRY_NUMBER='1' AIRFLOW_CTX_DAG_RUN_ID='scheduled__2024-07-14T00:00:00+00:00'
[2025-12-16T16:36:40.649+0000] {logging_mixin.py:188} INFO - Extracting data from /opt/***/data/input.csv
[2025-12-16T16:36:40.656+0000] {taskinstance.py:2698} ERROR - Task failed with exception
Traceback (most recent call last):
  File "/home/airflow/.local/lib/python3.8/site-packages/airflow/models/taskinstance.py", line 433, in _execute_task
    result = execute_callable(context=context, **execute_callable_kwargs)
  File "/home/airflow/.local/lib/python3.8/site-packages/airflow/operators/python.py", line 199, in execute
    return_value = self.execute_callable()
  File "/home/airflow/.local/lib/python3.8/site-packages/airflow/operators/python.py", line 216, in execute_callable
    return self.python_callable(*self.op_args, **self.op_kwargs)
  File "/opt/airflow/dags/etl_logic/pipeline.py", line 97, in extract_data
    df = pd.read_csv(input_path)
  File "/home/airflow/.local/lib/python3.8/site-packages/pandas/io/parsers/readers.py", line 912, in read_csv
    return _read(filepath_or_buffer, kwds)
  File "/home/airflow/.local/lib/python3.8/site-packages/pandas/io/parsers/readers.py", line 577, in _read
    parser = TextFileReader(filepath_or_buffer, **kwds)
  File "/home/airflow/.local/lib/python3.8/site-packages/pandas/io/parsers/readers.py", line 1407, in __init__
    self._engine = self._make_engine(f, self.engine)
  File "/home/airflow/.local/lib/python3.8/site-packages/pandas/io/parsers/readers.py", line 1661, in _make_engine
    self.handles = get_handle(
  File "/home/airflow/.local/lib/python3.8/site-packages/pandas/io/common.py", line 859, in get_handle
    handle = open(
FileNotFoundError: [Errno 2] No such file or directory: '/opt/airflow/data/input.csv'
[2025-12-16T16:36:40.687+0000] {taskinstance.py:1138} INFO - Marking task as UP_FOR_RETRY. dag_id=etl_***, task_id=extract, execution_date=20240714T000000, start_date=20251216T163640, end_date=20251216T163640
[2025-12-16T16:36:40.711+0000] {standard_task_runner.py:107} ERROR - Failed to execute job 579 for task extract ([Errno 2] No such file or directory: '/opt/airflow/data/input.csv'; 785)
[2025-12-16T16:36:40.747+0000] {local_task_job_runner.py:234} INFO - Task exited with return code 1
[2025-12-16T16:36:40.784+0000] {taskinstance.py:3280} INFO - 0 downstream tasks scheduled from follow-on schedule check
[2025-12-17T01:53:32.143+0000] {taskinstance.py:1956} INFO - Dependencies all met for dep_context=non-requeueable deps ti=<TaskInstance: etl_airflow.extract scheduled__2024-07-14T00:00:00+00:00 [queued]>
[2025-12-17T01:53:32.168+0000] {taskinstance.py:1956} INFO - Dependencies all met for dep_context=requeueable deps ti=<TaskInstance: etl_airflow.extract scheduled__2024-07-14T00:00:00+00:00 [queued]>
[2025-12-17T01:53:32.170+0000] {taskinstance.py:2170} INFO - Starting attempt 1 of 3
[2025-12-17T01:53:32.343+0000] {taskinstance.py:2191} INFO - Executing <Task(PythonOperator): extract> on 2024-07-14 00:00:00+00:00
[2025-12-17T01:53:32.353+0000] {standard_task_runner.py:60} INFO - Started process 2074 to run task
[2025-12-17T01:53:32.359+0000] {standard_task_runner.py:87} INFO - Running: ['***', 'tasks', 'run', 'etl_***', 'extract', 'scheduled__2024-07-14T00:00:00+00:00', '--job-id', '585', '--raw', '--subdir', 'DAGS_FOLDER/etl_dag.py', '--cfg-path', '/tmp/tmp2zumz_3x']
[2025-12-17T01:53:32.362+0000] {standard_task_runner.py:88} INFO - Job 585: Subtask extract
[2025-12-17T01:53:32.515+0000] {task_command.py:423} INFO - Running <TaskInstance: etl_airflow.extract scheduled__2024-07-14T00:00:00+00:00 [running]> on host 571e042550da
[2025-12-17T01:53:32.992+0000] {taskinstance.py:2480} INFO - Exporting env vars: AIRFLOW_CTX_DAG_OWNER='***' AIRFLOW_CTX_DAG_ID='etl_***' AIRFLOW_CTX_TASK_ID='extract' AIRFLOW_CTX_EXECUTION_DATE='2024-07-14T00:00:00+00:00' AIRFLOW_CTX_TRY_NUMBER='1' AIRFLOW_CTX_DAG_RUN_ID='scheduled__2024-07-14T00:00:00+00:00'
[2025-12-17T01:53:32.995+0000] {logging_mixin.py:188} INFO - [EXTRACT] Reading /opt/***/data/synthetic_events.csv
[2025-12-17T01:53:33.030+0000] {logging_mixin.py:188} INFO - [EXTRACT] done
[2025-12-17T01:53:33.032+0000] {python.py:201} INFO - Done. Returned value was: None
[2025-12-17T01:53:33.059+0000] {taskinstance.py:1138} INFO - Marking task as SUCCESS. dag_id=etl_***, task_id=extract, execution_date=20240714T000000, start_date=20251217T015332, end_date=20251217T015333
[2025-12-17T01:53:33.147+0000] {local_task_job_runner.py:234} INFO - Task exited with return code 0
[2025-12-17T01:53:33.225+0000] {taskinstance.py:3280} INFO - 1 downstream tasks scheduled from follow-on schedule check
[2025-12-17T04:21:10.371+0000] {taskinstance.py:1956} INFO - Dependencies all met for dep_context=non-requeueable deps ti=<TaskInstance: etl_airflow.extract scheduled__2024-07-14T00:00:00+00:00 [queued]>
[2025-12-17T04:21:10.390+0000] {taskinstance.py:1956} INFO - Dependencies all met for dep_context=requeueable deps ti=<TaskInstance: etl_airflow.extract scheduled__2024-07-14T00:00:00+00:00 [queued]>
[2025-12-17T04:21:10.391+0000] {taskinstance.py:2170} INFO - Starting attempt 1 of 3
[2025-12-17T04:21:10.410+0000] {taskinstance.py:2191} INFO - Executing <Task(PythonOperator): extract> on 2024-07-14 00:00:00+00:00
[2025-12-17T04:21:10.419+0000] {standard_task_runner.py:60} INFO - Started process 1218 to run task
[2025-12-17T04:21:10.423+0000] {standard_task_runner.py:87} INFO - Running: ['***', 'tasks', 'run', 'etl_***', 'extract', 'scheduled__2024-07-14T00:00:00+00:00', '--job-id', '307', '--raw', '--subdir', 'DAGS_FOLDER/etl_***.py', '--cfg-path', '/tmp/tmpxelo8irf']
[2025-12-17T04:21:10.427+0000] {standard_task_runner.py:88} INFO - Job 307: Subtask extract
[2025-12-17T04:21:10.538+0000] {task_command.py:423} INFO - Running <TaskInstance: etl_airflow.extract scheduled__2024-07-14T00:00:00+00:00 [running]> on host c5811fe183ca
[2025-12-17T04:21:10.843+0000] {taskinstance.py:2480} INFO - Exporting env vars: AIRFLOW_CTX_DAG_OWNER='***' AIRFLOW_CTX_DAG_ID='etl_***' AIRFLOW_CTX_TASK_ID='extract' AIRFLOW_CTX_EXECUTION_DATE='2024-07-14T00:00:00+00:00' AIRFLOW_CTX_TRY_NUMBER='1' AIRFLOW_CTX_DAG_RUN_ID='scheduled__2024-07-14T00:00:00+00:00'
[2025-12-17T04:21:10.862+0000] {python.py:201} INFO - Done. Returned value was:    user_id event_type           timestamp country
0        1      login 2025-01-01 09:00:00      IN
1        1      click 2025-01-01 09:05:00      IN
2        1     logout 2025-01-01 09:15:00      IN
3        2      login 2025-01-01 10:00:00      US
4        2      click 2025-01-01 10:10:00      US
5        2     logout 2025-01-01 10:20:00      US
6        3      login 2025-01-02 08:00:00      FR
7        3      click 2025-01-02 08:05:00      FR
8        3     logout 2025-01-02 08:30:00      FR
[2025-12-17T04:21:10.907+0000] {taskinstance.py:1138} INFO - Marking task as SUCCESS. dag_id=etl_***, task_id=extract, execution_date=20240714T000000, start_date=20251217T042110, end_date=20251217T042110
[2025-12-17T04:21:10.961+0000] {local_task_job_runner.py:234} INFO - Task exited with return code 0
[2025-12-17T04:21:11.016+0000] {taskinstance.py:3280} INFO - 0 downstream tasks scheduled from follow-on schedule check
[2025-12-17T04:49:19.951+0000] {taskinstance.py:1956} INFO - Dependencies all met for dep_context=non-requeueable deps ti=<TaskInstance: etl_airflow.extract scheduled__2024-07-14T00:00:00+00:00 [queued]>
[2025-12-17T04:49:19.968+0000] {taskinstance.py:1956} INFO - Dependencies all met for dep_context=requeueable deps ti=<TaskInstance: etl_airflow.extract scheduled__2024-07-14T00:00:00+00:00 [queued]>
[2025-12-17T04:49:19.969+0000] {taskinstance.py:2170} INFO - Starting attempt 1 of 3
[2025-12-17T04:49:20.124+0000] {taskinstance.py:2191} INFO - Executing <Task(PythonOperator): extract> on 2024-07-14 00:00:00+00:00
[2025-12-17T04:49:20.136+0000] {standard_task_runner.py:60} INFO - Started process 2769 to run task
[2025-12-17T04:49:20.144+0000] {standard_task_runner.py:87} INFO - Running: ['***', 'tasks', 'run', 'etl_***', 'extract', 'scheduled__2024-07-14T00:00:00+00:00', '--job-id', '773', '--raw', '--subdir', 'DAGS_FOLDER/etl_***.py', '--cfg-path', '/tmp/tmpvyg4n971']
[2025-12-17T04:49:20.151+0000] {standard_task_runner.py:88} INFO - Job 773: Subtask extract
[2025-12-17T04:49:20.295+0000] {task_command.py:423} INFO - Running <TaskInstance: etl_airflow.extract scheduled__2024-07-14T00:00:00+00:00 [running]> on host b3426f05ac70
[2025-12-17T04:49:20.654+0000] {taskinstance.py:2480} INFO - Exporting env vars: AIRFLOW_CTX_DAG_OWNER='***' AIRFLOW_CTX_DAG_ID='etl_***' AIRFLOW_CTX_TASK_ID='extract' AIRFLOW_CTX_EXECUTION_DATE='2024-07-14T00:00:00+00:00' AIRFLOW_CTX_TRY_NUMBER='1' AIRFLOW_CTX_DAG_RUN_ID='scheduled__2024-07-14T00:00:00+00:00'
[2025-12-17T04:49:20.678+0000] {python.py:201} INFO - Done. Returned value was:    user_id event_type           timestamp country
0        1      login 2025-01-01 09:00:00      IN
1        1      click 2025-01-01 09:05:00      IN
2        1     logout 2025-01-01 09:15:00      IN
3        2      login 2025-01-01 10:00:00      US
4        2      click 2025-01-01 10:10:00      US
5        2     logout 2025-01-01 10:20:00      US
6        3      login 2025-01-02 08:00:00      FR
7        3      click 2025-01-02 08:05:00      FR
8        3     logout 2025-01-02 08:30:00      FR
[2025-12-17T04:49:20.751+0000] {taskinstance.py:1138} INFO - Marking task as SUCCESS. dag_id=etl_***, task_id=extract, execution_date=20240714T000000, start_date=20251217T044919, end_date=20251217T044920
[2025-12-17T04:49:20.962+0000] {local_task_job_runner.py:234} INFO - Task exited with return code 0
[2025-12-17T04:49:21.016+0000] {taskinstance.py:3280} INFO - 1 downstream tasks scheduled from follow-on schedule check
[2025-12-17T07:43:01.861+0000] {taskinstance.py:1956} INFO - Dependencies all met for dep_context=non-requeueable deps ti=<TaskInstance: etl_airflow.extract scheduled__2024-07-14T00:00:00+00:00 [queued]>
[2025-12-17T07:43:01.885+0000] {taskinstance.py:1956} INFO - Dependencies all met for dep_context=requeueable deps ti=<TaskInstance: etl_airflow.extract scheduled__2024-07-14T00:00:00+00:00 [queued]>
[2025-12-17T07:43:01.886+0000] {taskinstance.py:2170} INFO - Starting attempt 1 of 3
[2025-12-17T07:43:01.947+0000] {taskinstance.py:2191} INFO - Executing <Task(PythonOperator): extract> on 2024-07-14 00:00:00+00:00
[2025-12-17T07:43:01.961+0000] {standard_task_runner.py:60} INFO - Started process 2847 to run task
[2025-12-17T07:43:01.970+0000] {standard_task_runner.py:87} INFO - Running: ['***', 'tasks', 'run', 'etl_***', 'extract', 'scheduled__2024-07-14T00:00:00+00:00', '--job-id', '775', '--raw', '--subdir', 'DAGS_FOLDER/etl_***.py', '--cfg-path', '/tmp/tmpy9lxdpil']
[2025-12-17T07:43:01.977+0000] {standard_task_runner.py:88} INFO - Job 775: Subtask extract
[2025-12-17T07:43:02.167+0000] {task_command.py:423} INFO - Running <TaskInstance: etl_airflow.extract scheduled__2024-07-14T00:00:00+00:00 [running]> on host 2a0de06c8905
[2025-12-17T07:43:02.690+0000] {taskinstance.py:2480} INFO - Exporting env vars: AIRFLOW_CTX_DAG_OWNER='***' AIRFLOW_CTX_DAG_ID='etl_***' AIRFLOW_CTX_TASK_ID='extract' AIRFLOW_CTX_EXECUTION_DATE='2024-07-14T00:00:00+00:00' AIRFLOW_CTX_TRY_NUMBER='1' AIRFLOW_CTX_DAG_RUN_ID='scheduled__2024-07-14T00:00:00+00:00'
[2025-12-17T07:43:02.718+0000] {python.py:201} INFO - Done. Returned value was:    user_id event_type           timestamp country
0        1      login 2025-01-01 09:00:00      IN
1        1      click 2025-01-01 09:05:00      IN
2        1     logout 2025-01-01 09:15:00      IN
3        2      login 2025-01-01 10:00:00      US
4        2      click 2025-01-01 10:10:00      US
5        2     logout 2025-01-01 10:20:00      US
6        3      login 2025-01-02 08:00:00      FR
7        3      click 2025-01-02 08:05:00      FR
8        3     logout 2025-01-02 08:30:00      FR
[2025-12-17T07:43:02.802+0000] {taskinstance.py:1138} INFO - Marking task as SUCCESS. dag_id=etl_***, task_id=extract, execution_date=20240714T000000, start_date=20251217T074301, end_date=20251217T074302
[2025-12-17T07:43:03.009+0000] {local_task_job_runner.py:234} INFO - Task exited with return code 0
[2025-12-17T07:43:03.069+0000] {taskinstance.py:3280} INFO - 1 downstream tasks scheduled from follow-on schedule check
