[2025-12-17T04:49:46.496+0000] {taskinstance.py:1956} INFO - Dependencies all met for dep_context=non-requeueable deps ti=<TaskInstance: etl_airflow.transform scheduled__2024-07-12T00:00:00+00:00 [queued]>
[2025-12-17T04:49:46.512+0000] {taskinstance.py:1956} INFO - Dependencies all met for dep_context=requeueable deps ti=<TaskInstance: etl_airflow.transform scheduled__2024-07-12T00:00:00+00:00 [queued]>
[2025-12-17T04:49:46.514+0000] {taskinstance.py:2170} INFO - Starting attempt 3 of 3
[2025-12-17T04:49:46.580+0000] {taskinstance.py:2191} INFO - Executing <Task(PythonOperator): transform> on 2024-07-12 00:00:00+00:00
[2025-12-17T04:49:46.592+0000] {standard_task_runner.py:60} INFO - Started process 2934 to run task
[2025-12-17T04:49:46.604+0000] {standard_task_runner.py:87} INFO - Running: ['***', 'tasks', 'run', 'etl_***', 'transform', 'scheduled__2024-07-12T00:00:00+00:00', '--job-id', '822', '--raw', '--subdir', 'DAGS_FOLDER/etl_***.py', '--cfg-path', '/tmp/tmp0td6h_22']
[2025-12-17T04:49:46.611+0000] {standard_task_runner.py:88} INFO - Job 822: Subtask transform
[2025-12-17T04:49:46.734+0000] {task_command.py:423} INFO - Running <TaskInstance: etl_airflow.transform scheduled__2024-07-12T00:00:00+00:00 [running]> on host b3426f05ac70
[2025-12-17T04:49:47.153+0000] {taskinstance.py:2480} INFO - Exporting env vars: AIRFLOW_CTX_DAG_OWNER='***' AIRFLOW_CTX_DAG_ID='etl_***' AIRFLOW_CTX_TASK_ID='transform' AIRFLOW_CTX_EXECUTION_DATE='2024-07-12T00:00:00+00:00' AIRFLOW_CTX_TRY_NUMBER='3' AIRFLOW_CTX_DAG_RUN_ID='scheduled__2024-07-12T00:00:00+00:00'
[2025-12-17T04:49:47.156+0000] {taskinstance.py:2698} ERROR - Task failed with exception
Traceback (most recent call last):
  File "/home/airflow/.local/lib/python3.8/site-packages/airflow/models/taskinstance.py", line 433, in _execute_task
    result = execute_callable(context=context, **execute_callable_kwargs)
  File "/home/airflow/.local/lib/python3.8/site-packages/airflow/operators/python.py", line 199, in execute
    return_value = self.execute_callable()
  File "/home/airflow/.local/lib/python3.8/site-packages/airflow/operators/python.py", line 216, in execute_callable
    return self.python_callable(*self.op_args, **self.op_kwargs)
TypeError: transform_data() missing 1 required positional argument: 'df'
[2025-12-17T04:49:47.169+0000] {taskinstance.py:1138} INFO - Marking task as FAILED. dag_id=etl_***, task_id=transform, execution_date=20240712T000000, start_date=20251217T044946, end_date=20251217T044947
[2025-12-17T04:49:47.190+0000] {standard_task_runner.py:107} ERROR - Failed to execute job 822 for task transform (transform_data() missing 1 required positional argument: 'df'; 2934)
[2025-12-17T04:49:47.223+0000] {local_task_job_runner.py:234} INFO - Task exited with return code 1
[2025-12-17T04:49:47.375+0000] {taskinstance.py:3280} INFO - 0 downstream tasks scheduled from follow-on schedule check
[2025-12-17T07:43:29.007+0000] {taskinstance.py:1956} INFO - Dependencies all met for dep_context=non-requeueable deps ti=<TaskInstance: etl_airflow.transform scheduled__2024-07-12T00:00:00+00:00 [queued]>
[2025-12-17T07:43:29.031+0000] {taskinstance.py:1956} INFO - Dependencies all met for dep_context=requeueable deps ti=<TaskInstance: etl_airflow.transform scheduled__2024-07-12T00:00:00+00:00 [queued]>
[2025-12-17T07:43:29.038+0000] {taskinstance.py:2170} INFO - Starting attempt 3 of 3
[2025-12-17T07:43:29.095+0000] {taskinstance.py:2191} INFO - Executing <Task(PythonOperator): transform> on 2024-07-12 00:00:00+00:00
[2025-12-17T07:43:29.116+0000] {standard_task_runner.py:60} INFO - Started process 2989 to run task
[2025-12-17T07:43:29.126+0000] {standard_task_runner.py:87} INFO - Running: ['***', 'tasks', 'run', 'etl_***', 'transform', 'scheduled__2024-07-12T00:00:00+00:00', '--job-id', '820', '--raw', '--subdir', 'DAGS_FOLDER/etl_***.py', '--cfg-path', '/tmp/tmpg230_7ft']
[2025-12-17T07:43:29.132+0000] {standard_task_runner.py:88} INFO - Job 820: Subtask transform
[2025-12-17T07:43:29.283+0000] {task_command.py:423} INFO - Running <TaskInstance: etl_airflow.transform scheduled__2024-07-12T00:00:00+00:00 [running]> on host 2a0de06c8905
[2025-12-17T07:43:29.698+0000] {taskinstance.py:2480} INFO - Exporting env vars: AIRFLOW_CTX_DAG_OWNER='***' AIRFLOW_CTX_DAG_ID='etl_***' AIRFLOW_CTX_TASK_ID='transform' AIRFLOW_CTX_EXECUTION_DATE='2024-07-12T00:00:00+00:00' AIRFLOW_CTX_TRY_NUMBER='3' AIRFLOW_CTX_DAG_RUN_ID='scheduled__2024-07-12T00:00:00+00:00'
[2025-12-17T07:43:29.701+0000] {taskinstance.py:2698} ERROR - Task failed with exception
Traceback (most recent call last):
  File "/home/airflow/.local/lib/python3.8/site-packages/airflow/models/taskinstance.py", line 433, in _execute_task
    result = execute_callable(context=context, **execute_callable_kwargs)
  File "/home/airflow/.local/lib/python3.8/site-packages/airflow/operators/python.py", line 199, in execute
    return_value = self.execute_callable()
  File "/home/airflow/.local/lib/python3.8/site-packages/airflow/operators/python.py", line 216, in execute_callable
    return self.python_callable(*self.op_args, **self.op_kwargs)
TypeError: transform_data() missing 1 required positional argument: 'df'
[2025-12-17T07:43:29.716+0000] {taskinstance.py:1138} INFO - Marking task as FAILED. dag_id=etl_***, task_id=transform, execution_date=20240712T000000, start_date=20251217T074329, end_date=20251217T074329
[2025-12-17T07:43:29.740+0000] {standard_task_runner.py:107} ERROR - Failed to execute job 820 for task transform (transform_data() missing 1 required positional argument: 'df'; 2989)
[2025-12-17T07:43:29.784+0000] {local_task_job_runner.py:234} INFO - Task exited with return code 1
[2025-12-17T07:43:30.023+0000] {taskinstance.py:3280} INFO - 0 downstream tasks scheduled from follow-on schedule check
