[2025-12-16T16:31:30.829+0000] {taskinstance.py:1956} INFO - Dependencies all met for dep_context=non-requeueable deps ti=<TaskInstance: etl_airflow.extract scheduled__2024-03-15T00:00:00+00:00 [queued]>
[2025-12-16T16:31:30.846+0000] {taskinstance.py:1956} INFO - Dependencies all met for dep_context=requeueable deps ti=<TaskInstance: etl_airflow.extract scheduled__2024-03-15T00:00:00+00:00 [queued]>
[2025-12-16T16:31:30.849+0000] {taskinstance.py:2170} INFO - Starting attempt 1 of 3
[2025-12-16T16:31:30.870+0000] {taskinstance.py:2191} INFO - Executing <Task(PythonOperator): extract> on 2024-03-15 00:00:00+00:00
[2025-12-16T16:31:30.880+0000] {standard_task_runner.py:60} INFO - Started process 1125 to run task
[2025-12-16T16:31:30.885+0000] {standard_task_runner.py:87} INFO - Running: ['***', 'tasks', 'run', 'etl_***', 'extract', 'scheduled__2024-03-15T00:00:00+00:00', '--job-id', '213', '--raw', '--subdir', 'DAGS_FOLDER/etl_dag.py', '--cfg-path', '/tmp/tmp0ugprsk7']
[2025-12-16T16:31:30.889+0000] {standard_task_runner.py:88} INFO - Job 213: Subtask extract
[2025-12-16T16:31:31.026+0000] {task_command.py:423} INFO - Running <TaskInstance: etl_airflow.extract scheduled__2024-03-15T00:00:00+00:00 [running]> on host 528de643acfe
[2025-12-16T16:31:31.366+0000] {taskinstance.py:2480} INFO - Exporting env vars: AIRFLOW_CTX_DAG_OWNER='***' AIRFLOW_CTX_DAG_ID='etl_***' AIRFLOW_CTX_TASK_ID='extract' AIRFLOW_CTX_EXECUTION_DATE='2024-03-15T00:00:00+00:00' AIRFLOW_CTX_TRY_NUMBER='1' AIRFLOW_CTX_DAG_RUN_ID='scheduled__2024-03-15T00:00:00+00:00'
[2025-12-16T16:31:31.369+0000] {logging_mixin.py:188} INFO - Extracting data from /opt/***/data/input.csv
[2025-12-16T16:31:31.378+0000] {taskinstance.py:2698} ERROR - Task failed with exception
Traceback (most recent call last):
  File "/home/airflow/.local/lib/python3.8/site-packages/airflow/models/taskinstance.py", line 433, in _execute_task
    result = execute_callable(context=context, **execute_callable_kwargs)
  File "/home/airflow/.local/lib/python3.8/site-packages/airflow/operators/python.py", line 199, in execute
    return_value = self.execute_callable()
  File "/home/airflow/.local/lib/python3.8/site-packages/airflow/operators/python.py", line 216, in execute_callable
    return self.python_callable(*self.op_args, **self.op_kwargs)
  File "/opt/airflow/dags/etl_logic/pipeline.py", line 92, in extract_data
    return pd.read_csv(input_path)
  File "/home/airflow/.local/lib/python3.8/site-packages/pandas/io/parsers/readers.py", line 912, in read_csv
    return _read(filepath_or_buffer, kwds)
  File "/home/airflow/.local/lib/python3.8/site-packages/pandas/io/parsers/readers.py", line 577, in _read
    parser = TextFileReader(filepath_or_buffer, **kwds)
  File "/home/airflow/.local/lib/python3.8/site-packages/pandas/io/parsers/readers.py", line 1407, in __init__
    self._engine = self._make_engine(f, self.engine)
  File "/home/airflow/.local/lib/python3.8/site-packages/pandas/io/parsers/readers.py", line 1661, in _make_engine
    self.handles = get_handle(
  File "/home/airflow/.local/lib/python3.8/site-packages/pandas/io/common.py", line 859, in get_handle
    handle = open(
FileNotFoundError: [Errno 2] No such file or directory: '/opt/airflow/data/input.csv'
[2025-12-16T16:31:31.411+0000] {taskinstance.py:1138} INFO - Marking task as UP_FOR_RETRY. dag_id=etl_***, task_id=extract, execution_date=20240315T000000, start_date=20251216T163130, end_date=20251216T163131
[2025-12-16T16:31:31.431+0000] {standard_task_runner.py:107} ERROR - Failed to execute job 213 for task extract ([Errno 2] No such file or directory: '/opt/airflow/data/input.csv'; 1125)
[2025-12-16T16:31:31.462+0000] {local_task_job_runner.py:234} INFO - Task exited with return code 1
[2025-12-16T16:31:31.507+0000] {taskinstance.py:3280} INFO - 0 downstream tasks scheduled from follow-on schedule check
[2025-12-17T01:51:26.581+0000] {taskinstance.py:1956} INFO - Dependencies all met for dep_context=non-requeueable deps ti=<TaskInstance: etl_airflow.extract scheduled__2024-03-15T00:00:00+00:00 [queued]>
[2025-12-17T01:51:26.600+0000] {taskinstance.py:1956} INFO - Dependencies all met for dep_context=requeueable deps ti=<TaskInstance: etl_airflow.extract scheduled__2024-03-15T00:00:00+00:00 [queued]>
[2025-12-17T01:51:26.601+0000] {taskinstance.py:2170} INFO - Starting attempt 1 of 3
[2025-12-17T01:51:26.724+0000] {taskinstance.py:2191} INFO - Executing <Task(PythonOperator): extract> on 2024-03-15 00:00:00+00:00
[2025-12-17T01:51:26.735+0000] {standard_task_runner.py:60} INFO - Started process 928 to run task
[2025-12-17T01:51:26.741+0000] {standard_task_runner.py:87} INFO - Running: ['***', 'tasks', 'run', 'etl_***', 'extract', 'scheduled__2024-03-15T00:00:00+00:00', '--job-id', '226', '--raw', '--subdir', 'DAGS_FOLDER/etl_dag.py', '--cfg-path', '/tmp/tmp6do7d4e1']
[2025-12-17T01:51:26.745+0000] {standard_task_runner.py:88} INFO - Job 226: Subtask extract
[2025-12-17T01:51:26.885+0000] {task_command.py:423} INFO - Running <TaskInstance: etl_airflow.extract scheduled__2024-03-15T00:00:00+00:00 [running]> on host 571e042550da
[2025-12-17T01:51:27.352+0000] {taskinstance.py:2480} INFO - Exporting env vars: AIRFLOW_CTX_DAG_OWNER='***' AIRFLOW_CTX_DAG_ID='etl_***' AIRFLOW_CTX_TASK_ID='extract' AIRFLOW_CTX_EXECUTION_DATE='2024-03-15T00:00:00+00:00' AIRFLOW_CTX_TRY_NUMBER='1' AIRFLOW_CTX_DAG_RUN_ID='scheduled__2024-03-15T00:00:00+00:00'
[2025-12-17T01:51:27.354+0000] {logging_mixin.py:188} INFO - [EXTRACT] Reading /opt/***/data/synthetic_events.csv
[2025-12-17T01:51:27.398+0000] {logging_mixin.py:188} INFO - [EXTRACT] done
[2025-12-17T01:51:27.399+0000] {python.py:201} INFO - Done. Returned value was: None
[2025-12-17T01:51:27.418+0000] {taskinstance.py:1138} INFO - Marking task as SUCCESS. dag_id=etl_***, task_id=extract, execution_date=20240315T000000, start_date=20251217T015126, end_date=20251217T015127
[2025-12-17T01:51:27.641+0000] {local_task_job_runner.py:234} INFO - Task exited with return code 0
[2025-12-17T01:51:27.700+0000] {taskinstance.py:3280} INFO - 1 downstream tasks scheduled from follow-on schedule check
[2025-12-17T04:19:09.935+0000] {taskinstance.py:1956} INFO - Dependencies all met for dep_context=non-requeueable deps ti=<TaskInstance: etl_airflow.extract scheduled__2024-03-15T00:00:00+00:00 [queued]>
[2025-12-17T04:19:09.951+0000] {taskinstance.py:1956} INFO - Dependencies all met for dep_context=requeueable deps ti=<TaskInstance: etl_airflow.extract scheduled__2024-03-15T00:00:00+00:00 [queued]>
[2025-12-17T04:19:09.952+0000] {taskinstance.py:2170} INFO - Starting attempt 1 of 3
[2025-12-17T04:19:09.981+0000] {taskinstance.py:2191} INFO - Executing <Task(PythonOperator): extract> on 2024-03-15 00:00:00+00:00
[2025-12-17T04:19:09.990+0000] {standard_task_runner.py:60} INFO - Started process 521 to run task
[2025-12-17T04:19:09.996+0000] {standard_task_runner.py:87} INFO - Running: ['***', 'tasks', 'run', 'etl_***', 'extract', 'scheduled__2024-03-15T00:00:00+00:00', '--job-id', '92', '--raw', '--subdir', 'DAGS_FOLDER/etl_dag.py', '--cfg-path', '/tmp/tmpfs_8_ybt']
[2025-12-17T04:19:10.000+0000] {standard_task_runner.py:88} INFO - Job 92: Subtask extract
[2025-12-17T04:19:10.126+0000] {task_command.py:423} INFO - Running <TaskInstance: etl_airflow.extract scheduled__2024-03-15T00:00:00+00:00 [running]> on host c5811fe183ca
[2025-12-17T04:19:10.555+0000] {taskinstance.py:2480} INFO - Exporting env vars: AIRFLOW_CTX_DAG_OWNER='***' AIRFLOW_CTX_DAG_ID='etl_***' AIRFLOW_CTX_TASK_ID='extract' AIRFLOW_CTX_EXECUTION_DATE='2024-03-15T00:00:00+00:00' AIRFLOW_CTX_TRY_NUMBER='1' AIRFLOW_CTX_DAG_RUN_ID='scheduled__2024-03-15T00:00:00+00:00'
[2025-12-17T04:19:10.578+0000] {python.py:201} INFO - Done. Returned value was:    user_id event_type           timestamp country
0        1      login 2025-01-01 09:00:00      IN
1        1      click 2025-01-01 09:05:00      IN
2        1     logout 2025-01-01 09:15:00      IN
3        2      login 2025-01-01 10:00:00      US
4        2      click 2025-01-01 10:10:00      US
5        2     logout 2025-01-01 10:20:00      US
6        3      login 2025-01-02 08:00:00      FR
7        3      click 2025-01-02 08:05:00      FR
8        3     logout 2025-01-02 08:30:00      FR
[2025-12-17T04:19:10.665+0000] {taskinstance.py:1138} INFO - Marking task as SUCCESS. dag_id=etl_***, task_id=extract, execution_date=20240315T000000, start_date=20251217T041909, end_date=20251217T041910
[2025-12-17T04:19:10.736+0000] {local_task_job_runner.py:234} INFO - Task exited with return code 0
[2025-12-17T04:19:10.779+0000] {taskinstance.py:3280} INFO - 0 downstream tasks scheduled from follow-on schedule check
[2025-12-17T04:44:41.206+0000] {taskinstance.py:1956} INFO - Dependencies all met for dep_context=non-requeueable deps ti=<TaskInstance: etl_airflow.extract scheduled__2024-03-15T00:00:00+00:00 [queued]>
[2025-12-17T04:44:41.223+0000] {taskinstance.py:1956} INFO - Dependencies all met for dep_context=requeueable deps ti=<TaskInstance: etl_airflow.extract scheduled__2024-03-15T00:00:00+00:00 [queued]>
[2025-12-17T04:44:41.225+0000] {taskinstance.py:2170} INFO - Starting attempt 1 of 3
[2025-12-17T04:44:41.249+0000] {taskinstance.py:2191} INFO - Executing <Task(PythonOperator): extract> on 2024-03-15 00:00:00+00:00
[2025-12-17T04:44:41.261+0000] {standard_task_runner.py:60} INFO - Started process 1107 to run task
[2025-12-17T04:44:41.265+0000] {standard_task_runner.py:87} INFO - Running: ['***', 'tasks', 'run', 'etl_***', 'extract', 'scheduled__2024-03-15T00:00:00+00:00', '--job-id', '269', '--raw', '--subdir', 'DAGS_FOLDER/etl_***.py', '--cfg-path', '/tmp/tmpo8a64qfu']
[2025-12-17T04:44:41.271+0000] {standard_task_runner.py:88} INFO - Job 269: Subtask extract
[2025-12-17T04:44:41.408+0000] {task_command.py:423} INFO - Running <TaskInstance: etl_airflow.extract scheduled__2024-03-15T00:00:00+00:00 [running]> on host b3426f05ac70
[2025-12-17T04:44:41.860+0000] {taskinstance.py:2480} INFO - Exporting env vars: AIRFLOW_CTX_DAG_OWNER='***' AIRFLOW_CTX_DAG_ID='etl_***' AIRFLOW_CTX_TASK_ID='extract' AIRFLOW_CTX_EXECUTION_DATE='2024-03-15T00:00:00+00:00' AIRFLOW_CTX_TRY_NUMBER='1' AIRFLOW_CTX_DAG_RUN_ID='scheduled__2024-03-15T00:00:00+00:00'
[2025-12-17T04:44:41.891+0000] {python.py:201} INFO - Done. Returned value was:    user_id event_type           timestamp country
0        1      login 2025-01-01 09:00:00      IN
1        1      click 2025-01-01 09:05:00      IN
2        1     logout 2025-01-01 09:15:00      IN
3        2      login 2025-01-01 10:00:00      US
4        2      click 2025-01-01 10:10:00      US
5        2     logout 2025-01-01 10:20:00      US
6        3      login 2025-01-02 08:00:00      FR
7        3      click 2025-01-02 08:05:00      FR
8        3     logout 2025-01-02 08:30:00      FR
[2025-12-17T04:44:41.960+0000] {taskinstance.py:1138} INFO - Marking task as SUCCESS. dag_id=etl_***, task_id=extract, execution_date=20240315T000000, start_date=20251217T044441, end_date=20251217T044441
[2025-12-17T04:44:42.052+0000] {local_task_job_runner.py:234} INFO - Task exited with return code 0
[2025-12-17T04:44:42.105+0000] {taskinstance.py:3280} INFO - 1 downstream tasks scheduled from follow-on schedule check
[2025-12-17T07:37:59.746+0000] {taskinstance.py:1956} INFO - Dependencies all met for dep_context=non-requeueable deps ti=<TaskInstance: etl_airflow.extract scheduled__2024-03-15T00:00:00+00:00 [queued]>
[2025-12-17T07:37:59.776+0000] {taskinstance.py:1956} INFO - Dependencies all met for dep_context=requeueable deps ti=<TaskInstance: etl_airflow.extract scheduled__2024-03-15T00:00:00+00:00 [queued]>
[2025-12-17T07:37:59.778+0000] {taskinstance.py:2170} INFO - Starting attempt 1 of 3
[2025-12-17T07:37:59.949+0000] {taskinstance.py:2191} INFO - Executing <Task(PythonOperator): extract> on 2024-03-15 00:00:00+00:00
[2025-12-17T07:37:59.970+0000] {standard_task_runner.py:60} INFO - Started process 1173 to run task
[2025-12-17T07:37:59.986+0000] {standard_task_runner.py:87} INFO - Running: ['***', 'tasks', 'run', 'etl_***', 'extract', 'scheduled__2024-03-15T00:00:00+00:00', '--job-id', '271', '--raw', '--subdir', 'DAGS_FOLDER/etl_***.py', '--cfg-path', '/tmp/tmprsu_z5nu']
[2025-12-17T07:37:59.995+0000] {standard_task_runner.py:88} INFO - Job 271: Subtask extract
[2025-12-17T07:38:00.238+0000] {task_command.py:423} INFO - Running <TaskInstance: etl_airflow.extract scheduled__2024-03-15T00:00:00+00:00 [running]> on host 2a0de06c8905
[2025-12-17T07:38:00.894+0000] {taskinstance.py:2480} INFO - Exporting env vars: AIRFLOW_CTX_DAG_OWNER='***' AIRFLOW_CTX_DAG_ID='etl_***' AIRFLOW_CTX_TASK_ID='extract' AIRFLOW_CTX_EXECUTION_DATE='2024-03-15T00:00:00+00:00' AIRFLOW_CTX_TRY_NUMBER='1' AIRFLOW_CTX_DAG_RUN_ID='scheduled__2024-03-15T00:00:00+00:00'
[2025-12-17T07:38:00.955+0000] {python.py:201} INFO - Done. Returned value was:    user_id event_type           timestamp country
0        1      login 2025-01-01 09:00:00      IN
1        1      click 2025-01-01 09:05:00      IN
2        1     logout 2025-01-01 09:15:00      IN
3        2      login 2025-01-01 10:00:00      US
4        2      click 2025-01-01 10:10:00      US
5        2     logout 2025-01-01 10:20:00      US
6        3      login 2025-01-02 08:00:00      FR
7        3      click 2025-01-02 08:05:00      FR
8        3     logout 2025-01-02 08:30:00      FR
[2025-12-17T07:38:01.075+0000] {taskinstance.py:1138} INFO - Marking task as SUCCESS. dag_id=etl_***, task_id=extract, execution_date=20240315T000000, start_date=20251217T073759, end_date=20251217T073801
[2025-12-17T07:38:01.172+0000] {local_task_job_runner.py:234} INFO - Task exited with return code 0
[2025-12-17T07:38:01.710+0000] {taskinstance.py:3280} INFO - 0 downstream tasks scheduled from follow-on schedule check
