[2025-12-16T17:17:02.261+0000] {taskinstance.py:1956} INFO - Dependencies all met for dep_context=non-requeueable deps ti=<TaskInstance: etl_airflow.transform scheduled__2025-05-02T00:00:00+00:00 [queued]>
[2025-12-16T17:17:02.279+0000] {taskinstance.py:1956} INFO - Dependencies all met for dep_context=requeueable deps ti=<TaskInstance: etl_airflow.transform scheduled__2025-05-02T00:00:00+00:00 [queued]>
[2025-12-16T17:17:02.280+0000] {taskinstance.py:2170} INFO - Starting attempt 1 of 3
[2025-12-16T17:17:02.307+0000] {taskinstance.py:2191} INFO - Executing <Task(PythonOperator): transform> on 2025-05-02 00:00:00+00:00
[2025-12-16T17:17:02.321+0000] {standard_task_runner.py:60} INFO - Started process 3123 to run task
[2025-12-16T17:17:02.327+0000] {standard_task_runner.py:87} INFO - Running: ['***', 'tasks', 'run', 'etl_***', 'transform', 'scheduled__2025-05-02T00:00:00+00:00', '--job-id', '5071', '--raw', '--subdir', 'DAGS_FOLDER/etl_dag.py', '--cfg-path', '/tmp/tmpm9ayvfo4']
[2025-12-16T17:17:02.333+0000] {standard_task_runner.py:88} INFO - Job 5071: Subtask transform
[2025-12-16T17:17:02.477+0000] {task_command.py:423} INFO - Running <TaskInstance: etl_airflow.transform scheduled__2025-05-02T00:00:00+00:00 [running]> on host 3b89cfee50e9
[2025-12-16T17:17:02.673+0000] {taskinstance.py:2480} INFO - Exporting env vars: AIRFLOW_CTX_DAG_OWNER='***' AIRFLOW_CTX_DAG_ID='etl_***' AIRFLOW_CTX_TASK_ID='transform' AIRFLOW_CTX_EXECUTION_DATE='2025-05-02T00:00:00+00:00' AIRFLOW_CTX_TRY_NUMBER='1' AIRFLOW_CTX_DAG_RUN_ID='scheduled__2025-05-02T00:00:00+00:00'
[2025-12-16T17:17:02.677+0000] {logging_mixin.py:188} INFO - [TRANSFORM]
[2025-12-16T17:17:02.983+0000] {logging_mixin.py:188} INFO - [TRANSFORM] done
[2025-12-16T17:17:02.984+0000] {python.py:201} INFO - Done. Returned value was: None
[2025-12-16T17:17:02.998+0000] {taskinstance.py:1138} INFO - Marking task as SUCCESS. dag_id=etl_***, task_id=transform, execution_date=20250502T000000, start_date=20251216T171702, end_date=20251216T171702
[2025-12-16T17:17:03.149+0000] {local_task_job_runner.py:234} INFO - Task exited with return code 0
[2025-12-16T17:17:03.220+0000] {taskinstance.py:3280} INFO - 1 downstream tasks scheduled from follow-on schedule check
[2025-12-17T01:58:35.104+0000] {taskinstance.py:1956} INFO - Dependencies all met for dep_context=non-requeueable deps ti=<TaskInstance: etl_airflow.transform scheduled__2025-05-02T00:00:00+00:00 [queued]>
[2025-12-17T01:58:35.129+0000] {taskinstance.py:1956} INFO - Dependencies all met for dep_context=requeueable deps ti=<TaskInstance: etl_airflow.transform scheduled__2025-05-02T00:00:00+00:00 [queued]>
[2025-12-17T01:58:35.131+0000] {taskinstance.py:2170} INFO - Starting attempt 1 of 3
[2025-12-17T01:58:35.207+0000] {taskinstance.py:2191} INFO - Executing <Task(PythonOperator): transform> on 2025-05-02 00:00:00+00:00
[2025-12-17T01:58:35.222+0000] {standard_task_runner.py:60} INFO - Started process 4949 to run task
[2025-12-17T01:58:35.233+0000] {standard_task_runner.py:87} INFO - Running: ['***', 'tasks', 'run', 'etl_***', 'transform', 'scheduled__2025-05-02T00:00:00+00:00', '--job-id', '1493', '--raw', '--subdir', 'DAGS_FOLDER/etl_dag.py', '--cfg-path', '/tmp/tmplw097dtc']
[2025-12-17T01:58:35.240+0000] {standard_task_runner.py:88} INFO - Job 1493: Subtask transform
[2025-12-17T01:58:35.376+0000] {task_command.py:423} INFO - Running <TaskInstance: etl_airflow.transform scheduled__2025-05-02T00:00:00+00:00 [running]> on host 571e042550da
[2025-12-17T01:58:35.785+0000] {taskinstance.py:2480} INFO - Exporting env vars: AIRFLOW_CTX_DAG_OWNER='***' AIRFLOW_CTX_DAG_ID='etl_***' AIRFLOW_CTX_TASK_ID='transform' AIRFLOW_CTX_EXECUTION_DATE='2025-05-02T00:00:00+00:00' AIRFLOW_CTX_TRY_NUMBER='1' AIRFLOW_CTX_DAG_RUN_ID='scheduled__2025-05-02T00:00:00+00:00'
[2025-12-17T01:58:35.788+0000] {logging_mixin.py:188} INFO - [TRANSFORM]
[2025-12-17T01:58:35.817+0000] {logging_mixin.py:188} INFO - [TRANSFORM] done
[2025-12-17T01:58:35.818+0000] {python.py:201} INFO - Done. Returned value was: None
[2025-12-17T01:58:35.838+0000] {taskinstance.py:1138} INFO - Marking task as SUCCESS. dag_id=etl_***, task_id=transform, execution_date=20250502T000000, start_date=20251217T015835, end_date=20251217T015835
[2025-12-17T01:58:36.012+0000] {local_task_job_runner.py:234} INFO - Task exited with return code 0
[2025-12-17T01:58:36.059+0000] {taskinstance.py:3280} INFO - 1 downstream tasks scheduled from follow-on schedule check
[2025-12-17T04:59:48.508+0000] {taskinstance.py:1956} INFO - Dependencies all met for dep_context=non-requeueable deps ti=<TaskInstance: etl_airflow.transform scheduled__2025-05-02T00:00:00+00:00 [queued]>
[2025-12-17T04:59:48.528+0000] {taskinstance.py:1956} INFO - Dependencies all met for dep_context=requeueable deps ti=<TaskInstance: etl_airflow.transform scheduled__2025-05-02T00:00:00+00:00 [queued]>
[2025-12-17T04:59:48.529+0000] {taskinstance.py:2170} INFO - Starting attempt 1 of 3
[2025-12-17T04:59:48.559+0000] {taskinstance.py:2191} INFO - Executing <Task(PythonOperator): transform> on 2025-05-02 00:00:00+00:00
[2025-12-17T04:59:48.569+0000] {standard_task_runner.py:60} INFO - Started process 6638 to run task
[2025-12-17T04:59:48.575+0000] {standard_task_runner.py:87} INFO - Running: ['***', 'tasks', 'run', 'etl_***', 'transform', 'scheduled__2025-05-02T00:00:00+00:00', '--job-id', '1945', '--raw', '--subdir', 'DAGS_FOLDER/etl_***.py', '--cfg-path', '/tmp/tmpuhas6tq7']
[2025-12-17T04:59:48.579+0000] {standard_task_runner.py:88} INFO - Job 1945: Subtask transform
[2025-12-17T04:59:48.697+0000] {task_command.py:423} INFO - Running <TaskInstance: etl_airflow.transform scheduled__2025-05-02T00:00:00+00:00 [running]> on host b3426f05ac70
[2025-12-17T04:59:49.047+0000] {taskinstance.py:2480} INFO - Exporting env vars: AIRFLOW_CTX_DAG_OWNER='***' AIRFLOW_CTX_DAG_ID='etl_***' AIRFLOW_CTX_TASK_ID='transform' AIRFLOW_CTX_EXECUTION_DATE='2025-05-02T00:00:00+00:00' AIRFLOW_CTX_TRY_NUMBER='1' AIRFLOW_CTX_DAG_RUN_ID='scheduled__2025-05-02T00:00:00+00:00'
[2025-12-17T04:59:49.049+0000] {taskinstance.py:2698} ERROR - Task failed with exception
Traceback (most recent call last):
  File "/home/airflow/.local/lib/python3.8/site-packages/airflow/models/taskinstance.py", line 433, in _execute_task
    result = execute_callable(context=context, **execute_callable_kwargs)
  File "/home/airflow/.local/lib/python3.8/site-packages/airflow/operators/python.py", line 199, in execute
    return_value = self.execute_callable()
  File "/home/airflow/.local/lib/python3.8/site-packages/airflow/operators/python.py", line 216, in execute_callable
    return self.python_callable(*self.op_args, **self.op_kwargs)
TypeError: transform_data() missing 1 required positional argument: 'df'
[2025-12-17T04:59:49.062+0000] {taskinstance.py:1138} INFO - Marking task as UP_FOR_RETRY. dag_id=etl_***, task_id=transform, execution_date=20250502T000000, start_date=20251217T045948, end_date=20251217T045949
[2025-12-17T04:59:49.087+0000] {standard_task_runner.py:107} ERROR - Failed to execute job 1945 for task transform (transform_data() missing 1 required positional argument: 'df'; 6638)
[2025-12-17T04:59:49.117+0000] {local_task_job_runner.py:234} INFO - Task exited with return code 1
[2025-12-17T04:59:49.352+0000] {taskinstance.py:3280} INFO - 0 downstream tasks scheduled from follow-on schedule check
