[2025-12-16T17:12:09.251+0000] {taskinstance.py:1956} INFO - Dependencies all met for dep_context=non-requeueable deps ti=<TaskInstance: etl_airflow.transform scheduled__2024-06-22T00:00:00+00:00 [queued]>
[2025-12-16T17:12:09.283+0000] {taskinstance.py:1956} INFO - Dependencies all met for dep_context=requeueable deps ti=<TaskInstance: etl_airflow.transform scheduled__2024-06-22T00:00:00+00:00 [queued]>
[2025-12-16T17:12:09.292+0000] {taskinstance.py:2170} INFO - Starting attempt 1 of 3
[2025-12-16T17:12:09.330+0000] {taskinstance.py:2191} INFO - Executing <Task(PythonOperator): transform> on 2024-06-22 00:00:00+00:00
[2025-12-16T17:12:09.345+0000] {standard_task_runner.py:60} INFO - Started process 1943 to run task
[2025-12-16T17:12:09.366+0000] {standard_task_runner.py:87} INFO - Running: ['***', 'tasks', 'run', 'etl_***', 'transform', 'scheduled__2024-06-22T00:00:00+00:00', '--job-id', '4110', '--raw', '--subdir', 'DAGS_FOLDER/etl_dag.py', '--cfg-path', '/tmp/tmpvu_l0ag3']
[2025-12-16T17:12:09.373+0000] {standard_task_runner.py:88} INFO - Job 4110: Subtask transform
[2025-12-16T17:12:09.621+0000] {task_command.py:423} INFO - Running <TaskInstance: etl_airflow.transform scheduled__2024-06-22T00:00:00+00:00 [running]> on host 3b89cfee50e9
[2025-12-16T17:12:09.944+0000] {taskinstance.py:2480} INFO - Exporting env vars: AIRFLOW_CTX_DAG_OWNER='***' AIRFLOW_CTX_DAG_ID='etl_***' AIRFLOW_CTX_TASK_ID='transform' AIRFLOW_CTX_EXECUTION_DATE='2024-06-22T00:00:00+00:00' AIRFLOW_CTX_TRY_NUMBER='1' AIRFLOW_CTX_DAG_RUN_ID='scheduled__2024-06-22T00:00:00+00:00'
[2025-12-16T17:12:09.954+0000] {logging_mixin.py:188} INFO - [TRANSFORM]
[2025-12-16T17:12:10.414+0000] {logging_mixin.py:188} INFO - [TRANSFORM] done
[2025-12-16T17:12:10.418+0000] {python.py:201} INFO - Done. Returned value was: None
[2025-12-16T17:12:10.483+0000] {taskinstance.py:1138} INFO - Marking task as SUCCESS. dag_id=etl_***, task_id=transform, execution_date=20240622T000000, start_date=20251216T171209, end_date=20251216T171210
[2025-12-16T17:12:10.643+0000] {local_task_job_runner.py:234} INFO - Task exited with return code 0
[2025-12-16T17:12:10.860+0000] {taskinstance.py:3280} INFO - 0 downstream tasks scheduled from follow-on schedule check
[2025-12-17T01:53:14.162+0000] {taskinstance.py:1956} INFO - Dependencies all met for dep_context=non-requeueable deps ti=<TaskInstance: etl_airflow.transform scheduled__2024-06-22T00:00:00+00:00 [queued]>
[2025-12-17T01:53:14.189+0000] {taskinstance.py:1956} INFO - Dependencies all met for dep_context=requeueable deps ti=<TaskInstance: etl_airflow.transform scheduled__2024-06-22T00:00:00+00:00 [queued]>
[2025-12-17T01:53:14.191+0000] {taskinstance.py:2170} INFO - Starting attempt 1 of 3
[2025-12-17T01:53:14.290+0000] {taskinstance.py:2191} INFO - Executing <Task(PythonOperator): transform> on 2024-06-22 00:00:00+00:00
[2025-12-17T01:53:14.300+0000] {standard_task_runner.py:60} INFO - Started process 1909 to run task
[2025-12-17T01:53:14.313+0000] {standard_task_runner.py:87} INFO - Running: ['***', 'tasks', 'run', 'etl_***', 'transform', 'scheduled__2024-06-22T00:00:00+00:00', '--job-id', '532', '--raw', '--subdir', 'DAGS_FOLDER/etl_dag.py', '--cfg-path', '/tmp/tmpviw1tyuq']
[2025-12-17T01:53:14.319+0000] {standard_task_runner.py:88} INFO - Job 532: Subtask transform
[2025-12-17T01:53:14.506+0000] {task_command.py:423} INFO - Running <TaskInstance: etl_airflow.transform scheduled__2024-06-22T00:00:00+00:00 [running]> on host 571e042550da
[2025-12-17T01:53:15.045+0000] {taskinstance.py:2480} INFO - Exporting env vars: AIRFLOW_CTX_DAG_OWNER='***' AIRFLOW_CTX_DAG_ID='etl_***' AIRFLOW_CTX_TASK_ID='transform' AIRFLOW_CTX_EXECUTION_DATE='2024-06-22T00:00:00+00:00' AIRFLOW_CTX_TRY_NUMBER='1' AIRFLOW_CTX_DAG_RUN_ID='scheduled__2024-06-22T00:00:00+00:00'
[2025-12-17T01:53:15.048+0000] {logging_mixin.py:188} INFO - [TRANSFORM]
[2025-12-17T01:53:15.086+0000] {logging_mixin.py:188} INFO - [TRANSFORM] done
[2025-12-17T01:53:15.088+0000] {python.py:201} INFO - Done. Returned value was: None
[2025-12-17T01:53:15.117+0000] {taskinstance.py:1138} INFO - Marking task as SUCCESS. dag_id=etl_***, task_id=transform, execution_date=20240622T000000, start_date=20251217T015314, end_date=20251217T015315
[2025-12-17T01:53:15.208+0000] {local_task_job_runner.py:234} INFO - Task exited with return code 0
[2025-12-17T01:53:15.268+0000] {taskinstance.py:3280} INFO - 1 downstream tasks scheduled from follow-on schedule check
[2025-12-17T04:48:16.509+0000] {taskinstance.py:1956} INFO - Dependencies all met for dep_context=non-requeueable deps ti=<TaskInstance: etl_airflow.transform scheduled__2024-06-22T00:00:00+00:00 [queued]>
[2025-12-17T04:48:16.527+0000] {taskinstance.py:1956} INFO - Dependencies all met for dep_context=requeueable deps ti=<TaskInstance: etl_airflow.transform scheduled__2024-06-22T00:00:00+00:00 [queued]>
[2025-12-17T04:48:16.528+0000] {taskinstance.py:2170} INFO - Starting attempt 1 of 3
[2025-12-17T04:48:16.543+0000] {taskinstance.py:2191} INFO - Executing <Task(PythonOperator): transform> on 2024-06-22 00:00:00+00:00
[2025-12-17T04:48:16.551+0000] {standard_task_runner.py:60} INFO - Started process 2425 to run task
[2025-12-17T04:48:16.554+0000] {standard_task_runner.py:87} INFO - Running: ['***', 'tasks', 'run', 'etl_***', 'transform', 'scheduled__2024-06-22T00:00:00+00:00', '--job-id', '671', '--raw', '--subdir', 'DAGS_FOLDER/etl_***.py', '--cfg-path', '/tmp/tmp6rdb74fh']
[2025-12-17T04:48:16.557+0000] {standard_task_runner.py:88} INFO - Job 671: Subtask transform
[2025-12-17T04:48:16.673+0000] {task_command.py:423} INFO - Running <TaskInstance: etl_airflow.transform scheduled__2024-06-22T00:00:00+00:00 [running]> on host b3426f05ac70
[2025-12-17T04:48:17.135+0000] {taskinstance.py:2480} INFO - Exporting env vars: AIRFLOW_CTX_DAG_OWNER='***' AIRFLOW_CTX_DAG_ID='etl_***' AIRFLOW_CTX_TASK_ID='transform' AIRFLOW_CTX_EXECUTION_DATE='2024-06-22T00:00:00+00:00' AIRFLOW_CTX_TRY_NUMBER='1' AIRFLOW_CTX_DAG_RUN_ID='scheduled__2024-06-22T00:00:00+00:00'
[2025-12-17T04:48:17.141+0000] {taskinstance.py:2698} ERROR - Task failed with exception
Traceback (most recent call last):
  File "/home/airflow/.local/lib/python3.8/site-packages/airflow/models/taskinstance.py", line 433, in _execute_task
    result = execute_callable(context=context, **execute_callable_kwargs)
  File "/home/airflow/.local/lib/python3.8/site-packages/airflow/operators/python.py", line 199, in execute
    return_value = self.execute_callable()
  File "/home/airflow/.local/lib/python3.8/site-packages/airflow/operators/python.py", line 216, in execute_callable
    return self.python_callable(*self.op_args, **self.op_kwargs)
TypeError: transform_data() missing 1 required positional argument: 'df'
[2025-12-17T04:48:17.171+0000] {taskinstance.py:1138} INFO - Marking task as UP_FOR_RETRY. dag_id=etl_***, task_id=transform, execution_date=20240622T000000, start_date=20251217T044816, end_date=20251217T044817
[2025-12-17T04:48:17.233+0000] {standard_task_runner.py:107} ERROR - Failed to execute job 671 for task transform (transform_data() missing 1 required positional argument: 'df'; 2425)
[2025-12-17T04:48:17.292+0000] {local_task_job_runner.py:234} INFO - Task exited with return code 1
[2025-12-17T04:48:17.319+0000] {taskinstance.py:3280} INFO - 0 downstream tasks scheduled from follow-on schedule check
[2025-12-17T07:41:51.330+0000] {taskinstance.py:1956} INFO - Dependencies all met for dep_context=non-requeueable deps ti=<TaskInstance: etl_airflow.transform scheduled__2024-06-22T00:00:00+00:00 [queued]>
[2025-12-17T07:41:51.354+0000] {taskinstance.py:1956} INFO - Dependencies all met for dep_context=requeueable deps ti=<TaskInstance: etl_airflow.transform scheduled__2024-06-22T00:00:00+00:00 [queued]>
[2025-12-17T07:41:51.355+0000] {taskinstance.py:2170} INFO - Starting attempt 1 of 3
[2025-12-17T07:41:51.391+0000] {taskinstance.py:2191} INFO - Executing <Task(PythonOperator): transform> on 2024-06-22 00:00:00+00:00
[2025-12-17T07:41:51.408+0000] {standard_task_runner.py:60} INFO - Started process 2496 to run task
[2025-12-17T07:41:51.415+0000] {standard_task_runner.py:87} INFO - Running: ['***', 'tasks', 'run', 'etl_***', 'transform', 'scheduled__2024-06-22T00:00:00+00:00', '--job-id', '673', '--raw', '--subdir', 'DAGS_FOLDER/etl_***.py', '--cfg-path', '/tmp/tmpi_6abk68']
[2025-12-17T07:41:51.422+0000] {standard_task_runner.py:88} INFO - Job 673: Subtask transform
[2025-12-17T07:41:51.602+0000] {task_command.py:423} INFO - Running <TaskInstance: etl_airflow.transform scheduled__2024-06-22T00:00:00+00:00 [running]> on host 2a0de06c8905
[2025-12-17T07:41:52.090+0000] {taskinstance.py:2480} INFO - Exporting env vars: AIRFLOW_CTX_DAG_OWNER='***' AIRFLOW_CTX_DAG_ID='etl_***' AIRFLOW_CTX_TASK_ID='transform' AIRFLOW_CTX_EXECUTION_DATE='2024-06-22T00:00:00+00:00' AIRFLOW_CTX_TRY_NUMBER='1' AIRFLOW_CTX_DAG_RUN_ID='scheduled__2024-06-22T00:00:00+00:00'
[2025-12-17T07:41:52.093+0000] {taskinstance.py:2698} ERROR - Task failed with exception
Traceback (most recent call last):
  File "/home/airflow/.local/lib/python3.8/site-packages/airflow/models/taskinstance.py", line 433, in _execute_task
    result = execute_callable(context=context, **execute_callable_kwargs)
  File "/home/airflow/.local/lib/python3.8/site-packages/airflow/operators/python.py", line 199, in execute
    return_value = self.execute_callable()
  File "/home/airflow/.local/lib/python3.8/site-packages/airflow/operators/python.py", line 216, in execute_callable
    return self.python_callable(*self.op_args, **self.op_kwargs)
TypeError: transform_data() missing 1 required positional argument: 'df'
[2025-12-17T07:41:52.112+0000] {taskinstance.py:1138} INFO - Marking task as UP_FOR_RETRY. dag_id=etl_***, task_id=transform, execution_date=20240622T000000, start_date=20251217T074151, end_date=20251217T074152
[2025-12-17T07:41:52.326+0000] {standard_task_runner.py:107} ERROR - Failed to execute job 673 for task transform (transform_data() missing 1 required positional argument: 'df'; 2496)
[2025-12-17T07:41:52.357+0000] {local_task_job_runner.py:234} INFO - Task exited with return code 1
[2025-12-17T07:41:52.412+0000] {taskinstance.py:3280} INFO - 0 downstream tasks scheduled from follow-on schedule check
