[2025-12-16T17:20:33.669+0000] {taskinstance.py:1956} INFO - Dependencies all met for dep_context=non-requeueable deps ti=<TaskInstance: etl_airflow.transform scheduled__2024-07-09T00:00:00+00:00 [queued]>
[2025-12-16T17:20:33.705+0000] {taskinstance.py:1956} INFO - Dependencies all met for dep_context=requeueable deps ti=<TaskInstance: etl_airflow.transform scheduled__2024-07-09T00:00:00+00:00 [queued]>
[2025-12-16T17:20:33.706+0000] {taskinstance.py:2170} INFO - Starting attempt 2 of 4
[2025-12-16T17:20:33.755+0000] {taskinstance.py:2191} INFO - Executing <Task(PythonOperator): transform> on 2024-07-09 00:00:00+00:00
[2025-12-16T17:20:33.781+0000] {standard_task_runner.py:60} INFO - Started process 5155 to run task
[2025-12-16T17:20:33.795+0000] {standard_task_runner.py:87} INFO - Running: ['***', 'tasks', 'run', 'etl_***', 'transform', 'scheduled__2024-07-09T00:00:00+00:00', '--job-id', '5711', '--raw', '--subdir', 'DAGS_FOLDER/etl_dag.py', '--cfg-path', '/tmp/tmp6uug2b7s']
[2025-12-16T17:20:33.804+0000] {standard_task_runner.py:88} INFO - Job 5711: Subtask transform
[2025-12-16T17:20:34.020+0000] {task_command.py:423} INFO - Running <TaskInstance: etl_airflow.transform scheduled__2024-07-09T00:00:00+00:00 [running]> on host 3b89cfee50e9
[2025-12-16T17:20:34.307+0000] {taskinstance.py:2480} INFO - Exporting env vars: AIRFLOW_CTX_DAG_OWNER='***' AIRFLOW_CTX_DAG_ID='etl_***' AIRFLOW_CTX_TASK_ID='transform' AIRFLOW_CTX_EXECUTION_DATE='2024-07-09T00:00:00+00:00' AIRFLOW_CTX_TRY_NUMBER='2' AIRFLOW_CTX_DAG_RUN_ID='scheduled__2024-07-09T00:00:00+00:00'
[2025-12-16T17:20:34.311+0000] {logging_mixin.py:188} INFO - [TRANSFORM]
[2025-12-16T17:20:34.664+0000] {logging_mixin.py:188} INFO - [TRANSFORM] done
[2025-12-16T17:20:34.665+0000] {python.py:201} INFO - Done. Returned value was: None
[2025-12-16T17:20:34.689+0000] {taskinstance.py:1138} INFO - Marking task as SUCCESS. dag_id=etl_***, task_id=transform, execution_date=20240709T000000, start_date=20251216T172033, end_date=20251216T172034
[2025-12-16T17:20:34.756+0000] {local_task_job_runner.py:234} INFO - Task exited with return code 0
[2025-12-16T17:20:34.804+0000] {taskinstance.py:3280} INFO - 1 downstream tasks scheduled from follow-on schedule check
[2025-12-17T04:49:03.473+0000] {taskinstance.py:1956} INFO - Dependencies all met for dep_context=non-requeueable deps ti=<TaskInstance: etl_airflow.transform scheduled__2024-07-09T00:00:00+00:00 [queued]>
[2025-12-17T04:49:03.489+0000] {taskinstance.py:1956} INFO - Dependencies all met for dep_context=requeueable deps ti=<TaskInstance: etl_airflow.transform scheduled__2024-07-09T00:00:00+00:00 [queued]>
[2025-12-17T04:49:03.490+0000] {taskinstance.py:2170} INFO - Starting attempt 2 of 3
[2025-12-17T04:49:03.512+0000] {taskinstance.py:2191} INFO - Executing <Task(PythonOperator): transform> on 2024-07-09 00:00:00+00:00
[2025-12-17T04:49:03.523+0000] {standard_task_runner.py:60} INFO - Started process 2701 to run task
[2025-12-17T04:49:03.532+0000] {standard_task_runner.py:87} INFO - Running: ['***', 'tasks', 'run', 'etl_***', 'transform', 'scheduled__2024-07-09T00:00:00+00:00', '--job-id', '752', '--raw', '--subdir', 'DAGS_FOLDER/etl_***.py', '--cfg-path', '/tmp/tmpnmxfqcga']
[2025-12-17T04:49:03.536+0000] {standard_task_runner.py:88} INFO - Job 752: Subtask transform
[2025-12-17T04:49:03.670+0000] {task_command.py:423} INFO - Running <TaskInstance: etl_airflow.transform scheduled__2024-07-09T00:00:00+00:00 [running]> on host b3426f05ac70
[2025-12-17T04:49:04.126+0000] {taskinstance.py:2480} INFO - Exporting env vars: AIRFLOW_CTX_DAG_OWNER='***' AIRFLOW_CTX_DAG_ID='etl_***' AIRFLOW_CTX_TASK_ID='transform' AIRFLOW_CTX_EXECUTION_DATE='2024-07-09T00:00:00+00:00' AIRFLOW_CTX_TRY_NUMBER='2' AIRFLOW_CTX_DAG_RUN_ID='scheduled__2024-07-09T00:00:00+00:00'
[2025-12-17T04:49:04.129+0000] {taskinstance.py:2698} ERROR - Task failed with exception
Traceback (most recent call last):
  File "/home/airflow/.local/lib/python3.8/site-packages/airflow/models/taskinstance.py", line 433, in _execute_task
    result = execute_callable(context=context, **execute_callable_kwargs)
  File "/home/airflow/.local/lib/python3.8/site-packages/airflow/operators/python.py", line 199, in execute
    return_value = self.execute_callable()
  File "/home/airflow/.local/lib/python3.8/site-packages/airflow/operators/python.py", line 216, in execute_callable
    return self.python_callable(*self.op_args, **self.op_kwargs)
TypeError: transform_data() missing 1 required positional argument: 'df'
[2025-12-17T04:49:04.152+0000] {taskinstance.py:1138} INFO - Marking task as UP_FOR_RETRY. dag_id=etl_***, task_id=transform, execution_date=20240709T000000, start_date=20251217T044903, end_date=20251217T044904
[2025-12-17T04:49:04.187+0000] {standard_task_runner.py:107} ERROR - Failed to execute job 752 for task transform (transform_data() missing 1 required positional argument: 'df'; 2701)
[2025-12-17T04:49:04.230+0000] {local_task_job_runner.py:234} INFO - Task exited with return code 1
[2025-12-17T04:49:04.259+0000] {taskinstance.py:3280} INFO - 0 downstream tasks scheduled from follow-on schedule check
[2025-12-17T07:43:16.343+0000] {taskinstance.py:1956} INFO - Dependencies all met for dep_context=non-requeueable deps ti=<TaskInstance: etl_airflow.transform scheduled__2024-07-09T00:00:00+00:00 [queued]>
[2025-12-17T07:43:16.365+0000] {taskinstance.py:1956} INFO - Dependencies all met for dep_context=requeueable deps ti=<TaskInstance: etl_airflow.transform scheduled__2024-07-09T00:00:00+00:00 [queued]>
[2025-12-17T07:43:16.367+0000] {taskinstance.py:2170} INFO - Starting attempt 2 of 3
[2025-12-17T07:43:16.654+0000] {taskinstance.py:2191} INFO - Executing <Task(PythonOperator): transform> on 2024-07-09 00:00:00+00:00
[2025-12-17T07:43:16.666+0000] {standard_task_runner.py:60} INFO - Started process 2933 to run task
[2025-12-17T07:43:16.675+0000] {standard_task_runner.py:87} INFO - Running: ['***', 'tasks', 'run', 'etl_***', 'transform', 'scheduled__2024-07-09T00:00:00+00:00', '--job-id', '802', '--raw', '--subdir', 'DAGS_FOLDER/etl_***.py', '--cfg-path', '/tmp/tmpvw4hvz3p']
[2025-12-17T07:43:16.679+0000] {standard_task_runner.py:88} INFO - Job 802: Subtask transform
[2025-12-17T07:43:16.814+0000] {task_command.py:423} INFO - Running <TaskInstance: etl_airflow.transform scheduled__2024-07-09T00:00:00+00:00 [running]> on host 2a0de06c8905
[2025-12-17T07:43:17.271+0000] {taskinstance.py:2480} INFO - Exporting env vars: AIRFLOW_CTX_DAG_OWNER='***' AIRFLOW_CTX_DAG_ID='etl_***' AIRFLOW_CTX_TASK_ID='transform' AIRFLOW_CTX_EXECUTION_DATE='2024-07-09T00:00:00+00:00' AIRFLOW_CTX_TRY_NUMBER='2' AIRFLOW_CTX_DAG_RUN_ID='scheduled__2024-07-09T00:00:00+00:00'
[2025-12-17T07:43:17.275+0000] {taskinstance.py:2698} ERROR - Task failed with exception
Traceback (most recent call last):
  File "/home/airflow/.local/lib/python3.8/site-packages/airflow/models/taskinstance.py", line 433, in _execute_task
    result = execute_callable(context=context, **execute_callable_kwargs)
  File "/home/airflow/.local/lib/python3.8/site-packages/airflow/operators/python.py", line 199, in execute
    return_value = self.execute_callable()
  File "/home/airflow/.local/lib/python3.8/site-packages/airflow/operators/python.py", line 216, in execute_callable
    return self.python_callable(*self.op_args, **self.op_kwargs)
TypeError: transform_data() missing 1 required positional argument: 'df'
[2025-12-17T07:43:17.302+0000] {taskinstance.py:1138} INFO - Marking task as UP_FOR_RETRY. dag_id=etl_***, task_id=transform, execution_date=20240709T000000, start_date=20251217T074316, end_date=20251217T074317
[2025-12-17T07:43:17.438+0000] {standard_task_runner.py:107} ERROR - Failed to execute job 802 for task transform (transform_data() missing 1 required positional argument: 'df'; 2933)
[2025-12-17T07:43:17.490+0000] {local_task_job_runner.py:234} INFO - Task exited with return code 1
[2025-12-17T07:43:17.560+0000] {taskinstance.py:3280} INFO - 0 downstream tasks scheduled from follow-on schedule check
