[2025-12-16T17:09:40.320+0000] {taskinstance.py:1956} INFO - Dependencies all met for dep_context=non-requeueable deps ti=<TaskInstance: etl_airflow.transform scheduled__2025-03-30T00:00:00+00:00 [queued]>
[2025-12-16T17:09:40.358+0000] {taskinstance.py:1956} INFO - Dependencies all met for dep_context=requeueable deps ti=<TaskInstance: etl_airflow.transform scheduled__2025-03-30T00:00:00+00:00 [queued]>
[2025-12-16T17:09:40.360+0000] {taskinstance.py:2170} INFO - Starting attempt 3 of 5
[2025-12-16T17:09:40.403+0000] {taskinstance.py:2191} INFO - Executing <Task(PythonOperator): transform> on 2025-03-30 00:00:00+00:00
[2025-12-16T17:09:40.445+0000] {standard_task_runner.py:60} INFO - Started process 298 to run task
[2025-12-16T17:09:40.459+0000] {standard_task_runner.py:87} INFO - Running: ['***', 'tasks', 'run', 'etl_***', 'transform', 'scheduled__2025-03-30T00:00:00+00:00', '--job-id', '3596', '--raw', '--subdir', 'DAGS_FOLDER/etl_dag.py', '--cfg-path', '/tmp/tmpnsut9ijn']
[2025-12-16T17:09:40.473+0000] {standard_task_runner.py:88} INFO - Job 3596: Subtask transform
[2025-12-16T17:09:40.884+0000] {task_command.py:423} INFO - Running <TaskInstance: etl_airflow.transform scheduled__2025-03-30T00:00:00+00:00 [running]> on host 3b89cfee50e9
[2025-12-16T17:09:41.263+0000] {taskinstance.py:2480} INFO - Exporting env vars: AIRFLOW_CTX_DAG_OWNER='***' AIRFLOW_CTX_DAG_ID='etl_***' AIRFLOW_CTX_TASK_ID='transform' AIRFLOW_CTX_EXECUTION_DATE='2025-03-30T00:00:00+00:00' AIRFLOW_CTX_TRY_NUMBER='3' AIRFLOW_CTX_DAG_RUN_ID='scheduled__2025-03-30T00:00:00+00:00'
[2025-12-16T17:09:41.271+0000] {logging_mixin.py:188} INFO - [TRANSFORM]
[2025-12-16T17:09:41.402+0000] {logging_mixin.py:188} INFO - [TRANSFORM] done
[2025-12-16T17:09:41.403+0000] {python.py:201} INFO - Done. Returned value was: None
[2025-12-16T17:09:41.976+0000] {taskinstance.py:1138} INFO - Marking task as SUCCESS. dag_id=etl_***, task_id=transform, execution_date=20250330T000000, start_date=20251216T170940, end_date=20251216T170941
[2025-12-16T17:09:42.114+0000] {local_task_job_runner.py:234} INFO - Task exited with return code 0
[2025-12-16T17:09:42.196+0000] {taskinstance.py:3280} INFO - 1 downstream tasks scheduled from follow-on schedule check
[2025-12-17T04:59:04.338+0000] {taskinstance.py:1956} INFO - Dependencies all met for dep_context=non-requeueable deps ti=<TaskInstance: etl_airflow.transform scheduled__2025-03-30T00:00:00+00:00 [queued]>
[2025-12-17T04:59:04.351+0000] {taskinstance.py:1956} INFO - Dependencies all met for dep_context=requeueable deps ti=<TaskInstance: etl_airflow.transform scheduled__2025-03-30T00:00:00+00:00 [queued]>
[2025-12-17T04:59:04.352+0000] {taskinstance.py:2170} INFO - Starting attempt 3 of 3
[2025-12-17T04:59:04.467+0000] {taskinstance.py:2191} INFO - Executing <Task(PythonOperator): transform> on 2025-03-30 00:00:00+00:00
[2025-12-17T04:59:04.481+0000] {standard_task_runner.py:60} INFO - Started process 6319 to run task
[2025-12-17T04:59:04.494+0000] {standard_task_runner.py:87} INFO - Running: ['***', 'tasks', 'run', 'etl_***', 'transform', 'scheduled__2025-03-30T00:00:00+00:00', '--job-id', '1849', '--raw', '--subdir', 'DAGS_FOLDER/etl_***.py', '--cfg-path', '/tmp/tmpv7lkg2oo']
[2025-12-17T04:59:04.501+0000] {standard_task_runner.py:88} INFO - Job 1849: Subtask transform
[2025-12-17T04:59:04.634+0000] {task_command.py:423} INFO - Running <TaskInstance: etl_airflow.transform scheduled__2025-03-30T00:00:00+00:00 [running]> on host b3426f05ac70
[2025-12-17T04:59:05.025+0000] {taskinstance.py:2480} INFO - Exporting env vars: AIRFLOW_CTX_DAG_OWNER='***' AIRFLOW_CTX_DAG_ID='etl_***' AIRFLOW_CTX_TASK_ID='transform' AIRFLOW_CTX_EXECUTION_DATE='2025-03-30T00:00:00+00:00' AIRFLOW_CTX_TRY_NUMBER='3' AIRFLOW_CTX_DAG_RUN_ID='scheduled__2025-03-30T00:00:00+00:00'
[2025-12-17T04:59:05.029+0000] {taskinstance.py:2698} ERROR - Task failed with exception
Traceback (most recent call last):
  File "/home/airflow/.local/lib/python3.8/site-packages/airflow/models/taskinstance.py", line 433, in _execute_task
    result = execute_callable(context=context, **execute_callable_kwargs)
  File "/home/airflow/.local/lib/python3.8/site-packages/airflow/operators/python.py", line 199, in execute
    return_value = self.execute_callable()
  File "/home/airflow/.local/lib/python3.8/site-packages/airflow/operators/python.py", line 216, in execute_callable
    return self.python_callable(*self.op_args, **self.op_kwargs)
TypeError: transform_data() missing 1 required positional argument: 'df'
[2025-12-17T04:59:05.045+0000] {taskinstance.py:1138} INFO - Marking task as FAILED. dag_id=etl_***, task_id=transform, execution_date=20250330T000000, start_date=20251217T045904, end_date=20251217T045905
[2025-12-17T04:59:05.068+0000] {standard_task_runner.py:107} ERROR - Failed to execute job 1849 for task transform (transform_data() missing 1 required positional argument: 'df'; 6319)
[2025-12-17T04:59:05.111+0000] {local_task_job_runner.py:234} INFO - Task exited with return code 1
[2025-12-17T04:59:05.153+0000] {taskinstance.py:3280} INFO - 0 downstream tasks scheduled from follow-on schedule check
