[2025-12-16T16:43:26.017+0000] {taskinstance.py:1956} INFO - Dependencies all met for dep_context=non-requeueable deps ti=<TaskInstance: etl_airflow.extract scheduled__2024-12-29T00:00:00+00:00 [queued]>
[2025-12-16T16:43:26.051+0000] {taskinstance.py:1956} INFO - Dependencies all met for dep_context=requeueable deps ti=<TaskInstance: etl_airflow.extract scheduled__2024-12-29T00:00:00+00:00 [queued]>
[2025-12-16T16:43:26.053+0000] {taskinstance.py:2170} INFO - Starting attempt 1 of 3
[2025-12-16T16:43:26.092+0000] {taskinstance.py:2191} INFO - Executing <Task(PythonOperator): extract> on 2024-12-29 00:00:00+00:00
[2025-12-16T16:43:26.110+0000] {standard_task_runner.py:60} INFO - Started process 827 to run task
[2025-12-16T16:43:26.123+0000] {standard_task_runner.py:87} INFO - Running: ['***', 'tasks', 'run', 'etl_***', 'extract', 'scheduled__2024-12-29T00:00:00+00:00', '--job-id', '1072', '--raw', '--subdir', 'DAGS_FOLDER/etl_dag.py', '--cfg-path', '/tmp/tmpocuuqws6']
[2025-12-16T16:43:26.132+0000] {standard_task_runner.py:88} INFO - Job 1072: Subtask extract
[2025-12-16T16:43:26.346+0000] {task_command.py:423} INFO - Running <TaskInstance: etl_airflow.extract scheduled__2024-12-29T00:00:00+00:00 [running]> on host db658e834d9d
[2025-12-16T16:43:26.567+0000] {taskinstance.py:2480} INFO - Exporting env vars: AIRFLOW_CTX_DAG_OWNER='***' AIRFLOW_CTX_DAG_ID='etl_***' AIRFLOW_CTX_TASK_ID='extract' AIRFLOW_CTX_EXECUTION_DATE='2024-12-29T00:00:00+00:00' AIRFLOW_CTX_TRY_NUMBER='1' AIRFLOW_CTX_DAG_RUN_ID='scheduled__2024-12-29T00:00:00+00:00'
[2025-12-16T16:43:26.573+0000] {logging_mixin.py:188} INFO - Extracting data from /opt/***/data/input.csv
[2025-12-16T16:43:26.586+0000] {taskinstance.py:2698} ERROR - Task failed with exception
Traceback (most recent call last):
  File "/home/airflow/.local/lib/python3.8/site-packages/airflow/models/taskinstance.py", line 433, in _execute_task
    result = execute_callable(context=context, **execute_callable_kwargs)
  File "/home/airflow/.local/lib/python3.8/site-packages/airflow/operators/python.py", line 199, in execute
    return_value = self.execute_callable()
  File "/home/airflow/.local/lib/python3.8/site-packages/airflow/operators/python.py", line 216, in execute_callable
    return self.python_callable(*self.op_args, **self.op_kwargs)
  File "/opt/airflow/etl_logic/pipeline.py", line 97, in extract_data
    df = pd.read_csv(input_path)
  File "/home/airflow/.local/lib/python3.8/site-packages/pandas/io/parsers/readers.py", line 912, in read_csv
    return _read(filepath_or_buffer, kwds)
  File "/home/airflow/.local/lib/python3.8/site-packages/pandas/io/parsers/readers.py", line 577, in _read
    parser = TextFileReader(filepath_or_buffer, **kwds)
  File "/home/airflow/.local/lib/python3.8/site-packages/pandas/io/parsers/readers.py", line 1407, in __init__
    self._engine = self._make_engine(f, self.engine)
  File "/home/airflow/.local/lib/python3.8/site-packages/pandas/io/parsers/readers.py", line 1661, in _make_engine
    self.handles = get_handle(
  File "/home/airflow/.local/lib/python3.8/site-packages/pandas/io/common.py", line 859, in get_handle
    handle = open(
FileNotFoundError: [Errno 2] No such file or directory: '/opt/airflow/data/input.csv'
[2025-12-16T16:43:26.629+0000] {taskinstance.py:1138} INFO - Marking task as UP_FOR_RETRY. dag_id=etl_***, task_id=extract, execution_date=20241229T000000, start_date=20251216T164326, end_date=20251216T164326
[2025-12-16T16:43:26.660+0000] {standard_task_runner.py:107} ERROR - Failed to execute job 1072 for task extract ([Errno 2] No such file or directory: '/opt/airflow/data/input.csv'; 827)
[2025-12-16T16:43:26.703+0000] {local_task_job_runner.py:234} INFO - Task exited with return code 1
[2025-12-16T16:43:27.030+0000] {taskinstance.py:3280} INFO - 0 downstream tasks scheduled from follow-on schedule check
[2025-12-17T01:56:27.364+0000] {taskinstance.py:1956} INFO - Dependencies all met for dep_context=non-requeueable deps ti=<TaskInstance: etl_airflow.extract scheduled__2024-12-29T00:00:00+00:00 [queued]>
[2025-12-17T01:56:27.389+0000] {taskinstance.py:1956} INFO - Dependencies all met for dep_context=requeueable deps ti=<TaskInstance: etl_airflow.extract scheduled__2024-12-29T00:00:00+00:00 [queued]>
[2025-12-17T01:56:27.391+0000] {taskinstance.py:2170} INFO - Starting attempt 1 of 3
[2025-12-17T01:56:27.435+0000] {taskinstance.py:2191} INFO - Executing <Task(PythonOperator): extract> on 2024-12-29 00:00:00+00:00
[2025-12-17T01:56:27.449+0000] {standard_task_runner.py:60} INFO - Started process 3689 to run task
[2025-12-17T01:56:27.459+0000] {standard_task_runner.py:87} INFO - Running: ['***', 'tasks', 'run', 'etl_***', 'extract', 'scheduled__2024-12-29T00:00:00+00:00', '--job-id', '1095', '--raw', '--subdir', 'DAGS_FOLDER/etl_dag.py', '--cfg-path', '/tmp/tmpcu5p1ded']
[2025-12-17T01:56:27.464+0000] {standard_task_runner.py:88} INFO - Job 1095: Subtask extract
[2025-12-17T01:56:27.616+0000] {task_command.py:423} INFO - Running <TaskInstance: etl_airflow.extract scheduled__2024-12-29T00:00:00+00:00 [running]> on host 571e042550da
[2025-12-17T01:56:28.067+0000] {taskinstance.py:2480} INFO - Exporting env vars: AIRFLOW_CTX_DAG_OWNER='***' AIRFLOW_CTX_DAG_ID='etl_***' AIRFLOW_CTX_TASK_ID='extract' AIRFLOW_CTX_EXECUTION_DATE='2024-12-29T00:00:00+00:00' AIRFLOW_CTX_TRY_NUMBER='1' AIRFLOW_CTX_DAG_RUN_ID='scheduled__2024-12-29T00:00:00+00:00'
[2025-12-17T01:56:28.070+0000] {logging_mixin.py:188} INFO - [EXTRACT] Reading /opt/***/data/synthetic_events.csv
[2025-12-17T01:56:28.131+0000] {logging_mixin.py:188} INFO - [EXTRACT] done
[2025-12-17T01:56:28.132+0000] {python.py:201} INFO - Done. Returned value was: None
[2025-12-17T01:56:28.155+0000] {taskinstance.py:1138} INFO - Marking task as SUCCESS. dag_id=etl_***, task_id=extract, execution_date=20241229T000000, start_date=20251217T015627, end_date=20251217T015628
[2025-12-17T01:56:28.316+0000] {local_task_job_runner.py:234} INFO - Task exited with return code 0
[2025-12-17T01:56:28.375+0000] {taskinstance.py:3280} INFO - 1 downstream tasks scheduled from follow-on schedule check
[2025-12-17T04:55:18.364+0000] {taskinstance.py:1956} INFO - Dependencies all met for dep_context=non-requeueable deps ti=<TaskInstance: etl_airflow.extract scheduled__2024-12-29T00:00:00+00:00 [queued]>
[2025-12-17T04:55:18.375+0000] {taskinstance.py:1956} INFO - Dependencies all met for dep_context=requeueable deps ti=<TaskInstance: etl_airflow.extract scheduled__2024-12-29T00:00:00+00:00 [queued]>
[2025-12-17T04:55:18.376+0000] {taskinstance.py:2170} INFO - Starting attempt 1 of 3
[2025-12-17T04:55:18.538+0000] {taskinstance.py:2191} INFO - Executing <Task(PythonOperator): extract> on 2024-12-29 00:00:00+00:00
[2025-12-17T04:55:18.544+0000] {standard_task_runner.py:60} INFO - Started process 4950 to run task
[2025-12-17T04:55:18.551+0000] {standard_task_runner.py:87} INFO - Running: ['***', 'tasks', 'run', 'etl_***', 'extract', 'scheduled__2024-12-29T00:00:00+00:00', '--job-id', '1432', '--raw', '--subdir', 'DAGS_FOLDER/etl_***.py', '--cfg-path', '/tmp/tmp6m49itm6']
[2025-12-17T04:55:18.553+0000] {standard_task_runner.py:88} INFO - Job 1432: Subtask extract
[2025-12-17T04:55:18.670+0000] {task_command.py:423} INFO - Running <TaskInstance: etl_airflow.extract scheduled__2024-12-29T00:00:00+00:00 [running]> on host b3426f05ac70
[2025-12-17T04:55:19.001+0000] {taskinstance.py:2480} INFO - Exporting env vars: AIRFLOW_CTX_DAG_OWNER='***' AIRFLOW_CTX_DAG_ID='etl_***' AIRFLOW_CTX_TASK_ID='extract' AIRFLOW_CTX_EXECUTION_DATE='2024-12-29T00:00:00+00:00' AIRFLOW_CTX_TRY_NUMBER='1' AIRFLOW_CTX_DAG_RUN_ID='scheduled__2024-12-29T00:00:00+00:00'
[2025-12-17T04:55:19.017+0000] {python.py:201} INFO - Done. Returned value was:    user_id event_type           timestamp country
0        1      login 2025-01-01 09:00:00      IN
1        1      click 2025-01-01 09:05:00      IN
2        1     logout 2025-01-01 09:15:00      IN
3        2      login 2025-01-01 10:00:00      US
4        2      click 2025-01-01 10:10:00      US
5        2     logout 2025-01-01 10:20:00      US
6        3      login 2025-01-02 08:00:00      FR
7        3      click 2025-01-02 08:05:00      FR
8        3     logout 2025-01-02 08:30:00      FR
[2025-12-17T04:55:19.064+0000] {taskinstance.py:1138} INFO - Marking task as SUCCESS. dag_id=etl_***, task_id=extract, execution_date=20241229T000000, start_date=20251217T045518, end_date=20251217T045519
[2025-12-17T04:55:19.127+0000] {local_task_job_runner.py:234} INFO - Task exited with return code 0
[2025-12-17T04:55:19.228+0000] {taskinstance.py:3280} INFO - 1 downstream tasks scheduled from follow-on schedule check
[2025-12-17T08:00:36.624+0000] {taskinstance.py:1956} INFO - Dependencies all met for dep_context=non-requeueable deps ti=<TaskInstance: etl_airflow.extract scheduled__2024-12-29T00:00:00+00:00 [queued]>
[2025-12-17T08:00:36.689+0000] {taskinstance.py:1956} INFO - Dependencies all met for dep_context=requeueable deps ti=<TaskInstance: etl_airflow.extract scheduled__2024-12-29T00:00:00+00:00 [queued]>
[2025-12-17T08:00:36.701+0000] {taskinstance.py:2170} INFO - Starting attempt 1 of 3
[2025-12-17T08:00:36.762+0000] {taskinstance.py:2191} INFO - Executing <Task(PythonOperator): extract> on 2024-12-29 00:00:00+00:00
[2025-12-17T08:00:36.793+0000] {standard_task_runner.py:60} INFO - Started process 5036 to run task
[2025-12-17T08:00:36.816+0000] {standard_task_runner.py:87} INFO - Running: ['***', 'tasks', 'run', 'etl_***', 'extract', 'scheduled__2024-12-29T00:00:00+00:00', '--job-id', '1431', '--raw', '--subdir', 'DAGS_FOLDER/etl_***.py', '--cfg-path', '/tmp/tmp63l71afs']
[2025-12-17T08:00:36.838+0000] {standard_task_runner.py:88} INFO - Job 1431: Subtask extract
[2025-12-17T08:00:37.137+0000] {task_command.py:423} INFO - Running <TaskInstance: etl_airflow.extract scheduled__2024-12-29T00:00:00+00:00 [running]> on host 2a0de06c8905
[2025-12-17T08:00:38.092+0000] {taskinstance.py:2480} INFO - Exporting env vars: AIRFLOW_CTX_DAG_OWNER='***' AIRFLOW_CTX_DAG_ID='etl_***' AIRFLOW_CTX_TASK_ID='extract' AIRFLOW_CTX_EXECUTION_DATE='2024-12-29T00:00:00+00:00' AIRFLOW_CTX_TRY_NUMBER='1' AIRFLOW_CTX_DAG_RUN_ID='scheduled__2024-12-29T00:00:00+00:00'
[2025-12-17T08:00:38.180+0000] {python.py:201} INFO - Done. Returned value was:    user_id event_type           timestamp country
0        1      login 2025-01-01 09:00:00      IN
1        1      click 2025-01-01 09:05:00      IN
2        1     logout 2025-01-01 09:15:00      IN
3        2      login 2025-01-01 10:00:00      US
4        2      click 2025-01-01 10:10:00      US
5        2     logout 2025-01-01 10:20:00      US
6        3      login 2025-01-02 08:00:00      FR
7        3      click 2025-01-02 08:05:00      FR
8        3     logout 2025-01-02 08:30:00      FR
[2025-12-17T08:00:38.302+0000] {taskinstance.py:1138} INFO - Marking task as SUCCESS. dag_id=etl_***, task_id=extract, execution_date=20241229T000000, start_date=20251217T080036, end_date=20251217T080038
[2025-12-17T08:00:38.394+0000] {local_task_job_runner.py:234} INFO - Task exited with return code 0
[2025-12-17T08:00:38.748+0000] {taskinstance.py:3280} INFO - 0 downstream tasks scheduled from follow-on schedule check
