[2025-12-16T17:14:53.569+0000] {taskinstance.py:1956} INFO - Dependencies all met for dep_context=non-requeueable deps ti=<TaskInstance: etl_airflow.transform scheduled__2024-11-15T00:00:00+00:00 [queued]>
[2025-12-16T17:14:53.591+0000] {taskinstance.py:1956} INFO - Dependencies all met for dep_context=requeueable deps ti=<TaskInstance: etl_airflow.transform scheduled__2024-11-15T00:00:00+00:00 [queued]>
[2025-12-16T17:14:53.595+0000] {taskinstance.py:2170} INFO - Starting attempt 1 of 3
[2025-12-16T17:14:53.630+0000] {taskinstance.py:2191} INFO - Executing <Task(PythonOperator): transform> on 2024-11-15 00:00:00+00:00
[2025-12-16T17:14:53.654+0000] {standard_task_runner.py:60} INFO - Started process 1597 to run task
[2025-12-16T17:14:53.662+0000] {standard_task_runner.py:87} INFO - Running: ['***', 'tasks', 'run', 'etl_***', 'transform', 'scheduled__2024-11-15T00:00:00+00:00', '--job-id', '4583', '--raw', '--subdir', 'DAGS_FOLDER/etl_dag.py', '--cfg-path', '/tmp/tmphsoxr3ad']
[2025-12-16T17:14:53.668+0000] {standard_task_runner.py:88} INFO - Job 4583: Subtask transform
[2025-12-16T17:14:53.820+0000] {task_command.py:423} INFO - Running <TaskInstance: etl_airflow.transform scheduled__2024-11-15T00:00:00+00:00 [running]> on host 3b89cfee50e9
[2025-12-16T17:14:54.001+0000] {taskinstance.py:2480} INFO - Exporting env vars: AIRFLOW_CTX_DAG_OWNER='***' AIRFLOW_CTX_DAG_ID='etl_***' AIRFLOW_CTX_TASK_ID='transform' AIRFLOW_CTX_EXECUTION_DATE='2024-11-15T00:00:00+00:00' AIRFLOW_CTX_TRY_NUMBER='1' AIRFLOW_CTX_DAG_RUN_ID='scheduled__2024-11-15T00:00:00+00:00'
[2025-12-16T17:14:54.006+0000] {logging_mixin.py:188} INFO - [TRANSFORM]
[2025-12-16T17:14:54.358+0000] {logging_mixin.py:188} INFO - [TRANSFORM] done
[2025-12-16T17:14:54.359+0000] {python.py:201} INFO - Done. Returned value was: None
[2025-12-16T17:14:54.376+0000] {taskinstance.py:1138} INFO - Marking task as SUCCESS. dag_id=etl_***, task_id=transform, execution_date=20241115T000000, start_date=20251216T171453, end_date=20251216T171454
[2025-12-16T17:14:54.492+0000] {local_task_job_runner.py:234} INFO - Task exited with return code 0
[2025-12-16T17:14:54.543+0000] {taskinstance.py:3280} INFO - 1 downstream tasks scheduled from follow-on schedule check
[2025-12-17T01:55:46.485+0000] {taskinstance.py:1956} INFO - Dependencies all met for dep_context=non-requeueable deps ti=<TaskInstance: etl_airflow.transform scheduled__2024-11-15T00:00:00+00:00 [queued]>
[2025-12-17T01:55:46.517+0000] {taskinstance.py:1956} INFO - Dependencies all met for dep_context=requeueable deps ti=<TaskInstance: etl_airflow.transform scheduled__2024-11-15T00:00:00+00:00 [queued]>
[2025-12-17T01:55:46.520+0000] {taskinstance.py:2170} INFO - Starting attempt 1 of 3
[2025-12-17T01:55:46.573+0000] {taskinstance.py:2191} INFO - Executing <Task(PythonOperator): transform> on 2024-11-15 00:00:00+00:00
[2025-12-17T01:55:46.586+0000] {standard_task_runner.py:60} INFO - Started process 3307 to run task
[2025-12-17T01:55:46.599+0000] {standard_task_runner.py:87} INFO - Running: ['***', 'tasks', 'run', 'etl_***', 'transform', 'scheduled__2024-11-15T00:00:00+00:00', '--job-id', '974', '--raw', '--subdir', 'DAGS_FOLDER/etl_dag.py', '--cfg-path', '/tmp/tmpn6zrf_hu']
[2025-12-17T01:55:46.616+0000] {standard_task_runner.py:88} INFO - Job 974: Subtask transform
[2025-12-17T01:55:46.829+0000] {task_command.py:423} INFO - Running <TaskInstance: etl_airflow.transform scheduled__2024-11-15T00:00:00+00:00 [running]> on host 571e042550da
[2025-12-17T01:55:47.407+0000] {taskinstance.py:2480} INFO - Exporting env vars: AIRFLOW_CTX_DAG_OWNER='***' AIRFLOW_CTX_DAG_ID='etl_***' AIRFLOW_CTX_TASK_ID='transform' AIRFLOW_CTX_EXECUTION_DATE='2024-11-15T00:00:00+00:00' AIRFLOW_CTX_TRY_NUMBER='1' AIRFLOW_CTX_DAG_RUN_ID='scheduled__2024-11-15T00:00:00+00:00'
[2025-12-17T01:55:47.410+0000] {logging_mixin.py:188} INFO - [TRANSFORM]
[2025-12-17T01:55:47.449+0000] {logging_mixin.py:188} INFO - [TRANSFORM] done
[2025-12-17T01:55:47.451+0000] {python.py:201} INFO - Done. Returned value was: None
[2025-12-17T01:55:47.477+0000] {taskinstance.py:1138} INFO - Marking task as SUCCESS. dag_id=etl_***, task_id=transform, execution_date=20241115T000000, start_date=20251217T015546, end_date=20251217T015547
[2025-12-17T01:55:47.540+0000] {local_task_job_runner.py:234} INFO - Task exited with return code 0
[2025-12-17T01:55:47.611+0000] {taskinstance.py:3280} INFO - 1 downstream tasks scheduled from follow-on schedule check
[2025-12-17T04:53:30.531+0000] {taskinstance.py:1956} INFO - Dependencies all met for dep_context=non-requeueable deps ti=<TaskInstance: etl_airflow.transform scheduled__2024-11-15T00:00:00+00:00 [queued]>
[2025-12-17T04:53:30.554+0000] {taskinstance.py:1956} INFO - Dependencies all met for dep_context=requeueable deps ti=<TaskInstance: etl_airflow.transform scheduled__2024-11-15T00:00:00+00:00 [queued]>
[2025-12-17T04:53:30.556+0000] {taskinstance.py:2170} INFO - Starting attempt 1 of 3
[2025-12-17T04:53:30.585+0000] {taskinstance.py:2191} INFO - Executing <Task(PythonOperator): transform> on 2024-11-15 00:00:00+00:00
[2025-12-17T04:53:30.596+0000] {standard_task_runner.py:60} INFO - Started process 4331 to run task
[2025-12-17T04:53:30.604+0000] {standard_task_runner.py:87} INFO - Running: ['***', 'tasks', 'run', 'etl_***', 'transform', 'scheduled__2024-11-15T00:00:00+00:00', '--job-id', '1249', '--raw', '--subdir', 'DAGS_FOLDER/etl_***.py', '--cfg-path', '/tmp/tmpdo0vsa61']
[2025-12-17T04:53:30.609+0000] {standard_task_runner.py:88} INFO - Job 1249: Subtask transform
[2025-12-17T04:53:30.762+0000] {task_command.py:423} INFO - Running <TaskInstance: etl_airflow.transform scheduled__2024-11-15T00:00:00+00:00 [running]> on host b3426f05ac70
[2025-12-17T04:53:31.215+0000] {taskinstance.py:2480} INFO - Exporting env vars: AIRFLOW_CTX_DAG_OWNER='***' AIRFLOW_CTX_DAG_ID='etl_***' AIRFLOW_CTX_TASK_ID='transform' AIRFLOW_CTX_EXECUTION_DATE='2024-11-15T00:00:00+00:00' AIRFLOW_CTX_TRY_NUMBER='1' AIRFLOW_CTX_DAG_RUN_ID='scheduled__2024-11-15T00:00:00+00:00'
[2025-12-17T04:53:31.222+0000] {taskinstance.py:2698} ERROR - Task failed with exception
Traceback (most recent call last):
  File "/home/airflow/.local/lib/python3.8/site-packages/airflow/models/taskinstance.py", line 433, in _execute_task
    result = execute_callable(context=context, **execute_callable_kwargs)
  File "/home/airflow/.local/lib/python3.8/site-packages/airflow/operators/python.py", line 199, in execute
    return_value = self.execute_callable()
  File "/home/airflow/.local/lib/python3.8/site-packages/airflow/operators/python.py", line 216, in execute_callable
    return self.python_callable(*self.op_args, **self.op_kwargs)
TypeError: transform_data() missing 1 required positional argument: 'df'
[2025-12-17T04:53:31.247+0000] {taskinstance.py:1138} INFO - Marking task as UP_FOR_RETRY. dag_id=etl_***, task_id=transform, execution_date=20241115T000000, start_date=20251217T045330, end_date=20251217T045331
[2025-12-17T04:53:31.279+0000] {standard_task_runner.py:107} ERROR - Failed to execute job 1249 for task transform (transform_data() missing 1 required positional argument: 'df'; 4331)
[2025-12-17T04:53:31.343+0000] {local_task_job_runner.py:234} INFO - Task exited with return code 1
[2025-12-17T04:53:31.401+0000] {taskinstance.py:3280} INFO - 0 downstream tasks scheduled from follow-on schedule check
[2025-12-17T07:59:14.487+0000] {taskinstance.py:1956} INFO - Dependencies all met for dep_context=non-requeueable deps ti=<TaskInstance: etl_airflow.transform scheduled__2024-11-15T00:00:00+00:00 [queued]>
[2025-12-17T07:59:14.523+0000] {taskinstance.py:1956} INFO - Dependencies all met for dep_context=requeueable deps ti=<TaskInstance: etl_airflow.transform scheduled__2024-11-15T00:00:00+00:00 [queued]>
[2025-12-17T07:59:14.525+0000] {taskinstance.py:2170} INFO - Starting attempt 1 of 3
[2025-12-17T07:59:14.562+0000] {taskinstance.py:2191} INFO - Executing <Task(PythonOperator): transform> on 2024-11-15 00:00:00+00:00
[2025-12-17T07:59:14.581+0000] {standard_task_runner.py:60} INFO - Started process 4587 to run task
[2025-12-17T07:59:14.593+0000] {standard_task_runner.py:87} INFO - Running: ['***', 'tasks', 'run', 'etl_***', 'transform', 'scheduled__2024-11-15T00:00:00+00:00', '--job-id', '1294', '--raw', '--subdir', 'DAGS_FOLDER/etl_***.py', '--cfg-path', '/tmp/tmpfwz7a_6t']
[2025-12-17T07:59:14.600+0000] {standard_task_runner.py:88} INFO - Job 1294: Subtask transform
[2025-12-17T07:59:14.815+0000] {task_command.py:423} INFO - Running <TaskInstance: etl_airflow.transform scheduled__2024-11-15T00:00:00+00:00 [running]> on host 2a0de06c8905
[2025-12-17T07:59:15.465+0000] {taskinstance.py:2480} INFO - Exporting env vars: AIRFLOW_CTX_DAG_OWNER='***' AIRFLOW_CTX_DAG_ID='etl_***' AIRFLOW_CTX_TASK_ID='transform' AIRFLOW_CTX_EXECUTION_DATE='2024-11-15T00:00:00+00:00' AIRFLOW_CTX_TRY_NUMBER='1' AIRFLOW_CTX_DAG_RUN_ID='scheduled__2024-11-15T00:00:00+00:00'
[2025-12-17T07:59:15.476+0000] {taskinstance.py:2698} ERROR - Task failed with exception
Traceback (most recent call last):
  File "/home/airflow/.local/lib/python3.8/site-packages/airflow/models/taskinstance.py", line 433, in _execute_task
    result = execute_callable(context=context, **execute_callable_kwargs)
  File "/home/airflow/.local/lib/python3.8/site-packages/airflow/operators/python.py", line 199, in execute
    return_value = self.execute_callable()
  File "/home/airflow/.local/lib/python3.8/site-packages/airflow/operators/python.py", line 216, in execute_callable
    return self.python_callable(*self.op_args, **self.op_kwargs)
TypeError: transform_data() missing 1 required positional argument: 'df'
[2025-12-17T07:59:15.499+0000] {taskinstance.py:1138} INFO - Marking task as UP_FOR_RETRY. dag_id=etl_***, task_id=transform, execution_date=20241115T000000, start_date=20251217T075914, end_date=20251217T075915
[2025-12-17T07:59:15.613+0000] {standard_task_runner.py:107} ERROR - Failed to execute job 1294 for task transform (transform_data() missing 1 required positional argument: 'df'; 4587)
[2025-12-17T07:59:15.690+0000] {local_task_job_runner.py:234} INFO - Task exited with return code 1
[2025-12-17T07:59:15.849+0000] {taskinstance.py:3280} INFO - 0 downstream tasks scheduled from follow-on schedule check
