[2025-12-16T17:10:22.058+0000] {taskinstance.py:1956} INFO - Dependencies all met for dep_context=non-requeueable deps ti=<TaskInstance: etl_airflow.transform scheduled__2024-02-16T00:00:00+00:00 [queued]>
[2025-12-16T17:10:22.088+0000] {taskinstance.py:1956} INFO - Dependencies all met for dep_context=requeueable deps ti=<TaskInstance: etl_airflow.transform scheduled__2024-02-16T00:00:00+00:00 [queued]>
[2025-12-16T17:10:22.090+0000] {taskinstance.py:2170} INFO - Starting attempt 1 of 3
[2025-12-16T17:10:22.129+0000] {taskinstance.py:2191} INFO - Executing <Task(PythonOperator): transform> on 2024-02-16 00:00:00+00:00
[2025-12-16T17:10:22.145+0000] {standard_task_runner.py:60} INFO - Started process 736 to run task
[2025-12-16T17:10:22.151+0000] {standard_task_runner.py:87} INFO - Running: ['***', 'tasks', 'run', 'etl_***', 'transform', 'scheduled__2024-02-16T00:00:00+00:00', '--job-id', '3727', '--raw', '--subdir', 'DAGS_FOLDER/etl_dag.py', '--cfg-path', '/tmp/tmpq5d3_9hf']
[2025-12-16T17:10:22.157+0000] {standard_task_runner.py:88} INFO - Job 3727: Subtask transform
[2025-12-16T17:10:22.386+0000] {task_command.py:423} INFO - Running <TaskInstance: etl_airflow.transform scheduled__2024-02-16T00:00:00+00:00 [running]> on host 3b89cfee50e9
[2025-12-16T17:10:22.595+0000] {taskinstance.py:2480} INFO - Exporting env vars: AIRFLOW_CTX_DAG_OWNER='***' AIRFLOW_CTX_DAG_ID='etl_***' AIRFLOW_CTX_TASK_ID='transform' AIRFLOW_CTX_EXECUTION_DATE='2024-02-16T00:00:00+00:00' AIRFLOW_CTX_TRY_NUMBER='1' AIRFLOW_CTX_DAG_RUN_ID='scheduled__2024-02-16T00:00:00+00:00'
[2025-12-16T17:10:22.602+0000] {logging_mixin.py:188} INFO - [TRANSFORM]
[2025-12-16T17:10:23.000+0000] {logging_mixin.py:188} INFO - [TRANSFORM] done
[2025-12-16T17:10:23.001+0000] {python.py:201} INFO - Done. Returned value was: None
[2025-12-16T17:10:23.038+0000] {taskinstance.py:1138} INFO - Marking task as SUCCESS. dag_id=etl_***, task_id=transform, execution_date=20240216T000000, start_date=20251216T171022, end_date=20251216T171023
[2025-12-16T17:10:23.113+0000] {local_task_job_runner.py:234} INFO - Task exited with return code 0
[2025-12-16T17:10:23.199+0000] {taskinstance.py:3280} INFO - 1 downstream tasks scheduled from follow-on schedule check
[2025-12-17T01:50:48.898+0000] {taskinstance.py:1956} INFO - Dependencies all met for dep_context=non-requeueable deps ti=<TaskInstance: etl_airflow.transform scheduled__2024-02-16T00:00:00+00:00 [queued]>
[2025-12-17T01:50:48.930+0000] {taskinstance.py:1956} INFO - Dependencies all met for dep_context=requeueable deps ti=<TaskInstance: etl_airflow.transform scheduled__2024-02-16T00:00:00+00:00 [queued]>
[2025-12-17T01:50:48.934+0000] {taskinstance.py:2170} INFO - Starting attempt 1 of 3
[2025-12-17T01:50:48.966+0000] {taskinstance.py:2191} INFO - Executing <Task(PythonOperator): transform> on 2024-02-16 00:00:00+00:00
[2025-12-17T01:50:48.981+0000] {standard_task_runner.py:60} INFO - Started process 650 to run task
[2025-12-17T01:50:48.990+0000] {standard_task_runner.py:87} INFO - Running: ['***', 'tasks', 'run', 'etl_***', 'transform', 'scheduled__2024-02-16T00:00:00+00:00', '--job-id', '143', '--raw', '--subdir', 'DAGS_FOLDER/etl_dag.py', '--cfg-path', '/tmp/tmpcz255a7w']
[2025-12-17T01:50:48.998+0000] {standard_task_runner.py:88} INFO - Job 143: Subtask transform
[2025-12-17T01:50:49.162+0000] {task_command.py:423} INFO - Running <TaskInstance: etl_airflow.transform scheduled__2024-02-16T00:00:00+00:00 [running]> on host 571e042550da
[2025-12-17T01:50:49.612+0000] {taskinstance.py:2480} INFO - Exporting env vars: AIRFLOW_CTX_DAG_OWNER='***' AIRFLOW_CTX_DAG_ID='etl_***' AIRFLOW_CTX_TASK_ID='transform' AIRFLOW_CTX_EXECUTION_DATE='2024-02-16T00:00:00+00:00' AIRFLOW_CTX_TRY_NUMBER='1' AIRFLOW_CTX_DAG_RUN_ID='scheduled__2024-02-16T00:00:00+00:00'
[2025-12-17T01:50:49.617+0000] {logging_mixin.py:188} INFO - [TRANSFORM]
[2025-12-17T01:50:49.666+0000] {logging_mixin.py:188} INFO - [TRANSFORM] done
[2025-12-17T01:50:49.668+0000] {python.py:201} INFO - Done. Returned value was: None
[2025-12-17T01:50:49.691+0000] {taskinstance.py:1138} INFO - Marking task as SUCCESS. dag_id=etl_***, task_id=transform, execution_date=20240216T000000, start_date=20251217T015048, end_date=20251217T015049
[2025-12-17T01:50:49.777+0000] {local_task_job_runner.py:234} INFO - Task exited with return code 0
[2025-12-17T01:50:49.826+0000] {taskinstance.py:3280} INFO - 1 downstream tasks scheduled from follow-on schedule check
[2025-12-17T04:43:37.174+0000] {taskinstance.py:1956} INFO - Dependencies all met for dep_context=non-requeueable deps ti=<TaskInstance: etl_airflow.transform scheduled__2024-02-16T00:00:00+00:00 [queued]>
[2025-12-17T04:43:37.189+0000] {taskinstance.py:1956} INFO - Dependencies all met for dep_context=requeueable deps ti=<TaskInstance: etl_airflow.transform scheduled__2024-02-16T00:00:00+00:00 [queued]>
[2025-12-17T04:43:37.190+0000] {taskinstance.py:2170} INFO - Starting attempt 1 of 3
[2025-12-17T04:43:37.212+0000] {taskinstance.py:2191} INFO - Executing <Task(PythonOperator): transform> on 2024-02-16 00:00:00+00:00
[2025-12-17T04:43:37.221+0000] {standard_task_runner.py:60} INFO - Started process 739 to run task
[2025-12-17T04:43:37.225+0000] {standard_task_runner.py:87} INFO - Running: ['***', 'tasks', 'run', 'etl_***', 'transform', 'scheduled__2024-02-16T00:00:00+00:00', '--job-id', '161', '--raw', '--subdir', 'DAGS_FOLDER/etl_***.py', '--cfg-path', '/tmp/tmp0vatiuof']
[2025-12-17T04:43:37.228+0000] {standard_task_runner.py:88} INFO - Job 161: Subtask transform
[2025-12-17T04:43:37.326+0000] {task_command.py:423} INFO - Running <TaskInstance: etl_airflow.transform scheduled__2024-02-16T00:00:00+00:00 [running]> on host b3426f05ac70
[2025-12-17T04:43:37.652+0000] {taskinstance.py:2480} INFO - Exporting env vars: AIRFLOW_CTX_DAG_OWNER='***' AIRFLOW_CTX_DAG_ID='etl_***' AIRFLOW_CTX_TASK_ID='transform' AIRFLOW_CTX_EXECUTION_DATE='2024-02-16T00:00:00+00:00' AIRFLOW_CTX_TRY_NUMBER='1' AIRFLOW_CTX_DAG_RUN_ID='scheduled__2024-02-16T00:00:00+00:00'
[2025-12-17T04:43:37.655+0000] {taskinstance.py:2698} ERROR - Task failed with exception
Traceback (most recent call last):
  File "/home/airflow/.local/lib/python3.8/site-packages/airflow/models/taskinstance.py", line 433, in _execute_task
    result = execute_callable(context=context, **execute_callable_kwargs)
  File "/home/airflow/.local/lib/python3.8/site-packages/airflow/operators/python.py", line 199, in execute
    return_value = self.execute_callable()
  File "/home/airflow/.local/lib/python3.8/site-packages/airflow/operators/python.py", line 216, in execute_callable
    return self.python_callable(*self.op_args, **self.op_kwargs)
TypeError: transform_data() missing 1 required positional argument: 'df'
[2025-12-17T04:43:37.664+0000] {taskinstance.py:1138} INFO - Marking task as UP_FOR_RETRY. dag_id=etl_***, task_id=transform, execution_date=20240216T000000, start_date=20251217T044337, end_date=20251217T044337
[2025-12-17T04:43:37.679+0000] {standard_task_runner.py:107} ERROR - Failed to execute job 161 for task transform (transform_data() missing 1 required positional argument: 'df'; 739)
[2025-12-17T04:43:37.722+0000] {local_task_job_runner.py:234} INFO - Task exited with return code 1
[2025-12-17T04:43:37.760+0000] {taskinstance.py:3280} INFO - 0 downstream tasks scheduled from follow-on schedule check
[2025-12-17T07:36:49.097+0000] {taskinstance.py:1956} INFO - Dependencies all met for dep_context=non-requeueable deps ti=<TaskInstance: etl_airflow.transform scheduled__2024-02-16T00:00:00+00:00 [queued]>
[2025-12-17T07:36:49.125+0000] {taskinstance.py:1956} INFO - Dependencies all met for dep_context=requeueable deps ti=<TaskInstance: etl_airflow.transform scheduled__2024-02-16T00:00:00+00:00 [queued]>
[2025-12-17T07:36:49.127+0000] {taskinstance.py:2170} INFO - Starting attempt 1 of 3
[2025-12-17T07:36:49.170+0000] {taskinstance.py:2191} INFO - Executing <Task(PythonOperator): transform> on 2024-02-16 00:00:00+00:00
[2025-12-17T07:36:49.185+0000] {standard_task_runner.py:60} INFO - Started process 809 to run task
[2025-12-17T07:36:49.195+0000] {standard_task_runner.py:87} INFO - Running: ['***', 'tasks', 'run', 'etl_***', 'transform', 'scheduled__2024-02-16T00:00:00+00:00', '--job-id', '164', '--raw', '--subdir', 'DAGS_FOLDER/etl_***.py', '--cfg-path', '/tmp/tmp_bahky1r']
[2025-12-17T07:36:49.204+0000] {standard_task_runner.py:88} INFO - Job 164: Subtask transform
[2025-12-17T07:36:49.354+0000] {task_command.py:423} INFO - Running <TaskInstance: etl_airflow.transform scheduled__2024-02-16T00:00:00+00:00 [running]> on host 2a0de06c8905
[2025-12-17T07:36:49.749+0000] {taskinstance.py:2480} INFO - Exporting env vars: AIRFLOW_CTX_DAG_OWNER='***' AIRFLOW_CTX_DAG_ID='etl_***' AIRFLOW_CTX_TASK_ID='transform' AIRFLOW_CTX_EXECUTION_DATE='2024-02-16T00:00:00+00:00' AIRFLOW_CTX_TRY_NUMBER='1' AIRFLOW_CTX_DAG_RUN_ID='scheduled__2024-02-16T00:00:00+00:00'
[2025-12-17T07:36:49.752+0000] {taskinstance.py:2698} ERROR - Task failed with exception
Traceback (most recent call last):
  File "/home/airflow/.local/lib/python3.8/site-packages/airflow/models/taskinstance.py", line 433, in _execute_task
    result = execute_callable(context=context, **execute_callable_kwargs)
  File "/home/airflow/.local/lib/python3.8/site-packages/airflow/operators/python.py", line 199, in execute
    return_value = self.execute_callable()
  File "/home/airflow/.local/lib/python3.8/site-packages/airflow/operators/python.py", line 216, in execute_callable
    return self.python_callable(*self.op_args, **self.op_kwargs)
TypeError: transform_data() missing 1 required positional argument: 'df'
[2025-12-17T07:36:49.767+0000] {taskinstance.py:1138} INFO - Marking task as UP_FOR_RETRY. dag_id=etl_***, task_id=transform, execution_date=20240216T000000, start_date=20251217T073649, end_date=20251217T073649
[2025-12-17T07:36:49.803+0000] {standard_task_runner.py:107} ERROR - Failed to execute job 164 for task transform (transform_data() missing 1 required positional argument: 'df'; 809)
[2025-12-17T07:36:49.852+0000] {local_task_job_runner.py:234} INFO - Task exited with return code 1
[2025-12-17T07:36:49.889+0000] {taskinstance.py:3280} INFO - 0 downstream tasks scheduled from follow-on schedule check
