[2025-12-17T04:54:53.268+0000] {taskinstance.py:1956} INFO - Dependencies all met for dep_context=non-requeueable deps ti=<TaskInstance: etl_airflow.transform scheduled__2024-12-07T00:00:00+00:00 [queued]>
[2025-12-17T04:54:53.286+0000] {taskinstance.py:1956} INFO - Dependencies all met for dep_context=requeueable deps ti=<TaskInstance: etl_airflow.transform scheduled__2024-12-07T00:00:00+00:00 [queued]>
[2025-12-17T04:54:53.287+0000] {taskinstance.py:2170} INFO - Starting attempt 2 of 3
[2025-12-17T04:54:53.352+0000] {taskinstance.py:2191} INFO - Executing <Task(PythonOperator): transform> on 2024-12-07 00:00:00+00:00
[2025-12-17T04:54:53.362+0000] {standard_task_runner.py:60} INFO - Started process 4787 to run task
[2025-12-17T04:54:53.367+0000] {standard_task_runner.py:87} INFO - Running: ['***', 'tasks', 'run', 'etl_***', 'transform', 'scheduled__2024-12-07T00:00:00+00:00', '--job-id', '1383', '--raw', '--subdir', 'DAGS_FOLDER/etl_***.py', '--cfg-path', '/tmp/tmp92he6ekg']
[2025-12-17T04:54:53.375+0000] {standard_task_runner.py:88} INFO - Job 1383: Subtask transform
[2025-12-17T04:54:53.514+0000] {task_command.py:423} INFO - Running <TaskInstance: etl_airflow.transform scheduled__2024-12-07T00:00:00+00:00 [running]> on host b3426f05ac70
[2025-12-17T04:54:53.892+0000] {taskinstance.py:2480} INFO - Exporting env vars: AIRFLOW_CTX_DAG_OWNER='***' AIRFLOW_CTX_DAG_ID='etl_***' AIRFLOW_CTX_TASK_ID='transform' AIRFLOW_CTX_EXECUTION_DATE='2024-12-07T00:00:00+00:00' AIRFLOW_CTX_TRY_NUMBER='2' AIRFLOW_CTX_DAG_RUN_ID='scheduled__2024-12-07T00:00:00+00:00'
[2025-12-17T04:54:53.896+0000] {taskinstance.py:2698} ERROR - Task failed with exception
Traceback (most recent call last):
  File "/home/airflow/.local/lib/python3.8/site-packages/airflow/models/taskinstance.py", line 433, in _execute_task
    result = execute_callable(context=context, **execute_callable_kwargs)
  File "/home/airflow/.local/lib/python3.8/site-packages/airflow/operators/python.py", line 199, in execute
    return_value = self.execute_callable()
  File "/home/airflow/.local/lib/python3.8/site-packages/airflow/operators/python.py", line 216, in execute_callable
    return self.python_callable(*self.op_args, **self.op_kwargs)
TypeError: transform_data() missing 1 required positional argument: 'df'
[2025-12-17T04:54:53.910+0000] {taskinstance.py:1138} INFO - Marking task as UP_FOR_RETRY. dag_id=etl_***, task_id=transform, execution_date=20241207T000000, start_date=20251217T045453, end_date=20251217T045453
[2025-12-17T04:54:53.961+0000] {standard_task_runner.py:107} ERROR - Failed to execute job 1383 for task transform (transform_data() missing 1 required positional argument: 'df'; 4787)
[2025-12-17T04:54:53.986+0000] {local_task_job_runner.py:234} INFO - Task exited with return code 1
[2025-12-17T04:54:54.030+0000] {taskinstance.py:3280} INFO - 0 downstream tasks scheduled from follow-on schedule check
[2025-12-17T08:00:08.386+0000] {taskinstance.py:1956} INFO - Dependencies all met for dep_context=non-requeueable deps ti=<TaskInstance: etl_airflow.transform scheduled__2024-12-07T00:00:00+00:00 [queued]>
[2025-12-17T08:00:08.401+0000] {taskinstance.py:1956} INFO - Dependencies all met for dep_context=requeueable deps ti=<TaskInstance: etl_airflow.transform scheduled__2024-12-07T00:00:00+00:00 [queued]>
[2025-12-17T08:00:08.404+0000] {taskinstance.py:2170} INFO - Starting attempt 2 of 3
[2025-12-17T08:00:08.430+0000] {taskinstance.py:2191} INFO - Executing <Task(PythonOperator): transform> on 2024-12-07 00:00:00+00:00
[2025-12-17T08:00:08.440+0000] {standard_task_runner.py:60} INFO - Started process 4882 to run task
[2025-12-17T08:00:08.446+0000] {standard_task_runner.py:87} INFO - Running: ['***', 'tasks', 'run', 'etl_***', 'transform', 'scheduled__2024-12-07T00:00:00+00:00', '--job-id', '1386', '--raw', '--subdir', 'DAGS_FOLDER/etl_***.py', '--cfg-path', '/tmp/tmporg0kl47']
[2025-12-17T08:00:08.450+0000] {standard_task_runner.py:88} INFO - Job 1386: Subtask transform
[2025-12-17T08:00:08.599+0000] {task_command.py:423} INFO - Running <TaskInstance: etl_airflow.transform scheduled__2024-12-07T00:00:00+00:00 [running]> on host 2a0de06c8905
[2025-12-17T08:00:09.075+0000] {taskinstance.py:2480} INFO - Exporting env vars: AIRFLOW_CTX_DAG_OWNER='***' AIRFLOW_CTX_DAG_ID='etl_***' AIRFLOW_CTX_TASK_ID='transform' AIRFLOW_CTX_EXECUTION_DATE='2024-12-07T00:00:00+00:00' AIRFLOW_CTX_TRY_NUMBER='2' AIRFLOW_CTX_DAG_RUN_ID='scheduled__2024-12-07T00:00:00+00:00'
[2025-12-17T08:00:09.077+0000] {taskinstance.py:2698} ERROR - Task failed with exception
Traceback (most recent call last):
  File "/home/airflow/.local/lib/python3.8/site-packages/airflow/models/taskinstance.py", line 433, in _execute_task
    result = execute_callable(context=context, **execute_callable_kwargs)
  File "/home/airflow/.local/lib/python3.8/site-packages/airflow/operators/python.py", line 199, in execute
    return_value = self.execute_callable()
  File "/home/airflow/.local/lib/python3.8/site-packages/airflow/operators/python.py", line 216, in execute_callable
    return self.python_callable(*self.op_args, **self.op_kwargs)
TypeError: transform_data() missing 1 required positional argument: 'df'
[2025-12-17T08:00:09.092+0000] {taskinstance.py:1138} INFO - Marking task as UP_FOR_RETRY. dag_id=etl_***, task_id=transform, execution_date=20241207T000000, start_date=20251217T080008, end_date=20251217T080009
[2025-12-17T08:00:09.112+0000] {standard_task_runner.py:107} ERROR - Failed to execute job 1386 for task transform (transform_data() missing 1 required positional argument: 'df'; 4882)
[2025-12-17T08:00:09.145+0000] {local_task_job_runner.py:234} INFO - Task exited with return code 1
[2025-12-17T08:00:09.433+0000] {taskinstance.py:3280} INFO - 0 downstream tasks scheduled from follow-on schedule check
