[2025-12-16T16:33:28.592+0000] {taskinstance.py:1956} INFO - Dependencies all met for dep_context=non-requeueable deps ti=<TaskInstance: etl_airflow.extract scheduled__2024-05-02T00:00:00+00:00 [queued]>
[2025-12-16T16:33:28.607+0000] {taskinstance.py:1956} INFO - Dependencies all met for dep_context=requeueable deps ti=<TaskInstance: etl_airflow.extract scheduled__2024-05-02T00:00:00+00:00 [queued]>
[2025-12-16T16:33:28.608+0000] {taskinstance.py:2170} INFO - Starting attempt 1 of 3
[2025-12-16T16:33:28.634+0000] {taskinstance.py:2191} INFO - Executing <Task(PythonOperator): extract> on 2024-05-02 00:00:00+00:00
[2025-12-16T16:33:28.645+0000] {standard_task_runner.py:60} INFO - Started process 1690 to run task
[2025-12-16T16:33:28.651+0000] {standard_task_runner.py:87} INFO - Running: ['***', 'tasks', 'run', 'etl_***', 'extract', 'scheduled__2024-05-02T00:00:00+00:00', '--job-id', '372', '--raw', '--subdir', 'DAGS_FOLDER/etl_dag.py', '--cfg-path', '/tmp/tmpepgxb3yl']
[2025-12-16T16:33:28.656+0000] {standard_task_runner.py:88} INFO - Job 372: Subtask extract
[2025-12-16T16:33:28.777+0000] {task_command.py:423} INFO - Running <TaskInstance: etl_airflow.extract scheduled__2024-05-02T00:00:00+00:00 [running]> on host 528de643acfe
[2025-12-16T16:33:29.151+0000] {taskinstance.py:2480} INFO - Exporting env vars: AIRFLOW_CTX_DAG_OWNER='***' AIRFLOW_CTX_DAG_ID='etl_***' AIRFLOW_CTX_TASK_ID='extract' AIRFLOW_CTX_EXECUTION_DATE='2024-05-02T00:00:00+00:00' AIRFLOW_CTX_TRY_NUMBER='1' AIRFLOW_CTX_DAG_RUN_ID='scheduled__2024-05-02T00:00:00+00:00'
[2025-12-16T16:33:29.155+0000] {logging_mixin.py:188} INFO - Extracting data from /opt/***/data/input.csv
[2025-12-16T16:33:29.162+0000] {taskinstance.py:2698} ERROR - Task failed with exception
Traceback (most recent call last):
  File "/home/airflow/.local/lib/python3.8/site-packages/airflow/models/taskinstance.py", line 433, in _execute_task
    result = execute_callable(context=context, **execute_callable_kwargs)
  File "/home/airflow/.local/lib/python3.8/site-packages/airflow/operators/python.py", line 199, in execute
    return_value = self.execute_callable()
  File "/home/airflow/.local/lib/python3.8/site-packages/airflow/operators/python.py", line 216, in execute_callable
    return self.python_callable(*self.op_args, **self.op_kwargs)
  File "/opt/airflow/dags/etl_logic/pipeline.py", line 97, in extract_data
    df = pd.read_csv(input_path)
  File "/home/airflow/.local/lib/python3.8/site-packages/pandas/io/parsers/readers.py", line 912, in read_csv
    return _read(filepath_or_buffer, kwds)
  File "/home/airflow/.local/lib/python3.8/site-packages/pandas/io/parsers/readers.py", line 577, in _read
    parser = TextFileReader(filepath_or_buffer, **kwds)
  File "/home/airflow/.local/lib/python3.8/site-packages/pandas/io/parsers/readers.py", line 1407, in __init__
    self._engine = self._make_engine(f, self.engine)
  File "/home/airflow/.local/lib/python3.8/site-packages/pandas/io/parsers/readers.py", line 1661, in _make_engine
    self.handles = get_handle(
  File "/home/airflow/.local/lib/python3.8/site-packages/pandas/io/common.py", line 859, in get_handle
    handle = open(
FileNotFoundError: [Errno 2] No such file or directory: '/opt/airflow/data/input.csv'
[2025-12-16T16:33:29.199+0000] {taskinstance.py:1138} INFO - Marking task as UP_FOR_RETRY. dag_id=etl_***, task_id=extract, execution_date=20240502T000000, start_date=20251216T163328, end_date=20251216T163329
[2025-12-16T16:33:29.307+0000] {standard_task_runner.py:107} ERROR - Failed to execute job 372 for task extract ([Errno 2] No such file or directory: '/opt/airflow/data/input.csv'; 1690)
[2025-12-16T16:33:29.348+0000] {local_task_job_runner.py:234} INFO - Task exited with return code 1
[2025-12-16T16:33:29.395+0000] {taskinstance.py:3280} INFO - 0 downstream tasks scheduled from follow-on schedule check
[2025-12-17T01:52:16.444+0000] {taskinstance.py:1956} INFO - Dependencies all met for dep_context=non-requeueable deps ti=<TaskInstance: etl_airflow.extract scheduled__2024-05-02T00:00:00+00:00 [queued]>
[2025-12-17T01:52:16.466+0000] {taskinstance.py:1956} INFO - Dependencies all met for dep_context=requeueable deps ti=<TaskInstance: etl_airflow.extract scheduled__2024-05-02T00:00:00+00:00 [queued]>
[2025-12-17T01:52:16.468+0000] {taskinstance.py:2170} INFO - Starting attempt 1 of 3
[2025-12-17T01:52:16.560+0000] {taskinstance.py:2191} INFO - Executing <Task(PythonOperator): extract> on 2024-05-02 00:00:00+00:00
[2025-12-17T01:52:16.571+0000] {standard_task_runner.py:60} INFO - Started process 1368 to run task
[2025-12-17T01:52:16.578+0000] {standard_task_runner.py:87} INFO - Running: ['***', 'tasks', 'run', 'etl_***', 'extract', 'scheduled__2024-05-02T00:00:00+00:00', '--job-id', '365', '--raw', '--subdir', 'DAGS_FOLDER/etl_dag.py', '--cfg-path', '/tmp/tmpsvd7yvcm']
[2025-12-17T01:52:16.582+0000] {standard_task_runner.py:88} INFO - Job 365: Subtask extract
[2025-12-17T01:52:16.751+0000] {task_command.py:423} INFO - Running <TaskInstance: etl_airflow.extract scheduled__2024-05-02T00:00:00+00:00 [running]> on host 571e042550da
[2025-12-17T01:52:17.183+0000] {taskinstance.py:2480} INFO - Exporting env vars: AIRFLOW_CTX_DAG_OWNER='***' AIRFLOW_CTX_DAG_ID='etl_***' AIRFLOW_CTX_TASK_ID='extract' AIRFLOW_CTX_EXECUTION_DATE='2024-05-02T00:00:00+00:00' AIRFLOW_CTX_TRY_NUMBER='1' AIRFLOW_CTX_DAG_RUN_ID='scheduled__2024-05-02T00:00:00+00:00'
[2025-12-17T01:52:17.188+0000] {logging_mixin.py:188} INFO - [EXTRACT] Reading /opt/***/data/synthetic_events.csv
[2025-12-17T01:52:17.223+0000] {logging_mixin.py:188} INFO - [EXTRACT] done
[2025-12-17T01:52:17.225+0000] {python.py:201} INFO - Done. Returned value was: None
[2025-12-17T01:52:17.243+0000] {taskinstance.py:1138} INFO - Marking task as SUCCESS. dag_id=etl_***, task_id=extract, execution_date=20240502T000000, start_date=20251217T015216, end_date=20251217T015217
[2025-12-17T01:52:17.324+0000] {local_task_job_runner.py:234} INFO - Task exited with return code 0
[2025-12-17T01:52:17.379+0000] {taskinstance.py:3280} INFO - 1 downstream tasks scheduled from follow-on schedule check
[2025-12-17T04:19:59.971+0000] {taskinstance.py:1956} INFO - Dependencies all met for dep_context=non-requeueable deps ti=<TaskInstance: etl_airflow.extract scheduled__2024-05-02T00:00:00+00:00 [queued]>
[2025-12-17T04:19:59.989+0000] {taskinstance.py:1956} INFO - Dependencies all met for dep_context=requeueable deps ti=<TaskInstance: etl_airflow.extract scheduled__2024-05-02T00:00:00+00:00 [queued]>
[2025-12-17T04:19:59.990+0000] {taskinstance.py:2170} INFO - Starting attempt 1 of 3
[2025-12-17T04:20:00.023+0000] {taskinstance.py:2191} INFO - Executing <Task(PythonOperator): extract> on 2024-05-02 00:00:00+00:00
[2025-12-17T04:20:00.041+0000] {standard_task_runner.py:60} INFO - Started process 822 to run task
[2025-12-17T04:20:00.048+0000] {standard_task_runner.py:87} INFO - Running: ['***', 'tasks', 'run', 'etl_***', 'extract', 'scheduled__2024-05-02T00:00:00+00:00', '--job-id', '186', '--raw', '--subdir', 'DAGS_FOLDER/etl_***.py', '--cfg-path', '/tmp/tmpbvvjcl0n']
[2025-12-17T04:20:00.054+0000] {standard_task_runner.py:88} INFO - Job 186: Subtask extract
[2025-12-17T04:20:00.218+0000] {task_command.py:423} INFO - Running <TaskInstance: etl_airflow.extract scheduled__2024-05-02T00:00:00+00:00 [running]> on host c5811fe183ca
[2025-12-17T04:20:00.597+0000] {taskinstance.py:2480} INFO - Exporting env vars: AIRFLOW_CTX_DAG_OWNER='***' AIRFLOW_CTX_DAG_ID='etl_***' AIRFLOW_CTX_TASK_ID='extract' AIRFLOW_CTX_EXECUTION_DATE='2024-05-02T00:00:00+00:00' AIRFLOW_CTX_TRY_NUMBER='1' AIRFLOW_CTX_DAG_RUN_ID='scheduled__2024-05-02T00:00:00+00:00'
[2025-12-17T04:20:00.615+0000] {python.py:201} INFO - Done. Returned value was:    user_id event_type           timestamp country
0        1      login 2025-01-01 09:00:00      IN
1        1      click 2025-01-01 09:05:00      IN
2        1     logout 2025-01-01 09:15:00      IN
3        2      login 2025-01-01 10:00:00      US
4        2      click 2025-01-01 10:10:00      US
5        2     logout 2025-01-01 10:20:00      US
6        3      login 2025-01-02 08:00:00      FR
7        3      click 2025-01-02 08:05:00      FR
8        3     logout 2025-01-02 08:30:00      FR
[2025-12-17T04:20:00.665+0000] {taskinstance.py:1138} INFO - Marking task as SUCCESS. dag_id=etl_***, task_id=extract, execution_date=20240502T000000, start_date=20251217T041959, end_date=20251217T042000
[2025-12-17T04:20:00.710+0000] {local_task_job_runner.py:234} INFO - Task exited with return code 0
[2025-12-17T04:20:00.735+0000] {taskinstance.py:3280} INFO - 0 downstream tasks scheduled from follow-on schedule check
[2025-12-17T04:46:30.040+0000] {taskinstance.py:1956} INFO - Dependencies all met for dep_context=non-requeueable deps ti=<TaskInstance: etl_airflow.extract scheduled__2024-05-02T00:00:00+00:00 [queued]>
[2025-12-17T04:46:30.057+0000] {taskinstance.py:1956} INFO - Dependencies all met for dep_context=requeueable deps ti=<TaskInstance: etl_airflow.extract scheduled__2024-05-02T00:00:00+00:00 [queued]>
[2025-12-17T04:46:30.058+0000] {taskinstance.py:2170} INFO - Starting attempt 1 of 3
[2025-12-17T04:46:30.079+0000] {taskinstance.py:2191} INFO - Executing <Task(PythonOperator): extract> on 2024-05-02 00:00:00+00:00
[2025-12-17T04:46:30.088+0000] {standard_task_runner.py:60} INFO - Started process 1754 to run task
[2025-12-17T04:46:30.093+0000] {standard_task_runner.py:87} INFO - Running: ['***', 'tasks', 'run', 'etl_***', 'extract', 'scheduled__2024-05-02T00:00:00+00:00', '--job-id', '461', '--raw', '--subdir', 'DAGS_FOLDER/etl_***.py', '--cfg-path', '/tmp/tmpud3dzdqr']
[2025-12-17T04:46:30.097+0000] {standard_task_runner.py:88} INFO - Job 461: Subtask extract
[2025-12-17T04:46:30.234+0000] {task_command.py:423} INFO - Running <TaskInstance: etl_airflow.extract scheduled__2024-05-02T00:00:00+00:00 [running]> on host b3426f05ac70
[2025-12-17T04:46:30.674+0000] {taskinstance.py:2480} INFO - Exporting env vars: AIRFLOW_CTX_DAG_OWNER='***' AIRFLOW_CTX_DAG_ID='etl_***' AIRFLOW_CTX_TASK_ID='extract' AIRFLOW_CTX_EXECUTION_DATE='2024-05-02T00:00:00+00:00' AIRFLOW_CTX_TRY_NUMBER='1' AIRFLOW_CTX_DAG_RUN_ID='scheduled__2024-05-02T00:00:00+00:00'
[2025-12-17T04:46:30.700+0000] {python.py:201} INFO - Done. Returned value was:    user_id event_type           timestamp country
0        1      login 2025-01-01 09:00:00      IN
1        1      click 2025-01-01 09:05:00      IN
2        1     logout 2025-01-01 09:15:00      IN
3        2      login 2025-01-01 10:00:00      US
4        2      click 2025-01-01 10:10:00      US
5        2     logout 2025-01-01 10:20:00      US
6        3      login 2025-01-02 08:00:00      FR
7        3      click 2025-01-02 08:05:00      FR
8        3     logout 2025-01-02 08:30:00      FR
[2025-12-17T04:46:30.765+0000] {taskinstance.py:1138} INFO - Marking task as SUCCESS. dag_id=etl_***, task_id=extract, execution_date=20240502T000000, start_date=20251217T044630, end_date=20251217T044630
[2025-12-17T04:46:30.847+0000] {local_task_job_runner.py:234} INFO - Task exited with return code 0
[2025-12-17T04:46:30.890+0000] {taskinstance.py:3280} INFO - 1 downstream tasks scheduled from follow-on schedule check
[2025-12-17T07:39:55.249+0000] {taskinstance.py:1956} INFO - Dependencies all met for dep_context=non-requeueable deps ti=<TaskInstance: etl_airflow.extract scheduled__2024-05-02T00:00:00+00:00 [queued]>
[2025-12-17T07:39:55.282+0000] {taskinstance.py:1956} INFO - Dependencies all met for dep_context=requeueable deps ti=<TaskInstance: etl_airflow.extract scheduled__2024-05-02T00:00:00+00:00 [queued]>
[2025-12-17T07:39:55.284+0000] {taskinstance.py:2170} INFO - Starting attempt 1 of 3
[2025-12-17T07:39:55.328+0000] {taskinstance.py:2191} INFO - Executing <Task(PythonOperator): extract> on 2024-05-02 00:00:00+00:00
[2025-12-17T07:39:55.357+0000] {standard_task_runner.py:60} INFO - Started process 1821 to run task
[2025-12-17T07:39:55.363+0000] {standard_task_runner.py:87} INFO - Running: ['***', 'tasks', 'run', 'etl_***', 'extract', 'scheduled__2024-05-02T00:00:00+00:00', '--job-id', '467', '--raw', '--subdir', 'DAGS_FOLDER/etl_***.py', '--cfg-path', '/tmp/tmp9sth3256']
[2025-12-17T07:39:55.370+0000] {standard_task_runner.py:88} INFO - Job 467: Subtask extract
[2025-12-17T07:39:55.558+0000] {task_command.py:423} INFO - Running <TaskInstance: etl_airflow.extract scheduled__2024-05-02T00:00:00+00:00 [running]> on host 2a0de06c8905
[2025-12-17T07:39:56.198+0000] {taskinstance.py:2480} INFO - Exporting env vars: AIRFLOW_CTX_DAG_OWNER='***' AIRFLOW_CTX_DAG_ID='etl_***' AIRFLOW_CTX_TASK_ID='extract' AIRFLOW_CTX_EXECUTION_DATE='2024-05-02T00:00:00+00:00' AIRFLOW_CTX_TRY_NUMBER='1' AIRFLOW_CTX_DAG_RUN_ID='scheduled__2024-05-02T00:00:00+00:00'
[2025-12-17T07:39:56.233+0000] {python.py:201} INFO - Done. Returned value was:    user_id event_type           timestamp country
0        1      login 2025-01-01 09:00:00      IN
1        1      click 2025-01-01 09:05:00      IN
2        1     logout 2025-01-01 09:15:00      IN
3        2      login 2025-01-01 10:00:00      US
4        2      click 2025-01-01 10:10:00      US
5        2     logout 2025-01-01 10:20:00      US
6        3      login 2025-01-02 08:00:00      FR
7        3      click 2025-01-02 08:05:00      FR
8        3     logout 2025-01-02 08:30:00      FR
[2025-12-17T07:39:56.341+0000] {taskinstance.py:1138} INFO - Marking task as SUCCESS. dag_id=etl_***, task_id=extract, execution_date=20240502T000000, start_date=20251217T073955, end_date=20251217T073956
[2025-12-17T07:39:56.426+0000] {local_task_job_runner.py:234} INFO - Task exited with return code 0
[2025-12-17T07:39:56.481+0000] {taskinstance.py:3280} INFO - 1 downstream tasks scheduled from follow-on schedule check
