[2025-12-16T17:20:45.194+0000] {taskinstance.py:1956} INFO - Dependencies all met for dep_context=non-requeueable deps ti=<TaskInstance: etl_airflow.transform scheduled__2024-07-13T00:00:00+00:00 [queued]>
[2025-12-16T17:20:45.225+0000] {taskinstance.py:1956} INFO - Dependencies all met for dep_context=requeueable deps ti=<TaskInstance: etl_airflow.transform scheduled__2024-07-13T00:00:00+00:00 [queued]>
[2025-12-16T17:20:45.227+0000] {taskinstance.py:2170} INFO - Starting attempt 2 of 4
[2025-12-16T17:20:45.277+0000] {taskinstance.py:2191} INFO - Executing <Task(PythonOperator): transform> on 2024-07-13 00:00:00+00:00
[2025-12-16T17:20:45.297+0000] {standard_task_runner.py:60} INFO - Started process 5300 to run task
[2025-12-16T17:20:45.313+0000] {standard_task_runner.py:87} INFO - Running: ['***', 'tasks', 'run', 'etl_***', 'transform', 'scheduled__2024-07-13T00:00:00+00:00', '--job-id', '5756', '--raw', '--subdir', 'DAGS_FOLDER/etl_dag.py', '--cfg-path', '/tmp/tmp2citqran']
[2025-12-16T17:20:45.320+0000] {standard_task_runner.py:88} INFO - Job 5756: Subtask transform
[2025-12-16T17:20:45.522+0000] {task_command.py:423} INFO - Running <TaskInstance: etl_airflow.transform scheduled__2024-07-13T00:00:00+00:00 [running]> on host 3b89cfee50e9
[2025-12-16T17:20:45.837+0000] {taskinstance.py:2480} INFO - Exporting env vars: AIRFLOW_CTX_DAG_OWNER='***' AIRFLOW_CTX_DAG_ID='etl_***' AIRFLOW_CTX_TASK_ID='transform' AIRFLOW_CTX_EXECUTION_DATE='2024-07-13T00:00:00+00:00' AIRFLOW_CTX_TRY_NUMBER='2' AIRFLOW_CTX_DAG_RUN_ID='scheduled__2024-07-13T00:00:00+00:00'
[2025-12-16T17:20:45.843+0000] {logging_mixin.py:188} INFO - [TRANSFORM]
[2025-12-16T17:20:46.420+0000] {logging_mixin.py:188} INFO - [TRANSFORM] done
[2025-12-16T17:20:46.422+0000] {python.py:201} INFO - Done. Returned value was: None
[2025-12-16T17:20:46.445+0000] {taskinstance.py:1138} INFO - Marking task as SUCCESS. dag_id=etl_***, task_id=transform, execution_date=20240713T000000, start_date=20251216T172045, end_date=20251216T172046
[2025-12-16T17:20:46.529+0000] {local_task_job_runner.py:234} INFO - Task exited with return code 0
[2025-12-16T17:20:46.577+0000] {taskinstance.py:3280} INFO - 1 downstream tasks scheduled from follow-on schedule check
[2025-12-17T04:49:34.244+0000] {taskinstance.py:1956} INFO - Dependencies all met for dep_context=non-requeueable deps ti=<TaskInstance: etl_airflow.transform scheduled__2024-07-13T00:00:00+00:00 [queued]>
[2025-12-17T04:49:34.264+0000] {taskinstance.py:1956} INFO - Dependencies all met for dep_context=requeueable deps ti=<TaskInstance: etl_airflow.transform scheduled__2024-07-13T00:00:00+00:00 [queued]>
[2025-12-17T04:49:34.265+0000] {taskinstance.py:2170} INFO - Starting attempt 2 of 3
[2025-12-17T04:49:34.350+0000] {taskinstance.py:2191} INFO - Executing <Task(PythonOperator): transform> on 2024-07-13 00:00:00+00:00
[2025-12-17T04:49:34.357+0000] {standard_task_runner.py:60} INFO - Started process 2881 to run task
[2025-12-17T04:49:34.366+0000] {standard_task_runner.py:87} INFO - Running: ['***', 'tasks', 'run', 'etl_***', 'transform', 'scheduled__2024-07-13T00:00:00+00:00', '--job-id', '802', '--raw', '--subdir', 'DAGS_FOLDER/etl_***.py', '--cfg-path', '/tmp/tmp28ymq4k3']
[2025-12-17T04:49:34.370+0000] {standard_task_runner.py:88} INFO - Job 802: Subtask transform
[2025-12-17T04:49:34.488+0000] {task_command.py:423} INFO - Running <TaskInstance: etl_airflow.transform scheduled__2024-07-13T00:00:00+00:00 [running]> on host b3426f05ac70
[2025-12-17T04:49:34.882+0000] {taskinstance.py:2480} INFO - Exporting env vars: AIRFLOW_CTX_DAG_OWNER='***' AIRFLOW_CTX_DAG_ID='etl_***' AIRFLOW_CTX_TASK_ID='transform' AIRFLOW_CTX_EXECUTION_DATE='2024-07-13T00:00:00+00:00' AIRFLOW_CTX_TRY_NUMBER='2' AIRFLOW_CTX_DAG_RUN_ID='scheduled__2024-07-13T00:00:00+00:00'
[2025-12-17T04:49:34.885+0000] {taskinstance.py:2698} ERROR - Task failed with exception
Traceback (most recent call last):
  File "/home/airflow/.local/lib/python3.8/site-packages/airflow/models/taskinstance.py", line 433, in _execute_task
    result = execute_callable(context=context, **execute_callable_kwargs)
  File "/home/airflow/.local/lib/python3.8/site-packages/airflow/operators/python.py", line 199, in execute
    return_value = self.execute_callable()
  File "/home/airflow/.local/lib/python3.8/site-packages/airflow/operators/python.py", line 216, in execute_callable
    return self.python_callable(*self.op_args, **self.op_kwargs)
TypeError: transform_data() missing 1 required positional argument: 'df'
[2025-12-17T04:49:34.902+0000] {taskinstance.py:1138} INFO - Marking task as UP_FOR_RETRY. dag_id=etl_***, task_id=transform, execution_date=20240713T000000, start_date=20251217T044934, end_date=20251217T044934
[2025-12-17T04:49:34.996+0000] {standard_task_runner.py:107} ERROR - Failed to execute job 802 for task transform (transform_data() missing 1 required positional argument: 'df'; 2881)
[2025-12-17T04:49:35.022+0000] {local_task_job_runner.py:234} INFO - Task exited with return code 1
[2025-12-17T04:49:35.060+0000] {taskinstance.py:3280} INFO - 0 downstream tasks scheduled from follow-on schedule check
[2025-12-17T07:43:17.361+0000] {taskinstance.py:1956} INFO - Dependencies all met for dep_context=non-requeueable deps ti=<TaskInstance: etl_airflow.transform scheduled__2024-07-13T00:00:00+00:00 [queued]>
[2025-12-17T07:43:17.380+0000] {taskinstance.py:1956} INFO - Dependencies all met for dep_context=requeueable deps ti=<TaskInstance: etl_airflow.transform scheduled__2024-07-13T00:00:00+00:00 [queued]>
[2025-12-17T07:43:17.382+0000] {taskinstance.py:2170} INFO - Starting attempt 2 of 3
[2025-12-17T07:43:17.412+0000] {taskinstance.py:2191} INFO - Executing <Task(PythonOperator): transform> on 2024-07-13 00:00:00+00:00
[2025-12-17T07:43:17.421+0000] {standard_task_runner.py:60} INFO - Started process 2943 to run task
[2025-12-17T07:43:17.427+0000] {standard_task_runner.py:87} INFO - Running: ['***', 'tasks', 'run', 'etl_***', 'transform', 'scheduled__2024-07-13T00:00:00+00:00', '--job-id', '806', '--raw', '--subdir', 'DAGS_FOLDER/etl_***.py', '--cfg-path', '/tmp/tmpc78jwbaj']
[2025-12-17T07:43:17.433+0000] {standard_task_runner.py:88} INFO - Job 806: Subtask transform
[2025-12-17T07:43:17.619+0000] {task_command.py:423} INFO - Running <TaskInstance: etl_airflow.transform scheduled__2024-07-13T00:00:00+00:00 [running]> on host 2a0de06c8905
[2025-12-17T07:43:18.071+0000] {taskinstance.py:2480} INFO - Exporting env vars: AIRFLOW_CTX_DAG_OWNER='***' AIRFLOW_CTX_DAG_ID='etl_***' AIRFLOW_CTX_TASK_ID='transform' AIRFLOW_CTX_EXECUTION_DATE='2024-07-13T00:00:00+00:00' AIRFLOW_CTX_TRY_NUMBER='2' AIRFLOW_CTX_DAG_RUN_ID='scheduled__2024-07-13T00:00:00+00:00'
[2025-12-17T07:43:18.075+0000] {taskinstance.py:2698} ERROR - Task failed with exception
Traceback (most recent call last):
  File "/home/airflow/.local/lib/python3.8/site-packages/airflow/models/taskinstance.py", line 433, in _execute_task
    result = execute_callable(context=context, **execute_callable_kwargs)
  File "/home/airflow/.local/lib/python3.8/site-packages/airflow/operators/python.py", line 199, in execute
    return_value = self.execute_callable()
  File "/home/airflow/.local/lib/python3.8/site-packages/airflow/operators/python.py", line 216, in execute_callable
    return self.python_callable(*self.op_args, **self.op_kwargs)
TypeError: transform_data() missing 1 required positional argument: 'df'
[2025-12-17T07:43:18.091+0000] {taskinstance.py:1138} INFO - Marking task as UP_FOR_RETRY. dag_id=etl_***, task_id=transform, execution_date=20240713T000000, start_date=20251217T074317, end_date=20251217T074318
[2025-12-17T07:43:18.199+0000] {standard_task_runner.py:107} ERROR - Failed to execute job 806 for task transform (transform_data() missing 1 required positional argument: 'df'; 2943)
[2025-12-17T07:43:18.253+0000] {local_task_job_runner.py:234} INFO - Task exited with return code 1
[2025-12-17T07:43:18.611+0000] {taskinstance.py:3280} INFO - 0 downstream tasks scheduled from follow-on schedule check
