[2025-12-16T17:21:49.168+0000] {taskinstance.py:1956} INFO - Dependencies all met for dep_context=non-requeueable deps ti=<TaskInstance: etl_airflow.transform scheduled__2024-03-03T00:00:00+00:00 [queued]>
[2025-12-16T17:21:49.200+0000] {taskinstance.py:1956} INFO - Dependencies all met for dep_context=requeueable deps ti=<TaskInstance: etl_airflow.transform scheduled__2024-03-03T00:00:00+00:00 [queued]>
[2025-12-16T17:21:49.202+0000] {taskinstance.py:2170} INFO - Starting attempt 3 of 5
[2025-12-16T17:21:49.253+0000] {taskinstance.py:2191} INFO - Executing <Task(PythonOperator): transform> on 2024-03-03 00:00:00+00:00
[2025-12-16T17:21:49.268+0000] {standard_task_runner.py:60} INFO - Started process 6022 to run task
[2025-12-16T17:21:49.275+0000] {standard_task_runner.py:87} INFO - Running: ['***', 'tasks', 'run', 'etl_***', 'transform', 'scheduled__2024-03-03T00:00:00+00:00', '--job-id', '5979', '--raw', '--subdir', 'DAGS_FOLDER/etl_dag.py', '--cfg-path', '/tmp/tmp4xc8aha2']
[2025-12-16T17:21:49.281+0000] {standard_task_runner.py:88} INFO - Job 5979: Subtask transform
[2025-12-16T17:21:49.501+0000] {task_command.py:423} INFO - Running <TaskInstance: etl_airflow.transform scheduled__2024-03-03T00:00:00+00:00 [running]> on host 3b89cfee50e9
[2025-12-16T17:21:49.859+0000] {taskinstance.py:2480} INFO - Exporting env vars: AIRFLOW_CTX_DAG_OWNER='***' AIRFLOW_CTX_DAG_ID='etl_***' AIRFLOW_CTX_TASK_ID='transform' AIRFLOW_CTX_EXECUTION_DATE='2024-03-03T00:00:00+00:00' AIRFLOW_CTX_TRY_NUMBER='3' AIRFLOW_CTX_DAG_RUN_ID='scheduled__2024-03-03T00:00:00+00:00'
[2025-12-16T17:21:49.867+0000] {logging_mixin.py:188} INFO - [TRANSFORM]
[2025-12-16T17:21:50.325+0000] {logging_mixin.py:188} INFO - [TRANSFORM] done
[2025-12-16T17:21:50.327+0000] {python.py:201} INFO - Done. Returned value was: None
[2025-12-16T17:21:50.349+0000] {taskinstance.py:1138} INFO - Marking task as SUCCESS. dag_id=etl_***, task_id=transform, execution_date=20240303T000000, start_date=20251216T172149, end_date=20251216T172150
[2025-12-16T17:21:50.439+0000] {local_task_job_runner.py:234} INFO - Task exited with return code 0
[2025-12-16T17:21:50.537+0000] {taskinstance.py:3280} INFO - 1 downstream tasks scheduled from follow-on schedule check
[2025-12-17T04:44:33.519+0000] {taskinstance.py:1956} INFO - Dependencies all met for dep_context=non-requeueable deps ti=<TaskInstance: etl_airflow.transform scheduled__2024-03-03T00:00:00+00:00 [queued]>
[2025-12-17T04:44:33.535+0000] {taskinstance.py:1956} INFO - Dependencies all met for dep_context=requeueable deps ti=<TaskInstance: etl_airflow.transform scheduled__2024-03-03T00:00:00+00:00 [queued]>
[2025-12-17T04:44:33.537+0000] {taskinstance.py:2170} INFO - Starting attempt 3 of 3
[2025-12-17T04:44:33.554+0000] {taskinstance.py:2191} INFO - Executing <Task(PythonOperator): transform> on 2024-03-03 00:00:00+00:00
[2025-12-17T04:44:33.567+0000] {standard_task_runner.py:60} INFO - Started process 1059 to run task
[2025-12-17T04:44:33.574+0000] {standard_task_runner.py:87} INFO - Running: ['***', 'tasks', 'run', 'etl_***', 'transform', 'scheduled__2024-03-03T00:00:00+00:00', '--job-id', '255', '--raw', '--subdir', 'DAGS_FOLDER/etl_***.py', '--cfg-path', '/tmp/tmpdsswglaw']
[2025-12-17T04:44:33.580+0000] {standard_task_runner.py:88} INFO - Job 255: Subtask transform
[2025-12-17T04:44:33.716+0000] {task_command.py:423} INFO - Running <TaskInstance: etl_airflow.transform scheduled__2024-03-03T00:00:00+00:00 [running]> on host b3426f05ac70
[2025-12-17T04:44:34.093+0000] {taskinstance.py:2480} INFO - Exporting env vars: AIRFLOW_CTX_DAG_OWNER='***' AIRFLOW_CTX_DAG_ID='etl_***' AIRFLOW_CTX_TASK_ID='transform' AIRFLOW_CTX_EXECUTION_DATE='2024-03-03T00:00:00+00:00' AIRFLOW_CTX_TRY_NUMBER='3' AIRFLOW_CTX_DAG_RUN_ID='scheduled__2024-03-03T00:00:00+00:00'
[2025-12-17T04:44:34.102+0000] {taskinstance.py:2698} ERROR - Task failed with exception
Traceback (most recent call last):
  File "/home/airflow/.local/lib/python3.8/site-packages/airflow/models/taskinstance.py", line 433, in _execute_task
    result = execute_callable(context=context, **execute_callable_kwargs)
  File "/home/airflow/.local/lib/python3.8/site-packages/airflow/operators/python.py", line 199, in execute
    return_value = self.execute_callable()
  File "/home/airflow/.local/lib/python3.8/site-packages/airflow/operators/python.py", line 216, in execute_callable
    return self.python_callable(*self.op_args, **self.op_kwargs)
TypeError: transform_data() missing 1 required positional argument: 'df'
[2025-12-17T04:44:34.145+0000] {taskinstance.py:1138} INFO - Marking task as FAILED. dag_id=etl_***, task_id=transform, execution_date=20240303T000000, start_date=20251217T044433, end_date=20251217T044434
[2025-12-17T04:44:34.199+0000] {standard_task_runner.py:107} ERROR - Failed to execute job 255 for task transform (transform_data() missing 1 required positional argument: 'df'; 1059)
[2025-12-17T04:44:34.272+0000] {local_task_job_runner.py:234} INFO - Task exited with return code 1
[2025-12-17T04:44:34.336+0000] {taskinstance.py:3280} INFO - 0 downstream tasks scheduled from follow-on schedule check
[2025-12-17T07:37:51.140+0000] {taskinstance.py:1956} INFO - Dependencies all met for dep_context=non-requeueable deps ti=<TaskInstance: etl_airflow.transform scheduled__2024-03-03T00:00:00+00:00 [queued]>
[2025-12-17T07:37:51.163+0000] {taskinstance.py:1956} INFO - Dependencies all met for dep_context=requeueable deps ti=<TaskInstance: etl_airflow.transform scheduled__2024-03-03T00:00:00+00:00 [queued]>
[2025-12-17T07:37:51.167+0000] {taskinstance.py:2170} INFO - Starting attempt 3 of 3
[2025-12-17T07:37:51.197+0000] {taskinstance.py:2191} INFO - Executing <Task(PythonOperator): transform> on 2024-03-03 00:00:00+00:00
[2025-12-17T07:37:51.208+0000] {standard_task_runner.py:60} INFO - Started process 1118 to run task
[2025-12-17T07:37:51.218+0000] {standard_task_runner.py:87} INFO - Running: ['***', 'tasks', 'run', 'etl_***', 'transform', 'scheduled__2024-03-03T00:00:00+00:00', '--job-id', '255', '--raw', '--subdir', 'DAGS_FOLDER/etl_***.py', '--cfg-path', '/tmp/tmpap72od0i']
[2025-12-17T07:37:51.225+0000] {standard_task_runner.py:88} INFO - Job 255: Subtask transform
[2025-12-17T07:37:51.371+0000] {task_command.py:423} INFO - Running <TaskInstance: etl_airflow.transform scheduled__2024-03-03T00:00:00+00:00 [running]> on host 2a0de06c8905
[2025-12-17T07:37:51.793+0000] {taskinstance.py:2480} INFO - Exporting env vars: AIRFLOW_CTX_DAG_OWNER='***' AIRFLOW_CTX_DAG_ID='etl_***' AIRFLOW_CTX_TASK_ID='transform' AIRFLOW_CTX_EXECUTION_DATE='2024-03-03T00:00:00+00:00' AIRFLOW_CTX_TRY_NUMBER='3' AIRFLOW_CTX_DAG_RUN_ID='scheduled__2024-03-03T00:00:00+00:00'
[2025-12-17T07:37:51.797+0000] {taskinstance.py:2698} ERROR - Task failed with exception
Traceback (most recent call last):
  File "/home/airflow/.local/lib/python3.8/site-packages/airflow/models/taskinstance.py", line 433, in _execute_task
    result = execute_callable(context=context, **execute_callable_kwargs)
  File "/home/airflow/.local/lib/python3.8/site-packages/airflow/operators/python.py", line 199, in execute
    return_value = self.execute_callable()
  File "/home/airflow/.local/lib/python3.8/site-packages/airflow/operators/python.py", line 216, in execute_callable
    return self.python_callable(*self.op_args, **self.op_kwargs)
TypeError: transform_data() missing 1 required positional argument: 'df'
[2025-12-17T07:37:51.814+0000] {taskinstance.py:1138} INFO - Marking task as FAILED. dag_id=etl_***, task_id=transform, execution_date=20240303T000000, start_date=20251217T073751, end_date=20251217T073751
[2025-12-17T07:37:51.838+0000] {standard_task_runner.py:107} ERROR - Failed to execute job 255 for task transform (transform_data() missing 1 required positional argument: 'df'; 1118)
[2025-12-17T07:37:51.873+0000] {local_task_job_runner.py:234} INFO - Task exited with return code 1
[2025-12-17T07:37:51.925+0000] {taskinstance.py:3280} INFO - 0 downstream tasks scheduled from follow-on schedule check
