[2025-12-16T17:15:01.724+0000] {taskinstance.py:1956} INFO - Dependencies all met for dep_context=non-requeueable deps ti=<TaskInstance: etl_airflow.transform scheduled__2024-11-28T00:00:00+00:00 [queued]>
[2025-12-16T17:15:01.763+0000] {taskinstance.py:1956} INFO - Dependencies all met for dep_context=requeueable deps ti=<TaskInstance: etl_airflow.transform scheduled__2024-11-28T00:00:00+00:00 [queued]>
[2025-12-16T17:15:01.765+0000] {taskinstance.py:2170} INFO - Starting attempt 1 of 3
[2025-12-16T17:15:01.817+0000] {taskinstance.py:2191} INFO - Executing <Task(PythonOperator): transform> on 2024-11-28 00:00:00+00:00
[2025-12-16T17:15:01.842+0000] {standard_task_runner.py:60} INFO - Started process 1710 to run task
[2025-12-16T17:15:01.852+0000] {standard_task_runner.py:87} INFO - Running: ['***', 'tasks', 'run', 'etl_***', 'transform', 'scheduled__2024-11-28T00:00:00+00:00', '--job-id', '4618', '--raw', '--subdir', 'DAGS_FOLDER/etl_dag.py', '--cfg-path', '/tmp/tmp2l57u7c7']
[2025-12-16T17:15:01.859+0000] {standard_task_runner.py:88} INFO - Job 4618: Subtask transform
[2025-12-16T17:15:02.047+0000] {task_command.py:423} INFO - Running <TaskInstance: etl_airflow.transform scheduled__2024-11-28T00:00:00+00:00 [running]> on host 3b89cfee50e9
[2025-12-16T17:15:02.350+0000] {taskinstance.py:2480} INFO - Exporting env vars: AIRFLOW_CTX_DAG_OWNER='***' AIRFLOW_CTX_DAG_ID='etl_***' AIRFLOW_CTX_TASK_ID='transform' AIRFLOW_CTX_EXECUTION_DATE='2024-11-28T00:00:00+00:00' AIRFLOW_CTX_TRY_NUMBER='1' AIRFLOW_CTX_DAG_RUN_ID='scheduled__2024-11-28T00:00:00+00:00'
[2025-12-16T17:15:02.355+0000] {logging_mixin.py:188} INFO - [TRANSFORM]
[2025-12-16T17:15:02.858+0000] {logging_mixin.py:188} INFO - [TRANSFORM] done
[2025-12-16T17:15:02.859+0000] {python.py:201} INFO - Done. Returned value was: None
[2025-12-16T17:15:02.886+0000] {taskinstance.py:1138} INFO - Marking task as SUCCESS. dag_id=etl_***, task_id=transform, execution_date=20241128T000000, start_date=20251216T171501, end_date=20251216T171502
[2025-12-16T17:15:02.975+0000] {local_task_job_runner.py:234} INFO - Task exited with return code 0
[2025-12-16T17:15:03.161+0000] {taskinstance.py:3280} INFO - 0 downstream tasks scheduled from follow-on schedule check
[2025-12-17T01:56:00.451+0000] {taskinstance.py:1956} INFO - Dependencies all met for dep_context=non-requeueable deps ti=<TaskInstance: etl_airflow.transform scheduled__2024-11-28T00:00:00+00:00 [queued]>
[2025-12-17T01:56:00.488+0000] {taskinstance.py:1956} INFO - Dependencies all met for dep_context=requeueable deps ti=<TaskInstance: etl_airflow.transform scheduled__2024-11-28T00:00:00+00:00 [queued]>
[2025-12-17T01:56:00.492+0000] {taskinstance.py:2170} INFO - Starting attempt 1 of 3
[2025-12-17T01:56:00.563+0000] {taskinstance.py:2191} INFO - Executing <Task(PythonOperator): transform> on 2024-11-28 00:00:00+00:00
[2025-12-17T01:56:00.593+0000] {standard_task_runner.py:60} INFO - Started process 3441 to run task
[2025-12-17T01:56:00.610+0000] {standard_task_runner.py:87} INFO - Running: ['***', 'tasks', 'run', 'etl_***', 'transform', 'scheduled__2024-11-28T00:00:00+00:00', '--job-id', '1015', '--raw', '--subdir', 'DAGS_FOLDER/etl_dag.py', '--cfg-path', '/tmp/tmpqjsa5wt7']
[2025-12-17T01:56:00.618+0000] {standard_task_runner.py:88} INFO - Job 1015: Subtask transform
[2025-12-17T01:56:00.917+0000] {task_command.py:423} INFO - Running <TaskInstance: etl_airflow.transform scheduled__2024-11-28T00:00:00+00:00 [running]> on host 571e042550da
[2025-12-17T01:56:01.702+0000] {taskinstance.py:2480} INFO - Exporting env vars: AIRFLOW_CTX_DAG_OWNER='***' AIRFLOW_CTX_DAG_ID='etl_***' AIRFLOW_CTX_TASK_ID='transform' AIRFLOW_CTX_EXECUTION_DATE='2024-11-28T00:00:00+00:00' AIRFLOW_CTX_TRY_NUMBER='1' AIRFLOW_CTX_DAG_RUN_ID='scheduled__2024-11-28T00:00:00+00:00'
[2025-12-17T01:56:01.707+0000] {logging_mixin.py:188} INFO - [TRANSFORM]
[2025-12-17T01:56:01.766+0000] {logging_mixin.py:188} INFO - [TRANSFORM] done
[2025-12-17T01:56:01.768+0000] {python.py:201} INFO - Done. Returned value was: None
[2025-12-17T01:56:01.798+0000] {taskinstance.py:1138} INFO - Marking task as SUCCESS. dag_id=etl_***, task_id=transform, execution_date=20241128T000000, start_date=20251217T015600, end_date=20251217T015601
[2025-12-17T01:56:01.879+0000] {local_task_job_runner.py:234} INFO - Task exited with return code 0
[2025-12-17T01:56:01.956+0000] {taskinstance.py:3280} INFO - 1 downstream tasks scheduled from follow-on schedule check
[2025-12-17T04:54:04.456+0000] {taskinstance.py:1956} INFO - Dependencies all met for dep_context=non-requeueable deps ti=<TaskInstance: etl_airflow.transform scheduled__2024-11-28T00:00:00+00:00 [queued]>
[2025-12-17T04:54:04.470+0000] {taskinstance.py:1956} INFO - Dependencies all met for dep_context=requeueable deps ti=<TaskInstance: etl_airflow.transform scheduled__2024-11-28T00:00:00+00:00 [queued]>
[2025-12-17T04:54:04.471+0000] {taskinstance.py:2170} INFO - Starting attempt 1 of 3
[2025-12-17T04:54:04.487+0000] {taskinstance.py:2191} INFO - Executing <Task(PythonOperator): transform> on 2024-11-28 00:00:00+00:00
[2025-12-17T04:54:04.494+0000] {standard_task_runner.py:60} INFO - Started process 4535 to run task
[2025-12-17T04:54:04.498+0000] {standard_task_runner.py:87} INFO - Running: ['***', 'tasks', 'run', 'etl_***', 'transform', 'scheduled__2024-11-28T00:00:00+00:00', '--job-id', '1310', '--raw', '--subdir', 'DAGS_FOLDER/etl_***.py', '--cfg-path', '/tmp/tmp3nuhk15k']
[2025-12-17T04:54:04.501+0000] {standard_task_runner.py:88} INFO - Job 1310: Subtask transform
[2025-12-17T04:54:04.615+0000] {task_command.py:423} INFO - Running <TaskInstance: etl_airflow.transform scheduled__2024-11-28T00:00:00+00:00 [running]> on host b3426f05ac70
[2025-12-17T04:54:04.942+0000] {taskinstance.py:2480} INFO - Exporting env vars: AIRFLOW_CTX_DAG_OWNER='***' AIRFLOW_CTX_DAG_ID='etl_***' AIRFLOW_CTX_TASK_ID='transform' AIRFLOW_CTX_EXECUTION_DATE='2024-11-28T00:00:00+00:00' AIRFLOW_CTX_TRY_NUMBER='1' AIRFLOW_CTX_DAG_RUN_ID='scheduled__2024-11-28T00:00:00+00:00'
[2025-12-17T04:54:04.944+0000] {taskinstance.py:2698} ERROR - Task failed with exception
Traceback (most recent call last):
  File "/home/airflow/.local/lib/python3.8/site-packages/airflow/models/taskinstance.py", line 433, in _execute_task
    result = execute_callable(context=context, **execute_callable_kwargs)
  File "/home/airflow/.local/lib/python3.8/site-packages/airflow/operators/python.py", line 199, in execute
    return_value = self.execute_callable()
  File "/home/airflow/.local/lib/python3.8/site-packages/airflow/operators/python.py", line 216, in execute_callable
    return self.python_callable(*self.op_args, **self.op_kwargs)
TypeError: transform_data() missing 1 required positional argument: 'df'
[2025-12-17T04:54:04.954+0000] {taskinstance.py:1138} INFO - Marking task as UP_FOR_RETRY. dag_id=etl_***, task_id=transform, execution_date=20241128T000000, start_date=20251217T045404, end_date=20251217T045404
[2025-12-17T04:54:04.972+0000] {standard_task_runner.py:107} ERROR - Failed to execute job 1310 for task transform (transform_data() missing 1 required positional argument: 'df'; 4535)
[2025-12-17T04:54:04.994+0000] {local_task_job_runner.py:234} INFO - Task exited with return code 1
[2025-12-17T04:54:05.022+0000] {taskinstance.py:3280} INFO - 0 downstream tasks scheduled from follow-on schedule check
[2025-12-17T07:59:20.167+0000] {taskinstance.py:1956} INFO - Dependencies all met for dep_context=non-requeueable deps ti=<TaskInstance: etl_airflow.transform scheduled__2024-11-28T00:00:00+00:00 [queued]>
[2025-12-17T07:59:20.183+0000] {taskinstance.py:1956} INFO - Dependencies all met for dep_context=requeueable deps ti=<TaskInstance: etl_airflow.transform scheduled__2024-11-28T00:00:00+00:00 [queued]>
[2025-12-17T07:59:20.185+0000] {taskinstance.py:2170} INFO - Starting attempt 1 of 3
[2025-12-17T07:59:20.205+0000] {taskinstance.py:2191} INFO - Executing <Task(PythonOperator): transform> on 2024-11-28 00:00:00+00:00
[2025-12-17T07:59:20.216+0000] {standard_task_runner.py:60} INFO - Started process 4625 to run task
[2025-12-17T07:59:20.223+0000] {standard_task_runner.py:87} INFO - Running: ['***', 'tasks', 'run', 'etl_***', 'transform', 'scheduled__2024-11-28T00:00:00+00:00', '--job-id', '1312', '--raw', '--subdir', 'DAGS_FOLDER/etl_***.py', '--cfg-path', '/tmp/tmpv8kq8pyz']
[2025-12-17T07:59:20.226+0000] {standard_task_runner.py:88} INFO - Job 1312: Subtask transform
[2025-12-17T07:59:20.360+0000] {task_command.py:423} INFO - Running <TaskInstance: etl_airflow.transform scheduled__2024-11-28T00:00:00+00:00 [running]> on host 2a0de06c8905
[2025-12-17T07:59:20.730+0000] {taskinstance.py:2480} INFO - Exporting env vars: AIRFLOW_CTX_DAG_OWNER='***' AIRFLOW_CTX_DAG_ID='etl_***' AIRFLOW_CTX_TASK_ID='transform' AIRFLOW_CTX_EXECUTION_DATE='2024-11-28T00:00:00+00:00' AIRFLOW_CTX_TRY_NUMBER='1' AIRFLOW_CTX_DAG_RUN_ID='scheduled__2024-11-28T00:00:00+00:00'
[2025-12-17T07:59:20.733+0000] {taskinstance.py:2698} ERROR - Task failed with exception
Traceback (most recent call last):
  File "/home/airflow/.local/lib/python3.8/site-packages/airflow/models/taskinstance.py", line 433, in _execute_task
    result = execute_callable(context=context, **execute_callable_kwargs)
  File "/home/airflow/.local/lib/python3.8/site-packages/airflow/operators/python.py", line 199, in execute
    return_value = self.execute_callable()
  File "/home/airflow/.local/lib/python3.8/site-packages/airflow/operators/python.py", line 216, in execute_callable
    return self.python_callable(*self.op_args, **self.op_kwargs)
TypeError: transform_data() missing 1 required positional argument: 'df'
[2025-12-17T07:59:20.748+0000] {taskinstance.py:1138} INFO - Marking task as UP_FOR_RETRY. dag_id=etl_***, task_id=transform, execution_date=20241128T000000, start_date=20251217T075920, end_date=20251217T075920
[2025-12-17T07:59:20.781+0000] {standard_task_runner.py:107} ERROR - Failed to execute job 1312 for task transform (transform_data() missing 1 required positional argument: 'df'; 4625)
[2025-12-17T07:59:20.839+0000] {local_task_job_runner.py:234} INFO - Task exited with return code 1
[2025-12-17T07:59:20.888+0000] {taskinstance.py:3280} INFO - 0 downstream tasks scheduled from follow-on schedule check
