[2025-12-16T17:15:06.602+0000] {taskinstance.py:1956} INFO - Dependencies all met for dep_context=non-requeueable deps ti=<TaskInstance: etl_airflow.load scheduled__2024-11-29T00:00:00+00:00 [queued]>
[2025-12-16T17:15:06.626+0000] {taskinstance.py:1956} INFO - Dependencies all met for dep_context=requeueable deps ti=<TaskInstance: etl_airflow.load scheduled__2024-11-29T00:00:00+00:00 [queued]>
[2025-12-16T17:15:06.628+0000] {taskinstance.py:2170} INFO - Starting attempt 1 of 3
[2025-12-16T17:15:06.683+0000] {taskinstance.py:2191} INFO - Executing <Task(PythonOperator): load> on 2024-11-29 00:00:00+00:00
[2025-12-16T17:15:06.709+0000] {standard_task_runner.py:60} INFO - Started process 1756 to run task
[2025-12-16T17:15:06.721+0000] {standard_task_runner.py:87} INFO - Running: ['***', 'tasks', 'run', 'etl_***', 'load', 'scheduled__2024-11-29T00:00:00+00:00', '--job-id', '4634', '--raw', '--subdir', 'DAGS_FOLDER/etl_dag.py', '--cfg-path', '/tmp/tmpcg2pufm6']
[2025-12-16T17:15:06.731+0000] {standard_task_runner.py:88} INFO - Job 4634: Subtask load
[2025-12-16T17:15:06.934+0000] {task_command.py:423} INFO - Running <TaskInstance: etl_airflow.load scheduled__2024-11-29T00:00:00+00:00 [running]> on host 3b89cfee50e9
[2025-12-16T17:15:07.188+0000] {taskinstance.py:2480} INFO - Exporting env vars: AIRFLOW_CTX_DAG_OWNER='***' AIRFLOW_CTX_DAG_ID='etl_***' AIRFLOW_CTX_TASK_ID='load' AIRFLOW_CTX_EXECUTION_DATE='2024-11-29T00:00:00+00:00' AIRFLOW_CTX_TRY_NUMBER='1' AIRFLOW_CTX_DAG_RUN_ID='scheduled__2024-11-29T00:00:00+00:00'
[2025-12-16T17:15:07.192+0000] {logging_mixin.py:188} INFO - [LOAD]
[2025-12-16T17:15:07.556+0000] {logging_mixin.py:188} INFO -    user_id event_type            timestamp country
0        1      login  2025-01-01T09:00:00      IN
1        1      click  2025-01-01T09:05:00      IN
2        1     logout  2025-01-01T09:15:00      IN
3        3      login  2025-01-02T08:00:00      FR
4        3      click  2025-01-02T08:05:00      FR
[2025-12-16T17:15:07.559+0000] {logging_mixin.py:188} INFO - [LOAD] done
[2025-12-16T17:15:07.560+0000] {python.py:201} INFO - Done. Returned value was: None
[2025-12-16T17:15:07.582+0000] {taskinstance.py:1138} INFO - Marking task as SUCCESS. dag_id=etl_***, task_id=load, execution_date=20241129T000000, start_date=20251216T171506, end_date=20251216T171507
[2025-12-16T17:15:07.966+0000] {local_task_job_runner.py:234} INFO - Task exited with return code 0
[2025-12-16T17:15:08.085+0000] {taskinstance.py:3280} INFO - 0 downstream tasks scheduled from follow-on schedule check
[2025-12-17T01:56:04.105+0000] {taskinstance.py:1956} INFO - Dependencies all met for dep_context=non-requeueable deps ti=<TaskInstance: etl_airflow.load scheduled__2024-11-29T00:00:00+00:00 [queued]>
[2025-12-17T01:56:04.135+0000] {taskinstance.py:1956} INFO - Dependencies all met for dep_context=requeueable deps ti=<TaskInstance: etl_airflow.load scheduled__2024-11-29T00:00:00+00:00 [queued]>
[2025-12-17T01:56:04.137+0000] {taskinstance.py:2170} INFO - Starting attempt 1 of 3
[2025-12-17T01:56:04.174+0000] {taskinstance.py:2191} INFO - Executing <Task(PythonOperator): load> on 2024-11-29 00:00:00+00:00
[2025-12-17T01:56:04.186+0000] {standard_task_runner.py:60} INFO - Started process 3483 to run task
[2025-12-17T01:56:04.196+0000] {standard_task_runner.py:87} INFO - Running: ['***', 'tasks', 'run', 'etl_***', 'load', 'scheduled__2024-11-29T00:00:00+00:00', '--job-id', '1032', '--raw', '--subdir', 'DAGS_FOLDER/etl_dag.py', '--cfg-path', '/tmp/tmpudom8074']
[2025-12-17T01:56:04.201+0000] {standard_task_runner.py:88} INFO - Job 1032: Subtask load
[2025-12-17T01:56:04.363+0000] {task_command.py:423} INFO - Running <TaskInstance: etl_airflow.load scheduled__2024-11-29T00:00:00+00:00 [running]> on host 571e042550da
[2025-12-17T01:56:04.968+0000] {taskinstance.py:2480} INFO - Exporting env vars: AIRFLOW_CTX_DAG_OWNER='***' AIRFLOW_CTX_DAG_ID='etl_***' AIRFLOW_CTX_TASK_ID='load' AIRFLOW_CTX_EXECUTION_DATE='2024-11-29T00:00:00+00:00' AIRFLOW_CTX_TRY_NUMBER='1' AIRFLOW_CTX_DAG_RUN_ID='scheduled__2024-11-29T00:00:00+00:00'
[2025-12-17T01:56:04.972+0000] {logging_mixin.py:188} INFO - [LOAD]
[2025-12-17T01:56:05.020+0000] {logging_mixin.py:188} INFO -    user_id event_type            timestamp country
0        1      login  2025-01-01T09:00:00      IN
1        1      click  2025-01-01T09:05:00      IN
2        1     logout  2025-01-01T09:15:00      IN
3        3      login  2025-01-02T08:00:00      FR
4        3      click  2025-01-02T08:05:00      FR
[2025-12-17T01:56:05.022+0000] {logging_mixin.py:188} INFO - [LOAD] done
[2025-12-17T01:56:05.024+0000] {python.py:201} INFO - Done. Returned value was: None
[2025-12-17T01:56:05.051+0000] {taskinstance.py:1138} INFO - Marking task as SUCCESS. dag_id=etl_***, task_id=load, execution_date=20241129T000000, start_date=20251217T015604, end_date=20251217T015605
[2025-12-17T01:56:05.137+0000] {local_task_job_runner.py:234} INFO - Task exited with return code 0
[2025-12-17T01:56:05.176+0000] {taskinstance.py:3280} INFO - 0 downstream tasks scheduled from follow-on schedule check
