[2025-12-16T16:42:46.817+0000] {taskinstance.py:1956} INFO - Dependencies all met for dep_context=non-requeueable deps ti=<TaskInstance: etl_airflow.extract scheduled__2024-12-10T00:00:00+00:00 [queued]>
[2025-12-16T16:42:46.844+0000] {taskinstance.py:1956} INFO - Dependencies all met for dep_context=requeueable deps ti=<TaskInstance: etl_airflow.extract scheduled__2024-12-10T00:00:00+00:00 [queued]>
[2025-12-16T16:42:46.847+0000] {taskinstance.py:2170} INFO - Starting attempt 1 of 3
[2025-12-16T16:42:46.885+0000] {taskinstance.py:2191} INFO - Executing <Task(PythonOperator): extract> on 2024-12-10 00:00:00+00:00
[2025-12-16T16:42:46.900+0000] {standard_task_runner.py:60} INFO - Started process 661 to run task
[2025-12-16T16:42:46.910+0000] {standard_task_runner.py:87} INFO - Running: ['***', 'tasks', 'run', 'etl_***', 'extract', 'scheduled__2024-12-10T00:00:00+00:00', '--job-id', '1021', '--raw', '--subdir', 'DAGS_FOLDER/etl_dag.py', '--cfg-path', '/tmp/tmplrqc2ff1']
[2025-12-16T16:42:46.918+0000] {standard_task_runner.py:88} INFO - Job 1021: Subtask extract
[2025-12-16T16:42:47.102+0000] {task_command.py:423} INFO - Running <TaskInstance: etl_airflow.extract scheduled__2024-12-10T00:00:00+00:00 [running]> on host db658e834d9d
[2025-12-16T16:42:47.306+0000] {taskinstance.py:2480} INFO - Exporting env vars: AIRFLOW_CTX_DAG_OWNER='***' AIRFLOW_CTX_DAG_ID='etl_***' AIRFLOW_CTX_TASK_ID='extract' AIRFLOW_CTX_EXECUTION_DATE='2024-12-10T00:00:00+00:00' AIRFLOW_CTX_TRY_NUMBER='1' AIRFLOW_CTX_DAG_RUN_ID='scheduled__2024-12-10T00:00:00+00:00'
[2025-12-16T16:42:47.311+0000] {logging_mixin.py:188} INFO - Extracting data from /opt/***/data/input.csv
[2025-12-16T16:42:47.322+0000] {taskinstance.py:2698} ERROR - Task failed with exception
Traceback (most recent call last):
  File "/home/airflow/.local/lib/python3.8/site-packages/airflow/models/taskinstance.py", line 433, in _execute_task
    result = execute_callable(context=context, **execute_callable_kwargs)
  File "/home/airflow/.local/lib/python3.8/site-packages/airflow/operators/python.py", line 199, in execute
    return_value = self.execute_callable()
  File "/home/airflow/.local/lib/python3.8/site-packages/airflow/operators/python.py", line 216, in execute_callable
    return self.python_callable(*self.op_args, **self.op_kwargs)
  File "/opt/airflow/etl_logic/pipeline.py", line 97, in extract_data
    df = pd.read_csv(input_path)
  File "/home/airflow/.local/lib/python3.8/site-packages/pandas/io/parsers/readers.py", line 912, in read_csv
    return _read(filepath_or_buffer, kwds)
  File "/home/airflow/.local/lib/python3.8/site-packages/pandas/io/parsers/readers.py", line 577, in _read
    parser = TextFileReader(filepath_or_buffer, **kwds)
  File "/home/airflow/.local/lib/python3.8/site-packages/pandas/io/parsers/readers.py", line 1407, in __init__
    self._engine = self._make_engine(f, self.engine)
  File "/home/airflow/.local/lib/python3.8/site-packages/pandas/io/parsers/readers.py", line 1661, in _make_engine
    self.handles = get_handle(
  File "/home/airflow/.local/lib/python3.8/site-packages/pandas/io/common.py", line 859, in get_handle
    handle = open(
FileNotFoundError: [Errno 2] No such file or directory: '/opt/airflow/data/input.csv'
[2025-12-16T16:42:47.359+0000] {taskinstance.py:1138} INFO - Marking task as UP_FOR_RETRY. dag_id=etl_***, task_id=extract, execution_date=20241210T000000, start_date=20251216T164246, end_date=20251216T164247
[2025-12-16T16:42:47.392+0000] {standard_task_runner.py:107} ERROR - Failed to execute job 1021 for task extract ([Errno 2] No such file or directory: '/opt/airflow/data/input.csv'; 661)
[2025-12-16T16:42:47.444+0000] {local_task_job_runner.py:234} INFO - Task exited with return code 1
[2025-12-16T16:42:47.732+0000] {taskinstance.py:3280} INFO - 0 downstream tasks scheduled from follow-on schedule check
[2025-12-17T01:56:11.110+0000] {taskinstance.py:1956} INFO - Dependencies all met for dep_context=non-requeueable deps ti=<TaskInstance: etl_airflow.extract scheduled__2024-12-10T00:00:00+00:00 [queued]>
[2025-12-17T01:56:11.132+0000] {taskinstance.py:1956} INFO - Dependencies all met for dep_context=requeueable deps ti=<TaskInstance: etl_airflow.extract scheduled__2024-12-10T00:00:00+00:00 [queued]>
[2025-12-17T01:56:11.135+0000] {taskinstance.py:2170} INFO - Starting attempt 1 of 3
[2025-12-17T01:56:11.171+0000] {taskinstance.py:2191} INFO - Executing <Task(PythonOperator): extract> on 2024-12-10 00:00:00+00:00
[2025-12-17T01:56:11.183+0000] {standard_task_runner.py:60} INFO - Started process 3520 to run task
[2025-12-17T01:56:11.189+0000] {standard_task_runner.py:87} INFO - Running: ['***', 'tasks', 'run', 'etl_***', 'extract', 'scheduled__2024-12-10T00:00:00+00:00', '--job-id', '1042', '--raw', '--subdir', 'DAGS_FOLDER/etl_dag.py', '--cfg-path', '/tmp/tmp21yzgah4']
[2025-12-17T01:56:11.194+0000] {standard_task_runner.py:88} INFO - Job 1042: Subtask extract
[2025-12-17T01:56:11.321+0000] {task_command.py:423} INFO - Running <TaskInstance: etl_airflow.extract scheduled__2024-12-10T00:00:00+00:00 [running]> on host 571e042550da
[2025-12-17T01:56:11.760+0000] {taskinstance.py:2480} INFO - Exporting env vars: AIRFLOW_CTX_DAG_OWNER='***' AIRFLOW_CTX_DAG_ID='etl_***' AIRFLOW_CTX_TASK_ID='extract' AIRFLOW_CTX_EXECUTION_DATE='2024-12-10T00:00:00+00:00' AIRFLOW_CTX_TRY_NUMBER='1' AIRFLOW_CTX_DAG_RUN_ID='scheduled__2024-12-10T00:00:00+00:00'
[2025-12-17T01:56:11.763+0000] {logging_mixin.py:188} INFO - [EXTRACT] Reading /opt/***/data/synthetic_events.csv
[2025-12-17T01:56:11.809+0000] {logging_mixin.py:188} INFO - [EXTRACT] done
[2025-12-17T01:56:11.811+0000] {python.py:201} INFO - Done. Returned value was: None
[2025-12-17T01:56:11.834+0000] {taskinstance.py:1138} INFO - Marking task as SUCCESS. dag_id=etl_***, task_id=extract, execution_date=20241210T000000, start_date=20251217T015611, end_date=20251217T015611
[2025-12-17T01:56:12.129+0000] {local_task_job_runner.py:234} INFO - Task exited with return code 0
[2025-12-17T01:56:12.196+0000] {taskinstance.py:3280} INFO - 1 downstream tasks scheduled from follow-on schedule check
[2025-12-17T04:54:39.841+0000] {taskinstance.py:1956} INFO - Dependencies all met for dep_context=non-requeueable deps ti=<TaskInstance: etl_airflow.extract scheduled__2024-12-10T00:00:00+00:00 [queued]>
[2025-12-17T04:54:39.860+0000] {taskinstance.py:1956} INFO - Dependencies all met for dep_context=requeueable deps ti=<TaskInstance: etl_airflow.extract scheduled__2024-12-10T00:00:00+00:00 [queued]>
[2025-12-17T04:54:39.861+0000] {taskinstance.py:2170} INFO - Starting attempt 1 of 3
[2025-12-17T04:54:40.042+0000] {taskinstance.py:2191} INFO - Executing <Task(PythonOperator): extract> on 2024-12-10 00:00:00+00:00
[2025-12-17T04:54:40.051+0000] {standard_task_runner.py:60} INFO - Started process 4700 to run task
[2025-12-17T04:54:40.056+0000] {standard_task_runner.py:87} INFO - Running: ['***', 'tasks', 'run', 'etl_***', 'extract', 'scheduled__2024-12-10T00:00:00+00:00', '--job-id', '1354', '--raw', '--subdir', 'DAGS_FOLDER/etl_***.py', '--cfg-path', '/tmp/tmp7llwp22p']
[2025-12-17T04:54:40.060+0000] {standard_task_runner.py:88} INFO - Job 1354: Subtask extract
[2025-12-17T04:54:40.190+0000] {task_command.py:423} INFO - Running <TaskInstance: etl_airflow.extract scheduled__2024-12-10T00:00:00+00:00 [running]> on host b3426f05ac70
[2025-12-17T04:54:40.589+0000] {taskinstance.py:2480} INFO - Exporting env vars: AIRFLOW_CTX_DAG_OWNER='***' AIRFLOW_CTX_DAG_ID='etl_***' AIRFLOW_CTX_TASK_ID='extract' AIRFLOW_CTX_EXECUTION_DATE='2024-12-10T00:00:00+00:00' AIRFLOW_CTX_TRY_NUMBER='1' AIRFLOW_CTX_DAG_RUN_ID='scheduled__2024-12-10T00:00:00+00:00'
[2025-12-17T04:54:40.618+0000] {python.py:201} INFO - Done. Returned value was:    user_id event_type           timestamp country
0        1      login 2025-01-01 09:00:00      IN
1        1      click 2025-01-01 09:05:00      IN
2        1     logout 2025-01-01 09:15:00      IN
3        2      login 2025-01-01 10:00:00      US
4        2      click 2025-01-01 10:10:00      US
5        2     logout 2025-01-01 10:20:00      US
6        3      login 2025-01-02 08:00:00      FR
7        3      click 2025-01-02 08:05:00      FR
8        3     logout 2025-01-02 08:30:00      FR
[2025-12-17T04:54:40.695+0000] {taskinstance.py:1138} INFO - Marking task as SUCCESS. dag_id=etl_***, task_id=extract, execution_date=20241210T000000, start_date=20251217T045439, end_date=20251217T045440
[2025-12-17T04:54:40.768+0000] {local_task_job_runner.py:234} INFO - Task exited with return code 0
[2025-12-17T04:54:40.821+0000] {taskinstance.py:3280} INFO - 1 downstream tasks scheduled from follow-on schedule check
[2025-12-17T07:59:52.762+0000] {taskinstance.py:1956} INFO - Dependencies all met for dep_context=non-requeueable deps ti=<TaskInstance: etl_airflow.extract scheduled__2024-12-10T00:00:00+00:00 [queued]>
[2025-12-17T07:59:52.784+0000] {taskinstance.py:1956} INFO - Dependencies all met for dep_context=requeueable deps ti=<TaskInstance: etl_airflow.extract scheduled__2024-12-10T00:00:00+00:00 [queued]>
[2025-12-17T07:59:52.786+0000] {taskinstance.py:2170} INFO - Starting attempt 1 of 3
[2025-12-17T07:59:52.831+0000] {taskinstance.py:2191} INFO - Executing <Task(PythonOperator): extract> on 2024-12-10 00:00:00+00:00
[2025-12-17T07:59:52.844+0000] {standard_task_runner.py:60} INFO - Started process 4803 to run task
[2025-12-17T07:59:52.854+0000] {standard_task_runner.py:87} INFO - Running: ['***', 'tasks', 'run', 'etl_***', 'extract', 'scheduled__2024-12-10T00:00:00+00:00', '--job-id', '1358', '--raw', '--subdir', 'DAGS_FOLDER/etl_***.py', '--cfg-path', '/tmp/tmpwk_6mpy5']
[2025-12-17T07:59:52.862+0000] {standard_task_runner.py:88} INFO - Job 1358: Subtask extract
[2025-12-17T07:59:53.090+0000] {task_command.py:423} INFO - Running <TaskInstance: etl_airflow.extract scheduled__2024-12-10T00:00:00+00:00 [running]> on host 2a0de06c8905
[2025-12-17T07:59:53.745+0000] {taskinstance.py:2480} INFO - Exporting env vars: AIRFLOW_CTX_DAG_OWNER='***' AIRFLOW_CTX_DAG_ID='etl_***' AIRFLOW_CTX_TASK_ID='extract' AIRFLOW_CTX_EXECUTION_DATE='2024-12-10T00:00:00+00:00' AIRFLOW_CTX_TRY_NUMBER='1' AIRFLOW_CTX_DAG_RUN_ID='scheduled__2024-12-10T00:00:00+00:00'
[2025-12-17T07:59:53.789+0000] {python.py:201} INFO - Done. Returned value was:    user_id event_type           timestamp country
0        1      login 2025-01-01 09:00:00      IN
1        1      click 2025-01-01 09:05:00      IN
2        1     logout 2025-01-01 09:15:00      IN
3        2      login 2025-01-01 10:00:00      US
4        2      click 2025-01-01 10:10:00      US
5        2     logout 2025-01-01 10:20:00      US
6        3      login 2025-01-02 08:00:00      FR
7        3      click 2025-01-02 08:05:00      FR
8        3     logout 2025-01-02 08:30:00      FR
[2025-12-17T07:59:53.910+0000] {taskinstance.py:1138} INFO - Marking task as SUCCESS. dag_id=etl_***, task_id=extract, execution_date=20241210T000000, start_date=20251217T075952, end_date=20251217T075953
[2025-12-17T07:59:54.406+0000] {local_task_job_runner.py:234} INFO - Task exited with return code 0
[2025-12-17T07:59:54.713+0000] {taskinstance.py:3280} INFO - 0 downstream tasks scheduled from follow-on schedule check
