[2025-12-17T02:00:10.928+0000] {taskinstance.py:1956} INFO - Dependencies all met for dep_context=non-requeueable deps ti=<TaskInstance: etl_airflow.transform scheduled__2025-08-22T00:00:00+00:00 [queued]>
[2025-12-17T02:00:10.949+0000] {taskinstance.py:1956} INFO - Dependencies all met for dep_context=requeueable deps ti=<TaskInstance: etl_airflow.transform scheduled__2025-08-22T00:00:00+00:00 [queued]>
[2025-12-17T02:00:10.950+0000] {taskinstance.py:2170} INFO - Starting attempt 1 of 3
[2025-12-17T02:00:10.978+0000] {taskinstance.py:2191} INFO - Executing <Task(PythonOperator): transform> on 2025-08-22 00:00:00+00:00
[2025-12-17T02:00:10.994+0000] {standard_task_runner.py:60} INFO - Started process 5995 to run task
[2025-12-17T02:00:11.006+0000] {standard_task_runner.py:87} INFO - Running: ['***', 'tasks', 'run', 'etl_***', 'transform', 'scheduled__2025-08-22T00:00:00+00:00', '--job-id', '1826', '--raw', '--subdir', 'DAGS_FOLDER/etl_dag.py', '--cfg-path', '/tmp/tmp_kwp9qv2']
[2025-12-17T02:00:11.014+0000] {standard_task_runner.py:88} INFO - Job 1826: Subtask transform
[2025-12-17T02:00:11.186+0000] {task_command.py:423} INFO - Running <TaskInstance: etl_airflow.transform scheduled__2025-08-22T00:00:00+00:00 [running]> on host 571e042550da
[2025-12-17T02:00:11.663+0000] {taskinstance.py:2480} INFO - Exporting env vars: AIRFLOW_CTX_DAG_OWNER='***' AIRFLOW_CTX_DAG_ID='etl_***' AIRFLOW_CTX_TASK_ID='transform' AIRFLOW_CTX_EXECUTION_DATE='2025-08-22T00:00:00+00:00' AIRFLOW_CTX_TRY_NUMBER='1' AIRFLOW_CTX_DAG_RUN_ID='scheduled__2025-08-22T00:00:00+00:00'
[2025-12-17T02:00:11.665+0000] {logging_mixin.py:188} INFO - [TRANSFORM]
[2025-12-17T02:00:11.740+0000] {logging_mixin.py:188} INFO - [TRANSFORM] done
[2025-12-17T02:00:11.741+0000] {python.py:201} INFO - Done. Returned value was: None
[2025-12-17T02:00:11.760+0000] {taskinstance.py:1138} INFO - Marking task as SUCCESS. dag_id=etl_***, task_id=transform, execution_date=20250822T000000, start_date=20251217T020010, end_date=20251217T020011
[2025-12-17T02:00:11.988+0000] {local_task_job_runner.py:234} INFO - Task exited with return code 0
[2025-12-17T02:00:12.034+0000] {taskinstance.py:3280} INFO - 1 downstream tasks scheduled from follow-on schedule check
[2025-12-17T05:03:47.156+0000] {taskinstance.py:1956} INFO - Dependencies all met for dep_context=non-requeueable deps ti=<TaskInstance: etl_airflow.transform scheduled__2025-08-22T00:00:00+00:00 [queued]>
[2025-12-17T05:03:47.175+0000] {taskinstance.py:1956} INFO - Dependencies all met for dep_context=requeueable deps ti=<TaskInstance: etl_airflow.transform scheduled__2025-08-22T00:00:00+00:00 [queued]>
[2025-12-17T05:03:47.176+0000] {taskinstance.py:2170} INFO - Starting attempt 1 of 3
[2025-12-17T05:03:47.200+0000] {taskinstance.py:2191} INFO - Executing <Task(PythonOperator): transform> on 2025-08-22 00:00:00+00:00
[2025-12-17T05:03:47.210+0000] {standard_task_runner.py:60} INFO - Started process 8107 to run task
[2025-12-17T05:03:47.221+0000] {standard_task_runner.py:87} INFO - Running: ['***', 'tasks', 'run', 'etl_***', 'transform', 'scheduled__2025-08-22T00:00:00+00:00', '--job-id', '2391', '--raw', '--subdir', 'DAGS_FOLDER/etl_***.py', '--cfg-path', '/tmp/tmpxalhdq3e']
[2025-12-17T05:03:47.231+0000] {standard_task_runner.py:88} INFO - Job 2391: Subtask transform
[2025-12-17T05:03:47.367+0000] {task_command.py:423} INFO - Running <TaskInstance: etl_airflow.transform scheduled__2025-08-22T00:00:00+00:00 [running]> on host b3426f05ac70
[2025-12-17T05:03:47.723+0000] {taskinstance.py:2480} INFO - Exporting env vars: AIRFLOW_CTX_DAG_OWNER='***' AIRFLOW_CTX_DAG_ID='etl_***' AIRFLOW_CTX_TASK_ID='transform' AIRFLOW_CTX_EXECUTION_DATE='2025-08-22T00:00:00+00:00' AIRFLOW_CTX_TRY_NUMBER='1' AIRFLOW_CTX_DAG_RUN_ID='scheduled__2025-08-22T00:00:00+00:00'
[2025-12-17T05:03:47.725+0000] {taskinstance.py:2698} ERROR - Task failed with exception
Traceback (most recent call last):
  File "/home/airflow/.local/lib/python3.8/site-packages/airflow/models/taskinstance.py", line 433, in _execute_task
    result = execute_callable(context=context, **execute_callable_kwargs)
  File "/home/airflow/.local/lib/python3.8/site-packages/airflow/operators/python.py", line 199, in execute
    return_value = self.execute_callable()
  File "/home/airflow/.local/lib/python3.8/site-packages/airflow/operators/python.py", line 216, in execute_callable
    return self.python_callable(*self.op_args, **self.op_kwargs)
TypeError: transform_data() missing 1 required positional argument: 'df'
[2025-12-17T05:03:47.741+0000] {taskinstance.py:1138} INFO - Marking task as UP_FOR_RETRY. dag_id=etl_***, task_id=transform, execution_date=20250822T000000, start_date=20251217T050347, end_date=20251217T050347
[2025-12-17T05:03:47.801+0000] {standard_task_runner.py:107} ERROR - Failed to execute job 2391 for task transform (transform_data() missing 1 required positional argument: 'df'; 8107)
[2025-12-17T05:03:47.838+0000] {local_task_job_runner.py:234} INFO - Task exited with return code 1
[2025-12-17T05:03:47.881+0000] {taskinstance.py:3280} INFO - 0 downstream tasks scheduled from follow-on schedule check
