[2025-12-16T17:18:14.801+0000] {taskinstance.py:1956} INFO - Dependencies all met for dep_context=non-requeueable deps ti=<TaskInstance: etl_airflow.transform scheduled__2024-01-05T00:00:00+00:00 [queued]>
[2025-12-16T17:18:14.823+0000] {taskinstance.py:1956} INFO - Dependencies all met for dep_context=requeueable deps ti=<TaskInstance: etl_airflow.transform scheduled__2024-01-05T00:00:00+00:00 [queued]>
[2025-12-16T17:18:14.824+0000] {taskinstance.py:2170} INFO - Starting attempt 2 of 4
[2025-12-16T17:18:14.848+0000] {taskinstance.py:2191} INFO - Executing <Task(PythonOperator): transform> on 2024-01-05 00:00:00+00:00
[2025-12-16T17:18:14.865+0000] {standard_task_runner.py:60} INFO - Started process 3458 to run task
[2025-12-16T17:18:14.878+0000] {standard_task_runner.py:87} INFO - Running: ['***', 'tasks', 'run', 'etl_***', 'transform', 'scheduled__2024-01-05T00:00:00+00:00', '--job-id', '5165', '--raw', '--subdir', 'DAGS_FOLDER/etl_dag.py', '--cfg-path', '/tmp/tmpv43iqr4n']
[2025-12-16T17:18:14.886+0000] {standard_task_runner.py:88} INFO - Job 5165: Subtask transform
[2025-12-16T17:18:15.034+0000] {task_command.py:423} INFO - Running <TaskInstance: etl_airflow.transform scheduled__2024-01-05T00:00:00+00:00 [running]> on host 3b89cfee50e9
[2025-12-16T17:18:15.211+0000] {taskinstance.py:2480} INFO - Exporting env vars: AIRFLOW_CTX_DAG_OWNER='***' AIRFLOW_CTX_DAG_ID='etl_***' AIRFLOW_CTX_TASK_ID='transform' AIRFLOW_CTX_EXECUTION_DATE='2024-01-05T00:00:00+00:00' AIRFLOW_CTX_TRY_NUMBER='2' AIRFLOW_CTX_DAG_RUN_ID='scheduled__2024-01-05T00:00:00+00:00'
[2025-12-16T17:18:15.215+0000] {logging_mixin.py:188} INFO - [TRANSFORM]
[2025-12-16T17:18:15.268+0000] {logging_mixin.py:188} INFO - [TRANSFORM] done
[2025-12-16T17:18:15.269+0000] {python.py:201} INFO - Done. Returned value was: None
[2025-12-16T17:18:15.696+0000] {taskinstance.py:1138} INFO - Marking task as SUCCESS. dag_id=etl_***, task_id=transform, execution_date=20240105T000000, start_date=20251216T171814, end_date=20251216T171815
[2025-12-16T17:18:15.776+0000] {local_task_job_runner.py:234} INFO - Task exited with return code 0
[2025-12-16T17:18:15.826+0000] {taskinstance.py:3280} INFO - 1 downstream tasks scheduled from follow-on schedule check
[2025-12-17T04:42:37.259+0000] {taskinstance.py:1956} INFO - Dependencies all met for dep_context=non-requeueable deps ti=<TaskInstance: etl_airflow.transform scheduled__2024-01-05T00:00:00+00:00 [queued]>
[2025-12-17T04:42:37.277+0000] {taskinstance.py:1956} INFO - Dependencies all met for dep_context=requeueable deps ti=<TaskInstance: etl_airflow.transform scheduled__2024-01-05T00:00:00+00:00 [queued]>
[2025-12-17T04:42:37.280+0000] {taskinstance.py:2170} INFO - Starting attempt 2 of 3
[2025-12-17T04:42:37.307+0000] {taskinstance.py:2191} INFO - Executing <Task(PythonOperator): transform> on 2024-01-05 00:00:00+00:00
[2025-12-17T04:42:37.317+0000] {standard_task_runner.py:60} INFO - Started process 347 to run task
[2025-12-17T04:42:37.325+0000] {standard_task_runner.py:87} INFO - Running: ['***', 'tasks', 'run', 'etl_***', 'transform', 'scheduled__2024-01-05T00:00:00+00:00', '--job-id', '40', '--raw', '--subdir', 'DAGS_FOLDER/etl_***.py', '--cfg-path', '/tmp/tmp5lolbfou']
[2025-12-17T04:42:37.332+0000] {standard_task_runner.py:88} INFO - Job 40: Subtask transform
[2025-12-17T04:42:37.470+0000] {task_command.py:423} INFO - Running <TaskInstance: etl_airflow.transform scheduled__2024-01-05T00:00:00+00:00 [running]> on host b3426f05ac70
[2025-12-17T04:42:37.906+0000] {taskinstance.py:2480} INFO - Exporting env vars: AIRFLOW_CTX_DAG_OWNER='***' AIRFLOW_CTX_DAG_ID='etl_***' AIRFLOW_CTX_TASK_ID='transform' AIRFLOW_CTX_EXECUTION_DATE='2024-01-05T00:00:00+00:00' AIRFLOW_CTX_TRY_NUMBER='2' AIRFLOW_CTX_DAG_RUN_ID='scheduled__2024-01-05T00:00:00+00:00'
[2025-12-17T04:42:37.908+0000] {taskinstance.py:2698} ERROR - Task failed with exception
Traceback (most recent call last):
  File "/home/airflow/.local/lib/python3.8/site-packages/airflow/models/taskinstance.py", line 433, in _execute_task
    result = execute_callable(context=context, **execute_callable_kwargs)
  File "/home/airflow/.local/lib/python3.8/site-packages/airflow/operators/python.py", line 199, in execute
    return_value = self.execute_callable()
  File "/home/airflow/.local/lib/python3.8/site-packages/airflow/operators/python.py", line 216, in execute_callable
    return self.python_callable(*self.op_args, **self.op_kwargs)
TypeError: transform_data() missing 1 required positional argument: 'df'
[2025-12-17T04:42:37.922+0000] {taskinstance.py:1138} INFO - Marking task as UP_FOR_RETRY. dag_id=etl_***, task_id=transform, execution_date=20240105T000000, start_date=20251217T044237, end_date=20251217T044237
[2025-12-17T04:42:37.960+0000] {standard_task_runner.py:107} ERROR - Failed to execute job 40 for task transform (transform_data() missing 1 required positional argument: 'df'; 347)
[2025-12-17T04:42:37.991+0000] {local_task_job_runner.py:234} INFO - Task exited with return code 1
[2025-12-17T04:42:38.041+0000] {taskinstance.py:3280} INFO - 0 downstream tasks scheduled from follow-on schedule check
[2025-12-17T07:35:34.246+0000] {taskinstance.py:1956} INFO - Dependencies all met for dep_context=non-requeueable deps ti=<TaskInstance: etl_airflow.transform scheduled__2024-01-05T00:00:00+00:00 [queued]>
[2025-12-17T07:35:34.268+0000] {taskinstance.py:1956} INFO - Dependencies all met for dep_context=requeueable deps ti=<TaskInstance: etl_airflow.transform scheduled__2024-01-05T00:00:00+00:00 [queued]>
[2025-12-17T07:35:34.269+0000] {taskinstance.py:2170} INFO - Starting attempt 2 of 3
[2025-12-17T07:35:34.306+0000] {taskinstance.py:2191} INFO - Executing <Task(PythonOperator): transform> on 2024-01-05 00:00:00+00:00
[2025-12-17T07:35:34.327+0000] {standard_task_runner.py:60} INFO - Started process 406 to run task
[2025-12-17T07:35:34.342+0000] {standard_task_runner.py:87} INFO - Running: ['***', 'tasks', 'run', 'etl_***', 'transform', 'scheduled__2024-01-05T00:00:00+00:00', '--job-id', '37', '--raw', '--subdir', 'DAGS_FOLDER/etl_***.py', '--cfg-path', '/tmp/tmps5julcoc']
[2025-12-17T07:35:34.348+0000] {standard_task_runner.py:88} INFO - Job 37: Subtask transform
[2025-12-17T07:35:34.532+0000] {task_command.py:423} INFO - Running <TaskInstance: etl_airflow.transform scheduled__2024-01-05T00:00:00+00:00 [running]> on host 2a0de06c8905
[2025-12-17T07:35:35.075+0000] {taskinstance.py:2480} INFO - Exporting env vars: AIRFLOW_CTX_DAG_OWNER='***' AIRFLOW_CTX_DAG_ID='etl_***' AIRFLOW_CTX_TASK_ID='transform' AIRFLOW_CTX_EXECUTION_DATE='2024-01-05T00:00:00+00:00' AIRFLOW_CTX_TRY_NUMBER='2' AIRFLOW_CTX_DAG_RUN_ID='scheduled__2024-01-05T00:00:00+00:00'
[2025-12-17T07:35:35.080+0000] {taskinstance.py:2698} ERROR - Task failed with exception
Traceback (most recent call last):
  File "/home/airflow/.local/lib/python3.8/site-packages/airflow/models/taskinstance.py", line 433, in _execute_task
    result = execute_callable(context=context, **execute_callable_kwargs)
  File "/home/airflow/.local/lib/python3.8/site-packages/airflow/operators/python.py", line 199, in execute
    return_value = self.execute_callable()
  File "/home/airflow/.local/lib/python3.8/site-packages/airflow/operators/python.py", line 216, in execute_callable
    return self.python_callable(*self.op_args, **self.op_kwargs)
TypeError: transform_data() missing 1 required positional argument: 'df'
[2025-12-17T07:35:35.103+0000] {taskinstance.py:1138} INFO - Marking task as UP_FOR_RETRY. dag_id=etl_***, task_id=transform, execution_date=20240105T000000, start_date=20251217T073534, end_date=20251217T073535
[2025-12-17T07:35:35.132+0000] {standard_task_runner.py:107} ERROR - Failed to execute job 37 for task transform (transform_data() missing 1 required positional argument: 'df'; 406)
[2025-12-17T07:35:35.167+0000] {local_task_job_runner.py:234} INFO - Task exited with return code 1
[2025-12-17T07:35:35.427+0000] {taskinstance.py:3280} INFO - 0 downstream tasks scheduled from follow-on schedule check
