[2025-12-16T17:09:52.934+0000] {taskinstance.py:1956} INFO - Dependencies all met for dep_context=non-requeueable deps ti=<TaskInstance: etl_airflow.transform scheduled__2024-01-05T00:00:00+00:00 [queued]>
[2025-12-16T17:09:52.959+0000] {taskinstance.py:1956} INFO - Dependencies all met for dep_context=requeueable deps ti=<TaskInstance: etl_airflow.transform scheduled__2024-01-05T00:00:00+00:00 [queued]>
[2025-12-16T17:09:52.966+0000] {taskinstance.py:2170} INFO - Starting attempt 1 of 3
[2025-12-16T17:09:53.011+0000] {taskinstance.py:2191} INFO - Executing <Task(PythonOperator): transform> on 2024-01-05 00:00:00+00:00
[2025-12-16T17:09:53.033+0000] {standard_task_runner.py:60} INFO - Started process 436 to run task
[2025-12-16T17:09:53.054+0000] {standard_task_runner.py:87} INFO - Running: ['***', 'tasks', 'run', 'etl_***', 'transform', 'scheduled__2024-01-05T00:00:00+00:00', '--job-id', '3636', '--raw', '--subdir', 'DAGS_FOLDER/etl_dag.py', '--cfg-path', '/tmp/tmptr_lm312']
[2025-12-16T17:09:53.073+0000] {standard_task_runner.py:88} INFO - Job 3636: Subtask transform
[2025-12-16T17:09:53.307+0000] {task_command.py:423} INFO - Running <TaskInstance: etl_airflow.transform scheduled__2024-01-05T00:00:00+00:00 [running]> on host 3b89cfee50e9
[2025-12-16T17:09:53.640+0000] {taskinstance.py:2480} INFO - Exporting env vars: AIRFLOW_CTX_DAG_OWNER='***' AIRFLOW_CTX_DAG_ID='etl_***' AIRFLOW_CTX_TASK_ID='transform' AIRFLOW_CTX_EXECUTION_DATE='2024-01-05T00:00:00+00:00' AIRFLOW_CTX_TRY_NUMBER='1' AIRFLOW_CTX_DAG_RUN_ID='scheduled__2024-01-05T00:00:00+00:00'
[2025-12-16T17:09:53.656+0000] {logging_mixin.py:188} INFO - [TRANSFORM]
[2025-12-16T17:09:53.731+0000] {logging_mixin.py:188} INFO - [TRANSFORM] done
[2025-12-16T17:09:53.733+0000] {python.py:201} INFO - Done. Returned value was: None
[2025-12-16T17:09:54.138+0000] {taskinstance.py:1138} INFO - Marking task as SUCCESS. dag_id=etl_***, task_id=transform, execution_date=20240105T000000, start_date=20251216T170952, end_date=20251216T170954
[2025-12-16T17:09:54.279+0000] {local_task_job_runner.py:234} INFO - Task exited with return code 0
[2025-12-16T17:09:54.353+0000] {taskinstance.py:3280} INFO - 1 downstream tasks scheduled from follow-on schedule check
[2025-12-17T01:50:06.867+0000] {taskinstance.py:1956} INFO - Dependencies all met for dep_context=non-requeueable deps ti=<TaskInstance: etl_airflow.transform scheduled__2024-01-05T00:00:00+00:00 [queued]>
[2025-12-17T01:50:06.904+0000] {taskinstance.py:1956} INFO - Dependencies all met for dep_context=requeueable deps ti=<TaskInstance: etl_airflow.transform scheduled__2024-01-05T00:00:00+00:00 [queued]>
[2025-12-17T01:50:06.909+0000] {taskinstance.py:2170} INFO - Starting attempt 1 of 3
[2025-12-17T01:50:07.295+0000] {taskinstance.py:2191} INFO - Executing <Task(PythonOperator): transform> on 2024-01-05 00:00:00+00:00
[2025-12-17T01:50:07.334+0000] {standard_task_runner.py:60} INFO - Started process 271 to run task
[2025-12-17T01:50:07.353+0000] {standard_task_runner.py:87} INFO - Running: ['***', 'tasks', 'run', 'etl_***', 'transform', 'scheduled__2024-01-05T00:00:00+00:00', '--job-id', '18', '--raw', '--subdir', 'DAGS_FOLDER/etl_dag.py', '--cfg-path', '/tmp/tmprbkopr9j']
[2025-12-17T01:50:07.366+0000] {standard_task_runner.py:88} INFO - Job 18: Subtask transform
[2025-12-17T01:50:07.715+0000] {task_command.py:423} INFO - Running <TaskInstance: etl_airflow.transform scheduled__2024-01-05T00:00:00+00:00 [running]> on host 571e042550da
[2025-12-17T01:50:08.532+0000] {taskinstance.py:2480} INFO - Exporting env vars: AIRFLOW_CTX_DAG_OWNER='***' AIRFLOW_CTX_DAG_ID='etl_***' AIRFLOW_CTX_TASK_ID='transform' AIRFLOW_CTX_EXECUTION_DATE='2024-01-05T00:00:00+00:00' AIRFLOW_CTX_TRY_NUMBER='1' AIRFLOW_CTX_DAG_RUN_ID='scheduled__2024-01-05T00:00:00+00:00'
[2025-12-17T01:50:08.542+0000] {logging_mixin.py:188} INFO - [TRANSFORM]
[2025-12-17T01:50:08.587+0000] {logging_mixin.py:188} INFO - [TRANSFORM] done
[2025-12-17T01:50:08.588+0000] {python.py:201} INFO - Done. Returned value was: None
[2025-12-17T01:50:08.611+0000] {taskinstance.py:1138} INFO - Marking task as SUCCESS. dag_id=etl_***, task_id=transform, execution_date=20240105T000000, start_date=20251217T015006, end_date=20251217T015008
[2025-12-17T01:50:08.846+0000] {local_task_job_runner.py:234} INFO - Task exited with return code 0
[2025-12-17T01:50:09.100+0000] {taskinstance.py:3280} INFO - 0 downstream tasks scheduled from follow-on schedule check
[2025-12-17T04:18:30.050+0000] {taskinstance.py:1956} INFO - Dependencies all met for dep_context=non-requeueable deps ti=<TaskInstance: etl_airflow.transform scheduled__2024-01-05T00:00:00+00:00 [queued]>
[2025-12-17T04:18:30.104+0000] {taskinstance.py:1956} INFO - Dependencies all met for dep_context=requeueable deps ti=<TaskInstance: etl_airflow.transform scheduled__2024-01-05T00:00:00+00:00 [queued]>
[2025-12-17T04:18:30.117+0000] {taskinstance.py:2170} INFO - Starting attempt 1 of 3
[2025-12-17T04:18:30.173+0000] {taskinstance.py:2191} INFO - Executing <Task(PythonOperator): transform> on 2024-01-05 00:00:00+00:00
[2025-12-17T04:18:30.204+0000] {standard_task_runner.py:60} INFO - Started process 278 to run task
[2025-12-17T04:18:30.237+0000] {standard_task_runner.py:87} INFO - Running: ['***', 'tasks', 'run', 'etl_***', 'transform', 'scheduled__2024-01-05T00:00:00+00:00', '--job-id', '21', '--raw', '--subdir', 'DAGS_FOLDER/etl_***.py', '--cfg-path', '/tmp/tmph92zlmh5']
[2025-12-17T04:18:30.272+0000] {standard_task_runner.py:88} INFO - Job 21: Subtask transform
[2025-12-17T04:18:30.568+0000] {task_command.py:423} INFO - Running <TaskInstance: etl_airflow.transform scheduled__2024-01-05T00:00:00+00:00 [running]> on host c5811fe183ca
[2025-12-17T04:18:31.176+0000] {taskinstance.py:2480} INFO - Exporting env vars: AIRFLOW_CTX_DAG_OWNER='***' AIRFLOW_CTX_DAG_ID='etl_***' AIRFLOW_CTX_TASK_ID='transform' AIRFLOW_CTX_EXECUTION_DATE='2024-01-05T00:00:00+00:00' AIRFLOW_CTX_TRY_NUMBER='1' AIRFLOW_CTX_DAG_RUN_ID='scheduled__2024-01-05T00:00:00+00:00'
[2025-12-17T04:18:31.179+0000] {taskinstance.py:2698} ERROR - Task failed with exception
Traceback (most recent call last):
  File "/home/airflow/.local/lib/python3.8/site-packages/airflow/models/taskinstance.py", line 433, in _execute_task
    result = execute_callable(context=context, **execute_callable_kwargs)
  File "/home/airflow/.local/lib/python3.8/site-packages/airflow/operators/python.py", line 199, in execute
    return_value = self.execute_callable()
  File "/home/airflow/.local/lib/python3.8/site-packages/airflow/operators/python.py", line 216, in execute_callable
    return self.python_callable(*self.op_args, **self.op_kwargs)
TypeError: transform_data() missing 1 required positional argument: 'df'
[2025-12-17T04:18:31.200+0000] {taskinstance.py:1138} INFO - Marking task as UP_FOR_RETRY. dag_id=etl_***, task_id=transform, execution_date=20240105T000000, start_date=20251217T041830, end_date=20251217T041831
[2025-12-17T04:18:31.230+0000] {standard_task_runner.py:107} ERROR - Failed to execute job 21 for task transform (transform_data() missing 1 required positional argument: 'df'; 278)
[2025-12-17T04:18:31.274+0000] {local_task_job_runner.py:234} INFO - Task exited with return code 1
[2025-12-17T04:18:31.533+0000] {taskinstance.py:3280} INFO - 0 downstream tasks scheduled from follow-on schedule check
[2025-12-17T04:42:24.422+0000] {taskinstance.py:1956} INFO - Dependencies all met for dep_context=non-requeueable deps ti=<TaskInstance: etl_airflow.transform scheduled__2024-01-05T00:00:00+00:00 [queued]>
[2025-12-17T04:42:24.464+0000] {taskinstance.py:1956} INFO - Dependencies all met for dep_context=requeueable deps ti=<TaskInstance: etl_airflow.transform scheduled__2024-01-05T00:00:00+00:00 [queued]>
[2025-12-17T04:42:24.472+0000] {taskinstance.py:2170} INFO - Starting attempt 1 of 3
[2025-12-17T04:42:24.787+0000] {taskinstance.py:2191} INFO - Executing <Task(PythonOperator): transform> on 2024-01-05 00:00:00+00:00
[2025-12-17T04:42:24.802+0000] {standard_task_runner.py:60} INFO - Started process 297 to run task
[2025-12-17T04:42:24.823+0000] {standard_task_runner.py:87} INFO - Running: ['***', 'tasks', 'run', 'etl_***', 'transform', 'scheduled__2024-01-05T00:00:00+00:00', '--job-id', '21', '--raw', '--subdir', 'DAGS_FOLDER/etl_***.py', '--cfg-path', '/tmp/tmpocreobv7']
[2025-12-17T04:42:24.863+0000] {standard_task_runner.py:88} INFO - Job 21: Subtask transform
[2025-12-17T04:42:25.196+0000] {task_command.py:423} INFO - Running <TaskInstance: etl_airflow.transform scheduled__2024-01-05T00:00:00+00:00 [running]> on host b3426f05ac70
[2025-12-17T04:42:25.843+0000] {taskinstance.py:2480} INFO - Exporting env vars: AIRFLOW_CTX_DAG_OWNER='***' AIRFLOW_CTX_DAG_ID='etl_***' AIRFLOW_CTX_TASK_ID='transform' AIRFLOW_CTX_EXECUTION_DATE='2024-01-05T00:00:00+00:00' AIRFLOW_CTX_TRY_NUMBER='1' AIRFLOW_CTX_DAG_RUN_ID='scheduled__2024-01-05T00:00:00+00:00'
[2025-12-17T04:42:25.851+0000] {taskinstance.py:2698} ERROR - Task failed with exception
Traceback (most recent call last):
  File "/home/airflow/.local/lib/python3.8/site-packages/airflow/models/taskinstance.py", line 433, in _execute_task
    result = execute_callable(context=context, **execute_callable_kwargs)
  File "/home/airflow/.local/lib/python3.8/site-packages/airflow/operators/python.py", line 199, in execute
    return_value = self.execute_callable()
  File "/home/airflow/.local/lib/python3.8/site-packages/airflow/operators/python.py", line 216, in execute_callable
    return self.python_callable(*self.op_args, **self.op_kwargs)
TypeError: transform_data() missing 1 required positional argument: 'df'
[2025-12-17T04:42:25.867+0000] {taskinstance.py:1138} INFO - Marking task as UP_FOR_RETRY. dag_id=etl_***, task_id=transform, execution_date=20240105T000000, start_date=20251217T044224, end_date=20251217T044225
[2025-12-17T04:42:26.068+0000] {standard_task_runner.py:107} ERROR - Failed to execute job 21 for task transform (transform_data() missing 1 required positional argument: 'df'; 297)
[2025-12-17T04:42:26.118+0000] {local_task_job_runner.py:234} INFO - Task exited with return code 1
[2025-12-17T04:42:26.180+0000] {taskinstance.py:3280} INFO - 0 downstream tasks scheduled from follow-on schedule check
[2025-12-17T07:35:20.812+0000] {taskinstance.py:1956} INFO - Dependencies all met for dep_context=non-requeueable deps ti=<TaskInstance: etl_airflow.transform scheduled__2024-01-05T00:00:00+00:00 [queued]>
[2025-12-17T07:35:20.858+0000] {taskinstance.py:1956} INFO - Dependencies all met for dep_context=requeueable deps ti=<TaskInstance: etl_airflow.transform scheduled__2024-01-05T00:00:00+00:00 [queued]>
[2025-12-17T07:35:20.861+0000] {taskinstance.py:2170} INFO - Starting attempt 1 of 3
[2025-12-17T07:35:20.915+0000] {taskinstance.py:2191} INFO - Executing <Task(PythonOperator): transform> on 2024-01-05 00:00:00+00:00
[2025-12-17T07:35:20.973+0000] {standard_task_runner.py:60} INFO - Started process 360 to run task
[2025-12-17T07:35:20.981+0000] {standard_task_runner.py:87} INFO - Running: ['***', 'tasks', 'run', 'etl_***', 'transform', 'scheduled__2024-01-05T00:00:00+00:00', '--job-id', '21', '--raw', '--subdir', 'DAGS_FOLDER/etl_***.py', '--cfg-path', '/tmp/tmpjih4tiqd']
[2025-12-17T07:35:21.003+0000] {standard_task_runner.py:88} INFO - Job 21: Subtask transform
[2025-12-17T07:35:21.278+0000] {task_command.py:423} INFO - Running <TaskInstance: etl_airflow.transform scheduled__2024-01-05T00:00:00+00:00 [running]> on host 2a0de06c8905
[2025-12-17T07:35:22.295+0000] {taskinstance.py:2480} INFO - Exporting env vars: AIRFLOW_CTX_DAG_OWNER='***' AIRFLOW_CTX_DAG_ID='etl_***' AIRFLOW_CTX_TASK_ID='transform' AIRFLOW_CTX_EXECUTION_DATE='2024-01-05T00:00:00+00:00' AIRFLOW_CTX_TRY_NUMBER='1' AIRFLOW_CTX_DAG_RUN_ID='scheduled__2024-01-05T00:00:00+00:00'
[2025-12-17T07:35:22.316+0000] {taskinstance.py:2698} ERROR - Task failed with exception
Traceback (most recent call last):
  File "/home/airflow/.local/lib/python3.8/site-packages/airflow/models/taskinstance.py", line 433, in _execute_task
    result = execute_callable(context=context, **execute_callable_kwargs)
  File "/home/airflow/.local/lib/python3.8/site-packages/airflow/operators/python.py", line 199, in execute
    return_value = self.execute_callable()
  File "/home/airflow/.local/lib/python3.8/site-packages/airflow/operators/python.py", line 216, in execute_callable
    return self.python_callable(*self.op_args, **self.op_kwargs)
TypeError: transform_data() missing 1 required positional argument: 'df'
[2025-12-17T07:35:22.387+0000] {taskinstance.py:1138} INFO - Marking task as UP_FOR_RETRY. dag_id=etl_***, task_id=transform, execution_date=20240105T000000, start_date=20251217T073520, end_date=20251217T073522
[2025-12-17T07:35:22.461+0000] {standard_task_runner.py:107} ERROR - Failed to execute job 21 for task transform (transform_data() missing 1 required positional argument: 'df'; 360)
[2025-12-17T07:35:22.625+0000] {local_task_job_runner.py:234} INFO - Task exited with return code 1
[2025-12-17T07:35:23.098+0000] {taskinstance.py:3280} INFO - 0 downstream tasks scheduled from follow-on schedule check
