[2025-12-16T17:11:49.021+0000] {taskinstance.py:1956} INFO - Dependencies all met for dep_context=non-requeueable deps ti=<TaskInstance: etl_airflow.load scheduled__2024-05-15T00:00:00+00:00 [queued]>
[2025-12-16T17:11:49.055+0000] {taskinstance.py:1956} INFO - Dependencies all met for dep_context=requeueable deps ti=<TaskInstance: etl_airflow.load scheduled__2024-05-15T00:00:00+00:00 [queued]>
[2025-12-16T17:11:49.059+0000] {taskinstance.py:2170} INFO - Starting attempt 1 of 3
[2025-12-16T17:11:49.116+0000] {taskinstance.py:2191} INFO - Executing <Task(PythonOperator): load> on 2024-05-15 00:00:00+00:00
[2025-12-16T17:11:49.131+0000] {standard_task_runner.py:60} INFO - Started process 1709 to run task
[2025-12-16T17:11:49.170+0000] {standard_task_runner.py:87} INFO - Running: ['***', 'tasks', 'run', 'etl_***', 'load', 'scheduled__2024-05-15T00:00:00+00:00', '--job-id', '4044', '--raw', '--subdir', 'DAGS_FOLDER/etl_dag.py', '--cfg-path', '/tmp/tmp29rgc8ua']
[2025-12-16T17:11:49.179+0000] {standard_task_runner.py:88} INFO - Job 4044: Subtask load
[2025-12-16T17:11:49.461+0000] {task_command.py:423} INFO - Running <TaskInstance: etl_airflow.load scheduled__2024-05-15T00:00:00+00:00 [running]> on host 3b89cfee50e9
[2025-12-16T17:11:49.760+0000] {taskinstance.py:2480} INFO - Exporting env vars: AIRFLOW_CTX_DAG_OWNER='***' AIRFLOW_CTX_DAG_ID='etl_***' AIRFLOW_CTX_TASK_ID='load' AIRFLOW_CTX_EXECUTION_DATE='2024-05-15T00:00:00+00:00' AIRFLOW_CTX_TRY_NUMBER='1' AIRFLOW_CTX_DAG_RUN_ID='scheduled__2024-05-15T00:00:00+00:00'
[2025-12-16T17:11:49.765+0000] {logging_mixin.py:188} INFO - [LOAD]
[2025-12-16T17:11:50.109+0000] {logging_mixin.py:188} INFO -    user_id event_type            timestamp country
0        1      login  2025-01-01T09:00:00      IN
1        1      click  2025-01-01T09:05:00      IN
2        1     logout  2025-01-01T09:15:00      IN
3        3      login  2025-01-02T08:00:00      FR
4        3      click  2025-01-02T08:05:00      FR
[2025-12-16T17:11:50.110+0000] {logging_mixin.py:188} INFO - [LOAD] done
[2025-12-16T17:11:50.111+0000] {python.py:201} INFO - Done. Returned value was: None
[2025-12-16T17:11:50.127+0000] {taskinstance.py:1138} INFO - Marking task as SUCCESS. dag_id=etl_***, task_id=load, execution_date=20240515T000000, start_date=20251216T171149, end_date=20251216T171150
[2025-12-16T17:11:50.213+0000] {local_task_job_runner.py:234} INFO - Task exited with return code 0
[2025-12-16T17:11:50.342+0000] {taskinstance.py:3280} INFO - 0 downstream tasks scheduled from follow-on schedule check
[2025-12-17T01:52:38.390+0000] {taskinstance.py:1956} INFO - Dependencies all met for dep_context=non-requeueable deps ti=<TaskInstance: etl_airflow.load scheduled__2024-05-15T00:00:00+00:00 [queued]>
[2025-12-17T01:52:38.422+0000] {taskinstance.py:1956} INFO - Dependencies all met for dep_context=requeueable deps ti=<TaskInstance: etl_airflow.load scheduled__2024-05-15T00:00:00+00:00 [queued]>
[2025-12-17T01:52:38.425+0000] {taskinstance.py:2170} INFO - Starting attempt 1 of 3
[2025-12-17T01:52:38.477+0000] {taskinstance.py:2191} INFO - Executing <Task(PythonOperator): load> on 2024-05-15 00:00:00+00:00
[2025-12-17T01:52:38.491+0000] {standard_task_runner.py:60} INFO - Started process 1608 to run task
[2025-12-17T01:52:38.503+0000] {standard_task_runner.py:87} INFO - Running: ['***', 'tasks', 'run', 'etl_***', 'load', 'scheduled__2024-05-15T00:00:00+00:00', '--job-id', '439', '--raw', '--subdir', 'DAGS_FOLDER/etl_dag.py', '--cfg-path', '/tmp/tmpx8qhz_oc']
[2025-12-17T01:52:38.511+0000] {standard_task_runner.py:88} INFO - Job 439: Subtask load
[2025-12-17T01:52:38.744+0000] {task_command.py:423} INFO - Running <TaskInstance: etl_airflow.load scheduled__2024-05-15T00:00:00+00:00 [running]> on host 571e042550da
[2025-12-17T01:52:39.288+0000] {taskinstance.py:2480} INFO - Exporting env vars: AIRFLOW_CTX_DAG_OWNER='***' AIRFLOW_CTX_DAG_ID='etl_***' AIRFLOW_CTX_TASK_ID='load' AIRFLOW_CTX_EXECUTION_DATE='2024-05-15T00:00:00+00:00' AIRFLOW_CTX_TRY_NUMBER='1' AIRFLOW_CTX_DAG_RUN_ID='scheduled__2024-05-15T00:00:00+00:00'
[2025-12-17T01:52:39.294+0000] {logging_mixin.py:188} INFO - [LOAD]
[2025-12-17T01:52:39.328+0000] {logging_mixin.py:188} INFO -    user_id event_type            timestamp country
0        1      login  2025-01-01T09:00:00      IN
1        1      click  2025-01-01T09:05:00      IN
2        1     logout  2025-01-01T09:15:00      IN
3        3      login  2025-01-02T08:00:00      FR
4        3      click  2025-01-02T08:05:00      FR
[2025-12-17T01:52:39.329+0000] {logging_mixin.py:188} INFO - [LOAD] done
[2025-12-17T01:52:39.333+0000] {python.py:201} INFO - Done. Returned value was: None
[2025-12-17T01:52:39.355+0000] {taskinstance.py:1138} INFO - Marking task as SUCCESS. dag_id=etl_***, task_id=load, execution_date=20240515T000000, start_date=20251217T015238, end_date=20251217T015239
[2025-12-17T01:52:39.414+0000] {local_task_job_runner.py:234} INFO - Task exited with return code 0
[2025-12-17T01:52:39.452+0000] {taskinstance.py:3280} INFO - 0 downstream tasks scheduled from follow-on schedule check
