[2025-12-16T17:11:48.338+0000] {taskinstance.py:1956} INFO - Dependencies all met for dep_context=non-requeueable deps ti=<TaskInstance: etl_airflow.load scheduled__2024-05-17T00:00:00+00:00 [queued]>
[2025-12-16T17:11:48.359+0000] {taskinstance.py:1956} INFO - Dependencies all met for dep_context=requeueable deps ti=<TaskInstance: etl_airflow.load scheduled__2024-05-17T00:00:00+00:00 [queued]>
[2025-12-16T17:11:48.362+0000] {taskinstance.py:2170} INFO - Starting attempt 1 of 3
[2025-12-16T17:11:48.407+0000] {taskinstance.py:2191} INFO - Executing <Task(PythonOperator): load> on 2024-05-17 00:00:00+00:00
[2025-12-16T17:11:48.446+0000] {standard_task_runner.py:60} INFO - Started process 1702 to run task
[2025-12-16T17:11:48.471+0000] {standard_task_runner.py:87} INFO - Running: ['***', 'tasks', 'run', 'etl_***', 'load', 'scheduled__2024-05-17T00:00:00+00:00', '--job-id', '4038', '--raw', '--subdir', 'DAGS_FOLDER/etl_dag.py', '--cfg-path', '/tmp/tmpbs9uf111']
[2025-12-16T17:11:48.494+0000] {standard_task_runner.py:88} INFO - Job 4038: Subtask load
[2025-12-16T17:11:48.755+0000] {task_command.py:423} INFO - Running <TaskInstance: etl_airflow.load scheduled__2024-05-17T00:00:00+00:00 [running]> on host 3b89cfee50e9
[2025-12-16T17:11:49.116+0000] {taskinstance.py:2480} INFO - Exporting env vars: AIRFLOW_CTX_DAG_OWNER='***' AIRFLOW_CTX_DAG_ID='etl_***' AIRFLOW_CTX_TASK_ID='load' AIRFLOW_CTX_EXECUTION_DATE='2024-05-17T00:00:00+00:00' AIRFLOW_CTX_TRY_NUMBER='1' AIRFLOW_CTX_DAG_RUN_ID='scheduled__2024-05-17T00:00:00+00:00'
[2025-12-16T17:11:49.124+0000] {logging_mixin.py:188} INFO - [LOAD]
[2025-12-16T17:11:49.778+0000] {logging_mixin.py:188} INFO -    user_id event_type            timestamp country
0        1      login  2025-01-01T09:00:00      IN
1        1      click  2025-01-01T09:05:00      IN
2        1     logout  2025-01-01T09:15:00      IN
3        3      login  2025-01-02T08:00:00      FR
4        3      click  2025-01-02T08:05:00      FR
[2025-12-16T17:11:49.780+0000] {logging_mixin.py:188} INFO - [LOAD] done
[2025-12-16T17:11:49.781+0000] {python.py:201} INFO - Done. Returned value was: None
[2025-12-16T17:11:49.814+0000] {taskinstance.py:1138} INFO - Marking task as SUCCESS. dag_id=etl_***, task_id=load, execution_date=20240517T000000, start_date=20251216T171148, end_date=20251216T171149
[2025-12-16T17:11:49.889+0000] {local_task_job_runner.py:234} INFO - Task exited with return code 0
[2025-12-16T17:11:49.971+0000] {taskinstance.py:3280} INFO - 0 downstream tasks scheduled from follow-on schedule check
[2025-12-17T01:52:38.483+0000] {taskinstance.py:1956} INFO - Dependencies all met for dep_context=non-requeueable deps ti=<TaskInstance: etl_airflow.load scheduled__2024-05-17T00:00:00+00:00 [queued]>
[2025-12-17T01:52:38.511+0000] {taskinstance.py:1956} INFO - Dependencies all met for dep_context=requeueable deps ti=<TaskInstance: etl_airflow.load scheduled__2024-05-17T00:00:00+00:00 [queued]>
[2025-12-17T01:52:38.513+0000] {taskinstance.py:2170} INFO - Starting attempt 1 of 3
[2025-12-17T01:52:38.557+0000] {taskinstance.py:2191} INFO - Executing <Task(PythonOperator): load> on 2024-05-17 00:00:00+00:00
[2025-12-17T01:52:38.579+0000] {standard_task_runner.py:60} INFO - Started process 1612 to run task
[2025-12-17T01:52:38.593+0000] {standard_task_runner.py:87} INFO - Running: ['***', 'tasks', 'run', 'etl_***', 'load', 'scheduled__2024-05-17T00:00:00+00:00', '--job-id', '441', '--raw', '--subdir', 'DAGS_FOLDER/etl_dag.py', '--cfg-path', '/tmp/tmp3no4i91q']
[2025-12-17T01:52:38.603+0000] {standard_task_runner.py:88} INFO - Job 441: Subtask load
[2025-12-17T01:52:38.806+0000] {task_command.py:423} INFO - Running <TaskInstance: etl_airflow.load scheduled__2024-05-17T00:00:00+00:00 [running]> on host 571e042550da
[2025-12-17T01:52:39.351+0000] {taskinstance.py:2480} INFO - Exporting env vars: AIRFLOW_CTX_DAG_OWNER='***' AIRFLOW_CTX_DAG_ID='etl_***' AIRFLOW_CTX_TASK_ID='load' AIRFLOW_CTX_EXECUTION_DATE='2024-05-17T00:00:00+00:00' AIRFLOW_CTX_TRY_NUMBER='1' AIRFLOW_CTX_DAG_RUN_ID='scheduled__2024-05-17T00:00:00+00:00'
[2025-12-17T01:52:39.355+0000] {logging_mixin.py:188} INFO - [LOAD]
[2025-12-17T01:52:39.407+0000] {logging_mixin.py:188} INFO -    user_id event_type            timestamp country
0        1      login  2025-01-01T09:00:00      IN
1        1      click  2025-01-01T09:05:00      IN
2        1     logout  2025-01-01T09:15:00      IN
3        3      login  2025-01-02T08:00:00      FR
4        3      click  2025-01-02T08:05:00      FR
[2025-12-17T01:52:39.409+0000] {logging_mixin.py:188} INFO - [LOAD] done
[2025-12-17T01:52:39.410+0000] {python.py:201} INFO - Done. Returned value was: None
[2025-12-17T01:52:39.435+0000] {taskinstance.py:1138} INFO - Marking task as SUCCESS. dag_id=etl_***, task_id=load, execution_date=20240517T000000, start_date=20251217T015238, end_date=20251217T015239
[2025-12-17T01:52:39.525+0000] {local_task_job_runner.py:234} INFO - Task exited with return code 0
[2025-12-17T01:52:39.773+0000] {taskinstance.py:3280} INFO - 0 downstream tasks scheduled from follow-on schedule check
