[2025-12-16T17:12:13.109+0000] {taskinstance.py:1956} INFO - Dependencies all met for dep_context=non-requeueable deps ti=<TaskInstance: etl_airflow.load scheduled__2024-06-23T00:00:00+00:00 [queued]>
[2025-12-16T17:12:13.171+0000] {taskinstance.py:1956} INFO - Dependencies all met for dep_context=requeueable deps ti=<TaskInstance: etl_airflow.load scheduled__2024-06-23T00:00:00+00:00 [queued]>
[2025-12-16T17:12:13.186+0000] {taskinstance.py:2170} INFO - Starting attempt 1 of 3
[2025-12-16T17:12:13.267+0000] {taskinstance.py:2191} INFO - Executing <Task(PythonOperator): load> on 2024-06-23 00:00:00+00:00
[2025-12-16T17:12:13.327+0000] {standard_task_runner.py:87} INFO - Running: ['***', 'tasks', 'run', 'etl_***', 'load', 'scheduled__2024-06-23T00:00:00+00:00', '--job-id', '4127', '--raw', '--subdir', 'DAGS_FOLDER/etl_dag.py', '--cfg-path', '/tmp/tmpyr67sn1i']
[2025-12-16T17:12:13.352+0000] {standard_task_runner.py:88} INFO - Job 4127: Subtask load
[2025-12-16T17:12:13.321+0000] {standard_task_runner.py:60} INFO - Started process 1992 to run task
[2025-12-16T17:12:13.684+0000] {task_command.py:423} INFO - Running <TaskInstance: etl_airflow.load scheduled__2024-06-23T00:00:00+00:00 [running]> on host 3b89cfee50e9
[2025-12-16T17:12:14.166+0000] {taskinstance.py:2480} INFO - Exporting env vars: AIRFLOW_CTX_DAG_OWNER='***' AIRFLOW_CTX_DAG_ID='etl_***' AIRFLOW_CTX_TASK_ID='load' AIRFLOW_CTX_EXECUTION_DATE='2024-06-23T00:00:00+00:00' AIRFLOW_CTX_TRY_NUMBER='1' AIRFLOW_CTX_DAG_RUN_ID='scheduled__2024-06-23T00:00:00+00:00'
[2025-12-16T17:12:14.181+0000] {logging_mixin.py:188} INFO - [LOAD]
[2025-12-16T17:12:14.582+0000] {logging_mixin.py:188} INFO -    user_id event_type            timestamp country
0        1      login  2025-01-01T09:00:00      IN
1        1      click  2025-01-01T09:05:00      IN
2        1     logout  2025-01-01T09:15:00      IN
3        3      login  2025-01-02T08:00:00      FR
4        3      click  2025-01-02T08:05:00      FR
[2025-12-16T17:12:14.585+0000] {logging_mixin.py:188} INFO - [LOAD] done
[2025-12-16T17:12:14.587+0000] {python.py:201} INFO - Done. Returned value was: None
[2025-12-16T17:12:14.605+0000] {taskinstance.py:1138} INFO - Marking task as SUCCESS. dag_id=etl_***, task_id=load, execution_date=20240623T000000, start_date=20251216T171213, end_date=20251216T171214
[2025-12-16T17:12:14.762+0000] {local_task_job_runner.py:234} INFO - Task exited with return code 0
[2025-12-16T17:12:15.339+0000] {taskinstance.py:3280} INFO - 0 downstream tasks scheduled from follow-on schedule check
[2025-12-17T01:53:16.609+0000] {taskinstance.py:1956} INFO - Dependencies all met for dep_context=non-requeueable deps ti=<TaskInstance: etl_airflow.load scheduled__2024-06-23T00:00:00+00:00 [queued]>
[2025-12-17T01:53:16.630+0000] {taskinstance.py:1956} INFO - Dependencies all met for dep_context=requeueable deps ti=<TaskInstance: etl_airflow.load scheduled__2024-06-23T00:00:00+00:00 [queued]>
[2025-12-17T01:53:16.631+0000] {taskinstance.py:2170} INFO - Starting attempt 1 of 3
[2025-12-17T01:53:16.657+0000] {taskinstance.py:2191} INFO - Executing <Task(PythonOperator): load> on 2024-06-23 00:00:00+00:00
[2025-12-17T01:53:16.667+0000] {standard_task_runner.py:60} INFO - Started process 1930 to run task
[2025-12-17T01:53:16.675+0000] {standard_task_runner.py:87} INFO - Running: ['***', 'tasks', 'run', 'etl_***', 'load', 'scheduled__2024-06-23T00:00:00+00:00', '--job-id', '543', '--raw', '--subdir', 'DAGS_FOLDER/etl_dag.py', '--cfg-path', '/tmp/tmpm4ek83tv']
[2025-12-17T01:53:16.681+0000] {standard_task_runner.py:88} INFO - Job 543: Subtask load
[2025-12-17T01:53:16.837+0000] {task_command.py:423} INFO - Running <TaskInstance: etl_airflow.load scheduled__2024-06-23T00:00:00+00:00 [running]> on host 571e042550da
[2025-12-17T01:53:17.272+0000] {taskinstance.py:2480} INFO - Exporting env vars: AIRFLOW_CTX_DAG_OWNER='***' AIRFLOW_CTX_DAG_ID='etl_***' AIRFLOW_CTX_TASK_ID='load' AIRFLOW_CTX_EXECUTION_DATE='2024-06-23T00:00:00+00:00' AIRFLOW_CTX_TRY_NUMBER='1' AIRFLOW_CTX_DAG_RUN_ID='scheduled__2024-06-23T00:00:00+00:00'
[2025-12-17T01:53:17.277+0000] {logging_mixin.py:188} INFO - [LOAD]
[2025-12-17T01:53:17.305+0000] {logging_mixin.py:188} INFO -    user_id event_type            timestamp country
0        1      login  2025-01-01T09:00:00      IN
1        1      click  2025-01-01T09:05:00      IN
2        1     logout  2025-01-01T09:15:00      IN
3        3      login  2025-01-02T08:00:00      FR
4        3      click  2025-01-02T08:05:00      FR
[2025-12-17T01:53:17.306+0000] {logging_mixin.py:188} INFO - [LOAD] done
[2025-12-17T01:53:17.307+0000] {python.py:201} INFO - Done. Returned value was: None
[2025-12-17T01:53:17.327+0000] {taskinstance.py:1138} INFO - Marking task as SUCCESS. dag_id=etl_***, task_id=load, execution_date=20240623T000000, start_date=20251217T015316, end_date=20251217T015317
[2025-12-17T01:53:17.417+0000] {local_task_job_runner.py:234} INFO - Task exited with return code 0
[2025-12-17T01:53:17.460+0000] {taskinstance.py:3280} INFO - 0 downstream tasks scheduled from follow-on schedule check
