[2025-12-17T04:50:43.922+0000] {taskinstance.py:1956} INFO - Dependencies all met for dep_context=non-requeueable deps ti=<TaskInstance: etl_airflow.transform scheduled__2024-08-16T00:00:00+00:00 [queued]>
[2025-12-17T04:50:43.941+0000] {taskinstance.py:1956} INFO - Dependencies all met for dep_context=requeueable deps ti=<TaskInstance: etl_airflow.transform scheduled__2024-08-16T00:00:00+00:00 [queued]>
[2025-12-17T04:50:43.943+0000] {taskinstance.py:2170} INFO - Starting attempt 2 of 3
[2025-12-17T04:50:43.969+0000] {taskinstance.py:2191} INFO - Executing <Task(PythonOperator): transform> on 2024-08-16 00:00:00+00:00
[2025-12-17T04:50:43.980+0000] {standard_task_runner.py:60} INFO - Started process 3302 to run task
[2025-12-17T04:50:43.988+0000] {standard_task_runner.py:87} INFO - Running: ['***', 'tasks', 'run', 'etl_***', 'transform', 'scheduled__2024-08-16T00:00:00+00:00', '--job-id', '936', '--raw', '--subdir', 'DAGS_FOLDER/etl_***.py', '--cfg-path', '/tmp/tmpbrz1wqny']
[2025-12-17T04:50:43.993+0000] {standard_task_runner.py:88} INFO - Job 936: Subtask transform
[2025-12-17T04:50:44.187+0000] {task_command.py:423} INFO - Running <TaskInstance: etl_airflow.transform scheduled__2024-08-16T00:00:00+00:00 [running]> on host b3426f05ac70
[2025-12-17T04:50:44.675+0000] {taskinstance.py:2480} INFO - Exporting env vars: AIRFLOW_CTX_DAG_OWNER='***' AIRFLOW_CTX_DAG_ID='etl_***' AIRFLOW_CTX_TASK_ID='transform' AIRFLOW_CTX_EXECUTION_DATE='2024-08-16T00:00:00+00:00' AIRFLOW_CTX_TRY_NUMBER='2' AIRFLOW_CTX_DAG_RUN_ID='scheduled__2024-08-16T00:00:00+00:00'
[2025-12-17T04:50:44.681+0000] {taskinstance.py:2698} ERROR - Task failed with exception
Traceback (most recent call last):
  File "/home/airflow/.local/lib/python3.8/site-packages/airflow/models/taskinstance.py", line 433, in _execute_task
    result = execute_callable(context=context, **execute_callable_kwargs)
  File "/home/airflow/.local/lib/python3.8/site-packages/airflow/operators/python.py", line 199, in execute
    return_value = self.execute_callable()
  File "/home/airflow/.local/lib/python3.8/site-packages/airflow/operators/python.py", line 216, in execute_callable
    return self.python_callable(*self.op_args, **self.op_kwargs)
TypeError: transform_data() missing 1 required positional argument: 'df'
[2025-12-17T04:50:44.697+0000] {taskinstance.py:1138} INFO - Marking task as UP_FOR_RETRY. dag_id=etl_***, task_id=transform, execution_date=20240816T000000, start_date=20251217T045043, end_date=20251217T045044
[2025-12-17T04:50:44.728+0000] {standard_task_runner.py:107} ERROR - Failed to execute job 936 for task transform (transform_data() missing 1 required positional argument: 'df'; 3302)
[2025-12-17T04:50:44.769+0000] {local_task_job_runner.py:234} INFO - Task exited with return code 1
[2025-12-17T04:50:44.939+0000] {taskinstance.py:3280} INFO - 0 downstream tasks scheduled from follow-on schedule check
[2025-12-17T07:44:35.621+0000] {taskinstance.py:1956} INFO - Dependencies all met for dep_context=non-requeueable deps ti=<TaskInstance: etl_airflow.transform scheduled__2024-08-16T00:00:00+00:00 [queued]>
[2025-12-17T07:44:35.637+0000] {taskinstance.py:1956} INFO - Dependencies all met for dep_context=requeueable deps ti=<TaskInstance: etl_airflow.transform scheduled__2024-08-16T00:00:00+00:00 [queued]>
[2025-12-17T07:44:35.639+0000] {taskinstance.py:2170} INFO - Starting attempt 2 of 3
[2025-12-17T07:44:35.665+0000] {taskinstance.py:2191} INFO - Executing <Task(PythonOperator): transform> on 2024-08-16 00:00:00+00:00
[2025-12-17T07:44:35.678+0000] {standard_task_runner.py:60} INFO - Started process 3387 to run task
[2025-12-17T07:44:35.686+0000] {standard_task_runner.py:87} INFO - Running: ['***', 'tasks', 'run', 'etl_***', 'transform', 'scheduled__2024-08-16T00:00:00+00:00', '--job-id', '936', '--raw', '--subdir', 'DAGS_FOLDER/etl_***.py', '--cfg-path', '/tmp/tmp89tc_8n8']
[2025-12-17T07:44:35.691+0000] {standard_task_runner.py:88} INFO - Job 936: Subtask transform
[2025-12-17T07:44:35.854+0000] {task_command.py:423} INFO - Running <TaskInstance: etl_airflow.transform scheduled__2024-08-16T00:00:00+00:00 [running]> on host 2a0de06c8905
[2025-12-17T07:44:36.287+0000] {taskinstance.py:2480} INFO - Exporting env vars: AIRFLOW_CTX_DAG_OWNER='***' AIRFLOW_CTX_DAG_ID='etl_***' AIRFLOW_CTX_TASK_ID='transform' AIRFLOW_CTX_EXECUTION_DATE='2024-08-16T00:00:00+00:00' AIRFLOW_CTX_TRY_NUMBER='2' AIRFLOW_CTX_DAG_RUN_ID='scheduled__2024-08-16T00:00:00+00:00'
[2025-12-17T07:44:36.291+0000] {taskinstance.py:2698} ERROR - Task failed with exception
Traceback (most recent call last):
  File "/home/airflow/.local/lib/python3.8/site-packages/airflow/models/taskinstance.py", line 433, in _execute_task
    result = execute_callable(context=context, **execute_callable_kwargs)
  File "/home/airflow/.local/lib/python3.8/site-packages/airflow/operators/python.py", line 199, in execute
    return_value = self.execute_callable()
  File "/home/airflow/.local/lib/python3.8/site-packages/airflow/operators/python.py", line 216, in execute_callable
    return self.python_callable(*self.op_args, **self.op_kwargs)
TypeError: transform_data() missing 1 required positional argument: 'df'
[2025-12-17T07:44:36.307+0000] {taskinstance.py:1138} INFO - Marking task as UP_FOR_RETRY. dag_id=etl_***, task_id=transform, execution_date=20240816T000000, start_date=20251217T074435, end_date=20251217T074436
[2025-12-17T07:44:36.334+0000] {standard_task_runner.py:107} ERROR - Failed to execute job 936 for task transform (transform_data() missing 1 required positional argument: 'df'; 3387)
[2025-12-17T07:44:36.391+0000] {local_task_job_runner.py:234} INFO - Task exited with return code 1
[2025-12-17T07:44:36.435+0000] {taskinstance.py:3280} INFO - 0 downstream tasks scheduled from follow-on schedule check
