[2025-12-16T17:10:51.497+0000] {taskinstance.py:1956} INFO - Dependencies all met for dep_context=non-requeueable deps ti=<TaskInstance: etl_airflow.load scheduled__2024-03-23T00:00:00+00:00 [queued]>
[2025-12-16T17:10:51.573+0000] {taskinstance.py:1956} INFO - Dependencies all met for dep_context=requeueable deps ti=<TaskInstance: etl_airflow.load scheduled__2024-03-23T00:00:00+00:00 [queued]>
[2025-12-16T17:10:51.580+0000] {taskinstance.py:2170} INFO - Starting attempt 1 of 3
[2025-12-16T17:10:51.743+0000] {taskinstance.py:2191} INFO - Executing <Task(PythonOperator): load> on 2024-03-23 00:00:00+00:00
[2025-12-16T17:10:51.795+0000] {standard_task_runner.py:60} INFO - Started process 1101 to run task
[2025-12-16T17:10:51.842+0000] {standard_task_runner.py:87} INFO - Running: ['***', 'tasks', 'run', 'etl_***', 'load', 'scheduled__2024-03-23T00:00:00+00:00', '--job-id', '3853', '--raw', '--subdir', 'DAGS_FOLDER/etl_dag.py', '--cfg-path', '/tmp/tmpbympfinb']
[2025-12-16T17:10:51.883+0000] {standard_task_runner.py:88} INFO - Job 3853: Subtask load
[2025-12-16T17:10:52.335+0000] {task_command.py:423} INFO - Running <TaskInstance: etl_airflow.load scheduled__2024-03-23T00:00:00+00:00 [running]> on host 3b89cfee50e9
[2025-12-16T17:10:52.648+0000] {taskinstance.py:2480} INFO - Exporting env vars: AIRFLOW_CTX_DAG_OWNER='***' AIRFLOW_CTX_DAG_ID='etl_***' AIRFLOW_CTX_TASK_ID='load' AIRFLOW_CTX_EXECUTION_DATE='2024-03-23T00:00:00+00:00' AIRFLOW_CTX_TRY_NUMBER='1' AIRFLOW_CTX_DAG_RUN_ID='scheduled__2024-03-23T00:00:00+00:00'
[2025-12-16T17:10:52.658+0000] {logging_mixin.py:188} INFO - [LOAD]
[2025-12-16T17:10:53.039+0000] {logging_mixin.py:188} INFO -    user_id event_type            timestamp country
0        1      login  2025-01-01T09:00:00      IN
1        1      click  2025-01-01T09:05:00      IN
2        1     logout  2025-01-01T09:15:00      IN
3        3      login  2025-01-02T08:00:00      FR
4        3      click  2025-01-02T08:05:00      FR
[2025-12-16T17:10:53.041+0000] {logging_mixin.py:188} INFO - [LOAD] done
[2025-12-16T17:10:53.043+0000] {python.py:201} INFO - Done. Returned value was: None
[2025-12-16T17:10:53.065+0000] {taskinstance.py:1138} INFO - Marking task as SUCCESS. dag_id=etl_***, task_id=load, execution_date=20240323T000000, start_date=20251216T171051, end_date=20251216T171053
[2025-12-16T17:10:53.147+0000] {local_task_job_runner.py:234} INFO - Task exited with return code 0
[2025-12-16T17:10:53.215+0000] {taskinstance.py:3280} INFO - 0 downstream tasks scheduled from follow-on schedule check
[2025-12-17T01:51:34.147+0000] {taskinstance.py:1956} INFO - Dependencies all met for dep_context=non-requeueable deps ti=<TaskInstance: etl_airflow.load scheduled__2024-03-23T00:00:00+00:00 [queued]>
[2025-12-17T01:51:34.169+0000] {taskinstance.py:1956} INFO - Dependencies all met for dep_context=requeueable deps ti=<TaskInstance: etl_airflow.load scheduled__2024-03-23T00:00:00+00:00 [queued]>
[2025-12-17T01:51:34.171+0000] {taskinstance.py:2170} INFO - Starting attempt 1 of 3
[2025-12-17T01:51:34.202+0000] {taskinstance.py:2191} INFO - Executing <Task(PythonOperator): load> on 2024-03-23 00:00:00+00:00
[2025-12-17T01:51:34.214+0000] {standard_task_runner.py:60} INFO - Started process 1045 to run task
[2025-12-17T01:51:34.220+0000] {standard_task_runner.py:87} INFO - Running: ['***', 'tasks', 'run', 'etl_***', 'load', 'scheduled__2024-03-23T00:00:00+00:00', '--job-id', '262', '--raw', '--subdir', 'DAGS_FOLDER/etl_dag.py', '--cfg-path', '/tmp/tmp6jd87ufb']
[2025-12-17T01:51:34.226+0000] {standard_task_runner.py:88} INFO - Job 262: Subtask load
[2025-12-17T01:51:34.382+0000] {task_command.py:423} INFO - Running <TaskInstance: etl_airflow.load scheduled__2024-03-23T00:00:00+00:00 [running]> on host 571e042550da
[2025-12-17T01:51:34.846+0000] {taskinstance.py:2480} INFO - Exporting env vars: AIRFLOW_CTX_DAG_OWNER='***' AIRFLOW_CTX_DAG_ID='etl_***' AIRFLOW_CTX_TASK_ID='load' AIRFLOW_CTX_EXECUTION_DATE='2024-03-23T00:00:00+00:00' AIRFLOW_CTX_TRY_NUMBER='1' AIRFLOW_CTX_DAG_RUN_ID='scheduled__2024-03-23T00:00:00+00:00'
[2025-12-17T01:51:34.850+0000] {logging_mixin.py:188} INFO - [LOAD]
[2025-12-17T01:51:34.878+0000] {logging_mixin.py:188} INFO -    user_id event_type            timestamp country
0        1      login  2025-01-01T09:00:00      IN
1        1      click  2025-01-01T09:05:00      IN
2        1     logout  2025-01-01T09:15:00      IN
3        3      login  2025-01-02T08:00:00      FR
4        3      click  2025-01-02T08:05:00      FR
[2025-12-17T01:51:34.879+0000] {logging_mixin.py:188} INFO - [LOAD] done
[2025-12-17T01:51:34.881+0000] {python.py:201} INFO - Done. Returned value was: None
[2025-12-17T01:51:34.896+0000] {taskinstance.py:1138} INFO - Marking task as SUCCESS. dag_id=etl_***, task_id=load, execution_date=20240323T000000, start_date=20251217T015134, end_date=20251217T015134
[2025-12-17T01:51:34.958+0000] {local_task_job_runner.py:234} INFO - Task exited with return code 0
[2025-12-17T01:51:34.989+0000] {taskinstance.py:3280} INFO - 0 downstream tasks scheduled from follow-on schedule check
