[2025-12-16T16:28:47.519+0000] {taskinstance.py:1956} INFO - Dependencies all met for dep_context=non-requeueable deps ti=<TaskInstance: etl_airflow.extract scheduled__2024-01-02T00:00:00+00:00 [queued]>
[2025-12-16T16:28:47.537+0000] {taskinstance.py:1956} INFO - Dependencies all met for dep_context=requeueable deps ti=<TaskInstance: etl_airflow.extract scheduled__2024-01-02T00:00:00+00:00 [queued]>
[2025-12-16T16:28:47.538+0000] {taskinstance.py:2170} INFO - Starting attempt 1 of 3
[2025-12-16T16:28:47.570+0000] {taskinstance.py:2191} INFO - Executing <Task(PythonOperator): extract> on 2024-01-02 00:00:00+00:00
[2025-12-16T16:28:47.582+0000] {standard_task_runner.py:60} INFO - Started process 388 to run task
[2025-12-16T16:28:47.590+0000] {standard_task_runner.py:87} INFO - Running: ['***', 'tasks', 'run', 'etl_***', 'extract', 'scheduled__2024-01-02T00:00:00+00:00', '--job-id', '3', '--raw', '--subdir', 'DAGS_FOLDER/etl_dag.py', '--cfg-path', '/tmp/tmpk1hyd0v8']
[2025-12-16T16:28:47.595+0000] {standard_task_runner.py:88} INFO - Job 3: Subtask extract
[2025-12-16T16:28:47.972+0000] {task_command.py:423} INFO - Running <TaskInstance: etl_airflow.extract scheduled__2024-01-02T00:00:00+00:00 [running]> on host 528de643acfe
[2025-12-16T16:28:55.165+0000] {taskinstance.py:2480} INFO - Exporting env vars: AIRFLOW_CTX_DAG_OWNER='***' AIRFLOW_CTX_DAG_ID='etl_***' AIRFLOW_CTX_TASK_ID='extract' AIRFLOW_CTX_EXECUTION_DATE='2024-01-02T00:00:00+00:00' AIRFLOW_CTX_TRY_NUMBER='1' AIRFLOW_CTX_DAG_RUN_ID='scheduled__2024-01-02T00:00:00+00:00'
[2025-12-16T16:28:55.190+0000] {logging_mixin.py:188} INFO - Extracting data from /opt/***/data/input.csv
[2025-12-16T16:28:55.242+0000] {taskinstance.py:2698} ERROR - Task failed with exception
Traceback (most recent call last):
  File "/home/airflow/.local/lib/python3.8/site-packages/airflow/models/taskinstance.py", line 433, in _execute_task
    result = execute_callable(context=context, **execute_callable_kwargs)
  File "/home/airflow/.local/lib/python3.8/site-packages/airflow/operators/python.py", line 199, in execute
    return_value = self.execute_callable()
  File "/home/airflow/.local/lib/python3.8/site-packages/airflow/operators/python.py", line 216, in execute_callable
    return self.python_callable(*self.op_args, **self.op_kwargs)
  File "/opt/airflow/dags/etl_logic/pipeline.py", line 92, in extract_data
    return pd.read_csv(input_path)
  File "/home/airflow/.local/lib/python3.8/site-packages/pandas/io/parsers/readers.py", line 912, in read_csv
    return _read(filepath_or_buffer, kwds)
  File "/home/airflow/.local/lib/python3.8/site-packages/pandas/io/parsers/readers.py", line 577, in _read
    parser = TextFileReader(filepath_or_buffer, **kwds)
  File "/home/airflow/.local/lib/python3.8/site-packages/pandas/io/parsers/readers.py", line 1407, in __init__
    self._engine = self._make_engine(f, self.engine)
  File "/home/airflow/.local/lib/python3.8/site-packages/pandas/io/parsers/readers.py", line 1661, in _make_engine
    self.handles = get_handle(
  File "/home/airflow/.local/lib/python3.8/site-packages/pandas/io/common.py", line 859, in get_handle
    handle = open(
FileNotFoundError: [Errno 2] No such file or directory: '/opt/airflow/data/input.csv'
[2025-12-16T16:28:55.447+0000] {taskinstance.py:1138} INFO - Marking task as UP_FOR_RETRY. dag_id=etl_***, task_id=extract, execution_date=20240102T000000, start_date=20251216T162847, end_date=20251216T162855
[2025-12-16T16:28:55.924+0000] {standard_task_runner.py:107} ERROR - Failed to execute job 3 for task extract ([Errno 2] No such file or directory: '/opt/airflow/data/input.csv'; 388)
[2025-12-16T16:28:56.205+0000] {local_task_job_runner.py:234} INFO - Task exited with return code 1
[2025-12-16T16:28:56.419+0000] {taskinstance.py:3280} INFO - 0 downstream tasks scheduled from follow-on schedule check
[2025-12-17T01:50:03.651+0000] {taskinstance.py:1956} INFO - Dependencies all met for dep_context=non-requeueable deps ti=<TaskInstance: etl_airflow.extract scheduled__2024-01-02T00:00:00+00:00 [queued]>
[2025-12-17T01:50:03.670+0000] {taskinstance.py:1956} INFO - Dependencies all met for dep_context=requeueable deps ti=<TaskInstance: etl_airflow.extract scheduled__2024-01-02T00:00:00+00:00 [queued]>
[2025-12-17T01:50:03.672+0000] {taskinstance.py:2170} INFO - Starting attempt 1 of 3
[2025-12-17T01:50:03.699+0000] {taskinstance.py:2191} INFO - Executing <Task(PythonOperator): extract> on 2024-01-02 00:00:00+00:00
[2025-12-17T01:50:03.711+0000] {standard_task_runner.py:60} INFO - Started process 220 to run task
[2025-12-17T01:50:03.718+0000] {standard_task_runner.py:87} INFO - Running: ['***', 'tasks', 'run', 'etl_***', 'extract', 'scheduled__2024-01-02T00:00:00+00:00', '--job-id', '3', '--raw', '--subdir', 'DAGS_FOLDER/etl_dag.py', '--cfg-path', '/tmp/tmp94pyj9y5']
[2025-12-17T01:50:03.723+0000] {standard_task_runner.py:88} INFO - Job 3: Subtask extract
[2025-12-17T01:50:03.873+0000] {task_command.py:423} INFO - Running <TaskInstance: etl_airflow.extract scheduled__2024-01-02T00:00:00+00:00 [running]> on host 571e042550da
[2025-12-17T01:50:04.374+0000] {taskinstance.py:2480} INFO - Exporting env vars: AIRFLOW_CTX_DAG_OWNER='***' AIRFLOW_CTX_DAG_ID='etl_***' AIRFLOW_CTX_TASK_ID='extract' AIRFLOW_CTX_EXECUTION_DATE='2024-01-02T00:00:00+00:00' AIRFLOW_CTX_TRY_NUMBER='1' AIRFLOW_CTX_DAG_RUN_ID='scheduled__2024-01-02T00:00:00+00:00'
[2025-12-17T01:50:04.377+0000] {logging_mixin.py:188} INFO - [EXTRACT] Reading /opt/***/data/synthetic_events.csv
[2025-12-17T01:50:04.474+0000] {logging_mixin.py:188} INFO - [EXTRACT] done
[2025-12-17T01:50:04.475+0000] {python.py:201} INFO - Done. Returned value was: None
[2025-12-17T01:50:04.498+0000] {taskinstance.py:1138} INFO - Marking task as SUCCESS. dag_id=etl_***, task_id=extract, execution_date=20240102T000000, start_date=20251217T015003, end_date=20251217T015004
[2025-12-17T01:50:04.740+0000] {local_task_job_runner.py:234} INFO - Task exited with return code 0
[2025-12-17T01:50:04.817+0000] {taskinstance.py:3280} INFO - 1 downstream tasks scheduled from follow-on schedule check
[2025-12-17T03:58:31.768+0000] {taskinstance.py:1956} INFO - Dependencies all met for dep_context=non-requeueable deps ti=<TaskInstance: etl_airflow.extract scheduled__2024-01-02T00:00:00+00:00 [queued]>
[2025-12-17T03:58:31.786+0000] {taskinstance.py:1956} INFO - Dependencies all met for dep_context=requeueable deps ti=<TaskInstance: etl_airflow.extract scheduled__2024-01-02T00:00:00+00:00 [queued]>
[2025-12-17T03:58:31.790+0000] {taskinstance.py:2170} INFO - Starting attempt 1 of 3
[2025-12-17T03:58:31.821+0000] {taskinstance.py:2191} INFO - Executing <Task(PythonOperator): extract> on 2024-01-02 00:00:00+00:00
[2025-12-17T03:58:31.829+0000] {standard_task_runner.py:60} INFO - Started process 224 to run task
[2025-12-17T03:58:31.837+0000] {standard_task_runner.py:87} INFO - Running: ['***', 'tasks', 'run', 'etl_***', 'extract', 'scheduled__2024-01-02T00:00:00+00:00', '--job-id', '3', '--raw', '--subdir', 'DAGS_FOLDER/etl_dag.py', '--cfg-path', '/tmp/tmp8id5f44k']
[2025-12-17T03:58:31.842+0000] {standard_task_runner.py:88} INFO - Job 3: Subtask extract
[2025-12-17T03:58:31.981+0000] {task_command.py:423} INFO - Running <TaskInstance: etl_airflow.extract scheduled__2024-01-02T00:00:00+00:00 [running]> on host 29a134c3fa9b
[2025-12-17T03:58:32.513+0000] {taskinstance.py:2480} INFO - Exporting env vars: AIRFLOW_CTX_DAG_OWNER='***' AIRFLOW_CTX_DAG_ID='etl_***' AIRFLOW_CTX_TASK_ID='extract' AIRFLOW_CTX_EXECUTION_DATE='2024-01-02T00:00:00+00:00' AIRFLOW_CTX_TRY_NUMBER='1' AIRFLOW_CTX_DAG_RUN_ID='scheduled__2024-01-02T00:00:00+00:00'
[2025-12-17T03:58:32.522+0000] {taskinstance.py:2698} ERROR - Task failed with exception
Traceback (most recent call last):
  File "/home/airflow/.local/lib/python3.8/site-packages/airflow/models/taskinstance.py", line 433, in _execute_task
    result = execute_callable(context=context, **execute_callable_kwargs)
  File "/home/airflow/.local/lib/python3.8/site-packages/airflow/operators/python.py", line 199, in execute
    return_value = self.execute_callable()
  File "/home/airflow/.local/lib/python3.8/site-packages/airflow/operators/python.py", line 216, in execute_callable
    return self.python_callable(*self.op_args, **self.op_kwargs)
TypeError: extract_data() missing 1 required positional argument: 'tmp_path'
[2025-12-17T03:58:32.583+0000] {taskinstance.py:1138} INFO - Marking task as UP_FOR_RETRY. dag_id=etl_***, task_id=extract, execution_date=20240102T000000, start_date=20251217T035831, end_date=20251217T035832
[2025-12-17T03:58:32.613+0000] {standard_task_runner.py:107} ERROR - Failed to execute job 3 for task extract (extract_data() missing 1 required positional argument: 'tmp_path'; 224)
[2025-12-17T03:58:32.660+0000] {local_task_job_runner.py:234} INFO - Task exited with return code 1
[2025-12-17T03:58:32.902+0000] {taskinstance.py:3280} INFO - 0 downstream tasks scheduled from follow-on schedule check
[2025-12-17T04:18:26.241+0000] {taskinstance.py:1956} INFO - Dependencies all met for dep_context=non-requeueable deps ti=<TaskInstance: etl_airflow.extract scheduled__2024-01-02T00:00:00+00:00 [queued]>
[2025-12-17T04:18:26.264+0000] {taskinstance.py:1956} INFO - Dependencies all met for dep_context=requeueable deps ti=<TaskInstance: etl_airflow.extract scheduled__2024-01-02T00:00:00+00:00 [queued]>
[2025-12-17T04:18:26.266+0000] {taskinstance.py:2170} INFO - Starting attempt 1 of 3
[2025-12-17T04:18:26.428+0000] {taskinstance.py:2191} INFO - Executing <Task(PythonOperator): extract> on 2024-01-02 00:00:00+00:00
[2025-12-17T04:18:26.438+0000] {standard_task_runner.py:60} INFO - Started process 226 to run task
[2025-12-17T04:18:26.445+0000] {standard_task_runner.py:87} INFO - Running: ['***', 'tasks', 'run', 'etl_***', 'extract', 'scheduled__2024-01-02T00:00:00+00:00', '--job-id', '3', '--raw', '--subdir', 'DAGS_FOLDER/etl_***.py', '--cfg-path', '/tmp/tmpclonslxd']
[2025-12-17T04:18:26.452+0000] {standard_task_runner.py:88} INFO - Job 3: Subtask extract
[2025-12-17T04:18:26.602+0000] {task_command.py:423} INFO - Running <TaskInstance: etl_airflow.extract scheduled__2024-01-02T00:00:00+00:00 [running]> on host c5811fe183ca
[2025-12-17T04:18:27.105+0000] {taskinstance.py:2480} INFO - Exporting env vars: AIRFLOW_CTX_DAG_OWNER='***' AIRFLOW_CTX_DAG_ID='etl_***' AIRFLOW_CTX_TASK_ID='extract' AIRFLOW_CTX_EXECUTION_DATE='2024-01-02T00:00:00+00:00' AIRFLOW_CTX_TRY_NUMBER='1' AIRFLOW_CTX_DAG_RUN_ID='scheduled__2024-01-02T00:00:00+00:00'
[2025-12-17T04:18:27.189+0000] {python.py:201} INFO - Done. Returned value was:    user_id event_type           timestamp country
0        1      login 2025-01-01 09:00:00      IN
1        1      click 2025-01-01 09:05:00      IN
2        1     logout 2025-01-01 09:15:00      IN
3        2      login 2025-01-01 10:00:00      US
4        2      click 2025-01-01 10:10:00      US
5        2     logout 2025-01-01 10:20:00      US
6        3      login 2025-01-02 08:00:00      FR
7        3      click 2025-01-02 08:05:00      FR
8        3     logout 2025-01-02 08:30:00      FR
[2025-12-17T04:18:27.439+0000] {taskinstance.py:1138} INFO - Marking task as SUCCESS. dag_id=etl_***, task_id=extract, execution_date=20240102T000000, start_date=20251217T041826, end_date=20251217T041827
[2025-12-17T04:18:27.582+0000] {local_task_job_runner.py:234} INFO - Task exited with return code 0
[2025-12-17T04:18:27.649+0000] {taskinstance.py:3280} INFO - 1 downstream tasks scheduled from follow-on schedule check
[2025-12-17T04:42:19.276+0000] {taskinstance.py:1956} INFO - Dependencies all met for dep_context=non-requeueable deps ti=<TaskInstance: etl_airflow.extract scheduled__2024-01-02T00:00:00+00:00 [queued]>
[2025-12-17T04:42:19.294+0000] {taskinstance.py:1956} INFO - Dependencies all met for dep_context=requeueable deps ti=<TaskInstance: etl_airflow.extract scheduled__2024-01-02T00:00:00+00:00 [queued]>
[2025-12-17T04:42:19.295+0000] {taskinstance.py:2170} INFO - Starting attempt 1 of 3
[2025-12-17T04:42:19.323+0000] {taskinstance.py:2191} INFO - Executing <Task(PythonOperator): extract> on 2024-01-02 00:00:00+00:00
[2025-12-17T04:42:19.332+0000] {standard_task_runner.py:60} INFO - Started process 242 to run task
[2025-12-17T04:42:19.341+0000] {standard_task_runner.py:87} INFO - Running: ['***', 'tasks', 'run', 'etl_***', 'extract', 'scheduled__2024-01-02T00:00:00+00:00', '--job-id', '3', '--raw', '--subdir', 'DAGS_FOLDER/etl_***.py', '--cfg-path', '/tmp/tmp4r379vxb']
[2025-12-17T04:42:19.345+0000] {standard_task_runner.py:88} INFO - Job 3: Subtask extract
[2025-12-17T04:42:19.488+0000] {task_command.py:423} INFO - Running <TaskInstance: etl_airflow.extract scheduled__2024-01-02T00:00:00+00:00 [running]> on host b3426f05ac70
[2025-12-17T04:42:20.297+0000] {taskinstance.py:2480} INFO - Exporting env vars: AIRFLOW_CTX_DAG_OWNER='***' AIRFLOW_CTX_DAG_ID='etl_***' AIRFLOW_CTX_TASK_ID='extract' AIRFLOW_CTX_EXECUTION_DATE='2024-01-02T00:00:00+00:00' AIRFLOW_CTX_TRY_NUMBER='1' AIRFLOW_CTX_DAG_RUN_ID='scheduled__2024-01-02T00:00:00+00:00'
[2025-12-17T04:42:20.389+0000] {python.py:201} INFO - Done. Returned value was:    user_id event_type           timestamp country
0        1      login 2025-01-01 09:00:00      IN
1        1      click 2025-01-01 09:05:00      IN
2        1     logout 2025-01-01 09:15:00      IN
3        2      login 2025-01-01 10:00:00      US
4        2      click 2025-01-01 10:10:00      US
5        2     logout 2025-01-01 10:20:00      US
6        3      login 2025-01-02 08:00:00      FR
7        3      click 2025-01-02 08:05:00      FR
8        3     logout 2025-01-02 08:30:00      FR
[2025-12-17T04:42:20.782+0000] {taskinstance.py:1138} INFO - Marking task as SUCCESS. dag_id=etl_***, task_id=extract, execution_date=20240102T000000, start_date=20251217T044219, end_date=20251217T044220
[2025-12-17T04:42:20.911+0000] {local_task_job_runner.py:234} INFO - Task exited with return code 0
[2025-12-17T04:42:21.168+0000] {taskinstance.py:3280} INFO - 0 downstream tasks scheduled from follow-on schedule check
[2025-12-17T07:35:06.716+0000] {taskinstance.py:1956} INFO - Dependencies all met for dep_context=non-requeueable deps ti=<TaskInstance: etl_airflow.extract scheduled__2024-01-02T00:00:00+00:00 [queued]>
[2025-12-17T07:35:06.745+0000] {taskinstance.py:1956} INFO - Dependencies all met for dep_context=requeueable deps ti=<TaskInstance: etl_airflow.extract scheduled__2024-01-02T00:00:00+00:00 [queued]>
[2025-12-17T07:35:06.749+0000] {taskinstance.py:2170} INFO - Starting attempt 1 of 3
[2025-12-17T07:35:06.876+0000] {taskinstance.py:2191} INFO - Executing <Task(PythonOperator): extract> on 2024-01-02 00:00:00+00:00
[2025-12-17T07:35:06.896+0000] {standard_task_runner.py:60} INFO - Started process 290 to run task
[2025-12-17T07:35:06.902+0000] {standard_task_runner.py:87} INFO - Running: ['***', 'tasks', 'run', 'etl_***', 'extract', 'scheduled__2024-01-02T00:00:00+00:00', '--job-id', '3', '--raw', '--subdir', 'DAGS_FOLDER/etl_***.py', '--cfg-path', '/tmp/tmp5284se4l']
[2025-12-17T07:35:06.933+0000] {standard_task_runner.py:88} INFO - Job 3: Subtask extract
[2025-12-17T07:35:07.371+0000] {task_command.py:423} INFO - Running <TaskInstance: etl_airflow.extract scheduled__2024-01-02T00:00:00+00:00 [running]> on host 2a0de06c8905
[2025-12-17T07:35:14.215+0000] {taskinstance.py:2480} INFO - Exporting env vars: AIRFLOW_CTX_DAG_OWNER='***' AIRFLOW_CTX_DAG_ID='etl_***' AIRFLOW_CTX_TASK_ID='extract' AIRFLOW_CTX_EXECUTION_DATE='2024-01-02T00:00:00+00:00' AIRFLOW_CTX_TRY_NUMBER='1' AIRFLOW_CTX_DAG_RUN_ID='scheduled__2024-01-02T00:00:00+00:00'
[2025-12-17T07:35:14.462+0000] {python.py:201} INFO - Done. Returned value was:    user_id event_type           timestamp country
0        1      login 2025-01-01 09:00:00      IN
1        1      click 2025-01-01 09:05:00      IN
2        1     logout 2025-01-01 09:15:00      IN
3        2      login 2025-01-01 10:00:00      US
4        2      click 2025-01-01 10:10:00      US
5        2     logout 2025-01-01 10:20:00      US
6        3      login 2025-01-02 08:00:00      FR
7        3      click 2025-01-02 08:05:00      FR
8        3     logout 2025-01-02 08:30:00      FR
[2025-12-17T07:35:15.776+0000] {taskinstance.py:1138} INFO - Marking task as SUCCESS. dag_id=etl_***, task_id=extract, execution_date=20240102T000000, start_date=20251217T073506, end_date=20251217T073515
[2025-12-17T07:35:16.162+0000] {local_task_job_runner.py:234} INFO - Task exited with return code 0
[2025-12-17T07:35:16.650+0000] {taskinstance.py:3280} INFO - 1 downstream tasks scheduled from follow-on schedule check
