[2025-12-16T16:40:01.769+0000] {taskinstance.py:1956} INFO - Dependencies all met for dep_context=non-requeueable deps ti=<TaskInstance: etl_airflow.extract scheduled__2024-10-13T00:00:00+00:00 [queued]>
[2025-12-16T16:40:01.790+0000] {taskinstance.py:1956} INFO - Dependencies all met for dep_context=requeueable deps ti=<TaskInstance: etl_airflow.extract scheduled__2024-10-13T00:00:00+00:00 [queued]>
[2025-12-16T16:40:01.791+0000] {taskinstance.py:2170} INFO - Starting attempt 1 of 3
[2025-12-16T16:40:01.818+0000] {taskinstance.py:2191} INFO - Executing <Task(PythonOperator): extract> on 2024-10-13 00:00:00+00:00
[2025-12-16T16:40:01.829+0000] {standard_task_runner.py:60} INFO - Started process 1740 to run task
[2025-12-16T16:40:01.838+0000] {standard_task_runner.py:87} INFO - Running: ['***', 'tasks', 'run', 'etl_***', 'extract', 'scheduled__2024-10-13T00:00:00+00:00', '--job-id', '857', '--raw', '--subdir', 'DAGS_FOLDER/etl_dag.py', '--cfg-path', '/tmp/tmpe0g5hun4']
[2025-12-16T16:40:01.843+0000] {standard_task_runner.py:88} INFO - Job 857: Subtask extract
[2025-12-16T16:40:01.978+0000] {task_command.py:423} INFO - Running <TaskInstance: etl_airflow.extract scheduled__2024-10-13T00:00:00+00:00 [running]> on host 02b83863a69a
[2025-12-16T16:40:02.127+0000] {taskinstance.py:2480} INFO - Exporting env vars: AIRFLOW_CTX_DAG_OWNER='***' AIRFLOW_CTX_DAG_ID='etl_***' AIRFLOW_CTX_TASK_ID='extract' AIRFLOW_CTX_EXECUTION_DATE='2024-10-13T00:00:00+00:00' AIRFLOW_CTX_TRY_NUMBER='1' AIRFLOW_CTX_DAG_RUN_ID='scheduled__2024-10-13T00:00:00+00:00'
[2025-12-16T16:40:02.131+0000] {logging_mixin.py:188} INFO - Extracting data from /opt/***/data/input.csv
[2025-12-16T16:40:02.138+0000] {taskinstance.py:2698} ERROR - Task failed with exception
Traceback (most recent call last):
  File "/home/airflow/.local/lib/python3.8/site-packages/airflow/models/taskinstance.py", line 433, in _execute_task
    result = execute_callable(context=context, **execute_callable_kwargs)
  File "/home/airflow/.local/lib/python3.8/site-packages/airflow/operators/python.py", line 199, in execute
    return_value = self.execute_callable()
  File "/home/airflow/.local/lib/python3.8/site-packages/airflow/operators/python.py", line 216, in execute_callable
    return self.python_callable(*self.op_args, **self.op_kwargs)
  File "/opt/airflow/etl_logic/pipeline.py", line 97, in extract_data
    df = pd.read_csv(input_path)
  File "/home/airflow/.local/lib/python3.8/site-packages/pandas/io/parsers/readers.py", line 912, in read_csv
    return _read(filepath_or_buffer, kwds)
  File "/home/airflow/.local/lib/python3.8/site-packages/pandas/io/parsers/readers.py", line 577, in _read
    parser = TextFileReader(filepath_or_buffer, **kwds)
  File "/home/airflow/.local/lib/python3.8/site-packages/pandas/io/parsers/readers.py", line 1407, in __init__
    self._engine = self._make_engine(f, self.engine)
  File "/home/airflow/.local/lib/python3.8/site-packages/pandas/io/parsers/readers.py", line 1661, in _make_engine
    self.handles = get_handle(
  File "/home/airflow/.local/lib/python3.8/site-packages/pandas/io/common.py", line 859, in get_handle
    handle = open(
FileNotFoundError: [Errno 2] No such file or directory: '/opt/airflow/data/input.csv'
[2025-12-16T16:40:02.168+0000] {taskinstance.py:1138} INFO - Marking task as UP_FOR_RETRY. dag_id=etl_***, task_id=extract, execution_date=20241013T000000, start_date=20251216T164001, end_date=20251216T164002
[2025-12-16T16:40:02.195+0000] {standard_task_runner.py:107} ERROR - Failed to execute job 857 for task extract ([Errno 2] No such file or directory: '/opt/airflow/data/input.csv'; 1740)
[2025-12-16T16:40:02.213+0000] {local_task_job_runner.py:234} INFO - Task exited with return code 1
[2025-12-16T16:40:02.351+0000] {taskinstance.py:3280} INFO - 0 downstream tasks scheduled from follow-on schedule check
[2025-12-17T01:55:08.771+0000] {taskinstance.py:1956} INFO - Dependencies all met for dep_context=non-requeueable deps ti=<TaskInstance: etl_airflow.extract scheduled__2024-10-13T00:00:00+00:00 [queued]>
[2025-12-17T01:55:08.797+0000] {taskinstance.py:1956} INFO - Dependencies all met for dep_context=requeueable deps ti=<TaskInstance: etl_airflow.extract scheduled__2024-10-13T00:00:00+00:00 [queued]>
[2025-12-17T01:55:08.802+0000] {taskinstance.py:2170} INFO - Starting attempt 1 of 3
[2025-12-17T01:55:09.106+0000] {taskinstance.py:2191} INFO - Executing <Task(PythonOperator): extract> on 2024-10-13 00:00:00+00:00
[2025-12-17T01:55:09.132+0000] {standard_task_runner.py:60} INFO - Started process 2948 to run task
[2025-12-17T01:55:09.140+0000] {standard_task_runner.py:87} INFO - Running: ['***', 'tasks', 'run', 'etl_***', 'extract', 'scheduled__2024-10-13T00:00:00+00:00', '--job-id', '859', '--raw', '--subdir', 'DAGS_FOLDER/etl_dag.py', '--cfg-path', '/tmp/tmp7v4oq148']
[2025-12-17T01:55:09.146+0000] {standard_task_runner.py:88} INFO - Job 859: Subtask extract
[2025-12-17T01:55:09.349+0000] {task_command.py:423} INFO - Running <TaskInstance: etl_airflow.extract scheduled__2024-10-13T00:00:00+00:00 [running]> on host 571e042550da
[2025-12-17T01:55:10.101+0000] {taskinstance.py:2480} INFO - Exporting env vars: AIRFLOW_CTX_DAG_OWNER='***' AIRFLOW_CTX_DAG_ID='etl_***' AIRFLOW_CTX_TASK_ID='extract' AIRFLOW_CTX_EXECUTION_DATE='2024-10-13T00:00:00+00:00' AIRFLOW_CTX_TRY_NUMBER='1' AIRFLOW_CTX_DAG_RUN_ID='scheduled__2024-10-13T00:00:00+00:00'
[2025-12-17T01:55:10.108+0000] {logging_mixin.py:188} INFO - [EXTRACT] Reading /opt/***/data/synthetic_events.csv
[2025-12-17T01:55:10.197+0000] {logging_mixin.py:188} INFO - [EXTRACT] done
[2025-12-17T01:55:10.198+0000] {python.py:201} INFO - Done. Returned value was: None
[2025-12-17T01:55:10.256+0000] {taskinstance.py:1138} INFO - Marking task as SUCCESS. dag_id=etl_***, task_id=extract, execution_date=20241013T000000, start_date=20251217T015508, end_date=20251217T015510
[2025-12-17T01:55:10.351+0000] {local_task_job_runner.py:234} INFO - Task exited with return code 0
[2025-12-17T01:55:10.486+0000] {taskinstance.py:3280} INFO - 1 downstream tasks scheduled from follow-on schedule check
[2025-12-17T04:52:17.400+0000] {taskinstance.py:1956} INFO - Dependencies all met for dep_context=non-requeueable deps ti=<TaskInstance: etl_airflow.extract scheduled__2024-10-13T00:00:00+00:00 [queued]>
[2025-12-17T04:52:17.421+0000] {taskinstance.py:1956} INFO - Dependencies all met for dep_context=requeueable deps ti=<TaskInstance: etl_airflow.extract scheduled__2024-10-13T00:00:00+00:00 [queued]>
[2025-12-17T04:52:17.422+0000] {taskinstance.py:2170} INFO - Starting attempt 1 of 3
[2025-12-17T04:52:17.451+0000] {taskinstance.py:2191} INFO - Executing <Task(PythonOperator): extract> on 2024-10-13 00:00:00+00:00
[2025-12-17T04:52:17.467+0000] {standard_task_runner.py:60} INFO - Started process 3890 to run task
[2025-12-17T04:52:17.478+0000] {standard_task_runner.py:87} INFO - Running: ['***', 'tasks', 'run', 'etl_***', 'extract', 'scheduled__2024-10-13T00:00:00+00:00', '--job-id', '1112', '--raw', '--subdir', 'DAGS_FOLDER/etl_***.py', '--cfg-path', '/tmp/tmpnajti3a8']
[2025-12-17T04:52:17.484+0000] {standard_task_runner.py:88} INFO - Job 1112: Subtask extract
[2025-12-17T04:52:17.628+0000] {task_command.py:423} INFO - Running <TaskInstance: etl_airflow.extract scheduled__2024-10-13T00:00:00+00:00 [running]> on host b3426f05ac70
[2025-12-17T04:52:18.026+0000] {taskinstance.py:2480} INFO - Exporting env vars: AIRFLOW_CTX_DAG_OWNER='***' AIRFLOW_CTX_DAG_ID='etl_***' AIRFLOW_CTX_TASK_ID='extract' AIRFLOW_CTX_EXECUTION_DATE='2024-10-13T00:00:00+00:00' AIRFLOW_CTX_TRY_NUMBER='1' AIRFLOW_CTX_DAG_RUN_ID='scheduled__2024-10-13T00:00:00+00:00'
[2025-12-17T04:52:18.045+0000] {python.py:201} INFO - Done. Returned value was:    user_id event_type           timestamp country
0        1      login 2025-01-01 09:00:00      IN
1        1      click 2025-01-01 09:05:00      IN
2        1     logout 2025-01-01 09:15:00      IN
3        2      login 2025-01-01 10:00:00      US
4        2      click 2025-01-01 10:10:00      US
5        2     logout 2025-01-01 10:20:00      US
6        3      login 2025-01-02 08:00:00      FR
7        3      click 2025-01-02 08:05:00      FR
8        3     logout 2025-01-02 08:30:00      FR
[2025-12-17T04:52:18.114+0000] {taskinstance.py:1138} INFO - Marking task as SUCCESS. dag_id=etl_***, task_id=extract, execution_date=20241013T000000, start_date=20251217T045217, end_date=20251217T045218
[2025-12-17T04:52:18.302+0000] {local_task_job_runner.py:234} INFO - Task exited with return code 0
[2025-12-17T04:52:18.348+0000] {taskinstance.py:3280} INFO - 1 downstream tasks scheduled from follow-on schedule check
[2025-12-17T07:57:52.591+0000] {taskinstance.py:1956} INFO - Dependencies all met for dep_context=non-requeueable deps ti=<TaskInstance: etl_airflow.extract scheduled__2024-10-13T00:00:00+00:00 [queued]>
[2025-12-17T07:57:52.611+0000] {taskinstance.py:1956} INFO - Dependencies all met for dep_context=requeueable deps ti=<TaskInstance: etl_airflow.extract scheduled__2024-10-13T00:00:00+00:00 [queued]>
[2025-12-17T07:57:52.612+0000] {taskinstance.py:2170} INFO - Starting attempt 1 of 3
[2025-12-17T07:57:52.636+0000] {taskinstance.py:2191} INFO - Executing <Task(PythonOperator): extract> on 2024-10-13 00:00:00+00:00
[2025-12-17T07:57:52.650+0000] {standard_task_runner.py:60} INFO - Started process 4126 to run task
[2025-12-17T07:57:52.658+0000] {standard_task_runner.py:87} INFO - Running: ['***', 'tasks', 'run', 'etl_***', 'extract', 'scheduled__2024-10-13T00:00:00+00:00', '--job-id', '1155', '--raw', '--subdir', 'DAGS_FOLDER/etl_***.py', '--cfg-path', '/tmp/tmphfvaa8xu']
[2025-12-17T07:57:52.664+0000] {standard_task_runner.py:88} INFO - Job 1155: Subtask extract
[2025-12-17T07:57:52.863+0000] {task_command.py:423} INFO - Running <TaskInstance: etl_airflow.extract scheduled__2024-10-13T00:00:00+00:00 [running]> on host 2a0de06c8905
[2025-12-17T07:57:53.374+0000] {taskinstance.py:2480} INFO - Exporting env vars: AIRFLOW_CTX_DAG_OWNER='***' AIRFLOW_CTX_DAG_ID='etl_***' AIRFLOW_CTX_TASK_ID='extract' AIRFLOW_CTX_EXECUTION_DATE='2024-10-13T00:00:00+00:00' AIRFLOW_CTX_TRY_NUMBER='1' AIRFLOW_CTX_DAG_RUN_ID='scheduled__2024-10-13T00:00:00+00:00'
[2025-12-17T07:57:53.396+0000] {python.py:201} INFO - Done. Returned value was:    user_id event_type           timestamp country
0        1      login 2025-01-01 09:00:00      IN
1        1      click 2025-01-01 09:05:00      IN
2        1     logout 2025-01-01 09:15:00      IN
3        2      login 2025-01-01 10:00:00      US
4        2      click 2025-01-01 10:10:00      US
5        2     logout 2025-01-01 10:20:00      US
6        3      login 2025-01-02 08:00:00      FR
7        3      click 2025-01-02 08:05:00      FR
8        3     logout 2025-01-02 08:30:00      FR
[2025-12-17T07:57:53.463+0000] {taskinstance.py:1138} INFO - Marking task as SUCCESS. dag_id=etl_***, task_id=extract, execution_date=20241013T000000, start_date=20251217T075752, end_date=20251217T075753
[2025-12-17T07:57:53.517+0000] {local_task_job_runner.py:234} INFO - Task exited with return code 0
[2025-12-17T07:57:53.633+0000] {taskinstance.py:3280} INFO - 0 downstream tasks scheduled from follow-on schedule check
