[2025-12-16T16:42:10.382+0000] {taskinstance.py:1956} INFO - Dependencies all met for dep_context=non-requeueable deps ti=<TaskInstance: etl_airflow.extract scheduled__2024-11-18T00:00:00+00:00 [queued]>
[2025-12-16T16:42:10.415+0000] {taskinstance.py:1956} INFO - Dependencies all met for dep_context=requeueable deps ti=<TaskInstance: etl_airflow.extract scheduled__2024-11-18T00:00:00+00:00 [queued]>
[2025-12-16T16:42:10.418+0000] {taskinstance.py:2170} INFO - Starting attempt 1 of 3
[2025-12-16T16:42:10.603+0000] {taskinstance.py:2191} INFO - Executing <Task(PythonOperator): extract> on 2024-11-18 00:00:00+00:00
[2025-12-16T16:42:10.619+0000] {standard_task_runner.py:60} INFO - Started process 484 to run task
[2025-12-16T16:42:10.630+0000] {standard_task_runner.py:87} INFO - Running: ['***', 'tasks', 'run', 'etl_***', 'extract', 'scheduled__2024-11-18T00:00:00+00:00', '--job-id', '967', '--raw', '--subdir', 'DAGS_FOLDER/etl_dag.py', '--cfg-path', '/tmp/tmp5skkzgs1']
[2025-12-16T16:42:10.637+0000] {standard_task_runner.py:88} INFO - Job 967: Subtask extract
[2025-12-16T16:42:10.843+0000] {task_command.py:423} INFO - Running <TaskInstance: etl_airflow.extract scheduled__2024-11-18T00:00:00+00:00 [running]> on host db658e834d9d
[2025-12-16T16:42:11.038+0000] {taskinstance.py:2480} INFO - Exporting env vars: AIRFLOW_CTX_DAG_OWNER='***' AIRFLOW_CTX_DAG_ID='etl_***' AIRFLOW_CTX_TASK_ID='extract' AIRFLOW_CTX_EXECUTION_DATE='2024-11-18T00:00:00+00:00' AIRFLOW_CTX_TRY_NUMBER='1' AIRFLOW_CTX_DAG_RUN_ID='scheduled__2024-11-18T00:00:00+00:00'
[2025-12-16T16:42:11.042+0000] {logging_mixin.py:188} INFO - Extracting data from /opt/***/data/input.csv
[2025-12-16T16:42:11.050+0000] {taskinstance.py:2698} ERROR - Task failed with exception
Traceback (most recent call last):
  File "/home/airflow/.local/lib/python3.8/site-packages/airflow/models/taskinstance.py", line 433, in _execute_task
    result = execute_callable(context=context, **execute_callable_kwargs)
  File "/home/airflow/.local/lib/python3.8/site-packages/airflow/operators/python.py", line 199, in execute
    return_value = self.execute_callable()
  File "/home/airflow/.local/lib/python3.8/site-packages/airflow/operators/python.py", line 216, in execute_callable
    return self.python_callable(*self.op_args, **self.op_kwargs)
  File "/opt/airflow/etl_logic/pipeline.py", line 97, in extract_data
    df = pd.read_csv(input_path)
  File "/home/airflow/.local/lib/python3.8/site-packages/pandas/io/parsers/readers.py", line 912, in read_csv
    return _read(filepath_or_buffer, kwds)
  File "/home/airflow/.local/lib/python3.8/site-packages/pandas/io/parsers/readers.py", line 577, in _read
    parser = TextFileReader(filepath_or_buffer, **kwds)
  File "/home/airflow/.local/lib/python3.8/site-packages/pandas/io/parsers/readers.py", line 1407, in __init__
    self._engine = self._make_engine(f, self.engine)
  File "/home/airflow/.local/lib/python3.8/site-packages/pandas/io/parsers/readers.py", line 1661, in _make_engine
    self.handles = get_handle(
  File "/home/airflow/.local/lib/python3.8/site-packages/pandas/io/common.py", line 859, in get_handle
    handle = open(
FileNotFoundError: [Errno 2] No such file or directory: '/opt/airflow/data/input.csv'
[2025-12-16T16:42:11.090+0000] {taskinstance.py:1138} INFO - Marking task as UP_FOR_RETRY. dag_id=etl_***, task_id=extract, execution_date=20241118T000000, start_date=20251216T164210, end_date=20251216T164211
[2025-12-16T16:42:11.129+0000] {standard_task_runner.py:107} ERROR - Failed to execute job 967 for task extract ([Errno 2] No such file or directory: '/opt/airflow/data/input.csv'; 484)
[2025-12-16T16:42:11.166+0000] {local_task_job_runner.py:234} INFO - Task exited with return code 1
[2025-12-16T16:42:11.413+0000] {taskinstance.py:3280} INFO - 0 downstream tasks scheduled from follow-on schedule check
[2025-12-17T01:55:43.853+0000] {taskinstance.py:1956} INFO - Dependencies all met for dep_context=non-requeueable deps ti=<TaskInstance: etl_airflow.extract scheduled__2024-11-18T00:00:00+00:00 [queued]>
[2025-12-17T01:55:43.915+0000] {taskinstance.py:1956} INFO - Dependencies all met for dep_context=requeueable deps ti=<TaskInstance: etl_airflow.extract scheduled__2024-11-18T00:00:00+00:00 [queued]>
[2025-12-17T01:55:43.917+0000] {taskinstance.py:2170} INFO - Starting attempt 1 of 3
[2025-12-17T01:55:44.356+0000] {taskinstance.py:2191} INFO - Executing <Task(PythonOperator): extract> on 2024-11-18 00:00:00+00:00
[2025-12-17T01:55:44.381+0000] {standard_task_runner.py:60} INFO - Started process 3281 to run task
[2025-12-17T01:55:44.399+0000] {standard_task_runner.py:87} INFO - Running: ['***', 'tasks', 'run', 'etl_***', 'extract', 'scheduled__2024-11-18T00:00:00+00:00', '--job-id', '964', '--raw', '--subdir', 'DAGS_FOLDER/etl_dag.py', '--cfg-path', '/tmp/tmpdssth5yk']
[2025-12-17T01:55:44.408+0000] {standard_task_runner.py:88} INFO - Job 964: Subtask extract
[2025-12-17T01:55:44.741+0000] {task_command.py:423} INFO - Running <TaskInstance: etl_airflow.extract scheduled__2024-11-18T00:00:00+00:00 [running]> on host 571e042550da
[2025-12-17T01:55:45.481+0000] {taskinstance.py:2480} INFO - Exporting env vars: AIRFLOW_CTX_DAG_OWNER='***' AIRFLOW_CTX_DAG_ID='etl_***' AIRFLOW_CTX_TASK_ID='extract' AIRFLOW_CTX_EXECUTION_DATE='2024-11-18T00:00:00+00:00' AIRFLOW_CTX_TRY_NUMBER='1' AIRFLOW_CTX_DAG_RUN_ID='scheduled__2024-11-18T00:00:00+00:00'
[2025-12-17T01:55:45.484+0000] {logging_mixin.py:188} INFO - [EXTRACT] Reading /opt/***/data/synthetic_events.csv
[2025-12-17T01:55:45.568+0000] {logging_mixin.py:188} INFO - [EXTRACT] done
[2025-12-17T01:55:45.570+0000] {python.py:201} INFO - Done. Returned value was: None
[2025-12-17T01:55:45.634+0000] {taskinstance.py:1138} INFO - Marking task as SUCCESS. dag_id=etl_***, task_id=extract, execution_date=20241118T000000, start_date=20251217T015543, end_date=20251217T015545
[2025-12-17T01:55:46.285+0000] {local_task_job_runner.py:234} INFO - Task exited with return code 0
[2025-12-17T01:55:46.379+0000] {taskinstance.py:3280} INFO - 1 downstream tasks scheduled from follow-on schedule check
[2025-12-17T04:53:56.470+0000] {taskinstance.py:1956} INFO - Dependencies all met for dep_context=non-requeueable deps ti=<TaskInstance: etl_airflow.extract scheduled__2024-11-18T00:00:00+00:00 [queued]>
[2025-12-17T04:53:56.485+0000] {taskinstance.py:1956} INFO - Dependencies all met for dep_context=requeueable deps ti=<TaskInstance: etl_airflow.extract scheduled__2024-11-18T00:00:00+00:00 [queued]>
[2025-12-17T04:53:56.485+0000] {taskinstance.py:2170} INFO - Starting attempt 1 of 3
[2025-12-17T04:53:56.503+0000] {taskinstance.py:2191} INFO - Executing <Task(PythonOperator): extract> on 2024-11-18 00:00:00+00:00
[2025-12-17T04:53:56.510+0000] {standard_task_runner.py:60} INFO - Started process 4452 to run task
[2025-12-17T04:53:56.514+0000] {standard_task_runner.py:87} INFO - Running: ['***', 'tasks', 'run', 'etl_***', 'extract', 'scheduled__2024-11-18T00:00:00+00:00', '--job-id', '1284', '--raw', '--subdir', 'DAGS_FOLDER/etl_***.py', '--cfg-path', '/tmp/tmpw4jb3muw']
[2025-12-17T04:53:56.516+0000] {standard_task_runner.py:88} INFO - Job 1284: Subtask extract
[2025-12-17T04:53:56.622+0000] {task_command.py:423} INFO - Running <TaskInstance: etl_airflow.extract scheduled__2024-11-18T00:00:00+00:00 [running]> on host b3426f05ac70
[2025-12-17T04:53:56.976+0000] {taskinstance.py:2480} INFO - Exporting env vars: AIRFLOW_CTX_DAG_OWNER='***' AIRFLOW_CTX_DAG_ID='etl_***' AIRFLOW_CTX_TASK_ID='extract' AIRFLOW_CTX_EXECUTION_DATE='2024-11-18T00:00:00+00:00' AIRFLOW_CTX_TRY_NUMBER='1' AIRFLOW_CTX_DAG_RUN_ID='scheduled__2024-11-18T00:00:00+00:00'
[2025-12-17T04:53:56.990+0000] {python.py:201} INFO - Done. Returned value was:    user_id event_type           timestamp country
0        1      login 2025-01-01 09:00:00      IN
1        1      click 2025-01-01 09:05:00      IN
2        1     logout 2025-01-01 09:15:00      IN
3        2      login 2025-01-01 10:00:00      US
4        2      click 2025-01-01 10:10:00      US
5        2     logout 2025-01-01 10:20:00      US
6        3      login 2025-01-02 08:00:00      FR
7        3      click 2025-01-02 08:05:00      FR
8        3     logout 2025-01-02 08:30:00      FR
[2025-12-17T04:53:57.071+0000] {taskinstance.py:1138} INFO - Marking task as SUCCESS. dag_id=etl_***, task_id=extract, execution_date=20241118T000000, start_date=20251217T045356, end_date=20251217T045357
[2025-12-17T04:53:57.126+0000] {local_task_job_runner.py:234} INFO - Task exited with return code 0
[2025-12-17T04:53:57.204+0000] {taskinstance.py:3280} INFO - 1 downstream tasks scheduled from follow-on schedule check
[2025-12-17T07:59:12.493+0000] {taskinstance.py:1956} INFO - Dependencies all met for dep_context=non-requeueable deps ti=<TaskInstance: etl_airflow.extract scheduled__2024-11-18T00:00:00+00:00 [queued]>
[2025-12-17T07:59:12.517+0000] {taskinstance.py:1956} INFO - Dependencies all met for dep_context=requeueable deps ti=<TaskInstance: etl_airflow.extract scheduled__2024-11-18T00:00:00+00:00 [queued]>
[2025-12-17T07:59:12.519+0000] {taskinstance.py:2170} INFO - Starting attempt 1 of 3
[2025-12-17T07:59:12.554+0000] {taskinstance.py:2191} INFO - Executing <Task(PythonOperator): extract> on 2024-11-18 00:00:00+00:00
[2025-12-17T07:59:12.569+0000] {standard_task_runner.py:60} INFO - Started process 4555 to run task
[2025-12-17T07:59:12.579+0000] {standard_task_runner.py:87} INFO - Running: ['***', 'tasks', 'run', 'etl_***', 'extract', 'scheduled__2024-11-18T00:00:00+00:00', '--job-id', '1287', '--raw', '--subdir', 'DAGS_FOLDER/etl_***.py', '--cfg-path', '/tmp/tmp9x1jqyea']
[2025-12-17T07:59:12.584+0000] {standard_task_runner.py:88} INFO - Job 1287: Subtask extract
[2025-12-17T07:59:12.737+0000] {task_command.py:423} INFO - Running <TaskInstance: etl_airflow.extract scheduled__2024-11-18T00:00:00+00:00 [running]> on host 2a0de06c8905
[2025-12-17T07:59:13.216+0000] {taskinstance.py:2480} INFO - Exporting env vars: AIRFLOW_CTX_DAG_OWNER='***' AIRFLOW_CTX_DAG_ID='etl_***' AIRFLOW_CTX_TASK_ID='extract' AIRFLOW_CTX_EXECUTION_DATE='2024-11-18T00:00:00+00:00' AIRFLOW_CTX_TRY_NUMBER='1' AIRFLOW_CTX_DAG_RUN_ID='scheduled__2024-11-18T00:00:00+00:00'
[2025-12-17T07:59:13.245+0000] {python.py:201} INFO - Done. Returned value was:    user_id event_type           timestamp country
0        1      login 2025-01-01 09:00:00      IN
1        1      click 2025-01-01 09:05:00      IN
2        1     logout 2025-01-01 09:15:00      IN
3        2      login 2025-01-01 10:00:00      US
4        2      click 2025-01-01 10:10:00      US
5        2     logout 2025-01-01 10:20:00      US
6        3      login 2025-01-02 08:00:00      FR
7        3      click 2025-01-02 08:05:00      FR
8        3     logout 2025-01-02 08:30:00      FR
[2025-12-17T07:59:13.345+0000] {taskinstance.py:1138} INFO - Marking task as SUCCESS. dag_id=etl_***, task_id=extract, execution_date=20241118T000000, start_date=20251217T075912, end_date=20251217T075913
[2025-12-17T07:59:13.566+0000] {local_task_job_runner.py:234} INFO - Task exited with return code 0
[2025-12-17T07:59:13.672+0000] {taskinstance.py:3280} INFO - 1 downstream tasks scheduled from follow-on schedule check
