[2025-12-16T17:22:26.351+0000] {taskinstance.py:1956} INFO - Dependencies all met for dep_context=non-requeueable deps ti=<TaskInstance: etl_airflow.load scheduled__2024-04-13T00:00:00+00:00 [queued]>
[2025-12-16T17:22:26.373+0000] {taskinstance.py:1956} INFO - Dependencies all met for dep_context=requeueable deps ti=<TaskInstance: etl_airflow.load scheduled__2024-04-13T00:00:00+00:00 [queued]>
[2025-12-16T17:22:26.379+0000] {taskinstance.py:2170} INFO - Starting attempt 3 of 5
[2025-12-16T17:22:26.465+0000] {taskinstance.py:2191} INFO - Executing <Task(PythonOperator): load> on 2024-04-13 00:00:00+00:00
[2025-12-16T17:22:26.503+0000] {standard_task_runner.py:60} INFO - Started process 6497 to run task
[2025-12-16T17:22:26.513+0000] {standard_task_runner.py:87} INFO - Running: ['***', 'tasks', 'run', 'etl_***', 'load', 'scheduled__2024-04-13T00:00:00+00:00', '--job-id', '6132', '--raw', '--subdir', 'DAGS_FOLDER/etl_dag.py', '--cfg-path', '/tmp/tmpjgj1kxgt']
[2025-12-16T17:22:26.519+0000] {standard_task_runner.py:88} INFO - Job 6132: Subtask load
[2025-12-16T17:22:26.708+0000] {task_command.py:423} INFO - Running <TaskInstance: etl_airflow.load scheduled__2024-04-13T00:00:00+00:00 [running]> on host 3b89cfee50e9
[2025-12-16T17:22:26.977+0000] {taskinstance.py:2480} INFO - Exporting env vars: AIRFLOW_CTX_DAG_OWNER='***' AIRFLOW_CTX_DAG_ID='etl_***' AIRFLOW_CTX_TASK_ID='load' AIRFLOW_CTX_EXECUTION_DATE='2024-04-13T00:00:00+00:00' AIRFLOW_CTX_TRY_NUMBER='3' AIRFLOW_CTX_DAG_RUN_ID='scheduled__2024-04-13T00:00:00+00:00'
[2025-12-16T17:22:26.981+0000] {logging_mixin.py:188} INFO - [LOAD]
[2025-12-16T17:22:27.437+0000] {logging_mixin.py:188} INFO -    user_id event_type            timestamp country
0        1      login  2025-01-01T09:00:00      IN
1        1      click  2025-01-01T09:05:00      IN
2        1     logout  2025-01-01T09:15:00      IN
3        3      login  2025-01-02T08:00:00      FR
4        3      click  2025-01-02T08:05:00      FR
[2025-12-16T17:22:27.439+0000] {logging_mixin.py:188} INFO - [LOAD] done
[2025-12-16T17:22:27.442+0000] {python.py:201} INFO - Done. Returned value was: None
[2025-12-16T17:22:27.475+0000] {taskinstance.py:1138} INFO - Marking task as SUCCESS. dag_id=etl_***, task_id=load, execution_date=20240413T000000, start_date=20251216T172226, end_date=20251216T172227
[2025-12-16T17:22:27.567+0000] {local_task_job_runner.py:234} INFO - Task exited with return code 0
[2025-12-16T17:22:27.603+0000] {taskinstance.py:3280} INFO - 0 downstream tasks scheduled from follow-on schedule check
