[2025-12-16T17:18:24.832+0000] {taskinstance.py:1956} INFO - Dependencies all met for dep_context=non-requeueable deps ti=<TaskInstance: etl_airflow.extract manual__2025-12-16T16:49:15+00:00 [queued]>
[2025-12-16T17:18:24.853+0000] {taskinstance.py:1956} INFO - Dependencies all met for dep_context=requeueable deps ti=<TaskInstance: etl_airflow.extract manual__2025-12-16T16:49:15+00:00 [queued]>
[2025-12-16T17:18:24.856+0000] {taskinstance.py:2170} INFO - Starting attempt 3 of 4
[2025-12-16T17:18:24.888+0000] {taskinstance.py:2191} INFO - Executing <Task(PythonOperator): extract> on 2025-12-16 16:49:15+00:00
[2025-12-16T17:18:24.903+0000] {standard_task_runner.py:60} INFO - Started process 3554 to run task
[2025-12-16T17:18:24.916+0000] {standard_task_runner.py:87} INFO - Running: ['***', 'tasks', 'run', 'etl_***', 'extract', 'manual__2025-12-16T16:49:15+00:00', '--job-id', '5199', '--raw', '--subdir', 'DAGS_FOLDER/etl_dag.py', '--cfg-path', '/tmp/tmppokeexsx']
[2025-12-16T17:18:24.921+0000] {standard_task_runner.py:88} INFO - Job 5199: Subtask extract
[2025-12-16T17:18:25.115+0000] {task_command.py:423} INFO - Running <TaskInstance: etl_airflow.extract manual__2025-12-16T16:49:15+00:00 [running]> on host 3b89cfee50e9
[2025-12-16T17:18:25.377+0000] {taskinstance.py:2480} INFO - Exporting env vars: AIRFLOW_CTX_DAG_OWNER='***' AIRFLOW_CTX_DAG_ID='etl_***' AIRFLOW_CTX_TASK_ID='extract' AIRFLOW_CTX_EXECUTION_DATE='2025-12-16T16:49:15+00:00' AIRFLOW_CTX_TRY_NUMBER='3' AIRFLOW_CTX_DAG_RUN_ID='manual__2025-12-16T16:49:15+00:00'
[2025-12-16T17:18:25.380+0000] {logging_mixin.py:188} INFO - [EXTRACT] Reading E:\GPP\Task_4\comparative-data-orchestration\***\data\synthetic_events.csv
[2025-12-16T17:18:25.381+0000] {taskinstance.py:2698} ERROR - Task failed with exception
Traceback (most recent call last):
  File "/home/airflow/.local/lib/python3.8/site-packages/airflow/models/taskinstance.py", line 433, in _execute_task
    result = execute_callable(context=context, **execute_callable_kwargs)
  File "/home/airflow/.local/lib/python3.8/site-packages/airflow/operators/python.py", line 199, in execute
    return_value = self.execute_callable()
  File "/home/airflow/.local/lib/python3.8/site-packages/airflow/operators/python.py", line 216, in execute_callable
    return self.python_callable(*self.op_args, **self.op_kwargs)
  File "/opt/airflow/etl_logic/pipeline.py", line 100, in extract_data
    raise FileNotFoundError(f"{input_path} not found")
FileNotFoundError: E:\GPP\Task_4\comparative-data-orchestration\***\data\synthetic_events.csv not found
[2025-12-16T17:18:25.423+0000] {taskinstance.py:1138} INFO - Marking task as UP_FOR_RETRY. dag_id=etl_***, task_id=extract, execution_date=20251216T164915, start_date=20251216T171824, end_date=20251216T171825
[2025-12-16T17:18:25.768+0000] {standard_task_runner.py:107} ERROR - Failed to execute job 5199 for task extract (E:\GPP\Task_4\comparative-data-orchestration\***\data\synthetic_events.csv not found; 3554)
[2025-12-16T17:18:25.821+0000] {local_task_job_runner.py:234} INFO - Task exited with return code 1
[2025-12-16T17:18:25.894+0000] {taskinstance.py:3280} INFO - 0 downstream tasks scheduled from follow-on schedule check
