[2025-12-16T16:44:00.271+0000] {taskinstance.py:1956} INFO - Dependencies all met for dep_context=non-requeueable deps ti=<TaskInstance: etl_airflow.extract scheduled__2025-01-15T00:00:00+00:00 [queued]>
[2025-12-16T16:44:00.287+0000] {taskinstance.py:1956} INFO - Dependencies all met for dep_context=requeueable deps ti=<TaskInstance: etl_airflow.extract scheduled__2025-01-15T00:00:00+00:00 [queued]>
[2025-12-16T16:44:00.288+0000] {taskinstance.py:2170} INFO - Starting attempt 1 of 3
[2025-12-16T16:44:00.305+0000] {taskinstance.py:2191} INFO - Executing <Task(PythonOperator): extract> on 2025-01-15 00:00:00+00:00
[2025-12-16T16:44:00.314+0000] {standard_task_runner.py:60} INFO - Started process 991 to run task
[2025-12-16T16:44:00.318+0000] {standard_task_runner.py:87} INFO - Running: ['***', 'tasks', 'run', 'etl_***', 'extract', 'scheduled__2025-01-15T00:00:00+00:00', '--job-id', '1122', '--raw', '--subdir', 'DAGS_FOLDER/etl_dag.py', '--cfg-path', '/tmp/tmpbfv7yne7']
[2025-12-16T16:44:00.322+0000] {standard_task_runner.py:88} INFO - Job 1122: Subtask extract
[2025-12-16T16:44:00.466+0000] {task_command.py:423} INFO - Running <TaskInstance: etl_airflow.extract scheduled__2025-01-15T00:00:00+00:00 [running]> on host db658e834d9d
[2025-12-16T16:44:00.674+0000] {taskinstance.py:2480} INFO - Exporting env vars: AIRFLOW_CTX_DAG_OWNER='***' AIRFLOW_CTX_DAG_ID='etl_***' AIRFLOW_CTX_TASK_ID='extract' AIRFLOW_CTX_EXECUTION_DATE='2025-01-15T00:00:00+00:00' AIRFLOW_CTX_TRY_NUMBER='1' AIRFLOW_CTX_DAG_RUN_ID='scheduled__2025-01-15T00:00:00+00:00'
[2025-12-16T16:44:00.677+0000] {logging_mixin.py:188} INFO - Extracting data from /opt/***/data/input.csv
[2025-12-16T16:44:00.684+0000] {taskinstance.py:2698} ERROR - Task failed with exception
Traceback (most recent call last):
  File "/home/airflow/.local/lib/python3.8/site-packages/airflow/models/taskinstance.py", line 433, in _execute_task
    result = execute_callable(context=context, **execute_callable_kwargs)
  File "/home/airflow/.local/lib/python3.8/site-packages/airflow/operators/python.py", line 199, in execute
    return_value = self.execute_callable()
  File "/home/airflow/.local/lib/python3.8/site-packages/airflow/operators/python.py", line 216, in execute_callable
    return self.python_callable(*self.op_args, **self.op_kwargs)
  File "/opt/airflow/etl_logic/pipeline.py", line 97, in extract_data
    df = pd.read_csv(input_path)
  File "/home/airflow/.local/lib/python3.8/site-packages/pandas/io/parsers/readers.py", line 912, in read_csv
    return _read(filepath_or_buffer, kwds)
  File "/home/airflow/.local/lib/python3.8/site-packages/pandas/io/parsers/readers.py", line 577, in _read
    parser = TextFileReader(filepath_or_buffer, **kwds)
  File "/home/airflow/.local/lib/python3.8/site-packages/pandas/io/parsers/readers.py", line 1407, in __init__
    self._engine = self._make_engine(f, self.engine)
  File "/home/airflow/.local/lib/python3.8/site-packages/pandas/io/parsers/readers.py", line 1661, in _make_engine
    self.handles = get_handle(
  File "/home/airflow/.local/lib/python3.8/site-packages/pandas/io/common.py", line 859, in get_handle
    handle = open(
FileNotFoundError: [Errno 2] No such file or directory: '/opt/airflow/data/input.csv'
[2025-12-16T16:44:00.715+0000] {taskinstance.py:1138} INFO - Marking task as UP_FOR_RETRY. dag_id=etl_***, task_id=extract, execution_date=20250115T000000, start_date=20251216T164400, end_date=20251216T164400
[2025-12-16T16:44:00.734+0000] {standard_task_runner.py:107} ERROR - Failed to execute job 1122 for task extract ([Errno 2] No such file or directory: '/opt/airflow/data/input.csv'; 991)
[2025-12-16T16:44:00.774+0000] {local_task_job_runner.py:234} INFO - Task exited with return code 1
[2025-12-16T16:44:00.819+0000] {taskinstance.py:3280} INFO - 0 downstream tasks scheduled from follow-on schedule check
[2025-12-17T01:56:48.989+0000] {taskinstance.py:1956} INFO - Dependencies all met for dep_context=non-requeueable deps ti=<TaskInstance: etl_airflow.extract scheduled__2025-01-15T00:00:00+00:00 [queued]>
[2025-12-17T01:56:49.008+0000] {taskinstance.py:1956} INFO - Dependencies all met for dep_context=requeueable deps ti=<TaskInstance: etl_airflow.extract scheduled__2025-01-15T00:00:00+00:00 [queued]>
[2025-12-17T01:56:49.010+0000] {taskinstance.py:2170} INFO - Starting attempt 1 of 3
[2025-12-17T01:56:49.043+0000] {taskinstance.py:2191} INFO - Executing <Task(PythonOperator): extract> on 2025-01-15 00:00:00+00:00
[2025-12-17T01:56:49.053+0000] {standard_task_runner.py:60} INFO - Started process 3889 to run task
[2025-12-17T01:56:49.059+0000] {standard_task_runner.py:87} INFO - Running: ['***', 'tasks', 'run', 'etl_***', 'extract', 'scheduled__2025-01-15T00:00:00+00:00', '--job-id', '1159', '--raw', '--subdir', 'DAGS_FOLDER/etl_dag.py', '--cfg-path', '/tmp/tmpamv4p1jj']
[2025-12-17T01:56:49.064+0000] {standard_task_runner.py:88} INFO - Job 1159: Subtask extract
[2025-12-17T01:56:49.220+0000] {task_command.py:423} INFO - Running <TaskInstance: etl_airflow.extract scheduled__2025-01-15T00:00:00+00:00 [running]> on host 571e042550da
[2025-12-17T01:56:49.676+0000] {taskinstance.py:2480} INFO - Exporting env vars: AIRFLOW_CTX_DAG_OWNER='***' AIRFLOW_CTX_DAG_ID='etl_***' AIRFLOW_CTX_TASK_ID='extract' AIRFLOW_CTX_EXECUTION_DATE='2025-01-15T00:00:00+00:00' AIRFLOW_CTX_TRY_NUMBER='1' AIRFLOW_CTX_DAG_RUN_ID='scheduled__2025-01-15T00:00:00+00:00'
[2025-12-17T01:56:49.685+0000] {logging_mixin.py:188} INFO - [EXTRACT] Reading /opt/***/data/synthetic_events.csv
[2025-12-17T01:56:49.723+0000] {logging_mixin.py:188} INFO - [EXTRACT] done
[2025-12-17T01:56:49.724+0000] {python.py:201} INFO - Done. Returned value was: None
[2025-12-17T01:56:49.740+0000] {taskinstance.py:1138} INFO - Marking task as SUCCESS. dag_id=etl_***, task_id=extract, execution_date=20250115T000000, start_date=20251217T015648, end_date=20251217T015649
[2025-12-17T01:56:49.800+0000] {local_task_job_runner.py:234} INFO - Task exited with return code 0
[2025-12-17T01:56:49.967+0000] {taskinstance.py:3280} INFO - 0 downstream tasks scheduled from follow-on schedule check
[2025-12-17T04:55:51.038+0000] {taskinstance.py:1956} INFO - Dependencies all met for dep_context=non-requeueable deps ti=<TaskInstance: etl_airflow.extract scheduled__2025-01-15T00:00:00+00:00 [queued]>
[2025-12-17T04:55:51.056+0000] {taskinstance.py:1956} INFO - Dependencies all met for dep_context=requeueable deps ti=<TaskInstance: etl_airflow.extract scheduled__2025-01-15T00:00:00+00:00 [queued]>
[2025-12-17T04:55:51.059+0000] {taskinstance.py:2170} INFO - Starting attempt 1 of 3
[2025-12-17T04:55:51.206+0000] {taskinstance.py:2191} INFO - Executing <Task(PythonOperator): extract> on 2025-01-15 00:00:00+00:00
[2025-12-17T04:55:51.218+0000] {standard_task_runner.py:60} INFO - Started process 5148 to run task
[2025-12-17T04:55:51.226+0000] {standard_task_runner.py:87} INFO - Running: ['***', 'tasks', 'run', 'etl_***', 'extract', 'scheduled__2025-01-15T00:00:00+00:00', '--job-id', '1491', '--raw', '--subdir', 'DAGS_FOLDER/etl_***.py', '--cfg-path', '/tmp/tmppcmie2x1']
[2025-12-17T04:55:51.231+0000] {standard_task_runner.py:88} INFO - Job 1491: Subtask extract
[2025-12-17T04:55:51.358+0000] {task_command.py:423} INFO - Running <TaskInstance: etl_airflow.extract scheduled__2025-01-15T00:00:00+00:00 [running]> on host b3426f05ac70
[2025-12-17T04:55:51.813+0000] {taskinstance.py:2480} INFO - Exporting env vars: AIRFLOW_CTX_DAG_OWNER='***' AIRFLOW_CTX_DAG_ID='etl_***' AIRFLOW_CTX_TASK_ID='extract' AIRFLOW_CTX_EXECUTION_DATE='2025-01-15T00:00:00+00:00' AIRFLOW_CTX_TRY_NUMBER='1' AIRFLOW_CTX_DAG_RUN_ID='scheduled__2025-01-15T00:00:00+00:00'
[2025-12-17T04:55:51.844+0000] {python.py:201} INFO - Done. Returned value was:    user_id event_type           timestamp country
0        1      login 2025-01-01 09:00:00      IN
1        1      click 2025-01-01 09:05:00      IN
2        1     logout 2025-01-01 09:15:00      IN
3        2      login 2025-01-01 10:00:00      US
4        2      click 2025-01-01 10:10:00      US
5        2     logout 2025-01-01 10:20:00      US
6        3      login 2025-01-02 08:00:00      FR
7        3      click 2025-01-02 08:05:00      FR
8        3     logout 2025-01-02 08:30:00      FR
[2025-12-17T04:55:51.929+0000] {taskinstance.py:1138} INFO - Marking task as SUCCESS. dag_id=etl_***, task_id=extract, execution_date=20250115T000000, start_date=20251217T045551, end_date=20251217T045551
[2025-12-17T04:55:52.009+0000] {local_task_job_runner.py:234} INFO - Task exited with return code 0
[2025-12-17T04:55:52.258+0000] {taskinstance.py:3280} INFO - 0 downstream tasks scheduled from follow-on schedule check
[2025-12-17T08:01:18.952+0000] {taskinstance.py:1956} INFO - Dependencies all met for dep_context=non-requeueable deps ti=<TaskInstance: etl_airflow.extract scheduled__2025-01-15T00:00:00+00:00 [queued]>
[2025-12-17T08:01:18.975+0000] {taskinstance.py:1956} INFO - Dependencies all met for dep_context=requeueable deps ti=<TaskInstance: etl_airflow.extract scheduled__2025-01-15T00:00:00+00:00 [queued]>
[2025-12-17T08:01:18.979+0000] {taskinstance.py:2170} INFO - Starting attempt 1 of 3
[2025-12-17T08:01:19.337+0000] {taskinstance.py:2191} INFO - Executing <Task(PythonOperator): extract> on 2025-01-15 00:00:00+00:00
[2025-12-17T08:01:19.354+0000] {standard_task_runner.py:60} INFO - Started process 5259 to run task
[2025-12-17T08:01:19.372+0000] {standard_task_runner.py:87} INFO - Running: ['***', 'tasks', 'run', 'etl_***', 'extract', 'scheduled__2025-01-15T00:00:00+00:00', '--job-id', '1498', '--raw', '--subdir', 'DAGS_FOLDER/etl_***.py', '--cfg-path', '/tmp/tmpk_ilwf7k']
[2025-12-17T08:01:19.381+0000] {standard_task_runner.py:88} INFO - Job 1498: Subtask extract
[2025-12-17T08:01:19.535+0000] {task_command.py:423} INFO - Running <TaskInstance: etl_airflow.extract scheduled__2025-01-15T00:00:00+00:00 [running]> on host 2a0de06c8905
[2025-12-17T08:01:19.933+0000] {taskinstance.py:2480} INFO - Exporting env vars: AIRFLOW_CTX_DAG_OWNER='***' AIRFLOW_CTX_DAG_ID='etl_***' AIRFLOW_CTX_TASK_ID='extract' AIRFLOW_CTX_EXECUTION_DATE='2025-01-15T00:00:00+00:00' AIRFLOW_CTX_TRY_NUMBER='1' AIRFLOW_CTX_DAG_RUN_ID='scheduled__2025-01-15T00:00:00+00:00'
[2025-12-17T08:01:19.955+0000] {python.py:201} INFO - Done. Returned value was:    user_id event_type           timestamp country
0        1      login 2025-01-01 09:00:00      IN
1        1      click 2025-01-01 09:05:00      IN
2        1     logout 2025-01-01 09:15:00      IN
3        2      login 2025-01-01 10:00:00      US
4        2      click 2025-01-01 10:10:00      US
5        2     logout 2025-01-01 10:20:00      US
6        3      login 2025-01-02 08:00:00      FR
7        3      click 2025-01-02 08:05:00      FR
8        3     logout 2025-01-02 08:30:00      FR
[2025-12-17T08:01:20.015+0000] {taskinstance.py:1138} INFO - Marking task as SUCCESS. dag_id=etl_***, task_id=extract, execution_date=20250115T000000, start_date=20251217T080118, end_date=20251217T080120
[2025-12-17T08:01:20.105+0000] {local_task_job_runner.py:234} INFO - Task exited with return code 0
[2025-12-17T08:01:20.187+0000] {taskinstance.py:3280} INFO - 1 downstream tasks scheduled from follow-on schedule check
