[2025-12-17T04:56:34.059+0000] {taskinstance.py:1956} INFO - Dependencies all met for dep_context=non-requeueable deps ti=<TaskInstance: etl_airflow.transform scheduled__2025-01-19T00:00:00+00:00 [queued]>
[2025-12-17T04:56:34.077+0000] {taskinstance.py:1956} INFO - Dependencies all met for dep_context=requeueable deps ti=<TaskInstance: etl_airflow.transform scheduled__2025-01-19T00:00:00+00:00 [queued]>
[2025-12-17T04:56:34.079+0000] {taskinstance.py:2170} INFO - Starting attempt 2 of 3
[2025-12-17T04:56:34.097+0000] {taskinstance.py:2191} INFO - Executing <Task(PythonOperator): transform> on 2025-01-19 00:00:00+00:00
[2025-12-17T04:56:34.106+0000] {standard_task_runner.py:60} INFO - Started process 5396 to run task
[2025-12-17T04:56:34.111+0000] {standard_task_runner.py:87} INFO - Running: ['***', 'tasks', 'run', 'etl_***', 'transform', 'scheduled__2025-01-19T00:00:00+00:00', '--job-id', '1570', '--raw', '--subdir', 'DAGS_FOLDER/etl_***.py', '--cfg-path', '/tmp/tmpukkr9x4z']
[2025-12-17T04:56:34.114+0000] {standard_task_runner.py:88} INFO - Job 1570: Subtask transform
[2025-12-17T04:56:34.218+0000] {task_command.py:423} INFO - Running <TaskInstance: etl_airflow.transform scheduled__2025-01-19T00:00:00+00:00 [running]> on host b3426f05ac70
[2025-12-17T04:56:34.593+0000] {taskinstance.py:2480} INFO - Exporting env vars: AIRFLOW_CTX_DAG_OWNER='***' AIRFLOW_CTX_DAG_ID='etl_***' AIRFLOW_CTX_TASK_ID='transform' AIRFLOW_CTX_EXECUTION_DATE='2025-01-19T00:00:00+00:00' AIRFLOW_CTX_TRY_NUMBER='2' AIRFLOW_CTX_DAG_RUN_ID='scheduled__2025-01-19T00:00:00+00:00'
[2025-12-17T04:56:34.596+0000] {taskinstance.py:2698} ERROR - Task failed with exception
Traceback (most recent call last):
  File "/home/airflow/.local/lib/python3.8/site-packages/airflow/models/taskinstance.py", line 433, in _execute_task
    result = execute_callable(context=context, **execute_callable_kwargs)
  File "/home/airflow/.local/lib/python3.8/site-packages/airflow/operators/python.py", line 199, in execute
    return_value = self.execute_callable()
  File "/home/airflow/.local/lib/python3.8/site-packages/airflow/operators/python.py", line 216, in execute_callable
    return self.python_callable(*self.op_args, **self.op_kwargs)
TypeError: transform_data() missing 1 required positional argument: 'df'
[2025-12-17T04:56:34.610+0000] {taskinstance.py:1138} INFO - Marking task as UP_FOR_RETRY. dag_id=etl_***, task_id=transform, execution_date=20250119T000000, start_date=20251217T045634, end_date=20251217T045634
[2025-12-17T04:56:34.627+0000] {standard_task_runner.py:107} ERROR - Failed to execute job 1570 for task transform (transform_data() missing 1 required positional argument: 'df'; 5396)
[2025-12-17T04:56:34.648+0000] {local_task_job_runner.py:234} INFO - Task exited with return code 1
[2025-12-17T04:56:34.746+0000] {taskinstance.py:3280} INFO - 0 downstream tasks scheduled from follow-on schedule check
