[2025-12-16T17:08:36.902+0000] {taskinstance.py:1956} INFO - Dependencies all met for dep_context=non-requeueable deps ti=<TaskInstance: etl_airflow.transform scheduled__2025-04-10T00:00:00+00:00 [queued]>
[2025-12-16T17:08:36.921+0000] {taskinstance.py:1956} INFO - Dependencies all met for dep_context=requeueable deps ti=<TaskInstance: etl_airflow.transform scheduled__2025-04-10T00:00:00+00:00 [queued]>
[2025-12-16T17:08:36.922+0000] {taskinstance.py:2170} INFO - Starting attempt 1 of 3
[2025-12-16T17:08:36.943+0000] {taskinstance.py:2191} INFO - Executing <Task(PythonOperator): transform> on 2025-04-10 00:00:00+00:00
[2025-12-16T17:08:36.953+0000] {standard_task_runner.py:60} INFO - Started process 2048 to run task
[2025-12-16T17:08:36.958+0000] {standard_task_runner.py:87} INFO - Running: ['***', 'tasks', 'run', 'etl_***', 'transform', 'scheduled__2025-04-10T00:00:00+00:00', '--job-id', '3542', '--raw', '--subdir', 'DAGS_FOLDER/etl_dag.py', '--cfg-path', '/tmp/tmp4k0idhpf']
[2025-12-16T17:08:36.961+0000] {standard_task_runner.py:88} INFO - Job 3542: Subtask transform
[2025-12-16T17:08:37.067+0000] {task_command.py:423} INFO - Running <TaskInstance: etl_airflow.transform scheduled__2025-04-10T00:00:00+00:00 [running]> on host db658e834d9d
[2025-12-16T17:08:37.212+0000] {taskinstance.py:2480} INFO - Exporting env vars: AIRFLOW_CTX_DAG_OWNER='***' AIRFLOW_CTX_DAG_ID='etl_***' AIRFLOW_CTX_TASK_ID='transform' AIRFLOW_CTX_EXECUTION_DATE='2025-04-10T00:00:00+00:00' AIRFLOW_CTX_TRY_NUMBER='1' AIRFLOW_CTX_DAG_RUN_ID='scheduled__2025-04-10T00:00:00+00:00'
[2025-12-16T17:08:37.216+0000] {logging_mixin.py:188} INFO - [TRANSFORM]
[2025-12-16T17:08:37.235+0000] {taskinstance.py:2698} ERROR - Task failed with exception
Traceback (most recent call last):
  File "/home/airflow/.local/lib/python3.8/site-packages/airflow/models/taskinstance.py", line 433, in _execute_task
    result = execute_callable(context=context, **execute_callable_kwargs)
  File "/home/airflow/.local/lib/python3.8/site-packages/airflow/operators/python.py", line 199, in execute
    return_value = self.execute_callable()
  File "/home/airflow/.local/lib/python3.8/site-packages/airflow/operators/python.py", line 216, in execute_callable
    return self.python_callable(*self.op_args, **self.op_kwargs)
  File "/opt/airflow/etl_logic/pipeline.py", line 113, in transform_data
    df.to_csv(OUTPUT_PATH, index=False)
  File "/home/airflow/.local/lib/python3.8/site-packages/pandas/core/generic.py", line 3772, in to_csv
    return DataFrameRenderer(formatter).to_csv(
  File "/home/airflow/.local/lib/python3.8/site-packages/pandas/io/formats/format.py", line 1186, in to_csv
    csv_formatter.save()
  File "/home/airflow/.local/lib/python3.8/site-packages/pandas/io/formats/csvs.py", line 240, in save
    with get_handle(
  File "/home/airflow/.local/lib/python3.8/site-packages/pandas/io/common.py", line 737, in get_handle
    check_parent_directory(str(handle))
  File "/home/airflow/.local/lib/python3.8/site-packages/pandas/io/common.py", line 600, in check_parent_directory
    raise OSError(rf"Cannot save file into a non-existent directory: '{parent}'")
OSError: Cannot save file into a non-existent directory: 'E:\GPP\Task_4\comparative-data-orchestrationirflow\data'
[2025-12-16T17:08:37.263+0000] {taskinstance.py:1138} INFO - Marking task as UP_FOR_RETRY. dag_id=etl_***, task_id=transform, execution_date=20250410T000000, start_date=20251216T170836, end_date=20251216T170837
[2025-12-16T17:08:37.282+0000] {standard_task_runner.py:107} ERROR - Failed to execute job 3542 for task transform (Cannot save file into a non-existent directory: 'E:\GPP\Task_4\comparative-data-orchestrationirflow\data'; 2048)
[2025-12-16T17:08:37.332+0000] {local_task_job_runner.py:234} INFO - Task exited with return code 1
[2025-12-16T17:08:37.363+0000] {taskinstance.py:3280} INFO - 0 downstream tasks scheduled from follow-on schedule check
[2025-12-17T01:58:09.590+0000] {taskinstance.py:1956} INFO - Dependencies all met for dep_context=non-requeueable deps ti=<TaskInstance: etl_airflow.transform scheduled__2025-04-10T00:00:00+00:00 [queued]>
[2025-12-17T01:58:09.615+0000] {taskinstance.py:1956} INFO - Dependencies all met for dep_context=requeueable deps ti=<TaskInstance: etl_airflow.transform scheduled__2025-04-10T00:00:00+00:00 [queued]>
[2025-12-17T01:58:09.617+0000] {taskinstance.py:2170} INFO - Starting attempt 1 of 3
[2025-12-17T01:58:09.819+0000] {taskinstance.py:2191} INFO - Executing <Task(PythonOperator): transform> on 2025-04-10 00:00:00+00:00
[2025-12-17T01:58:09.833+0000] {standard_task_runner.py:60} INFO - Started process 4707 to run task
[2025-12-17T01:58:09.841+0000] {standard_task_runner.py:87} INFO - Running: ['***', 'tasks', 'run', 'etl_***', 'transform', 'scheduled__2025-04-10T00:00:00+00:00', '--job-id', '1415', '--raw', '--subdir', 'DAGS_FOLDER/etl_dag.py', '--cfg-path', '/tmp/tmpxg37e40r']
[2025-12-17T01:58:09.847+0000] {standard_task_runner.py:88} INFO - Job 1415: Subtask transform
[2025-12-17T01:58:10.013+0000] {task_command.py:423} INFO - Running <TaskInstance: etl_airflow.transform scheduled__2025-04-10T00:00:00+00:00 [running]> on host 571e042550da
[2025-12-17T01:58:10.507+0000] {taskinstance.py:2480} INFO - Exporting env vars: AIRFLOW_CTX_DAG_OWNER='***' AIRFLOW_CTX_DAG_ID='etl_***' AIRFLOW_CTX_TASK_ID='transform' AIRFLOW_CTX_EXECUTION_DATE='2025-04-10T00:00:00+00:00' AIRFLOW_CTX_TRY_NUMBER='1' AIRFLOW_CTX_DAG_RUN_ID='scheduled__2025-04-10T00:00:00+00:00'
[2025-12-17T01:58:10.510+0000] {logging_mixin.py:188} INFO - [TRANSFORM]
[2025-12-17T01:58:10.551+0000] {logging_mixin.py:188} INFO - [TRANSFORM] done
[2025-12-17T01:58:10.553+0000] {python.py:201} INFO - Done. Returned value was: None
[2025-12-17T01:58:10.573+0000] {taskinstance.py:1138} INFO - Marking task as SUCCESS. dag_id=etl_***, task_id=transform, execution_date=20250410T000000, start_date=20251217T015809, end_date=20251217T015810
[2025-12-17T01:58:10.619+0000] {local_task_job_runner.py:234} INFO - Task exited with return code 0
[2025-12-17T01:58:10.681+0000] {taskinstance.py:3280} INFO - 1 downstream tasks scheduled from follow-on schedule check
[2025-12-17T04:59:14.850+0000] {taskinstance.py:1956} INFO - Dependencies all met for dep_context=non-requeueable deps ti=<TaskInstance: etl_airflow.transform scheduled__2025-04-10T00:00:00+00:00 [queued]>
[2025-12-17T04:59:14.869+0000] {taskinstance.py:1956} INFO - Dependencies all met for dep_context=requeueable deps ti=<TaskInstance: etl_airflow.transform scheduled__2025-04-10T00:00:00+00:00 [queued]>
[2025-12-17T04:59:14.871+0000] {taskinstance.py:2170} INFO - Starting attempt 1 of 3
[2025-12-17T04:59:14.893+0000] {taskinstance.py:2191} INFO - Executing <Task(PythonOperator): transform> on 2025-04-10 00:00:00+00:00
[2025-12-17T04:59:14.903+0000] {standard_task_runner.py:60} INFO - Started process 6395 to run task
[2025-12-17T04:59:14.911+0000] {standard_task_runner.py:87} INFO - Running: ['***', 'tasks', 'run', 'etl_***', 'transform', 'scheduled__2025-04-10T00:00:00+00:00', '--job-id', '1871', '--raw', '--subdir', 'DAGS_FOLDER/etl_***.py', '--cfg-path', '/tmp/tmp7rr97l_7']
[2025-12-17T04:59:14.917+0000] {standard_task_runner.py:88} INFO - Job 1871: Subtask transform
[2025-12-17T04:59:15.058+0000] {task_command.py:423} INFO - Running <TaskInstance: etl_airflow.transform scheduled__2025-04-10T00:00:00+00:00 [running]> on host b3426f05ac70
[2025-12-17T04:59:15.452+0000] {taskinstance.py:2480} INFO - Exporting env vars: AIRFLOW_CTX_DAG_OWNER='***' AIRFLOW_CTX_DAG_ID='etl_***' AIRFLOW_CTX_TASK_ID='transform' AIRFLOW_CTX_EXECUTION_DATE='2025-04-10T00:00:00+00:00' AIRFLOW_CTX_TRY_NUMBER='1' AIRFLOW_CTX_DAG_RUN_ID='scheduled__2025-04-10T00:00:00+00:00'
[2025-12-17T04:59:15.454+0000] {taskinstance.py:2698} ERROR - Task failed with exception
Traceback (most recent call last):
  File "/home/airflow/.local/lib/python3.8/site-packages/airflow/models/taskinstance.py", line 433, in _execute_task
    result = execute_callable(context=context, **execute_callable_kwargs)
  File "/home/airflow/.local/lib/python3.8/site-packages/airflow/operators/python.py", line 199, in execute
    return_value = self.execute_callable()
  File "/home/airflow/.local/lib/python3.8/site-packages/airflow/operators/python.py", line 216, in execute_callable
    return self.python_callable(*self.op_args, **self.op_kwargs)
TypeError: transform_data() missing 1 required positional argument: 'df'
[2025-12-17T04:59:15.469+0000] {taskinstance.py:1138} INFO - Marking task as UP_FOR_RETRY. dag_id=etl_***, task_id=transform, execution_date=20250410T000000, start_date=20251217T045914, end_date=20251217T045915
[2025-12-17T04:59:15.602+0000] {standard_task_runner.py:107} ERROR - Failed to execute job 1871 for task transform (transform_data() missing 1 required positional argument: 'df'; 6395)
[2025-12-17T04:59:15.650+0000] {local_task_job_runner.py:234} INFO - Task exited with return code 1
[2025-12-17T04:59:15.691+0000] {taskinstance.py:3280} INFO - 0 downstream tasks scheduled from follow-on schedule check
