[2025-12-16T17:09:39.938+0000] {taskinstance.py:1956} INFO - Dependencies all met for dep_context=non-requeueable deps ti=<TaskInstance: etl_airflow.transform scheduled__2025-04-10T00:00:00+00:00 [queued]>
[2025-12-16T17:09:39.977+0000] {taskinstance.py:1956} INFO - Dependencies all met for dep_context=requeueable deps ti=<TaskInstance: etl_airflow.transform scheduled__2025-04-10T00:00:00+00:00 [queued]>
[2025-12-16T17:09:39.980+0000] {taskinstance.py:2170} INFO - Starting attempt 3 of 5
[2025-12-16T17:09:40.037+0000] {taskinstance.py:2191} INFO - Executing <Task(PythonOperator): transform> on 2025-04-10 00:00:00+00:00
[2025-12-16T17:09:40.090+0000] {standard_task_runner.py:60} INFO - Started process 288 to run task
[2025-12-16T17:09:40.103+0000] {standard_task_runner.py:87} INFO - Running: ['***', 'tasks', 'run', 'etl_***', 'transform', 'scheduled__2025-04-10T00:00:00+00:00', '--job-id', '3585', '--raw', '--subdir', 'DAGS_FOLDER/etl_dag.py', '--cfg-path', '/tmp/tmpjmrb1a0c']
[2025-12-16T17:09:40.118+0000] {standard_task_runner.py:88} INFO - Job 3585: Subtask transform
[2025-12-16T17:09:40.396+0000] {task_command.py:423} INFO - Running <TaskInstance: etl_airflow.transform scheduled__2025-04-10T00:00:00+00:00 [running]> on host 3b89cfee50e9
[2025-12-16T17:09:40.813+0000] {taskinstance.py:2480} INFO - Exporting env vars: AIRFLOW_CTX_DAG_OWNER='***' AIRFLOW_CTX_DAG_ID='etl_***' AIRFLOW_CTX_TASK_ID='transform' AIRFLOW_CTX_EXECUTION_DATE='2025-04-10T00:00:00+00:00' AIRFLOW_CTX_TRY_NUMBER='3' AIRFLOW_CTX_DAG_RUN_ID='scheduled__2025-04-10T00:00:00+00:00'
[2025-12-16T17:09:40.821+0000] {logging_mixin.py:188} INFO - [TRANSFORM]
[2025-12-16T17:09:40.979+0000] {logging_mixin.py:188} INFO - [TRANSFORM] done
[2025-12-16T17:09:40.988+0000] {python.py:201} INFO - Done. Returned value was: None
[2025-12-16T17:09:41.706+0000] {taskinstance.py:1138} INFO - Marking task as SUCCESS. dag_id=etl_***, task_id=transform, execution_date=20250410T000000, start_date=20251216T170939, end_date=20251216T170941
[2025-12-16T17:09:41.882+0000] {local_task_job_runner.py:234} INFO - Task exited with return code 0
[2025-12-16T17:09:41.948+0000] {taskinstance.py:3280} INFO - 1 downstream tasks scheduled from follow-on schedule check
[2025-12-17T04:59:38.665+0000] {taskinstance.py:1956} INFO - Dependencies all met for dep_context=non-requeueable deps ti=<TaskInstance: etl_airflow.transform scheduled__2025-04-10T00:00:00+00:00 [queued]>
[2025-12-17T04:59:38.683+0000] {taskinstance.py:1956} INFO - Dependencies all met for dep_context=requeueable deps ti=<TaskInstance: etl_airflow.transform scheduled__2025-04-10T00:00:00+00:00 [queued]>
[2025-12-17T04:59:38.685+0000] {taskinstance.py:2170} INFO - Starting attempt 3 of 3
[2025-12-17T04:59:38.711+0000] {taskinstance.py:2191} INFO - Executing <Task(PythonOperator): transform> on 2025-04-10 00:00:00+00:00
[2025-12-17T04:59:38.722+0000] {standard_task_runner.py:60} INFO - Started process 6522 to run task
[2025-12-17T04:59:38.730+0000] {standard_task_runner.py:87} INFO - Running: ['***', 'tasks', 'run', 'etl_***', 'transform', 'scheduled__2025-04-10T00:00:00+00:00', '--job-id', '1910', '--raw', '--subdir', 'DAGS_FOLDER/etl_***.py', '--cfg-path', '/tmp/tmp9grf38ko']
[2025-12-17T04:59:38.736+0000] {standard_task_runner.py:88} INFO - Job 1910: Subtask transform
[2025-12-17T04:59:38.843+0000] {task_command.py:423} INFO - Running <TaskInstance: etl_airflow.transform scheduled__2025-04-10T00:00:00+00:00 [running]> on host b3426f05ac70
[2025-12-17T04:59:39.238+0000] {taskinstance.py:2480} INFO - Exporting env vars: AIRFLOW_CTX_DAG_OWNER='***' AIRFLOW_CTX_DAG_ID='etl_***' AIRFLOW_CTX_TASK_ID='transform' AIRFLOW_CTX_EXECUTION_DATE='2025-04-10T00:00:00+00:00' AIRFLOW_CTX_TRY_NUMBER='3' AIRFLOW_CTX_DAG_RUN_ID='scheduled__2025-04-10T00:00:00+00:00'
[2025-12-17T04:59:39.240+0000] {taskinstance.py:2698} ERROR - Task failed with exception
Traceback (most recent call last):
  File "/home/airflow/.local/lib/python3.8/site-packages/airflow/models/taskinstance.py", line 433, in _execute_task
    result = execute_callable(context=context, **execute_callable_kwargs)
  File "/home/airflow/.local/lib/python3.8/site-packages/airflow/operators/python.py", line 199, in execute
    return_value = self.execute_callable()
  File "/home/airflow/.local/lib/python3.8/site-packages/airflow/operators/python.py", line 216, in execute_callable
    return self.python_callable(*self.op_args, **self.op_kwargs)
TypeError: transform_data() missing 1 required positional argument: 'df'
[2025-12-17T04:59:39.250+0000] {taskinstance.py:1138} INFO - Marking task as FAILED. dag_id=etl_***, task_id=transform, execution_date=20250410T000000, start_date=20251217T045938, end_date=20251217T045939
[2025-12-17T04:59:39.277+0000] {standard_task_runner.py:107} ERROR - Failed to execute job 1910 for task transform (transform_data() missing 1 required positional argument: 'df'; 6522)
[2025-12-17T04:59:39.346+0000] {local_task_job_runner.py:234} INFO - Task exited with return code 1
[2025-12-17T04:59:39.547+0000] {taskinstance.py:3280} INFO - 0 downstream tasks scheduled from follow-on schedule check
