[2025-12-16T17:12:01.463+0000] {taskinstance.py:1956} INFO - Dependencies all met for dep_context=non-requeueable deps ti=<TaskInstance: etl_airflow.load scheduled__2024-05-30T00:00:00+00:00 [queued]>
[2025-12-16T17:12:01.490+0000] {taskinstance.py:1956} INFO - Dependencies all met for dep_context=requeueable deps ti=<TaskInstance: etl_airflow.load scheduled__2024-05-30T00:00:00+00:00 [queued]>
[2025-12-16T17:12:01.492+0000] {taskinstance.py:2170} INFO - Starting attempt 1 of 3
[2025-12-16T17:12:01.531+0000] {taskinstance.py:2191} INFO - Executing <Task(PythonOperator): load> on 2024-05-30 00:00:00+00:00
[2025-12-16T17:12:01.550+0000] {standard_task_runner.py:60} INFO - Started process 1849 to run task
[2025-12-16T17:12:01.559+0000] {standard_task_runner.py:87} INFO - Running: ['***', 'tasks', 'run', 'etl_***', 'load', 'scheduled__2024-05-30T00:00:00+00:00', '--job-id', '4088', '--raw', '--subdir', 'DAGS_FOLDER/etl_dag.py', '--cfg-path', '/tmp/tmp1g_vl8sk']
[2025-12-16T17:12:01.567+0000] {standard_task_runner.py:88} INFO - Job 4088: Subtask load
[2025-12-16T17:12:01.731+0000] {task_command.py:423} INFO - Running <TaskInstance: etl_airflow.load scheduled__2024-05-30T00:00:00+00:00 [running]> on host 3b89cfee50e9
[2025-12-16T17:12:02.047+0000] {taskinstance.py:2480} INFO - Exporting env vars: AIRFLOW_CTX_DAG_OWNER='***' AIRFLOW_CTX_DAG_ID='etl_***' AIRFLOW_CTX_TASK_ID='load' AIRFLOW_CTX_EXECUTION_DATE='2024-05-30T00:00:00+00:00' AIRFLOW_CTX_TRY_NUMBER='1' AIRFLOW_CTX_DAG_RUN_ID='scheduled__2024-05-30T00:00:00+00:00'
[2025-12-16T17:12:02.058+0000] {logging_mixin.py:188} INFO - [LOAD]
[2025-12-16T17:12:02.616+0000] {logging_mixin.py:188} INFO -    user_id event_type            timestamp country
0        1      login  2025-01-01T09:00:00      IN
1        1      click  2025-01-01T09:05:00      IN
2        1     logout  2025-01-01T09:15:00      IN
3        3      login  2025-01-02T08:00:00      FR
4        3      click  2025-01-02T08:05:00      FR
[2025-12-16T17:12:02.623+0000] {logging_mixin.py:188} INFO - [LOAD] done
[2025-12-16T17:12:02.625+0000] {python.py:201} INFO - Done. Returned value was: None
[2025-12-16T17:12:02.647+0000] {taskinstance.py:1138} INFO - Marking task as SUCCESS. dag_id=etl_***, task_id=load, execution_date=20240530T000000, start_date=20251216T171201, end_date=20251216T171202
[2025-12-16T17:12:02.726+0000] {local_task_job_runner.py:234} INFO - Task exited with return code 0
[2025-12-16T17:12:02.793+0000] {taskinstance.py:3280} INFO - 0 downstream tasks scheduled from follow-on schedule check
[2025-12-17T01:52:53.078+0000] {taskinstance.py:1956} INFO - Dependencies all met for dep_context=non-requeueable deps ti=<TaskInstance: etl_airflow.load scheduled__2024-05-30T00:00:00+00:00 [queued]>
[2025-12-17T01:52:53.113+0000] {taskinstance.py:1956} INFO - Dependencies all met for dep_context=requeueable deps ti=<TaskInstance: etl_airflow.load scheduled__2024-05-30T00:00:00+00:00 [queued]>
[2025-12-17T01:52:53.115+0000] {taskinstance.py:2170} INFO - Starting attempt 1 of 3
[2025-12-17T01:52:53.237+0000] {taskinstance.py:2191} INFO - Executing <Task(PythonOperator): load> on 2024-05-30 00:00:00+00:00
[2025-12-17T01:52:53.254+0000] {standard_task_runner.py:60} INFO - Started process 1745 to run task
[2025-12-17T01:52:53.269+0000] {standard_task_runner.py:87} INFO - Running: ['***', 'tasks', 'run', 'etl_***', 'load', 'scheduled__2024-05-30T00:00:00+00:00', '--job-id', '486', '--raw', '--subdir', 'DAGS_FOLDER/etl_dag.py', '--cfg-path', '/tmp/tmp0oendktx']
[2025-12-17T01:52:53.278+0000] {standard_task_runner.py:88} INFO - Job 486: Subtask load
[2025-12-17T01:52:53.535+0000] {task_command.py:423} INFO - Running <TaskInstance: etl_airflow.load scheduled__2024-05-30T00:00:00+00:00 [running]> on host 571e042550da
[2025-12-17T01:52:54.253+0000] {taskinstance.py:2480} INFO - Exporting env vars: AIRFLOW_CTX_DAG_OWNER='***' AIRFLOW_CTX_DAG_ID='etl_***' AIRFLOW_CTX_TASK_ID='load' AIRFLOW_CTX_EXECUTION_DATE='2024-05-30T00:00:00+00:00' AIRFLOW_CTX_TRY_NUMBER='1' AIRFLOW_CTX_DAG_RUN_ID='scheduled__2024-05-30T00:00:00+00:00'
[2025-12-17T01:52:54.256+0000] {logging_mixin.py:188} INFO - [LOAD]
[2025-12-17T01:52:54.299+0000] {logging_mixin.py:188} INFO -    user_id event_type            timestamp country
0        1      login  2025-01-01T09:00:00      IN
1        1      click  2025-01-01T09:05:00      IN
2        1     logout  2025-01-01T09:15:00      IN
3        3      login  2025-01-02T08:00:00      FR
4        3      click  2025-01-02T08:05:00      FR
[2025-12-17T01:52:54.301+0000] {logging_mixin.py:188} INFO - [LOAD] done
[2025-12-17T01:52:54.305+0000] {python.py:201} INFO - Done. Returned value was: None
[2025-12-17T01:52:54.338+0000] {taskinstance.py:1138} INFO - Marking task as SUCCESS. dag_id=etl_***, task_id=load, execution_date=20240530T000000, start_date=20251217T015253, end_date=20251217T015254
[2025-12-17T01:52:54.449+0000] {local_task_job_runner.py:234} INFO - Task exited with return code 0
[2025-12-17T01:52:54.816+0000] {taskinstance.py:3280} INFO - 0 downstream tasks scheduled from follow-on schedule check
