[2025-12-16T17:13:26.424+0000] {taskinstance.py:1956} INFO - Dependencies all met for dep_context=non-requeueable deps ti=<TaskInstance: etl_airflow.transform scheduled__2024-08-21T00:00:00+00:00 [queued]>
[2025-12-16T17:13:26.449+0000] {taskinstance.py:1956} INFO - Dependencies all met for dep_context=requeueable deps ti=<TaskInstance: etl_airflow.transform scheduled__2024-08-21T00:00:00+00:00 [queued]>
[2025-12-16T17:13:26.453+0000] {taskinstance.py:2170} INFO - Starting attempt 1 of 3
[2025-12-16T17:13:26.486+0000] {taskinstance.py:2191} INFO - Executing <Task(PythonOperator): transform> on 2024-08-21 00:00:00+00:00
[2025-12-16T17:13:26.503+0000] {standard_task_runner.py:60} INFO - Started process 722 to run task
[2025-12-16T17:13:26.510+0000] {standard_task_runner.py:87} INFO - Running: ['***', 'tasks', 'run', 'etl_***', 'transform', 'scheduled__2024-08-21T00:00:00+00:00', '--job-id', '4308', '--raw', '--subdir', 'DAGS_FOLDER/etl_dag.py', '--cfg-path', '/tmp/tmp5pbnk_wt']
[2025-12-16T17:13:26.516+0000] {standard_task_runner.py:88} INFO - Job 4308: Subtask transform
[2025-12-16T17:13:26.728+0000] {task_command.py:423} INFO - Running <TaskInstance: etl_airflow.transform scheduled__2024-08-21T00:00:00+00:00 [running]> on host 3b89cfee50e9
[2025-12-16T17:13:26.992+0000] {taskinstance.py:2480} INFO - Exporting env vars: AIRFLOW_CTX_DAG_OWNER='***' AIRFLOW_CTX_DAG_ID='etl_***' AIRFLOW_CTX_TASK_ID='transform' AIRFLOW_CTX_EXECUTION_DATE='2024-08-21T00:00:00+00:00' AIRFLOW_CTX_TRY_NUMBER='1' AIRFLOW_CTX_DAG_RUN_ID='scheduled__2024-08-21T00:00:00+00:00'
[2025-12-16T17:13:26.997+0000] {logging_mixin.py:188} INFO - [TRANSFORM]
[2025-12-16T17:13:27.314+0000] {logging_mixin.py:188} INFO - [TRANSFORM] done
[2025-12-16T17:13:27.315+0000] {python.py:201} INFO - Done. Returned value was: None
[2025-12-16T17:13:27.331+0000] {taskinstance.py:1138} INFO - Marking task as SUCCESS. dag_id=etl_***, task_id=transform, execution_date=20240821T000000, start_date=20251216T171326, end_date=20251216T171327
[2025-12-16T17:13:27.410+0000] {local_task_job_runner.py:234} INFO - Task exited with return code 0
[2025-12-16T17:13:27.447+0000] {taskinstance.py:3280} INFO - 1 downstream tasks scheduled from follow-on schedule check
[2025-12-17T01:54:14.235+0000] {taskinstance.py:1956} INFO - Dependencies all met for dep_context=non-requeueable deps ti=<TaskInstance: etl_airflow.transform scheduled__2024-08-21T00:00:00+00:00 [queued]>
[2025-12-17T01:54:14.266+0000] {taskinstance.py:1956} INFO - Dependencies all met for dep_context=requeueable deps ti=<TaskInstance: etl_airflow.transform scheduled__2024-08-21T00:00:00+00:00 [queued]>
[2025-12-17T01:54:14.268+0000] {taskinstance.py:2170} INFO - Starting attempt 1 of 3
[2025-12-17T01:54:14.305+0000] {taskinstance.py:2191} INFO - Executing <Task(PythonOperator): transform> on 2024-08-21 00:00:00+00:00
[2025-12-17T01:54:14.323+0000] {standard_task_runner.py:60} INFO - Started process 2460 to run task
[2025-12-17T01:54:14.338+0000] {standard_task_runner.py:87} INFO - Running: ['***', 'tasks', 'run', 'etl_***', 'transform', 'scheduled__2024-08-21T00:00:00+00:00', '--job-id', '709', '--raw', '--subdir', 'DAGS_FOLDER/etl_dag.py', '--cfg-path', '/tmp/tmphwevn249']
[2025-12-17T01:54:14.345+0000] {standard_task_runner.py:88} INFO - Job 709: Subtask transform
[2025-12-17T01:54:14.587+0000] {task_command.py:423} INFO - Running <TaskInstance: etl_airflow.transform scheduled__2024-08-21T00:00:00+00:00 [running]> on host 571e042550da
[2025-12-17T01:54:15.289+0000] {taskinstance.py:2480} INFO - Exporting env vars: AIRFLOW_CTX_DAG_OWNER='***' AIRFLOW_CTX_DAG_ID='etl_***' AIRFLOW_CTX_TASK_ID='transform' AIRFLOW_CTX_EXECUTION_DATE='2024-08-21T00:00:00+00:00' AIRFLOW_CTX_TRY_NUMBER='1' AIRFLOW_CTX_DAG_RUN_ID='scheduled__2024-08-21T00:00:00+00:00'
[2025-12-17T01:54:15.293+0000] {logging_mixin.py:188} INFO - [TRANSFORM]
[2025-12-17T01:54:15.334+0000] {logging_mixin.py:188} INFO - [TRANSFORM] done
[2025-12-17T01:54:15.335+0000] {python.py:201} INFO - Done. Returned value was: None
[2025-12-17T01:54:15.360+0000] {taskinstance.py:1138} INFO - Marking task as SUCCESS. dag_id=etl_***, task_id=transform, execution_date=20240821T000000, start_date=20251217T015414, end_date=20251217T015415
[2025-12-17T01:54:15.452+0000] {local_task_job_runner.py:234} INFO - Task exited with return code 0
[2025-12-17T01:54:15.521+0000] {taskinstance.py:3280} INFO - 1 downstream tasks scheduled from follow-on schedule check
[2025-12-17T04:50:33.262+0000] {taskinstance.py:1956} INFO - Dependencies all met for dep_context=non-requeueable deps ti=<TaskInstance: etl_airflow.transform scheduled__2024-08-21T00:00:00+00:00 [queued]>
[2025-12-17T04:50:33.287+0000] {taskinstance.py:1956} INFO - Dependencies all met for dep_context=requeueable deps ti=<TaskInstance: etl_airflow.transform scheduled__2024-08-21T00:00:00+00:00 [queued]>
[2025-12-17T04:50:33.288+0000] {taskinstance.py:2170} INFO - Starting attempt 1 of 3
[2025-12-17T04:50:33.331+0000] {taskinstance.py:2191} INFO - Executing <Task(PythonOperator): transform> on 2024-08-21 00:00:00+00:00
[2025-12-17T04:50:33.339+0000] {standard_task_runner.py:60} INFO - Started process 3261 to run task
[2025-12-17T04:50:33.344+0000] {standard_task_runner.py:87} INFO - Running: ['***', 'tasks', 'run', 'etl_***', 'transform', 'scheduled__2024-08-21T00:00:00+00:00', '--job-id', '923', '--raw', '--subdir', 'DAGS_FOLDER/etl_***.py', '--cfg-path', '/tmp/tmpq4wv3h75']
[2025-12-17T04:50:33.347+0000] {standard_task_runner.py:88} INFO - Job 923: Subtask transform
[2025-12-17T04:50:33.462+0000] {task_command.py:423} INFO - Running <TaskInstance: etl_airflow.transform scheduled__2024-08-21T00:00:00+00:00 [running]> on host b3426f05ac70
[2025-12-17T04:50:33.822+0000] {taskinstance.py:2480} INFO - Exporting env vars: AIRFLOW_CTX_DAG_OWNER='***' AIRFLOW_CTX_DAG_ID='etl_***' AIRFLOW_CTX_TASK_ID='transform' AIRFLOW_CTX_EXECUTION_DATE='2024-08-21T00:00:00+00:00' AIRFLOW_CTX_TRY_NUMBER='1' AIRFLOW_CTX_DAG_RUN_ID='scheduled__2024-08-21T00:00:00+00:00'
[2025-12-17T04:50:33.826+0000] {taskinstance.py:2698} ERROR - Task failed with exception
Traceback (most recent call last):
  File "/home/airflow/.local/lib/python3.8/site-packages/airflow/models/taskinstance.py", line 433, in _execute_task
    result = execute_callable(context=context, **execute_callable_kwargs)
  File "/home/airflow/.local/lib/python3.8/site-packages/airflow/operators/python.py", line 199, in execute
    return_value = self.execute_callable()
  File "/home/airflow/.local/lib/python3.8/site-packages/airflow/operators/python.py", line 216, in execute_callable
    return self.python_callable(*self.op_args, **self.op_kwargs)
TypeError: transform_data() missing 1 required positional argument: 'df'
[2025-12-17T04:50:33.841+0000] {taskinstance.py:1138} INFO - Marking task as UP_FOR_RETRY. dag_id=etl_***, task_id=transform, execution_date=20240821T000000, start_date=20251217T045033, end_date=20251217T045033
[2025-12-17T04:50:33.859+0000] {standard_task_runner.py:107} ERROR - Failed to execute job 923 for task transform (transform_data() missing 1 required positional argument: 'df'; 3261)
[2025-12-17T04:50:33.921+0000] {local_task_job_runner.py:234} INFO - Task exited with return code 1
[2025-12-17T04:50:34.265+0000] {taskinstance.py:3280} INFO - 0 downstream tasks scheduled from follow-on schedule check
[2025-12-17T07:44:25.054+0000] {taskinstance.py:1956} INFO - Dependencies all met for dep_context=non-requeueable deps ti=<TaskInstance: etl_airflow.transform scheduled__2024-08-21T00:00:00+00:00 [queued]>
[2025-12-17T07:44:25.072+0000] {taskinstance.py:1956} INFO - Dependencies all met for dep_context=requeueable deps ti=<TaskInstance: etl_airflow.transform scheduled__2024-08-21T00:00:00+00:00 [queued]>
[2025-12-17T07:44:25.074+0000] {taskinstance.py:2170} INFO - Starting attempt 1 of 3
[2025-12-17T07:44:25.095+0000] {taskinstance.py:2191} INFO - Executing <Task(PythonOperator): transform> on 2024-08-21 00:00:00+00:00
[2025-12-17T07:44:25.104+0000] {standard_task_runner.py:60} INFO - Started process 3332 to run task
[2025-12-17T07:44:25.114+0000] {standard_task_runner.py:87} INFO - Running: ['***', 'tasks', 'run', 'etl_***', 'transform', 'scheduled__2024-08-21T00:00:00+00:00', '--job-id', '925', '--raw', '--subdir', 'DAGS_FOLDER/etl_***.py', '--cfg-path', '/tmp/tmplcgirc8c']
[2025-12-17T07:44:25.123+0000] {standard_task_runner.py:88} INFO - Job 925: Subtask transform
[2025-12-17T07:44:25.354+0000] {task_command.py:423} INFO - Running <TaskInstance: etl_airflow.transform scheduled__2024-08-21T00:00:00+00:00 [running]> on host 2a0de06c8905
[2025-12-17T07:44:25.884+0000] {taskinstance.py:2480} INFO - Exporting env vars: AIRFLOW_CTX_DAG_OWNER='***' AIRFLOW_CTX_DAG_ID='etl_***' AIRFLOW_CTX_TASK_ID='transform' AIRFLOW_CTX_EXECUTION_DATE='2024-08-21T00:00:00+00:00' AIRFLOW_CTX_TRY_NUMBER='1' AIRFLOW_CTX_DAG_RUN_ID='scheduled__2024-08-21T00:00:00+00:00'
[2025-12-17T07:44:25.886+0000] {taskinstance.py:2698} ERROR - Task failed with exception
Traceback (most recent call last):
  File "/home/airflow/.local/lib/python3.8/site-packages/airflow/models/taskinstance.py", line 433, in _execute_task
    result = execute_callable(context=context, **execute_callable_kwargs)
  File "/home/airflow/.local/lib/python3.8/site-packages/airflow/operators/python.py", line 199, in execute
    return_value = self.execute_callable()
  File "/home/airflow/.local/lib/python3.8/site-packages/airflow/operators/python.py", line 216, in execute_callable
    return self.python_callable(*self.op_args, **self.op_kwargs)
TypeError: transform_data() missing 1 required positional argument: 'df'
[2025-12-17T07:44:25.906+0000] {taskinstance.py:1138} INFO - Marking task as UP_FOR_RETRY. dag_id=etl_***, task_id=transform, execution_date=20240821T000000, start_date=20251217T074425, end_date=20251217T074425
[2025-12-17T07:44:25.968+0000] {standard_task_runner.py:107} ERROR - Failed to execute job 925 for task transform (transform_data() missing 1 required positional argument: 'df'; 3332)
[2025-12-17T07:44:26.014+0000] {local_task_job_runner.py:234} INFO - Task exited with return code 1
[2025-12-17T07:44:26.049+0000] {taskinstance.py:3280} INFO - 0 downstream tasks scheduled from follow-on schedule check
