[2025-12-16T16:39:03.501+0000] {taskinstance.py:1956} INFO - Dependencies all met for dep_context=non-requeueable deps ti=<TaskInstance: etl_airflow.extract scheduled__2024-09-17T00:00:00+00:00 [queued]>
[2025-12-16T16:39:03.517+0000] {taskinstance.py:1956} INFO - Dependencies all met for dep_context=requeueable deps ti=<TaskInstance: etl_airflow.extract scheduled__2024-09-17T00:00:00+00:00 [queued]>
[2025-12-16T16:39:03.519+0000] {taskinstance.py:2170} INFO - Starting attempt 1 of 3
[2025-12-16T16:39:03.602+0000] {taskinstance.py:2191} INFO - Executing <Task(PythonOperator): extract> on 2024-09-17 00:00:00+00:00
[2025-12-16T16:39:03.613+0000] {standard_task_runner.py:60} INFO - Started process 1465 to run task
[2025-12-16T16:39:03.621+0000] {standard_task_runner.py:87} INFO - Running: ['***', 'tasks', 'run', 'etl_***', 'extract', 'scheduled__2024-09-17T00:00:00+00:00', '--job-id', '775', '--raw', '--subdir', 'DAGS_FOLDER/etl_dag.py', '--cfg-path', '/tmp/tmpfj2_hh0e']
[2025-12-16T16:39:03.627+0000] {standard_task_runner.py:88} INFO - Job 775: Subtask extract
[2025-12-16T16:39:03.758+0000] {task_command.py:423} INFO - Running <TaskInstance: etl_airflow.extract scheduled__2024-09-17T00:00:00+00:00 [running]> on host 02b83863a69a
[2025-12-16T16:39:03.931+0000] {taskinstance.py:2480} INFO - Exporting env vars: AIRFLOW_CTX_DAG_OWNER='***' AIRFLOW_CTX_DAG_ID='etl_***' AIRFLOW_CTX_TASK_ID='extract' AIRFLOW_CTX_EXECUTION_DATE='2024-09-17T00:00:00+00:00' AIRFLOW_CTX_TRY_NUMBER='1' AIRFLOW_CTX_DAG_RUN_ID='scheduled__2024-09-17T00:00:00+00:00'
[2025-12-16T16:39:03.934+0000] {logging_mixin.py:188} INFO - Extracting data from /opt/***/data/input.csv
[2025-12-16T16:39:03.941+0000] {taskinstance.py:2698} ERROR - Task failed with exception
Traceback (most recent call last):
  File "/home/airflow/.local/lib/python3.8/site-packages/airflow/models/taskinstance.py", line 433, in _execute_task
    result = execute_callable(context=context, **execute_callable_kwargs)
  File "/home/airflow/.local/lib/python3.8/site-packages/airflow/operators/python.py", line 199, in execute
    return_value = self.execute_callable()
  File "/home/airflow/.local/lib/python3.8/site-packages/airflow/operators/python.py", line 216, in execute_callable
    return self.python_callable(*self.op_args, **self.op_kwargs)
  File "/opt/airflow/etl_logic/pipeline.py", line 97, in extract_data
    df = pd.read_csv(input_path)
  File "/home/airflow/.local/lib/python3.8/site-packages/pandas/io/parsers/readers.py", line 912, in read_csv
    return _read(filepath_or_buffer, kwds)
  File "/home/airflow/.local/lib/python3.8/site-packages/pandas/io/parsers/readers.py", line 577, in _read
    parser = TextFileReader(filepath_or_buffer, **kwds)
  File "/home/airflow/.local/lib/python3.8/site-packages/pandas/io/parsers/readers.py", line 1407, in __init__
    self._engine = self._make_engine(f, self.engine)
  File "/home/airflow/.local/lib/python3.8/site-packages/pandas/io/parsers/readers.py", line 1661, in _make_engine
    self.handles = get_handle(
  File "/home/airflow/.local/lib/python3.8/site-packages/pandas/io/common.py", line 859, in get_handle
    handle = open(
FileNotFoundError: [Errno 2] No such file or directory: '/opt/airflow/data/input.csv'
[2025-12-16T16:39:03.967+0000] {taskinstance.py:1138} INFO - Marking task as UP_FOR_RETRY. dag_id=etl_***, task_id=extract, execution_date=20240917T000000, start_date=20251216T163903, end_date=20251216T163903
[2025-12-16T16:39:03.993+0000] {standard_task_runner.py:107} ERROR - Failed to execute job 775 for task extract ([Errno 2] No such file or directory: '/opt/airflow/data/input.csv'; 1465)
[2025-12-16T16:39:04.034+0000] {local_task_job_runner.py:234} INFO - Task exited with return code 1
[2025-12-16T16:39:04.364+0000] {taskinstance.py:3280} INFO - 0 downstream tasks scheduled from follow-on schedule check
[2025-12-17T01:54:39.062+0000] {taskinstance.py:1956} INFO - Dependencies all met for dep_context=non-requeueable deps ti=<TaskInstance: etl_airflow.extract scheduled__2024-09-17T00:00:00+00:00 [queued]>
[2025-12-17T01:54:39.083+0000] {taskinstance.py:1956} INFO - Dependencies all met for dep_context=requeueable deps ti=<TaskInstance: etl_airflow.extract scheduled__2024-09-17T00:00:00+00:00 [queued]>
[2025-12-17T01:54:39.084+0000] {taskinstance.py:2170} INFO - Starting attempt 1 of 3
[2025-12-17T01:54:39.111+0000] {taskinstance.py:2191} INFO - Executing <Task(PythonOperator): extract> on 2024-09-17 00:00:00+00:00
[2025-12-17T01:54:39.127+0000] {standard_task_runner.py:60} INFO - Started process 2687 to run task
[2025-12-17T01:54:39.152+0000] {standard_task_runner.py:87} INFO - Running: ['***', 'tasks', 'run', 'etl_***', 'extract', 'scheduled__2024-09-17T00:00:00+00:00', '--job-id', '778', '--raw', '--subdir', 'DAGS_FOLDER/etl_dag.py', '--cfg-path', '/tmp/tmpqoi13ql6']
[2025-12-17T01:54:39.157+0000] {standard_task_runner.py:88} INFO - Job 778: Subtask extract
[2025-12-17T01:54:39.320+0000] {task_command.py:423} INFO - Running <TaskInstance: etl_airflow.extract scheduled__2024-09-17T00:00:00+00:00 [running]> on host 571e042550da
[2025-12-17T01:54:39.892+0000] {taskinstance.py:2480} INFO - Exporting env vars: AIRFLOW_CTX_DAG_OWNER='***' AIRFLOW_CTX_DAG_ID='etl_***' AIRFLOW_CTX_TASK_ID='extract' AIRFLOW_CTX_EXECUTION_DATE='2024-09-17T00:00:00+00:00' AIRFLOW_CTX_TRY_NUMBER='1' AIRFLOW_CTX_DAG_RUN_ID='scheduled__2024-09-17T00:00:00+00:00'
[2025-12-17T01:54:39.897+0000] {logging_mixin.py:188} INFO - [EXTRACT] Reading /opt/***/data/synthetic_events.csv
[2025-12-17T01:54:40.028+0000] {logging_mixin.py:188} INFO - [EXTRACT] done
[2025-12-17T01:54:40.033+0000] {python.py:201} INFO - Done. Returned value was: None
[2025-12-17T01:54:40.065+0000] {taskinstance.py:1138} INFO - Marking task as SUCCESS. dag_id=etl_***, task_id=extract, execution_date=20240917T000000, start_date=20251217T015439, end_date=20251217T015440
[2025-12-17T01:54:40.248+0000] {local_task_job_runner.py:234} INFO - Task exited with return code 0
[2025-12-17T01:54:40.667+0000] {taskinstance.py:3280} INFO - 0 downstream tasks scheduled from follow-on schedule check
[2025-12-17T04:51:38.757+0000] {taskinstance.py:1956} INFO - Dependencies all met for dep_context=non-requeueable deps ti=<TaskInstance: etl_airflow.extract scheduled__2024-09-17T00:00:00+00:00 [queued]>
[2025-12-17T04:51:38.773+0000] {taskinstance.py:1956} INFO - Dependencies all met for dep_context=requeueable deps ti=<TaskInstance: etl_airflow.extract scheduled__2024-09-17T00:00:00+00:00 [queued]>
[2025-12-17T04:51:38.774+0000] {taskinstance.py:2170} INFO - Starting attempt 1 of 3
[2025-12-17T04:51:38.798+0000] {taskinstance.py:2191} INFO - Executing <Task(PythonOperator): extract> on 2024-09-17 00:00:00+00:00
[2025-12-17T04:51:38.809+0000] {standard_task_runner.py:60} INFO - Started process 3625 to run task
[2025-12-17T04:51:38.814+0000] {standard_task_runner.py:87} INFO - Running: ['***', 'tasks', 'run', 'etl_***', 'extract', 'scheduled__2024-09-17T00:00:00+00:00', '--job-id', '1030', '--raw', '--subdir', 'DAGS_FOLDER/etl_***.py', '--cfg-path', '/tmp/tmptctnsyuh']
[2025-12-17T04:51:38.817+0000] {standard_task_runner.py:88} INFO - Job 1030: Subtask extract
[2025-12-17T04:51:38.928+0000] {task_command.py:423} INFO - Running <TaskInstance: etl_airflow.extract scheduled__2024-09-17T00:00:00+00:00 [running]> on host b3426f05ac70
[2025-12-17T04:51:39.276+0000] {taskinstance.py:2480} INFO - Exporting env vars: AIRFLOW_CTX_DAG_OWNER='***' AIRFLOW_CTX_DAG_ID='etl_***' AIRFLOW_CTX_TASK_ID='extract' AIRFLOW_CTX_EXECUTION_DATE='2024-09-17T00:00:00+00:00' AIRFLOW_CTX_TRY_NUMBER='1' AIRFLOW_CTX_DAG_RUN_ID='scheduled__2024-09-17T00:00:00+00:00'
[2025-12-17T04:51:39.299+0000] {python.py:201} INFO - Done. Returned value was:    user_id event_type           timestamp country
0        1      login 2025-01-01 09:00:00      IN
1        1      click 2025-01-01 09:05:00      IN
2        1     logout 2025-01-01 09:15:00      IN
3        2      login 2025-01-01 10:00:00      US
4        2      click 2025-01-01 10:10:00      US
5        2     logout 2025-01-01 10:20:00      US
6        3      login 2025-01-02 08:00:00      FR
7        3      click 2025-01-02 08:05:00      FR
8        3     logout 2025-01-02 08:30:00      FR
[2025-12-17T04:51:39.353+0000] {taskinstance.py:1138} INFO - Marking task as SUCCESS. dag_id=etl_***, task_id=extract, execution_date=20240917T000000, start_date=20251217T045138, end_date=20251217T045139
[2025-12-17T04:51:39.551+0000] {local_task_job_runner.py:234} INFO - Task exited with return code 0
[2025-12-17T04:51:39.605+0000] {taskinstance.py:3280} INFO - 1 downstream tasks scheduled from follow-on schedule check
[2025-12-17T07:45:34.724+0000] {taskinstance.py:1956} INFO - Dependencies all met for dep_context=non-requeueable deps ti=<TaskInstance: etl_airflow.extract scheduled__2024-09-17T00:00:00+00:00 [queued]>
[2025-12-17T07:45:34.743+0000] {taskinstance.py:1956} INFO - Dependencies all met for dep_context=requeueable deps ti=<TaskInstance: etl_airflow.extract scheduled__2024-09-17T00:00:00+00:00 [queued]>
[2025-12-17T07:45:34.744+0000] {taskinstance.py:2170} INFO - Starting attempt 1 of 3
[2025-12-17T07:45:34.786+0000] {taskinstance.py:2191} INFO - Executing <Task(PythonOperator): extract> on 2024-09-17 00:00:00+00:00
[2025-12-17T07:45:34.799+0000] {standard_task_runner.py:60} INFO - Started process 3690 to run task
[2025-12-17T07:45:34.813+0000] {standard_task_runner.py:87} INFO - Running: ['***', 'tasks', 'run', 'etl_***', 'extract', 'scheduled__2024-09-17T00:00:00+00:00', '--job-id', '1032', '--raw', '--subdir', 'DAGS_FOLDER/etl_***.py', '--cfg-path', '/tmp/tmpzfjz9hqw']
[2025-12-17T07:45:34.818+0000] {standard_task_runner.py:88} INFO - Job 1032: Subtask extract
[2025-12-17T07:45:34.997+0000] {task_command.py:423} INFO - Running <TaskInstance: etl_airflow.extract scheduled__2024-09-17T00:00:00+00:00 [running]> on host 2a0de06c8905
[2025-12-17T07:45:35.488+0000] {taskinstance.py:2480} INFO - Exporting env vars: AIRFLOW_CTX_DAG_OWNER='***' AIRFLOW_CTX_DAG_ID='etl_***' AIRFLOW_CTX_TASK_ID='extract' AIRFLOW_CTX_EXECUTION_DATE='2024-09-17T00:00:00+00:00' AIRFLOW_CTX_TRY_NUMBER='1' AIRFLOW_CTX_DAG_RUN_ID='scheduled__2024-09-17T00:00:00+00:00'
[2025-12-17T07:45:35.509+0000] {python.py:201} INFO - Done. Returned value was:    user_id event_type           timestamp country
0        1      login 2025-01-01 09:00:00      IN
1        1      click 2025-01-01 09:05:00      IN
2        1     logout 2025-01-01 09:15:00      IN
3        2      login 2025-01-01 10:00:00      US
4        2      click 2025-01-01 10:10:00      US
5        2     logout 2025-01-01 10:20:00      US
6        3      login 2025-01-02 08:00:00      FR
7        3      click 2025-01-02 08:05:00      FR
8        3     logout 2025-01-02 08:30:00      FR
[2025-12-17T07:45:35.585+0000] {taskinstance.py:1138} INFO - Marking task as SUCCESS. dag_id=etl_***, task_id=extract, execution_date=20240917T000000, start_date=20251217T074534, end_date=20251217T074535
[2025-12-17T07:45:35.710+0000] {local_task_job_runner.py:234} INFO - Task exited with return code 0
[2025-12-17T07:45:35.771+0000] {taskinstance.py:3280} INFO - 1 downstream tasks scheduled from follow-on schedule check
