[2025-12-16T17:15:01.705+0000] {taskinstance.py:1956} INFO - Dependencies all met for dep_context=non-requeueable deps ti=<TaskInstance: etl_airflow.transform scheduled__2024-11-23T00:00:00+00:00 [queued]>
[2025-12-16T17:15:01.742+0000] {taskinstance.py:1956} INFO - Dependencies all met for dep_context=requeueable deps ti=<TaskInstance: etl_airflow.transform scheduled__2024-11-23T00:00:00+00:00 [queued]>
[2025-12-16T17:15:01.743+0000] {taskinstance.py:2170} INFO - Starting attempt 1 of 3
[2025-12-16T17:15:01.810+0000] {taskinstance.py:2191} INFO - Executing <Task(PythonOperator): transform> on 2024-11-23 00:00:00+00:00
[2025-12-16T17:15:01.826+0000] {standard_task_runner.py:60} INFO - Started process 1708 to run task
[2025-12-16T17:15:01.853+0000] {standard_task_runner.py:87} INFO - Running: ['***', 'tasks', 'run', 'etl_***', 'transform', 'scheduled__2024-11-23T00:00:00+00:00', '--job-id', '4616', '--raw', '--subdir', 'DAGS_FOLDER/etl_dag.py', '--cfg-path', '/tmp/tmp5vo1yakd']
[2025-12-16T17:15:01.859+0000] {standard_task_runner.py:88} INFO - Job 4616: Subtask transform
[2025-12-16T17:15:02.089+0000] {task_command.py:423} INFO - Running <TaskInstance: etl_airflow.transform scheduled__2024-11-23T00:00:00+00:00 [running]> on host 3b89cfee50e9
[2025-12-16T17:15:02.344+0000] {taskinstance.py:2480} INFO - Exporting env vars: AIRFLOW_CTX_DAG_OWNER='***' AIRFLOW_CTX_DAG_ID='etl_***' AIRFLOW_CTX_TASK_ID='transform' AIRFLOW_CTX_EXECUTION_DATE='2024-11-23T00:00:00+00:00' AIRFLOW_CTX_TRY_NUMBER='1' AIRFLOW_CTX_DAG_RUN_ID='scheduled__2024-11-23T00:00:00+00:00'
[2025-12-16T17:15:02.348+0000] {logging_mixin.py:188} INFO - [TRANSFORM]
[2025-12-16T17:15:02.840+0000] {logging_mixin.py:188} INFO - [TRANSFORM] done
[2025-12-16T17:15:02.842+0000] {python.py:201} INFO - Done. Returned value was: None
[2025-12-16T17:15:02.872+0000] {taskinstance.py:1138} INFO - Marking task as SUCCESS. dag_id=etl_***, task_id=transform, execution_date=20241123T000000, start_date=20251216T171501, end_date=20251216T171502
[2025-12-16T17:15:02.963+0000] {local_task_job_runner.py:234} INFO - Task exited with return code 0
[2025-12-16T17:15:03.157+0000] {taskinstance.py:3280} INFO - 1 downstream tasks scheduled from follow-on schedule check
[2025-12-17T01:55:57.846+0000] {taskinstance.py:1956} INFO - Dependencies all met for dep_context=non-requeueable deps ti=<TaskInstance: etl_airflow.transform scheduled__2024-11-23T00:00:00+00:00 [queued]>
[2025-12-17T01:55:57.875+0000] {taskinstance.py:1956} INFO - Dependencies all met for dep_context=requeueable deps ti=<TaskInstance: etl_airflow.transform scheduled__2024-11-23T00:00:00+00:00 [queued]>
[2025-12-17T01:55:57.877+0000] {taskinstance.py:2170} INFO - Starting attempt 1 of 3
[2025-12-17T01:55:57.910+0000] {taskinstance.py:2191} INFO - Executing <Task(PythonOperator): transform> on 2024-11-23 00:00:00+00:00
[2025-12-17T01:55:57.921+0000] {standard_task_runner.py:60} INFO - Started process 3405 to run task
[2025-12-17T01:55:57.930+0000] {standard_task_runner.py:87} INFO - Running: ['***', 'tasks', 'run', 'etl_***', 'transform', 'scheduled__2024-11-23T00:00:00+00:00', '--job-id', '1005', '--raw', '--subdir', 'DAGS_FOLDER/etl_dag.py', '--cfg-path', '/tmp/tmpfumzfak_']
[2025-12-17T01:55:57.940+0000] {standard_task_runner.py:88} INFO - Job 1005: Subtask transform
[2025-12-17T01:55:58.118+0000] {task_command.py:423} INFO - Running <TaskInstance: etl_airflow.transform scheduled__2024-11-23T00:00:00+00:00 [running]> on host 571e042550da
[2025-12-17T01:55:58.784+0000] {taskinstance.py:2480} INFO - Exporting env vars: AIRFLOW_CTX_DAG_OWNER='***' AIRFLOW_CTX_DAG_ID='etl_***' AIRFLOW_CTX_TASK_ID='transform' AIRFLOW_CTX_EXECUTION_DATE='2024-11-23T00:00:00+00:00' AIRFLOW_CTX_TRY_NUMBER='1' AIRFLOW_CTX_DAG_RUN_ID='scheduled__2024-11-23T00:00:00+00:00'
[2025-12-17T01:55:58.789+0000] {logging_mixin.py:188} INFO - [TRANSFORM]
[2025-12-17T01:55:58.830+0000] {logging_mixin.py:188} INFO - [TRANSFORM] done
[2025-12-17T01:55:58.831+0000] {python.py:201} INFO - Done. Returned value was: None
[2025-12-17T01:55:58.872+0000] {taskinstance.py:1138} INFO - Marking task as SUCCESS. dag_id=etl_***, task_id=transform, execution_date=20241123T000000, start_date=20251217T015557, end_date=20251217T015558
[2025-12-17T01:55:58.977+0000] {local_task_job_runner.py:234} INFO - Task exited with return code 0
[2025-12-17T01:55:59.070+0000] {taskinstance.py:3280} INFO - 1 downstream tasks scheduled from follow-on schedule check
[2025-12-17T04:54:03.284+0000] {taskinstance.py:1956} INFO - Dependencies all met for dep_context=non-requeueable deps ti=<TaskInstance: etl_airflow.transform scheduled__2024-11-23T00:00:00+00:00 [queued]>
[2025-12-17T04:54:03.302+0000] {taskinstance.py:1956} INFO - Dependencies all met for dep_context=requeueable deps ti=<TaskInstance: etl_airflow.transform scheduled__2024-11-23T00:00:00+00:00 [queued]>
[2025-12-17T04:54:03.303+0000] {taskinstance.py:2170} INFO - Starting attempt 1 of 3
[2025-12-17T04:54:03.409+0000] {taskinstance.py:2191} INFO - Executing <Task(PythonOperator): transform> on 2024-11-23 00:00:00+00:00
[2025-12-17T04:54:03.419+0000] {standard_task_runner.py:60} INFO - Started process 4520 to run task
[2025-12-17T04:54:03.425+0000] {standard_task_runner.py:87} INFO - Running: ['***', 'tasks', 'run', 'etl_***', 'transform', 'scheduled__2024-11-23T00:00:00+00:00', '--job-id', '1303', '--raw', '--subdir', 'DAGS_FOLDER/etl_***.py', '--cfg-path', '/tmp/tmp9uwwlpv0']
[2025-12-17T04:54:03.429+0000] {standard_task_runner.py:88} INFO - Job 1303: Subtask transform
[2025-12-17T04:54:03.537+0000] {task_command.py:423} INFO - Running <TaskInstance: etl_airflow.transform scheduled__2024-11-23T00:00:00+00:00 [running]> on host b3426f05ac70
[2025-12-17T04:54:03.895+0000] {taskinstance.py:2480} INFO - Exporting env vars: AIRFLOW_CTX_DAG_OWNER='***' AIRFLOW_CTX_DAG_ID='etl_***' AIRFLOW_CTX_TASK_ID='transform' AIRFLOW_CTX_EXECUTION_DATE='2024-11-23T00:00:00+00:00' AIRFLOW_CTX_TRY_NUMBER='1' AIRFLOW_CTX_DAG_RUN_ID='scheduled__2024-11-23T00:00:00+00:00'
[2025-12-17T04:54:03.897+0000] {taskinstance.py:2698} ERROR - Task failed with exception
Traceback (most recent call last):
  File "/home/airflow/.local/lib/python3.8/site-packages/airflow/models/taskinstance.py", line 433, in _execute_task
    result = execute_callable(context=context, **execute_callable_kwargs)
  File "/home/airflow/.local/lib/python3.8/site-packages/airflow/operators/python.py", line 199, in execute
    return_value = self.execute_callable()
  File "/home/airflow/.local/lib/python3.8/site-packages/airflow/operators/python.py", line 216, in execute_callable
    return self.python_callable(*self.op_args, **self.op_kwargs)
TypeError: transform_data() missing 1 required positional argument: 'df'
[2025-12-17T04:54:03.912+0000] {taskinstance.py:1138} INFO - Marking task as UP_FOR_RETRY. dag_id=etl_***, task_id=transform, execution_date=20241123T000000, start_date=20251217T045403, end_date=20251217T045403
[2025-12-17T04:54:04.003+0000] {standard_task_runner.py:107} ERROR - Failed to execute job 1303 for task transform (transform_data() missing 1 required positional argument: 'df'; 4520)
[2025-12-17T04:54:04.042+0000] {local_task_job_runner.py:234} INFO - Task exited with return code 1
[2025-12-17T04:54:04.080+0000] {taskinstance.py:3280} INFO - 0 downstream tasks scheduled from follow-on schedule check
[2025-12-17T07:59:18.230+0000] {taskinstance.py:1956} INFO - Dependencies all met for dep_context=non-requeueable deps ti=<TaskInstance: etl_airflow.transform scheduled__2024-11-23T00:00:00+00:00 [queued]>
[2025-12-17T07:59:18.246+0000] {taskinstance.py:1956} INFO - Dependencies all met for dep_context=requeueable deps ti=<TaskInstance: etl_airflow.transform scheduled__2024-11-23T00:00:00+00:00 [queued]>
[2025-12-17T07:59:18.247+0000] {taskinstance.py:2170} INFO - Starting attempt 1 of 3
[2025-12-17T07:59:18.268+0000] {taskinstance.py:2191} INFO - Executing <Task(PythonOperator): transform> on 2024-11-23 00:00:00+00:00
[2025-12-17T07:59:18.280+0000] {standard_task_runner.py:60} INFO - Started process 4619 to run task
[2025-12-17T07:59:18.286+0000] {standard_task_runner.py:87} INFO - Running: ['***', 'tasks', 'run', 'etl_***', 'transform', 'scheduled__2024-11-23T00:00:00+00:00', '--job-id', '1310', '--raw', '--subdir', 'DAGS_FOLDER/etl_***.py', '--cfg-path', '/tmp/tmpalerxdfi']
[2025-12-17T07:59:18.290+0000] {standard_task_runner.py:88} INFO - Job 1310: Subtask transform
[2025-12-17T07:59:18.417+0000] {task_command.py:423} INFO - Running <TaskInstance: etl_airflow.transform scheduled__2024-11-23T00:00:00+00:00 [running]> on host 2a0de06c8905
[2025-12-17T07:59:18.794+0000] {taskinstance.py:2480} INFO - Exporting env vars: AIRFLOW_CTX_DAG_OWNER='***' AIRFLOW_CTX_DAG_ID='etl_***' AIRFLOW_CTX_TASK_ID='transform' AIRFLOW_CTX_EXECUTION_DATE='2024-11-23T00:00:00+00:00' AIRFLOW_CTX_TRY_NUMBER='1' AIRFLOW_CTX_DAG_RUN_ID='scheduled__2024-11-23T00:00:00+00:00'
[2025-12-17T07:59:18.797+0000] {taskinstance.py:2698} ERROR - Task failed with exception
Traceback (most recent call last):
  File "/home/airflow/.local/lib/python3.8/site-packages/airflow/models/taskinstance.py", line 433, in _execute_task
    result = execute_callable(context=context, **execute_callable_kwargs)
  File "/home/airflow/.local/lib/python3.8/site-packages/airflow/operators/python.py", line 199, in execute
    return_value = self.execute_callable()
  File "/home/airflow/.local/lib/python3.8/site-packages/airflow/operators/python.py", line 216, in execute_callable
    return self.python_callable(*self.op_args, **self.op_kwargs)
TypeError: transform_data() missing 1 required positional argument: 'df'
[2025-12-17T07:59:18.810+0000] {taskinstance.py:1138} INFO - Marking task as UP_FOR_RETRY. dag_id=etl_***, task_id=transform, execution_date=20241123T000000, start_date=20251217T075918, end_date=20251217T075918
[2025-12-17T07:59:18.830+0000] {standard_task_runner.py:107} ERROR - Failed to execute job 1310 for task transform (transform_data() missing 1 required positional argument: 'df'; 4619)
[2025-12-17T07:59:18.861+0000] {local_task_job_runner.py:234} INFO - Task exited with return code 1
[2025-12-17T07:59:18.906+0000] {taskinstance.py:3280} INFO - 0 downstream tasks scheduled from follow-on schedule check
