[2025-12-16T16:34:48.654+0000] {taskinstance.py:1956} INFO - Dependencies all met for dep_context=non-requeueable deps ti=<TaskInstance: etl_airflow.extract scheduled__2024-05-20T00:00:00+00:00 [queued]>
[2025-12-16T16:34:48.666+0000] {taskinstance.py:1956} INFO - Dependencies all met for dep_context=requeueable deps ti=<TaskInstance: etl_airflow.extract scheduled__2024-05-20T00:00:00+00:00 [queued]>
[2025-12-16T16:34:48.668+0000] {taskinstance.py:2170} INFO - Starting attempt 1 of 3
[2025-12-16T16:34:48.690+0000] {taskinstance.py:2191} INFO - Executing <Task(PythonOperator): extract> on 2024-05-20 00:00:00+00:00
[2025-12-16T16:34:48.705+0000] {standard_task_runner.py:60} INFO - Started process 251 to run task
[2025-12-16T16:34:48.713+0000] {standard_task_runner.py:87} INFO - Running: ['***', 'tasks', 'run', 'etl_***', 'extract', 'scheduled__2024-05-20T00:00:00+00:00', '--job-id', '424', '--raw', '--subdir', 'DAGS_FOLDER/etl_dag.py', '--cfg-path', '/tmp/tmp762c1rvj']
[2025-12-16T16:34:48.717+0000] {standard_task_runner.py:88} INFO - Job 424: Subtask extract
[2025-12-16T16:34:48.843+0000] {task_command.py:423} INFO - Running <TaskInstance: etl_airflow.extract scheduled__2024-05-20T00:00:00+00:00 [running]> on host 02b83863a69a
[2025-12-16T16:34:48.965+0000] {taskinstance.py:2480} INFO - Exporting env vars: AIRFLOW_CTX_DAG_OWNER='***' AIRFLOW_CTX_DAG_ID='etl_***' AIRFLOW_CTX_TASK_ID='extract' AIRFLOW_CTX_EXECUTION_DATE='2024-05-20T00:00:00+00:00' AIRFLOW_CTX_TRY_NUMBER='1' AIRFLOW_CTX_DAG_RUN_ID='scheduled__2024-05-20T00:00:00+00:00'
[2025-12-16T16:34:48.968+0000] {logging_mixin.py:188} INFO - Extracting data from /opt/***/data/input.csv
[2025-12-16T16:34:48.972+0000] {taskinstance.py:2698} ERROR - Task failed with exception
Traceback (most recent call last):
  File "/home/airflow/.local/lib/python3.8/site-packages/airflow/models/taskinstance.py", line 433, in _execute_task
    result = execute_callable(context=context, **execute_callable_kwargs)
  File "/home/airflow/.local/lib/python3.8/site-packages/airflow/operators/python.py", line 199, in execute
    return_value = self.execute_callable()
  File "/home/airflow/.local/lib/python3.8/site-packages/airflow/operators/python.py", line 216, in execute_callable
    return self.python_callable(*self.op_args, **self.op_kwargs)
  File "/opt/airflow/dags/etl_logic/pipeline.py", line 97, in extract_data
    df = pd.read_csv(input_path)
  File "/home/airflow/.local/lib/python3.8/site-packages/pandas/io/parsers/readers.py", line 912, in read_csv
    return _read(filepath_or_buffer, kwds)
  File "/home/airflow/.local/lib/python3.8/site-packages/pandas/io/parsers/readers.py", line 577, in _read
    parser = TextFileReader(filepath_or_buffer, **kwds)
  File "/home/airflow/.local/lib/python3.8/site-packages/pandas/io/parsers/readers.py", line 1407, in __init__
    self._engine = self._make_engine(f, self.engine)
  File "/home/airflow/.local/lib/python3.8/site-packages/pandas/io/parsers/readers.py", line 1661, in _make_engine
    self.handles = get_handle(
  File "/home/airflow/.local/lib/python3.8/site-packages/pandas/io/common.py", line 859, in get_handle
    handle = open(
FileNotFoundError: [Errno 2] No such file or directory: '/opt/airflow/data/input.csv'
[2025-12-16T16:34:48.992+0000] {taskinstance.py:1138} INFO - Marking task as UP_FOR_RETRY. dag_id=etl_***, task_id=extract, execution_date=20240520T000000, start_date=20251216T163448, end_date=20251216T163448
[2025-12-16T16:34:49.010+0000] {standard_task_runner.py:107} ERROR - Failed to execute job 424 for task extract ([Errno 2] No such file or directory: '/opt/airflow/data/input.csv'; 251)
[2025-12-16T16:34:49.048+0000] {local_task_job_runner.py:234} INFO - Task exited with return code 1
[2025-12-16T16:34:49.081+0000] {taskinstance.py:3280} INFO - 0 downstream tasks scheduled from follow-on schedule check
[2025-12-17T01:52:33.541+0000] {taskinstance.py:1956} INFO - Dependencies all met for dep_context=non-requeueable deps ti=<TaskInstance: etl_airflow.extract scheduled__2024-05-20T00:00:00+00:00 [queued]>
[2025-12-17T01:52:33.565+0000] {taskinstance.py:1956} INFO - Dependencies all met for dep_context=requeueable deps ti=<TaskInstance: etl_airflow.extract scheduled__2024-05-20T00:00:00+00:00 [queued]>
[2025-12-17T01:52:33.568+0000] {taskinstance.py:2170} INFO - Starting attempt 1 of 3
[2025-12-17T01:52:33.599+0000] {taskinstance.py:2191} INFO - Executing <Task(PythonOperator): extract> on 2024-05-20 00:00:00+00:00
[2025-12-17T01:52:33.617+0000] {standard_task_runner.py:60} INFO - Started process 1547 to run task
[2025-12-17T01:52:33.625+0000] {standard_task_runner.py:87} INFO - Running: ['***', 'tasks', 'run', 'etl_***', 'extract', 'scheduled__2024-05-20T00:00:00+00:00', '--job-id', '417', '--raw', '--subdir', 'DAGS_FOLDER/etl_dag.py', '--cfg-path', '/tmp/tmp7317i3bt']
[2025-12-17T01:52:33.632+0000] {standard_task_runner.py:88} INFO - Job 417: Subtask extract
[2025-12-17T01:52:33.819+0000] {task_command.py:423} INFO - Running <TaskInstance: etl_airflow.extract scheduled__2024-05-20T00:00:00+00:00 [running]> on host 571e042550da
[2025-12-17T01:52:34.395+0000] {taskinstance.py:2480} INFO - Exporting env vars: AIRFLOW_CTX_DAG_OWNER='***' AIRFLOW_CTX_DAG_ID='etl_***' AIRFLOW_CTX_TASK_ID='extract' AIRFLOW_CTX_EXECUTION_DATE='2024-05-20T00:00:00+00:00' AIRFLOW_CTX_TRY_NUMBER='1' AIRFLOW_CTX_DAG_RUN_ID='scheduled__2024-05-20T00:00:00+00:00'
[2025-12-17T01:52:34.399+0000] {logging_mixin.py:188} INFO - [EXTRACT] Reading /opt/***/data/synthetic_events.csv
[2025-12-17T01:52:34.443+0000] {logging_mixin.py:188} INFO - [EXTRACT] done
[2025-12-17T01:52:34.445+0000] {python.py:201} INFO - Done. Returned value was: None
[2025-12-17T01:52:34.469+0000] {taskinstance.py:1138} INFO - Marking task as SUCCESS. dag_id=etl_***, task_id=extract, execution_date=20240520T000000, start_date=20251217T015233, end_date=20251217T015234
[2025-12-17T01:52:34.576+0000] {local_task_job_runner.py:234} INFO - Task exited with return code 0
[2025-12-17T01:52:34.636+0000] {taskinstance.py:3280} INFO - 1 downstream tasks scheduled from follow-on schedule check
[2025-12-17T04:20:06.455+0000] {taskinstance.py:1956} INFO - Dependencies all met for dep_context=non-requeueable deps ti=<TaskInstance: etl_airflow.extract scheduled__2024-05-20T00:00:00+00:00 [queued]>
[2025-12-17T04:20:06.471+0000] {taskinstance.py:1956} INFO - Dependencies all met for dep_context=requeueable deps ti=<TaskInstance: etl_airflow.extract scheduled__2024-05-20T00:00:00+00:00 [queued]>
[2025-12-17T04:20:06.472+0000] {taskinstance.py:2170} INFO - Starting attempt 1 of 3
[2025-12-17T04:20:06.495+0000] {taskinstance.py:2191} INFO - Executing <Task(PythonOperator): extract> on 2024-05-20 00:00:00+00:00
[2025-12-17T04:20:06.505+0000] {standard_task_runner.py:60} INFO - Started process 870 to run task
[2025-12-17T04:20:06.513+0000] {standard_task_runner.py:87} INFO - Running: ['***', 'tasks', 'run', 'etl_***', 'extract', 'scheduled__2024-05-20T00:00:00+00:00', '--job-id', '204', '--raw', '--subdir', 'DAGS_FOLDER/etl_***.py', '--cfg-path', '/tmp/tmp42_8v9f2']
[2025-12-17T04:20:06.517+0000] {standard_task_runner.py:88} INFO - Job 204: Subtask extract
[2025-12-17T04:20:06.620+0000] {task_command.py:423} INFO - Running <TaskInstance: etl_airflow.extract scheduled__2024-05-20T00:00:00+00:00 [running]> on host c5811fe183ca
[2025-12-17T04:20:06.927+0000] {taskinstance.py:2480} INFO - Exporting env vars: AIRFLOW_CTX_DAG_OWNER='***' AIRFLOW_CTX_DAG_ID='etl_***' AIRFLOW_CTX_TASK_ID='extract' AIRFLOW_CTX_EXECUTION_DATE='2024-05-20T00:00:00+00:00' AIRFLOW_CTX_TRY_NUMBER='1' AIRFLOW_CTX_DAG_RUN_ID='scheduled__2024-05-20T00:00:00+00:00'
[2025-12-17T04:20:06.948+0000] {python.py:201} INFO - Done. Returned value was:    user_id event_type           timestamp country
0        1      login 2025-01-01 09:00:00      IN
1        1      click 2025-01-01 09:05:00      IN
2        1     logout 2025-01-01 09:15:00      IN
3        2      login 2025-01-01 10:00:00      US
4        2      click 2025-01-01 10:10:00      US
5        2     logout 2025-01-01 10:20:00      US
6        3      login 2025-01-02 08:00:00      FR
7        3      click 2025-01-02 08:05:00      FR
8        3     logout 2025-01-02 08:30:00      FR
[2025-12-17T04:20:06.994+0000] {taskinstance.py:1138} INFO - Marking task as SUCCESS. dag_id=etl_***, task_id=extract, execution_date=20240520T000000, start_date=20251217T042006, end_date=20251217T042006
[2025-12-17T04:20:07.047+0000] {local_task_job_runner.py:234} INFO - Task exited with return code 0
[2025-12-17T04:20:07.087+0000] {taskinstance.py:3280} INFO - 0 downstream tasks scheduled from follow-on schedule check
[2025-12-17T04:47:05.116+0000] {taskinstance.py:1956} INFO - Dependencies all met for dep_context=non-requeueable deps ti=<TaskInstance: etl_airflow.extract scheduled__2024-05-20T00:00:00+00:00 [queued]>
[2025-12-17T04:47:05.136+0000] {taskinstance.py:1956} INFO - Dependencies all met for dep_context=requeueable deps ti=<TaskInstance: etl_airflow.extract scheduled__2024-05-20T00:00:00+00:00 [queued]>
[2025-12-17T04:47:05.138+0000] {taskinstance.py:2170} INFO - Starting attempt 1 of 3
[2025-12-17T04:47:05.164+0000] {taskinstance.py:2191} INFO - Executing <Task(PythonOperator): extract> on 2024-05-20 00:00:00+00:00
[2025-12-17T04:47:05.176+0000] {standard_task_runner.py:60} INFO - Started process 1978 to run task
[2025-12-17T04:47:05.188+0000] {standard_task_runner.py:87} INFO - Running: ['***', 'tasks', 'run', 'etl_***', 'extract', 'scheduled__2024-05-20T00:00:00+00:00', '--job-id', '530', '--raw', '--subdir', 'DAGS_FOLDER/etl_***.py', '--cfg-path', '/tmp/tmp34poy_fk']
[2025-12-17T04:47:05.193+0000] {standard_task_runner.py:88} INFO - Job 530: Subtask extract
[2025-12-17T04:47:05.356+0000] {task_command.py:423} INFO - Running <TaskInstance: etl_airflow.extract scheduled__2024-05-20T00:00:00+00:00 [running]> on host b3426f05ac70
[2025-12-17T04:47:05.796+0000] {taskinstance.py:2480} INFO - Exporting env vars: AIRFLOW_CTX_DAG_OWNER='***' AIRFLOW_CTX_DAG_ID='etl_***' AIRFLOW_CTX_TASK_ID='extract' AIRFLOW_CTX_EXECUTION_DATE='2024-05-20T00:00:00+00:00' AIRFLOW_CTX_TRY_NUMBER='1' AIRFLOW_CTX_DAG_RUN_ID='scheduled__2024-05-20T00:00:00+00:00'
[2025-12-17T04:47:05.822+0000] {python.py:201} INFO - Done. Returned value was:    user_id event_type           timestamp country
0        1      login 2025-01-01 09:00:00      IN
1        1      click 2025-01-01 09:05:00      IN
2        1     logout 2025-01-01 09:15:00      IN
3        2      login 2025-01-01 10:00:00      US
4        2      click 2025-01-01 10:10:00      US
5        2     logout 2025-01-01 10:20:00      US
6        3      login 2025-01-02 08:00:00      FR
7        3      click 2025-01-02 08:05:00      FR
8        3     logout 2025-01-02 08:30:00      FR
[2025-12-17T04:47:05.891+0000] {taskinstance.py:1138} INFO - Marking task as SUCCESS. dag_id=etl_***, task_id=extract, execution_date=20240520T000000, start_date=20251217T044705, end_date=20251217T044705
[2025-12-17T04:47:05.979+0000] {local_task_job_runner.py:234} INFO - Task exited with return code 0
[2025-12-17T04:47:06.331+0000] {taskinstance.py:3280} INFO - 0 downstream tasks scheduled from follow-on schedule check
[2025-12-17T07:40:33.447+0000] {taskinstance.py:1956} INFO - Dependencies all met for dep_context=non-requeueable deps ti=<TaskInstance: etl_airflow.extract scheduled__2024-05-20T00:00:00+00:00 [queued]>
[2025-12-17T07:40:33.478+0000] {taskinstance.py:1956} INFO - Dependencies all met for dep_context=requeueable deps ti=<TaskInstance: etl_airflow.extract scheduled__2024-05-20T00:00:00+00:00 [queued]>
[2025-12-17T07:40:33.480+0000] {taskinstance.py:2170} INFO - Starting attempt 1 of 3
[2025-12-17T07:40:33.526+0000] {taskinstance.py:2191} INFO - Executing <Task(PythonOperator): extract> on 2024-05-20 00:00:00+00:00
[2025-12-17T07:40:33.542+0000] {standard_task_runner.py:60} INFO - Started process 2049 to run task
[2025-12-17T07:40:33.569+0000] {standard_task_runner.py:87} INFO - Running: ['***', 'tasks', 'run', 'etl_***', 'extract', 'scheduled__2024-05-20T00:00:00+00:00', '--job-id', '533', '--raw', '--subdir', 'DAGS_FOLDER/etl_***.py', '--cfg-path', '/tmp/tmpd10h8jqc']
[2025-12-17T07:40:33.620+0000] {standard_task_runner.py:88} INFO - Job 533: Subtask extract
[2025-12-17T07:40:33.881+0000] {task_command.py:423} INFO - Running <TaskInstance: etl_airflow.extract scheduled__2024-05-20T00:00:00+00:00 [running]> on host 2a0de06c8905
[2025-12-17T07:40:34.443+0000] {taskinstance.py:2480} INFO - Exporting env vars: AIRFLOW_CTX_DAG_OWNER='***' AIRFLOW_CTX_DAG_ID='etl_***' AIRFLOW_CTX_TASK_ID='extract' AIRFLOW_CTX_EXECUTION_DATE='2024-05-20T00:00:00+00:00' AIRFLOW_CTX_TRY_NUMBER='1' AIRFLOW_CTX_DAG_RUN_ID='scheduled__2024-05-20T00:00:00+00:00'
[2025-12-17T07:40:34.495+0000] {python.py:201} INFO - Done. Returned value was:    user_id event_type           timestamp country
0        1      login 2025-01-01 09:00:00      IN
1        1      click 2025-01-01 09:05:00      IN
2        1     logout 2025-01-01 09:15:00      IN
3        2      login 2025-01-01 10:00:00      US
4        2      click 2025-01-01 10:10:00      US
5        2     logout 2025-01-01 10:20:00      US
6        3      login 2025-01-02 08:00:00      FR
7        3      click 2025-01-02 08:05:00      FR
8        3     logout 2025-01-02 08:30:00      FR
[2025-12-17T07:40:34.578+0000] {taskinstance.py:1138} INFO - Marking task as SUCCESS. dag_id=etl_***, task_id=extract, execution_date=20240520T000000, start_date=20251217T074033, end_date=20251217T074034
[2025-12-17T07:40:34.669+0000] {local_task_job_runner.py:234} INFO - Task exited with return code 0
[2025-12-17T07:40:34.776+0000] {taskinstance.py:3280} INFO - 1 downstream tasks scheduled from follow-on schedule check
