[2025-12-17T04:53:20.374+0000] {taskinstance.py:1956} INFO - Dependencies all met for dep_context=non-requeueable deps ti=<TaskInstance: etl_airflow.transform scheduled__2024-10-28T00:00:00+00:00 [queued]>
[2025-12-17T04:53:20.387+0000] {taskinstance.py:1956} INFO - Dependencies all met for dep_context=requeueable deps ti=<TaskInstance: etl_airflow.transform scheduled__2024-10-28T00:00:00+00:00 [queued]>
[2025-12-17T04:53:20.389+0000] {taskinstance.py:2170} INFO - Starting attempt 3 of 3
[2025-12-17T04:53:20.407+0000] {taskinstance.py:2191} INFO - Executing <Task(PythonOperator): transform> on 2024-10-28 00:00:00+00:00
[2025-12-17T04:53:20.424+0000] {standard_task_runner.py:60} INFO - Started process 4228 to run task
[2025-12-17T04:53:20.431+0000] {standard_task_runner.py:87} INFO - Running: ['***', 'tasks', 'run', 'etl_***', 'transform', 'scheduled__2024-10-28T00:00:00+00:00', '--job-id', '1215', '--raw', '--subdir', 'DAGS_FOLDER/etl_***.py', '--cfg-path', '/tmp/tmphf6nqsd7']
[2025-12-17T04:53:20.435+0000] {standard_task_runner.py:88} INFO - Job 1215: Subtask transform
[2025-12-17T04:53:20.576+0000] {task_command.py:423} INFO - Running <TaskInstance: etl_airflow.transform scheduled__2024-10-28T00:00:00+00:00 [running]> on host b3426f05ac70
[2025-12-17T04:53:20.982+0000] {taskinstance.py:2480} INFO - Exporting env vars: AIRFLOW_CTX_DAG_OWNER='***' AIRFLOW_CTX_DAG_ID='etl_***' AIRFLOW_CTX_TASK_ID='transform' AIRFLOW_CTX_EXECUTION_DATE='2024-10-28T00:00:00+00:00' AIRFLOW_CTX_TRY_NUMBER='3' AIRFLOW_CTX_DAG_RUN_ID='scheduled__2024-10-28T00:00:00+00:00'
[2025-12-17T04:53:20.986+0000] {taskinstance.py:2698} ERROR - Task failed with exception
Traceback (most recent call last):
  File "/home/airflow/.local/lib/python3.8/site-packages/airflow/models/taskinstance.py", line 433, in _execute_task
    result = execute_callable(context=context, **execute_callable_kwargs)
  File "/home/airflow/.local/lib/python3.8/site-packages/airflow/operators/python.py", line 199, in execute
    return_value = self.execute_callable()
  File "/home/airflow/.local/lib/python3.8/site-packages/airflow/operators/python.py", line 216, in execute_callable
    return self.python_callable(*self.op_args, **self.op_kwargs)
TypeError: transform_data() missing 1 required positional argument: 'df'
[2025-12-17T04:53:21.013+0000] {taskinstance.py:1138} INFO - Marking task as FAILED. dag_id=etl_***, task_id=transform, execution_date=20241028T000000, start_date=20251217T045320, end_date=20251217T045321
[2025-12-17T04:53:21.057+0000] {standard_task_runner.py:107} ERROR - Failed to execute job 1215 for task transform (transform_data() missing 1 required positional argument: 'df'; 4228)
[2025-12-17T04:53:21.132+0000] {local_task_job_runner.py:234} INFO - Task exited with return code 1
[2025-12-17T04:53:21.227+0000] {taskinstance.py:3280} INFO - 0 downstream tasks scheduled from follow-on schedule check
[2025-12-17T07:58:54.838+0000] {taskinstance.py:1956} INFO - Dependencies all met for dep_context=non-requeueable deps ti=<TaskInstance: etl_airflow.transform scheduled__2024-10-28T00:00:00+00:00 [queued]>
[2025-12-17T07:58:54.870+0000] {taskinstance.py:1956} INFO - Dependencies all met for dep_context=requeueable deps ti=<TaskInstance: etl_airflow.transform scheduled__2024-10-28T00:00:00+00:00 [queued]>
[2025-12-17T07:58:54.873+0000] {taskinstance.py:2170} INFO - Starting attempt 3 of 3
[2025-12-17T07:58:54.918+0000] {taskinstance.py:2191} INFO - Executing <Task(PythonOperator): transform> on 2024-10-28 00:00:00+00:00
[2025-12-17T07:58:54.935+0000] {standard_task_runner.py:60} INFO - Started process 4485 to run task
[2025-12-17T07:58:54.945+0000] {standard_task_runner.py:87} INFO - Running: ['***', 'tasks', 'run', 'etl_***', 'transform', 'scheduled__2024-10-28T00:00:00+00:00', '--job-id', '1266', '--raw', '--subdir', 'DAGS_FOLDER/etl_***.py', '--cfg-path', '/tmp/tmpl63jmqgg']
[2025-12-17T07:58:54.953+0000] {standard_task_runner.py:88} INFO - Job 1266: Subtask transform
[2025-12-17T07:58:55.122+0000] {task_command.py:423} INFO - Running <TaskInstance: etl_airflow.transform scheduled__2024-10-28T00:00:00+00:00 [running]> on host 2a0de06c8905
[2025-12-17T07:58:55.712+0000] {taskinstance.py:2480} INFO - Exporting env vars: AIRFLOW_CTX_DAG_OWNER='***' AIRFLOW_CTX_DAG_ID='etl_***' AIRFLOW_CTX_TASK_ID='transform' AIRFLOW_CTX_EXECUTION_DATE='2024-10-28T00:00:00+00:00' AIRFLOW_CTX_TRY_NUMBER='3' AIRFLOW_CTX_DAG_RUN_ID='scheduled__2024-10-28T00:00:00+00:00'
[2025-12-17T07:58:55.716+0000] {taskinstance.py:2698} ERROR - Task failed with exception
Traceback (most recent call last):
  File "/home/airflow/.local/lib/python3.8/site-packages/airflow/models/taskinstance.py", line 433, in _execute_task
    result = execute_callable(context=context, **execute_callable_kwargs)
  File "/home/airflow/.local/lib/python3.8/site-packages/airflow/operators/python.py", line 199, in execute
    return_value = self.execute_callable()
  File "/home/airflow/.local/lib/python3.8/site-packages/airflow/operators/python.py", line 216, in execute_callable
    return self.python_callable(*self.op_args, **self.op_kwargs)
TypeError: transform_data() missing 1 required positional argument: 'df'
[2025-12-17T07:58:55.739+0000] {taskinstance.py:1138} INFO - Marking task as FAILED. dag_id=etl_***, task_id=transform, execution_date=20241028T000000, start_date=20251217T075854, end_date=20251217T075855
[2025-12-17T07:58:55.774+0000] {standard_task_runner.py:107} ERROR - Failed to execute job 1266 for task transform (transform_data() missing 1 required positional argument: 'df'; 4485)
[2025-12-17T07:58:55.809+0000] {local_task_job_runner.py:234} INFO - Task exited with return code 1
[2025-12-17T07:58:55.864+0000] {taskinstance.py:3280} INFO - 0 downstream tasks scheduled from follow-on schedule check
