[2025-12-16T17:21:10.697+0000] {taskinstance.py:1956} INFO - Dependencies all met for dep_context=non-requeueable deps ti=<TaskInstance: etl_airflow.transform scheduled__2024-08-03T00:00:00+00:00 [queued]>
[2025-12-16T17:21:10.740+0000] {taskinstance.py:1956} INFO - Dependencies all met for dep_context=requeueable deps ti=<TaskInstance: etl_airflow.transform scheduled__2024-08-03T00:00:00+00:00 [queued]>
[2025-12-16T17:21:10.742+0000] {taskinstance.py:2170} INFO - Starting attempt 3 of 5
[2025-12-16T17:21:10.796+0000] {taskinstance.py:2191} INFO - Executing <Task(PythonOperator): transform> on 2024-08-03 00:00:00+00:00
[2025-12-16T17:21:10.825+0000] {standard_task_runner.py:60} INFO - Started process 5599 to run task
[2025-12-16T17:21:10.837+0000] {standard_task_runner.py:87} INFO - Running: ['***', 'tasks', 'run', 'etl_***', 'transform', 'scheduled__2024-08-03T00:00:00+00:00', '--job-id', '5847', '--raw', '--subdir', 'DAGS_FOLDER/etl_dag.py', '--cfg-path', '/tmp/tmp_lz5uf7x']
[2025-12-16T17:21:10.846+0000] {standard_task_runner.py:88} INFO - Job 5847: Subtask transform
[2025-12-16T17:21:11.086+0000] {task_command.py:423} INFO - Running <TaskInstance: etl_airflow.transform scheduled__2024-08-03T00:00:00+00:00 [running]> on host 3b89cfee50e9
[2025-12-16T17:21:11.568+0000] {taskinstance.py:2480} INFO - Exporting env vars: AIRFLOW_CTX_DAG_OWNER='***' AIRFLOW_CTX_DAG_ID='etl_***' AIRFLOW_CTX_TASK_ID='transform' AIRFLOW_CTX_EXECUTION_DATE='2024-08-03T00:00:00+00:00' AIRFLOW_CTX_TRY_NUMBER='3' AIRFLOW_CTX_DAG_RUN_ID='scheduled__2024-08-03T00:00:00+00:00'
[2025-12-16T17:21:11.574+0000] {logging_mixin.py:188} INFO - [TRANSFORM]
[2025-12-16T17:21:12.108+0000] {logging_mixin.py:188} INFO - [TRANSFORM] done
[2025-12-16T17:21:12.114+0000] {python.py:201} INFO - Done. Returned value was: None
[2025-12-16T17:21:12.158+0000] {taskinstance.py:1138} INFO - Marking task as SUCCESS. dag_id=etl_***, task_id=transform, execution_date=20240803T000000, start_date=20251216T172110, end_date=20251216T172112
[2025-12-16T17:21:12.275+0000] {local_task_job_runner.py:234} INFO - Task exited with return code 0
[2025-12-16T17:21:12.361+0000] {taskinstance.py:3280} INFO - 0 downstream tasks scheduled from follow-on schedule check
[2025-12-17T04:50:22.235+0000] {taskinstance.py:1956} INFO - Dependencies all met for dep_context=non-requeueable deps ti=<TaskInstance: etl_airflow.transform scheduled__2024-08-03T00:00:00+00:00 [queued]>
[2025-12-17T04:50:22.250+0000] {taskinstance.py:1956} INFO - Dependencies all met for dep_context=requeueable deps ti=<TaskInstance: etl_airflow.transform scheduled__2024-08-03T00:00:00+00:00 [queued]>
[2025-12-17T04:50:22.252+0000] {taskinstance.py:2170} INFO - Starting attempt 3 of 3
[2025-12-17T04:50:22.272+0000] {taskinstance.py:2191} INFO - Executing <Task(PythonOperator): transform> on 2024-08-03 00:00:00+00:00
[2025-12-17T04:50:22.279+0000] {standard_task_runner.py:60} INFO - Started process 3144 to run task
[2025-12-17T04:50:22.285+0000] {standard_task_runner.py:87} INFO - Running: ['***', 'tasks', 'run', 'etl_***', 'transform', 'scheduled__2024-08-03T00:00:00+00:00', '--job-id', '887', '--raw', '--subdir', 'DAGS_FOLDER/etl_***.py', '--cfg-path', '/tmp/tmp5ff186nx']
[2025-12-17T04:50:22.289+0000] {standard_task_runner.py:88} INFO - Job 887: Subtask transform
[2025-12-17T04:50:22.401+0000] {task_command.py:423} INFO - Running <TaskInstance: etl_airflow.transform scheduled__2024-08-03T00:00:00+00:00 [running]> on host b3426f05ac70
[2025-12-17T04:50:22.831+0000] {taskinstance.py:2480} INFO - Exporting env vars: AIRFLOW_CTX_DAG_OWNER='***' AIRFLOW_CTX_DAG_ID='etl_***' AIRFLOW_CTX_TASK_ID='transform' AIRFLOW_CTX_EXECUTION_DATE='2024-08-03T00:00:00+00:00' AIRFLOW_CTX_TRY_NUMBER='3' AIRFLOW_CTX_DAG_RUN_ID='scheduled__2024-08-03T00:00:00+00:00'
[2025-12-17T04:50:22.834+0000] {taskinstance.py:2698} ERROR - Task failed with exception
Traceback (most recent call last):
  File "/home/airflow/.local/lib/python3.8/site-packages/airflow/models/taskinstance.py", line 433, in _execute_task
    result = execute_callable(context=context, **execute_callable_kwargs)
  File "/home/airflow/.local/lib/python3.8/site-packages/airflow/operators/python.py", line 199, in execute
    return_value = self.execute_callable()
  File "/home/airflow/.local/lib/python3.8/site-packages/airflow/operators/python.py", line 216, in execute_callable
    return self.python_callable(*self.op_args, **self.op_kwargs)
TypeError: transform_data() missing 1 required positional argument: 'df'
[2025-12-17T04:50:22.848+0000] {taskinstance.py:1138} INFO - Marking task as FAILED. dag_id=etl_***, task_id=transform, execution_date=20240803T000000, start_date=20251217T045022, end_date=20251217T045022
[2025-12-17T04:50:22.868+0000] {standard_task_runner.py:107} ERROR - Failed to execute job 887 for task transform (transform_data() missing 1 required positional argument: 'df'; 3144)
[2025-12-17T04:50:22.901+0000] {local_task_job_runner.py:234} INFO - Task exited with return code 1
[2025-12-17T04:50:23.013+0000] {taskinstance.py:3280} INFO - 0 downstream tasks scheduled from follow-on schedule check
[2025-12-17T07:44:12.230+0000] {taskinstance.py:1956} INFO - Dependencies all met for dep_context=non-requeueable deps ti=<TaskInstance: etl_airflow.transform scheduled__2024-08-03T00:00:00+00:00 [queued]>
[2025-12-17T07:44:12.247+0000] {taskinstance.py:1956} INFO - Dependencies all met for dep_context=requeueable deps ti=<TaskInstance: etl_airflow.transform scheduled__2024-08-03T00:00:00+00:00 [queued]>
[2025-12-17T07:44:12.249+0000] {taskinstance.py:2170} INFO - Starting attempt 3 of 3
[2025-12-17T07:44:12.274+0000] {taskinstance.py:2191} INFO - Executing <Task(PythonOperator): transform> on 2024-08-03 00:00:00+00:00
[2025-12-17T07:44:12.283+0000] {standard_task_runner.py:60} INFO - Started process 3236 to run task
[2025-12-17T07:44:12.289+0000] {standard_task_runner.py:87} INFO - Running: ['***', 'tasks', 'run', 'etl_***', 'transform', 'scheduled__2024-08-03T00:00:00+00:00', '--job-id', '889', '--raw', '--subdir', 'DAGS_FOLDER/etl_***.py', '--cfg-path', '/tmp/tmpamiftysy']
[2025-12-17T07:44:12.292+0000] {standard_task_runner.py:88} INFO - Job 889: Subtask transform
[2025-12-17T07:44:12.422+0000] {task_command.py:423} INFO - Running <TaskInstance: etl_airflow.transform scheduled__2024-08-03T00:00:00+00:00 [running]> on host 2a0de06c8905
[2025-12-17T07:44:12.938+0000] {taskinstance.py:2480} INFO - Exporting env vars: AIRFLOW_CTX_DAG_OWNER='***' AIRFLOW_CTX_DAG_ID='etl_***' AIRFLOW_CTX_TASK_ID='transform' AIRFLOW_CTX_EXECUTION_DATE='2024-08-03T00:00:00+00:00' AIRFLOW_CTX_TRY_NUMBER='3' AIRFLOW_CTX_DAG_RUN_ID='scheduled__2024-08-03T00:00:00+00:00'
[2025-12-17T07:44:12.941+0000] {taskinstance.py:2698} ERROR - Task failed with exception
Traceback (most recent call last):
  File "/home/airflow/.local/lib/python3.8/site-packages/airflow/models/taskinstance.py", line 433, in _execute_task
    result = execute_callable(context=context, **execute_callable_kwargs)
  File "/home/airflow/.local/lib/python3.8/site-packages/airflow/operators/python.py", line 199, in execute
    return_value = self.execute_callable()
  File "/home/airflow/.local/lib/python3.8/site-packages/airflow/operators/python.py", line 216, in execute_callable
    return self.python_callable(*self.op_args, **self.op_kwargs)
TypeError: transform_data() missing 1 required positional argument: 'df'
[2025-12-17T07:44:12.958+0000] {taskinstance.py:1138} INFO - Marking task as FAILED. dag_id=etl_***, task_id=transform, execution_date=20240803T000000, start_date=20251217T074412, end_date=20251217T074412
[2025-12-17T07:44:12.986+0000] {standard_task_runner.py:107} ERROR - Failed to execute job 889 for task transform (transform_data() missing 1 required positional argument: 'df'; 3236)
[2025-12-17T07:44:13.027+0000] {local_task_job_runner.py:234} INFO - Task exited with return code 1
[2025-12-17T07:44:13.273+0000] {taskinstance.py:3280} INFO - 0 downstream tasks scheduled from follow-on schedule check
