[2025-12-17T02:00:28.872+0000] {taskinstance.py:1956} INFO - Dependencies all met for dep_context=non-requeueable deps ti=<TaskInstance: etl_airflow.transform scheduled__2025-09-10T00:00:00+00:00 [queued]>
[2025-12-17T02:00:28.894+0000] {taskinstance.py:1956} INFO - Dependencies all met for dep_context=requeueable deps ti=<TaskInstance: etl_airflow.transform scheduled__2025-09-10T00:00:00+00:00 [queued]>
[2025-12-17T02:00:28.898+0000] {taskinstance.py:2170} INFO - Starting attempt 1 of 3
[2025-12-17T02:00:28.937+0000] {taskinstance.py:2191} INFO - Executing <Task(PythonOperator): transform> on 2025-09-10 00:00:00+00:00
[2025-12-17T02:00:28.949+0000] {standard_task_runner.py:60} INFO - Started process 6181 to run task
[2025-12-17T02:00:28.957+0000] {standard_task_runner.py:87} INFO - Running: ['***', 'tasks', 'run', 'etl_***', 'transform', 'scheduled__2025-09-10T00:00:00+00:00', '--job-id', '1886', '--raw', '--subdir', 'DAGS_FOLDER/etl_dag.py', '--cfg-path', '/tmp/tmpv28zciv1']
[2025-12-17T02:00:28.963+0000] {standard_task_runner.py:88} INFO - Job 1886: Subtask transform
[2025-12-17T02:00:29.113+0000] {task_command.py:423} INFO - Running <TaskInstance: etl_airflow.transform scheduled__2025-09-10T00:00:00+00:00 [running]> on host 571e042550da
[2025-12-17T02:00:29.620+0000] {taskinstance.py:2480} INFO - Exporting env vars: AIRFLOW_CTX_DAG_OWNER='***' AIRFLOW_CTX_DAG_ID='etl_***' AIRFLOW_CTX_TASK_ID='transform' AIRFLOW_CTX_EXECUTION_DATE='2025-09-10T00:00:00+00:00' AIRFLOW_CTX_TRY_NUMBER='1' AIRFLOW_CTX_DAG_RUN_ID='scheduled__2025-09-10T00:00:00+00:00'
[2025-12-17T02:00:29.622+0000] {logging_mixin.py:188} INFO - [TRANSFORM]
[2025-12-17T02:00:29.655+0000] {logging_mixin.py:188} INFO - [TRANSFORM] done
[2025-12-17T02:00:29.657+0000] {python.py:201} INFO - Done. Returned value was: None
[2025-12-17T02:00:29.678+0000] {taskinstance.py:1138} INFO - Marking task as SUCCESS. dag_id=etl_***, task_id=transform, execution_date=20250910T000000, start_date=20251217T020028, end_date=20251217T020029
[2025-12-17T02:00:29.736+0000] {local_task_job_runner.py:234} INFO - Task exited with return code 0
[2025-12-17T02:00:29.961+0000] {taskinstance.py:3280} INFO - 0 downstream tasks scheduled from follow-on schedule check
[2025-12-17T05:04:21.079+0000] {taskinstance.py:1956} INFO - Dependencies all met for dep_context=non-requeueable deps ti=<TaskInstance: etl_airflow.transform scheduled__2025-09-10T00:00:00+00:00 [queued]>
[2025-12-17T05:04:21.095+0000] {taskinstance.py:1956} INFO - Dependencies all met for dep_context=requeueable deps ti=<TaskInstance: etl_airflow.transform scheduled__2025-09-10T00:00:00+00:00 [queued]>
[2025-12-17T05:04:21.096+0000] {taskinstance.py:2170} INFO - Starting attempt 1 of 3
[2025-12-17T05:04:21.121+0000] {taskinstance.py:2191} INFO - Executing <Task(PythonOperator): transform> on 2025-09-10 00:00:00+00:00
[2025-12-17T05:04:21.136+0000] {standard_task_runner.py:60} INFO - Started process 8327 to run task
[2025-12-17T05:04:21.142+0000] {standard_task_runner.py:87} INFO - Running: ['***', 'tasks', 'run', 'etl_***', 'transform', 'scheduled__2025-09-10T00:00:00+00:00', '--job-id', '2460', '--raw', '--subdir', 'DAGS_FOLDER/etl_***.py', '--cfg-path', '/tmp/tmpxflsxnw6']
[2025-12-17T05:04:21.147+0000] {standard_task_runner.py:88} INFO - Job 2460: Subtask transform
[2025-12-17T05:04:21.254+0000] {task_command.py:423} INFO - Running <TaskInstance: etl_airflow.transform scheduled__2025-09-10T00:00:00+00:00 [running]> on host b3426f05ac70
[2025-12-17T05:04:21.635+0000] {taskinstance.py:2480} INFO - Exporting env vars: AIRFLOW_CTX_DAG_OWNER='***' AIRFLOW_CTX_DAG_ID='etl_***' AIRFLOW_CTX_TASK_ID='transform' AIRFLOW_CTX_EXECUTION_DATE='2025-09-10T00:00:00+00:00' AIRFLOW_CTX_TRY_NUMBER='1' AIRFLOW_CTX_DAG_RUN_ID='scheduled__2025-09-10T00:00:00+00:00'
[2025-12-17T05:04:21.636+0000] {taskinstance.py:2698} ERROR - Task failed with exception
Traceback (most recent call last):
  File "/home/airflow/.local/lib/python3.8/site-packages/airflow/models/taskinstance.py", line 433, in _execute_task
    result = execute_callable(context=context, **execute_callable_kwargs)
  File "/home/airflow/.local/lib/python3.8/site-packages/airflow/operators/python.py", line 199, in execute
    return_value = self.execute_callable()
  File "/home/airflow/.local/lib/python3.8/site-packages/airflow/operators/python.py", line 216, in execute_callable
    return self.python_callable(*self.op_args, **self.op_kwargs)
TypeError: transform_data() missing 1 required positional argument: 'df'
[2025-12-17T05:04:21.649+0000] {taskinstance.py:1138} INFO - Marking task as UP_FOR_RETRY. dag_id=etl_***, task_id=transform, execution_date=20250910T000000, start_date=20251217T050421, end_date=20251217T050421
[2025-12-17T05:04:21.711+0000] {standard_task_runner.py:107} ERROR - Failed to execute job 2460 for task transform (transform_data() missing 1 required positional argument: 'df'; 8327)
[2025-12-17T05:04:21.760+0000] {local_task_job_runner.py:234} INFO - Task exited with return code 1
[2025-12-17T05:04:21.811+0000] {taskinstance.py:3280} INFO - 0 downstream tasks scheduled from follow-on schedule check
