[2025-12-17T04:53:49.923+0000] {taskinstance.py:1956} INFO - Dependencies all met for dep_context=non-requeueable deps ti=<TaskInstance: etl_airflow.transform scheduled__2024-10-31T00:00:00+00:00 [queued]>
[2025-12-17T04:53:49.937+0000] {taskinstance.py:1956} INFO - Dependencies all met for dep_context=requeueable deps ti=<TaskInstance: etl_airflow.transform scheduled__2024-10-31T00:00:00+00:00 [queued]>
[2025-12-17T04:53:49.938+0000] {taskinstance.py:2170} INFO - Starting attempt 3 of 3
[2025-12-17T04:53:49.961+0000] {taskinstance.py:2191} INFO - Executing <Task(PythonOperator): transform> on 2024-10-31 00:00:00+00:00
[2025-12-17T04:53:49.968+0000] {standard_task_runner.py:60} INFO - Started process 4406 to run task
[2025-12-17T04:53:49.973+0000] {standard_task_runner.py:87} INFO - Running: ['***', 'tasks', 'run', 'etl_***', 'transform', 'scheduled__2024-10-31T00:00:00+00:00', '--job-id', '1266', '--raw', '--subdir', 'DAGS_FOLDER/etl_***.py', '--cfg-path', '/tmp/tmpzyujc86c']
[2025-12-17T04:53:49.977+0000] {standard_task_runner.py:88} INFO - Job 1266: Subtask transform
[2025-12-17T04:53:50.099+0000] {task_command.py:423} INFO - Running <TaskInstance: etl_airflow.transform scheduled__2024-10-31T00:00:00+00:00 [running]> on host b3426f05ac70
[2025-12-17T04:53:50.468+0000] {taskinstance.py:2480} INFO - Exporting env vars: AIRFLOW_CTX_DAG_OWNER='***' AIRFLOW_CTX_DAG_ID='etl_***' AIRFLOW_CTX_TASK_ID='transform' AIRFLOW_CTX_EXECUTION_DATE='2024-10-31T00:00:00+00:00' AIRFLOW_CTX_TRY_NUMBER='3' AIRFLOW_CTX_DAG_RUN_ID='scheduled__2024-10-31T00:00:00+00:00'
[2025-12-17T04:53:50.471+0000] {taskinstance.py:2698} ERROR - Task failed with exception
Traceback (most recent call last):
  File "/home/airflow/.local/lib/python3.8/site-packages/airflow/models/taskinstance.py", line 433, in _execute_task
    result = execute_callable(context=context, **execute_callable_kwargs)
  File "/home/airflow/.local/lib/python3.8/site-packages/airflow/operators/python.py", line 199, in execute
    return_value = self.execute_callable()
  File "/home/airflow/.local/lib/python3.8/site-packages/airflow/operators/python.py", line 216, in execute_callable
    return self.python_callable(*self.op_args, **self.op_kwargs)
TypeError: transform_data() missing 1 required positional argument: 'df'
[2025-12-17T04:53:50.490+0000] {taskinstance.py:1138} INFO - Marking task as FAILED. dag_id=etl_***, task_id=transform, execution_date=20241031T000000, start_date=20251217T045349, end_date=20251217T045350
[2025-12-17T04:53:50.515+0000] {standard_task_runner.py:107} ERROR - Failed to execute job 1266 for task transform (transform_data() missing 1 required positional argument: 'df'; 4406)
[2025-12-17T04:53:50.550+0000] {local_task_job_runner.py:234} INFO - Task exited with return code 1
[2025-12-17T04:53:50.601+0000] {taskinstance.py:3280} INFO - 0 downstream tasks scheduled from follow-on schedule check
[2025-12-17T07:59:01.668+0000] {taskinstance.py:1956} INFO - Dependencies all met for dep_context=non-requeueable deps ti=<TaskInstance: etl_airflow.transform scheduled__2024-10-31T00:00:00+00:00 [queued]>
[2025-12-17T07:59:01.692+0000] {taskinstance.py:1956} INFO - Dependencies all met for dep_context=requeueable deps ti=<TaskInstance: etl_airflow.transform scheduled__2024-10-31T00:00:00+00:00 [queued]>
[2025-12-17T07:59:01.694+0000] {taskinstance.py:2170} INFO - Starting attempt 3 of 3
[2025-12-17T07:59:01.729+0000] {taskinstance.py:2191} INFO - Executing <Task(PythonOperator): transform> on 2024-10-31 00:00:00+00:00
[2025-12-17T07:59:01.739+0000] {standard_task_runner.py:60} INFO - Started process 4502 to run task
[2025-12-17T07:59:01.749+0000] {standard_task_runner.py:87} INFO - Running: ['***', 'tasks', 'run', 'etl_***', 'transform', 'scheduled__2024-10-31T00:00:00+00:00', '--job-id', '1268', '--raw', '--subdir', 'DAGS_FOLDER/etl_***.py', '--cfg-path', '/tmp/tmpg3asjz6c']
[2025-12-17T07:59:01.755+0000] {standard_task_runner.py:88} INFO - Job 1268: Subtask transform
[2025-12-17T07:59:01.907+0000] {task_command.py:423} INFO - Running <TaskInstance: etl_airflow.transform scheduled__2024-10-31T00:00:00+00:00 [running]> on host 2a0de06c8905
[2025-12-17T07:59:02.465+0000] {taskinstance.py:2480} INFO - Exporting env vars: AIRFLOW_CTX_DAG_OWNER='***' AIRFLOW_CTX_DAG_ID='etl_***' AIRFLOW_CTX_TASK_ID='transform' AIRFLOW_CTX_EXECUTION_DATE='2024-10-31T00:00:00+00:00' AIRFLOW_CTX_TRY_NUMBER='3' AIRFLOW_CTX_DAG_RUN_ID='scheduled__2024-10-31T00:00:00+00:00'
[2025-12-17T07:59:02.469+0000] {taskinstance.py:2698} ERROR - Task failed with exception
Traceback (most recent call last):
  File "/home/airflow/.local/lib/python3.8/site-packages/airflow/models/taskinstance.py", line 433, in _execute_task
    result = execute_callable(context=context, **execute_callable_kwargs)
  File "/home/airflow/.local/lib/python3.8/site-packages/airflow/operators/python.py", line 199, in execute
    return_value = self.execute_callable()
  File "/home/airflow/.local/lib/python3.8/site-packages/airflow/operators/python.py", line 216, in execute_callable
    return self.python_callable(*self.op_args, **self.op_kwargs)
TypeError: transform_data() missing 1 required positional argument: 'df'
[2025-12-17T07:59:02.486+0000] {taskinstance.py:1138} INFO - Marking task as FAILED. dag_id=etl_***, task_id=transform, execution_date=20241031T000000, start_date=20251217T075901, end_date=20251217T075902
[2025-12-17T07:59:02.508+0000] {standard_task_runner.py:107} ERROR - Failed to execute job 1268 for task transform (transform_data() missing 1 required positional argument: 'df'; 4502)
[2025-12-17T07:59:02.526+0000] {local_task_job_runner.py:234} INFO - Task exited with return code 1
[2025-12-17T07:59:02.736+0000] {taskinstance.py:3280} INFO - 0 downstream tasks scheduled from follow-on schedule check
