[2025-12-17T04:50:55.599+0000] {taskinstance.py:1956} INFO - Dependencies all met for dep_context=non-requeueable deps ti=<TaskInstance: etl_airflow.transform scheduled__2024-08-14T00:00:00+00:00 [queued]>
[2025-12-17T04:50:55.611+0000] {taskinstance.py:1956} INFO - Dependencies all met for dep_context=requeueable deps ti=<TaskInstance: etl_airflow.transform scheduled__2024-08-14T00:00:00+00:00 [queued]>
[2025-12-17T04:50:55.613+0000] {taskinstance.py:2170} INFO - Starting attempt 3 of 3
[2025-12-17T04:50:55.630+0000] {taskinstance.py:2191} INFO - Executing <Task(PythonOperator): transform> on 2024-08-14 00:00:00+00:00
[2025-12-17T04:50:55.637+0000] {standard_task_runner.py:60} INFO - Started process 3350 to run task
[2025-12-17T04:50:55.643+0000] {standard_task_runner.py:87} INFO - Running: ['***', 'tasks', 'run', 'etl_***', 'transform', 'scheduled__2024-08-14T00:00:00+00:00', '--job-id', '952', '--raw', '--subdir', 'DAGS_FOLDER/etl_***.py', '--cfg-path', '/tmp/tmpyckwmm23']
[2025-12-17T04:50:55.646+0000] {standard_task_runner.py:88} INFO - Job 952: Subtask transform
[2025-12-17T04:50:55.783+0000] {task_command.py:423} INFO - Running <TaskInstance: etl_airflow.transform scheduled__2024-08-14T00:00:00+00:00 [running]> on host b3426f05ac70
[2025-12-17T04:50:56.183+0000] {taskinstance.py:2480} INFO - Exporting env vars: AIRFLOW_CTX_DAG_OWNER='***' AIRFLOW_CTX_DAG_ID='etl_***' AIRFLOW_CTX_TASK_ID='transform' AIRFLOW_CTX_EXECUTION_DATE='2024-08-14T00:00:00+00:00' AIRFLOW_CTX_TRY_NUMBER='3' AIRFLOW_CTX_DAG_RUN_ID='scheduled__2024-08-14T00:00:00+00:00'
[2025-12-17T04:50:56.185+0000] {taskinstance.py:2698} ERROR - Task failed with exception
Traceback (most recent call last):
  File "/home/airflow/.local/lib/python3.8/site-packages/airflow/models/taskinstance.py", line 433, in _execute_task
    result = execute_callable(context=context, **execute_callable_kwargs)
  File "/home/airflow/.local/lib/python3.8/site-packages/airflow/operators/python.py", line 199, in execute
    return_value = self.execute_callable()
  File "/home/airflow/.local/lib/python3.8/site-packages/airflow/operators/python.py", line 216, in execute_callable
    return self.python_callable(*self.op_args, **self.op_kwargs)
TypeError: transform_data() missing 1 required positional argument: 'df'
[2025-12-17T04:50:56.198+0000] {taskinstance.py:1138} INFO - Marking task as FAILED. dag_id=etl_***, task_id=transform, execution_date=20240814T000000, start_date=20251217T045055, end_date=20251217T045056
[2025-12-17T04:50:56.225+0000] {standard_task_runner.py:107} ERROR - Failed to execute job 952 for task transform (transform_data() missing 1 required positional argument: 'df'; 3350)
[2025-12-17T04:50:56.257+0000] {local_task_job_runner.py:234} INFO - Task exited with return code 1
[2025-12-17T04:50:56.343+0000] {taskinstance.py:3280} INFO - 0 downstream tasks scheduled from follow-on schedule check
[2025-12-17T07:44:48.084+0000] {taskinstance.py:1956} INFO - Dependencies all met for dep_context=non-requeueable deps ti=<TaskInstance: etl_airflow.transform scheduled__2024-08-14T00:00:00+00:00 [queued]>
[2025-12-17T07:44:48.100+0000] {taskinstance.py:1956} INFO - Dependencies all met for dep_context=requeueable deps ti=<TaskInstance: etl_airflow.transform scheduled__2024-08-14T00:00:00+00:00 [queued]>
[2025-12-17T07:44:48.102+0000] {taskinstance.py:2170} INFO - Starting attempt 3 of 3
[2025-12-17T07:44:48.127+0000] {taskinstance.py:2191} INFO - Executing <Task(PythonOperator): transform> on 2024-08-14 00:00:00+00:00
[2025-12-17T07:44:48.137+0000] {standard_task_runner.py:60} INFO - Started process 3432 to run task
[2025-12-17T07:44:48.144+0000] {standard_task_runner.py:87} INFO - Running: ['***', 'tasks', 'run', 'etl_***', 'transform', 'scheduled__2024-08-14T00:00:00+00:00', '--job-id', '953', '--raw', '--subdir', 'DAGS_FOLDER/etl_***.py', '--cfg-path', '/tmp/tmp_wbplico']
[2025-12-17T07:44:48.154+0000] {standard_task_runner.py:88} INFO - Job 953: Subtask transform
[2025-12-17T07:44:48.321+0000] {task_command.py:423} INFO - Running <TaskInstance: etl_airflow.transform scheduled__2024-08-14T00:00:00+00:00 [running]> on host 2a0de06c8905
[2025-12-17T07:44:48.801+0000] {taskinstance.py:2480} INFO - Exporting env vars: AIRFLOW_CTX_DAG_OWNER='***' AIRFLOW_CTX_DAG_ID='etl_***' AIRFLOW_CTX_TASK_ID='transform' AIRFLOW_CTX_EXECUTION_DATE='2024-08-14T00:00:00+00:00' AIRFLOW_CTX_TRY_NUMBER='3' AIRFLOW_CTX_DAG_RUN_ID='scheduled__2024-08-14T00:00:00+00:00'
[2025-12-17T07:44:48.803+0000] {taskinstance.py:2698} ERROR - Task failed with exception
Traceback (most recent call last):
  File "/home/airflow/.local/lib/python3.8/site-packages/airflow/models/taskinstance.py", line 433, in _execute_task
    result = execute_callable(context=context, **execute_callable_kwargs)
  File "/home/airflow/.local/lib/python3.8/site-packages/airflow/operators/python.py", line 199, in execute
    return_value = self.execute_callable()
  File "/home/airflow/.local/lib/python3.8/site-packages/airflow/operators/python.py", line 216, in execute_callable
    return self.python_callable(*self.op_args, **self.op_kwargs)
TypeError: transform_data() missing 1 required positional argument: 'df'
[2025-12-17T07:44:48.818+0000] {taskinstance.py:1138} INFO - Marking task as FAILED. dag_id=etl_***, task_id=transform, execution_date=20240814T000000, start_date=20251217T074448, end_date=20251217T074448
[2025-12-17T07:44:48.846+0000] {standard_task_runner.py:107} ERROR - Failed to execute job 953 for task transform (transform_data() missing 1 required positional argument: 'df'; 3432)
[2025-12-17T07:44:48.880+0000] {local_task_job_runner.py:234} INFO - Task exited with return code 1
[2025-12-17T07:44:50.055+0000] {taskinstance.py:3280} INFO - 0 downstream tasks scheduled from follow-on schedule check
