[2025-12-17T01:59:58.470+0000] {taskinstance.py:1956} INFO - Dependencies all met for dep_context=non-requeueable deps ti=<TaskInstance: etl_airflow.load scheduled__2025-08-03T00:00:00+00:00 [queued]>
[2025-12-17T01:59:58.496+0000] {taskinstance.py:1956} INFO - Dependencies all met for dep_context=requeueable deps ti=<TaskInstance: etl_airflow.load scheduled__2025-08-03T00:00:00+00:00 [queued]>
[2025-12-17T01:59:58.497+0000] {taskinstance.py:2170} INFO - Starting attempt 1 of 3
[2025-12-17T01:59:58.525+0000] {taskinstance.py:2191} INFO - Executing <Task(PythonOperator): load> on 2025-08-03 00:00:00+00:00
[2025-12-17T01:59:58.535+0000] {standard_task_runner.py:60} INFO - Started process 5871 to run task
[2025-12-17T01:59:58.542+0000] {standard_task_runner.py:87} INFO - Running: ['***', 'tasks', 'run', 'etl_***', 'load', 'scheduled__2025-08-03T00:00:00+00:00', '--job-id', '1790', '--raw', '--subdir', 'DAGS_FOLDER/etl_dag.py', '--cfg-path', '/tmp/tmpdm9kyf0i']
[2025-12-17T01:59:58.547+0000] {standard_task_runner.py:88} INFO - Job 1790: Subtask load
[2025-12-17T01:59:58.697+0000] {task_command.py:423} INFO - Running <TaskInstance: etl_airflow.load scheduled__2025-08-03T00:00:00+00:00 [running]> on host 571e042550da
[2025-12-17T01:59:59.116+0000] {taskinstance.py:2480} INFO - Exporting env vars: AIRFLOW_CTX_DAG_OWNER='***' AIRFLOW_CTX_DAG_ID='etl_***' AIRFLOW_CTX_TASK_ID='load' AIRFLOW_CTX_EXECUTION_DATE='2025-08-03T00:00:00+00:00' AIRFLOW_CTX_TRY_NUMBER='1' AIRFLOW_CTX_DAG_RUN_ID='scheduled__2025-08-03T00:00:00+00:00'
[2025-12-17T01:59:59.120+0000] {logging_mixin.py:188} INFO - [LOAD]
[2025-12-17T01:59:59.151+0000] {logging_mixin.py:188} INFO -    user_id event_type            timestamp country
0        1      login  2025-01-01T09:00:00      IN
1        1      click  2025-01-01T09:05:00      IN
2        1     logout  2025-01-01T09:15:00      IN
3        3      login  2025-01-02T08:00:00      FR
4        3      click  2025-01-02T08:05:00      FR
[2025-12-17T01:59:59.152+0000] {logging_mixin.py:188} INFO - [LOAD] done
[2025-12-17T01:59:59.154+0000] {python.py:201} INFO - Done. Returned value was: None
[2025-12-17T01:59:59.179+0000] {taskinstance.py:1138} INFO - Marking task as SUCCESS. dag_id=etl_***, task_id=load, execution_date=20250803T000000, start_date=20251217T015958, end_date=20251217T015959
[2025-12-17T01:59:59.324+0000] {local_task_job_runner.py:234} INFO - Task exited with return code 0
[2025-12-17T01:59:59.379+0000] {taskinstance.py:3280} INFO - 0 downstream tasks scheduled from follow-on schedule check
