[2025-12-16T17:16:21.761+0000] {taskinstance.py:1956} INFO - Dependencies all met for dep_context=non-requeueable deps ti=<TaskInstance: etl_airflow.load scheduled__2025-02-22T00:00:00+00:00 [queued]>
[2025-12-16T17:16:21.785+0000] {taskinstance.py:1956} INFO - Dependencies all met for dep_context=requeueable deps ti=<TaskInstance: etl_airflow.load scheduled__2025-02-22T00:00:00+00:00 [queued]>
[2025-12-16T17:16:21.786+0000] {taskinstance.py:2170} INFO - Starting attempt 1 of 3
[2025-12-16T17:16:21.818+0000] {taskinstance.py:2191} INFO - Executing <Task(PythonOperator): load> on 2025-02-22 00:00:00+00:00
[2025-12-16T17:16:21.832+0000] {standard_task_runner.py:60} INFO - Started process 2612 to run task
[2025-12-16T17:16:21.840+0000] {standard_task_runner.py:87} INFO - Running: ['***', 'tasks', 'run', 'etl_***', 'load', 'scheduled__2025-02-22T00:00:00+00:00', '--job-id', '4904', '--raw', '--subdir', 'DAGS_FOLDER/etl_dag.py', '--cfg-path', '/tmp/tmprhnzcvab']
[2025-12-16T17:16:21.846+0000] {standard_task_runner.py:88} INFO - Job 4904: Subtask load
[2025-12-16T17:16:21.984+0000] {task_command.py:423} INFO - Running <TaskInstance: etl_airflow.load scheduled__2025-02-22T00:00:00+00:00 [running]> on host 3b89cfee50e9
[2025-12-16T17:16:22.197+0000] {taskinstance.py:2480} INFO - Exporting env vars: AIRFLOW_CTX_DAG_OWNER='***' AIRFLOW_CTX_DAG_ID='etl_***' AIRFLOW_CTX_TASK_ID='load' AIRFLOW_CTX_EXECUTION_DATE='2025-02-22T00:00:00+00:00' AIRFLOW_CTX_TRY_NUMBER='1' AIRFLOW_CTX_DAG_RUN_ID='scheduled__2025-02-22T00:00:00+00:00'
[2025-12-16T17:16:22.201+0000] {logging_mixin.py:188} INFO - [LOAD]
[2025-12-16T17:16:22.594+0000] {logging_mixin.py:188} INFO -    user_id event_type            timestamp country
0        1      login  2025-01-01T09:00:00      IN
1        1      click  2025-01-01T09:05:00      IN
2        1     logout  2025-01-01T09:15:00      IN
3        3      login  2025-01-02T08:00:00      FR
4        3      click  2025-01-02T08:05:00      FR
[2025-12-16T17:16:22.596+0000] {logging_mixin.py:188} INFO - [LOAD] done
[2025-12-16T17:16:22.597+0000] {python.py:201} INFO - Done. Returned value was: None
[2025-12-16T17:16:22.625+0000] {taskinstance.py:1138} INFO - Marking task as SUCCESS. dag_id=etl_***, task_id=load, execution_date=20250222T000000, start_date=20251216T171621, end_date=20251216T171622
[2025-12-16T17:16:22.712+0000] {local_task_job_runner.py:234} INFO - Task exited with return code 0
[2025-12-16T17:16:22.755+0000] {taskinstance.py:3280} INFO - 0 downstream tasks scheduled from follow-on schedule check
[2025-12-17T01:57:26.467+0000] {taskinstance.py:1956} INFO - Dependencies all met for dep_context=non-requeueable deps ti=<TaskInstance: etl_airflow.load scheduled__2025-02-22T00:00:00+00:00 [queued]>
[2025-12-17T01:57:26.484+0000] {taskinstance.py:1956} INFO - Dependencies all met for dep_context=requeueable deps ti=<TaskInstance: etl_airflow.load scheduled__2025-02-22T00:00:00+00:00 [queued]>
[2025-12-17T01:57:26.485+0000] {taskinstance.py:2170} INFO - Starting attempt 1 of 3
[2025-12-17T01:57:26.504+0000] {taskinstance.py:2191} INFO - Executing <Task(PythonOperator): load> on 2025-02-22 00:00:00+00:00
[2025-12-17T01:57:26.513+0000] {standard_task_runner.py:60} INFO - Started process 4285 to run task
[2025-12-17T01:57:26.518+0000] {standard_task_runner.py:87} INFO - Running: ['***', 'tasks', 'run', 'etl_***', 'load', 'scheduled__2025-02-22T00:00:00+00:00', '--job-id', '1286', '--raw', '--subdir', 'DAGS_FOLDER/etl_dag.py', '--cfg-path', '/tmp/tmpr5zvy0s1']
[2025-12-17T01:57:26.521+0000] {standard_task_runner.py:88} INFO - Job 1286: Subtask load
[2025-12-17T01:57:26.663+0000] {task_command.py:423} INFO - Running <TaskInstance: etl_airflow.load scheduled__2025-02-22T00:00:00+00:00 [running]> on host 571e042550da
[2025-12-17T01:57:27.102+0000] {taskinstance.py:2480} INFO - Exporting env vars: AIRFLOW_CTX_DAG_OWNER='***' AIRFLOW_CTX_DAG_ID='etl_***' AIRFLOW_CTX_TASK_ID='load' AIRFLOW_CTX_EXECUTION_DATE='2025-02-22T00:00:00+00:00' AIRFLOW_CTX_TRY_NUMBER='1' AIRFLOW_CTX_DAG_RUN_ID='scheduled__2025-02-22T00:00:00+00:00'
[2025-12-17T01:57:27.105+0000] {logging_mixin.py:188} INFO - [LOAD]
[2025-12-17T01:57:27.130+0000] {logging_mixin.py:188} INFO -    user_id event_type            timestamp country
0        1      login  2025-01-01T09:00:00      IN
1        1      click  2025-01-01T09:05:00      IN
2        1     logout  2025-01-01T09:15:00      IN
3        3      login  2025-01-02T08:00:00      FR
4        3      click  2025-01-02T08:05:00      FR
[2025-12-17T01:57:27.131+0000] {logging_mixin.py:188} INFO - [LOAD] done
[2025-12-17T01:57:27.133+0000] {python.py:201} INFO - Done. Returned value was: None
[2025-12-17T01:57:27.150+0000] {taskinstance.py:1138} INFO - Marking task as SUCCESS. dag_id=etl_***, task_id=load, execution_date=20250222T000000, start_date=20251217T015726, end_date=20251217T015727
[2025-12-17T01:57:27.216+0000] {local_task_job_runner.py:234} INFO - Task exited with return code 0
[2025-12-17T01:57:27.249+0000] {taskinstance.py:3280} INFO - 0 downstream tasks scheduled from follow-on schedule check
