[2025-12-16T17:12:09.813+0000] {taskinstance.py:1956} INFO - Dependencies all met for dep_context=non-requeueable deps ti=<TaskInstance: etl_airflow.transform scheduled__2024-06-26T00:00:00+00:00 [queued]>
[2025-12-16T17:12:09.871+0000] {taskinstance.py:1956} INFO - Dependencies all met for dep_context=requeueable deps ti=<TaskInstance: etl_airflow.transform scheduled__2024-06-26T00:00:00+00:00 [queued]>
[2025-12-16T17:12:09.874+0000] {taskinstance.py:2170} INFO - Starting attempt 1 of 3
[2025-12-16T17:12:09.963+0000] {taskinstance.py:2191} INFO - Executing <Task(PythonOperator): transform> on 2024-06-26 00:00:00+00:00
[2025-12-16T17:12:09.987+0000] {standard_task_runner.py:60} INFO - Started process 1951 to run task
[2025-12-16T17:12:10.002+0000] {standard_task_runner.py:87} INFO - Running: ['***', 'tasks', 'run', 'etl_***', 'transform', 'scheduled__2024-06-26T00:00:00+00:00', '--job-id', '4116', '--raw', '--subdir', 'DAGS_FOLDER/etl_dag.py', '--cfg-path', '/tmp/tmpzt5xckrj']
[2025-12-16T17:12:10.018+0000] {standard_task_runner.py:88} INFO - Job 4116: Subtask transform
[2025-12-16T17:12:10.244+0000] {task_command.py:423} INFO - Running <TaskInstance: etl_airflow.transform scheduled__2024-06-26T00:00:00+00:00 [running]> on host 3b89cfee50e9
[2025-12-16T17:12:10.626+0000] {taskinstance.py:2480} INFO - Exporting env vars: AIRFLOW_CTX_DAG_OWNER='***' AIRFLOW_CTX_DAG_ID='etl_***' AIRFLOW_CTX_TASK_ID='transform' AIRFLOW_CTX_EXECUTION_DATE='2024-06-26T00:00:00+00:00' AIRFLOW_CTX_TRY_NUMBER='1' AIRFLOW_CTX_DAG_RUN_ID='scheduled__2024-06-26T00:00:00+00:00'
[2025-12-16T17:12:10.661+0000] {logging_mixin.py:188} INFO - [TRANSFORM]
[2025-12-16T17:12:11.095+0000] {logging_mixin.py:188} INFO - [TRANSFORM] done
[2025-12-16T17:12:11.097+0000] {python.py:201} INFO - Done. Returned value was: None
[2025-12-16T17:12:11.114+0000] {taskinstance.py:1138} INFO - Marking task as SUCCESS. dag_id=etl_***, task_id=transform, execution_date=20240626T000000, start_date=20251216T171209, end_date=20251216T171211
[2025-12-16T17:12:11.292+0000] {local_task_job_runner.py:234} INFO - Task exited with return code 0
[2025-12-16T17:12:11.665+0000] {taskinstance.py:3280} INFO - 0 downstream tasks scheduled from follow-on schedule check
[2025-12-17T01:53:21.601+0000] {taskinstance.py:1956} INFO - Dependencies all met for dep_context=non-requeueable deps ti=<TaskInstance: etl_airflow.transform scheduled__2024-06-26T00:00:00+00:00 [queued]>
[2025-12-17T01:53:21.626+0000] {taskinstance.py:1956} INFO - Dependencies all met for dep_context=requeueable deps ti=<TaskInstance: etl_airflow.transform scheduled__2024-06-26T00:00:00+00:00 [queued]>
[2025-12-17T01:53:21.628+0000] {taskinstance.py:2170} INFO - Starting attempt 1 of 3
[2025-12-17T01:53:21.659+0000] {taskinstance.py:2191} INFO - Executing <Task(PythonOperator): transform> on 2024-06-26 00:00:00+00:00
[2025-12-17T01:53:21.671+0000] {standard_task_runner.py:60} INFO - Started process 1979 to run task
[2025-12-17T01:53:21.683+0000] {standard_task_runner.py:87} INFO - Running: ['***', 'tasks', 'run', 'etl_***', 'transform', 'scheduled__2024-06-26T00:00:00+00:00', '--job-id', '557', '--raw', '--subdir', 'DAGS_FOLDER/etl_dag.py', '--cfg-path', '/tmp/tmpvpnljley']
[2025-12-17T01:53:21.690+0000] {standard_task_runner.py:88} INFO - Job 557: Subtask transform
[2025-12-17T01:53:21.836+0000] {task_command.py:423} INFO - Running <TaskInstance: etl_airflow.transform scheduled__2024-06-26T00:00:00+00:00 [running]> on host 571e042550da
[2025-12-17T01:53:22.259+0000] {taskinstance.py:2480} INFO - Exporting env vars: AIRFLOW_CTX_DAG_OWNER='***' AIRFLOW_CTX_DAG_ID='etl_***' AIRFLOW_CTX_TASK_ID='transform' AIRFLOW_CTX_EXECUTION_DATE='2024-06-26T00:00:00+00:00' AIRFLOW_CTX_TRY_NUMBER='1' AIRFLOW_CTX_DAG_RUN_ID='scheduled__2024-06-26T00:00:00+00:00'
[2025-12-17T01:53:22.262+0000] {logging_mixin.py:188} INFO - [TRANSFORM]
[2025-12-17T01:53:22.300+0000] {logging_mixin.py:188} INFO - [TRANSFORM] done
[2025-12-17T01:53:22.301+0000] {python.py:201} INFO - Done. Returned value was: None
[2025-12-17T01:53:22.320+0000] {taskinstance.py:1138} INFO - Marking task as SUCCESS. dag_id=etl_***, task_id=transform, execution_date=20240626T000000, start_date=20251217T015321, end_date=20251217T015322
[2025-12-17T01:53:22.380+0000] {local_task_job_runner.py:234} INFO - Task exited with return code 0
[2025-12-17T01:53:22.431+0000] {taskinstance.py:3280} INFO - 1 downstream tasks scheduled from follow-on schedule check
[2025-12-17T04:48:48.246+0000] {taskinstance.py:1956} INFO - Dependencies all met for dep_context=non-requeueable deps ti=<TaskInstance: etl_airflow.transform scheduled__2024-06-26T00:00:00+00:00 [queued]>
[2025-12-17T04:48:48.264+0000] {taskinstance.py:1956} INFO - Dependencies all met for dep_context=requeueable deps ti=<TaskInstance: etl_airflow.transform scheduled__2024-06-26T00:00:00+00:00 [queued]>
[2025-12-17T04:48:48.265+0000] {taskinstance.py:2170} INFO - Starting attempt 1 of 3
[2025-12-17T04:48:48.299+0000] {taskinstance.py:2191} INFO - Executing <Task(PythonOperator): transform> on 2024-06-26 00:00:00+00:00
[2025-12-17T04:48:48.309+0000] {standard_task_runner.py:60} INFO - Started process 2597 to run task
[2025-12-17T04:48:48.323+0000] {standard_task_runner.py:87} INFO - Running: ['***', 'tasks', 'run', 'etl_***', 'transform', 'scheduled__2024-06-26T00:00:00+00:00', '--job-id', '721', '--raw', '--subdir', 'DAGS_FOLDER/etl_***.py', '--cfg-path', '/tmp/tmpy_myn7rb']
[2025-12-17T04:48:48.329+0000] {standard_task_runner.py:88} INFO - Job 721: Subtask transform
[2025-12-17T04:48:48.459+0000] {task_command.py:423} INFO - Running <TaskInstance: etl_airflow.transform scheduled__2024-06-26T00:00:00+00:00 [running]> on host b3426f05ac70
[2025-12-17T04:48:48.888+0000] {taskinstance.py:2480} INFO - Exporting env vars: AIRFLOW_CTX_DAG_OWNER='***' AIRFLOW_CTX_DAG_ID='etl_***' AIRFLOW_CTX_TASK_ID='transform' AIRFLOW_CTX_EXECUTION_DATE='2024-06-26T00:00:00+00:00' AIRFLOW_CTX_TRY_NUMBER='1' AIRFLOW_CTX_DAG_RUN_ID='scheduled__2024-06-26T00:00:00+00:00'
[2025-12-17T04:48:48.890+0000] {taskinstance.py:2698} ERROR - Task failed with exception
Traceback (most recent call last):
  File "/home/airflow/.local/lib/python3.8/site-packages/airflow/models/taskinstance.py", line 433, in _execute_task
    result = execute_callable(context=context, **execute_callable_kwargs)
  File "/home/airflow/.local/lib/python3.8/site-packages/airflow/operators/python.py", line 199, in execute
    return_value = self.execute_callable()
  File "/home/airflow/.local/lib/python3.8/site-packages/airflow/operators/python.py", line 216, in execute_callable
    return self.python_callable(*self.op_args, **self.op_kwargs)
TypeError: transform_data() missing 1 required positional argument: 'df'
[2025-12-17T04:48:48.909+0000] {taskinstance.py:1138} INFO - Marking task as UP_FOR_RETRY. dag_id=etl_***, task_id=transform, execution_date=20240626T000000, start_date=20251217T044848, end_date=20251217T044848
[2025-12-17T04:48:48.969+0000] {standard_task_runner.py:107} ERROR - Failed to execute job 721 for task transform (transform_data() missing 1 required positional argument: 'df'; 2597)
[2025-12-17T04:48:49.040+0000] {local_task_job_runner.py:234} INFO - Task exited with return code 1
[2025-12-17T04:48:49.110+0000] {taskinstance.py:3280} INFO - 0 downstream tasks scheduled from follow-on schedule check
[2025-12-17T07:42:24.835+0000] {taskinstance.py:1956} INFO - Dependencies all met for dep_context=non-requeueable deps ti=<TaskInstance: etl_airflow.transform scheduled__2024-06-26T00:00:00+00:00 [queued]>
[2025-12-17T07:42:24.879+0000] {taskinstance.py:1956} INFO - Dependencies all met for dep_context=requeueable deps ti=<TaskInstance: etl_airflow.transform scheduled__2024-06-26T00:00:00+00:00 [queued]>
[2025-12-17T07:42:24.880+0000] {taskinstance.py:2170} INFO - Starting attempt 1 of 3
[2025-12-17T07:42:25.106+0000] {taskinstance.py:2191} INFO - Executing <Task(PythonOperator): transform> on 2024-06-26 00:00:00+00:00
[2025-12-17T07:42:25.125+0000] {standard_task_runner.py:60} INFO - Started process 2668 to run task
[2025-12-17T07:42:25.151+0000] {standard_task_runner.py:87} INFO - Running: ['***', 'tasks', 'run', 'etl_***', 'transform', 'scheduled__2024-06-26T00:00:00+00:00', '--job-id', '720', '--raw', '--subdir', 'DAGS_FOLDER/etl_***.py', '--cfg-path', '/tmp/tmp8bbm2zz0']
[2025-12-17T07:42:25.174+0000] {standard_task_runner.py:88} INFO - Job 720: Subtask transform
[2025-12-17T07:42:25.472+0000] {task_command.py:423} INFO - Running <TaskInstance: etl_airflow.transform scheduled__2024-06-26T00:00:00+00:00 [running]> on host 2a0de06c8905
[2025-12-17T07:42:26.291+0000] {taskinstance.py:2480} INFO - Exporting env vars: AIRFLOW_CTX_DAG_OWNER='***' AIRFLOW_CTX_DAG_ID='etl_***' AIRFLOW_CTX_TASK_ID='transform' AIRFLOW_CTX_EXECUTION_DATE='2024-06-26T00:00:00+00:00' AIRFLOW_CTX_TRY_NUMBER='1' AIRFLOW_CTX_DAG_RUN_ID='scheduled__2024-06-26T00:00:00+00:00'
[2025-12-17T07:42:26.298+0000] {taskinstance.py:2698} ERROR - Task failed with exception
Traceback (most recent call last):
  File "/home/airflow/.local/lib/python3.8/site-packages/airflow/models/taskinstance.py", line 433, in _execute_task
    result = execute_callable(context=context, **execute_callable_kwargs)
  File "/home/airflow/.local/lib/python3.8/site-packages/airflow/operators/python.py", line 199, in execute
    return_value = self.execute_callable()
  File "/home/airflow/.local/lib/python3.8/site-packages/airflow/operators/python.py", line 216, in execute_callable
    return self.python_callable(*self.op_args, **self.op_kwargs)
TypeError: transform_data() missing 1 required positional argument: 'df'
[2025-12-17T07:42:26.334+0000] {taskinstance.py:1138} INFO - Marking task as UP_FOR_RETRY. dag_id=etl_***, task_id=transform, execution_date=20240626T000000, start_date=20251217T074224, end_date=20251217T074226
[2025-12-17T07:42:26.385+0000] {standard_task_runner.py:107} ERROR - Failed to execute job 720 for task transform (transform_data() missing 1 required positional argument: 'df'; 2668)
[2025-12-17T07:42:26.462+0000] {local_task_job_runner.py:234} INFO - Task exited with return code 1
[2025-12-17T07:42:27.526+0000] {taskinstance.py:3280} INFO - 0 downstream tasks scheduled from follow-on schedule check
