[2025-12-16T17:14:18.585+0000] {taskinstance.py:1956} INFO - Dependencies all met for dep_context=non-requeueable deps ti=<TaskInstance: etl_airflow.transform scheduled__2024-10-01T00:00:00+00:00 [queued]>
[2025-12-16T17:14:18.617+0000] {taskinstance.py:1956} INFO - Dependencies all met for dep_context=requeueable deps ti=<TaskInstance: etl_airflow.transform scheduled__2024-10-01T00:00:00+00:00 [queued]>
[2025-12-16T17:14:18.623+0000] {taskinstance.py:2170} INFO - Starting attempt 1 of 3
[2025-12-16T17:14:18.672+0000] {taskinstance.py:2191} INFO - Executing <Task(PythonOperator): transform> on 2024-10-01 00:00:00+00:00
[2025-12-16T17:14:18.697+0000] {standard_task_runner.py:60} INFO - Started process 1212 to run task
[2025-12-16T17:14:18.707+0000] {standard_task_runner.py:87} INFO - Running: ['***', 'tasks', 'run', 'etl_***', 'transform', 'scheduled__2024-10-01T00:00:00+00:00', '--job-id', '4454', '--raw', '--subdir', 'DAGS_FOLDER/etl_dag.py', '--cfg-path', '/tmp/tmpfe8meg2w']
[2025-12-16T17:14:18.722+0000] {standard_task_runner.py:88} INFO - Job 4454: Subtask transform
[2025-12-16T17:14:19.043+0000] {task_command.py:423} INFO - Running <TaskInstance: etl_airflow.transform scheduled__2024-10-01T00:00:00+00:00 [running]> on host 3b89cfee50e9
[2025-12-16T17:14:19.501+0000] {taskinstance.py:2480} INFO - Exporting env vars: AIRFLOW_CTX_DAG_OWNER='***' AIRFLOW_CTX_DAG_ID='etl_***' AIRFLOW_CTX_TASK_ID='transform' AIRFLOW_CTX_EXECUTION_DATE='2024-10-01T00:00:00+00:00' AIRFLOW_CTX_TRY_NUMBER='1' AIRFLOW_CTX_DAG_RUN_ID='scheduled__2024-10-01T00:00:00+00:00'
[2025-12-16T17:14:19.508+0000] {logging_mixin.py:188} INFO - [TRANSFORM]
[2025-12-16T17:14:20.010+0000] {logging_mixin.py:188} INFO - [TRANSFORM] done
[2025-12-16T17:14:20.015+0000] {python.py:201} INFO - Done. Returned value was: None
[2025-12-16T17:14:20.077+0000] {taskinstance.py:1138} INFO - Marking task as SUCCESS. dag_id=etl_***, task_id=transform, execution_date=20241001T000000, start_date=20251216T171418, end_date=20251216T171420
[2025-12-16T17:14:20.492+0000] {local_task_job_runner.py:234} INFO - Task exited with return code 0
[2025-12-16T17:14:20.588+0000] {taskinstance.py:3280} INFO - 1 downstream tasks scheduled from follow-on schedule check
[2025-12-17T01:54:57.168+0000] {taskinstance.py:1956} INFO - Dependencies all met for dep_context=non-requeueable deps ti=<TaskInstance: etl_airflow.transform scheduled__2024-10-01T00:00:00+00:00 [queued]>
[2025-12-17T01:54:57.203+0000] {taskinstance.py:1956} INFO - Dependencies all met for dep_context=requeueable deps ti=<TaskInstance: etl_airflow.transform scheduled__2024-10-01T00:00:00+00:00 [queued]>
[2025-12-17T01:54:57.208+0000] {taskinstance.py:2170} INFO - Starting attempt 1 of 3
[2025-12-17T01:54:57.298+0000] {taskinstance.py:2191} INFO - Executing <Task(PythonOperator): transform> on 2024-10-01 00:00:00+00:00
[2025-12-17T01:54:57.312+0000] {standard_task_runner.py:60} INFO - Started process 2856 to run task
[2025-12-17T01:54:57.327+0000] {standard_task_runner.py:87} INFO - Running: ['***', 'tasks', 'run', 'etl_***', 'transform', 'scheduled__2024-10-01T00:00:00+00:00', '--job-id', '833', '--raw', '--subdir', 'DAGS_FOLDER/etl_dag.py', '--cfg-path', '/tmp/tmpyxd_6ebp']
[2025-12-17T01:54:57.335+0000] {standard_task_runner.py:88} INFO - Job 833: Subtask transform
[2025-12-17T01:54:57.541+0000] {task_command.py:423} INFO - Running <TaskInstance: etl_airflow.transform scheduled__2024-10-01T00:00:00+00:00 [running]> on host 571e042550da
[2025-12-17T01:54:58.151+0000] {taskinstance.py:2480} INFO - Exporting env vars: AIRFLOW_CTX_DAG_OWNER='***' AIRFLOW_CTX_DAG_ID='etl_***' AIRFLOW_CTX_TASK_ID='transform' AIRFLOW_CTX_EXECUTION_DATE='2024-10-01T00:00:00+00:00' AIRFLOW_CTX_TRY_NUMBER='1' AIRFLOW_CTX_DAG_RUN_ID='scheduled__2024-10-01T00:00:00+00:00'
[2025-12-17T01:54:58.165+0000] {logging_mixin.py:188} INFO - [TRANSFORM]
[2025-12-17T01:54:58.235+0000] {logging_mixin.py:188} INFO - [TRANSFORM] done
[2025-12-17T01:54:58.237+0000] {python.py:201} INFO - Done. Returned value was: None
[2025-12-17T01:54:58.270+0000] {taskinstance.py:1138} INFO - Marking task as SUCCESS. dag_id=etl_***, task_id=transform, execution_date=20241001T000000, start_date=20251217T015457, end_date=20251217T015458
[2025-12-17T01:54:58.351+0000] {local_task_job_runner.py:234} INFO - Task exited with return code 0
[2025-12-17T01:54:58.405+0000] {taskinstance.py:3280} INFO - 1 downstream tasks scheduled from follow-on schedule check
[2025-12-17T04:52:16.249+0000] {taskinstance.py:1956} INFO - Dependencies all met for dep_context=non-requeueable deps ti=<TaskInstance: etl_airflow.transform scheduled__2024-10-01T00:00:00+00:00 [queued]>
[2025-12-17T04:52:16.267+0000] {taskinstance.py:1956} INFO - Dependencies all met for dep_context=requeueable deps ti=<TaskInstance: etl_airflow.transform scheduled__2024-10-01T00:00:00+00:00 [queued]>
[2025-12-17T04:52:16.270+0000] {taskinstance.py:2170} INFO - Starting attempt 1 of 3
[2025-12-17T04:52:16.294+0000] {taskinstance.py:2191} INFO - Executing <Task(PythonOperator): transform> on 2024-10-01 00:00:00+00:00
[2025-12-17T04:52:16.304+0000] {standard_task_runner.py:60} INFO - Started process 3869 to run task
[2025-12-17T04:52:16.315+0000] {standard_task_runner.py:87} INFO - Running: ['***', 'tasks', 'run', 'etl_***', 'transform', 'scheduled__2024-10-01T00:00:00+00:00', '--job-id', '1104', '--raw', '--subdir', 'DAGS_FOLDER/etl_***.py', '--cfg-path', '/tmp/tmpmd1393oi']
[2025-12-17T04:52:16.321+0000] {standard_task_runner.py:88} INFO - Job 1104: Subtask transform
[2025-12-17T04:52:16.490+0000] {task_command.py:423} INFO - Running <TaskInstance: etl_airflow.transform scheduled__2024-10-01T00:00:00+00:00 [running]> on host b3426f05ac70
[2025-12-17T04:52:16.888+0000] {taskinstance.py:2480} INFO - Exporting env vars: AIRFLOW_CTX_DAG_OWNER='***' AIRFLOW_CTX_DAG_ID='etl_***' AIRFLOW_CTX_TASK_ID='transform' AIRFLOW_CTX_EXECUTION_DATE='2024-10-01T00:00:00+00:00' AIRFLOW_CTX_TRY_NUMBER='1' AIRFLOW_CTX_DAG_RUN_ID='scheduled__2024-10-01T00:00:00+00:00'
[2025-12-17T04:52:16.890+0000] {taskinstance.py:2698} ERROR - Task failed with exception
Traceback (most recent call last):
  File "/home/airflow/.local/lib/python3.8/site-packages/airflow/models/taskinstance.py", line 433, in _execute_task
    result = execute_callable(context=context, **execute_callable_kwargs)
  File "/home/airflow/.local/lib/python3.8/site-packages/airflow/operators/python.py", line 199, in execute
    return_value = self.execute_callable()
  File "/home/airflow/.local/lib/python3.8/site-packages/airflow/operators/python.py", line 216, in execute_callable
    return self.python_callable(*self.op_args, **self.op_kwargs)
TypeError: transform_data() missing 1 required positional argument: 'df'
[2025-12-17T04:52:16.904+0000] {taskinstance.py:1138} INFO - Marking task as UP_FOR_RETRY. dag_id=etl_***, task_id=transform, execution_date=20241001T000000, start_date=20251217T045216, end_date=20251217T045216
[2025-12-17T04:52:17.001+0000] {standard_task_runner.py:107} ERROR - Failed to execute job 1104 for task transform (transform_data() missing 1 required positional argument: 'df'; 3869)
[2025-12-17T04:52:17.063+0000] {local_task_job_runner.py:234} INFO - Task exited with return code 1
[2025-12-17T04:52:17.356+0000] {taskinstance.py:3280} INFO - 0 downstream tasks scheduled from follow-on schedule check
[2025-12-17T07:57:17.554+0000] {taskinstance.py:1956} INFO - Dependencies all met for dep_context=non-requeueable deps ti=<TaskInstance: etl_airflow.transform scheduled__2024-10-01T00:00:00+00:00 [queued]>
[2025-12-17T07:57:17.631+0000] {taskinstance.py:1956} INFO - Dependencies all met for dep_context=requeueable deps ti=<TaskInstance: etl_airflow.transform scheduled__2024-10-01T00:00:00+00:00 [queued]>
[2025-12-17T07:57:17.644+0000] {taskinstance.py:2170} INFO - Starting attempt 1 of 3
[2025-12-17T07:57:17.690+0000] {taskinstance.py:2191} INFO - Executing <Task(PythonOperator): transform> on 2024-10-01 00:00:00+00:00
[2025-12-17T07:57:17.729+0000] {standard_task_runner.py:60} INFO - Started process 3960 to run task
[2025-12-17T07:57:17.743+0000] {standard_task_runner.py:87} INFO - Running: ['***', 'tasks', 'run', 'etl_***', 'transform', 'scheduled__2024-10-01T00:00:00+00:00', '--job-id', '1108', '--raw', '--subdir', 'DAGS_FOLDER/etl_***.py', '--cfg-path', '/tmp/tmp9v5g8tsr']
[2025-12-17T07:57:17.764+0000] {standard_task_runner.py:88} INFO - Job 1108: Subtask transform
[2025-12-17T07:57:18.074+0000] {task_command.py:423} INFO - Running <TaskInstance: etl_airflow.transform scheduled__2024-10-01T00:00:00+00:00 [running]> on host 2a0de06c8905
[2025-12-17T07:57:18.717+0000] {taskinstance.py:2480} INFO - Exporting env vars: AIRFLOW_CTX_DAG_OWNER='***' AIRFLOW_CTX_DAG_ID='etl_***' AIRFLOW_CTX_TASK_ID='transform' AIRFLOW_CTX_EXECUTION_DATE='2024-10-01T00:00:00+00:00' AIRFLOW_CTX_TRY_NUMBER='1' AIRFLOW_CTX_DAG_RUN_ID='scheduled__2024-10-01T00:00:00+00:00'
[2025-12-17T07:57:18.724+0000] {taskinstance.py:2698} ERROR - Task failed with exception
Traceback (most recent call last):
  File "/home/airflow/.local/lib/python3.8/site-packages/airflow/models/taskinstance.py", line 433, in _execute_task
    result = execute_callable(context=context, **execute_callable_kwargs)
  File "/home/airflow/.local/lib/python3.8/site-packages/airflow/operators/python.py", line 199, in execute
    return_value = self.execute_callable()
  File "/home/airflow/.local/lib/python3.8/site-packages/airflow/operators/python.py", line 216, in execute_callable
    return self.python_callable(*self.op_args, **self.op_kwargs)
TypeError: transform_data() missing 1 required positional argument: 'df'
[2025-12-17T07:57:18.762+0000] {taskinstance.py:1138} INFO - Marking task as UP_FOR_RETRY. dag_id=etl_***, task_id=transform, execution_date=20241001T000000, start_date=20251217T075717, end_date=20251217T075718
[2025-12-17T07:57:18.805+0000] {standard_task_runner.py:107} ERROR - Failed to execute job 1108 for task transform (transform_data() missing 1 required positional argument: 'df'; 3960)
[2025-12-17T07:57:18.897+0000] {local_task_job_runner.py:234} INFO - Task exited with return code 1
[2025-12-17T07:57:19.223+0000] {taskinstance.py:3280} INFO - 0 downstream tasks scheduled from follow-on schedule check
