[2025-12-16T17:11:35.877+0000] {taskinstance.py:1956} INFO - Dependencies all met for dep_context=non-requeueable deps ti=<TaskInstance: etl_airflow.load scheduled__2024-05-01T00:00:00+00:00 [queued]>
[2025-12-16T17:11:35.925+0000] {taskinstance.py:1956} INFO - Dependencies all met for dep_context=requeueable deps ti=<TaskInstance: etl_airflow.load scheduled__2024-05-01T00:00:00+00:00 [queued]>
[2025-12-16T17:11:35.927+0000] {taskinstance.py:2170} INFO - Starting attempt 1 of 3
[2025-12-16T17:11:36.121+0000] {taskinstance.py:2191} INFO - Executing <Task(PythonOperator): load> on 2024-05-01 00:00:00+00:00
[2025-12-16T17:11:36.167+0000] {standard_task_runner.py:60} INFO - Started process 1557 to run task
[2025-12-16T17:11:36.183+0000] {standard_task_runner.py:87} INFO - Running: ['***', 'tasks', 'run', 'etl_***', 'load', 'scheduled__2024-05-01T00:00:00+00:00', '--job-id', '3995', '--raw', '--subdir', 'DAGS_FOLDER/etl_dag.py', '--cfg-path', '/tmp/tmpz94ph26j']
[2025-12-16T17:11:36.193+0000] {standard_task_runner.py:88} INFO - Job 3995: Subtask load
[2025-12-16T17:11:36.428+0000] {task_command.py:423} INFO - Running <TaskInstance: etl_airflow.load scheduled__2024-05-01T00:00:00+00:00 [running]> on host 3b89cfee50e9
[2025-12-16T17:11:36.617+0000] {taskinstance.py:2480} INFO - Exporting env vars: AIRFLOW_CTX_DAG_OWNER='***' AIRFLOW_CTX_DAG_ID='etl_***' AIRFLOW_CTX_TASK_ID='load' AIRFLOW_CTX_EXECUTION_DATE='2024-05-01T00:00:00+00:00' AIRFLOW_CTX_TRY_NUMBER='1' AIRFLOW_CTX_DAG_RUN_ID='scheduled__2024-05-01T00:00:00+00:00'
[2025-12-16T17:11:36.620+0000] {logging_mixin.py:188} INFO - [LOAD]
[2025-12-16T17:11:36.910+0000] {logging_mixin.py:188} INFO -    user_id event_type            timestamp country
0        1      login  2025-01-01T09:00:00      IN
1        1      click  2025-01-01T09:05:00      IN
2        1     logout  2025-01-01T09:15:00      IN
3        3      login  2025-01-02T08:00:00      FR
4        3      click  2025-01-02T08:05:00      FR
[2025-12-16T17:11:36.914+0000] {logging_mixin.py:188} INFO - [LOAD] done
[2025-12-16T17:11:36.916+0000] {python.py:201} INFO - Done. Returned value was: None
[2025-12-16T17:11:36.931+0000] {taskinstance.py:1138} INFO - Marking task as SUCCESS. dag_id=etl_***, task_id=load, execution_date=20240501T000000, start_date=20251216T171135, end_date=20251216T171136
[2025-12-16T17:11:37.004+0000] {local_task_job_runner.py:234} INFO - Task exited with return code 0
[2025-12-16T17:11:37.030+0000] {taskinstance.py:3280} INFO - 0 downstream tasks scheduled from follow-on schedule check
[2025-12-17T01:52:22.691+0000] {taskinstance.py:1956} INFO - Dependencies all met for dep_context=non-requeueable deps ti=<TaskInstance: etl_airflow.load scheduled__2024-05-01T00:00:00+00:00 [queued]>
[2025-12-17T01:52:22.719+0000] {taskinstance.py:1956} INFO - Dependencies all met for dep_context=requeueable deps ti=<TaskInstance: etl_airflow.load scheduled__2024-05-01T00:00:00+00:00 [queued]>
[2025-12-17T01:52:22.721+0000] {taskinstance.py:2170} INFO - Starting attempt 1 of 3
[2025-12-17T01:52:22.773+0000] {taskinstance.py:2191} INFO - Executing <Task(PythonOperator): load> on 2024-05-01 00:00:00+00:00
[2025-12-17T01:52:22.792+0000] {standard_task_runner.py:60} INFO - Started process 1452 to run task
[2025-12-17T01:52:22.801+0000] {standard_task_runner.py:87} INFO - Running: ['***', 'tasks', 'run', 'etl_***', 'load', 'scheduled__2024-05-01T00:00:00+00:00', '--job-id', '393', '--raw', '--subdir', 'DAGS_FOLDER/etl_dag.py', '--cfg-path', '/tmp/tmphr1ri_lp']
[2025-12-17T01:52:22.820+0000] {standard_task_runner.py:88} INFO - Job 393: Subtask load
[2025-12-17T01:52:23.161+0000] {task_command.py:423} INFO - Running <TaskInstance: etl_airflow.load scheduled__2024-05-01T00:00:00+00:00 [running]> on host 571e042550da
[2025-12-17T01:52:23.833+0000] {taskinstance.py:2480} INFO - Exporting env vars: AIRFLOW_CTX_DAG_OWNER='***' AIRFLOW_CTX_DAG_ID='etl_***' AIRFLOW_CTX_TASK_ID='load' AIRFLOW_CTX_EXECUTION_DATE='2024-05-01T00:00:00+00:00' AIRFLOW_CTX_TRY_NUMBER='1' AIRFLOW_CTX_DAG_RUN_ID='scheduled__2024-05-01T00:00:00+00:00'
[2025-12-17T01:52:23.837+0000] {logging_mixin.py:188} INFO - [LOAD]
[2025-12-17T01:52:23.915+0000] {logging_mixin.py:188} INFO -    user_id event_type            timestamp country
0        1      login  2025-01-01T09:00:00      IN
1        1      click  2025-01-01T09:05:00      IN
2        1     logout  2025-01-01T09:15:00      IN
3        3      login  2025-01-02T08:00:00      FR
4        3      click  2025-01-02T08:05:00      FR
[2025-12-17T01:52:23.921+0000] {logging_mixin.py:188} INFO - [LOAD] done
[2025-12-17T01:52:23.925+0000] {python.py:201} INFO - Done. Returned value was: None
[2025-12-17T01:52:23.960+0000] {taskinstance.py:1138} INFO - Marking task as SUCCESS. dag_id=etl_***, task_id=load, execution_date=20240501T000000, start_date=20251217T015222, end_date=20251217T015223
[2025-12-17T01:52:24.033+0000] {local_task_job_runner.py:234} INFO - Task exited with return code 0
[2025-12-17T01:52:24.123+0000] {taskinstance.py:3280} INFO - 0 downstream tasks scheduled from follow-on schedule check
