[2025-12-16T17:16:10.282+0000] {taskinstance.py:1956} INFO - Dependencies all met for dep_context=non-requeueable deps ti=<TaskInstance: etl_airflow.load scheduled__2025-02-08T00:00:00+00:00 [queued]>
[2025-12-16T17:16:10.304+0000] {taskinstance.py:1956} INFO - Dependencies all met for dep_context=requeueable deps ti=<TaskInstance: etl_airflow.load scheduled__2025-02-08T00:00:00+00:00 [queued]>
[2025-12-16T17:16:10.305+0000] {taskinstance.py:2170} INFO - Starting attempt 1 of 3
[2025-12-16T17:16:10.333+0000] {taskinstance.py:2191} INFO - Executing <Task(PythonOperator): load> on 2025-02-08 00:00:00+00:00
[2025-12-16T17:16:10.346+0000] {standard_task_runner.py:60} INFO - Started process 2478 to run task
[2025-12-16T17:16:10.356+0000] {standard_task_runner.py:87} INFO - Running: ['***', 'tasks', 'run', 'etl_***', 'load', 'scheduled__2025-02-08T00:00:00+00:00', '--job-id', '4864', '--raw', '--subdir', 'DAGS_FOLDER/etl_dag.py', '--cfg-path', '/tmp/tmpvy0peoth']
[2025-12-16T17:16:10.360+0000] {standard_task_runner.py:88} INFO - Job 4864: Subtask load
[2025-12-16T17:16:10.504+0000] {task_command.py:423} INFO - Running <TaskInstance: etl_airflow.load scheduled__2025-02-08T00:00:00+00:00 [running]> on host 3b89cfee50e9
[2025-12-16T17:16:10.701+0000] {taskinstance.py:2480} INFO - Exporting env vars: AIRFLOW_CTX_DAG_OWNER='***' AIRFLOW_CTX_DAG_ID='etl_***' AIRFLOW_CTX_TASK_ID='load' AIRFLOW_CTX_EXECUTION_DATE='2025-02-08T00:00:00+00:00' AIRFLOW_CTX_TRY_NUMBER='1' AIRFLOW_CTX_DAG_RUN_ID='scheduled__2025-02-08T00:00:00+00:00'
[2025-12-16T17:16:10.705+0000] {logging_mixin.py:188} INFO - [LOAD]
[2025-12-16T17:16:11.024+0000] {logging_mixin.py:188} INFO -    user_id event_type            timestamp country
0        1      login  2025-01-01T09:00:00      IN
1        1      click  2025-01-01T09:05:00      IN
2        1     logout  2025-01-01T09:15:00      IN
3        3      login  2025-01-02T08:00:00      FR
4        3      click  2025-01-02T08:05:00      FR
[2025-12-16T17:16:11.026+0000] {logging_mixin.py:188} INFO - [LOAD] done
[2025-12-16T17:16:11.027+0000] {python.py:201} INFO - Done. Returned value was: None
[2025-12-16T17:16:11.046+0000] {taskinstance.py:1138} INFO - Marking task as SUCCESS. dag_id=etl_***, task_id=load, execution_date=20250208T000000, start_date=20251216T171610, end_date=20251216T171611
[2025-12-16T17:16:11.091+0000] {local_task_job_runner.py:234} INFO - Task exited with return code 0
[2025-12-16T17:16:11.131+0000] {taskinstance.py:3280} INFO - 0 downstream tasks scheduled from follow-on schedule check
[2025-12-17T01:57:11.911+0000] {taskinstance.py:1956} INFO - Dependencies all met for dep_context=non-requeueable deps ti=<TaskInstance: etl_airflow.load scheduled__2025-02-08T00:00:00+00:00 [queued]>
[2025-12-17T01:57:11.925+0000] {taskinstance.py:1956} INFO - Dependencies all met for dep_context=requeueable deps ti=<TaskInstance: etl_airflow.load scheduled__2025-02-08T00:00:00+00:00 [queued]>
[2025-12-17T01:57:11.926+0000] {taskinstance.py:2170} INFO - Starting attempt 1 of 3
[2025-12-17T01:57:11.948+0000] {taskinstance.py:2191} INFO - Executing <Task(PythonOperator): load> on 2025-02-08 00:00:00+00:00
[2025-12-17T01:57:11.959+0000] {standard_task_runner.py:60} INFO - Started process 4135 to run task
[2025-12-17T01:57:11.965+0000] {standard_task_runner.py:87} INFO - Running: ['***', 'tasks', 'run', 'etl_***', 'load', 'scheduled__2025-02-08T00:00:00+00:00', '--job-id', '1239', '--raw', '--subdir', 'DAGS_FOLDER/etl_dag.py', '--cfg-path', '/tmp/tmpxkck69q3']
[2025-12-17T01:57:11.970+0000] {standard_task_runner.py:88} INFO - Job 1239: Subtask load
[2025-12-17T01:57:12.116+0000] {task_command.py:423} INFO - Running <TaskInstance: etl_airflow.load scheduled__2025-02-08T00:00:00+00:00 [running]> on host 571e042550da
[2025-12-17T01:57:12.617+0000] {taskinstance.py:2480} INFO - Exporting env vars: AIRFLOW_CTX_DAG_OWNER='***' AIRFLOW_CTX_DAG_ID='etl_***' AIRFLOW_CTX_TASK_ID='load' AIRFLOW_CTX_EXECUTION_DATE='2025-02-08T00:00:00+00:00' AIRFLOW_CTX_TRY_NUMBER='1' AIRFLOW_CTX_DAG_RUN_ID='scheduled__2025-02-08T00:00:00+00:00'
[2025-12-17T01:57:12.620+0000] {logging_mixin.py:188} INFO - [LOAD]
[2025-12-17T01:57:12.651+0000] {logging_mixin.py:188} INFO -    user_id event_type            timestamp country
0        1      login  2025-01-01T09:00:00      IN
1        1      click  2025-01-01T09:05:00      IN
2        1     logout  2025-01-01T09:15:00      IN
3        3      login  2025-01-02T08:00:00      FR
4        3      click  2025-01-02T08:05:00      FR
[2025-12-17T01:57:12.653+0000] {logging_mixin.py:188} INFO - [LOAD] done
[2025-12-17T01:57:12.654+0000] {python.py:201} INFO - Done. Returned value was: None
[2025-12-17T01:57:12.668+0000] {taskinstance.py:1138} INFO - Marking task as SUCCESS. dag_id=etl_***, task_id=load, execution_date=20250208T000000, start_date=20251217T015711, end_date=20251217T015712
[2025-12-17T01:57:12.746+0000] {local_task_job_runner.py:234} INFO - Task exited with return code 0
[2025-12-17T01:57:12.777+0000] {taskinstance.py:3280} INFO - 0 downstream tasks scheduled from follow-on schedule check
