[2025-12-17T01:59:31.486+0000] {taskinstance.py:1956} INFO - Dependencies all met for dep_context=non-requeueable deps ti=<TaskInstance: etl_airflow.transform scheduled__2025-07-08T00:00:00+00:00 [queued]>
[2025-12-17T01:59:31.510+0000] {taskinstance.py:1956} INFO - Dependencies all met for dep_context=requeueable deps ti=<TaskInstance: etl_airflow.transform scheduled__2025-07-08T00:00:00+00:00 [queued]>
[2025-12-17T01:59:31.516+0000] {taskinstance.py:2170} INFO - Starting attempt 1 of 3
[2025-12-17T01:59:31.738+0000] {taskinstance.py:2191} INFO - Executing <Task(PythonOperator): transform> on 2025-07-08 00:00:00+00:00
[2025-12-17T01:59:31.756+0000] {standard_task_runner.py:60} INFO - Started process 5573 to run task
[2025-12-17T01:59:31.769+0000] {standard_task_runner.py:87} INFO - Running: ['***', 'tasks', 'run', 'etl_***', 'transform', 'scheduled__2025-07-08T00:00:00+00:00', '--job-id', '1689', '--raw', '--subdir', 'DAGS_FOLDER/etl_dag.py', '--cfg-path', '/tmp/tmp14y242uk']
[2025-12-17T01:59:31.776+0000] {standard_task_runner.py:88} INFO - Job 1689: Subtask transform
[2025-12-17T01:59:31.942+0000] {task_command.py:423} INFO - Running <TaskInstance: etl_airflow.transform scheduled__2025-07-08T00:00:00+00:00 [running]> on host 571e042550da
[2025-12-17T01:59:32.506+0000] {taskinstance.py:2480} INFO - Exporting env vars: AIRFLOW_CTX_DAG_OWNER='***' AIRFLOW_CTX_DAG_ID='etl_***' AIRFLOW_CTX_TASK_ID='transform' AIRFLOW_CTX_EXECUTION_DATE='2025-07-08T00:00:00+00:00' AIRFLOW_CTX_TRY_NUMBER='1' AIRFLOW_CTX_DAG_RUN_ID='scheduled__2025-07-08T00:00:00+00:00'
[2025-12-17T01:59:32.509+0000] {logging_mixin.py:188} INFO - [TRANSFORM]
[2025-12-17T01:59:32.545+0000] {logging_mixin.py:188} INFO - [TRANSFORM] done
[2025-12-17T01:59:32.547+0000] {python.py:201} INFO - Done. Returned value was: None
[2025-12-17T01:59:32.580+0000] {taskinstance.py:1138} INFO - Marking task as SUCCESS. dag_id=etl_***, task_id=transform, execution_date=20250708T000000, start_date=20251217T015931, end_date=20251217T015932
[2025-12-17T01:59:32.684+0000] {local_task_job_runner.py:234} INFO - Task exited with return code 0
[2025-12-17T01:59:32.934+0000] {taskinstance.py:3280} INFO - 0 downstream tasks scheduled from follow-on schedule check
[2025-12-17T05:02:06.503+0000] {taskinstance.py:1956} INFO - Dependencies all met for dep_context=non-requeueable deps ti=<TaskInstance: etl_airflow.transform scheduled__2025-07-08T00:00:00+00:00 [queued]>
[2025-12-17T05:02:06.519+0000] {taskinstance.py:1956} INFO - Dependencies all met for dep_context=requeueable deps ti=<TaskInstance: etl_airflow.transform scheduled__2025-07-08T00:00:00+00:00 [queued]>
[2025-12-17T05:02:06.521+0000] {taskinstance.py:2170} INFO - Starting attempt 1 of 3
[2025-12-17T05:02:06.543+0000] {taskinstance.py:2191} INFO - Executing <Task(PythonOperator): transform> on 2025-07-08 00:00:00+00:00
[2025-12-17T05:02:06.550+0000] {standard_task_runner.py:60} INFO - Started process 7485 to run task
[2025-12-17T05:02:06.556+0000] {standard_task_runner.py:87} INFO - Running: ['***', 'tasks', 'run', 'etl_***', 'transform', 'scheduled__2025-07-08T00:00:00+00:00', '--job-id', '2204', '--raw', '--subdir', 'DAGS_FOLDER/etl_***.py', '--cfg-path', '/tmp/tmp3hyjtl_q']
[2025-12-17T05:02:06.560+0000] {standard_task_runner.py:88} INFO - Job 2204: Subtask transform
[2025-12-17T05:02:06.675+0000] {task_command.py:423} INFO - Running <TaskInstance: etl_airflow.transform scheduled__2025-07-08T00:00:00+00:00 [running]> on host b3426f05ac70
[2025-12-17T05:02:06.981+0000] {taskinstance.py:2480} INFO - Exporting env vars: AIRFLOW_CTX_DAG_OWNER='***' AIRFLOW_CTX_DAG_ID='etl_***' AIRFLOW_CTX_TASK_ID='transform' AIRFLOW_CTX_EXECUTION_DATE='2025-07-08T00:00:00+00:00' AIRFLOW_CTX_TRY_NUMBER='1' AIRFLOW_CTX_DAG_RUN_ID='scheduled__2025-07-08T00:00:00+00:00'
[2025-12-17T05:02:06.983+0000] {taskinstance.py:2698} ERROR - Task failed with exception
Traceback (most recent call last):
  File "/home/airflow/.local/lib/python3.8/site-packages/airflow/models/taskinstance.py", line 433, in _execute_task
    result = execute_callable(context=context, **execute_callable_kwargs)
  File "/home/airflow/.local/lib/python3.8/site-packages/airflow/operators/python.py", line 199, in execute
    return_value = self.execute_callable()
  File "/home/airflow/.local/lib/python3.8/site-packages/airflow/operators/python.py", line 216, in execute_callable
    return self.python_callable(*self.op_args, **self.op_kwargs)
TypeError: transform_data() missing 1 required positional argument: 'df'
[2025-12-17T05:02:06.994+0000] {taskinstance.py:1138} INFO - Marking task as UP_FOR_RETRY. dag_id=etl_***, task_id=transform, execution_date=20250708T000000, start_date=20251217T050206, end_date=20251217T050206
[2025-12-17T05:02:07.017+0000] {standard_task_runner.py:107} ERROR - Failed to execute job 2204 for task transform (transform_data() missing 1 required positional argument: 'df'; 7485)
[2025-12-17T05:02:07.052+0000] {local_task_job_runner.py:234} INFO - Task exited with return code 1
[2025-12-17T05:02:07.090+0000] {taskinstance.py:3280} INFO - 0 downstream tasks scheduled from follow-on schedule check
