[2025-12-16T17:14:07.121+0000] {taskinstance.py:1956} INFO - Dependencies all met for dep_context=non-requeueable deps ti=<TaskInstance: etl_airflow.load scheduled__2024-09-20T00:00:00+00:00 [queued]>
[2025-12-16T17:14:07.156+0000] {taskinstance.py:1956} INFO - Dependencies all met for dep_context=requeueable deps ti=<TaskInstance: etl_airflow.load scheduled__2024-09-20T00:00:00+00:00 [queued]>
[2025-12-16T17:14:07.158+0000] {taskinstance.py:2170} INFO - Starting attempt 1 of 3
[2025-12-16T17:14:07.205+0000] {taskinstance.py:2191} INFO - Executing <Task(PythonOperator): load> on 2024-09-20 00:00:00+00:00
[2025-12-16T17:14:07.233+0000] {standard_task_runner.py:87} INFO - Running: ['***', 'tasks', 'run', 'etl_***', 'load', 'scheduled__2024-09-20T00:00:00+00:00', '--job-id', '4423', '--raw', '--subdir', 'DAGS_FOLDER/etl_dag.py', '--cfg-path', '/tmp/tmpx6pm0d76']
[2025-12-16T17:14:07.223+0000] {standard_task_runner.py:60} INFO - Started process 1099 to run task
[2025-12-16T17:14:07.244+0000] {standard_task_runner.py:88} INFO - Job 4423: Subtask load
[2025-12-16T17:14:07.515+0000] {task_command.py:423} INFO - Running <TaskInstance: etl_airflow.load scheduled__2024-09-20T00:00:00+00:00 [running]> on host 3b89cfee50e9
[2025-12-16T17:14:08.072+0000] {taskinstance.py:2480} INFO - Exporting env vars: AIRFLOW_CTX_DAG_OWNER='***' AIRFLOW_CTX_DAG_ID='etl_***' AIRFLOW_CTX_TASK_ID='load' AIRFLOW_CTX_EXECUTION_DATE='2024-09-20T00:00:00+00:00' AIRFLOW_CTX_TRY_NUMBER='1' AIRFLOW_CTX_DAG_RUN_ID='scheduled__2024-09-20T00:00:00+00:00'
[2025-12-16T17:14:08.080+0000] {logging_mixin.py:188} INFO - [LOAD]
[2025-12-16T17:14:08.537+0000] {logging_mixin.py:188} INFO -    user_id event_type            timestamp country
0        1      login  2025-01-01T09:00:00      IN
1        1      click  2025-01-01T09:05:00      IN
2        1     logout  2025-01-01T09:15:00      IN
3        3      login  2025-01-02T08:00:00      FR
4        3      click  2025-01-02T08:05:00      FR
[2025-12-16T17:14:08.539+0000] {logging_mixin.py:188} INFO - [LOAD] done
[2025-12-16T17:14:08.542+0000] {python.py:201} INFO - Done. Returned value was: None
[2025-12-16T17:14:08.573+0000] {taskinstance.py:1138} INFO - Marking task as SUCCESS. dag_id=etl_***, task_id=load, execution_date=20240920T000000, start_date=20251216T171407, end_date=20251216T171408
[2025-12-16T17:14:08.709+0000] {local_task_job_runner.py:234} INFO - Task exited with return code 0
[2025-12-16T17:14:09.211+0000] {taskinstance.py:3280} INFO - 0 downstream tasks scheduled from follow-on schedule check
[2025-12-17T01:54:48.379+0000] {taskinstance.py:1956} INFO - Dependencies all met for dep_context=non-requeueable deps ti=<TaskInstance: etl_airflow.load scheduled__2024-09-20T00:00:00+00:00 [queued]>
[2025-12-17T01:54:48.394+0000] {taskinstance.py:1956} INFO - Dependencies all met for dep_context=requeueable deps ti=<TaskInstance: etl_airflow.load scheduled__2024-09-20T00:00:00+00:00 [queued]>
[2025-12-17T01:54:48.396+0000] {taskinstance.py:2170} INFO - Starting attempt 1 of 3
[2025-12-17T01:54:48.420+0000] {taskinstance.py:2191} INFO - Executing <Task(PythonOperator): load> on 2024-09-20 00:00:00+00:00
[2025-12-17T01:54:48.435+0000] {standard_task_runner.py:60} INFO - Started process 2777 to run task
[2025-12-17T01:54:48.442+0000] {standard_task_runner.py:87} INFO - Running: ['***', 'tasks', 'run', 'etl_***', 'load', 'scheduled__2024-09-20T00:00:00+00:00', '--job-id', '810', '--raw', '--subdir', 'DAGS_FOLDER/etl_dag.py', '--cfg-path', '/tmp/tmpphks76p_']
[2025-12-17T01:54:48.448+0000] {standard_task_runner.py:88} INFO - Job 810: Subtask load
[2025-12-17T01:54:48.578+0000] {task_command.py:423} INFO - Running <TaskInstance: etl_airflow.load scheduled__2024-09-20T00:00:00+00:00 [running]> on host 571e042550da
[2025-12-17T01:54:49.045+0000] {taskinstance.py:2480} INFO - Exporting env vars: AIRFLOW_CTX_DAG_OWNER='***' AIRFLOW_CTX_DAG_ID='etl_***' AIRFLOW_CTX_TASK_ID='load' AIRFLOW_CTX_EXECUTION_DATE='2024-09-20T00:00:00+00:00' AIRFLOW_CTX_TRY_NUMBER='1' AIRFLOW_CTX_DAG_RUN_ID='scheduled__2024-09-20T00:00:00+00:00'
[2025-12-17T01:54:49.048+0000] {logging_mixin.py:188} INFO - [LOAD]
[2025-12-17T01:54:49.076+0000] {logging_mixin.py:188} INFO -    user_id event_type            timestamp country
0        1      login  2025-01-01T09:00:00      IN
1        1      click  2025-01-01T09:05:00      IN
2        1     logout  2025-01-01T09:15:00      IN
3        3      login  2025-01-02T08:00:00      FR
4        3      click  2025-01-02T08:05:00      FR
[2025-12-17T01:54:49.078+0000] {logging_mixin.py:188} INFO - [LOAD] done
[2025-12-17T01:54:49.079+0000] {python.py:201} INFO - Done. Returned value was: None
[2025-12-17T01:54:49.095+0000] {taskinstance.py:1138} INFO - Marking task as SUCCESS. dag_id=etl_***, task_id=load, execution_date=20240920T000000, start_date=20251217T015448, end_date=20251217T015449
[2025-12-17T01:54:49.180+0000] {local_task_job_runner.py:234} INFO - Task exited with return code 0
[2025-12-17T01:54:49.226+0000] {taskinstance.py:3280} INFO - 0 downstream tasks scheduled from follow-on schedule check
