[2025-12-16T17:16:41.278+0000] {taskinstance.py:1956} INFO - Dependencies all met for dep_context=non-requeueable deps ti=<TaskInstance: etl_airflow.load scheduled__2025-03-17T00:00:00+00:00 [queued]>
[2025-12-16T17:16:41.304+0000] {taskinstance.py:1956} INFO - Dependencies all met for dep_context=requeueable deps ti=<TaskInstance: etl_airflow.load scheduled__2025-03-17T00:00:00+00:00 [queued]>
[2025-12-16T17:16:41.306+0000] {taskinstance.py:2170} INFO - Starting attempt 1 of 3
[2025-12-16T17:16:41.338+0000] {taskinstance.py:2191} INFO - Executing <Task(PythonOperator): load> on 2025-03-17 00:00:00+00:00
[2025-12-16T17:16:41.358+0000] {standard_task_runner.py:60} INFO - Started process 2873 to run task
[2025-12-16T17:16:41.366+0000] {standard_task_runner.py:87} INFO - Running: ['***', 'tasks', 'run', 'etl_***', 'load', 'scheduled__2025-03-17T00:00:00+00:00', '--job-id', '4987', '--raw', '--subdir', 'DAGS_FOLDER/etl_dag.py', '--cfg-path', '/tmp/tmpia24cnbd']
[2025-12-16T17:16:41.373+0000] {standard_task_runner.py:88} INFO - Job 4987: Subtask load
[2025-12-16T17:16:41.560+0000] {task_command.py:423} INFO - Running <TaskInstance: etl_airflow.load scheduled__2025-03-17T00:00:00+00:00 [running]> on host 3b89cfee50e9
[2025-12-16T17:16:41.847+0000] {taskinstance.py:2480} INFO - Exporting env vars: AIRFLOW_CTX_DAG_OWNER='***' AIRFLOW_CTX_DAG_ID='etl_***' AIRFLOW_CTX_TASK_ID='load' AIRFLOW_CTX_EXECUTION_DATE='2025-03-17T00:00:00+00:00' AIRFLOW_CTX_TRY_NUMBER='1' AIRFLOW_CTX_DAG_RUN_ID='scheduled__2025-03-17T00:00:00+00:00'
[2025-12-16T17:16:41.860+0000] {logging_mixin.py:188} INFO - [LOAD]
[2025-12-16T17:16:42.248+0000] {logging_mixin.py:188} INFO -    user_id event_type            timestamp country
0        1      login  2025-01-01T09:00:00      IN
1        1      click  2025-01-01T09:05:00      IN
2        1     logout  2025-01-01T09:15:00      IN
3        3      login  2025-01-02T08:00:00      FR
4        3      click  2025-01-02T08:05:00      FR
[2025-12-16T17:16:42.249+0000] {logging_mixin.py:188} INFO - [LOAD] done
[2025-12-16T17:16:42.251+0000] {python.py:201} INFO - Done. Returned value was: None
[2025-12-16T17:16:42.285+0000] {taskinstance.py:1138} INFO - Marking task as SUCCESS. dag_id=etl_***, task_id=load, execution_date=20250317T000000, start_date=20251216T171641, end_date=20251216T171642
[2025-12-16T17:16:42.362+0000] {local_task_job_runner.py:234} INFO - Task exited with return code 0
[2025-12-16T17:16:42.403+0000] {taskinstance.py:3280} INFO - 0 downstream tasks scheduled from follow-on schedule check
[2025-12-17T01:57:54.211+0000] {taskinstance.py:1956} INFO - Dependencies all met for dep_context=non-requeueable deps ti=<TaskInstance: etl_airflow.load scheduled__2025-03-17T00:00:00+00:00 [queued]>
[2025-12-17T01:57:54.242+0000] {taskinstance.py:1956} INFO - Dependencies all met for dep_context=requeueable deps ti=<TaskInstance: etl_airflow.load scheduled__2025-03-17T00:00:00+00:00 [queued]>
[2025-12-17T01:57:54.244+0000] {taskinstance.py:2170} INFO - Starting attempt 1 of 3
[2025-12-17T01:57:54.493+0000] {taskinstance.py:2191} INFO - Executing <Task(PythonOperator): load> on 2025-03-17 00:00:00+00:00
[2025-12-17T01:57:54.516+0000] {standard_task_runner.py:60} INFO - Started process 4560 to run task
[2025-12-17T01:57:54.523+0000] {standard_task_runner.py:87} INFO - Running: ['***', 'tasks', 'run', 'etl_***', 'load', 'scheduled__2025-03-17T00:00:00+00:00', '--job-id', '1369', '--raw', '--subdir', 'DAGS_FOLDER/etl_dag.py', '--cfg-path', '/tmp/tmpnvm3jx8z']
[2025-12-17T01:57:54.530+0000] {standard_task_runner.py:88} INFO - Job 1369: Subtask load
[2025-12-17T01:57:54.723+0000] {task_command.py:423} INFO - Running <TaskInstance: etl_airflow.load scheduled__2025-03-17T00:00:00+00:00 [running]> on host 571e042550da
[2025-12-17T01:57:55.215+0000] {taskinstance.py:2480} INFO - Exporting env vars: AIRFLOW_CTX_DAG_OWNER='***' AIRFLOW_CTX_DAG_ID='etl_***' AIRFLOW_CTX_TASK_ID='load' AIRFLOW_CTX_EXECUTION_DATE='2025-03-17T00:00:00+00:00' AIRFLOW_CTX_TRY_NUMBER='1' AIRFLOW_CTX_DAG_RUN_ID='scheduled__2025-03-17T00:00:00+00:00'
[2025-12-17T01:57:55.218+0000] {logging_mixin.py:188} INFO - [LOAD]
[2025-12-17T01:57:55.261+0000] {logging_mixin.py:188} INFO -    user_id event_type            timestamp country
0        1      login  2025-01-01T09:00:00      IN
1        1      click  2025-01-01T09:05:00      IN
2        1     logout  2025-01-01T09:15:00      IN
3        3      login  2025-01-02T08:00:00      FR
4        3      click  2025-01-02T08:05:00      FR
[2025-12-17T01:57:55.263+0000] {logging_mixin.py:188} INFO - [LOAD] done
[2025-12-17T01:57:55.264+0000] {python.py:201} INFO - Done. Returned value was: None
[2025-12-17T01:57:55.289+0000] {taskinstance.py:1138} INFO - Marking task as SUCCESS. dag_id=etl_***, task_id=load, execution_date=20250317T000000, start_date=20251217T015754, end_date=20251217T015755
[2025-12-17T01:57:55.641+0000] {local_task_job_runner.py:234} INFO - Task exited with return code 0
[2025-12-17T01:57:55.690+0000] {taskinstance.py:3280} INFO - 0 downstream tasks scheduled from follow-on schedule check
