[2025-12-17T04:55:05.685+0000] {taskinstance.py:1956} INFO - Dependencies all met for dep_context=non-requeueable deps ti=<TaskInstance: etl_airflow.transform scheduled__2024-12-05T00:00:00+00:00 [queued]>
[2025-12-17T04:55:05.706+0000] {taskinstance.py:1956} INFO - Dependencies all met for dep_context=requeueable deps ti=<TaskInstance: etl_airflow.transform scheduled__2024-12-05T00:00:00+00:00 [queued]>
[2025-12-17T04:55:05.707+0000] {taskinstance.py:2170} INFO - Starting attempt 3 of 3
[2025-12-17T04:55:05.737+0000] {taskinstance.py:2191} INFO - Executing <Task(PythonOperator): transform> on 2024-12-05 00:00:00+00:00
[2025-12-17T04:55:05.747+0000] {standard_task_runner.py:60} INFO - Started process 4845 to run task
[2025-12-17T04:55:05.760+0000] {standard_task_runner.py:87} INFO - Running: ['***', 'tasks', 'run', 'etl_***', 'transform', 'scheduled__2024-12-05T00:00:00+00:00', '--job-id', '1395', '--raw', '--subdir', 'DAGS_FOLDER/etl_***.py', '--cfg-path', '/tmp/tmp69j7e2on']
[2025-12-17T04:55:05.771+0000] {standard_task_runner.py:88} INFO - Job 1395: Subtask transform
[2025-12-17T04:55:05.910+0000] {task_command.py:423} INFO - Running <TaskInstance: etl_airflow.transform scheduled__2024-12-05T00:00:00+00:00 [running]> on host b3426f05ac70
[2025-12-17T04:55:06.504+0000] {taskinstance.py:2480} INFO - Exporting env vars: AIRFLOW_CTX_DAG_OWNER='***' AIRFLOW_CTX_DAG_ID='etl_***' AIRFLOW_CTX_TASK_ID='transform' AIRFLOW_CTX_EXECUTION_DATE='2024-12-05T00:00:00+00:00' AIRFLOW_CTX_TRY_NUMBER='3' AIRFLOW_CTX_DAG_RUN_ID='scheduled__2024-12-05T00:00:00+00:00'
[2025-12-17T04:55:06.507+0000] {taskinstance.py:2698} ERROR - Task failed with exception
Traceback (most recent call last):
  File "/home/airflow/.local/lib/python3.8/site-packages/airflow/models/taskinstance.py", line 433, in _execute_task
    result = execute_callable(context=context, **execute_callable_kwargs)
  File "/home/airflow/.local/lib/python3.8/site-packages/airflow/operators/python.py", line 199, in execute
    return_value = self.execute_callable()
  File "/home/airflow/.local/lib/python3.8/site-packages/airflow/operators/python.py", line 216, in execute_callable
    return self.python_callable(*self.op_args, **self.op_kwargs)
TypeError: transform_data() missing 1 required positional argument: 'df'
[2025-12-17T04:55:06.534+0000] {taskinstance.py:1138} INFO - Marking task as FAILED. dag_id=etl_***, task_id=transform, execution_date=20241205T000000, start_date=20251217T045505, end_date=20251217T045506
[2025-12-17T04:55:06.558+0000] {standard_task_runner.py:107} ERROR - Failed to execute job 1395 for task transform (transform_data() missing 1 required positional argument: 'df'; 4845)
[2025-12-17T04:55:06.581+0000] {local_task_job_runner.py:234} INFO - Task exited with return code 1
[2025-12-17T04:55:06.636+0000] {taskinstance.py:3280} INFO - 0 downstream tasks scheduled from follow-on schedule check
[2025-12-17T08:00:19.411+0000] {taskinstance.py:1956} INFO - Dependencies all met for dep_context=non-requeueable deps ti=<TaskInstance: etl_airflow.transform scheduled__2024-12-05T00:00:00+00:00 [queued]>
[2025-12-17T08:00:19.436+0000] {taskinstance.py:1956} INFO - Dependencies all met for dep_context=requeueable deps ti=<TaskInstance: etl_airflow.transform scheduled__2024-12-05T00:00:00+00:00 [queued]>
[2025-12-17T08:00:19.439+0000] {taskinstance.py:2170} INFO - Starting attempt 3 of 3
[2025-12-17T08:00:19.481+0000] {taskinstance.py:2191} INFO - Executing <Task(PythonOperator): transform> on 2024-12-05 00:00:00+00:00
[2025-12-17T08:00:19.492+0000] {standard_task_runner.py:60} INFO - Started process 4919 to run task
[2025-12-17T08:00:19.505+0000] {standard_task_runner.py:87} INFO - Running: ['***', 'tasks', 'run', 'etl_***', 'transform', 'scheduled__2024-12-05T00:00:00+00:00', '--job-id', '1400', '--raw', '--subdir', 'DAGS_FOLDER/etl_***.py', '--cfg-path', '/tmp/tmplo8fq2ct']
[2025-12-17T08:00:19.515+0000] {standard_task_runner.py:88} INFO - Job 1400: Subtask transform
[2025-12-17T08:00:19.657+0000] {task_command.py:423} INFO - Running <TaskInstance: etl_airflow.transform scheduled__2024-12-05T00:00:00+00:00 [running]> on host 2a0de06c8905
[2025-12-17T08:00:20.288+0000] {taskinstance.py:2480} INFO - Exporting env vars: AIRFLOW_CTX_DAG_OWNER='***' AIRFLOW_CTX_DAG_ID='etl_***' AIRFLOW_CTX_TASK_ID='transform' AIRFLOW_CTX_EXECUTION_DATE='2024-12-05T00:00:00+00:00' AIRFLOW_CTX_TRY_NUMBER='3' AIRFLOW_CTX_DAG_RUN_ID='scheduled__2024-12-05T00:00:00+00:00'
[2025-12-17T08:00:20.291+0000] {taskinstance.py:2698} ERROR - Task failed with exception
Traceback (most recent call last):
  File "/home/airflow/.local/lib/python3.8/site-packages/airflow/models/taskinstance.py", line 433, in _execute_task
    result = execute_callable(context=context, **execute_callable_kwargs)
  File "/home/airflow/.local/lib/python3.8/site-packages/airflow/operators/python.py", line 199, in execute
    return_value = self.execute_callable()
  File "/home/airflow/.local/lib/python3.8/site-packages/airflow/operators/python.py", line 216, in execute_callable
    return self.python_callable(*self.op_args, **self.op_kwargs)
TypeError: transform_data() missing 1 required positional argument: 'df'
[2025-12-17T08:00:20.306+0000] {taskinstance.py:1138} INFO - Marking task as FAILED. dag_id=etl_***, task_id=transform, execution_date=20241205T000000, start_date=20251217T080019, end_date=20251217T080020
[2025-12-17T08:00:20.488+0000] {standard_task_runner.py:107} ERROR - Failed to execute job 1400 for task transform (transform_data() missing 1 required positional argument: 'df'; 4919)
[2025-12-17T08:00:20.525+0000] {local_task_job_runner.py:234} INFO - Task exited with return code 1
[2025-12-17T08:00:20.570+0000] {taskinstance.py:3280} INFO - 0 downstream tasks scheduled from follow-on schedule check
