[2025-12-16T17:14:55.220+0000] {taskinstance.py:1956} INFO - Dependencies all met for dep_context=non-requeueable deps ti=<TaskInstance: etl_airflow.transform scheduled__2024-11-17T00:00:00+00:00 [queued]>
[2025-12-16T17:14:55.247+0000] {taskinstance.py:1956} INFO - Dependencies all met for dep_context=requeueable deps ti=<TaskInstance: etl_airflow.transform scheduled__2024-11-17T00:00:00+00:00 [queued]>
[2025-12-16T17:14:55.249+0000] {taskinstance.py:2170} INFO - Starting attempt 1 of 3
[2025-12-16T17:14:55.336+0000] {taskinstance.py:2191} INFO - Executing <Task(PythonOperator): transform> on 2024-11-17 00:00:00+00:00
[2025-12-16T17:14:55.356+0000] {standard_task_runner.py:60} INFO - Started process 1626 to run task
[2025-12-16T17:14:55.364+0000] {standard_task_runner.py:87} INFO - Running: ['***', 'tasks', 'run', 'etl_***', 'transform', 'scheduled__2024-11-17T00:00:00+00:00', '--job-id', '4586', '--raw', '--subdir', 'DAGS_FOLDER/etl_dag.py', '--cfg-path', '/tmp/tmpkno5vlp0']
[2025-12-16T17:14:55.370+0000] {standard_task_runner.py:88} INFO - Job 4586: Subtask transform
[2025-12-16T17:14:55.553+0000] {task_command.py:423} INFO - Running <TaskInstance: etl_airflow.transform scheduled__2024-11-17T00:00:00+00:00 [running]> on host 3b89cfee50e9
[2025-12-16T17:14:55.816+0000] {taskinstance.py:2480} INFO - Exporting env vars: AIRFLOW_CTX_DAG_OWNER='***' AIRFLOW_CTX_DAG_ID='etl_***' AIRFLOW_CTX_TASK_ID='transform' AIRFLOW_CTX_EXECUTION_DATE='2024-11-17T00:00:00+00:00' AIRFLOW_CTX_TRY_NUMBER='1' AIRFLOW_CTX_DAG_RUN_ID='scheduled__2024-11-17T00:00:00+00:00'
[2025-12-16T17:14:55.821+0000] {logging_mixin.py:188} INFO - [TRANSFORM]
[2025-12-16T17:14:56.171+0000] {logging_mixin.py:188} INFO - [TRANSFORM] done
[2025-12-16T17:14:56.173+0000] {python.py:201} INFO - Done. Returned value was: None
[2025-12-16T17:14:56.204+0000] {taskinstance.py:1138} INFO - Marking task as SUCCESS. dag_id=etl_***, task_id=transform, execution_date=20241117T000000, start_date=20251216T171455, end_date=20251216T171456
[2025-12-16T17:14:56.281+0000] {local_task_job_runner.py:234} INFO - Task exited with return code 0
[2025-12-16T17:14:56.335+0000] {taskinstance.py:3280} INFO - 1 downstream tasks scheduled from follow-on schedule check
[2025-12-17T01:55:47.128+0000] {taskinstance.py:1956} INFO - Dependencies all met for dep_context=non-requeueable deps ti=<TaskInstance: etl_airflow.transform scheduled__2024-11-17T00:00:00+00:00 [queued]>
[2025-12-17T01:55:47.157+0000] {taskinstance.py:1956} INFO - Dependencies all met for dep_context=requeueable deps ti=<TaskInstance: etl_airflow.transform scheduled__2024-11-17T00:00:00+00:00 [queued]>
[2025-12-17T01:55:47.159+0000] {taskinstance.py:2170} INFO - Starting attempt 1 of 3
[2025-12-17T01:55:47.194+0000] {taskinstance.py:2191} INFO - Executing <Task(PythonOperator): transform> on 2024-11-17 00:00:00+00:00
[2025-12-17T01:55:47.207+0000] {standard_task_runner.py:60} INFO - Started process 3311 to run task
[2025-12-17T01:55:47.218+0000] {standard_task_runner.py:87} INFO - Running: ['***', 'tasks', 'run', 'etl_***', 'transform', 'scheduled__2024-11-17T00:00:00+00:00', '--job-id', '977', '--raw', '--subdir', 'DAGS_FOLDER/etl_dag.py', '--cfg-path', '/tmp/tmphic8y_g5']
[2025-12-17T01:55:47.223+0000] {standard_task_runner.py:88} INFO - Job 977: Subtask transform
[2025-12-17T01:55:47.413+0000] {task_command.py:423} INFO - Running <TaskInstance: etl_airflow.transform scheduled__2024-11-17T00:00:00+00:00 [running]> on host 571e042550da
[2025-12-17T01:55:47.966+0000] {taskinstance.py:2480} INFO - Exporting env vars: AIRFLOW_CTX_DAG_OWNER='***' AIRFLOW_CTX_DAG_ID='etl_***' AIRFLOW_CTX_TASK_ID='transform' AIRFLOW_CTX_EXECUTION_DATE='2024-11-17T00:00:00+00:00' AIRFLOW_CTX_TRY_NUMBER='1' AIRFLOW_CTX_DAG_RUN_ID='scheduled__2024-11-17T00:00:00+00:00'
[2025-12-17T01:55:47.970+0000] {logging_mixin.py:188} INFO - [TRANSFORM]
[2025-12-17T01:55:48.018+0000] {logging_mixin.py:188} INFO - [TRANSFORM] done
[2025-12-17T01:55:48.019+0000] {python.py:201} INFO - Done. Returned value was: None
[2025-12-17T01:55:48.051+0000] {taskinstance.py:1138} INFO - Marking task as SUCCESS. dag_id=etl_***, task_id=transform, execution_date=20241117T000000, start_date=20251217T015547, end_date=20251217T015548
[2025-12-17T01:55:48.159+0000] {local_task_job_runner.py:234} INFO - Task exited with return code 0
[2025-12-17T01:55:48.248+0000] {taskinstance.py:3280} INFO - 1 downstream tasks scheduled from follow-on schedule check
[2025-12-17T04:53:58.745+0000] {taskinstance.py:1956} INFO - Dependencies all met for dep_context=non-requeueable deps ti=<TaskInstance: etl_airflow.transform scheduled__2024-11-17T00:00:00+00:00 [queued]>
[2025-12-17T04:53:58.766+0000] {taskinstance.py:1956} INFO - Dependencies all met for dep_context=requeueable deps ti=<TaskInstance: etl_airflow.transform scheduled__2024-11-17T00:00:00+00:00 [queued]>
[2025-12-17T04:53:58.768+0000] {taskinstance.py:2170} INFO - Starting attempt 1 of 3
[2025-12-17T04:53:58.788+0000] {taskinstance.py:2191} INFO - Executing <Task(PythonOperator): transform> on 2024-11-17 00:00:00+00:00
[2025-12-17T04:53:58.796+0000] {standard_task_runner.py:60} INFO - Started process 4468 to run task
[2025-12-17T04:53:58.807+0000] {standard_task_runner.py:87} INFO - Running: ['***', 'tasks', 'run', 'etl_***', 'transform', 'scheduled__2024-11-17T00:00:00+00:00', '--job-id', '1291', '--raw', '--subdir', 'DAGS_FOLDER/etl_***.py', '--cfg-path', '/tmp/tmpooqt830m']
[2025-12-17T04:53:58.813+0000] {standard_task_runner.py:88} INFO - Job 1291: Subtask transform
[2025-12-17T04:53:58.955+0000] {task_command.py:423} INFO - Running <TaskInstance: etl_airflow.transform scheduled__2024-11-17T00:00:00+00:00 [running]> on host b3426f05ac70
[2025-12-17T04:53:59.383+0000] {taskinstance.py:2480} INFO - Exporting env vars: AIRFLOW_CTX_DAG_OWNER='***' AIRFLOW_CTX_DAG_ID='etl_***' AIRFLOW_CTX_TASK_ID='transform' AIRFLOW_CTX_EXECUTION_DATE='2024-11-17T00:00:00+00:00' AIRFLOW_CTX_TRY_NUMBER='1' AIRFLOW_CTX_DAG_RUN_ID='scheduled__2024-11-17T00:00:00+00:00'
[2025-12-17T04:53:59.387+0000] {taskinstance.py:2698} ERROR - Task failed with exception
Traceback (most recent call last):
  File "/home/airflow/.local/lib/python3.8/site-packages/airflow/models/taskinstance.py", line 433, in _execute_task
    result = execute_callable(context=context, **execute_callable_kwargs)
  File "/home/airflow/.local/lib/python3.8/site-packages/airflow/operators/python.py", line 199, in execute
    return_value = self.execute_callable()
  File "/home/airflow/.local/lib/python3.8/site-packages/airflow/operators/python.py", line 216, in execute_callable
    return self.python_callable(*self.op_args, **self.op_kwargs)
TypeError: transform_data() missing 1 required positional argument: 'df'
[2025-12-17T04:53:59.407+0000] {taskinstance.py:1138} INFO - Marking task as UP_FOR_RETRY. dag_id=etl_***, task_id=transform, execution_date=20241117T000000, start_date=20251217T045358, end_date=20251217T045359
[2025-12-17T04:53:59.426+0000] {standard_task_runner.py:107} ERROR - Failed to execute job 1291 for task transform (transform_data() missing 1 required positional argument: 'df'; 4468)
[2025-12-17T04:53:59.462+0000] {local_task_job_runner.py:234} INFO - Task exited with return code 1
[2025-12-17T04:53:59.511+0000] {taskinstance.py:3280} INFO - 0 downstream tasks scheduled from follow-on schedule check
[2025-12-17T07:59:14.978+0000] {taskinstance.py:1956} INFO - Dependencies all met for dep_context=non-requeueable deps ti=<TaskInstance: etl_airflow.transform scheduled__2024-11-17T00:00:00+00:00 [queued]>
[2025-12-17T07:59:15.020+0000] {taskinstance.py:1956} INFO - Dependencies all met for dep_context=requeueable deps ti=<TaskInstance: etl_airflow.transform scheduled__2024-11-17T00:00:00+00:00 [queued]>
[2025-12-17T07:59:15.032+0000] {taskinstance.py:2170} INFO - Starting attempt 1 of 3
[2025-12-17T07:59:15.097+0000] {taskinstance.py:2191} INFO - Executing <Task(PythonOperator): transform> on 2024-11-17 00:00:00+00:00
[2025-12-17T07:59:15.124+0000] {standard_task_runner.py:60} INFO - Started process 4591 to run task
[2025-12-17T07:59:15.174+0000] {standard_task_runner.py:87} INFO - Running: ['***', 'tasks', 'run', 'etl_***', 'transform', 'scheduled__2024-11-17T00:00:00+00:00', '--job-id', '1297', '--raw', '--subdir', 'DAGS_FOLDER/etl_***.py', '--cfg-path', '/tmp/tmpw630rjau']
[2025-12-17T07:59:15.188+0000] {standard_task_runner.py:88} INFO - Job 1297: Subtask transform
[2025-12-17T07:59:15.516+0000] {task_command.py:423} INFO - Running <TaskInstance: etl_airflow.transform scheduled__2024-11-17T00:00:00+00:00 [running]> on host 2a0de06c8905
[2025-12-17T07:59:16.282+0000] {taskinstance.py:2480} INFO - Exporting env vars: AIRFLOW_CTX_DAG_OWNER='***' AIRFLOW_CTX_DAG_ID='etl_***' AIRFLOW_CTX_TASK_ID='transform' AIRFLOW_CTX_EXECUTION_DATE='2024-11-17T00:00:00+00:00' AIRFLOW_CTX_TRY_NUMBER='1' AIRFLOW_CTX_DAG_RUN_ID='scheduled__2024-11-17T00:00:00+00:00'
[2025-12-17T07:59:16.285+0000] {taskinstance.py:2698} ERROR - Task failed with exception
Traceback (most recent call last):
  File "/home/airflow/.local/lib/python3.8/site-packages/airflow/models/taskinstance.py", line 433, in _execute_task
    result = execute_callable(context=context, **execute_callable_kwargs)
  File "/home/airflow/.local/lib/python3.8/site-packages/airflow/operators/python.py", line 199, in execute
    return_value = self.execute_callable()
  File "/home/airflow/.local/lib/python3.8/site-packages/airflow/operators/python.py", line 216, in execute_callable
    return self.python_callable(*self.op_args, **self.op_kwargs)
TypeError: transform_data() missing 1 required positional argument: 'df'
[2025-12-17T07:59:16.320+0000] {taskinstance.py:1138} INFO - Marking task as UP_FOR_RETRY. dag_id=etl_***, task_id=transform, execution_date=20241117T000000, start_date=20251217T075914, end_date=20251217T075916
[2025-12-17T07:59:16.353+0000] {standard_task_runner.py:107} ERROR - Failed to execute job 1297 for task transform (transform_data() missing 1 required positional argument: 'df'; 4591)
[2025-12-17T07:59:16.408+0000] {local_task_job_runner.py:234} INFO - Task exited with return code 1
[2025-12-17T07:59:16.510+0000] {taskinstance.py:3280} INFO - 0 downstream tasks scheduled from follow-on schedule check
