[2025-12-16T17:21:26.940+0000] {taskinstance.py:1956} INFO - Dependencies all met for dep_context=non-requeueable deps ti=<TaskInstance: etl_airflow.transform scheduled__2024-01-24T00:00:00+00:00 [queued]>
[2025-12-16T17:21:26.977+0000] {taskinstance.py:1956} INFO - Dependencies all met for dep_context=requeueable deps ti=<TaskInstance: etl_airflow.transform scheduled__2024-01-24T00:00:00+00:00 [queued]>
[2025-12-16T17:21:26.979+0000] {taskinstance.py:2170} INFO - Starting attempt 3 of 5
[2025-12-16T17:21:27.053+0000] {taskinstance.py:2191} INFO - Executing <Task(PythonOperator): transform> on 2024-01-24 00:00:00+00:00
[2025-12-16T17:21:27.075+0000] {standard_task_runner.py:60} INFO - Started process 5754 to run task
[2025-12-16T17:21:27.088+0000] {standard_task_runner.py:87} INFO - Running: ['***', 'tasks', 'run', 'etl_***', 'transform', 'scheduled__2024-01-24T00:00:00+00:00', '--job-id', '5901', '--raw', '--subdir', 'DAGS_FOLDER/etl_dag.py', '--cfg-path', '/tmp/tmp4giug9_y']
[2025-12-16T17:21:27.105+0000] {standard_task_runner.py:88} INFO - Job 5901: Subtask transform
[2025-12-16T17:21:27.377+0000] {task_command.py:423} INFO - Running <TaskInstance: etl_airflow.transform scheduled__2024-01-24T00:00:00+00:00 [running]> on host 3b89cfee50e9
[2025-12-16T17:21:27.683+0000] {taskinstance.py:2480} INFO - Exporting env vars: AIRFLOW_CTX_DAG_OWNER='***' AIRFLOW_CTX_DAG_ID='etl_***' AIRFLOW_CTX_TASK_ID='transform' AIRFLOW_CTX_EXECUTION_DATE='2024-01-24T00:00:00+00:00' AIRFLOW_CTX_TRY_NUMBER='3' AIRFLOW_CTX_DAG_RUN_ID='scheduled__2024-01-24T00:00:00+00:00'
[2025-12-16T17:21:27.697+0000] {logging_mixin.py:188} INFO - [TRANSFORM]
[2025-12-16T17:21:28.253+0000] {logging_mixin.py:188} INFO - [TRANSFORM] done
[2025-12-16T17:21:28.255+0000] {python.py:201} INFO - Done. Returned value was: None
[2025-12-16T17:21:28.277+0000] {taskinstance.py:1138} INFO - Marking task as SUCCESS. dag_id=etl_***, task_id=transform, execution_date=20240124T000000, start_date=20251216T172126, end_date=20251216T172128
[2025-12-16T17:21:28.364+0000] {local_task_job_runner.py:234} INFO - Task exited with return code 0
[2025-12-16T17:21:28.439+0000] {taskinstance.py:3280} INFO - 1 downstream tasks scheduled from follow-on schedule check
[2025-12-17T04:43:25.889+0000] {taskinstance.py:1956} INFO - Dependencies all met for dep_context=non-requeueable deps ti=<TaskInstance: etl_airflow.transform scheduled__2024-01-24T00:00:00+00:00 [queued]>
[2025-12-17T04:43:25.905+0000] {taskinstance.py:1956} INFO - Dependencies all met for dep_context=requeueable deps ti=<TaskInstance: etl_airflow.transform scheduled__2024-01-24T00:00:00+00:00 [queued]>
[2025-12-17T04:43:25.906+0000] {taskinstance.py:2170} INFO - Starting attempt 3 of 3
[2025-12-17T04:43:25.929+0000] {taskinstance.py:2191} INFO - Executing <Task(PythonOperator): transform> on 2024-01-24 00:00:00+00:00
[2025-12-17T04:43:25.937+0000] {standard_task_runner.py:60} INFO - Started process 631 to run task
[2025-12-17T04:43:25.943+0000] {standard_task_runner.py:87} INFO - Running: ['***', 'tasks', 'run', 'etl_***', 'transform', 'scheduled__2024-01-24T00:00:00+00:00', '--job-id', '124', '--raw', '--subdir', 'DAGS_FOLDER/etl_***.py', '--cfg-path', '/tmp/tmpmjmilbsq']
[2025-12-17T04:43:25.948+0000] {standard_task_runner.py:88} INFO - Job 124: Subtask transform
[2025-12-17T04:43:26.071+0000] {task_command.py:423} INFO - Running <TaskInstance: etl_airflow.transform scheduled__2024-01-24T00:00:00+00:00 [running]> on host b3426f05ac70
[2025-12-17T04:43:26.499+0000] {taskinstance.py:2480} INFO - Exporting env vars: AIRFLOW_CTX_DAG_OWNER='***' AIRFLOW_CTX_DAG_ID='etl_***' AIRFLOW_CTX_TASK_ID='transform' AIRFLOW_CTX_EXECUTION_DATE='2024-01-24T00:00:00+00:00' AIRFLOW_CTX_TRY_NUMBER='3' AIRFLOW_CTX_DAG_RUN_ID='scheduled__2024-01-24T00:00:00+00:00'
[2025-12-17T04:43:26.502+0000] {taskinstance.py:2698} ERROR - Task failed with exception
Traceback (most recent call last):
  File "/home/airflow/.local/lib/python3.8/site-packages/airflow/models/taskinstance.py", line 433, in _execute_task
    result = execute_callable(context=context, **execute_callable_kwargs)
  File "/home/airflow/.local/lib/python3.8/site-packages/airflow/operators/python.py", line 199, in execute
    return_value = self.execute_callable()
  File "/home/airflow/.local/lib/python3.8/site-packages/airflow/operators/python.py", line 216, in execute_callable
    return self.python_callable(*self.op_args, **self.op_kwargs)
TypeError: transform_data() missing 1 required positional argument: 'df'
[2025-12-17T04:43:26.517+0000] {taskinstance.py:1138} INFO - Marking task as FAILED. dag_id=etl_***, task_id=transform, execution_date=20240124T000000, start_date=20251217T044325, end_date=20251217T044326
[2025-12-17T04:43:26.535+0000] {standard_task_runner.py:107} ERROR - Failed to execute job 124 for task transform (transform_data() missing 1 required positional argument: 'df'; 631)
[2025-12-17T04:43:26.558+0000] {local_task_job_runner.py:234} INFO - Task exited with return code 1
[2025-12-17T04:43:26.594+0000] {taskinstance.py:3280} INFO - 0 downstream tasks scheduled from follow-on schedule check
[2025-12-17T07:36:29.411+0000] {taskinstance.py:1956} INFO - Dependencies all met for dep_context=non-requeueable deps ti=<TaskInstance: etl_airflow.transform scheduled__2024-01-24T00:00:00+00:00 [queued]>
[2025-12-17T07:36:29.440+0000] {taskinstance.py:1956} INFO - Dependencies all met for dep_context=requeueable deps ti=<TaskInstance: etl_airflow.transform scheduled__2024-01-24T00:00:00+00:00 [queued]>
[2025-12-17T07:36:29.442+0000] {taskinstance.py:2170} INFO - Starting attempt 3 of 3
[2025-12-17T07:36:29.612+0000] {taskinstance.py:2191} INFO - Executing <Task(PythonOperator): transform> on 2024-01-24 00:00:00+00:00
[2025-12-17T07:36:29.663+0000] {standard_task_runner.py:60} INFO - Started process 700 to run task
[2025-12-17T07:36:29.672+0000] {standard_task_runner.py:87} INFO - Running: ['***', 'tasks', 'run', 'etl_***', 'transform', 'scheduled__2024-01-24T00:00:00+00:00', '--job-id', '122', '--raw', '--subdir', 'DAGS_FOLDER/etl_***.py', '--cfg-path', '/tmp/tmp2e_mwhnx']
[2025-12-17T07:36:29.684+0000] {standard_task_runner.py:88} INFO - Job 122: Subtask transform
[2025-12-17T07:36:29.994+0000] {task_command.py:423} INFO - Running <TaskInstance: etl_airflow.transform scheduled__2024-01-24T00:00:00+00:00 [running]> on host 2a0de06c8905
[2025-12-17T07:36:30.957+0000] {taskinstance.py:2480} INFO - Exporting env vars: AIRFLOW_CTX_DAG_OWNER='***' AIRFLOW_CTX_DAG_ID='etl_***' AIRFLOW_CTX_TASK_ID='transform' AIRFLOW_CTX_EXECUTION_DATE='2024-01-24T00:00:00+00:00' AIRFLOW_CTX_TRY_NUMBER='3' AIRFLOW_CTX_DAG_RUN_ID='scheduled__2024-01-24T00:00:00+00:00'
[2025-12-17T07:36:30.962+0000] {taskinstance.py:2698} ERROR - Task failed with exception
Traceback (most recent call last):
  File "/home/airflow/.local/lib/python3.8/site-packages/airflow/models/taskinstance.py", line 433, in _execute_task
    result = execute_callable(context=context, **execute_callable_kwargs)
  File "/home/airflow/.local/lib/python3.8/site-packages/airflow/operators/python.py", line 199, in execute
    return_value = self.execute_callable()
  File "/home/airflow/.local/lib/python3.8/site-packages/airflow/operators/python.py", line 216, in execute_callable
    return self.python_callable(*self.op_args, **self.op_kwargs)
TypeError: transform_data() missing 1 required positional argument: 'df'
[2025-12-17T07:36:30.991+0000] {taskinstance.py:1138} INFO - Marking task as FAILED. dag_id=etl_***, task_id=transform, execution_date=20240124T000000, start_date=20251217T073629, end_date=20251217T073630
[2025-12-17T07:36:31.045+0000] {standard_task_runner.py:107} ERROR - Failed to execute job 122 for task transform (transform_data() missing 1 required positional argument: 'df'; 700)
[2025-12-17T07:36:31.096+0000] {local_task_job_runner.py:234} INFO - Task exited with return code 1
[2025-12-17T07:36:31.205+0000] {taskinstance.py:3280} INFO - 0 downstream tasks scheduled from follow-on schedule check
