[2025-12-16T17:21:39.351+0000] {taskinstance.py:1956} INFO - Dependencies all met for dep_context=non-requeueable deps ti=<TaskInstance: etl_airflow.transform scheduled__2024-02-17T00:00:00+00:00 [queued]>
[2025-12-16T17:21:39.373+0000] {taskinstance.py:1956} INFO - Dependencies all met for dep_context=requeueable deps ti=<TaskInstance: etl_airflow.transform scheduled__2024-02-17T00:00:00+00:00 [queued]>
[2025-12-16T17:21:39.374+0000] {taskinstance.py:2170} INFO - Starting attempt 3 of 5
[2025-12-16T17:21:39.404+0000] {taskinstance.py:2191} INFO - Executing <Task(PythonOperator): transform> on 2024-02-17 00:00:00+00:00
[2025-12-16T17:21:39.421+0000] {standard_task_runner.py:60} INFO - Started process 5893 to run task
[2025-12-16T17:21:39.430+0000] {standard_task_runner.py:87} INFO - Running: ['***', 'tasks', 'run', 'etl_***', 'transform', 'scheduled__2024-02-17T00:00:00+00:00', '--job-id', '5945', '--raw', '--subdir', 'DAGS_FOLDER/etl_dag.py', '--cfg-path', '/tmp/tmpkbrel_ig']
[2025-12-16T17:21:39.436+0000] {standard_task_runner.py:88} INFO - Job 5945: Subtask transform
[2025-12-16T17:21:39.646+0000] {task_command.py:423} INFO - Running <TaskInstance: etl_airflow.transform scheduled__2024-02-17T00:00:00+00:00 [running]> on host 3b89cfee50e9
[2025-12-16T17:21:39.908+0000] {taskinstance.py:2480} INFO - Exporting env vars: AIRFLOW_CTX_DAG_OWNER='***' AIRFLOW_CTX_DAG_ID='etl_***' AIRFLOW_CTX_TASK_ID='transform' AIRFLOW_CTX_EXECUTION_DATE='2024-02-17T00:00:00+00:00' AIRFLOW_CTX_TRY_NUMBER='3' AIRFLOW_CTX_DAG_RUN_ID='scheduled__2024-02-17T00:00:00+00:00'
[2025-12-16T17:21:39.912+0000] {logging_mixin.py:188} INFO - [TRANSFORM]
[2025-12-16T17:21:40.333+0000] {logging_mixin.py:188} INFO - [TRANSFORM] done
[2025-12-16T17:21:40.335+0000] {python.py:201} INFO - Done. Returned value was: None
[2025-12-16T17:21:40.366+0000] {taskinstance.py:1138} INFO - Marking task as SUCCESS. dag_id=etl_***, task_id=transform, execution_date=20240217T000000, start_date=20251216T172139, end_date=20251216T172140
[2025-12-16T17:21:40.605+0000] {local_task_job_runner.py:234} INFO - Task exited with return code 0
[2025-12-16T17:21:40.696+0000] {taskinstance.py:3280} INFO - 1 downstream tasks scheduled from follow-on schedule check
[2025-12-17T04:44:00.584+0000] {taskinstance.py:1956} INFO - Dependencies all met for dep_context=non-requeueable deps ti=<TaskInstance: etl_airflow.transform scheduled__2024-02-17T00:00:00+00:00 [queued]>
[2025-12-17T04:44:00.603+0000] {taskinstance.py:1956} INFO - Dependencies all met for dep_context=requeueable deps ti=<TaskInstance: etl_airflow.transform scheduled__2024-02-17T00:00:00+00:00 [queued]>
[2025-12-17T04:44:00.605+0000] {taskinstance.py:2170} INFO - Starting attempt 3 of 3
[2025-12-17T04:44:00.633+0000] {taskinstance.py:2191} INFO - Executing <Task(PythonOperator): transform> on 2024-02-17 00:00:00+00:00
[2025-12-17T04:44:00.646+0000] {standard_task_runner.py:60} INFO - Started process 850 to run task
[2025-12-17T04:44:00.655+0000] {standard_task_runner.py:87} INFO - Running: ['***', 'tasks', 'run', 'etl_***', 'transform', 'scheduled__2024-02-17T00:00:00+00:00', '--job-id', '193', '--raw', '--subdir', 'DAGS_FOLDER/etl_***.py', '--cfg-path', '/tmp/tmp_pe7d6s5']
[2025-12-17T04:44:00.661+0000] {standard_task_runner.py:88} INFO - Job 193: Subtask transform
[2025-12-17T04:44:00.814+0000] {task_command.py:423} INFO - Running <TaskInstance: etl_airflow.transform scheduled__2024-02-17T00:00:00+00:00 [running]> on host b3426f05ac70
[2025-12-17T04:44:01.227+0000] {taskinstance.py:2480} INFO - Exporting env vars: AIRFLOW_CTX_DAG_OWNER='***' AIRFLOW_CTX_DAG_ID='etl_***' AIRFLOW_CTX_TASK_ID='transform' AIRFLOW_CTX_EXECUTION_DATE='2024-02-17T00:00:00+00:00' AIRFLOW_CTX_TRY_NUMBER='3' AIRFLOW_CTX_DAG_RUN_ID='scheduled__2024-02-17T00:00:00+00:00'
[2025-12-17T04:44:01.229+0000] {taskinstance.py:2698} ERROR - Task failed with exception
Traceback (most recent call last):
  File "/home/airflow/.local/lib/python3.8/site-packages/airflow/models/taskinstance.py", line 433, in _execute_task
    result = execute_callable(context=context, **execute_callable_kwargs)
  File "/home/airflow/.local/lib/python3.8/site-packages/airflow/operators/python.py", line 199, in execute
    return_value = self.execute_callable()
  File "/home/airflow/.local/lib/python3.8/site-packages/airflow/operators/python.py", line 216, in execute_callable
    return self.python_callable(*self.op_args, **self.op_kwargs)
TypeError: transform_data() missing 1 required positional argument: 'df'
[2025-12-17T04:44:01.246+0000] {taskinstance.py:1138} INFO - Marking task as FAILED. dag_id=etl_***, task_id=transform, execution_date=20240217T000000, start_date=20251217T044400, end_date=20251217T044401
[2025-12-17T04:44:01.267+0000] {standard_task_runner.py:107} ERROR - Failed to execute job 193 for task transform (transform_data() missing 1 required positional argument: 'df'; 850)
[2025-12-17T04:44:01.313+0000] {local_task_job_runner.py:234} INFO - Task exited with return code 1
[2025-12-17T04:44:01.370+0000] {taskinstance.py:3280} INFO - 0 downstream tasks scheduled from follow-on schedule check
[2025-12-17T07:37:46.998+0000] {taskinstance.py:1956} INFO - Dependencies all met for dep_context=non-requeueable deps ti=<TaskInstance: etl_airflow.transform scheduled__2024-02-17T00:00:00+00:00 [queued]>
[2025-12-17T07:37:47.031+0000] {taskinstance.py:1956} INFO - Dependencies all met for dep_context=requeueable deps ti=<TaskInstance: etl_airflow.transform scheduled__2024-02-17T00:00:00+00:00 [queued]>
[2025-12-17T07:37:47.034+0000] {taskinstance.py:2170} INFO - Starting attempt 3 of 3
[2025-12-17T07:37:47.081+0000] {taskinstance.py:2191} INFO - Executing <Task(PythonOperator): transform> on 2024-02-17 00:00:00+00:00
[2025-12-17T07:37:47.096+0000] {standard_task_runner.py:60} INFO - Started process 1081 to run task
[2025-12-17T07:37:47.105+0000] {standard_task_runner.py:87} INFO - Running: ['***', 'tasks', 'run', 'etl_***', 'transform', 'scheduled__2024-02-17T00:00:00+00:00', '--job-id', '244', '--raw', '--subdir', 'DAGS_FOLDER/etl_***.py', '--cfg-path', '/tmp/tmpkluj1nq2']
[2025-12-17T07:37:47.112+0000] {standard_task_runner.py:88} INFO - Job 244: Subtask transform
[2025-12-17T07:37:47.330+0000] {task_command.py:423} INFO - Running <TaskInstance: etl_airflow.transform scheduled__2024-02-17T00:00:00+00:00 [running]> on host 2a0de06c8905
[2025-12-17T07:37:47.963+0000] {taskinstance.py:2480} INFO - Exporting env vars: AIRFLOW_CTX_DAG_OWNER='***' AIRFLOW_CTX_DAG_ID='etl_***' AIRFLOW_CTX_TASK_ID='transform' AIRFLOW_CTX_EXECUTION_DATE='2024-02-17T00:00:00+00:00' AIRFLOW_CTX_TRY_NUMBER='3' AIRFLOW_CTX_DAG_RUN_ID='scheduled__2024-02-17T00:00:00+00:00'
[2025-12-17T07:37:47.967+0000] {taskinstance.py:2698} ERROR - Task failed with exception
Traceback (most recent call last):
  File "/home/airflow/.local/lib/python3.8/site-packages/airflow/models/taskinstance.py", line 433, in _execute_task
    result = execute_callable(context=context, **execute_callable_kwargs)
  File "/home/airflow/.local/lib/python3.8/site-packages/airflow/operators/python.py", line 199, in execute
    return_value = self.execute_callable()
  File "/home/airflow/.local/lib/python3.8/site-packages/airflow/operators/python.py", line 216, in execute_callable
    return self.python_callable(*self.op_args, **self.op_kwargs)
TypeError: transform_data() missing 1 required positional argument: 'df'
[2025-12-17T07:37:47.993+0000] {taskinstance.py:1138} INFO - Marking task as FAILED. dag_id=etl_***, task_id=transform, execution_date=20240217T000000, start_date=20251217T073747, end_date=20251217T073747
[2025-12-17T07:37:48.184+0000] {standard_task_runner.py:107} ERROR - Failed to execute job 244 for task transform (transform_data() missing 1 required positional argument: 'df'; 1081)
[2025-12-17T07:37:48.245+0000] {local_task_job_runner.py:234} INFO - Task exited with return code 1
[2025-12-17T07:37:48.353+0000] {taskinstance.py:3280} INFO - 0 downstream tasks scheduled from follow-on schedule check
