[2025-12-16T17:16:21.818+0000] {taskinstance.py:1956} INFO - Dependencies all met for dep_context=non-requeueable deps ti=<TaskInstance: etl_airflow.load scheduled__2025-01-25T00:00:00+00:00 [queued]>
[2025-12-16T17:16:21.837+0000] {taskinstance.py:1956} INFO - Dependencies all met for dep_context=requeueable deps ti=<TaskInstance: etl_airflow.load scheduled__2025-01-25T00:00:00+00:00 [queued]>
[2025-12-16T17:16:21.838+0000] {taskinstance.py:2170} INFO - Starting attempt 1 of 3
[2025-12-16T17:16:21.871+0000] {taskinstance.py:2191} INFO - Executing <Task(PythonOperator): load> on 2025-01-25 00:00:00+00:00
[2025-12-16T17:16:21.884+0000] {standard_task_runner.py:60} INFO - Started process 2620 to run task
[2025-12-16T17:16:21.894+0000] {standard_task_runner.py:87} INFO - Running: ['***', 'tasks', 'run', 'etl_***', 'load', 'scheduled__2025-01-25T00:00:00+00:00', '--job-id', '4910', '--raw', '--subdir', 'DAGS_FOLDER/etl_dag.py', '--cfg-path', '/tmp/tmpvgzi0swl']
[2025-12-16T17:16:21.901+0000] {standard_task_runner.py:88} INFO - Job 4910: Subtask load
[2025-12-16T17:16:22.055+0000] {task_command.py:423} INFO - Running <TaskInstance: etl_airflow.load scheduled__2025-01-25T00:00:00+00:00 [running]> on host 3b89cfee50e9
[2025-12-16T17:16:22.262+0000] {taskinstance.py:2480} INFO - Exporting env vars: AIRFLOW_CTX_DAG_OWNER='***' AIRFLOW_CTX_DAG_ID='etl_***' AIRFLOW_CTX_TASK_ID='load' AIRFLOW_CTX_EXECUTION_DATE='2025-01-25T00:00:00+00:00' AIRFLOW_CTX_TRY_NUMBER='1' AIRFLOW_CTX_DAG_RUN_ID='scheduled__2025-01-25T00:00:00+00:00'
[2025-12-16T17:16:22.267+0000] {logging_mixin.py:188} INFO - [LOAD]
[2025-12-16T17:16:22.674+0000] {logging_mixin.py:188} INFO -    user_id event_type            timestamp country
0        1      login  2025-01-01T09:00:00      IN
1        1      click  2025-01-01T09:05:00      IN
2        1     logout  2025-01-01T09:15:00      IN
3        3      login  2025-01-02T08:00:00      FR
4        3      click  2025-01-02T08:05:00      FR
[2025-12-16T17:16:22.677+0000] {logging_mixin.py:188} INFO - [LOAD] done
[2025-12-16T17:16:22.681+0000] {python.py:201} INFO - Done. Returned value was: None
[2025-12-16T17:16:22.705+0000] {taskinstance.py:1138} INFO - Marking task as SUCCESS. dag_id=etl_***, task_id=load, execution_date=20250125T000000, start_date=20251216T171621, end_date=20251216T171622
[2025-12-16T17:16:22.793+0000] {local_task_job_runner.py:234} INFO - Task exited with return code 0
[2025-12-16T17:16:22.834+0000] {taskinstance.py:3280} INFO - 0 downstream tasks scheduled from follow-on schedule check
[2025-12-17T01:57:17.277+0000] {taskinstance.py:1956} INFO - Dependencies all met for dep_context=non-requeueable deps ti=<TaskInstance: etl_airflow.load scheduled__2025-01-25T00:00:00+00:00 [queued]>
[2025-12-17T01:57:17.306+0000] {taskinstance.py:1956} INFO - Dependencies all met for dep_context=requeueable deps ti=<TaskInstance: etl_airflow.load scheduled__2025-01-25T00:00:00+00:00 [queued]>
[2025-12-17T01:57:17.308+0000] {taskinstance.py:2170} INFO - Starting attempt 1 of 3
[2025-12-17T01:57:17.352+0000] {taskinstance.py:2191} INFO - Executing <Task(PythonOperator): load> on 2025-01-25 00:00:00+00:00
[2025-12-17T01:57:17.366+0000] {standard_task_runner.py:60} INFO - Started process 4195 to run task
[2025-12-17T01:57:17.373+0000] {standard_task_runner.py:87} INFO - Running: ['***', 'tasks', 'run', 'etl_***', 'load', 'scheduled__2025-01-25T00:00:00+00:00', '--job-id', '1254', '--raw', '--subdir', 'DAGS_FOLDER/etl_dag.py', '--cfg-path', '/tmp/tmph7zshio0']
[2025-12-17T01:57:17.378+0000] {standard_task_runner.py:88} INFO - Job 1254: Subtask load
[2025-12-17T01:57:17.550+0000] {task_command.py:423} INFO - Running <TaskInstance: etl_airflow.load scheduled__2025-01-25T00:00:00+00:00 [running]> on host 571e042550da
[2025-12-17T01:57:18.295+0000] {taskinstance.py:2480} INFO - Exporting env vars: AIRFLOW_CTX_DAG_OWNER='***' AIRFLOW_CTX_DAG_ID='etl_***' AIRFLOW_CTX_TASK_ID='load' AIRFLOW_CTX_EXECUTION_DATE='2025-01-25T00:00:00+00:00' AIRFLOW_CTX_TRY_NUMBER='1' AIRFLOW_CTX_DAG_RUN_ID='scheduled__2025-01-25T00:00:00+00:00'
[2025-12-17T01:57:18.303+0000] {logging_mixin.py:188} INFO - [LOAD]
[2025-12-17T01:57:18.378+0000] {logging_mixin.py:188} INFO -    user_id event_type            timestamp country
0        1      login  2025-01-01T09:00:00      IN
1        1      click  2025-01-01T09:05:00      IN
2        1     logout  2025-01-01T09:15:00      IN
3        3      login  2025-01-02T08:00:00      FR
4        3      click  2025-01-02T08:05:00      FR
[2025-12-17T01:57:18.386+0000] {logging_mixin.py:188} INFO - [LOAD] done
[2025-12-17T01:57:18.388+0000] {python.py:201} INFO - Done. Returned value was: None
[2025-12-17T01:57:18.467+0000] {taskinstance.py:1138} INFO - Marking task as SUCCESS. dag_id=etl_***, task_id=load, execution_date=20250125T000000, start_date=20251217T015717, end_date=20251217T015718
[2025-12-17T01:57:18.926+0000] {local_task_job_runner.py:234} INFO - Task exited with return code 0
[2025-12-17T01:57:18.994+0000] {taskinstance.py:3280} INFO - 0 downstream tasks scheduled from follow-on schedule check
