[2025-12-16T17:20:33.524+0000] {taskinstance.py:1956} INFO - Dependencies all met for dep_context=non-requeueable deps ti=<TaskInstance: etl_airflow.transform scheduled__2024-07-07T00:00:00+00:00 [queued]>
[2025-12-16T17:20:33.559+0000] {taskinstance.py:1956} INFO - Dependencies all met for dep_context=requeueable deps ti=<TaskInstance: etl_airflow.transform scheduled__2024-07-07T00:00:00+00:00 [queued]>
[2025-12-16T17:20:33.561+0000] {taskinstance.py:2170} INFO - Starting attempt 2 of 4
[2025-12-16T17:20:33.606+0000] {taskinstance.py:2191} INFO - Executing <Task(PythonOperator): transform> on 2024-07-07 00:00:00+00:00
[2025-12-16T17:20:33.625+0000] {standard_task_runner.py:60} INFO - Started process 5146 to run task
[2025-12-16T17:20:33.634+0000] {standard_task_runner.py:87} INFO - Running: ['***', 'tasks', 'run', 'etl_***', 'transform', 'scheduled__2024-07-07T00:00:00+00:00', '--job-id', '5705', '--raw', '--subdir', 'DAGS_FOLDER/etl_dag.py', '--cfg-path', '/tmp/tmpjwjwcx02']
[2025-12-16T17:20:33.644+0000] {standard_task_runner.py:88} INFO - Job 5705: Subtask transform
[2025-12-16T17:20:33.815+0000] {task_command.py:423} INFO - Running <TaskInstance: etl_airflow.transform scheduled__2024-07-07T00:00:00+00:00 [running]> on host 3b89cfee50e9
[2025-12-16T17:20:34.084+0000] {taskinstance.py:2480} INFO - Exporting env vars: AIRFLOW_CTX_DAG_OWNER='***' AIRFLOW_CTX_DAG_ID='etl_***' AIRFLOW_CTX_TASK_ID='transform' AIRFLOW_CTX_EXECUTION_DATE='2024-07-07T00:00:00+00:00' AIRFLOW_CTX_TRY_NUMBER='2' AIRFLOW_CTX_DAG_RUN_ID='scheduled__2024-07-07T00:00:00+00:00'
[2025-12-16T17:20:34.090+0000] {logging_mixin.py:188} INFO - [TRANSFORM]
[2025-12-16T17:20:34.522+0000] {logging_mixin.py:188} INFO - [TRANSFORM] done
[2025-12-16T17:20:34.523+0000] {python.py:201} INFO - Done. Returned value was: None
[2025-12-16T17:20:34.547+0000] {taskinstance.py:1138} INFO - Marking task as SUCCESS. dag_id=etl_***, task_id=transform, execution_date=20240707T000000, start_date=20251216T172033, end_date=20251216T172034
[2025-12-16T17:20:34.620+0000] {local_task_job_runner.py:234} INFO - Task exited with return code 0
[2025-12-16T17:20:34.669+0000] {taskinstance.py:3280} INFO - 1 downstream tasks scheduled from follow-on schedule check
[2025-12-17T04:49:02.897+0000] {taskinstance.py:1956} INFO - Dependencies all met for dep_context=non-requeueable deps ti=<TaskInstance: etl_airflow.transform scheduled__2024-07-07T00:00:00+00:00 [queued]>
[2025-12-17T04:49:02.912+0000] {taskinstance.py:1956} INFO - Dependencies all met for dep_context=requeueable deps ti=<TaskInstance: etl_airflow.transform scheduled__2024-07-07T00:00:00+00:00 [queued]>
[2025-12-17T04:49:02.914+0000] {taskinstance.py:2170} INFO - Starting attempt 2 of 3
[2025-12-17T04:49:02.932+0000] {taskinstance.py:2191} INFO - Executing <Task(PythonOperator): transform> on 2024-07-07 00:00:00+00:00
[2025-12-17T04:49:02.938+0000] {standard_task_runner.py:60} INFO - Started process 2697 to run task
[2025-12-17T04:49:02.943+0000] {standard_task_runner.py:87} INFO - Running: ['***', 'tasks', 'run', 'etl_***', 'transform', 'scheduled__2024-07-07T00:00:00+00:00', '--job-id', '750', '--raw', '--subdir', 'DAGS_FOLDER/etl_***.py', '--cfg-path', '/tmp/tmp7zq0y6xe']
[2025-12-17T04:49:02.946+0000] {standard_task_runner.py:88} INFO - Job 750: Subtask transform
[2025-12-17T04:49:03.071+0000] {task_command.py:423} INFO - Running <TaskInstance: etl_airflow.transform scheduled__2024-07-07T00:00:00+00:00 [running]> on host b3426f05ac70
[2025-12-17T04:49:03.422+0000] {taskinstance.py:2480} INFO - Exporting env vars: AIRFLOW_CTX_DAG_OWNER='***' AIRFLOW_CTX_DAG_ID='etl_***' AIRFLOW_CTX_TASK_ID='transform' AIRFLOW_CTX_EXECUTION_DATE='2024-07-07T00:00:00+00:00' AIRFLOW_CTX_TRY_NUMBER='2' AIRFLOW_CTX_DAG_RUN_ID='scheduled__2024-07-07T00:00:00+00:00'
[2025-12-17T04:49:03.424+0000] {taskinstance.py:2698} ERROR - Task failed with exception
Traceback (most recent call last):
  File "/home/airflow/.local/lib/python3.8/site-packages/airflow/models/taskinstance.py", line 433, in _execute_task
    result = execute_callable(context=context, **execute_callable_kwargs)
  File "/home/airflow/.local/lib/python3.8/site-packages/airflow/operators/python.py", line 199, in execute
    return_value = self.execute_callable()
  File "/home/airflow/.local/lib/python3.8/site-packages/airflow/operators/python.py", line 216, in execute_callable
    return self.python_callable(*self.op_args, **self.op_kwargs)
TypeError: transform_data() missing 1 required positional argument: 'df'
[2025-12-17T04:49:03.437+0000] {taskinstance.py:1138} INFO - Marking task as UP_FOR_RETRY. dag_id=etl_***, task_id=transform, execution_date=20240707T000000, start_date=20251217T044902, end_date=20251217T044903
[2025-12-17T04:49:03.459+0000] {standard_task_runner.py:107} ERROR - Failed to execute job 750 for task transform (transform_data() missing 1 required positional argument: 'df'; 2697)
[2025-12-17T04:49:03.479+0000] {local_task_job_runner.py:234} INFO - Task exited with return code 1
[2025-12-17T04:49:03.511+0000] {taskinstance.py:3280} INFO - 0 downstream tasks scheduled from follow-on schedule check
[2025-12-17T07:42:41.925+0000] {taskinstance.py:1956} INFO - Dependencies all met for dep_context=non-requeueable deps ti=<TaskInstance: etl_airflow.transform scheduled__2024-07-07T00:00:00+00:00 [queued]>
[2025-12-17T07:42:41.948+0000] {taskinstance.py:1956} INFO - Dependencies all met for dep_context=requeueable deps ti=<TaskInstance: etl_airflow.transform scheduled__2024-07-07T00:00:00+00:00 [queued]>
[2025-12-17T07:42:41.950+0000] {taskinstance.py:2170} INFO - Starting attempt 2 of 3
[2025-12-17T07:42:41.989+0000] {taskinstance.py:2191} INFO - Executing <Task(PythonOperator): transform> on 2024-07-07 00:00:00+00:00
[2025-12-17T07:42:41.999+0000] {standard_task_runner.py:60} INFO - Started process 2759 to run task
[2025-12-17T07:42:42.007+0000] {standard_task_runner.py:87} INFO - Running: ['***', 'tasks', 'run', 'etl_***', 'transform', 'scheduled__2024-07-07T00:00:00+00:00', '--job-id', '752', '--raw', '--subdir', 'DAGS_FOLDER/etl_***.py', '--cfg-path', '/tmp/tmpcqgfpzwl']
[2025-12-17T07:42:42.012+0000] {standard_task_runner.py:88} INFO - Job 752: Subtask transform
[2025-12-17T07:42:42.174+0000] {task_command.py:423} INFO - Running <TaskInstance: etl_airflow.transform scheduled__2024-07-07T00:00:00+00:00 [running]> on host 2a0de06c8905
[2025-12-17T07:42:42.863+0000] {taskinstance.py:2480} INFO - Exporting env vars: AIRFLOW_CTX_DAG_OWNER='***' AIRFLOW_CTX_DAG_ID='etl_***' AIRFLOW_CTX_TASK_ID='transform' AIRFLOW_CTX_EXECUTION_DATE='2024-07-07T00:00:00+00:00' AIRFLOW_CTX_TRY_NUMBER='2' AIRFLOW_CTX_DAG_RUN_ID='scheduled__2024-07-07T00:00:00+00:00'
[2025-12-17T07:42:42.867+0000] {taskinstance.py:2698} ERROR - Task failed with exception
Traceback (most recent call last):
  File "/home/airflow/.local/lib/python3.8/site-packages/airflow/models/taskinstance.py", line 433, in _execute_task
    result = execute_callable(context=context, **execute_callable_kwargs)
  File "/home/airflow/.local/lib/python3.8/site-packages/airflow/operators/python.py", line 199, in execute
    return_value = self.execute_callable()
  File "/home/airflow/.local/lib/python3.8/site-packages/airflow/operators/python.py", line 216, in execute_callable
    return self.python_callable(*self.op_args, **self.op_kwargs)
TypeError: transform_data() missing 1 required positional argument: 'df'
[2025-12-17T07:42:42.899+0000] {taskinstance.py:1138} INFO - Marking task as UP_FOR_RETRY. dag_id=etl_***, task_id=transform, execution_date=20240707T000000, start_date=20251217T074241, end_date=20251217T074242
[2025-12-17T07:42:42.948+0000] {standard_task_runner.py:107} ERROR - Failed to execute job 752 for task transform (transform_data() missing 1 required positional argument: 'df'; 2759)
[2025-12-17T07:42:42.987+0000] {local_task_job_runner.py:234} INFO - Task exited with return code 1
[2025-12-17T07:42:43.041+0000] {taskinstance.py:3280} INFO - 0 downstream tasks scheduled from follow-on schedule check
