[2025-12-16T16:31:31.721+0000] {taskinstance.py:1956} INFO - Dependencies all met for dep_context=non-requeueable deps ti=<TaskInstance: etl_airflow.extract scheduled__2024-03-18T00:00:00+00:00 [queued]>
[2025-12-16T16:31:31.735+0000] {taskinstance.py:1956} INFO - Dependencies all met for dep_context=requeueable deps ti=<TaskInstance: etl_airflow.extract scheduled__2024-03-18T00:00:00+00:00 [queued]>
[2025-12-16T16:31:31.736+0000] {taskinstance.py:2170} INFO - Starting attempt 1 of 3
[2025-12-16T16:31:31.760+0000] {taskinstance.py:2191} INFO - Executing <Task(PythonOperator): extract> on 2024-03-18 00:00:00+00:00
[2025-12-16T16:31:31.770+0000] {standard_task_runner.py:60} INFO - Started process 1133 to run task
[2025-12-16T16:31:31.775+0000] {standard_task_runner.py:87} INFO - Running: ['***', 'tasks', 'run', 'etl_***', 'extract', 'scheduled__2024-03-18T00:00:00+00:00', '--job-id', '219', '--raw', '--subdir', 'DAGS_FOLDER/etl_dag.py', '--cfg-path', '/tmp/tmpn78v5o6_']
[2025-12-16T16:31:31.780+0000] {standard_task_runner.py:88} INFO - Job 219: Subtask extract
[2025-12-16T16:31:31.901+0000] {task_command.py:423} INFO - Running <TaskInstance: etl_airflow.extract scheduled__2024-03-18T00:00:00+00:00 [running]> on host 528de643acfe
[2025-12-16T16:31:32.094+0000] {taskinstance.py:2480} INFO - Exporting env vars: AIRFLOW_CTX_DAG_OWNER='***' AIRFLOW_CTX_DAG_ID='etl_***' AIRFLOW_CTX_TASK_ID='extract' AIRFLOW_CTX_EXECUTION_DATE='2024-03-18T00:00:00+00:00' AIRFLOW_CTX_TRY_NUMBER='1' AIRFLOW_CTX_DAG_RUN_ID='scheduled__2024-03-18T00:00:00+00:00'
[2025-12-16T16:31:32.099+0000] {logging_mixin.py:188} INFO - Extracting data from /opt/***/data/input.csv
[2025-12-16T16:31:32.110+0000] {taskinstance.py:2698} ERROR - Task failed with exception
Traceback (most recent call last):
  File "/home/airflow/.local/lib/python3.8/site-packages/airflow/models/taskinstance.py", line 433, in _execute_task
    result = execute_callable(context=context, **execute_callable_kwargs)
  File "/home/airflow/.local/lib/python3.8/site-packages/airflow/operators/python.py", line 199, in execute
    return_value = self.execute_callable()
  File "/home/airflow/.local/lib/python3.8/site-packages/airflow/operators/python.py", line 216, in execute_callable
    return self.python_callable(*self.op_args, **self.op_kwargs)
  File "/opt/airflow/dags/etl_logic/pipeline.py", line 92, in extract_data
    return pd.read_csv(input_path)
  File "/home/airflow/.local/lib/python3.8/site-packages/pandas/io/parsers/readers.py", line 912, in read_csv
    return _read(filepath_or_buffer, kwds)
  File "/home/airflow/.local/lib/python3.8/site-packages/pandas/io/parsers/readers.py", line 577, in _read
    parser = TextFileReader(filepath_or_buffer, **kwds)
  File "/home/airflow/.local/lib/python3.8/site-packages/pandas/io/parsers/readers.py", line 1407, in __init__
    self._engine = self._make_engine(f, self.engine)
  File "/home/airflow/.local/lib/python3.8/site-packages/pandas/io/parsers/readers.py", line 1661, in _make_engine
    self.handles = get_handle(
  File "/home/airflow/.local/lib/python3.8/site-packages/pandas/io/common.py", line 859, in get_handle
    handle = open(
FileNotFoundError: [Errno 2] No such file or directory: '/opt/airflow/data/input.csv'
[2025-12-16T16:31:32.453+0000] {taskinstance.py:1138} INFO - Marking task as UP_FOR_RETRY. dag_id=etl_***, task_id=extract, execution_date=20240318T000000, start_date=20251216T163131, end_date=20251216T163132
[2025-12-16T16:31:32.478+0000] {standard_task_runner.py:107} ERROR - Failed to execute job 219 for task extract ([Errno 2] No such file or directory: '/opt/airflow/data/input.csv'; 1133)
[2025-12-16T16:31:32.515+0000] {local_task_job_runner.py:234} INFO - Task exited with return code 1
[2025-12-16T16:31:32.567+0000] {taskinstance.py:3280} INFO - 0 downstream tasks scheduled from follow-on schedule check
[2025-12-17T01:51:27.217+0000] {taskinstance.py:1956} INFO - Dependencies all met for dep_context=non-requeueable deps ti=<TaskInstance: etl_airflow.extract scheduled__2024-03-18T00:00:00+00:00 [queued]>
[2025-12-17T01:51:27.241+0000] {taskinstance.py:1956} INFO - Dependencies all met for dep_context=requeueable deps ti=<TaskInstance: etl_airflow.extract scheduled__2024-03-18T00:00:00+00:00 [queued]>
[2025-12-17T01:51:27.245+0000] {taskinstance.py:2170} INFO - Starting attempt 1 of 3
[2025-12-17T01:51:27.300+0000] {taskinstance.py:2191} INFO - Executing <Task(PythonOperator): extract> on 2024-03-18 00:00:00+00:00
[2025-12-17T01:51:27.312+0000] {standard_task_runner.py:60} INFO - Started process 935 to run task
[2025-12-17T01:51:27.320+0000] {standard_task_runner.py:87} INFO - Running: ['***', 'tasks', 'run', 'etl_***', 'extract', 'scheduled__2024-03-18T00:00:00+00:00', '--job-id', '229', '--raw', '--subdir', 'DAGS_FOLDER/etl_dag.py', '--cfg-path', '/tmp/tmpd9uhusqh']
[2025-12-17T01:51:27.325+0000] {standard_task_runner.py:88} INFO - Job 229: Subtask extract
[2025-12-17T01:51:27.471+0000] {task_command.py:423} INFO - Running <TaskInstance: etl_airflow.extract scheduled__2024-03-18T00:00:00+00:00 [running]> on host 571e042550da
[2025-12-17T01:51:27.892+0000] {taskinstance.py:2480} INFO - Exporting env vars: AIRFLOW_CTX_DAG_OWNER='***' AIRFLOW_CTX_DAG_ID='etl_***' AIRFLOW_CTX_TASK_ID='extract' AIRFLOW_CTX_EXECUTION_DATE='2024-03-18T00:00:00+00:00' AIRFLOW_CTX_TRY_NUMBER='1' AIRFLOW_CTX_DAG_RUN_ID='scheduled__2024-03-18T00:00:00+00:00'
[2025-12-17T01:51:27.895+0000] {logging_mixin.py:188} INFO - [EXTRACT] Reading /opt/***/data/synthetic_events.csv
[2025-12-17T01:51:27.939+0000] {logging_mixin.py:188} INFO - [EXTRACT] done
[2025-12-17T01:51:27.942+0000] {python.py:201} INFO - Done. Returned value was: None
[2025-12-17T01:51:27.963+0000] {taskinstance.py:1138} INFO - Marking task as SUCCESS. dag_id=etl_***, task_id=extract, execution_date=20240318T000000, start_date=20251217T015127, end_date=20251217T015127
[2025-12-17T01:51:28.017+0000] {local_task_job_runner.py:234} INFO - Task exited with return code 0
[2025-12-17T01:51:28.329+0000] {taskinstance.py:3280} INFO - 0 downstream tasks scheduled from follow-on schedule check
[2025-12-17T04:19:10.646+0000] {taskinstance.py:1956} INFO - Dependencies all met for dep_context=non-requeueable deps ti=<TaskInstance: etl_airflow.extract scheduled__2024-03-18T00:00:00+00:00 [queued]>
[2025-12-17T04:19:10.673+0000] {taskinstance.py:1956} INFO - Dependencies all met for dep_context=requeueable deps ti=<TaskInstance: etl_airflow.extract scheduled__2024-03-18T00:00:00+00:00 [queued]>
[2025-12-17T04:19:10.675+0000] {taskinstance.py:2170} INFO - Starting attempt 1 of 3
[2025-12-17T04:19:10.715+0000] {taskinstance.py:2191} INFO - Executing <Task(PythonOperator): extract> on 2024-03-18 00:00:00+00:00
[2025-12-17T04:19:10.734+0000] {standard_task_runner.py:60} INFO - Started process 524 to run task
[2025-12-17T04:19:10.745+0000] {standard_task_runner.py:87} INFO - Running: ['***', 'tasks', 'run', 'etl_***', 'extract', 'scheduled__2024-03-18T00:00:00+00:00', '--job-id', '95', '--raw', '--subdir', 'DAGS_FOLDER/etl_dag.py', '--cfg-path', '/tmp/tmphz2xekvt']
[2025-12-17T04:19:10.752+0000] {standard_task_runner.py:88} INFO - Job 95: Subtask extract
[2025-12-17T04:19:10.911+0000] {task_command.py:423} INFO - Running <TaskInstance: etl_airflow.extract scheduled__2024-03-18T00:00:00+00:00 [running]> on host c5811fe183ca
[2025-12-17T04:19:11.504+0000] {taskinstance.py:2480} INFO - Exporting env vars: AIRFLOW_CTX_DAG_OWNER='***' AIRFLOW_CTX_DAG_ID='etl_***' AIRFLOW_CTX_TASK_ID='extract' AIRFLOW_CTX_EXECUTION_DATE='2024-03-18T00:00:00+00:00' AIRFLOW_CTX_TRY_NUMBER='1' AIRFLOW_CTX_DAG_RUN_ID='scheduled__2024-03-18T00:00:00+00:00'
[2025-12-17T04:19:11.556+0000] {python.py:201} INFO - Done. Returned value was:    user_id event_type           timestamp country
0        1      login 2025-01-01 09:00:00      IN
1        1      click 2025-01-01 09:05:00      IN
2        1     logout 2025-01-01 09:15:00      IN
3        2      login 2025-01-01 10:00:00      US
4        2      click 2025-01-01 10:10:00      US
5        2     logout 2025-01-01 10:20:00      US
6        3      login 2025-01-02 08:00:00      FR
7        3      click 2025-01-02 08:05:00      FR
8        3     logout 2025-01-02 08:30:00      FR
[2025-12-17T04:19:11.643+0000] {taskinstance.py:1138} INFO - Marking task as SUCCESS. dag_id=etl_***, task_id=extract, execution_date=20240318T000000, start_date=20251217T041910, end_date=20251217T041911
[2025-12-17T04:19:11.728+0000] {local_task_job_runner.py:234} INFO - Task exited with return code 0
[2025-12-17T04:19:11.773+0000] {taskinstance.py:3280} INFO - 0 downstream tasks scheduled from follow-on schedule check
[2025-12-17T04:44:42.296+0000] {taskinstance.py:1956} INFO - Dependencies all met for dep_context=non-requeueable deps ti=<TaskInstance: etl_airflow.extract scheduled__2024-03-18T00:00:00+00:00 [queued]>
[2025-12-17T04:44:42.314+0000] {taskinstance.py:1956} INFO - Dependencies all met for dep_context=requeueable deps ti=<TaskInstance: etl_airflow.extract scheduled__2024-03-18T00:00:00+00:00 [queued]>
[2025-12-17T04:44:42.317+0000] {taskinstance.py:2170} INFO - Starting attempt 1 of 3
[2025-12-17T04:44:42.343+0000] {taskinstance.py:2191} INFO - Executing <Task(PythonOperator): extract> on 2024-03-18 00:00:00+00:00
[2025-12-17T04:44:42.353+0000] {standard_task_runner.py:60} INFO - Started process 1132 to run task
[2025-12-17T04:44:42.360+0000] {standard_task_runner.py:87} INFO - Running: ['***', 'tasks', 'run', 'etl_***', 'extract', 'scheduled__2024-03-18T00:00:00+00:00', '--job-id', '276', '--raw', '--subdir', 'DAGS_FOLDER/etl_***.py', '--cfg-path', '/tmp/tmpvf_t43gg']
[2025-12-17T04:44:42.365+0000] {standard_task_runner.py:88} INFO - Job 276: Subtask extract
[2025-12-17T04:44:42.513+0000] {task_command.py:423} INFO - Running <TaskInstance: etl_airflow.extract scheduled__2024-03-18T00:00:00+00:00 [running]> on host b3426f05ac70
[2025-12-17T04:44:42.926+0000] {taskinstance.py:2480} INFO - Exporting env vars: AIRFLOW_CTX_DAG_OWNER='***' AIRFLOW_CTX_DAG_ID='etl_***' AIRFLOW_CTX_TASK_ID='extract' AIRFLOW_CTX_EXECUTION_DATE='2024-03-18T00:00:00+00:00' AIRFLOW_CTX_TRY_NUMBER='1' AIRFLOW_CTX_DAG_RUN_ID='scheduled__2024-03-18T00:00:00+00:00'
[2025-12-17T04:44:42.949+0000] {python.py:201} INFO - Done. Returned value was:    user_id event_type           timestamp country
0        1      login 2025-01-01 09:00:00      IN
1        1      click 2025-01-01 09:05:00      IN
2        1     logout 2025-01-01 09:15:00      IN
3        2      login 2025-01-01 10:00:00      US
4        2      click 2025-01-01 10:10:00      US
5        2     logout 2025-01-01 10:20:00      US
6        3      login 2025-01-02 08:00:00      FR
7        3      click 2025-01-02 08:05:00      FR
8        3     logout 2025-01-02 08:30:00      FR
[2025-12-17T04:44:43.015+0000] {taskinstance.py:1138} INFO - Marking task as SUCCESS. dag_id=etl_***, task_id=extract, execution_date=20240318T000000, start_date=20251217T044442, end_date=20251217T044443
[2025-12-17T04:44:43.067+0000] {local_task_job_runner.py:234} INFO - Task exited with return code 0
[2025-12-17T04:44:43.339+0000] {taskinstance.py:3280} INFO - 0 downstream tasks scheduled from follow-on schedule check
[2025-12-17T07:38:02.307+0000] {taskinstance.py:1956} INFO - Dependencies all met for dep_context=non-requeueable deps ti=<TaskInstance: etl_airflow.extract scheduled__2024-03-18T00:00:00+00:00 [queued]>
[2025-12-17T07:38:02.335+0000] {taskinstance.py:1956} INFO - Dependencies all met for dep_context=requeueable deps ti=<TaskInstance: etl_airflow.extract scheduled__2024-03-18T00:00:00+00:00 [queued]>
[2025-12-17T07:38:02.340+0000] {taskinstance.py:2170} INFO - Starting attempt 1 of 3
[2025-12-17T07:38:02.382+0000] {taskinstance.py:2191} INFO - Executing <Task(PythonOperator): extract> on 2024-03-18 00:00:00+00:00
[2025-12-17T07:38:02.403+0000] {standard_task_runner.py:60} INFO - Started process 1213 to run task
[2025-12-17T07:38:02.418+0000] {standard_task_runner.py:87} INFO - Running: ['***', 'tasks', 'run', 'etl_***', 'extract', 'scheduled__2024-03-18T00:00:00+00:00', '--job-id', '281', '--raw', '--subdir', 'DAGS_FOLDER/etl_***.py', '--cfg-path', '/tmp/tmp6byx4qy0']
[2025-12-17T07:38:02.426+0000] {standard_task_runner.py:88} INFO - Job 281: Subtask extract
[2025-12-17T07:38:02.642+0000] {task_command.py:423} INFO - Running <TaskInstance: etl_airflow.extract scheduled__2024-03-18T00:00:00+00:00 [running]> on host 2a0de06c8905
[2025-12-17T07:38:03.243+0000] {taskinstance.py:2480} INFO - Exporting env vars: AIRFLOW_CTX_DAG_OWNER='***' AIRFLOW_CTX_DAG_ID='etl_***' AIRFLOW_CTX_TASK_ID='extract' AIRFLOW_CTX_EXECUTION_DATE='2024-03-18T00:00:00+00:00' AIRFLOW_CTX_TRY_NUMBER='1' AIRFLOW_CTX_DAG_RUN_ID='scheduled__2024-03-18T00:00:00+00:00'
[2025-12-17T07:38:03.276+0000] {python.py:201} INFO - Done. Returned value was:    user_id event_type           timestamp country
0        1      login 2025-01-01 09:00:00      IN
1        1      click 2025-01-01 09:05:00      IN
2        1     logout 2025-01-01 09:15:00      IN
3        2      login 2025-01-01 10:00:00      US
4        2      click 2025-01-01 10:10:00      US
5        2     logout 2025-01-01 10:20:00      US
6        3      login 2025-01-02 08:00:00      FR
7        3      click 2025-01-02 08:05:00      FR
8        3     logout 2025-01-02 08:30:00      FR
[2025-12-17T07:38:03.342+0000] {taskinstance.py:1138} INFO - Marking task as SUCCESS. dag_id=etl_***, task_id=extract, execution_date=20240318T000000, start_date=20251217T073802, end_date=20251217T073803
[2025-12-17T07:38:03.400+0000] {local_task_job_runner.py:234} INFO - Task exited with return code 0
[2025-12-17T07:38:03.497+0000] {taskinstance.py:3280} INFO - 1 downstream tasks scheduled from follow-on schedule check
